Egress: $0.12/GB
Benchmark: tpcds
Data Path: parquet_2000/internal2024_rs4
BigQuery Cost: $6.25/TB; DuckDB Cost: $1.48/hr; Redshift Cost: $4.344/hr
Use Duck: False
Using calcite profiles: False
Excluded Table: customer_address
Excluded Query: None

Starting analysis without using DuckDB
Excluding table customer_address and any queries that depend on it
69
23
Total Keys: 70, Keys Considered: 69
87.96224903480844
87.96224903480847
2.842170943040401e-14
['000', '001', '002', '003', '004', '006', '007', '008', '009', '0010', '0011', '0012', '0013', '0014', '0015', '0016', '0017', '0018', '0019', '0020', '0021', '0022', '0023']
['source', '01', '02', '03', '04', '05', '07', '09', '11', '12', '14', '17', '20', '21', '22', '23', '25', '26', '27', '28', '29', '32', '34', '36', '37', '38', '39', '40', '42', '43', '44', '47', '49', '50', '51', '52', '53', '55', '57', '58', '59', '62', '63', '65', '66', '67', '70', '71', '72', '73', '74', '75', '76', '77', '78', '79', '80', '82', '83', '86', '87', '88', '89', '90', '92', '93', '96', '97', '98', '99']
[]
Costs: 98.2211709022522, 0, 98.2211709022522, 0.0, 0, 0.0, 0
Runtime: 14150.331000000006
Optimal Subset: 0b0
87.96224903480847
