Egress: $0.12/GB
Benchmark: tpcds
Data Path: parquet_2000/internal2024_rs4
BigQuery Cost: $6.25/TB; DuckDB Cost: $1.48/hr; Redshift Cost: $4.344/hr
Use Duck: False
Using calcite profiles: False
Excluded Table: item
Excluded Query: None

Starting analysis without using DuckDB
Excluding table item and any queries that depend on it
47
23
Total Keys: 47, Keys Considered: 47
59.09815599612392
59.098155996123936
1.4210854715202004e-14
['000', '001', '002', '003', '004', '005', '006', '007', '008', '009', '0010', '0012', '0013', '0014', '0015', '0016', '0017', '0018', '0019', '0020', '0021', '0022', '0023']
['source', '01', '02', '04', '05', '08', '09', '10', '11', '13', '15', '16', '28', '30', '31', '34', '35', '38', '43', '46', '48', '49', '50', '51', '59', '62', '66', '68', '69', '70', '73', '74', '77', '78', '79', '81', '84', '85', '87', '88', '90', '91', '93', '94', '95', '96', '97', '99']
[]
Costs: 65.01110196113586, 0, 65.01110196113586, 0.0, 0, 0.0, 0
Runtime: 8195.892000000003
Optimal Subset: 0b0
59.098155996123936
