Egress: $0.12/GB
Benchmark: tpcds
Data Path: parquet_2000/internal2024_rs1
BigQuery Cost: $6.25/TB; DuckDB Cost: $1.48/hr; Redshift Cost: $1.086/hr
Use Duck: False
Using calcite profiles: False
Excluded Table: call_center
Excluded Query: None

Starting analysis without using DuckDB
Excluding table call_center and any queries that depend on it
94
23
Total Keys: 95, Keys Considered: 94
93.77069333815288
125.11291694140516
31.34222360325228
[]
['source']
['catalog_page', 'catalog_returns', 'catalog_sales', 'customer', 'customer_address', 'customer_demographics', 'date_dim', 'household_demographics', 'income_band', 'inventory', 'item', 'promotion', 'reason', 'ship_mode', 'store', 'store_returns', 'store_sales', 'time_dim', 'warehouse', 'web_page', 'web_returns', 'web_sales', 'web_site']
Costs: 104.73904876041044, 10.968295817612802, 5.9604644775390625e-05, 83.17907454259976, 10.111423740185103, 0.42055061204333205, 0.05964444332467615
Runtime: 71596.69131628936
Optimal Subset: 0b111111111111111111111110
93.77069333815287
