Egress: $0.12/GB
Benchmark: tpcds
Data Path: parquet_2000/internal2024_rs1
BigQuery Cost: $6.25/TB; DuckDB Cost: $1.48/hr; Redshift Cost: $1.086/hr
Use Duck: False
Using calcite profiles: False
Excluded Table: catalog_sales
Excluded Query: None

Starting analysis without using DuckDB
Excluding table catalog_sales and any queries that depend on it
59
23
Total Keys: 60, Keys Considered: 59
52.96278264543539
60.01058203923661
7.0477993938012204
['000', '001', '002', '009', '0014', '0016', '0020', '0021', '0022', '0023']
['source', '01', '11', '12', '24', '30', '31', '45', '50', '51', '62', '74', '81', '83', '84', '85', '86', '90', '91', '92', '93', '94', '95']
['customer', 'customer_address', 'customer_demographics', 'date_dim', 'household_demographics', 'inventory', 'item', 'promotion', 'reason', 'store', 'store_sales', 'time_dim', 'warehouse']
Costs: 57.762460671038156, 3.8100370491242415, 14.235049486160278, 35.047881851945924, 4.573850869433482, 0.07047686810891717, 0.025164546265310048
Runtime: 28516.27288489137
Optimal Subset: 0b11101011110111110000
52.96278264543539
