Egress: $0.12/GB
Benchmark: tpcds
Data Path: parquet_2000/internal2024_rs1
BigQuery Cost: $6.25/TB; DuckDB Cost: $1.48/hr; Redshift Cost: $1.086/hr
Use Duck: False
Using calcite profiles: False
Excluded Table: customer_demographics
Excluded Query: None

Starting analysis without using DuckDB
Excluding table customer_demographics and any queries that depend on it
84
23
Total Keys: 85, Keys Considered: 84
93.73992016439942
105.72320667767845
11.983286513279026
['009']
['source']
['call_center', 'catalog_page', 'catalog_returns', 'catalog_sales', 'customer', 'customer_address', 'date_dim', 'household_demographics', 'inventory', 'item', 'promotion', 'reason', 'ship_mode', 'store', 'store_returns', 'store_sales', 'time_dim', 'warehouse', 'web_page', 'web_returns', 'web_sales', 'web_site']
Costs: 103.27480695628606, 9.53484328722636, 5.9604644775390625e-05, 83.17797981578029, 10.110364341056346, 0.39192624621211164, 0.059633661366173624
Runtime: 66841.38052603649
Optimal Subset: 0b111111111111110110111111
93.73992016439944
