Egress: $0.12/GB
Benchmark: tpcds
Data Path: parquet_2000/real_data_rs4
BigQuery Cost: $5/TB; DuckDB Cost: $1.48/hr; Redshift Cost: $4.344/hr
Use Duck: True
Excluded Table: warehouse
Excluded Query: None

Starting analysis using DuckDB
Excluding table warehouse and any queries that depend on it
81
23
Total Keys: 85, Keys Considered: 81
h
95.58402946553466
33.093352253269835
33.09335225326986
2.842170943040401e-14
['000', '001', '002', '003', '004', '005', '006', '007', '008', '009', '0010', '0011', '0012', '0013', '0014', '0015', '0016', '0017', '0018', '0020', '0021', '0022', '0023']
['source', '01', '02', '03', '04', '05', '07', '08', '09', '10', '11', '12', '13', '14', '15', '16', '17', '19', '20', '23', '24', '25', '26', '27', '28', '29', '31', '32', '33', '34', '35', '36', '37', '38', '42', '43', '44', '45', '46', '47', '48', '49', '50', '51', '52', '53', '55', '56', '57', '58', '59', '60', '61', '63', '65', '68', '69', '70', '71', '73', '74', '77', '79', '80', '81', '82', '83', '84', '85', '86', '87', '88', '89', '90', '91', '92', '93', '94', '95', '96', '97', '98']
Optimal Subset: 0b0
h
33.09335225326984
