Egress: $0.12/GB
Benchmark: tpcds
Data Path: parquet_2000/real_data_rs4
BigQuery Cost: $5/TB; DuckDB Cost: $1.48/hr; Redshift Cost: $4.344/hr
Use Duck: True
Excluded Table: item
Excluded Query: None

Starting analysis using DuckDB
Excluding table item and any queries that depend on it
45
23
Total Keys: 46, Keys Considered: 45
h
93.87384702235346
20.45436914701764
20.454369147017633
-7.105427357601002e-15
['000', '001', '002', '003', '004', '005', '006', '007', '008', '009', '0010', '0012', '0013', '0014', '0015', '0016', '0017', '0018', '0019', '0020', '0021', '0022', '0023']
['source', '01', '02', '04', '05', '08', '09', '10', '11', '13', '15', '16', '28', '31', '34', '35', '38', '43', '46', '48', '49', '50', '51', '59', '62', '66', '68', '69', '70', '73', '74', '77', '79', '81', '84', '85', '87', '88', '90', '91', '93', '94', '95', '96', '97', '99']
Optimal Subset: 0b0
h
20.454369147017637
