Egress: $0.12/GB
Benchmark: tpcds
Data Path: parquet_2000/real_data_rs4
BigQuery Cost: $5/TB; DuckDB Cost: $1.48/hr; Redshift Cost: $4.344/hr
Use Duck: True
Excluded Table: store_sales
Excluded Query: None

Starting analysis using DuckDB
Excluding table store_sales and any queries that depend on it
28
23
Total Keys: 31, Keys Considered: 28
h
94.00901471010094
3.9090656763950062
3.9090656763950067
4.440892098500626e-16
['000', '001', '002', '003', '004', '005', '006', '007', '008', '009', '0010', '0011', '0012', '0013', '0014', '0015', '0016', '0018', '0019', '0020', '0021', '0022', '0023']
['source', '01', '02', '12', '15', '16', '20', '21', '22', '26', '32', '37', '39', '40', '45', '57', '62', '66', '81', '83', '84', '85', '86', '90', '91', '92', '94', '95', '99']
Optimal Subset: 0b0
h
3.9090656763950067
