Egress: $0.12/GB
Benchmark: tpcds
Data Path: parquet_1000/batch_rs4
BigQuery Cost: $6.25/TB; DuckDB Cost: $1.48/hr; Redshift Cost: $4.344/hr
Use Duck: False
Using calcite profiles: False
Excluded Table: time_dim
Excluded Query: None

Starting analysis without using DuckDB
Excluding table time_dim and any queries that depend on it
93
23
Total Keys: 94, Keys Considered: 93
49.18710442840914
106.790514239707
57.60340981129785
[]
['source']
['call_center', 'catalog_page', 'catalog_returns', 'catalog_sales', 'customer', 'customer_address', 'customer_demographics', 'date_dim', 'household_demographics', 'income_band', 'inventory', 'item', 'promotion', 'reason', 'ship_mode', 'store', 'store_returns', 'store_sales', 'warehouse', 'web_page', 'web_returns', 'web_sales', 'web_site']
Costs: 60.738655999859375, 11.551402559838294, 0.00014901161193847656, 42.80108257224426, 6.309380288529396, 0.0458389445484003, 0.03080262308708429
Runtime: 15686.378252362832
Optimal Subset: 0b111110111111111111111111
49.18710442840914
