completed making tables
Loading promotion from bucket: arachne-tpcds
finished loading promotion: 3.0052695274353027
Loading call_center from bucket: arachne-tpcds
finished loading call_center: 4.896165609359741
Loading catalog_page from bucket: arachne-tpcds
finished loading catalog_page: 6.785489082336426
Loading catalog_returns from bucket: arachne-tpcds
finished loading catalog_returns: 117.22100949287415
Loading catalog_sales from bucket: arachne-tpcds
finished loading catalog_sales: 1574.4889755249023
Loading customer from bucket: arachne-tpcds
finished loading customer: 1586.1678473949432
Loading customer_address from bucket: arachne-tpcds
finished loading customer_address: 1601.1105728149414
Loading customer_demographics from bucket: arachne-tpcds
finished loading customer_demographics: 1604.1524209976196
Loading date_dim from bucket: arachne-tpcds
finished loading date_dim: 1606.5166654586792
Loading household_demographics from bucket: arachne-tpcds
finished loading household_demographics: 1608.0970726013184
Loading income_band from bucket: arachne-tpcds
finished loading income_band: 1609.7654321193695
Loading inventory from bucket: arachne-tpcds
finished loading inventory: 1716.4216639995575
Loading item from bucket: arachne-tpcds
finished loading item: 1721.1318924427032
Loading reason from bucket: arachne-tpcds
finished loading reason: 1722.7069737911224
Loading ship_mode from bucket: arachne-tpcds
finished loading ship_mode: 1724.5698826313019
Loading store from bucket: arachne-tpcds
finished loading store: 1726.5898096561432
Loading store_returns from bucket: arachne-tpcds
finished loading store_returns: 2002.3517179489136
Loading store_sales from bucket: arachne-tpcds
finished loading store_sales: 4275.215106010437
Loading time_dim from bucket: arachne-tpcds
finished loading time_dim: 4277.439347028732
Loading warehouse from bucket: arachne-tpcds
finished loading warehouse: 4279.299865722656
Loading web_page from bucket: arachne-tpcds
finished loading web_page: 4282.651922702789
Loading web_returns from bucket: arachne-tpcds
finished loading web_returns: 4341.367351055145
Loading web_sales from bucket: arachne-tpcds
finished loading web_sales: 5227.493211507797
Loading web_site from bucket: arachne-tpcds
finished loading web_site: 5229.991446495056
Took 5250.840712547302 seconds in total
