Egress: $0.12/GB
Benchmark: tpcds
Data Path: parquet_2000/real_data_rs1
BigQuery Cost: $5/TB; DuckDB Cost: $1.48/hr; Redshift Cost: $1.086/hr
Use Duck: True
Excluded Table: item
Excluded Query: None

Starting analysis using DuckDB
Duck Total: $26.294393187422223, Duck-Calcite Total: $31.963395158372983, Redshift Total: $6.107274858599108, Redshift-Calcite Total: $4.677749018912315, BigQuery Total: $89.75104331970215
Excluding table item and any queries that depend on it
Total Keys: 46, Keys Considered: 46
call_center: 5.735084414482117e-06, 0.005376688013239688, 0.5481963416097809
catalog_page: 0.0006659524515271187, 0.005071327441133193, 1.8288423124519977
catalog_returns: 23.366260116919875, 3.0546954601179657, 0.5485713263293781
catalog_sales: 217.0907397372648, 29.31774676035971, -20.750490627389908
customer: 0.6484093563631177, 0.09140490102873342, 6.890099679938094
customer_address: 0.18544994108378887, 0.031226387368575356, 4.284324922154154
customer_demographics: 0.012168197892606258, 0.007093808841956996, 1.8689224780542193
date_dim: 0.0019952356815338135, 0.0055676781042185534, 15.833414749672697
household_demographics: 3.512948751449585e-05, 0.004389715717024413, 3.2648557126282745
income_band: 6.137415766716003e-07, 0.003414421441950721, 0.018607630550068296
inventory: 0.24701470416039228, 0.03762730197316909, -0.03762730197316909
inventory had no query dependencies
promotion: 2.6027671992778778e-05, 0.004807672037329865, -0.004807672037329865
promotion had no query dependencies
reason: 1.2423843145370483e-06, 0.004734816631392514, 2.8364777137347787
ship_mode: 1.5795230865478516e-06, 0.004709163938202931, 0.8701136366801961
store: 2.3781321942806244e-05, 0.0052823605093583826, 6.781744276288166
store_returns: 36.877127600833774, 4.817334454838255, -0.4299351378657814
store_sales: 288.85508783441037, 39.22937916506581, -21.358073240252306
time_dim: 0.0012104213237762451, 0.0019425160264219727, 1.7337296958196766
warehouse: 2.3292377591133118e-06, 0.00044575781131762, 0.8743770428070815
web_page: 1.0661780834197998e-05, 0.001554372909476058, 0.5623366197411013
web_returns: 11.326140539720654, 1.4889345653340573, 2.7064299977530135
web_sales: 109.34904180746526, 14.62122050308341, -3.535395099336185
web_site: 8.863396942615509e-06, 0.0006161841378932391, 2.6216847995731793
call_center: 5.735084414482117e-06, 0.005376685711651049, 0.005310800529076609
catalog_page: 0.0006659524515271187, 0.005071060182887988, -0.005071060182887988
catalog_page had no query dependencies
catalog_returns: 23.366260116919875, 3.04531817550624, -3.010528934008996
customer: 0.6484093563631177, 0.09114468313125654, -0.028225598323368323
customer_address: 0.18544994108378887, 0.031151963097422474, 0.03176712171046574
customer_demographics: 0.012168197892606258, 0.007088925533533663, 0.003598560707193995
date_dim: 0.0019952356815338135, 0.005566877381605709, 0.057352207426282505
household_demographics: 3.512948751449585e-05, 0.004389701618953046, 0.006297784621774612
income_band: 6.137415766716003e-07, 0.003414421195645604, -0.003414421195645604
income_band had no query dependencies
reason: 1.2423843145370483e-06, 0.004734816132802185, -0.004734816132802185
reason had no query dependencies
ship_mode: 1.5795230865478516e-06, 0.004709163304312977, -0.004709163304312977
ship_mode had no query dependencies
store: 2.3781321942806244e-05, 0.005282350965502276, -0.005282350965502276
store had no query dependencies
time_dim: 0.0012104213237762451, 0.001942030263394584, -0.001942030263394584
time_dim had no query dependencies
warehouse: 2.3292377591133118e-06, 0.00044575687655419246, -0.00044575687655419246
warehouse had no query dependencies
web_page: 1.0661780834197998e-05, 0.0015543686307188736, -0.0015543686307188736
web_page had no query dependencies
web_returns: 11.326140539720654, 1.4843891891008938, -1.45625934579025
web_site: 8.863396942615509e-06, 0.000616180580858637, -0.000616180580858637
web_site had no query dependencies
call_center: 5.735084414482117e-06, 0.0053766856387720266, -0.0053766856387720266
call_center had no query dependencies
customer_address: 0.18544994108378887, 0.031149606478164223, -0.031149606478164223
customer_address had no query dependencies
customer_demographics: 0.012168197892606258, 0.007088770905231683, -0.007088770905231683
customer_demographics had no query dependencies
date_dim: 0.0019952356815338135, 0.005566852026996243, -0.005566852026996243
date_dim had no query dependencies
household_demographics: 3.512948751449585e-05, 0.004389701172542407, -0.004389701172542407
household_demographics had no query dependencies
{}
{}
STARTING PHASE 2: 0b0
----
[]
Function: 25.15920124963321, 0, 25.15920124963321, 0.0, 0, 0.0, 0
{25.15920124963321: []}
[]
{}
Best Cost: $25.15920124963321;
[]
{}
{}
{}
[]
0
Optimal Subset: 0b0
Function: 25.15920124963321, 0, 25.15920124963321, 0.0, 0, 0.0, 0
25.15920124963321
Real: 25.15920124963321, 0, 25.15920124963321, 0.0, 0, 0.0, 0
Num Redshift Qs: 0; Num GCP Qs: 46
Num BigQuery Qs: 2; Num DuckDB Qs: 44
Redshift Qs: $0; GCP Qs: $25.15920124963321; Movement Cost: $0.0
Load Cost: $0, Storage Cost: $0.0, API Cost: $0
Final cost: $25.15920124963321, BQ Baseline: $89.75104331970215, Diff: $64.59184207006894, %: 71.96778965564374%
