Egress: $0.12/GB
Benchmark: tpcds
Data Path: parquet_2000/real_data_rs1
BigQuery Cost: $5/TB; DuckDB Cost: $1.48/hr; Redshift Cost: $1.086/hr
Use Duck: True
Excluded Table: customer_address
Excluded Query: None

Starting analysis using DuckDB
Duck Total: $40.43415449811618, Duck-Calcite Total: $46.973803673709746, Redshift Total: $10.182268102272358, Redshift-Calcite Total: $9.392394639457464, BigQuery Total: $173.667311668396
Excluding table customer_address and any queries that depend on it
Total Keys: 66, Keys Considered: 64
-0.036148521043553546
call_center: 5.735084414482117e-06, 0.005376688682535479, 0.4885102613418235
catalog_page: 0.0006659524515271187, 0.005071405159112661, 2.9525645447330833
catalog_returns: 23.366260116919875, 3.057422349282265, 1.5130102104917675
catalog_sales: 217.0907397372648, 29.343081682717724, -13.58412797153607
customer: 0.6484093563631177, 0.09148057169400246, 8.374654166142612
customer_demographics: 0.012168197892606258, 0.0070952288949229555, 0.8820590977422545
date_dim: 0.0019952356815338135, 0.005567910952202483, 22.774788792707284
household_demographics: 3.512948751449585e-05, 0.004389719816705678, 2.028667345863697
income_band: 6.137415766716003e-07, 0.0034144215135755874, -0.0034144215135755874
income_band had no query dependencies
inventory: 0.24701470416039228, 0.03765612908186459, 0.21935412466741175
item: 0.005464168265461922, 0.006178520161138597, 11.687389117401084
promotion: 2.6027671992778778e-05, 0.0048076750748111035, 1.8044824796450603
reason: 1.2423843145370483e-06, 0.004734816776381242, 2.603235991661277
ship_mode: 1.5795230865478516e-06, 0.0047091641225364255, 0.8701136364958627
store: 2.3781321942806244e-05, 0.00528236328468609, 8.038110950963288
store_returns: 36.877127600833774, 4.821638089188041, 1.5323836211715722
store_sales: 288.85508783441037, 39.26308912999503, -13.75044112494557
time_dim: 0.0012104213237762451, 0.0019426572850048836, 2.098378485874578
warehouse: 2.3292377591133118e-06, 0.00044575808314431265, 0.9828862398892954
web_page: 1.0661780834197998e-05, 0.0015543741537271485, 0.3290948965683368
web_returns: 11.326140539720654, 1.4902563485272835, 3.000229948994819
web_sales: 109.34904180746526, 14.633981754380763, 1.412133011312111
web_site: 8.863396942615509e-06, 0.0006161851722693421, 3.116107423214236
-0.036030656423867956
call_center: 5.735084414482117e-06, 0.005376686026244192, -0.005376686026244192
call_center had no query dependencies
catalog_page: 0.0006659524515271187, 0.005071096713139246, -0.005071096713139246
catalog_page had no query dependencies
catalog_returns: 23.366260116919875, 3.0465999116888787, -2.984529236690122
customer: 0.6484093563631177, 0.0911802510710575, -0.019861728498411335
customer_demographics: 0.012168197892606258, 0.007089593009605504, -0.007089593009605504
customer_demographics had no query dependencies
date_dim: 0.0019952356815338135, 0.005566986828549855, 0.5784264632996582
household_demographics: 3.512948751449585e-05, 0.004389703545950991, 0.07248587536879361
inventory: 0.24701470416039228, 0.03754172047701948, -0.008978785374908468
item: 0.005464168265461922, 0.006175989348772527, 0.34741127971247937
promotion: 2.6027671992778778e-05, 0.004807663019700255, -0.004807663019700255
promotion had no query dependencies
reason: 1.2423843145370483e-06, 0.004734816200952112, -0.004734816200952112
reason had no query dependencies
ship_mode: 1.5795230865478516e-06, 0.004709163390956363, 0.1543784951033535
store: 2.3781321942806244e-05, 0.00528235227000632, 0.06603617030263984
store_returns: 36.877127600833774, 4.804557888501823, -4.67116869093042
time_dim: 0.0012104213237762451, 0.0019420966600194249, 0.07493348225472518
warehouse: 2.3292377591133118e-06, 0.0004457570043225345, 0.18720483659209836
web_page: 1.0661780834197998e-05, 0.001554369215561728, 0.07532120969918288
web_returns: 11.326140539720654, 1.4850104748379682, -1.4229397998392117
web_sales: 109.34904180746526, 14.583335087993575, -14.084418191624136
web_site: 8.863396942615509e-06, 0.0006161810670526838, 0.15847147742725717
date_dim: 0.0019952356815338135, 0.005566852026724046, -0.005566852026724046
date_dim had no query dependencies
household_demographics: 3.512948751449585e-05, 0.004389701172537614, -0.004389701172537614
household_demographics had no query dependencies
item: 0.005464168265461922, 0.006175620179422997, -0.006175620179422997
item had no query dependencies
ship_mode: 1.5795230865478516e-06, 0.004709163284240852, -0.004709163284240852
ship_mode had no query dependencies
store: 2.3781321942806244e-05, 0.005282350663296071, -0.005282350663296071
store had no query dependencies
time_dim: 0.0012104213237762451, 0.0019420148817082445, -0.0019420148817082445
time_dim had no query dependencies
warehouse: 2.3292377591133118e-06, 0.0004457568469549084, -0.0004457568469549084
warehouse had no query dependencies
web_page: 1.0661780834197998e-05, 0.0015543684952320266, -0.0015543684952320266
web_page had no query dependencies
web_site: 8.863396942615509e-06, 0.0006161804682251358, -0.0006161804682251358
web_site had no query dependencies
{}
{}
STARTING PHASE 2: 0b0
----
[]
Function: 36.5714548598785, 0, 36.5714548598785, 0.0, 0, 0.0, 0
{36.5714548598785: []}
[]
{}
Best Cost: $36.5714548598785;
[]
{}
{}
{}
[]
0
Optimal Subset: 0b0
Function: 36.5714548598785, 0, 36.5714548598785, 0.0, 0, 0.0, 0
36.5714548598785
Real: 36.5714548598785, 0, 36.5714548598785, 0.0, 0, 0.0, 0
Num Redshift Qs: 0; Num GCP Qs: 66
Num BigQuery Qs: 2; Num DuckDB Qs: 64
Redshift Qs: $0; GCP Qs: $36.5714548598785; Movement Cost: $0.0
Load Cost: $0, Storage Cost: $0.0, API Cost: $0
Final cost: $36.5714548598785, BQ Baseline: $173.667311668396, Diff: $137.0958568085175, %: 78.94165890601866%
