Egress: $0.12/GB
Benchmark: tpcds
Data Path: parquet_2000/real_data_rs1
BigQuery Cost: $5/TB; DuckDB Cost: $1.48/hr; Redshift Cost: $1.086/hr
Use Duck: True
Excluded Table: store_sales
Excluded Query: None

Starting analysis using DuckDB
Duck Total: $6.905435666322707, Duck-Calcite Total: $7.214186570056281, Redshift Total: $1.2040500554478168, Redshift-Calcite Total: $0.9693909731193388, BigQuery Total: $20.225324630737305
Excluding table store_sales and any queries that depend on it
Total Keys: 31, Keys Considered: 30
-0.036059041309008846
call_center: 5.735084414482117e-06, 0.005376686665948653, 0.7629819820249565
catalog_page: 0.0006659524515271187, 0.005071170995002208, -0.005071170995002208
catalog_page had no query dependencies
catalog_returns: 23.366260116919875, 3.0492062379032436, -2.6086158267294945
catalog_sales: 217.0907397372648, 29.266747614359733, -26.81933054051537
customer: 0.6484093563631177, 0.09125257613697187, 0.43224062465203
customer_address: 0.18544994108378887, 0.031182821306602996, 1.5473174965877163
customer_demographics: 0.012168197892606258, 0.007090950278290795, 0.4952431433493592
date_dim: 0.0019952356815338135, 0.00556720938171132, 4.042273605564686
household_demographics: 3.512948751449585e-05, 0.004389707464374553, 0.10519540968311672
income_band: 6.137415766716003e-07, 0.0034144212977700143, 0.018607630694249002
inventory: 0.24701470416039228, 0.037569273063336905, 0.055606940377812025
item: 0.005464168265461922, 0.006176598834626006, 1.3089979668632306
promotion: 2.6027671992778778e-05, 0.0048076659228864504, 0.18273296460736127
reason: 1.2423843145370483e-06, 0.004734816339530506, 0.22850690558898282
ship_mode: 1.5795230865478516e-06, 0.004709163567139989, 0.8701136370512591
store: 2.3781321942806244e-05, 0.005282354922629482, 0.06603616765001669
store_returns: 36.877127600833774, 4.808671247845406, -4.6532599982819844
time_dim: 0.0012104213237762451, 0.0019422316731884473, 0.5115671784091709
warehouse: 2.3292377591133118e-06, 0.00044575726413105326, 0.9828862407083087
web_page: 1.0661780834197998e-05, 0.0015543704048012017, 0.30856293043845673
web_returns: 11.326140539720654, 1.486273818515927, -0.5335318929543813
web_sales: 109.34904180746526, 14.595532130770314, -12.336611535062193
web_site: 8.863396942615509e-06, 0.0006161820556962957, 0.7877711617622456
-0.03601387015946965
call_center: 5.735084414482117e-06, 0.005376685647935519, -0.005376685647935519
call_center had no query dependencies
customer: 0.6484093563631177, 0.09113747944548854, -0.09113747944548854
customer had no query dependencies
customer_address: 0.18544994108378887, 0.031149902789241922, -0.031149902789241922
customer_address had no query dependencies
customer_demographics: 0.012168197892606258, 0.00708879034752328, -0.00708879034752328
customer_demographics had no query dependencies
date_dim: 0.0019952356815338135, 0.0055668552149747965, 0.022996079887136214
household_demographics: 3.512948751449585e-05, 0.004389701228672143, -0.004389701228672143
household_demographics had no query dependencies
income_band: 6.137415766716003e-07, 0.0034144211888270694, -0.0034144211888270694
income_band had no query dependencies
inventory: 0.24701470416039228, 0.037525426417822624, -0.008962491315711613
item: 0.005464168265461922, 0.006175628910791793, 0.02238730619131922
promotion: 2.6027671992778778e-05, 0.004807661302812875, -0.004807661302812875
promotion had no query dependencies
reason: 1.2423843145370483e-06, 0.004734816118999567, -0.004734816118999567
reason had no query dependencies
ship_mode: 1.5795230865478516e-06, 0.0047091632867648225, -0.0047091632867648225
ship_mode had no query dependencies
store: 2.3781321942806244e-05, 0.005282350701297004, -0.005282350701297004
store had no query dependencies
time_dim: 0.0012104213237762451, 0.0019420168158790943, -0.0019420168158790943
time_dim had no query dependencies
warehouse: 2.3292377591133118e-06, 0.0004457568506768717, 0.02811717825143414
web_page: 1.0661780834197998e-05, 0.0015543685122688265, -0.0015543685122688265
web_page had no query dependencies
web_site: 8.863396942615509e-06, 0.0006161804823882406, -0.0006161804823882406
web_site had no query dependencies
date_dim: 0.0019952356815338135, 0.005566850968646823, -0.005566850968646823
date_dim had no query dependencies
item: 0.005464168265461922, 0.006175617281764319, -0.006175617281764319
item had no query dependencies
warehouse: 2.3292377591133118e-06, 0.0004457568457197092, -0.0004457568457197092
warehouse had no query dependencies
{}
{}
STARTING PHASE 2: 0b0
----
[]
Function: 4.922152824824022, 0, 4.922152824824022, 0.0, 0, 0.0, 0
{4.922152824824022: []}
[]
{}
Best Cost: $4.922152824824022;
[]
{}
{}
{}
[]
0
Optimal Subset: 0b0
Function: 4.922152824824022, 0, 4.922152824824022, 0.0, 0, 0.0, 0
4.922152824824022
Real: 4.922152824824022, 0, 4.922152824824022, 0.0, 0, 0.0, 0
Num Redshift Qs: 0; Num GCP Qs: 31
Num BigQuery Qs: 4; Num DuckDB Qs: 27
Redshift Qs: $0; GCP Qs: $4.922152824824022; Movement Cost: $0.0
Load Cost: $0, Storage Cost: $0.0, API Cost: $0
Final cost: $4.922152824824022, BQ Baseline: $20.225324630737305, Diff: $15.303171805913284, %: 75.66341744970752%
