Egress: $0.12/GB
Benchmark: tpcds
Data Path: parquet_2000/real_data_rs4
BigQuery Cost: $5/TB; DuckDB Cost: $1.48/hr; Redshift Cost: $4.344/hr
Use Duck: False
Excluded Table: household_demographics
Excluded Query: None

Starting analysis without using DuckDB
Redshift Total: $12.735366716593107, Redshift-Calcite Total: $12.979395458118121, BigQuery Total: $214.5507574081421
Excluding table household_demographics and any queries that depend on it
Total Keys: 86, Keys Considered: 85
-0.05846315931137655
call_center: 5.735084414482117e-06, 0.0016639790311346494, 3.0510180965901523
catalog_page: 0.0006659524515271187, 0.0016515062070591158, 17.25738448541873
catalog_returns: 23.366260116919875, 3.061392804333012, 32.93433067000425
catalog_sales: 217.0907397372648, 29.122377622515394, 91.7893616642173
customer: 0.6484093563631177, 0.09327080496463637, 33.321736529010195
customer_address: 0.18544994108378887, 0.039201711661055516, 30.23270723556197
customer_demographics: 0.012168197892606258, 0.008662001233854123, 20.117925572524907
date_dim: 0.0019952356815338135, 0.005559332524417341, 181.5534920975357
income_band: 6.137415766716003e-07, 0.0014422194525599247, -0.0014422194525599247
income_band had no query dependencies
inventory: 0.24701470416039228, 0.053865230342162174, 0.298558906897294
item: 0.005464168265461922, 0.00663320295459899, 132.07664713007168
promotion: 2.6027671992778778e-05, 0.0015120727903275466, 15.706190613320803
reason: 1.2423843145370483e-06, 0.0015798680892443024, 8.50290087182851
ship_mode: 1.5795230865478516e-06, 0.0017056555289744002, 2.105761747088162
store: 2.3781321942806244e-05, 0.0015298708691807031, 75.47637385189547
store_returns: 36.877127600833774, 4.8619115724712465, 39.54222800141595
store_sales: 288.85508783441037, 39.6744938076469, 144.69217202942485
time_dim: 0.0012104213237762451, 0.01468645214474126, 3.076091072057923
warehouse: 2.3292377591133118e-06, 0.01770620608270446, 2.7878650254748236
web_page: 1.0661780834197998e-05, 0.014096261694664854, 7.3930203060012705
web_returns: 11.326140539720654, 1.5173114462137212, 34.18754345249177
web_sales: 109.34904180746526, 14.727667951065786, 98.38499102715008
web_site: 8.863396942615509e-06, 0.01844846578154089, 18.51281248658624
-0.058463156668055447
call_center: 5.735084414482117e-06, 0.0016639790310750775, 3.051018096590212
catalog_page: 0.0006659524515271187, 0.0016515062001416733, 17.257384485425646
catalog_returns: 23.366260116919875, 3.0613925616208406, 32.93433091271642
catalog_sales: 217.0907397372648, 29.12237536753045, 91.78936391920223
customer: 0.6484093563631177, 0.09327079822941892, 33.321736535745416
customer_address: 0.18544994108378887, 0.03920170973473279, 30.23270723748829
customer_demographics: 0.012168197892606258, 0.008662001107459495, 20.117925572651302
date_dim: 0.0019952356815338135, 0.005559332503692245, 181.55349209755644
inventory: 0.24701470416039228, 0.05386522777634827, 0.29855890946310787
item: 0.005464168265461922, 0.006633202897841078, 132.07664713012844
promotion: 2.6027671992778778e-05, 0.0015120727900571897, 15.706190613321075
reason: 1.2423843145370483e-06, 0.0015798680892313973, 8.502900871828523
ship_mode: 1.5795230865478516e-06, 0.0017056555289579934, 2.1057617470881786
store: 2.3781321942806244e-05, 0.0015298708689336796, 75.47637385189572
store_returns: 36.877127600833774, 4.861911189417747, 39.542228384469446
store_sales: 288.85508783441037, 39.67449080722469, 144.69217502984708
time_dim: 0.0012104213237762451, 0.01468645213216826, 3.076091072070496
warehouse: 2.3292377591133118e-06, 0.017706206082680264, 2.787865025474848
web_page: 1.0661780834197998e-05, 0.014096261694554107, 7.393020306001381
web_returns: 11.326140539720654, 1.51731132856579, 34.187543570139695
web_sales: 109.34904180746526, 14.727666815225339, 98.38499216299053
web_site: 8.863396942615509e-06, 0.018448465781448823, 18.51281248658633
{}
{}
STARTING PHASE 2: 0b111111111111110011111111
----
[0, 1, 2, 3, 4, 5, 6, 7, 10, 11, 12, 13, 14, 15, 16, 17, 18, 19, 20, 21, 22, 23]
Function: 105.34741163287882, 11.441141698954905, 4.76837158203125e-05, 83.21532427028306, 10.521647833363213, 0.10958981021773201, 0.0596603363440782
-0.058463156668055447
call_center: 5.735084414482117e-06, 0.0016639790310750775, 3.051018096590212
catalog_page: 0.0006659524515271187, 0.0016515062001416733, 17.257384485425646
catalog_returns: 23.366260116919875, 3.0613925616208406, 32.93433091271642
catalog_sales: 217.0907397372648, 29.12237536753045, 91.78936391920223
customer: 0.6484093563631177, 0.09327079822941892, 33.321736535745416
customer_address: 0.18544994108378887, 0.03920170973473279, 30.23270723748829
customer_demographics: 0.012168197892606258, 0.008662001107459495, 20.117925572651302
date_dim: 0.0019952356815338135, 0.005559332503692245, 181.55349209755644
inventory: 0.24701470416039228, 0.05386522777634827, 0.29855890946310787
item: 0.005464168265461922, 0.006633202897841078, 132.07664713012844
promotion: 2.6027671992778778e-05, 0.0015120727900571897, 15.706190613321075
reason: 1.2423843145370483e-06, 0.0015798680892313973, 8.502900871828523
ship_mode: 1.5795230865478516e-06, 0.0017056555289579934, 2.1057617470881786
store: 2.3781321942806244e-05, 0.0015298708689336796, 75.47637385189572
store_returns: 36.877127600833774, 4.861911189417747, 39.542228384469446
store_sales: 288.85508783441037, 39.67449080722469, 144.69217502984708
time_dim: 0.0012104213237762451, 0.01468645213216826, 3.076091072070496
warehouse: 2.3292377591133118e-06, 0.017706206082680264, 2.787865025474848
web_page: 1.0661780834197998e-05, 0.014096261694554107, 7.393020306001381
web_returns: 11.326140539720654, 1.51731132856579, 34.187543570139695
web_sales: 109.34904180746526, 14.727666815225339, 98.38499216299053
web_site: 8.863396942615509e-06, 0.018448465781448823, 18.51281248658633
call_center: 5.735084414482117e-06, 0.0016639790295143852, 3.0510180965917724
catalog_page: 0.0006659524515271187, 0.0016515060189155886, 17.25738448560687
catalog_returns: 23.366260116919875, 3.0613862029448966, 32.934337271392366
catalog_sales: 217.0907397372648, 29.122316290482708, 91.68351974770783
customer: 0.6484093563631177, 0.09327062177734848, 33.321736712197485
customer_address: 0.18544994108378887, 0.03920165926811668, 30.23270728795491
customer_demographics: 0.012168197892606258, 0.00866199779611969, 20.11792557596264
date_dim: 0.0019952356815338135, 0.005559331960727429, 181.20106796085994
item: 0.005464168265461922, 0.006633201410873324, 131.72422299437594
promotion: 2.6027671992778778e-05, 0.001512072782974262, 15.706190613328157
reason: 1.2423843145370483e-06, 0.0015798680888933067, 8.502900871828862
ship_mode: 1.5795230865478516e-06, 0.0017056555285281567, 2.1057617470886085
store: 2.3781321942806244e-05, 0.0015298708624620527, 75.4763738519022
store_returns: 36.877127600833774, 4.861901154020426, 39.54223841986676
store_sales: 288.85508783441037, 39.67441220089706, 144.48251591059736
time_dim: 0.0012104213237762451, 0.014686451802775497, 3.076091072399889
warehouse: 2.3292377591133118e-06, 0.017706206082046407, 2.7510818623555298
web_page: 1.0661780834197998e-05, 0.01409626169165271, 7.393020306004282
web_returns: 11.326140539720654, 1.5173082463756138, 34.18754665232987
web_sales: 109.34904180746526, 14.727637057997688, 98.38502192021818
web_site: 8.863396942615509e-06, 0.018448465779036822, 18.512812486588743
Function: 105.64554667025823, 11.427774515393578, 0.36583900451660156, 83.185445783359, 10.497495060410499, 0.10936331230490819, 0.059628994273638734
hiya: 0b111111111111100011111111, 105.64554667025823
call_center: 5.735084414482117e-06, 0.0016639790295143852, 3.0510180965917724
catalog_page: 0.0006659524515271187, 0.0016515060189155886, 17.25738448560687
catalog_returns: 23.366260116919875, 3.0613862029448966, 32.934337271392366
catalog_sales: 217.0907397372648, 29.122316290482708, 91.68351974770783
customer: 0.6484093563631177, 0.09327062177734848, 33.321736712197485
customer_address: 0.18544994108378887, 0.03920165926811668, 30.23270728795491
customer_demographics: 0.012168197892606258, 0.00866199779611969, 20.11792557596264
date_dim: 0.0019952356815338135, 0.005559331960727429, 181.20106796085994
item: 0.005464168265461922, 0.006633201410873324, 131.72422299437594
promotion: 2.6027671992778778e-05, 0.001512072782974262, 15.706190613328157
reason: 1.2423843145370483e-06, 0.0015798680888933067, 8.502900871828862
ship_mode: 1.5795230865478516e-06, 0.0017056555285281567, 2.1057617470886085
store: 2.3781321942806244e-05, 0.0015298708624620527, 75.4763738519022
store_returns: 36.877127600833774, 4.861901154020426, 39.54223841986676
store_sales: 288.85508783441037, 39.67441220089706, 144.48251591059736
time_dim: 0.0012104213237762451, 0.014686451802775497, 3.076091072399889
warehouse: 2.3292377591133118e-06, 0.017706206082046407, 2.7510818623555298
web_page: 1.0661780834197998e-05, 0.01409626169165271, 7.393020306004282
web_returns: 11.326140539720654, 1.5173082463756138, 34.18754665232987
web_sales: 109.34904180746526, 14.727637057997688, 98.38502192021818
web_site: 8.863396942615509e-06, 0.018448465779036822, 18.512812486588743
call_center: 5.735084414482117e-06, 0.0016639790258946331, 2.552449937361663
catalog_page: 0.0006659524515271187, 0.0016515055985934853, 17.257384486027192
catalog_returns: 23.366260116919875, 3.061371455111813, 32.93435201922545
catalog_sales: 217.0907397372648, 29.12217927163683, 89.82690082925396
customer: 0.6484093563631177, 0.09327021252773345, 33.3217371214471
customer_address: 0.18544994108378887, 0.03920154221965609, 30.23270740500337
customer_demographics: 0.012168197892606258, 0.00866199011604806, 20.117925583642712
date_dim: 0.0019952356815338135, 0.005559330701415813, 179.09360055950214
item: 0.005464168265461922, 0.006633197962112542, 131.72422299782468
promotion: 2.6027671992778778e-05, 0.001512072766546654, 15.706190613344585
reason: 1.2423843145370483e-06, 0.001579868088109164, 8.502900871829645
store: 2.3781321942806244e-05, 0.0015298708474522494, 75.4763738519172
store_returns: 36.877127600833774, 4.861877878677272, 39.54226169520992
store_sales: 288.85508783441037, 39.67422988731331, 144.4826982241811
time_dim: 0.0012104213237762451, 0.014686451038806786, 1.7179032950978586
warehouse: 2.3292377591133118e-06, 0.017706206080576287, 0.6436144597398634
web_page: 1.0661780834197998e-05, 0.014096261684923426, 7.393020306011011
web_returns: 11.326140539720654, 1.5173010977763375, 34.187553800929145
web_sales: 109.34904180746526, 14.727568041329707, 96.77619169350275
web_site: 8.863396942615509e-06, 0.018448465773442606, 18.26210102127693
Function: 107.75087435503985, 11.342449025554663, 2.5586318969726562, 83.18544559230251, 10.495799594812391, 0.10892925126046031, 0.059618994137167945
hiya: 0b111111111011100011111111, 107.75087435503985
call_center: 5.735084414482117e-06, 0.0016639790258946331, 2.552449937361663
catalog_page: 0.0006659524515271187, 0.0016515055985934853, 17.257384486027192
catalog_returns: 23.366260116919875, 3.061371455111813, 32.93435201922545
catalog_sales: 217.0907397372648, 29.12217927163683, 89.82690082925396
customer: 0.6484093563631177, 0.09327021252773345, 33.3217371214471
customer_address: 0.18544994108378887, 0.03920154221965609, 30.23270740500337
customer_demographics: 0.012168197892606258, 0.00866199011604806, 20.117925583642712
date_dim: 0.0019952356815338135, 0.005559330701415813, 179.09360055950214
item: 0.005464168265461922, 0.006633197962112542, 131.72422299782468
promotion: 2.6027671992778778e-05, 0.001512072766546654, 15.706190613344585
reason: 1.2423843145370483e-06, 0.001579868088109164, 8.502900871829645
store: 2.3781321942806244e-05, 0.0015298708474522494, 75.4763738519172
store_returns: 36.877127600833774, 4.861877878677272, 39.54226169520992
store_sales: 288.85508783441037, 39.67422988731331, 144.4826982241811
time_dim: 0.0012104213237762451, 0.014686451038806786, 1.7179032950978586
warehouse: 2.3292377591133118e-06, 0.017706206080576287, 0.6436144597398634
web_page: 1.0661780834197998e-05, 0.014096261684923426, 7.393020306011011
web_returns: 11.326140539720654, 1.5173010977763375, 34.187553800929145
web_sales: 109.34904180746526, 14.727568041329707, 96.77619169350275
web_site: 8.863396942615509e-06, 0.018448465773442606, 18.26210102127693
call_center: 5.735084414482117e-06, 0.001663979024877886, 2.55244993736268
catalog_page: 0.0006659524515271187, 0.001651505480529808, 17.257384486145256
catalog_returns: 23.366260116919875, 3.0613673126139695, 32.27303549590285
catalog_sales: 217.0907397372648, 29.12214078460824, 89.16561865046214
customer: 0.6484093563631177, 0.09327009757419158, 33.321737236400644
customer_address: 0.18544994108378887, 0.039201509342080595, 30.232707437880944
customer_demographics: 0.012168197892606258, 0.00866198795880367, 20.11792558579996
date_dim: 0.0019952356815338135, 0.005559330347689565, 178.4322798940354
item: 0.005464168265461922, 0.006633196993395035, 131.06290233297298
promotion: 2.6027671992778778e-05, 0.0015120727619323264, 15.7061906133492
reason: 1.2423843145370483e-06, 0.0015798680878889074, 8.502900871829866
store: 2.3781321942806244e-05, 0.001529870843236167, 75.47637385192141
store_returns: 36.877127600833774, 4.861871340899262, 39.54226823298793
store_sales: 288.85508783441037, 39.67417867751027, 144.48274943398414
time_dim: 0.0012104213237762451, 0.014686450824216702, 1.7179032953124487
web_page: 1.0661780834197998e-05, 0.014096261683033249, 7.393020306012902
web_returns: 11.326140539720654, 1.5172990898164618, 34.18755580888902
web_sales: 109.34904180746526, 14.727548655336074, 96.77621107949638
web_site: 8.863396942615509e-06, 0.018448465771871255, 18.2621010212785
Function: 108.39436688982954, 11.335701759246193, 3.2266998291015625, 83.1854453105618, 10.478103668810524, 0.1088073281735459, 0.059608993935921804
hiya: 0b111101111011100011111111, 108.39436688982954
call_center: 5.735084414482117e-06, 0.001663979024877886, 2.55244993736268
catalog_page: 0.0006659524515271187, 0.001651505480529808, 17.257384486145256
catalog_returns: 23.366260116919875, 3.0613673126139695, 32.27303549590285
catalog_sales: 217.0907397372648, 29.12214078460824, 89.16561865046214
customer: 0.6484093563631177, 0.09327009757419158, 33.321737236400644
customer_address: 0.18544994108378887, 0.039201509342080595, 30.232707437880944
customer_demographics: 0.012168197892606258, 0.00866198795880367, 20.11792558579996
date_dim: 0.0019952356815338135, 0.005559330347689565, 178.4322798940354
item: 0.005464168265461922, 0.006633196993395035, 131.06290233297298
promotion: 2.6027671992778778e-05, 0.0015120727619323264, 15.7061906133492
reason: 1.2423843145370483e-06, 0.0015798680878889074, 8.502900871829866
store: 2.3781321942806244e-05, 0.001529870843236167, 75.47637385192141
store_returns: 36.877127600833774, 4.861871340899262, 39.54226823298793
store_sales: 288.85508783441037, 39.67417867751027, 144.48274943398414
time_dim: 0.0012104213237762451, 0.014686450824216702, 1.7179032953124487
web_page: 1.0661780834197998e-05, 0.014096261683033249, 7.393020306012902
web_returns: 11.326140539720654, 1.5172990898164618, 34.18755580888902
web_sales: 109.34904180746526, 14.727548655336074, 96.77621107949638
web_site: 8.863396942615509e-06, 0.018448465771871255, 18.2621010212785
call_center: 5.735084414482117e-06, 0.001663979021730729, 2.5524499373658274
catalog_page: 0.0006659524515271187, 0.0016515051150849751, 17.257384486510702
catalog_returns: 23.366260116919875, 3.061354490258556, 32.27304831825826
catalog_sales: 217.0907397372648, 29.1220216549483, 87.43314803398539
customer: 0.6484093563631177, 0.09326974175622248, 33.32173759221861
customer_address: 0.18544994108378887, 0.03920140757547164, 30.232707539647553
customer_demographics: 0.012168197892606258, 0.008661981281442495, 20.11792559247732
date_dim: 0.0019952356815338135, 0.0055593292527937235, 176.69969014899362
item: 0.005464168265461922, 0.006633193994904597, 129.3303125898348
promotion: 2.6027671992778778e-05, 0.0015120727476495076, 15.706190613363482
reason: 1.2423843145370483e-06, 0.0015798680872071424, 8.502900871830548
store: 2.3781321942806244e-05, 0.0015298708301860445, 75.47637385193447
store_returns: 36.877127600833774, 4.86185110438583, 39.542288469501365
store_sales: 288.85508783441037, 39.67402016679522, 142.75031819856252
web_page: 1.0661780834197998e-05, 0.014096261677182541, 7.3930203060187525
web_returns: 11.326140539720654, 1.5172928745385894, 34.187562024166894
web_sales: 109.34904180746526, 14.727488649486993, 95.0436813392088
web_site: 8.863396942615509e-06, 0.01844846576700742, 18.262101021283364
Function: 110.11189163602145, 11.274573167370166, 5.020418167114258, 83.18529890001584, 10.463572764631907, 0.1084297475337702, 0.05959888935551943
hiya: 0b111100111011100011111111, 110.11189163602145
call_center: 5.735084414482117e-06, 0.001663979021730729, 2.5524499373658274
catalog_page: 0.0006659524515271187, 0.0016515051150849751, 17.257384486510702
catalog_returns: 23.366260116919875, 3.061354490258556, 32.27304831825826
catalog_sales: 217.0907397372648, 29.1220216549483, 87.43314803398539
customer: 0.6484093563631177, 0.09326974175622248, 33.32173759221861
customer_address: 0.18544994108378887, 0.03920140757547164, 30.232707539647553
customer_demographics: 0.012168197892606258, 0.008661981281442495, 20.11792559247732
date_dim: 0.0019952356815338135, 0.0055593292527937235, 176.69969014899362
item: 0.005464168265461922, 0.006633193994904597, 129.3303125898348
promotion: 2.6027671992778778e-05, 0.0015120727476495076, 15.706190613363482
reason: 1.2423843145370483e-06, 0.0015798680872071424, 8.502900871830548
store: 2.3781321942806244e-05, 0.0015298708301860445, 75.47637385193447
store_returns: 36.877127600833774, 4.86185110438583, 39.542288469501365
store_sales: 288.85508783441037, 39.67402016679522, 142.75031819856252
web_page: 1.0661780834197998e-05, 0.014096261677182541, 7.3930203060187525
web_returns: 11.326140539720654, 1.5172928745385894, 34.187562024166894
web_sales: 109.34904180746526, 14.727488649486993, 95.0436813392088
web_site: 8.863396942615509e-06, 0.01844846576700742, 18.262101021283364
catalog_page: 0.0006659524515271187, 0.0016515047050905283, 17.257384486920696
catalog_returns: 23.366260116919875, 3.0613401047917406, 31.21194192465105
catalog_sales: 217.0907397372648, 29.12188800276704, 84.87916776977912
customer: 0.6484093563631177, 0.09326934256220373, 33.32173799141263
customer_address: 0.18544994108378887, 0.03920129340298704, 29.171586874746
customer_demographics: 0.012168197892606258, 0.008661973790076478, 20.117925599968686
date_dim: 0.0019952356815338135, 0.005559328024424419, 174.14557623383445
item: 0.005464168265461922, 0.006633190630882675, 127.83731945588531
promotion: 2.6027671992778778e-05, 0.0015120727316255392, 15.706190613379507
reason: 1.2423843145370483e-06, 0.0015798680864422673, 8.502900871831313
store: 2.3781321942806244e-05, 0.0015298708155450443, 75.4763738519491
store_returns: 36.877127600833774, 4.86182840093681, 39.542311172950384
store_sales: 288.85508783441037, 39.67384233280468, 142.7504960325531
web_page: 1.0661780834197998e-05, 0.014096261670618603, 7.393020306025316
web_returns: 11.326140539720654, 1.5172859015862183, 34.187568997119264
web_sales: 109.34904180746526, 14.727421328614744, 95.04374866008106
web_site: 8.863396942615509e-06, 0.01844846576155066, 18.26210102128882
Function: 112.66391817307522, 11.191343677080477, 7.657761573791504, 83.1852982063096, 10.461919475220045, 0.10800635181358051, 0.059588888860008134
hiya: 0b111100111011100011111110, 112.66391817307522
catalog_page: 0.0006659524515271187, 0.0016515047050905283, 17.257384486920696
catalog_returns: 23.366260116919875, 3.0613401047917406, 31.21194192465105
catalog_sales: 217.0907397372648, 29.12188800276704, 84.87916776977912
customer: 0.6484093563631177, 0.09326934256220373, 33.32173799141263
customer_address: 0.18544994108378887, 0.03920129340298704, 29.171586874746
customer_demographics: 0.012168197892606258, 0.008661973790076478, 20.117925599968686
date_dim: 0.0019952356815338135, 0.005559328024424419, 174.14557623383445
item: 0.005464168265461922, 0.006633190630882675, 127.83731945588531
promotion: 2.6027671992778778e-05, 0.0015120727316255392, 15.706190613379507
reason: 1.2423843145370483e-06, 0.0015798680864422673, 8.502900871831313
store: 2.3781321942806244e-05, 0.0015298708155450443, 75.4763738519491
store_returns: 36.877127600833774, 4.86182840093681, 39.542311172950384
store_sales: 288.85508783441037, 39.67384233280468, 142.7504960325531
web_page: 1.0661780834197998e-05, 0.014096261670618603, 7.393020306025316
web_returns: 11.326140539720654, 1.5172859015862183, 34.187568997119264
web_sales: 109.34904180746526, 14.727421328614744, 95.04374866008106
web_site: 8.863396942615509e-06, 0.01844846576155066, 18.26210102128882
catalog_page: 0.0006659524515271187, 0.0016515037681118232, 17.257384487857674
catalog_returns: 23.366260116919875, 3.0613072290389804, 24.268405003776444
catalog_sales: 217.0907397372648, 29.121582561440512, 77.93590341447828
customer: 0.6484093563631177, 0.0932684302662017, 33.321738903708635
customer_address: 0.18544994108378887, 0.039201032479485295, 28.70804036460093
customer_demographics: 0.012168197892606258, 0.008661956669721596, 19.654378846020464
date_dim: 0.0019952356815338135, 0.005559325217176933, 166.73845966894575
item: 0.005464168265461922, 0.006633182942932441, 127.83731946357325
promotion: 2.6027671992778778e-05, 0.0015120726950052456, 15.706190613416126
reason: 1.2423843145370483e-06, 0.0015798680846942632, 8.039354100764488
store: 2.3781321942806244e-05, 0.0015298707820853097, 68.53280405535521
store_returns: 36.877127600833774, 4.861776515726107, 32.59879326153373
store_sales: 288.85508783441037, 39.67343592080705, 135.80733264792332
web_returns: 11.326140539720654, 1.517269965985303, 26.780468365024245
web_sales: 109.34904180746526, 14.727267477204846, 87.63678594379499
web_site: 8.863396942615509e-06, 0.018448465749080076, 18.26210102130129
Function: 120.05597086572821, 11.011442231775922, 15.244779586791992, 83.18529691667834, 10.44783449555874, 0.1070387469843815, 0.05957888793883027
hiya: 0b111000111011100011111110, 120.05597086572821
catalog_page: 0.0006659524515271187, 0.0016515037681118232, 17.257384487857674
catalog_returns: 23.366260116919875, 3.0613072290389804, 24.268405003776444
catalog_sales: 217.0907397372648, 29.121582561440512, 77.93590341447828
customer: 0.6484093563631177, 0.0932684302662017, 33.321738903708635
customer_address: 0.18544994108378887, 0.039201032479485295, 28.70804036460093
customer_demographics: 0.012168197892606258, 0.008661956669721596, 19.654378846020464
date_dim: 0.0019952356815338135, 0.005559325217176933, 166.73845966894575
item: 0.005464168265461922, 0.006633182942932441, 127.83731946357325
promotion: 2.6027671992778778e-05, 0.0015120726950052456, 15.706190613416126
reason: 1.2423843145370483e-06, 0.0015798680846942632, 8.039354100764488
store: 2.3781321942806244e-05, 0.0015298707820853097, 68.53280405535521
store_returns: 36.877127600833774, 4.861776515726107, 32.59879326153373
store_sales: 288.85508783441037, 39.67343592080705, 135.80733264792332
web_returns: 11.326140539720654, 1.517269965985303, 26.780468365024245
web_sales: 109.34904180746526, 14.727267477204846, 87.63678594379499
web_site: 8.863396942615509e-06, 0.018448465749080076, 18.26210102130129
catalog_page: 0.0006659524515271187, 0.0016515024803763717, 17.25738448914541
catalog_returns: 23.366260116919875, 3.061262046291394, 24.26845018652403
catalog_sales: 217.0907397372648, 29.12116277855494, 77.93632319736383
customer: 0.6484093563631177, 0.09326717645339064, 33.32174015752145
customer_address: 0.18544994108378887, 0.039200673879613686, 28.708040723200803
customer_demographics: 0.012168197892606258, 0.008661933140384373, 19.654378869549802
date_dim: 0.0019952356815338135, 0.0055593213590400415, 166.73845967280388
item: 0.005464168265461922, 0.006633172377008144, 127.83731947413918
promotion: 2.6027671992778778e-05, 0.001512072644676193, 15.706190613466456
store: 2.3781321942806244e-05, 0.0015298707360999677, 68.53280405540119
store_returns: 36.877127600833774, 4.861705207354987, 31.347302053217135
store_sales: 288.85508783441037, 39.672877369012404, 127.7669572308688
web_returns: 11.326140539720654, 1.5172480649131344, 26.780490266096415
web_sales: 109.34904180746526, 14.727056031721913, 87.63699738927792
web_site: 8.863396942615509e-06, 0.01844846573194115, 18.262101021318433
Function: 128.09399514118078, 10.746406962343857, 23.550748825073242, 83.1852967664016, 10.446264776860874, 0.1057089226697128, 0.05956888783148826
hiya: 0b111000111001100011111110, 128.09399514118078
catalog_page: 0.0006659524515271187, 0.0016515024803763717, 17.25738448914541
catalog_returns: 23.366260116919875, 3.061262046291394, 24.26845018652403
catalog_sales: 217.0907397372648, 29.12116277855494, 77.93632319736383
customer: 0.6484093563631177, 0.09326717645339064, 33.32174015752145
customer_address: 0.18544994108378887, 0.039200673879613686, 28.708040723200803
customer_demographics: 0.012168197892606258, 0.008661933140384373, 19.654378869549802
date_dim: 0.0019952356815338135, 0.0055593213590400415, 166.73845967280388
item: 0.005464168265461922, 0.006633172377008144, 127.83731947413918
promotion: 2.6027671992778778e-05, 0.001512072644676193, 15.706190613466456
store: 2.3781321942806244e-05, 0.0015298707360999677, 68.53280405540119
store_returns: 36.877127600833774, 4.861705207354987, 31.347302053217135
store_sales: 288.85508783441037, 39.672877369012404, 127.7669572308688
web_returns: 11.326140539720654, 1.5172480649131344, 26.780490266096415
web_sales: 109.34904180746526, 14.727056031721913, 87.63699738927792
web_site: 8.863396942615509e-06, 0.01844846573194115, 18.262101021318433
catalog_page: 0.0006659524515271187, 0.0016514995047940992, 7.378745788534731
catalog_returns: 23.366260116919875, 3.061157642096741, 14.389915887132421
catalog_sales: 217.0907397372648, 29.120192782340933, 66.95771022769203
customer: 0.6484093563631177, 0.09326427925647861, 30.70718382745205
customer_address: 0.18544994108378887, 0.03919984525955851, 26.093482324554543
customer_demographics: 0.012168197892606258, 0.00866187877092623, 16.4398741686607
date_dim: 0.0019952356815338135, 0.005559312444007279, 151.0307569956078
item: 0.005464168265461922, 0.0066331479622286985, 112.1296168124428
store: 2.3781321942806244e-05, 0.0015298706298412102, 56.039606124654874
store_returns: 36.877127600833774, 4.861540434439295, 21.468828122546558
store_sales: 288.85508783441037, 39.67158671819084, 113.16148945787879
web_returns: 11.326140539720654, 1.5171974579021852, 16.9019021695211
web_sales: 109.34904180746526, 14.726567442679897, 77.75884727473371
web_site: 8.863396942615509e-06, 0.018448465692338073, 8.383462317771777
Function: 143.7971128928675, 10.131859282244053, 39.87299919128418, 83.18529361813778, 10.44476583378633, 0.10263608183244596, 0.0595588855826974
hiya: 0b111000111000100011111110, 143.7971128928675
catalog_page: 0.0006659524515271187, 0.0016514995047940992, 7.378745788534731
catalog_returns: 23.366260116919875, 3.061157642096741, 14.389915887132421
catalog_sales: 217.0907397372648, 29.120192782340933, 66.95771022769203
customer: 0.6484093563631177, 0.09326427925647861, 30.70718382745205
customer_address: 0.18544994108378887, 0.03919984525955851, 26.093482324554543
customer_demographics: 0.012168197892606258, 0.00866187877092623, 16.4398741686607
date_dim: 0.0019952356815338135, 0.005559312444007279, 151.0307569956078
item: 0.005464168265461922, 0.0066331479622286985, 112.1296168124428
store: 2.3781321942806244e-05, 0.0015298706298412102, 56.039606124654874
store_returns: 36.877127600833774, 4.861540434439295, 21.468828122546558
store_sales: 288.85508783441037, 39.67158671819084, 113.16148945787879
web_returns: 11.326140539720654, 1.5171974579021852, 16.9019021695211
web_sales: 109.34904180746526, 14.726567442679897, 77.75884727473371
web_site: 8.863396942615509e-06, 0.018448465692338073, 8.383462317771777
catalog_returns: 23.366260116919875, 3.0611282993847664, 7.009547941804872
catalog_sales: 217.0907397372648, 29.119920165712657, 59.577585556280795
customer: 0.6484093563631177, 0.09326346500169884, 30.707184641706828
customer_address: 0.18544994108378887, 0.039199612376581955, 26.09348255743752
customer_demographics: 0.012168197892606258, 0.00866186349043529, 16.439874183941193
date_dim: 0.0019952356815338135, 0.005559309938444745, 143.65035971007381
item: 0.005464168265461922, 0.006633141100475265, 112.12961681930456
store: 2.3781321942806244e-05, 0.001529870599977275, 48.65920883664521
store_returns: 36.877127600833774, 4.861494125148538, 14.088477143797789
store_sales: 288.85508783441037, 39.6712239818521, 105.781454906178
web_returns: 11.326140539720654, 1.517183234843896, 9.521519104539864
web_sales: 109.34904180746526, 14.726430125136465, 70.37858730423761
web_site: 8.863396942615509e-06, 0.01844846568120766, 1.003065029743381
Function: 151.17499442579975, 9.960281320039437, 47.42497444152832, 83.18521306563918, 10.443204405501683, 0.10177236504675129, 0.05954882804440558
hiya: 0b111000111000100011111100, 151.17499442579975
catalog_returns: 23.366260116919875, 3.0611282993847664, 7.009547941804872
catalog_sales: 217.0907397372648, 29.119920165712657, 59.577585556280795
customer: 0.6484093563631177, 0.09326346500169884, 30.707184641706828
customer_address: 0.18544994108378887, 0.039199612376581955, 26.09348255743752
customer_demographics: 0.012168197892606258, 0.00866186349043529, 16.439874183941193
date_dim: 0.0019952356815338135, 0.005559309938444745, 143.65035971007381
item: 0.005464168265461922, 0.006633141100475265, 112.12961681930456
store: 2.3781321942806244e-05, 0.001529870599977275, 48.65920883664521
store_returns: 36.877127600833774, 4.861494125148538, 14.088477143797789
store_sales: 288.85508783441037, 39.6712239818521, 105.781454906178
web_returns: 11.326140539720654, 1.517183234843896, 9.521519104539864
web_sales: 109.34904180746526, 14.726430125136465, 70.37858730423761
web_site: 8.863396942615509e-06, 0.01844846568120766, 1.003065029743381
catalog_returns: 23.366260116919875, 3.061110024055428, 7.00956621713421
catalog_sales: 217.0907397372648, 29.119750373681534, 59.57775534831192
customer: 0.6484093563631177, 0.09326295786472123, 30.707185148843806
customer_address: 0.18544994108378887, 0.0391994673316012, 25.071969207057915
customer_demographics: 0.012168197892606258, 0.008661853973387083, 16.43987419345824
date_dim: 0.0019952356815338135, 0.005559308377921623, 142.62884621620975
item: 0.005464168265461922, 0.006633136826814263, 112.12961682357822
store: 2.3781321942806244e-05, 0.0015298705813773154, 48.65920883666381
store_returns: 36.877127600833774, 4.861465282635933, 14.088505986310395
store_sales: 288.85508783441037, 39.67099806115128, 105.78168082687883
web_returns: 11.326140539720654, 1.5171743763895496, 8.500014467569622
web_sales: 109.34904180746526, 14.726344600549224, 69.35715933340026
Function: 152.1775215658818, 9.870883446140292, 48.53588581085205, 83.18521199353745, 10.424767005505561, 0.1012344825678303, 0.059538827278608084
hiya: 0b11000111000100011111100, 152.1775215658818
catalog_returns: 23.366260116919875, 3.061110024055428, 7.00956621713421
catalog_sales: 217.0907397372648, 29.119750373681534, 59.57775534831192
customer: 0.6484093563631177, 0.09326295786472123, 30.707185148843806
customer_address: 0.18544994108378887, 0.0391994673316012, 25.071969207057915
customer_demographics: 0.012168197892606258, 0.008661853973387083, 16.43987419345824
date_dim: 0.0019952356815338135, 0.005559308377921623, 142.62884621620975
item: 0.005464168265461922, 0.006633136826814263, 112.12961682357822
store: 2.3781321942806244e-05, 0.0015298705813773154, 48.65920883666381
store_returns: 36.877127600833774, 4.861465282635933, 14.088505986310395
store_sales: 288.85508783441037, 39.67099806115128, 105.78168082687883
web_returns: 11.326140539720654, 1.5171743763895496, 8.500014467569622
web_sales: 109.34904180746526, 14.726344600549224, 69.35715933340026
catalog_sales: 217.0907397372648, 29.117488611212043, 49.660558248026916
customer: 0.6484093563631177, 0.0932562024040836, 30.64939312039019
customer_address: 0.18544994108378887, 0.03919753521917107, 25.014172355256097
customer_demographics: 0.012168197892606258, 0.008661727198871745, 16.439874320232757
date_dim: 0.0019952356815338135, 0.005559287590534801, 132.55816999580748
item: 0.005464168265461922, 0.0066330798983118095, 107.55727989821202
store: 2.3781321942806244e-05, 0.0015298703336113282, 48.659208836911574
store_returns: 36.877127600833774, 4.8610810778407805, 4.076012733830159
store_sales: 288.85508783441037, 39.66798862096246, 95.8652314043131
web_returns: 11.326140539720654, 1.5170563748588166, -1.5127449881750348
web_sales: 109.34904180746526, 14.725205346248767, 59.43883972494622
catalog_sales: 217.0907397372648, 29.117162508991868, 49.66088435024709
customer: 0.6484093563631177, 0.09325522839786414, 30.64508270771263
customer_address: 0.18544994108378887, 0.03919725664608411, 25.009861247145402
customer_demographics: 0.012168197892606258, 0.008661708920448846, 16.439874338511178
date_dim: 0.0019952356815338135, 0.005559284593397354, 132.55385861212082
item: 0.005464168265461922, 0.006633071690327421, 107.55727990641999
store: 2.3781321942806244e-05, 0.001529870297888285, 48.6592088369473
store_returns: 36.877127600833774, 4.861025682971341, 4.076068128699598
store_sales: 288.85508783441037, 39.66755471813654, 95.86566530713903
web_sales: 109.34904180746526, 14.725041087905225, 59.439003983289766
Function: 157.63319341492482, 8.634397227578164, 59.8473596572876, 78.98887703077797, 10.01769495004654, 0.08834314537267057, 0.05652140386187434
hiya: 0b10000111000100011111000, 157.63319341492482
catalog_sales: 217.0907397372648, 29.117162508991868, 49.66088435024709
customer: 0.6484093563631177, 0.09325522839786414, 30.64508270771263
customer_address: 0.18544994108378887, 0.03919725664608411, 25.009861247145402
customer_demographics: 0.012168197892606258, 0.008661708920448846, 16.439874338511178
date_dim: 0.0019952356815338135, 0.005559284593397354, 132.55385861212082
item: 0.005464168265461922, 0.006633071690327421, 107.55727990641999
store: 2.3781321942806244e-05, 0.001529870297888285, 48.6592088369473
store_returns: 36.877127600833774, 4.861025682971341, 4.076068128699598
store_sales: 288.85508783441037, 39.66755471813654, 95.86566530713903
web_sales: 109.34904180746526, 14.725041087905225, 59.439003983289766
catalog_sales: 217.0907397372648, 29.1157956874446, 44.355499102403755
customer: 0.6484093563631177, 0.0932511459580475, 28.084554499986233
customer_address: 0.18544994108378887, 0.03919608903766507, 22.604389415452864
customer_demographics: 0.012168197892606258, 0.008661632308451985, 16.439874415123175
date_dim: 0.0019952356815338135, 0.0055592720312257725, 126.02223781231304
item: 0.005464168265461922, 0.006633037287464672, 99.8450548721313
store: 2.3781321942806244e-05, 0.0015298701481590829, 39.72211502542609
store_sales: 288.85508783441037, 39.66573606222074, 87.08544944224917
web_sales: 109.34904180746526, 14.724352617145504, 59.439692454049485
Function: 161.67004164100913, 8.193911350223223, 69.22493934631348, 74.52828113806045, 9.590109605558713, 0.07947498081612626, 0.05332522003716231
hiya: 0b10000101000100011111000, 161.67004164100913
catalog_sales: 217.0907397372648, 29.1157956874446, 44.355499102403755
customer: 0.6484093563631177, 0.0932511459580475, 28.084554499986233
customer_address: 0.18544994108378887, 0.03919608903766507, 22.604389415452864
customer_demographics: 0.012168197892606258, 0.008661632308451985, 16.439874415123175
date_dim: 0.0019952356815338135, 0.0055592720312257725, 126.02223781231304
item: 0.005464168265461922, 0.006633037287464672, 99.8450548721313
store: 2.3781321942806244e-05, 0.0015298701481590829, 39.72211502542609
store_sales: 288.85508783441037, 39.66573606222074, 87.08544944224917
web_sales: 109.34904180746526, 14.724352617145504, 59.439692454049485
catalog_sales: 217.0907397372648, 29.114322635775334, 35.99869125856486
customer: 0.6484093563631177, 0.09324674622876418, 19.72627800420738
customer_address: 0.18544994108378887, 0.039194830682077866, 12.523119574431778
date_dim: 0.0019952356815338135, 0.00555925849271531, 109.5737017784199
item: 0.005464168265461922, 0.00663300021079252, 87.02324219424024
store: 2.3781321942806244e-05, 0.0015298699867928448, 31.63185987366396
store_sales: 288.85508783441037, 39.663776059367436, 77.0934211645836
web_sales: 109.34904180746526, 14.723610638059883, 57.53670130453975
Function: 178.10572365247305, 7.265561983531316, 86.60182476043701, 74.52680929312369, 9.582920777866047, 0.07529266881014424, 0.05331416870486439
hiya: 0b10000101000100010111000, 178.10572365247305
catalog_sales: 217.0907397372648, 29.114322635775334, 35.99869125856486
customer: 0.6484093563631177, 0.09324674622876418, 19.72627800420738
customer_address: 0.18544994108378887, 0.039194830682077866, 12.523119574431778
date_dim: 0.0019952356815338135, 0.00555925849271531, 109.5737017784199
item: 0.005464168265461922, 0.00663300021079252, 87.02324219424024
store: 2.3781321942806244e-05, 0.0015298699867928448, 31.63185987366396
store_sales: 288.85508783441037, 39.663776059367436, 77.0934211645836
web_sales: 109.34904180746526, 14.723610638059883, 57.53670130453975
catalog_sales: 217.0907397372648, 29.113614888455317, 29.038155170837783
customer: 0.6484093563631177, 0.09324463232015252, 15.414721541222189
date_dim: 0.0019952356815338135, 0.0055592519879574, 97.0113873798108
item: 0.005464168265461922, 0.006632982396810907, 78.50430692507294
store: 2.3781321942806244e-05, 0.0015298699092622836, 28.506312686885224
store_sales: 288.85508783441037, 39.662834349856766, 65.14807625882428
web_sales: 109.34904180746526, 14.723254144312708, 47.85076114485247
Function: 190.6266574151619, 6.8329623337745655, 99.59673881530762, 74.50437757733343, 9.566028625219662, 0.07326191769666875, 0.053288145829954746
hiya: 0b10000101000100010011000, 190.6266574151619
catalog_sales: 217.0907397372648, 29.113614888455317, 29.038155170837783
customer: 0.6484093563631177, 0.09324463232015252, 15.414721541222189
date_dim: 0.0019952356815338135, 0.0055592519879574, 97.0113873798108
item: 0.005464168265461922, 0.006632982396810907, 78.50430692507294
store: 2.3781321942806244e-05, 0.0015298699092622836, 28.506312686885224
store_sales: 288.85508783441037, 39.662834349856766, 65.14807625882428
web_sales: 109.34904180746526, 14.723254144312708, 47.85076114485247
catalog_sales: 217.0907397372648, 29.108054983887026, 17.8239423960724
date_dim: 0.0019952356815338135, 0.005559200888034879, 81.50342125736839
item: 0.005464168265461922, 0.00663284245415772, 74.91573187628028
store: 2.3781321942806244e-05, 0.0015298693001995448, 28.506312687494287
store_sales: 288.85508783441037, 39.65543649067416, 49.64750794446455
web_sales: 109.34904180746526, 14.720453609210109, 32.34559550641273
Function: 206.02499907357912, 3.3171476845630012, 118.62051963806152, 74.42594706227001, 9.550736260813078, 0.05742630460993624, 0.05322212326156498
hiya: 0b10000101000100010001000, 206.02499907357912
catalog_sales: 217.0907397372648, 29.108054983887026, 17.8239423960724
date_dim: 0.0019952356815338135, 0.005559200888034879, 81.50342125736839
item: 0.005464168265461922, 0.00663284245415772, 74.91573187628028
store: 2.3781321942806244e-05, 0.0015298693001995448, 28.506312687494287
store_sales: 288.85508783441037, 39.65543649067416, 49.64750794446455
web_sales: 109.34904180746526, 14.720453609210109, 32.34559550641273
date_dim: 0.0019952356815338135, 0.005559147951930017, 34.571423930345055
item: 0.005464168265461922, 0.006632697482921007, 29.6862601808969
store: 2.3781321942806244e-05, 0.0015298686692512495, 28.506312688125234
store_sales: 288.85508783441037, 39.647772802939855, 4.839921963921746
web_sales: 109.34904180746526, 14.717552441995984, -12.55572511498297
date_dim: 0.0019952356815338135, 0.005559123443184179, 32.40959662784078
item: 0.005464168265461922, 0.00663263036307523, 28.492862309320206
store: 2.3781321942806244e-05, 0.001529868377130183, 28.506312688417356
store_sales: 288.85508783441037, 39.644224612619645, 3.8750407659254833
Function: 210.96626489496052, 2.5625970711008708, 168.4688949584961, 34.940335152922046, 4.953692547197342, 0.01574743910807959, 0.024997726136100296
hiya: 0b101000100010000000, 210.96626489496052
date_dim: 0.0019952356815338135, 0.005559123443184179, 32.40959662784078
item: 0.005464168265461922, 0.00663263036307523, 28.492862309320206
store: 2.3781321942806244e-05, 0.001529868377130183, 28.506312688417356
store_sales: 288.85508783441037, 39.644224612619645, 3.8750407659254833
date_dim: 0.0019952356815338135, 0.005559014857373685, -0.005559014857373685
date_dim had no query dependencies
item: 0.005464168265461922, 0.006632332989113211, -0.006632332989113211
item had no query dependencies
store: 2.3781321942806244e-05, 0.001529867082890038, -0.001529867082890038
store had no query dependencies
Function: 214.5507574081421, 0, 214.5507574081421, 0.0, 0, 0.0, 0
hiya: 0b0, 214.5507574081421
{105.34741163287882: [0, 1, 2, 3, 4, 5, 6, 7, 10, 11, 12, 13, 14, 15, 16, 17, 18, 19, 20, 21, 22, 23], 105.64554667025823: [0, 1, 2, 3, 4, 5, 6, 7, 11, 12, 13, 14, 15, 16, 17, 18, 19, 20, 21, 22, 23], 107.75087435503985: [0, 1, 2, 3, 4, 5, 6, 7, 11, 12, 13, 15, 16, 17, 18, 19, 20, 21, 22, 23], 108.39436688982954: [0, 1, 2, 3, 4, 5, 6, 7, 11, 12, 13, 15, 16, 17, 18, 20, 21, 22, 23], 110.11189163602145: [0, 1, 2, 3, 4, 5, 6, 7, 11, 12, 13, 15, 16, 17, 20, 21, 22, 23], 112.66391817307522: [1, 2, 3, 4, 5, 6, 7, 11, 12, 13, 15, 16, 17, 20, 21, 22, 23], 120.05597086572821: [1, 2, 3, 4, 5, 6, 7, 11, 12, 13, 15, 16, 17, 21, 22, 23], 128.09399514118078: [1, 2, 3, 4, 5, 6, 7, 11, 12, 15, 16, 17, 21, 22, 23], 143.7971128928675: [1, 2, 3, 4, 5, 6, 7, 11, 15, 16, 17, 21, 22, 23], 151.17499442579975: [2, 3, 4, 5, 6, 7, 11, 15, 16, 17, 21, 22, 23], 152.1775215658818: [2, 3, 4, 5, 6, 7, 11, 15, 16, 17, 21, 22], 157.63319341492482: [3, 4, 5, 6, 7, 11, 15, 16, 17, 22], 161.67004164100913: [3, 4, 5, 6, 7, 11, 15, 17, 22], 178.10572365247305: [3, 4, 5, 7, 11, 15, 17, 22], 190.6266574151619: [3, 4, 7, 11, 15, 17, 22], 206.02499907357912: [3, 7, 11, 15, 17, 22], 210.96626489496052: [7, 11, 15, 17], 214.5507574081421: []}
[0, 1, 2, 3, 4, 5, 6, 7, 10, 11, 12, 13, 14, 15, 16, 17, 18, 19, 20, 21, 22, 23]
{'58': 4327560, '80': 14915726, '74': 4325520, '99': 540809, '57': 2185, '75': 6490252, '62': 13123712, '86': 4196480, '15': 184, '59': 163968, '30': 2097328, '78': 6488204, '82': 134272, '92': 4196480, '87': 4325528, '89': 166016, '20': 2184, '26': 6344, '01': 98448, '07': 137408, '65': 166016, '31': 4325536, '77': 7569548, '43': 163968, '24': 231472, '51': 4325504, '21': 527488, '48': 164064, '14': 4327560, '45': 4196528, '35': 4325624, '10': 4325624, '12': 4196480, '08': 164016, '71': 4589704, '56': 4327592, '28': 131072, '22': 527488, '55': 133248, '81': 180, '09': 139264, '18': 2296, '70': 163968, '98': 133248, '95': 14680224, '44': 133120, '83': 2164868, '17': 231560, '16': 173, '69': 4325624, '23': 4327576, '85': 7348448, '25': 231560, '02': 4194440, '19': 166064, '50': 229504, '29': 231560, '53': 166016, '39': 527488, '97': 131208, '54': 4360376, '94': 14680224, '03': 133248, '40': 526476, '42': 133248, '67': 166016, '47': 166016, '33': 4327592, '93': 204800, '63': 166016, '66': 4997256, '11': 4325520, '04': 4325528, '61': 170160, '06': 133296, '05': 14909582, '36': 166016, '52': 133248, '32': 2184, '76': 4327560, '37': 3208, '49': 6488204, '38': 4325528, '60': 4327592, '27': 166080}
Best Cost: $105.34741163287882;
[0, 1, 2, 3, 4, 5, 6, 7, 10, 11, 12, 13, 14, 15, 16, 17, 18, 19, 20, 21, 22, 23]
{}
{'58': 4327560, '80': 14915726, '74': 4325520, '99': 540809, '57': 2185, '75': 6490252, '62': 13123712, '86': 4196480, '15': 184, '59': 163968, '30': 2097328, '78': 6488204, '82': 134272, '92': 4196480, '87': 4325528, '89': 166016, '20': 2184, '26': 6344, '01': 98448, '07': 137408, '65': 166016, '31': 4325536, '77': 7569548, '43': 163968, '24': 231472, '51': 4325504, '21': 527488, '48': 164064, '14': 4327560, '45': 4196528, '35': 4325624, '10': 4325624, '12': 4196480, '08': 164016, '71': 4589704, '56': 4327592, '28': 131072, '22': 527488, '55': 133248, '81': 180, '09': 139264, '18': 2296, '70': 163968, '98': 133248, '95': 14680224, '44': 133120, '83': 2164868, '17': 231560, '16': 173, '69': 4325624, '23': 4327576, '85': 7348448, '25': 231560, '02': 4194440, '19': 166064, '50': 229504, '29': 231560, '53': 166016, '39': 527488, '97': 131208, '54': 4360376, '94': 14680224, '03': 133248, '40': 526476, '42': 133248, '67': 166016, '47': 166016, '33': 4327592, '93': 204800, '63': 166016, '66': 4997256, '11': 4325520, '04': 4325528, '61': 170160, '06': 133296, '05': 14909582, '36': 166016, '52': 133248, '32': 2184, '76': 4327560, '37': 3208, '49': 6488204, '38': 4325528, '60': 4327592, '27': 166080}
{'58': 4327560, '80': 14915726, '74': 4325520, '99': 540809, '57': 2185, '75': 6490252, '62': 13123712, '86': 4196480, '15': 184, '59': 163968, '30': 2097328, '78': 6488204, '82': 134272, '92': 4196480, '87': 4325528, '89': 166016, '20': 2184, '26': 6344, '01': 98448, '07': 137408, '65': 166016, '31': 4325536, '77': 7569548, '43': 163968, '24': 231472, '51': 4325504, '21': 527488, '48': 164064, '14': 4327560, '45': 4196528, '35': 4325624, '10': 4325624, '12': 4196480, '08': 164016, '71': 4589704, '56': 4327592, '28': 131072, '22': 527488, '55': 133248, '81': 180, '09': 139264, '18': 2296, '70': 163968, '98': 133248, '95': 14680224, '44': 133120, '83': 2164868, '17': 231560, '16': 173, '69': 4325624, '23': 4327576, '85': 7348448, '25': 231560, '02': 4194440, '19': 166064, '50': 229504, '29': 231560, '53': 166016, '39': 527488, '97': 131208, '54': 4360376, '94': 14680224, '03': 133248, '40': 526476, '42': 133248, '67': 166016, '47': 166016, '33': 4327592, '93': 204800, '63': 166016, '66': 4997256, '11': 4325520, '04': 4325528, '61': 170160, '06': 133296, '05': 14909582, '36': 166016, '52': 133248, '32': 2184, '76': 4327560, '37': 3208, '49': 6488204, '38': 4325528, '60': 4327592, '27': 166080}
[0, 1, 2, 3, 4, 5, 6, 7, 10, 11, 12, 13, 14, 15, 16, 17, 18, 19, 20, 21, 22, 23]
22
Optimal Subset: 0b111111111111110011111111
Function: 105.34741163287882, 11.441141698954905, 4.76837158203125e-05, 83.21532427028306, 10.521647833363213, 0.10958981021773201, 0.0596603363440782
105.34741163287882
Real: 105.34741163287882, 11.441141698954905, 4.76837158203125e-05, 83.21532427028306, 10.521647833363213, 0.10958981021773201, 0.0596603363440782
Num Redshift Qs: 85; Num GCP Qs: 1
Redshift Qs: $11.441141698954905; GCP Qs: $4.76837158203125e-05; Movement Cost: $83.21532427028306
Load Cost: $10.521647833363213, Storage Cost: $0.10958981021773201, API Cost: $0.0596603363440782
Final cost: $105.34741163287882, BQ Baseline: $214.5507574081421, Diff: $109.20334577526327, %: 50.89860650900646%
