Egress: $0.12/GB
Benchmark: tpcds
Data Path: parquet_2000/real_data_rs4
BigQuery Cost: $5/TB; DuckDB Cost: $1.48/hr; Redshift Cost: $4.344/hr
Use Duck: False
Excluded Table: inventory
Excluded Query: None

Starting analysis without using DuckDB
Redshift Total: $13.822274653638202, Redshift-Calcite Total: $14.021076957405414, BigQuery Total: $238.37518692016602
Excluding table inventory and any queries that depend on it
Total Keys: 93, Keys Considered: 92
call_center: 5.735084414482117e-06, 0.0016639790722938013, 3.0991811571012726
catalog_page: 0.0006659524515271187, 0.0016515109864199877, 17.257384480639367
catalog_returns: 23.366260116919875, 3.0615604976706763, 39.615475966324304
catalog_sales: 217.0907397372648, 29.12393562411858, 98.31505034317738
customer: 0.6484093563631177, 0.09327545842345251, 48.159036246315466
customer_address: 0.18544994108378887, 0.0392030425851929, 43.794786852900046
customer_demographics: 0.012168197892606258, 0.008662088561723784, 29.434750873023003
date_dim: 0.0019952356815338135, 0.005559346843684918, 198.64625196894406
household_demographics: 3.512948751449585e-05, 0.0015011258706952603, 23.16319657689477
income_band: 6.137415766716003e-07, 0.001442219456964582, 6.6455240826311375
item: 0.005464168265461922, 0.006633242169458767, 138.35737288272276
promotion: 2.6027671992778778e-05, 0.0015120729771211185, 22.33934054223945
reason: 1.2423843145370483e-06, 0.001579868098160559, 8.502900871819595
ship_mode: 1.5795230865478516e-06, 0.0017056555403102108, 2.1057617470768264
store: 2.3781321942806244e-05, 0.0015298710398528276, 98.2714613478974
store_returns: 36.877127600833774, 4.862176229655576, 46.188929646319714
store_sales: 288.85508783441037, 39.67656684259292, 167.2754487650741
time_dim: 0.0012104213237762451, 0.014686460831608166, 8.78178837018684
warehouse: 2.3292377591133118e-06, 0.01770620609942077, 2.7510818623381557
web_page: 1.0661780834197998e-05, 0.014096261771181576, 7.700651078982691
web_returns: 11.326140539720654, 1.5173927308651998, 34.18746216784029
web_sales: 109.34904180746526, 14.728452719603814, 98.69183703166995
web_site: 8.863396942615509e-06, 0.018448465845151096, 18.512812486522634
{}
{}
STARTING PHASE 2: 0b111111111111101111111111
----
[0, 1, 2, 3, 4, 5, 6, 7, 8, 9, 11, 12, 13, 14, 15, 16, 17, 18, 19, 20, 21, 22, 23]
Function: 106.3133517318517, 12.45329764545282, 4.76837158203125e-05, 83.18545010680042, 10.500414107511839, 0.11449319100894552, 0.05964899736185373
call_center: 5.735084414482117e-06, 0.0016639790722938013, 3.0991811571012726
catalog_page: 0.0006659524515271187, 0.0016515109864199877, 17.257384480639367
catalog_returns: 23.366260116919875, 3.0615604976706763, 39.615475966324304
catalog_sales: 217.0907397372648, 29.12393562411858, 98.31505034317738
customer: 0.6484093563631177, 0.09327545842345251, 48.159036246315466
customer_address: 0.18544994108378887, 0.0392030425851929, 43.794786852900046
customer_demographics: 0.012168197892606258, 0.008662088561723784, 29.434750873023003
date_dim: 0.0019952356815338135, 0.005559346843684918, 198.64625196894406
household_demographics: 3.512948751449585e-05, 0.0015011258706952603, 23.16319657689477
income_band: 6.137415766716003e-07, 0.001442219456964582, 6.6455240826311375
item: 0.005464168265461922, 0.006633242169458767, 138.35737288272276
promotion: 2.6027671992778778e-05, 0.0015120729771211185, 22.33934054223945
reason: 1.2423843145370483e-06, 0.001579868098160559, 8.502900871819595
ship_mode: 1.5795230865478516e-06, 0.0017056555403102108, 2.1057617470768264
store: 2.3781321942806244e-05, 0.0015298710398528276, 98.2714613478974
store_returns: 36.877127600833774, 4.862176229655576, 46.188929646319714
store_sales: 288.85508783441037, 39.67656684259292, 167.2754487650741
time_dim: 0.0012104213237762451, 0.014686460831608166, 8.78178837018684
warehouse: 2.3292377591133118e-06, 0.01770620609942077, 2.7510818623381557
web_page: 1.0661780834197998e-05, 0.014096261771181576, 7.700651078982691
web_returns: 11.326140539720654, 1.5173927308651998, 34.18746216784029
web_sales: 109.34904180746526, 14.728452719603814, 98.69183703166995
web_site: 8.863396942615509e-06, 0.018448465845151096, 18.512812486522634
call_center: 5.735084414482117e-06, 0.0016639790686740492, 2.6006129978711634
catalog_page: 0.0006659524515271187, 0.0016515105660978844, 17.257384481059688
catalog_returns: 23.366260116919875, 3.0615457498375926, 39.61549071415739
catalog_sales: 217.0907397372648, 29.123798605272704, 96.45843142472353
customer: 0.6484093563631177, 0.09327504917383748, 48.15903665556508
customer_address: 0.18544994108378887, 0.039202925536732304, 43.794786969948504
customer_demographics: 0.012168197892606258, 0.008662080881652153, 29.434750880703074
date_dim: 0.0019952356815338135, 0.005559345584373301, 196.53878456758622
household_demographics: 3.512948751449585e-05, 0.0015011258485229566, 23.163196576916942
income_band: 6.137415766716003e-07, 0.0014422194565772133, 6.645524082631525
item: 0.005464168265461922, 0.006633238720697984, 138.35737288617153
promotion: 2.6027671992778778e-05, 0.0015120729606935106, 22.33934054225588
reason: 1.2423843145370483e-06, 0.0015798680973764167, 8.502900871820378
store: 2.3781321942806244e-05, 0.0015298710248430243, 98.2714613479124
store_returns: 36.877127600833774, 4.862152954312422, 46.18895292166287
store_sales: 288.85508783441037, 39.67638452900917, 167.27563107865782
time_dim: 0.0012104213237762451, 0.014686460067639455, 7.423600592884809
warehouse: 2.3292377591133118e-06, 0.01770620609795065, 0.6436144597224891
web_page: 1.0661780834197998e-05, 0.014096261764452292, 7.700651078989421
web_returns: 11.326140539720654, 1.5173855822659235, 34.18746931643956
web_sales: 109.34904180746526, 14.728383702935833, 97.08300680495452
web_site: 8.863396942615509e-06, 0.01844846583955688, 18.262101021210817
Function: 108.41867941659896, 12.3679721556139, 2.192840576171875, 83.18544991574393, 10.498718641913731, 0.1140591299301559, 0.05963899722538294
hiya: 0b111111111011101111111111, 108.41867941659896
call_center: 5.735084414482117e-06, 0.0016639790686740492, 2.6006129978711634
catalog_page: 0.0006659524515271187, 0.0016515105660978844, 17.257384481059688
catalog_returns: 23.366260116919875, 3.0615457498375926, 39.61549071415739
catalog_sales: 217.0907397372648, 29.123798605272704, 96.45843142472353
customer: 0.6484093563631177, 0.09327504917383748, 48.15903665556508
customer_address: 0.18544994108378887, 0.039202925536732304, 43.794786969948504
customer_demographics: 0.012168197892606258, 0.008662080881652153, 29.434750880703074
date_dim: 0.0019952356815338135, 0.005559345584373301, 196.53878456758622
household_demographics: 3.512948751449585e-05, 0.0015011258485229566, 23.163196576916942
income_band: 6.137415766716003e-07, 0.0014422194565772133, 6.645524082631525
item: 0.005464168265461922, 0.006633238720697984, 138.35737288617153
promotion: 2.6027671992778778e-05, 0.0015120729606935106, 22.33934054225588
reason: 1.2423843145370483e-06, 0.0015798680973764167, 8.502900871820378
store: 2.3781321942806244e-05, 0.0015298710248430243, 98.2714613479124
store_returns: 36.877127600833774, 4.862152954312422, 46.18895292166287
store_sales: 288.85508783441037, 39.67638452900917, 167.27563107865782
time_dim: 0.0012104213237762451, 0.014686460067639455, 7.423600592884809
warehouse: 2.3292377591133118e-06, 0.01770620609795065, 0.6436144597224891
web_page: 1.0661780834197998e-05, 0.014096261764452292, 7.700651078989421
web_returns: 11.326140539720654, 1.5173855822659235, 34.18746931643956
web_sales: 109.34904180746526, 14.728383702935833, 97.08300680495452
web_site: 8.863396942615509e-06, 0.01844846583955688, 18.262101021210817
call_center: 5.735084414482117e-06, 0.0016639790676573022, 2.60061299787218
catalog_page: 0.0006659524515271187, 0.001651510448034207, 17.257384481177752
catalog_returns: 23.366260116919875, 3.0615416073397492, 38.95417419083479
catalog_sales: 217.0907397372648, 29.12376011824411, 95.79714924593166
customer: 0.6484093563631177, 0.09327493422029562, 48.159036770518625
customer_address: 0.18544994108378887, 0.039202892659156816, 43.794787002826084
customer_demographics: 0.012168197892606258, 0.008662078724407765, 29.434750882860317
date_dim: 0.0019952356815338135, 0.005559345230647054, 195.87746390211947
household_demographics: 3.512948751449585e-05, 0.0015011258422950096, 23.16319657692317
income_band: 6.137415766716003e-07, 0.001442219456468406, 6.645524082631634
item: 0.005464168265461922, 0.006633237751980477, 137.6960522213198
promotion: 2.6027671992778778e-05, 0.001512072956079183, 22.339340542260494
reason: 1.2423843145370483e-06, 0.0015798680971561598, 8.502900871820598
store: 2.3781321942806244e-05, 0.001529871020626942, 98.27146134791663
store_returns: 36.877127600833774, 4.862146416534412, 46.18895945944087
store_sales: 288.85508783441037, 39.67633331920613, 167.27568228846087
time_dim: 0.0012104213237762451, 0.014686459853049371, 7.423600593099399
web_page: 1.0661780834197998e-05, 0.014096261762562115, 7.700651078991311
web_returns: 11.326140539720654, 1.5173835743060478, 34.18747132439944
web_sales: 109.34904180746526, 14.7283643169422, 97.08302619094815
web_site: 8.863396942615509e-06, 0.01844846583798553, 18.26210102121239
Function: 109.06217195136496, 12.361224889305435, 2.8609085083007812, 83.18544963400322, 10.481022715911864, 0.11393720681953039, 0.0596289970241368
hiya: 0b111101111011101111111111, 109.06217195136496
call_center: 5.735084414482117e-06, 0.0016639790676573022, 2.60061299787218
catalog_page: 0.0006659524515271187, 0.001651510448034207, 17.257384481177752
catalog_returns: 23.366260116919875, 3.0615416073397492, 38.95417419083479
catalog_sales: 217.0907397372648, 29.12376011824411, 95.79714924593166
customer: 0.6484093563631177, 0.09327493422029562, 48.159036770518625
customer_address: 0.18544994108378887, 0.039202892659156816, 43.794787002826084
customer_demographics: 0.012168197892606258, 0.008662078724407765, 29.434750882860317
date_dim: 0.0019952356815338135, 0.005559345230647054, 195.87746390211947
household_demographics: 3.512948751449585e-05, 0.0015011258422950096, 23.16319657692317
income_band: 6.137415766716003e-07, 0.001442219456468406, 6.645524082631634
item: 0.005464168265461922, 0.006633237751980477, 137.6960522213198
promotion: 2.6027671992778778e-05, 0.001512072956079183, 22.339340542260494
reason: 1.2423843145370483e-06, 0.0015798680971561598, 8.502900871820598
store: 2.3781321942806244e-05, 0.001529871020626942, 98.27146134791663
store_returns: 36.877127600833774, 4.862146416534412, 46.18895945944087
store_sales: 288.85508783441037, 39.67633331920613, 167.27568228846087
time_dim: 0.0012104213237762451, 0.014686459853049371, 7.423600593099399
web_page: 1.0661780834197998e-05, 0.014096261762562115, 7.700651078991311
web_returns: 11.326140539720654, 1.5173835743060478, 34.18747132439944
web_sales: 109.34904180746526, 14.7283643169422, 97.08302619094815
web_site: 8.863396942615509e-06, 0.01844846583798553, 18.26210102121239
catalog_page: 0.0006659524515271187, 0.0016515100120489345, 17.257384481613737
catalog_returns: 23.366260116919875, 3.06152630993336, 37.84490564861486
catalog_sales: 217.0907397372648, 29.123617993434554, 93.24317745435367
customer: 0.6484093563631177, 0.09327450972012395, 48.11087413446653
customer_address: 0.18544994108378887, 0.039202771248922595, 42.68550328461
customer_demographics: 0.012168197892606258, 0.008662070758140709, 29.386587830274305
date_dim: 0.0019952356815338135, 0.005559343924407591, 193.27518692648587
household_demographics: 3.512948751449585e-05, 0.0015011258192964621, 23.11503351639389
income_band: 6.137415766716003e-07, 0.001442219456066602, 6.645524082632035
item: 0.005464168265461922, 0.006633234174702722, 136.20305908758357
promotion: 2.6027671992778778e-05, 0.0015120729390394054, 22.339340542277533
reason: 1.2423843145370483e-06, 0.0015798680963427965, 8.502900871821412
store: 2.3781321942806244e-05, 0.0015298710050578033, 98.27146134793219
store_returns: 36.877127600833774, 4.862122273843003, 46.18898360213228
store_sales: 288.85508783441037, 39.67614421176471, 167.2758713959023
time_dim: 0.0012104213237762451, 0.014686459060611608, 7.423600593891837
web_page: 1.0661780834197998e-05, 0.014096261755582066, 7.700651078998291
web_returns: 11.326140539720654, 1.5173761593164947, 34.18747873938899
web_sales: 109.34904180746526, 14.728292728390054, 97.08309777950029
web_site: 8.863396942615509e-06, 0.018448465832182848, 18.262101021218193
Function: 111.66233470779234, 12.272614415073397, 5.551795959472656, 83.18544894029696, 10.479369426500002, 0.11348696992068273, 0.059618996528625505
hiya: 0b111101111011101111111110, 111.66233470779234
catalog_page: 0.0006659524515271187, 0.0016515100120489345, 17.257384481613737
catalog_returns: 23.366260116919875, 3.06152630993336, 37.84490564861486
catalog_sales: 217.0907397372648, 29.123617993434554, 93.24317745435367
customer: 0.6484093563631177, 0.09327450972012395, 48.11087413446653
customer_address: 0.18544994108378887, 0.039202771248922595, 42.68550328461
customer_demographics: 0.012168197892606258, 0.008662070758140709, 29.386587830274305
date_dim: 0.0019952356815338135, 0.005559343924407591, 193.27518692648587
household_demographics: 3.512948751449585e-05, 0.0015011258192964621, 23.11503351639389
income_band: 6.137415766716003e-07, 0.001442219456066602, 6.645524082632035
item: 0.005464168265461922, 0.006633234174702722, 136.20305908758357
promotion: 2.6027671992778778e-05, 0.0015120729390394054, 22.339340542277533
reason: 1.2423843145370483e-06, 0.0015798680963427965, 8.502900871821412
store: 2.3781321942806244e-05, 0.0015298710050578033, 98.27146134793219
store_returns: 36.877127600833774, 4.862122273843003, 46.18898360213228
store_sales: 288.85508783441037, 39.67614421176471, 167.2758713959023
time_dim: 0.0012104213237762451, 0.014686459060611608, 7.423600593891837
web_page: 1.0661780834197998e-05, 0.014096261755582066, 7.700651078998291
web_returns: 11.326140539720654, 1.5173761593164947, 34.18747873938899
web_sales: 109.34904180746526, 14.728292728390054, 97.08309777950029
web_site: 8.863396942615509e-06, 0.018448465832182848, 18.262101021218193
catalog_page: 0.0006659524515271187, 0.0016515075417128495, 17.257384484084074
catalog_returns: 23.366260116919875, 3.0614396333014082, 31.211842396141382
catalog_sales: 217.0907397372648, 29.12281270007335, 86.61083281860944
customer: 0.6484093563631177, 0.0932721044597676, 41.463910237638785
customer_address: 0.18544994108378887, 0.03920208332641346, 36.038537670444406
customer_demographics: 0.012168197892606258, 0.008662025620476188, 22.739621573323866
date_dim: 0.0019952356815338135, 0.005559336523124374, 186.64203700478168
household_demographics: 3.512948751449585e-05, 0.0015011256889843948, 16.468067214436097
item: 0.005464168265461922, 0.006633213905489793, 129.56990917874734
promotion: 2.6027671992778778e-05, 0.0015120728424903242, 15.70619061326864
reason: 1.2423843145370483e-06, 0.0015798680917341991, 8.50290087182602
store: 2.3781321942806244e-05, 0.0015298709168415085, 91.63831141891495
store_returns: 36.877127600833774, 4.861985478942985, 39.5421540949442
store_sales: 288.85508783441037, 39.67507271012044, 160.64379296844115
time_dim: 0.0012104213237762451, 0.014686454570580125, 7.423600598381868
web_page: 1.0661780834197998e-05, 0.014096261716032423, 7.700651079037841
web_returns: 11.326140539720654, 1.5173341452453477, 34.187520753460134
web_sales: 109.34904180746526, 14.727887100505933, 97.08350340738441
web_site: 8.863396942615509e-06, 0.01844846579930427, 18.26210102125107
Function: 118.30530770799999, 11.762603063658075, 12.708773612976074, 83.18544886605982, 10.47793728084723, 0.11093588798318854, 0.05960899647559823
hiya: 0b111101111011100111111110, 118.30530770799999
catalog_page: 0.0006659524515271187, 0.0016515075417128495, 17.257384484084074
catalog_returns: 23.366260116919875, 3.0614396333014082, 31.211842396141382
catalog_sales: 217.0907397372648, 29.12281270007335, 86.61083281860944
customer: 0.6484093563631177, 0.0932721044597676, 41.463910237638785
customer_address: 0.18544994108378887, 0.03920208332641346, 36.038537670444406
customer_demographics: 0.012168197892606258, 0.008662025620476188, 22.739621573323866
date_dim: 0.0019952356815338135, 0.005559336523124374, 186.64203700478168
household_demographics: 3.512948751449585e-05, 0.0015011256889843948, 16.468067214436097
item: 0.005464168265461922, 0.006633213905489793, 129.56990917874734
promotion: 2.6027671992778778e-05, 0.0015120728424903242, 15.70619061326864
reason: 1.2423843145370483e-06, 0.0015798680917341991, 8.50290087182602
store: 2.3781321942806244e-05, 0.0015298709168415085, 91.63831141891495
store_returns: 36.877127600833774, 4.861985478942985, 39.5421540949442
store_sales: 288.85508783441037, 39.67507271012044, 160.64379296844115
time_dim: 0.0012104213237762451, 0.014686454570580125, 7.423600598381868
web_page: 1.0661780834197998e-05, 0.014096261716032423, 7.700651079037841
web_returns: 11.326140539720654, 1.5173341452453477, 34.187520753460134
web_sales: 109.34904180746526, 14.727887100505933, 97.08350340738441
web_site: 8.863396942615509e-06, 0.01844846579930427, 18.26210102125107
catalog_page: 0.0006659524515271187, 0.0016515071192516088, 17.257384484506535
catalog_returns: 23.366260116919875, 3.0614248104124533, 31.211857219030335
catalog_sales: 217.0907397372648, 29.122674983900023, 84.87838078864611
customer: 0.6484093563631177, 0.09327169312736615, 41.463910648971186
customer_address: 0.18544994108378887, 0.03920196568226032, 36.03853778808856
customer_demographics: 0.012168197892606258, 0.008662017901318512, 22.739621581043025
date_dim: 0.0019952356815338135, 0.005559335257403767, 184.9094472599108
household_demographics: 3.512948751449585e-05, 0.00150112566669925, 10.7623699076426
item: 0.005464168265461922, 0.006633210439177297, 127.83731943607698
promotion: 2.6027671992778778e-05, 0.0015120728259791114, 15.706190613285152
reason: 1.2423843145370483e-06, 0.0015798680909460661, 8.502900871826808
store: 2.3781321942806244e-05, 0.0015298709017553163, 86.2402448851722
store_returns: 36.877127600833774, 4.861962085145062, 39.54217748874213
store_sales: 288.85508783441037, 39.67488946869158, 153.51331992997547
web_page: 1.0661780834197998e-05, 0.014096261709268894, 7.393020305986666
web_returns: 11.326140539720654, 1.5173269602648387, 34.187527938440645
web_sales: 109.34904180746526, 14.727817732592715, 95.04335225610303
web_site: 8.863396942615509e-06, 0.018448465793681583, 18.262101021256694
Function: 125.72847087729468, 11.689670138278005, 20.219993591308594, 83.18530245551385, 10.46340637666861, 0.11049942363042295, 0.059598891895195856
hiya: 0b111100111011100111111110, 125.72847087729468
catalog_page: 0.0006659524515271187, 0.0016515071192516088, 17.257384484506535
catalog_returns: 23.366260116919875, 3.0614248104124533, 31.211857219030335
catalog_sales: 217.0907397372648, 29.122674983900023, 84.87838078864611
customer: 0.6484093563631177, 0.09327169312736615, 41.463910648971186
customer_address: 0.18544994108378887, 0.03920196568226032, 36.03853778808856
customer_demographics: 0.012168197892606258, 0.008662017901318512, 22.739621581043025
date_dim: 0.0019952356815338135, 0.005559335257403767, 184.9094472599108
household_demographics: 3.512948751449585e-05, 0.00150112566669925, 10.7623699076426
item: 0.005464168265461922, 0.006633210439177297, 127.83731943607698
promotion: 2.6027671992778778e-05, 0.0015120728259791114, 15.706190613285152
reason: 1.2423843145370483e-06, 0.0015798680909460661, 8.502900871826808
store: 2.3781321942806244e-05, 0.0015298709017553163, 86.2402448851722
store_returns: 36.877127600833774, 4.861962085145062, 39.54217748874213
store_sales: 288.85508783441037, 39.67488946869158, 153.51331992997547
web_page: 1.0661780834197998e-05, 0.014096261709268894, 7.393020305986666
web_returns: 11.326140539720654, 1.5173269602648387, 34.187527938440645
web_sales: 109.34904180746526, 14.727817732592715, 95.04335225610303
web_site: 8.863396942615509e-06, 0.018448465793681583, 18.262101021256694
catalog_page: 0.0006659524515271187, 0.0016515061822729039, 17.257384485443513
catalog_returns: 23.366260116919875, 3.061391934659693, 24.268320298155732
catalog_sales: 217.0907397372648, 29.122369542573495, 77.93511643334527
customer: 0.6484093563631177, 0.09327078083136411, 41.46391156126719
customer_address: 0.18544994108378887, 0.039201704758758574, 35.5749912779435
customer_demographics: 0.012168197892606258, 0.00866200078096363, 22.27607482709481
date_dim: 0.0019952356815338135, 0.005559332450156281, 177.5023306950221
household_demographics: 3.512948751449585e-05, 0.0015011256172729258, 10.762369907692028
item: 0.005464168265461922, 0.006633202751227063, 127.83731944376493
promotion: 2.6027671992778778e-05, 0.0015120727893588178, 15.706190613321773
reason: 1.2423843145370483e-06, 0.001579868089198062, 8.039354100759983
store: 2.3781321942806244e-05, 0.0015298708682955817, 79.29667508857831
store_returns: 36.877127600833774, 4.861910199934358, 32.59865957732547
store_sales: 288.85508783441037, 39.67448305669395, 146.57015654534575
web_returns: 11.326140539720654, 1.5173110246639232, 26.780427306345626
web_sales: 109.34904180746526, 14.727663881182817, 87.63638953981699
web_site: 8.863396942615509e-06, 0.018448465781211003, 18.262101021269164
Function: 133.12052356985964, 11.50976869297345, 27.807011604309082, 83.18530116588262, 10.449321397007305, 0.10953181871314731, 0.05958889097401799
hiya: 0b111000111011100111111110, 133.12052356985964
catalog_page: 0.0006659524515271187, 0.0016515061822729039, 17.257384485443513
catalog_returns: 23.366260116919875, 3.061391934659693, 24.268320298155732
catalog_sales: 217.0907397372648, 29.122369542573495, 77.93511643334527
customer: 0.6484093563631177, 0.09327078083136411, 41.46391156126719
customer_address: 0.18544994108378887, 0.039201704758758574, 35.5749912779435
customer_demographics: 0.012168197892606258, 0.00866200078096363, 22.27607482709481
date_dim: 0.0019952356815338135, 0.005559332450156281, 177.5023306950221
household_demographics: 3.512948751449585e-05, 0.0015011256172729258, 10.762369907692028
item: 0.005464168265461922, 0.006633202751227063, 127.83731944376493
promotion: 2.6027671992778778e-05, 0.0015120727893588178, 15.706190613321773
reason: 1.2423843145370483e-06, 0.001579868089198062, 8.039354100759983
store: 2.3781321942806244e-05, 0.0015298708682955817, 79.29667508857831
store_returns: 36.877127600833774, 4.861910199934358, 32.59865957732547
store_sales: 288.85508783441037, 39.67448305669395, 146.57015654534575
web_returns: 11.326140539720654, 1.5173110246639232, 26.780427306345626
web_sales: 109.34904180746526, 14.727663881182817, 87.63638953981699
web_site: 8.863396942615509e-06, 0.018448465781211003, 18.262101021269164
catalog_page: 0.0006659524515271187, 0.0016515048945374524, 17.25738448673125
catalog_returns: 23.366260116919875, 3.0613467519121067, 24.268365480903316
catalog_sales: 217.0907397372648, 29.121949759687926, 77.93553621623084
customer: 0.6484093563631177, 0.09326952701855305, 41.46391281507999
customer_address: 0.18544994108378887, 0.039201346158886964, 35.574991636543366
customer_demographics: 0.012168197892606258, 0.008661977251626407, 22.276074850624145
date_dim: 0.0019952356815338135, 0.00555932859201939, 177.50233069888023
household_demographics: 3.512948751449585e-05, 0.0015011255493439222, 10.762369907759956
item: 0.005464168265461922, 0.006633192185302766, 127.83731945433085
promotion: 2.6027671992778778e-05, 0.0015120727390297653, 15.706190613372103
store: 2.3781321942806244e-05, 0.0015298708223102394, 79.2966750886243
store_returns: 36.877127600833774, 4.861838891563239, 31.347168369008877
store_sales: 288.85508783441037, 39.6739245048993, 138.5297811282912
web_returns: 11.326140539720654, 1.5172891235917545, 26.780449207417792
web_sales: 109.34904180746526, 14.727452435699883, 87.63660098529992
web_site: 8.863396942615509e-06, 0.018448465764072074, 18.262101021286302
Function: 141.15854784523972, 11.244733423541385, 36.11298084259033, 83.18530101560587, 10.447751678309439, 0.1082019943260458, 0.05957889086667598
hiya: 0b111000111001100111111110, 141.15854784523972
catalog_page: 0.0006659524515271187, 0.0016515048945374524, 17.25738448673125
catalog_returns: 23.366260116919875, 3.0613467519121067, 24.268365480903316
catalog_sales: 217.0907397372648, 29.121949759687926, 77.93553621623084
customer: 0.6484093563631177, 0.09326952701855305, 41.46391281507999
customer_address: 0.18544994108378887, 0.039201346158886964, 35.574991636543366
customer_demographics: 0.012168197892606258, 0.008661977251626407, 22.276074850624145
date_dim: 0.0019952356815338135, 0.00555932859201939, 177.50233069888023
household_demographics: 3.512948751449585e-05, 0.0015011255493439222, 10.762369907759956
item: 0.005464168265461922, 0.006633192185302766, 127.83731945433085
promotion: 2.6027671992778778e-05, 0.0015120727390297653, 15.706190613372103
store: 2.3781321942806244e-05, 0.0015298708223102394, 79.2966750886243
store_returns: 36.877127600833774, 4.861838891563239, 31.347168369008877
store_sales: 288.85508783441037, 39.6739245048993, 138.5297811282912
web_returns: 11.326140539720654, 1.5172891235917545, 26.780449207417792
web_sales: 109.34904180746526, 14.727452435699883, 87.63660098529992
web_site: 8.863396942615509e-06, 0.018448465764072074, 18.262101021286302
catalog_page: 0.0006659524515271187, 0.0016515024803763717, 17.25738448914541
catalog_returns: 23.366260116919875, 3.061262046291394, 24.26845018652403
catalog_sales: 217.0907397372648, 29.12116277855494, 77.93632319736383
customer: 0.6484093563631177, 0.09326717645339064, 33.32174015752145
customer_address: 0.18544994108378887, 0.039200673879613686, 28.70804072320081
customer_demographics: 0.012168197892606258, 0.008661933140384373, 19.654378869549802
date_dim: 0.0019952356815338135, 0.0055593213590400415, 166.73845967280388
item: 0.005464168265461922, 0.006633172377008144, 127.83731947413915
promotion: 2.6027671992778778e-05, 0.001512072644676193, 15.706190613466456
store: 2.3781321942806244e-05, 0.0015298707360999677, 68.5328040554012
store_returns: 36.877127600833774, 4.861705207354987, 31.347302053217128
store_sales: 288.85508783441037, 39.672877369012404, 127.7669572308688
web_returns: 11.326140539720654, 1.5172480649131344, 26.780490266096415
web_sales: 109.34904180746526, 14.727056031721913, 87.6369973892779
web_site: 8.863396942615509e-06, 0.01844846573194115, 18.262101021318436
Function: 151.9184246532047, 10.74640696234385, 47.37517833709717, 83.1852967664016, 10.446264776860874, 0.1057089226697128, 0.05956888783148826
hiya: 0b111000111001100011111110, 151.9184246532047
catalog_page: 0.0006659524515271187, 0.0016515024803763717, 17.25738448914541
catalog_returns: 23.366260116919875, 3.061262046291394, 24.26845018652403
catalog_sales: 217.0907397372648, 29.12116277855494, 77.93632319736383
customer: 0.6484093563631177, 0.09326717645339064, 33.32174015752145
customer_address: 0.18544994108378887, 0.039200673879613686, 28.70804072320081
customer_demographics: 0.012168197892606258, 0.008661933140384373, 19.654378869549802
date_dim: 0.0019952356815338135, 0.0055593213590400415, 166.73845967280388
item: 0.005464168265461922, 0.006633172377008144, 127.83731947413915
promotion: 2.6027671992778778e-05, 0.001512072644676193, 15.706190613466456
store: 2.3781321942806244e-05, 0.0015298707360999677, 68.5328040554012
store_returns: 36.877127600833774, 4.861705207354987, 31.347302053217128
store_sales: 288.85508783441037, 39.672877369012404, 127.7669572308688
web_returns: 11.326140539720654, 1.5172480649131344, 26.780490266096415
web_sales: 109.34904180746526, 14.727056031721913, 87.6369973892779
web_site: 8.863396942615509e-06, 0.01844846573194115, 18.262101021318436
catalog_page: 0.0006659524515271187, 0.0016514995047940992, 7.378745788534731
catalog_returns: 23.366260116919875, 3.061157642096741, 14.389915887132421
catalog_sales: 217.0907397372648, 29.120192782340933, 66.95771022769203
customer: 0.6484093563631177, 0.09326427925647861, 30.70718382745205
customer_address: 0.18544994108378887, 0.03919984525955851, 26.09348232455455
customer_demographics: 0.012168197892606258, 0.00866187877092623, 16.4398741686607
date_dim: 0.0019952356815338135, 0.005559312444007279, 151.03075699560776
item: 0.005464168265461922, 0.0066331479622286985, 112.1296168124428
store: 2.3781321942806244e-05, 0.0015298706298412102, 56.03960612465489
store_returns: 36.877127600833774, 4.861540434439295, 21.468828122546558
store_sales: 288.85508783441037, 39.67158671819084, 113.16148945787873
web_returns: 11.326140539720654, 1.5171974579021852, 16.901902169521097
web_sales: 109.34904180746526, 14.726567442679897, 77.75884727473365
web_site: 8.863396942615509e-06, 0.018448465692338073, 8.383462317771775
Function: 167.62154240489141, 10.131859282244045, 63.697428703308105, 83.18529361813778, 10.44476583378633, 0.10263608183244596, 0.0595588855826974
hiya: 0b111000111000100011111110, 167.62154240489141
catalog_page: 0.0006659524515271187, 0.0016514995047940992, 7.378745788534731
catalog_returns: 23.366260116919875, 3.061157642096741, 14.389915887132421
catalog_sales: 217.0907397372648, 29.120192782340933, 66.95771022769203
customer: 0.6484093563631177, 0.09326427925647861, 30.70718382745205
customer_address: 0.18544994108378887, 0.03919984525955851, 26.09348232455455
customer_demographics: 0.012168197892606258, 0.00866187877092623, 16.4398741686607
date_dim: 0.0019952356815338135, 0.005559312444007279, 151.03075699560776
item: 0.005464168265461922, 0.0066331479622286985, 112.1296168124428
store: 2.3781321942806244e-05, 0.0015298706298412102, 56.03960612465489
store_returns: 36.877127600833774, 4.861540434439295, 21.468828122546558
store_sales: 288.85508783441037, 39.67158671819084, 113.16148945787873
web_returns: 11.326140539720654, 1.5171974579021852, 16.901902169521097
web_sales: 109.34904180746526, 14.726567442679897, 77.75884727473365
web_site: 8.863396942615509e-06, 0.018448465692338073, 8.383462317771775
catalog_returns: 23.366260116919875, 3.0611282993847664, 7.009547941804872
catalog_sales: 217.0907397372648, 29.119920165712657, 59.577585556280795
customer: 0.6484093563631177, 0.09326346500169884, 30.707184641706828
customer_address: 0.18544994108378887, 0.039199612376581955, 26.09348255743753
customer_demographics: 0.012168197892606258, 0.00866186349043529, 16.439874183941193
date_dim: 0.0019952356815338135, 0.005559309938444745, 143.6503597100738
item: 0.005464168265461922, 0.006633141100475265, 112.12961681930456
store: 2.3781321942806244e-05, 0.001529870599977275, 48.65920883664522
store_returns: 36.877127600833774, 4.861494125148538, 14.088477143797789
store_sales: 288.85508783441037, 39.6712239818521, 105.78145490617794
web_returns: 11.326140539720654, 1.517183234843896, 9.521519104539864
web_sales: 109.34904180746526, 14.726430125136465, 70.37858730423757
web_site: 8.863396942615509e-06, 0.01844846568120766, 1.003065029743381
Function: 174.99942393782368, 9.96028132003943, 71.24940395355225, 83.18521306563918, 10.443204405501683, 0.10177236504675129, 0.05954882804440558
hiya: 0b111000111000100011111100, 174.99942393782368
catalog_returns: 23.366260116919875, 3.0611282993847664, 7.009547941804872
catalog_sales: 217.0907397372648, 29.119920165712657, 59.577585556280795
customer: 0.6484093563631177, 0.09326346500169884, 30.707184641706828
customer_address: 0.18544994108378887, 0.039199612376581955, 26.09348255743753
customer_demographics: 0.012168197892606258, 0.00866186349043529, 16.439874183941193
date_dim: 0.0019952356815338135, 0.005559309938444745, 143.6503597100738
item: 0.005464168265461922, 0.006633141100475265, 112.12961681930456
store: 2.3781321942806244e-05, 0.001529870599977275, 48.65920883664522
store_returns: 36.877127600833774, 4.861494125148538, 14.088477143797789
store_sales: 288.85508783441037, 39.6712239818521, 105.78145490617794
web_returns: 11.326140539720654, 1.517183234843896, 9.521519104539864
web_sales: 109.34904180746526, 14.726430125136465, 70.37858730423757
web_site: 8.863396942615509e-06, 0.01844846568120766, 1.003065029743381
catalog_returns: 23.366260116919875, 3.061110024055428, 7.00956621713421
catalog_sales: 217.0907397372648, 29.119750373681534, 59.57775534831192
customer: 0.6484093563631177, 0.09326295786472123, 30.707185148843806
customer_address: 0.18544994108378887, 0.0391994673316012, 25.071969207057915
customer_demographics: 0.012168197892606258, 0.008661853973387083, 16.43987419345824
date_dim: 0.0019952356815338135, 0.005559308377921623, 142.6288462162097
item: 0.005464168265461922, 0.006633136826814263, 112.12961682357822
store: 2.3781321942806244e-05, 0.0015298705813773154, 48.659208836663815
store_returns: 36.877127600833774, 4.861465282635933, 14.088505986310395
store_sales: 288.85508783441037, 39.67099806115128, 105.78168082687877
web_returns: 11.326140539720654, 1.5171743763895496, 8.500014467569622
web_sales: 109.34904180746526, 14.726344600549224, 69.35715933340022
Function: 176.00195107790572, 9.870883446140285, 72.36031532287598, 83.18521199353745, 10.424767005505561, 0.1012344825678303, 0.059538827278608084
hiya: 0b11000111000100011111100, 176.00195107790572
catalog_returns: 23.366260116919875, 3.061110024055428, 7.00956621713421
catalog_sales: 217.0907397372648, 29.119750373681534, 59.57775534831192
customer: 0.6484093563631177, 0.09326295786472123, 30.707185148843806
customer_address: 0.18544994108378887, 0.0391994673316012, 25.071969207057915
customer_demographics: 0.012168197892606258, 0.008661853973387083, 16.43987419345824
date_dim: 0.0019952356815338135, 0.005559308377921623, 142.6288462162097
item: 0.005464168265461922, 0.006633136826814263, 112.12961682357822
store: 2.3781321942806244e-05, 0.0015298705813773154, 48.659208836663815
store_returns: 36.877127600833774, 4.861465282635933, 14.088505986310395
store_sales: 288.85508783441037, 39.67099806115128, 105.78168082687877
web_returns: 11.326140539720654, 1.5171743763895496, 8.500014467569622
web_sales: 109.34904180746526, 14.726344600549224, 69.35715933340022
catalog_sales: 217.0907397372648, 29.117488611212043, 49.6605582480269
customer: 0.6484093563631177, 0.0932562024040836, 30.64939312039019
customer_address: 0.18544994108378887, 0.03919753521917107, 25.014172355256104
customer_demographics: 0.012168197892606258, 0.008661727198871745, 16.439874320232757
date_dim: 0.0019952356815338135, 0.005559287590534801, 132.55816999580748
item: 0.005464168265461922, 0.0066330798983118095, 107.557279898212
store: 2.3781321942806244e-05, 0.0015298703336113282, 48.65920883691158
store_returns: 36.877127600833774, 4.8610810778407805, 4.076012733830159
store_sales: 288.85508783441037, 39.66798862096246, 95.86523140431305
web_returns: 11.326140539720654, 1.5170563748588166, -1.5127449881750348
web_sales: 109.34904180746526, 14.725205346248767, 59.43883972494619
catalog_sales: 217.0907397372648, 29.117162508991868, 49.66088435024707
customer: 0.6484093563631177, 0.09325522839786414, 30.64508270771263
customer_address: 0.18544994108378887, 0.03919725664608411, 25.00986124714541
customer_demographics: 0.012168197892606258, 0.008661708920448846, 16.439874338511178
date_dim: 0.0019952356815338135, 0.005559284593397354, 132.55385861212082
item: 0.005464168265461922, 0.006633071690327421, 107.55727990641998
store: 2.3781321942806244e-05, 0.001529870297888285, 48.65920883694731
store_returns: 36.877127600833774, 4.861025682971341, 4.076068128699598
store_sales: 288.85508783441037, 39.66755471813654, 95.86566530713897
web_sales: 109.34904180746526, 14.725041087905225, 59.43900398328974
Function: 181.45762292694874, 8.63439722757816, 83.67178916931152, 78.98887703077797, 10.01769495004654, 0.08834314537267057, 0.05652140386187434
hiya: 0b10000111000100011111000, 181.45762292694874
catalog_sales: 217.0907397372648, 29.117162508991868, 49.66088435024707
customer: 0.6484093563631177, 0.09325522839786414, 30.64508270771263
customer_address: 0.18544994108378887, 0.03919725664608411, 25.00986124714541
customer_demographics: 0.012168197892606258, 0.008661708920448846, 16.439874338511178
date_dim: 0.0019952356815338135, 0.005559284593397354, 132.55385861212082
item: 0.005464168265461922, 0.006633071690327421, 107.55727990641998
store: 2.3781321942806244e-05, 0.001529870297888285, 48.65920883694731
store_returns: 36.877127600833774, 4.861025682971341, 4.076068128699598
store_sales: 288.85508783441037, 39.66755471813654, 95.86566530713897
web_sales: 109.34904180746526, 14.725041087905225, 59.43900398328974
catalog_sales: 217.0907397372648, 29.1157956874446, 44.35549910240371
customer: 0.6484093563631177, 0.0932511459580475, 28.084554499986233
customer_address: 0.18544994108378887, 0.03919608903766507, 22.60438941545287
customer_demographics: 0.012168197892606258, 0.008661632308451985, 16.439874415123175
date_dim: 0.0019952356815338135, 0.0055592720312257725, 126.02223781231301
item: 0.005464168265461922, 0.006633037287464672, 99.84505487213129
store: 2.3781321942806244e-05, 0.0015298701481590829, 39.72211502542609
store_sales: 288.85508783441037, 39.66573606222074, 87.08544944224914
web_sales: 109.34904180746526, 14.724352617145504, 59.43969245404946
Function: 185.49447115303306, 8.193911350223223, 93.0493688583374, 74.52828113806045, 9.590109605558713, 0.07947498081612626, 0.05332522003716231
hiya: 0b10000101000100011111000, 185.49447115303306
catalog_sales: 217.0907397372648, 29.1157956874446, 44.35549910240371
customer: 0.6484093563631177, 0.0932511459580475, 28.084554499986233
customer_address: 0.18544994108378887, 0.03919608903766507, 22.60438941545287
customer_demographics: 0.012168197892606258, 0.008661632308451985, 16.439874415123175
date_dim: 0.0019952356815338135, 0.0055592720312257725, 126.02223781231301
item: 0.005464168265461922, 0.006633037287464672, 99.84505487213129
store: 2.3781321942806244e-05, 0.0015298701481590829, 39.72211502542609
store_sales: 288.85508783441037, 39.66573606222074, 87.08544944224914
web_sales: 109.34904180746526, 14.724352617145504, 59.43969245404946
catalog_sales: 217.0907397372648, 29.114322635775334, 35.99869125856486
customer: 0.6484093563631177, 0.09324674622876418, 19.726278004207384
customer_address: 0.18544994108378887, 0.039194830682077866, 12.523119574431778
date_dim: 0.0019952356815338135, 0.00555925849271531, 109.5737017784199
item: 0.005464168265461922, 0.00663300021079252, 87.02324219424023
store: 2.3781321942806244e-05, 0.0015298699867928448, 31.631859873663956
store_sales: 288.85508783441037, 39.663776059367436, 77.09342116458357
web_sales: 109.34904180746526, 14.723610638059883, 57.53670130453972
Function: 201.93015316449697, 7.265561983531316, 110.42625427246094, 74.52680929312369, 9.582920777866047, 0.07529266881014424, 0.05331416870486439
hiya: 0b10000101000100010111000, 201.93015316449697
catalog_sales: 217.0907397372648, 29.114322635775334, 35.99869125856486
customer: 0.6484093563631177, 0.09324674622876418, 19.726278004207384
customer_address: 0.18544994108378887, 0.039194830682077866, 12.523119574431778
date_dim: 0.0019952356815338135, 0.00555925849271531, 109.5737017784199
item: 0.005464168265461922, 0.00663300021079252, 87.02324219424023
store: 2.3781321942806244e-05, 0.0015298699867928448, 31.631859873663956
store_sales: 288.85508783441037, 39.663776059367436, 77.09342116458357
web_sales: 109.34904180746526, 14.723610638059883, 57.53670130453972
catalog_sales: 217.0907397372648, 29.113614888455317, 29.038155170837783
customer: 0.6484093563631177, 0.09324463232015252, 15.414721541222187
date_dim: 0.0019952356815338135, 0.0055592519879574, 97.01138737981078
item: 0.005464168265461922, 0.006632982396810907, 78.50430692507294
store: 2.3781321942806244e-05, 0.0015298699092622836, 28.50631268688522
store_sales: 288.85508783441037, 39.662834349856766, 65.14807625882429
web_sales: 109.34904180746526, 14.723254144312708, 47.85076114485247
Function: 214.45108692718583, 6.832962333774567, 123.42116832733154, 74.50437757733343, 9.566028625219662, 0.07326191769666875, 0.053288145829954746
hiya: 0b10000101000100010011000, 214.45108692718583
catalog_sales: 217.0907397372648, 29.113614888455317, 29.038155170837783
customer: 0.6484093563631177, 0.09324463232015252, 15.414721541222187
date_dim: 0.0019952356815338135, 0.0055592519879574, 97.01138737981078
item: 0.005464168265461922, 0.006632982396810907, 78.50430692507294
store: 2.3781321942806244e-05, 0.0015298699092622836, 28.50631268688522
store_sales: 288.85508783441037, 39.662834349856766, 65.14807625882429
web_sales: 109.34904180746526, 14.723254144312708, 47.85076114485247
catalog_sales: 217.0907397372648, 29.108054983887026, 17.8239423960724
date_dim: 0.0019952356815338135, 0.005559200888034879, 81.50342125736837
item: 0.005464168265461922, 0.00663284245415772, 74.91573187628028
store: 2.3781321942806244e-05, 0.0015298693001995448, 28.506312687494283
store_sales: 288.85508783441037, 39.65543649067416, 49.64750794446455
web_sales: 109.34904180746526, 14.720453609210109, 32.34559550641272
Function: 229.84942858560305, 3.3171476845630012, 142.44494915008545, 74.42594706227001, 9.550736260813078, 0.05742630460993624, 0.05322212326156498
hiya: 0b10000101000100010001000, 229.84942858560305
catalog_sales: 217.0907397372648, 29.108054983887026, 17.8239423960724
date_dim: 0.0019952356815338135, 0.005559200888034879, 81.50342125736837
item: 0.005464168265461922, 0.00663284245415772, 74.91573187628028
store: 2.3781321942806244e-05, 0.0015298693001995448, 28.506312687494283
store_sales: 288.85508783441037, 39.65543649067416, 49.64750794446455
web_sales: 109.34904180746526, 14.720453609210109, 32.34559550641272
date_dim: 0.0019952356815338135, 0.005559147951930017, 34.57142393034505
item: 0.005464168265461922, 0.006632697482921007, 29.686260180896898
store: 2.3781321942806244e-05, 0.0015298686692512495, 28.50631268812523
store_sales: 288.85508783441037, 39.647772802939855, 4.839921963921746
web_sales: 109.34904180746526, 14.717552441995984, -12.555725114982968
date_dim: 0.0019952356815338135, 0.005559123443184179, 32.40959662784078
item: 0.005464168265461922, 0.00663263036307523, 28.492862309320202
store: 2.3781321942806244e-05, 0.001529868377130183, 28.506312688417353
store_sales: 288.85508783441037, 39.644224612619645, 3.8750407659254833
Function: 234.79069440698444, 2.562597071100871, 192.29332447052002, 34.940335152922046, 4.953692547197342, 0.01574743910807959, 0.024997726136100296
hiya: 0b101000100010000000, 234.79069440698444
date_dim: 0.0019952356815338135, 0.005559123443184179, 32.40959662784078
item: 0.005464168265461922, 0.00663263036307523, 28.492862309320202
store: 2.3781321942806244e-05, 0.001529868377130183, 28.506312688417353
store_sales: 288.85508783441037, 39.644224612619645, 3.8750407659254833
date_dim: 0.0019952356815338135, 0.005559014857373685, -0.005559014857373685
date_dim had no query dependencies
item: 0.005464168265461922, 0.006632332989113211, -0.006632332989113211
item had no query dependencies
store: 2.3781321942806244e-05, 0.001529867082890038, -0.001529867082890038
store had no query dependencies
Function: 238.37518692016602, 0, 238.37518692016602, 0.0, 0, 0.0, 0
hiya: 0b0, 238.37518692016602
{106.3133517318517: [0, 1, 2, 3, 4, 5, 6, 7, 8, 9, 11, 12, 13, 14, 15, 16, 17, 18, 19, 20, 21, 22, 23], 108.41867941659896: [0, 1, 2, 3, 4, 5, 6, 7, 8, 9, 11, 12, 13, 15, 16, 17, 18, 19, 20, 21, 22, 23], 109.06217195136496: [0, 1, 2, 3, 4, 5, 6, 7, 8, 9, 11, 12, 13, 15, 16, 17, 18, 20, 21, 22, 23], 111.66233470779234: [1, 2, 3, 4, 5, 6, 7, 8, 9, 11, 12, 13, 15, 16, 17, 18, 20, 21, 22, 23], 118.30530770799999: [1, 2, 3, 4, 5, 6, 7, 8, 11, 12, 13, 15, 16, 17, 18, 20, 21, 22, 23], 125.72847087729468: [1, 2, 3, 4, 5, 6, 7, 8, 11, 12, 13, 15, 16, 17, 20, 21, 22, 23], 133.12052356985964: [1, 2, 3, 4, 5, 6, 7, 8, 11, 12, 13, 15, 16, 17, 21, 22, 23], 141.15854784523972: [1, 2, 3, 4, 5, 6, 7, 8, 11, 12, 15, 16, 17, 21, 22, 23], 151.9184246532047: [1, 2, 3, 4, 5, 6, 7, 11, 12, 15, 16, 17, 21, 22, 23], 167.62154240489141: [1, 2, 3, 4, 5, 6, 7, 11, 15, 16, 17, 21, 22, 23], 174.99942393782368: [2, 3, 4, 5, 6, 7, 11, 15, 16, 17, 21, 22, 23], 176.00195107790572: [2, 3, 4, 5, 6, 7, 11, 15, 16, 17, 21, 22], 181.45762292694874: [3, 4, 5, 6, 7, 11, 15, 16, 17, 22], 185.49447115303306: [3, 4, 5, 6, 7, 11, 15, 17, 22], 201.93015316449697: [3, 4, 5, 7, 11, 15, 17, 22], 214.45108692718583: [3, 4, 7, 11, 15, 17, 22], 229.84942858560305: [3, 7, 11, 15, 17, 22], 234.79069440698444: [7, 11, 15, 17], 238.37518692016602: []}
[0, 1, 2, 3, 4, 5, 6, 7, 8, 9, 11, 12, 13, 14, 15, 16, 17, 18, 19, 20, 21, 22, 23]
{'44': 133120, '06': 133296, '76': 4327560, '63': 166016, '40': 526476, '10': 4325624, '93': 204800, '80': 14915726, '79': 164240, '69': 4325624, '25': 231560, '68': 164272, '36': 166016, '34': 164240, '88': 426240, '55': 133248, '27': 166080, '49': 6488204, '71': 4589704, '23': 4327576, '67': 166016, '03': 133248, '48': 164064, '51': 4325504, '83': 2164868, '97': 131208, '38': 4325528, '56': 4327592, '73': 164240, '07': 137408, '85': 7348448, '90': 5505280, '28': 131072, '81': 180, '91': 501, '05': 14909582, '95': 14680224, '65': 166016, '01': 98448, '64': 236540, '53': 166016, '08': 164016, '96': 426240, '86': 4196480, '74': 4325520, '17': 231560, '45': 4196528, '33': 4327592, '94': 14680224, '16': 173, '35': 4325624, '60': 4327592, '11': 4325520, '20': 2184, '61': 170160, '52': 133248, '14': 4327560, '77': 7569548, '99': 540809, '62': 13123712, '30': 2097328, '66': 4997256, '02': 4194440, '59': 163968, '32': 2184, '78': 6488204, '54': 4360376, '29': 231560, '58': 4327560, '50': 229504, '31': 4325536, '87': 4325528, '46': 164272, '98': 133248, '92': 4196480, '26': 6344, '24': 231472, '42': 133248, '15': 184, '43': 163968, '75': 6490252, '13': 164320, '57': 2185, '18': 2296, '09': 139264, '19': 166064, '70': 163968, '04': 4325528, '12': 4196480, '89': 166016, '47': 166016, '84': 66416}
Best Cost: $106.3133517318517;
[0, 1, 2, 3, 4, 5, 6, 7, 8, 9, 11, 12, 13, 14, 15, 16, 17, 18, 19, 20, 21, 22, 23]
{}
{'44': 133120, '06': 133296, '76': 4327560, '63': 166016, '40': 526476, '10': 4325624, '93': 204800, '80': 14915726, '79': 164240, '69': 4325624, '25': 231560, '68': 164272, '36': 166016, '34': 164240, '88': 426240, '55': 133248, '27': 166080, '49': 6488204, '71': 4589704, '23': 4327576, '67': 166016, '03': 133248, '48': 164064, '51': 4325504, '83': 2164868, '97': 131208, '38': 4325528, '56': 4327592, '73': 164240, '07': 137408, '85': 7348448, '90': 5505280, '28': 131072, '81': 180, '91': 501, '05': 14909582, '95': 14680224, '65': 166016, '01': 98448, '64': 236540, '53': 166016, '08': 164016, '96': 426240, '86': 4196480, '74': 4325520, '17': 231560, '45': 4196528, '33': 4327592, '94': 14680224, '16': 173, '35': 4325624, '60': 4327592, '11': 4325520, '20': 2184, '61': 170160, '52': 133248, '14': 4327560, '77': 7569548, '99': 540809, '62': 13123712, '30': 2097328, '66': 4997256, '02': 4194440, '59': 163968, '32': 2184, '78': 6488204, '54': 4360376, '29': 231560, '58': 4327560, '50': 229504, '31': 4325536, '87': 4325528, '46': 164272, '98': 133248, '92': 4196480, '26': 6344, '24': 231472, '42': 133248, '15': 184, '43': 163968, '75': 6490252, '13': 164320, '57': 2185, '18': 2296, '09': 139264, '19': 166064, '70': 163968, '04': 4325528, '12': 4196480, '89': 166016, '47': 166016, '84': 66416}
{'44': 133120, '06': 133296, '76': 4327560, '63': 166016, '40': 526476, '10': 4325624, '93': 204800, '80': 14915726, '79': 164240, '69': 4325624, '25': 231560, '68': 164272, '36': 166016, '34': 164240, '88': 426240, '55': 133248, '27': 166080, '49': 6488204, '71': 4589704, '23': 4327576, '67': 166016, '03': 133248, '48': 164064, '51': 4325504, '83': 2164868, '97': 131208, '38': 4325528, '56': 4327592, '73': 164240, '07': 137408, '85': 7348448, '90': 5505280, '28': 131072, '81': 180, '91': 501, '05': 14909582, '95': 14680224, '65': 166016, '01': 98448, '64': 236540, '53': 166016, '08': 164016, '96': 426240, '86': 4196480, '74': 4325520, '17': 231560, '45': 4196528, '33': 4327592, '94': 14680224, '16': 173, '35': 4325624, '60': 4327592, '11': 4325520, '20': 2184, '61': 170160, '52': 133248, '14': 4327560, '77': 7569548, '99': 540809, '62': 13123712, '30': 2097328, '66': 4997256, '02': 4194440, '59': 163968, '32': 2184, '78': 6488204, '54': 4360376, '29': 231560, '58': 4327560, '50': 229504, '31': 4325536, '87': 4325528, '46': 164272, '98': 133248, '92': 4196480, '26': 6344, '24': 231472, '42': 133248, '15': 184, '43': 163968, '75': 6490252, '13': 164320, '57': 2185, '18': 2296, '09': 139264, '19': 166064, '70': 163968, '04': 4325528, '12': 4196480, '89': 166016, '47': 166016, '84': 66416}
[0, 1, 2, 3, 4, 5, 6, 7, 8, 9, 11, 12, 13, 14, 15, 16, 17, 18, 19, 20, 21, 22, 23]
23
Optimal Subset: 0b111111111111101111111111
Function: 106.3133517318517, 12.45329764545282, 4.76837158203125e-05, 83.18545010680042, 10.500414107511839, 0.11449319100894552, 0.05964899736185373
106.3133517318517
Real: 106.3133517318517, 12.45329764545282, 4.76837158203125e-05, 83.18545010680042, 10.500414107511839, 0.11449319100894552, 0.05964899736185373
Num Redshift Qs: 92; Num GCP Qs: 1
Redshift Qs: $12.45329764545282; GCP Qs: $4.76837158203125e-05; Movement Cost: $83.18545010680042
Load Cost: $10.500414107511839, Storage Cost: $0.11449319100894552, API Cost: $0.05964899736185373
Final cost: $106.3133517318517, BQ Baseline: $238.37518692016602, Diff: $132.06183518831432, %: 55.400831309067%
