Egress: $0.12/GB
Benchmark: tpcds
Data Path: parquet_2000/real_data_rs4
BigQuery Cost: $5/TB; DuckDB Cost: $1.48/hr; Redshift Cost: $4.344/hr
Use Duck: False
Excluded Table: web_sales
Excluded Query: None

Starting analysis without using DuckDB
Redshift Total: $6.619320829881032, Redshift-Calcite Total: $7.362914636219343, BigQuery Total: $119.39703941345215
Excluding table web_sales and any queries that depend on it
Total Keys: 63, Keys Considered: 62
-0.05845012723834745
call_center: 5.735084414482117e-06, 0.0016639787374334342, 3.0991811574361328
catalog_page: 0.0006659524515271187, 0.001651472102758251, -0.001651472102758251
catalog_page had no query dependencies
catalog_returns: 23.366260116919875, 3.060196187422473, 6.079980258295338
catalog_sales: 217.0907397372648, 29.111260120228287, -2.7931161038320766
customer: 0.6484093563631177, 0.0932375990687466, 29.311833978318113
customer_address: 0.18544994108378887, 0.0391922145256796, 30.719707632436613
customer_demographics: 0.012168197892606258, 0.008661378084437133, 27.65267631656685
date_dim: 0.0019952356815338135, 0.005559230345774072, 86.47122187719594
household_demographics: 3.512948751449585e-05, 0.001501123819553161, 23.440770438618458
income_band: 6.137415766716003e-07, 0.0014422194211294113, 6.645524082666973
inventory: 0.24701470416039228, 0.0538525803943027, 0.8837761895756375
item: 0.005464168265461922, 0.006632923127355958, 67.61686497252192
promotion: 2.6027671992778778e-05, 0.0015120714574162338, 13.045906472903381
reason: 1.2423843145370483e-06, 0.0015798680256201678, 8.03935410082356
ship_mode: 1.5795230865478516e-06, 0.0017056554480849458, 0.4968625037856441
store: 2.3781321942806244e-05, 0.0015298696513079307, 72.85947875103841
store_returns: 36.877127600833774, 4.860023046268147, 12.06901817869949
store_sales: 288.85508783441037, 39.65970115871342, 59.79866349007696
time_dim: 0.0012104213237762451, 0.014686390157473393, 5.383380143600372
warehouse: 2.3292377591133118e-06, 0.01770620596342113, 1.7641704149411837
web_page: 1.0661780834197998e-05, 0.014096261148661035, -0.014096261148661035
web_page had no query dependencies
web_returns: 11.326140539720654, 1.5167314196611983, -1.4190014384565297
web_site: 8.863396942615509e-06, 0.018448465327634677, -0.018448465327634677
web_site had no query dependencies
-0.058440955215149894
call_center: 5.735084414482117e-06, 0.0016639785307253875, 0.04649908202155376
catalog_returns: 23.366260116919875, 3.0593540038314564, -2.9533921593649293
customer: 0.6484093563631177, 0.09321422863130996, 15.829984491429675
customer_address: 0.18544994108378887, 0.03918553040521897, 16.176720680157167
customer_demographics: 0.012168197892606258, 0.00866093950947708, 12.878830164093566
date_dim: 0.0019952356815338135, 0.005559158432051345, 60.0553479515088
household_demographics: 3.512948751449585e-05, 0.0015011225533908485, 16.22241587804869
income_band: 6.137415766716003e-07, 0.001442219399008495, 0.012374153583652433
inventory: 0.24701470416039228, 0.05384367731227148, 0.19267721138503485
item: 0.005464168265461922, 0.006632726183864415, 43.961631981116
promotion: 2.6027671992778778e-05, 0.0015120705193081175, 4.726607649706027
reason: 1.2423843145370483e-06, 0.0015798679808412567, 8.03935410086834
ship_mode: 1.5795230865478516e-06, 0.001705655391154636, -0.001705655391154636
ship_mode had no query dependencies
store: 2.3781321942806244e-05, 0.0015298687941643822, 60.9195767533995
store_returns: 36.877127600833774, 4.858693894251784, 0.037026737698912626
store_sales: 288.85508783441037, 39.64929003541262, 47.06239590524562
time_dim: 0.0012104213237762451, 0.014686346530595492, 5.38338018722725
warehouse: 2.3292377591133118e-06, 0.017706205879469063, 0.01907695724048282
-0.05844038445998482
call_center: 5.735084414482117e-06, 0.001663978517862393, -0.001663978517862393
call_center had no query dependencies
customer: 0.6484093563631177, 0.09321277433953706, 15.72402410125492
customer_address: 0.18544994108378887, 0.039185114466860044, 16.070759251629
customer_demographics: 0.012168197892606258, 0.008660912217905926, 12.83066713083286
date_dim: 0.0019952356815338135, 0.005559153957015925, 59.94938611151731
household_demographics: 3.512948751449585e-05, 0.0015011224746003065, 16.174252817575205
income_band: 6.137415766716003e-07, 0.0014422193976319582, 0.012374153585028969
inventory: 0.24701470416039228, 0.05384312329273348, 0.19267776540457282
item: 0.005464168265461922, 0.006632713928496913, 43.96163199337137
promotion: 2.6027671992778778e-05, 0.0015120704609316784, 4.726607649764404
reason: 1.2423843145370483e-06, 0.0015798679780547617, 8.039354100871126
store: 2.3781321942806244e-05, 0.0015298687408261931, 60.91957675345284
store_returns: 36.877127600833774, 4.858611183996678, 0.037109447954018826
store_sales: 288.85508783441037, 39.64864217372822, 47.06304376693002
time_dim: 0.0012104213237762451, 0.014686343815789243, 5.383380189942057
warehouse: 2.3292377591133118e-06, 0.01770620587424491, 0.019076957245706974
-0.05844038140849715
customer: 0.6484093563631177, 0.09321276656430577, 15.72402410903015
customer_address: 0.18544994108378887, 0.03918511224308555, 16.070759253852774
customer_demographics: 0.012168197892606258, 0.00866091207199416, 12.830667130978771
date_dim: 0.0019952356815338135, 0.005559153933090578, 59.94938611154124
household_demographics: 3.512948751449585e-05, 0.0015011224741790603, 16.174252817575628
income_band: 6.137415766716003e-07, 0.0014422193976245986, 0.012374153585036329
inventory: 0.24701470416039228, 0.053843120330721236, 0.19267776836658507
item: 0.005464168265461922, 0.006632713862974767, 43.96163199343689
promotion: 2.6027671992778778e-05, 0.0015120704606195745, 4.726607649764715
reason: 1.2423843145370483e-06, 0.0015798679780398644, 8.039354100871142
store: 2.3781321942806244e-05, 0.0015298687405410256, 60.91957675345312
store_returns: 36.877127600833774, 4.8586107417942435, 0.037109890156453496
store_sales: 288.85508783441037, 39.64863870999795, 47.063047230660295
time_dim: 0.0012104213237762451, 0.014686343801274792, 5.383380189956571
warehouse: 2.3292377591133118e-06, 0.01770620587421698, 0.019076957245734903
{}
{}
STARTING PHASE 2: 0b11111011111111110000
----
[4, 5, 6, 7, 8, 9, 10, 11, 12, 13, 15, 16, 17, 18, 19]
Function: 77.5472115079104, 4.140184681836764, 28.339509963989258, 39.533297922622715, 5.483018548437755, 0.022811931991071958, 0.028388459032845502
-0.05844038140849715
customer: 0.6484093563631177, 0.09321276656430577, 15.72402410903015
customer_address: 0.18544994108378887, 0.03918511224308555, 16.070759253852774
customer_demographics: 0.012168197892606258, 0.00866091207199416, 12.830667130978771
date_dim: 0.0019952356815338135, 0.005559153933090578, 59.94938611154124
household_demographics: 3.512948751449585e-05, 0.0015011224741790603, 16.174252817575628
income_band: 6.137415766716003e-07, 0.0014422193976245986, 0.012374153585036329
inventory: 0.24701470416039228, 0.053843120330721236, 0.19267776836658507
item: 0.005464168265461922, 0.006632713862974767, 43.96163199343689
promotion: 2.6027671992778778e-05, 0.0015120704606195745, 4.726607649764715
reason: 1.2423843145370483e-06, 0.0015798679780398644, 8.039354100871142
store: 2.3781321942806244e-05, 0.0015298687405410256, 60.91957675345312
store_returns: 36.877127600833774, 4.8586107417942435, 0.037109890156453496
store_sales: 288.85508783441037, 39.64863870999795, 47.063047230660295
time_dim: 0.0012104213237762451, 0.014686343801274792, 5.383380189956571
warehouse: 2.3292377591133118e-06, 0.01770620587421698, 0.019076957245734903
-0.058440361757242126
customer: 0.6484093563631177, 0.09321271649264588, 15.71020778611915
customer_address: 0.18544994108378887, 0.039185097922215126, 16.056942895190986
customer_demographics: 0.012168197892606258, 0.008660911132337969, 12.816850758935766
date_dim: 0.0019952356815338135, 0.005559153779013896, 59.94938611169532
household_demographics: 3.512948751449585e-05, 0.0015011224714662806, 16.16043644459568
inventory: 0.24701470416039228, 0.053843101255678386, 0.19267778744162795
item: 0.005464168265461922, 0.006632713441019143, 43.961631993858845
promotion: 2.6027671992778778e-05, 0.0015120704586096578, 4.726607649766725
reason: 1.2423843145370483e-06, 0.0015798679779439246, 8.039354100871238
store: 2.3781321942806244e-05, 0.0015298687387045773, 60.919576753454955
store_returns: 36.877127600833774, 4.8586078940577435, 0.023296364910291523
store_sales: 288.85508783441037, 39.648616403944565, 47.06306953671368
time_dim: 0.0012104213237762451, 0.014686343707803277, 5.383380190050043
warehouse: 2.3292377591133118e-06, 0.01770620587403711, 0.019076957245914773
Function: 77.55956042203383, 4.130969820078214, 28.36254119873047, 39.533297848385565, 5.481586402784984, 0.022786693074784117, 0.02837845897981823
hiya: 0b11111011110111110000, 77.55956042203383
-0.058440361757242126
customer: 0.6484093563631177, 0.09321271649264588, 15.71020778611915
customer_address: 0.18544994108378887, 0.039185097922215126, 16.056942895190986
customer_demographics: 0.012168197892606258, 0.008660911132337969, 12.816850758935766
date_dim: 0.0019952356815338135, 0.005559153779013896, 59.94938611169532
household_demographics: 3.512948751449585e-05, 0.0015011224714662806, 16.16043644459568
inventory: 0.24701470416039228, 0.053843101255678386, 0.19267778744162795
item: 0.005464168265461922, 0.006632713441019143, 43.961631993858845
promotion: 2.6027671992778778e-05, 0.0015120704586096578, 4.726607649766725
reason: 1.2423843145370483e-06, 0.0015798679779439246, 8.039354100871238
store: 2.3781321942806244e-05, 0.0015298687387045773, 60.919576753454955
store_returns: 36.877127600833774, 4.8586078940577435, 0.023296364910291523
store_sales: 288.85508783441037, 39.648616403944565, 47.06306953671368
time_dim: 0.0012104213237762451, 0.014686343707803277, 5.383380190050043
warehouse: 2.3292377591133118e-06, 0.01770620587403711, 0.019076957245914773
customer: 0.6484093563631177, 0.09321260252564534, 15.710207900086152
customer_address: 0.18544994108378887, 0.03918506532679785, 16.0569429277864
customer_demographics: 0.012168197892606258, 0.00866090899360724, 12.816850761074498
date_dim: 0.0019952356815338135, 0.0055591534283233575, 59.91260294892605
household_demographics: 3.512948751449585e-05, 0.0015011224652917825, 16.160436444601853
inventory: 0.24701470416039228, 0.05384305783939414, 0.1558946677379603
item: 0.005464168265461922, 0.006632712480615254, 43.9248488316993
promotion: 2.6027671992778778e-05, 0.0015120704540349309, 4.7266076497713
reason: 1.2423843145370483e-06, 0.001579867977725558, 8.039354100871456
store: 2.3781321942806244e-05, 0.0015298687345246778, 60.91957675345914
store_returns: 36.877127600833774, 4.8586014123875145, 0.02330284658052051
store_sales: 288.85508783441037, 39.648565633628515, 47.06312030702973
time_dim: 0.0012104213237762451, 0.014686343495054825, 5.383380190262791
Function: 77.57857993140487, 4.124432327375412, 28.405861854553223, 39.53329756664485, 5.463890476783117, 0.022729247269687947, 0.028368458778572088
hiya: 0b1111011110111110000, 77.57857993140487
customer: 0.6484093563631177, 0.09321260252564534, 15.710207900086152
customer_address: 0.18544994108378887, 0.03918506532679785, 16.0569429277864
customer_demographics: 0.012168197892606258, 0.00866090899360724, 12.816850761074498
date_dim: 0.0019952356815338135, 0.0055591534283233575, 59.91260294892605
household_demographics: 3.512948751449585e-05, 0.0015011224652917825, 16.160436444601853
inventory: 0.24701470416039228, 0.05384305783939414, 0.1558946677379603
item: 0.005464168265461922, 0.006632712480615254, 43.9248488316993
promotion: 2.6027671992778778e-05, 0.0015120704540349309, 4.7266076497713
reason: 1.2423843145370483e-06, 0.001579867977725558, 8.039354100871456
store: 2.3781321942806244e-05, 0.0015298687345246778, 60.91957675345914
store_returns: 36.877127600833774, 4.8586014123875145, 0.02330284658052051
store_sales: 288.85508783441037, 39.648565633628515, 47.06312030702973
time_dim: 0.0012104213237762451, 0.014686343495054825, 5.383380190262791
customer: 0.6484093563631177, 0.09320940271812367, 13.149678809727453
customer_address: 0.18544994108378887, 0.03918415015783776, 13.651470843654405
customer_demographics: 0.012168197892606258, 0.008660848945289368, 12.816850821122815
date_dim: 0.0019952356815338135, 0.005559143582120371, 58.68773421579289
household_demographics: 3.512948751449585e-05, 0.0015011222919327813, 16.16043644477521
inventory: 0.24701470416039228, 0.05384183885712533, 0.15589588672022908
item: 0.005464168265461922, 0.006632685515725645, 41.51937585936324
promotion: 2.6027671992778778e-05, 0.0015120703255920888, 4.7266076498997425
reason: 1.2423843145370483e-06, 0.0015798679715945691, 6.787791584189876
store: 2.3781321942806244e-05, 0.0015298686171672522, 57.28923501129617
store_sales: 288.85508783441037, 39.647140175044896, 42.33770079751058
time_dim: 0.0012104213237762451, 0.01468633752179855, 5.383380196236048
Function: 77.5651113015676, 3.871625320779482, 33.54057312011719, 35.072701673927334, 5.036305132295291, 0.01873377949443789, 0.025172274953860048
hiya: 0b1101011110111110000, 77.5651113015676
customer: 0.6484093563631177, 0.09320940271812367, 13.149678809727453
customer_address: 0.18544994108378887, 0.03918415015783776, 13.651470843654405
customer_demographics: 0.012168197892606258, 0.008660848945289368, 12.816850821122815
date_dim: 0.0019952356815338135, 0.005559143582120371, 58.68773421579289
household_demographics: 3.512948751449585e-05, 0.0015011222919327813, 16.16043644477521
inventory: 0.24701470416039228, 0.05384183885712533, 0.15589588672022908
item: 0.005464168265461922, 0.006632685515725645, 41.51937585936324
promotion: 2.6027671992778778e-05, 0.0015120703255920888, 4.7266076498997425
reason: 1.2423843145370483e-06, 0.0015798679715945691, 6.787791584189876
store: 2.3781321942806244e-05, 0.0015298686171672522, 57.28923501129617
store_sales: 288.85508783441037, 39.647140175044896, 42.33770079751058
time_dim: 0.0012104213237762451, 0.01468633752179855, 5.383380196236048
customer: 0.6484093563631177, 0.09320927088059365, 13.149678941564982
customer_address: 0.18544994108378887, 0.03918411245131497, 13.651470881360927
customer_demographics: 0.012168197892606258, 0.008660846471196205, 12.816850823596909
date_dim: 0.0019952356815338135, 0.005559143176440007, 58.47799649062121
household_demographics: 3.512948751449585e-05, 0.0015011222847900946, 16.160436444782356
item: 0.005464168265461922, 0.00663268440472618, 41.30963813489688
promotion: 2.6027671992778778e-05, 0.0015120703203000245, 4.726607649905035
reason: 1.2423843145370483e-06, 0.0015798679713419617, 6.787791584190129
store: 2.3781321942806244e-05, 0.001529868612331926, 57.28923501130101
store_sales: 288.85508783441037, 39.64708144371886, 42.12802180325926
time_dim: 0.0012104213237762451, 0.014686337275690199, 5.383380196482156
Function: 77.72071156073851, 3.8677447678534183, 33.754191398620605, 35.04282318700326, 5.012152359342576, 0.018658915035225647, 0.02514093288342059
hiya: 0b1101011100111110000, 77.72071156073851
customer: 0.6484093563631177, 0.09320927088059365, 13.149678941564982
customer_address: 0.18544994108378887, 0.03918411245131497, 13.651470881360927
customer_demographics: 0.012168197892606258, 0.008660846471196205, 12.816850823596909
date_dim: 0.0019952356815338135, 0.005559143176440007, 58.47799649062121
household_demographics: 3.512948751449585e-05, 0.0015011222847900946, 16.160436444782356
item: 0.005464168265461922, 0.00663268440472618, 41.30963813489688
promotion: 2.6027671992778778e-05, 0.0015120703203000245, 4.726607649905035
reason: 1.2423843145370483e-06, 0.0015798679713419617, 6.787791584190129
store: 2.3781321942806244e-05, 0.001529868612331926, 57.28923501130101
store_sales: 288.85508783441037, 39.64708144371886, 42.12802180325926
time_dim: 0.0012104213237762451, 0.014686337275690199, 5.383380196482156
customer: 0.6484093563631177, 0.09320876757646233, 10.535120217602802
customer_address: 0.18544994108378887, 0.039183968502557, 11.036911798043372
customer_demographics: 0.012168197892606258, 0.008660837026076066, 10.703290340083006
date_dim: 0.0019952356815338135, 0.005559141627711026, 53.7498767719446
household_demographics: 3.512948751449585e-05, 0.0015011222575221103, 16.160436444809623
item: 0.005464168265461922, 0.006632680163364708, 36.58151841891291
reason: 1.2423843145370483e-06, 0.0015798679703776064, 6.787791584191093
store: 2.3781321942806244e-05, 0.0015298685938725414, 54.67467578405316
store_sales: 288.85508783441037, 39.64685723048437, 37.40012629626841
time_dim: 0.0012104213237762451, 0.01468633633614476, 5.383380197421701
Function: 82.44709430899154, 3.7622234358326594, 38.5878324508667, 35.042820038739436, 5.010653416268031, 0.018434036650077087, 0.02513093063462973
hiya: 0b1101010100111110000, 82.44709430899154
customer: 0.6484093563631177, 0.09320876757646233, 10.535120217602802
customer_address: 0.18544994108378887, 0.039183968502557, 11.036911798043372
customer_demographics: 0.012168197892606258, 0.008660837026076066, 10.703290340083006
date_dim: 0.0019952356815338135, 0.005559141627711026, 53.7498767719446
household_demographics: 3.512948751449585e-05, 0.0015011222575221103, 16.160436444809623
item: 0.005464168265461922, 0.006632680163364708, 36.58151841891291
reason: 1.2423843145370483e-06, 0.0015798679703776064, 6.787791584191093
store: 2.3781321942806244e-05, 0.0015298685938725414, 54.67467578405316
store_sales: 288.85508783441037, 39.64685723048437, 37.40012629626841
time_dim: 0.0012104213237762451, 0.01468633633614476, 5.383380197421701
customer: 0.6484093563631177, 0.09320867485427964, 10.535120310324984
customer_address: 0.18544994108378887, 0.03918394198331704, 11.036911824562612
customer_demographics: 0.012168197892606258, 0.008660835286030436, 10.703290341823053
date_dim: 0.0019952356815338135, 0.005559141342393417, 53.74987677222992
household_demographics: 3.512948751449585e-05, 0.0015011222524986129, 10.762369911056801
item: 0.005464168265461922, 0.00663267938199164, 36.58151841969428
reason: 1.2423843145370483e-06, 0.001579867970199946, 6.787791584191271
store: 2.3781321942806244e-05, 0.0015298685904718255, 49.276609250298705
store_sales: 288.85508783441037, 39.64681592436508, 32.00210106862988
Function: 87.8304319182501, 3.7570383216412857, 43.99108409881592, 35.04267362819348, 4.9961225120894115, 0.01839253145575283, 0.025120826054227354
hiya: 0b101010100111110000, 87.8304319182501
customer: 0.6484093563631177, 0.09320867485427964, 10.535120310324984
customer_address: 0.18544994108378887, 0.03918394198331704, 11.036911824562612
customer_demographics: 0.012168197892606258, 0.008660835286030436, 10.703290341823053
date_dim: 0.0019952356815338135, 0.005559141342393417, 53.74987677222992
household_demographics: 3.512948751449585e-05, 0.0015011222524986129, 10.762369911056801
item: 0.005464168265461922, 0.00663267938199164, 36.58151841969428
reason: 1.2423843145370483e-06, 0.001579867970199946, 6.787791584191271
store: 2.3781321942806244e-05, 0.0015298685904718255, 49.276609250298705
store_sales: 288.85508783441037, 39.64681592436508, 32.00210106862988
customer: 0.6484093563631177, 0.09320765781284553, 10.535121327366419
customer_address: 0.18544994108378887, 0.03918365110183579, 11.036912115444094
customer_demographics: 0.012168197892606258, 0.008660816199998882, 10.703290360909083
date_dim: 0.0019952356815338135, 0.005559138212831298, 53.74987677535948
household_demographics: 3.512948751449585e-05, 0.0015011221973973963, 10.762369911111902
item: 0.005464168265461922, 0.006632670811347996, 36.58151842826492
store: 2.3781321942806244e-05, 0.0015298685531704055, 49.27660925033601
store_sales: 288.85508783441037, 39.64636285009973, 25.213182690733753
Function: 94.61776908818382, 3.542349028563499, 50.995144844055176, 35.04267347791674, 4.994552793391546, 0.01793811830996794, 0.02511082594688535
hiya: 0b101000100111110000, 94.61776908818382
customer: 0.6484093563631177, 0.09320765781284553, 10.535121327366419
customer_address: 0.18544994108378887, 0.03918365110183579, 11.036912115444094
customer_demographics: 0.012168197892606258, 0.008660816199998882, 10.703290360909083
date_dim: 0.0019952356815338135, 0.005559138212831298, 53.74987677535948
household_demographics: 3.512948751449585e-05, 0.0015011221973973963, 10.762369911111902
item: 0.005464168265461922, 0.006632670811347996, 36.58151842826492
store: 2.3781321942806244e-05, 0.0015298685531704055, 49.27660925033601
store_sales: 288.85508783441037, 39.64636285009973, 25.213182690733753
customer_address: 0.18544994108378887, 0.03918301893771929, 4.305503210116414
customer_demographics: 0.012168197892606258, 0.00866077472089123, 10.703290402388191
date_dim: 0.0019952356815338135, 0.0055591314114465445, 43.1215477969816
household_demographics: 3.512948751449585e-05, 0.0015011220776475526, 2.6201949031079375
item: 0.005464168265461922, 0.006632652185021756, 34.86012723555321
store: 2.3781321942806244e-05, 0.0015298684721043328, 39.21826386543147
store_sales: 288.85508783441037, 39.645378197204565, 14.58583835844965
Function: 105.15128367108346, 3.087652081430753, 62.07817077636719, 34.964242962853326, 4.97926042898496, 0.01691261806875573, 0.025044803378495576
hiya: 0b101000100111100000, 105.15128367108346
customer_address: 0.18544994108378887, 0.03918301893771929, 4.305503210116414
customer_demographics: 0.012168197892606258, 0.00866077472089123, 10.703290402388191
date_dim: 0.0019952356815338135, 0.0055591314114465445, 43.1215477969816
household_demographics: 3.512948751449585e-05, 0.0015011220776475526, 2.6201949031079375
item: 0.005464168265461922, 0.006632652185021756, 34.86012723555321
store: 2.3781321942806244e-05, 0.0015298684721043328, 39.21826386543147
store_sales: 288.85508783441037, 39.645378197204565, 14.58583835844965
customer_address: 0.18544994108378887, 0.03918277389839466, 1.6838074299701533
customer_demographics: 0.012168197892606258, 0.008660758642768066, 8.081594393280728
date_dim: 0.0019952356815338135, 0.005559128775095187, 40.499851774432365
item: 0.005464168265461922, 0.006632644965089015, 34.86012724277314
store: 2.3781321942806244e-05, 0.0015298684406815186, 36.5965678402773
store_sales: 288.85508783441037, 39.64499652625214, 11.964524004216486
Function: 107.77109659856806, 2.9069618227418266, 64.8805570602417, 34.96423871364906, 4.977773527536392, 0.016530674055790798, 0.025034800343307857
hiya: 0b101000100011100000, 107.77109659856806
customer_address: 0.18544994108378887, 0.03918277389839466, 1.6838074299701533
customer_demographics: 0.012168197892606258, 0.008660758642768066, 8.081594393280728
date_dim: 0.0019952356815338135, 0.005559128775095187, 40.499851774432365
item: 0.005464168265461922, 0.006632644965089015, 34.86012724277314
store: 2.3781321942806244e-05, 0.0015298684406815186, 36.5965678402773
store_sales: 288.85508783441037, 39.64499652625214, 11.964524004216486
customer_demographics: 0.012168197892606258, 0.008660750196487418, 6.358604197858463
date_dim: 0.0019952356815338135, 0.0055591273901472536, 38.776861571948764
item: 0.005464168265461922, 0.006632641172259618, 34.860127246565966
store: 2.3781321942806244e-05, 0.0015298684241742493, 34.87357763642527
store_sales: 288.85508783441037, 39.64479602399539, 10.24173430260469
Function: 109.45452578978072, 2.8281512987661364, 66.68235778808594, 34.941806997858805, 4.960881374890009, 0.016319552711430037, 0.025008777468398215
hiya: 0b101000100011000000, 109.45452578978072
customer_demographics: 0.012168197892606258, 0.008660750196487418, 6.358604197858463
date_dim: 0.0019952356815338135, 0.0055591273901472536, 38.776861571948764
item: 0.005464168265461922, 0.006632641172259618, 34.860127246565966
store: 2.3781321942806244e-05, 0.0015298684241742493, 34.87357763642527
store_sales: 288.85508783441037, 39.64479602399539, 10.24173430260469
date_dim: 0.0019952356815338135, 0.005559123443184179, 32.40959662784078
item: 0.005464168265461922, 0.00663263036307523, 28.492862309320206
store: 2.3781321942806244e-05, 0.001529868377130183, 28.506312688417356
store_sales: 288.85508783441037, 39.644224612619645, 3.8750407659254833
Function: 115.81254690027059, 2.562597071100871, 73.31517696380615, 34.940335152922046, 4.953692547197342, 0.01574743910807959, 0.024997726136100296
hiya: 0b101000100010000000, 115.81254690027059
date_dim: 0.0019952356815338135, 0.005559123443184179, 32.40959662784078
item: 0.005464168265461922, 0.00663263036307523, 28.492862309320206
store: 2.3781321942806244e-05, 0.001529868377130183, 28.506312688417356
store_sales: 288.85508783441037, 39.644224612619645, 3.8750407659254833
date_dim: 0.0019952356815338135, 0.005559014857373685, -0.005559014857373685
date_dim had no query dependencies
item: 0.005464168265461922, 0.006632332989113211, -0.006632332989113211
item had no query dependencies
store: 2.3781321942806244e-05, 0.001529867082890038, -0.001529867082890038
store had no query dependencies
Function: 119.39703941345215, 0, 119.39703941345215, 0.0, 0, 0.0, 0
hiya: 0b0, 119.39703941345215
{77.5472115079104: [4, 5, 6, 7, 8, 9, 10, 11, 12, 13, 15, 16, 17, 18, 19], 77.55956042203383: [4, 5, 6, 7, 8, 10, 11, 12, 13, 15, 16, 17, 18, 19], 77.57857993140487: [4, 5, 6, 7, 8, 10, 11, 12, 13, 15, 16, 17, 18], 77.5651113015676: [4, 5, 6, 7, 8, 10, 11, 12, 13, 15, 17, 18], 77.72071156073851: [4, 5, 6, 7, 8, 11, 12, 13, 15, 17, 18], 82.44709430899154: [4, 5, 6, 7, 8, 11, 13, 15, 17, 18], 87.8304319182501: [4, 5, 6, 7, 8, 11, 13, 15, 17], 94.61776908818382: [4, 5, 6, 7, 8, 11, 15, 17], 105.15128367108346: [5, 6, 7, 8, 11, 15, 17], 107.77109659856806: [5, 6, 7, 11, 15, 17], 109.45452578978072: [6, 7, 11, 15, 17], 115.81254690027059: [7, 11, 15, 17], 119.39703941345215: []}
[4, 5, 6, 7, 8, 9, 10, 11, 12, 13, 15, 16, 17, 18, 19]
{'65': 166016, '68': 164272, '08': 164016, '48': 164064, '09': 139264, '93': 204800, '98': 133248, '19': 166064, '55': 133248, '89': 166016, '88': 426240, '53': 166016, '47': 166016, '13': 164320, '06': 133296, '63': 166016, '42': 133248, '27': 166080, '50': 229504, '01': 98448, '21': 527488, '70': 163968, '36': 166016, '03': 133248, '28': 131072, '39': 527488, '44': 133120, '84': 66416, '34': 164240, '79': 164240, '46': 164272, '96': 426240, '43': 163968, '59': 163968, '82': 134272, '61': 170160, '52': 133248, '22': 527488, '07': 137408, '73': 164240, '24': 231472, '67': 166016}
Best Cost: $77.5472115079104;
[4, 5, 6, 7, 8, 9, 10, 11, 12, 13, 15, 16, 17, 18, 19]
{}
{'65': 166016, '68': 164272, '08': 164016, '48': 164064, '09': 139264, '93': 204800, '98': 133248, '19': 166064, '55': 133248, '89': 166016, '88': 426240, '53': 166016, '47': 166016, '13': 164320, '06': 133296, '63': 166016, '42': 133248, '27': 166080, '50': 229504, '01': 98448, '21': 527488, '70': 163968, '36': 166016, '03': 133248, '28': 131072, '39': 527488, '44': 133120, '84': 66416, '34': 164240, '79': 164240, '46': 164272, '96': 426240, '43': 163968, '59': 163968, '82': 134272, '61': 170160, '52': 133248, '22': 527488, '07': 137408, '73': 164240, '24': 231472, '67': 166016}
{'65': 166016, '68': 164272, '08': 164016, '48': 164064, '09': 139264, '93': 204800, '98': 133248, '19': 166064, '55': 133248, '89': 166016, '88': 426240, '53': 166016, '47': 166016, '13': 164320, '06': 133296, '63': 166016, '42': 133248, '27': 166080, '50': 229504, '01': 98448, '21': 527488, '70': 163968, '36': 166016, '03': 133248, '28': 131072, '39': 527488, '44': 133120, '84': 66416, '34': 164240, '79': 164240, '46': 164272, '96': 426240, '43': 163968, '59': 163968, '82': 134272, '61': 170160, '52': 133248, '22': 527488, '07': 137408, '73': 164240, '24': 231472, '67': 166016}
[4, 5, 6, 7, 8, 9, 10, 11, 12, 13, 15, 16, 17, 18, 19]
15
Optimal Subset: 0b11111011111111110000
Function: 77.5472115079104, 4.140184681836764, 28.339509963989258, 39.533297922622715, 5.483018548437755, 0.022811931991071958, 0.028388459032845502
77.5472115079104
Real: 77.5472115079104, 4.140184681836764, 28.339509963989258, 39.533297922622715, 5.483018548437755, 0.022811931991071958, 0.028388459032845502
Num Redshift Qs: 42; Num GCP Qs: 21
Redshift Qs: $4.140184681836764; GCP Qs: $28.339509963989258; Movement Cost: $39.533297922622715
Load Cost: $5.483018548437755, Storage Cost: $0.022811931991071958, API Cost: $0.028388459032845502
Final cost: $77.5472115079104, BQ Baseline: $119.39703941345215, Diff: $41.849827905541744, %: 35.050976231180016%
