Data Starting In: gcp
Egress: $0.0/GB
Benchmark: tpcds
Data Path: parquet_2000/batch_rs4
BigQuery Cost: $6.25/TB; DuckDB Cost: $1.48/hr; Redshift Cost: $4.344/hr
Use Duck: False
Using calcite profiles: False
Excluded Table: time_dim
Excluded Query: None

Starting analysis without using DuckDB
Redshift Total: $13.273993871006963, BigQuery Total: $233.42713117599487
01: $0.11105679145654043
02: $0.5465954839340845
03: $0.9802722319348653
04: $8.223923111081124
05: $2.9974008215141295
06: $0.7435586870272954
07: $2.6465265779876708
08: $0.9724738453769683
09: $8.54214733932495
10: $0.8714273145023982
11: $3.4012307220792772
12: $0.23884099586963653
13: $3.376772032376925
14: $31.446340173446337
15: $0.5003002914301554
16: $1.3307490620040894
17: $2.038808402964274
18: $8.152078640653292
19: $1.4556771116956075
20: $0.5148479410235087
21: $0.00520494754632314
22: $0.030213471749623615
23: $2.1557423163016636
24: $3.0622594185733796
25: $2.4896319906806945
26: $1.3754505428679784
27: $8.013910150156022
28: $10.11496771024545
29: $2.030406800688108
30: $0.013956845604578653
31: $3.666085393134753
32: $1.0331779216305415
33: $2.241665090312958
34: $1.161714003645579
35: $0.8592292271073659
36: $5.124345130489667
37: $0.13233230803489685
38: $0.7932188757864634
39: $0.011899112901687622
40: $0.8335138906304042
41: $-0.001560076328913371
42: $0.9816244987551371
43: $0.9920641914002101
44: $1.8940231076749166
45: $0.30204580492655436
46: $2.395647247627576
47: $1.1026310430765152
48: $2.1636873310550055
49: $3.7103639075326917
50: $1.2578326120678585
51: $1.2191740658871333
52: $0.9817617565568288
53: $1.2288573868672052
54: $1.5491541705354055
55: $0.9814906522480646
56: $2.241733239223162
57: $0.5912433275572458
58: $1.6821158746655782
59: $0.9201084773588181
60: $2.2423039103364943
61: $3.2690254377031325
62: $0.31730496872584024
63: $1.2287701210403443
64: $6.625942691001892
65: $1.227671975200971
67: $13.016806929626465
68: $2.911001474078496
69: $0.7892667372179032
70: $3.8910612282657624
72: $0.9901497989145914
73: $1.2395015475352604
74: $2.045917281182607
75: $5.665022974378268
76: $2.1740629166094463
77: $2.8618988512357078
78: $3.0076532274945578
79: $2.4385065128835044
80: $3.888387317752838
81: $0.045473998131752014
82: $0.2606608459568024
83: $0.125806760931015
84: $0.025848369385401408
85: $0.6193626808309555
86: $0.7661172444391251
87: $0.7879442857201894
89: $1.2288063448842366
91: $0.06462642346541086
92: $0.5084705054950714
93: $1.5836714638996123
94: $0.670769666852951
95: $0.6354947167984645
97: $1.0412967393541337
98: $0.9812050623512268
99: $0.5433749508492152
!!!!!!: 220.1546973813168
Excluding table time_dim and any queries that depend on it
Total Keys: 94, Keys Considered: 93
[0, 1, 2, 3, 4, 5, 6, 7, 8, 9, 10, 11, 12, 13, 14, 15, 16, 17, 19, 20, 21, 22, 23]
{'46': 164272, '87': 4325528, '75': 6490252, '60': 4327592, '09': 139264, '54': 4360376, '89': 166016, '22': 527488, '23': 4327576, '70': 163968, '65': 166016, '05': 14909582, '01': 98448, '86': 4196480, '95': 14680224, '13': 164320, '28': 131072, '25': 231560, '11': 4325520, '83': 2164868, '42': 133248, '17': 231560, '40': 526476, '57': 2185, '02': 4194440, '30': 2097328, '94': 14680224, '79': 164240, '59': 163968, '04': 4325528, '10': 4325624, '74': 4325520, '69': 4325624, '19': 166064, '67': 166016, '29': 231560, '58': 4327560, '20': 2184, '16': 173, '33': 4327592, '18': 2296, '82': 134272, '26': 6344, '61': 170160, '31': 4325536, '32': 2184, '24': 231472, '27': 166080, '08': 164016, '98': 133248, '03': 133248, '78': 6488204, '21': 527488, '97': 131208, '37': 3208, '93': 204800, '34': 164240, '73': 164240, '36': 166016, '99': 540809, '38': 4325528, '68': 164272, '84': 66416, '92': 4196480, '45': 4196528, '52': 133248, '81': 180, '48': 164064, '91': 501, '56': 4327592, '14': 4327560, '35': 4325624, '50': 229504, '72': 531916, '85': 7348448, '80': 14915726, '39': 527488, '76': 4327560, '53': 166016, '43': 163968, '64': 236540, '15': 184, '44': 133120, '55': 133248, '62': 13123712, '51': 4325504, '77': 7569548, '06': 133296, '49': 6488204, '47': 166016, '12': 4196480, '63': 166016, '07': 137408}
call_center: 0.001437339394531031, 2.52855642448143
catalog_page: 0.0020485402026632457, 6.883739599064304
catalog_returns: 0.3279965888965279, 31.81899313609082
catalog_sales: 3.5552574557548398, 107.40349767121896
customer: 0.013739460728847316, 56.95400972298794
customer_address: 0.015669448132573583, 53.78194741083776
customer_demographics: 0.0036131758700538555, 36.57066534165276
date_dim: 0.0033595144730443785, 194.92842045774006
household_demographics: 0.0030431464314476494, 21.22666695448319
income_band: 0.001764134744096878, 6.650026925643196
inventory: 0.02171077075119007, 1.408749714352735
item: 0.003257964623517074, 134.48933758925145
promotion: 0.005220815284562418, 18.79026155094354
reason: 0.0016772709931316945, 10.743504213062387
ship_mode: 0.0018439481884432193, 0.8588359713866122
store: 0.0023051578019722603, 88.26951423301313
store_returns: 0.6503966371536518, 40.83159576440331
store_sales: 5.65763165790235, 193.46075825877352
warehouse: 0.002178098621639135, 2.7294830426960464
web_page: 0.0020416056302826465, 3.4792199264363806
web_returns: 0.13977715505029056, 24.056340615875868
web_sales: 1.9816378150917615, 93.14462605781937
web_site: 0.002673580437751385, 8.506683911206474
[]
0
call_center: 0.0014373388153049802, 2.528556425060656
catalog_page: 0.002048477891112097, 6.883739661375856
catalog_returns: 0.32576720416907634, 31.821222520818274
household_demographics: 0.003043143423685062, 21.226666957490952
income_band: 0.0017641346853476958, 6.650026925701946
inventory: 0.02168721490250389, 1.4087732702014213
promotion: 0.005220812903576278, 18.790261553324527
ship_mode: 0.0018439480338822095, 0.8588359715411732
store_returns: 0.6468777412079604, 40.83511466034901
warehouse: 0.0021780983956192104, 2.7294830429220664
web_page: 0.002041604675008503, 3.4792199273916546
web_returns: 0.13869642000576515, 24.057421350920393
web_site: 0.0026735795717120056, 8.506683912072514
[]
0
{'09': 139264, '28': 131072, '67': 166016, '18': 2296, '27': 166080, '14': 4327560, '46': 256, '87': 0, '75': 2162692, '60': 0, '54': 0, '89': 0, '22': 525312, '23': 0, '70': 0, '65': 0, '05': 10551302, '86': 0, '95': 10485760, '13': 256, '25': 65536, '11': 0, '42': 0, '17': 65536, '40': 524292, '57': 1, '02': 0, '94': 10485760, '79': 256, '59': 0, '04': 0, '10': 0, '74': 0, '69': 0, '19': 0, '29': 65536, '58': 0, '20': 0, '16': 5, '33': 0, '82': 1024, '26': 4096, '61': 4096, '31': 0, '32': 0, '24': 65536, '08': 0, '98': 0, '03': 0, '78': 2162692, '97': 0, '37': 1024, '93': 65536, '34': 256, '73': 256, '36': 0, '99': 540673, '38': 0, '68': 256, '92': 0, '45': 0, '52': 0, '48': 0, '56': 0, '35': 0, '50': 65536, '72': 529668, '85': 3145728, '80': 10555398, '76': 0, '53': 0, '43': 0, '64': 70404, '15': 0, '44': 0, '55': 0, '62': 8929280, '51': 0, '77': 3211268, '06': 0, '49': 2162692, '47': 0, '12': 0, '63': 0, '07': 4096}
{}
{'09': 139264, '28': 131072, '67': 166016, '18': 2296, '27': 166080, '14': 4327560, '46': 256, '87': 0, '75': 2162692, '60': 0, '54': 0, '89': 0, '22': 525312, '23': 0, '70': 0, '65': 0, '05': 10551302, '86': 0, '95': 10485760, '13': 256, '25': 65536, '11': 0, '42': 0, '17': 65536, '40': 524292, '57': 1, '02': 0, '94': 10485760, '79': 256, '59': 0, '04': 0, '10': 0, '74': 0, '69': 0, '19': 0, '29': 65536, '58': 0, '20': 0, '16': 5, '33': 0, '82': 1024, '26': 4096, '61': 4096, '31': 0, '32': 0, '24': 65536, '08': 0, '98': 0, '03': 0, '78': 2162692, '97': 0, '37': 1024, '93': 65536, '34': 256, '73': 256, '36': 0, '99': 540673, '38': 0, '68': 256, '92': 0, '45': 0, '52': 0, '48': 0, '56': 0, '35': 0, '50': 65536, '72': 529668, '85': 3145728, '80': 10555398, '76': 0, '53': 0, '43': 0, '64': 70404, '15': 0, '44': 0, '55': 0, '62': 8929280, '51': 0, '77': 3211268, '06': 0, '49': 2162692, '47': 0, '12': 0, '63': 0, '07': 4096}
STARTING PHASE 2: 0b0
----
[]
Function: 26.331728403683165, 13.272374190033277, 5.9604644775390625e-05, 0.6590133268459466, 12.213523135930695, 0.1271137969003083, 0.05964434932816328
{26.331728403683165: []}
Best Cost: $26.331728403683165;
[3, 4, 5, 6, 7, 11, 13, 15, 17, 22, 0, 1, 2, 8, 9, 10, 12, 14, 16, 19, 20, 21, 23]
{'46': 164272, '87': 4325528, '75': 6490252, '60': 4327592, '09': 139264, '54': 4360376, '89': 166016, '22': 527488, '23': 4327576, '70': 163968, '65': 166016, '05': 14909582, '01': 98448, '86': 4196480, '95': 14680224, '13': 164320, '28': 131072, '25': 231560, '11': 4325520, '83': 2164868, '42': 133248, '17': 231560, '40': 526476, '57': 2185, '02': 4194440, '30': 2097328, '94': 14680224, '79': 164240, '59': 163968, '04': 4325528, '10': 4325624, '74': 4325520, '69': 4325624, '19': 166064, '67': 166016, '29': 231560, '58': 4327560, '20': 2184, '16': 173, '33': 4327592, '18': 2296, '82': 134272, '26': 6344, '61': 170160, '31': 4325536, '32': 2184, '24': 231472, '27': 166080, '08': 164016, '98': 133248, '03': 133248, '78': 6488204, '21': 527488, '97': 131208, '37': 3208, '93': 204800, '34': 164240, '73': 164240, '36': 166016, '99': 540809, '38': 4325528, '68': 164272, '84': 66416, '92': 4196480, '45': 4196528, '52': 133248, '81': 180, '48': 164064, '91': 501, '56': 4327592, '14': 4327560, '35': 4325624, '50': 229504, '72': 531916, '85': 7348448, '80': 14915726, '39': 527488, '76': 4327560, '53': 166016, '43': 163968, '64': 236540, '15': 184, '44': 133120, '55': 133248, '62': 13123712, '51': 4325504, '77': 7569548, '06': 133296, '49': 6488204, '47': 166016, '12': 4196480, '63': 166016, '07': 137408}
['41']
Excluding table time_dim and any queries that depend on it
[3, 4, 5, 6, 7, 11, 13, 15, 17, 22, 0, 1, 2, 8, 9, 10, 12, 14, 16, 19, 20, 21, 23]
dict_keys(['46', '87', '75', '60', '09', '54', '89', '22', '23', '70', '65', '05', '01', '86', '95', '13', '28', '25', '11', '83', '42', '17', '40', '57', '02', '30', '94', '79', '59', '04', '10', '74', '69', '19', '67', '29', '58', '20', '16', '33', '18', '82', '26', '61', '31', '32', '24', '27', '08', '98', '03', '78', '21', '97', '37', '93', '34', '73', '36', '99', '38', '68', '84', '92', '45', '52', '81', '48', '91', '56', '14', '35', '50', '72', '85', '80', '39', '76', '53', '43', '64', '15', '44', '55', '62', '51', '77', '06', '49', '47', '12', '63', '07'])
23
Optimal Subset: 0b111110111111111111111111
dict_keys(['46', '87', '75', '60', '09', '54', '89', '22', '23', '70', '65', '05', '01', '86', '95', '13', '28', '25', '11', '83', '42', '17', '40', '57', '02', '30', '94', '79', '59', '04', '10', '74', '69', '19', '67', '29', '58', '20', '16', '33', '18', '82', '26', '61', '31', '32', '24', '27', '08', '98', '03', '78', '21', '97', '37', '93', '34', '73', '36', '99', '38', '68', '84', '92', '45', '52', '81', '48', '91', '56', '14', '35', '50', '72', '85', '80', '39', '76', '53', '43', '64', '15', '44', '55', '62', '51', '77', '06', '49', '47', '12', '63', '07'])
Function: 26.331728403683165, 13.272374190033277, 5.9604644775390625e-05, 0.6590133268459466, 12.213523135930695, 0.1271137969003083, 0.05964434932816328
Real: 26.331728403683165, 13.272374190033277, 5.9604644775390625e-05, 0.6590133268459466, 12.213523135930695, 0.1271137969003083, 0.05964434932816328
outputs_noduck_GCP_0.0_4.344_6.25.json
Num GCP Qs: 93; Num Redshift Qs: 1
PLAN TYPE IS: move
Moved Qs: $13.272374190033277; Stayed Qs: $5.9604644775390625e-05; Migration Cost: $13.059294609005113
Movement Cost: $0.6590133268459466, Load Cost: $12.213523135930695, Storage Cost: $0.1271137969003083, API Cost: $0.05964434932816328
Final cost: $26.331728403683165, Baseline: $233.42713117599487, Diff: $207.0954027723117, %: 88.71950819468792%
