Data Starting In: gcp
Egress: $0.0/GB
Benchmark: tpcds
Data Path: parquet_2000/batch_rs4
BigQuery Cost: $6.25/TB; DuckDB Cost: $1.48/hr; Redshift Cost: $4.344/hr
Use Duck: False
Using calcite profiles: False
Excluded Table: web_site
Excluded Query: None

Starting analysis without using DuckDB
Redshift Total: $12.826675901718135, BigQuery Total: $235.40680408477783
01: $0.11105679145654043
02: $0.5465954839340845
03: $0.9802722319348653
04: $8.223923111081124
06: $0.7435586870272954
07: $2.6465265779876708
08: $0.9724738453769683
09: $8.54214733932495
10: $0.8714273145023982
11: $3.4012307220792772
12: $0.23884099586963653
13: $3.376772032376925
14: $31.446340173446337
15: $0.5003002914301554
16: $1.3307490620040894
17: $2.038808402964274
18: $8.152078640653292
19: $1.4556771116956075
20: $0.5148479410235087
21: $0.00520494754632314
22: $0.030213471749623615
23: $2.1557423163016636
24: $3.0622594185733796
25: $2.4896319906806945
26: $1.3754505428679784
27: $8.013910150156022
28: $10.11496771024545
29: $2.030406800688108
30: $0.013956845604578653
31: $3.666085393134753
32: $1.0331779216305415
33: $2.241665090312958
34: $1.161714003645579
35: $0.8592292271073659
36: $5.124345130489667
37: $0.13233230803489685
38: $0.7932188757864634
39: $0.011899112901687622
40: $0.8335138906304042
41: $-0.001560076328913371
42: $0.9816244987551371
43: $0.9920641914002101
44: $1.8940231076749166
45: $0.30204580492655436
46: $2.395647247627576
47: $1.1026310430765152
48: $2.1636873310550055
49: $3.7103639075326917
50: $1.2578326120678585
51: $1.2191740658871333
52: $0.9817617565568288
53: $1.2288573868672052
54: $1.5491541705354055
55: $0.9814906522480646
56: $2.241733239223162
57: $0.5912433275572458
58: $1.6821158746655782
59: $0.9201084773588181
60: $2.2423039103364943
61: $3.2690254377031325
63: $1.2287701210403443
64: $6.625942691001892
65: $1.227671975200971
66: $1.7192268790578842
67: $13.016806929626465
68: $2.911001474078496
69: $0.7892667372179032
70: $3.8910612282657624
71: $2.183981887954076
72: $0.9901497989145914
73: $1.2395015475352604
74: $2.045917281182607
75: $5.665022974378268
76: $2.1740629166094463
77: $2.8618988512357078
78: $3.0076532274945578
79: $2.4385065128835044
81: $0.045473998131752014
82: $0.2606608459568024
83: $0.125806760931015
84: $0.025848369385401408
85: $0.6193626808309555
86: $0.7661172444391251
87: $0.7879442857201894
88: $5.909832486608823
89: $1.2288063448842366
90: $0.3863231610997518
91: $0.06462642346541086
92: $0.5084705054950714
93: $1.5836714638996123
96: $0.7369839549954732
97: $1.0412967393541337
98: $0.9812050623512268
99: $0.5433749508492152
!!!!!!: 222.58168825938856
Excluding table web_site and any queries that depend on it
Total Keys: 94, Keys Considered: 93
[0, 1, 2, 3, 4, 5, 6, 7, 8, 9, 10, 11, 12, 13, 14, 15, 16, 17, 18, 19, 20, 21, 22]
{'97': 131208, '55': 133248, '93': 204800, '66': 4997256, '87': 4325528, '86': 4196480, '61': 170160, '37': 3208, '91': 501, '14': 4327560, '10': 4325624, '15': 184, '63': 166016, '43': 163968, '19': 166064, '65': 166016, '71': 4589704, '35': 4325624, '33': 4327592, '52': 133248, '92': 4196480, '67': 166016, '45': 4196528, '59': 163968, '50': 229504, '51': 4325504, '96': 426240, '17': 231560, '60': 4327592, '89': 166016, '64': 236540, '83': 2164868, '77': 7569548, '34': 164240, '54': 4360376, '56': 4327592, '08': 164016, '74': 4325520, '32': 2184, '85': 7348448, '23': 4327576, '49': 6488204, '26': 6344, '68': 164272, '38': 4325528, '02': 4194440, '25': 231560, '90': 5505280, '42': 133248, '21': 527488, '53': 166016, '57': 2185, '88': 426240, '69': 4325624, '46': 164272, '81': 180, '06': 133296, '44': 133120, '18': 2296, '48': 164064, '04': 4325528, '70': 163968, '09': 139264, '07': 137408, '82': 134272, '30': 2097328, '27': 166080, '36': 166016, '13': 164320, '73': 164240, '20': 2184, '84': 66416, '03': 133248, '72': 531916, '40': 526476, '79': 164240, '76': 4327560, '47': 166016, '99': 540809, '01': 98448, '78': 6488204, '22': 527488, '31': 4325536, '11': 4325520, '39': 527488, '16': 173, '98': 133248, '24': 231472, '75': 6490252, '12': 4196480, '28': 131072, '58': 4327560, '29': 231560}
call_center: 0.0014373393748538098, 2.5285564245011076
catalog_page: 0.0020485380858417256, -0.0020485380858417256
catalog_page had no query dependencies
catalog_returns: 0.3279208531865185, 24.93328073253386
catalog_sales: 3.5545538422437155, 104.42162191247505
customer: 0.01373760147692172, 56.95401158223986
customer_address: 0.015669055586819573, 52.475683419732086
customer_demographics: 0.0036131465106315017, 36.57066537101218
date_dim: 0.0033595087655512086, 190.32227173881526
household_demographics: 0.003043146329269218, 28.259806557289416
income_band: 0.0017641347421010756, 6.650026925645193
inventory: 0.021709970521914628, 1.4087505145820105
item: 0.0032579489285283177, 132.7849321751476
promotion: 0.005220815203676569, 14.901874233271588
reason: 0.0016772709890978189, 10.74350421306642
ship_mode: 0.0018439481831925386, 2.260757881723907
store: 0.0023051577275508784, 88.03054253542487
store_returns: 0.6502770947168464, 33.94592716757315
store_sales: 5.6566953832374836, 195.40670472372975
time_dim: 0.0029988063483642564, 10.933349563367644
warehouse: 0.002178098613960882, 4.1314049530357675
web_page: 0.0020416055978304793, 3.8655430875685846
web_returns: 0.1397404407788948, 15.86432480722888
web_sales: 1.9812833726102153, 88.92515493676841
['catalog_page']
1
call_center: 0.001437338791144637, 2.5285564250848167
catalog_returns: 0.32567421335768265, 24.935527372362696
income_band: 0.0017641346828971838, 6.650026925704396
inventory: 0.021686232354514116, 1.408774252749411
promotion: 0.0052208128042619565, 14.901874235671002
ship_mode: 0.0018439480274352496, 2.2607578818796643
store_returns: 0.6467309630475241, 33.94947329924248
warehouse: 0.0021780983861915976, 4.131404953263537
web_page: 0.0020416046351626584, 3.8655430885312523
web_returns: 0.13865134100820384, 15.865413906999569
[]
0
{'14': 4327560, '67': 166016, '88': 426240, '18': 2296, '09': 139264, '27': 166080, '28': 131072, '97': 0, '55': 0, '93': 65536, '66': 540672, '87': 0, '86': 0, '61': 4096, '37': 1024, '10': 0, '15': 0, '63': 0, '43': 0, '19': 0, '65': 0, '71': 0, '35': 0, '33': 0, '52': 0, '92': 0, '45': 0, '59': 0, '50': 65536, '51': 0, '96': 0, '17': 65536, '60': 0, '89': 0, '64': 70148, '77': 3211268, '34': 0, '54': 0, '56': 0, '08': 0, '74': 0, '32': 0, '85': 3145728, '23': 0, '49': 2162692, '26': 4096, '68': 0, '38': 0, '02': 0, '25': 65536, '90': 1048576, '42': 0, '53': 0, '57': 1, '69': 0, '46': 0, '06': 0, '44': 0, '48': 0, '04': 0, '70': 0, '07': 4096, '82': 1024, '36': 0, '13': 0, '73': 0, '20': 0, '03': 0, '72': 529412, '40': 524292, '79': 0, '76': 0, '47': 0, '99': 540673, '78': 2162692, '22': 525312, '31': 0, '11': 0, '16': 5, '98': 0, '24': 65536, '75': 2162692, '12': 0, '58': 0, '29': 65536}
{}
{'14': 4327560, '67': 166016, '88': 426240, '18': 2296, '09': 139264, '27': 166080, '28': 131072, '97': 0, '55': 0, '93': 65536, '66': 540672, '87': 0, '86': 0, '61': 4096, '37': 1024, '10': 0, '15': 0, '63': 0, '43': 0, '19': 0, '65': 0, '71': 0, '35': 0, '33': 0, '52': 0, '92': 0, '45': 0, '59': 0, '50': 65536, '51': 0, '96': 0, '17': 65536, '60': 0, '89': 0, '64': 70148, '77': 3211268, '34': 0, '54': 0, '56': 0, '08': 0, '74': 0, '32': 0, '85': 3145728, '23': 0, '49': 2162692, '26': 4096, '68': 0, '38': 0, '02': 0, '25': 65536, '90': 1048576, '42': 0, '53': 0, '57': 1, '69': 0, '46': 0, '06': 0, '44': 0, '48': 0, '04': 0, '70': 0, '07': 4096, '82': 1024, '36': 0, '13': 0, '73': 0, '20': 0, '03': 0, '72': 529412, '40': 524292, '79': 0, '76': 0, '47': 0, '99': 540673, '78': 2162692, '22': 525312, '31': 0, '11': 0, '16': 5, '98': 0, '24': 65536, '75': 2162692, '12': 0, '58': 0, '29': 65536}
STARTING PHASE 2: 0b0
----
[]
Function: 25.880447941321417, 12.825056220744447, 5.9604644775390625e-05, 0.6590137408312488, 12.211809708010353, 0.12487428043895514, 0.05963438665163816
{25.880447941321417: []}
Best Cost: $25.880447941321417;
[3, 4, 5, 6, 7, 8, 11, 13, 15, 17, 18, 22, 0, 2, 9, 10, 12, 14, 16, 19, 20, 21]
{'97': 131208, '55': 133248, '93': 204800, '66': 4997256, '87': 4325528, '86': 4196480, '61': 170160, '37': 3208, '91': 501, '14': 4327560, '10': 4325624, '15': 184, '63': 166016, '43': 163968, '19': 166064, '65': 166016, '71': 4589704, '35': 4325624, '33': 4327592, '52': 133248, '92': 4196480, '67': 166016, '45': 4196528, '59': 163968, '50': 229504, '51': 4325504, '96': 426240, '17': 231560, '60': 4327592, '89': 166016, '64': 236540, '83': 2164868, '77': 7569548, '34': 164240, '54': 4360376, '56': 4327592, '08': 164016, '74': 4325520, '32': 2184, '85': 7348448, '23': 4327576, '49': 6488204, '26': 6344, '68': 164272, '38': 4325528, '02': 4194440, '25': 231560, '90': 5505280, '42': 133248, '21': 527488, '53': 166016, '57': 2185, '88': 426240, '69': 4325624, '46': 164272, '81': 180, '06': 133296, '44': 133120, '18': 2296, '48': 164064, '04': 4325528, '70': 163968, '09': 139264, '07': 137408, '82': 134272, '30': 2097328, '27': 166080, '36': 166016, '13': 164320, '73': 164240, '20': 2184, '84': 66416, '03': 133248, '72': 531916, '40': 526476, '79': 164240, '76': 4327560, '47': 166016, '99': 540809, '01': 98448, '78': 6488204, '22': 527488, '31': 4325536, '11': 4325520, '39': 527488, '16': 173, '98': 133248, '24': 231472, '75': 6490252, '12': 4196480, '28': 131072, '58': 4327560, '29': 231560}
['41']
Excluding table web_site and any queries that depend on it
[3, 4, 5, 6, 7, 8, 11, 13, 15, 17, 18, 22, 0, 2, 9, 10, 12, 14, 16, 19, 20, 21]
dict_keys(['97', '55', '93', '66', '87', '86', '61', '37', '91', '14', '10', '15', '63', '43', '19', '65', '71', '35', '33', '52', '92', '67', '45', '59', '50', '51', '96', '17', '60', '89', '64', '83', '77', '34', '54', '56', '08', '74', '32', '85', '23', '49', '26', '68', '38', '02', '25', '90', '42', '21', '53', '57', '88', '69', '46', '81', '06', '44', '18', '48', '04', '70', '09', '07', '82', '30', '27', '36', '13', '73', '20', '84', '03', '72', '40', '79', '76', '47', '99', '01', '78', '22', '31', '11', '39', '16', '98', '24', '75', '12', '28', '58', '29'])
22
Optimal Subset: 0b11111111111111111111101
dict_keys(['97', '55', '93', '66', '87', '86', '61', '37', '91', '14', '10', '15', '63', '43', '19', '65', '71', '35', '33', '52', '92', '67', '45', '59', '50', '51', '96', '17', '60', '89', '64', '83', '77', '34', '54', '56', '08', '74', '32', '85', '23', '49', '26', '68', '38', '02', '25', '90', '42', '21', '53', '57', '88', '69', '46', '81', '06', '44', '18', '48', '04', '70', '09', '07', '82', '30', '27', '36', '13', '73', '20', '84', '03', '72', '40', '79', '76', '47', '99', '01', '78', '22', '31', '11', '39', '16', '98', '24', '75', '12', '28', '58', '29'])
Function: 25.880447941321417, 12.825056220744447, 5.9604644775390625e-05, 0.6590137408312488, 12.211809708010353, 0.12487428043895514, 0.05963438665163816
Real: 25.880447941321417, 12.825056220744447, 5.9604644775390625e-05, 0.6590137408312488, 12.211809708010353, 0.12487428043895514, 0.05963438665163816
outputs_noduck_GCP_0.0_4.344_6.25.json
Num GCP Qs: 93; Num Redshift Qs: 1
PLAN TYPE IS: move
Moved Qs: $12.825056220744447; Stayed Qs: $5.9604644775390625e-05; Migration Cost: $13.055332115932195
Movement Cost: $0.6590137408312488, Load Cost: $12.211809708010353, Storage Cost: $0.12487428043895514, API Cost: $0.05963438665163816
Final cost: $25.880447941321417, Baseline: $235.40680408477783, Diff: $209.5263561434564, %: 89.00607480657143%
