Egress: $0.12/GB
Benchmark: tpcds
Data Path: parquet_2000/internal_rs4
BigQuery Cost: $5/TB; DuckDB Cost: $1.48/hr; Redshift Cost: $4.344/hr
Use Duck: True
Excluded Table: reason
Excluded Query: None

Starting analysis using DuckDB
Duck Total: $44.78930130216281, Duck-Calcite Total: $51.80524728909067, Redshift Total: $10.393935226291028, Redshift-Calcite Total: $10.979109287355746, BigQuery Total: $94.92231845855713
!!!!!!: 27.203116884717662
Excluding table reason and any queries that depend on it
Total Keys: 89, Keys Considered: 85
-0.08011658074686498
call_center: 5.735084414482117e-06, 0.0016639789292167049, 0.717621064776073
catalog_page: 0.0006659524515271187, 0.0016514943724460242, 2.718233268712594
catalog_returns: 23.366260116919875, 3.0609775635042538, 1.4503481376847547
catalog_sales: 217.0907397372648, 29.11851971208244, -14.981688641851218
customer: 0.6484093563631177, 0.09325928210915314, 7.5681926861860775
customer_address: 0.18544994108378887, 0.03919841603792869, 5.116391660445085
customer_demographics: 0.012168197892606258, 0.008661784993319602, 2.4155563466415715
date_dim: 0.0019952356815338135, 0.0055592970671677075, 24.24729259372912
household_demographics: 3.512948751449585e-05, 0.0015011249942957674, 2.753237993588609
income_band: 6.137415766716003e-07, 0.0014422194416531487, 0.012374153541007779
inventory: 0.24701470416039228, 0.05386084065421221, 0.18563201812706515
item: 0.005464168265461922, 0.006633105851093864, 10.38161761024109
promotion: 2.6027671992778778e-05, 0.001512072327790879, 1.686036640953084
ship_mode: 1.5795230865478516e-06, 0.0017056555009047618, 0.8494790896057813
store: 2.3781321942806244e-05, 0.0015298704465638282, 10.95679122831806
store_returns: 36.877127600833774, 4.861256230582961, 1.778813263699404
store_sales: 288.85508783441037, 39.66936057599308, -16.089989369125846
time_dim: 0.0012104213237762451, 0.014686430634394669, 1.6167308296902807
warehouse: 2.3292377591133118e-06, 0.01770620604131167, 0.916479775175104
web_page: 1.0661780834197998e-05, 0.014096261505194793, 0.270333706945662
web_returns: 11.326140539720654, 1.5171101698451106, 3.3010050224050134
web_sales: 109.34904180746526, 14.725724713828983, -0.5702403282724386
web_site: 8.863396942615509e-06, 0.018448465624029835, 3.500634445258587
-0.0800826296199115
call_center: 5.735084414482117e-06, 0.0016639781640669681, 0.0037880789712993876
catalog_page: 0.0006659524515271187, 0.0016514055239991398, -0.0016514055239991398
catalog_page had no query dependencies
catalog_returns: 23.366260116919875, 3.0578601398561784, -2.9958591239477363
customer: 0.6484093563631177, 0.09317277418486207, -0.03478519425319013
customer_address: 0.18544994108378887, 0.03917367412249267, -0.019887197627498996
customer_demographics: 0.012168197892606258, 0.008660161565878708, 0.010608268552148574
date_dim: 0.0019952356815338135, 0.005559030871599141, 0.10525620612228173
household_demographics: 3.512948751449585e-05, 0.0015011203074740604, 0.01776730981055322
income_band: 6.137415766716003e-07, 0.0014422193597704472, 0.01237415362289048
inventory: 0.24701470416039228, 0.053827885038879725, -0.04411476739011925
item: 0.005464168265461922, 0.006632376845798084, 0.05961165319907178
promotion: 2.6027671992778778e-05, 0.0015120688552933649, -0.0015120688552933649
promotion had no query dependencies
ship_mode: 1.5795230865478516e-06, 0.001705655290171739, -0.001705655290171739
ship_mode had no query dependencies
store: 2.3781321942806244e-05, 0.001529867273764457, 0.037571236162913815
store_returns: 36.877127600833774, 4.856336246422865, -4.746887857607416
time_dim: 0.0012104213237762451, 0.014686269145305702, -0.014686269145305702
time_dim had no query dependencies
warehouse: 2.3292377591133118e-06, 0.017706205730555015, -0.007993088081794539
web_page: 1.0661780834197998e-05, 0.01409626008274689, -0.01409626008274689
web_page had no query dependencies
web_returns: 11.326140539720654, 1.515599085992441, -1.4590681735963318
web_site: 8.863396942615509e-06, 0.018448464441514403, -0.018448464441514403
web_site had no query dependencies
call_center: 5.735084414482117e-06, 0.0016639781185250684, -0.0016639781185250684
call_center had no query dependencies
customer_demographics: 0.012168197892606258, 0.008660064939079991, -0.008660064939079991
customer_demographics had no query dependencies
date_dim: 0.0019952356815338135, 0.005559015027573732, -0.005559015027573732
date_dim had no query dependencies
household_demographics: 3.512948751449585e-05, 0.0015011200285132852, -0.0015011200285132852
household_demographics had no query dependencies
income_band: 6.137415766716003e-07, 0.0014422193548967687, -0.0014422193548967687
income_band had no query dependencies
item: 0.005464168265461922, 0.00663233345522441, -0.00663233345522441
item had no query dependencies
store: 2.3781321942806244e-05, 0.0015298670849186616, -0.0015298670849186616
store had no query dependencies
{}
{}
STARTING PHASE 2: 0b0
----
[]
Function: 36.49122983130479, 0, 36.49122983130479, 0.0, 0, 0.0, 0
{36.49122983130479: []}
[]
{}
Best Cost: $36.49122983130479;
[]
{}
{}
{}
[]
0
Optimal Subset: 0b0
Function: 36.49122983130479, 0, 36.49122983130479, 0.0, 0, 0.0, 0
36.49122983130479
Real: 36.49122983130479, 0, 36.49122983130479, 0.0, 0, 0.0, 0
Num Redshift Qs: 0; Num GCP Qs: 89
Num BigQuery Qs: 11; Num DuckDB Qs: 78
Redshift Qs: $0; GCP Qs: $36.49122983130479; Movement Cost: $0.0
Load Cost: $0, Storage Cost: $0.0, API Cost: $0
Final cost: $36.49122983130479, BQ Baseline: $94.92231845855713, Diff: $58.431088627252336, %: 61.55674405778786%
