Egress: $0.12/GB
Benchmark: tpcds
Data Path: parquet_2000/internal_rs4
BigQuery Cost: $5/TB; DuckDB Cost: $1.48/hr; Redshift Cost: $4.344/hr
Use Duck: True
Excluded Table: customer
Excluded Query: None

Starting analysis using DuckDB
Duck Total: $32.12258013448715, Duck-Calcite Total: $36.4630795327213, Redshift Total: $5.638581761452357, Redshift-Calcite Total: $6.399927054549852, BigQuery Total: $70.46757221221924
!!!!!!: 21.18780504338402
Excluding table customer and any queries that depend on it
Total Keys: 66, Keys Considered: 64
-0.08010888423384888
call_center: 5.735084414482117e-06, 0.001663978755761935, 0.7121690078141614
catalog_page: 0.0006659524515271187, 0.0016514742310460393, 2.718233288853994
catalog_returns: 23.366260116919875, 3.0602708626127937, 1.445584735063882
catalog_sales: 217.0907397372648, 29.11195391085741, -18.738061385022988
customer_address: 0.18544994108378887, 0.03919280719688911, 2.7463962717311774
customer_demographics: 0.012168197892606258, 0.008661416972238987, 2.0594279356651355
date_dim: 0.0019952356815338135, 0.005559236722258948, 17.518039536924427
household_demographics: 3.512948751449585e-05, 0.001501123931821926, 1.4477041212011432
income_band: 6.137415766716003e-07, 0.0014422194230908408, -0.0014422194230908408
income_band had no query dependencies
inventory: 0.24701470416039228, 0.05385336981759735, 0.18563948896368
item: 0.005464168265461922, 0.006632940590048025, 8.962075877437004
promotion: 2.6027671992778778e-05, 0.0015120715405969119, 1.5947006268718635
reason: 1.2423843145370483e-06, 0.0015798680295906484, 1.644560258932004
ship_mode: 1.5795230865478516e-06, 0.0017056554531328732, 0.8494790896535532
store: 2.3781321942806244e-05, 0.0015298697273095987, 8.4807333345256
store_returns: 36.877127600833774, 4.860140900238285, 1.6688772718424607
store_sales: 288.85508783441037, 39.660624297827304, -21.967873216319447
time_dim: 0.0012104213237762451, 0.014686394025805008, 1.6167308662988702
warehouse: 2.3292377591133118e-06, 0.017706205970865037, 0.9164797752455509
web_page: 1.0661780834197998e-05, 0.014096261182734547, 0.48976638224669267
web_returns: 11.326140539720654, 1.5167676163694508, 3.5207802508592434
web_sales: 109.34904180746526, 14.722417506559228, -5.289707477511971
web_site: 8.863396942615509e-06, 0.018448465355960814, 3.5006344455266563
-0.08008239252416592
call_center: 5.735084414482117e-06, 0.001663978158723589, -0.001663978158723589
call_center had no query dependencies
catalog_page: 0.0006659524515271187, 0.0016514049035311128, -0.0016514049035311128
catalog_page had no query dependencies
catalog_returns: 23.366260116919875, 3.057838369507137, -3.001307457111028
customer_address: 0.18544994108378887, 0.039173501338746926, -0.039173501338746926
customer_address had no query dependencies
customer_demographics: 0.012168197892606258, 0.008660150228766393, -0.008660150228766393
customer_demographics had no query dependencies
date_dim: 0.0019952356815338135, 0.005559029012637673, 0.06068500103223219
household_demographics: 3.512948751449585e-05, 0.0015011202747439102, -0.0015011202747439102
household_demographics had no query dependencies
inventory: 0.24701470416039228, 0.05382765489523239, -0.044114537246471915
item: 0.005464168265461922, 0.006632371754831461, 0.05961165829003841
promotion: 2.6027671992778778e-05, 0.0015120688310433779, -0.0015120688310433779
promotion had no query dependencies
reason: 1.2423843145370483e-06, 0.0015798679002549626, -0.0015798679002549626
reason had no query dependencies
ship_mode: 1.5795230865478516e-06, 0.0017056552887000972, -0.0017056552887000972
ship_mode had no query dependencies
store: 2.3781321942806244e-05, 0.0015298672516073947, -0.0015298672516073947
store had no query dependencies
store_returns: 36.877127600833774, 4.8563018879959925, -4.799770975599883
time_dim: 0.0012104213237762451, 0.01468626801755592, -0.01468626801755592
time_dim had no query dependencies
warehouse: 2.3292377591133118e-06, 0.017706205728384865, -0.00799308807962439
web_page: 1.0661780834197998e-05, 0.014096260072813307, -0.014096260072813307
web_page had no query dependencies
web_returns: 11.326140539720654, 1.5155885334251238, -1.4590576210290145
web_site: 8.863396942615509e-06, 0.018448464433256373, -0.018448464433256373
web_site had no query dependencies
date_dim: 0.0019952356815338135, 0.005559014835420468, -0.005559014835420468
date_dim had no query dependencies
item: 0.005464168265461922, 0.006632332928991957, -0.006632332928991957
item had no query dependencies
{}
{}
STARTING PHASE 2: 0b0
----
[]
Function: 26.030942898235104, 0, 26.030942898235104, 0.0, 0, 0.0, 0
{26.030942898235104: []}
[]
{}
Best Cost: $26.030942898235104;
[]
{}
{}
{}
[]
0
Optimal Subset: 0b0
Function: 26.030942898235104, 0, 26.030942898235104, 0.0, 0, 0.0, 0
26.030942898235104
Real: 26.030942898235104, 0, 26.030942898235104, 0.0, 0, 0.0, 0
Num Redshift Qs: 0; Num GCP Qs: 66
Num BigQuery Qs: 8; Num DuckDB Qs: 58
Redshift Qs: $0; GCP Qs: $26.030942898235104; Movement Cost: $0.0
Load Cost: $0, Storage Cost: $0.0, API Cost: $0
Final cost: $26.030942898235104, BQ Baseline: $70.46757221221924, Diff: $44.436629313984135, %: 63.05968535450512%
