Egress: $0.12/GB
Benchmark: tpcds
Data Path: parquet_2000/internal_rs4
BigQuery Cost: $5/TB; DuckDB Cost: $1.48/hr; Redshift Cost: $4.344/hr
Use Duck: True
Excluded Table: web_site
Excluded Query: None

Starting analysis using DuckDB
Duck Total: $43.2232957968659, Duck-Calcite Total: $50.3806028747744, Redshift Total: $10.163923778038026, Redshift-Calcite Total: $10.550755299552282, BigQuery Total: $90.6198787689209
!!!!!!: 25.330174100796643
Excluding table web_site and any queries that depend on it
Total Keys: 87, Keys Considered: 83
-0.08011579245574925
call_center: 5.735084414482117e-06, 0.001663978911451146, 0.7176210647938387
catalog_page: 0.0006659524515271187, 0.0016514923095265392, -0.0016514923095265392
catalog_page had no query dependencies
catalog_returns: 23.366260116919875, 3.060905181890261, -1.269464243786293
catalog_sales: 217.0907397372648, 29.117847230562226, -17.700900923416043
customer: 0.6484093563631177, 0.09325727353287662, 7.568194694762354
customer_address: 0.18544994108378887, 0.039197841570042795, 4.695290397468665
customer_demographics: 0.012168197892606258, 0.008661747299919014, 2.6349890593135425
date_dim: 0.0019952356815338135, 0.005559290886530404, 20.947642364005713
household_demographics: 3.512948751449585e-05, 0.001501124885475229, 2.7532379936974287
income_band: 6.137415766716003e-07, 0.001442219439751963, 0.012374153542908963
inventory: 0.24701470416039228, 0.0538600754772914, 0.18563278330398594
item: 0.005464168265461922, 0.006633088924751515, 9.464359900858929
promotion: 2.6027671992778778e-05, 0.0015120722471650152, 0.7687789147252089
reason: 1.2423843145370483e-06, 0.0015798680633174115, 1.6445602588982773
ship_mode: 1.5795230865478516e-06, 0.0017056554960118765, 0.6908154542359728
store: 2.3781321942806244e-05, 0.001529870372896478, 8.236906465306692
store_returns: 36.877127600833774, 4.861141996383658, -0.3001413077842141
store_sales: 288.85508783441037, 39.668465790205246, -17.382271894440034
time_dim: 0.0012104213237762451, 0.014686426884875124, 1.6167308334398
warehouse: 2.3292377591133118e-06, 0.017706206034096398, 0.7578161398076181
web_page: 1.0661780834197998e-05, 0.014096261472167818, 0.4897663819572594
web_returns: 11.326140539720654, 1.5170750848837828, 0.16005350683699548
web_sales: 109.34904180746526, 14.72538598353603, -3.869551833883534
-0.08008110594920226
call_center: 5.735084414482117e-06, 0.001663978129728307, -0.001663978129728307
call_center had no query dependencies
customer: 0.6484093563631177, 0.09316889185157341, -0.09316889185157341
customer had no query dependencies
customer_address: 0.18544994108378887, 0.039172563746042076, -0.039172563746042076
customer_address had no query dependencies
customer_demographics: 0.012168197892606258, 0.0086600887091266, -0.0086600887091266
customer_demographics had no query dependencies
date_dim: 0.0019952356815338135, 0.005559018925180063, 0.004154098723580413
household_demographics: 3.512948751449585e-05, 0.0015011200971372148, -0.0015011200971372148
household_demographics had no query dependencies
income_band: 6.137415766716003e-07, 0.0014422193560956864, -0.0014422193560956864
income_band had no query dependencies
inventory: 0.24701470416039228, 0.05382640604509387, -0.0441132883963334
item: 0.005464168265461922, 0.006632344129240028, 0.0030807735195204486
promotion: 2.6027671992778778e-05, 0.0015120686994533905, -0.0015120686994533905
promotion had no query dependencies
reason: 1.2423843145370483e-06, 0.00157986789397375, -0.00157986789397375
reason had no query dependencies
ship_mode: 1.5795230865478516e-06, 0.0017056552807143879, -0.0017056552807143879
ship_mode had no query dependencies
store: 2.3781321942806244e-05, 0.0015298671313744422, -0.0015298671313744422
store had no query dependencies
time_dim: 0.0012104213237762451, 0.014686261897941127, -0.014686261897941127
time_dim had no query dependencies
warehouse: 2.3292377591133118e-06, 0.017706205716608768, -0.007993088067848292
web_page: 1.0661780834197998e-05, 0.014096260018909769, -0.014096260018909769
web_page had no query dependencies
web_returns: 11.326140539720654, 1.5155312710357045, -1.5155312710357045
web_returns had no query dependencies
date_dim: 0.0019952356815338135, 0.005559014835420468, -0.005559014835420468
date_dim had no query dependencies
item: 0.005464168265461922, 0.006632332928991957, -0.006632332928991957
item had no query dependencies
{}
{}
STARTING PHASE 2: 0b0
----
[]
Function: 34.20806030945538, 0, 34.20806030945538, 0.0, 0, 0.0, 0
{34.20806030945538: []}
[]
{}
Best Cost: $34.20806030945538;
[]
{}
{}
{}
[]
0
Optimal Subset: 0b0
Function: 34.20806030945538, 0, 34.20806030945538, 0.0, 0, 0.0, 0
34.20806030945538
Real: 34.20806030945538, 0, 34.20806030945538, 0.0, 0, 0.0, 0
Num Redshift Qs: 0; Num GCP Qs: 87
Num BigQuery Qs: 11; Num DuckDB Qs: 76
Redshift Qs: $0; GCP Qs: $34.20806030945538; Movement Cost: $0.0
Load Cost: $0, Storage Cost: $0.0, API Cost: $0
Final cost: $34.20806030945538, BQ Baseline: $90.6198787689209, Diff: $56.41181845946552, %: 62.25104163217286%
