Egress: $0.12/GB
Benchmark: tpcds
Data Path: parquet_2000/internal_rs4
BigQuery Cost: $5/TB; DuckDB Cost: $1.48/hr; Redshift Cost: $4.344/hr
Use Duck: True
Excluded Table: catalog_page
Excluded Query: None

Starting analysis using DuckDB
Duck Total: $44.603539328445336, Duck-Calcite Total: $51.76705796439384, Redshift Total: $10.269039582066537, Redshift-Calcite Total: $10.729405933329263, BigQuery Total: $91.83551788330078
!!!!!!: 26.12937224859421
Excluding table catalog_page and any queries that depend on it
Total Keys: 90, Keys Considered: 86
-0.08011600920045256
call_center: 5.735084414482117e-06, 0.001663978916335878, 0.7176210647889539
catalog_returns: 23.366260116919875, 3.0609250835879176, -1.2694841454839496
catalog_sales: 217.0907397372648, 29.11803213282064, -17.701085825674454
customer: 0.6484093563631177, 0.09325782580127147, 7.568194142493958
customer_address: 0.18544994108378887, 0.039197999522947516, 5.335824751938637
customer_demographics: 0.012168197892606258, 0.00866175766391369, 2.634989048949547
date_dim: 0.0019952356815338135, 0.005559292585928472, 21.74684051010389
household_demographics: 3.512948751449585e-05, 0.0015011249153959966, 2.753237993667508
income_band: 6.137415766716003e-07, 0.0014422194402747036, 0.012374153542386223
inventory: 0.24701470416039228, 0.05386028586662775, 0.1856325729146496
item: 0.005464168265461922, 0.0066330935787365436, 9.464359896204943
promotion: 2.6027671992778778e-05, 0.0015120722693335118, 0.7687789147030404
reason: 1.2423843145370483e-06, 0.001579868064375585, 1.6445602588972192
ship_mode: 1.5795230865478516e-06, 0.0017056554973572005, 0.8494790896093287
store: 2.3781321942806244e-05, 0.0015298703931516955, 8.236906465286438
store_returns: 36.877127600833774, 4.861173405665259, -0.3001727170658146
store_sales: 288.85508783441037, 39.668711816167296, -17.382517920402083
time_dim: 0.0012104213237762451, 0.014686427915824838, 1.6167308324088507
warehouse: 2.3292377591133118e-06, 0.017706206036080273, 0.9164797751803356
web_page: 1.0661780834197998e-05, 0.014096261481248755, 0.48976638194817845
web_returns: 11.326140539720654, 1.5170847316746476, 0.8005783724690065
web_sales: 109.34904180746526, 14.72547911917512, -3.0704468217250422
web_site: 8.863396942615509e-06, 0.018448465604122912, 0.7807496821934542
-0.08008113997923862
call_center: 5.735084414482117e-06, 0.001663978130495235, -0.001663978130495235
call_center had no query dependencies
customer: 0.6484093563631177, 0.09316897856055992, -0.09316897856055992
customer had no query dependencies
customer_address: 0.18544994108378887, 0.039172588545462815, -0.039172588545462815
customer_address had no query dependencies
customer_demographics: 0.012168197892606258, 0.00866009033632722, -0.00866009033632722
customer_demographics had no query dependencies
date_dim: 0.0019952356815338135, 0.005559019191994325, 0.004154098456766151
household_demographics: 3.512948751449585e-05, 0.0015011201018349297, -0.0015011201018349297
household_demographics had no query dependencies
income_band: 6.137415766716003e-07, 0.0014422193561777594, -0.0014422193561777594
income_band had no query dependencies
inventory: 0.24701470416039228, 0.05382643907730483, -0.04411332142854436
item: 0.005464168265461922, 0.006632344859939682, 0.003080772788820794
promotion: 2.6027671992778778e-05, 0.0015120687029339587, -0.0015120687029339587
promotion had no query dependencies
reason: 1.2423843145370483e-06, 0.0015798678941398889, -0.0015798678941398889
reason had no query dependencies
ship_mode: 1.5795230865478516e-06, 0.0017056552809256106, -0.0017056552809256106
ship_mode had no query dependencies
store: 2.3781321942806244e-05, 0.0015298671345546158, -0.0015298671345546158
store had no query dependencies
time_dim: 0.0012104213237762451, 0.01468626205980555, -0.01468626205980555
time_dim had no query dependencies
warehouse: 2.3292377591133118e-06, 0.017706205716920248, -0.007993088068159772
web_page: 1.0661780834197998e-05, 0.014096260020335523, -0.014096260020335523
web_page had no query dependencies
web_returns: 11.326140539720654, 1.515532785631627, -1.515532785631627
web_returns had no query dependencies
web_site: 8.863396942615509e-06, 0.01844846438963032, -0.01844846438963032
web_site had no query dependencies
date_dim: 0.0019952356815338135, 0.005559014835420468, -0.005559014835420468
date_dim had no query dependencies
item: 0.005464168265461922, 0.006632332928991957, -0.006632332928991957
item had no query dependencies
{}
{}
STARTING PHASE 2: 0b0
----
[]
Function: 35.107814296376674, 0, 35.107814296376674, 0.0, 0, 0.0, 0
{35.107814296376674: []}
[]
{}
Best Cost: $35.107814296376674;
[]
{}
{}
{}
[]
0
Optimal Subset: 0b0
Function: 35.107814296376674, 0, 35.107814296376674, 0.0, 0, 0.0, 0
35.107814296376674
Real: 35.107814296376674, 0, 35.107814296376674, 0.0, 0, 0.0, 0
Num Redshift Qs: 0; Num GCP Qs: 90
Num BigQuery Qs: 12; Num DuckDB Qs: 78
Redshift Qs: $0; GCP Qs: $35.107814296376674; Movement Cost: $0.0
Load Cost: $0, Storage Cost: $0.0, API Cost: $0
Final cost: $35.107814296376674, BQ Baseline: $91.83551788330078, Diff: $56.72770358692411, %: 61.77098457593539%
