Egress: $0.12/GB
Benchmark: tpcds
Data Path: parquet_2000/internal_rs4
BigQuery Cost: $5/TB; DuckDB Cost: $1.48/hr; Redshift Cost: $4.344/hr
Use Duck: True
Excluded Table: ship_mode
Excluded Query: None

Starting analysis using DuckDB
Duck Total: $47.029185095079725, Duck-Calcite Total: $54.12930081087484, Redshift Total: $10.812742842828438, Redshift-Calcite Total: $11.24492846358935, BigQuery Total: $95.55469036102295
!!!!!!: 27.99807226657257
Excluding table ship_mode and any queries that depend on it
Total Keys: 89, Keys Considered: 85
-0.08011702167512066
call_center: 5.735084414482117e-06, 0.0016639789391538165, 0.4446338345939823
catalog_page: 0.0006659524515271187, 0.0016514955263338099, 2.7182332675587064
catalog_returns: 23.366260116919875, 3.0610180499415156, 1.4503076512474928
catalog_sales: 217.0907397372648, 29.1188958625905, -15.674585902091259
customer: 0.6484093563631177, 0.09326040560022937, 7.568191562695001
customer_address: 0.18544994108378887, 0.0391987373648063, 5.335824014096777
customer_demographics: 0.012168197892606258, 0.008661806077009422, 2.6349890005364514
date_dim: 0.0019952356815338135, 0.005559300524288524, 23.615540520143888
household_demographics: 3.512948751449585e-05, 0.0015011250551642068, 2.7532379935277396
income_band: 6.137415766716003e-07, 0.0014422194427165715, 0.012374153539944355
inventory: 0.24701470416039228, 0.053861268653612744, 0.18563159012766461
item: 0.005464168265461922, 0.006633115318792356, 10.381617600773392
promotion: 2.6027671992778778e-05, 0.0015120723728887127, 1.686036640907986
reason: 1.2423843145370483e-06, 0.0015798680693186072, 1.644560258892276
store: 2.3781321942806244e-05, 0.0015298704877694381, 10.95679122827686
store_returns: 36.877127600833774, 4.861320127137461, 2.4195653245470243
store_sales: 288.85508783441037, 39.66986107172209, -14.663782412871832
time_dim: 0.0012104213237762451, 0.014686432731677107, 1.197196948033167
warehouse: 2.3292377591133118e-06, 0.017706206045347516, 0.06529503006438239
web_page: 1.0661780834197998e-05, 0.014096261523668333, 0.4897663819057589
web_returns: 11.326140539720654, 1.5171297945123052, 3.520418072716388
web_sales: 109.34904180746526, 14.725914181595694, -0.9291946359951098
web_site: 8.863396942615509e-06, 0.018448465639387335, 3.3419708098685286
-0.08008262938781957
call_center: 5.735084414482117e-06, 0.0016639781640617375, 0.0037880789713046186
catalog_page: 0.0006659524515271187, 0.0016514055233917664, -0.0016514055233917664
catalog_page had no query dependencies
catalog_returns: 23.366260116919875, 3.057860118545285, -2.995859102636843
customer: 0.6484093563631177, 0.09317277359348876, -0.034785193661816816
customer_address: 0.18544994108378887, 0.03917367395335546, -0.019887197458361792
customer_demographics: 0.012168197892606258, 0.008660161554780861, 0.01060826856324642
date_dim: 0.0019952356815338135, 0.005559030869779412, 0.10525620612410148
household_demographics: 3.512948751449585e-05, 0.0015011203074420212, 0.01776730981058526
income_band: 6.137415766716003e-07, 0.0014422193597698875, 0.01237415362289104
inventory: 0.24701470416039228, 0.05382788481359318, -0.0441147671648327
item: 0.005464168265461922, 0.006632376840814561, 0.05961165320405531
promotion: 2.6027671992778778e-05, 0.0015120688552696265, -0.0015120688552696265
promotion had no query dependencies
reason: 1.2423843145370483e-06, 0.0015798679014113592, -0.0015798679014113592
reason had no query dependencies
store: 2.3781321942806244e-05, 0.0015298672737427675, 0.037571236162935506
store_returns: 36.877127600833774, 4.856336212789561, -4.746887823974112
time_dim: 0.0012104213237762451, 0.014686269144201751, -0.014686269144201751
time_dim had no query dependencies
warehouse: 2.3292377591133118e-06, 0.01770620573055289, -0.007993088081792415
web_page: 1.0661780834197998e-05, 0.014096260082737167, -0.014096260082737167
web_page had no query dependencies
web_returns: 11.326140539720654, 1.5155990756625821, -1.4590681632664728
web_site: 8.863396942615509e-06, 0.01844846444150632, -0.01844846444150632
web_site had no query dependencies
call_center: 5.735084414482117e-06, 0.0016639781185250684, -0.0016639781185250684
call_center had no query dependencies
customer_demographics: 0.012168197892606258, 0.008660064939079991, -0.008660064939079991
customer_demographics had no query dependencies
date_dim: 0.0019952356815338135, 0.005559015027573732, -0.005559015027573732
date_dim had no query dependencies
household_demographics: 3.512948751449585e-05, 0.0015011200285132852, -0.0015011200285132852
household_demographics had no query dependencies
income_band: 6.137415766716003e-07, 0.0014422193548967687, -0.0014422193548967687
income_band had no query dependencies
item: 0.005464168265461922, 0.00663233345522441, -0.00663233345522441
item had no query dependencies
store: 2.3781321942806244e-05, 0.0015298670849186616, -0.0015298670849186616
store had no query dependencies
{}
{}
STARTING PHASE 2: 0b0
----
[]
Function: 37.52520493402559, 0, 37.52520493402559, 0.0, 0, 0.0, 0
{37.52520493402559: []}
[]
{}
Best Cost: $37.52520493402559;
[]
{}
{}
{}
[]
0
Optimal Subset: 0b0
Function: 37.52520493402559, 0, 37.52520493402559, 0.0, 0, 0.0, 0
37.52520493402559
Real: 37.52520493402559, 0, 37.52520493402559, 0.0, 0, 0.0, 0
Num Redshift Qs: 0; Num GCP Qs: 89
Num BigQuery Qs: 12; Num DuckDB Qs: 77
Redshift Qs: $0; GCP Qs: $37.52520493402559; Movement Cost: $0.0
Load Cost: $0, Storage Cost: $0.0, API Cost: $0
Final cost: $37.52520493402559, BQ Baseline: $95.55469036102295, Diff: $58.02948542699736, %: 60.72908112385843%
