Data Starting In: gcp
Egress: $0.0/GB
Benchmark: tpcds
Data Path: parquet_2000/batch_rs4
BigQuery Cost: $6.25/TB; DuckDB Cost: $1.48/hr; Redshift Cost: $4.344/hr
Use Duck: False
Using calcite profiles: False
Excluded Table: store_returns
Excluded Query: None

Starting analysis without using DuckDB
Redshift Total: $9.094502338043856, BigQuery Total: $198.7019956111908
02: $0.5465954839340845
03: $0.9802722319348653
04: $8.223923111081124
06: $0.7435586870272954
07: $2.6465265779876708
08: $0.9724738453769683
09: $8.54214733932495
10: $0.8714273145023982
11: $3.4012307220792772
12: $0.23884099586963653
13: $3.376772032376925
14: $31.446340173446337
15: $0.5003002914301554
16: $1.3307490620040894
18: $8.152078640653292
19: $1.4556771116956075
20: $0.5148479410235087
21: $0.00520494754632314
22: $0.030213471749623615
23: $2.1557423163016636
26: $1.3754505428679784
27: $8.013910150156022
28: $10.11496771024545
30: $0.013956845604578653
31: $3.666085393134753
32: $1.0331779216305415
33: $2.241665090312958
34: $1.161714003645579
35: $0.8592292271073659
36: $5.124345130489667
37: $0.13233230803489685
38: $0.7932188757864634
39: $0.011899112901687622
40: $0.8335138906304042
41: $-0.001560076328913371
42: $0.9816244987551371
43: $0.9920641914002101
44: $1.8940231076749166
45: $0.30204580492655436
46: $2.395647247627576
47: $1.1026310430765152
48: $2.1636873310550055
51: $1.2191740658871333
52: $0.9817617565568288
53: $1.2288573868672052
54: $1.5491541705354055
55: $0.9814906522480646
56: $2.241733239223162
57: $0.5912433275572458
58: $1.6821158746655782
59: $0.9201084773588181
60: $2.2423039103364943
61: $3.2690254377031325
62: $0.31730496872584024
63: $1.2287701210403443
65: $1.227671975200971
66: $1.7192268790578842
67: $13.016806929626465
68: $2.911001474078496
69: $0.7892667372179032
70: $3.8910612282657624
71: $2.183981887954076
72: $0.9901497989145914
73: $1.2395015475352604
74: $2.045917281182607
76: $2.1740629166094463
79: $2.4385065128835044
81: $0.045473998131752014
82: $0.2606608459568024
85: $0.6193626808309555
86: $0.7661172444391251
87: $0.7879442857201894
88: $5.909832486608823
89: $1.2288063448842366
90: $0.3863231610997518
91: $0.06462642346541086
92: $0.5084705054950714
94: $0.670769666852951
95: $0.6354947167984645
96: $0.7369839549954732
97: $1.0412967393541337
98: $0.9812050623512268
99: $0.5433749508492152
!!!!!!: 189.60905334947583
Excluding table store_returns and any queries that depend on it
Total Keys: 83, Keys Considered: 82
[0, 1, 2, 3, 4, 5, 6, 7, 8, 9, 10, 11, 12, 13, 14, 15, 17, 18, 19, 20, 21, 22, 23]
{'19': 166064, '47': 166016, '04': 4325528, '81': 180, '52': 133248, '12': 4196480, '59': 163968, '73': 164240, '95': 14680224, '14': 4327560, '43': 163968, '39': 527488, '13': 164320, '23': 4327576, '32': 2184, '18': 2296, '15': 184, '74': 4325520, '37': 3208, '99': 540809, '34': 164240, '61': 170160, '51': 4325504, '92': 4196480, '58': 4327560, '31': 4325536, '56': 4327592, '96': 426240, '63': 166016, '40': 526476, '08': 164016, '72': 531916, '91': 501, '60': 4327592, '89': 166016, '26': 6344, '94': 14680224, '20': 2184, '09': 139264, '33': 4327592, '35': 4325624, '88': 426240, '79': 164240, '97': 131208, '62': 13123712, '16': 173, '30': 2097328, '68': 164272, '54': 4360376, '27': 166080, '70': 163968, '85': 7348448, '98': 133248, '38': 4325528, '21': 527488, '69': 4325624, '71': 4589704, '82': 134272, '10': 4325624, '66': 4997256, '67': 166016, '76': 4327560, '07': 137408, '03': 133248, '57': 2185, '90': 5505280, '48': 164064, '02': 4194440, '45': 4196528, '65': 166016, '28': 131072, '87': 4325528, '86': 4196480, '22': 527488, '44': 133120, '53': 166016, '42': 133248, '55': 133248, '11': 4325520, '06': 133296, '36': 166016, '46': 164272}
call_center: 0.0014373391824852885, 2.528556424693476
catalog_page: 0.0020485173913633997, -0.0020485173913633997
catalog_page had no query dependencies
catalog_returns: 0.32718044546000885, 2.937332727686239
catalog_sales: 3.547675173250606, 75.99877173549199
customer: 0.013719425051414283, 47.12892248824814
customer_address: 0.015665217979576665, 44.06790116203008
customer_demographics: 0.0036128594869387974, 29.918874597648582
date_dim: 0.0033594529679355097, 162.02141613655854
household_demographics: 0.0030431453303520583, 21.60801549790104
income_band: 0.0017641347225897065, -0.0017641347225897065
income_band had no query dependencies
inventory: 0.021702147317531385, 1.4087583377863937
item: 0.003257795491121568, 110.74705328936746
promotion: 0.005220814412920037, 8.275931543060453
reason: 0.0016772709496618294, 9.159832749206243
ship_mode: 0.0018439481318608126, 2.578062850501079
store: 0.0023051569999922913, 67.55270497748398
store_sales: 5.6475421714181735, 161.08236559503206
time_dim: 0.0029987716746541116, 10.933349598041355
warehouse: 0.002178098538896719, 4.448709921836673
web_page: 0.002041605280571485, 1.003644236650136
web_returns: 0.13938151458395714, 1.8002023955029924
web_sales: 1.9778182707196121, 75.30725043039502
web_site: 0.0026735801207076974, 1.6208957722565482
['catalog_page', 'income_band']
2
call_center: 0.0014373385986988965, 2.5285564252772623
catalog_returns: 0.3249335084215579, 2.9395796647246897
inventory: 0.02167840600979146, 1.4087820790941337
promotion: 0.0052208120131880045, 8.275931545460185
ship_mode: 0.0018439479760829183, 2.5780628506568566
warehouse: 0.002178098311097303, 4.448709922064472
web_page: 0.002041604317776312, 1.003644237612931
web_returns: 0.1382922707354663, 1.8012916393514833
web_site: 0.0026735792478498476, 1.620895773129406
[]
0
{'14': 4327560, '18': 2296, '09': 139264, '88': 426240, '27': 166080, '67': 166016, '28': 131072, '19': 0, '47': 0, '04': 0, '52': 0, '12': 0, '59': 0, '73': 0, '95': 10485760, '43': 0, '13': 0, '23': 0, '32': 0, '15': 0, '74': 0, '37': 1024, '99': 540673, '34': 0, '61': 4096, '51': 0, '92': 0, '58': 0, '31': 0, '56': 0, '96': 0, '63': 0, '40': 524292, '08': 0, '72': 529412, '60': 0, '89': 0, '26': 4096, '94': 10485760, '20': 0, '33': 0, '35': 0, '79': 0, '97': 0, '62': 8929280, '16': 5, '68': 0, '54': 0, '70': 0, '85': 3145728, '98': 0, '38': 0, '69': 0, '71': 0, '82': 1024, '10': 0, '66': 540672, '76': 0, '07': 4096, '03': 0, '57': 1, '90': 1048576, '48': 0, '02': 0, '45': 0, '65': 0, '87': 0, '86': 0, '22': 525312, '44': 0, '53': 0, '42': 0, '55': 0, '11': 0, '06': 0, '36': 0, '46': 0}
{}
{'14': 4327560, '18': 2296, '09': 139264, '88': 426240, '27': 166080, '67': 166016, '28': 131072, '19': 0, '47': 0, '04': 0, '52': 0, '12': 0, '59': 0, '73': 0, '95': 10485760, '43': 0, '13': 0, '23': 0, '32': 0, '15': 0, '74': 0, '37': 1024, '99': 540673, '34': 0, '61': 4096, '51': 0, '92': 0, '58': 0, '31': 0, '56': 0, '96': 0, '63': 0, '40': 524292, '08': 0, '72': 529412, '60': 0, '89': 0, '26': 4096, '94': 10485760, '20': 0, '33': 0, '35': 0, '79': 0, '97': 0, '62': 8929280, '16': 5, '68': 0, '54': 0, '70': 0, '85': 3145728, '98': 0, '38': 0, '69': 0, '71': 0, '82': 1024, '10': 0, '66': 540672, '76': 0, '07': 4096, '03': 0, '57': 1, '90': 1048576, '48': 0, '02': 0, '45': 0, '65': 0, '87': 0, '86': 0, '22': 525312, '44': 0, '53': 0, '42': 0, '55': 0, '11': 0, '06': 0, '36': 0, '46': 0}
STARTING PHASE 2: 0b0
----
[]
Function: 21.442935874527134, 9.092882657070167, 5.9604644775390625e-05, 0.6236773097327677, 11.572334194389976, 0.09754353175632269, 0.056438576933124665
{21.442935874527134: []}
Best Cost: $21.442935874527134;
[3, 4, 5, 6, 7, 8, 11, 13, 15, 17, 18, 22, 0, 2, 10, 12, 14, 19, 20, 21, 23]
{'19': 166064, '47': 166016, '04': 4325528, '81': 180, '52': 133248, '12': 4196480, '59': 163968, '73': 164240, '95': 14680224, '14': 4327560, '43': 163968, '39': 527488, '13': 164320, '23': 4327576, '32': 2184, '18': 2296, '15': 184, '74': 4325520, '37': 3208, '99': 540809, '34': 164240, '61': 170160, '51': 4325504, '92': 4196480, '58': 4327560, '31': 4325536, '56': 4327592, '96': 426240, '63': 166016, '40': 526476, '08': 164016, '72': 531916, '91': 501, '60': 4327592, '89': 166016, '26': 6344, '94': 14680224, '20': 2184, '09': 139264, '33': 4327592, '35': 4325624, '88': 426240, '79': 164240, '97': 131208, '62': 13123712, '16': 173, '30': 2097328, '68': 164272, '54': 4360376, '27': 166080, '70': 163968, '85': 7348448, '98': 133248, '38': 4325528, '21': 527488, '69': 4325624, '71': 4589704, '82': 134272, '10': 4325624, '66': 4997256, '67': 166016, '76': 4327560, '07': 137408, '03': 133248, '57': 2185, '90': 5505280, '48': 164064, '02': 4194440, '45': 4196528, '65': 166016, '28': 131072, '87': 4325528, '86': 4196480, '22': 527488, '44': 133120, '53': 166016, '42': 133248, '55': 133248, '11': 4325520, '06': 133296, '36': 166016, '46': 164272}
['41']
Excluding table store_returns and any queries that depend on it
[3, 4, 5, 6, 7, 8, 11, 13, 15, 17, 18, 22, 0, 2, 10, 12, 14, 19, 20, 21, 23]
dict_keys(['19', '47', '04', '81', '52', '12', '59', '73', '95', '14', '43', '39', '13', '23', '32', '18', '15', '74', '37', '99', '34', '61', '51', '92', '58', '31', '56', '96', '63', '40', '08', '72', '91', '60', '89', '26', '94', '20', '09', '33', '35', '88', '79', '97', '62', '16', '30', '68', '54', '27', '70', '85', '98', '38', '21', '69', '71', '82', '10', '66', '67', '76', '07', '03', '57', '90', '48', '02', '45', '65', '28', '87', '86', '22', '44', '53', '42', '55', '11', '06', '36', '46'])
21
Optimal Subset: 0b111111101111110111111101
dict_keys(['19', '47', '04', '81', '52', '12', '59', '73', '95', '14', '43', '39', '13', '23', '32', '18', '15', '74', '37', '99', '34', '61', '51', '92', '58', '31', '56', '96', '63', '40', '08', '72', '91', '60', '89', '26', '94', '20', '09', '33', '35', '88', '79', '97', '62', '16', '30', '68', '54', '27', '70', '85', '98', '38', '21', '69', '71', '82', '10', '66', '67', '76', '07', '03', '57', '90', '48', '02', '45', '65', '28', '87', '86', '22', '44', '53', '42', '55', '11', '06', '36', '46'])
Function: 21.442935874527134, 9.092882657070167, 5.9604644775390625e-05, 0.6236773097327677, 11.572334194389976, 0.09754353175632269, 0.056438576933124665
Real: 21.442935874527134, 9.092882657070167, 5.9604644775390625e-05, 0.6236773097327677, 11.572334194389976, 0.09754353175632269, 0.056438576933124665
outputs_noduck_GCP_0.0_4.344_6.25.json
Num GCP Qs: 82; Num Redshift Qs: 1
PLAN TYPE IS: move
Moved Qs: $9.092882657070167; Stayed Qs: $5.9604644775390625e-05; Migration Cost: $12.349993612812192
Movement Cost: $0.6236773097327677, Load Cost: $11.572334194389976, Storage Cost: $0.09754353175632269, API Cost: $0.056438576933124665
Final cost: $21.442935874527134, Baseline: $198.7019956111908, Diff: $177.25905973666366, %: 89.2084949582059%
