Data Starting In: gcp
Egress: $0.0/GB
Benchmark: tpcds
Data Path: parquet_2000/batch_rs4
BigQuery Cost: $6.25/TB; DuckDB Cost: $1.48/hr; Redshift Cost: $4.344/hr
Use Duck: False
Using calcite profiles: False
Excluded Table: warehouse
Excluded Query: None

Starting analysis without using DuckDB
Redshift Total: $13.232445312514304, BigQuery Total: $239.87104296684265
01: $0.11105679145654043
02: $0.5465954839340845
03: $0.9802722319348653
04: $8.223923111081124
05: $2.9974008215141295
06: $0.7435586870272954
07: $2.6465265779876708
08: $0.9724738453769683
09: $8.54214733932495
10: $0.8714273145023982
11: $3.4012307220792772
12: $0.23884099586963653
13: $3.376772032376925
14: $31.446340173446337
15: $0.5003002914301554
16: $1.3307490620040894
17: $2.038808402964274
18: $8.152078640653292
19: $1.4556771116956075
20: $0.5148479410235087
23: $2.1557423163016636
24: $3.0622594185733796
25: $2.4896319906806945
26: $1.3754505428679784
27: $8.013910150156022
28: $10.11496771024545
29: $2.030406800688108
30: $0.013956845604578653
31: $3.666085393134753
32: $1.0331779216305415
33: $2.241665090312958
34: $1.161714003645579
35: $0.8592292271073659
36: $5.124345130489667
37: $0.13233230803489685
38: $0.7932188757864634
41: $-0.001560076328913371
42: $0.9816244987551371
43: $0.9920641914002101
44: $1.8940231076749166
45: $0.30204580492655436
46: $2.395647247627576
47: $1.1026310430765152
48: $2.1636873310550055
49: $3.7103639075326917
50: $1.2578326120678585
51: $1.2191740658871333
52: $0.9817617565568288
53: $1.2288573868672052
54: $1.5491541705354055
55: $0.9814906522480646
56: $2.241733239223162
57: $0.5912433275572458
58: $1.6821158746655782
59: $0.9201084773588181
60: $2.2423039103364943
61: $3.2690254377031325
63: $1.2287701210403443
64: $6.625942691001892
65: $1.227671975200971
67: $13.016806929626465
68: $2.911001474078496
69: $0.7892667372179032
70: $3.8910612282657624
71: $2.183981887954076
73: $1.2395015475352604
74: $2.045917281182607
75: $5.665022974378268
76: $2.1740629166094463
77: $2.8618988512357078
78: $3.0076532274945578
79: $2.4385065128835044
80: $3.888387317752838
81: $0.045473998131752014
82: $0.2606608459568024
83: $0.125806760931015
84: $0.025848369385401408
85: $0.6193626808309555
86: $0.7661172444391251
87: $0.7879442857201894
88: $5.909832486608823
89: $1.2288063448842366
90: $0.3863231610997518
91: $0.06462642346541086
92: $0.5084705054950714
93: $1.5836714638996123
94: $0.670769666852951
95: $0.6354947167984645
96: $0.7369839549954732
97: $1.0412967393541337
98: $0.9812050623512268
!!!!!!: 226.64015773065728
Excluding table warehouse and any queries that depend on it
Total Keys: 91, Keys Considered: 90
[0, 1, 2, 3, 4, 5, 6, 7, 8, 9, 10, 11, 12, 13, 14, 15, 16, 17, 18, 20, 21, 22, 23]
{'85': 7348448, '67': 166016, '25': 231560, '44': 133120, '49': 6488204, '59': 163968, '75': 6490252, '84': 66416, '16': 173, '38': 4325528, '04': 4325528, '61': 170160, '43': 163968, '20': 2184, '42': 133248, '32': 2184, '45': 4196528, '28': 131072, '93': 204800, '19': 166064, '17': 231560, '70': 163968, '34': 164240, '26': 6344, '37': 3208, '65': 166016, '80': 14915726, '94': 14680224, '82': 134272, '95': 14680224, '76': 4327560, '15': 184, '58': 4327560, '64': 236540, '23': 4327576, '07': 137408, '50': 229504, '02': 4194440, '97': 131208, '92': 4196480, '53': 166016, '48': 164064, '11': 4325520, '71': 4589704, '12': 4196480, '88': 426240, '54': 4360376, '89': 166016, '56': 4327592, '79': 164240, '96': 426240, '46': 164272, '60': 4327592, '77': 7569548, '86': 4196480, '81': 180, '33': 4327592, '90': 5505280, '87': 4325528, '74': 4325520, '18': 2296, '30': 2097328, '05': 14909582, '73': 164240, '24': 231472, '68': 164272, '52': 133248, '47': 166016, '51': 4325504, '29': 231560, '03': 133248, '35': 4325624, '78': 6488204, '63': 166016, '10': 4325624, '08': 164016, '14': 4327560, '91': 501, '27': 166080, '01': 98448, '83': 2164868, '55': 133248, '13': 164320, '06': 133296, '98': 133248, '09': 139264, '57': 2185, '69': 4325624, '31': 4325536, '36': 166016}
call_center: 0.0014373393927381245, 1.9851814736340079
catalog_page: 0.002048540009787286, 6.88373959925718
catalog_returns: 0.32798968817410873, 29.995336347268246
catalog_sales: 3.5551933454226066, 107.22050502911105
customer: 0.013739291321556565, 56.95400989239521
customer_address: 0.015669412365439627, 53.78194744660487
customer_demographics: 0.003613173194945587, 35.58051554541328
date_dim: 0.0033595139530013755, 194.3807412048965
household_demographics: 0.0030431464221375762, 27.26965675828196
income_band: 0.0017641347439150286, 6.650026925643378
inventory: 0.021710697837631843, 0.37128245615406735
item: 0.0032579631934550757, 134.80233825689294
promotion: 0.005220815277192436, 17.800111752036322
reason: 0.0016772709927641446, 10.743504213062755
ship_mode: 0.0018439481879647993, -0.0018439481879647993
ship_mode had no query dependencies
store: 0.002305157795191294, 94.91633067462418
store_returns: 0.6503857449447638, 40.8316066566122
store_sales: 5.657546348454937, 202.29164189777933
time_dim: 0.0029988095719454297, 9.21412268108618
web_page: 0.00204160562732574, 3.865543087539089
web_returns: 0.13977380979881418, 24.056343961127347
web_sales: 1.9816055197692721, 95.39765843346983
web_site: 0.0026735804350706913, 8.189378942483312
['ship_mode']
1
call_center: 0.0014373388090379502, 1.985181474217708
catalog_page: 0.0020484772169221824, 6.883739662050045
catalog_returns: 0.32574308298013355, 29.997582952462224
income_band: 0.0017641346847120495, 6.650026925702582
inventory: 0.021686960036185903, 0.3713061939555133
promotion: 0.005220812877814813, 17.800111754435697
store_returns: 0.6468396679436507, 40.83515273361331
web_page: 0.00204160466467276, 3.865543088501742
web_returns: 0.13868472681800573, 24.057433044108155
web_site: 0.0026735795623417523, 8.189378943356042
[]
0
{'67': 166016, '28': 131072, '88': 426240, '18': 2296, '14': 4327560, '27': 166080, '09': 139264, '85': 3145728, '25': 65536, '44': 0, '49': 2162692, '59': 0, '75': 2162692, '16': 5, '38': 0, '04': 0, '61': 4096, '43': 0, '20': 0, '42': 0, '32': 0, '45': 0, '93': 65536, '19': 0, '17': 65536, '70': 0, '34': 0, '26': 4096, '37': 1024, '65': 0, '80': 10555398, '94': 10485760, '82': 1024, '95': 10485760, '76': 0, '15': 0, '58': 0, '64': 70148, '23': 0, '07': 4096, '50': 65536, '02': 0, '97': 0, '92': 0, '53': 0, '48': 0, '11': 0, '71': 0, '12': 0, '54': 0, '89': 0, '56': 0, '79': 0, '96': 0, '46': 0, '60': 0, '77': 3211268, '86': 0, '33': 0, '90': 1048576, '87': 0, '74': 0, '05': 10551302, '73': 0, '24': 65536, '68': 0, '52': 0, '47': 0, '51': 0, '29': 65536, '03': 0, '35': 0, '78': 2162692, '63': 0, '10': 0, '08': 0, '55': 0, '13': 0, '06': 0, '98': 0, '57': 1, '69': 0, '31': 0, '36': 0}
{}
{'67': 166016, '28': 131072, '88': 426240, '18': 2296, '14': 4327560, '27': 166080, '09': 139264, '85': 3145728, '25': 65536, '44': 0, '49': 2162692, '59': 0, '75': 2162692, '16': 5, '38': 0, '04': 0, '61': 4096, '43': 0, '20': 0, '42': 0, '32': 0, '45': 0, '93': 65536, '19': 0, '17': 65536, '70': 0, '34': 0, '26': 4096, '37': 1024, '65': 0, '80': 10555398, '94': 10485760, '82': 1024, '95': 10485760, '76': 0, '15': 0, '58': 0, '64': 70148, '23': 0, '07': 4096, '50': 65536, '02': 0, '97': 0, '92': 0, '53': 0, '48': 0, '11': 0, '71': 0, '12': 0, '54': 0, '89': 0, '56': 0, '79': 0, '96': 0, '46': 0, '60': 0, '77': 3211268, '86': 0, '33': 0, '90': 1048576, '87': 0, '74': 0, '05': 10551302, '73': 0, '24': 65536, '68': 0, '52': 0, '47': 0, '51': 0, '29': 65536, '03': 0, '35': 0, '78': 2162692, '63': 0, '10': 0, '08': 0, '55': 0, '13': 0, '06': 0, '98': 0, '57': 1, '69': 0, '31': 0, '36': 0}
STARTING PHASE 2: 0b0
----
[]
Function: 26.28894536928078, 13.230825631540617, 5.9604644775390625e-05, 0.6590143714332177, 12.212509603354135, 0.12690171480351775, 0.05963444350451828
{26.28894536928078: []}
Best Cost: $26.28894536928078;
[3, 4, 5, 6, 7, 8, 11, 13, 15, 17, 18, 22, 0, 1, 2, 9, 10, 12, 16, 20, 21, 23]
{'85': 7348448, '67': 166016, '25': 231560, '44': 133120, '49': 6488204, '59': 163968, '75': 6490252, '84': 66416, '16': 173, '38': 4325528, '04': 4325528, '61': 170160, '43': 163968, '20': 2184, '42': 133248, '32': 2184, '45': 4196528, '28': 131072, '93': 204800, '19': 166064, '17': 231560, '70': 163968, '34': 164240, '26': 6344, '37': 3208, '65': 166016, '80': 14915726, '94': 14680224, '82': 134272, '95': 14680224, '76': 4327560, '15': 184, '58': 4327560, '64': 236540, '23': 4327576, '07': 137408, '50': 229504, '02': 4194440, '97': 131208, '92': 4196480, '53': 166016, '48': 164064, '11': 4325520, '71': 4589704, '12': 4196480, '88': 426240, '54': 4360376, '89': 166016, '56': 4327592, '79': 164240, '96': 426240, '46': 164272, '60': 4327592, '77': 7569548, '86': 4196480, '81': 180, '33': 4327592, '90': 5505280, '87': 4325528, '74': 4325520, '18': 2296, '30': 2097328, '05': 14909582, '73': 164240, '24': 231472, '68': 164272, '52': 133248, '47': 166016, '51': 4325504, '29': 231560, '03': 133248, '35': 4325624, '78': 6488204, '63': 166016, '10': 4325624, '08': 164016, '14': 4327560, '91': 501, '27': 166080, '01': 98448, '83': 2164868, '55': 133248, '13': 164320, '06': 133296, '98': 133248, '09': 139264, '57': 2185, '69': 4325624, '31': 4325536, '36': 166016}
['41']
Excluding table warehouse and any queries that depend on it
[3, 4, 5, 6, 7, 8, 11, 13, 15, 17, 18, 22, 0, 1, 2, 9, 10, 12, 16, 20, 21, 23]
dict_keys(['85', '67', '25', '44', '49', '59', '75', '84', '16', '38', '04', '61', '43', '20', '42', '32', '45', '28', '93', '19', '17', '70', '34', '26', '37', '65', '80', '94', '82', '95', '76', '15', '58', '64', '23', '07', '50', '02', '97', '92', '53', '48', '11', '71', '12', '88', '54', '89', '56', '79', '96', '46', '60', '77', '86', '81', '33', '90', '87', '74', '18', '30', '05', '73', '24', '68', '52', '47', '51', '29', '03', '35', '78', '63', '10', '08', '14', '91', '27', '01', '83', '55', '13', '06', '98', '09', '57', '69', '31', '36'])
22
Optimal Subset: 0b111101111011111111111111
dict_keys(['85', '67', '25', '44', '49', '59', '75', '84', '16', '38', '04', '61', '43', '20', '42', '32', '45', '28', '93', '19', '17', '70', '34', '26', '37', '65', '80', '94', '82', '95', '76', '15', '58', '64', '23', '07', '50', '02', '97', '92', '53', '48', '11', '71', '12', '88', '54', '89', '56', '79', '96', '46', '60', '77', '86', '81', '33', '90', '87', '74', '18', '30', '05', '73', '24', '68', '52', '47', '51', '29', '03', '35', '78', '63', '10', '08', '14', '91', '27', '01', '83', '55', '13', '06', '98', '09', '57', '69', '31', '36'])
Function: 26.28894536928078, 13.230825631540617, 5.9604644775390625e-05, 0.6590143714332177, 12.212509603354135, 0.12690171480351775, 0.05963444350451828
Real: 26.28894536928078, 13.230825631540617, 5.9604644775390625e-05, 0.6590143714332177, 12.212509603354135, 0.12690171480351775, 0.05963444350451828
outputs_noduck_GCP_0.0_4.344_6.25.json
Num GCP Qs: 90; Num Redshift Qs: 1
PLAN TYPE IS: move
Moved Qs: $13.230825631540617; Stayed Qs: $5.9604644775390625e-05; Migration Cost: $13.058060133095388
Movement Cost: $0.6590143714332177, Load Cost: $12.212509603354135, Storage Cost: $0.12690171480351775, API Cost: $0.05963444350451828
Final cost: $26.28894536928078, Baseline: $239.87104296684265, Diff: $213.58209759756187, %: 89.04038393124647%
