Egress: $0.12/GB
Benchmark: tpcds
Data Path: parquet_1000/batch_rs8
BigQuery Cost: $6.25/TB; DuckDB Cost: $1.48/hr; Redshift Cost: $8.688/hr
Use Duck: True
Using calcite profiles: False
Excluded Table: promotion
Excluded Query: None

Starting analysis using DuckDB
Excluding table promotion and any queries that depend on it
6
23
Total Keys: 90, Keys Considered: 6
0.0528516092476741
0.05285160924767409
-6.938893903907228e-18
['000', '001', '002', '003', '004', '005', '006', '007', '008', '009', '0010', '0011', '0013', '0014', '0015', '0016', '0017', '0018', '0019', '0020', '0021', '0022', '0023']
['source', '22', '39', '43', '68', '82', '85']
[]
Costs: 1.8799832274766293, 0, 1.8799832274766293, 0.0, 0, 0.0, 0
Runtime: 8092.949999999997
Optimal Subset: 0b0
0.05285160924767409
