Egress: $0.12/GB
Benchmark: tpcds
Data Path: parquet_2000/real_data_rs4
BigQuery Cost: $5/TB; DuckDB Cost: $1.48/hr; Redshift Cost: $4.344/hr
Use Duck: False
Excluded Table: promotion
Excluded Query: None

Starting analysis without using DuckDB
Redshift Total: $12.774731907003726, Redshift-Calcite Total: $12.919099971210168, BigQuery Total: $215.28478145599365
Excluding table promotion and any queries that depend on it
Total Keys: 93, Keys Considered: 92
-0.058462993505838674
call_center: 5.735084414482117e-06, 0.0016639790273979234, 3.0991811571461683
catalog_page: 0.0006659524515271187, 0.0016515057731540928, 7.378745782266371
catalog_returns: 23.366260116919875, 3.0613775799162943, 23.10387025138699
catalog_sales: 217.0907397372648, 29.122236175836687, 80.80992014501017
customer: 0.6484093563631177, 0.09327038248991446, 38.911332165877255
customer_address: 0.18544994108378887, 0.039201590830115124, 34.547079148283366
customer_demographics: 0.012168197892606258, 0.008661993305597119, 19.587096283915127
date_dim: 0.0019952356815338135, 0.005559331224410438, 176.65782350658623
household_demographics: 3.512948751449585e-05, 0.001501125595691604, 16.530046648064335
income_band: 6.137415766716003e-07, 0.001442219452160038, 0.012374153530500889
inventory: 0.24701470416039228, 0.05386506939835804, 0.2985590678410981
item: 0.005464168265461922, 0.00663319939438977, 116.36894444752072
reason: 1.2423843145370483e-06, 0.0015798680884348201, 8.50290087182932
ship_mode: 1.5795230865478516e-06, 0.0017056555279452532, 2.1057617470891916
store: 2.3781321942806244e-05, 0.0015298708536858508, 79.14511348812556
store_returns: 36.877127600833774, 4.861887544973687, 29.67742969830991
store_sales: 288.85508783441037, 39.674305602508106, 146.24753937781924
time_dim: 0.0012104213237762451, 0.014686451356084514, 8.781788379662363
warehouse: 2.3292377591133118e-06, 0.01770620608118683, 2.7878650254763415
web_page: 1.0661780834197998e-05, 0.01409626168771811, 7.700651079066154
web_returns: 11.326140539720654, 1.5173040666038684, 24.308912128515352
web_sales: 109.34904180746526, 14.727596704089512, 88.81405434359802
web_site: 8.863396942615509e-06, 0.018448465775765897, 8.634173783005755
{}
{}
STARTING PHASE 2: 0b111111111110111111111111
----
[0, 1, 2, 3, 4, 5, 6, 7, 8, 9, 10, 11, 13, 14, 15, 16, 17, 18, 19, 20, 21, 22, 23]
Function: 105.25858077224879, 11.351320659257576, 4.76837158203125e-05, 83.21532544546065, 10.523067937390008, 0.10914870924122641, 0.059670337183502335
-0.058462993505838674
call_center: 5.735084414482117e-06, 0.0016639790273979234, 3.0991811571461683
catalog_page: 0.0006659524515271187, 0.0016515057731540928, 7.378745782266371
catalog_returns: 23.366260116919875, 3.0613775799162943, 23.10387025138699
catalog_sales: 217.0907397372648, 29.122236175836687, 80.80992014501017
customer: 0.6484093563631177, 0.09327038248991446, 38.911332165877255
customer_address: 0.18544994108378887, 0.039201590830115124, 34.547079148283366
customer_demographics: 0.012168197892606258, 0.008661993305597119, 19.587096283915127
date_dim: 0.0019952356815338135, 0.005559331224410438, 176.65782350658623
household_demographics: 3.512948751449585e-05, 0.001501125595691604, 16.530046648064335
income_band: 6.137415766716003e-07, 0.001442219452160038, 0.012374153530500889
inventory: 0.24701470416039228, 0.05386506939835804, 0.2985590678410981
item: 0.005464168265461922, 0.00663319939438977, 116.36894444752072
reason: 1.2423843145370483e-06, 0.0015798680884348201, 8.50290087182932
ship_mode: 1.5795230865478516e-06, 0.0017056555279452532, 2.1057617470891916
store: 2.3781321942806244e-05, 0.0015298708536858508, 79.14511348812556
store_returns: 36.877127600833774, 4.861887544973687, 29.67742969830991
store_sales: 288.85508783441037, 39.674305602508106, 146.24753937781924
time_dim: 0.0012104213237762451, 0.014686451356084514, 8.781788379662363
warehouse: 2.3292377591133118e-06, 0.01770620608118683, 2.7878650254763415
web_page: 1.0661780834197998e-05, 0.01409626168771811, 7.700651079066154
web_returns: 11.326140539720654, 1.5173040666038684, 24.308912128515352
web_sales: 109.34904180746526, 14.727596704089512, 88.81405434359802
web_site: 8.863396942615509e-06, 0.018448465775765897, 8.634173783005755
-0.058462973854583655
call_center: 5.735084414482117e-06, 0.001663979026955047, 3.099181157146611
catalog_page: 0.0006659524515271187, 0.0016515057217277149, 7.3787457823177975
catalog_returns: 23.366260116919875, 3.0613757755200157, 23.103872055783267
catalog_sales: 217.0907397372648, 29.122219411591107, 80.80993690925575
customer: 0.6484093563631177, 0.09327033241825457, 38.89751584296625
customer_address: 0.18544994108378887, 0.0392015765092447, 34.53326278962158
customer_demographics: 0.012168197892606258, 0.008661992365940927, 19.573279911872124
date_dim: 0.0019952356815338135, 0.005559331070333755, 176.6578235067403
household_demographics: 3.512948751449585e-05, 0.0015011255929788243, 16.516230275084386
inventory: 0.24701470416039228, 0.0538650503233152, 0.29855908691614097
item: 0.005464168265461922, 0.006633198972434146, 116.36894444794267
reason: 1.2423843145370483e-06, 0.0015798680883388804, 8.502900871829416
ship_mode: 1.5795230865478516e-06, 0.001705655527823279, 2.1057617470893133
store: 2.3781321942806244e-05, 0.0015298708518494024, 79.1451134881274
store_returns: 36.877127600833774, 4.861884697237186, 29.66361617306375
store_sales: 288.85508783441037, 39.674283296454725, 146.24756168387262
time_dim: 0.0012104213237762451, 0.014686451262612999, 8.781788379755834
warehouse: 2.3292377591133118e-06, 0.017706206081006964, 2.7878650254765214
web_page: 1.0661780834197998e-05, 0.014096261686894785, 7.7006510790669775
web_returns: 11.326140539720654, 1.5173031919732798, 24.308913003145943
web_sales: 109.34904180746526, 14.72758825990533, 88.81406278778219
web_site: 8.863396942615509e-06, 0.018448465775081444, 8.634173783006439
Function: 105.27090179880956, 11.342105797499025, 0.02307891845703125, 83.2153253712235, 10.521635791737237, 0.10909558276228408, 0.05966033713047506
hiya: 0b111111111110110111111111, 105.27090179880956
-0.058462973854583655
call_center: 5.735084414482117e-06, 0.001663979026955047, 3.099181157146611
catalog_page: 0.0006659524515271187, 0.0016515057217277149, 7.3787457823177975
catalog_returns: 23.366260116919875, 3.0613757755200157, 23.103872055783267
catalog_sales: 217.0907397372648, 29.122219411591107, 80.80993690925575
customer: 0.6484093563631177, 0.09327033241825457, 38.89751584296625
customer_address: 0.18544994108378887, 0.0392015765092447, 34.53326278962158
customer_demographics: 0.012168197892606258, 0.008661992365940927, 19.573279911872124
date_dim: 0.0019952356815338135, 0.005559331070333755, 176.6578235067403
household_demographics: 3.512948751449585e-05, 0.0015011255929788243, 16.516230275084386
inventory: 0.24701470416039228, 0.0538650503233152, 0.29855908691614097
item: 0.005464168265461922, 0.006633198972434146, 116.36894444794267
reason: 1.2423843145370483e-06, 0.0015798680883388804, 8.502900871829416
ship_mode: 1.5795230865478516e-06, 0.001705655527823279, 2.1057617470893133
store: 2.3781321942806244e-05, 0.0015298708518494024, 79.1451134881274
store_returns: 36.877127600833774, 4.861884697237186, 29.66361617306375
store_sales: 288.85508783441037, 39.674283296454725, 146.24756168387262
time_dim: 0.0012104213237762451, 0.014686451262612999, 8.781788379755834
warehouse: 2.3292377591133118e-06, 0.017706206081006964, 2.7878650254765214
web_page: 1.0661780834197998e-05, 0.014096261686894785, 7.7006510790669775
web_returns: 11.326140539720654, 1.5173031919732798, 24.308913003145943
web_sales: 109.34904180746526, 14.72758825990533, 88.81406278778219
web_site: 8.863396942615509e-06, 0.018448465775081444, 8.634173783006439
call_center: 5.735084414482117e-06, 0.0016639790253943547, 3.099181157148172
catalog_page: 0.0006659524515271187, 0.0016515055405016302, 7.378745782499023
catalog_returns: 23.366260116919875, 3.0613694168440717, 23.10387841445921
catalog_sales: 217.0907397372648, 29.122160334543366, 80.70409273776134
customer: 0.6484093563631177, 0.09327015596618411, 38.897516019418326
customer_address: 0.18544994108378887, 0.03920152604262859, 34.53326284008819
customer_demographics: 0.012168197892606258, 0.008661989054601122, 19.573279915183463
date_dim: 0.0019952356815338135, 0.005559330527368939, 176.30539937004377
household_demographics: 3.512948751449585e-05, 0.0015011255834190135, 16.516230275093942
item: 0.005464168265461922, 0.006633197485466393, 116.01652031219018
reason: 1.2423843145370483e-06, 0.0015798680880007893, 8.502900871829754
ship_mode: 1.5795230865478516e-06, 0.0017056555273934422, 2.105761747089743
store: 2.3781321942806244e-05, 0.0015298708453777754, 79.14511348813387
store_returns: 36.877127600833774, 4.861874661839866, 29.66362620846107
store_sales: 288.85508783441037, 39.67420469012709, 146.03790256462293
time_dim: 0.0012104213237762451, 0.014686450933220237, 8.781788380085226
warehouse: 2.3292377591133118e-06, 0.017706206080373106, 2.751081862357203
web_page: 1.0661780834197998e-05, 0.014096261683993387, 7.700651079069879
web_returns: 11.326140539720654, 1.5173001097831036, 24.30891608533612
web_sales: 109.34904180746526, 14.727558502677677, 88.81409254500984
web_site: 8.863396942615509e-06, 0.018448465772669443, 8.634173783008851
Function: 105.56903701363952, 11.328738613937702, 0.3888702392578125, 83.18544688429942, 10.497483018784523, 0.10886926230001646, 0.0596289950600356
hiya: 0b111111111110100111111111, 105.56903701363952
call_center: 5.735084414482117e-06, 0.0016639790253943547, 3.099181157148172
catalog_page: 0.0006659524515271187, 0.0016515055405016302, 7.378745782499023
catalog_returns: 23.366260116919875, 3.0613694168440717, 23.10387841445921
catalog_sales: 217.0907397372648, 29.122160334543366, 80.70409273776134
customer: 0.6484093563631177, 0.09327015596618411, 38.897516019418326
customer_address: 0.18544994108378887, 0.03920152604262859, 34.53326284008819
customer_demographics: 0.012168197892606258, 0.008661989054601122, 19.573279915183463
date_dim: 0.0019952356815338135, 0.005559330527368939, 176.30539937004377
household_demographics: 3.512948751449585e-05, 0.0015011255834190135, 16.516230275093942
item: 0.005464168265461922, 0.006633197485466393, 116.01652031219018
reason: 1.2423843145370483e-06, 0.0015798680880007893, 8.502900871829754
ship_mode: 1.5795230865478516e-06, 0.0017056555273934422, 2.105761747089743
store: 2.3781321942806244e-05, 0.0015298708453777754, 79.14511348813387
store_returns: 36.877127600833774, 4.861874661839866, 29.66362620846107
store_sales: 288.85508783441037, 39.67420469012709, 146.03790256462293
time_dim: 0.0012104213237762451, 0.014686450933220237, 8.781788380085226
warehouse: 2.3292377591133118e-06, 0.017706206080373106, 2.751081862357203
web_page: 1.0661780834197998e-05, 0.014096261683993387, 7.700651079069879
web_returns: 11.326140539720654, 1.5173001097831036, 24.30891608533612
web_sales: 109.34904180746526, 14.727558502677677, 88.81409254500984
web_site: 8.863396942615509e-06, 0.018448465772669443, 8.634173783008851
call_center: 5.735084414482117e-06, 0.0016639790217746026, 2.6006129979180628
catalog_page: 0.0006659524515271187, 0.0016515051201795269, 7.378745782919346
catalog_returns: 23.366260116919875, 3.061354669010988, 23.103893162292295
catalog_sales: 217.0907397372648, 29.12202331569749, 78.8474738193075
customer: 0.6484093563631177, 0.09326974671656908, 38.897516428667934
customer_address: 0.18544994108378887, 0.03920140899416799, 34.53326295713666
customer_demographics: 0.012168197892606258, 0.008661981374529492, 19.573279922863534
date_dim: 0.0019952356815338135, 0.005559329268057323, 174.19793196868594
household_demographics: 3.512948751449585e-05, 0.0015011255612467096, 16.516230275116115
item: 0.005464168265461922, 0.00663319403670561, 116.01652031563894
reason: 1.2423843145370483e-06, 0.001579868087216647, 8.502900871830539
store: 2.3781321942806244e-05, 0.001529870830367972, 79.14511348814888
store_returns: 36.877127600833774, 4.861851386496712, 29.663649483804228
store_sales: 288.85508783441037, 39.67402237654334, 146.03808487820666
time_dim: 0.0012104213237762451, 0.014686450169251526, 7.423600602783197
warehouse: 2.3292377591133118e-06, 0.017706206078902983, 0.6436144597415367
web_page: 1.0661780834197998e-05, 0.014096261677264105, 7.700651079076608
web_returns: 11.326140539720654, 1.5172929611838273, 24.308923233935396
web_sales: 109.34904180746526, 14.727489486009697, 87.20526231829442
web_site: 8.863396942615509e-06, 0.018448465767075227, 8.383462317697038
Function: 107.67436469841654, 11.243413124098783, 2.581663131713867, 83.18544669324295, 10.495787553186416, 0.1084352012509586, 0.05961899492356481
hiya: 0b111111111010100111111111, 107.67436469841654
call_center: 5.735084414482117e-06, 0.0016639790217746026, 2.6006129979180628
catalog_page: 0.0006659524515271187, 0.0016515051201795269, 7.378745782919346
catalog_returns: 23.366260116919875, 3.061354669010988, 23.103893162292295
catalog_sales: 217.0907397372648, 29.12202331569749, 78.8474738193075
customer: 0.6484093563631177, 0.09326974671656908, 38.897516428667934
customer_address: 0.18544994108378887, 0.03920140899416799, 34.53326295713666
customer_demographics: 0.012168197892606258, 0.008661981374529492, 19.573279922863534
date_dim: 0.0019952356815338135, 0.005559329268057323, 174.19793196868594
household_demographics: 3.512948751449585e-05, 0.0015011255612467096, 16.516230275116115
item: 0.005464168265461922, 0.00663319403670561, 116.01652031563894
reason: 1.2423843145370483e-06, 0.001579868087216647, 8.502900871830539
store: 2.3781321942806244e-05, 0.001529870830367972, 79.14511348814888
store_returns: 36.877127600833774, 4.861851386496712, 29.663649483804228
store_sales: 288.85508783441037, 39.67402237654334, 146.03808487820666
time_dim: 0.0012104213237762451, 0.014686450169251526, 7.423600602783197
warehouse: 2.3292377591133118e-06, 0.017706206078902983, 0.6436144597415367
web_page: 1.0661780834197998e-05, 0.014096261677264105, 7.700651079076608
web_returns: 11.326140539720654, 1.5172929611838273, 24.308923233935396
web_sales: 109.34904180746526, 14.727489486009697, 87.20526231829442
web_site: 8.863396942615509e-06, 0.018448465767075227, 8.383462317697038
call_center: 5.735084414482117e-06, 0.0016639790207578556, 2.6006129979190793
catalog_page: 0.0006659524515271187, 0.0016515050021158495, 7.3787457830374095
catalog_returns: 23.366260116919875, 3.0613505265131447, 22.442576638969697
catalog_sales: 217.0907397372648, 29.1219848286689, 78.18619164051566
customer: 0.6484093563631177, 0.09326963176302723, 38.89751654362148
customer_address: 0.18544994108378887, 0.0392013761165925, 34.53326299001423
customer_demographics: 0.012168197892606258, 0.008661979217285102, 19.573279925020778
date_dim: 0.0019952356815338135, 0.005559328914331075, 173.53661130321925
household_demographics: 3.512948751449585e-05, 0.0015011255550187628, 16.516230275122343
item: 0.005464168265461922, 0.006633193067988103, 115.35519965078724
reason: 1.2423843145370483e-06, 0.0015798680869963905, 8.502900871830759
store: 2.3781321942806244e-05, 0.00152987082615189, 79.1451134881531
store_returns: 36.877127600833774, 4.861844848718702, 29.663656021582234
store_sales: 288.85508783441037, 39.673971166740294, 146.0381360880097
time_dim: 0.0012104213237762451, 0.014686449954661441, 7.423600602997787
web_page: 1.0661780834197998e-05, 0.014096261675373926, 7.700651079078498
web_returns: 11.326140539720654, 1.5172909532239516, 24.30892524189527
web_sales: 109.34904180746526, 14.727470100016065, 87.20528170428805
web_site: 8.863396942615509e-06, 0.018448465765503873, 8.38346231769861
Function: 108.3178572332063, 11.236665857790317, 3.2497310638427734, 83.18544641150223, 10.478091627184549, 0.10831327816410388, 0.05960899472231867
hiya: 0b111101111010100111111111, 108.3178572332063
call_center: 5.735084414482117e-06, 0.0016639790207578556, 2.6006129979190793
catalog_page: 0.0006659524515271187, 0.0016515050021158495, 7.3787457830374095
catalog_returns: 23.366260116919875, 3.0613505265131447, 22.442576638969697
catalog_sales: 217.0907397372648, 29.1219848286689, 78.18619164051566
customer: 0.6484093563631177, 0.09326963176302723, 38.89751654362148
customer_address: 0.18544994108378887, 0.0392013761165925, 34.53326299001423
customer_demographics: 0.012168197892606258, 0.008661979217285102, 19.573279925020778
date_dim: 0.0019952356815338135, 0.005559328914331075, 173.53661130321925
household_demographics: 3.512948751449585e-05, 0.0015011255550187628, 16.516230275122343
item: 0.005464168265461922, 0.006633193067988103, 115.35519965078724
reason: 1.2423843145370483e-06, 0.0015798680869963905, 8.502900871830759
store: 2.3781321942806244e-05, 0.00152987082615189, 79.1451134881531
store_returns: 36.877127600833774, 4.861844848718702, 29.663656021582234
store_sales: 288.85508783441037, 39.673971166740294, 146.0381360880097
time_dim: 0.0012104213237762451, 0.014686449954661441, 7.423600602997787
web_page: 1.0661780834197998e-05, 0.014096261675373926, 7.700651079078498
web_returns: 11.326140539720654, 1.5172909532239516, 24.30892524189527
web_sales: 109.34904180746526, 14.727470100016065, 87.20528170428805
web_site: 8.863396942615509e-06, 0.018448465765503873, 8.38346231769861
catalog_page: 0.0006659524515271187, 0.001651504566130577, 7.378745783473394
catalog_returns: 23.366260116919875, 3.061335229106755, 21.33330809674977
catalog_sales: 217.0907397372648, 29.121842703859343, 75.63221984893768
customer: 0.6484093563631177, 0.09326920726285555, 38.84935390756937
customer_address: 0.18544994108378887, 0.039201254706358275, 33.42397927179816
customer_demographics: 0.012168197892606258, 0.008661971251018046, 19.525116872434765
date_dim: 0.0019952356815338135, 0.005559327608091613, 170.9343343275857
household_demographics: 3.512948751449585e-05, 0.001501125532020215, 16.468067214593063
item: 0.005464168265461922, 0.006633189490710348, 113.86220651705098
reason: 1.2423843145370483e-06, 0.0015798680861830268, 8.50290087183157
store: 2.3781321942806244e-05, 0.0015298708105827511, 79.14511348816866
store_returns: 36.877127600833774, 4.861820706027292, 29.663680164273647
store_sales: 288.85508783441037, 39.67378205929888, 146.03832519545114
time_dim: 0.0012104213237762451, 0.01468644916222368, 7.4236006037902245
web_page: 1.0661780834197998e-05, 0.014096261668393879, 7.700651079085478
web_returns: 11.326140539720654, 1.5172835382343985, 24.308932656884824
web_sales: 109.34904180746526, 14.72739851146392, 87.2053532928402
web_site: 8.863396942615509e-06, 0.01844846575970119, 8.383462317704414
Function: 110.918019989698, 11.148055383558276, 5.940618515014648, 83.18544571779599, 10.476438337772686, 0.10786304132959725, 0.059598994226807374
hiya: 0b111101111010100111111110, 110.918019989698
catalog_page: 0.0006659524515271187, 0.001651504566130577, 7.378745783473394
catalog_returns: 23.366260116919875, 3.061335229106755, 21.33330809674977
catalog_sales: 217.0907397372648, 29.121842703859343, 75.63221984893768
customer: 0.6484093563631177, 0.09326920726285555, 38.84935390756937
customer_address: 0.18544994108378887, 0.039201254706358275, 33.42397927179816
customer_demographics: 0.012168197892606258, 0.008661971251018046, 19.525116872434765
date_dim: 0.0019952356815338135, 0.005559327608091613, 170.9343343275857
household_demographics: 3.512948751449585e-05, 0.001501125532020215, 16.468067214593063
item: 0.005464168265461922, 0.006633189490710348, 113.86220651705098
reason: 1.2423843145370483e-06, 0.0015798680861830268, 8.50290087183157
store: 2.3781321942806244e-05, 0.0015298708105827511, 79.14511348816866
store_returns: 36.877127600833774, 4.861820706027292, 29.663680164273647
store_sales: 288.85508783441037, 39.67378205929888, 146.03832519545114
time_dim: 0.0012104213237762451, 0.01468644916222368, 7.4236006037902245
web_page: 1.0661780834197998e-05, 0.014096261668393879, 7.700651079085478
web_returns: 11.326140539720654, 1.5172835382343985, 24.308932656884824
web_sales: 109.34904180746526, 14.72739851146392, 87.2053532928402
web_site: 8.863396942615509e-06, 0.01844846575970119, 8.383462317704414
catalog_returns: 23.366260116919875, 3.06130588639478, 13.952940151422222
catalog_sales: 217.0907397372648, 29.121570087231067, 68.25209517752641
customer: 0.6484093563631177, 0.09326839300807578, 38.849354721824156
customer_address: 0.18544994108378887, 0.039201021823381726, 33.423979504681135
customer_demographics: 0.012168197892606258, 0.008661955970527106, 19.525116887715257
date_dim: 0.0019952356815338135, 0.005559325102529078, 163.55393704205167
household_demographics: 3.512948751449585e-05, 0.001501125487905563, 16.468067214637177
item: 0.005464168265461922, 0.006633182628956914, 113.86220652391273
reason: 1.2423843145370483e-06, 0.0015798680846228746, 8.502900871833132
store: 2.3781321942806244e-05, 0.0015298707807188158, 71.764716200159
store_returns: 36.877127600833774, 4.8617743967365366, 22.283329185524867
store_sales: 288.85508783441037, 39.67341932296014, 138.65829064375032
time_dim: 0.0012104213237762451, 0.014686447642209603, 7.423600605310239
web_page: 1.0661780834197998e-05, 0.014096261655005105, 7.700651079098867
web_returns: 11.326140539720654, 1.5172693151761094, 16.92854959190359
web_sales: 109.34904180746526, 14.727261193920485, 79.82509332234412
web_site: 8.863396942615509e-06, 0.01844846574857078, 1.0030650296760177
Function: 118.29590151598987, 10.976477421353662, 13.492593765258789, 83.18536516529737, 10.47487690948804, 0.10699931790348843, 0.05958893668851555
hiya: 0b111101111010100111111100, 118.29590151598987
catalog_returns: 23.366260116919875, 3.06130588639478, 13.952940151422222
catalog_sales: 217.0907397372648, 29.121570087231067, 68.25209517752641
customer: 0.6484093563631177, 0.09326839300807578, 38.849354721824156
customer_address: 0.18544994108378887, 0.039201021823381726, 33.423979504681135
customer_demographics: 0.012168197892606258, 0.008661955970527106, 19.525116887715257
date_dim: 0.0019952356815338135, 0.005559325102529078, 163.55393704205167
household_demographics: 3.512948751449585e-05, 0.001501125487905563, 16.468067214637177
item: 0.005464168265461922, 0.006633182628956914, 113.86220652391273
reason: 1.2423843145370483e-06, 0.0015798680846228746, 8.502900871833132
store: 2.3781321942806244e-05, 0.0015298707807188158, 71.764716200159
store_returns: 36.877127600833774, 4.8617743967365366, 22.283329185524867
store_sales: 288.85508783441037, 39.67341932296014, 138.65829064375032
time_dim: 0.0012104213237762451, 0.014686447642209603, 7.423600605310239
web_page: 1.0661780834197998e-05, 0.014096261655005105, 7.700651079098867
web_returns: 11.326140539720654, 1.5172693151761094, 16.92854959190359
web_sales: 109.34904180746526, 14.727261193920485, 79.82509332234412
web_site: 8.863396942615509e-06, 0.01844846574857078, 1.0030650296760177
catalog_returns: 23.366260116919875, 3.061287611065442, 13.952958426751561
catalog_sales: 217.0907397372648, 29.121400295199944, 68.25226496955753
customer: 0.6484093563631177, 0.09326788587109819, 38.84935522896113
customer_address: 0.18544994108378887, 0.039200876778400964, 32.40246615430153
customer_demographics: 0.012168197892606258, 0.0086619464534789, 19.525116897232305
date_dim: 0.0019952356815338135, 0.0055593235420059554, 162.5324235481876
household_demographics: 3.512948751449585e-05, 0.001501125460429923, 16.468067214664654
item: 0.005464168265461922, 0.0066331783552959125, 113.86220652818639
reason: 1.2423843145370483e-06, 0.0015798680836511753, 8.502900871834104
store: 2.3781321942806244e-05, 0.0015298707621188563, 71.7647162001776
store_returns: 36.877127600833774, 4.861745554223932, 22.28335802803747
store_sales: 288.85508783441037, 39.67319340225932, 138.65851656445113
time_dim: 0.0012104213237762451, 0.01468644669550918, 7.423600606256939
web_page: 1.0661780834197998e-05, 0.014096261646666263, 7.700651079107206
web_returns: 11.326140539720654, 1.517260456721763, 15.907044954933346
web_sales: 109.34904180746526, 14.727175669333246, 78.80366535150677
Function: 119.29842865502103, 10.887079547454519, 14.60350513458252, 83.18536409319564, 10.456439509491918, 0.1064614343737177, 0.059578935922718054
hiya: 0b11101111010100111111100, 119.29842865502103
catalog_returns: 23.366260116919875, 3.061287611065442, 13.952958426751561
catalog_sales: 217.0907397372648, 29.121400295199944, 68.25226496955753
customer: 0.6484093563631177, 0.09326788587109819, 38.84935522896113
customer_address: 0.18544994108378887, 0.039200876778400964, 32.40246615430153
customer_demographics: 0.012168197892606258, 0.0086619464534789, 19.525116897232305
date_dim: 0.0019952356815338135, 0.0055593235420059554, 162.5324235481876
household_demographics: 3.512948751449585e-05, 0.001501125460429923, 16.468067214664654
item: 0.005464168265461922, 0.0066331783552959125, 113.86220652818639
reason: 1.2423843145370483e-06, 0.0015798680836511753, 8.502900871834104
store: 2.3781321942806244e-05, 0.0015298707621188563, 71.7647162001776
store_returns: 36.877127600833774, 4.861745554223932, 22.28335802803747
store_sales: 288.85508783441037, 39.67319340225932, 138.65851656445113
time_dim: 0.0012104213237762451, 0.01468644669550918, 7.423600606256939
web_page: 1.0661780834197998e-05, 0.014096261646666263, 7.700651079107206
web_returns: 11.326140539720654, 1.517260456721763, 15.907044954933346
web_sales: 109.34904180746526, 14.727175669333246, 78.80366535150677
catalog_returns: 23.366260116919875, 3.061272788176487, 13.952973249640516
catalog_sales: 217.0907397372648, 29.121262579026617, 66.5198129395942
customer: 0.6484093563631177, 0.09326747453869674, 38.84935564029353
customer_address: 0.18544994108378887, 0.03920075913424783, 32.402466271945684
customer_demographics: 0.012168197892606258, 0.008661938734321223, 19.525116904951464
date_dim: 0.0019952356815338135, 0.005559322276285348, 160.79983380331663
household_demographics: 3.512948751449585e-05, 0.0015011254381447781, 10.762369907871156
item: 0.005464168265461922, 0.006633174888983417, 112.12961678551605
reason: 1.2423843145370483e-06, 0.0015798680828630418, 8.50290087183489
store: 2.3781321942806244e-05, 0.001529870747032664, 66.36664966643482
store_returns: 36.877127600833774, 4.861722160426008, 22.283381421835394
store_sales: 288.85508783441037, 39.67301016083046, 131.52804352598554
web_page: 1.0661780834197998e-05, 0.014096261639902734, 7.393020306056032
web_returns: 11.326140539720654, 1.517253271741254, 15.907052139913855
web_sales: 109.34904180746526, 14.727106301420026, 76.7635142002254
Function: 126.72159183263541, 10.814146622074448, 22.11472511291504, 83.1852176826497, 10.441908605313298, 0.10602497834061818, 0.05956883134231568
hiya: 0b11100111010100111111100, 126.72159183263541
catalog_returns: 23.366260116919875, 3.061272788176487, 13.952973249640516
catalog_sales: 217.0907397372648, 29.121262579026617, 66.5198129395942
customer: 0.6484093563631177, 0.09326747453869674, 38.84935564029353
customer_address: 0.18544994108378887, 0.03920075913424783, 32.402466271945684
customer_demographics: 0.012168197892606258, 0.008661938734321223, 19.525116904951464
date_dim: 0.0019952356815338135, 0.005559322276285348, 160.79983380331663
household_demographics: 3.512948751449585e-05, 0.0015011254381447781, 10.762369907871156
item: 0.005464168265461922, 0.006633174888983417, 112.12961678551605
reason: 1.2423843145370483e-06, 0.0015798680828630418, 8.50290087183489
store: 2.3781321942806244e-05, 0.001529870747032664, 66.36664966643482
store_returns: 36.877127600833774, 4.861722160426008, 22.283381421835394
store_sales: 288.85508783441037, 39.67301016083046, 131.52804352598554
web_page: 1.0661780834197998e-05, 0.014096261639902734, 7.393020306056032
web_returns: 11.326140539720654, 1.517253271741254, 15.907052139913855
web_sales: 109.34904180746526, 14.727106301420026, 76.7635142002254
catalog_returns: 23.366260116919875, 3.061239912423727, 7.009436328765911
catalog_sales: 217.0907397372648, 29.12095713770009, 59.57654858429336
customer: 0.6484093563631177, 0.09326656224269471, 38.84935655258953
customer_address: 0.18544994108378887, 0.03920049821074609, 31.93891976180061
customer_demographics: 0.012168197892606258, 0.008661921613966343, 19.061570151003245
date_dim: 0.0019952356815338135, 0.0055593194690378624, 153.39271723842796
household_demographics: 3.512948751449585e-05, 0.001501125388718454, 10.762369907920581
item: 0.005464168265461922, 0.006633167201033183, 112.12961679320401
reason: 1.2423843145370483e-06, 0.0015798680811150378, 8.039354100768065
store: 2.3781321942806244e-05, 0.0015298707135729295, 59.423079869840926
store_returns: 36.877127600833774, 4.861670275215305, 15.33986351041874
store_sales: 288.85508783441037, 39.67260374883283, 124.58488014135581
web_returns: 11.326140539720654, 1.5172373361403384, 8.499951507818833
web_sales: 109.34904180746526, 14.72695245001013, 69.35655148393933
Function: 134.11364452625577, 10.634245176769893, 29.701743125915527, 83.18521639301845, 10.427823625651993, 0.1050573744787783, 0.05955883042113781
hiya: 0b11000111010100111111100, 134.11364452625577
catalog_returns: 23.366260116919875, 3.061239912423727, 7.009436328765911
catalog_sales: 217.0907397372648, 29.12095713770009, 59.57654858429336
customer: 0.6484093563631177, 0.09326656224269471, 38.84935655258953
customer_address: 0.18544994108378887, 0.03920049821074609, 31.93891976180061
customer_demographics: 0.012168197892606258, 0.008661921613966343, 19.061570151003245
date_dim: 0.0019952356815338135, 0.0055593194690378624, 153.39271723842796
household_demographics: 3.512948751449585e-05, 0.001501125388718454, 10.762369907920581
item: 0.005464168265461922, 0.006633167201033183, 112.12961679320401
reason: 1.2423843145370483e-06, 0.0015798680811150378, 8.039354100768065
store: 2.3781321942806244e-05, 0.0015298707135729295, 59.423079869840926
store_returns: 36.877127600833774, 4.861670275215305, 15.33986351041874
store_sales: 288.85508783441037, 39.67260374883283, 124.58488014135581
web_returns: 11.326140539720654, 1.5172373361403384, 8.499951507818833
web_sales: 109.34904180746526, 14.72695245001013, 69.35655148393933
catalog_sales: 217.0907397372648, 29.118695375230597, 49.65935148400837
customer: 0.6484093563631177, 0.09325980678205707, 38.79156452413593
customer_address: 0.18544994108378887, 0.03919856609831595, 31.88112290999879
customer_demographics: 0.012168197892606258, 0.008661794839451002, 19.06157027777776
date_dim: 0.0019952356815338135, 0.005559298681651041, 143.32204101802571
household_demographics: 3.512948751449585e-05, 0.001501125022721468, 10.762369908286578
item: 0.005464168265461922, 0.006633110272530729, 107.55727986783778
reason: 1.2423843145370483e-06, 0.001579868068171242, 8.03935410078101
store: 2.3781321942806244e-05, 0.0015298704658069423, 59.42307987008869
store_returns: 36.877127600833774, 4.861286070420152, 5.327370257938498
store_sales: 288.85508783441037, 39.66959430864401, 114.66843071879009
web_returns: 11.326140539720654, 1.5171193346096055, -1.5128079479258236
web_sales: 109.34904180746526, 14.725813195709671, 59.43823187548531
catalog_sales: 217.0907397372648, 29.118369273010423, 49.65967758622855
customer: 0.6484093563631177, 0.0932588327758376, 38.78725411145837
customer_address: 0.18544994108378887, 0.03919828752522899, 31.8768118018881
customer_demographics: 0.012168197892606258, 0.008661776561028104, 19.061570296056185
date_dim: 0.0019952356815338135, 0.005559295684513594, 143.31772963433903
household_demographics: 3.512948751449585e-05, 0.0015011249699518109, 10.762369908339348
item: 0.005464168265461922, 0.00663310206454634, 107.55727987604577
reason: 1.2423843145370483e-06, 0.0015798680663049978, 8.039354100782877
store: 2.3781321942806244e-05, 0.001529870430083899, 59.42307987012442
store_returns: 36.877127600833774, 4.861230675550712, 5.327425652807938
store_sales: 288.85508783441037, 39.6691604058181, 114.668864621616
web_sales: 109.34904180746526, 14.725648937366131, 59.438396133828846
Function: 139.56912352674613, 9.397758958207767, 41.013216972351074, 78.98888143025897, 10.02075157019297, 0.09197318873095411, 0.05654140700440407
hiya: 0b10000111010100111111000, 139.56912352674613
catalog_sales: 217.0907397372648, 29.118369273010423, 49.65967758622855
customer: 0.6484093563631177, 0.0932588327758376, 38.78725411145837
customer_address: 0.18544994108378887, 0.03919828752522899, 31.8768118018881
customer_demographics: 0.012168197892606258, 0.008661776561028104, 19.061570296056185
date_dim: 0.0019952356815338135, 0.005559295684513594, 143.31772963433903
household_demographics: 3.512948751449585e-05, 0.0015011249699518109, 10.762369908339348
item: 0.005464168265461922, 0.00663310206454634, 107.55727987604577
reason: 1.2423843145370483e-06, 0.0015798680663049978, 8.039354100782877
store: 2.3781321942806244e-05, 0.001529870430083899, 59.42307987012442
store_returns: 36.877127600833774, 4.861230675550712, 5.327425652807938
store_sales: 288.85508783441037, 39.6691604058181, 114.668864621616
web_sales: 109.34904180746526, 14.725648937366131, 59.438396133828846
catalog_sales: 217.0907397372648, 29.116923179205802, 44.354371610642545
customer: 0.6484093563631177, 0.09325451356464402, 36.226726140503345
customer_address: 0.18544994108378887, 0.039197052198419596, 29.471340037913947
customer_demographics: 0.012168197892606258, 0.008661695505725573, 19.061570377111487
date_dim: 0.0019952356815338135, 0.005559282393767239, 136.78610883525982
household_demographics: 3.512948751449585e-05, 0.0015011247359458173, 10.762369908573355
item: 0.005464168265461922, 0.0066330656664029385, 99.84505484375235
reason: 1.2423843145370483e-06, 0.0015798680580291764, 6.7877915841034415
store: 2.3781321942806244e-05, 0.0015298702716707749, 50.48598605861189
store_sales: 288.85508783441037, 39.667236272372996, 104.63719171756767
web_sales: 109.34904180746526, 14.724920537011098, 59.439124534183875
Function: 144.85710428564897, 8.906927104498545, 51.692705154418945, 74.52828553754145, 9.593166225705147, 0.08267504030518255, 0.053345223179692036
hiya: 0b10000101010100111111000, 144.85710428564897
catalog_sales: 217.0907397372648, 29.116923179205802, 44.354371610642545
customer: 0.6484093563631177, 0.09325451356464402, 36.226726140503345
customer_address: 0.18544994108378887, 0.039197052198419596, 29.471340037913947
customer_demographics: 0.012168197892606258, 0.008661695505725573, 19.061570377111487
date_dim: 0.0019952356815338135, 0.005559282393767239, 136.78610883525982
household_demographics: 3.512948751449585e-05, 0.0015011247359458173, 10.762369908573355
item: 0.005464168265461922, 0.0066330656664029385, 99.84505484375235
reason: 1.2423843145370483e-06, 0.0015798680580291764, 6.7877915841034415
store: 2.3781321942806244e-05, 0.0015298702716707749, 50.48598605861189
store_sales: 288.85508783441037, 39.667236272372996, 104.63719171756767
web_sales: 109.34904180746526, 14.724920537011098, 59.439124534183875
catalog_sales: 217.0907397372648, 29.116582668577585, 44.35471212127076
customer: 0.6484093563631177, 0.09325349652320991, 36.22672715754478
customer_address: 0.18544994108378887, 0.03919676131693835, 29.47134032879543
customer_demographics: 0.012168197892606258, 0.00866167641969402, 19.061570396197517
date_dim: 0.0019952356815338135, 0.005559279264205121, 136.78610883838937
household_demographics: 3.512948751449585e-05, 0.0015011246808446007, 10.762369908628456
item: 0.005464168265461922, 0.006633057095759294, 99.845054852323
store: 2.3781321942806244e-05, 0.0015298702343693547, 50.48598605864919
store_sales: 288.85508783441037, 39.66678319810764, 97.8482733396716
web_sales: 109.34904180746526, 14.724749021123474, 59.439296050071505
Function: 151.64392942897902, 8.692237811420759, 58.6967658996582, 74.52828538726472, 9.591596507007282, 0.0817086005557299, 0.05333522307235003
hiya: 0b10000101000100111111000, 151.64392942897902
catalog_sales: 217.0907397372648, 29.116582668577585, 44.35471212127076
customer: 0.6484093563631177, 0.09325349652320991, 36.22672715754478
customer_address: 0.18544994108378887, 0.03919676131693835, 29.47134032879543
customer_demographics: 0.012168197892606258, 0.00866167641969402, 19.061570396197517
date_dim: 0.0019952356815338135, 0.005559279264205121, 136.78610883838937
household_demographics: 3.512948751449585e-05, 0.0015011246808446007, 10.762369908628456
item: 0.005464168265461922, 0.006633057095759294, 99.845054852323
store: 2.3781321942806244e-05, 0.0015298702343693547, 50.48598605864919
store_sales: 288.85508783441037, 39.66678319810764, 97.8482733396716
web_sales: 109.34904180746526, 14.724749021123474, 59.439296050071505
catalog_sales: 217.0907397372648, 29.1157956874446, 44.35549910240374
customer: 0.6484093563631177, 0.0932511459580475, 28.084554499986226
customer_address: 0.18544994108378887, 0.03919608903766507, 22.604389415452864
customer_demographics: 0.012168197892606258, 0.008661632308451985, 16.439874415123175
date_dim: 0.0019952356815338135, 0.0055592720312257725, 126.02223781231304
item: 0.005464168265461922, 0.006633037287464672, 99.84505487213129
store: 2.3781321942806244e-05, 0.0015298701481590829, 39.72211502542609
store_sales: 288.85508783441037, 39.66573606222074, 87.08544944224914
web_sales: 109.34904180746526, 14.724352617145504, 59.43969245404947
Function: 162.4040656888607, 8.193911350223225, 69.95896339416504, 74.52828113806045, 9.590109605558713, 0.07947498081612626, 0.05332522003716231
hiya: 0b10000101000100011111000, 162.4040656888607
catalog_sales: 217.0907397372648, 29.1157956874446, 44.35549910240374
customer: 0.6484093563631177, 0.0932511459580475, 28.084554499986226
customer_address: 0.18544994108378887, 0.03919608903766507, 22.604389415452864
customer_demographics: 0.012168197892606258, 0.008661632308451985, 16.439874415123175
date_dim: 0.0019952356815338135, 0.0055592720312257725, 126.02223781231304
item: 0.005464168265461922, 0.006633037287464672, 99.84505487213129
store: 2.3781321942806244e-05, 0.0015298701481590829, 39.72211502542609
store_sales: 288.85508783441037, 39.66573606222074, 87.08544944224914
web_sales: 109.34904180746526, 14.724352617145504, 59.43969245404947
catalog_sales: 217.0907397372648, 29.114322635775334, 35.99869125856486
customer: 0.6484093563631177, 0.09324674622876418, 19.726278004207384
customer_address: 0.18544994108378887, 0.039194830682077866, 12.523119574431778
date_dim: 0.0019952356815338135, 0.00555925849271531, 109.57370177841987
item: 0.005464168265461922, 0.00663300021079252, 87.02324219424023
store: 2.3781321942806244e-05, 0.0015298699867928448, 31.631859873663963
store_sales: 288.85508783441037, 39.663776059367436, 77.09342116458359
web_sales: 109.34904180746526, 14.723610638059883, 57.53670130453972
Function: 178.8397477003246, 7.265561983531315, 87.33584880828857, 74.52680929312369, 9.582920777866047, 0.07529266881014424, 0.05331416870486439
hiya: 0b10000101000100010111000, 178.8397477003246
catalog_sales: 217.0907397372648, 29.114322635775334, 35.99869125856486
customer: 0.6484093563631177, 0.09324674622876418, 19.726278004207384
customer_address: 0.18544994108378887, 0.039194830682077866, 12.523119574431778
date_dim: 0.0019952356815338135, 0.00555925849271531, 109.57370177841987
item: 0.005464168265461922, 0.00663300021079252, 87.02324219424023
store: 2.3781321942806244e-05, 0.0015298699867928448, 31.631859873663963
store_sales: 288.85508783441037, 39.663776059367436, 77.09342116458359
web_sales: 109.34904180746526, 14.723610638059883, 57.53670130453972
catalog_sales: 217.0907397372648, 29.113614888455317, 29.038155170837783
customer: 0.6484093563631177, 0.09324463232015252, 15.414721541222189
date_dim: 0.0019952356815338135, 0.0055592519879574, 97.01138737981078
item: 0.005464168265461922, 0.006632982396810907, 78.50430692507292
store: 2.3781321942806244e-05, 0.0015298699092622836, 28.50631268688522
store_sales: 288.85508783441037, 39.662834349856766, 65.14807625882428
web_sales: 109.34904180746526, 14.723254144312708, 47.850761144852456
Function: 191.36068146301346, 6.832962333774566, 100.33076286315918, 74.50437757733343, 9.566028625219662, 0.07326191769666875, 0.053288145829954746
hiya: 0b10000101000100010011000, 191.36068146301346
catalog_sales: 217.0907397372648, 29.113614888455317, 29.038155170837783
customer: 0.6484093563631177, 0.09324463232015252, 15.414721541222189
date_dim: 0.0019952356815338135, 0.0055592519879574, 97.01138737981078
item: 0.005464168265461922, 0.006632982396810907, 78.50430692507292
store: 2.3781321942806244e-05, 0.0015298699092622836, 28.50631268688522
store_sales: 288.85508783441037, 39.662834349856766, 65.14807625882428
web_sales: 109.34904180746526, 14.723254144312708, 47.850761144852456
catalog_sales: 217.0907397372648, 29.108054983887026, 17.8239423960724
date_dim: 0.0019952356815338135, 0.005559200888034879, 81.50342125736836
item: 0.005464168265461922, 0.00663284245415772, 74.91573187628026
store: 2.3781321942806244e-05, 0.0015298693001995448, 28.506312687494283
store_sales: 288.85508783441037, 39.65543649067416, 49.64750794446452
web_sales: 109.34904180746526, 14.720453609210109, 32.34559550641272
Function: 206.7590231214307, 3.317147684563001, 119.35454368591309, 74.42594706227001, 9.550736260813078, 0.05742630460993624, 0.05322212326156498
hiya: 0b10000101000100010001000, 206.7590231214307
catalog_sales: 217.0907397372648, 29.108054983887026, 17.8239423960724
date_dim: 0.0019952356815338135, 0.005559200888034879, 81.50342125736836
item: 0.005464168265461922, 0.00663284245415772, 74.91573187628026
store: 2.3781321942806244e-05, 0.0015298693001995448, 28.506312687494283
store_sales: 288.85508783441037, 39.65543649067416, 49.64750794446452
web_sales: 109.34904180746526, 14.720453609210109, 32.34559550641272
date_dim: 0.0019952356815338135, 0.005559147951930017, 34.571423930345055
item: 0.005464168265461922, 0.006632697482921007, 29.686260180896898
store: 2.3781321942806244e-05, 0.0015298686692512495, 28.50631268812523
store_sales: 288.85508783441037, 39.647772802939855, 4.839921963921746
web_sales: 109.34904180746526, 14.717552441995984, -12.555725114982968
date_dim: 0.0019952356815338135, 0.005559123443184179, 32.409596627840784
item: 0.005464168265461922, 0.00663263036307523, 28.492862309320202
store: 2.3781321942806244e-05, 0.001529868377130183, 28.506312688417353
store_sales: 288.85508783441037, 39.644224612619645, 3.8750407659254833
Function: 211.70028894281208, 2.5625970711008708, 169.20291900634766, 34.940335152922046, 4.953692547197342, 0.01574743910807959, 0.024997726136100296
hiya: 0b101000100010000000, 211.70028894281208
date_dim: 0.0019952356815338135, 0.005559123443184179, 32.409596627840784
item: 0.005464168265461922, 0.00663263036307523, 28.492862309320202
store: 2.3781321942806244e-05, 0.001529868377130183, 28.506312688417353
store_sales: 288.85508783441037, 39.644224612619645, 3.8750407659254833
date_dim: 0.0019952356815338135, 0.005559014857373685, -0.005559014857373685
date_dim had no query dependencies
item: 0.005464168265461922, 0.006632332989113211, -0.006632332989113211
item had no query dependencies
store: 2.3781321942806244e-05, 0.001529867082890038, -0.001529867082890038
store had no query dependencies
Function: 215.28478145599365, 0, 215.28478145599365, 0.0, 0, 0.0, 0
hiya: 0b0, 215.28478145599365
{105.25858077224879: [0, 1, 2, 3, 4, 5, 6, 7, 8, 9, 10, 11, 13, 14, 15, 16, 17, 18, 19, 20, 21, 22, 23], 105.27090179880956: [0, 1, 2, 3, 4, 5, 6, 7, 8, 10, 11, 13, 14, 15, 16, 17, 18, 19, 20, 21, 22, 23], 105.56903701363952: [0, 1, 2, 3, 4, 5, 6, 7, 8, 11, 13, 14, 15, 16, 17, 18, 19, 20, 21, 22, 23], 107.67436469841654: [0, 1, 2, 3, 4, 5, 6, 7, 8, 11, 13, 15, 16, 17, 18, 19, 20, 21, 22, 23], 108.3178572332063: [0, 1, 2, 3, 4, 5, 6, 7, 8, 11, 13, 15, 16, 17, 18, 20, 21, 22, 23], 110.918019989698: [1, 2, 3, 4, 5, 6, 7, 8, 11, 13, 15, 16, 17, 18, 20, 21, 22, 23], 118.29590151598987: [2, 3, 4, 5, 6, 7, 8, 11, 13, 15, 16, 17, 18, 20, 21, 22, 23], 119.29842865502103: [2, 3, 4, 5, 6, 7, 8, 11, 13, 15, 16, 17, 18, 20, 21, 22], 126.72159183263541: [2, 3, 4, 5, 6, 7, 8, 11, 13, 15, 16, 17, 20, 21, 22], 134.11364452625577: [2, 3, 4, 5, 6, 7, 8, 11, 13, 15, 16, 17, 21, 22], 139.56912352674613: [3, 4, 5, 6, 7, 8, 11, 13, 15, 16, 17, 22], 144.85710428564897: [3, 4, 5, 6, 7, 8, 11, 13, 15, 17, 22], 151.64392942897902: [3, 4, 5, 6, 7, 8, 11, 15, 17, 22], 162.4040656888607: [3, 4, 5, 6, 7, 11, 15, 17, 22], 178.8397477003246: [3, 4, 5, 7, 11, 15, 17, 22], 191.36068146301346: [3, 4, 7, 11, 15, 17, 22], 206.7590231214307: [3, 7, 11, 15, 17, 22], 211.70028894281208: [7, 11, 15, 17], 215.28478145599365: []}
[0, 1, 2, 3, 4, 5, 6, 7, 8, 9, 10, 11, 13, 14, 15, 16, 17, 18, 19, 20, 21, 22, 23]
{'04': 4325528, '44': 133120, '51': 4325504, '18': 2296, '03': 133248, '54': 4360376, '62': 13123712, '81': 180, '39': 527488, '14': 4327560, '50': 229504, '67': 166016, '55': 133248, '46': 164272, '57': 2185, '84': 66416, '30': 2097328, '86': 4196480, '76': 4327560, '77': 7569548, '96': 426240, '22': 527488, '42': 133248, '79': 164240, '12': 4196480, '05': 14909582, '23': 4327576, '52': 133248, '70': 163968, '19': 166064, '75': 6490252, '32': 2184, '87': 4325528, '89': 166016, '83': 2164868, '56': 4327592, '66': 4997256, '25': 231560, '16': 173, '31': 4325536, '35': 4325624, '85': 7348448, '37': 3208, '43': 163968, '53': 166016, '98': 133248, '10': 4325624, '78': 6488204, '60': 4327592, '59': 163968, '29': 231560, '48': 164064, '08': 164016, '06': 133296, '40': 526476, '20': 2184, '38': 4325528, '69': 4325624, '27': 166080, '73': 164240, '92': 4196480, '15': 184, '63': 166016, '36': 166016, '11': 4325520, '71': 4589704, '58': 4327560, '88': 426240, '28': 131072, '68': 164272, '82': 134272, '17': 231560, '74': 4325520, '90': 5505280, '47': 166016, '34': 164240, '97': 131208, '99': 540809, '01': 98448, '94': 14680224, '21': 527488, '09': 139264, '02': 4194440, '24': 231472, '65': 166016, '13': 164320, '45': 4196528, '91': 501, '33': 4327592, '93': 204800, '95': 14680224, '49': 6488204}
Best Cost: $105.25858077224879;
[0, 1, 2, 3, 4, 5, 6, 7, 8, 9, 10, 11, 13, 14, 15, 16, 17, 18, 19, 20, 21, 22, 23]
{}
{'04': 4325528, '44': 133120, '51': 4325504, '18': 2296, '03': 133248, '54': 4360376, '62': 13123712, '81': 180, '39': 527488, '14': 4327560, '50': 229504, '67': 166016, '55': 133248, '46': 164272, '57': 2185, '84': 66416, '30': 2097328, '86': 4196480, '76': 4327560, '77': 7569548, '96': 426240, '22': 527488, '42': 133248, '79': 164240, '12': 4196480, '05': 14909582, '23': 4327576, '52': 133248, '70': 163968, '19': 166064, '75': 6490252, '32': 2184, '87': 4325528, '89': 166016, '83': 2164868, '56': 4327592, '66': 4997256, '25': 231560, '16': 173, '31': 4325536, '35': 4325624, '85': 7348448, '37': 3208, '43': 163968, '53': 166016, '98': 133248, '10': 4325624, '78': 6488204, '60': 4327592, '59': 163968, '29': 231560, '48': 164064, '08': 164016, '06': 133296, '40': 526476, '20': 2184, '38': 4325528, '69': 4325624, '27': 166080, '73': 164240, '92': 4196480, '15': 184, '63': 166016, '36': 166016, '11': 4325520, '71': 4589704, '58': 4327560, '88': 426240, '28': 131072, '68': 164272, '82': 134272, '17': 231560, '74': 4325520, '90': 5505280, '47': 166016, '34': 164240, '97': 131208, '99': 540809, '01': 98448, '94': 14680224, '21': 527488, '09': 139264, '02': 4194440, '24': 231472, '65': 166016, '13': 164320, '45': 4196528, '91': 501, '33': 4327592, '93': 204800, '95': 14680224, '49': 6488204}
{'04': 4325528, '44': 133120, '51': 4325504, '18': 2296, '03': 133248, '54': 4360376, '62': 13123712, '81': 180, '39': 527488, '14': 4327560, '50': 229504, '67': 166016, '55': 133248, '46': 164272, '57': 2185, '84': 66416, '30': 2097328, '86': 4196480, '76': 4327560, '77': 7569548, '96': 426240, '22': 527488, '42': 133248, '79': 164240, '12': 4196480, '05': 14909582, '23': 4327576, '52': 133248, '70': 163968, '19': 166064, '75': 6490252, '32': 2184, '87': 4325528, '89': 166016, '83': 2164868, '56': 4327592, '66': 4997256, '25': 231560, '16': 173, '31': 4325536, '35': 4325624, '85': 7348448, '37': 3208, '43': 163968, '53': 166016, '98': 133248, '10': 4325624, '78': 6488204, '60': 4327592, '59': 163968, '29': 231560, '48': 164064, '08': 164016, '06': 133296, '40': 526476, '20': 2184, '38': 4325528, '69': 4325624, '27': 166080, '73': 164240, '92': 4196480, '15': 184, '63': 166016, '36': 166016, '11': 4325520, '71': 4589704, '58': 4327560, '88': 426240, '28': 131072, '68': 164272, '82': 134272, '17': 231560, '74': 4325520, '90': 5505280, '47': 166016, '34': 164240, '97': 131208, '99': 540809, '01': 98448, '94': 14680224, '21': 527488, '09': 139264, '02': 4194440, '24': 231472, '65': 166016, '13': 164320, '45': 4196528, '91': 501, '33': 4327592, '93': 204800, '95': 14680224, '49': 6488204}
[0, 1, 2, 3, 4, 5, 6, 7, 8, 9, 10, 11, 13, 14, 15, 16, 17, 18, 19, 20, 21, 22, 23]
23
Optimal Subset: 0b111111111110111111111111
Function: 105.25858077224879, 11.351320659257576, 4.76837158203125e-05, 83.21532544546065, 10.523067937390008, 0.10914870924122641, 0.059670337183502335
105.25858077224879
Real: 105.25858077224879, 11.351320659257576, 4.76837158203125e-05, 83.21532544546065, 10.523067937390008, 0.10914870924122641, 0.059670337183502335
Num Redshift Qs: 92; Num GCP Qs: 1
Redshift Qs: $11.351320659257576; GCP Qs: $4.76837158203125e-05; Movement Cost: $83.21532544546065
Load Cost: $10.523067937390008, Storage Cost: $0.10914870924122641, API Cost: $0.059670337183502335
Final cost: $105.25858077224879, BQ Baseline: $215.28478145599365, Diff: $110.02620068374486, %: 51.10728214954447%
