Egress: $0.12/GB
Benchmark: tpcds
Data Path: parquet_4000/low_mem
BigQuery Cost: $5/TB; DuckDB Cost: $1.48/hr; Redshift Cost: $1.086/hr
Use Duck: False
Excluded Table: customer_address
Excluded Query: None

Starting analysis without using DuckDB
Redshift Total: $76.9279285495599, Redshift-Calcite Total: $76.9279285495599, BigQuery Total: $404.86724560454604
Excluding table customer_address and any queries that depend on it
Total Keys: 44, Keys Considered: 43

Round 0
call_center: 5.311332643032074e-06, 6.373599171638489e-07, 12.508314690304667
catalog_page: 0.0006659524515271187, 7.991429418325423e-05, -7.991429418325423e-05
catalog_page had no query dependencies
catalog_returns: 46.55937653128058, 5.587125183753669, 15.582055027383793
catalog_sales: 432.19241804163903, 51.863090164996684, 61.861636907622646
customer: 0.3632989786565304, 0.043595877438783646, 97.31941513261854
customer_demographics: 0.012168197892606258, 0.0014601837471127509, 21.112453220553235
date_dim: 0.0019952356815338135, 0.00023942828178405762, 310.2416095887305
household_demographics: 3.512948751449585e-05, 4.215538501739502e-06, 41.39152479863914
income_band: 6.137415766716003e-07, 7.364898920059204e-08, -7.364898920059204e-08
income_band had no query dependencies
inventory: 0.09054513089358807, 0.010865415707230567, 13.941296038616604
item: 0.0027397973462939262, 0.00032877568155527116, 138.5234423295797
promotion: 1.9920989871025085e-05, 2.39051878452301e-06, 13.43735948871263
reason: 1.2274831533432007e-06, 1.4729797840118408e-07, -1.4729797840118408e-07
reason had no query dependencies
ship_mode: 1.5795230865478516e-06, 1.8954277038574217e-07, 17.996109139434076
store: 7.926486432552338e-06, 9.511783719062805e-07, 140.3194349861495
store_returns: 73.63879108801484, 8.83665493056178, 21.03499920722463
store_sales: 575.9537928849459, 69.1144551461935, 202.99851714310904
time_dim: 0.0012104213237762451, 0.00014525055885314942, 25.501115258156442
warehouse: 2.261251211166382e-06, 2.7135014533996583e-07, 18.000427769620757
web_page: 4.7478824853897095e-06, 5.697458982467651e-07, 23.00257273756054
web_returns: 22.589666415005922, 2.7107599698007108, 18.45842024133675
web_sales: 217.48023212887347, 26.097627855464815, 89.43379905067405
web_site: 7.913447916507721e-06, 9.496137499809265e-07, 2.897941738068024

Round 1
call_center: 5.311332643032074e-06, 6.373599171638489e-07, 12.508314690304667
catalog_returns: 46.55937653128058, 5.587125183753669, 15.582055027383793
catalog_sales: 432.19241804163903, 51.863090164996684, 61.861636907622646
customer: 0.3632989786565304, 0.043595877438783646, 97.31941513261854
customer_demographics: 0.012168197892606258, 0.0014601837471127509, 21.112453220553235
date_dim: 0.0019952356815338135, 0.00023942828178405762, 310.2416095887305
household_demographics: 3.512948751449585e-05, 4.215538501739502e-06, 41.39152479863914
inventory: 0.09054513089358807, 0.010865415707230567, 13.941296038616604
item: 0.0027397973462939262, 0.00032877568155527116, 138.5234423295797
promotion: 1.9920989871025085e-05, 2.39051878452301e-06, 13.43735948871263
ship_mode: 1.5795230865478516e-06, 1.8954277038574217e-07, 17.996109139434076
store: 7.926486432552338e-06, 9.511783719062805e-07, 140.3194349861495
store_returns: 73.63879108801484, 8.83665493056178, 21.03499920722463
store_sales: 575.9537928849459, 69.1144551461935, 202.99851714310904
time_dim: 0.0012104213237762451, 0.00014525055885314942, 25.501115258156442
warehouse: 2.261251211166382e-06, 2.7135014533996583e-07, 18.000427769620757
web_page: 4.7478824853897095e-06, 5.697458982467651e-07, 23.00257273756054
web_returns: 22.589666415005922, 2.7107599698007108, 18.45842024133675
web_sales: 217.48023212887347, 26.097627855464815, 89.43379905067405
web_site: 7.913447916507721e-06, 9.496137499809265e-07, 2.897941738068024
[0, 2, 3, 4, 6, 7, 8, 10, 11, 12, 14, 15, 16, 17, 18, 19, 20, 21, 22, 23]
20
Optimal Subset: 0b111111111101110111011101
Num Redshift Qs: 43; Num GCP Qs: 1
Redshift Qs: $76.92404383747417; GCP Qs: $0.002412560916127404; Movement Cost: $164.26635835703462
Final cost: $241.19281475542493, BQ Baseline: $404.86724560454604, Diff: $163.6744308491211, %: 40.42669112556219%
