Egress: $0.12/GB
Benchmark: tpcds
Data Path: parquet_4000/low_mem
BigQuery Cost: $5/TB; DuckDB Cost: $1.48/hr; Redshift Cost: $1.086/hr
Use Duck: False
Excluded Table: catalog_returns
Excluded Query: None

Starting analysis without using DuckDB
Redshift Total: $87.16582093523027, Redshift-Calcite Total: $87.16582093523027, BigQuery Total: $511.6378656224515
Excluding table catalog_returns and any queries that depend on it
Total Keys: 53, Keys Considered: 52

Round 0
call_center: 5.311332643032074e-06, 6.373599171638489e-07, 12.508314690304667
catalog_page: 0.0006659524515271187, 7.991429418325423e-05, -7.991429418325423e-05
catalog_page had no query dependencies
catalog_sales: 432.19241804163903, 51.863090164996684, 109.36837389197441
customer: 0.3632989786565304, 0.043595877438783646, 127.873569139633
customer_address: 0.1039278693497181, 0.012471344321966171, 117.6894364990506
customer_demographics: 0.012168197892606258, 0.0014601837471127509, 36.949949596626965
date_dim: 0.0019952356815338135, 0.00023942828178405762, 406.03450378235806
household_demographics: 3.512948751449585e-05, 4.215538501739502e-06, 64.06502504239903
income_band: 6.137415766716003e-07, 7.364898920059204e-08, 0.7398333649586187
inventory: 0.09054513089358807, 0.010865415707230567, 13.941296038616604
item: 0.0027397973462939262, 0.00032877568155527116, 206.303684711558
promotion: 1.9920989871025085e-05, 2.39051878452301e-06, 13.43735948871263
reason: 1.2274831533432007e-06, 1.4729797840118408e-07, -1.4729797840118408e-07
reason had no query dependencies
ship_mode: 1.5795230865478516e-06, 1.8954277038574217e-07, 17.996109139434076
store: 7.926486432552338e-06, 9.511783719062805e-07, 159.12804502179236
store_returns: 73.63879108801484, 8.83665493056178, 0.6056524346947736
store_sales: 575.9537928849459, 69.1144551461935, 293.8572180776437
time_dim: 0.0012104213237762451, 0.00014525055885314942, 25.501115258156442
warehouse: 2.261251211166382e-06, 2.7135014533996583e-07, 18.000427769620753
web_page: 4.7478824853897095e-06, 5.697458982467651e-07, 3.3041553333756157
web_returns: 22.589666415005922, 2.7107599698007108, -2.7107599698007108
web_returns had no query dependencies
web_sales: 217.48023212887347, 26.097627855464815, 141.7854725453811
web_site: 7.913447916507721e-06, 9.496137499809265e-07, 2.897941738068024

Round 1
call_center: 5.311332643032074e-06, 6.373599171638489e-07, 12.508314690304667
catalog_sales: 432.19241804163903, 51.863090164996684, 109.36837389197441
customer: 0.3632989786565304, 0.043595877438783646, 127.873569139633
customer_address: 0.1039278693497181, 0.012471344321966171, 117.6894364990506
customer_demographics: 0.012168197892606258, 0.0014601837471127509, 36.949949596626965
date_dim: 0.0019952356815338135, 0.00023942828178405762, 406.03450378235806
household_demographics: 3.512948751449585e-05, 4.215538501739502e-06, 64.06502504239903
income_band: 6.137415766716003e-07, 7.364898920059204e-08, 0.7398333649586187
inventory: 0.09054513089358807, 0.010865415707230567, 13.941296038616604
item: 0.0027397973462939262, 0.00032877568155527116, 206.303684711558
promotion: 1.9920989871025085e-05, 2.39051878452301e-06, 13.43735948871263
ship_mode: 1.5795230865478516e-06, 1.8954277038574217e-07, 17.996109139434076
store: 7.926486432552338e-06, 9.511783719062805e-07, 159.12804502179236
store_returns: 73.63879108801484, 8.83665493056178, 0.6056524346947736
store_sales: 575.9537928849459, 69.1144551461935, 293.8572180776437
time_dim: 0.0012104213237762451, 0.00014525055885314942, 25.501115258156442
warehouse: 2.261251211166382e-06, 2.7135014533996583e-07, 18.000427769620753
web_page: 4.7478824853897095e-06, 5.697458982467651e-07, 3.3041553333756157
web_sales: 217.48023212887347, 26.097627855464815, 141.7854725453811
web_site: 7.913447916507721e-06, 9.496137499809265e-07, 2.897941738068024
[0, 3, 4, 5, 6, 7, 8, 9, 10, 11, 12, 14, 15, 16, 17, 18, 19, 20, 22, 23]
20
Optimal Subset: 0b110111111101111111111001
Num Redshift Qs: 52; Num GCP Qs: 1
Redshift Qs: $87.16193622314455; GCP Qs: $0.002412560916127404; Movement Cost: $155.9809446214512
Final cost: $243.14529340551186, BQ Baseline: $511.6378656224515, Diff: $268.4925722169396, %: 52.47707221401514%
