Egress: $0.12/GB
Benchmark: tpcds
Data Path: parquet_4000/low_mem
BigQuery Cost: $5/TB; DuckDB Cost: $1.48/hr; Redshift Cost: $1.086/hr
Use Duck: False
Excluded Table: store_sales
Excluded Query: None

Starting analysis without using DuckDB
Redshift Total: $17.928518312905233, Redshift-Calcite Total: $17.928518312905233, BigQuery Total: $81.47193583209628
Excluding table store_sales and any queries that depend on it
Total Keys: 18, Keys Considered: 17

Round 0
call_center: 5.311332643032074e-06, 6.373599171638489e-07, 13.080597939159258
catalog_page: 0.0006659524515271187, 7.991429418325423e-05, -7.991429418325423e-05
catalog_page had no query dependencies
catalog_returns: 46.55937653128058, 5.587125183753669, -3.5440791279465387
catalog_sales: 432.19241804163903, 51.863090164996684, -3.196673172792991
customer: 0.3632989786565304, 0.043595877438783646, 7.673476876068643
customer_address: 0.1039278693497181, 0.012471344321966171, 7.704601409185461
customer_demographics: 0.012168197892606258, 0.0014601837471127509, 7.289614415889744
date_dim: 0.0019952356815338135, 0.00023942828178405762, 59.50066090034973
household_demographics: 3.512948751449585e-05, 4.215538501739502e-06, 4.616268375045212
income_band: 6.137415766716003e-07, 7.364898920059204e-08, 0.7398333649586187
inventory: 0.09054513089358807, 0.010865415707230567, 6.173481802799494
item: 0.0027397973462939262, 0.00032877568155527116, 32.25823038346251
promotion: 1.9920989871025085e-05, 2.39051878452301e-06, 5.978955521655873
reason: 1.2274831533432007e-06, 1.4729797840118408e-07, -1.4729797840118408e-07
reason had no query dependencies
ship_mode: 1.5795230865478516e-06, 1.8954277038574217e-07, 17.996109139434072
store: 7.926486432552338e-06, 9.511783719062805e-07, -9.511783719062805e-07
store had no query dependencies
store_returns: 73.63879108801484, 8.83665493056178, -6.626058685001633
time_dim: 0.0012104213237762451, 0.00014525055885314942, 12.152924027440877
warehouse: 2.261251211166382e-06, 2.7135014533996583e-07, 18.000427769620757
web_page: 4.7478824853897095e-06, 5.697458982467651e-07, 3.3041553333756157
web_returns: 22.589666415005922, 2.7107599698007108, -1.2399971628481719
web_sales: 217.48023212887347, 26.097627855464815, -2.888447483227651
web_site: 7.913447916507721e-06, 9.496137499809265e-07, 2.897941738068024

Round 1
call_center: 5.311332643032074e-06, 6.373599171638489e-07, -6.373599171638489e-07
call_center had no query dependencies
customer: 0.3632989786565304, 0.043595877438783646, -0.043595877438783646
customer had no query dependencies
customer_address: 0.1039278693497181, 0.012471344321966171, -0.012471344321966171
customer_address had no query dependencies
customer_demographics: 0.012168197892606258, 0.0014601837471127509, -0.0014601837471127509
customer_demographics had no query dependencies
date_dim: 0.0019952356815338135, 0.00023942828178405762, 0.004079283712271136
household_demographics: 3.512948751449585e-05, 4.215538501739502e-06, -4.215538501739502e-06
household_demographics had no query dependencies
income_band: 6.137415766716003e-07, 7.364898920059204e-08, -7.364898920059204e-08
income_band had no query dependencies
inventory: 0.09054513089358807, 0.010865415707230567, -0.006546703713175374
item: 0.0027397973462939262, 0.00032877568155527116, 0.003989936312499922
promotion: 1.9920989871025085e-05, 2.39051878452301e-06, -2.39051878452301e-06
promotion had no query dependencies
ship_mode: 1.5795230865478516e-06, 1.8954277038574217e-07, -1.8954277038574217e-07
ship_mode had no query dependencies
time_dim: 0.0012104213237762451, 0.00014525055885314942, -0.00014525055885314942
time_dim had no query dependencies
warehouse: 2.261251211166382e-06, 2.7135014533996583e-07, 0.004318440643909853
web_page: 4.7478824853897095e-06, 5.697458982467651e-07, -5.697458982467651e-07
web_page had no query dependencies
web_site: 7.913447916507721e-06, 9.496137499809265e-07, -9.496137499809265e-07
web_site had no query dependencies

Round 2
date_dim: 0.0019952356815338135, 0.00023942828178405762, -0.00023942828178405762
date_dim had no query dependencies
item: 0.0027397973462939262, 0.00032877568155527116, -0.00032877568155527116
item had no query dependencies
warehouse: 2.261251211166382e-06, 2.7135014533996583e-07, -2.7135014533996583e-07
warehouse had no query dependencies
[]
0
Optimal Subset: 0b0
Num Redshift Qs: 0; Num GCP Qs: 18
Redshift Qs: $0; GCP Qs: $81.47193583209628; Movement Cost: $0.0
Final cost: $81.47193583209628, BQ Baseline: $81.47193583209628, Diff: $0.0, %: 0.0%
