Egress: $0.12/GB
Benchmark: tpcds
Data Path: parquet_4000/low_mem
BigQuery Cost: $5/TB; DuckDB Cost: $1.48/hr; Redshift Cost: $1.086/hr
Use Duck: False
Excluded Table: store
Excluded Query: None

Starting analysis without using DuckDB
Redshift Total: $52.80604505084714, Redshift-Calcite Total: $52.80604505084714, BigQuery Total: $320.1930898209048
Excluding table store and any queries that depend on it
Total Keys: 35, Keys Considered: 34

Round 0
call_center: 5.311332643032074e-06, 6.373599171638489e-07, 13.080597939159258
catalog_page: 0.0006659524515271187, 7.991429418325423e-05, -7.991429418325423e-05
catalog_page had no query dependencies
catalog_returns: 46.55937653128058, 5.587125183753669, -3.5440791279465387
catalog_sales: 432.19241804163903, 51.863090164996684, 109.36837389197441
customer: 0.3632989786565304, 0.043595877438783646, 80.29730600578542
customer_address: 0.1039278693497181, 0.012471344321966171, 79.75469230807744
customer_demographics: 0.012168197892606258, 0.0014601837471127509, 14.7480183829465
date_dim: 0.0019952356815338135, 0.00023942828178405762, 262.29769509591
household_demographics: 3.512948751449585e-05, 4.215538501739502e-06, 4.616268375045212
income_band: 6.137415766716003e-07, 7.364898920059204e-08, 0.7398333649586187
inventory: 0.09054513089358807, 0.010865415707230567, 13.941296038616604
item: 0.0027397973462939262, 0.00032877568155527116, 151.18154287290542
promotion: 1.9920989871025085e-05, 2.39051878452301e-06, 13.43735948871263
reason: 1.2274831533432007e-06, 1.4729797840118408e-07, -1.4729797840118408e-07
reason had no query dependencies
ship_mode: 1.5795230865478516e-06, 1.8954277038574217e-07, 17.996109139434072
store_returns: 73.63879108801484, 8.83665493056178, -6.626058685001633
store_sales: 575.9537928849459, 69.1144551461935, 134.72917210467313
time_dim: 0.0012104213237762451, 0.00014525055885314942, 12.152924027440877
warehouse: 2.261251211166382e-06, 2.7135014533996583e-07, 18.000427769620757
web_page: 4.7478824853897095e-06, 5.697458982467651e-07, 3.3041553333756157
web_returns: 22.589666415005922, 2.7107599698007108, -1.2399971628481719
web_sales: 217.48023212887347, 26.097627855464815, 141.7854725453811
web_site: 7.913447916507721e-06, 9.496137499809265e-07, 2.897941738068024

Round 1
call_center: 5.311332643032074e-06, 6.373599171638489e-07, 12.508314690304667
catalog_sales: 432.19241804163903, 51.863090164996684, 109.36837389197441
customer: 0.3632989786565304, 0.043595877438783646, 78.98518931832322
customer_address: 0.1039278693497181, 0.012471344321966171, 78.44257562061526
customer_demographics: 0.012168197892606258, 0.0014601837471127509, 13.4359016954843
date_dim: 0.0019952356815338135, 0.00023942828178405762, 260.2546490401029
household_demographics: 3.512948751449585e-05, 4.215538501739502e-06, 3.3041516875830124
income_band: 6.137415766716003e-07, 7.364898920059204e-08, -7.364898920059204e-08
income_band had no query dependencies
inventory: 0.09054513089358807, 0.010865415707230567, 13.941296038616604
item: 0.0027397973462939262, 0.00032877568155527116, 149.7107800659529
promotion: 1.9920989871025085e-05, 2.39051878452301e-06, 13.43735948871263
ship_mode: 1.5795230865478516e-06, 1.8954277038574217e-07, 17.996109139434072
store_sales: 575.9537928849459, 69.1144551461935, 134.72917210467313
time_dim: 0.0012104213237762451, 0.00014525055885314942, 12.152924027440877
warehouse: 2.261251211166382e-06, 2.7135014533996583e-07, 18.000427769620757
web_page: 4.7478824853897095e-06, 5.697458982467651e-07, 3.3041553333756157
web_sales: 217.48023212887347, 26.097627855464815, 141.7854725453811
web_site: 7.913447916507721e-06, 9.496137499809265e-07, 2.897941738068024

Round 2
call_center: 5.311332643032074e-06, 6.373599171638489e-07, 12.508314690304667
catalog_sales: 432.19241804163903, 51.863090164996684, 109.36837389197441
customer: 0.3632989786565304, 0.043595877438783646, 78.98518931832322
customer_address: 0.1039278693497181, 0.012471344321966171, 78.44257562061526
customer_demographics: 0.012168197892606258, 0.0014601837471127509, 13.4359016954843
date_dim: 0.0019952356815338135, 0.00023942828178405762, 260.2546490401029
household_demographics: 3.512948751449585e-05, 4.215538501739502e-06, 3.3041516875830124
inventory: 0.09054513089358807, 0.010865415707230567, 13.941296038616604
item: 0.0027397973462939262, 0.00032877568155527116, 149.7107800659529
promotion: 1.9920989871025085e-05, 2.39051878452301e-06, 13.43735948871263
ship_mode: 1.5795230865478516e-06, 1.8954277038574217e-07, 17.996109139434072
store_sales: 575.9537928849459, 69.1144551461935, 134.72917210467313
time_dim: 0.0012104213237762451, 0.00014525055885314942, 12.152924027440877
warehouse: 2.261251211166382e-06, 2.7135014533996583e-07, 18.000427769620757
web_page: 4.7478824853897095e-06, 5.697458982467651e-07, 3.3041553333756157
web_sales: 217.48023212887347, 26.097627855464815, 141.7854725453811
web_site: 7.913447916507721e-06, 9.496137499809265e-07, 2.897941738068024
[0, 3, 4, 5, 6, 7, 8, 10, 11, 12, 14, 17, 18, 19, 20, 22, 23]
17
Optimal Subset: 0b110111100101110111111001
Num Redshift Qs: 31; Num GCP Qs: 4
Redshift Qs: $52.50539409666936; GCP Qs: $3.0820582974229183; Movement Cost: $147.14428866606204
Final cost: $202.73174106015432, BQ Baseline: $320.1930898209048, Diff: $117.46134876075047, %: 36.68453583006764%
