Egress: $0.12/GB
Benchmark: tpcds
Data Path: parquet_4000/low_mem
BigQuery Cost: $5/TB; DuckDB Cost: $1.48/hr; Redshift Cost: $1.086/hr
Use Duck: False
Excluded Table: warehouse
Excluded Query: None

Starting analysis without using DuckDB
Redshift Total: $86.25488098807813, Redshift-Calcite Total: $86.25488098807813, BigQuery Total: $514.4694332454901
Excluding table warehouse and any queries that depend on it
Total Keys: 50, Keys Considered: 50

Round 0
call_center: 5.311332643032074e-06, 6.373599171638489e-07, 6.831344672742403
catalog_page: 0.0006659524515271187, 7.991429418325423e-05, -7.991429418325423e-05
catalog_page had no query dependencies
catalog_returns: 46.55937653128058, 5.587125183753669, 16.154338276238384
catalog_sales: 432.19241804163903, 51.863090164996684, 113.96862465486424
customer: 0.3632989786565304, 0.043595877438783646, 128.44585238848762
customer_address: 0.1039278693497181, 0.012471344321966171, 118.2617197479052
customer_demographics: 0.012168197892606258, 0.0014601837471127509, 37.522232845481554
date_dim: 0.0019952356815338135, 0.00023942828178405762, 409.77553920137916
household_demographics: 3.512948751449585e-05, 4.215538501739502e-06, 64.63730829125363
income_band: 6.137415766716003e-07, 7.364898920059204e-08, 0.7398333649586187
inventory: 0.09054513089358807, 0.010865415707230567, 13.936977326622548
item: 0.0027397973462939262, 0.00032877568155527116, 207.77012880651648
promotion: 1.9920989871025085e-05, 2.39051878452301e-06, 13.43735948871263
reason: 1.2274831533432007e-06, 1.4729797840118408e-07, -1.4729797840118408e-07
reason had no query dependencies
ship_mode: 1.5795230865478516e-06, 1.8954277038574217e-07, -1.8954277038574217e-07
ship_mode had no query dependencies
store: 7.926486432552338e-06, 9.511783719062805e-07, 178.8264624259773
store_returns: 73.63879108801484, 8.83665493056178, 21.774832645832234
store_sales: 575.9537928849459, 69.1144551461935, 313.55563548182874
time_dim: 0.0012104213237762451, 0.00014525055885314942, 16.652201883278227
web_page: 4.7478824853897095e-06, 5.697458982467651e-07, 23.00257273756054
web_returns: 22.589666415005922, 2.7107599698007108, 18.45842024133675
web_sales: 217.48023212887347, 26.097627855464815, 149.73703388700605
web_site: 7.913447916507721e-06, 9.496137499809265e-07, -9.496137499809265e-07
web_site had no query dependencies

Round 1
call_center: 5.311332643032074e-06, 6.373599171638489e-07, 6.831344672742403
catalog_returns: 46.55937653128058, 5.587125183753669, 16.154338276238384
catalog_sales: 432.19241804163903, 51.863090164996684, 113.96862465486424
customer: 0.3632989786565304, 0.043595877438783646, 128.44585238848762
customer_address: 0.1039278693497181, 0.012471344321966171, 118.2617197479052
customer_demographics: 0.012168197892606258, 0.0014601837471127509, 37.522232845481554
date_dim: 0.0019952356815338135, 0.00023942828178405762, 409.77553920137916
household_demographics: 3.512948751449585e-05, 4.215538501739502e-06, 64.63730829125363
income_band: 6.137415766716003e-07, 7.364898920059204e-08, 0.7398333649586187
inventory: 0.09054513089358807, 0.010865415707230567, 13.936977326622548
item: 0.0027397973462939262, 0.00032877568155527116, 207.77012880651648
promotion: 1.9920989871025085e-05, 2.39051878452301e-06, 13.43735948871263
store: 7.926486432552338e-06, 9.511783719062805e-07, 178.8264624259773
store_returns: 73.63879108801484, 8.83665493056178, 21.774832645832234
store_sales: 575.9537928849459, 69.1144551461935, 313.55563548182874
time_dim: 0.0012104213237762451, 0.00014525055885314942, 16.652201883278227
web_page: 4.7478824853897095e-06, 5.697458982467651e-07, 23.00257273756054
web_returns: 22.589666415005922, 2.7107599698007108, 18.45842024133675
web_sales: 217.48023212887347, 26.097627855464815, 149.73703388700605
[0, 2, 3, 4, 5, 6, 7, 8, 9, 10, 11, 12, 15, 16, 17, 18, 20, 21, 22]
19
Optimal Subset: 0b11101111001111111111101
Num Redshift Qs: 50; Num GCP Qs: 0
Redshift Qs: $86.25488098807813; GCP Qs: $0; Movement Cost: $164.2788283644989
Final cost: $250.53370935257703, BQ Baseline: $514.4694332454901, Diff: $263.9357238929131, %: 51.30250833910486%
