Egress: $0.12/GB
Benchmark: tpcds
Data Path: parquet_4000/low_mem
BigQuery Cost: $5/TB; DuckDB Cost: $1.48/hr; Redshift Cost: $1.086/hr
Use Duck: False
Excluded Table: household_demographics
Excluded Query: None

Starting analysis without using DuckDB
Redshift Total: $72.13466474617879, Redshift-Calcite Total: $72.13466474617879, BigQuery Total: $453.71086038659996
Number of keys: 45
Excluding table household_demographics and any queries that depend on it
household_demographics; 8
Optimal Subset: 0b111111111101110011111101
Cost of new plan by subset (16768253, 0b111111111101110011111101): $236.4120180808273
found 528160 plans cheaper than baseline over 8388608 total plans considered
call_center
catalog_returns
catalog_sales
customer
customer_address
customer_demographics
date_dim
inventory
item
promotion
ship_mode
store
store_returns
store_sales
time_dim
warehouse
web_page
web_returns
web_sales
web_site
Num Redshift Qs: 44; Num GCP Qs: 1
Redshift Qs: $72.13078003409306; GCP Qs: $0.002412560916127404; Movement Cost: $164.2788254858181
Final cost: $236.4120180808273, BQ Baseline: $453.71086038659996, Diff: $217.29884230577267, %: 47.89368324148462%
Cost of Second Cheapest plan by subset (16768765, 0b111111111101111011111101): $236.41201815447624
Cost of Third Cheapest plan by subset (16776445, 0b111111111111110011111101): $236.41201822812525
