Egress: $0.12/GB
Benchmark: tpcds
Data Path: parquet_4000/low_mem
BigQuery Cost: $5/TB; DuckDB Cost: $1.48/hr; Redshift Cost: $1.086/hr
Use Duck: False
Excluded Table: customer_demographics
Excluded Query: None

Starting analysis without using DuckDB
Redshift Total: $80.04517528733892, Redshift-Calcite Total: $80.04517528733892, BigQuery Total: $488.7349904053235
Number of keys: 49
Excluding table customer_demographics and any queries that depend on it
customer_demographics; 6
Optimal Subset: 0b111111111100110110111101
Cost of new plan by subset (16764349, 0b111111111100110110111101): $244.32107026326003
found 553296 plans cheaper than baseline over 8388608 total plans considered
call_center
catalog_returns
catalog_sales
customer
customer_address
date_dim
household_demographics
inventory
item
ship_mode
store
store_returns
store_sales
time_dim
warehouse
web_page
web_returns
web_sales
web_site
Num Redshift Qs: 48; Num GCP Qs: 1
Redshift Qs: $80.0412905752532; GCP Qs: $0.002412560916127404; Movement Cost: $164.27736712709068
Final cost: $244.32107026326003, BQ Baseline: $488.7349904053235, Diff: $244.4139201420635, %: 50.0094990005449%
Cost of Second Cheapest plan by subset (16764861, 0b111111111100111110111101): $244.32107033690903
Cost of Third Cheapest plan by subset (16772541, 0b111111111110110110111101): $244.32107041055798
