Egress: $0.12/GB
Benchmark: tpcds
Data Path: parquet_2000/real_data_rs1
BigQuery Cost: $5/TB; DuckDB Cost: $1.48/hr; Redshift Cost: $1.086/hr
Use Duck: False
Excluded Table: call_center
Excluded Query: None

Starting analysis without using DuckDB
Redshift Total: $15.039387340360483, Redshift-Calcite Total: $14.229065519682164, BigQuery Total: $236.39038562774658
Excluding table call_center and any queries that depend on it
Total Keys: 95, Keys Considered: 94
-0.023681684223814527
catalog_page: 0.0006659524515271187, 0.005071494245227478, 17.491715684187714
catalog_returns: 23.366260116919875, 3.060548111980267, 39.54299212364325
catalog_sales: 217.0907397372648, 29.37212245060086, 95.70826063893954
customer: 0.6484093563631177, 0.0915673110253723, 48.59066705931752
customer_address: 0.18544994108378887, 0.03127283784621349, 43.00358656042225
customer_demographics: 0.012168197892606258, 0.007096856665001877, 30.480832998747243
date_dim: 0.0019952356815338135, 0.005568177859839214, 196.17906623414194
household_demographics: 3.512948751449585e-05, 0.0043897245160645455, 23.907022206998278
income_band: 6.137415766716003e-07, 0.003414421595677324, 6.68958464148964
inventory: 0.24701470416039228, 0.03768917285285143, 1.1247045184834625
item: 0.005464168265461922, 0.0061792511165099035, 137.2384537025956
promotion: 2.6027671992778778e-05, 0.004807678556597484, 23.399639985134446
reason: 1.2423843145370483e-06, 0.004734816942578079, 8.488909636183614
ship_mode: 1.5795230865478516e-06, 0.004709164333833155, 1.6217140537769665
store: 2.3781321942806244e-05, 0.00528236646597264, 97.22786851257418
store_returns: 36.877127600833774, 4.826571234213705, 45.87034004538278
store_sales: 288.85508783441037, 39.30172999310975, 166.892945674961
time_dim: 0.0012104213237762451, 0.0019428192060741431, 8.705261068808879
warehouse: 2.3292377591133118e-06, 0.0004457583947322375, 3.1420414090296283
web_page: 1.0661780834197998e-05, 0.001554375579980073, 7.773221314395043
web_returns: 11.326140539720654, 1.491771474500984, 34.36861962943664
web_sales: 109.34904180746526, 14.648609647515297, 99.20779932018071
web_site: 8.863396942615509e-06, 0.0006161863579479832, 18.70519981863716
{}
{}
STARTING PHASE 2: 0b111111111111111111111110
----
[1, 2, 3, 4, 5, 6, 7, 8, 9, 10, 11, 12, 13, 14, 15, 16, 17, 18, 19, 20, 21, 22, 23]
Function: 106.66676124098758, 13.089716632858115, 4.76837158203125e-05, 83.21532790001824, 9.844255419167279, 0.4577432662913389, 0.0596703389367819
-0.023681684223814527
catalog_page: 0.0006659524515271187, 0.005071494245227478, 17.491715684187714
catalog_returns: 23.366260116919875, 3.060548111980267, 39.54299212364325
catalog_sales: 217.0907397372648, 29.37212245060086, 95.70826063893954
customer: 0.6484093563631177, 0.0915673110253723, 48.59066705931752
customer_address: 0.18544994108378887, 0.03127283784621349, 43.00358656042225
customer_demographics: 0.012168197892606258, 0.007096856665001877, 30.480832998747243
date_dim: 0.0019952356815338135, 0.005568177859839214, 196.17906623414194
household_demographics: 3.512948751449585e-05, 0.0043897245160645455, 23.907022206998278
income_band: 6.137415766716003e-07, 0.003414421595677324, 6.68958464148964
inventory: 0.24701470416039228, 0.03768917285285143, 1.1247045184834625
item: 0.005464168265461922, 0.0061792511165099035, 137.2384537025956
promotion: 2.6027671992778778e-05, 0.004807678556597484, 23.399639985134446
reason: 1.2423843145370483e-06, 0.004734816942578079, 8.488909636183614
ship_mode: 1.5795230865478516e-06, 0.004709164333833155, 1.6217140537769665
store: 2.3781321942806244e-05, 0.00528236646597264, 97.22786851257418
store_returns: 36.877127600833774, 4.826571234213705, 45.87034004538278
store_sales: 288.85508783441037, 39.30172999310975, 166.892945674961
time_dim: 0.0012104213237762451, 0.0019428192060741431, 8.705261068808879
warehouse: 2.3292377591133118e-06, 0.0004457583947322375, 3.1420414090296283
web_page: 1.0661780834197998e-05, 0.001554375579980073, 7.773221314395043
web_returns: 11.326140539720654, 1.491771474500984, 34.36861962943664
web_sales: 109.34904180746526, 14.648609647515297, 99.20779932018071
web_site: 8.863396942615509e-06, 0.0006161863579479832, 18.70519981863716
catalog_page: 0.0006659524515271187, 0.005071492838443384, 17.4917156855945
catalog_returns: 23.366260116919875, 3.0604987521753633, 38.73708733095349
catalog_sales: 217.0907397372648, 29.37166385960229, 94.79655318391154
customer: 0.6484093563631177, 0.09156594130000043, 48.59066842904289
customer_address: 0.18544994108378887, 0.031272446094479774, 43.00358695217399
customer_demographics: 0.012168197892606258, 0.007096830960423095, 29.674878871957148
date_dim: 0.0019952356815338135, 0.005568173645025056, 195.01667254702045
household_demographics: 3.512948751449585e-05, 0.004389724441855637, 23.101068054577812
income_band: 6.137415766716003e-07, 0.003414421594380832, 6.689584641490937
item: 0.005464168265461922, 0.006179239573786412, 136.07606002280204
promotion: 2.6027671992778778e-05, 0.0048076785016156086, 22.593685832694756
reason: 1.2423843145370483e-06, 0.004734816939953618, 8.48890963618624
ship_mode: 1.5795230865478516e-06, 0.004709164330496509, 1.621714053780303
store: 2.3781321942806244e-05, 0.005282366415736042, 97.22786851262441
store_returns: 36.877127600833774, 4.82649333352208, 45.870417946074404
store_sales: 288.85508783441037, 39.3011198042858, 166.6854592056827
time_dim: 0.0012104213237762451, 0.0019428166491326346, 8.70526107136582
warehouse: 2.3292377591133118e-06, 0.00044575838981186425, 2.2939562693323876
web_page: 1.0661780834197998e-05, 0.0015543755574577087, 7.773221314417565
web_returns: 11.326140539720654, 1.491747548717202, 34.36864355522042
web_sales: 109.34904180746526, 14.648378654307868, 99.20803031338815
web_site: 8.863396942615509e-06, 0.0006161863392245956, 18.70519981865588
Function: 107.78977627060014, 13.024755320837496, 1.227402687072754, 83.18544941309416, 9.83640370573282, 0.45612614699656534, 0.05963899686634245
hiya: 0b111111111111101111111110, 107.78977627060014
catalog_page: 0.0006659524515271187, 0.005071492838443384, 17.4917156855945
catalog_returns: 23.366260116919875, 3.0604987521753633, 38.73708733095349
catalog_sales: 217.0907397372648, 29.37166385960229, 94.79655318391154
customer: 0.6484093563631177, 0.09156594130000043, 48.59066842904289
customer_address: 0.18544994108378887, 0.031272446094479774, 43.00358695217399
customer_demographics: 0.012168197892606258, 0.007096830960423095, 29.674878871957148
date_dim: 0.0019952356815338135, 0.005568173645025056, 195.01667254702045
household_demographics: 3.512948751449585e-05, 0.004389724441855637, 23.101068054577812
income_band: 6.137415766716003e-07, 0.003414421594380832, 6.689584641490937
item: 0.005464168265461922, 0.006179239573786412, 136.07606002280204
promotion: 2.6027671992778778e-05, 0.0048076785016156086, 22.593685832694756
reason: 1.2423843145370483e-06, 0.004734816939953618, 8.48890963618624
ship_mode: 1.5795230865478516e-06, 0.004709164330496509, 1.621714053780303
store: 2.3781321942806244e-05, 0.005282366415736042, 97.22786851262441
store_returns: 36.877127600833774, 4.82649333352208, 45.870417946074404
store_sales: 288.85508783441037, 39.3011198042858, 166.6854592056827
time_dim: 0.0012104213237762451, 0.0019428166491326346, 8.70526107136582
warehouse: 2.3292377591133118e-06, 0.00044575838981186425, 2.2939562693323876
web_page: 1.0661780834197998e-05, 0.0015543755574577087, 7.773221314417565
web_returns: 11.326140539720654, 1.491747548717202, 34.36864355522042
web_sales: 109.34904180746526, 14.648378654307868, 99.20803031338815
web_site: 8.863396942615509e-06, 0.0006161863392245956, 18.70519981865588
catalog_page: 0.0006659524515271187, 0.005071491876286258, 17.491715686556656
catalog_returns: 23.366260116919875, 3.060464992987883, 38.737121090140974
catalog_sales: 217.0907397372648, 29.371350210479736, 93.42157910336033
customer: 0.6484093563631177, 0.09156500448884983, 48.59066936585404
customer_address: 0.18544994108378887, 0.03127217815946159, 43.003587220109004
customer_demographics: 0.012168197892606258, 0.007096813380011343, 29.67487888953756
date_dim: 0.0019952356815338135, 0.0055681707623414295, 193.39024933179235
household_demographics: 3.512948751449585e-05, 0.004389724391101133, 23.10106805462857
income_band: 6.137415766716003e-07, 0.0034144215934941084, 6.689584641491824
item: 0.005464168265461922, 0.006179231679246166, 136.07606003069657
promotion: 2.6027671992778778e-05, 0.004807678464011257, 22.593685832732362
reason: 1.2423843145370483e-06, 0.004734816938158641, 8.488909636188033
store: 2.3781321942806244e-05, 0.00528236638137718, 97.22786851265877
store_returns: 36.877127600833774, 4.826440054055953, 45.870471225540534
store_sales: 288.85508783441037, 39.30070247121598, 166.68587653875252
time_dim: 0.0012104213237762451, 0.0019428149003358568, 7.329973343440833
warehouse: 2.3292377591133118e-06, 0.0004457583864466199, 0.6675330512249533
web_page: 1.0661780834197998e-05, 0.0015543755420537435, 7.773221314432969
web_returns: 11.326140539720654, 1.4917311848960344, 34.36865991904159
web_sales: 109.34904180746526, 14.648220668614622, 97.58176508097058
web_site: 8.863396942615509e-06, 0.0006161863264189058, 18.454064330231674
Function: 109.41049671653462, 12.979654491096735, 2.8989267349243164, 83.18544922203769, 9.831704732129175, 0.4551325396168317, 0.059628996729871646
hiya: 0b111111111011101111111110, 109.41049671653462
catalog_page: 0.0006659524515271187, 0.005071491876286258, 17.491715686556656
catalog_returns: 23.366260116919875, 3.060464992987883, 38.737121090140974
catalog_sales: 217.0907397372648, 29.371350210479736, 93.42157910336033
customer: 0.6484093563631177, 0.09156500448884983, 48.59066936585404
customer_address: 0.18544994108378887, 0.03127217815946159, 43.003587220109004
customer_demographics: 0.012168197892606258, 0.007096813380011343, 29.67487888953756
date_dim: 0.0019952356815338135, 0.0055681707623414295, 193.39024933179235
household_demographics: 3.512948751449585e-05, 0.004389724391101133, 23.10106805462857
income_band: 6.137415766716003e-07, 0.0034144215934941084, 6.689584641491824
item: 0.005464168265461922, 0.006179231679246166, 136.07606003069657
promotion: 2.6027671992778778e-05, 0.004807678464011257, 22.593685832732362
reason: 1.2423843145370483e-06, 0.004734816938158641, 8.488909636188033
store: 2.3781321942806244e-05, 0.00528236638137718, 97.22786851265877
store_returns: 36.877127600833774, 4.826440054055953, 45.870471225540534
store_sales: 288.85508783441037, 39.30070247121598, 166.68587653875252
time_dim: 0.0012104213237762451, 0.0019428149003358568, 7.329973343440833
warehouse: 2.3292377591133118e-06, 0.0004457583864466199, 0.6675330512249533
web_page: 1.0661780834197998e-05, 0.0015543755420537435, 7.773221314432969
web_returns: 11.326140539720654, 1.4917311848960344, 34.36865991904159
web_sales: 109.34904180746526, 14.648220668614622, 97.58176508097058
web_site: 8.863396942615509e-06, 0.0006161863264189058, 18.454064330231674
catalog_page: 0.0006659524515271187, 0.00507149186615073, 17.491715686566792
catalog_returns: 23.366260116919875, 3.060464637362824, 38.06914263615462
catalog_sales: 217.0907397372648, 29.371346906446192, 92.75360359778246
customer: 0.6484093563631177, 0.09156499462032082, 48.59066937572257
customer_address: 0.18544994108378887, 0.03127217533698825, 43.00358722293148
customer_demographics: 0.012168197892606258, 0.007096813194816277, 29.674878889722756
date_dim: 0.0019952356815338135, 0.005568170731974747, 192.7222705222113
household_demographics: 3.512948751449585e-05, 0.004389724390566476, 23.101068054629103
income_band: 6.137415766716003e-07, 0.0034144215934847674, 6.689584641491833
item: 0.005464168265461922, 0.006179231596083728, 135.40808122116832
promotion: 2.6027671992778778e-05, 0.0048076784636151264, 22.59368583273276
reason: 1.2423843145370483e-06, 0.004734816938139733, 8.488909636188053
store: 2.3781321942806244e-05, 0.005282366381015238, 97.22786851265914
store_returns: 36.877127600833774, 4.8264394928009375, 45.87047178679555
store_sales: 288.85508783441037, 39.300698074957985, 166.68588093501052
time_dim: 0.0012104213237762451, 0.0019428148819137323, 7.3299733434592556
web_page: 1.0661780834197998e-05, 0.0015543755418914755, 7.7732213144331315
web_returns: 11.326140539720654, 1.4917310125167413, 34.36866009142088
web_sales: 109.34904180746526, 14.648219004366286, 97.58176674521893
web_site: 8.863396942615509e-06, 0.0006161863262840085, 18.45406433023181
Function: 110.07801929870824, 12.979565368579227, 3.5669946670532227, 83.18544894029696, 9.831269254993995, 0.4551220712562006, 0.059618996528625505
hiya: 0b111101111011101111111110, 110.07801929870824
catalog_page: 0.0006659524515271187, 0.00507149186615073, 17.491715686566792
catalog_returns: 23.366260116919875, 3.060464637362824, 38.06914263615462
catalog_sales: 217.0907397372648, 29.371346906446192, 92.75360359778246
customer: 0.6484093563631177, 0.09156499462032082, 48.59066937572257
customer_address: 0.18544994108378887, 0.03127217533698825, 43.00358722293148
customer_demographics: 0.012168197892606258, 0.007096813194816277, 29.674878889722756
date_dim: 0.0019952356815338135, 0.005568170731974747, 192.7222705222113
household_demographics: 3.512948751449585e-05, 0.004389724390566476, 23.101068054629103
income_band: 6.137415766716003e-07, 0.0034144215934847674, 6.689584641491833
item: 0.005464168265461922, 0.006179231596083728, 135.40808122116832
promotion: 2.6027671992778778e-05, 0.0048076784636151264, 22.59368583273276
reason: 1.2423843145370483e-06, 0.004734816938139733, 8.488909636188053
store: 2.3781321942806244e-05, 0.005282366381015238, 97.22786851265914
store_returns: 36.877127600833774, 4.8264394928009375, 45.87047178679555
store_sales: 288.85508783441037, 39.300698074957985, 166.68588093501052
time_dim: 0.0012104213237762451, 0.0019428148819137323, 7.3299733434592556
web_page: 1.0661780834197998e-05, 0.0015543755418914755, 7.7732213144331315
web_returns: 11.326140539720654, 1.4917310125167413, 34.36866009142088
web_sales: 109.34904180746526, 14.648219004366286, 97.58176674521893
web_site: 8.863396942615509e-06, 0.0006161863262840085, 18.45406433023181
catalog_page: 0.0006659524515271187, 0.005071482836078446, 17.491715695596863
catalog_returns: 23.366260116919875, 3.060147799400301, 31.39848246302385
catalog_sales: 217.0907397372648, 29.368403235216103, 86.08557025791924
customer: 0.6484093563631177, 0.09155620242600632, 41.89767910483157
customer_address: 0.18544994108378887, 0.03126966070344445, 36.310590674479705
customer_demographics: 0.012168197892606258, 0.00709664819849215, 22.981879991633765
date_dim: 0.0019952356815338135, 0.005568143677306823, 186.05129353817267
household_demographics: 3.512948751449585e-05, 0.004389723914223442, 16.408068992020134
item: 0.005464168265461922, 0.006179157503955529, 128.73710428416715
promotion: 2.6027671992778778e-05, 0.004807678110689389, 15.922708821992389
reason: 1.2423843145370483e-06, 0.004734816921293455, 8.488909636204898
store: 2.3781321942806244e-05, 0.005282366058549188, 90.5568915018883
store_returns: 36.877127600833774, 4.825939452404473, 39.1779727641067
store_sales: 288.85508783441037, 39.29678130534933, 160.01882069352587
time_dim: 0.0012104213237762451, 0.0019427984690421772, 7.329973359872127
web_page: 1.0661780834197998e-05, 0.001554375397321617, 7.773221314577701
web_returns: 11.326140539720654, 1.491577434183114, 34.36881366975451
web_sales: 109.34904180746526, 14.646736271252953, 97.58324947833226
web_site: 8.863396942615509e-06, 0.0006161862060995796, 18.454064330351994
Function: 116.75827870911996, 12.515586778161127, 10.72397232055664, 83.18544886605982, 9.82786490750869, 0.4457968403580862, 0.05960899647559823
hiya: 0b111101111011100111111110, 116.75827870911996
catalog_page: 0.0006659524515271187, 0.005071482836078446, 17.491715695596863
catalog_returns: 23.366260116919875, 3.060147799400301, 31.39848246302385
catalog_sales: 217.0907397372648, 29.368403235216103, 86.08557025791924
customer: 0.6484093563631177, 0.09155620242600632, 41.89767910483157
customer_address: 0.18544994108378887, 0.03126966070344445, 36.310590674479705
customer_demographics: 0.012168197892606258, 0.00709664819849215, 22.981879991633765
date_dim: 0.0019952356815338135, 0.005568143677306823, 186.05129353817267
household_demographics: 3.512948751449585e-05, 0.004389723914223442, 16.408068992020134
item: 0.005464168265461922, 0.006179157503955529, 128.73710428416715
promotion: 2.6027671992778778e-05, 0.004807678110689389, 15.922708821992389
reason: 1.2423843145370483e-06, 0.004734816921293455, 8.488909636204898
store: 2.3781321942806244e-05, 0.005282366058549188, 90.5568915018883
store_returns: 36.877127600833774, 4.825939452404473, 39.1779727641067
store_sales: 288.85508783441037, 39.29678130534933, 160.01882069352587
time_dim: 0.0012104213237762451, 0.0019427984690421772, 7.329973359872127
web_page: 1.0661780834197998e-05, 0.001554375397321617, 7.773221314577701
web_returns: 11.326140539720654, 1.491577434183114, 34.36881366975451
web_sales: 109.34904180746526, 14.646736271252953, 97.58324947833226
web_site: 8.863396942615509e-06, 0.0006161862060995796, 18.454064330351994
catalog_page: 0.0006659524515271187, 0.005071479337319762, 17.49171569909562
catalog_returns: 23.366260116919875, 3.060025038525546, 31.398605223898606
catalog_sales: 217.0907397372648, 29.367262691159073, 84.34554418844478
customer: 0.6484093563631177, 0.09155279583464819, 41.89768251142292
customer_address: 0.18544994108378887, 0.03126868639275559, 36.31059164879039
customer_demographics: 0.012168197892606258, 0.007096584269621634, 22.981880055562634
date_dim: 0.0019952356815338135, 0.005568133194804429, 184.31012693512366
household_demographics: 3.512948751449585e-05, 0.0043897237296613165, 10.817319447395034
item: 0.005464168265461922, 0.006179128796491317, 126.99593769934312
promotion: 2.6027671992778778e-05, 0.004807677973946078, 15.922708822129131
reason: 1.2423843145370483e-06, 0.004734816914766258, 8.488909636211426
store: 2.3781321942806244e-05, 0.005282365933607676, 85.27408448282564
store_returns: 36.877127600833774, 4.825745708586675, 39.178166507924495
store_sales: 288.85508783441037, 39.295263728163995, 152.99636463799203
web_page: 1.0661780834197998e-05, 0.0015543753413071102, 7.465278789011666
web_returns: 11.326140539720654, 1.491517929285313, 34.36887317465231
web_sales: 109.34904180746526, 14.646161776919726, 95.53471483351193
web_site: 8.863396942615509e-06, 0.0006161861595333616, 18.45406433039856
Function: 124.08463779576402, 12.336282958169777, 18.23519229888916, 83.18530245551385, 9.826078248803615, 0.44218294249243784, 0.059598891895195856
hiya: 0b111100111011100111111110, 124.08463779576402
catalog_page: 0.0006659524515271187, 0.005071479337319762, 17.49171569909562
catalog_returns: 23.366260116919875, 3.060025038525546, 31.398605223898606
catalog_sales: 217.0907397372648, 29.367262691159073, 84.34554418844478
customer: 0.6484093563631177, 0.09155279583464819, 41.89768251142292
customer_address: 0.18544994108378887, 0.03126868639275559, 36.31059164879039
customer_demographics: 0.012168197892606258, 0.007096584269621634, 22.981880055562634
date_dim: 0.0019952356815338135, 0.005568133194804429, 184.31012693512366
household_demographics: 3.512948751449585e-05, 0.0043897237296613165, 10.817319447395034
item: 0.005464168265461922, 0.006179128796491317, 126.99593769934312
promotion: 2.6027671992778778e-05, 0.004807677973946078, 15.922708822129131
reason: 1.2423843145370483e-06, 0.004734816914766258, 8.488909636211426
store: 2.3781321942806244e-05, 0.005282365933607676, 85.27408448282564
store_returns: 36.877127600833774, 4.825745708586675, 39.178166507924495
store_sales: 288.85508783441037, 39.295263728163995, 152.99636463799203
web_page: 1.0661780834197998e-05, 0.0015543753413071102, 7.465278789011666
web_returns: 11.326140539720654, 1.491517929285313, 34.36887317465231
web_sales: 109.34904180746526, 14.646161776919726, 95.53471483351193
web_site: 8.863396942615509e-06, 0.0006161861595333616, 18.45406433039856
catalog_page: 0.0006659524515271187, 0.005071476985475098, 17.49171570144747
catalog_returns: 23.366260116919875, 3.0599425193996863, 24.40921039669001
catalog_sales: 217.0907397372648, 29.366496024264773, 77.35683350900463
customer: 0.6484093563631177, 0.09155050594430979, 41.89768480131326
customer_address: 0.18544994108378887, 0.031268031466937234, 35.8332364856977
customer_demographics: 0.012168197892606258, 0.007096541297017187, 22.504524280516723
date_dim: 0.0019952356815338135, 0.005568126148529009, 176.84329377781688
household_demographics: 3.512948751449585e-05, 0.00438972360559976, 10.817319447519095
item: 0.005464168265461922, 0.006179109499505554, 126.9959377186401
promotion: 2.6027671992778778e-05, 0.004807677882028042, 15.92270882222105
reason: 1.2423843145370483e-06, 0.004734816910378715, 8.011553818197298
store: 2.3781321942806244e-05, 0.005282365849622738, 78.28460713657516
store_returns: 36.877127600833774, 4.825615475151003, 32.18881939502571
store_sales: 288.85508783441037, 39.294243621855635, 146.00790739796597
web_returns: 11.326140539720654, 1.4914779304488701, 26.902080009135783
web_sales: 109.34904180746526, 14.645775605264596, 88.06826784081412
web_site: 8.863396942615509e-06, 0.0006161861282318284, 18.454064330429862
Function: 131.5474878614829, 12.216098109522262, 25.82221031188965, 83.18530116588262, 9.824535160652399, 0.439754222561933, 0.05958889097401799
hiya: 0b111000111011100111111110, 131.5474878614829
catalog_page: 0.0006659524515271187, 0.005071476985475098, 17.49171570144747
catalog_returns: 23.366260116919875, 3.0599425193996863, 24.40921039669001
catalog_sales: 217.0907397372648, 29.366496024264773, 77.35683350900463
customer: 0.6484093563631177, 0.09155050594430979, 41.89768480131326
customer_address: 0.18544994108378887, 0.031268031466937234, 35.8332364856977
customer_demographics: 0.012168197892606258, 0.007096541297017187, 22.504524280516723
date_dim: 0.0019952356815338135, 0.005568126148529009, 176.84329377781688
household_demographics: 3.512948751449585e-05, 0.00438972360559976, 10.817319447519095
item: 0.005464168265461922, 0.006179109499505554, 126.9959377186401
promotion: 2.6027671992778778e-05, 0.004807677882028042, 15.92270882222105
reason: 1.2423843145370483e-06, 0.004734816910378715, 8.011553818197298
store: 2.3781321942806244e-05, 0.005282365849622738, 78.28460713657516
store_returns: 36.877127600833774, 4.825615475151003, 32.18881939502571
store_sales: 288.85508783441037, 39.294243621855635, 146.00790739796597
web_returns: 11.326140539720654, 1.4914779304488701, 26.902080009135783
web_sales: 109.34904180746526, 14.645775605264596, 88.06826784081412
web_site: 8.863396942615509e-06, 0.0006161861282318284, 18.454064330429862
catalog_page: 0.0006659524515271187, 0.005071471297417931, 17.491715707135526
catalog_returns: 23.366260116919875, 3.0597429426535783, 24.40940997343612
catalog_sales: 217.0907397372648, 29.364641800985986, 77.35868773228341
customer: 0.6484093563631177, 0.09154496772686115, 41.89769033953071
customer_address: 0.18544994108378887, 0.03126644749519241, 35.83323806966944
customer_demographics: 0.012168197892606258, 0.007096437365565203, 22.504524384448175
date_dim: 0.0019952356815338135, 0.005568109106749835, 176.84329379485865
household_demographics: 3.512948751449585e-05, 0.00438972330555051, 10.817319447819145
item: 0.005464168265461922, 0.006179062828753916, 126.99593776531086
promotion: 2.6027671992778778e-05, 0.004807677659719549, 15.922708822443358
store: 2.3781321942806244e-05, 0.005282365646500851, 78.28460713677829
store_returns: 36.877127600833774, 4.82530049889483, 30.927327144324803
store_sales: 288.85508783441037, 39.29177644233104, 137.99408594238287
web_returns: 11.326140539720654, 1.4913811912076063, 26.902176748377048
web_sales: 109.34904180746526, 14.644841629273369, 88.06920181680533
web_site: 8.863396942615509e-06, 0.0006161860525274618, 18.454064330505563
Function: 139.553167711129, 11.92641750634869, 34.1281795501709, 83.18530101560587, 9.819810493729909, 0.4338802544069318, 0.05957889086667598
hiya: 0b111000111001100111111110, 139.553167711129
catalog_page: 0.0006659524515271187, 0.005071471297417931, 17.491715707135526
catalog_returns: 23.366260116919875, 3.0597429426535783, 24.40940997343612
catalog_sales: 217.0907397372648, 29.364641800985986, 77.35868773228341
customer: 0.6484093563631177, 0.09154496772686115, 41.89769033953071
customer_address: 0.18544994108378887, 0.03126644749519241, 35.83323806966944
customer_demographics: 0.012168197892606258, 0.007096437365565203, 22.504524384448175
date_dim: 0.0019952356815338135, 0.005568109106749835, 176.84329379485865
household_demographics: 3.512948751449585e-05, 0.00438972330555051, 10.817319447819145
item: 0.005464168265461922, 0.006179062828753916, 126.99593776531086
promotion: 2.6027671992778778e-05, 0.004807677659719549, 15.922708822443358
store: 2.3781321942806244e-05, 0.005282365646500851, 78.28460713677829
store_returns: 36.877127600833774, 4.82530049889483, 30.927327144324803
store_sales: 288.85508783441037, 39.29177644233104, 137.99408594238287
web_returns: 11.326140539720654, 1.4913811912076063, 26.902176748377048
web_sales: 109.34904180746526, 14.644841629273369, 88.06920181680533
web_site: 8.863396942615509e-06, 0.0006161860525274618, 18.454064330505563
catalog_page: 0.0006659524515271187, 0.005071462702426545, 17.491715715730518
catalog_returns: 23.366260116919875, 3.059441370365745, 24.40971154572395
catalog_sales: 217.0907397372648, 29.36183995975327, 77.36148957351614
customer: 0.6484093563631177, 0.09153659915216958, 33.71773505612922
customer_address: 0.18544994108378887, 0.03126405402003929, 28.929629994793544
customer_demographics: 0.012168197892606258, 0.007096280318983554, 19.86277902234625
date_dim: 0.0019952356815338135, 0.005568083355611817, 166.02158464948513
item: 0.005464168265461922, 0.006178992306483058, 126.99593783583312
promotion: 2.6027671992778778e-05, 0.004807677323798243, 15.92270882277928
store: 2.3781321942806244e-05, 0.005282365339571645, 67.46289796596052
store_returns: 36.877127600833774, 4.824824551110133, 30.9278030921095
store_sales: 288.85508783441037, 39.28804838789466, 127.17610482569452
web_returns: 11.326140539720654, 1.4912350124824791, 26.902322927102173
web_sales: 109.34904180746526, 14.643430336214692, 88.07061310986401
web_site: 8.863396942615509e-06, 0.0006161859381336786, 18.454064330619957
Function: 150.36161121303485, 11.485929182966549, 45.390377044677734, 83.1852967664016, 9.815435011161167, 0.4250043199963111, 0.05956888783148826
hiya: 0b111000111001100011111110, 150.36161121303485
catalog_page: 0.0006659524515271187, 0.005071462702426545, 17.491715715730518
catalog_returns: 23.366260116919875, 3.059441370365745, 24.40971154572395
catalog_sales: 217.0907397372648, 29.36183995975327, 77.36148957351614
customer: 0.6484093563631177, 0.09153659915216958, 33.71773505612922
customer_address: 0.18544994108378887, 0.03126405402003929, 28.929629994793544
customer_demographics: 0.012168197892606258, 0.007096280318983554, 19.86277902234625
date_dim: 0.0019952356815338135, 0.005568083355611817, 166.02158464948513
item: 0.005464168265461922, 0.006178992306483058, 126.99593783583312
promotion: 2.6027671992778778e-05, 0.004807677323798243, 15.92270882277928
store: 2.3781321942806244e-05, 0.005282365339571645, 67.46289796596052
store_returns: 36.877127600833774, 4.824824551110133, 30.9278030921095
store_sales: 288.85508783441037, 39.28804838789466, 127.17610482569452
web_returns: 11.326140539720654, 1.4912350124824791, 26.902322927102173
web_sales: 109.34904180746526, 14.643430336214692, 88.07061310986401
web_site: 8.863396942615509e-06, 0.0006161859381336786, 18.454064330619957
catalog_page: 0.0006659524515271187, 0.00507145498333786, 7.406612436172779
catalog_returns: 23.366260116919875, 3.0591705308580877, 14.32487909795478
catalog_sales: 217.0907397372648, 29.359323649964143, 66.16991943272093
customer: 0.6484093563631177, 0.09152908340639088, 31.09644698692415
customer_address: 0.18544994108378887, 0.03126190446035422, 26.308336559402385
customer_demographics: 0.012168197892606258, 0.0070961392767838255, 16.64166153551304
date_dim: 0.0019952356815338135, 0.005568060228733705, 150.09406817250894
item: 0.005464168265461922, 0.006178928971031198, 111.06842139906553
store: 2.3781321942806244e-05, 0.005282365063921135, 54.75649909400851
store_returns: 36.877127600833774, 4.824397106451328, 20.843127249491477
store_sales: 288.85508783441037, 39.28470025390223, 112.36091962289137
web_returns: 11.326140539720654, 1.4911037306122916, 16.81735092169554
web_sales: 109.34904180746526, 14.642162865917873, 77.98677729288401
web_site: 8.863396942615509e-06, 0.0006161858353975945, 8.368961043445868
Function: 166.27634862984846, 11.09119531685869, 61.71262741088867, 83.18529361813778, 9.810640475491681, 0.41703292288893823, 0.0595588855826974
hiya: 0b111000111000100011111110, 166.27634862984846
catalog_page: 0.0006659524515271187, 0.00507145498333786, 7.406612436172779
catalog_returns: 23.366260116919875, 3.0591705308580877, 14.32487909795478
catalog_sales: 217.0907397372648, 29.359323649964143, 66.16991943272093
customer: 0.6484093563631177, 0.09152908340639088, 31.09644698692415
customer_address: 0.18544994108378887, 0.03126190446035422, 26.308336559402385
customer_demographics: 0.012168197892606258, 0.0070961392767838255, 16.64166153551304
date_dim: 0.0019952356815338135, 0.005568060228733705, 150.09406817250894
item: 0.005464168265461922, 0.006178928971031198, 111.06842139906553
store: 2.3781321942806244e-05, 0.005282365063921135, 54.75649909400851
store_returns: 36.877127600833774, 4.824397106451328, 20.843127249491477
store_sales: 288.85508783441037, 39.28470025390223, 112.36091962289137
web_returns: 11.326140539720654, 1.4911037306122916, 16.81735092169554
web_sales: 109.34904180746526, 14.642162865917873, 77.98677729288401
web_site: 8.863396942615509e-06, 0.0006161858353975945, 8.368961043445868
catalog_returns: 23.366260116919875, 3.059072050961493, 6.913293686695258
catalog_sales: 217.0907397372648, 29.35840869508929, 58.75915049643966
customer: 0.6484093563631177, 0.09152635060764404, 31.096449719722898
customer_address: 0.18544994108378887, 0.03126112285940781, 26.30833734100333
customer_demographics: 0.012168197892606258, 0.007096087992459153, 16.641661586797365
date_dim: 0.0019952356815338135, 0.005568051819574403, 142.68238428976196
item: 0.005464168265461922, 0.006178905941640826, 111.06842142209491
store: 2.3781321942806244e-05, 0.0052823649636919105, 47.344815202952624
store_returns: 36.877127600833774, 4.824241683388558, 13.431598781398133
store_sales: 288.85508783441037, 39.28348283960322, 104.95045314603428
web_returns: 11.326140539720654, 1.4910559952389972, 9.405714765912716
web_sales: 109.34904180746526, 14.641702001308985, 70.57555426633678
web_site: 8.863396942615509e-06, 0.0006161857980417485, 0.9572771523271076
Function: 173.68006195844123, 10.950903957770665, 69.26460266113281, 83.18521306563918, 9.805659396174748, 0.41413404967944106, 0.05954882804440558
hiya: 0b111000111000100011111100, 173.68006195844123
catalog_returns: 23.366260116919875, 3.059072050961493, 6.913293686695258
catalog_sales: 217.0907397372648, 29.35840869508929, 58.75915049643966
customer: 0.6484093563631177, 0.09152635060764404, 31.096449719722898
customer_address: 0.18544994108378887, 0.03126112285940781, 26.30833734100333
customer_demographics: 0.012168197892606258, 0.007096087992459153, 16.641661586797365
date_dim: 0.0019952356815338135, 0.005568051819574403, 142.68238428976196
item: 0.005464168265461922, 0.006178905941640826, 111.06842142209491
store: 2.3781321942806244e-05, 0.0052823649636919105, 47.344815202952624
store_returns: 36.877127600833774, 4.824241683388558, 13.431598781398133
store_sales: 288.85508783441037, 39.28348283960322, 104.95045314603428
web_returns: 11.326140539720654, 1.4910559952389972, 9.405714765912716
web_sales: 109.34904180746526, 14.641702001308985, 70.57555426633678
web_site: 8.863396942615509e-06, 0.0006161857980417485, 0.9572771523271076
catalog_returns: 23.366260116919875, 3.058967910135983, 6.913397827520768
catalog_sales: 217.0907397372648, 29.35744114577958, 58.76011804574938
customer: 0.6484093563631177, 0.09152346071917657, 31.096452609611365
customer_address: 0.18544994108378887, 0.031260296329622614, 25.350444829407966
customer_demographics: 0.012168197892606258, 0.007096033760152949, 16.64166164102967
date_dim: 0.0019952356815338135, 0.005568042927030628, 141.72449096052938
item: 0.005464168265461922, 0.006178881588449899, 111.0684214464481
store: 2.3781321942806244e-05, 0.0052823648577012, 47.344815203058616
store_returns: 36.877127600833774, 4.824077326127637, 13.431763138659054
store_sales: 288.85508783441037, 39.28219544456656, 104.95174054107093
web_returns: 11.326140539720654, 1.4910055158888684, 8.447871907137692
web_sales: 109.34904180746526, 14.641214644777579, 69.61814828474304
Function: 174.63427401995762, 10.797885926572084, 70.37551403045654, 83.18521199353745, 9.80505428008755, 0.4110689620254068, 0.059538827278608084
hiya: 0b11000111000100011111100, 174.63427401995762
catalog_returns: 23.366260116919875, 3.058967910135983, 6.913397827520768
catalog_sales: 217.0907397372648, 29.35744114577958, 58.76011804574938
customer: 0.6484093563631177, 0.09152346071917657, 31.096452609611365
customer_address: 0.18544994108378887, 0.031260296329622614, 25.350444829407966
customer_demographics: 0.012168197892606258, 0.007096033760152949, 16.64166164102967
date_dim: 0.0019952356815338135, 0.005568042927030628, 141.72449096052938
item: 0.005464168265461922, 0.006178881588449899, 111.0684214464481
store: 2.3781321942806244e-05, 0.0052823648577012, 47.344815203058616
store_returns: 36.877127600833774, 4.824077326127637, 13.431763138659054
store_sales: 288.85508783441037, 39.28219544456656, 104.95174054107093
web_returns: 11.326140539720654, 1.4910055158888684, 8.447871907137692
web_sales: 109.34904180746526, 14.641214644777579, 69.61814828474304
catalog_sales: 217.0907397372648, 29.347854709909708, 48.97817959387983
customer: 0.6484093563631177, 0.09149482783175023, 31.01459874970499
customer_address: 0.18544994108378887, 0.03125210710897957, 25.26857052583481
customer_demographics: 0.012168197892606258, 0.007095496428855951, 16.641662178360967
date_dim: 0.0019952356815338135, 0.005567954820099262, 131.75212531097958
item: 0.005464168265461922, 0.006178640298108715, 106.50388426345621
store: 2.3781321942806244e-05, 0.005282363807549923, 47.34481520410876
store_returns: 36.877127600833774, 4.822448881638304, 3.5429083382854296
store_sales: 288.85508783441037, 39.26943999134657, 95.17297110655151
web_returns: 11.326140539720654, 1.490505368715071, -1.4421111905514632
web_sales: 109.34904180746526, 14.63638593776784, 59.83145210401335
catalog_sales: 217.0907397372648, 29.34702489790824, 48.9790094058813
customer: 0.6484093563631177, 0.09149234933881024, 30.966207050034324
customer_address: 0.18544994108378887, 0.03125139824140204, 25.22017705653878
customer_demographics: 0.012168197892606258, 0.007095449916892062, 16.64166222487293
date_dim: 0.0019952356815338135, 0.00556794719347034, 131.70373114044259
item: 0.005464168265461922, 0.006178619411762249, 106.50388428434256
store: 2.3781321942806244e-05, 0.00528236371664772, 47.34481520419967
store_returns: 36.877127600833774, 4.822307921765489, 3.5430492981582447
store_sales: 288.85508783441037, 39.268335865860344, 95.17407523203775
web_sales: 109.34904180746526, 14.635967959795353, 59.83187008198584
Function: 180.04048075750546, 9.507171995956897, 81.68698787689209, 78.98887703077797, 9.44192301145951, 0.35899943855712096, 0.05652140386187434
hiya: 0b10000111000100011111000, 180.04048075750546
catalog_sales: 217.0907397372648, 29.34702489790824, 48.9790094058813
customer: 0.6484093563631177, 0.09149234933881024, 30.966207050034324
customer_address: 0.18544994108378887, 0.03125139824140204, 25.22017705653878
customer_demographics: 0.012168197892606258, 0.007095449916892062, 16.64166222487293
date_dim: 0.0019952356815338135, 0.00556794719347034, 131.70373114044259
item: 0.005464168265461922, 0.006178619411762249, 106.50388428434256
store: 2.3781321942806244e-05, 0.00528236371664772, 47.34481520419967
store_returns: 36.877127600833774, 4.822307921765489, 3.5430492981582447
store_sales: 288.85508783441037, 39.268335865860344, 95.17407523203775
web_sales: 109.34904180746526, 14.635967959795353, 59.83187008198584
catalog_sales: 217.0907397372648, 29.338296815980062, 44.184931541123206
customer: 0.6484093563631177, 0.09146628019375053, 28.40797210850236
customer_address: 0.18544994108378887, 0.031243942270312186, 22.84920021183408
customer_demographics: 0.012168197892606258, 0.00709496069736914, 16.641662714092455
date_dim: 0.0019952356815338135, 0.0055678669754909114, 125.7093583014126
item: 0.005464168265461922, 0.006178399726167423, 99.33009425666609
store: 2.3781321942806244e-05, 0.005282362760525287, 38.97945798523205
store_sales: 288.85508783441037, 39.25672251526307, 87.00760807271251
web_sales: 109.34904180746526, 14.63157160739074, 59.83626643439045
Function: 183.52341737492083, 8.494949526854752, 91.06456756591797, 74.52828113806045, 9.068339711169005, 0.31395421288146863, 0.05332522003716231
hiya: 0b10000101000100011111000, 183.52341737492083
catalog_sales: 217.0907397372648, 29.338296815980062, 44.184931541123206
customer: 0.6484093563631177, 0.09146628019375053, 28.40797210850236
customer_address: 0.18544994108378887, 0.031243942270312186, 22.84920021183408
customer_demographics: 0.012168197892606258, 0.00709496069736914, 16.641662714092455
date_dim: 0.0019952356815338135, 0.0055678669754909114, 125.7093583014126
item: 0.005464168265461922, 0.006178399726167423, 99.33009425666609
store: 2.3781321942806244e-05, 0.005282362760525287, 38.97945798523205
store_sales: 288.85508783441037, 39.25672251526307, 87.00760807271251
web_sales: 109.34904180746526, 14.63157160739074, 59.83626643439045
catalog_sales: 217.0907397372648, 29.333675541537126, 35.59463296394912
customer: 0.6484093563631177, 0.0914524773130254, 19.81306605976607
customer_address: 0.18544994108378887, 0.031239994542858623, 12.579427699713845
date_dim: 0.0019952356815338135, 0.005567824502321978, 109.06060066909598
item: 0.005464168265461922, 0.006178283408810047, 86.36395104904578
store: 2.3781321942806244e-05, 0.005282362254285291, 30.925620162565483
store_sales: 288.85508783441037, 39.25057357202976, 76.9521614501515
web_sales: 109.34904180746526, 14.629243862168277, 57.830836436991405
Function: 200.15195255501996, 7.766821787521047, 108.4414529800415, 74.52680929312369, 9.06272218577345, 0.3008321398554059, 0.05331416870486439
hiya: 0b10000101000100010111000, 200.15195255501996
catalog_sales: 217.0907397372648, 29.333675541537126, 35.59463296394912
customer: 0.6484093563631177, 0.0914524773130254, 19.81306605976607
customer_address: 0.18544994108378887, 0.031239994542858623, 12.579427699713845
date_dim: 0.0019952356815338135, 0.005567824502321978, 109.06060066909598
item: 0.005464168265461922, 0.006178283408810047, 86.36395104904578
store: 2.3781321942806244e-05, 0.005282362254285291, 30.925620162565483
store_sales: 288.85508783441037, 39.25057357202976, 76.9521614501515
web_sales: 109.34904180746526, 14.629243862168277, 57.830836436991405
catalog_sales: 217.0907397372648, 29.331199619645005, 28.58025291036155
customer: 0.6484093563631177, 0.09144508219832627, 15.42242538924461
date_dim: 0.0019952356815338135, 0.005567801746640599, 96.44993299759496
item: 0.005464168265461922, 0.006178221089920504, 77.7530931529954
store: 2.3781321942806244e-05, 0.005282361983059094, 27.772316936762333
store_sales: 288.85508783441037, 39.24727917708466, 64.98947046814291
web_sales: 109.34904180746526, 14.62799673533633, 48.122089233135036
Function: 212.72417760774394, 7.382575426907143, 121.43636703491211, 74.50437757733343, 9.053852754063207, 0.2937166686980866, 0.053288145829954746
hiya: 0b10000101000100010011000, 212.72417760774394
catalog_sales: 217.0907397372648, 29.331199619645005, 28.58025291036155
customer: 0.6484093563631177, 0.09144508219832627, 15.42242538924461
date_dim: 0.0019952356815338135, 0.005567801746640599, 96.44993299759496
item: 0.005464168265461922, 0.006178221089920504, 77.7530931529954
store: 2.3781321942806244e-05, 0.005282361983059094, 27.772316936762333
store_sales: 288.85508783441037, 39.24727917708466, 64.98947046814291
web_sales: 109.34904180746526, 14.62799673533633, 48.122089233135036
catalog_sales: 217.0907397372648, 29.309009983383497, 17.79181165913335
date_dim: 0.0019952356815338135, 0.005567597806324753, 80.93606273009233
item: 0.005464168265461922, 0.006177662577353689, 74.47167173223244
store: 2.3781321942806244e-05, 0.005282359552283446, 27.77231693919311
store_sales: 288.85508783441037, 39.217754245071944, 49.5051249287127
web_sales: 109.34904180746526, 14.61681977096563, 32.61939572606279
Function: 228.08308930716012, 3.8726650755961733, 140.46014785766602, 74.42594706227001, 9.040592011775175, 0.2305151765911834, 0.05322212326156498
hiya: 0b10000101000100010001000, 228.08308930716012
catalog_sales: 217.0907397372648, 29.309009983383497, 17.79181165913335
date_dim: 0.0019952356815338135, 0.005567597806324753, 80.93606273009233
item: 0.005464168265461922, 0.006177662577353689, 74.47167173223244
store: 2.3781321942806244e-05, 0.005282359552283446, 27.77231693919311
store_sales: 288.85508783441037, 39.217754245071944, 49.5051249287127
web_sales: 109.34904180746526, 14.61681977096563, 32.61939572606279
date_dim: 0.0019952356815338135, 0.005567387737018095, 33.835241297644785
item: 0.005464168265461922, 0.006177087279884016, 29.059161331051655
store: 2.3781321942806244e-05, 0.0052823570484560245, 27.772316941696936
store_sales: 288.85508783441037, 39.187342004258696, 4.570019232204295
web_sales: 109.34904180746526, 14.605306906791837, -12.440419168430477
date_dim: 0.0019952356815338135, 0.0055672976586725416, 31.670353649361775
item: 0.005464168265461922, 0.0061768405906123015, 27.859771762236377
store: 2.3781321942806244e-05, 0.0052823559748073545, 27.772316942770587
store_sales: 288.85508783441037, 39.174301144646215, 3.617562168959971
Function: 233.06667658357125, 3.289999136039814, 190.3085231781006, 34.940335152922046, 4.438056939478318, 0.06476445089437632, 0.024997726136100296
hiya: 0b101000100010000000, 233.06667658357125
date_dim: 0.0019952356815338135, 0.0055672976586725416, 31.670353649361775
item: 0.005464168265461922, 0.0061768405906123015, 27.859771762236377
store: 2.3781321942806244e-05, 0.0052823559748073545, 27.772316942770587
store_sales: 288.85508783441037, 39.174301144646215, 3.617562168959971
date_dim: 0.0019952356815338135, 0.0055668512484660735, -0.0055668512484660735
date_dim had no query dependencies
item: 0.005464168265461922, 0.0061756180480795385, -0.0061756180480795385
item had no query dependencies
store: 2.3781321942806244e-05, 0.005282350654019972, -0.005282350654019972
store had no query dependencies
Function: 236.39038562774658, 0, 236.39038562774658, 0.0, 0, 0.0, 0
hiya: 0b0, 236.39038562774658
{106.66676124098758: [1, 2, 3, 4, 5, 6, 7, 8, 9, 10, 11, 12, 13, 14, 15, 16, 17, 18, 19, 20, 21, 22, 23], 107.78977627060014: [1, 2, 3, 4, 5, 6, 7, 8, 9, 11, 12, 13, 14, 15, 16, 17, 18, 19, 20, 21, 22, 23], 109.41049671653462: [1, 2, 3, 4, 5, 6, 7, 8, 9, 11, 12, 13, 15, 16, 17, 18, 19, 20, 21, 22, 23], 110.07801929870824: [1, 2, 3, 4, 5, 6, 7, 8, 9, 11, 12, 13, 15, 16, 17, 18, 20, 21, 22, 23], 116.75827870911996: [1, 2, 3, 4, 5, 6, 7, 8, 11, 12, 13, 15, 16, 17, 18, 20, 21, 22, 23], 124.08463779576402: [1, 2, 3, 4, 5, 6, 7, 8, 11, 12, 13, 15, 16, 17, 20, 21, 22, 23], 131.5474878614829: [1, 2, 3, 4, 5, 6, 7, 8, 11, 12, 13, 15, 16, 17, 21, 22, 23], 139.553167711129: [1, 2, 3, 4, 5, 6, 7, 8, 11, 12, 15, 16, 17, 21, 22, 23], 150.36161121303485: [1, 2, 3, 4, 5, 6, 7, 11, 12, 15, 16, 17, 21, 22, 23], 166.27634862984846: [1, 2, 3, 4, 5, 6, 7, 11, 15, 16, 17, 21, 22, 23], 173.68006195844123: [2, 3, 4, 5, 6, 7, 11, 15, 16, 17, 21, 22, 23], 174.63427401995762: [2, 3, 4, 5, 6, 7, 11, 15, 16, 17, 21, 22], 180.04048075750546: [3, 4, 5, 6, 7, 11, 15, 16, 17, 22], 183.52341737492083: [3, 4, 5, 6, 7, 11, 15, 17, 22], 200.15195255501996: [3, 4, 5, 7, 11, 15, 17, 22], 212.72417760774394: [3, 4, 7, 11, 15, 17, 22], 228.08308930716012: [3, 7, 11, 15, 17, 22], 233.06667658357125: [7, 11, 15, 17], 236.39038562774658: []}
[1, 2, 3, 4, 5, 6, 7, 8, 9, 10, 11, 12, 13, 14, 15, 16, 17, 18, 19, 20, 21, 22, 23]
{'69': 4325624, '70': 163968, '44': 133120, '06': 133296, '33': 4327592, '60': 4327592, '94': 14680224, '82': 134272, '85': 7348448, '11': 4325520, '42': 133248, '90': 5505280, '72': 531916, '76': 4327560, '03': 133248, '18': 2296, '77': 7569548, '58': 4327560, '09': 139264, '68': 164272, '38': 4325528, '45': 4196528, '95': 14680224, '67': 166016, '52': 133248, '50': 229504, '47': 166016, '15': 184, '01': 98448, '89': 166016, '43': 163968, '98': 133248, '81': 180, '92': 4196480, '49': 6488204, '83': 2164868, '39': 527488, '40': 526476, '71': 4589704, '19': 166064, '32': 2184, '07': 137408, '28': 131072, '05': 14909582, '74': 4325520, '13': 164320, '08': 164016, '29': 231560, '36': 166016, '97': 131208, '25': 231560, '62': 13123712, '27': 166080, '64': 236540, '80': 14915726, '30': 2097328, '48': 164064, '61': 170160, '55': 133248, '34': 164240, '93': 204800, '87': 4325528, '96': 426240, '23': 4327576, '84': 66416, '73': 164240, '59': 163968, '04': 4325528, '24': 231472, '10': 4325624, '12': 4196480, '22': 527488, '86': 4196480, '88': 426240, '46': 164272, '56': 4327592, '51': 4325504, '75': 6490252, '66': 4997256, '37': 3208, '53': 166016, '31': 4325536, '78': 6488204, '02': 4194440, '79': 164240, '63': 166016, '54': 4360376, '65': 166016, '35': 4325624, '26': 6344, '14': 4327560, '20': 2184, '17': 231560, '21': 527488}
Best Cost: $106.66676124098758;
[1, 2, 3, 4, 5, 6, 7, 8, 9, 10, 11, 12, 13, 14, 15, 16, 17, 18, 19, 20, 21, 22, 23]
{}
{'69': 4325624, '70': 163968, '44': 133120, '06': 133296, '33': 4327592, '60': 4327592, '94': 14680224, '82': 134272, '85': 7348448, '11': 4325520, '42': 133248, '90': 5505280, '72': 531916, '76': 4327560, '03': 133248, '18': 2296, '77': 7569548, '58': 4327560, '09': 139264, '68': 164272, '38': 4325528, '45': 4196528, '95': 14680224, '67': 166016, '52': 133248, '50': 229504, '47': 166016, '15': 184, '01': 98448, '89': 166016, '43': 163968, '98': 133248, '81': 180, '92': 4196480, '49': 6488204, '83': 2164868, '39': 527488, '40': 526476, '71': 4589704, '19': 166064, '32': 2184, '07': 137408, '28': 131072, '05': 14909582, '74': 4325520, '13': 164320, '08': 164016, '29': 231560, '36': 166016, '97': 131208, '25': 231560, '62': 13123712, '27': 166080, '64': 236540, '80': 14915726, '30': 2097328, '48': 164064, '61': 170160, '55': 133248, '34': 164240, '93': 204800, '87': 4325528, '96': 426240, '23': 4327576, '84': 66416, '73': 164240, '59': 163968, '04': 4325528, '24': 231472, '10': 4325624, '12': 4196480, '22': 527488, '86': 4196480, '88': 426240, '46': 164272, '56': 4327592, '51': 4325504, '75': 6490252, '66': 4997256, '37': 3208, '53': 166016, '31': 4325536, '78': 6488204, '02': 4194440, '79': 164240, '63': 166016, '54': 4360376, '65': 166016, '35': 4325624, '26': 6344, '14': 4327560, '20': 2184, '17': 231560, '21': 527488}
{'69': 4325624, '70': 163968, '44': 133120, '06': 133296, '33': 4327592, '60': 4327592, '94': 14680224, '82': 134272, '85': 7348448, '11': 4325520, '42': 133248, '90': 5505280, '72': 531916, '76': 4327560, '03': 133248, '18': 2296, '77': 7569548, '58': 4327560, '09': 139264, '68': 164272, '38': 4325528, '45': 4196528, '95': 14680224, '67': 166016, '52': 133248, '50': 229504, '47': 166016, '15': 184, '01': 98448, '89': 166016, '43': 163968, '98': 133248, '81': 180, '92': 4196480, '49': 6488204, '83': 2164868, '39': 527488, '40': 526476, '71': 4589704, '19': 166064, '32': 2184, '07': 137408, '28': 131072, '05': 14909582, '74': 4325520, '13': 164320, '08': 164016, '29': 231560, '36': 166016, '97': 131208, '25': 231560, '62': 13123712, '27': 166080, '64': 236540, '80': 14915726, '30': 2097328, '48': 164064, '61': 170160, '55': 133248, '34': 164240, '93': 204800, '87': 4325528, '96': 426240, '23': 4327576, '84': 66416, '73': 164240, '59': 163968, '04': 4325528, '24': 231472, '10': 4325624, '12': 4196480, '22': 527488, '86': 4196480, '88': 426240, '46': 164272, '56': 4327592, '51': 4325504, '75': 6490252, '66': 4997256, '37': 3208, '53': 166016, '31': 4325536, '78': 6488204, '02': 4194440, '79': 164240, '63': 166016, '54': 4360376, '65': 166016, '35': 4325624, '26': 6344, '14': 4327560, '20': 2184, '17': 231560, '21': 527488}
[1, 2, 3, 4, 5, 6, 7, 8, 9, 10, 11, 12, 13, 14, 15, 16, 17, 18, 19, 20, 21, 22, 23]
23
Optimal Subset: 0b111111111111111111111110
Function: 106.66676124098758, 13.089716632858115, 4.76837158203125e-05, 83.21532790001824, 9.844255419167279, 0.4577432662913389, 0.0596703389367819
106.66676124098758
Real: 106.66676124098758, 13.089716632858115, 4.76837158203125e-05, 83.21532790001824, 9.844255419167279, 0.4577432662913389, 0.0596703389367819
Num Redshift Qs: 94; Num GCP Qs: 1
Redshift Qs: $13.089716632858115; GCP Qs: $4.76837158203125e-05; Movement Cost: $83.21532790001824
Load Cost: $9.844255419167279, Storage Cost: $0.4577432662913389, API Cost: $0.0596703389367819
Final cost: $106.66676124098758, BQ Baseline: $236.39038562774658, Diff: $129.723624386759, %: 54.87686144352757%
