Egress: $0.12/GB
Benchmark: tpcds
Data Path: parquet_2000/real_data_rs1
BigQuery Cost: $5/TB; DuckDB Cost: $1.48/hr; Redshift Cost: $1.086/hr
Use Duck: False
Excluded Table: reason
Excluded Query: None

Starting analysis without using DuckDB
Redshift Total: $14.84128836604158, Redshift-Calcite Total: $13.956121556802987, BigQuery Total: $230.7737159729004
Excluding table reason and any queries that depend on it
Total Keys: 96, Keys Considered: 95
-0.023679673860422988
call_center: 5.735084414482117e-06, 0.0053766894044248205, 3.1445420717547568
catalog_page: 0.0006659524515271187, 0.005071488984204324, 17.49171568944874
catalog_returns: 23.366260116919875, 3.0603635185679012, 40.66649341882465
catalog_sales: 217.0907397372648, 29.370407434152327, 98.8064959268896
customer: 0.6484093563631177, 0.091562188592638, 48.64407067140789
customer_address: 0.18544994108378887, 0.031271372792016694, 43.649548909226965
customer_demographics: 0.012168197892606258, 0.0070967605362606875, 30.056875766515102
date_dim: 0.0019952356815338135, 0.005568162097480964, 198.851629193045
household_demographics: 3.512948751449585e-05, 0.004389724238541658, 23.960420696933436
income_band: 6.137415766716003e-07, 0.0034144215908287665, 6.689584641494489
inventory: 0.24701470416039228, 0.03768722143713846, 1.1247064698991753
item: 0.005464168265461922, 0.006179207949590558, 138.76037356513464
promotion: 2.6027671992778778e-05, 0.004807678350978922, 23.399639985340063
ship_mode: 1.5795230865478516e-06, 0.004709164321354925, 2.1263962938074945
store: 2.3781321942806244e-05, 0.00528236627810024, 97.22786851276206
store_returns: 36.877127600833774, 4.826279904972823, 44.60882414766659
store_sales: 288.85508783441037, 39.29944803844196, 158.87893899452115
time_dim: 0.0012104213237762451, 0.0019428096437478898, 8.705261078371205
warehouse: 2.3292377591133118e-06, 0.00044575837633126344, 3.6467236490660793
web_page: 1.0661780834197998e-05, 0.0015543754957520238, 7.295865496460754
web_returns: 11.326140539720654, 1.491681998011349, 33.89135328790776
web_sales: 109.34904180746526, 14.647745790284178, 98.73130735939333
web_site: 8.863396942615509e-06, 0.0006161862879271635, 18.70519981870718
{}
{}
STARTING PHASE 2: 0b111111111101111111111111
----
[0, 1, 2, 3, 4, 5, 6, 7, 8, 9, 10, 11, 12, 14, 15, 16, 17, 18, 19, 20, 21, 22, 23]
Function: 106.3890242177404, 12.816772669978937, 4.76837158203125e-05, 83.21532844344775, 9.844896749173003, 0.4523083320999508, 0.05967033932495119
-0.023679673860422988
call_center: 5.735084414482117e-06, 0.0053766894044248205, 3.1445420717547568
catalog_page: 0.0006659524515271187, 0.005071488984204324, 17.49171568944874
catalog_returns: 23.366260116919875, 3.0603635185679012, 40.66649341882465
catalog_sales: 217.0907397372648, 29.370407434152327, 98.8064959268896
customer: 0.6484093563631177, 0.091562188592638, 48.64407067140789
customer_address: 0.18544994108378887, 0.031271372792016694, 43.649548909226965
customer_demographics: 0.012168197892606258, 0.0070967605362606875, 30.056875766515102
date_dim: 0.0019952356815338135, 0.005568162097480964, 198.851629193045
household_demographics: 3.512948751449585e-05, 0.004389724238541658, 23.960420696933436
income_band: 6.137415766716003e-07, 0.0034144215908287665, 6.689584641494489
inventory: 0.24701470416039228, 0.03768722143713846, 1.1247064698991753
item: 0.005464168265461922, 0.006179207949590558, 138.76037356513464
promotion: 2.6027671992778778e-05, 0.004807678350978922, 23.399639985340063
ship_mode: 1.5795230865478516e-06, 0.004709164321354925, 2.1263962938074945
store: 2.3781321942806244e-05, 0.00528236627810024, 97.22786851276206
store_returns: 36.877127600833774, 4.826279904972823, 44.60882414766659
store_sales: 288.85508783441037, 39.29944803844196, 158.87893899452115
time_dim: 0.0012104213237762451, 0.0019428096437478898, 8.705261078371205
warehouse: 2.3292377591133118e-06, 0.00044575837633126344, 3.6467236490660793
web_page: 1.0661780834197998e-05, 0.0015543754957520238, 7.295865496460754
web_returns: 11.326140539720654, 1.491681998011349, 33.89135328790776
web_sales: 109.34904180746526, 14.647745790284178, 98.73130735939333
web_site: 8.863396942615509e-06, 0.0006161862879271635, 18.70519981870718
call_center: 5.735084414482117e-06, 0.005376689392309803, 3.1445420717668715
catalog_page: 0.0006659524515271187, 0.005071487577420229, 17.49171569085552
catalog_returns: 23.366260116919875, 3.0603141587629974, 39.860588626134884
catalog_sales: 217.0907397372648, 29.369948843153757, 97.8947884718616
customer: 0.6484093563631177, 0.09156081886726612, 48.64407204113326
customer_address: 0.18544994108378887, 0.031270981040282975, 43.6495493009787
customer_demographics: 0.012168197892606258, 0.007096734831681906, 29.250921639725014
date_dim: 0.0019952356815338135, 0.005568157882666806, 197.68923550592348
household_demographics: 3.512948751449585e-05, 0.00438972416433275, 23.154466544512978
income_band: 6.137415766716003e-07, 0.0034144215895322745, 6.689584641495785
item: 0.005464168265461922, 0.0061791964068670675, 137.59797988534106
promotion: 2.6027671992778778e-05, 0.0048076782959970464, 22.593685832900377
ship_mode: 1.5795230865478516e-06, 0.004709164318018279, 2.126396293810831
store: 2.3781321942806244e-05, 0.005282366227863642, 97.2278685128123
store_returns: 36.877127600833774, 4.826202004281199, 44.60890204835821
store_sales: 288.85508783441037, 39.298837849618, 158.67145252524284
time_dim: 0.0012104213237762451, 0.0019428070868063813, 8.705261080928146
warehouse: 2.3292377591133118e-06, 0.0004457583714108902, 2.7986385093688386
web_page: 1.0661780834197998e-05, 0.0015543754732296597, 7.295865496483277
web_returns: 11.326140539720654, 1.4916580722275667, 33.89137721369155
web_sales: 109.34904180746526, 14.647514797076749, 98.73153835260075
web_site: 8.863396942615509e-06, 0.0006161862692037759, 18.7051998187259
Function: 107.51204119875919, 12.751811357958315, 1.227402687072754, 83.18544995652367, 9.837045035738544, 0.4506931642113998, 0.05963899725451172
hiya: 0b111111111101101111111111, 107.51204119875919
call_center: 5.735084414482117e-06, 0.005376689392309803, 3.1445420717668715
catalog_page: 0.0006659524515271187, 0.005071487577420229, 17.49171569085552
catalog_returns: 23.366260116919875, 3.0603141587629974, 39.860588626134884
catalog_sales: 217.0907397372648, 29.369948843153757, 97.8947884718616
customer: 0.6484093563631177, 0.09156081886726612, 48.64407204113326
customer_address: 0.18544994108378887, 0.031270981040282975, 43.6495493009787
customer_demographics: 0.012168197892606258, 0.007096734831681906, 29.250921639725014
date_dim: 0.0019952356815338135, 0.005568157882666806, 197.68923550592348
household_demographics: 3.512948751449585e-05, 0.00438972416433275, 23.154466544512978
income_band: 6.137415766716003e-07, 0.0034144215895322745, 6.689584641495785
item: 0.005464168265461922, 0.0061791964068670675, 137.59797988534106
promotion: 2.6027671992778778e-05, 0.0048076782959970464, 22.593685832900377
ship_mode: 1.5795230865478516e-06, 0.004709164318018279, 2.126396293810831
store: 2.3781321942806244e-05, 0.005282366227863642, 97.2278685128123
store_returns: 36.877127600833774, 4.826202004281199, 44.60890204835821
store_sales: 288.85508783441037, 39.298837849618, 158.67145252524284
time_dim: 0.0012104213237762451, 0.0019428070868063813, 8.705261080928146
warehouse: 2.3292377591133118e-06, 0.0004457583714108902, 2.7986385093688386
web_page: 1.0661780834197998e-05, 0.0015543754732296597, 7.295865496483277
web_returns: 11.326140539720654, 1.4916580722275667, 33.89137721369155
web_sales: 109.34904180746526, 14.647514797076749, 98.73153835260075
web_site: 8.863396942615509e-06, 0.0006161862692037759, 18.7051998187259
call_center: 5.735084414482117e-06, 0.005376689381264081, 2.6398598317598676
catalog_page: 0.0006659524515271187, 0.005071486294801602, 17.49171569213814
catalog_returns: 23.366260116919875, 3.0602691555493107, 39.86063362934857
catalog_sales: 217.0907397372648, 29.369530728277823, 96.01523661704573
customer: 0.6484093563631177, 0.09155957003648726, 48.64407328996404
customer_address: 0.18544994108378887, 0.03127062386530995, 43.649549658153674
customer_demographics: 0.012168197892606258, 0.007096711395838634, 29.250921663160856
date_dim: 0.0019952356815338135, 0.005568154039860242, 195.55813005163745
household_demographics: 3.512948751449585e-05, 0.004389724096673662, 23.15446654458064
income_band: 6.137415766716003e-07, 0.0034144215883502135, 6.6895846414969675
item: 0.005464168265461922, 0.006179185882926529, 137.597979895865
promotion: 2.6027671992778778e-05, 0.004807678245867977, 22.593685832950506
store: 2.3781321942806244e-05, 0.005282366182061023, 97.2278685128581
store_returns: 36.877127600833774, 4.826130979254289, 44.60897307338512
store_sales: 288.85508783441037, 39.29828151723202, 158.6720088576288
time_dim: 0.0012104213237762451, 0.0019428047555454428, 7.329973353585624
warehouse: 2.3292377591133118e-06, 0.0004457583669247985, 0.6675330512444752
web_page: 1.0661780834197998e-05, 0.0015543754526951624, 7.295865496503811
web_returns: 11.326140539720654, 1.4916362581794305, 33.89139902773968
web_sales: 109.34904180746526, 14.647304191773621, 97.10532573979307
web_site: 8.863396942615509e-06, 0.0006161862521329505, 18.454064330305957
Function: 109.63711294856242, 12.69012392363111, 3.4201955795288086, 83.1854497654672, 9.8323460621349, 0.44936862068235933, 0.059628997118040934
hiya: 0b111111111001101111111111, 109.63711294856242
call_center: 5.735084414482117e-06, 0.005376689381264081, 2.6398598317598676
catalog_page: 0.0006659524515271187, 0.005071486294801602, 17.49171569213814
catalog_returns: 23.366260116919875, 3.0602691555493107, 39.86063362934857
catalog_sales: 217.0907397372648, 29.369530728277823, 96.01523661704573
customer: 0.6484093563631177, 0.09155957003648726, 48.64407328996404
customer_address: 0.18544994108378887, 0.03127062386530995, 43.649549658153674
customer_demographics: 0.012168197892606258, 0.007096711395838634, 29.250921663160856
date_dim: 0.0019952356815338135, 0.005568154039860242, 195.55813005163745
household_demographics: 3.512948751449585e-05, 0.004389724096673662, 23.15446654458064
income_band: 6.137415766716003e-07, 0.0034144215883502135, 6.6895846414969675
item: 0.005464168265461922, 0.006179185882926529, 137.597979895865
promotion: 2.6027671992778778e-05, 0.004807678245867977, 22.593685832950506
store: 2.3781321942806244e-05, 0.005282366182061023, 97.2278685128581
store_returns: 36.877127600833774, 4.826130979254289, 44.60897307338512
store_sales: 288.85508783441037, 39.29828151723202, 158.6720088576288
time_dim: 0.0012104213237762451, 0.0019428047555454428, 7.329973353585624
warehouse: 2.3292377591133118e-06, 0.0004457583669247985, 0.6675330512444752
web_page: 1.0661780834197998e-05, 0.0015543754526951624, 7.295865496503811
web_returns: 11.326140539720654, 1.4916362581794305, 33.89139902773968
web_sales: 109.34904180746526, 14.647304191773621, 97.10532573979307
web_site: 8.863396942615509e-06, 0.0006161862521329505, 18.454064330305957
call_center: 5.735084414482117e-06, 0.005376689381176795, 2.639859831759955
catalog_page: 0.0006659524515271187, 0.005071486284666074, 17.491715692148276
catalog_returns: 23.366260116919875, 3.060268799924251, 39.19265517536223
catalog_sales: 217.0907397372648, 29.36952742424428, 95.34726111146786
customer: 0.6484093563631177, 0.09155956016795824, 48.64407329983257
customer_address: 0.18544994108378887, 0.03127062104283661, 43.64954966097615
customer_demographics: 0.012168197892606258, 0.007096711210643567, 29.250921663346052
date_dim: 0.0019952356815338135, 0.00556815400949356, 194.8901512420564
household_demographics: 3.512948751449585e-05, 0.004389724096139006, 23.154466544581172
income_band: 6.137415766716003e-07, 0.003414421588340873, 6.689584641496977
item: 0.005464168265461922, 0.00617918579976409, 136.93000108633674
promotion: 2.6027671992778778e-05, 0.004807678245471846, 22.5936858329509
store: 2.3781321942806244e-05, 0.005282366181699081, 97.22786851285845
store_returns: 36.877127600833774, 4.8261304179992734, 44.60897363464014
store_sales: 288.85508783441037, 39.29827712097403, 158.6720132538868
time_dim: 0.0012104213237762451, 0.0019428047371233183, 7.3299733536040454
web_page: 1.0661780834197998e-05, 0.0015543754525328944, 7.295865496503974
web_returns: 11.326140539720654, 1.4916360858001372, 33.891399200118975
web_sales: 109.34904180746526, 14.647302527525285, 97.10532740404142
web_site: 8.863396942615509e-06, 0.0006161862519980532, 18.454064330306093
Function: 110.30463553075548, 12.690034801113605, 4.088263511657715, 83.18544948372647, 9.831910584999719, 0.4493581523411816, 0.05961899691679479
hiya: 0b111101111001101111111111, 110.30463553075548
call_center: 5.735084414482117e-06, 0.005376689381176795, 2.639859831759955
catalog_page: 0.0006659524515271187, 0.005071486284666074, 17.491715692148276
catalog_returns: 23.366260116919875, 3.060268799924251, 39.19265517536223
catalog_sales: 217.0907397372648, 29.36952742424428, 95.34726111146786
customer: 0.6484093563631177, 0.09155956016795824, 48.64407329983257
customer_address: 0.18544994108378887, 0.03127062104283661, 43.64954966097615
customer_demographics: 0.012168197892606258, 0.007096711210643567, 29.250921663346052
date_dim: 0.0019952356815338135, 0.00556815400949356, 194.8901512420564
household_demographics: 3.512948751449585e-05, 0.004389724096139006, 23.154466544581172
income_band: 6.137415766716003e-07, 0.003414421588340873, 6.689584641496977
item: 0.005464168265461922, 0.00617918579976409, 136.93000108633674
promotion: 2.6027671992778778e-05, 0.004807678245471846, 22.5936858329509
store: 2.3781321942806244e-05, 0.005282366181699081, 97.22786851285845
store_returns: 36.877127600833774, 4.8261304179992734, 44.60897363464014
store_sales: 288.85508783441037, 39.29827712097403, 158.6720132538868
time_dim: 0.0012104213237762451, 0.0019428047371233183, 7.3299733536040454
web_page: 1.0661780834197998e-05, 0.0015543754525328944, 7.295865496503974
web_returns: 11.326140539720654, 1.4916360858001372, 33.891399200118975
web_sales: 109.34904180746526, 14.647302527525285, 97.10532740404142
web_site: 8.863396942615509e-06, 0.0006161862519980532, 18.454064330306093
catalog_page: 0.0006659524515271187, 0.005071485298993511, 17.491715693133948
catalog_returns: 23.366260116919875, 3.0602342156510973, 38.06937305786635
catalog_sales: 217.0907397372648, 29.36920610943375, 92.7557443947949
customer: 0.6484093563631177, 0.09155860046083422, 48.59067576988205
customer_address: 0.18544994108378887, 0.03127034655939824, 42.52623323369055
customer_demographics: 0.012168197892606258, 0.007096693200560756, 29.197523191698494
date_dim: 0.0019952356815338135, 0.005568151056356195, 192.2449147238684
household_demographics: 3.512948751449585e-05, 0.0043897240441440446, 23.101068054975528
income_band: 6.137415766716003e-07, 0.003414421587432477, 6.689584641497885
item: 0.005464168265461922, 0.006179177712278678, 135.40808127505213
promotion: 2.6027671992778778e-05, 0.0048076782069484325, 22.593685832989426
store: 2.3781321942806244e-05, 0.005282366146500477, 97.22786851289365
store_returns: 36.877127600833774, 4.826075836365426, 44.609028216273984
store_sales: 288.85508783441037, 39.29784958814637, 158.67244078671447
time_dim: 0.0012104213237762451, 0.0019428029455853708, 7.329973355395584
web_page: 1.0661780834197998e-05, 0.0015543754367524512, 7.295865496519754
web_returns: 11.326140539720654, 1.4916193220417846, 33.89141596387733
web_sales: 109.34904180746526, 14.647140680609603, 97.1054892509571
web_site: 8.863396942615509e-06, 0.0006161862388793881, 18.454064330319213
Function: 112.9434774666261, 12.64438387108286, 6.77915096282959, 83.18544879002023, 9.826544588071503, 0.44834025820063755, 0.0596089964212835
hiya: 0b111101111001101111111110, 112.9434774666261
catalog_page: 0.0006659524515271187, 0.005071485298993511, 17.491715693133948
catalog_returns: 23.366260116919875, 3.0602342156510973, 38.06937305786635
catalog_sales: 217.0907397372648, 29.36920610943375, 92.7557443947949
customer: 0.6484093563631177, 0.09155860046083422, 48.59067576988205
customer_address: 0.18544994108378887, 0.03127034655939824, 42.52623323369055
customer_demographics: 0.012168197892606258, 0.007096693200560756, 29.197523191698494
date_dim: 0.0019952356815338135, 0.005568151056356195, 192.2449147238684
household_demographics: 3.512948751449585e-05, 0.0043897240441440446, 23.101068054975528
income_band: 6.137415766716003e-07, 0.003414421587432477, 6.689584641497885
item: 0.005464168265461922, 0.006179177712278678, 135.40808127505213
promotion: 2.6027671992778778e-05, 0.0048076782069484325, 22.593685832989426
store: 2.3781321942806244e-05, 0.005282366146500477, 97.22786851289365
store_returns: 36.877127600833774, 4.826075836365426, 44.609028216273984
store_sales: 288.85508783441037, 39.29784958814637, 158.67244078671447
time_dim: 0.0012104213237762451, 0.0019428029455853708, 7.329973355395584
web_page: 1.0661780834197998e-05, 0.0015543754367524512, 7.295865496519754
web_returns: 11.326140539720654, 1.4916193220417846, 33.89141596387733
web_sales: 109.34904180746526, 14.647140680609603, 97.1054892509571
web_site: 8.863396942615509e-06, 0.0006161862388793881, 18.454064330319213
catalog_page: 0.0006659524515271187, 0.0050714762689212265, 17.491715702164022
catalog_returns: 23.366260116919875, 3.059917377688574, 31.398712884735577
catalog_sales: 217.0907397372648, 29.36626243820366, 86.08771105493169
customer: 0.6484093563631177, 0.09154980826651973, 41.89768549899105
customer_address: 0.18544994108378887, 0.031267831925854445, 35.833236685238774
customer_demographics: 0.012168197892606258, 0.00709652820423663, 22.504524293609506
date_dim: 0.0019952356815338135, 0.005568124001688272, 185.57393773982977
household_demographics: 3.512948751449585e-05, 0.00438972356780101, 16.408068992366555
item: 0.005464168265461922, 0.006179103620150479, 128.73710433805095
promotion: 2.6027671992778778e-05, 0.004807677854022695, 15.922708822249055
store: 2.3781321942806244e-05, 0.005282365824034427, 90.55689150212282
store_returns: 36.877127600833774, 4.8255757959689625, 37.916529193585134
store_sales: 288.85508783441037, 39.29393281853772, 152.00538054522983
time_dim: 0.0012104213237762451, 0.0019427865327138157, 7.329973371808455
web_page: 1.0661780834197998e-05, 0.0015543752921825928, 7.295865496664324
web_returns: 11.326140539720654, 1.4914657437081575, 33.89156954221096
web_sales: 109.34904180746526, 14.645657947496268, 97.10697198407044
web_site: 8.863396942615509e-06, 0.0006161861186949591, 18.454064330439397
Function: 119.62373687706071, 12.180405280664761, 13.936128616333008, 83.18544871578307, 9.8231402405862, 0.4390150273254218, 0.059598996368256225
hiya: 0b111101111001100111111110, 119.62373687706071
catalog_page: 0.0006659524515271187, 0.0050714762689212265, 17.491715702164022
catalog_returns: 23.366260116919875, 3.059917377688574, 31.398712884735577
catalog_sales: 217.0907397372648, 29.36626243820366, 86.08771105493169
customer: 0.6484093563631177, 0.09154980826651973, 41.89768549899105
customer_address: 0.18544994108378887, 0.031267831925854445, 35.833236685238774
customer_demographics: 0.012168197892606258, 0.00709652820423663, 22.504524293609506
date_dim: 0.0019952356815338135, 0.005568124001688272, 185.57393773982977
household_demographics: 3.512948751449585e-05, 0.00438972356780101, 16.408068992366555
item: 0.005464168265461922, 0.006179103620150479, 128.73710433805095
promotion: 2.6027671992778778e-05, 0.004807677854022695, 15.922708822249055
store: 2.3781321942806244e-05, 0.005282365824034427, 90.55689150212282
store_returns: 36.877127600833774, 4.8255757959689625, 37.916529193585134
store_sales: 288.85508783441037, 39.29393281853772, 152.00538054522983
time_dim: 0.0012104213237762451, 0.0019427865327138157, 7.329973371808455
web_page: 1.0661780834197998e-05, 0.0015543752921825928, 7.295865496664324
web_returns: 11.326140539720654, 1.4914657437081575, 33.89156954221096
web_sales: 109.34904180746526, 14.645657947496268, 97.10697198407044
web_site: 8.863396942615509e-06, 0.0006161861186949591, 18.454064330439397
catalog_page: 0.0006659524515271187, 0.0050714746743132, 17.49171570375863
catalog_returns: 23.366260116919875, 3.059861427709189, 24.4092914883805
catalog_sales: 217.0907397372648, 29.365742619355792, 79.09875352744513
customer: 0.6484093563631177, 0.09154825566503623, 41.897687051592534
customer_address: 0.18544994108378887, 0.03126738787018064, 35.833237129294446
customer_demographics: 0.012168197892606258, 0.00709649906776302, 22.50452432274598
date_dim: 0.0019952356815338135, 0.0055681192241417285, 178.58446039827282
household_demographics: 3.512948751449585e-05, 0.00438972348368425, 16.100126466828623
item: 0.005464168265461922, 0.006179090536323616, 128.73710435113478
promotion: 2.6027671992778778e-05, 0.004807677791700026, 15.922708822311378
store: 2.3781321942806244e-05, 0.005282365767090592, 83.5674141558453
store_returns: 36.877127600833774, 4.825487494524113, 30.92714014869552
store_sales: 288.85508783441037, 39.29324116158754, 145.01659485584554
time_dim: 0.0012104213237762451, 0.0019427836343874352, 7.022030849084732
web_returns: 11.326140539720654, 1.4914386235217634, 26.90211931606289
web_sales: 109.34904180746526, 14.645396113698123, 89.80981394591205
web_site: 8.863396942615509e-06, 0.0006161860974717564, 18.45406433046062
Function: 126.91795563392813, 12.099413859591483, 21.314539909362793, 83.18544742615182, 9.821597152434984, 0.43736829093996893, 0.05958899544707836
hiya: 0b111001111001100111111110, 126.91795563392813
catalog_page: 0.0006659524515271187, 0.0050714746743132, 17.49171570375863
catalog_returns: 23.366260116919875, 3.059861427709189, 24.4092914883805
catalog_sales: 217.0907397372648, 29.365742619355792, 79.09875352744513
customer: 0.6484093563631177, 0.09154825566503623, 41.897687051592534
customer_address: 0.18544994108378887, 0.03126738787018064, 35.833237129294446
customer_demographics: 0.012168197892606258, 0.00709649906776302, 22.50452432274598
date_dim: 0.0019952356815338135, 0.0055681192241417285, 178.58446039827282
household_demographics: 3.512948751449585e-05, 0.00438972348368425, 16.100126466828623
item: 0.005464168265461922, 0.006179090536323616, 128.73710435113478
promotion: 2.6027671992778778e-05, 0.004807677791700026, 15.922708822311378
store: 2.3781321942806244e-05, 0.005282365767090592, 83.5674141558453
store_returns: 36.877127600833774, 4.825487494524113, 30.92714014869552
store_sales: 288.85508783441037, 39.29324116158754, 145.01659485584554
time_dim: 0.0012104213237762451, 0.0019427836343874352, 7.022030849084732
web_returns: 11.326140539720654, 1.4914386235217634, 26.90211931606289
web_sales: 109.34904180746526, 14.645396113698123, 89.80981394591205
web_site: 8.863396942615509e-06, 0.0006161860974717564, 18.45406433046062
catalog_page: 0.0006659524515271187, 0.005071471297417931, 17.491715707135526
catalog_returns: 23.366260116919875, 3.0597429426535783, 24.409409973436112
catalog_sales: 217.0907397372648, 29.364641800985986, 77.35868773228341
customer: 0.6484093563631177, 0.09154496772686115, 41.89769033953071
customer_address: 0.18544994108378887, 0.03126644749519241, 35.833238069669434
customer_demographics: 0.012168197892606258, 0.007096437365565203, 22.504524384448178
date_dim: 0.0019952356815338135, 0.005568109106749835, 176.84329379485874
household_demographics: 3.512948751449585e-05, 0.00438972330555051, 10.817319447819147
item: 0.005464168265461922, 0.006179062828753916, 126.99593776531086
promotion: 2.6027671992778778e-05, 0.004807677659719549, 15.922708822443358
store: 2.3781321942806244e-05, 0.005282365646500851, 78.28460713677829
store_returns: 36.877127600833774, 4.82530049889483, 30.927327144324803
store_sales: 288.85508783441037, 39.29177644233104, 137.99408594238292
web_returns: 11.326140539720654, 1.4913811912076063, 26.902176748377048
web_sales: 109.34904180746526, 14.644841629273369, 88.0692018168053
web_site: 8.863396942615509e-06, 0.0006161860525274618, 18.454064330505563
Function: 133.9364980562828, 11.926417506348688, 28.511509895324707, 83.18530101560587, 9.819810493729909, 0.4338802544069318, 0.05957889086667598
hiya: 0b111000111001100111111110, 133.9364980562828
catalog_page: 0.0006659524515271187, 0.005071471297417931, 17.491715707135526
catalog_returns: 23.366260116919875, 3.0597429426535783, 24.409409973436112
catalog_sales: 217.0907397372648, 29.364641800985986, 77.35868773228341
customer: 0.6484093563631177, 0.09154496772686115, 41.89769033953071
customer_address: 0.18544994108378887, 0.03126644749519241, 35.833238069669434
customer_demographics: 0.012168197892606258, 0.007096437365565203, 22.504524384448178
date_dim: 0.0019952356815338135, 0.005568109106749835, 176.84329379485874
household_demographics: 3.512948751449585e-05, 0.00438972330555051, 10.817319447819147
item: 0.005464168265461922, 0.006179062828753916, 126.99593776531086
promotion: 2.6027671992778778e-05, 0.004807677659719549, 15.922708822443358
store: 2.3781321942806244e-05, 0.005282365646500851, 78.28460713677829
store_returns: 36.877127600833774, 4.82530049889483, 30.927327144324803
store_sales: 288.85508783441037, 39.29177644233104, 137.99408594238292
web_returns: 11.326140539720654, 1.4913811912076063, 26.902176748377048
web_sales: 109.34904180746526, 14.644841629273369, 88.0692018168053
web_site: 8.863396942615509e-06, 0.0006161860525274618, 18.454064330505563
catalog_page: 0.0006659524515271187, 0.005071462702426545, 17.491715715730518
catalog_returns: 23.366260116919875, 3.059441370365745, 24.409711545723944
catalog_sales: 217.0907397372648, 29.36183995975327, 77.36148957351614
customer: 0.6484093563631177, 0.09153659915216958, 33.717735056129214
customer_address: 0.18544994108378887, 0.03126405402003929, 28.92962999479354
customer_demographics: 0.012168197892606258, 0.007096280318983554, 19.862779022346253
date_dim: 0.0019952356815338135, 0.005568083355611817, 166.02158464948522
item: 0.005464168265461922, 0.006178992306483058, 126.99593783583312
promotion: 2.6027671992778778e-05, 0.004807677323798243, 15.92270882277928
store: 2.3781321942806244e-05, 0.005282365339571645, 67.46289796596052
store_returns: 36.877127600833774, 4.824824551110133, 30.9278030921095
store_sales: 288.85508783441037, 39.28804838789466, 127.17610482569455
web_returns: 11.326140539720654, 1.4912350124824791, 26.902322927102173
web_sales: 109.34904180746526, 14.643430336214692, 88.07061310986398
web_site: 8.863396942615509e-06, 0.0006161859381336786, 18.454064330619957
Function: 144.74494155818863, 11.485929182966547, 39.77370738983154, 83.1852967664016, 9.815435011161167, 0.4250043199963111, 0.05956888783148826
hiya: 0b111000111001100011111110, 144.74494155818863
catalog_page: 0.0006659524515271187, 0.005071462702426545, 17.491715715730518
catalog_returns: 23.366260116919875, 3.059441370365745, 24.409711545723944
catalog_sales: 217.0907397372648, 29.36183995975327, 77.36148957351614
customer: 0.6484093563631177, 0.09153659915216958, 33.717735056129214
customer_address: 0.18544994108378887, 0.03126405402003929, 28.92962999479354
customer_demographics: 0.012168197892606258, 0.007096280318983554, 19.862779022346253
date_dim: 0.0019952356815338135, 0.005568083355611817, 166.02158464948522
item: 0.005464168265461922, 0.006178992306483058, 126.99593783583312
promotion: 2.6027671992778778e-05, 0.004807677323798243, 15.92270882277928
store: 2.3781321942806244e-05, 0.005282365339571645, 67.46289796596052
store_returns: 36.877127600833774, 4.824824551110133, 30.9278030921095
store_sales: 288.85508783441037, 39.28804838789466, 127.17610482569455
web_returns: 11.326140539720654, 1.4912350124824791, 26.902322927102173
web_sales: 109.34904180746526, 14.643430336214692, 88.07061310986398
web_site: 8.863396942615509e-06, 0.0006161859381336786, 18.454064330619957
catalog_page: 0.0006659524515271187, 0.00507145498333786, 7.406612436172779
catalog_returns: 23.366260116919875, 3.0591705308580877, 14.32487909795478
catalog_sales: 217.0907397372648, 29.359323649964143, 66.16991943272093
customer: 0.6484093563631177, 0.09152908340639088, 31.09644698692415
customer_address: 0.18544994108378887, 0.03126190446035422, 26.30833655940238
customer_demographics: 0.012168197892606258, 0.0070961392767838255, 16.64166153551304
date_dim: 0.0019952356815338135, 0.005568060228733705, 150.09406817250897
item: 0.005464168265461922, 0.006178928971031198, 111.0684213990655
store: 2.3781321942806244e-05, 0.005282365063921135, 54.75649909400851
store_returns: 36.877127600833774, 4.824397106451328, 20.843127249491474
store_sales: 288.85508783441037, 39.28470025390223, 112.36091962289143
web_returns: 11.326140539720654, 1.4911037306122916, 16.817350921695535
web_sales: 109.34904180746526, 14.642162865917873, 77.986777292884
web_site: 8.863396942615509e-06, 0.0006161858353975945, 8.368961043445868
Function: 160.65967897500227, 11.09119531685869, 56.09595775604248, 83.18529361813778, 9.810640475491681, 0.41703292288893823, 0.0595588855826974
hiya: 0b111000111000100011111110, 160.65967897500227
catalog_page: 0.0006659524515271187, 0.00507145498333786, 7.406612436172779
catalog_returns: 23.366260116919875, 3.0591705308580877, 14.32487909795478
catalog_sales: 217.0907397372648, 29.359323649964143, 66.16991943272093
customer: 0.6484093563631177, 0.09152908340639088, 31.09644698692415
customer_address: 0.18544994108378887, 0.03126190446035422, 26.30833655940238
customer_demographics: 0.012168197892606258, 0.0070961392767838255, 16.64166153551304
date_dim: 0.0019952356815338135, 0.005568060228733705, 150.09406817250897
item: 0.005464168265461922, 0.006178928971031198, 111.0684213990655
store: 2.3781321942806244e-05, 0.005282365063921135, 54.75649909400851
store_returns: 36.877127600833774, 4.824397106451328, 20.843127249491474
store_sales: 288.85508783441037, 39.28470025390223, 112.36091962289143
web_returns: 11.326140539720654, 1.4911037306122916, 16.817350921695535
web_sales: 109.34904180746526, 14.642162865917873, 77.986777292884
web_site: 8.863396942615509e-06, 0.0006161858353975945, 8.368961043445868
catalog_returns: 23.366260116919875, 3.059072050961493, 6.913293686695258
catalog_sales: 217.0907397372648, 29.35840869508929, 58.75915049643966
customer: 0.6484093563631177, 0.09152635060764404, 31.096449719722898
customer_address: 0.18544994108378887, 0.03126112285940781, 26.308337341003327
customer_demographics: 0.012168197892606258, 0.007096087992459153, 16.641661586797365
date_dim: 0.0019952356815338135, 0.005568051819574403, 142.68238428976198
item: 0.005464168265461922, 0.006178905941640826, 111.06842142209489
store: 2.3781321942806244e-05, 0.0052823649636919105, 47.344815202952624
store_returns: 36.877127600833774, 4.824241683388558, 13.43159878139813
store_sales: 288.85508783441037, 39.28348283960322, 104.9504531460343
web_returns: 11.326140539720654, 1.4910559952389972, 9.405714765912712
web_sales: 109.34904180746526, 14.641702001308985, 70.57555426633677
web_site: 8.863396942615509e-06, 0.0006161857980417485, 0.9572771523271076
Function: 168.06339230359504, 10.950903957770667, 63.64793300628662, 83.18521306563918, 9.805659396174748, 0.41413404967944106, 0.05954882804440558
hiya: 0b111000111000100011111100, 168.06339230359504
catalog_returns: 23.366260116919875, 3.059072050961493, 6.913293686695258
catalog_sales: 217.0907397372648, 29.35840869508929, 58.75915049643966
customer: 0.6484093563631177, 0.09152635060764404, 31.096449719722898
customer_address: 0.18544994108378887, 0.03126112285940781, 26.308337341003327
customer_demographics: 0.012168197892606258, 0.007096087992459153, 16.641661586797365
date_dim: 0.0019952356815338135, 0.005568051819574403, 142.68238428976198
item: 0.005464168265461922, 0.006178905941640826, 111.06842142209489
store: 2.3781321942806244e-05, 0.0052823649636919105, 47.344815202952624
store_returns: 36.877127600833774, 4.824241683388558, 13.43159878139813
store_sales: 288.85508783441037, 39.28348283960322, 104.9504531460343
web_returns: 11.326140539720654, 1.4910559952389972, 9.405714765912712
web_sales: 109.34904180746526, 14.641702001308985, 70.57555426633677
web_site: 8.863396942615509e-06, 0.0006161857980417485, 0.9572771523271076
catalog_returns: 23.366260116919875, 3.058967910135983, 6.913397827520768
catalog_sales: 217.0907397372648, 29.35744114577958, 58.76011804574938
customer: 0.6484093563631177, 0.09152346071917657, 31.096452609611365
customer_address: 0.18544994108378887, 0.031260296329622614, 25.350444829407962
customer_demographics: 0.012168197892606258, 0.007096033760152949, 16.64166164102967
date_dim: 0.0019952356815338135, 0.005568042927030628, 141.72449096052938
item: 0.005464168265461922, 0.006178881588449899, 111.06842144644807
store: 2.3781321942806244e-05, 0.0052823648577012, 47.344815203058616
store_returns: 36.877127600833774, 4.824077326127637, 13.43176313865905
store_sales: 288.85508783441037, 39.28219544456656, 104.95174054107096
web_returns: 11.326140539720654, 1.4910055158888684, 8.447871907137692
web_sales: 109.34904180746526, 14.641214644777579, 69.61814828474304
Function: 169.01760436511145, 10.797885926572086, 64.75884437561035, 83.18521199353745, 9.80505428008755, 0.4110689620254068, 0.059538827278608084
hiya: 0b11000111000100011111100, 169.01760436511145
catalog_returns: 23.366260116919875, 3.058967910135983, 6.913397827520768
catalog_sales: 217.0907397372648, 29.35744114577958, 58.76011804574938
customer: 0.6484093563631177, 0.09152346071917657, 31.096452609611365
customer_address: 0.18544994108378887, 0.031260296329622614, 25.350444829407962
customer_demographics: 0.012168197892606258, 0.007096033760152949, 16.64166164102967
date_dim: 0.0019952356815338135, 0.005568042927030628, 141.72449096052938
item: 0.005464168265461922, 0.006178881588449899, 111.06842144644807
store: 2.3781321942806244e-05, 0.0052823648577012, 47.344815203058616
store_returns: 36.877127600833774, 4.824077326127637, 13.43176313865905
store_sales: 288.85508783441037, 39.28219544456656, 104.95174054107096
web_returns: 11.326140539720654, 1.4910055158888684, 8.447871907137692
web_sales: 109.34904180746526, 14.641214644777579, 69.61814828474304
catalog_sales: 217.0907397372648, 29.347854709909708, 48.978179593879815
customer: 0.6484093563631177, 0.09149482783175023, 31.01459874970499
customer_address: 0.18544994108378887, 0.03125210710897957, 25.268570525834807
customer_demographics: 0.012168197892606258, 0.007095496428855951, 16.641662178360967
date_dim: 0.0019952356815338135, 0.005567954820099262, 131.75212531097958
item: 0.005464168265461922, 0.006178640298108715, 106.50388426345619
store: 2.3781321942806244e-05, 0.005282363807549923, 47.34481520410876
store_returns: 36.877127600833774, 4.822448881638304, 3.5429083382854296
store_sales: 288.85508783441037, 39.26943999134657, 95.17297110655154
web_returns: 11.326140539720654, 1.490505368715071, -1.4421111905514632
web_sales: 109.34904180746526, 14.63638593776784, 59.83145210401335
catalog_sales: 217.0907397372648, 29.34702489790824, 48.979009405881285
customer: 0.6484093563631177, 0.09149234933881024, 30.966207050034324
customer_address: 0.18544994108378887, 0.03125139824140204, 25.220177056538777
customer_demographics: 0.012168197892606258, 0.007095449916892062, 16.64166222487293
date_dim: 0.0019952356815338135, 0.00556794719347034, 131.7037311404426
item: 0.005464168265461922, 0.006178619411762249, 106.50388428434253
store: 2.3781321942806244e-05, 0.00528236371664772, 47.34481520419967
store_returns: 36.877127600833774, 4.822307921765489, 3.5430492981582447
store_sales: 288.85508783441037, 39.268335865860344, 95.17407523203778
web_sales: 109.34904180746526, 14.635967959795353, 59.83187008198584
Function: 174.42381110265927, 9.507171995956899, 76.0703182220459, 78.98887703077797, 9.44192301145951, 0.35899943855712096, 0.05652140386187434
hiya: 0b10000111000100011111000, 174.42381110265927
catalog_sales: 217.0907397372648, 29.34702489790824, 48.979009405881285
customer: 0.6484093563631177, 0.09149234933881024, 30.966207050034324
customer_address: 0.18544994108378887, 0.03125139824140204, 25.220177056538777
customer_demographics: 0.012168197892606258, 0.007095449916892062, 16.64166222487293
date_dim: 0.0019952356815338135, 0.00556794719347034, 131.7037311404426
item: 0.005464168265461922, 0.006178619411762249, 106.50388428434253
store: 2.3781321942806244e-05, 0.00528236371664772, 47.34481520419967
store_returns: 36.877127600833774, 4.822307921765489, 3.5430492981582447
store_sales: 288.85508783441037, 39.268335865860344, 95.17407523203778
web_sales: 109.34904180746526, 14.635967959795353, 59.83187008198584
catalog_sales: 217.0907397372648, 29.338296815980062, 44.18493154112322
customer: 0.6484093563631177, 0.09146628019375053, 28.407972108502364
customer_address: 0.18544994108378887, 0.031243942270312186, 22.849200211834077
customer_demographics: 0.012168197892606258, 0.00709496069736914, 16.641662714092455
date_dim: 0.0019952356815338135, 0.0055678669754909114, 125.70935830141264
item: 0.005464168265461922, 0.006178399726167423, 99.33009425666609
store: 2.3781321942806244e-05, 0.005282362760525287, 38.979457985232045
store_sales: 288.85508783441037, 39.25672251526307, 87.00760807271251
web_sales: 109.34904180746526, 14.63157160739074, 59.83626643439045
Function: 177.90674772007463, 8.494949526854754, 85.44789791107178, 74.52828113806045, 9.068339711169005, 0.31395421288146863, 0.05332522003716231
hiya: 0b10000101000100011111000, 177.90674772007463
catalog_sales: 217.0907397372648, 29.338296815980062, 44.18493154112322
customer: 0.6484093563631177, 0.09146628019375053, 28.407972108502364
customer_address: 0.18544994108378887, 0.031243942270312186, 22.849200211834077
customer_demographics: 0.012168197892606258, 0.00709496069736914, 16.641662714092455
date_dim: 0.0019952356815338135, 0.0055678669754909114, 125.70935830141264
item: 0.005464168265461922, 0.006178399726167423, 99.33009425666609
store: 2.3781321942806244e-05, 0.005282362760525287, 38.979457985232045
store_sales: 288.85508783441037, 39.25672251526307, 87.00760807271251
web_sales: 109.34904180746526, 14.63157160739074, 59.83626643439045
catalog_sales: 217.0907397372648, 29.333675541537126, 35.59463296394913
customer: 0.6484093563631177, 0.0914524773130254, 19.81306605976607
customer_address: 0.18544994108378887, 0.031239994542858623, 12.579427699713845
date_dim: 0.0019952356815338135, 0.005567824502321978, 109.06060066909595
item: 0.005464168265461922, 0.006178283408810047, 86.36395104904577
store: 2.3781321942806244e-05, 0.005282362254285291, 30.925620162565483
store_sales: 288.85508783441037, 39.25057357202976, 76.9521614501515
web_sales: 109.34904180746526, 14.629243862168277, 57.83083643699142
Function: 194.53528290017377, 7.766821787521046, 102.82478332519531, 74.52680929312369, 9.06272218577345, 0.3008321398554059, 0.05331416870486439
hiya: 0b10000101000100010111000, 194.53528290017377
catalog_sales: 217.0907397372648, 29.333675541537126, 35.59463296394913
customer: 0.6484093563631177, 0.0914524773130254, 19.81306605976607
customer_address: 0.18544994108378887, 0.031239994542858623, 12.579427699713845
date_dim: 0.0019952356815338135, 0.005567824502321978, 109.06060066909595
item: 0.005464168265461922, 0.006178283408810047, 86.36395104904577
store: 2.3781321942806244e-05, 0.005282362254285291, 30.925620162565483
store_sales: 288.85508783441037, 39.25057357202976, 76.9521614501515
web_sales: 109.34904180746526, 14.629243862168277, 57.83083643699142
catalog_sales: 217.0907397372648, 29.331199619645005, 28.58025291036156
customer: 0.6484093563631177, 0.09144508219832627, 15.42242538924461
date_dim: 0.0019952356815338135, 0.005567801746640599, 96.44993299759496
item: 0.005464168265461922, 0.006178221089920504, 77.75309315299543
store: 2.3781321942806244e-05, 0.005282361983059094, 27.772316936762333
store_sales: 288.85508783441037, 39.24727917708466, 64.98947046814291
web_sales: 109.34904180746526, 14.62799673533633, 48.122089233135036
Function: 207.10750795289775, 7.3825754269071435, 115.81969738006592, 74.50437757733343, 9.053852754063207, 0.2937166686980866, 0.053288145829954746
hiya: 0b10000101000100010011000, 207.10750795289775
catalog_sales: 217.0907397372648, 29.331199619645005, 28.58025291036156
customer: 0.6484093563631177, 0.09144508219832627, 15.42242538924461
date_dim: 0.0019952356815338135, 0.005567801746640599, 96.44993299759496
item: 0.005464168265461922, 0.006178221089920504, 77.75309315299543
store: 2.3781321942806244e-05, 0.005282361983059094, 27.772316936762333
store_sales: 288.85508783441037, 39.24727917708466, 64.98947046814291
web_sales: 109.34904180746526, 14.62799673533633, 48.122089233135036
catalog_sales: 217.0907397372648, 29.309009983383497, 17.79181165913335
date_dim: 0.0019952356815338135, 0.005567597806324753, 80.93606273009233
item: 0.005464168265461922, 0.006177662577353689, 74.47167173223244
store: 2.3781321942806244e-05, 0.005282359552283446, 27.77231693919311
store_sales: 288.85508783441037, 39.217754245071944, 49.50512492871269
web_sales: 109.34904180746526, 14.61681977096563, 32.619395726062805
Function: 222.46641965231393, 3.8726650755961733, 134.84347820281982, 74.42594706227001, 9.040592011775175, 0.2305151765911834, 0.05322212326156498
hiya: 0b10000101000100010001000, 222.46641965231393
catalog_sales: 217.0907397372648, 29.309009983383497, 17.79181165913335
date_dim: 0.0019952356815338135, 0.005567597806324753, 80.93606273009233
item: 0.005464168265461922, 0.006177662577353689, 74.47167173223244
store: 2.3781321942806244e-05, 0.005282359552283446, 27.77231693919311
store_sales: 288.85508783441037, 39.217754245071944, 49.50512492871269
web_sales: 109.34904180746526, 14.61681977096563, 32.619395726062805
date_dim: 0.0019952356815338135, 0.005567387737018095, 33.835241297644785
item: 0.005464168265461922, 0.006177087279884016, 29.059161331051655
store: 2.3781321942806244e-05, 0.0052823570484560245, 27.772316941696936
store_sales: 288.85508783441037, 39.187342004258696, 4.570019232204295
web_sales: 109.34904180746526, 14.605306906791837, -12.440419168430477
date_dim: 0.0019952356815338135, 0.0055672976586725416, 31.670353649361775
item: 0.005464168265461922, 0.0061768405906123015, 27.859771762236377
store: 2.3781321942806244e-05, 0.0052823559748073545, 27.772316942770587
store_sales: 288.85508783441037, 39.174301144646215, 3.617562168959971
Function: 227.45000692872506, 3.2899991360398135, 184.6918535232544, 34.940335152922046, 4.438056939478318, 0.06476445089437632, 0.024997726136100296
hiya: 0b101000100010000000, 227.45000692872506
date_dim: 0.0019952356815338135, 0.0055672976586725416, 31.670353649361775
item: 0.005464168265461922, 0.0061768405906123015, 27.859771762236377
store: 2.3781321942806244e-05, 0.0052823559748073545, 27.772316942770587
store_sales: 288.85508783441037, 39.174301144646215, 3.617562168959971
date_dim: 0.0019952356815338135, 0.0055668512484660735, -0.0055668512484660735
date_dim had no query dependencies
item: 0.005464168265461922, 0.0061756180480795385, -0.0061756180480795385
item had no query dependencies
store: 2.3781321942806244e-05, 0.005282350654019972, -0.005282350654019972
store had no query dependencies
Function: 230.7737159729004, 0, 230.7737159729004, 0.0, 0, 0.0, 0
hiya: 0b0, 230.7737159729004
{106.3890242177404: [0, 1, 2, 3, 4, 5, 6, 7, 8, 9, 10, 11, 12, 14, 15, 16, 17, 18, 19, 20, 21, 22, 23], 107.51204119875919: [0, 1, 2, 3, 4, 5, 6, 7, 8, 9, 11, 12, 14, 15, 16, 17, 18, 19, 20, 21, 22, 23], 109.63711294856242: [0, 1, 2, 3, 4, 5, 6, 7, 8, 9, 11, 12, 15, 16, 17, 18, 19, 20, 21, 22, 23], 110.30463553075548: [0, 1, 2, 3, 4, 5, 6, 7, 8, 9, 11, 12, 15, 16, 17, 18, 20, 21, 22, 23], 112.9434774666261: [1, 2, 3, 4, 5, 6, 7, 8, 9, 11, 12, 15, 16, 17, 18, 20, 21, 22, 23], 119.62373687706071: [1, 2, 3, 4, 5, 6, 7, 8, 11, 12, 15, 16, 17, 18, 20, 21, 22, 23], 126.91795563392813: [1, 2, 3, 4, 5, 6, 7, 8, 11, 12, 15, 16, 17, 18, 21, 22, 23], 133.9364980562828: [1, 2, 3, 4, 5, 6, 7, 8, 11, 12, 15, 16, 17, 21, 22, 23], 144.74494155818863: [1, 2, 3, 4, 5, 6, 7, 11, 12, 15, 16, 17, 21, 22, 23], 160.65967897500227: [1, 2, 3, 4, 5, 6, 7, 11, 15, 16, 17, 21, 22, 23], 168.06339230359504: [2, 3, 4, 5, 6, 7, 11, 15, 16, 17, 21, 22, 23], 169.01760436511145: [2, 3, 4, 5, 6, 7, 11, 15, 16, 17, 21, 22], 174.42381110265927: [3, 4, 5, 6, 7, 11, 15, 16, 17, 22], 177.90674772007463: [3, 4, 5, 6, 7, 11, 15, 17, 22], 194.53528290017377: [3, 4, 5, 7, 11, 15, 17, 22], 207.10750795289775: [3, 4, 7, 11, 15, 17, 22], 222.46641965231393: [3, 7, 11, 15, 17, 22], 227.45000692872506: [7, 11, 15, 17], 230.7737159729004: []}
[0, 1, 2, 3, 4, 5, 6, 7, 8, 9, 10, 11, 12, 14, 15, 16, 17, 18, 19, 20, 21, 22, 23]
{'46': 164272, '52': 133248, '89': 166016, '54': 4360376, '70': 163968, '03': 133248, '14': 4327560, '21': 527488, '60': 4327592, '28': 131072, '36': 166016, '24': 231472, '34': 164240, '42': 133248, '80': 14915726, '16': 173, '50': 229504, '83': 2164868, '55': 133248, '76': 4327560, '10': 4325624, '19': 166064, '81': 180, '29': 231560, '47': 166016, '30': 2097328, '62': 13123712, '33': 4327592, '63': 166016, '43': 163968, '99': 540809, '90': 5505280, '96': 426240, '32': 2184, '57': 2185, '25': 231560, '77': 7569548, '13': 164320, '56': 4327592, '27': 166080, '75': 6490252, '71': 4589704, '07': 137408, '82': 134272, '48': 164064, '53': 166016, '44': 133120, '65': 166016, '06': 133296, '37': 3208, '73': 164240, '20': 2184, '17': 231560, '01': 98448, '05': 14909582, '91': 501, '15': 184, '87': 4325528, '78': 6488204, '61': 170160, '97': 131208, '64': 236540, '69': 4325624, '12': 4196480, '38': 4325528, '58': 4327560, '95': 14680224, '40': 526476, '49': 6488204, '84': 66416, '23': 4327576, '45': 4196528, '86': 4196480, '88': 426240, '66': 4997256, '94': 14680224, '35': 4325624, '92': 4196480, '68': 164272, '26': 6344, '59': 163968, '18': 2296, '11': 4325520, '39': 527488, '51': 4325504, '98': 133248, '22': 527488, '31': 4325536, '02': 4194440, '72': 531916, '79': 164240, '08': 164016, '67': 166016, '04': 4325528, '74': 4325520}
Best Cost: $106.3890242177404;
[0, 1, 2, 3, 4, 5, 6, 7, 8, 9, 10, 11, 12, 14, 15, 16, 17, 18, 19, 20, 21, 22, 23]
{}
{'46': 164272, '52': 133248, '89': 166016, '54': 4360376, '70': 163968, '03': 133248, '14': 4327560, '21': 527488, '60': 4327592, '28': 131072, '36': 166016, '24': 231472, '34': 164240, '42': 133248, '80': 14915726, '16': 173, '50': 229504, '83': 2164868, '55': 133248, '76': 4327560, '10': 4325624, '19': 166064, '81': 180, '29': 231560, '47': 166016, '30': 2097328, '62': 13123712, '33': 4327592, '63': 166016, '43': 163968, '99': 540809, '90': 5505280, '96': 426240, '32': 2184, '57': 2185, '25': 231560, '77': 7569548, '13': 164320, '56': 4327592, '27': 166080, '75': 6490252, '71': 4589704, '07': 137408, '82': 134272, '48': 164064, '53': 166016, '44': 133120, '65': 166016, '06': 133296, '37': 3208, '73': 164240, '20': 2184, '17': 231560, '01': 98448, '05': 14909582, '91': 501, '15': 184, '87': 4325528, '78': 6488204, '61': 170160, '97': 131208, '64': 236540, '69': 4325624, '12': 4196480, '38': 4325528, '58': 4327560, '95': 14680224, '40': 526476, '49': 6488204, '84': 66416, '23': 4327576, '45': 4196528, '86': 4196480, '88': 426240, '66': 4997256, '94': 14680224, '35': 4325624, '92': 4196480, '68': 164272, '26': 6344, '59': 163968, '18': 2296, '11': 4325520, '39': 527488, '51': 4325504, '98': 133248, '22': 527488, '31': 4325536, '02': 4194440, '72': 531916, '79': 164240, '08': 164016, '67': 166016, '04': 4325528, '74': 4325520}
{'46': 164272, '52': 133248, '89': 166016, '54': 4360376, '70': 163968, '03': 133248, '14': 4327560, '21': 527488, '60': 4327592, '28': 131072, '36': 166016, '24': 231472, '34': 164240, '42': 133248, '80': 14915726, '16': 173, '50': 229504, '83': 2164868, '55': 133248, '76': 4327560, '10': 4325624, '19': 166064, '81': 180, '29': 231560, '47': 166016, '30': 2097328, '62': 13123712, '33': 4327592, '63': 166016, '43': 163968, '99': 540809, '90': 5505280, '96': 426240, '32': 2184, '57': 2185, '25': 231560, '77': 7569548, '13': 164320, '56': 4327592, '27': 166080, '75': 6490252, '71': 4589704, '07': 137408, '82': 134272, '48': 164064, '53': 166016, '44': 133120, '65': 166016, '06': 133296, '37': 3208, '73': 164240, '20': 2184, '17': 231560, '01': 98448, '05': 14909582, '91': 501, '15': 184, '87': 4325528, '78': 6488204, '61': 170160, '97': 131208, '64': 236540, '69': 4325624, '12': 4196480, '38': 4325528, '58': 4327560, '95': 14680224, '40': 526476, '49': 6488204, '84': 66416, '23': 4327576, '45': 4196528, '86': 4196480, '88': 426240, '66': 4997256, '94': 14680224, '35': 4325624, '92': 4196480, '68': 164272, '26': 6344, '59': 163968, '18': 2296, '11': 4325520, '39': 527488, '51': 4325504, '98': 133248, '22': 527488, '31': 4325536, '02': 4194440, '72': 531916, '79': 164240, '08': 164016, '67': 166016, '04': 4325528, '74': 4325520}
[0, 1, 2, 3, 4, 5, 6, 7, 8, 9, 10, 11, 12, 14, 15, 16, 17, 18, 19, 20, 21, 22, 23]
23
Optimal Subset: 0b111111111101111111111111
Function: 106.3890242177404, 12.816772669978937, 4.76837158203125e-05, 83.21532844344775, 9.844896749173003, 0.4523083320999508, 0.05967033932495119
106.3890242177404
Real: 106.3890242177404, 12.816772669978937, 4.76837158203125e-05, 83.21532844344775, 9.844896749173003, 0.4523083320999508, 0.05967033932495119
Num Redshift Qs: 95; Num GCP Qs: 1
Redshift Qs: $12.816772669978937; GCP Qs: $4.76837158203125e-05; Movement Cost: $83.21532844344775
Load Cost: $9.844896749173003, Storage Cost: $0.4523083320999508, API Cost: $0.05967033932495119
Final cost: $106.3890242177404, BQ Baseline: $230.7737159729004, Diff: $124.38469175515999, %: 53.89898551954955%
