Egress: $0.12/GB
Benchmark: tpcds
Data Path: parquet_2000/real_data_rs1
BigQuery Cost: $5/TB; DuckDB Cost: $1.48/hr; Redshift Cost: $1.086/hr
Use Duck: False
Excluded Table: catalog_sales
Excluded Query: None

Starting analysis without using DuckDB
Redshift Total: $7.278996289246477, Redshift-Calcite Total: $6.158634711249667, BigQuery Total: $104.23612117767334
Excluding table catalog_sales and any queries that depend on it
Total Keys: 60, Keys Considered: 59
-0.023605789212773395
call_center: 5.735084414482117e-06, 0.0053766877393013396, 0.048021801918339116
catalog_page: 0.0006659524515271187, 0.005071295631677285, -0.005071295631677285
catalog_page had no query dependencies
catalog_returns: 23.366260116919875, 3.0535793623857477, -2.819340022810775
customer: 0.6484093563631177, 0.0913739295250112, 20.93566929873129
customer_address: 0.18544994108378887, 0.031217529286124514, 20.774287520449974
customer_demographics: 0.012168197892606258, 0.007093227623653119, 13.35340093893374
date_dim: 0.0019952356815338135, 0.005567582801075977, 71.15208222931793
household_demographics: 3.512948751449585e-05, 0.0043897140390519365, 16.48348954354496
income_band: 6.137415766716003e-07, 0.0034144214126351365, 0.01860763057938388
inventory: 0.24701470416039228, 0.037615503227894566, 0.21261214208187154
item: 0.005464168265461922, 0.006177621483860357, 44.879129095696946
promotion: 2.6027671992778778e-05, 0.004807670794108847, 4.728622378724636
reason: 1.2423843145370483e-06, 0.004734816572049585, 8.488909636554142
ship_mode: 1.5795230865478516e-06, 0.0047091638627564485, 0.2464263245742604
store: 2.3781321942806244e-05, 0.005282359373435074, 60.02914390396529
store_returns: 36.877127600833774, 4.815573005711179, 0.1297659035989236
store_sales: 288.85508783441037, 39.21558189897109, 55.07897699075888
time_dim: 0.0012104213237762451, 0.0019424582102165666, 5.588807086599442
warehouse: 2.3292377591133118e-06, 0.0004457577000607493, 0.2928207179444483
web_page: 1.0661780834197998e-05, 0.0015543724002123013, 0.7837439712403536
web_returns: 11.326140539720654, 1.4883935681993892, 0.09420812323141803
web_sales: 109.34904180746526, 14.615997407176286, -2.6670198110606176
web_site: 8.863396942615509e-06, 0.0006161837145299291, 1.2084126428476363
-0.023586388602051842
call_center: 5.735084414482117e-06, 0.005376687302073668, -0.005376687302073668
call_center had no query dependencies
customer: 0.6484093563631177, 0.0913244965101425, 15.845900596428201
customer_address: 0.18544994108378887, 0.031203391072964836, 16.11724841646968
customer_demographics: 0.012168197892606258, 0.007092299952419743, 12.822647558928816
date_dim: 0.0019952356815338135, 0.005567430689583224, 59.27680797136083
household_demographics: 3.512948751449585e-05, 0.004389711360872694, 16.122148530943452
income_band: 6.137415766716003e-07, 0.0034144213658451016, 0.018607630626173915
inventory: 0.24701470416039228, 0.037596671479981435, 0.21263097382978466
item: 0.005464168265461922, 0.006177204910119616, 43.329483770729304
promotion: 2.6027671992778778e-05, 0.004807668809827954, 4.728622380708917
reason: 1.2423843145370483e-06, 0.00473481647733349, 8.011553818630343
ship_mode: 1.5795230865478516e-06, 0.004709163742337785, -0.004709163742337785
ship_mode had no query dependencies
store: 2.3781321942806244e-05, 0.00528235756040997, 60.02914390577831
store_returns: 36.877127600833774, 4.812761591009776, 0.033618961176792084
store_sales: 288.85508783441037, 39.19356035083689, 46.59703549739801
time_dim: 0.0012104213237762451, 0.0019423659308953193, 5.280864653256715
warehouse: 2.3292377591133118e-06, 0.0004457575224858213, 0.04168522968500637
web_page: 1.0661780834197998e-05, 0.0015543715873863214, -0.0015543715873863214
web_page had no query dependencies
web_returns: 11.326140539720654, 1.4875300931921112, -1.4391359150285032
web_site: 8.863396942615509e-06, 0.0006161830388079819, -0.0006161830388079819
web_site had no query dependencies
-0.023585325718445672
customer: 0.6484093563631177, 0.09132178826853807, 15.797509126506197
customer_address: 0.18544994108378887, 0.03120261649554541, 16.06885501288349
customer_demographics: 0.012168197892606258, 0.007092249128940006, 12.822647609752297
date_dim: 0.0019952356815338135, 0.005567422355989283, 59.22841380153081
household_demographics: 3.512948751449585e-05, 0.004389711214145725, 16.12214853109018
income_band: 6.137415766716003e-07, 0.003414421363281658, 0.018607630628737357
inventory: 0.24701470416039228, 0.03759563976214432, 0.2126320055476218
item: 0.005464168265461922, 0.00617718208767314, 43.329483793551745
promotion: 2.6027671992778778e-05, 0.004807668701116962, 4.728622380817628
reason: 1.2423843145370483e-06, 0.004734816472144365, 8.011553818635532
store: 2.3781321942806244e-05, 0.005282357461081413, 60.02914390587764
store_returns: 36.877127600833774, 4.8126075645907544, 0.03377298759581393
store_sales: 288.85508783441037, 39.1923538763176, 46.598241971917304
time_dim: 0.0012104213237762451, 0.001942360875272115, 5.280864658312337
warehouse: 2.3292377591133118e-06, 0.0004457575127571853, 0.04168522969473501
{}
{}
STARTING PHASE 2: 0b11111011111111110000
----
[4, 5, 6, 7, 8, 9, 10, 11, 12, 13, 15, 16, 17, 18, 19]
Function: 62.71624694540422, 5.015503852027257, 13.17859172821045, 39.533297922622715, 4.866760821083386, 0.09370416242756296, 0.028388459032845502
-0.023585325718445672
customer: 0.6484093563631177, 0.09132178826853807, 15.797509126506197
customer_address: 0.18544994108378887, 0.03120261649554541, 16.06885501288349
customer_demographics: 0.012168197892606258, 0.007092249128940006, 12.822647609752297
date_dim: 0.0019952356815338135, 0.005567422355989283, 59.22841380153081
household_demographics: 3.512948751449585e-05, 0.004389711214145725, 16.12214853109018
income_band: 6.137415766716003e-07, 0.003414421363281658, 0.018607630628737357
inventory: 0.24701470416039228, 0.03759563976214432, 0.2126320055476218
item: 0.005464168265461922, 0.00617718208767314, 43.329483793551745
promotion: 2.6027671992778778e-05, 0.004807668701116962, 4.728622380817628
reason: 1.2423843145370483e-06, 0.004734816472144365, 8.011553818635532
store: 2.3781321942806244e-05, 0.005282357461081413, 60.02914390587764
store_returns: 36.877127600833774, 4.8126075645907544, 0.03377298759581393
store_sales: 288.85508783441037, 39.1923538763176, 46.598241971917304
time_dim: 0.0012104213237762451, 0.001942360875272115, 5.280864658312337
warehouse: 2.3292377591133118e-06, 0.0004457575127571853, 0.04168522969473501
-0.023585293134112874
customer: 0.6484093563631177, 0.09132170524322353, 15.775487157539493
customer_address: 0.18544994108378887, 0.03120259274968249, 16.046832984637334
customer_demographics: 0.012168197892606258, 0.007092247570868015, 12.800625559318348
date_dim: 0.0019952356815338135, 0.005567422100510135, 59.22841380178629
household_demographics: 3.512948751449585e-05, 0.004389711209647583, 16.10012647910266
inventory: 0.24701470416039228, 0.03759560813324614, 0.21263203717651996
item: 0.005464168265461922, 0.006177181388015918, 43.3294837942514
promotion: 2.6027671992778778e-05, 0.004807668697784259, 4.728622380820961
reason: 1.2423843145370483e-06, 0.004734816471985284, 8.01155381863569
store: 2.3781321942806244e-05, 0.005282357458036343, 60.02914390588069
store_returns: 36.877127600833774, 4.812602842673822, 0.011755657520727603
store_sales: 288.85508783441037, 39.19231688998436, 46.59827895825054
time_dim: 0.0012104213237762451, 0.0019423607202842046, 5.280864658467325
warehouse: 2.3292377591133118e-06, 0.00044575751245893897, 0.04168522969503325
Function: 62.73481272611502, 5.014494669278065, 13.20162296295166, 39.533297848385565, 4.863356473598082, 0.09366231292183001, 0.02837845897981823
hiya: 0b11111011110111110000, 62.73481272611502
-0.023585293134112874
customer: 0.6484093563631177, 0.09132170524322353, 15.775487157539493
customer_address: 0.18544994108378887, 0.03120259274968249, 16.046832984637334
customer_demographics: 0.012168197892606258, 0.007092247570868015, 12.800625559318348
date_dim: 0.0019952356815338135, 0.005567422100510135, 59.22841380178629
household_demographics: 3.512948751449585e-05, 0.004389711209647583, 16.10012647910266
inventory: 0.24701470416039228, 0.03759560813324614, 0.21263203717651996
item: 0.005464168265461922, 0.006177181388015918, 43.3294837942514
promotion: 2.6027671992778778e-05, 0.004807668697784259, 4.728622380820961
reason: 1.2423843145370483e-06, 0.004734816471985284, 8.01155381863569
store: 2.3781321942806244e-05, 0.005282357458036343, 60.02914390588069
store_returns: 36.877127600833774, 4.812602842673822, 0.011755657520727603
store_sales: 288.85508783441037, 39.19231688998436, 46.59827895825054
time_dim: 0.0012104213237762451, 0.0019423607202842046, 5.280864658467325
warehouse: 2.3292377591133118e-06, 0.00044575751245893897, 0.04168522969503325
-0.023580243752055675
customer: 0.6484093563631177, 0.09130883935039708, 13.2172390127553
customer_address: 0.18544994108378887, 0.031198913007798385, 13.675852363703427
customer_demographics: 0.012168197892606258, 0.007092006126588346, 12.800625800762628
date_dim: 0.0019952356815338135, 0.005567382510568703, 58.03684686881456
household_demographics: 3.512948751449585e-05, 0.0043897105125999284, 16.100126479799705
inventory: 0.24701470416039228, 0.03759070680867533, 0.21263693850109078
item: 0.005464168265461922, 0.00617707296668825, 40.95849960199695
promotion: 2.6027671992778778e-05, 0.004807668181336995, 4.7286223813374075
reason: 1.2423843145370483e-06, 0.004734816447333599, 6.74974659170326
store: 2.3781321942806244e-05, 0.005282356986161692, 56.4665926331151
store_sales: 288.85508783441037, 39.186585358559064, 41.96692869948253
time_dim: 0.0012104213237762451, 0.0019423367028161133, 5.280864682484793
warehouse: 2.3292377591133118e-06, 0.0004457574662416488, 0.041685229741250544
Function: 62.705474409404445, 4.70414190390865, 18.336334228515625, 35.072701955668045, 4.489773173307578, 0.07734087284944696, 0.02518227515510619
hiya: 0b11101011110111110000, 62.705474409404445
-0.023580243752055675
customer: 0.6484093563631177, 0.09130883935039708, 13.2172390127553
customer_address: 0.18544994108378887, 0.031198913007798385, 13.675852363703427
customer_demographics: 0.012168197892606258, 0.007092006126588346, 12.800625800762628
date_dim: 0.0019952356815338135, 0.005567382510568703, 58.03684686881456
household_demographics: 3.512948751449585e-05, 0.0043897105125999284, 16.100126479799705
inventory: 0.24701470416039228, 0.03759070680867533, 0.21263693850109078
item: 0.005464168265461922, 0.00617707296668825, 40.95849960199695
promotion: 2.6027671992778778e-05, 0.004807668181336995, 4.7286223813374075
reason: 1.2423843145370483e-06, 0.004734816447333599, 6.74974659170326
store: 2.3781321942806244e-05, 0.005282356986161692, 56.4665926331151
store_sales: 288.85508783441037, 39.186585358559064, 41.96692869948253
time_dim: 0.0012104213237762451, 0.0019423367028161133, 5.280864682484793
warehouse: 2.3292377591133118e-06, 0.0004457574662416488, 0.041685229741250544
customer: 0.6484093563631177, 0.09130880877889763, 13.2172390433268
customer_address: 0.18544994108378887, 0.03119890426412016, 13.675852372447107
customer_demographics: 0.012168197892606258, 0.0070920055528766145, 12.80062580133634
date_dim: 0.0019952356815338135, 0.0055673824164964225, 57.99471588170114
household_demographics: 3.512948751449585e-05, 0.0043897105109436275, 16.100126479801364
inventory: 0.24701470416039228, 0.037590695162313635, 0.1705059629399603
item: 0.005464168265461922, 0.006177072709061158, 40.91636861504708
promotion: 2.6027671992778778e-05, 0.004807668180109831, 4.728622381338635
reason: 1.2423843145370483e-06, 0.004734816447275023, 6.749746591703318
store: 2.3781321942806244e-05, 0.005282356985040438, 56.46659263311622
store_sales: 288.85508783441037, 39.18657173948792, 41.96694231855368
time_dim: 0.0012104213237762451, 0.0019423366457466179, 5.280864682541863
Function: 62.74714596589429, 4.702952235293388, 18.37965488433838, 35.072701673927334, 4.489337696172396, 0.07732720120893206, 0.025172274953860048
hiya: 0b1101011110111110000, 62.74714596589429
customer: 0.6484093563631177, 0.09130880877889763, 13.2172390433268
customer_address: 0.18544994108378887, 0.03119890426412016, 13.675852372447107
customer_demographics: 0.012168197892606258, 0.0070920055528766145, 12.80062580133634
date_dim: 0.0019952356815338135, 0.0055673824164964225, 57.99471588170114
household_demographics: 3.512948751449585e-05, 0.0043897105109436275, 16.100126479801364
inventory: 0.24701470416039228, 0.037590695162313635, 0.1705059629399603
item: 0.005464168265461922, 0.006177072709061158, 40.91636861504708
promotion: 2.6027671992778778e-05, 0.004807668180109831, 4.728622381338635
reason: 1.2423843145370483e-06, 0.004734816447275023, 6.749746591703318
store: 2.3781321942806244e-05, 0.005282356985040438, 56.46659263311622
store_sales: 288.85508783441037, 39.18657173948792, 41.96694231855368
time_dim: 0.0012104213237762451, 0.0019423366457466179, 5.280864682541863
customer: 0.6484093563631177, 0.09130855720585082, 13.217239294899846
customer_address: 0.18544994108378887, 0.031198832312341163, 13.675852444398885
customer_demographics: 0.012168197892606258, 0.007092000831799431, 12.800625806057418
date_dim: 0.0019952356815338135, 0.005567381642375083, 57.78661922437299
household_demographics: 3.512948751449585e-05, 0.004389710497313916, 16.100126479814993
item: 0.005464168265461922, 0.006177070589046317, 40.708271959064824
promotion: 2.6027671992778778e-05, 0.004807668170011487, 4.728622381348734
reason: 1.2423843145370483e-06, 0.004734816446792996, 6.749746591703801
store: 2.3781321942806244e-05, 0.0052823569758136445, 56.46659263312545
store_sales: 288.85508783441037, 39.1864596680722, 41.75895773186711
time_dim: 0.0012104213237762451, 0.0019423361761214076, 5.2808646830114885
Function: 62.9173028033506, 4.697430614892244, 18.593273162841797, 35.04282318700326, 4.481485982737938, 0.07714892299194262, 0.02514093288342059
hiya: 0b1101011100111110000, 62.9173028033506
customer: 0.6484093563631177, 0.09130855720585082, 13.217239294899846
customer_address: 0.18544994108378887, 0.031198832312341163, 13.675852444398885
customer_demographics: 0.012168197892606258, 0.007092000831799431, 12.800625806057418
date_dim: 0.0019952356815338135, 0.005567381642375083, 57.78661922437299
household_demographics: 3.512948751449585e-05, 0.004389710497313916, 16.100126479814993
item: 0.005464168265461922, 0.006177070589046317, 40.708271959064824
promotion: 2.6027671992778778e-05, 0.004807668170011487, 4.728622381348734
reason: 1.2423843145370483e-06, 0.004734816446792996, 6.749746591703801
store: 2.3781321942806244e-05, 0.0052823569758136445, 56.46659263312545
store_sales: 288.85508783441037, 39.1864596680722, 41.75895773186711
time_dim: 0.0012104213237762451, 0.0019423361761214076, 5.2808646830114885
customer: 0.6484093563631177, 0.09130658188963191, 10.595945685265223
customer_address: 0.18544994108378887, 0.031198267357081304, 11.054557424403301
customer_demographics: 0.012168197892606258, 0.007091963762564669, 10.688491378558753
date_dim: 0.0019952356815338135, 0.005567375564083085, 53.053189180932534
household_demographics: 3.512948751449585e-05, 0.00438971039029534, 16.10012647992201
item: 0.005464168265461922, 0.006177053942987632, 35.97484192619214
reason: 1.2423843145370483e-06, 0.004734816443008193, 6.749746591707585
store: 2.3781321942806244e-05, 0.005282356903366154, 53.84529704824704
store_sales: 288.85508783441037, 39.1855796990614, 37.02640765135916
time_dim: 0.0012104213237762451, 0.001942332488690236, 5.280864686698919
Function: 67.6450425868096, 4.597219612164895, 23.42691421508789, 35.042820038739436, 4.476691447068452, 0.07626634311429746, 0.02513093063462973
hiya: 0b1101010100111110000, 67.6450425868096
customer: 0.6484093563631177, 0.09130658188963191, 10.595945685265223
customer_address: 0.18544994108378887, 0.031198267357081304, 11.054557424403301
customer_demographics: 0.012168197892606258, 0.007091963762564669, 10.688491378558753
date_dim: 0.0019952356815338135, 0.005567375564083085, 53.053189180932534
household_demographics: 3.512948751449585e-05, 0.00438971039029534, 16.10012647992201
item: 0.005464168265461922, 0.006177053942987632, 35.97484192619214
reason: 1.2423843145370483e-06, 0.004734816443008193, 6.749746591707585
store: 2.3781321942806244e-05, 0.005282356903366154, 53.84529704824704
store_sales: 288.85508783441037, 39.1855796990614, 37.02640765135916
time_dim: 0.0012104213237762451, 0.001942332488690236, 5.280864686698919
customer: 0.6484093563631177, 0.0913042825304907, 10.595947984624363
customer_address: 0.18544994108378887, 0.031197609723114295, 11.05455808203727
customer_demographics: 0.012168197892606258, 0.00709192061226651, 10.68849142170905
date_dim: 0.0019952356815338135, 0.005567368488670989, 53.05318918800795
household_demographics: 3.512948751449585e-05, 0.004389710265720783, 10.817319460858974
item: 0.005464168265461922, 0.006177034566207937, 35.97484194556892
reason: 1.2423843145370483e-06, 0.004734816438602507, 6.749746591711991
store: 2.3781321942806244e-05, 0.005282356819033935, 48.562490029143774
store_sales: 288.85508783441037, 39.1845553745661, 31.744624956666854
Function: 72.92487876221722, 4.476774983403286, 28.83016586303711, 35.04267362819348, 4.474904788363377, 0.07523867316573524, 0.025120826054227354
hiya: 0b101010100111110000, 72.92487876221722
customer: 0.6484093563631177, 0.0913042825304907, 10.595947984624363
customer_address: 0.18544994108378887, 0.031197609723114295, 11.05455808203727
customer_demographics: 0.012168197892606258, 0.00709192061226651, 10.68849142170905
date_dim: 0.0019952356815338135, 0.005567368488670989, 53.05318918800795
household_demographics: 3.512948751449585e-05, 0.004389710265720783, 10.817319460858974
item: 0.005464168265461922, 0.006177034566207937, 35.97484194556892
reason: 1.2423843145370483e-06, 0.004734816438602507, 6.749746591711991
store: 2.3781321942806244e-05, 0.005282356819033935, 48.562490029143774
store_sales: 288.85508783441037, 39.1845553745661, 31.744624956666854
customer: 0.6484093563631177, 0.09129949867974028, 10.595952768475113
customer_address: 0.18544994108378887, 0.031196241505905352, 11.054559450254478
customer_demographics: 0.012168197892606258, 0.007091830837432065, 10.688491511483885
date_dim: 0.0019952356815338135, 0.005567353768171326, 53.05318920272845
household_demographics: 3.512948751449585e-05, 0.004389710006541572, 10.817319461118153
item: 0.005464168265461922, 0.006176994252530782, 35.9748419858826
store: 2.3781321942806244e-05, 0.005282356643579503, 48.56249002931923
store_sales: 288.85508783441037, 39.1824242522818, 24.992274670800562
Function: 79.67248793314268, 4.227195646314621, 35.83422660827637, 35.04267347791674, 4.470180121440887, 0.07310125324717276, 0.02511082594688535
hiya: 0b101000100111110000, 79.67248793314268
customer: 0.6484093563631177, 0.09129949867974028, 10.595952768475113
customer_address: 0.18544994108378887, 0.031196241505905352, 11.054559450254478
customer_demographics: 0.012168197892606258, 0.007091830837432065, 10.688491511483885
date_dim: 0.0019952356815338135, 0.005567353768171326, 53.05318920272845
household_demographics: 3.512948751449585e-05, 0.004389710006541572, 10.817319461118153
item: 0.005464168265461922, 0.006176994252530782, 35.9748419858826
store: 2.3781321942806244e-05, 0.005282356643579503, 48.56249002931923
store_sales: 288.85508783441037, 39.1824242522818, 24.992274670800562
customer_address: 0.18544994108378887, 0.03119404080160463, 4.285408086577574
customer_demographics: 0.012168197892606258, 0.007091686439405958, 10.688491655881911
date_dim: 0.0019952356815338135, 0.0055673300910338746, 42.36593695925073
household_demographics: 3.512948751449585e-05, 0.004389709589665655, 2.6373558095588434
item: 0.005464168265461922, 0.0061769294101343295, 34.238752888358995
store: 2.3781321942806244e-05, 0.0052823563613704225, 38.46790028470534
store_sales: 288.85508783441037, 39.178996455916014, 14.308450200011485
Function: 90.2643890786312, 3.831421981157462, 46.91725254058838, 34.964242962853326, 4.456919379152854, 0.06950741150069863, 0.025044803378495576
hiya: 0b101000100111100000, 90.2643890786312
customer_address: 0.18544994108378887, 0.03119404080160463, 4.285408086577574
customer_demographics: 0.012168197892606258, 0.007091686439405958, 10.688491655881911
date_dim: 0.0019952356815338135, 0.0055673300910338746, 42.36593695925073
household_demographics: 3.512948751449585e-05, 0.004389709589665655, 2.6373558095588434
item: 0.005464168265461922, 0.0061769294101343295, 34.238752888358995
store: 2.3781321942806244e-05, 0.0052823563613704225, 38.46790028470534
store_sales: 288.85508783441037, 39.178996455916014, 14.308450200011485
customer_address: 0.18544994108378887, 0.031193152974178625, 1.6436634552564917
customer_demographics: 0.012168197892606258, 0.007091628185088103, 8.046746194987719
date_dim: 0.0019952356815338135, 0.0055673205389954695, 39.72419144965426
item: 0.005464168265461922, 0.006176903250846179, 34.23875291451828
store: 2.3781321942806244e-05, 0.00528235624751916, 35.82615476567068
store_sales: 288.85508783441037, 39.177613584249286, 11.668087552529705
Function: 92.90036100095065, 3.6707812164314593, 49.71963882446289, 34.96423871364906, 4.452543896584113, 0.06812354947981458, 0.025034800343307857
hiya: 0b101000100011100000, 92.90036100095065
customer_address: 0.18544994108378887, 0.031193152974178625, 1.6436634552564917
customer_demographics: 0.012168197892606258, 0.007091628185088103, 8.046746194987719
date_dim: 0.0019952356815338135, 0.0055673205389954695, 39.72419144965426
item: 0.005464168265461922, 0.006176903250846179, 34.23875291451828
store: 2.3781321942806244e-05, 0.00528235624751916, 35.82615476567068
store_sales: 288.85508783441037, 39.177613584249286, 11.668087552529705
customer_demographics: 0.012168197892606258, 0.007091580239955926, 6.371889634702182
date_dim: 0.0019952356815338135, 0.005567312677368028, 38.049334849285216
item: 0.005464168265461922, 0.0061768817209309, 34.23875293604819
store: 2.3781321942806244e-05, 0.0052823561538159975, 34.15129815753372
store_sales: 288.85508783441037, 39.17647543745973, 9.994369091088586
Function: 94.54270850912701, 3.543837096817891, 51.52143955230713, 34.941806997858805, 4.44367446487387, 0.06694161980090833, 0.025008777468398215
hiya: 0b101000100011000000, 94.54270850912701
customer_demographics: 0.012168197892606258, 0.007091580239955926, 6.371889634702182
date_dim: 0.0019952356815338135, 0.005567312677368028, 38.049334849285216
item: 0.005464168265461922, 0.0061768817209309, 34.23875293604819
store: 2.3781321942806244e-05, 0.0052823561538159975, 34.15129815753372
store_sales: 288.85508783441037, 39.17647543745973, 9.994369091088586
date_dim: 0.0019952356815338135, 0.0055672976586725416, 31.670353649361775
item: 0.005464168265461922, 0.0061768405906123015, 27.85977176223638
store: 2.3781321942806244e-05, 0.0052823559748073545, 27.772316942770587
store_sales: 288.85508783441037, 39.174301144646215, 3.6175621689599637
Function: 100.912412133498, 3.2899991360398135, 58.154258728027344, 34.940335152922046, 4.438056939478318, 0.06476445089437632, 0.024997726136100296
hiya: 0b101000100010000000, 100.912412133498
date_dim: 0.0019952356815338135, 0.0055672976586725416, 31.670353649361775
item: 0.005464168265461922, 0.0061768405906123015, 27.85977176223638
store: 2.3781321942806244e-05, 0.0052823559748073545, 27.772316942770587
store_sales: 288.85508783441037, 39.174301144646215, 3.6175621689599637
date_dim: 0.0019952356815338135, 0.0055668512484660735, -0.0055668512484660735
date_dim had no query dependencies
item: 0.005464168265461922, 0.0061756180480795385, -0.0061756180480795385
item had no query dependencies
store: 2.3781321942806244e-05, 0.005282350654019972, -0.005282350654019972
store had no query dependencies
Function: 104.23612117767334, 0, 104.23612117767334, 0.0, 0, 0.0, 0
hiya: 0b0, 104.23612117767334
{62.71624694540422: [4, 5, 6, 7, 8, 9, 10, 11, 12, 13, 15, 16, 17, 18, 19], 62.73481272611502: [4, 5, 6, 7, 8, 10, 11, 12, 13, 15, 16, 17, 18, 19], 62.705474409404445: [4, 5, 6, 7, 8, 10, 11, 12, 13, 15, 17, 18, 19], 62.74714596589429: [4, 5, 6, 7, 8, 10, 11, 12, 13, 15, 17, 18], 62.9173028033506: [4, 5, 6, 7, 8, 11, 12, 13, 15, 17, 18], 67.6450425868096: [4, 5, 6, 7, 8, 11, 13, 15, 17, 18], 72.92487876221722: [4, 5, 6, 7, 8, 11, 13, 15, 17], 79.67248793314268: [4, 5, 6, 7, 8, 11, 15, 17], 90.2643890786312: [5, 6, 7, 8, 11, 15, 17], 92.90036100095065: [5, 6, 7, 11, 15, 17], 94.54270850912701: [6, 7, 11, 15, 17], 100.912412133498: [7, 11, 15, 17], 104.23612117767334: []}
[4, 5, 6, 7, 8, 10, 11, 12, 13, 15, 17, 18, 19]
{'03': 133248, '53': 166016, '42': 133248, '52': 133248, '73': 164240, '39': 527488, '47': 166016, '34': 164240, '19': 166064, '27': 166080, '06': 133296, '48': 164064, '61': 170160, '82': 134272, '43': 163968, '55': 133248, '67': 166016, '89': 166016, '68': 164272, '63': 166016, '96': 426240, '36': 166016, '13': 164320, '08': 164016, '28': 131072, '21': 527488, '88': 426240, '65': 166016, '46': 164272, '44': 133120, '98': 133248, '79': 164240, '22': 527488, '59': 163968, '07': 137408, '70': 163968, '09': 139264}
Best Cost: $62.705474409404445;
[4, 5, 6, 7, 8, 10, 11, 12, 13, 15, 17, 18, 19]
{}
{'03': 133248, '53': 166016, '42': 133248, '52': 133248, '73': 164240, '39': 527488, '47': 166016, '34': 164240, '19': 166064, '27': 166080, '06': 133296, '48': 164064, '61': 170160, '82': 134272, '43': 163968, '55': 133248, '67': 166016, '89': 166016, '68': 164272, '63': 166016, '96': 426240, '36': 166016, '13': 164320, '08': 164016, '28': 131072, '21': 527488, '88': 426240, '65': 166016, '46': 164272, '44': 133120, '98': 133248, '79': 164240, '22': 527488, '59': 163968, '07': 137408, '70': 163968, '09': 139264}
{'03': 133248, '53': 166016, '42': 133248, '52': 133248, '73': 164240, '39': 527488, '47': 166016, '34': 164240, '19': 166064, '27': 166080, '06': 133296, '48': 164064, '61': 170160, '82': 134272, '43': 163968, '55': 133248, '67': 166016, '89': 166016, '68': 164272, '63': 166016, '96': 426240, '36': 166016, '13': 164320, '08': 164016, '28': 131072, '21': 527488, '88': 426240, '65': 166016, '46': 164272, '44': 133120, '98': 133248, '79': 164240, '22': 527488, '59': 163968, '07': 137408, '70': 163968, '09': 139264}
[4, 5, 6, 7, 8, 10, 11, 12, 13, 15, 17, 18, 19]
13
Optimal Subset: 0b11101011110111110000
Function: 62.705474409404445, 4.70414190390865, 18.336334228515625, 35.072701955668045, 4.489773173307578, 0.07734087284944696, 0.02518227515510619
62.705474409404445
Real: 62.705474409404445, 4.70414190390865, 18.336334228515625, 35.072701955668045, 4.489773173307578, 0.07734087284944696, 0.02518227515510619
Num Redshift Qs: 37; Num GCP Qs: 23
Redshift Qs: $4.70414190390865; GCP Qs: $18.336334228515625; Movement Cost: $35.072701955668045
Load Cost: $4.489773173307578, Storage Cost: $0.07734087284944696, API Cost: $0.02518227515510619
Final cost: $62.705474409404445, BQ Baseline: $104.23612117767334, Diff: $41.530646768268895, %: 39.842855143735406%
