Egress: $0.12/GB
Benchmark: tpcds
Data Path: parquet_2000/real_data_rs1
BigQuery Cost: $5/TB; DuckDB Cost: $1.48/hr; Redshift Cost: $1.086/hr
Use Duck: False
Excluded Table: promotion
Excluded Query: None

Starting analysis without using DuckDB
Redshift Total: $13.962109628887582, Redshift-Calcite Total: $13.37011633326491, BigQuery Total: $215.28478145599365
Excluding table promotion and any queries that depend on it
Total Keys: 93, Keys Considered: 92
-0.023675405100833415
call_center: 5.735084414482117e-06, 0.005376689308220642, 3.1445420718509607
catalog_page: 0.0006659524515271187, 0.005071477813068232, 7.406612413343049
catalog_returns: 23.366260116919875, 3.059971557143153, 23.10485092938461
catalog_sales: 217.0907397372648, 29.366765807498286, 80.13911993937133
customer: 0.6484093563631177, 0.09155131173627039, 39.351808952220125
customer_address: 0.18544994108378887, 0.03126826192948401, 34.83463524206387
customer_demographics: 0.012168197892606258, 0.007096556418692932, 19.836182997187816
date_dim: 0.0019952356815338135, 0.005568128628050404, 175.9245373808418
household_demographics: 3.512948751449585e-05, 0.004389723649255914, 16.483489533934755
income_band: 6.137415766716003e-07, 0.0034144215805334507, 0.018607630411485564
inventory: 0.24701470416039228, 0.03768307784569969, 0.31875646099594523
item: 0.005464168265461922, 0.006179116289942515, 115.35592599310324
reason: 1.2423843145370483e-06, 0.004734816911922652, 8.48890963621427
ship_mode: 1.5795230865478516e-06, 0.0047091642948589385, 2.12639629383399
store: 2.3781321942806244e-05, 0.005282365879176288, 77.85049262984
store_returns: 36.877127600833774, 4.8256613031339874, 29.115169678092368
store_sales: 288.85508783441037, 39.294602588155655, 145.41056273202616
time_dim: 0.0012104213237762451, 0.0019427893393232948, 8.70526109867563
warehouse: 2.3292377591133118e-06, 0.00044575833725905655, 2.840769496610482
web_page: 1.0661780834197998e-05, 0.001554375316904113, 7.773221314658119
web_returns: 11.326140539720654, 1.4914920056822114, 24.28379581097859
web_sales: 109.34904180746526, 14.645911495621394, 89.12539418479781
web_site: 8.863396942615509e-06, 0.0006161861392465583, 8.620096531579035
{}
{}
STARTING PHASE 2: 0b111111111110111111111111
----
[0, 1, 2, 3, 4, 5, 6, 7, 8, 9, 10, 11, 13, 14, 15, 16, 17, 18, 19, 20, 21, 22, 23]
Function: 105.79927960549071, 12.238641363637058, 4.76837158203125e-05, 83.21532544546065, 9.844826880426007, 0.4407678950676602, 0.059670337183502335
-0.023675405100833415
call_center: 5.735084414482117e-06, 0.005376689308220642, 3.1445420718509607
catalog_page: 0.0006659524515271187, 0.005071477813068232, 7.406612413343049
catalog_returns: 23.366260116919875, 3.059971557143153, 23.10485092938461
catalog_sales: 217.0907397372648, 29.366765807498286, 80.13911993937133
customer: 0.6484093563631177, 0.09155131173627039, 39.351808952220125
customer_address: 0.18544994108378887, 0.03126826192948401, 34.83463524206387
customer_demographics: 0.012168197892606258, 0.007096556418692932, 19.836182997187816
date_dim: 0.0019952356815338135, 0.005568128628050404, 175.9245373808418
household_demographics: 3.512948751449585e-05, 0.004389723649255914, 16.483489533934755
income_band: 6.137415766716003e-07, 0.0034144215805334507, 0.018607630411485564
inventory: 0.24701470416039228, 0.03768307784569969, 0.31875646099594523
item: 0.005464168265461922, 0.006179116289942515, 115.35592599310324
reason: 1.2423843145370483e-06, 0.004734816911922652, 8.48890963621427
ship_mode: 1.5795230865478516e-06, 0.0047091642948589385, 2.12639629383399
store: 2.3781321942806244e-05, 0.005282365879176288, 77.85049262984
store_returns: 36.877127600833774, 4.8256613031339874, 29.115169678092368
store_sales: 288.85508783441037, 39.294602588155655, 145.41056273202616
time_dim: 0.0012104213237762451, 0.0019427893393232948, 8.70526109867563
warehouse: 2.3292377591133118e-06, 0.00044575833725905655, 2.840769496610482
web_page: 1.0661780834197998e-05, 0.001554375316904113, 7.773221314658119
web_returns: 11.326140539720654, 1.4914920056822114, 24.28379581097859
web_sales: 109.34904180746526, 14.645911495621394, 89.12539418479781
web_site: 8.863396942615509e-06, 0.0006161861392465583, 8.620096531579035
-0.023675372516500613
call_center: 5.735084414482117e-06, 0.005376689307486296, 3.144542071851695
catalog_page: 0.0006659524515271187, 0.005071477727796619, 7.40661241342832
catalog_returns: 23.366260116919875, 3.0599685652197994, 23.104853921307964
catalog_sales: 217.0907397372648, 29.366738010202063, 80.13914773666755
customer: 0.6484093563631177, 0.09155122871095583, 39.32978698325342
customer_address: 0.18544994108378887, 0.03126823818362109, 34.81261321381771
customer_demographics: 0.012168197892606258, 0.0070965548606209405, 19.81416094675387
date_dim: 0.0019952356815338135, 0.005568128372571255, 175.92453738109728
household_demographics: 3.512948751449585e-05, 0.004389723644757773, 16.46146748194724
inventory: 0.24701470416039228, 0.03768304621680151, 0.3187564926248434
item: 0.005464168265461922, 0.0061791155902852935, 115.3559259938029
reason: 1.2423843145370483e-06, 0.004734816911763571, 8.488909636214428
ship_mode: 1.5795230865478516e-06, 0.00470916429465669, 2.1263962938341927
store: 2.3781321942806244e-05, 0.005282365876131218, 77.85049262984306
store_returns: 36.877127600833774, 4.825656581217055, 29.09315234801729
store_sales: 288.85508783441037, 39.29456560182242, 145.4105997183594
time_dim: 0.0012104213237762451, 0.0019427891843353845, 8.705261098830617
warehouse: 2.3292377591133118e-06, 0.0004457583369608102, 2.8407694966107804
web_page: 1.0661780834197998e-05, 0.0015543753155389296, 7.773221314659484
web_returns: 11.326140539720654, 1.4914905554311135, 24.283797261229687
web_sales: 109.34904180746526, 14.645897494067434, 89.12540818635176
web_site: 8.863396942615509e-06, 0.0006161861381116482, 8.62009653158017
Function: 105.81779914487424, 12.237632180887864, 0.02307891845703125, 83.2153253712235, 9.841422532940705, 0.4406798042346647, 0.05966033713047506
hiya: 0b111111111110110111111111, 105.81779914487424
-0.023675372516500613
call_center: 5.735084414482117e-06, 0.005376689307486296, 3.144542071851695
catalog_page: 0.0006659524515271187, 0.005071477727796619, 7.40661241342832
catalog_returns: 23.366260116919875, 3.0599685652197994, 23.104853921307964
catalog_sales: 217.0907397372648, 29.366738010202063, 80.13914773666755
customer: 0.6484093563631177, 0.09155122871095583, 39.32978698325342
customer_address: 0.18544994108378887, 0.03126823818362109, 34.81261321381771
customer_demographics: 0.012168197892606258, 0.0070965548606209405, 19.81416094675387
date_dim: 0.0019952356815338135, 0.005568128372571255, 175.92453738109728
household_demographics: 3.512948751449585e-05, 0.004389723644757773, 16.46146748194724
inventory: 0.24701470416039228, 0.03768304621680151, 0.3187564926248434
item: 0.005464168265461922, 0.0061791155902852935, 115.3559259938029
reason: 1.2423843145370483e-06, 0.004734816911763571, 8.488909636214428
ship_mode: 1.5795230865478516e-06, 0.00470916429465669, 2.1263962938341927
store: 2.3781321942806244e-05, 0.005282365876131218, 77.85049262984306
store_returns: 36.877127600833774, 4.825656581217055, 29.09315234801729
store_sales: 288.85508783441037, 39.29456560182242, 145.4105997183594
time_dim: 0.0012104213237762451, 0.0019427891843353845, 8.705261098830617
warehouse: 2.3292377591133118e-06, 0.0004457583369608102, 2.8407694966107804
web_page: 1.0661780834197998e-05, 0.0015543753155389296, 7.773221314659484
web_returns: 11.326140539720654, 1.4914905554311135, 24.283797261229687
web_sales: 109.34904180746526, 14.645897494067434, 89.12540818635176
web_site: 8.863396942615509e-06, 0.0006161861381116482, 8.62009653158017
call_center: 5.735084414482117e-06, 0.0053766893046238865, 3.1445420718545574
catalog_page: 0.0006659524515271187, 0.005071477395416478, 7.4066124137607
catalog_returns: 23.366260116919875, 3.0599569030045433, 23.10486558352322
catalog_sales: 217.0907397372648, 29.366629659146984, 80.03304419419075
customer: 0.6484093563631177, 0.09155090508665951, 39.32978730687772
customer_address: 0.18544994108378887, 0.03126814562464412, 34.81261330637669
customer_demographics: 0.012168197892606258, 0.007096548787413572, 19.814160952827077
date_dim: 0.0019952356815338135, 0.005568127376739322, 175.56809784325148
household_demographics: 3.512948751449585e-05, 0.004389723627224473, 16.46146748196477
item: 0.005464168265461922, 0.006179112863092058, 114.99948645768846
reason: 1.2423843145370483e-06, 0.004734816911143492, 8.488909636215048
ship_mode: 1.5795230865478516e-06, 0.004709164293868342, 2.126396293834981
store: 2.3781321942806244e-05, 0.005282365864261843, 77.85049262985493
store_returns: 36.877127600833774, 4.825638175661441, 29.093170753572906
store_sales: 288.85508783441037, 39.29442143282853, 145.20264722925103
time_dim: 0.0012104213237762451, 0.0019427885802081532, 8.705261099434743
warehouse: 2.3292377591133118e-06, 0.0004457583357982762, 2.798638509404451
web_page: 1.0661780834197998e-05, 0.0015543753102175823, 7.773221314664806
web_returns: 11.326140539720654, 1.4914849024987087, 24.28380291416209
web_sales: 109.34904180746526, 14.64584291742328, 89.12546276299592
web_site: 8.863396942615509e-06, 0.0006161861336878833, 8.620096531584595
Function: 106.13597567071727, 12.228280398928728, 0.3888702392578125, 83.18544688429942, 9.833570819506246, 0.4401783336650136, 0.0596289950600356
hiya: 0b111111111110100111111111, 106.13597567071727
call_center: 5.735084414482117e-06, 0.0053766893046238865, 3.1445420718545574
catalog_page: 0.0006659524515271187, 0.005071477395416478, 7.4066124137607
catalog_returns: 23.366260116919875, 3.0599569030045433, 23.10486558352322
catalog_sales: 217.0907397372648, 29.366629659146984, 80.03304419419075
customer: 0.6484093563631177, 0.09155090508665951, 39.32978730687772
customer_address: 0.18544994108378887, 0.03126814562464412, 34.81261330637669
customer_demographics: 0.012168197892606258, 0.007096548787413572, 19.814160952827077
date_dim: 0.0019952356815338135, 0.005568127376739322, 175.56809784325148
household_demographics: 3.512948751449585e-05, 0.004389723627224473, 16.46146748196477
item: 0.005464168265461922, 0.006179112863092058, 114.99948645768846
reason: 1.2423843145370483e-06, 0.004734816911143492, 8.488909636215048
ship_mode: 1.5795230865478516e-06, 0.004709164293868342, 2.126396293834981
store: 2.3781321942806244e-05, 0.005282365864261843, 77.85049262985493
store_returns: 36.877127600833774, 4.825638175661441, 29.093170753572906
store_sales: 288.85508783441037, 39.29442143282853, 145.20264722925103
time_dim: 0.0012104213237762451, 0.0019427885802081532, 8.705261099434743
warehouse: 2.3292377591133118e-06, 0.0004457583357982762, 2.798638509404451
web_page: 1.0661780834197998e-05, 0.0015543753102175823, 7.773221314664806
web_returns: 11.326140539720654, 1.4914849024987087, 24.28380291416209
web_sales: 109.34904180746526, 14.64584291742328, 89.12546276299592
web_site: 8.863396942615509e-06, 0.0006161861336878833, 8.620096531584595
call_center: 5.735084414482117e-06, 0.005376689293578164, 2.6398598318475535
catalog_page: 0.0006659524515271187, 0.00507147611279785, 7.406612415043319
catalog_returns: 23.366260116919875, 3.0599118997908565, 23.104910586736906
catalog_sales: 217.0907397372648, 29.366211544271053, 78.15349233937486
customer: 0.6484093563631177, 0.09154965625588066, 39.3297885557085
customer_address: 0.18544994108378887, 0.0312677884496711, 34.812613663551666
customer_demographics: 0.012168197892606258, 0.007096525351570301, 19.81416097626292
date_dim: 0.0019952356815338135, 0.005568123533932759, 173.43699238896542
household_demographics: 3.512948751449585e-05, 0.004389723559565385, 16.46146748203243
item: 0.005464168265461922, 0.006179102339151521, 114.99948646821241
reason: 1.2423843145370483e-06, 0.00473481690875067, 8.488909636217441
store: 2.3781321942806244e-05, 0.005282365818459225, 77.85049262990073
store_returns: 36.877127600833774, 4.825567150634531, 29.093241778599815
store_sales: 288.85508783441037, 39.293865100442545, 145.203203561637
time_dim: 0.0012104213237762451, 0.001942786248947215, 7.329973372092222
warehouse: 2.3292377591133118e-06, 0.00044575833131218454, 0.6675330512800878
web_page: 1.0661780834197998e-05, 0.0015543752896830852, 7.7732213146853395
web_returns: 11.326140539720654, 1.4914630884505724, 24.283824728210227
web_sales: 109.34904180746526, 14.645632312120153, 87.49925015018825
web_site: 8.863396942615509e-06, 0.0006161861166170579, 8.36896104316465
Function: 108.26104742059354, 12.166592964601524, 2.581663131713867, 83.18544669324295, 9.8288718459026, 0.4388537902090414, 0.05961899492356481
hiya: 0b111111111010100111111111, 108.26104742059354
call_center: 5.735084414482117e-06, 0.005376689293578164, 2.6398598318475535
catalog_page: 0.0006659524515271187, 0.00507147611279785, 7.406612415043319
catalog_returns: 23.366260116919875, 3.0599118997908565, 23.104910586736906
catalog_sales: 217.0907397372648, 29.366211544271053, 78.15349233937486
customer: 0.6484093563631177, 0.09154965625588066, 39.3297885557085
customer_address: 0.18544994108378887, 0.0312677884496711, 34.812613663551666
customer_demographics: 0.012168197892606258, 0.007096525351570301, 19.81416097626292
date_dim: 0.0019952356815338135, 0.005568123533932759, 173.43699238896542
household_demographics: 3.512948751449585e-05, 0.004389723559565385, 16.46146748203243
item: 0.005464168265461922, 0.006179102339151521, 114.99948646821241
reason: 1.2423843145370483e-06, 0.00473481690875067, 8.488909636217441
store: 2.3781321942806244e-05, 0.005282365818459225, 77.85049262990073
store_returns: 36.877127600833774, 4.825567150634531, 29.093241778599815
store_sales: 288.85508783441037, 39.293865100442545, 145.203203561637
time_dim: 0.0012104213237762451, 0.001942786248947215, 7.329973372092222
warehouse: 2.3292377591133118e-06, 0.00044575833131218454, 0.6675330512800878
web_page: 1.0661780834197998e-05, 0.0015543752896830852, 7.7732213146853395
web_returns: 11.326140539720654, 1.4914630884505724, 24.283824728210227
web_sales: 109.34904180746526, 14.645632312120153, 87.49925015018825
web_site: 8.863396942615509e-06, 0.0006161861166170579, 8.36896104316465
call_center: 5.735084414482117e-06, 0.005376689293490879, 2.639859831847641
catalog_page: 0.0006659524515271187, 0.005071476102662322, 7.406612415053455
catalog_returns: 23.366260116919875, 3.059911544165797, 22.436932132750563
catalog_sales: 217.0907397372648, 29.36620824023751, 77.48551683379699
customer: 0.6484093563631177, 0.09154964638735164, 39.329788565577026
customer_address: 0.18544994108378887, 0.03126778562719775, 34.81261366637413
customer_demographics: 0.012168197892606258, 0.007096525166375234, 19.814160976448115
date_dim: 0.0019952356815338135, 0.0055681235035660755, 172.76901357938436
household_demographics: 3.512948751449585e-05, 0.004389723559030729, 16.461467482032965
item: 0.005464168265461922, 0.006179102255989082, 114.33150765868416
reason: 1.2423843145370483e-06, 0.004734816908731761, 8.48890963621746
store: 2.3781321942806244e-05, 0.005282365818097282, 77.85049262990108
store_returns: 36.877127600833774, 4.825566589379515, 29.09324233985483
store_sales: 288.85508783441037, 39.29386070418455, 145.20320795789502
time_dim: 0.0012104213237762451, 0.0019427862305250903, 7.329973372110644
web_page: 1.0661780834197998e-05, 0.0015543752895208172, 7.773221314685502
web_returns: 11.326140539720654, 1.4914629160712793, 24.283824900589522
web_sales: 109.34904180746526, 14.645630647871817, 87.49925181443659
web_site: 8.863396942615509e-06, 0.0006161861164821605, 8.368961043164784
Function: 108.92857000282262, 12.166503842084017, 3.2497310638427734, 83.18544641150223, 9.82843636876742, 0.4388433219038628, 0.05960899472231867
hiya: 0b111101111010100111111111, 108.92857000282262
call_center: 5.735084414482117e-06, 0.005376689293490879, 2.639859831847641
catalog_page: 0.0006659524515271187, 0.005071476102662322, 7.406612415053455
catalog_returns: 23.366260116919875, 3.059911544165797, 22.436932132750563
catalog_sales: 217.0907397372648, 29.36620824023751, 77.48551683379699
customer: 0.6484093563631177, 0.09154964638735164, 39.329788565577026
customer_address: 0.18544994108378887, 0.03126778562719775, 34.81261366637413
customer_demographics: 0.012168197892606258, 0.007096525166375234, 19.814160976448115
date_dim: 0.0019952356815338135, 0.0055681235035660755, 172.76901357938436
household_demographics: 3.512948751449585e-05, 0.004389723559030729, 16.461467482032965
item: 0.005464168265461922, 0.006179102255989082, 114.33150765868416
reason: 1.2423843145370483e-06, 0.004734816908731761, 8.48890963621746
store: 2.3781321942806244e-05, 0.005282365818097282, 77.85049262990108
store_returns: 36.877127600833774, 4.825566589379515, 29.09324233985483
store_sales: 288.85508783441037, 39.29386070418455, 145.20320795789502
time_dim: 0.0012104213237762451, 0.0019427862305250903, 7.329973372110644
web_page: 1.0661780834197998e-05, 0.0015543752895208172, 7.773221314685502
web_returns: 11.326140539720654, 1.4914629160712793, 24.283824900589522
web_sales: 109.34904180746526, 14.645630647871817, 87.49925181443659
web_site: 8.863396942615509e-06, 0.0006161861164821605, 8.368961043164784
catalog_page: 0.0006659524515271187, 0.00507147511698976, 7.406612416039128
catalog_returns: 23.366260116919875, 3.059876959892643, 21.31365001525468
catalog_sales: 217.0907397372648, 29.365886925426977, 74.89400011712404
customer: 0.6484093563631177, 0.09154868668022761, 39.27639103562651
customer_address: 0.18544994108378887, 0.031267511143759384, 33.68929723908854
customer_demographics: 0.012168197892606258, 0.007096507156292423, 19.760762504800557
date_dim: 0.0019952356815338135, 0.0055681205504287115, 170.12377706119636
household_demographics: 3.512948751449585e-05, 0.004389723507035767, 16.40806899242732
item: 0.005464168265461922, 0.006179094168503669, 112.80958784739954
reason: 1.2423843145370483e-06, 0.004734816906892915, 8.488909636219299
store: 2.3781321942806244e-05, 0.005282365782898678, 77.85049262993628
store_returns: 36.877127600833774, 4.825512007745668, 29.093296921488676
store_sales: 288.85508783441037, 39.2934331713569, 145.20363549072266
time_dim: 0.0012104213237762451, 0.0019427844389871428, 7.329973373902182
web_page: 1.0661780834197998e-05, 0.001554375273740374, 7.773221314701282
web_returns: 11.326140539720654, 1.4914461523129268, 24.28384166434787
web_sales: 109.34904180746526, 14.645468800956134, 87.49941366135226
web_site: 8.863396942615509e-06, 0.0006161861033634955, 8.368961043177903
Function: 111.56741193881852, 12.120852912053273, 5.940618515014648, 83.18544571779599, 9.823070371839204, 0.43782542788859763, 0.059598994226807374
hiya: 0b111101111010100111111110, 111.56741193881852
catalog_page: 0.0006659524515271187, 0.00507147511698976, 7.406612416039128
catalog_returns: 23.366260116919875, 3.059876959892643, 21.31365001525468
catalog_sales: 217.0907397372648, 29.365886925426977, 74.89400011712404
customer: 0.6484093563631177, 0.09154868668022761, 39.27639103562651
customer_address: 0.18544994108378887, 0.031267511143759384, 33.68929723908854
customer_demographics: 0.012168197892606258, 0.007096507156292423, 19.760762504800557
date_dim: 0.0019952356815338135, 0.0055681205504287115, 170.12377706119636
household_demographics: 3.512948751449585e-05, 0.004389723507035767, 16.40806899242732
item: 0.005464168265461922, 0.006179094168503669, 112.80958784739954
reason: 1.2423843145370483e-06, 0.004734816906892915, 8.488909636219299
store: 2.3781321942806244e-05, 0.005282365782898678, 77.85049262993628
store_returns: 36.877127600833774, 4.825512007745668, 29.093296921488676
store_sales: 288.85508783441037, 39.2934331713569, 145.20363549072266
time_dim: 0.0012104213237762451, 0.0019427844389871428, 7.329973373902182
web_page: 1.0661780834197998e-05, 0.001554375273740374, 7.773221314701282
web_returns: 11.326140539720654, 1.4914461523129268, 24.28384166434787
web_sales: 109.34904180746526, 14.645468800956134, 87.49941366135226
web_site: 8.863396942615509e-06, 0.0006161861033634955, 8.368961043177903
catalog_page: 0.0006659524515271187, 0.005071471618231076, 7.406612419537886
catalog_returns: 23.366260116919875, 3.0597541990178887, 21.313772776129436
catalog_sales: 217.0907397372648, 29.36474638136995, 73.15397404764956
customer: 0.6484093563631177, 0.09154528008886947, 39.276394442217864
customer_address: 0.18544994108378887, 0.03126653683307052, 33.689298213399226
customer_demographics: 0.012168197892606258, 0.007096443227421905, 19.760762568729426
date_dim: 0.0019952356815338135, 0.005568110067926318, 168.38261045814738
household_demographics: 3.512948751449585e-05, 0.004389723322473643, 10.817319447802223
item: 0.005464168265461922, 0.0061790654610394576, 111.0684212625755
reason: 1.2423843145370483e-06, 0.004734816900365718, 8.488909636225827
store: 2.3781321942806244e-05, 0.005282365657957166, 72.56768561087361
store_returns: 36.877127600833774, 4.82531826392787, 29.093490665306476
store_sales: 288.85508783441037, 39.29191559417157, 138.18117943518885
web_page: 1.0661780834197998e-05, 0.001554375217725867, 7.4652787891352475
web_returns: 11.326140539720654, 1.4913866474151256, 24.283901169245674
web_sales: 109.34904180746526, 14.644894306622907, 85.45087901653194
web_site: 8.863396942615509e-06, 0.0006161860567972775, 8.368961043224468
Function: 118.8937710396294, 11.941549092061923, 13.451838493347168, 83.18529930725002, 9.821283713134129, 0.4342115441897476, 0.059588889646405
hiya: 0b111100111010100111111110, 118.8937710396294
catalog_page: 0.0006659524515271187, 0.005071471618231076, 7.406612419537886
catalog_returns: 23.366260116919875, 3.0597541990178887, 21.313772776129436
catalog_sales: 217.0907397372648, 29.36474638136995, 73.15397404764956
customer: 0.6484093563631177, 0.09154528008886947, 39.276394442217864
customer_address: 0.18544994108378887, 0.03126653683307052, 33.689298213399226
customer_demographics: 0.012168197892606258, 0.007096443227421905, 19.760762568729426
date_dim: 0.0019952356815338135, 0.005568110067926318, 168.38261045814738
household_demographics: 3.512948751449585e-05, 0.004389723322473643, 10.817319447802223
item: 0.005464168265461922, 0.0061790654610394576, 111.0684212625755
reason: 1.2423843145370483e-06, 0.004734816900365718, 8.488909636225827
store: 2.3781321942806244e-05, 0.005282365657957166, 72.56768561087361
store_returns: 36.877127600833774, 4.82531826392787, 29.093490665306476
store_sales: 288.85508783441037, 39.29191559417157, 138.18117943518885
web_page: 1.0661780834197998e-05, 0.001554375217725867, 7.4652787891352475
web_returns: 11.326140539720654, 1.4913866474151256, 24.283901169245674
web_sales: 109.34904180746526, 14.644894306622907, 85.45087901653194
web_site: 8.863396942615509e-06, 0.0006161860567972775, 8.368961043224468
catalog_returns: 23.366260116919875, 3.0596557191212934, 13.902187364869915
catalog_sales: 217.0907397372648, 29.3638314264951, 65.7432051113683
customer: 0.6484093563631177, 0.09154254729012264, 39.27639717501661
customer_address: 0.18544994108378887, 0.03126575523212411, 33.68929899500017
customer_demographics: 0.012168197892606258, 0.007096391943097233, 19.76076262001375
date_dim: 0.0019952356815338135, 0.005568101658767016, 160.97092657540043
household_demographics: 3.512948751449585e-05, 0.004389723174416218, 10.81731944795028
item: 0.005464168265461922, 0.0061790424316490854, 111.06842128560488
reason: 1.2423843145370483e-06, 0.004734816895129541, 8.488909636231062
store: 2.3781321942806244e-05, 0.005282365557727942, 65.15600171981774
store_returns: 36.877127600833774, 4.8251628408651, 21.681962197213124
store_sales: 288.85508783441037, 39.29069817987255, 130.77071295833176
web_page: 1.0661780834197998e-05, 0.0015543751727905171, 7.465278789180183
web_returns: 11.326140539720654, 1.4913389120418312, 16.87226501346285
web_sales: 109.34904180746526, 14.64443344201402, 78.03965598998471
web_site: 8.863396942615509e-06, 0.0006161860194414314, 0.957277152105708
Function: 126.29748435138909, 11.8012577329739, 21.00381374359131, 83.18521875475142, 9.816302633817195, 0.43131265414712844, 0.059578832108113176
hiya: 0b111100111010100111111100, 126.29748435138909
catalog_returns: 23.366260116919875, 3.0596557191212934, 13.902187364869915
catalog_sales: 217.0907397372648, 29.3638314264951, 65.7432051113683
customer: 0.6484093563631177, 0.09154254729012264, 39.27639717501661
customer_address: 0.18544994108378887, 0.03126575523212411, 33.68929899500017
customer_demographics: 0.012168197892606258, 0.007096391943097233, 19.76076262001375
date_dim: 0.0019952356815338135, 0.005568101658767016, 160.97092657540043
household_demographics: 3.512948751449585e-05, 0.004389723174416218, 10.81731944795028
item: 0.005464168265461922, 0.0061790424316490854, 111.06842128560488
reason: 1.2423843145370483e-06, 0.004734816895129541, 8.488909636231062
store: 2.3781321942806244e-05, 0.005282365557727942, 65.15600171981774
store_returns: 36.877127600833774, 4.8251628408651, 21.681962197213124
store_sales: 288.85508783441037, 39.29069817987255, 130.77071295833176
web_page: 1.0661780834197998e-05, 0.0015543751727905171, 7.465278789180183
web_returns: 11.326140539720654, 1.4913389120418312, 16.87226501346285
web_sales: 109.34904180746526, 14.64443344201402, 78.03965598998471
web_site: 8.863396942615509e-06, 0.0006161860194414314, 0.957277152105708
catalog_returns: 23.366260116919875, 3.059551578295784, 13.902291505695425
catalog_sales: 217.0907397372648, 29.362863877185383, 65.744172660678
customer: 0.6484093563631177, 0.09153965740165516, 39.27640006490508
customer_address: 0.18544994108378887, 0.031264928702338914, 32.731406483404804
customer_demographics: 0.012168197892606258, 0.007096337710791029, 19.760762674246056
date_dim: 0.0019952356815338135, 0.00556809276622324, 160.01303324616782
household_demographics: 3.512948751449585e-05, 0.004389723017847995, 10.817319448106849
item: 0.005464168265461922, 0.006179018078458158, 111.06842130995808
reason: 1.2423843145370483e-06, 0.004734816889592372, 8.4889096362366
store: 2.3781321942806244e-05, 0.005282365451737232, 65.15600171992374
store_returns: 36.877127600833774, 4.824998483604179, 21.682126554474046
store_sales: 288.85508783441037, 39.289410784835894, 130.7720003533684
web_page: 1.0661780834197998e-05, 0.0015543751252721444, 7.4652787892277015
web_returns: 11.326140539720654, 1.4912884326917024, 15.914422154687832
web_sales: 109.34904180746526, 14.643946085482613, 77.08225000839096
Function: 127.25169641247443, 11.648239701775319, 22.11472511291504, 83.1852176826497, 9.815697517729996, 0.42824756606207065, 0.05956883134231568
hiya: 0b11100111010100111111100, 127.25169641247443
catalog_returns: 23.366260116919875, 3.059551578295784, 13.902291505695425
catalog_sales: 217.0907397372648, 29.362863877185383, 65.744172660678
customer: 0.6484093563631177, 0.09153965740165516, 39.27640006490508
customer_address: 0.18544994108378887, 0.031264928702338914, 32.731406483404804
customer_demographics: 0.012168197892606258, 0.007096337710791029, 19.760762674246056
date_dim: 0.0019952356815338135, 0.00556809276622324, 160.01303324616782
household_demographics: 3.512948751449585e-05, 0.004389723017847995, 10.817319448106849
item: 0.005464168265461922, 0.006179018078458158, 111.06842130995808
reason: 1.2423843145370483e-06, 0.004734816889592372, 8.4889096362366
store: 2.3781321942806244e-05, 0.005282365451737232, 65.15600171992374
store_returns: 36.877127600833774, 4.824998483604179, 21.682126554474046
store_sales: 288.85508783441037, 39.289410784835894, 130.7720003533684
web_page: 1.0661780834197998e-05, 0.0015543751252721444, 7.4652787892277015
web_returns: 11.326140539720654, 1.4912884326917024, 15.914422154687832
web_sales: 109.34904180746526, 14.643946085482613, 77.08225000839096
catalog_returns: 23.366260116919875, 3.0594690591699245, 6.9128966784868275
catalog_sales: 217.0907397372648, 29.36209721029108, 58.75546198123786
customer: 0.6484093563631177, 0.09153736751131678, 39.27640235479542
customer_address: 0.18544994108378887, 0.03126427377652056, 32.25405132031211
customer_demographics: 0.012168197892606258, 0.007096294738186583, 19.283406899200145
date_dim: 0.0019952356815338135, 0.0055680857199478205, 152.54620008886113
household_demographics: 3.512948751449585e-05, 0.0043897228937864385, 10.81731944823091
item: 0.005464168265461922, 0.006178998781472394, 111.06842132925506
reason: 1.2423843145370483e-06, 0.004734816885204829, 8.01155381822247
store: 2.3781321942806244e-05, 0.005282365367752294, 58.166524373673255
store_returns: 36.877127600833774, 4.824868250168507, 14.692779441575262
store_sales: 288.85508783441037, 39.288390678527534, 123.7835431133423
web_returns: 11.326140539720654, 1.4912484338552594, 8.447628989171301
web_sales: 109.34904180746526, 14.643559913827483, 69.61580301569312
Function: 134.7145464808844, 11.528054853127804, 29.701743125915527, 83.18521639301845, 9.81415442957878, 0.42581884882266496, 0.05955883042113781
hiya: 0b11000111010100111111100, 134.7145464808844
catalog_returns: 23.366260116919875, 3.0594690591699245, 6.9128966784868275
catalog_sales: 217.0907397372648, 29.36209721029108, 58.75546198123786
customer: 0.6484093563631177, 0.09153736751131678, 39.27640235479542
customer_address: 0.18544994108378887, 0.03126427377652056, 32.25405132031211
customer_demographics: 0.012168197892606258, 0.007096294738186583, 19.283406899200145
date_dim: 0.0019952356815338135, 0.0055680857199478205, 152.54620008886113
household_demographics: 3.512948751449585e-05, 0.0043897228937864385, 10.81731944823091
item: 0.005464168265461922, 0.006178998781472394, 111.06842132925506
reason: 1.2423843145370483e-06, 0.004734816885204829, 8.01155381822247
store: 2.3781321942806244e-05, 0.005282365367752294, 58.166524373673255
store_returns: 36.877127600833774, 4.824868250168507, 14.692779441575262
store_sales: 288.85508783441037, 39.288390678527534, 123.7835431133423
web_returns: 11.326140539720654, 1.4912484338552594, 8.447628989171301
web_sales: 109.34904180746526, 14.643559913827483, 69.61580301569312
catalog_sales: 217.0907397372648, 29.352510774421212, 48.9735235293683
customer: 0.6484093563631177, 0.09150873462389043, 39.19454849488905
customer_address: 0.18544994108378887, 0.031256084555877514, 32.17217701673895
customer_demographics: 0.012168197892606258, 0.007095757406889585, 19.28340743653144
date_dim: 0.0019952356815338135, 0.005567997613016454, 142.57383443931133
household_demographics: 3.512948751449585e-05, 0.004389721342515391, 10.81731944978218
item: 0.005464168265461922, 0.006178757491131211, 106.50388414626318
reason: 1.2423843145370483e-06, 0.004734816830342804, 8.011553818277333
store: 2.3781321942806244e-05, 0.005282364317601016, 58.16652437472341
store_returns: 36.877127600833774, 4.823239805679174, 4.803924641201641
store_sales: 288.85508783441037, 39.275635225307546, 114.00477367882286
web_returns: 11.326140539720654, 1.490748286681462, -1.4423541085178542
web_sales: 109.34904180746526, 14.638731206817743, 59.82910683496343
catalog_sales: 217.0907397372648, 29.351680962419746, 48.97435334136976
customer: 0.6484093563631177, 0.09150625613095045, 39.14615679521838
customer_address: 0.18544994108378887, 0.03125537568829998, 32.12378354744292
customer_demographics: 0.012168197892606258, 0.007095710894925695, 19.283407483043405
date_dim: 0.0019952356815338135, 0.005567989986387533, 142.52544026877433
household_demographics: 3.512948751449585e-05, 0.0043897212082357326, 10.81731944991646
item: 0.005464168265461922, 0.0061787366047847455, 106.50388416714952
reason: 1.2423843145370483e-06, 0.0047348168255938895, 8.011553818282081
store: 2.3781321942806244e-05, 0.005282364226698814, 58.16652437481431
store_returns: 36.877127600833774, 4.823098845806359, 4.8040656010744565
store_sales: 288.85508783441037, 39.27453109982132, 114.0058778043091
web_sales: 109.34904180746526, 14.63831322884526, 59.829524812935915
Function: 140.12000914968667, 10.237340922512619, 41.013216972351074, 78.98888143025897, 9.45102316095074, 0.3730052566088851, 0.05654140700440407
hiya: 0b10000111010100111111000, 140.12000914968667
catalog_sales: 217.0907397372648, 29.351680962419746, 48.97435334136976
customer: 0.6484093563631177, 0.09150625613095045, 39.14615679521838
customer_address: 0.18544994108378887, 0.03125537568829998, 32.12378354744292
customer_demographics: 0.012168197892606258, 0.007095710894925695, 19.283407483043405
date_dim: 0.0019952356815338135, 0.005567989986387533, 142.52544026877433
household_demographics: 3.512948751449585e-05, 0.0043897212082357326, 10.81731944991646
item: 0.005464168265461922, 0.0061787366047847455, 106.50388416714952
reason: 1.2423843145370483e-06, 0.0047348168255938895, 8.011553818282081
store: 2.3781321942806244e-05, 0.005282364226698814, 58.16652437481431
store_returns: 36.877127600833774, 4.823098845806359, 4.8040656010744565
store_sales: 288.85508783441037, 39.27453109982132, 114.0058778043091
web_sales: 109.34904180746526, 14.63831322884526, 59.829524812935915
catalog_sales: 217.0907397372648, 29.342700314696604, 44.18052804240665
customer: 0.6484093563631177, 0.09147943261919249, 36.58792260805311
customer_address: 0.18544994108378887, 0.03124770396267425, 29.752806918492762
customer_demographics: 0.012168197892606258, 0.007095207518785233, 19.283407986419547
date_dim: 0.0019952356815338135, 0.005567907447128593, 136.53106743206567
household_demographics: 3.512948751449585e-05, 0.004389719754992943, 10.817319451369704
item: 0.005464168265461922, 0.006178510562115438, 99.33009414583015
reason: 1.2423843145370483e-06, 0.0047348167741987175, 6.749746591376395
store: 2.3781321942806244e-05, 0.005282363242908925, 49.80116715587437
store_sales: 288.85508783441037, 39.262581691983755, 104.57793947526709
web_sales: 109.34904180746526, 14.63378965854224, 59.83404838323894
Function: 144.8632452345961, 9.185017187325561, 51.692705154418945, 74.52828553754145, 9.077439860660235, 0.3264522714701929, 0.053345223179692036
hiya: 0b10000101010100111111000, 144.8632452345961
catalog_sales: 217.0907397372648, 29.342700314696604, 44.18052804240665
customer: 0.6484093563631177, 0.09147943261919249, 36.58792260805311
customer_address: 0.18544994108378887, 0.03124770396267425, 29.752806918492762
customer_demographics: 0.012168197892606258, 0.007095207518785233, 19.283407986419547
date_dim: 0.0019952356815338135, 0.005567907447128593, 136.53106743206567
household_demographics: 3.512948751449585e-05, 0.004389719754992943, 10.817319451369704
item: 0.005464168265461922, 0.006178510562115438, 99.33009414583015
reason: 1.2423843145370483e-06, 0.0047348167741987175, 6.749746591376395
store: 2.3781321942806244e-05, 0.005282363242908925, 49.80116715587437
store_sales: 288.85508783441037, 39.262581691983755, 104.57793947526709
web_sales: 109.34904180746526, 14.63378965854224, 59.83404838323894
catalog_sales: 217.0907397372648, 29.34109865721278, 44.18212969989047
customer: 0.6484093563631177, 0.09147464876844208, 36.58792739190387
customer_address: 0.18544994108378887, 0.031246335745465304, 29.75280828670997
customer_demographics: 0.012168197892606258, 0.007095117743950789, 19.28340807619438
date_dim: 0.0019952356815338135, 0.005567892726628929, 136.53106744678618
household_demographics: 3.512948751449585e-05, 0.004389719495813733, 10.817319451628883
item: 0.005464168265461922, 0.006178470248438282, 99.33009418614381
store: 2.3781321942806244e-05, 0.005282363067454493, 49.80116715604983
store_sales: 288.85508783441037, 39.26045056969945, 97.8255891894008
web_sales: 109.34904180746526, 14.632982900449417, 59.83485514133176
Function: 151.60844598960927, 8.935437850236898, 58.6967658996582, 74.52828538726472, 9.072715193737745, 0.32190643563938864, 0.05333522307235003
hiya: 0b10000101000100111111000, 151.60844598960927
catalog_sales: 217.0907397372648, 29.34109865721278, 44.18212969989047
customer: 0.6484093563631177, 0.09147464876844208, 36.58792739190387
customer_address: 0.18544994108378887, 0.031246335745465304, 29.75280828670997
customer_demographics: 0.012168197892606258, 0.007095117743950789, 19.28340807619438
date_dim: 0.0019952356815338135, 0.005567892726628929, 136.53106744678618
household_demographics: 3.512948751449585e-05, 0.004389719495813733, 10.817319451628883
item: 0.005464168265461922, 0.006178470248438282, 99.33009418614381
store: 2.3781321942806244e-05, 0.005282363067454493, 49.80116715604983
store_sales: 288.85508783441037, 39.26045056969945, 97.8255891894008
web_sales: 109.34904180746526, 14.632982900449417, 59.83485514133176
catalog_sales: 217.0907397372648, 29.338296815980062, 44.18493154112319
customer: 0.6484093563631177, 0.09146628019375053, 28.407972108502364
customer_address: 0.18544994108378887, 0.031243942270312186, 22.849200211834077
customer_demographics: 0.012168197892606258, 0.00709496069736914, 16.641662714092455
date_dim: 0.0019952356815338135, 0.0055678669754909114, 125.70935830141264
item: 0.005464168265461922, 0.006178399726167423, 99.33009425666609
store: 2.3781321942806244e-05, 0.005282362760525287, 38.97945798523206
store_sales: 288.85508783441037, 39.25672251526307, 87.00760807271251
web_sales: 109.34904180746526, 14.63157160739074, 59.83626643439044
Function: 162.4178132031679, 8.494949526854755, 69.95896339416504, 74.52828113806045, 9.068339711169005, 0.31395421288146863, 0.05332522003716231
hiya: 0b10000101000100011111000, 162.4178132031679
catalog_sales: 217.0907397372648, 29.338296815980062, 44.18493154112319
customer: 0.6484093563631177, 0.09146628019375053, 28.407972108502364
customer_address: 0.18544994108378887, 0.031243942270312186, 22.849200211834077
customer_demographics: 0.012168197892606258, 0.00709496069736914, 16.641662714092455
date_dim: 0.0019952356815338135, 0.0055678669754909114, 125.70935830141264
item: 0.005464168265461922, 0.006178399726167423, 99.33009425666609
store: 2.3781321942806244e-05, 0.005282362760525287, 38.97945798523206
store_sales: 288.85508783441037, 39.25672251526307, 87.00760807271251
web_sales: 109.34904180746526, 14.63157160739074, 59.83626643439044
catalog_sales: 217.0907397372648, 29.333675541537126, 35.59463296394912
customer: 0.6484093563631177, 0.0914524773130254, 19.81306605976607
customer_address: 0.18544994108378887, 0.031239994542858623, 12.579427699713847
date_dim: 0.0019952356815338135, 0.005567824502321978, 109.06060066909598
item: 0.005464168265461922, 0.006178283408810047, 86.36395104904578
store: 2.3781321942806244e-05, 0.005282362254285291, 30.925620162565487
store_sales: 288.85508783441037, 39.25057357202976, 76.9521614501515
web_sales: 109.34904180746526, 14.629243862168277, 57.83083643699139
Function: 179.04634838326703, 7.766821787521044, 87.33584880828857, 74.52680929312369, 9.06272218577345, 0.3008321398554059, 0.05331416870486439
hiya: 0b10000101000100010111000, 179.04634838326703
catalog_sales: 217.0907397372648, 29.333675541537126, 35.59463296394912
customer: 0.6484093563631177, 0.0914524773130254, 19.81306605976607
customer_address: 0.18544994108378887, 0.031239994542858623, 12.579427699713847
date_dim: 0.0019952356815338135, 0.005567824502321978, 109.06060066909598
item: 0.005464168265461922, 0.006178283408810047, 86.36395104904578
store: 2.3781321942806244e-05, 0.005282362254285291, 30.925620162565487
store_sales: 288.85508783441037, 39.25057357202976, 76.9521614501515
web_sales: 109.34904180746526, 14.629243862168277, 57.83083643699139
catalog_sales: 217.0907397372648, 29.331199619645005, 28.580252910361565
customer: 0.6484093563631177, 0.09144508219832627, 15.42242538924461
date_dim: 0.0019952356815338135, 0.005567801746640599, 96.44993299759497
item: 0.005464168265461922, 0.006178221089920504, 77.75309315299542
store: 2.3781321942806244e-05, 0.005282361983059094, 27.772316936762333
store_sales: 288.85508783441037, 39.24727917708466, 64.98947046814294
web_sales: 109.34904180746526, 14.62799673533633, 48.122089233135036
Function: 191.618573435991, 7.382575426907141, 100.33076286315918, 74.50437757733343, 9.053852754063207, 0.2937166686980866, 0.053288145829954746
hiya: 0b10000101000100010011000, 191.618573435991
catalog_sales: 217.0907397372648, 29.331199619645005, 28.580252910361565
customer: 0.6484093563631177, 0.09144508219832627, 15.42242538924461
date_dim: 0.0019952356815338135, 0.005567801746640599, 96.44993299759497
item: 0.005464168265461922, 0.006178221089920504, 77.75309315299542
store: 2.3781321942806244e-05, 0.005282361983059094, 27.772316936762333
store_sales: 288.85508783441037, 39.24727917708466, 64.98947046814294
web_sales: 109.34904180746526, 14.62799673533633, 48.122089233135036
catalog_sales: 217.0907397372648, 29.309009983383497, 17.79181165913335
date_dim: 0.0019952356815338135, 0.005567597806324753, 80.93606273009236
item: 0.005464168265461922, 0.006177662577353689, 74.47167173223244
store: 2.3781321942806244e-05, 0.005282359552283446, 27.77231693919311
store_sales: 288.85508783441037, 39.217754245071944, 49.50512492871272
web_sales: 109.34904180746526, 14.61681977096563, 32.61939572606279
Function: 206.97748513540722, 3.8726650755961733, 119.35454368591309, 74.42594706227001, 9.040592011775175, 0.2305151765911834, 0.05322212326156498
hiya: 0b10000101000100010001000, 206.97748513540722
catalog_sales: 217.0907397372648, 29.309009983383497, 17.79181165913335
date_dim: 0.0019952356815338135, 0.005567597806324753, 80.93606273009236
item: 0.005464168265461922, 0.006177662577353689, 74.47167173223244
store: 2.3781321942806244e-05, 0.005282359552283446, 27.77231693919311
store_sales: 288.85508783441037, 39.217754245071944, 49.50512492871272
web_sales: 109.34904180746526, 14.61681977096563, 32.61939572606279
date_dim: 0.0019952356815338135, 0.005567387737018095, 33.8352412976448
item: 0.005464168265461922, 0.006177087279884016, 29.05916133105166
store: 2.3781321942806244e-05, 0.0052823570484560245, 27.772316941696936
store_sales: 288.85508783441037, 39.187342004258696, 4.570019232204295
web_sales: 109.34904180746526, 14.605306906791837, -12.440419168430477
date_dim: 0.0019952356815338135, 0.0055672976586725416, 31.67035364936178
item: 0.005464168265461922, 0.0061768405906123015, 27.85977176223638
store: 2.3781321942806244e-05, 0.0052823559748073545, 27.772316942770587
store_sales: 288.85508783441037, 39.174301144646215, 3.617562168959971
Function: 211.96107241181832, 3.289999136039813, 169.20291900634766, 34.940335152922046, 4.438056939478318, 0.06476445089437632, 0.024997726136100296
hiya: 0b101000100010000000, 211.96107241181832
date_dim: 0.0019952356815338135, 0.0055672976586725416, 31.67035364936178
item: 0.005464168265461922, 0.0061768405906123015, 27.85977176223638
store: 2.3781321942806244e-05, 0.0052823559748073545, 27.772316942770587
store_sales: 288.85508783441037, 39.174301144646215, 3.617562168959971
date_dim: 0.0019952356815338135, 0.0055668512484660735, -0.0055668512484660735
date_dim had no query dependencies
item: 0.005464168265461922, 0.0061756180480795385, -0.0061756180480795385
item had no query dependencies
store: 2.3781321942806244e-05, 0.005282350654019972, -0.005282350654019972
store had no query dependencies
Function: 215.28478145599365, 0, 215.28478145599365, 0.0, 0, 0.0, 0
hiya: 0b0, 215.28478145599365
{105.79927960549071: [0, 1, 2, 3, 4, 5, 6, 7, 8, 9, 10, 11, 13, 14, 15, 16, 17, 18, 19, 20, 21, 22, 23], 105.81779914487424: [0, 1, 2, 3, 4, 5, 6, 7, 8, 10, 11, 13, 14, 15, 16, 17, 18, 19, 20, 21, 22, 23], 106.13597567071727: [0, 1, 2, 3, 4, 5, 6, 7, 8, 11, 13, 14, 15, 16, 17, 18, 19, 20, 21, 22, 23], 108.26104742059354: [0, 1, 2, 3, 4, 5, 6, 7, 8, 11, 13, 15, 16, 17, 18, 19, 20, 21, 22, 23], 108.92857000282262: [0, 1, 2, 3, 4, 5, 6, 7, 8, 11, 13, 15, 16, 17, 18, 20, 21, 22, 23], 111.56741193881852: [1, 2, 3, 4, 5, 6, 7, 8, 11, 13, 15, 16, 17, 18, 20, 21, 22, 23], 118.8937710396294: [1, 2, 3, 4, 5, 6, 7, 8, 11, 13, 15, 16, 17, 20, 21, 22, 23], 126.29748435138909: [2, 3, 4, 5, 6, 7, 8, 11, 13, 15, 16, 17, 20, 21, 22, 23], 127.25169641247443: [2, 3, 4, 5, 6, 7, 8, 11, 13, 15, 16, 17, 20, 21, 22], 134.7145464808844: [2, 3, 4, 5, 6, 7, 8, 11, 13, 15, 16, 17, 21, 22], 140.12000914968667: [3, 4, 5, 6, 7, 8, 11, 13, 15, 16, 17, 22], 144.8632452345961: [3, 4, 5, 6, 7, 8, 11, 13, 15, 17, 22], 151.60844598960927: [3, 4, 5, 6, 7, 8, 11, 15, 17, 22], 162.4178132031679: [3, 4, 5, 6, 7, 11, 15, 17, 22], 179.04634838326703: [3, 4, 5, 7, 11, 15, 17, 22], 191.618573435991: [3, 4, 7, 11, 15, 17, 22], 206.97748513540722: [3, 7, 11, 15, 17, 22], 211.96107241181832: [7, 11, 15, 17], 215.28478145599365: []}
[0, 1, 2, 3, 4, 5, 6, 7, 8, 9, 10, 11, 13, 14, 15, 16, 17, 18, 19, 20, 21, 22, 23]
{'30': 2097328, '60': 4327592, '73': 164240, '24': 231472, '82': 134272, '48': 164064, '17': 231560, '05': 14909582, '43': 163968, '20': 2184, '02': 4194440, '31': 4325536, '09': 139264, '76': 4327560, '70': 163968, '92': 4196480, '83': 2164868, '81': 180, '89': 166016, '04': 4325528, '66': 4997256, '62': 13123712, '01': 98448, '71': 4589704, '50': 229504, '13': 164320, '08': 164016, '40': 526476, '19': 166064, '28': 131072, '84': 66416, '74': 4325520, '55': 133248, '23': 4327576, '27': 166080, '95': 14680224, '98': 133248, '97': 131208, '16': 173, '75': 6490252, '88': 426240, '32': 2184, '10': 4325624, '59': 163968, '93': 204800, '63': 166016, '12': 4196480, '86': 4196480, '78': 6488204, '85': 7348448, '06': 133296, '79': 164240, '25': 231560, '87': 4325528, '11': 4325520, '68': 164272, '52': 133248, '65': 166016, '99': 540809, '21': 527488, '46': 164272, '45': 4196528, '90': 5505280, '33': 4327592, '18': 2296, '67': 166016, '36': 166016, '69': 4325624, '54': 4360376, '35': 4325624, '37': 3208, '91': 501, '14': 4327560, '22': 527488, '47': 166016, '56': 4327592, '15': 184, '49': 6488204, '57': 2185, '39': 527488, '38': 4325528, '51': 4325504, '03': 133248, '44': 133120, '29': 231560, '94': 14680224, '34': 164240, '53': 166016, '96': 426240, '77': 7569548, '42': 133248, '58': 4327560}
Best Cost: $105.79927960549071;
[0, 1, 2, 3, 4, 5, 6, 7, 8, 9, 10, 11, 13, 14, 15, 16, 17, 18, 19, 20, 21, 22, 23]
{}
{'30': 2097328, '60': 4327592, '73': 164240, '24': 231472, '82': 134272, '48': 164064, '17': 231560, '05': 14909582, '43': 163968, '20': 2184, '02': 4194440, '31': 4325536, '09': 139264, '76': 4327560, '70': 163968, '92': 4196480, '83': 2164868, '81': 180, '89': 166016, '04': 4325528, '66': 4997256, '62': 13123712, '01': 98448, '71': 4589704, '50': 229504, '13': 164320, '08': 164016, '40': 526476, '19': 166064, '28': 131072, '84': 66416, '74': 4325520, '55': 133248, '23': 4327576, '27': 166080, '95': 14680224, '98': 133248, '97': 131208, '16': 173, '75': 6490252, '88': 426240, '32': 2184, '10': 4325624, '59': 163968, '93': 204800, '63': 166016, '12': 4196480, '86': 4196480, '78': 6488204, '85': 7348448, '06': 133296, '79': 164240, '25': 231560, '87': 4325528, '11': 4325520, '68': 164272, '52': 133248, '65': 166016, '99': 540809, '21': 527488, '46': 164272, '45': 4196528, '90': 5505280, '33': 4327592, '18': 2296, '67': 166016, '36': 166016, '69': 4325624, '54': 4360376, '35': 4325624, '37': 3208, '91': 501, '14': 4327560, '22': 527488, '47': 166016, '56': 4327592, '15': 184, '49': 6488204, '57': 2185, '39': 527488, '38': 4325528, '51': 4325504, '03': 133248, '44': 133120, '29': 231560, '94': 14680224, '34': 164240, '53': 166016, '96': 426240, '77': 7569548, '42': 133248, '58': 4327560}
{'30': 2097328, '60': 4327592, '73': 164240, '24': 231472, '82': 134272, '48': 164064, '17': 231560, '05': 14909582, '43': 163968, '20': 2184, '02': 4194440, '31': 4325536, '09': 139264, '76': 4327560, '70': 163968, '92': 4196480, '83': 2164868, '81': 180, '89': 166016, '04': 4325528, '66': 4997256, '62': 13123712, '01': 98448, '71': 4589704, '50': 229504, '13': 164320, '08': 164016, '40': 526476, '19': 166064, '28': 131072, '84': 66416, '74': 4325520, '55': 133248, '23': 4327576, '27': 166080, '95': 14680224, '98': 133248, '97': 131208, '16': 173, '75': 6490252, '88': 426240, '32': 2184, '10': 4325624, '59': 163968, '93': 204800, '63': 166016, '12': 4196480, '86': 4196480, '78': 6488204, '85': 7348448, '06': 133296, '79': 164240, '25': 231560, '87': 4325528, '11': 4325520, '68': 164272, '52': 133248, '65': 166016, '99': 540809, '21': 527488, '46': 164272, '45': 4196528, '90': 5505280, '33': 4327592, '18': 2296, '67': 166016, '36': 166016, '69': 4325624, '54': 4360376, '35': 4325624, '37': 3208, '91': 501, '14': 4327560, '22': 527488, '47': 166016, '56': 4327592, '15': 184, '49': 6488204, '57': 2185, '39': 527488, '38': 4325528, '51': 4325504, '03': 133248, '44': 133120, '29': 231560, '94': 14680224, '34': 164240, '53': 166016, '96': 426240, '77': 7569548, '42': 133248, '58': 4327560}
[0, 1, 2, 3, 4, 5, 6, 7, 8, 9, 10, 11, 13, 14, 15, 16, 17, 18, 19, 20, 21, 22, 23]
23
Optimal Subset: 0b111111111110111111111111
Function: 105.79927960549071, 12.238641363637058, 4.76837158203125e-05, 83.21532544546065, 9.844826880426007, 0.4407678950676602, 0.059670337183502335
105.79927960549071
Real: 105.79927960549071, 12.238641363637058, 4.76837158203125e-05, 83.21532544546065, 9.844826880426007, 0.4407678950676602, 0.059670337183502335
Num Redshift Qs: 92; Num GCP Qs: 1
Redshift Qs: $12.238641363637058; GCP Qs: $4.76837158203125e-05; Movement Cost: $83.21532544546065
Load Cost: $9.844826880426007, Storage Cost: $0.4407678950676602, API Cost: $0.059670337183502335
Final cost: $105.79927960549071, BQ Baseline: $215.28478145599365, Diff: $109.48550185050294, %: 50.85612699143941%
