Egress: $0.12/GB
Benchmark: tpcds
Data Path: parquet_2000/real_data_rs1
BigQuery Cost: $5/TB; DuckDB Cost: $1.48/hr; Redshift Cost: $1.086/hr
Use Duck: False
Excluded Table: web_site
Excluded Query: None

Starting analysis without using DuckDB
Redshift Total: $14.591674726314546, Redshift-Calcite Total: $13.612291078090271, BigQuery Total: $220.33670902252197
Excluding table web_site and any queries that depend on it
Total Keys: 94, Keys Considered: 93
-0.023678044353372635
call_center: 5.735084414482117e-06, 0.005376689367700947, 3.1445420717914807
catalog_page: 0.0006659524515271187, 0.0050714847198636785, -0.0050714847198636785
catalog_page had no query dependencies
catalog_returns: 23.366260116919875, 3.0602138957344547, 23.16985586322516
catalog_sales: 217.0907397372648, 29.369017321595507, 81.31109886101349
customer: 0.6484093563631177, 0.0915580365869406, 48.64407482341359
customer_address: 0.18544994108378887, 0.031270185287233784, 43.16901257662511
customer_demographics: 0.012168197892606258, 0.007096682618774641, 30.534231662451102
date_dim: 0.0019952356815338135, 0.005568149321246575, 180.62316901884458
household_demographics: 3.512948751449585e-05, 0.004389724013594515, 23.960420697158384
income_band: 6.137415766716003e-07, 0.0034144215868987513, 6.689584641498419
inventory: 0.24701470416039228, 0.03768563971033432, 1.1247080516259798
item: 0.005464168265461922, 0.0061791729604937055, 128.67527031284695
promotion: 2.6027671992778778e-05, 0.0048076781843140815, 13.314536698229906
reason: 1.2423843145370483e-06, 0.004734816924807797, 8.488909636201385
ship_mode: 1.5795230865478516e-06, 0.004709164311240653, 1.875260805380592
store: 2.3781321942806244e-05, 0.005282366125819612, 79.7310813344814
store_returns: 36.877127600833774, 4.826043767041747, 28.3740803341218
store_sales: 288.85508783441037, 39.29759839213652, 149.40029009750123
time_dim: 0.0012104213237762451, 0.0019428018929710338, 8.70526108612198
warehouse: 2.3292377591133118e-06, 0.00044575836141628984, 3.3955881606439777
web_page: 1.0661780834197998e-05, 0.0015543754274806852, 7.773221314547542
web_returns: 11.326140539720654, 1.491609472530973, 15.914101114848561
web_sales: 109.34904180746526, 14.647045587796146, 80.50354737490477
-0.02367800757892281
call_center: 5.735084414482117e-06, 0.0053766893668721685, 3.1445420717923094
catalog_returns: 23.366260116919875, 3.0602105190707087, 23.169859239888908
catalog_sales: 217.0907397372648, 29.36898594976164, 81.31113023284736
customer: 0.6484093563631177, 0.09155794288515198, 48.644074917115375
customer_address: 0.18544994108378887, 0.03127015848781918, 43.16901260342452
customer_demographics: 0.012168197892606258, 0.007096680860345501, 30.534231664209532
date_dim: 0.0019952356815338135, 0.005568149032914597, 180.62316901913292
household_demographics: 3.512948751449585e-05, 0.004389724008517944, 23.96042069716346
income_band: 6.137415766716003e-07, 0.0034144215868100593, 6.689584641498508
inventory: 0.24701470416039228, 0.03768560401418131, 1.1247080873221327
item: 0.005464168265461922, 0.006179172170865464, 128.67527031363656
promotion: 2.6027671992778778e-05, 0.004807678180552817, 13.314536698233667
reason: 1.2423843145370483e-06, 0.0047348169246282604, 8.488909636201564
ship_mode: 1.5795230865478516e-06, 0.004709164311012396, 1.8752608053808202
store: 2.3781321942806244e-05, 0.005282366122382968, 79.73108133448484
store_returns: 36.877127600833774, 4.826038437919363, 28.374085663244184
store_sales: 288.85508783441037, 39.29755664961983, 149.4003318400179
time_dim: 0.0012104213237762451, 0.0019428017180527636, 8.705261086296899
warehouse: 2.3292377591133118e-06, 0.00044575836107969114, 3.3955881606443143
web_page: 1.0661780834197998e-05, 0.0015543754259399487, 7.773221314549083
web_returns: 11.326140539720654, 1.4916078357877394, 15.914102751591795
web_sales: 109.34904180746526, 14.647029785740392, 80.50356317696053
{}
{}
STARTING PHASE 2: 0b11111111111111111111101
----
[0, 2, 3, 4, 5, 6, 7, 8, 9, 10, 11, 12, 13, 14, 15, 16, 17, 18, 19, 20, 21, 22]
Function: 106.15873059427194, 12.591937271469435, 4.76837158203125e-05, 83.21524696912414, 9.84403522069136, 0.44780316814297927, 0.05966028112820389
-0.02367800757892281
call_center: 5.735084414482117e-06, 0.0053766893668721685, 3.1445420717923094
catalog_returns: 23.366260116919875, 3.0602105190707087, 23.169859239888908
catalog_sales: 217.0907397372648, 29.36898594976164, 81.31113023284736
customer: 0.6484093563631177, 0.09155794288515198, 48.644074917115375
customer_address: 0.18544994108378887, 0.03127015848781918, 43.16901260342452
customer_demographics: 0.012168197892606258, 0.007096680860345501, 30.534231664209532
date_dim: 0.0019952356815338135, 0.005568149032914597, 180.62316901913292
household_demographics: 3.512948751449585e-05, 0.004389724008517944, 23.96042069716346
income_band: 6.137415766716003e-07, 0.0034144215868100593, 6.689584641498508
inventory: 0.24701470416039228, 0.03768560401418131, 1.1247080873221327
item: 0.005464168265461922, 0.006179172170865464, 128.67527031363656
promotion: 2.6027671992778778e-05, 0.004807678180552817, 13.314536698233667
reason: 1.2423843145370483e-06, 0.0047348169246282604, 8.488909636201564
ship_mode: 1.5795230865478516e-06, 0.004709164311012396, 1.8752608053808202
store: 2.3781321942806244e-05, 0.005282366122382968, 79.73108133448484
store_returns: 36.877127600833774, 4.826038437919363, 28.374085663244184
store_sales: 288.85508783441037, 39.29755664961983, 149.4003318400179
time_dim: 0.0012104213237762451, 0.0019428017180527636, 8.705261086296899
warehouse: 2.3292377591133118e-06, 0.00044575836107969114, 3.3955881606443143
web_page: 1.0661780834197998e-05, 0.0015543754259399487, 7.773221314549083
web_returns: 11.326140539720654, 1.4916078357877394, 15.914102751591795
web_sales: 109.34904180746526, 14.647029785740392, 80.50356317696053
call_center: 5.735084414482117e-06, 0.005376689354757151, 3.144542071804424
catalog_returns: 23.366260116919875, 3.060161159265805, 22.36395444719914
catalog_sales: 217.0907397372648, 29.368527358763068, 80.39942277781938
customer: 0.6484093563631177, 0.09155657315978012, 48.64407628684075
customer_address: 0.18544994108378887, 0.03126976673608546, 43.16901299517625
customer_demographics: 0.012168197892606258, 0.007096655155766719, 29.728277537419448
date_dim: 0.0019952356815338135, 0.005568144818100439, 179.4607753320114
household_demographics: 3.512948751449585e-05, 0.004389723934309036, 23.154466544743002
income_band: 6.137415766716003e-07, 0.0034144215855135677, 6.689584641499804
item: 0.005464168265461922, 0.006179160628141974, 127.51287663384298
promotion: 2.6027671992778778e-05, 0.004807678125570941, 12.50858254579398
reason: 1.2423843145370483e-06, 0.004734816922003799, 8.48890963620419
ship_mode: 1.5795230865478516e-06, 0.0047091643076757495, 1.8752608053841568
store: 2.3781321942806244e-05, 0.00528236607214637, 79.73108133453508
store_returns: 36.877127600833774, 4.825960537227738, 28.37416356393581
store_sales: 288.85508783441037, 39.29694646079587, 149.19284537073958
time_dim: 0.0012104213237762451, 0.001942799161111255, 8.70526108885384
warehouse: 2.3292377591133118e-06, 0.0004457583561593179, 2.5475030209470733
web_page: 1.0661780834197998e-05, 0.0015543754034175845, 7.773221314571606
web_returns: 11.326140539720654, 1.4915839100039572, 15.914126677375577
web_sales: 109.34904180746526, 14.646798792532962, 80.50379417016795
Function: 107.28174919413658, 12.526975959448816, 1.227402687072754, 83.18536848220008, 9.836183507256903, 0.44618961910026844, 0.059628939057764424
hiya: 0b11111111111101111111101, 107.28174919413658
call_center: 5.735084414482117e-06, 0.005376689354757151, 3.144542071804424
catalog_returns: 23.366260116919875, 3.060161159265805, 22.36395444719914
catalog_sales: 217.0907397372648, 29.368527358763068, 80.39942277781938
customer: 0.6484093563631177, 0.09155657315978012, 48.64407628684075
customer_address: 0.18544994108378887, 0.03126976673608546, 43.16901299517625
customer_demographics: 0.012168197892606258, 0.007096655155766719, 29.728277537419448
date_dim: 0.0019952356815338135, 0.005568144818100439, 179.4607753320114
household_demographics: 3.512948751449585e-05, 0.004389723934309036, 23.154466544743002
income_band: 6.137415766716003e-07, 0.0034144215855135677, 6.689584641499804
item: 0.005464168265461922, 0.006179160628141974, 127.51287663384298
promotion: 2.6027671992778778e-05, 0.004807678125570941, 12.50858254579398
reason: 1.2423843145370483e-06, 0.004734816922003799, 8.48890963620419
ship_mode: 1.5795230865478516e-06, 0.0047091643076757495, 1.8752608053841568
store: 2.3781321942806244e-05, 0.00528236607214637, 79.73108133453508
store_returns: 36.877127600833774, 4.825960537227738, 28.37416356393581
store_sales: 288.85508783441037, 39.29694646079587, 149.19284537073958
time_dim: 0.0012104213237762451, 0.001942799161111255, 8.70526108885384
warehouse: 2.3292377591133118e-06, 0.0004457583561593179, 2.5475030209470733
web_page: 1.0661780834197998e-05, 0.0015543754034175845, 7.773221314571606
web_returns: 11.326140539720654, 1.4915839100039572, 15.914126677375577
web_sales: 109.34904180746526, 14.646798792532962, 80.50379417016795
call_center: 5.735084414482117e-06, 0.005376689345497399, 2.639859831795634
catalog_returns: 23.366260116919875, 3.0601234325700877, 22.363992173894857
catalog_sales: 217.0907397372648, 29.368176848401543, 78.51980331848905
customer: 0.6484093563631177, 0.09155552625101657, 48.644077333749514
customer_address: 0.18544994108378887, 0.03126946731232389, 43.16901329460002
customer_demographics: 0.012168197892606258, 0.007096635509238048, 29.728277557065976
date_dim: 0.0019952356815338135, 0.005568141596632858, 177.58080536554104
household_demographics: 3.512948751449585e-05, 0.004389723877589669, 23.15446654479972
income_band: 6.137415766716003e-07, 0.003414421584522633, 6.689584641500796
item: 0.005464168265461922, 0.006179151805805303, 127.5128766426653
promotion: 2.6027671992778778e-05, 0.004807678083547182, 12.508582545836003
reason: 1.2423843145370483e-06, 0.004734816919997871, 8.488909636206195
store: 2.3781321942806244e-05, 0.005282366033749523, 79.73108133457347
store_returns: 36.877127600833774, 4.825900996155912, 28.374223105007633
store_sales: 288.85508783441037, 39.29648008115486, 149.1933117503806
time_dim: 0.0012104213237762451, 0.001942797206789222, 7.32997336113438
warehouse: 2.3292377591133118e-06, 0.00044575835239857726, 0.6675330512590014
web_page: 1.0661780834197998e-05, 0.0015543753862032866, 7.773221314588819
web_returns: 11.326140539720654, 1.4915656230442276, 15.914144964335307
web_sales: 109.34904180746526, 14.64662223975958, 79.12868299326755
Function: 109.15589962035628, 12.476022467226587, 3.1583261489868164, 83.1853682911436, 9.831484533653256, 0.44507924042473795, 0.059618938921293635
hiya: 0b11111111011101111111101, 109.15589962035628
call_center: 5.735084414482117e-06, 0.005376689345497399, 2.639859831795634
catalog_returns: 23.366260116919875, 3.0601234325700877, 22.363992173894857
catalog_sales: 217.0907397372648, 29.368176848401543, 78.51980331848905
customer: 0.6484093563631177, 0.09155552625101657, 48.644077333749514
customer_address: 0.18544994108378887, 0.03126946731232389, 43.16901329460002
customer_demographics: 0.012168197892606258, 0.007096635509238048, 29.728277557065976
date_dim: 0.0019952356815338135, 0.005568141596632858, 177.58080536554104
household_demographics: 3.512948751449585e-05, 0.004389723877589669, 23.15446654479972
income_band: 6.137415766716003e-07, 0.003414421584522633, 6.689584641500796
item: 0.005464168265461922, 0.006179151805805303, 127.5128766426653
promotion: 2.6027671992778778e-05, 0.004807678083547182, 12.508582545836003
reason: 1.2423843145370483e-06, 0.004734816919997871, 8.488909636206195
store: 2.3781321942806244e-05, 0.005282366033749523, 79.73108133457347
store_returns: 36.877127600833774, 4.825900996155912, 28.374223105007633
store_sales: 288.85508783441037, 39.29648008115486, 149.1933117503806
time_dim: 0.0012104213237762451, 0.001942797206789222, 7.32997336113438
warehouse: 2.3292377591133118e-06, 0.00044575835239857726, 0.6675330512590014
web_page: 1.0661780834197998e-05, 0.0015543753862032866, 7.773221314588819
web_returns: 11.326140539720654, 1.4915656230442276, 15.914144964335307
web_sales: 109.34904180746526, 14.64662223975958, 79.12868299326755
call_center: 5.735084414482117e-06, 0.005376689345410113, 2.6398598317957216
catalog_returns: 23.366260116919875, 3.060123076945028, 21.696013719908517
catalog_sales: 217.0907397372648, 29.368173544368, 77.85182781291121
customer: 0.6484093563631177, 0.09155551638248756, 48.644077343618044
customer_address: 0.18544994108378887, 0.031269464489850546, 43.16901329742249
customer_demographics: 0.012168197892606258, 0.007096635324042981, 29.72827755725117
date_dim: 0.0019952356815338135, 0.005568141566266175, 176.91282655596
household_demographics: 3.512948751449585e-05, 0.004389723877055012, 23.154466544800258
income_band: 6.137415766716003e-07, 0.003414421584513292, 6.6895846415008045
item: 0.005464168265461922, 0.006179151722642864, 126.84489783313708
promotion: 2.6027671992778778e-05, 0.004807678083151052, 12.508582545836399
reason: 1.2423843145370483e-06, 0.004734816919978962, 8.488909636206213
store: 2.3781321942806244e-05, 0.005282366033387581, 79.73108133457384
store_returns: 36.877127600833774, 4.8259004349008965, 28.37422366626265
store_sales: 288.85508783441037, 39.29647568489687, 149.19331614663858
time_dim: 0.0012104213237762451, 0.0019427971883670975, 7.329973361152802
web_page: 1.0661780834197998e-05, 0.0015543753860410186, 7.773221314588982
web_returns: 11.326140539720654, 1.4915654506649343, 15.9141451367146
web_sales: 109.34904180746526, 14.646620575511244, 79.12868465751588
Function: 109.82342220257414, 12.47593334470908, 3.8263940811157227, 83.18536800940288, 9.831049056518076, 0.4450687721083379, 0.059608938720047494
hiya: 0b11101111011101111111101, 109.82342220257414
call_center: 5.735084414482117e-06, 0.005376689345410113, 2.6398598317957216
catalog_returns: 23.366260116919875, 3.060123076945028, 21.696013719908517
catalog_sales: 217.0907397372648, 29.368173544368, 77.85182781291121
customer: 0.6484093563631177, 0.09155551638248756, 48.644077343618044
customer_address: 0.18544994108378887, 0.031269464489850546, 43.16901329742249
customer_demographics: 0.012168197892606258, 0.007096635324042981, 29.72827755725117
date_dim: 0.0019952356815338135, 0.005568141566266175, 176.91282655596
household_demographics: 3.512948751449585e-05, 0.004389723877055012, 23.154466544800258
income_band: 6.137415766716003e-07, 0.003414421584513292, 6.6895846415008045
item: 0.005464168265461922, 0.006179151722642864, 126.84489783313708
promotion: 2.6027671992778778e-05, 0.004807678083151052, 12.508582545836399
reason: 1.2423843145370483e-06, 0.004734816919978962, 8.488909636206213
store: 2.3781321942806244e-05, 0.005282366033387581, 79.73108133457384
store_returns: 36.877127600833774, 4.8259004349008965, 28.37422366626265
store_sales: 288.85508783441037, 39.29647568489687, 149.19331614663858
time_dim: 0.0012104213237762451, 0.0019427971883670975, 7.329973361152802
web_page: 1.0661780834197998e-05, 0.0015543753860410186, 7.773221314588982
web_returns: 11.326140539720654, 1.4915654506649343, 15.9141451367146
web_sales: 109.34904180746526, 14.646620575511244, 79.12868465751588
catalog_returns: 23.366260116919875, 3.0600884926718743, 20.572731602412638
catalog_sales: 217.0907397372648, 29.36785222955747, 75.26031109623825
customer: 0.6484093563631177, 0.09155455667536354, 48.59067981366753
customer_address: 0.18544994108378887, 0.03126919000641217, 42.045696870136894
customer_demographics: 0.012168197892606258, 0.00709661731396017, 29.67487908560361
date_dim: 0.0019952356815338135, 0.005568138613128811, 174.267590037772
household_demographics: 3.512948751449585e-05, 0.0043897238250600506, 23.10106805519461
income_band: 6.137415766716003e-07, 0.0034144215836048966, 6.689584641501713
item: 0.005464168265461922, 0.006179143635157451, 125.32297802185248
promotion: 2.6027671992778778e-05, 0.004807678044627638, 12.508582545874923
reason: 1.2423843145370483e-06, 0.004734816918140115, 8.488909636208053
store: 2.3781321942806244e-05, 0.0052823659981889775, 79.73108133460904
store_returns: 36.877127600833774, 4.825845853267049, 28.3742782478965
store_sales: 288.85508783441037, 39.29604815206921, 149.19374367946625
time_dim: 0.0012104213237762451, 0.0019427953968291498, 7.32997336294434
web_page: 1.0661780834197998e-05, 0.0015543753702605754, 7.773221314604762
web_returns: 11.326140539720654, 1.4915486869065817, 15.914161900472953
web_sales: 109.34904180746526, 14.646458728595562, 79.12884650443156
Function: 112.46226413947748, 12.430282414678336, 6.517281532287598, 83.18536731569664, 9.825683059589862, 0.4440508790005129, 0.0595989382245362
hiya: 0b11101111011101111111100, 112.46226413947748
catalog_returns: 23.366260116919875, 3.0600884926718743, 20.572731602412638
catalog_sales: 217.0907397372648, 29.36785222955747, 75.26031109623825
customer: 0.6484093563631177, 0.09155455667536354, 48.59067981366753
customer_address: 0.18544994108378887, 0.03126919000641217, 42.045696870136894
customer_demographics: 0.012168197892606258, 0.00709661731396017, 29.67487908560361
date_dim: 0.0019952356815338135, 0.005568138613128811, 174.267590037772
household_demographics: 3.512948751449585e-05, 0.0043897238250600506, 23.10106805519461
income_band: 6.137415766716003e-07, 0.0034144215836048966, 6.689584641501713
item: 0.005464168265461922, 0.006179143635157451, 125.32297802185248
promotion: 2.6027671992778778e-05, 0.004807678044627638, 12.508582545874923
reason: 1.2423843145370483e-06, 0.004734816918140115, 8.488909636208053
store: 2.3781321942806244e-05, 0.0052823659981889775, 79.73108133460904
store_returns: 36.877127600833774, 4.825845853267049, 28.3742782478965
store_sales: 288.85508783441037, 39.29604815206921, 149.19374367946625
time_dim: 0.0012104213237762451, 0.0019427953968291498, 7.32997336294434
web_page: 1.0661780834197998e-05, 0.0015543753702605754, 7.773221314604762
web_returns: 11.326140539720654, 1.4915486869065817, 15.914161900472953
web_sales: 109.34904180746526, 14.646458728595562, 79.12884650443156
catalog_returns: 23.366260116919875, 3.059771654709351, 13.902071429281857
catalog_sales: 217.0907397372648, 29.364908558327382, 68.59227775637504
customer: 0.6484093563631177, 0.09154576448104905, 41.89768954277652
customer_address: 0.18544994108378887, 0.031266675372868376, 35.35270032168511
customer_demographics: 0.012168197892606258, 0.007096452317636044, 22.981880187514623
date_dim: 0.0019952356815338135, 0.005568111558460887, 167.5966130537334
household_demographics: 3.512948751449585e-05, 0.004389723348717016, 16.40806899258564
item: 0.005464168265461922, 0.006179069543029252, 118.65200108485129
promotion: 2.6027671992778778e-05, 0.004807677691701901, 5.83760553513455
reason: 1.2423843145370483e-06, 0.0047348169012938375, 8.488909636224898
store: 2.3781321942806244e-05, 0.005282365675722928, 73.06010432383819
store_returns: 36.877127600833774, 4.825345812870585, 21.681779225207645
store_sales: 288.85508783441037, 39.29213138246056, 142.52668343798163
time_dim: 0.0012104213237762451, 0.001942778983957595, 7.329973379357211
web_page: 1.0661780834197998e-05, 0.001554375225690717, 7.773221314749332
web_returns: 11.326140539720654, 1.4913951085729547, 15.91431547880658
web_sales: 109.34904180746526, 14.644975995482227, 79.1303292375449
Function: 119.14252355904934, 11.966303824260235, 13.674259185791016, 83.18536724145947, 9.822278712104557, 0.43472565726253515, 0.059588938171508926
hiya: 0b11101111011100111111100, 119.14252355904934
catalog_returns: 23.366260116919875, 3.059771654709351, 13.902071429281857
catalog_sales: 217.0907397372648, 29.364908558327382, 68.59227775637504
customer: 0.6484093563631177, 0.09154576448104905, 41.89768954277652
customer_address: 0.18544994108378887, 0.031266675372868376, 35.35270032168511
customer_demographics: 0.012168197892606258, 0.007096452317636044, 22.981880187514623
date_dim: 0.0019952356815338135, 0.005568111558460887, 167.5966130537334
household_demographics: 3.512948751449585e-05, 0.004389723348717016, 16.40806899258564
item: 0.005464168265461922, 0.006179069543029252, 118.65200108485129
promotion: 2.6027671992778778e-05, 0.004807677691701901, 5.83760553513455
reason: 1.2423843145370483e-06, 0.0047348169012938375, 8.488909636224898
store: 2.3781321942806244e-05, 0.005282365675722928, 73.06010432383819
store_returns: 36.877127600833774, 4.825345812870585, 21.681779225207645
store_sales: 288.85508783441037, 39.29213138246056, 142.52668343798163
time_dim: 0.0012104213237762451, 0.001942778983957595, 7.329973379357211
web_page: 1.0661780834197998e-05, 0.001554375225690717, 7.773221314749332
web_returns: 11.326140539720654, 1.4913951085729547, 15.91431547880658
web_sales: 109.34904180746526, 14.644975995482227, 79.1303292375449
catalog_returns: 23.366260116919875, 3.0596743391705385, 13.90216874482067
catalog_sales: 217.0907397372648, 29.36400442124241, 67.4841987301525
customer: 0.6484093563631177, 0.0915430639930133, 39.27639665831371
customer_address: 0.18544994108378887, 0.03126590301302778, 32.73140550909411
customer_demographics: 0.012168197892606258, 0.007096401639661546, 19.76076261031719
date_dim: 0.0019952356815338135, 0.005568103248725634, 161.7541998492169
household_demographics: 3.512948751449585e-05, 0.00438972320241012, 16.408068992731945
item: 0.005464168265461922, 0.00617904678592237, 112.80958789478214
reason: 1.2423843145370483e-06, 0.004734816896119569, 8.488909636230073
store: 2.3781321942806244e-05, 0.005282365576678744, 70.4388087389864
store_returns: 36.877127600833774, 4.825192227421978, 21.68193281065625
store_sales: 288.85508783441037, 39.290928362021226, 137.79445640890222
time_dim: 0.0012104213237762451, 0.0019427739428084026, 7.329973384398361
web_page: 1.0661780834197998e-05, 0.0015543751812866515, 7.773221314793736
web_returns: 11.326140539720654, 1.4913479375895036, 15.91436264979003
web_sales: 109.34904180746526, 14.64452057981584, 79.1307846532113
Function: 124.97726486415034, 11.827543521766664, 19.65543270111084, 83.18536409319564, 9.817484176435071, 0.431861435719417, 0.059578935922718054
hiya: 0b11101111010100111111100, 124.97726486415034
catalog_returns: 23.366260116919875, 3.0596743391705385, 13.90216874482067
catalog_sales: 217.0907397372648, 29.36400442124241, 67.4841987301525
customer: 0.6484093563631177, 0.0915430639930133, 39.27639665831371
customer_address: 0.18544994108378887, 0.03126590301302778, 32.73140550909411
customer_demographics: 0.012168197892606258, 0.007096401639661546, 19.76076261031719
date_dim: 0.0019952356815338135, 0.005568103248725634, 161.7541998492169
household_demographics: 3.512948751449585e-05, 0.00438972320241012, 16.408068992731945
item: 0.005464168265461922, 0.00617904678592237, 112.80958789478214
reason: 1.2423843145370483e-06, 0.004734816896119569, 8.488909636230073
store: 2.3781321942806244e-05, 0.005282365576678744, 70.4388087389864
store_returns: 36.877127600833774, 4.825192227421978, 21.68193281065625
store_sales: 288.85508783441037, 39.290928362021226, 137.79445640890222
time_dim: 0.0012104213237762451, 0.0019427739428084026, 7.329973384398361
web_page: 1.0661780834197998e-05, 0.0015543751812866515, 7.773221314793736
web_returns: 11.326140539720654, 1.4913479375895036, 15.91436264979003
web_sales: 109.34904180746526, 14.64452057981584, 79.1307846532113
catalog_returns: 23.366260116919875, 3.059551578295784, 13.902291505695425
catalog_sales: 217.0907397372648, 29.362863877185383, 65.74417266067803
customer: 0.6484093563631177, 0.09153965740165516, 39.27640006490507
customer_address: 0.18544994108378887, 0.031264928702338914, 32.7314064834048
customer_demographics: 0.012168197892606258, 0.007096337710791029, 19.76076267424606
date_dim: 0.0019952356815338135, 0.00556809276622324, 160.01303324616788
household_demographics: 3.512948751449585e-05, 0.004389723017847995, 10.817319448106849
item: 0.005464168265461922, 0.006179018078458158, 111.0684213099581
reason: 1.2423843145370483e-06, 0.004734816889592372, 8.4889096362366
store: 2.3781321942806244e-05, 0.005282365451737232, 65.15600171992372
store_returns: 36.877127600833774, 4.824998483604179, 21.68212655447405
store_sales: 288.85508783441037, 39.289410784835894, 130.77200035336838
web_page: 1.0661780834197998e-05, 0.0015543751252721444, 7.4652787892277015
web_returns: 11.326140539720654, 1.4912884326917024, 15.914422154687832
web_sales: 109.34904180746526, 14.643946085482613, 77.08225000839097
Function: 132.30362397900277, 11.648239701775312, 27.16665267944336, 83.1852176826497, 9.815697517729996, 0.42824756606207065, 0.05956883134231568
hiya: 0b11100111010100111111100, 132.30362397900277
catalog_returns: 23.366260116919875, 3.059551578295784, 13.902291505695425
catalog_sales: 217.0907397372648, 29.362863877185383, 65.74417266067803
customer: 0.6484093563631177, 0.09153965740165516, 39.27640006490507
customer_address: 0.18544994108378887, 0.031264928702338914, 32.7314064834048
customer_demographics: 0.012168197892606258, 0.007096337710791029, 19.76076267424606
date_dim: 0.0019952356815338135, 0.00556809276622324, 160.01303324616788
household_demographics: 3.512948751449585e-05, 0.004389723017847995, 10.817319448106849
item: 0.005464168265461922, 0.006179018078458158, 111.0684213099581
reason: 1.2423843145370483e-06, 0.004734816889592372, 8.4889096362366
store: 2.3781321942806244e-05, 0.005282365451737232, 65.15600171992372
store_returns: 36.877127600833774, 4.824998483604179, 21.68212655447405
store_sales: 288.85508783441037, 39.289410784835894, 130.77200035336838
web_page: 1.0661780834197998e-05, 0.0015543751252721444, 7.4652787892277015
web_returns: 11.326140539720654, 1.4912884326917024, 15.914422154687832
web_sales: 109.34904180746526, 14.643946085482613, 77.08225000839097
catalog_returns: 23.366260116919875, 3.0594690591699245, 6.9128966784868275
catalog_sales: 217.0907397372648, 29.36209721029108, 58.75546198123786
customer: 0.6484093563631177, 0.09153736751131678, 39.27640235479541
customer_address: 0.18544994108378887, 0.03126427377652056, 32.25405132031211
customer_demographics: 0.012168197892606258, 0.007096294738186583, 19.28340689920015
date_dim: 0.0019952356815338135, 0.0055680857199478205, 152.5462000888612
household_demographics: 3.512948751449585e-05, 0.0043897228937864385, 10.81731944823091
item: 0.005464168265461922, 0.006178998781472394, 111.06842132925507
reason: 1.2423843145370483e-06, 0.004734816885204829, 8.01155381822247
store: 2.3781321942806244e-05, 0.005282365367752294, 58.16652437367325
store_returns: 36.877127600833774, 4.824868250168507, 14.692779441575265
store_sales: 288.85508783441037, 39.288390678527534, 123.78354311334233
web_returns: 11.326140539720654, 1.4912484338552594, 8.447628989171301
web_sales: 109.34904180746526, 14.643559913827483, 69.61580301569312
Function: 139.7664740474127, 11.528054853127799, 34.75367069244385, 83.18521639301845, 9.81415442957878, 0.42581884882266496, 0.05955883042113781
hiya: 0b11000111010100111111100, 139.7664740474127
catalog_returns: 23.366260116919875, 3.0594690591699245, 6.9128966784868275
catalog_sales: 217.0907397372648, 29.36209721029108, 58.75546198123786
customer: 0.6484093563631177, 0.09153736751131678, 39.27640235479541
customer_address: 0.18544994108378887, 0.03126427377652056, 32.25405132031211
customer_demographics: 0.012168197892606258, 0.007096294738186583, 19.28340689920015
date_dim: 0.0019952356815338135, 0.0055680857199478205, 152.5462000888612
household_demographics: 3.512948751449585e-05, 0.0043897228937864385, 10.81731944823091
item: 0.005464168265461922, 0.006178998781472394, 111.06842132925507
reason: 1.2423843145370483e-06, 0.004734816885204829, 8.01155381822247
store: 2.3781321942806244e-05, 0.005282365367752294, 58.16652437367325
store_returns: 36.877127600833774, 4.824868250168507, 14.692779441575265
store_sales: 288.85508783441037, 39.288390678527534, 123.78354311334233
web_returns: 11.326140539720654, 1.4912484338552594, 8.447628989171301
web_sales: 109.34904180746526, 14.643559913827483, 69.61580301569312
catalog_sales: 217.0907397372648, 29.352510774421212, 48.973523529368315
customer: 0.6484093563631177, 0.09150873462389043, 39.194548494889034
customer_address: 0.18544994108378887, 0.031256084555877514, 32.17217701673895
customer_demographics: 0.012168197892606258, 0.007095757406889585, 19.283407436531444
date_dim: 0.0019952356815338135, 0.005567997613016454, 142.57383443931138
household_demographics: 3.512948751449585e-05, 0.004389721342515391, 10.81731944978218
item: 0.005464168265461922, 0.006178757491131211, 106.50388414626319
reason: 1.2423843145370483e-06, 0.004734816830342804, 8.011553818277333
store: 2.3781321942806244e-05, 0.005282364317601016, 58.1665243747234
store_returns: 36.877127600833774, 4.823239805679174, 4.803924641201643
store_sales: 288.85508783441037, 39.275635225307546, 114.00477367882289
web_returns: 11.326140539720654, 1.490748286681462, -1.4423541085178542
web_sales: 109.34904180746526, 14.638731206817743, 59.82910683496345
catalog_sales: 217.0907397372648, 29.351680962419746, 48.97435334136978
customer: 0.6484093563631177, 0.09150625613095045, 39.14615679521837
customer_address: 0.18544994108378887, 0.03125537568829998, 32.12378354744292
customer_demographics: 0.012168197892606258, 0.007095710894925695, 19.28340748304341
date_dim: 0.0019952356815338135, 0.005567989986387533, 142.5254402687744
household_demographics: 3.512948751449585e-05, 0.0043897212082357326, 10.81731944991646
item: 0.005464168265461922, 0.0061787366047847455, 106.50388416714954
reason: 1.2423843145370483e-06, 0.0047348168255938895, 8.011553818282081
store: 2.3781321942806244e-05, 0.005282364226698814, 58.1665243748143
store_returns: 36.877127600833774, 4.823098845806359, 4.804065601074458
store_sales: 288.85508783441037, 39.27453109982132, 114.00587780430912
web_sales: 109.34904180746526, 14.63831322884526, 59.82952481293593
Function: 145.171936716215, 10.237340922512612, 46.065144538879395, 78.98888143025897, 9.45102316095074, 0.3730052566088851, 0.05654140700440407
hiya: 0b10000111010100111111000, 145.171936716215
catalog_sales: 217.0907397372648, 29.351680962419746, 48.97435334136978
customer: 0.6484093563631177, 0.09150625613095045, 39.14615679521837
customer_address: 0.18544994108378887, 0.03125537568829998, 32.12378354744292
customer_demographics: 0.012168197892606258, 0.007095710894925695, 19.28340748304341
date_dim: 0.0019952356815338135, 0.005567989986387533, 142.5254402687744
household_demographics: 3.512948751449585e-05, 0.0043897212082357326, 10.81731944991646
item: 0.005464168265461922, 0.0061787366047847455, 106.50388416714954
reason: 1.2423843145370483e-06, 0.0047348168255938895, 8.011553818282081
store: 2.3781321942806244e-05, 0.005282364226698814, 58.1665243748143
store_returns: 36.877127600833774, 4.823098845806359, 4.804065601074458
store_sales: 288.85508783441037, 39.27453109982132, 114.00587780430912
web_sales: 109.34904180746526, 14.63831322884526, 59.82952481293593
catalog_sales: 217.0907397372648, 29.342700314696604, 44.180528042406664
customer: 0.6484093563631177, 0.09147943261919249, 36.587922608053105
customer_address: 0.18544994108378887, 0.03124770396267425, 29.75280691849276
customer_demographics: 0.012168197892606258, 0.007095207518785233, 19.28340798641955
date_dim: 0.0019952356815338135, 0.005567907447128593, 136.5310674320657
household_demographics: 3.512948751449585e-05, 0.004389719754992943, 10.817319451369704
item: 0.005464168265461922, 0.006178510562115438, 99.33009414583016
reason: 1.2423843145370483e-06, 0.0047348167741987175, 6.749746591376395
store: 2.3781321942806244e-05, 0.005282363242908925, 49.80116715587436
store_sales: 288.85508783441037, 39.262581691983755, 104.57793947526712
web_sales: 109.34904180746526, 14.63378965854224, 59.83404838323895
Function: 149.91517280112438, 9.18501718732556, 56.744632720947266, 74.52828553754145, 9.077439860660235, 0.3264522714701929, 0.053345223179692036
hiya: 0b10000101010100111111000, 149.91517280112438
catalog_sales: 217.0907397372648, 29.342700314696604, 44.180528042406664
customer: 0.6484093563631177, 0.09147943261919249, 36.587922608053105
customer_address: 0.18544994108378887, 0.03124770396267425, 29.75280691849276
customer_demographics: 0.012168197892606258, 0.007095207518785233, 19.28340798641955
date_dim: 0.0019952356815338135, 0.005567907447128593, 136.5310674320657
household_demographics: 3.512948751449585e-05, 0.004389719754992943, 10.817319451369704
item: 0.005464168265461922, 0.006178510562115438, 99.33009414583016
reason: 1.2423843145370483e-06, 0.0047348167741987175, 6.749746591376395
store: 2.3781321942806244e-05, 0.005282363242908925, 49.80116715587436
store_sales: 288.85508783441037, 39.262581691983755, 104.57793947526712
web_sales: 109.34904180746526, 14.63378965854224, 59.83404838323895
catalog_sales: 217.0907397372648, 29.34109865721278, 44.18212969989048
customer: 0.6484093563631177, 0.09147464876844208, 36.58792739190386
customer_address: 0.18544994108378887, 0.031246335745465304, 29.752808286709968
customer_demographics: 0.012168197892606258, 0.007095117743950789, 19.283408076194384
date_dim: 0.0019952356815338135, 0.005567892726628929, 136.5310674467862
household_demographics: 3.512948751449585e-05, 0.004389719495813733, 10.817319451628883
item: 0.005464168265461922, 0.006178470248438282, 99.33009418614382
store: 2.3781321942806244e-05, 0.005282363067454493, 49.80116715604982
store_sales: 288.85508783441037, 39.26045056969945, 97.82558918940083
web_sales: 109.34904180746526, 14.632982900449417, 59.83485514133177
Function: 156.66037355613759, 8.935437850236895, 63.74869346618652, 74.52828538726472, 9.072715193737745, 0.32190643563938864, 0.05333522307235003
hiya: 0b10000101000100111111000, 156.66037355613759
catalog_sales: 217.0907397372648, 29.34109865721278, 44.18212969989048
customer: 0.6484093563631177, 0.09147464876844208, 36.58792739190386
customer_address: 0.18544994108378887, 0.031246335745465304, 29.752808286709968
customer_demographics: 0.012168197892606258, 0.007095117743950789, 19.283408076194384
date_dim: 0.0019952356815338135, 0.005567892726628929, 136.5310674467862
household_demographics: 3.512948751449585e-05, 0.004389719495813733, 10.817319451628883
item: 0.005464168265461922, 0.006178470248438282, 99.33009418614382
store: 2.3781321942806244e-05, 0.005282363067454493, 49.80116715604982
store_sales: 288.85508783441037, 39.26045056969945, 97.82558918940083
web_sales: 109.34904180746526, 14.632982900449417, 59.83485514133177
catalog_sales: 217.0907397372648, 29.338296815980062, 44.184931541123206
customer: 0.6484093563631177, 0.09146628019375053, 28.407972108502356
customer_address: 0.18544994108378887, 0.031243942270312186, 22.849200211834077
customer_demographics: 0.012168197892606258, 0.00709496069736914, 16.641662714092455
date_dim: 0.0019952356815338135, 0.0055678669754909114, 125.70935830141265
item: 0.005464168265461922, 0.006178399726167423, 99.3300942566661
store: 2.3781321942806244e-05, 0.005282362760525287, 38.97945798523205
store_sales: 288.85508783441037, 39.25672251526307, 87.00760807271254
web_sales: 109.34904180746526, 14.63157160739074, 59.83626643439045
Function: 167.46974076969622, 8.494949526854755, 75.01089096069336, 74.52828113806045, 9.068339711169005, 0.31395421288146863, 0.05332522003716231
hiya: 0b10000101000100011111000, 167.46974076969622
catalog_sales: 217.0907397372648, 29.338296815980062, 44.184931541123206
customer: 0.6484093563631177, 0.09146628019375053, 28.407972108502356
customer_address: 0.18544994108378887, 0.031243942270312186, 22.849200211834077
customer_demographics: 0.012168197892606258, 0.00709496069736914, 16.641662714092455
date_dim: 0.0019952356815338135, 0.0055678669754909114, 125.70935830141265
item: 0.005464168265461922, 0.006178399726167423, 99.3300942566661
store: 2.3781321942806244e-05, 0.005282362760525287, 38.97945798523205
store_sales: 288.85508783441037, 39.25672251526307, 87.00760807271254
web_sales: 109.34904180746526, 14.63157160739074, 59.83626643439045
catalog_sales: 217.0907397372648, 29.333675541537126, 35.59463296394912
customer: 0.6484093563631177, 0.0914524773130254, 19.813066059766065
customer_address: 0.18544994108378887, 0.031239994542858623, 12.579427699713845
date_dim: 0.0019952356815338135, 0.005567824502321978, 109.06060066909599
item: 0.005464168265461922, 0.006178283408810047, 86.3639510490458
store: 2.3781321942806244e-05, 0.005282362254285291, 30.925620162565487
store_sales: 288.85508783441037, 39.25057357202976, 76.95216145015155
web_sales: 109.34904180746526, 14.629243862168277, 57.83083643699139
Function: 184.09827594979535, 7.766821787521045, 92.3877763748169, 74.52680929312369, 9.06272218577345, 0.3008321398554059, 0.05331416870486439
hiya: 0b10000101000100010111000, 184.09827594979535
catalog_sales: 217.0907397372648, 29.333675541537126, 35.59463296394912
customer: 0.6484093563631177, 0.0914524773130254, 19.813066059766065
customer_address: 0.18544994108378887, 0.031239994542858623, 12.579427699713845
date_dim: 0.0019952356815338135, 0.005567824502321978, 109.06060066909599
item: 0.005464168265461922, 0.006178283408810047, 86.3639510490458
store: 2.3781321942806244e-05, 0.005282362254285291, 30.925620162565487
store_sales: 288.85508783441037, 39.25057357202976, 76.95216145015155
web_sales: 109.34904180746526, 14.629243862168277, 57.83083643699139
catalog_sales: 217.0907397372648, 29.331199619645005, 28.58025291036156
customer: 0.6484093563631177, 0.09144508219832627, 15.42242538924461
date_dim: 0.0019952356815338135, 0.005567801746640599, 96.44993299759497
item: 0.005464168265461922, 0.006178221089920504, 77.75309315299542
store: 2.3781321942806244e-05, 0.005282361983059094, 27.772316936762337
store_sales: 288.85508783441037, 39.24727917708466, 64.98947046814294
web_sales: 109.34904180746526, 14.62799673533633, 48.122089233135036
Function: 196.67050100251933, 7.3825754269071435, 105.3826904296875, 74.50437757733343, 9.053852754063207, 0.2937166686980866, 0.053288145829954746
hiya: 0b10000101000100010011000, 196.67050100251933
catalog_sales: 217.0907397372648, 29.331199619645005, 28.58025291036156
customer: 0.6484093563631177, 0.09144508219832627, 15.42242538924461
date_dim: 0.0019952356815338135, 0.005567801746640599, 96.44993299759497
item: 0.005464168265461922, 0.006178221089920504, 77.75309315299542
store: 2.3781321942806244e-05, 0.005282361983059094, 27.772316936762337
store_sales: 288.85508783441037, 39.24727917708466, 64.98947046814294
web_sales: 109.34904180746526, 14.62799673533633, 48.122089233135036
catalog_sales: 217.0907397372648, 29.309009983383497, 17.79181165913335
date_dim: 0.0019952356815338135, 0.005567597806324753, 80.93606273009235
item: 0.005464168265461922, 0.006177662577353689, 74.47167173223245
store: 2.3781321942806244e-05, 0.005282359552283446, 27.772316939193114
store_sales: 288.85508783441037, 39.217754245071944, 49.5051249287127
web_sales: 109.34904180746526, 14.61681977096563, 32.61939572606279
Function: 212.02941270193554, 3.8726650755961747, 124.4064712524414, 74.42594706227001, 9.040592011775175, 0.2305151765911834, 0.05322212326156498
hiya: 0b10000101000100010001000, 212.02941270193554
catalog_sales: 217.0907397372648, 29.309009983383497, 17.79181165913335
date_dim: 0.0019952356815338135, 0.005567597806324753, 80.93606273009235
item: 0.005464168265461922, 0.006177662577353689, 74.47167173223245
store: 2.3781321942806244e-05, 0.005282359552283446, 27.772316939193114
store_sales: 288.85508783441037, 39.217754245071944, 49.5051249287127
web_sales: 109.34904180746526, 14.61681977096563, 32.61939572606279
date_dim: 0.0019952356815338135, 0.005567387737018095, 33.8352412976448
item: 0.005464168265461922, 0.006177087279884016, 29.05916133105166
store: 2.3781321942806244e-05, 0.0052823570484560245, 27.77231694169694
store_sales: 288.85508783441037, 39.187342004258696, 4.570019232204295
web_sales: 109.34904180746526, 14.605306906791837, -12.440419168430479
date_dim: 0.0019952356815338135, 0.0055672976586725416, 31.670353649361783
item: 0.005464168265461922, 0.0061768405906123015, 27.859771762236377
store: 2.3781321942806244e-05, 0.0052823559748073545, 27.77231694277059
store_sales: 288.85508783441037, 39.174301144646215, 3.6175621689599637
Function: 217.01299997834664, 3.289999136039814, 174.25484657287598, 34.940335152922046, 4.438056939478318, 0.06476445089437632, 0.024997726136100296
hiya: 0b101000100010000000, 217.01299997834664
date_dim: 0.0019952356815338135, 0.0055672976586725416, 31.670353649361783
item: 0.005464168265461922, 0.0061768405906123015, 27.859771762236377
store: 2.3781321942806244e-05, 0.0052823559748073545, 27.77231694277059
store_sales: 288.85508783441037, 39.174301144646215, 3.6175621689599637
date_dim: 0.0019952356815338135, 0.0055668512484660735, -0.0055668512484660735
date_dim had no query dependencies
item: 0.005464168265461922, 0.0061756180480795385, -0.0061756180480795385
item had no query dependencies
store: 2.3781321942806244e-05, 0.005282350654019972, -0.005282350654019972
store had no query dependencies
Function: 220.33670902252197, 0, 220.33670902252197, 0.0, 0, 0.0, 0
hiya: 0b0, 220.33670902252197
{106.15873059427194: [0, 2, 3, 4, 5, 6, 7, 8, 9, 10, 11, 12, 13, 14, 15, 16, 17, 18, 19, 20, 21, 22], 107.28174919413658: [0, 2, 3, 4, 5, 6, 7, 8, 9, 11, 12, 13, 14, 15, 16, 17, 18, 19, 20, 21, 22], 109.15589962035628: [0, 2, 3, 4, 5, 6, 7, 8, 9, 11, 12, 13, 15, 16, 17, 18, 19, 20, 21, 22], 109.82342220257414: [0, 2, 3, 4, 5, 6, 7, 8, 9, 11, 12, 13, 15, 16, 17, 18, 20, 21, 22], 112.46226413947748: [2, 3, 4, 5, 6, 7, 8, 9, 11, 12, 13, 15, 16, 17, 18, 20, 21, 22], 119.14252355904934: [2, 3, 4, 5, 6, 7, 8, 11, 12, 13, 15, 16, 17, 18, 20, 21, 22], 124.97726486415034: [2, 3, 4, 5, 6, 7, 8, 11, 13, 15, 16, 17, 18, 20, 21, 22], 132.30362397900277: [2, 3, 4, 5, 6, 7, 8, 11, 13, 15, 16, 17, 20, 21, 22], 139.7664740474127: [2, 3, 4, 5, 6, 7, 8, 11, 13, 15, 16, 17, 21, 22], 145.171936716215: [3, 4, 5, 6, 7, 8, 11, 13, 15, 16, 17, 22], 149.91517280112438: [3, 4, 5, 6, 7, 8, 11, 13, 15, 17, 22], 156.66037355613759: [3, 4, 5, 6, 7, 8, 11, 15, 17, 22], 167.46974076969622: [3, 4, 5, 6, 7, 11, 15, 17, 22], 184.09827594979535: [3, 4, 5, 7, 11, 15, 17, 22], 196.67050100251933: [3, 4, 7, 11, 15, 17, 22], 212.02941270193554: [3, 7, 11, 15, 17, 22], 217.01299997834664: [7, 11, 15, 17], 220.33670902252197: []}
[0, 2, 3, 4, 5, 6, 7, 8, 9, 10, 11, 12, 13, 14, 15, 16, 17, 18, 19, 20, 21, 22]
{'18': 2296, '88': 426240, '15': 184, '84': 66416, '42': 133248, '34': 164240, '53': 166016, '69': 4325624, '04': 4325528, '32': 2184, '81': 180, '56': 4327592, '28': 131072, '85': 7348448, '16': 173, '73': 164240, '64': 236540, '89': 166016, '70': 163968, '33': 4327592, '74': 4325520, '45': 4196528, '30': 2097328, '79': 164240, '92': 4196480, '44': 133120, '97': 131208, '39': 527488, '83': 2164868, '65': 166016, '54': 4360376, '51': 4325504, '29': 231560, '48': 164064, '61': 170160, '31': 4325536, '77': 7569548, '40': 526476, '10': 4325624, '36': 166016, '66': 4997256, '22': 527488, '19': 166064, '12': 4196480, '55': 133248, '20': 2184, '59': 163968, '99': 540809, '47': 166016, '35': 4325624, '01': 98448, '86': 4196480, '58': 4327560, '38': 4325528, '90': 5505280, '37': 3208, '52': 133248, '72': 531916, '91': 501, '82': 134272, '49': 6488204, '25': 231560, '11': 4325520, '23': 4327576, '46': 164272, '67': 166016, '87': 4325528, '02': 4194440, '60': 4327592, '08': 164016, '21': 527488, '68': 164272, '50': 229504, '13': 164320, '57': 2185, '76': 4327560, '14': 4327560, '43': 163968, '98': 133248, '24': 231472, '26': 6344, '03': 133248, '27': 166080, '17': 231560, '71': 4589704, '96': 426240, '93': 204800, '06': 133296, '78': 6488204, '63': 166016, '09': 139264, '07': 137408, '75': 6490252}
Best Cost: $106.15873059427194;
[0, 2, 3, 4, 5, 6, 7, 8, 9, 10, 11, 12, 13, 14, 15, 16, 17, 18, 19, 20, 21, 22]
{}
{'18': 2296, '88': 426240, '15': 184, '84': 66416, '42': 133248, '34': 164240, '53': 166016, '69': 4325624, '04': 4325528, '32': 2184, '81': 180, '56': 4327592, '28': 131072, '85': 7348448, '16': 173, '73': 164240, '64': 236540, '89': 166016, '70': 163968, '33': 4327592, '74': 4325520, '45': 4196528, '30': 2097328, '79': 164240, '92': 4196480, '44': 133120, '97': 131208, '39': 527488, '83': 2164868, '65': 166016, '54': 4360376, '51': 4325504, '29': 231560, '48': 164064, '61': 170160, '31': 4325536, '77': 7569548, '40': 526476, '10': 4325624, '36': 166016, '66': 4997256, '22': 527488, '19': 166064, '12': 4196480, '55': 133248, '20': 2184, '59': 163968, '99': 540809, '47': 166016, '35': 4325624, '01': 98448, '86': 4196480, '58': 4327560, '38': 4325528, '90': 5505280, '37': 3208, '52': 133248, '72': 531916, '91': 501, '82': 134272, '49': 6488204, '25': 231560, '11': 4325520, '23': 4327576, '46': 164272, '67': 166016, '87': 4325528, '02': 4194440, '60': 4327592, '08': 164016, '21': 527488, '68': 164272, '50': 229504, '13': 164320, '57': 2185, '76': 4327560, '14': 4327560, '43': 163968, '98': 133248, '24': 231472, '26': 6344, '03': 133248, '27': 166080, '17': 231560, '71': 4589704, '96': 426240, '93': 204800, '06': 133296, '78': 6488204, '63': 166016, '09': 139264, '07': 137408, '75': 6490252}
{'18': 2296, '88': 426240, '15': 184, '84': 66416, '42': 133248, '34': 164240, '53': 166016, '69': 4325624, '04': 4325528, '32': 2184, '81': 180, '56': 4327592, '28': 131072, '85': 7348448, '16': 173, '73': 164240, '64': 236540, '89': 166016, '70': 163968, '33': 4327592, '74': 4325520, '45': 4196528, '30': 2097328, '79': 164240, '92': 4196480, '44': 133120, '97': 131208, '39': 527488, '83': 2164868, '65': 166016, '54': 4360376, '51': 4325504, '29': 231560, '48': 164064, '61': 170160, '31': 4325536, '77': 7569548, '40': 526476, '10': 4325624, '36': 166016, '66': 4997256, '22': 527488, '19': 166064, '12': 4196480, '55': 133248, '20': 2184, '59': 163968, '99': 540809, '47': 166016, '35': 4325624, '01': 98448, '86': 4196480, '58': 4327560, '38': 4325528, '90': 5505280, '37': 3208, '52': 133248, '72': 531916, '91': 501, '82': 134272, '49': 6488204, '25': 231560, '11': 4325520, '23': 4327576, '46': 164272, '67': 166016, '87': 4325528, '02': 4194440, '60': 4327592, '08': 164016, '21': 527488, '68': 164272, '50': 229504, '13': 164320, '57': 2185, '76': 4327560, '14': 4327560, '43': 163968, '98': 133248, '24': 231472, '26': 6344, '03': 133248, '27': 166080, '17': 231560, '71': 4589704, '96': 426240, '93': 204800, '06': 133296, '78': 6488204, '63': 166016, '09': 139264, '07': 137408, '75': 6490252}
[0, 2, 3, 4, 5, 6, 7, 8, 9, 10, 11, 12, 13, 14, 15, 16, 17, 18, 19, 20, 21, 22]
22
Optimal Subset: 0b11111111111111111111101
Function: 106.15873059427194, 12.591937271469435, 4.76837158203125e-05, 83.21524696912414, 9.84403522069136, 0.44780316814297927, 0.05966028112820389
106.15873059427194
Real: 106.15873059427194, 12.591937271469435, 4.76837158203125e-05, 83.21524696912414, 9.84403522069136, 0.44780316814297927, 0.05966028112820389
Num Redshift Qs: 93; Num GCP Qs: 1
Redshift Qs: $12.591937271469435; GCP Qs: $4.76837158203125e-05; Movement Cost: $83.21524696912414
Load Cost: $9.84403522069136, Storage Cost: $0.44780316814297927, API Cost: $0.05966028112820389
Final cost: $106.15873059427194, BQ Baseline: $220.33670902252197, Diff: $114.17797842825003, %: 51.819771174207375%
