Egress: $0.12/GB
Benchmark: tpcds
Data Path: parquet_2000/real_data_rs1
BigQuery Cost: $5/TB; DuckDB Cost: $1.48/hr; Redshift Cost: $1.086/hr
Use Duck: False
Excluded Table: household_demographics
Excluded Query: None

Starting analysis without using DuckDB
Redshift Total: $13.019586206191383, Redshift-Calcite Total: $13.196132088476416, BigQuery Total: $214.5507574081421
Excluding table household_demographics and any queries that depend on it
Total Keys: 86, Keys Considered: 85
-0.023674126083263875
call_center: 5.735084414482117e-06, 0.00537668927939568, 3.0911435822221454
catalog_page: 0.0006659524515271187, 0.005071474465941501, 17.491715703967
catalog_returns: 23.366260116919875, 3.0598541165756266, 33.13667316757131
catalog_sales: 217.0907397372648, 29.36567469323559, 91.33429750421836
customer: 0.6484093563631177, 0.09154805278244467, 33.71772360249895
customer_address: 0.18544994108378887, 0.03126732984423718, 30.476900749099254
customer_demographics: 0.012168197892606258, 0.007096495260422026, 20.340134625423328
date_dim: 0.0019952356815338135, 0.005568118599846934, 180.9769462301908
income_band: 6.137415766716003e-07, 0.00341442157744874, -0.00341442157744874
income_band had no query dependencies
inventory: 0.24701470416039228, 0.037681836331358125, 0.3187577025102868
item: 0.005464168265461922, 0.006179088826624939, 131.28344252066964
promotion: 2.6027671992778778e-05, 0.0048076777835561555, 15.922708822319521
reason: 1.2423843145370483e-06, 0.0047348169056783355, 8.488909636220514
ship_mode: 1.5795230865478516e-06, 0.004709164286920138, 2.126396293841929
store: 2.3781321942806244e-05, 0.005282365759649589, 74.4523753118749
store_returns: 36.877127600833774, 4.825475955937966, 39.17843626057321
store_sales: 288.85508783441037, 39.29315078092256, 144.12603168574256
time_dim: 0.0012104213237762451, 0.0019427832556553693, 3.114511559949637
warehouse: 2.3292377591133118e-06, 0.0004457583255521337, 2.8407694966221895
web_page: 1.0661780834197998e-05, 0.0015543752633172066, 7.465278789089656
web_returns: 11.326140539720654, 1.491435079654417, 34.36895602428321
web_sales: 109.34904180746526, 14.64536189917489, 98.90310454289907
web_site: 8.863396942615509e-06, 0.0006161860946984637, 18.70519981890041
-0.023674100949553325
call_center: 5.735084414482117e-06, 0.005376689278829247, 3.091143582222712
catalog_page: 0.0006659524515271187, 0.005071474400167804, 17.491715704032774
catalog_returns: 23.366260116919875, 3.059851808775248, 33.13667547537169
catalog_sales: 217.0907397372648, 29.36565325197418, 91.33431894547977
customer: 0.6484093563631177, 0.09154798874141497, 33.717723666539975
customer_address: 0.18544994108378887, 0.031267311528022174, 30.47690076741547
customer_demographics: 0.012168197892606258, 0.007096494058613455, 20.340134626625137
date_dim: 0.0019952356815338135, 0.005568118402784775, 180.97694623038788
inventory: 0.24701470416039228, 0.037681811934615776, 0.31875772690702914
item: 0.005464168265461922, 0.006179088286948948, 131.2834425212093
promotion: 2.6027671992778778e-05, 0.004807677780985497, 15.922708822322093
reason: 1.2423843145370483e-06, 0.00473481690555563, 8.488909636220637
ship_mode: 1.5795230865478516e-06, 0.004709164286764134, 2.126396293842085
store: 2.3781321942806244e-05, 0.005282365757300794, 74.45237531187726
store_returns: 36.877127600833774, 4.825472313718432, 39.178439902792746
store_sales: 288.85508783441037, 39.29312225175796, 144.12606021490717
time_dim: 0.0012104213237762451, 0.0019427831361064653, 3.1145115600691864
warehouse: 2.3292377591133118e-06, 0.00044575832532208333, 2.8407694966224195
web_page: 1.0661780834197998e-05, 0.0015543752622641815, 7.465278789090709
web_returns: 11.326140539720654, 1.4914339610127818, 34.36895714292484
web_sales: 109.34904180746526, 14.645351099168437, 98.90311534290552
web_site: 8.863396942615509e-06, 0.0006161860938230583, 18.70519981890129
{}
{}
STARTING PHASE 2: 0b111111111111110011111111
----
[0, 1, 2, 3, 4, 5, 6, 7, 10, 11, 12, 13, 14, 15, 16, 17, 18, 19, 20, 21, 22, 23]
Function: 105.6190961177433, 12.064980073266426, 4.76837158203125e-05, 83.21532427028306, 9.841841586041447, 0.43724216809245303, 0.0596603363440782
-0.023674100949553325
call_center: 5.735084414482117e-06, 0.005376689278829247, 3.091143582222712
catalog_page: 0.0006659524515271187, 0.005071474400167804, 17.491715704032774
catalog_returns: 23.366260116919875, 3.059851808775248, 33.13667547537169
catalog_sales: 217.0907397372648, 29.36565325197418, 91.33431894547977
customer: 0.6484093563631177, 0.09154798874141497, 33.717723666539975
customer_address: 0.18544994108378887, 0.031267311528022174, 30.47690076741547
customer_demographics: 0.012168197892606258, 0.007096494058613455, 20.340134626625137
date_dim: 0.0019952356815338135, 0.005568118402784775, 180.97694623038788
inventory: 0.24701470416039228, 0.037681811934615776, 0.31875772690702914
item: 0.005464168265461922, 0.006179088286948948, 131.2834425212093
promotion: 2.6027671992778778e-05, 0.004807677780985497, 15.922708822322093
reason: 1.2423843145370483e-06, 0.00473481690555563, 8.488909636220637
ship_mode: 1.5795230865478516e-06, 0.004709164286764134, 2.126396293842085
store: 2.3781321942806244e-05, 0.005282365757300794, 74.45237531187726
store_returns: 36.877127600833774, 4.825472313718432, 39.178439902792746
store_sales: 288.85508783441037, 39.29312225175796, 144.12606021490717
time_dim: 0.0012104213237762451, 0.0019427831361064653, 3.1145115600691864
warehouse: 2.3292377591133118e-06, 0.00044575832532208333, 2.8407694966224195
web_page: 1.0661780834197998e-05, 0.0015543752622641815, 7.465278789090709
web_returns: 11.326140539720654, 1.4914339610127818, 34.36895714292484
web_sales: 109.34904180746526, 14.645351099168437, 98.90311534290552
web_site: 8.863396942615509e-06, 0.0006161860938230583, 18.70519981890129
call_center: 5.735084414482117e-06, 0.0053766892759668375, 3.091143582225574
catalog_page: 0.0006659524515271187, 0.005071474067787662, 17.491715704365156
catalog_returns: 23.366260116919875, 3.0598401465599925, 33.13668713758695
catalog_sales: 217.0907397372648, 29.3655449009191, 91.22821540300296
customer: 0.6484093563631177, 0.09154766511711866, 33.717723990164274
customer_address: 0.18544994108378887, 0.0312672189690452, 30.476900859974446
customer_demographics: 0.012168197892606258, 0.007096487985406087, 20.340134632698344
date_dim: 0.0019952356815338135, 0.005568117406952841, 180.62050669254208
item: 0.005464168265461922, 0.006179085559755713, 130.92700298509487
promotion: 2.6027671992778778e-05, 0.004807677767994958, 15.922708822335084
reason: 1.2423843145370483e-06, 0.00473481690493555, 8.488909636221257
ship_mode: 1.5795230865478516e-06, 0.0047091642859757865, 2.1263962938428733
store: 2.3781321942806244e-05, 0.0052823657454314195, 74.45237531188913
store_returns: 36.877127600833774, 4.8254539081628165, 39.17845830834836
store_sales: 288.85508783441037, 39.292978082764066, 143.9181077257988
time_dim: 0.0012104213237762451, 0.001942782531979234, 3.1145115606733134
warehouse: 2.3292377591133118e-06, 0.00044575832415954934, 2.7986385094160897
web_page: 1.0661780834197998e-05, 0.0015543752569428342, 7.465278789096031
web_returns: 11.326140539720654, 1.491428308080377, 34.36896279585724
web_sales: 109.34904180746526, 14.645296522524283, 98.90316991954967
web_site: 8.863396942615509e-06, 0.0006161860893992933, 18.70519981890571
Function: 105.93727387787305, 12.05562829130729, 0.36583900451660156, 83.185445783359, 9.83398987260699, 0.4367419318095304, 0.059628994273638734
hiya: 0b111111111111100011111111, 105.93727387787305
call_center: 5.735084414482117e-06, 0.0053766892759668375, 3.091143582225574
catalog_page: 0.0006659524515271187, 0.005071474067787662, 17.491715704365156
catalog_returns: 23.366260116919875, 3.0598401465599925, 33.13668713758695
catalog_sales: 217.0907397372648, 29.3655449009191, 91.22821540300296
customer: 0.6484093563631177, 0.09154766511711866, 33.717723990164274
customer_address: 0.18544994108378887, 0.0312672189690452, 30.476900859974446
customer_demographics: 0.012168197892606258, 0.007096487985406087, 20.340134632698344
date_dim: 0.0019952356815338135, 0.005568117406952841, 180.62050669254208
item: 0.005464168265461922, 0.006179085559755713, 130.92700298509487
promotion: 2.6027671992778778e-05, 0.004807677767994958, 15.922708822335084
reason: 1.2423843145370483e-06, 0.00473481690493555, 8.488909636221257
ship_mode: 1.5795230865478516e-06, 0.0047091642859757865, 2.1263962938428733
store: 2.3781321942806244e-05, 0.0052823657454314195, 74.45237531188913
store_returns: 36.877127600833774, 4.8254539081628165, 39.17845830834836
store_sales: 288.85508783441037, 39.292978082764066, 143.9181077257988
time_dim: 0.0012104213237762451, 0.001942782531979234, 3.1145115606733134
warehouse: 2.3292377591133118e-06, 0.00044575832415954934, 2.7986385094160897
web_page: 1.0661780834197998e-05, 0.0015543752569428342, 7.465278789096031
web_returns: 11.326140539720654, 1.491428308080377, 34.36896279585724
web_sales: 109.34904180746526, 14.645296522524283, 98.90316991954967
web_site: 8.863396942615509e-06, 0.0006161860893992933, 18.70519981890571
call_center: 5.735084414482117e-06, 0.005376689264921115, 2.5864613422185703
catalog_page: 0.0006659524515271187, 0.0050714727851690344, 17.491715705647774
catalog_returns: 23.366260116919875, 3.0597951433463053, 33.13673214080063
catalog_sales: 217.0907397372648, 29.365126786043167, 89.34866354818706
customer: 0.6484093563631177, 0.09154641628633979, 33.71772523899505
customer_address: 0.18544994108378887, 0.031266861794072176, 30.47690121714942
customer_demographics: 0.012168197892606258, 0.007096464549562816, 20.34013465613419
date_dim: 0.0019952356815338135, 0.005568113564146278, 178.48940123825605
item: 0.005464168265461922, 0.0061790750358151755, 130.9270029956188
promotion: 2.6027671992778778e-05, 0.004807677717865889, 15.922708822385212
reason: 1.2423843145370483e-06, 0.004734816902542728, 8.48890963622365
store: 2.3781321942806244e-05, 0.0052823656996288, 74.45237531193493
store_returns: 36.877127600833774, 4.825382883135908, 39.178529333375266
store_sales: 288.85508783441037, 39.29242175037808, 143.9186640581848
time_dim: 0.0012104213237762451, 0.0019427802007182958, 1.7392238333307917
warehouse: 2.3292377591133118e-06, 0.00044575831967345766, 0.6675330512917266
web_page: 1.0661780834197998e-05, 0.0015543752364083371, 7.465278789116565
web_returns: 11.326140539720654, 1.4914064940322407, 34.36898460990538
web_sales: 109.34904180746526, 14.645085917221156, 97.276957306742
web_site: 8.863396942615509e-06, 0.0006161860723284679, 18.454064330485764
Function: 108.06234562777475, 11.993940856980084, 2.5586318969726562, 83.18544559230251, 9.829290899003343, 0.43541738837898086, 0.059618994137167945
hiya: 0b111111111011100011111111, 108.06234562777475
call_center: 5.735084414482117e-06, 0.005376689264921115, 2.5864613422185703
catalog_page: 0.0006659524515271187, 0.0050714727851690344, 17.491715705647774
catalog_returns: 23.366260116919875, 3.0597951433463053, 33.13673214080063
catalog_sales: 217.0907397372648, 29.365126786043167, 89.34866354818706
customer: 0.6484093563631177, 0.09154641628633979, 33.71772523899505
customer_address: 0.18544994108378887, 0.031266861794072176, 30.47690121714942
customer_demographics: 0.012168197892606258, 0.007096464549562816, 20.34013465613419
date_dim: 0.0019952356815338135, 0.005568113564146278, 178.48940123825605
item: 0.005464168265461922, 0.0061790750358151755, 130.9270029956188
promotion: 2.6027671992778778e-05, 0.004807677717865889, 15.922708822385212
reason: 1.2423843145370483e-06, 0.004734816902542728, 8.48890963622365
store: 2.3781321942806244e-05, 0.0052823656996288, 74.45237531193493
store_returns: 36.877127600833774, 4.825382883135908, 39.178529333375266
store_sales: 288.85508783441037, 39.29242175037808, 143.9186640581848
time_dim: 0.0012104213237762451, 0.0019427802007182958, 1.7392238333307917
warehouse: 2.3292377591133118e-06, 0.00044575831967345766, 0.6675330512917266
web_page: 1.0661780834197998e-05, 0.0015543752364083371, 7.465278789116565
web_returns: 11.326140539720654, 1.4914064940322407, 34.36898460990538
web_sales: 109.34904180746526, 14.645085917221156, 97.276957306742
web_site: 8.863396942615509e-06, 0.0006161860723284679, 18.454064330485764
call_center: 5.735084414482117e-06, 0.005376689264833829, 2.5864613422186578
catalog_page: 0.0006659524515271187, 0.005071472775033507, 17.49171570565791
catalog_returns: 23.366260116919875, 3.059794787721246, 32.468753686814296
catalog_sales: 217.0907397372648, 29.365123482009626, 88.6806880426092
customer: 0.6484093563631177, 0.09154640641781078, 33.71772524886358
customer_address: 0.18544994108378887, 0.03126685897159884, 30.476901219971893
customer_demographics: 0.012168197892606258, 0.007096464364367749, 20.340134656319385
date_dim: 0.0019952356815338135, 0.005568113533779595, 177.82142242867502
item: 0.005464168265461922, 0.006179074952652737, 130.25902418609058
promotion: 2.6027671992778778e-05, 0.004807677717469758, 15.922708822385609
reason: 1.2423843145370483e-06, 0.00473481690252382, 8.488909636223669
store: 2.3781321942806244e-05, 0.005282365699266858, 74.45237531193528
store_returns: 36.877127600833774, 4.825382321880891, 39.17852989463029
store_sales: 288.85508783441037, 39.29241735412009, 143.91866845444278
time_dim: 0.0012104213237762451, 0.001942780182296171, 1.7392238333492138
web_page: 1.0661780834197998e-05, 0.0015543752362460691, 7.465278789116727
web_returns: 11.326140539720654, 1.4914063216529476, 34.36898478228468
web_sales: 109.34904180746526, 14.64508425297282, 97.27695897099034
web_site: 8.863396942615509e-06, 0.0006161860721935706, 18.4540643304859
Function: 108.72986821001561, 11.993851734462577, 3.2266998291015625, 83.1854453105618, 9.828855421868163, 0.4354069200855795, 0.059608993935921804
hiya: 0b111101111011100011111111, 108.72986821001561
call_center: 5.735084414482117e-06, 0.005376689264833829, 2.5864613422186578
catalog_page: 0.0006659524515271187, 0.005071472775033507, 17.49171570565791
catalog_returns: 23.366260116919875, 3.059794787721246, 32.468753686814296
catalog_sales: 217.0907397372648, 29.365123482009626, 88.6806880426092
customer: 0.6484093563631177, 0.09154640641781078, 33.71772524886358
customer_address: 0.18544994108378887, 0.03126685897159884, 30.476901219971893
customer_demographics: 0.012168197892606258, 0.007096464364367749, 20.340134656319385
date_dim: 0.0019952356815338135, 0.005568113533779595, 177.82142242867502
item: 0.005464168265461922, 0.006179074952652737, 130.25902418609058
promotion: 2.6027671992778778e-05, 0.004807677717469758, 15.922708822385609
reason: 1.2423843145370483e-06, 0.00473481690252382, 8.488909636223669
store: 2.3781321942806244e-05, 0.005282365699266858, 74.45237531193528
store_returns: 36.877127600833774, 4.825382321880891, 39.17852989463029
store_sales: 288.85508783441037, 39.29241735412009, 143.91866845444278
time_dim: 0.0012104213237762451, 0.001942780182296171, 1.7392238333492138
web_page: 1.0661780834197998e-05, 0.0015543752362460691, 7.465278789116727
web_returns: 11.326140539720654, 1.4914063216529476, 34.36898478228468
web_sales: 109.34904180746526, 14.64508425297282, 97.27695897099034
web_site: 8.863396942615509e-06, 0.0006161860721935706, 18.4540643304859
call_center: 5.735084414482117e-06, 0.005376689255792721, 2.5864613422276985
catalog_page: 0.0006659524515271187, 0.005071471725188748, 17.491715706707755
catalog_returns: 23.366260116919875, 3.0597579518395324, 32.46879052269601
catalog_sales: 217.0907397372648, 29.36478124800341, 86.93986366308391
customer: 0.6484093563631177, 0.09154538422896955, 33.71772627105242
customer_address: 0.18544994108378887, 0.03126656661792052, 30.476901512325572
customer_demographics: 0.012168197892606258, 0.007096445181738779, 20.340134675502014
date_dim: 0.0019952356815338135, 0.005568110388378269, 176.08025581828892
item: 0.005464168265461922, 0.006179066338631713, 128.5178575811731
promotion: 2.6027671992778778e-05, 0.004807677676438278, 15.922708822426639
reason: 1.2423843145370483e-06, 0.004734816900565255, 8.488909636225626
store: 2.3781321942806244e-05, 0.00528236566177665, 74.45237531197279
store_returns: 36.877127600833774, 4.825324186710631, 39.178588029800544
store_sales: 288.85508783441037, 39.29196198677442, 142.17795720825694
web_page: 1.0661780834197998e-05, 0.0015543752194382403, 7.465278789133535
web_returns: 11.326140539720654, 1.4913884664903712, 34.36900263744725
web_sales: 109.34904180746526, 14.644911869016237, 95.53596474141541
web_site: 8.863396942615509e-06, 0.000616186058220815, 18.45406433049987
Function: 110.46800672519996, 11.941300009981392, 5.020418167114258, 83.18529890001584, 9.827068763163087, 0.43432199556987294, 0.05959888935551943
hiya: 0b111100111011100011111111, 110.46800672519996
call_center: 5.735084414482117e-06, 0.005376689255792721, 2.5864613422276985
catalog_page: 0.0006659524515271187, 0.005071471725188748, 17.491715706707755
catalog_returns: 23.366260116919875, 3.0597579518395324, 32.46879052269601
catalog_sales: 217.0907397372648, 29.36478124800341, 86.93986366308391
customer: 0.6484093563631177, 0.09154538422896955, 33.71772627105242
customer_address: 0.18544994108378887, 0.03126656661792052, 30.476901512325572
customer_demographics: 0.012168197892606258, 0.007096445181738779, 20.340134675502014
date_dim: 0.0019952356815338135, 0.005568110388378269, 176.08025581828892
item: 0.005464168265461922, 0.006179066338631713, 128.5178575811731
promotion: 2.6027671992778778e-05, 0.004807677676438278, 15.922708822426639
reason: 1.2423843145370483e-06, 0.004734816900565255, 8.488909636225626
store: 2.3781321942806244e-05, 0.00528236566177665, 74.45237531197279
store_returns: 36.877127600833774, 4.825324186710631, 39.178588029800544
store_sales: 288.85508783441037, 39.29196198677442, 142.17795720825694
web_page: 1.0661780834197998e-05, 0.0015543752194382403, 7.465278789133535
web_returns: 11.326140539720654, 1.4913884664903712, 34.36900263744725
web_sales: 109.34904180746526, 14.644911869016237, 95.53596474141541
web_site: 8.863396942615509e-06, 0.000616186058220815, 18.45406433049987
catalog_page: 0.0006659524515271187, 0.005071470742328377, 17.491715707690613
catalog_returns: 23.366260116919875, 3.059723466237713, 31.398906796186438
catalog_sales: 217.0907397372648, 29.36446084992636, 84.34834602967747
customer: 0.6484093563631177, 0.09154442725995662, 33.71772722802144
customer_address: 0.18544994108378887, 0.031266292917602474, 29.40698357391449
customer_demographics: 0.012168197892606258, 0.007096427223039985, 20.340134693460712
date_dim: 0.0019952356815338135, 0.005568107443666411, 173.48841778975012
item: 0.005464168265461922, 0.006179058274220458, 126.9959377698654
promotion: 2.6027671992778778e-05, 0.004807677638024773, 15.922708822465053
reason: 1.2423843145370483e-06, 0.004734816898731656, 8.488909636227461
store: 2.3781321942806244e-05, 0.00528236562667847, 74.45237531200787
store_returns: 36.877127600833774, 4.8252697608019774, 39.178642455709195
store_sales: 288.85508783441037, 39.291535673727616, 142.17838352130374
web_page: 1.0661780834197998e-05, 0.0015543752037028198, 7.465278789149271
web_returns: 11.326140539720654, 1.4913717505601858, 34.36901935337744
web_sales: 109.34904180746526, 14.64475048386105, 95.53612612657061
web_site: 8.863396942615509e-06, 0.0006161860451395784, 18.454064330512953
Function: 113.05345307748769, 11.895794634787638, 7.657761573791504, 83.1852982063096, 9.821702766234873, 0.4333070075040676, 0.059588888860008134
hiya: 0b111100111011100011111110, 113.05345307748769
catalog_page: 0.0006659524515271187, 0.005071470742328377, 17.491715707690613
catalog_returns: 23.366260116919875, 3.059723466237713, 31.398906796186438
catalog_sales: 217.0907397372648, 29.36446084992636, 84.34834602967747
customer: 0.6484093563631177, 0.09154442725995662, 33.71772722802144
customer_address: 0.18544994108378887, 0.031266292917602474, 29.40698357391449
customer_demographics: 0.012168197892606258, 0.007096427223039985, 20.340134693460712
date_dim: 0.0019952356815338135, 0.005568107443666411, 173.48841778975012
item: 0.005464168265461922, 0.006179058274220458, 126.9959377698654
promotion: 2.6027671992778778e-05, 0.004807677638024773, 15.922708822465053
reason: 1.2423843145370483e-06, 0.004734816898731656, 8.488909636227461
store: 2.3781321942806244e-05, 0.00528236562667847, 74.45237531200787
store_returns: 36.877127600833774, 4.8252697608019774, 39.178642455709195
store_sales: 288.85508783441037, 39.291535673727616, 142.17838352130374
web_page: 1.0661780834197998e-05, 0.0015543752037028198, 7.465278789149271
web_returns: 11.326140539720654, 1.4913717505601858, 34.36901935337744
web_sales: 109.34904180746526, 14.64475048386105, 95.53612612657061
web_site: 8.863396942615509e-06, 0.0006161860451395784, 18.454064330512953
catalog_page: 0.0006659524515271187, 0.005071468390483713, 17.49171571004246
catalog_returns: 23.366260116919875, 3.0596409471118533, 24.409511968977846
catalog_sales: 217.0907397372648, 29.363694183032056, 77.35963535023734
customer: 0.6484093563631177, 0.09154213736961822, 33.71772951791178
customer_address: 0.18544994108378887, 0.03126563799178412, 28.929628410821795
customer_demographics: 0.012168197892606258, 0.0070963842504355385, 19.8627789184148
date_dim: 0.0019952356815338135, 0.005568100397390991, 166.02158463244342
item: 0.005464168265461922, 0.006179038977234695, 126.99593778916238
promotion: 2.6027671992778778e-05, 0.004807677546106737, 15.922708822556972
reason: 1.2423843145370483e-06, 0.004734816894344113, 8.011553818213333
store: 2.3781321942806244e-05, 0.005282365542693532, 67.4628979657574
store_returns: 36.877127600833774, 4.825139527366306, 32.189295342810404
store_sales: 288.85508783441037, 39.290515567419256, 135.18992628127762
web_returns: 11.326140539720654, 1.4913317517237428, 26.90222618786091
web_sales: 109.34904180746526, 14.64436431220592, 88.06967913387275
web_site: 8.863396942615509e-06, 0.0006161860138380451, 18.454064330544256
Function: 120.51630314346816, 11.775609786140123, 15.244779586791992, 83.18529691667834, 9.820159678083657, 0.4308782878352285, 0.05957888793883027
hiya: 0b111000111011100011111110, 120.51630314346816
catalog_page: 0.0006659524515271187, 0.005071468390483713, 17.49171571004246
catalog_returns: 23.366260116919875, 3.0596409471118533, 24.409511968977846
catalog_sales: 217.0907397372648, 29.363694183032056, 77.35963535023734
customer: 0.6484093563631177, 0.09154213736961822, 33.71772951791178
customer_address: 0.18544994108378887, 0.03126563799178412, 28.929628410821795
customer_demographics: 0.012168197892606258, 0.0070963842504355385, 19.8627789184148
date_dim: 0.0019952356815338135, 0.005568100397390991, 166.02158463244342
item: 0.005464168265461922, 0.006179038977234695, 126.99593778916238
promotion: 2.6027671992778778e-05, 0.004807677546106737, 15.922708822556972
reason: 1.2423843145370483e-06, 0.004734816894344113, 8.011553818213333
store: 2.3781321942806244e-05, 0.005282365542693532, 67.4628979657574
store_returns: 36.877127600833774, 4.825139527366306, 32.189295342810404
store_sales: 288.85508783441037, 39.290515567419256, 135.18992628127762
web_returns: 11.326140539720654, 1.4913317517237428, 26.90222618786091
web_sales: 109.34904180746526, 14.64436431220592, 88.06967913387275
web_site: 8.863396942615509e-06, 0.0006161860138380451, 18.454064330544256
catalog_page: 0.0006659524515271187, 0.005071462702426545, 17.491715715730518
catalog_returns: 23.366260116919875, 3.059441370365745, 24.40971154572395
catalog_sales: 217.0907397372648, 29.36183995975327, 77.36148957351612
customer: 0.6484093563631177, 0.09153659915216958, 33.71773505612922
customer_address: 0.18544994108378887, 0.03126405402003929, 28.92962999479354
customer_demographics: 0.012168197892606258, 0.007096280318983554, 19.862779022346253
date_dim: 0.0019952356815338135, 0.005568083355611817, 166.02158464948522
item: 0.005464168265461922, 0.006178992306483058, 126.99593783583313
promotion: 2.6027671992778778e-05, 0.004807677323798243, 15.92270882277928
store: 2.3781321942806244e-05, 0.005282365339571645, 67.46289796596054
store_returns: 36.877127600833774, 4.824824551110133, 30.927803092109492
store_sales: 288.85508783441037, 39.28804838789466, 127.17610482569455
web_returns: 11.326140539720654, 1.4912350124824791, 26.902322927102173
web_sales: 109.34904180746526, 14.643430336214692, 88.07061310986398
web_site: 8.863396942615509e-06, 0.0006161859381336786, 18.454064330619957
Function: 128.52198299343036, 11.485929182966549, 23.550748825073242, 83.1852967664016, 9.815435011161167, 0.4250043199963111, 0.05956888783148826
hiya: 0b111000111001100011111110, 128.52198299343036
catalog_page: 0.0006659524515271187, 0.005071462702426545, 17.491715715730518
catalog_returns: 23.366260116919875, 3.059441370365745, 24.40971154572395
catalog_sales: 217.0907397372648, 29.36183995975327, 77.36148957351612
customer: 0.6484093563631177, 0.09153659915216958, 33.71773505612922
customer_address: 0.18544994108378887, 0.03126405402003929, 28.92962999479354
customer_demographics: 0.012168197892606258, 0.007096280318983554, 19.862779022346253
date_dim: 0.0019952356815338135, 0.005568083355611817, 166.02158464948522
item: 0.005464168265461922, 0.006178992306483058, 126.99593783583313
promotion: 2.6027671992778778e-05, 0.004807677323798243, 15.92270882277928
store: 2.3781321942806244e-05, 0.005282365339571645, 67.46289796596054
store_returns: 36.877127600833774, 4.824824551110133, 30.927803092109492
store_sales: 288.85508783441037, 39.28804838789466, 127.17610482569455
web_returns: 11.326140539720654, 1.4912350124824791, 26.902322927102173
web_sales: 109.34904180746526, 14.643430336214692, 88.07061310986398
web_site: 8.863396942615509e-06, 0.0006161859381336786, 18.454064330619957
catalog_page: 0.0006659524515271187, 0.00507145498333786, 7.406612436172779
catalog_returns: 23.366260116919875, 3.0591705308580877, 14.32487909795478
catalog_sales: 217.0907397372648, 29.359323649964143, 66.16991943272092
customer: 0.6484093563631177, 0.09152908340639088, 31.09644698692415
customer_address: 0.18544994108378887, 0.03126190446035422, 26.30833655940238
customer_demographics: 0.012168197892606258, 0.0070961392767838255, 16.641661535513045
date_dim: 0.0019952356815338135, 0.005568060228733705, 150.09406817250897
item: 0.005464168265461922, 0.006178928971031198, 111.06842139906551
store: 2.3781321942806244e-05, 0.005282365063921135, 54.75649909400851
store_returns: 36.877127600833774, 4.824397106451328, 20.843127249491474
store_sales: 288.85508783441037, 39.28470025390223, 112.3609196228914
web_returns: 11.326140539720654, 1.4911037306122916, 16.817350921695535
web_sales: 109.34904180746526, 14.642162865917873, 77.986777292884
web_site: 8.863396942615509e-06, 0.0006161858353975945, 8.368961043445868
Function: 144.43672041024396, 11.091195316858688, 39.87299919128418, 83.18529361813778, 9.810640475491681, 0.41703292288893823, 0.0595588855826974
hiya: 0b111000111000100011111110, 144.43672041024396
catalog_page: 0.0006659524515271187, 0.00507145498333786, 7.406612436172779
catalog_returns: 23.366260116919875, 3.0591705308580877, 14.32487909795478
catalog_sales: 217.0907397372648, 29.359323649964143, 66.16991943272092
customer: 0.6484093563631177, 0.09152908340639088, 31.09644698692415
customer_address: 0.18544994108378887, 0.03126190446035422, 26.30833655940238
customer_demographics: 0.012168197892606258, 0.0070961392767838255, 16.641661535513045
date_dim: 0.0019952356815338135, 0.005568060228733705, 150.09406817250897
item: 0.005464168265461922, 0.006178928971031198, 111.06842139906551
store: 2.3781321942806244e-05, 0.005282365063921135, 54.75649909400851
store_returns: 36.877127600833774, 4.824397106451328, 20.843127249491474
store_sales: 288.85508783441037, 39.28470025390223, 112.3609196228914
web_returns: 11.326140539720654, 1.4911037306122916, 16.817350921695535
web_sales: 109.34904180746526, 14.642162865917873, 77.986777292884
web_site: 8.863396942615509e-06, 0.0006161858353975945, 8.368961043445868
catalog_returns: 23.366260116919875, 3.059072050961493, 6.913293686695258
catalog_sales: 217.0907397372648, 29.35840869508929, 58.759150496439645
customer: 0.6484093563631177, 0.09152635060764404, 31.096449719722898
customer_address: 0.18544994108378887, 0.03126112285940781, 26.308337341003327
customer_demographics: 0.012168197892606258, 0.007096087992459153, 16.64166158679737
date_dim: 0.0019952356815338135, 0.005568051819574403, 142.682384289762
item: 0.005464168265461922, 0.006178905941640826, 111.0684214220949
store: 2.3781321942806244e-05, 0.0052823649636919105, 47.344815202952624
store_returns: 36.877127600833774, 4.824241683388558, 13.43159878139813
store_sales: 288.85508783441037, 39.28348283960322, 104.9504531460343
web_returns: 11.326140539720654, 1.4910559952389972, 9.405714765912712
web_sales: 109.34904180746526, 14.641702001308985, 70.57555426633677
web_site: 8.863396942615509e-06, 0.0006161857980417485, 0.9572771523271076
Function: 151.84043373883674, 10.950903957770665, 47.42497444152832, 83.18521306563918, 9.805659396174748, 0.41413404967944106, 0.05954882804440558
hiya: 0b111000111000100011111100, 151.84043373883674
catalog_returns: 23.366260116919875, 3.059072050961493, 6.913293686695258
catalog_sales: 217.0907397372648, 29.35840869508929, 58.759150496439645
customer: 0.6484093563631177, 0.09152635060764404, 31.096449719722898
customer_address: 0.18544994108378887, 0.03126112285940781, 26.308337341003327
customer_demographics: 0.012168197892606258, 0.007096087992459153, 16.64166158679737
date_dim: 0.0019952356815338135, 0.005568051819574403, 142.682384289762
item: 0.005464168265461922, 0.006178905941640826, 111.0684214220949
store: 2.3781321942806244e-05, 0.0052823649636919105, 47.344815202952624
store_returns: 36.877127600833774, 4.824241683388558, 13.43159878139813
store_sales: 288.85508783441037, 39.28348283960322, 104.9504531460343
web_returns: 11.326140539720654, 1.4910559952389972, 9.405714765912712
web_sales: 109.34904180746526, 14.641702001308985, 70.57555426633677
web_site: 8.863396942615509e-06, 0.0006161857980417485, 0.9572771523271076
catalog_returns: 23.366260116919875, 3.058967910135983, 6.913397827520768
catalog_sales: 217.0907397372648, 29.35744114577958, 58.760118045749365
customer: 0.6484093563631177, 0.09152346071917657, 31.096452609611365
customer_address: 0.18544994108378887, 0.031260296329622614, 25.350444829407966
customer_demographics: 0.012168197892606258, 0.007096033760152949, 16.641661641029675
date_dim: 0.0019952356815338135, 0.005568042927030628, 141.7244909605294
item: 0.005464168265461922, 0.006178881588449899, 111.06842144644808
store: 2.3781321942806244e-05, 0.0052823648577012, 47.344815203058616
store_returns: 36.877127600833774, 4.824077326127637, 13.43176313865905
store_sales: 288.85508783441037, 39.28219544456656, 104.95174054107096
web_returns: 11.326140539720654, 1.4910055158888684, 8.447871907137692
web_sales: 109.34904180746526, 14.641214644777579, 69.61814828474301
Function: 152.79464580035315, 10.797885926572084, 48.53588581085205, 83.18521199353745, 9.80505428008755, 0.4110689620254068, 0.059538827278608084
hiya: 0b11000111000100011111100, 152.79464580035315
catalog_returns: 23.366260116919875, 3.058967910135983, 6.913397827520768
catalog_sales: 217.0907397372648, 29.35744114577958, 58.760118045749365
customer: 0.6484093563631177, 0.09152346071917657, 31.096452609611365
customer_address: 0.18544994108378887, 0.031260296329622614, 25.350444829407966
customer_demographics: 0.012168197892606258, 0.007096033760152949, 16.641661641029675
date_dim: 0.0019952356815338135, 0.005568042927030628, 141.7244909605294
item: 0.005464168265461922, 0.006178881588449899, 111.06842144644808
store: 2.3781321942806244e-05, 0.0052823648577012, 47.344815203058616
store_returns: 36.877127600833774, 4.824077326127637, 13.43176313865905
store_sales: 288.85508783441037, 39.28219544456656, 104.95174054107096
web_returns: 11.326140539720654, 1.4910055158888684, 8.447871907137692
web_sales: 109.34904180746526, 14.641214644777579, 69.61814828474301
catalog_sales: 217.0907397372648, 29.347854709909708, 48.978179593879815
customer: 0.6484093563631177, 0.09149482783175023, 31.014598749704994
customer_address: 0.18544994108378887, 0.03125210710897957, 25.26857052583481
customer_demographics: 0.012168197892606258, 0.007095496428855951, 16.64166217836097
date_dim: 0.0019952356815338135, 0.005567954820099262, 131.75212531097958
item: 0.005464168265461922, 0.006178640298108715, 106.5038842634562
store: 2.3781321942806244e-05, 0.005282363807549923, 47.34481520410876
store_returns: 36.877127600833774, 4.822448881638304, 3.5429083382854296
store_sales: 288.85508783441037, 39.26943999134657, 95.17297110655151
web_returns: 11.326140539720654, 1.490505368715071, -1.4421111905514632
web_sales: 109.34904180746526, 14.63638593776784, 59.83145210401334
catalog_sales: 217.0907397372648, 29.34702489790824, 48.979009405881285
customer: 0.6484093563631177, 0.09149234933881024, 30.966207050034324
customer_address: 0.18544994108378887, 0.03125139824140204, 25.22017705653878
customer_demographics: 0.012168197892606258, 0.007095449916892062, 16.641662224872935
date_dim: 0.0019952356815338135, 0.00556794719347034, 131.70373114044259
item: 0.005464168265461922, 0.006178619411762249, 106.50388428434255
store: 2.3781321942806244e-05, 0.00528236371664772, 47.34481520419967
store_returns: 36.877127600833774, 4.822307921765489, 3.5430492981582447
store_sales: 288.85508783441037, 39.268335865860344, 95.17407523203775
web_sales: 109.34904180746526, 14.635967959795353, 59.83187008198583
Function: 158.20085253790097, 9.507171995956897, 59.8473596572876, 78.98887703077797, 9.44192301145951, 0.35899943855712096, 0.05652140386187434
hiya: 0b10000111000100011111000, 158.20085253790097
catalog_sales: 217.0907397372648, 29.34702489790824, 48.979009405881285
customer: 0.6484093563631177, 0.09149234933881024, 30.966207050034324
customer_address: 0.18544994108378887, 0.03125139824140204, 25.22017705653878
customer_demographics: 0.012168197892606258, 0.007095449916892062, 16.641662224872935
date_dim: 0.0019952356815338135, 0.00556794719347034, 131.70373114044259
item: 0.005464168265461922, 0.006178619411762249, 106.50388428434255
store: 2.3781321942806244e-05, 0.00528236371664772, 47.34481520419967
store_returns: 36.877127600833774, 4.822307921765489, 3.5430492981582447
store_sales: 288.85508783441037, 39.268335865860344, 95.17407523203775
web_sales: 109.34904180746526, 14.635967959795353, 59.83187008198583
catalog_sales: 217.0907397372648, 29.338296815980062, 44.18493154112319
customer: 0.6484093563631177, 0.09146628019375053, 28.407972108502367
customer_address: 0.18544994108378887, 0.031243942270312186, 22.84920021183408
customer_demographics: 0.012168197892606258, 0.00709496069736914, 16.64166271409246
date_dim: 0.0019952356815338135, 0.0055678669754909114, 125.70935830141262
item: 0.005464168265461922, 0.006178399726167423, 99.33009425666607
store: 2.3781321942806244e-05, 0.005282362760525287, 38.97945798523205
store_sales: 288.85508783441037, 39.25672251526307, 87.00760807271251
web_sales: 109.34904180746526, 14.63157160739074, 59.83626643439044
Function: 161.68378915531633, 8.494949526854752, 69.22493934631348, 74.52828113806045, 9.068339711169005, 0.31395421288146863, 0.05332522003716231
hiya: 0b10000101000100011111000, 161.68378915531633
catalog_sales: 217.0907397372648, 29.338296815980062, 44.18493154112319
customer: 0.6484093563631177, 0.09146628019375053, 28.407972108502367
customer_address: 0.18544994108378887, 0.031243942270312186, 22.84920021183408
customer_demographics: 0.012168197892606258, 0.00709496069736914, 16.64166271409246
date_dim: 0.0019952356815338135, 0.0055678669754909114, 125.70935830141262
item: 0.005464168265461922, 0.006178399726167423, 99.33009425666607
store: 2.3781321942806244e-05, 0.005282362760525287, 38.97945798523205
store_sales: 288.85508783441037, 39.25672251526307, 87.00760807271251
web_sales: 109.34904180746526, 14.63157160739074, 59.83626643439044
catalog_sales: 217.0907397372648, 29.333675541537126, 35.59463296394912
customer: 0.6484093563631177, 0.0914524773130254, 19.813066059766072
customer_address: 0.18544994108378887, 0.031239994542858623, 12.579427699713845
date_dim: 0.0019952356815338135, 0.005567824502321978, 109.06060066909596
item: 0.005464168265461922, 0.006178283408810047, 86.36395104904578
store: 2.3781321942806244e-05, 0.005282362254285291, 30.925620162565483
store_sales: 288.85508783441037, 39.25057357202976, 76.95216145015152
web_sales: 109.34904180746526, 14.629243862168277, 57.83083643699139
Function: 178.31232433541547, 7.766821787521044, 86.60182476043701, 74.52680929312369, 9.06272218577345, 0.3008321398554059, 0.05331416870486439
hiya: 0b10000101000100010111000, 178.31232433541547
catalog_sales: 217.0907397372648, 29.333675541537126, 35.59463296394912
customer: 0.6484093563631177, 0.0914524773130254, 19.813066059766072
customer_address: 0.18544994108378887, 0.031239994542858623, 12.579427699713845
date_dim: 0.0019952356815338135, 0.005567824502321978, 109.06060066909596
item: 0.005464168265461922, 0.006178283408810047, 86.36395104904578
store: 2.3781321942806244e-05, 0.005282362254285291, 30.925620162565483
store_sales: 288.85508783441037, 39.25057357202976, 76.95216145015152
web_sales: 109.34904180746526, 14.629243862168277, 57.83083643699139
catalog_sales: 217.0907397372648, 29.331199619645005, 28.580252910361565
customer: 0.6484093563631177, 0.09144508219832627, 15.42242538924461
date_dim: 0.0019952356815338135, 0.005567801746640599, 96.44993299759496
item: 0.005464168265461922, 0.006178221089920504, 77.7530931529954
store: 2.3781321942806244e-05, 0.005282361983059094, 27.772316936762333
store_sales: 288.85508783441037, 39.24727917708466, 64.98947046814294
web_sales: 109.34904180746526, 14.62799673533633, 48.122089233135036
Function: 190.88454938813945, 7.382575426907143, 99.59673881530762, 74.50437757733343, 9.053852754063207, 0.2937166686980866, 0.053288145829954746
hiya: 0b10000101000100010011000, 190.88454938813945
catalog_sales: 217.0907397372648, 29.331199619645005, 28.580252910361565
customer: 0.6484093563631177, 0.09144508219832627, 15.42242538924461
date_dim: 0.0019952356815338135, 0.005567801746640599, 96.44993299759496
item: 0.005464168265461922, 0.006178221089920504, 77.7530931529954
store: 2.3781321942806244e-05, 0.005282361983059094, 27.772316936762333
store_sales: 288.85508783441037, 39.24727917708466, 64.98947046814294
web_sales: 109.34904180746526, 14.62799673533633, 48.122089233135036
catalog_sales: 217.0907397372648, 29.309009983383497, 17.79181165913335
date_dim: 0.0019952356815338135, 0.005567597806324753, 80.93606273009235
item: 0.005464168265461922, 0.006177662577353689, 74.47167173223244
store: 2.3781321942806244e-05, 0.005282359552283446, 27.77231693919311
store_sales: 288.85508783441037, 39.217754245071944, 49.50512492871269
web_sales: 109.34904180746526, 14.61681977096563, 32.619395726062805
Function: 206.24346108755566, 3.8726650755961733, 118.62051963806152, 74.42594706227001, 9.040592011775175, 0.2305151765911834, 0.05322212326156498
hiya: 0b10000101000100010001000, 206.24346108755566
catalog_sales: 217.0907397372648, 29.309009983383497, 17.79181165913335
date_dim: 0.0019952356815338135, 0.005567597806324753, 80.93606273009235
item: 0.005464168265461922, 0.006177662577353689, 74.47167173223244
store: 2.3781321942806244e-05, 0.005282359552283446, 27.77231693919311
store_sales: 288.85508783441037, 39.217754245071944, 49.50512492871269
web_sales: 109.34904180746526, 14.61681977096563, 32.619395726062805
date_dim: 0.0019952356815338135, 0.005567387737018095, 33.835241297644785
item: 0.005464168265461922, 0.006177087279884016, 29.05916133105166
store: 2.3781321942806244e-05, 0.0052823570484560245, 27.772316941696936
store_sales: 288.85508783441037, 39.187342004258696, 4.570019232204295
web_sales: 109.34904180746526, 14.605306906791837, -12.440419168430479
date_dim: 0.0019952356815338135, 0.0055672976586725416, 31.670353649361775
item: 0.005464168265461922, 0.0061768405906123015, 27.85977176223638
store: 2.3781321942806244e-05, 0.0052823559748073545, 27.772316942770587
store_sales: 288.85508783441037, 39.174301144646215, 3.6175621689599637
Function: 211.22704836396676, 3.2899991360398135, 168.4688949584961, 34.940335152922046, 4.438056939478318, 0.06476445089437632, 0.024997726136100296
hiya: 0b101000100010000000, 211.22704836396676
date_dim: 0.0019952356815338135, 0.0055672976586725416, 31.670353649361775
item: 0.005464168265461922, 0.0061768405906123015, 27.85977176223638
store: 2.3781321942806244e-05, 0.0052823559748073545, 27.772316942770587
store_sales: 288.85508783441037, 39.174301144646215, 3.6175621689599637
date_dim: 0.0019952356815338135, 0.0055668512484660735, -0.0055668512484660735
date_dim had no query dependencies
item: 0.005464168265461922, 0.0061756180480795385, -0.0061756180480795385
item had no query dependencies
store: 2.3781321942806244e-05, 0.005282350654019972, -0.005282350654019972
store had no query dependencies
Function: 214.5507574081421, 0, 214.5507574081421, 0.0, 0, 0.0, 0
hiya: 0b0, 214.5507574081421
{105.6190961177433: [0, 1, 2, 3, 4, 5, 6, 7, 10, 11, 12, 13, 14, 15, 16, 17, 18, 19, 20, 21, 22, 23], 105.93727387787305: [0, 1, 2, 3, 4, 5, 6, 7, 11, 12, 13, 14, 15, 16, 17, 18, 19, 20, 21, 22, 23], 108.06234562777475: [0, 1, 2, 3, 4, 5, 6, 7, 11, 12, 13, 15, 16, 17, 18, 19, 20, 21, 22, 23], 108.72986821001561: [0, 1, 2, 3, 4, 5, 6, 7, 11, 12, 13, 15, 16, 17, 18, 20, 21, 22, 23], 110.46800672519996: [0, 1, 2, 3, 4, 5, 6, 7, 11, 12, 13, 15, 16, 17, 20, 21, 22, 23], 113.05345307748769: [1, 2, 3, 4, 5, 6, 7, 11, 12, 13, 15, 16, 17, 20, 21, 22, 23], 120.51630314346816: [1, 2, 3, 4, 5, 6, 7, 11, 12, 13, 15, 16, 17, 21, 22, 23], 128.52198299343036: [1, 2, 3, 4, 5, 6, 7, 11, 12, 15, 16, 17, 21, 22, 23], 144.43672041024396: [1, 2, 3, 4, 5, 6, 7, 11, 15, 16, 17, 21, 22, 23], 151.84043373883674: [2, 3, 4, 5, 6, 7, 11, 15, 16, 17, 21, 22, 23], 152.79464580035315: [2, 3, 4, 5, 6, 7, 11, 15, 16, 17, 21, 22], 158.20085253790097: [3, 4, 5, 6, 7, 11, 15, 16, 17, 22], 161.68378915531633: [3, 4, 5, 6, 7, 11, 15, 17, 22], 178.31232433541547: [3, 4, 5, 7, 11, 15, 17, 22], 190.88454938813945: [3, 4, 7, 11, 15, 17, 22], 206.24346108755566: [3, 7, 11, 15, 17, 22], 211.22704836396676: [7, 11, 15, 17], 214.5507574081421: []}
[0, 1, 2, 3, 4, 5, 6, 7, 10, 11, 12, 13, 14, 15, 16, 17, 18, 19, 20, 21, 22, 23]
{'29': 231560, '60': 4327592, '54': 4360376, '36': 166016, '26': 6344, '89': 166016, '92': 4196480, '58': 4327560, '87': 4325528, '16': 173, '75': 6490252, '71': 4589704, '32': 2184, '52': 133248, '03': 133248, '74': 4325520, '30': 2097328, '19': 166064, '95': 14680224, '09': 139264, '81': 180, '57': 2185, '15': 184, '55': 133248, '66': 4997256, '23': 4327576, '24': 231472, '43': 163968, '05': 14909582, '11': 4325520, '01': 98448, '70': 163968, '27': 166080, '82': 134272, '39': 527488, '14': 4327560, '51': 4325504, '80': 14915726, '20': 2184, '35': 4325624, '47': 166016, '37': 3208, '48': 164064, '86': 4196480, '77': 7569548, '97': 131208, '31': 4325536, '69': 4325624, '17': 231560, '59': 163968, '94': 14680224, '65': 166016, '62': 13123712, '08': 164016, '99': 540809, '76': 4327560, '98': 133248, '83': 2164868, '50': 229504, '25': 231560, '18': 2296, '04': 4325528, '33': 4327592, '21': 527488, '10': 4325624, '67': 166016, '56': 4327592, '06': 133296, '49': 6488204, '02': 4194440, '78': 6488204, '93': 204800, '61': 170160, '07': 137408, '85': 7348448, '40': 526476, '45': 4196528, '42': 133248, '44': 133120, '12': 4196480, '28': 131072, '63': 166016, '38': 4325528, '53': 166016, '22': 527488}
Best Cost: $105.6190961177433;
[0, 1, 2, 3, 4, 5, 6, 7, 10, 11, 12, 13, 14, 15, 16, 17, 18, 19, 20, 21, 22, 23]
{}
{'29': 231560, '60': 4327592, '54': 4360376, '36': 166016, '26': 6344, '89': 166016, '92': 4196480, '58': 4327560, '87': 4325528, '16': 173, '75': 6490252, '71': 4589704, '32': 2184, '52': 133248, '03': 133248, '74': 4325520, '30': 2097328, '19': 166064, '95': 14680224, '09': 139264, '81': 180, '57': 2185, '15': 184, '55': 133248, '66': 4997256, '23': 4327576, '24': 231472, '43': 163968, '05': 14909582, '11': 4325520, '01': 98448, '70': 163968, '27': 166080, '82': 134272, '39': 527488, '14': 4327560, '51': 4325504, '80': 14915726, '20': 2184, '35': 4325624, '47': 166016, '37': 3208, '48': 164064, '86': 4196480, '77': 7569548, '97': 131208, '31': 4325536, '69': 4325624, '17': 231560, '59': 163968, '94': 14680224, '65': 166016, '62': 13123712, '08': 164016, '99': 540809, '76': 4327560, '98': 133248, '83': 2164868, '50': 229504, '25': 231560, '18': 2296, '04': 4325528, '33': 4327592, '21': 527488, '10': 4325624, '67': 166016, '56': 4327592, '06': 133296, '49': 6488204, '02': 4194440, '78': 6488204, '93': 204800, '61': 170160, '07': 137408, '85': 7348448, '40': 526476, '45': 4196528, '42': 133248, '44': 133120, '12': 4196480, '28': 131072, '63': 166016, '38': 4325528, '53': 166016, '22': 527488}
{'29': 231560, '60': 4327592, '54': 4360376, '36': 166016, '26': 6344, '89': 166016, '92': 4196480, '58': 4327560, '87': 4325528, '16': 173, '75': 6490252, '71': 4589704, '32': 2184, '52': 133248, '03': 133248, '74': 4325520, '30': 2097328, '19': 166064, '95': 14680224, '09': 139264, '81': 180, '57': 2185, '15': 184, '55': 133248, '66': 4997256, '23': 4327576, '24': 231472, '43': 163968, '05': 14909582, '11': 4325520, '01': 98448, '70': 163968, '27': 166080, '82': 134272, '39': 527488, '14': 4327560, '51': 4325504, '80': 14915726, '20': 2184, '35': 4325624, '47': 166016, '37': 3208, '48': 164064, '86': 4196480, '77': 7569548, '97': 131208, '31': 4325536, '69': 4325624, '17': 231560, '59': 163968, '94': 14680224, '65': 166016, '62': 13123712, '08': 164016, '99': 540809, '76': 4327560, '98': 133248, '83': 2164868, '50': 229504, '25': 231560, '18': 2296, '04': 4325528, '33': 4327592, '21': 527488, '10': 4325624, '67': 166016, '56': 4327592, '06': 133296, '49': 6488204, '02': 4194440, '78': 6488204, '93': 204800, '61': 170160, '07': 137408, '85': 7348448, '40': 526476, '45': 4196528, '42': 133248, '44': 133120, '12': 4196480, '28': 131072, '63': 166016, '38': 4325528, '53': 166016, '22': 527488}
[0, 1, 2, 3, 4, 5, 6, 7, 10, 11, 12, 13, 14, 15, 16, 17, 18, 19, 20, 21, 22, 23]
22
Optimal Subset: 0b111111111111110011111111
Function: 105.6190961177433, 12.064980073266426, 4.76837158203125e-05, 83.21532427028306, 9.841841586041447, 0.43724216809245303, 0.0596603363440782
105.6190961177433
Real: 105.6190961177433, 12.064980073266426, 4.76837158203125e-05, 83.21532427028306, 9.841841586041447, 0.43724216809245303, 0.0596603363440782
Num Redshift Qs: 85; Num GCP Qs: 1
Redshift Qs: $12.064980073266426; GCP Qs: $4.76837158203125e-05; Movement Cost: $83.21532427028306
Load Cost: $9.841841586041447, Storage Cost: $0.43724216809245303, API Cost: $0.0596603363440782
Final cost: $105.6190961177433, BQ Baseline: $214.5507574081421, Diff: $108.9316612903988, %: 50.77197703999571%
