Egress: $0.12/GB
Benchmark: tpcds
Data Path: parquet_1000/internal2024_rs1
BigQuery Cost: $6.25/TB; DuckDB Cost: $1.48/hr; Redshift Cost: $1.086/hr
Use Duck: True
Using calcite profiles: False
Excluded Table: inventory
Excluded Query: None

Starting analysis using DuckDB
Excluding table inventory and any queries that depend on it
25
23
Total Keys: 89, Keys Considered: 25
0.2207856655761498
0.22078566557614984
5.551115123125783e-17
['000', '001', '002', '003', '004', '005', '006', '007', '008', '009', '0011', '0012', '0013', '0014', '0015', '0016', '0017', '0018', '0019', '0020', '0021', '0022', '0023']
['source', '06', '07', '20', '33', '40', '43', '56', '60', '61', '62', '65', '66', '68', '71', '73', '77', '79', '84', '85', '89', '90', '91', '95', '96', '98']
[]
Costs: 2.0269612297694493, 0, 2.0269612297694493, 0.0, 0, 0.0, 0
Runtime: 7605.450000000001
Optimal Subset: 0b0
0.22078566557614987
