Egress: $0.12/GB
Benchmark: tpcds
Data Path: parquet_1000/internal2024_rs1
BigQuery Cost: $6.25/TB; DuckDB Cost: $1.48/hr; Redshift Cost: $1.086/hr
Use Duck: True
Using calcite profiles: False
Excluded Table: store_returns
Excluded Query: None

Starting analysis using DuckDB
Excluding table store_returns and any queries that depend on it
27
23
Total Keys: 81, Keys Considered: 27
0.23833676686936578
0.2383367668693658
2.7755575615628914e-17
['000', '001', '002', '003', '004', '005', '006', '007', '008', '009', '0010', '0011', '0012', '0013', '0014', '0015', '0017', '0018', '0019', '0020', '0021', '0022', '0023']
['source', '06', '07', '20', '21', '33', '37', '39', '40', '43', '56', '60', '61', '62', '65', '66', '68', '71', '73', '79', '82', '85', '89', '90', '91', '95', '96', '98']
[]
Costs: 1.6648583998223094, 0, 1.6648583998223094, 0.0, 0, 0.0, 0
Runtime: 9961.144999999997
Optimal Subset: 0b0
0.2383367668693659
