Egress: $0.12/GB
Benchmark: tpcds
Data Path: parquet_1000/internal2024_rs1
BigQuery Cost: $6.25/TB; DuckDB Cost: $1.48/hr; Redshift Cost: $1.086/hr
Use Duck: True
Using calcite profiles: False
Excluded Table: customer_address
Excluded Query: None

Starting analysis using DuckDB
Excluding table customer_address and any queries that depend on it
19
23
Total Keys: 67, Keys Considered: 19
0.12812985213075104
0.12812985213075107
2.7755575615628914e-17
['000', '001', '002', '003', '004', '006', '007', '008', '009', '0010', '0011', '0012', '0013', '0014', '0015', '0016', '0017', '0018', '0019', '0020', '0021', '0022', '0023']
['source', '07', '20', '21', '37', '39', '40', '43', '62', '65', '66', '71', '73', '77', '79', '82', '89', '90', '96', '98']
[]
Costs: 1.5989619609038486, 0, 1.5989619609038486, 0.0, 0, 0.0, 0
Runtime: 9219.515000000003
Optimal Subset: 0b0
0.12812985213075107
