Egress: $0.12/GB
Benchmark: tpcds
Data Path: parquet_1000/internal2024_rs1
BigQuery Cost: $6.25/TB; DuckDB Cost: $1.48/hr; Redshift Cost: $1.086/hr
Use Duck: True
Using calcite profiles: False
Excluded Table: web_returns
Excluded Query: None

Starting analysis using DuckDB
Excluding table web_returns and any queries that depend on it
26
23
Total Keys: 85, Keys Considered: 26
0.20179923043447867
0.2017992304344787
2.7755575615628914e-17
['000', '001', '002', '003', '004', '005', '006', '007', '008', '009', '0010', '0011', '0012', '0013', '0014', '0015', '0016', '0017', '0018', '0019', '0020', '0022', '0023']
['source', '06', '07', '20', '21', '33', '37', '39', '40', '43', '56', '60', '61', '62', '65', '66', '68', '71', '73', '79', '82', '84', '89', '90', '91', '96', '98']
[]
Costs: 1.7253229013135316, 0, 1.7253229013135316, 0.0, 0, 0.0, 0
Runtime: 10823.965999999997
Optimal Subset: 0b0
0.2017992304344787
