Egress: $0.12/GB
Benchmark: tpcds
Data Path: parquet_2000/real_data_rs1
BigQuery Cost: $5/TB; DuckDB Cost: $1.48/hr; Redshift Cost: $1.086/hr
Use Duck: True
Excluded Table: promotion
Excluded Query: None

Starting analysis using DuckDB
Duck Total: $45.671184163737315, Duck-Calcite Total: $52.74669179812802, Redshift Total: $11.397179523464839, Redshift-Calcite Total: $10.75863607732296, BigQuery Total: $194.52614784240723
Excluding table promotion and any queries that depend on it
Total Keys: 88, Keys Considered: 86

Round 0
call_center: 5.735084414482117e-06, 0.005366721925906074, 0.7629919467649992
catalog_page: 0.0006659524515271187, 0.005065265443368494, 1.8288483744497623
catalog_returns: 23.366260116919875, 3.1930200963909594, 0.5522636273070711
catalog_sales: 217.0907397372648, 30.622863049855187, -14.811138749175935
customer: 0.6484093563631177, 0.09529331812724592, 11.096691488299962
customer_address: 0.18544994108378887, 0.03233141162915986, 5.431659087503096
customer_demographics: 0.012168197892606258, 0.007156972540720638, 2.121287999207969
date_dim: 0.0019952356815338135, 0.005569675161541308, 25.74300421635907
household_demographics: 3.512948751449585e-05, 0.004379926949901216, 3.2648655013953976
income_band: 6.137415766716003e-07, 0.003404425132426657, 0.01861762685959236
inventory: 0.24701470416039228, 0.03910267690972116, 0.21790757683955517
item: 0.005464168265461922, 0.006200741069544379, 11.026515931382335
reason: 1.2423843145370483e-06, 0.004724824102598111, 2.836487706263573
ship_mode: 1.5795230865478516e-06, 0.004699173437042468, 0.8701236271813566
store: 2.3781321942806244e-05, 0.00527250352765651, 9.477503642061984
store_returns: 36.877127600833774, 5.039499198528803, 0.8772833583829973
store_sales: 288.85508783441037, 41.00670011381514, -13.230311451717384
time_dim: 0.0012104213237762451, 0.0019399638350066789, 2.098381179324576
warehouse: 2.3292377591133118e-06, 0.00043577214331281633, 0.982896225829127
web_page: 1.0661780834197998e-05, 0.0015444385127846333, 0.5623465541377927
web_returns: 11.326140539720654, 1.5586565462133233, 2.698778691872504
web_sales: 109.34904180746526, 15.299025537580915, 1.8992631641760287
web_site: 8.863396942615509e-06, 0.0006062390790305367, 2.621694744632042

Round 1
call_center: 5.735084414482117e-06, 0.0053666863497333584, 0.005320799890994299
catalog_page: 0.0006659524515271187, 0.005061134372625063, -0.005061134372625063
catalog_page had no query dependencies
catalog_returns: 23.366260116919875, 3.048073301269083, -2.9512133847730824
customer: 0.6484093563631177, 0.09121166431002342, 0.156017793976323
customer_address: 0.18544994108378887, 0.031164028011850618, 1.007288314953995
customer_demographics: 0.012168197892606258, 0.0070803752941052435, 0.25887088486715476
date_dim: 0.0019952356815338135, 0.005557115408576808, 1.594866625693458
household_demographics: 3.512948751449585e-05, 0.004379705814278475, 0.1052054113332128
income_band: 6.137415766716003e-07, 0.0034044212690020705, 0.018617630723016945
inventory: 0.24701470416039228, 0.03754775099717506, -0.00898481589506405
item: 0.005464168265461922, 0.0061663448304404836, 0.43839072314460453
reason: 1.2423843145370483e-06, 0.0047248162819480384, 0.2285169056465653
ship_mode: 1.5795230865478516e-06, 0.004699163494147024, 0.15438849500016283
store: 2.3781321942806244e-05, 0.005272353827281996, 0.06604616874536416
store_returns: 36.877127600833774, 4.807362405370236, -4.651951155806815
time_dim: 0.0012104213237762451, 0.0019321891039046546, 0.07494338981083995
warehouse: 2.3292377591133118e-06, 0.00043575718224356377, 0.18721483641417733
web_page: 1.0661780834197998e-05, 0.0015443700304492462, 0.3085729308128087
web_returns: 11.326140539720654, 1.4859069214418894, -0.5331649958803437
web_sales: 109.34904180746526, 14.59665903129305, -13.144230928757674
web_site: 8.863396942615509e-06, 0.0006061821480045166, 0.7877811616699373

Round 2
call_center: 5.735084414482117e-06, 0.005366685139237589, -0.005366685139237589
call_center had no query dependencies
customer: 0.6484093563631177, 0.09107021544931622, -0.09107021544931622
customer had no query dependencies
customer_address: 0.18544994108378887, 0.031123572576365152, -0.031123572576365152
customer_address had no query dependencies
customer_demographics: 0.012168197892606258, 0.0070777208325187805, -0.0070777208325187805
customer_demographics had no query dependencies
date_dim: 0.0019952356815338135, 0.005556680152960544, -0.005556680152960544
date_dim had no query dependencies
household_demographics: 3.512948751449585e-05, 0.004379698150869646, -0.004379698150869646
household_demographics had no query dependencies
income_band: 6.137415766716003e-07, 0.0034044211351158984, -0.0034044211351158984
income_band had no query dependencies
item: 0.005464168265461922, 0.006165151591259904, -0.006165151591259904
item had no query dependencies
reason: 1.2423843145370483e-06, 0.004724816010642037, -0.004724816010642037
reason had no query dependencies
ship_mode: 1.5795230865478516e-06, 0.004699163149218255, -0.004699163149218255
ship_mode had no query dependencies
store: 2.3781321942806244e-05, 0.005272348634029568, -0.005272348634029568
store had no query dependencies
time_dim: 0.0012104213237762451, 0.0019319116588772144, -0.0019319116588772144
time_dim had no query dependencies
warehouse: 2.3292377591133118e-06, 0.00043575664835059503, -0.00043575664835059503
warehouse had no query dependencies
web_page: 1.0661780834197998e-05, 0.0015443675866240938, -0.0015443675866240938
web_page had no query dependencies
web_site: 8.863396942615509e-06, 0.00060617971303293, -0.00060617971303293
web_site had no query dependencies
----
[]
Function: 41.356648444874224, 0, 41.356648444874224, 0.0, 0, 0.0
{41.356648444874224: []}
[]
----
Best Cost: $41.356648444874224;
[]
[]
0
Optimal Subset: 0b0
Function: 41.356648444874224, 0, 41.356648444874224, 0.0, 0, 0.0
41.356648444874224
Real: 41.356648444874224, 0, 41.356648444874224, 0.0, 0, 0.0, 0
Num Redshift Qs: 0; Num GCP Qs: 88
Num BigQuery Qs: 4; Num DuckDB Qs: 84
Redshift Qs: $0; GCP Qs: $41.356648444874224; Movement Cost: $0.0
Load Cost: $0, Storage Cost: $0.0, API Cost: $0
Final cost: $41.356648444874224, BQ Baseline: $45.671184163737315, Diff: $4.314535718863091, %: 9.446953911671969%
