Egress: $0.12/GB
Benchmark: tpcds
Data Path: parquet_2000/real_data_rs1
BigQuery Cost: $5/TB; DuckDB Cost: $1.48/hr; Redshift Cost: $1.086/hr
Use Duck: True
Excluded Table: income_band
Excluded Query: None

Starting analysis using DuckDB
Duck Total: $47.873785976338375, Duck-Calcite Total: $55.084661676319435, Redshift Total: $11.797845560057166, Redshift-Calcite Total: $11.160234677877828, BigQuery Total: $210.82536697387695
Excluding table income_band and any queries that depend on it
Total Keys: 91, Keys Considered: 89

Round 0
call_center: 5.735084414482117e-06, 0.005366723432636103, 0.7629919452582691
catalog_page: 0.0006659524515271187, 0.005065440403401138, 2.952570509488795
catalog_returns: 23.366260116919875, 3.1991589154965294, 1.669847118200566
catalog_sales: 217.0907397372648, 30.679897456477086, -13.556910215268523
customer: 0.6484093563631177, 0.09546366921146543, 11.172571457776666
customer_address: 0.18544994108378887, 0.032380133317429845, 5.507660686375756
customer_demographics: 0.012168197892606258, 0.007160169388026528, 2.784830595089451
date_dim: 0.0019952356815338135, 0.005570199352869344, 27.650366219440567
household_demographics: 3.512948751449585e-05, 0.0043799361791731686, 3.242843440174107
inventory: 0.24701470416039228, 0.03916754858867381, 0.21784270516060253
item: 0.005464168265461922, 0.006202176084397706, 12.933877023640303
promotion: 2.6027671992778778e-05, 0.004797835392918295, 1.9025646918799008
reason: 1.2423843145370483e-06, 0.0047248244290493, 2.836487705937122
ship_mode: 1.5795230865478516e-06, 0.004699173852080862, 0.8701236267663182
store: 2.3781321942806244e-05, 0.005272509776480431, 10.699298318365178
store_returns: 36.877127600833774, 5.049189100445522, 1.9692937144733236
store_sales: 288.85508783441037, 41.08260020830074, -11.5863896494604
time_dim: 0.0012104213237762451, 0.0019402818875413625, 2.0983808612720414
warehouse: 2.3292377591133118e-06, 0.0004357727553476166, 0.9828962252170922
web_page: 1.0661780834197998e-05, 0.001544441314293787, 0.5623465513362835
web_returns: 11.326140539720654, 1.5616326237460645, 3.8195249243388276
web_sales: 109.34904180746526, 15.327758293051208, 2.9942527187048107
web_site: 8.863396942615509e-06, 0.0006062414079930295, 3.7454170523021446

Round 1
call_center: 5.735084414482117e-06, 0.005366686346207182, 0.005320799894520476
catalog_page: 0.0006659524515271187, 0.005061133963168831, -0.005061133963168831
catalog_page had no query dependencies
catalog_returns: 23.366260116919875, 3.0480589346866025, -2.951199018190602
customer: 0.6484093563631177, 0.09121126564004146, 0.13399614065428594
customer_address: 0.18544994108378887, 0.031163913989244462, 0.9852663769845821
customer_demographics: 0.012168197892606258, 0.00708036781257342, 0.23684884035666756
date_dim: 0.0019952356815338135, 0.00555711418182003, 1.5948666269202145
household_demographics: 3.512948751449585e-05, 0.004379705792679354, 0.0831833593627929
inventory: 0.24701470416039228, 0.037547574725160265, -0.008984639623049254
item: 0.005464168265461922, 0.006166340931158647, 0.4383907270438864
promotion: 2.6027671992778778e-05, 0.004797664698025861, -0.004797664698025861
promotion had no query dependencies
reason: 1.2423843145370483e-06, 0.004724816281234275, 0.22851690564727906
ship_mode: 1.5795230865478516e-06, 0.00469916349323957, 0.1543884950010703
store: 2.3781321942806244e-05, 0.005272353813619362, 0.0660461687590268
store_returns: 36.877127600833774, 4.807341219049709, -4.673952021478306
time_dim: 0.0012104213237762451, 0.001932188408504123, 0.07494339050624048
warehouse: 2.3292377591133118e-06, 0.00043575718090539076, 0.1872148364155155
web_page: 1.0661780834197998e-05, 0.0015443700243239343, 0.308572930818934
web_returns: 11.326140539720654, 1.485900414448004, -0.5331584888864581
web_sales: 109.34904180746526, 14.596596209050652, -13.144168106515275
web_site: 8.863396942615509e-06, 0.0006061821429123962, 0.7877811616750294

Round 2
call_center: 5.735084414482117e-06, 0.005366685139237589, -0.005366685139237589
call_center had no query dependencies
customer: 0.6484093563631177, 0.09107021544931622, -0.09107021544931622
customer had no query dependencies
customer_address: 0.18544994108378887, 0.031123572576365152, -0.031123572576365152
customer_address had no query dependencies
customer_demographics: 0.012168197892606258, 0.0070777208325187805, -0.0070777208325187805
customer_demographics had no query dependencies
date_dim: 0.0019952356815338135, 0.005556680152960544, -0.005556680152960544
date_dim had no query dependencies
household_demographics: 3.512948751449585e-05, 0.004379698150869646, -0.004379698150869646
household_demographics had no query dependencies
item: 0.005464168265461922, 0.006165151051583912, -0.006165151051583912
item had no query dependencies
reason: 1.2423843145370483e-06, 0.004724816010519332, -0.004724816010519332
reason had no query dependencies
ship_mode: 1.5795230865478516e-06, 0.004699163149062251, -0.004699163149062251
ship_mode had no query dependencies
store: 2.3781321942806244e-05, 0.005272348631680773, -0.005272348631680773
store had no query dependencies
time_dim: 0.0012104213237762451, 0.0019319115393283102, -0.0019319115393283102
time_dim had no query dependencies
warehouse: 2.3292377591133118e-06, 0.0004357566481205447, -0.0004357566481205447
warehouse had no query dependencies
web_page: 1.0661780834197998e-05, 0.0015443675855710685, -0.0015443675855710685
web_page had no query dependencies
web_site: 8.863396942615509e-06, 0.0006061797121575246, -0.0006061797121575246
web_site had no query dependencies
----
[]
Function: 43.63571360351372, 0, 43.63571360351372, 0.0, 0, 0.0
{43.63571360351372: []}
[]
----
Best Cost: $43.63571360351372;
[]
[]
0
Optimal Subset: 0b0
Function: 43.63571360351372, 0, 43.63571360351372, 0.0, 0, 0.0
43.63571360351372
Real: 43.63571360351372, 0, 43.63571360351372, 0.0, 0, 0.0, 0
Num Redshift Qs: 0; Num GCP Qs: 91
Num BigQuery Qs: 3; Num DuckDB Qs: 88
Redshift Qs: $0; GCP Qs: $43.63571360351372; Movement Cost: $0.0
Load Cost: $0, Storage Cost: $0.0, API Cost: $0
Final cost: $43.63571360351372, BQ Baseline: $47.873785976338375, Diff: $4.238072372824654, %: 8.852594977383491%
