Egress: $0.12/GB
Benchmark: tpcds
Data Path: parquet_2000/real_data_rs1
BigQuery Cost: $5/TB; DuckDB Cost: $1.48/hr; Redshift Cost: $1.086/hr
Use Duck: True
Excluded Table: ship_mode
Excluded Query: None

Starting analysis using DuckDB
Duck Total: $47.02918509507972, Duck-Calcite Total: $54.12930081087484, Redshift Total: $11.633113502802447, Redshift-Calcite Total: $11.080235371521317, BigQuery Total: $208.6556053161621
Excluding table ship_mode and any queries that depend on it
Total Keys: 89, Keys Considered: 87

Round 0
call_center: 5.735084414482117e-06, 0.005366723200428807, 0.4838906345340019
catalog_page: 0.0006659524515271187, 0.005065413439714772, 2.9525705364524812
catalog_returns: 23.366260116919875, 3.198212841181599, 1.6707931925154975
catalog_sales: 217.0907397372648, 30.671107689871437, -14.263855590786964
customer: 0.6484093563631177, 0.09543741582583391, 11.194619763154316
customer_address: 0.18544994108378887, 0.03237262465215407, 5.5296902470330505
customer_demographics: 0.012168197892606258, 0.007159676711003008, 2.8068531397584935
date_dim: 0.0019952356815338135, 0.0055701185679589175, 26.775543499607085
household_demographics: 3.512948751449585e-05, 0.004379934756818643, 3.26486549358848
income_band: 6.137415766716003e-07, 0.0034044252688200443, 0.01861762672319897
inventory: 0.24701470416039228, 0.03915757163022081, 0.2178526821190555
item: 0.005464168265461922, 0.006201955385877146, 12.933877244338824
promotion: 2.6027671992778778e-05, 0.004797834341656983, 1.902564692931162
reason: 1.2423843145370483e-06, 0.004724824378869224, 2.8364877059873024
store: 2.3781321942806244e-05, 0.005272508812707502, 10.699298319328948
store_returns: 36.877127600833774, 5.047694600798327, 1.9928102661125386
store_sales: 288.85508783441037, 41.07089393248849, -11.574683373648142
time_dim: 0.0012104213237762451, 0.00194023283344309, 1.6617470791585252
warehouse: 2.3292377591133118e-06, 0.0004357726609518425, 0.10807342469308891
web_page: 1.0661780834197998e-05, 0.0015444408822094917, 0.5623465517683678
web_returns: 11.326140539720654, 1.5611736152998559, 3.8199839327850365
web_sales: 109.34904180746526, 15.323326762857988, 2.4029627592361003
web_site: 8.863396942615509e-06, 0.0006062410487908772, 3.586329394167037

Round 1
call_center: 5.735084414482117e-06, 0.005366686312227984, 0.005320799928499674
catalog_page: 0.0006659524515271187, 0.005061130017537253, -0.005061130017537253
catalog_page had no query dependencies
catalog_returns: 23.366260116919875, 3.0479204943917195, -2.951060577895719
customer: 0.6484093563631177, 0.0912074239477017, 0.15602203433864473
customer_address: 0.18544994108378887, 0.031162815236410197, 1.0072895277294354
customer_demographics: 0.012168197892606258, 0.007080295718498629, 0.2588709644427614
date_dim: 0.0019952356815338135, 0.0055571023604581715, 1.4357789802472667
household_demographics: 3.512948751449585e-05, 0.0043797055845443515, 0.10520541156294692
income_band: 6.137415766716003e-07, 0.003404421264988423, 0.01861763072703059
inventory: 0.24701470416039228, 0.0375461356104843, -0.008983200508373292
item: 0.005464168265461922, 0.006166309096759276, 0.4383907588782856
promotion: 2.6027671992778778e-05, 0.0047976645463879055, -0.0047976645463879055
promotion had no query dependencies
reason: 1.2423843145370483e-06, 0.0047248162739961085, 0.22851690565451724
store: 2.3781321942806244e-05, 0.005272353671826696, 0.06604616890081946
store_returns: 36.877127600833774, 4.807121344552754, -4.651710094989332
time_dim: 0.0012104213237762451, 0.001932181191543449, 0.07494339772320115
warehouse: 2.3292377591133118e-06, 0.0004357571670176502, 0.02812717793509336
web_page: 1.0661780834197998e-05, 0.0015443699607546205, 0.3085729308825033
web_returns: 11.326140539720654, 1.4858328839862887, -0.533090958424743
web_sales: 109.34904180746526, 14.595944231331016, -13.302603787289948
web_site: 8.863396942615509e-06, 0.0006061820900656842, 0.6286935032335663

Round 2
call_center: 5.735084414482117e-06, 0.005366685139237589, -0.005366685139237589
call_center had no query dependencies
customer: 0.6484093563631177, 0.09107021544931622, -0.09107021544931622
customer had no query dependencies
customer_address: 0.18544994108378887, 0.031123572576365152, -0.031123572576365152
customer_address had no query dependencies
customer_demographics: 0.012168197892606258, 0.0070777208325187805, -0.0070777208325187805
customer_demographics had no query dependencies
date_dim: 0.0019952356815338135, 0.005556680152960544, -0.005556680152960544
date_dim had no query dependencies
household_demographics: 3.512948751449585e-05, 0.004379698150869646, -0.004379698150869646
household_demographics had no query dependencies
income_band: 6.137415766716003e-07, 0.0034044211351158984, -0.0034044211351158984
income_band had no query dependencies
item: 0.005464168265461922, 0.006165151591259904, -0.006165151591259904
item had no query dependencies
reason: 1.2423843145370483e-06, 0.004724816010642037, -0.004724816010642037
reason had no query dependencies
store: 2.3781321942806244e-05, 0.00527234863078756, -0.00527234863078756
store had no query dependencies
time_dim: 0.0012104213237762451, 0.0019319114938655207, -0.0019319114938655207
time_dim had no query dependencies
warehouse: 2.3292377591133118e-06, 0.00043575664803305976, -0.00043575664803305976
warehouse had no query dependencies
web_page: 1.0661780834197998e-05, 0.0015443675851706175, -0.0015443675851706175
web_page had no query dependencies
web_site: 8.863396942615509e-06, 0.0006061797118246201, -0.0006061797118246201
web_site had no query dependencies
----
[]
Function: 42.72223460330931, 0, 42.72223460330931, 0.0, 0, 0.0
{42.72223460330931: []}
[]
----
Best Cost: $42.72223460330931;
[]
[]
0
Optimal Subset: 0b0
Function: 42.72223460330931, 0, 42.72223460330931, 0.0, 0, 0.0
42.72223460330931
Real: 42.72223460330931, 0, 42.72223460330931, 0.0, 0, 0.0, 0
Num Redshift Qs: 0; Num GCP Qs: 89
Num BigQuery Qs: 4; Num DuckDB Qs: 85
Redshift Qs: $0; GCP Qs: $42.72223460330931; Movement Cost: $0.0
Load Cost: $0, Storage Cost: $0.0, API Cost: $0
Final cost: $42.72223460330931, BQ Baseline: $47.02918509507972, Diff: $4.306950491770408, %: 9.158037680353107%
