Egress: $0.12/GB
Benchmark: tpcds
Data Path: parquet_2000/real_data_rs1
BigQuery Cost: $5/TB; DuckDB Cost: $1.48/hr; Redshift Cost: $1.086/hr
Use Duck: True
Excluded Table: catalog_sales
Excluded Query: None

Starting analysis using DuckDB
Duck Total: $24.095363572051788, Duck-Calcite Total: $27.723233688767756, Redshift Total: $5.877135892918902, Redshift-Calcite Total: $4.756774314922095, BigQuery Total: $92.73408889770508
Excluding table catalog_sales and any queries that depend on it
Total Keys: 58, Keys Considered: 57

Round 0
call_center: 5.735084414482117e-06, 0.005366702591934053, 0.005320783648793605
catalog_page: 0.0006659524515271187, 0.005063020401249838, -0.005063020401249838
catalog_page had no query dependencies
catalog_returns: 23.366260116919875, 3.1142483492524526, -3.0173884327564515
customer: 0.6484093563631177, 0.0930480095383779, 4.52890316140448
customer_address: 0.18544994108378887, 0.03168923652567891, 4.16634010513262
customer_demographics: 0.012168197892606258, 0.007114836567556157, 1.9101975085513416
date_dim: 0.0019952356815338135, 0.005562766069671179, 10.527386411515206
household_demographics: 3.512948751449585e-05, 0.004379805303692283, 3.2648656230416067
income_band: 6.137415766716003e-07, 0.003404423007165477, 0.01861762898485354
inventory: 0.24701470416039228, 0.038247315660866164, 0.15414965974937225
item: 0.005464168265461922, 0.006181819775739681, 4.378166271710199
promotion: 2.6027671992778778e-05, 0.004797738428970812, 0.5913018483145356
reason: 1.2423843145370483e-06, 0.004724819800648901, 2.836487710565522
ship_mode: 1.5795230865478516e-06, 0.004699167967697746, 0.1543884905266121
store: 2.3781321942806244e-05, 0.005272421181124973, 6.6850373048796765
store_returns: 36.877127600833774, 4.911806400024513, -3.102568616018333
store_sales: 288.85508783441037, 40.00649437851421, -25.185853987038065
time_dim: 0.0012104213237762451, 0.0019357725626311492, 1.2971026081158525
warehouse: 2.3292377591133118e-06, 0.00043576407796426037, 0.18721482951845664
web_page: 1.0661780834197998e-05, 0.0015444015947077567, 0.3085728992485502
web_returns: 11.326140539720654, 1.5194380203719255, -0.5666960948103799
web_sales: 109.34904180746526, 14.92038744750792, -10.75795770405311
web_site: 8.863396942615509e-06, 0.000606208388138011, 0.7877811354298039

Round 1
call_center: 5.735084414482117e-06, 0.005366685142602626, -0.005366685142602626
call_center had no query dependencies
customer: 0.6484093563631177, 0.091070595900859, -0.091070595900859
customer had no query dependencies
customer_address: 0.18544994108378887, 0.031123681388361003, -0.031123681388361003
customer_address had no query dependencies
customer_demographics: 0.012168197892606258, 0.007077727972159218, -0.007077727972159218
customer_demographics had no query dependencies
date_dim: 0.0019952356815338135, 0.0055566813236569345, 0.023006253778454076
household_demographics: 3.512948751449585e-05, 0.0043796981714817294, -0.0043796981714817294
household_demographics had no query dependencies
income_band: 6.137415766716003e-07, 0.003404421135476009, -0.003404421135476009
income_band had no query dependencies
inventory: 0.24701470416039228, 0.037494010299243784, -0.008931075197132772
item: 0.005464168265461922, 0.0061651560420353645, 0.022397779060075645
promotion: 2.6027671992778778e-05, 0.0047976590540002835, -0.0047976590540002835
promotion had no query dependencies
reason: 1.2423843145370483e-06, 0.0047248160118268205, -0.0047248160118268205
reason had no query dependencies
ship_mode: 1.5795230865478516e-06, 0.004699163150724546, -0.004699163150724546
ship_mode had no query dependencies
store: 2.3781321942806244e-05, 0.0052723486567083115, -0.0052723486567083115
store had no query dependencies
time_dim: 0.0012104213237762451, 0.001931912813179495, -0.001931912813179495
time_dim had no query dependencies
warehouse: 2.3292377591133118e-06, 0.0004357566505718418, 0.02812717845153917
web_page: 1.0661780834197998e-05, 0.00154436759679156, -0.00154436759679156
web_page had no query dependencies
web_site: 8.863396942615509e-06, 0.0006061797214853913, -0.0006061797214853913
web_site had no query dependencies

Round 2
date_dim: 0.0019952356815338135, 0.005556678236159597, -0.005556678236159597
date_dim had no query dependencies
item: 0.005464168265461922, 0.006165145108591939, -0.006165145108591939
item had no query dependencies
warehouse: 2.3292377591133118e-06, 0.00043575664447356683, -0.00043575664447356683
warehouse had no query dependencies
----
[]
Function: 21.08058583354082, 0, 21.08058583354082, 0.0, 0, 0.0
{21.08058583354082: []}
[]
----
Best Cost: $21.08058583354082;
[]
[]
0
Optimal Subset: 0b0
Function: 21.08058583354082, 0, 21.08058583354082, 0.0, 0, 0.0
21.08058583354082
Real: 21.08058583354082, 0, 21.08058583354082, 0.0, 0, 0.0, 0
Num Redshift Qs: 0; Num GCP Qs: 58
Num BigQuery Qs: 4; Num DuckDB Qs: 54
Redshift Qs: $0; GCP Qs: $21.08058583354082; Movement Cost: $0.0
Load Cost: $0, Storage Cost: $0.0, API Cost: $0
Final cost: $21.08058583354082, BQ Baseline: $24.095363572051788, Diff: $3.0147777385109684, %: 12.511858264748529%
