Egress: $0.12/GB
Benchmark: tpcds
Data Path: parquet_2000/internal_rs1
BigQuery Cost: $5/TB; DuckDB Cost: $1.48/hr; Redshift Cost: $1.086/hr
Use Duck: True
Excluded Table: customer
Excluded Query: None

Starting analysis using DuckDB
Excluding table customer and any queries that depend on it
64
23
Total Keys: 66, Keys Considered: 64
h
95.23574703633757
20.495924079492667
20.49592407949268
1.4210854715202004e-14
['000', '001', '002', '003', '005', '006', '007', '008', '009', '0010', '0011', '0012', '0013', '0014', '0015', '0016', '0017', '0018', '0019', '0020', '0021', '0022', '0023']
['source', '02', '03', '05', '07', '09', '12', '13', '14', '16', '17', '20', '21', '22', '25', '26', '27', '28', '29', '31', '32', '33', '36', '37', '39', '40', '42', '43', '44', '47', '48', '49', '50', '51', '52', '53', '55', '56', '57', '58', '59', '60', '62', '63', '65', '66', '70', '71', '77', '80', '82', '83', '85', '86', '88', '89', '90', '92', '93', '94', '95', '96', '97', '98', '99']
Optimal Subset: 0b0
h
20.49592407949268
