Egress: $0.12/GB
Benchmark: tpcds
Data Path: parquet_2000/batch_rs4
BigQuery Cost: $6.25/TB; DuckDB Cost: $1.48/hr; Redshift Cost: $4.344/hr
Use Duck: False
Using calcite profiles: False
Excluded Table: customer
Excluded Query: None

Starting analysis without using DuckDB
Excluding table customer and any queries that depend on it
69
23
Total Keys: 70, Keys Considered: 69
95.46569457983104
174.12329656731606
78.65760198748502
['009']
['source']
['call_center', 'catalog_page', 'catalog_returns', 'catalog_sales', 'customer_address', 'customer_demographics', 'date_dim', 'household_demographics', 'inventory', 'item', 'promotion', 'reason', 'ship_mode', 'store', 'store_returns', 'store_sales', 'time_dim', 'warehouse', 'web_page', 'web_returns', 'web_sales', 'web_site']
Costs: 102.3697480412231, 6.904002598409654, 5.9604644775390625e-05, 83.10970737058028, 12.201183610610961, 0.09520996231547614, 0.05958489466194809
Runtime: 17550.761465587188
Optimal Subset: 0b111111111111110111101111
95.46569457983102
