Egress: $0.12/GB
Benchmark: tpcds
Data Path: parquet_2000/real_data_rs4
BigQuery Cost: $5/TB; DuckDB Cost: $1.48/hr; Redshift Cost: $4.344/hr
Use Duck: True
Excluded Table: store
Excluded Query: None

Starting analysis using DuckDB
Duck Total: $33.43830627467367, Duck-Calcite Total: $34.5686125892957, Redshift Total: $7.552373358896573, Redshift-Calcite Total: $7.150747755665779, BigQuery Total: $127.2630262374878
Excluding table store and any queries that depend on it
Total Keys: 61, Keys Considered: 57

Round 0
call_center: 5.735084414482117e-06, 0.0016539837048040486, 0.7176310600004856
catalog_page: 0.0006659524515271187, 0.0016420489165682396, -0.0016420489165682396
catalog_page had no query dependencies
catalog_returns: 23.366260116919875, 3.080467496937472, -1.4968927009337285
catalog_sales: 217.0907397372648, 29.304431478125924, -16.217230524789198
customer: 0.6484093563631177, 0.09380466750046329, 8.426404876235205
customer_address: 0.18544994108378887, 0.039347283147996584, 2.686111946828818
customer_demographics: 0.012168197892606258, 0.008662209607541195, 1.4652868914510753
date_dim: 0.0019952356815338135, 0.005551006481937376, 18.414309454346558
household_demographics: 3.512948751449585e-05, 0.0014911550918031758, 0.09434110137685638
income_band: 6.137415766716003e-07, 0.0014322199674881926, 0.012384153015172735
inventory: 0.24701470416039228, 0.0540625185825417, 0.19893233356454593
item: 0.005464168265461922, 0.006627788577283538, 9.007037294484995
promotion: 2.6027671992778778e-05, 0.0015020946334742978, 0.6774528774704849
reason: 1.2423843145370483e-06, 0.0015698691319019425, 2.850478948025832
ship_mode: 1.5795230865478516e-06, 0.0016956568545915432, 0.8494890882520945
store_returns: 36.877127600833774, 4.8929651231751885, -2.9885030181484247
store_sales: 288.85508783441037, 39.92815314321267, -21.27357341292194
time_dim: 0.0012104213237762451, 0.014677515250896484, 0.8374922545782066
warehouse: 2.3292377591133118e-06, 0.01769620812875967, 0.9299917664534663
web_page: 1.0661780834197998e-05, 0.01408627106130384, 0.28191023026789885
web_returns: 11.326140539720654, 1.5272645059829484, 0.6349177862606765
web_sales: 109.34904180746526, 14.8250992672174, 0.03626459490492451
web_site: 8.863396942615509e-06, 0.01843847368093038, 0.833145004316842

Round 1
call_center: 5.735084414482117e-06, 0.0016539778269599459, -0.0016539778269599459
call_center had no query dependencies
customer: 0.6484093563631177, 0.09312473274130204, -0.02728848752080351
customer_address: 0.18544994108378887, 0.03915281670517021, 0.9390359461169699
customer_demographics: 0.012168197892606258, 0.008649449796748301, 0.21078322518182213
date_dim: 0.0019952356815338135, 0.005548914238697391, 1.4114803771250914
household_demographics: 3.512948751449585e-05, 0.0014911182543340703, 0.0750727080962982
income_band: 6.137415766716003e-07, 0.0014322193239067467, -0.0014322193239067467
income_band had no query dependencies
inventory: 0.24701470416039228, 0.05380349412255453, -0.030588383107983827
item: 0.005464168265461922, 0.00662205874334895, 0.3393910796440971
promotion: 2.6027671992778778e-05, 0.0015020673403473336, -0.0015020673403473336
promotion had no query dependencies
reason: 1.2423843145370483e-06, 0.001569867829113401, 0.21786280714945705
ship_mode: 1.5795230865478516e-06, 0.0016956551982726777, 0.15696798017642863
time_dim: 0.0012104213237762451, 0.014676198848716484, 0.06188762750191577
warehouse: 2.3292377591133118e-06, 0.017696205595580848, 0.16418254079369113
web_page: 1.0661780834197998e-05, 0.014086259466009493, 0.2819102418631932
web_returns: 11.326140539720654, 1.5149466825898714, -0.6025941649882298
web_sales: 109.34904180746526, 14.706175951683495, -13.235797944983645
web_site: 8.863396942615509e-06, 0.018438464041481015, 0.8331450139562915

Round 2
customer_address: 0.18544994108378887, 0.03914616829740669, -0.03914616829740669
customer_address had no query dependencies
customer_demographics: 0.012168197892606258, 0.00864901356505761, -0.00864901356505761
customer_demographics had no query dependencies
date_dim: 0.0019952356815338135, 0.005548842709203677, -0.005548842709203677
date_dim had no query dependencies
household_demographics: 3.512948751449585e-05, 0.0014911169949367573, -0.0014911169949367573
household_demographics had no query dependencies
item: 0.005464168265461922, 0.006621861838144327, -0.006621861838144327
item had no query dependencies
reason: 1.2423843145370483e-06, 0.0015698677843296882, -0.0015698677843296882
reason had no query dependencies
ship_mode: 1.5795230865478516e-06, 0.0016956551413362633, -0.0016956551413362633
ship_mode had no query dependencies
time_dim: 0.0012104213237762451, 0.01467615521716047, -0.01467615521716047
time_dim had no query dependencies
warehouse: 2.3292377591133118e-06, 0.01769620551161978, -0.01769620551161978
warehouse had no query dependencies
web_page: 1.0661780834197998e-05, 0.014086259081688696, -0.014086259081688696
web_page had no query dependencies
web_site: 8.863396942615509e-06, 0.018438463610495715, -0.018438463610495715
web_site had no query dependencies
----
[]
Function: 29.184789412393364, 0, 29.184789412393364, 0.0, 0, 0.0
{29.184789412393364: []}
[]
----
Best Cost: $29.184789412393364;
[]
[]
0
Optimal Subset: 0b0
Function: 29.184789412393364, 0, 29.184789412393364, 0.0, 0, 0.0
29.184789412393364
Real: 29.184789412393364, 0, 29.184789412393364, 0.0, 0, 0.0, 0
Num Redshift Qs: 0; Num GCP Qs: 61
Num BigQuery Qs: 4; Num DuckDB Qs: 57
Redshift Qs: $0; GCP Qs: $29.184789412393364; Movement Cost: $0.0
Load Cost: $0, Storage Cost: $0.0, API Cost: $0
Final cost: $29.184789412393364, BQ Baseline: $33.43830627467367, Diff: $4.253516862280307, %: 12.720491365024492%
