Egress: $0.12/GB
Benchmark: tpcds
Data Path: parquet_2000/real_data_rs4
BigQuery Cost: $5/TB; DuckDB Cost: $1.48/hr; Redshift Cost: $4.344/hr
Use Duck: True
Excluded Table: catalog_returns
Excluded Query: None

Starting analysis using DuckDB
Duck Total: $42.51954280989171, Duck-Calcite Total: $48.2650008574115, Redshift Total: $9.907897148313523, Redshift-Calcite Total: $10.356150616380372, BigQuery Total: $180.82664966583252
Excluding table catalog_returns and any queries that depend on it
Total Keys: 83, Keys Considered: 79

Round 0
call_center: 5.735084414482117e-06, 0.0016539855925012266, 0.4571922015889642
catalog_page: 0.0006659524515271187, 0.0016422681141375663, -0.0016422681141375663
catalog_page had no query dependencies
catalog_sales: 217.0907397372648, 29.375490374336625, -16.503065618009515
customer: 0.6484093563631177, 0.09401690710686758, 10.896780427628181
customer_address: 0.18544994108378887, 0.039407985267910596, 5.127543193493077
customer_demographics: 0.012168197892606258, 0.008666192544409751, 2.629532556933685
date_dim: 0.0019952356815338135, 0.005551659569422275, 23.38310690515472
household_demographics: 3.512948751449585e-05, 0.001491166590509248, 3.305970720695432
income_band: 6.137415766716003e-07, 0.0014322201683802207, 0.012384152814280706
inventory: 0.24701470416039228, 0.05414337229489577, 0.19885147985219184
item: 0.005464168265461922, 0.0066295771278505645, 12.532964746541015
promotion: 2.6027671992778778e-05, 0.0015021031529424472, 0.7687888838194314
reason: 1.2423843145370483e-06, 0.0015698695385634987, 2.8504789476191705
ship_mode: 1.5795230865478516e-06, 0.0016956573716065352, 0.8494890877350795
store: 2.3781321942806244e-05, 0.0015198986121378632, 8.58722512080563
store_returns: 36.877127600833774, 4.905036278632982, -1.8017315067757464
store_sales: 288.85508783441037, 40.022705373737935, -14.011780589711993
time_dim: 0.0012104213237762451, 0.014677911463533404, 2.1749141746995453
warehouse: 2.3292377591133118e-06, 0.017696208891199508, 0.8567036472300571
web_page: 1.0661780834197998e-05, 0.014086274551272347, 0.2819102267779303
web_returns: 11.326140539720654, 1.5309719423286332, -0.6186194247269916
web_sales: 109.34904180746526, 14.860892979165529, -1.1928279792890795
web_site: 8.863396942615509e-06, 0.018438476582225825, 0.8331450014155466

Round 1
call_center: 5.735084414482117e-06, 0.0016539776266841066, -0.0016539776266841066
call_center had no query dependencies
customer: 0.6484093563631177, 0.09310208953002085, -0.09310208953002085
customer had no query dependencies
customer_address: 0.18544994108378887, 0.039146340576846586, -0.039146340576846586
customer_address had no query dependencies
customer_demographics: 0.012168197892606258, 0.008649024869080169, -0.008649024869080169
customer_demographics had no query dependencies
date_dim: 0.0019952356815338135, 0.005548844562739372, 0.01766626645183133
household_demographics: 3.512948751449585e-05, 0.0014911170275713778, -0.0014911170275713778
household_demographics had no query dependencies
income_band: 6.137415766716003e-07, 0.0014322193024741746, -0.0014322193024741746
income_band had no query dependencies
inventory: 0.24701470416039228, 0.053794868080871173, -0.03057975706630047
item: 0.005464168265461922, 0.006621867928217588, 0.016593243086353113
promotion: 2.6027671992778778e-05, 0.0015020664314306588, -0.0015020664314306588
promotion had no query dependencies
reason: 1.2423843145370483e-06, 0.0015698677857278911, -0.0015698677857278911
reason had no query dependencies
ship_mode: 1.5795230865478516e-06, 0.0016956551431138887, -0.0016956551431138887
ship_mode had no query dependencies
store: 2.3781321942806244e-05, 0.0015198650599210415, -0.0015198650599210415
store had no query dependencies
time_dim: 0.0012104213237762451, 0.014676156592709598, -0.014676156592709598
time_dim had no query dependencies
warehouse: 2.3292377591133118e-06, 0.017696205514266778, 0.005518905500303924
web_page: 1.0661780834197998e-05, 0.014086259093804976, -0.014086259093804976
web_page had no query dependencies
web_site: 8.863396942615509e-06, 0.018438463620568273, -0.018438463620568273
web_site had no query dependencies

Round 2
date_dim: 0.0019952356815338135, 0.005548842360719129, -0.005548842360719129
date_dim had no query dependencies
item: 0.005464168265461922, 0.006621860824853821, -0.006621860824853821
item had no query dependencies
warehouse: 2.3292377591133118e-06, 0.017696205510887197, -0.017696205510887197
warehouse had no query dependencies
----
[]
Function: 38.16306154420823, 0, 38.16306154420823, 0.0, 0, 0.0
{38.16306154420823: []}
[]
----
Best Cost: $38.16306154420823;
[]
[]
0
Optimal Subset: 0b0
Function: 38.16306154420823, 0, 38.16306154420823, 0.0, 0, 0.0
38.16306154420823
Real: 38.16306154420823, 0, 38.16306154420823, 0.0, 0, 0.0, 0
Num Redshift Qs: 0; Num GCP Qs: 83
Num BigQuery Qs: 4; Num DuckDB Qs: 79
Redshift Qs: $0; GCP Qs: $38.16306154420823; Movement Cost: $0.0
Load Cost: $0, Storage Cost: $0.0, API Cost: $0
Final cost: $38.16306154420823, BQ Baseline: $42.51954280989171, Diff: $4.3564812656834775, %: 10.24583280483907%
