Egress: $0.12/GB
Benchmark: tpcds
Data Path: parquet_2000/real_data_rs4
BigQuery Cost: $5/TB; DuckDB Cost: $1.48/hr; Redshift Cost: $4.344/hr
Use Duck: True
Excluded Table: web_page
Excluded Query: None

Starting analysis using DuckDB
Duck Total: $47.26495254948406, Duck-Calcite Total: $53.111335158565325, Redshift Total: $10.676873677164712, Redshift-Calcite Total: $11.17690137822151, BigQuery Total: $202.94713020324707
Excluding table web_page and any queries that depend on it
Total Keys: 89, Keys Considered: 85

Round 0
call_center: 5.735084414482117e-06, 0.0016539863558041822, 0.7176310573494855
catalog_page: 0.0006659524515271187, 0.001642356748137992, 2.718242406336902
catalog_returns: 23.366260116919875, 3.091268376962083, 1.2121911821267006
catalog_sales: 217.0907397372648, 29.40478005862719, -12.29089675911974
customer: 0.6484093563631177, 0.09410438990489899, 10.902163048342484
customer_address: 0.18544994108378887, 0.039433006004551054, 5.168542400678656
customer_demographics: 0.012168197892606258, 0.00866783426655364, 2.4155502973683376
date_dim: 0.0019952356815338135, 0.005551928764797758, 27.46713352006956
household_demographics: 3.512948751449585e-05, 0.0014911713301476123, 3.2348589467405278
income_band: 6.137415766716003e-07, 0.0014322202511856735, 0.012384152731475254
inventory: 0.24701470416039228, 0.05417669929313043, 0.19881815285395713
item: 0.005464168265461922, 0.006630314348441363, 13.580040766485999
promotion: 2.6027671992778778e-05, 0.001502106664572176, 1.6860466066163027
reason: 1.2423843145370483e-06, 0.0015698697061848554, 2.631046272472979
ship_mode: 1.5795230865478516e-06, 0.001695657584714347, 0.8494890875219716
store: 2.3781321942806244e-05, 0.0015199018206920952, 11.307109880682113
store_returns: 36.877127600833774, 4.910011707001224, 2.163007602583037
store_sales: 288.85508783441037, 40.06167743831624, -10.137569028959383
time_dim: 0.0012104213237762451, 0.014678074772472674, 2.0983501850399735
warehouse: 2.3292377591133118e-06, 0.017696209205458138, 0.9299917653767679
web_returns: 11.326140539720654, 1.5324988978104925, 3.1301354825396017
web_sales: 109.34904180746526, 14.875635081140903, 2.4096170427372634
web_site: 8.863396942615509e-06, 0.018438477777161778, 3.5530297633056507

Round 1
call_center: 5.735084414482117e-06, 0.0016539779151698872, 0.003798079220196469
catalog_page: 0.0006659524515271187, 0.0016413766298528907, -0.0016413766298528907
catalog_page had no query dependencies
catalog_returns: 23.366260116919875, 3.056878986634722, -2.99487797072628
customer: 0.6484093563631177, 0.09313589678249937, 0.031087928369671114
customer_address: 0.18544994108378887, 0.039156009704719004, 0.7388865546338443
customer_demographics: 0.012168197892606258, 0.00864965930369208, 0.010618770814335201
date_dim: 0.0019952356815338135, 0.005548948591831146, 1.2931497871385078
household_demographics: 3.512948751449585e-05, 0.0014911188591788989, 0.017777311258848384
income_band: 6.137415766716003e-07, 0.0014322193344738926, 0.012384153648187034
inventory: 0.24701470416039228, 0.053807747118453694, -0.030592636103882992
item: 0.005464168265461922, 0.006622152823113571, 0.3959218979604418
promotion: 2.6027671992778778e-05, 0.001502067788480908, -0.001502067788480908
promotion had no query dependencies
reason: 1.2423843145370483e-06, 0.0015698678505042547, -0.0015698678505042547
reason had no query dependencies
ship_mode: 1.5795230865478516e-06, 0.0016956552254682458, 0.15696798014923305
store: 2.3781321942806244e-05, 0.0015198662998494098, 0.037581237136828864
store_returns: 36.877127600833774, 4.854930385140625, -4.745481996325176
time_dim: 0.0012104213237762451, 0.014676223456392249, -0.014676223456392249
time_dim had no query dependencies
warehouse: 2.3292377591133118e-06, 0.017696205642933886, 0.1641825407463381
web_returns: 11.326140539720654, 1.5151757841983493, -0.7657250291791688
web_sales: 109.34904180746526, 14.70838782970812, -13.534006324337472
web_site: 8.863396942615509e-06, 0.01843846422076702, 0.8331450137770054

Round 2
call_center: 5.735084414482117e-06, 0.0016539776220612, -0.0016539776220612
call_center had no query dependencies
customer: 0.6484093563631177, 0.09310156686363441, -0.09310156686363441
customer had no query dependencies
customer_address: 0.18544994108378887, 0.03914619109033838, -0.03914619109033838
customer_address had no query dependencies
customer_demographics: 0.012168197892606258, 0.008649015060603534, -0.008649015060603534
customer_demographics had no query dependencies
date_dim: 0.0019952356815338135, 0.005548842954430341, -0.005548842954430341
date_dim had no query dependencies
household_demographics: 3.512948751449585e-05, 0.001491116999254386, -0.001491116999254386
household_demographics had no query dependencies
income_band: 6.137415766716003e-07, 0.0014322193019794531, -0.0014322193019794531
income_band had no query dependencies
item: 0.005464168265461922, 0.00662186256648193, -0.00662186256648193
item had no query dependencies
ship_mode: 1.5795230865478516e-06, 0.0016956551415288205, -0.0016956551415288205
ship_mode had no query dependencies
store: 2.3781321942806244e-05, 0.001519865036056232, -0.001519865036056232
store had no query dependencies
warehouse: 2.3292377591133118e-06, 0.01769620551168388, -0.01769620551168388
warehouse had no query dependencies
web_site: 8.863396942615509e-06, 0.018438463609834164, -0.018438463609834164
web_site had no query dependencies
----
[]
Function: 42.968361530208256, 0, 42.968361530208256, 0.0, 0, 0.0
{42.968361530208256: []}
[]
----
Best Cost: $42.968361530208256;
[]
[]
0
Optimal Subset: 0b0
Function: 42.968361530208256, 0, 42.968361530208256, 0.0, 0, 0.0
42.968361530208256
Real: 42.968361530208256, 0, 42.968361530208256, 0.0, 0, 0.0, 0
Num Redshift Qs: 0; Num GCP Qs: 89
Num BigQuery Qs: 4; Num DuckDB Qs: 85
Redshift Qs: $0; GCP Qs: $42.968361530208256; Movement Cost: $0.0
Load Cost: $0, Storage Cost: $0.0, API Cost: $0
Final cost: $42.968361530208256, BQ Baseline: $47.26495254948406, Diff: $4.296591019275802, %: 9.090437602317456%
