Egress: $0.12/GB
Benchmark: tpcds
Data Path: parquet_2000/batch_rs1
BigQuery Cost: $6.25/TB; DuckDB Cost: $1.48/hr; Redshift Cost: $1.086/hr
Use Duck: False
Using calcite profiles: False
Excluded Table: household_demographics
Excluded Query: None

Starting analysis without using DuckDB
Excluding table household_demographics and any queries that depend on it
85
23
Total Keys: 86, Keys Considered: 85
93.73677324167465
204.58705473146
110.85028148978535
['009']
['source']
['call_center', 'catalog_page', 'catalog_returns', 'catalog_sales', 'customer', 'customer_address', 'customer_demographics', 'date_dim', 'inventory', 'item', 'promotion', 'reason', 'ship_mode', 'store', 'store_returns', 'store_sales', 'time_dim', 'warehouse', 'web_page', 'web_returns', 'web_sales', 'web_site']
Costs: 103.0389734309081, 9.30215668478449, 5.9604644775390625e-05, 83.1790713900552, 10.11075435009241, 0.38729696025840343, 0.059634441072827574
Runtime: 66071.35913095158
Optimal Subset: 0b111111111111110011111111
93.73677324167464
