Egress: $0.12/GB
Benchmark: tpcds
Data Path: parquet_2000/batch_rs1
BigQuery Cost: $6.25/TB; DuckDB Cost: $1.48/hr; Redshift Cost: $1.086/hr
Use Duck: False
Using calcite profiles: False
Excluded Table: inventory
Excluded Query: None

Starting analysis without using DuckDB
Excluding table inventory and any queries that depend on it
92
23
Total Keys: 93, Keys Considered: 92
93.73546021916734
232.07980407967685
138.34434386050953
[]
['source']
['call_center', 'catalog_page', 'catalog_returns', 'catalog_sales', 'customer', 'customer_address', 'customer_demographics', 'date_dim', 'household_demographics', 'income_band', 'item', 'promotion', 'reason', 'ship_mode', 'store', 'store_returns', 'store_sales', 'time_dim', 'warehouse', 'web_page', 'web_returns', 'web_sales', 'web_site']
Costs: 104.69968680584181, 10.96416698202968, 5.9604644775390625e-05, 83.14921909161234, 10.106400861558122, 0.42021714828817247, 0.05962311770870388
Runtime: 71565.73708146485
Optimal Subset: 0b111111111111101111111111
93.73546021916734
