-Dexec.args="single duck 20 1.48 0.0"
WARNING: An illegal reflective access operation has occurred
WARNING: Illegal reflective access by com.google.inject.internal.cglib.core.$ReflectUtils$1 (file:/usr/share/maven/lib/guice.jar) to method java.lang.ClassLoader.defineClass(java.lang.String,byte[],int,int,java.security.ProtectionDomain)
WARNING: Please consider reporting this to the maintainers of com.google.inject.internal.cglib.core.$ReflectUtils$1
WARNING: Use --illegal-access=warn to enable warnings of further illegal reflective access operations
WARNING: All illegal access operations will be denied in a future release
[[1;34mINFO[m] Scanning for projects...
[[1;34mINFO[m] 
[[1;34mINFO[m] [1m------------------------< [0;36morg.arachne:arachne[0;1m >-------------------------[m
[[1;34mINFO[m] [1mBuilding arachne 1.0-SNAPSHOT[m
[[1;34mINFO[m] [1m--------------------------------[ jar ]---------------------------------[m
[[1;34mINFO[m] 
[[1;34mINFO[m] [1m--- [0;32mexec-maven-plugin:3.0.0:java[m [1m(default-cli)[m @ [36marachne[0;1m ---[m
GCP
20 1.48 0.0 GCP

SELECT i_item_id ,
       i_item_desc,
       i_category,
       i_class,
       i_current_price ,
       sum(cs_ext_sales_price) AS itemrevenue,
       sum(cs_ext_sales_price)*100.0000/sum(sum(cs_ext_sales_price)) OVER (PARTITION BY i_class) AS revenueratio
FROM '/mnt/disks/tpcds/parquet/catalog_sales.parquet' AS catalog_sales ,
     '/mnt/disks/tpcds/parquet/item.parquet' AS item,
     '/mnt/disks/tpcds/parquet/date_dim.parquet' AS date_dim
WHERE cs_item_sk = i_item_sk
  AND i_category IN ('Sports',
                     'Books',
                     'Home')
  AND cs_sold_date_sk = d_date_sk
  AND d_date BETWEEN cast('1999-02-22' AS date) AND cast('1999-03-24' AS date)
GROUP BY i_item_id ,
         i_item_desc,
         i_category ,
         i_class ,
         i_current_price
ORDER BY i_category NULLS FIRST,
         i_class NULLS FIRST,
         i_item_id NULLS FIRST,
         i_item_desc NULLS FIRST,
         revenueratio NULLS FIRST
LIMIT 100;

BASE:
148:ProfileSort(sort0=[$2], sort1=[$3], sort2=[$0], sort3=[$1], sort4=[$6], dir0=[ASC-nulls-first], dir1=[ASC-nulls-first], dir2=[ASC-nulls-first], dir3=[ASC-nulls-first], dir4=[ASC-nulls-first], fetch=[100]): rowcount = 100.0, cumulative cost = {100.0 rows, 2.397888196849754E16 cpu, 0.0 io, 0.0 money}
  161:ProfileProject(i_item_id=[$0], i_item_desc=[$1], i_category=[$2], i_class=[$3], i_current_price=[$4], itemrevenue=[$5], revenueratio=[/(*($5, 100.0000:DECIMAL(7, 4)), SUM($5) OVER (PARTITION BY $3))]): rowcount = 1.3017370151409833E14, cumulative cost = {1.3017370151409833E14 rows, 9.112159105986882E14 cpu, 0.0 io, 0.0 money}
    173:ProfileAggregate(group=[{0, 1, 2, 3, 4}], itemrevenue=[SUM($5)]): rowcount = 1.3017370151409833E14, cumulative cost = {1.4807259167945262E14 rows, 0.0 cpu, 0.0 io, 0.0 money}
      184:ProfileProject(i_item_id=[$2], i_item_desc=[$3], i_category=[$6], i_class=[$5], i_current_price=[$4], cs_ext_sales_price=[$1]): rowcount = 1.3017370151409832E15, cumulative cost = {1.3017370151409832E15 rows, 7.8104220908459E15 cpu, 0.0 io, 0.0 money}
        195:ProfileJoin(condition=[=($0, $7)], joinType=[inner]): rowcount = 1.3017370151409832E15, cumulative cost = {1.3017370151409832E15 rows, 0.0 cpu, 0.0 io, 0.0 money}
          201:ProfileProject(cs_sold_date_sk=[$0], cs_ext_sales_price=[$2], i_item_id=[$4], i_item_desc=[$5], i_current_price=[$6], i_class=[$7], i_category=[$8]): rowcount = 4.75201400025E11, cumulative cost = {4.75201400025E11 rows, 3.326409800175E12 cpu, 0.0 io, 0.0 money}
            207:ProfileJoin(condition=[=($1, $3)], joinType=[inner]): rowcount = 4.75201400025E11, cumulative cost = {4.75201400025E11 rows, 0.0 cpu, 0.0 io, 0.0 money}
              209:ProfileProject(cs_sold_date_sk=[$0], cs_item_sk=[$15], cs_ext_sales_price=[$23]): rowcount = 5.76001697E8, cumulative cost = {5.76001697E8 rows, 1.728005091E9 cpu, 0.0 io, 0.0 money}
                210:ProfileTableScan(table=[[tpcds, catalog_sales]]): rowcount = 5.76001697E8, cumulative cost = {5.76001697E8 rows, 5.76001698E8 cpu, 0.0 io, 0.0 money}
              213:ProfileProject(i_item_sk=[$0], i_item_id=[$1], i_item_desc=[$4], i_current_price=[$5], i_class=[$10], i_category=[$12]): rowcount = 5500.0, cumulative cost = {5500.0 rows, 33000.0 cpu, 0.0 io, 0.0 money}
                215:ProfileFilter(condition=[SEARCH($12, Sarg['Books':CHAR(6), 'Home':CHAR(6), 'Sports']:CHAR(6))]): rowcount = 5500.0, cumulative cost = {5500.0 rows, 22000.0 cpu, 0.0 io, 0.0 money}
                  216:ProfileTableScan(table=[[tpcds, item]]): rowcount = 22000.0, cumulative cost = {22000.0 rows, 22001.0 cpu, 0.0 io, 0.0 money}
          220:ProfileProject(d_date_sk=[$0]): rowcount = 18262.25, cumulative cost = {18262.25 rows, 18262.25 cpu, 0.0 io, 0.0 money}
            223:ProfileProject(d_date_sk=[$0], d_date=[$2]): rowcount = 18262.25, cumulative cost = {18262.25 rows, 36524.5 cpu, 0.0 io, 0.0 money}
              225:ProfileFilter(condition=[SEARCH($2, Sarg[[1999-02-22..1999-03-24]])]): rowcount = 18262.25, cumulative cost = {18262.25 rows, 73049.0 cpu, 0.0 io, 0.0 money}
                226:ProfileTableScan(table=[[tpcds, date_dim]]): rowcount = 73049.0, cumulative cost = {73049.0 rows, 73050.0 cpu, 0.0 io, 0.0 money}

trial 0
missing column name: itemrevenue
missing column name: revenueratio
missing column name: itemrevenue
missing column name: revenueratio
missing column name: itemrevenue
STARTING QRY: CREATE TABLE duck_table_20_0 AS SELECT "t2"."i_item_id", "t2"."i_item_desc", "t2"."i_category", "t2"."i_class", "t2"."i_current_price", SUM("t2"."cs_ext_sales_price") AS "itemrevenue"
FROM (SELECT "t"."cs_sold_date_sk", "t"."cs_ext_sales_price", "t1"."i_item_id", "t1"."i_item_desc", "t1"."i_current_price", "t1"."i_class", "t1"."i_category"
FROM (SELECT "cs_sold_date_sk", "cs_item_sk", "cs_ext_sales_price"
FROM '/mnt/disks/tpcds/parquet/catalog_sales.parquet' AS catalog_sales) AS "t"
INNER JOIN (SELECT "i_item_sk", "i_item_id", "i_item_desc", "i_current_price", "i_class", "i_category"
FROM '/mnt/disks/tpcds/parquet/item.parquet' AS item
WHERE "i_category" IN ('Books', 'Home', 'Sports')) AS "t1" ON "t"."cs_item_sk" = "t1"."i_item_sk") AS "t2"
INNER JOIN (SELECT "d_date_sk"
FROM '/mnt/disks/tpcds/parquet/date_dim.parquet' AS date_dim
WHERE "d_date" >= DATE '1999-02-22' AND "d_date" <= DATE '1999-03-24') AS "t5" ON "t2"."cs_sold_date_sk" = "t5"."d_date_sk"
GROUP BY "t2"."i_item_id", "t2"."i_item_desc", "t2"."i_category", "t2"."i_class", "t2"."i_current_price"

481.752193572
45075
45075
finished query
STARTING QRY: SELECT "i_item_id", "i_item_desc", "i_category", "i_class", "i_current_price", "itemrevenue", "itemrevenue" * 100.0000 / (SUM("itemrevenue") OVER (PARTITION BY "i_class" RANGE BETWEEN UNBOUNDED PRECEDING AND UNBOUNDED FOLLOWING)) AS "revenueratio"
FROM "duck_table_20_0"
ORDER BY "i_category" NULLS FIRST, "i_class" NULLS FIRST, "i_item_id" NULLS FIRST, "i_item_desc" NULLS FIRST, "itemrevenue" * 100.0000 / (SUM("itemrevenue") OVER (PARTITION BY "i_class" RANGE BETWEEN UNBOUNDED PRECEDING AND UNBOUNDED FOLLOWING)) NULLS FIRST
FETCH NEXT 100 ROWS ONLY

0.221867084
finished query
FINISHED PROFILING FOR TRIAL 0
CTAS: duck_table_20_0 SRC: GCP DEST: GCP NUM INPUTS: 0 RUNTIME: 481.752193572 CARDINALITY: 45075 COST: 0.1980536795796
CTAS: duck_table_20_1 SRC: GCP DEST: GCP NUM INPUTS: 1 RUNTIME: 0.221867084 CARDINALITY: -1 COST: 9.121202342222222E-5
2
CTAS: duck_table_20_0 SRC: GCP DEST: GCP NUM INPUTS: 0 RUNTIME: 481.752193572 CARDINALITY: 45075 COST: 0.1980536795796
CTAS: duck_table_20_1 SRC: GCP DEST: GCP NUM INPUTS: 1 RUNTIME: 0.221867084 CARDINALITY: -1 COST: 9.121202342222222E-5
BEGUN PROCESSING
missing column name: itemrevenue
CTAS: duck_table_20_1 SRC: GCP DEST: GCP NUM INPUTS: 1 RUNTIME: 0.221867084 CARDINALITY: -1 COST: 9.121202342222222E-5
CTAS: duck_table_20_0 SRC: GCP DEST: GCP NUM INPUTS: 0 RUNTIME: 481.752193572 CARDINALITY: 45075 COST: 0.1980536795796
rowSize: 324
{"bqSize":0.014604299999999999,"compressed":0.006954428571428571,"mvmtCost":0.0,"runtime":481.752193572,"runCost":0.1980536795796,"bqCost":7.30215E-5,"cutNoHybrid":481.974060656}
baseline runtime: 204.2077271938324 baselineBQ read size: 3.4491858944E10
arachneCost: 0.19812670107959998, baselineCost2: 0.0839520656241311, baseline: 0.17245929472000002, cutNoHybrid: 0.1981448916030222
FINISHED PROCESSING FOR TRIAL 0 plan not found. repeating...
trial 1
missing column name: itemrevenue
missing column name: revenueratio
missing column name: itemrevenue
missing column name: revenueratio
missing column name: itemrevenue
STARTING QRY: CREATE TABLE duck_table_20_0 AS SELECT "t2"."i_item_id", "t2"."i_item_desc", "t2"."i_category", "t2"."i_class", "t2"."i_current_price", "t2"."cs_ext_sales_price"
FROM (SELECT "t"."cs_sold_date_sk", "t"."cs_ext_sales_price", "t1"."i_item_id", "t1"."i_item_desc", "t1"."i_current_price", "t1"."i_class", "t1"."i_category"
FROM (SELECT "cs_sold_date_sk", "cs_item_sk", "cs_ext_sales_price"
FROM '/mnt/disks/tpcds/parquet/catalog_sales.parquet' AS catalog_sales) AS "t"
INNER JOIN (SELECT "i_item_sk", "i_item_id", "i_item_desc", "i_current_price", "i_class", "i_category"
FROM '/mnt/disks/tpcds/parquet/item.parquet' AS item
WHERE "i_category" IN ('Books', 'Home', 'Sports')) AS "t1" ON "t"."cs_item_sk" = "t1"."i_item_sk") AS "t2"
INNER JOIN (SELECT "d_date_sk"
FROM '/mnt/disks/tpcds/parquet/date_dim.parquet' AS date_dim
WHERE "d_date" >= DATE '1999-02-22' AND "d_date" <= DATE '1999-03-24') AS "t5" ON "t2"."cs_sold_date_sk" = "t5"."d_date_sk"

139.331074118
4090437
4090437
finished query
STARTING QRY: SELECT "i_item_id", "i_item_desc", "i_category", "i_class", "i_current_price", SUM("cs_ext_sales_price") AS "itemrevenue", SUM("cs_ext_sales_price") * 100.0000 / (SUM(SUM("cs_ext_sales_price")) OVER (PARTITION BY "i_class" RANGE BETWEEN UNBOUNDED PRECEDING AND UNBOUNDED FOLLOWING)) AS "revenueratio"
FROM "duck_table_20_0"
GROUP BY "i_item_id", "i_item_desc", "i_category", "i_class", "i_current_price"
ORDER BY "i_category" NULLS FIRST, "i_class" NULLS FIRST, "i_item_id" NULLS FIRST, "i_item_desc" NULLS FIRST, SUM("cs_ext_sales_price") * 100.0000 / (SUM(SUM("cs_ext_sales_price")) OVER (PARTITION BY "i_class" RANGE BETWEEN UNBOUNDED PRECEDING AND UNBOUNDED FOLLOWING)) NULLS FIRST
FETCH NEXT 100 ROWS ONLY

2.582992188
finished query
FINISHED PROFILING FOR TRIAL 1
CTAS: duck_table_20_0 SRC: GCP DEST: GCP NUM INPUTS: 0 RUNTIME: 139.331074118 CARDINALITY: 4090437 COST: 0.05728055269295556
CTAS: duck_table_20_1 SRC: GCP DEST: GCP NUM INPUTS: 1 RUNTIME: 2.582992188 CARDINALITY: -1 COST: 0.0010618967884000001
2
CTAS: duck_table_20_0 SRC: GCP DEST: GCP NUM INPUTS: 0 RUNTIME: 139.331074118 CARDINALITY: 4090437 COST: 0.05728055269295556
CTAS: duck_table_20_1 SRC: GCP DEST: GCP NUM INPUTS: 1 RUNTIME: 2.582992188 CARDINALITY: -1 COST: 0.0010618967884000001
BEGUN PROCESSING
CTAS: duck_table_20_1 SRC: GCP DEST: GCP NUM INPUTS: 1 RUNTIME: 2.582992188 CARDINALITY: -1 COST: 0.0010618967884000001
CTAS: duck_table_20_0 SRC: GCP DEST: GCP NUM INPUTS: 0 RUNTIME: 139.331074118 CARDINALITY: 4090437 COST: 0.05728055269295556
rowSize: 324
{"bqSize":1.3253015879999999,"compressed":0.6310959942857142,"mvmtCost":0.0,"runtime":139.331074118,"runCost":0.05728055269295556,"bqCost":0.006626507939999999,"cutNoHybrid":141.914066306}
baseline runtime: 204.2077271938324 baselineBQ read size: 3.4491858944E10
arachneCost: 0.06390706063295556, baselineCost2: 0.0839520656241311, baseline: 0.17245929472000002, cutNoHybrid: 0.05834244948135555
[[1;34mINFO[m] [1m------------------------------------------------------------------------[m
[[1;34mINFO[m] [1;32mBUILD SUCCESS[m
[[1;34mINFO[m] [1m------------------------------------------------------------------------[m
[[1;34mINFO[m] Total time:  38:22 min
[[1;34mINFO[m] Finished at: 2022-03-29T10:21:06Z
[[1;34mINFO[m] [1m------------------------------------------------------------------------[m
