Data Starting In: aws
Egress: $0.115/GB
Benchmark: tpcds
Data Path: parquet_1000/internal_rs4
BigQuery Cost: $5.0/TB; DuckDB Cost: $1.48/hr; Redshift Cost: $4.344/hr
Use Duck: False
Excluded Table: customer_demographics
Excluded Query: None

Starting analysis without using DuckDB
Redshift Total: $6.783470089599291, BigQuery Total: $37.25987911224365
!!!!!!: 0.5541678341436388
Excluding table customer_demographics and any queries that depend on it
Total Keys: 85, Keys Considered: 5
call_center: 0.0012365735465905252, -0.0012365735465905252
call_center had no query dependencies
catalog_page: 0.004864056078104856, -0.004864056078104856
catalog_page had no query dependencies
catalog_returns: 1.6362059397673459, -1.6113750043765556
catalog_sales: 16.829495565314783, -16.829495565314783
catalog_sales had no query dependencies
customer: 0.11239177551991406, -0.06814899308449687
customer_address: 0.04853466126369388, -0.005584110354651513
date_dim: 0.0019325237543058686, 0.5386717432261834
household_demographics: 0.001281812748535705, -0.001281812748535705
household_demographics had no query dependencies
income_band: 0.001121575332804412, -0.001121575332804412
income_band had no query dependencies
inventory: 0.8052452391127548, -0.8052452391127548
inventory had no query dependencies
item: 0.008119657977156539, 0.5018053937310651
promotion: 0.004892200618370265, -0.004892200618370265
promotion had no query dependencies
reason: 0.001367196464408479, -0.001367196464408479
reason had no query dependencies
ship_mode: 0.0013298766545980667, -0.0013298766545980667
ship_mode had no query dependencies
store: 0.0014195386081580943, 0.49623417746328885
store_returns: 2.7342781395674796, -2.7329859080411048
store_sales: 22.645956223079104, -22.14959473853403
time_dim: 0.001786754432591758, -0.001786754432591758
time_dim had no query dependencies
warehouse: 0.00144931596188687, -0.00144931596188687
warehouse had no query dependencies
web_page: 0.0014300352198605157, -0.0014300352198605157
web_page had no query dependencies
web_returns: 0.7828257068890225, -0.7647060913707705
web_sales: 8.492196088659743, -8.492196088659743
web_sales had no query dependencies
web_site: 0.0017744119635055753, -0.0017744119635055753
web_site had no query dependencies
date_dim: 0.0019324352954389209, -0.0019324352954389209
date_dim had no query dependencies
store: 0.0014195342004151435, -0.0014195342004151435
store had no query dependencies
{'41': 2048}
{}
STARTING PHASE 2: 0b0
----
[]
Function: 6.778058076199476, 0.0001049041748046875, 6.769801618261337, 0.004046750292065553, 0.0040917868550618495, 1.401903271760074e-09, 1.3015214303135872e-05
{6.778058076199476: []}
[]
{}
Best Cost: $6.778058076199476;
[]
{'41': 2048}
{}
{'41': 2048}
[11]
1
Optimal Subset: 0b100000000000
Function: 6.778058076199476, 0.0001049041748046875, 6.769801618261337, 0.004046750292065553, 0.0040917868550618495, 1.401903271760074e-09, 1.3015214303135872e-05
6.778058076199476
Real: 6.778058076199476, 0.0001049041748046875, 6.769801618261337, 0.004046750292065553, 0.0040917868550618495, 1.401903271760074e-09, 1.3015214303135872e-05
Num Redshift Qs: 1; Num GCP Qs: 84
Moved Qs: $0.0001049041748046875; Stayed Qs: $6.769801618261337; Movement Cost: $0.004046750292065553
Load Cost: $0.0040917868550618495, Storage Cost: $1.401903271760074e-09, API Cost: $1.3015214303135872e-05
Final cost: $6.778058076199476, Baseline: $6.783470089599291, Diff: $0.00541201339981523, %: 0.07978237286124637%
