Data Starting In: aws
Egress: $0.115/GB
Benchmark: tpcds
Data Path: parquet_1000/internal_rs4
BigQuery Cost: $5.0/TB; DuckDB Cost: $1.48/hr; Redshift Cost: $4.344/hr
Use Duck: False
Excluded Table: store_sales
Excluded Query: None

Starting analysis without using DuckDB
Redshift Total: $1.1809925204642617, BigQuery Total: $5.504717826843262
!!!!!!: 0.0578063495985667
Excluding table store_sales and any queries that depend on it
Total Keys: 32, Keys Considered: 4
call_center: 0.001236573343479396, -0.001236573343479396
call_center had no query dependencies
catalog_page: 0.004864020134202053, -0.004864020134202053
catalog_page had no query dependencies
catalog_returns: 1.635931141649668, -1.6111002062588777
catalog_sales: 16.826700948766824, -16.826700948766824
catalog_sales had no query dependencies
customer: 0.11237374743868794, -0.06813096500327076
customer_address: 0.048529487707320136, -0.00557893679827777
customer_demographics: 0.005900190409409835, -0.005900190409409835
customer_demographics had no query dependencies
date_dim: 0.0019324816599620074, 0.04231030077545518
household_demographics: 0.0012818120055325714, -0.0012818120055325714
household_demographics had no query dependencies
income_band: 0.0011215753219849327, -0.0011215753219849327
income_band had no query dependencies
inventory: 0.8051367603844888, -0.8051367603844888
inventory had no query dependencies
item: 0.008118920840560746, 0.005444646322588771
promotion: 0.004892199004910534, -0.004892199004910534
promotion had no query dependencies
reason: 0.001367196433799189, -0.001367196433799189
reason had no query dependencies
ship_mode: 0.0013298766270772463, -0.0013298766270772463
ship_mode had no query dependencies
store: 0.0014195365106742148, -0.0001273049842993913
store_returns: 2.7338377346809906, -2.7325455031546158
time_dim: 0.0017867287767348613, -0.0017867287767348613
time_dim had no query dependencies
warehouse: 0.0014493159004715724, -0.0014493159004715724
warehouse had no query dependencies
web_page: 0.001430033657862162, -0.001430033657862162
web_page had no query dependencies
web_returns: 0.7826929404355818, -0.7645733249173298
web_sales: 8.49078065833975, -8.49078065833975
web_sales had no query dependencies
web_site: 0.0017744117426898437, -0.0017744117426898437
web_site had no query dependencies
date_dim: 0.0019324352752303564, -0.0019324352752303564
date_dim had no query dependencies
{'41': 2048}
{}
STARTING PHASE 2: 0b0
----
[]
Function: 1.175580507064446, 0.0001049041748046875, 1.1673240491263075, 0.004046750292065553, 0.0040917868550618495, 1.401903271760074e-09, 1.3015214303135872e-05
{1.175580507064446: []}
[]
{}
Best Cost: $1.175580507064446;
[]
{'41': 2048}
{}
{'41': 2048}
[11]
1
Optimal Subset: 0b100000000000
Function: 1.175580507064446, 0.0001049041748046875, 1.1673240491263075, 0.004046750292065553, 0.0040917868550618495, 1.401903271760074e-09, 1.3015214303135872e-05
1.175580507064446
Real: 1.175580507064446, 0.0001049041748046875, 1.1673240491263075, 0.004046750292065553, 0.0040917868550618495, 1.401903271760074e-09, 1.3015214303135872e-05
Num Redshift Qs: 1; Num GCP Qs: 31
Moved Qs: $0.0001049041748046875; Stayed Qs: $1.1673240491263075; Movement Cost: $0.004046750292065553
Load Cost: $0.0040917868550618495, Storage Cost: $1.401903271760074e-09, API Cost: $1.3015214303135872e-05
Final cost: $1.175580507064446, Baseline: $1.1809925204642617, Diff: $0.005412013399815674, %: 0.45825975237236466%
