Data Starting In: aws
Egress: $0.115/GB
Benchmark: tpcds
Data Path: parquet_1000/internal_rs4
BigQuery Cost: $5.0/TB; DuckDB Cost: $1.48/hr; Redshift Cost: $4.344/hr
Use Duck: False
Excluded Table: store
Excluded Query: None

Starting analysis without using DuckDB
Redshift Total: $5.089286025910376, BigQuery Total: $24.099817276000977
!!!!!!: 0.056514118072191886
Excluding table store and any queries that depend on it
Total Keys: 65, Keys Considered: 3
call_center: 0.0012365735197469852, -0.0012365735197469852
call_center had no query dependencies
catalog_page: 0.0048640513276926355, -0.0048640513276926355
catalog_page had no query dependencies
catalog_returns: 1.6361696219433295, -1.6113386865525392
catalog_sales: 16.8291262236583, -16.8291262236583
catalog_sales had no query dependencies
customer: 0.11238939289558296, -0.0694388419865406
customer_address: 0.04853397751698008, -0.0055834266079377165
customer_demographics: 0.005900402691105358, -0.005900402691105358
customer_demographics had no query dependencies
date_dim: 0.00193251819104006, 0.041018032718002306
household_demographics: 0.001281812650339046, -0.001281812650339046
household_demographics had no query dependencies
income_band: 0.0011215753313744896, -0.0011215753313744896
income_band had no query dependencies
inventory: 0.8052309023647598, -0.8052309023647598
inventory had no query dependencies
item: 0.008119560555829974, 0.005444006607319543
promotion: 0.0048922004051324625, -0.0048922004051324625
promotion had no query dependencies
reason: 0.0013671964603630988, -0.0013671964603630988
reason had no query dependencies
ship_mode: 0.0013298766509608644, -0.0013298766509608644
ship_mode had no query dependencies
store_returns: 2.73421993484869, -2.73421993484869
store_returns had no query dependencies
store_sales: 22.645468543820165, -22.645468543820165
store_sales had no query dependencies
time_dim: 0.0017867510418665825, -0.0017867510418665825
time_dim had no query dependencies
warehouse: 0.0014493159537701113, -0.0014493159537701113
warehouse had no query dependencies
web_page: 0.001430035013423944, -0.001430035013423944
web_page had no query dependencies
web_returns: 0.7828081602306536, -0.7646885447124016
web_sales: 8.492009022788611, -8.492009022788611
web_sales had no query dependencies
web_site: 0.0017744119343221624, -0.0017744119343221624
web_site had no query dependencies
date_dim: 0.0019324352752303564, -0.0019324352752303564
date_dim had no query dependencies
{'41': 2048}
{}
STARTING PHASE 2: 0b0
----
[]
Function: 5.0838740125105595, 0.0001049041748046875, 5.075617554572421, 0.004046750292065553, 0.0040917868550618495, 1.401903271760074e-09, 1.3015214303135872e-05
{5.0838740125105595: []}
[]
{}
Best Cost: $5.0838740125105595;
[]
{'41': 2048}
{}
{'41': 2048}
[11]
1
Optimal Subset: 0b100000000000
Function: 5.0838740125105595, 0.0001049041748046875, 5.075617554572421, 0.004046750292065553, 0.0040917868550618495, 1.401903271760074e-09, 1.3015214303135872e-05
5.0838740125105595
Real: 5.0838740125105595, 0.0001049041748046875, 5.075617554572421, 0.004046750292065553, 0.0040917868550618495, 1.401903271760074e-09, 1.3015214303135872e-05
Num Redshift Qs: 1; Num GCP Qs: 64
Moved Qs: $0.0001049041748046875; Stayed Qs: $5.075617554572421; Movement Cost: $0.004046750292065553
Load Cost: $0.0040917868550618495, Storage Cost: $1.401903271760074e-09, API Cost: $1.3015214303135872e-05
Final cost: $5.0838740125105595, Baseline: $5.089286025910376, Diff: $0.005412013399816118, %: 0.10634130941477224%
