Data Starting In: aws
Egress: $0.115/GB
Benchmark: tpcds
Data Path: parquet_1000/internal_rs4
BigQuery Cost: $5.0/TB; DuckDB Cost: $1.48/hr; Redshift Cost: $4.344/hr
Use Duck: False
Excluded Table: date_dim
Excluded Query: None

Starting analysis without using DuckDB
Redshift Total: $0.5327450853761038, BigQuery Total: $2.8830814361572266
!!!!!!: 0.013563567163149517
Excluding table date_dim and any queries that depend on it
Total Keys: 10, Keys Considered: 1
call_center: 0.0012365735185121884, -0.0012365735185121884
call_center had no query dependencies
catalog_page: 0.0048640511091747555, -0.0048640511091747555
catalog_page had no query dependencies
catalog_returns: 1.6361679513316958, -1.6361679513316958
catalog_returns had no query dependencies
catalog_sales: 16.829109234026216, -16.829109234026216
catalog_sales had no query dependencies
customer: 0.11238928329540634, -0.11238928329540634
customer had no query dependencies
customer_address: 0.04853394606478697, -0.04853394606478697
customer_address had no query dependencies
customer_demographics: 0.005900401204021186, -0.005900401204021186
customer_demographics had no query dependencies
household_demographics: 0.0012818126458220222, -0.0012818126458220222
household_demographics had no query dependencies
income_band: 0.0011215753313087136, -0.0011215753313087136
income_band had no query dependencies
inventory: 0.805230242877617, -0.805230242877617
inventory had no query dependencies
item: 0.008119556074471138, 0.005444011088678379
promotion: 0.004892200395323573, -0.004892200395323573
promotion had no query dependencies
reason: 0.0013671964601770124, -0.0013671964601770124
reason had no query dependencies
ship_mode: 0.001329876650793554, -0.001329876650793554
ship_mode had no query dependencies
store: 0.0014195383181992982, -0.0014195383181992982
store had no query dependencies
store_returns: 2.734217257444881, -2.734217257444881
store_returns had no query dependencies
store_sales: 22.64544611068532, -22.64544611068532
store_sales had no query dependencies
time_dim: 0.0017867508858939968, -0.0017867508858939968
time_dim had no query dependencies
warehouse: 0.0014493159533967423, -0.0014493159533967423
warehouse had no query dependencies
web_page: 0.0014300350039279089, -0.0014300350039279089
web_page had no query dependencies
web_returns: 0.7828073530883647, -0.7828073530883647
web_returns had no query dependencies
web_sales: 8.49200041780114, -8.49200041780114
web_sales had no query dependencies
web_site: 0.0017744119329797321, -0.0017744119329797321
web_site had no query dependencies
{'41': 2048}
{}
STARTING PHASE 2: 0b0
----
[]
Function: 0.527333071976288, 0.0001049041748046875, 0.5190766140381495, 0.004046750292065553, 0.0040917868550618495, 1.401903271760074e-09, 1.3015214303135872e-05
{0.527333071976288: []}
[]
{}
Best Cost: $0.527333071976288;
[]
{'41': 2048}
{}
{'41': 2048}
[11]
1
Optimal Subset: 0b100000000000
Function: 0.527333071976288, 0.0001049041748046875, 0.5190766140381495, 0.004046750292065553, 0.0040917868550618495, 1.401903271760074e-09, 1.3015214303135872e-05
0.527333071976288
Real: 0.527333071976288, 0.0001049041748046875, 0.5190766140381495, 0.004046750292065553, 0.0040917868550618495, 1.401903271760074e-09, 1.3015214303135872e-05
Num Redshift Qs: 1; Num GCP Qs: 9
Moved Qs: $0.0001049041748046875; Stayed Qs: $0.5190766140381495; Movement Cost: $0.004046750292065553
Load Cost: $0.0040917868550618495, Storage Cost: $1.401903271760074e-09, API Cost: $1.3015214303135872e-05
Final cost: $0.527333071976288, Baseline: $0.5327450853761038, Diff: $0.005412013399815785, %: 1.0158729847305956%
