 s_store_name |    s_store_id    |     sun_sales      |     mon_sales      |     tue_sales      |     wed_sales      |     thu_sales      |     fri_sales      |     sat_sales      
--------------+------------------+--------------------+--------------------+--------------------+--------------------+--------------------+--------------------+--------------------
 able         | AAAAAAAAAGBAAAAA | 1469514.8099999991 | 1429682.9000000039 | 1371508.4400000004 | 1400404.3100000015 | 1435660.3999999966 | 1458372.0899999996 | 1484218.7900000005
 able         | AAAAAAAACEBAAAAA |  1518273.229999999 |  1390336.889999996 | 1396765.7400000012 |         1426886.61 | 1408971.7599999972 | 1452881.8100000035 | 1456116.0299999989
 able         | AAAAAAAACFAAAAAA |  1531121.640000002 | 1357560.2300000023 | 1398728.8900000006 |  1388844.590000002 | 1425396.0599999982 |  1465337.179999995 | 1536951.5100000002
 able         | AAAAAAAAECBAAAAA |  1526782.629999998 | 1387250.5099999988 | 1387617.6400000001 | 1463401.9400000023 |  1419435.879999997 | 1408317.0499999968 | 1528755.0500000047
 able         | AAAAAAAAENAAAAAA | 1507289.4399999972 | 1367680.9600000014 |  1374111.810000001 |  1419454.979999997 |         1405459.36 | 1443468.8499999999 |  1520373.739999999
 able         | AAAAAAAAGLAAAAAA | 1523311.0299999996 | 1390783.8499999996 | 1391640.9499999974 | 1433343.0100000023 | 1406395.8199999977 | 1438474.0699999987 | 1499771.8800000048
 able         | AAAAAAAAIOAAAAAA | 1542086.1399999985 | 1393469.3800000036 | 1368368.0799999977 | 1456065.9500000058 |         1436014.36 | 1407315.2299999974 | 1459252.3200000017
 able         | AAAAAAAAKGBAAAAA | 1537186.7200000025 | 1397833.4699999997 | 1407248.8599999999 | 1390814.2400000016 | 1453312.7200000007 | 1374631.8700000015 | 1538573.9599999972
 able         | AAAAAAAAKHAAAAAA | 1488576.8599999985 | 1331508.5199999975 | 1383425.4700000044 | 1446454.4699999988 | 1417769.4600000025 | 1419941.9899999984 |  1495002.709999998
 able         | AAAAAAAAMEBAAAAA | 1490557.1300000018 | 1382714.0299999993 | 1363444.6299999994 |  1413761.269999999 | 1388914.5099999965 | 1448462.5099999981 | 1508059.5999999994
 able         | AAAAAAAAMFAAAAAA |  1517889.959999998 |  1364309.649999999 | 1399702.2700000005 | 1427063.7000000014 | 1390346.0200000005 |  1418128.769999999 |  1521370.689999999
 able         | AAAAAAAAMKAAAAAA | 1472244.0599999991 | 1372864.0900000005 | 1354444.0200000019 | 1479477.2899999963 |         1479005.94 |  1388493.779999998 | 1521367.7700000026
 able         | AAAAAAAAODAAAAAA | 1513192.4599999986 | 1387352.4099999964 | 1386975.7699999986 | 1400153.2200000023 | 1452208.0299999984 | 1413238.7800000017 | 1533588.6599999985
 able         | AAAAAAAAOHBAAAAA | 1532348.3699999969 |  1377483.689999999 | 1343152.6899999974 | 1404552.2999999989 |  1433375.510000005 | 1428456.1799999978 | 1470991.5599999959
 anti         | AAAAAAAABIBAAAAA | 1514979.7299999986 | 1365477.1399999955 | 1337274.0700000038 | 1402718.3300000008 | 1452972.5100000026 | 1409700.5900000005 |         1514745.08
 anti         | AAAAAAAABJAAAAAA |  1515280.959999998 | 1365666.1799999997 | 1366063.9300000004 | 1394830.0000000033 | 1433963.9600000007 | 1459507.3300000052 | 1468255.0099999984
 anti         | AAAAAAAADHAAAAAA | 1495889.7299999981 | 1358108.3600000006 | 1401172.5499999984 |  1385288.540000002 | 1460097.7300000011 | 1451856.5000000007 |  1457923.850000002
 anti         | AAAAAAAAFEBAAAAA | 1520018.8500000003 | 1379383.3400000026 | 1392278.3000000005 | 1406766.3200000026 | 1441327.2500000005 | 1414125.1999999974 | 1511574.9699999993
 anti         | AAAAAAAAFFAAAAAA | 1478647.5200000005 | 1395712.3600000013 | 1392902.3700000003 | 1396977.5600000024 | 1433044.1099999966 | 1394305.0000000012 | 1491025.7800000021
 anti         | AAAAAAAAJABAAAAA | 1507398.7000000014 | 1367987.6800000013 | 1390187.0800000008 | 1421428.0999999966 | 1430924.7500000023 | 1460352.5700000008 | 1513528.5199999996
 anti         | AAAAAAAAJBAAAAAA | 1537007.6100000017 | 1384058.5999999992 | 1368543.2300000042 | 1406025.3000000028 | 1430753.9399999985 |  1443634.679999996 |  1475044.140000001
 anti         | AAAAAAAANMAAAAAA | 1551993.2700000035 |         1435550.02 | 1398893.5700000022 | 1402310.6600000013 | 1454309.9099999962 | 1400851.2599999988 | 1498653.1300000001
 ation        | AAAAAAAADDBAAAAA | 1523274.0599999968 | 1379144.4300000023 | 1390621.6499999994 |  1416719.669999998 | 1449103.3600000015 | 1436076.5599999991 | 1474554.4299999978
 ation        | AAAAAAAAHAAAAAAA |  1500843.940000006 | 1366488.4099999946 | 1368368.3700000006 | 1434019.7099999972 | 1401305.7500000042 | 1418601.7599999986 | 1498287.2899999993
 ation        | AAAAAAAAHPAAAAAA |  1518589.310000002 | 1411785.6799999978 | 1393590.0800000026 | 1408165.7800000026 | 1450684.1499999994 | 1379794.6799999992 | 1495428.1499999994
 ation        | AAAAAAAAJNAAAAAA |  1527223.310000002 |  1429129.170000003 | 1379542.5500000003 | 1370170.7499999995 | 1439783.9699999974 |         1408558.58 | 1481011.7499999946
 ation        | AAAAAAAALLAAAAAA | 1477052.5300000042 | 1364391.7300000016 | 1389851.9100000048 | 1383565.3300000012 | 1428935.2299999984 | 1442914.3800000027 | 1488557.4099999997
 ation        | AAAAAAAANJAAAAAA |  1499609.589999996 | 1368064.8800000031 |  1435615.420000003 | 1429165.0700000017 | 1442212.2099999995 | 1448480.2100000004 | 1480375.4199999985
 ation        | AAAAAAAAPHAAAAAA | 1520982.7200000025 | 1336847.1699999997 | 1442397.3099999968 |  1428859.839999998 | 1443584.9500000023 |  1410513.190000004 |  1482600.460000002
 bar          | AAAAAAAAAFAAAAAA | 1483909.1100000024 | 1413205.0100000012 | 1391139.8100000003 |         1431473.74 | 1484930.5799999998 | 1426063.1300000004 |  1502319.329999997
 bar          | AAAAAAAAAKAAAAAA |  1473172.589999999 | 1426304.1399999976 |         1378585.07 | 1458593.7599999984 | 1410679.1799999995 |  1436562.260000002 | 1525018.2199999997
 bar          | AAAAAAAACDAAAAAA | 1494805.0599999991 | 1412230.4400000016 | 1372536.6500000004 | 1425031.6099999994 | 1463316.8499999982 |  1468162.379999999 | 1484059.1000000024
 bar          | AAAAAAAAEABAAAAA |  1494127.369999999 | 1371701.9199999976 | 1419710.2000000014 | 1390227.1899999997 |  1397357.160000003 | 1472829.2400000053 | 1498215.1200000027
 bar          | AAAAAAAAEGAAAAAA | 1461795.2899999998 | 1375366.7100000032 | 1392909.6600000008 | 1465567.0999999987 | 1483316.1199999987 | 1493760.7899999996 | 1481528.4000000034
 bar          | AAAAAAAAIBBAAAAA | 1585496.1499999994 | 1409718.6399999983 |  1395609.020000001 | 1428819.9399999944 | 1455493.2400000023 | 1443720.7599999977 | 1495525.4200000016
 bar          | AAAAAAAAIMAAAAAA | 1498907.5900000024 |  1370363.860000005 | 1452601.0999999992 | 1371163.4300000009 |  1474345.260000001 |  1439551.509999999 | 1478705.3900000008
 bar          | AAAAAAAAKKAAAAAA |         1457139.85 | 1379003.6700000016 | 1382942.7999999984 | 1431550.4199999997 |  1433192.570000001 |  1445872.849999998 | 1458956.1699999971
 bar          | AAAAAAAAKPAAAAAA | 1539620.4999999986 | 1399403.0999999978 | 1387478.7099999988 | 1404827.0500000026 | 1385910.2000000023 | 1448591.0299999986 |  1518358.469999996
 bar          | AAAAAAAAMHBAAAAA | 1489775.4300000027 | 1426245.0600000026 | 1380476.6700000018 |  1433443.369999996 | 1406617.3199999973 | 1388459.1000000022 | 1474905.9299999997
 bar          | AAAAAAAAMIAAAAAA |  1514645.399999999 | 1352211.7799999993 |  1402969.780000003 | 1405320.2300000016 | 1409141.4799999995 |  1387647.849999999 | 1531319.0299999965
 bar          | AAAAAAAAOFBAAAAA |  1513047.390000002 |         1393116.46 | 1427468.4400000023 | 1386025.0500000012 |  1440019.869999995 | 1392420.2599999984 | 1472042.5499999989
 bar          | AAAAAAAAOGAAAAAA | 1445838.0300000003 |  1353206.630000001 | 1386579.6899999988 | 1404205.7700000044 | 1415404.8300000008 |  1451670.000000003 | 1501423.9199999988
 cally        | AAAAAAAAAABAAAAA | 1512558.1100000022 | 1397102.9200000004 | 1384731.0299999996 | 1435908.1700000032 | 1421999.4499999979 | 1458896.5200000014 |          1503477.4
 cally        | AAAAAAAAALAAAAAA | 1448764.9900000007 | 1409784.2300000018 | 1405479.3700000024 | 1402411.4399999995 |  1440602.479999998 | 1417278.2100000053 | 1480782.4199999978
 cally        | AAAAAAAACIBAAAAA | 1515649.0300000014 | 1361648.4400000027 | 1352678.6599999974 |         1418525.84 |  1404470.250000001 |  1422331.800000001 |  1474922.529999999
 cally        | AAAAAAAAEHAAAAAA | 1533440.3500000022 | 1430592.2199999986 | 1365827.1699999995 | 1400679.9200000009 | 1455792.2099999953 | 1428675.3599999947 | 1508487.0800000036
 cally        | AAAAAAAAIHBAAAAA |         1500689.85 | 1366748.6899999995 | 1387134.7499999981 | 1440002.1599999936 | 1449393.7299999993 | 1415229.1200000031 | 1470592.8600000027
 cally        | AAAAAAAAIIAAAAAA | 1441157.7500000019 | 1347274.9799999974 |         1405840.38 | 1420764.6599999997 |  1497554.950000003 | 1471394.7699999984 | 1451153.8199999977
 cally        | AAAAAAAAKABAAAAA | 1534467.9599999993 |  1373939.140000001 |  1362486.620000002 |  1414904.760000002 |  1437862.160000001 |  1384589.310000001 | 1467314.9900000016
 cally        | AAAAAAAAKGAAAAAA | 1475805.7399999993 | 1386624.3900000006 |         1382042.29 |  1386623.299999999 | 1428716.1400000006 | 1398691.0900000008 | 1491435.4500000002
 cally        | AAAAAAAAMDBAAAAA | 1555994.9400000032 | 1409915.6999999988 |         1379696.94 | 1468557.1500000018 | 1409248.7300000028 | 1387369.9499999983 | 1457430.6099999966
 cally        | AAAAAAAAMEAAAAAA | 1450531.8999999978 | 1410472.3900000013 | 1412482.9399999985 |  1365715.129999999 |          1427608.8 |  1378816.630000005 | 1473246.1999999986
 cally        | AAAAAAAAMOAAAAAA | 1545327.6499999936 |  1384839.990000002 | 1405740.1599999974 | 1399982.5899999973 |  1433260.810000002 | 1434648.3899999992 | 1488842.3799999964
 cally        | AAAAAAAAOBBAAAAA |  1469590.009999999 |  1392145.270000002 |  1376877.959999999 | 1376798.7400000042 |  1409908.590000003 | 1442997.8400000026 | 1510057.0799999996
 cally        | AAAAAAAAOCAAAAAA | 1486868.5399999986 | 1428826.0899999985 | 1385015.8400000045 | 1387672.4100000006 | 1422838.3900000055 |  1461664.929999999 |  1495119.640000004
 cally        | AAAAAAAAOMAAAAAA | 1535376.7900000014 | 1374553.6599999983 | 1418202.4900000042 | 1433737.3800000006 | 1384898.1199999999 | 1373866.0500000026 | 1494796.9200000027
 eing         | AAAAAAAAAHBAAAAA |  1513999.109999999 | 1404063.9600000004 | 1370644.2500000005 | 1382632.5099999977 | 1446984.4600000023 | 1482015.6399999973 | 1484352.6699999978
 eing         | AAAAAAAAAIAAAAAA | 1493582.4800000014 |  1399209.490000001 | 1363362.5099999977 | 1374371.1399999997 | 1450301.6700000018 | 1446650.9999999995 | 1498109.1999999997
 eing         | AAAAAAAAANAAAAAA | 1462563.3399999999 | 1372701.6300000055 | 1372302.8100000026 | 1400575.6700000002 | 1431199.5100000035 | 1447106.5199999996 |  1454064.040000002
 eing         | AAAAAAAACFBAAAAA |  1460528.069999998 |  1359436.480000003 | 1358405.7600000012 | 1392833.0600000017 | 1463638.6399999917 | 1421584.1200000003 |  1477601.910000001
 eing         | AAAAAAAACGAAAAAA | 1461828.4600000014 |  1424334.260000002 | 1357423.1099999985 |  1445911.080000001 | 1450412.8899999978 | 1451166.4599999967 | 1473526.8699999952
 eing         | AAAAAAAACLAAAAAA | 1473216.0600000015 |  1416028.680000001 | 1373773.8900000018 | 1436449.6399999962 | 1400169.2499999967 |  1424268.219999999 | 1512318.1800000006
 eing         | AAAAAAAAEDBAAAAA |         1508414.95 | 1400303.0600000005 | 1450829.0300000007 | 1382245.5899999961 | 1442432.7600000002 | 1380500.1099999994 | 1465588.8500000013
 eing         | AAAAAAAAGBBAAAAA | 1528349.7100000018 | 1387744.8600000024 | 1397122.5599999977 | 1381447.6800000009 | 1446475.0099999972 | 1457877.4299999995 | 1470841.6999999997
 eing         | AAAAAAAAGCAAAAAA |         1476481.72 | 1401940.6200000036 | 1397468.7200000011 |  1423356.289999998 | 1403283.2999999966 | 1443173.2400000026 | 1532328.9100000001
 eing         | AAAAAAAAIFAAAAAA |  1518848.300000001 | 1380321.3999999962 | 1422005.3199999996 |  1411910.750000002 | 1474276.8099999991 | 1419167.7400000037 |         1450199.91
 eing         | AAAAAAAAKDAAAAAA | 1472473.0000000019 | 1377001.7199999983 | 1359298.2300000004 | 1386615.5499999989 | 1450483.0099999974 | 1392994.2399999986 | 1465971.6400000006
 eing         | AAAAAAAAMABAAAAA |  1537166.999999999 | 1401499.2099999993 | 1345262.3699999996 | 1443109.5999999975 |         1413966.96 | 1444212.5699999966 |  1509861.579999995
 eing         | AAAAAAAAMBAAAAAA | 1511586.2999999975 | 1413250.8900000022 | 1437508.2199999988 | 1410770.2399999993 | 1398844.5699999973 |  1449881.060000002 | 1474955.3999999973
 eing         | AAAAAAAAMLAAAAAA | 1541861.0399999989 | 1398436.6600000043 | 1406190.7799999996 |  1405001.140000004 | 1397778.5600000028 | 1449916.0899999954 | 1482257.8500000008
 eing         | AAAAAAAAOIBAAAAA | 1541508.3500000027 | 1405649.8400000005 | 1380438.9199999988 | 1369764.9100000034 | 1420054.5800000026 |  1445027.679999998 | 1456819.3900000015
 eing         | AAAAAAAAOJAAAAAA |  1456588.859999998 |  1402069.870000002 | 1386156.1700000023 | 1393338.9699999986 | 1460874.9799999963 | 1457171.9999999988 | 1481302.9499999976
 ese          | AAAAAAAAAEAAAAAA | 1462904.6099999975 |  1376727.180000001 |  1403443.639999995 | 1404459.4099999995 | 1409202.8799999994 |  1465908.369999998 |  1484190.319999998
 ese          | AAAAAAAAAOAAAAAA | 1511252.4099999988 | 1433351.7399999998 | 1378568.0299999975 | 1455920.8199999991 | 1433418.6999999955 |  1465919.229999998 | 1527136.0800000003
 ese          | AAAAAAAACCAAAAAA | 1490098.4999999977 | 1359974.1400000027 | 1388450.0600000017 | 1413041.4300000009 | 1457211.1899999978 | 1445828.7700000005 | 1454635.3499999999
 ese          | AAAAAAAACMAAAAAA |  1473620.759999998 |  1358268.370000002 |  1424692.540000002 | 1410844.2900000007 |  1450169.839999999 | 1394650.4800000028 | 1522933.6799999978
 ese          | AAAAAAAAEKAAAAAA |  1470452.800000005 | 1408661.6400000018 | 1422270.8099999994 | 1410929.4200000027 |  1430762.169999997 | 1491735.5799999957 | 1502114.7699999968
 ese          | AAAAAAAAGHBAAAAA | 1537387.7099999995 | 1375735.1800000004 |  1351320.789999997 | 1401182.0899999975 | 1442652.4599999983 | 1479240.0899999985 | 1477304.5200000019
 ese          | AAAAAAAAGIAAAAAA | 1493191.6399999943 |  1423847.920000002 | 1404452.3200000036 | 1388687.9100000013 | 1413586.2499999967 | 1468646.4900000023 |  1474453.640000001
 ese          | AAAAAAAAGNAAAAAA | 1533830.2399999986 | 1407115.7499999981 | 1437003.2400000012 | 1386556.3799999966 | 1341527.7600000005 |  1409610.469999999 |  1515024.099999998
 ese          | AAAAAAAAIFBAAAAA | 1496048.1800000018 | 1377035.0000000033 |  1370898.919999995 | 1409085.5999999996 | 1432129.7799999963 | 1396808.8100000003 |  1486403.139999999
 ese          | AAAAAAAAIGAAAAAA | 1513543.7499999967 | 1396919.1900000025 |  1417809.429999998 |  1408644.830000002 |  1440454.429999998 | 1388568.3499999982 | 1498408.2499999986
 ese          | AAAAAAAAKDBAAAAA | 1502669.5900000017 | 1406445.2199999965 | 1438552.4299999967 | 1431906.7300000004 | 1415709.5799999998 | 1426799.9399999995 | 1428245.0900000045
 ese          | AAAAAAAAKEAAAAAA |  1499105.899999996 | 1396528.4600000018 |  1382395.089999998 | 1406720.5699999975 | 1418246.2699999984 | 1431993.9899999963 |  1512920.379999998
 ese          | AAAAAAAAKIBAAAAA | 1516707.0699999973 | 1341285.3700000024 |  1395461.180000001 |  1380843.920000002 | 1433162.1099999999 | 1357717.3299999973 | 1488191.6399999987
 ese          | AAAAAAAAMGBAAAAA | 1517830.5599999987 | 1426879.6800000009 | 1419359.2699999996 | 1426589.6899999997 | 1451520.8599999992 | 1431245.5099999956 | 1487457.1800000013
 ese          | AAAAAAAAMHAAAAAA |  1505134.679999998 |         1390221.79 | 1435904.2000000055 |  1388910.879999998 | 1420230.5399999993 | 1412816.9899999988 | 1463679.3900000001
 ese          | AAAAAAAAOAAAAAAA | 1513999.4299999967 | 1427468.6100000006 |         1366752.75 |  1436052.309999999 | 1375698.8699999996 | 1425591.0400000007 | 1512370.0300000003
 ese          | AAAAAAAAOEBAAAAA | 1507953.1499999994 |  1393198.349999998 | 1390478.4199999983 |  1407808.710000001 |  1417261.609999999 | 1459232.6500000039 | 1493765.4900000053
 ese          | AAAAAAAAOPAAAAAA | 1477456.1199999996 | 1361383.1199999987 | 1417455.6100000017 | 1410361.0199999977 | 1454330.1700000023 | 1434530.0899999975 | 1461816.8299999996
 n st         | AAAAAAAABCBAAAAA | 1460240.8499999978 |  1399569.029999998 | 1385606.9600000028 | 1397160.2799999993 | 1411419.6200000015 | 1460697.7200000032 | 1447727.6000000013
 n st         | AAAAAAAABDAAAAAA | 1515530.9499999995 |          1356023.5 | 1403459.3499999968 | 1402280.6300000006 |  1428579.739999999 | 1406974.5700000033 | 1501662.3999999962
 n st         | AAAAAAAADBAAAAAA | 1546094.5900000022 |  1387967.539999997 |  1373646.389999997 |  1443763.290000003 | 1457771.4399999983 | 1399345.1299999948 | 1457004.0499999998
 n st         | AAAAAAAAFOAAAAAA | 1541150.7500000019 |  1369676.449999998 | 1343925.6199999948 | 1398298.4999999972 | 1466292.6299999992 |  1461954.849999999 | 1479410.6899999992
 n st         | AAAAAAAAHMAAAAAA | 1502999.7600000012 |  1361954.349999995 | 1387042.7199999986 | 1394925.2000000014 | 1442323.7700000016 |  1458434.730000001 | 1523636.6200000045
 n st         | AAAAAAAAPEAAAAAA |  1492636.280000002 | 1366404.0900000045 |          1372655.9 | 1366608.1799999955 | 1463505.6300000013 |  1462086.350000002 |  1504375.699999997
 ought        | AAAAAAAABPAAAAAA |  1479224.620000002 | 1441335.7499999963 | 1379637.6799999997 | 1399514.8699999996 |         1442586.97 | 1454204.9899999984 | 1559190.4299999974
 ought        | AAAAAAAAFLAAAAAA |  1501043.650000001 | 1390872.5000000005 | 1371672.5399999993 |  1396443.479999998 | 1475652.7500000005 | 1416235.1299999976 | 1461001.2500000005
 ought        | AAAAAAAAHIBAAAAA | 1488310.6400000015 | 1411796.8699999969 | 1405885.4099999985 | 1387187.4900000016 | 1455182.5600000042 | 1427368.8099999952 | 1511649.6099999996
 ought        | AAAAAAAAHJAAAAAA | 1523264.1200000038 | 1375205.2900000017 | 1359736.3599999954 | 1413901.9299999983 | 1432217.5700000017 |  1442599.799999998 | 1501883.1200000017
(100 rows)

