     item_id      | sr_item_qty |         sr_dev          | cr_item_qty |         cr_dev          | wr_item_qty |         wr_dev          |       average        
------------------+-------------+-------------------------+-------------+-------------------------+-------------+-------------------------+----------------------
 AAAAAAAAAAABBAAA |          92 | 24.33862433862433862400 |          32 |  8.46560846560846560800 |           2 |  0.52910052910052910100 |  42.0000000000000000
 AAAAAAAAAAACAAAA |          63 | 21.42857142857142857100 |          29 |  9.86394557823129251700 |           6 |  2.04081632653061224500 |  32.6666666666666667
 AAAAAAAAAAAFAAAA |          57 | 29.68750000000000000000 |           1 |  0.52083333333333333300 |           6 |  3.12500000000000000000 |  21.3333333333333333
 AAAAAAAAAAAHBAAA |         104 | 19.04761904761904761900 |          49 |  8.97435897435897435900 |          29 |  5.31135531135531135500 |  60.6666666666666667
 AAAAAAAAAAAKBAAA |         141 | 25.40540540540540540500 |          11 |  1.98198198198198198200 |          33 |  5.94594594594594594600 |  61.6666666666666667
 AAAAAAAAAAALCAAA |          68 | 11.16584564860426929400 |         124 | 20.36124794745484400700 |          11 |  1.80623973727422003300 |  67.6666666666666667
 AAAAAAAAAAAMCAAA |          20 |  9.52380952380952381000 |          22 | 10.47619047619047619000 |          28 | 13.33333333333333333300 |  23.3333333333333333
 AAAAAAAAAAANAAAA |         105 | 24.64788732394366197200 |          32 |  7.51173708920187793400 |           5 |  1.17370892018779342700 |  47.3333333333333333
 AAAAAAAAAAANBAAA |          75 | 20.66115702479338843000 |          40 | 11.01928374655647382900 |           6 |  1.65289256198347107400 |  40.3333333333333333
 AAAAAAAAAAAPCAAA |          73 | 19.16010498687664042000 |           1 |  0.26246719160104986900 |          53 | 13.91076115485564304500 |  42.3333333333333333
 AAAAAAAAAABBAAAA |         218 | 24.97136311569301260000 |          20 |  2.29095074455899198200 |          53 |  6.07101947308132875100 |  97.0000000000000000
 AAAAAAAAAABDAAAA |         129 | 20.97560975609756097600 |          22 |  3.57723577235772357700 |          54 |  8.78048780487804878000 |  68.3333333333333333
 AAAAAAAAAABEAAAA |          21 |  5.60000000000000000000 |          92 | 24.53333333333333333300 |          12 |  3.20000000000000000000 |  41.6666666666666667
 AAAAAAAAAABFCAAA |          51 | 13.49206349206349206300 |          34 |  8.99470899470899470900 |          41 | 10.84656084656084656100 |  42.0000000000000000
 AAAAAAAAAABGAAAA |         119 | 13.49206349206349206300 |          86 |  9.75056689342403628100 |          89 | 10.09070294784580498900 |  98.0000000000000000
 AAAAAAAAAABKCAAA |         102 | 19.54022988505747126400 |          70 | 13.40996168582375478900 |           2 |  0.38314176245210728000 |  58.0000000000000000
 AAAAAAAAAABLBAAA |         179 | 17.75793650793650793700 |         104 | 10.31746031746031746000 |          53 |  5.25793650793650793700 | 112.0000000000000000
 AAAAAAAAAABNCAAA |           1 |  0.59523809523809523800 |          45 | 26.78571428571428571400 |          10 |  5.95238095238095238100 |  18.6666666666666667
 AAAAAAAAAABOCAAA |          27 |  7.08661417322834645700 |          79 | 20.73490813648293963300 |          21 |  5.51181102362204724400 |  42.3333333333333333
 AAAAAAAAAABPBAAA |          81 | 20.14925373134328358200 |          33 |  8.20895522388059701500 |          20 |  4.97512437810945273600 |  44.6666666666666667
 AAAAAAAAAACBBAAA |         103 | 18.07017543859649122800 |          27 |  4.73684210526315789500 |          60 | 10.52631578947368421100 |  63.3333333333333333
 AAAAAAAAAACBCAAA |          98 | 11.62514827995255041500 |         114 | 13.52313167259786476900 |          69 |  8.18505338078291814900 |  93.6666666666666667
 AAAAAAAAAACCBAAA |          43 | 11.11111111111111111100 |          65 | 16.79586563307493540100 |          21 |  5.42635658914728682200 |  43.0000000000000000
 AAAAAAAAAACFBAAA |          27 | 10.46511627906976744200 |          38 | 14.72868217054263565900 |          21 |  8.13953488372093023300 |  28.6666666666666667
 AAAAAAAAAACGAAAA |          57 | 13.28671328671328671300 |          52 | 12.12121212121212121200 |          34 |  7.92540792540792540800 |  47.6666666666666667
 AAAAAAAAAACGCAAA |          43 | 11.46666666666666666700 |          78 | 20.80000000000000000000 |           4 |  1.06666666666666666700 |  41.6666666666666667
 AAAAAAAAAACHBAAA |          61 | 27.85388127853881278500 |           1 |  0.45662100456621004600 |          11 |  5.02283105022831050200 |  24.3333333333333333
 AAAAAAAAAACHCAAA |          23 |  9.58333333333333333300 |          27 | 11.25000000000000000000 |          30 | 12.50000000000000000000 |  26.6666666666666667
 AAAAAAAAAACMAAAA |         107 | 17.92294807370184254600 |          13 |  2.17755443886097152400 |          79 | 13.23283082077051926300 |  66.3333333333333333
 AAAAAAAAAACPCAAA |          51 | 11.88811188811188811200 |          66 | 15.38461538461538461500 |          26 |  6.06060606060606060600 |  47.6666666666666667
 AAAAAAAAAADACAAA |          95 | 23.45679012345679012300 |           2 |  0.49382716049382716000 |          38 |  9.38271604938271604900 |  45.0000000000000000
 AAAAAAAAAADBAAAA |          17 | 10.49382716049382716000 |          32 | 19.75308641975308642000 |           5 |  3.08641975308641975300 |  18.0000000000000000
 AAAAAAAAAADBBAAA |          32 | 10.35598705501618123000 |          49 | 15.85760517799352750800 |          22 |  7.11974110032362459500 |  34.3333333333333333
 AAAAAAAAAADBDAAA |          37 |  9.20398009950248756200 |          50 | 12.43781094527363184100 |          47 | 11.69154228855721393000 |  44.6666666666666667
 AAAAAAAAAADCCAAA |          86 | 16.96252465483234714000 |          77 | 15.18737672583826430000 |           6 |  1.18343195266272189300 |  56.3333333333333333
 AAAAAAAAAADGCAAA |          76 | 16.66666666666666666700 |          18 |  3.94736842105263157900 |          58 | 12.71929824561403508800 |  50.6666666666666667
 AAAAAAAAAADHBAAA |          27 | 21.95121951219512195100 |          11 |  8.94308943089430894300 |           3 |  2.43902439024390243900 |  13.6666666666666667
 AAAAAAAAAADICAAA |          23 |  7.03363914373088685000 |          79 | 24.15902140672782874600 |           7 |  2.14067278287461773700 |  36.3333333333333333
 AAAAAAAAAADJCAAA |         185 | 20.62430323299888517300 |         110 | 12.26309921962095875100 |           4 |  0.44593088071348940900 |  99.6666666666666667
 AAAAAAAAAADLAAAA |           4 |  2.02020202020202020200 |          44 | 22.22222222222222222200 |          18 |  9.09090909090909090900 |  22.0000000000000000
 AAAAAAAAAADLCAAA |          97 | 18.06331471135940409700 |          17 |  3.16573556797020484200 |          65 | 12.10428305400372439500 |  59.6666666666666667
 AAAAAAAAAADNAAAA |          88 | 20.22988505747126436800 |          39 |  8.96551724137931034500 |          18 |  4.13793103448275862100 |  48.3333333333333333
 AAAAAAAAAADPCAAA |          40 | 22.59887005649717514100 |          11 |  6.21468926553672316400 |           8 |  4.51977401129943502800 |  19.6666666666666667
 AAAAAAAAAAEAAAAA |           2 |  2.89855072463768115900 |           3 |  4.34782608695652173900 |          18 | 26.08695652173913043500 |   7.6666666666666667
 AAAAAAAAAAEADAAA |          36 | 12.24489795918367346900 |          49 | 16.66666666666666666700 |          13 |  4.42176870748299319700 |  32.6666666666666667
 AAAAAAAAAAEBAAAA |         129 | 23.49726775956284153000 |          25 |  4.55373406193078324200 |          29 |  5.28233151183970856100 |  61.0000000000000000
 AAAAAAAAAAEBCAAA |          80 | 18.39080459770114942500 |          47 | 10.80459770114942528700 |          18 |  4.13793103448275862100 |  48.3333333333333333
 AAAAAAAAAAECBAAA |          40 | 20.83333333333333333300 |          21 | 10.93750000000000000000 |           3 |  1.56250000000000000000 |  21.3333333333333333
 AAAAAAAAAAECCAAA |         122 | 18.07407407407407407400 |          50 |  7.40740740740740740700 |          53 |  7.85185185185185185200 |  75.0000000000000000
 AAAAAAAAAAEDAAAA |          67 | 22.11221122112211221100 |           1 |  0.33003300330033003300 |          33 | 10.89108910891089108900 |  33.6666666666666667
 AAAAAAAAAAEDBAAA |          21 | 11.47540983606557377000 |          31 | 16.93989071038251366100 |           9 |  4.91803278688524590200 |  20.3333333333333333
 AAAAAAAAAAEHAAAA |          42 | 11.57024793388429752100 |          44 | 12.12121212121212121200 |          35 |  9.64187327823691460100 |  40.3333333333333333
 AAAAAAAAAAEICAAA |          56 | 11.74004192872117400400 |          49 | 10.27253668763102725400 |          54 | 11.32075471698113207500 |  53.0000000000000000
 AAAAAAAAAAEKAAAA |           9 |  3.29670329670329670300 |          21 |  7.69230769230769230800 |          61 | 22.34432234432234432200 |  30.3333333333333333
 AAAAAAAAAAEKCAAA |         178 | 24.51790633608815427000 |          38 |  5.23415977961432506900 |          26 |  3.58126721763085399400 |  80.6666666666666667
 AAAAAAAAAAEMBAAA |          49 | 12.46819338422391857500 |          54 | 13.74045801526717557300 |          28 |  7.12468193384223918600 |  43.6666666666666667
 AAAAAAAAAAEOCAAA |         261 | 29.89690721649484536100 |          12 |  1.37457044673539518900 |          18 |  2.06185567010309278400 |  97.0000000000000000
 AAAAAAAAAAFAAAAA |           8 |  3.21285140562248996000 |          58 | 23.29317269076305220900 |          17 |  6.82730923694779116500 |  27.6666666666666667
 AAAAAAAAAAFCBAAA |          70 | 27.77777777777777777800 |           7 |  2.77777777777777777800 |           7 |  2.77777777777777777800 |  28.0000000000000000
 AAAAAAAAAAFDAAAA |           6 |  2.73972602739726027400 |          18 |  8.21917808219178082200 |          49 | 22.37442922374429223700 |  24.3333333333333333
 AAAAAAAAAAFEBAAA |         145 | 20.13888888888888888900 |           3 |  0.41666666666666666700 |          92 | 12.77777777777777777800 |  80.0000000000000000
 AAAAAAAAAAFJCAAA |          85 | 16.86507936507936507900 |          11 |  2.18253968253968254000 |          72 | 14.28571428571428571400 |  56.0000000000000000
 AAAAAAAAAAFKCAAA |         107 | 25.84541062801932367100 |           9 |  2.17391304347826087000 |          22 |  5.31400966183574879200 |  46.0000000000000000
 AAAAAAAAAAFMAAAA |          60 | 14.28571428571428571400 |          67 | 15.95238095238095238100 |          13 |  3.09523809523809523800 |  46.6666666666666667
 AAAAAAAAAAFMCAAA |         180 | 23.80952380952380952400 |          60 |  7.93650793650793650800 |          12 |  1.58730158730158730200 |  84.0000000000000000
 AAAAAAAAAAFNCAAA |         200 | 19.72386587771203155800 |         101 |  9.96055226824457593700 |          37 |  3.64891518737672583800 | 112.6666666666666667
 AAAAAAAAAAFOAAAA |          65 | 15.36643026004728132400 |          48 | 11.34751773049645390100 |          28 |  6.61938534278959810900 |  47.0000000000000000
 AAAAAAAAAAFPAAAA |          38 |  8.50111856823266219200 |         103 | 23.04250559284116331100 |           8 |  1.78970917225950783000 |  49.6666666666666667
 AAAAAAAAAAFPCAAA |          89 | 19.38997821350762527200 |          24 |  5.22875816993464052300 |          40 |  8.71459694989106753800 |  51.0000000000000000
 AAAAAAAAAAGACAAA |         134 | 23.63315696649029982400 |           9 |  1.58730158730158730200 |          46 |  8.11287477954144620800 |  63.0000000000000000
 AAAAAAAAAAGBAAAA |          28 | 12.96296296296296296300 |          38 | 17.59259259259259259300 |           6 |  2.77777777777777777800 |  24.0000000000000000
 AAAAAAAAAAGDCAAA |          81 | 20.93023255813953488400 |          14 |  3.61757105943152454800 |          34 |  8.78552971576227390200 |  43.0000000000000000
 AAAAAAAAAAGGBAAA |          64 | 30.04694835680751173700 |           5 |  2.34741784037558685400 |           2 |  0.93896713615023474200 |  23.6666666666666667
 AAAAAAAAAAGGCAAA |           6 |  5.26315789473684210500 |           5 |  4.38596491228070175400 |          27 | 23.68421052631578947400 |  12.6666666666666667
 AAAAAAAAAAGHAAAA |         106 | 11.43473570658036677500 |         108 | 11.65048543689320388300 |          95 | 10.24811218985976267500 | 103.0000000000000000
 AAAAAAAAAAGJCAAA |          33 |  9.32203389830508474600 |          49 | 13.84180790960451977400 |          36 | 10.16949152542372881400 |  39.3333333333333333
 AAAAAAAAAAGLAAAA |         147 | 27.84090909090909090900 |          22 |  4.16666666666666666700 |           7 |  1.32575757575757575800 |  58.6666666666666667
 AAAAAAAAAAGMCAAA |          67 | 21.06918238993710691800 |           2 |  0.62893081761006289300 |          37 | 11.63522012578616352200 |  35.3333333333333333
 AAAAAAAAAAGNAAAA |          25 | 14.88095238095238095200 |          28 | 16.66666666666666666700 |           3 |  1.78571428571428571400 |  18.6666666666666667
 AAAAAAAAAAGOCAAA |          72 | 13.63636363636363636400 |          23 |  4.35606060606060606100 |          81 | 15.34090909090909090900 |  58.6666666666666667
 AAAAAAAAAAHAAAAA |          12 |  2.40963855421686747000 |          81 | 16.26506024096385542200 |          73 | 14.65863453815261044200 |  55.3333333333333333
 AAAAAAAAAAHBAAAA |           2 |  0.52083333333333333300 |          54 | 14.06250000000000000000 |          72 | 18.75000000000000000000 |  42.6666666666666667
 AAAAAAAAAAHCBAAA |          18 |  4.16666666666666666700 |         120 | 27.77777777777777777800 |           6 |  1.38888888888888888900 |  48.0000000000000000
 AAAAAAAAAAHCCAAA |         118 | 15.18661518661518661500 |         138 | 17.76061776061776061800 |           3 |  0.38610038610038610000 |  86.3333333333333333
 AAAAAAAAAAHDAAAA |         131 | 21.61716171617161716200 |          56 |  9.24092409240924092400 |          15 |  2.47524752475247524800 |  67.3333333333333333
 AAAAAAAAAAHDBAAA |         105 | 32.11009174311926605500 |           3 |  0.91743119266055045900 |           1 |  0.30581039755351682000 |  36.3333333333333333
 AAAAAAAAAAHEAAAA |         172 | 17.47967479674796748000 |          77 |  7.82520325203252032500 |          79 |  8.02845528455284552800 | 109.3333333333333333
 AAAAAAAAAAHGBAAA |         103 | 24.34988179669030732900 |          22 |  5.20094562647754137100 |          16 |  3.78250591016548463400 |  47.0000000000000000
 AAAAAAAAAAHHCAAA |          98 |                         |          33 |                         |             |                         |                     
 AAAAAAAAAAHIBAAA |         105 | 25.00000000000000000000 |          15 |  3.57142857142857142900 |          20 |  4.76190476190476190500 |  46.6666666666666667
 AAAAAAAAAAHJBAAA |          65 | 20.83333333333333333300 |          35 | 11.21794871794871794900 |           4 |  1.28205128205128205100 |  34.6666666666666667
 AAAAAAAAAAHKAAAA |          79 | 16.15541922290388548100 |          25 |  5.11247443762781186100 |          59 | 12.06543967280163599200 |  54.3333333333333333
 AAAAAAAAAAHKCAAA |          42 | 10.07194244604316546800 |          96 | 23.02158273381294964000 |           1 |  0.23980815347721822500 |  46.3333333333333333
 AAAAAAAAAAHLCAAA |         148 | 19.04761904761904761900 |          54 |  6.94980694980694980700 |          57 |  7.33590733590733590700 |  86.3333333333333333
 AAAAAAAAAAHOCAAA |          67 |                         |         104 |                         |             |                         |                     
 AAAAAAAAAAHPBAAA |         195 | 26.31578947368421052600 |           9 |  1.21457489878542510100 |          43 |  5.80296896086369770600 |  82.3333333333333333
 AAAAAAAAAAIAAAAA |           1 |  1.66666666666666666700 |           1 |  1.66666666666666666700 |          18 | 30.00000000000000000000 |   6.6666666666666667
 AAAAAAAAAAIACAAA |          55 | 11.31687242798353909500 |          77 | 15.84362139917695473300 |          30 |  6.17283950617283950600 |  54.0000000000000000
 AAAAAAAAAAIBBAAA |          40 | 13.88888888888888888900 |           3 |  1.04166666666666666700 |          53 | 18.40277777777777777800 |  32.0000000000000000
 AAAAAAAAAAICBAAA |         143 | 23.36601307189542483700 |          28 |  4.57516339869281045800 |          33 |  5.39215686274509803900 |  68.0000000000000000
(100 rows)

