Egress: $0.24/GB
Benchmark: tpcds
Data Path: parquet_2000/real_data_rs1
BigQuery Cost: $5.0/TB; DuckDB Cost: $1.48/hr; Redshift Cost: $1.086/hr
Use Duck: False
Excluded Table: date_dim
Excluded Query: None

Starting analysis without using DuckDB
Redshift Total: $1.6292896669717631, Redshift-Calcite Total: $1.0857163945496082, BigQuery Total: $28.19988250732422
Excluding table date_dim and any queries that depend on it
Total Keys: 10, Keys Considered: 9

Round 0
call_center: 5.735084414482117e-06, 0, 0.0053673774971037605, -0.0053673774971037605
call_center had no query dependencies
catalog_page: 0.0006659524515271187, 0, 0.005141389736351528, -0.005141389736351528
catalog_page had no query dependencies
catalog_returns: 23.366260116919875, 0, 5.863991615422572, -5.863991615422572
catalog_returns had no query dependencies
catalog_sales: 217.0907397372648, 0, 55.43826696910991, -55.43826696910991
catalog_sales had no query dependencies
customer: 0.6484093563631177, 2.3930063526678085, 0.16941227917850218, 2.2235940734893065
customer_address: 0.18544994108378887, 2.3930063526678085, 0.05352999062136295, 2.3394763620464456
customer_demographics: 0.012168197892606258, 0.022022051992019016, 0.00854790587136337, 0.013474146120655646
household_demographics: 3.512948751449585e-05, 5.612771596801679, 0.004383942557599401, 5.608387654244079
income_band: 6.137415766716003e-07, 0.022022051992019016, 0.003404495288457227, 0.01861755670356179
inventory: 0.24701470416039228, 0, 0.06733861821635329, -0.06733861821635329
inventory had no query dependencies
item: 0.005464168265461922, 5.469772060824235, 0.006825343297001104, 5.462946717527235
promotion: 2.6027671992778778e-05, 0, 0.004800803748030788, -0.004800803748030788
promotion had no query dependencies
reason: 1.2423843145370483e-06, 8.016288635107676, 0.0047249661181651284, 8.011563668989512
ship_mode: 1.5795230865478516e-06, 0, 0.004699353990566953, -0.004699353990566953
ship_mode had no query dependencies
store: 2.3781321942806244e-05, 7.653791319863399, 0.005275221944076146, 7.648516097919323
store_returns: 36.877127600833774, 3.654813579624891, 9.254882574617602, -5.600068994992711
store_sales: 288.85508783441037, 26.786022321556807, 74.02540342866642, -47.239381107109615
time_dim: 0.0012104213237762451, 5.590749544809659, 0.002078325748156184, 5.588671219061503
warehouse: 2.3292377591133118e-06, 0, 0.00043603839588636284, -0.00043603839588636284
warehouse had no query dependencies
web_page: 1.0661780834197998e-05, 0.30794252562205, 0.0015456572490749013, 0.3063968683729751
web_returns: 11.326140539720654, 0, 2.853335054343778, -2.853335054343778
web_returns had no query dependencies
web_sales: 109.34904180746526, 0.30794252562205, 27.798592695192355, -27.490650169570305
web_site: 8.863396942615509e-06, 0, 0.0006072522440615011, -0.0006072522440615011
web_site had no query dependencies

Round 1
customer: 0.6484093563631177, 0.022022051992019016, 0.16887944609734087, -0.14685739410532186
customer_address: 0.18544994108378887, 0.022022051992019016, 0.053377596362182145, -0.03135554437016313
customer_demographics: 0.012168197892606258, 0.022022051992019016, 0.00853790660421574, 0.013484145387803277
household_demographics: 3.512948751449585e-05, 0.022022051992019016, 0.0043839136897971575, 0.01763813830222186
income_band: 6.137415766716003e-07, 0.022022051992019016, 0.0034044947841125376, 0.01861755720790648
item: 0.005464168265461922, 0, 0.006820851849341542, -0.006820851849341542
item had no query dependencies
reason: 1.2423843145370483e-06, 0, 0.00472496509677484, -0.00472496509677484
reason had no query dependencies
store: 2.3781321942806244e-05, 0, 0.005275202389708928, -0.005275202389708928
store had no query dependencies
store_returns: 36.877127600833774, 0.022022051992019016, 9.224560084690653, -9.202538032698634
time_dim: 0.0012104213237762451, 0, 0.002077175186341929, -0.002077175186341929
time_dim had no query dependencies
web_page: 1.0661780834197998e-05, 0, 0.0015456471144212039, -0.0015456471144212039
web_page had no query dependencies

Round 2
customer_demographics: 0.012168197892606258, 0, 0.008537894872886241, -0.008537894872886241
customer_demographics had no query dependencies
household_demographics: 3.512948751449585e-05, 0, 0.0043839136559289055, -0.0043839136559289055
household_demographics had no query dependencies
income_band: 6.137415766716003e-07, 0, 0.0034044947835208308, -0.0034044947835208308
income_band had no query dependencies
store_returns: 36.877127600833774, 0, 9.224507944654436, -9.224507944654436
store_returns had no query dependencies

Round 3
store_returns: 36.877127600833774, 0, 9.224493611185267, -9.224493611185267
store_returns had no query dependencies
STARTING PHASE 2: 0b10000000000000000
----
[16]
Function: 37.46291288295166, 0, 28.19988250732422, 8.88585120481757, 0.3735833002905051, 0.0003996866946569437, 0.0031961838247120383
Function: 28.19988250732422, 0, 28.19988250732422, 0.0, 0, 0.0, 0
hiya: 0b0, 28.19988250732422
{28.19988250732422: []}
NEW ENTRY: 28.19988250732422, 0b0
{37.46291288295166: [16], 28.19988250732422: []}
[16]
----
Best Cost: $28.19988250732422;
[]
[]
0
Optimal Subset: 0b0
Function: 28.19988250732422, 0, 28.19988250732422, 0.0, 0, 0.0, 0
28.19988250732422
Real: 28.19988250732422, 0, 28.19988250732422, 0.0, 0, 0.0, 0
Num Redshift Qs: 0; Num GCP Qs: 10
Redshift Qs: $0; GCP Qs: $28.19988250732422; Movement Cost: $0.0
Load Cost: $0, Storage Cost: $0.0, API Cost: $0
Final cost: $28.19988250732422, BQ Baseline: $28.19988250732422, Diff: $0.0, %: 0.0%
