Egress: $0.12/GB
Benchmark: tpcds
Data Path: parquet_1000/real_data_rs1
BigQuery Cost: $5/TB; DuckDB Cost: $1.48/hr; Redshift Cost: $1.086/hr
Use Duck: True
Excluded Table: call_center
Excluded Query: None

Starting analysis using DuckDB
Duck Total: $48.96111420671938, Duck-Calcite Total: $50.82184279779061, Redshift Total: $5.702031038985257, Redshift-Calcite Total: $5.068781226665179, BigQuery Total: $89.21141624450684
Excluding table call_center and any queries that depend on it
Total Keys: 92, Keys Considered: 90

Round 0
catalog_page: 0.0017016949132084846, 0.0014731590300743997, 0.9034906262509461
catalog_returns: 13.009788101539016, 1.7330108233249168, 0.6908775354827994
catalog_sales: 132.3057429259643, 17.786430723201306, -8.779103393413136
customer: 0.8535048151388764, 0.115171981207494, 5.972613535426949
customer_address: 0.2449320713058114, 0.034608171176481475, 4.087131612745362
customer_demographics: 0.011580578982830048, 0.002562591459124745, 1.5847688207560993
date_dim: 0.001992875710129738, 0.0007678129126070509, 16.75159039056727
household_demographics: 3.5176053643226624e-05, 0.0003325439734175298, 1.593514064721777
income_band: 5.122274160385132e-07, 0.0003378803603409681, 0.012840557343109554
inventory: 5.1357166497036815, 0.7848675801892514, -0.5190592509598347
item: 0.03489831369370222, 0.005404106582017896, 9.779526694847684
promotion: 7.638614624738693e-05, 0.0004482902094113738, 1.291739177937015
reason: 1.4491379261016846e-06, 0.0003483138470075765, 1.2473288537553302
ship_mode: 1.3029202818870544e-06, 0.0003387869632670206, 0.26936127099096313
store: 9.930133819580078e-05, 0.0004553512682836181, 7.0767388992822395
store_returns: 20.850121902301908, 2.781100168279407, 0.6115705021959719
store_sales: 174.69669486396015, 23.656948843402418, -6.2487282678794465
time_dim: 0.0012146271765232086, 0.0008026640833091537, 1.0356590303787871
warehouse: 2.907589077949524e-06, 0.0003093965869671497, 0.5618085554482163
web_page: 7.394980639219284e-05, 0.0003404270685659132, 0.3407953413507634
web_returns: 6.285572262480855, 0.8309896638157389, 1.939182930008997
web_sales: 67.01082486007363, 9.011805289747425, 0.8026473774068741
web_site: 1.0454095900058746e-05, 0.00032026237319990097, 1.3811186641799398

Round 1
catalog_page: 0.0017016949132084846, 0.0014678820815587565, -0.0014678820815587565
catalog_page had no query dependencies
catalog_returns: 13.009788101539016, 1.6926675270745886, -1.658641572282912
customer: 0.8535048151388764, 0.11248866999525461, -0.0374496689368386
customer_address: 0.2449320713058114, 0.03383813571620705, 0.5152885120967774
customer_demographics: 0.011580578982830048, 0.00252618358317879, 0.08943353198132294
date_dim: 0.001992875710129738, 0.0007615475633755758, 0.8211735561241792
household_demographics: 3.5176053643226624e-05, 0.0003324333843529235, 0.05390978443625083
income_band: 5.122274160385132e-07, 0.00033787874996274377, 0.012840558953487777
item: 0.03489831369370222, 0.0052942370092838205, 0.22353581790056357
promotion: 7.638614624738693e-05, 0.00044804972463251996, -0.00044804972463251996
promotion had no query dependencies
reason: 1.4491379261016846e-06, 0.00034830928471937626, 0.07843296857633182
ship_mode: 1.3029202818870544e-06, 0.000338782861312527, 0.056836665191688944
store: 9.930133819580078e-05, 0.00045503864012355134, 0.02353828568547682
store_returns: 20.850121902301908, 2.715458200447801, -2.6515753098983286
time_dim: 0.0012146271765232086, 0.0007987657266195694, 0.04026501439053366
warehouse: 2.907589077949524e-06, 0.000309387255034231, 0.05686606079796724
web_page: 7.394980639219284e-05, 0.0003401897260068017, 0.11950486825219764
web_returns: 6.285572262480855, 0.8108160639235923, -0.2794834852753201
web_sales: 67.01082486007363, 8.796733453370784, -7.998294327731035
web_site: 1.0454095900058746e-05, 0.00032022882068644397, 0.47615491245143277

Round 2
customer_address: 0.2449320713058114, 0.033808734239468896, -0.033808734239468896
customer_address had no query dependencies
customer_demographics: 0.011580578982830048, 0.0025247934584729363, -0.0025247934584729363
customer_demographics had no query dependencies
date_dim: 0.001992875710129738, 0.0007613083399512157, -0.0007613083399512157
date_dim had no query dependencies
household_demographics: 3.5176053643226624e-05, 0.00033242916184372974, -0.00033242916184372974
household_demographics had no query dependencies
income_band: 5.122274160385132e-07, 0.0003378786884753184, -0.0003378786884753184
income_band had no query dependencies
item: 0.03489831369370222, 0.005290047839801865, -0.005290047839801865
item had no query dependencies
reason: 1.4491379261016846e-06, 0.0003483091107474089, -0.0003483091107474089
reason had no query dependencies
ship_mode: 1.3029202818870544e-06, 0.00033878270489428637, -0.00033878270489428637
ship_mode had no query dependencies
store: 9.930133819580078e-05, 0.00045502671879511336, -0.00045502671879511336
store had no query dependencies
time_dim: 0.0012146271765232086, 0.0007986124795930179, -0.0007986124795930179
time_dim had no query dependencies
warehouse: 2.907589077949524e-06, 0.000309386888189664, -0.000309386888189664
warehouse had no query dependencies
web_page: 7.394980639219284e-05, 0.00034018039591098074, -0.00034018039591098074
web_page had no query dependencies
web_site: 1.0454095900058746e-05, 0.0003202272587333897, -0.0003202272587333897
web_site had no query dependencies
----
[]
Function: 24.439096433798376, 0, 24.439096433798376, 0.0, 0, 0.0
{24.439096433798376: []}
[]
----
Best Cost: $24.439096433798376;
[]
[]
0
Optimal Subset: 0b0
Function: 24.439096433798376, 0, 24.439096433798376, 0.0, 0, 0.0
24.439096433798376
Real: 24.439096433798376, 0, 24.439096433798376, 0.0, 0, 0.0, 0
Num Redshift Qs: 0; Num GCP Qs: 92
Num BigQuery Qs: 6; Num DuckDB Qs: 86
Redshift Qs: $0; GCP Qs: $24.439096433798376; Movement Cost: $0.0
Load Cost: $0, Storage Cost: $0.0, API Cost: $0
Final cost: $24.439096433798376, BQ Baseline: $48.96111420671938, Diff: $24.522017772921004, %: 50.084680812994286%
