Egress: $0.12/GB
Benchmark: tpcds
Data Path: parquet_1000/real_data_rs1
BigQuery Cost: $5/TB; DuckDB Cost: $1.48/hr; Redshift Cost: $1.086/hr
Use Duck: True
Excluded Table: customer
Excluded Query: None

Starting analysis using DuckDB
Duck Total: $40.29923684110906, Duck-Calcite Total: $41.82272097330886, Redshift Total: $3.3341690683444334, Redshift-Calcite Total: $3.1616060710136096, BigQuery Total: $72.43934154510498
Excluding table customer and any queries that depend on it
Total Keys: 68, Keys Considered: 66

Round 0
call_center: 9.615905582904816e-06, 0.0003880979739720093, 0.2811347966795973
catalog_page: 0.0017016949132084846, 0.0014710112459872507, 0.9034927740350333
catalog_returns: 13.009788101539016, 1.7165905968526047, 0.8658973826124754
catalog_sales: 132.3057429259643, 17.61944181873369, -11.786346587015291
customer_address: 0.2449320713058114, 0.03429896080815626, 1.9131531915749114
customer_demographics: 0.011580578982830048, 0.0025479717522255644, 1.1318296524029725
date_dim: 0.001992875710129738, 0.0007652970402303943, 11.176559066262737
household_demographics: 3.5176053643226624e-05, 0.0003324995660010357, 0.912923891206603
income_band: 5.122274160385132e-07, 0.00033787971368809356, -0.00033787971368809356
income_band had no query dependencies
inventory: 5.1357166497036815, 0.7783840811995004, -0.5125757519700838
item: 0.03489831369370222, 0.005360049793645395, 7.395982511920894
promotion: 7.638614624738693e-05, 0.00044819377700752337, 1.0210719400470336
reason: 1.4491379261016846e-06, 0.00034831201756780776, 1.2473288555847701
ship_mode: 1.3029202818870544e-06, 0.0003387853184172543, 0.378868609863991
store: 9.930133819580078e-05, 0.0004552259069816252, 5.3160256102811605
store_returns: 20.850121902301908, 2.754778283037246, 0.3826702813085672
store_sales: 174.69669486396015, 23.436405943176673, -11.796858116836495
time_dim: 0.0012146271765232086, 0.0008011306976866492, 1.0356605637644096
warehouse: 2.907589077949524e-06, 0.0003093929163302873, 0.6713158963470313
web_page: 7.394980639219284e-05, 0.0003403337118782806, 0.340795434707451
web_returns: 6.285572262480855, 0.8230545489732657, 1.9405775658037887
web_sales: 67.01082486007363, 8.927208602485146, -3.2236071173110776
web_site: 1.0454095900058746e-05, 0.00032024917560259766, 1.381118677377537

Round 1
call_center: 9.615905582904816e-06, 0.00038807920984679066, -0.00038807920984679066
call_center had no query dependencies
catalog_page: 0.0017016949132084846, 0.0014676906209915035, -0.0014676906209915035
catalog_page had no query dependencies
catalog_returns: 13.009788101539016, 1.691203773853943, -1.6644926453335214
customer_address: 0.2449320713058114, 0.03381050718029672, -0.03381050718029672
customer_address had no query dependencies
customer_demographics: 0.011580578982830048, 0.0025248772844953067, -0.0025248772844953067
customer_demographics had no query dependencies
date_dim: 0.001992875710129738, 0.0007613227653822848, 0.025949805755039343
household_demographics: 3.5176053643226624e-05, 0.0003324294164655983, -0.0003324294164655983
household_demographics had no query dependencies
item: 0.03489831369370222, 0.005290300109221989, 0.02142082841119964
promotion: 7.638614624738693e-05, 0.00044804110746475296, -0.00044804110746475296
promotion had no query dependencies
reason: 1.4491379261016846e-06, 0.00034830912124124257, -0.00034830912124124257
reason had no query dependencies
ship_mode: 1.3029202818870544e-06, 0.00033878271432929497, -0.00033878271432929497
ship_mode had no query dependencies
store: 9.930133819580078e-05, 0.00045502743787899835, -0.00045502743787899835
store had no query dependencies
store_returns: 20.850121902301908, 2.713106085473799, -2.6863949569533774
time_dim: 0.0012146271765232086, 0.0007986287037866519, -0.0007986287037866519
time_dim had no query dependencies
warehouse: 2.907589077949524e-06, 0.00030938692702733297, -0.00030938692702733297
warehouse had no query dependencies
web_page: 7.394980639219284e-05, 0.0003401813836840203, -0.0003401813836840203
web_page had no query dependencies
web_returns: 6.285572262480855, 0.8101069846813688, -0.7833958561609471
web_site: 1.0454095900058746e-05, 0.0003202274152785754, -0.0003202274152785754
web_site had no query dependencies

Round 2
date_dim: 0.001992875710129738, 0.0007613080189527349, -0.0007613080189527349
date_dim had no query dependencies
item: 0.03489831369370222, 0.005290041544298991, -0.005290041544298991
item had no query dependencies
----
[]
Function: 16.741318785785765, 0, 16.741318785785765, 0.0, 0, 0.0
{16.741318785785765: []}
[]
----
Best Cost: $16.741318785785765;
[]
[]
0
Optimal Subset: 0b0
Function: 16.741318785785765, 0, 16.741318785785765, 0.0, 0, 0.0
16.741318785785765
Real: 16.741318785785765, 0, 16.741318785785765, 0.0, 0, 0.0, 0
Num Redshift Qs: 0; Num GCP Qs: 68
Num BigQuery Qs: 3; Num DuckDB Qs: 65
Redshift Qs: $0; GCP Qs: $16.741318785785765; Movement Cost: $0.0
Load Cost: $0, Storage Cost: $0.0, API Cost: $0
Final cost: $16.741318785785765, BQ Baseline: $40.29923684110906, Diff: $23.55791805532329, %: 58.45747935179748%
