Egress: $0.12/GB
Benchmark: tpcds
Data Path: parquet_2000/internal_rs1
BigQuery Cost: $5/TB; DuckDB Cost: $1.48/hr; Redshift Cost: $1.086/hr
Use Duck: False
Excluded Table: web_page
Excluded Query: None

Starting analysis without using DuckDB
Redshift Total: $15.04321149362008, Redshift-Calcite Total: $14.164810738903286, BigQuery Total: $107.87771701812744
!!!!!!: 95.02586095511793
Excluding table web_page and any queries that depend on it
Total Keys: 96, Keys Considered: 94
-0.045328965368336596
call_center: 5.735084414482117e-06, 0.005376689209431527, 1.9795716740005311
catalog_page: 0.0006659524515271187, 0.0050714663417717664, 5.510614676019392
catalog_returns: 23.366260116919875, 3.0595690639974547, 15.615004397605073
catalog_sales: 217.0907397372648, 29.363026332961002, 20.208389015852926
customer: 0.6484093563631177, 0.0915401426266124, 27.641947903836325
customer_address: 0.18544994108378887, 0.03126506748031744, 29.787126549377533
customer_demographics: 0.012168197892606258, 0.0070963468166332635, 16.63010024792272
date_dim: 0.0019952356815338135, 0.00556809425932037, 88.89685790045677
household_demographics: 3.512948751449585e-05, 0.004389723044136487, 15.881248428548277
income_band: 6.137415766716003e-07, 0.0034144215699615076, 3.121664910375219
inventory: 0.24701470416039228, 0.03767882291894574, 1.0976352862030128
item: 0.005464168265461922, 0.006179022167465799, 51.28981259357537
promotion: 2.6027671992778778e-05, 0.004807677466036152, 11.726351640888094
reason: 1.2423843145370483e-06, 0.004734816890522087, 2.0080738606365878
ship_mode: 1.5795230865478516e-06, 0.004709164267651024, 2.126381988746452
store: 2.3781321942806244e-05, 0.005282365469533537, 43.32684051557104
store_returns: 36.877127600833774, 4.825026079909642, 19.628081032978855
store_sales: 288.85508783441037, 39.289626944112854, 44.74648860620728
time_dim: 0.0012104213237762451, 0.0019427684893334467, 4.194761983796147
warehouse: 2.3292377591133118e-06, 0.00044575829713700753, 3.6196297618161717
web_returns: 11.326140539720654, 1.4912969083961398, 12.398152602233434
web_sales: 109.34904180746526, 14.644027914783214, 25.0605425653914
web_site: 8.863396942615509e-06, 0.0006161859865710125, 6.56695709745092
{}
{}
STARTING PHASE 2: 0b111011111111111111111111
----
[0, 1, 2, 3, 4, 5, 6, 7, 8, 9, 10, 11, 12, 13, 14, 15, 16, 17, 18, 19, 21, 22, 23]
Function: 106.40384943468206, 11.641652892233136, 1.2102031707763672, 83.21532730409324, 9.848078327944277, 0.4289174011239231, 0.05967033851111533
-0.045328965368336596
call_center: 5.735084414482117e-06, 0.005376689209431527, 1.9795716740005311
catalog_page: 0.0006659524515271187, 0.0050714663417717664, 5.510614676019392
catalog_returns: 23.366260116919875, 3.0595690639974547, 15.615004397605073
catalog_sales: 217.0907397372648, 29.363026332961002, 20.208389015852926
customer: 0.6484093563631177, 0.0915401426266124, 27.641947903836325
customer_address: 0.18544994108378887, 0.03126506748031744, 29.787126549377533
customer_demographics: 0.012168197892606258, 0.0070963468166332635, 16.63010024792272
date_dim: 0.0019952356815338135, 0.00556809425932037, 88.89685790045677
household_demographics: 3.512948751449585e-05, 0.004389723044136487, 15.881248428548277
income_band: 6.137415766716003e-07, 0.0034144215699615076, 3.121664910375219
inventory: 0.24701470416039228, 0.03767882291894574, 1.0976352862030128
item: 0.005464168265461922, 0.006179022167465799, 51.28981259357537
promotion: 2.6027671992778778e-05, 0.004807677466036152, 11.726351640888094
reason: 1.2423843145370483e-06, 0.004734816890522087, 2.0080738606365878
ship_mode: 1.5795230865478516e-06, 0.004709164267651024, 2.126381988746452
store: 2.3781321942806244e-05, 0.005282365469533537, 43.32684051557104
store_returns: 36.877127600833774, 4.825026079909642, 19.628081032978855
store_sales: 288.85508783441037, 39.289626944112854, 44.74648860620728
time_dim: 0.0012104213237762451, 0.0019427684893334467, 4.194761983796147
warehouse: 2.3292377591133118e-06, 0.00044575829713700753, 3.6196297618161717
web_returns: 11.326140539720654, 1.4912969083961398, 12.398152602233434
web_sales: 109.34904180746526, 14.644027914783214, 25.0605425653914
web_site: 8.863396942615509e-06, 0.0006161859865710125, 6.56695709745092
call_center: 5.735084414482117e-06, 0.005376689197316509, 1.979571674012646
catalog_page: 0.0006659524515271187, 0.005071464934987672, 5.510614677426176
catalog_returns: 23.366260116919875, 3.059519704192551, 14.80910914165847
catalog_sales: 217.0907397372648, 29.36256774196243, 19.296691097568115
customer: 0.6484093563631177, 0.09153877290124053, 27.641949273561696
customer_address: 0.18544994108378887, 0.03126467572858372, 29.787126941129266
customer_demographics: 0.012168197892606258, 0.007096321112054481, 15.824155657875794
date_dim: 0.0019952356815338135, 0.005568090044506211, 87.76154379554961
household_demographics: 3.512948751449585e-05, 0.004389722969927579, 15.075303812870983
income_band: 6.137415766716003e-07, 0.0034144215686650156, 3.1216649103765155
item: 0.005464168265461922, 0.006179010624742309, 50.15449849599613
promotion: 2.6027671992778778e-05, 0.004807677411054276, 10.92040702519157
reason: 1.2423843145370483e-06, 0.004734816887897625, 2.008073860639212
ship_mode: 1.5795230865478516e-06, 0.004709164264314378, 2.126381988749789
store: 2.3781321942806244e-05, 0.005282365419296939, 43.32684051562128
store_returns: 36.877127600833774, 4.824948179218017, 19.628158933670477
store_sales: 288.85508783441037, 39.2890167552889, 44.53900213692896
time_dim: 0.0012104213237762451, 0.0019427659323919381, 4.194761986353089
warehouse: 2.3292377591133118e-06, 0.0004457582922166343, 2.7986242043332865
web_returns: 11.326140539720654, 1.4912729826123576, 12.398176528017215
web_sales: 109.34904180746526, 14.643796921575785, 25.060773558598832
web_site: 8.863396942615509e-06, 0.000616185967847625, 6.566957097469643
Function: 107.49979523202461, 11.576691580212518, 2.4104785919189453, 83.18544881716917, 9.84022661450982, 0.42731063177346273, 0.059638996440675864
hiya: 0b111011111111101111111111, 107.49979523202461
call_center: 5.735084414482117e-06, 0.005376689197316509, 1.979571674012646
catalog_page: 0.0006659524515271187, 0.005071464934987672, 5.510614677426176
catalog_returns: 23.366260116919875, 3.059519704192551, 14.80910914165847
catalog_sales: 217.0907397372648, 29.36256774196243, 19.296691097568115
customer: 0.6484093563631177, 0.09153877290124053, 27.641949273561696
customer_address: 0.18544994108378887, 0.03126467572858372, 29.787126941129266
customer_demographics: 0.012168197892606258, 0.007096321112054481, 15.824155657875794
date_dim: 0.0019952356815338135, 0.005568090044506211, 87.76154379554961
household_demographics: 3.512948751449585e-05, 0.004389722969927579, 15.075303812870983
income_band: 6.137415766716003e-07, 0.0034144215686650156, 3.1216649103765155
item: 0.005464168265461922, 0.006179010624742309, 50.15449849599613
promotion: 2.6027671992778778e-05, 0.004807677411054276, 10.92040702519157
reason: 1.2423843145370483e-06, 0.004734816887897625, 2.008073860639212
ship_mode: 1.5795230865478516e-06, 0.004709164264314378, 2.126381988749789
store: 2.3781321942806244e-05, 0.005282365419296939, 43.32684051562128
store_returns: 36.877127600833774, 4.824948179218017, 19.628158933670477
store_sales: 288.85508783441037, 39.2890167552889, 44.53900213692896
time_dim: 0.0012104213237762451, 0.0019427659323919381, 4.194761986353089
warehouse: 2.3292377591133118e-06, 0.0004457582922166343, 2.7986242043332865
web_returns: 11.326140539720654, 1.4912729826123576, 12.398176528017215
web_sales: 109.34904180746526, 14.643796921575785, 25.060773558598832
web_site: 8.863396942615509e-06, 0.000616185967847625, 6.566957097469643
catalog_page: 0.0006659524515271187, 0.005071463628853607, 5.51061467873231
catalog_returns: 23.366260116919875, 3.0594738758931905, 13.807212398437827
catalog_sales: 217.0907397372648, 29.36214196139852, 17.36556700457971
customer: 0.6484093563631177, 0.09153750117448825, 27.588552055630803
customer_address: 0.18544994108378887, 0.03126431200519051, 28.785184733332645
customer_demographics: 0.012168197892606258, 0.00709629724654015, 15.77075719208367
date_dim: 0.0019952356815338135, 0.00556808613124591, 85.77659543625292
household_demographics: 3.512948751449585e-05, 0.004389722901028035, 15.02190532328224
income_band: 6.137415766716003e-07, 0.0034144215674612828, 3.1216649103777194
item: 0.005464168265461922, 0.006178999907856603, 49.67617495504111
promotion: 2.6027671992778778e-05, 0.004807677360006144, 10.92040702524262
reason: 1.2423843145370483e-06, 0.004734816885460935, 2.0080738606416486
ship_mode: 1.5795230865478516e-06, 0.004709164261216455, 1.621699748734837
store: 2.3781321942806244e-05, 0.005282365372654578, 43.32684051566792
store_returns: 36.877127600833774, 4.824875852023387, 19.628231260865107
store_sales: 288.85508783441037, 39.28845022314508, 44.53956866907278
time_dim: 0.0012104213237762451, 0.00194276355838983, 4.194761988727091
warehouse: 2.3292377591133118e-06, 0.000445758287648295, 2.293941964319805
web_returns: 11.326140539720654, 1.4912507686270364, 12.398198742002537
web_sales: 109.34904180746526, 14.643582455050218, 25.0609880251244
web_site: 8.863396942615509e-06, 0.0006161859504638243, 6.566957097487027
Function: 109.47801807400728, 11.514454045595333, 4.457664489746094, 83.18544812346292, 9.834860617581604, 0.4259618016761736, 0.05962899594516458
hiya: 0b111011111111101111111110, 109.47801807400728
catalog_page: 0.0006659524515271187, 0.005071463628853607, 5.51061467873231
catalog_returns: 23.366260116919875, 3.0594738758931905, 13.807212398437827
catalog_sales: 217.0907397372648, 29.36214196139852, 17.36556700457971
customer: 0.6484093563631177, 0.09153750117448825, 27.588552055630803
customer_address: 0.18544994108378887, 0.03126431200519051, 28.785184733332645
customer_demographics: 0.012168197892606258, 0.00709629724654015, 15.77075719208367
date_dim: 0.0019952356815338135, 0.00556808613124591, 85.77659543625292
household_demographics: 3.512948751449585e-05, 0.004389722901028035, 15.02190532328224
income_band: 6.137415766716003e-07, 0.0034144215674612828, 3.1216649103777194
item: 0.005464168265461922, 0.006178999907856603, 49.67617495504111
promotion: 2.6027671992778778e-05, 0.004807677360006144, 10.92040702524262
reason: 1.2423843145370483e-06, 0.004734816885460935, 2.0080738606416486
ship_mode: 1.5795230865478516e-06, 0.004709164261216455, 1.621699748734837
store: 2.3781321942806244e-05, 0.005282365372654578, 43.32684051566792
store_returns: 36.877127600833774, 4.824875852023387, 19.628231260865107
store_sales: 288.85508783441037, 39.28845022314508, 44.53956866907278
time_dim: 0.0012104213237762451, 0.00194276355838983, 4.194761988727091
warehouse: 2.3292377591133118e-06, 0.000445758287648295, 2.293941964319805
web_returns: 11.326140539720654, 1.4912507686270364, 12.398198742002537
web_sales: 109.34904180746526, 14.643582455050218, 25.0609880251244
web_site: 8.863396942615509e-06, 0.0006161859504638243, 6.566957097487027
catalog_page: 0.0006659524515271187, 0.0050714626666964815, 5.510614679694467
catalog_returns: 23.366260116919875, 3.0594401167057104, 13.807246157625306
catalog_sales: 217.0907397372648, 29.361828312275968, 15.990607229143222
customer: 0.6484093563631177, 0.09153656436333765, 27.588552992441954
customer_address: 0.18544994108378887, 0.03126404407017233, 28.785185001267664
customer_demographics: 0.012168197892606258, 0.007096279666128398, 15.770757209664081
date_dim: 0.0019952356815338135, 0.005568083248562283, 84.15018652613955
household_demographics: 3.512948751449585e-05, 0.00438972285027353, 15.021905323332994
income_band: 6.137415766716003e-07, 0.0034144215665745594, 3.1216649103786063
item: 0.005464168265461922, 0.006178992013316357, 49.676174962935654
promotion: 2.6027671992778778e-05, 0.004807677322401792, 10.920407025280223
reason: 1.2423843145370483e-06, 0.004734816883665958, 2.0080738606434436
store: 2.3781321942806244e-05, 0.005282365338295716, 43.32684051570228
store_returns: 36.877127600833774, 4.82482257255726, 19.628284540331236
store_sales: 288.85508783441037, 39.28803289007526, 44.5399860021426
time_dim: 0.0012104213237762451, 0.0019427618095930522, 2.8194885659168505
warehouse: 2.3292377591133118e-06, 0.00044575828428305064, 0.6675330513271169
web_returns: 11.326140539720654, 1.4912344048058688, 12.398215105823704
web_sales: 109.34904180746526, 14.643424469356972, 23.434737097821596
web_site: 8.863396942615509e-06, 0.0006161859376581345, 6.315821609062815
Function: 111.0987242149117, 11.469353215854568, 6.12917423248291, 83.18544793240645, 9.83016164397796, 0.42496819438112393, 0.05961899580869378
hiya: 0b111011111011101111111110, 111.0987242149117
catalog_page: 0.0006659524515271187, 0.0050714626666964815, 5.510614679694467
catalog_returns: 23.366260116919875, 3.0594401167057104, 13.807246157625306
catalog_sales: 217.0907397372648, 29.361828312275968, 15.990607229143222
customer: 0.6484093563631177, 0.09153656436333765, 27.588552992441954
customer_address: 0.18544994108378887, 0.03126404407017233, 28.785185001267664
customer_demographics: 0.012168197892606258, 0.007096279666128398, 15.770757209664081
date_dim: 0.0019952356815338135, 0.005568083248562283, 84.15018652613955
household_demographics: 3.512948751449585e-05, 0.00438972285027353, 15.021905323332994
income_band: 6.137415766716003e-07, 0.0034144215665745594, 3.1216649103786063
item: 0.005464168265461922, 0.006178992013316357, 49.676174962935654
promotion: 2.6027671992778778e-05, 0.004807677322401792, 10.920407025280223
reason: 1.2423843145370483e-06, 0.004734816883665958, 2.0080738606434436
store: 2.3781321942806244e-05, 0.005282365338295716, 43.32684051570228
store_returns: 36.877127600833774, 4.82482257255726, 19.628284540331236
store_sales: 288.85508783441037, 39.28803289007526, 44.5399860021426
time_dim: 0.0012104213237762451, 0.0019427618095930522, 2.8194885659168505
warehouse: 2.3292377591133118e-06, 0.00044575828428305064, 0.6675330513271169
web_returns: 11.326140539720654, 1.4912344048058688, 12.398215105823704
web_sales: 109.34904180746526, 14.643424469356972, 23.434737097821596
web_site: 8.863396942615509e-06, 0.0006161859376581345, 6.315821609062815
catalog_page: 0.0006659524515271187, 0.005071462656560954, 5.510614679704602
catalog_returns: 23.366260116919875, 3.0594397610806507, 13.13926770363896
catalog_sales: 217.0907397372648, 29.361825008242423, 15.322631723565369
customer: 0.6484093563631177, 0.09153655449480863, 27.588553002310483
customer_address: 0.18544994108378887, 0.031264041247698986, 28.78518500409014
customer_demographics: 0.012168197892606258, 0.007096279480933331, 15.770757209849277
date_dim: 0.0019952356815338135, 0.005568083218195601, 83.4822077165585
household_demographics: 3.512948751449585e-05, 0.004389722849738873, 15.02190532333353
income_band: 6.137415766716003e-07, 0.0034144215665652183, 3.1216649103786156
item: 0.005464168265461922, 0.006178991930153919, 49.00819615340741
promotion: 2.6027671992778778e-05, 0.0048076773220056615, 10.92040702528062
reason: 1.2423843145370483e-06, 0.00473481688364705, 2.0080738606434627
store: 2.3781321942806244e-05, 0.005282365337933774, 43.32684051570264
store_returns: 36.877127600833774, 4.824822011302245, 19.62828510158625
store_sales: 288.85508783441037, 39.288028493817265, 44.53999039840059
time_dim: 0.0012104213237762451, 0.0019427617911709275, 2.819488565935272
web_returns: 11.326140539720654, 1.4912342324265757, 12.398215278202997
web_sales: 109.34904180746526, 14.643422805108637, 23.434738762069934
web_site: 8.863396942615509e-06, 0.0006161859375232372, 6.31582160906295
Function: 111.76624679718763, 11.469264093337063, 6.797242164611816, 83.18544765066572, 9.829726166842779, 0.4249577261228186, 0.05960899560744764
hiya: 0b111001111011101111111110, 111.76624679718763
catalog_page: 0.0006659524515271187, 0.005071462656560954, 5.510614679704602
catalog_returns: 23.366260116919875, 3.0594397610806507, 13.13926770363896
catalog_sales: 217.0907397372648, 29.361825008242423, 15.322631723565369
customer: 0.6484093563631177, 0.09153655449480863, 27.588553002310483
customer_address: 0.18544994108378887, 0.031264041247698986, 28.78518500409014
customer_demographics: 0.012168197892606258, 0.007096279480933331, 15.770757209849277
date_dim: 0.0019952356815338135, 0.005568083218195601, 83.4822077165585
household_demographics: 3.512948751449585e-05, 0.004389722849738873, 15.02190532333353
income_band: 6.137415766716003e-07, 0.0034144215665652183, 3.1216649103786156
item: 0.005464168265461922, 0.006178991930153919, 49.00819615340741
promotion: 2.6027671992778778e-05, 0.0048076773220056615, 10.92040702528062
reason: 1.2423843145370483e-06, 0.00473481688364705, 2.0080738606434627
store: 2.3781321942806244e-05, 0.005282365337933774, 43.32684051570264
store_returns: 36.877127600833774, 4.824822011302245, 19.62828510158625
store_sales: 288.85508783441037, 39.288028493817265, 44.53999039840059
time_dim: 0.0012104213237762451, 0.0019427617911709275, 2.819488565935272
web_returns: 11.326140539720654, 1.4912342324265757, 12.398215278202997
web_sales: 109.34904180746526, 14.643422805108637, 23.434738762069934
web_site: 8.863396942615509e-06, 0.0006161859375232372, 6.31582160906295
catalog_page: 0.0006659524515271187, 0.005071456968503786, 5.510614685392659
catalog_returns: 23.366260116919875, 3.0592401843345427, 13.139467280385068
catalog_sales: 217.0907397372648, 29.359970784963636, 15.324485946844156
customer: 0.6484093563631177, 0.09153101627735999, 27.58855854052793
customer_address: 0.18544994108378887, 0.031262457275954156, 28.785186588061883
customer_demographics: 0.012168197892606258, 0.007096175549481346, 15.770757313780729
date_dim: 0.0019952356815338135, 0.005568066176416427, 83.48220773360028
household_demographics: 3.512948751449585e-05, 0.004389722549689624, 15.021905323633579
income_band: 6.137415766716003e-07, 0.0034144215613231064, 3.1216649103838576
item: 0.005464168265461922, 0.006178945259402282, 49.00819620007817
promotion: 2.6027671992778778e-05, 0.004807677099697168, 10.920407025502929
store: 2.3781321942806244e-05, 0.005282365134811886, 43.326840515905765
store_returns: 36.877127600833774, 4.8245070350460715, 18.366792850885343
store_sales: 288.85508783441037, 39.28556131429267, 42.529648900398065
time_dim: 0.0012104213237762451, 0.001942751452676534, 2.8194885762737667
web_returns: 11.326140539720654, 1.4911374931853119, 12.398312017444262
web_sales: 109.34904180746526, 14.64248882911741, 23.435672738061157
web_site: 8.863396942615509e-06, 0.0006161858618188706, 6.315821609138654
Function: 113.76844667893619, 11.179583490163488, 9.0997314453125, 83.18544750038899, 9.825001499920287, 0.4190837476508124, 0.05959899550010563
hiya: 0b111001111001101111111110, 113.76844667893619
catalog_page: 0.0006659524515271187, 0.005071456968503786, 5.510614685392659
catalog_returns: 23.366260116919875, 3.0592401843345427, 13.139467280385068
catalog_sales: 217.0907397372648, 29.359970784963636, 15.324485946844156
customer: 0.6484093563631177, 0.09153101627735999, 27.58855854052793
customer_address: 0.18544994108378887, 0.031262457275954156, 28.785186588061883
customer_demographics: 0.012168197892606258, 0.007096175549481346, 15.770757313780729
date_dim: 0.0019952356815338135, 0.005568066176416427, 83.48220773360028
household_demographics: 3.512948751449585e-05, 0.004389722549689624, 15.021905323633579
income_band: 6.137415766716003e-07, 0.0034144215613231064, 3.1216649103838576
item: 0.005464168265461922, 0.006178945259402282, 49.00819620007817
promotion: 2.6027671992778778e-05, 0.004807677099697168, 10.920407025502929
store: 2.3781321942806244e-05, 0.005282365134811886, 43.326840515905765
store_returns: 36.877127600833774, 4.8245070350460715, 18.366792850885343
store_sales: 288.85508783441037, 39.28556131429267, 42.529648900398065
time_dim: 0.0012104213237762451, 0.001942751452676534, 2.8194885762737667
web_returns: 11.326140539720654, 1.4911374931853119, 12.398312017444262
web_sales: 109.34904180746526, 14.64248882911741, 23.435672738061157
web_site: 8.863396942615509e-06, 0.0006161858618188706, 6.315821609138654
catalog_page: 0.0006659524515271187, 0.005071453591608517, 5.510614688769555
catalog_returns: 23.366260116919875, 3.0591216992789314, 13.13958576544068
catalog_sales: 217.0907397372648, 29.358869966593826, 13.5844344567972
customer: 0.6484093563631177, 0.09152772833918489, 27.58856182846611
customer_address: 0.18544994108378887, 0.03126151690096593, 28.78518752843687
customer_demographics: 0.012168197892606258, 0.007096113847283529, 15.770757375482926
date_dim: 0.0019952356815338135, 0.005568056059024534, 81.74105543530092
household_demographics: 3.512948751449585e-05, 0.0043897223715558846, 13.941626304502034
income_band: 6.137415766716003e-07, 0.003414421558210961, 3.12166491038697
item: 0.005464168265461922, 0.006178917551832582, 47.26704391936897
promotion: 2.6027671992778778e-05, 0.00480767696771669, 10.920407025634908
store: 2.3781321942806244e-05, 0.005282365014222146, 42.246561496716666
store_returns: 36.877127600833774, 4.824320039416788, 18.366979846514624
store_sales: 288.85508783441037, 39.28409659503617, 39.70968229192814
web_returns: 11.326140539720654, 1.491080060871155, 12.398369449758418
web_sales: 109.34904180746526, 14.641934344692656, 21.695074914069146
web_site: 8.863396942615509e-06, 0.0006161858168745759, 6.315821609183598
Function: 116.58444682847676, 11.006587136920693, 12.094159126281738, 83.18530108984304, 9.823214841215211, 0.41559574329637405, 0.059588890919703257
hiya: 0b111000111001101111111110, 116.58444682847676
catalog_page: 0.0006659524515271187, 0.005071453591608517, 5.510614688769555
catalog_returns: 23.366260116919875, 3.0591216992789314, 13.13958576544068
catalog_sales: 217.0907397372648, 29.358869966593826, 13.5844344567972
customer: 0.6484093563631177, 0.09152772833918489, 27.58856182846611
customer_address: 0.18544994108378887, 0.03126151690096593, 28.78518752843687
customer_demographics: 0.012168197892606258, 0.007096113847283529, 15.770757375482926
date_dim: 0.0019952356815338135, 0.005568056059024534, 81.74105543530092
household_demographics: 3.512948751449585e-05, 0.0043897223715558846, 13.941626304502034
income_band: 6.137415766716003e-07, 0.003414421558210961, 3.12166491038697
item: 0.005464168265461922, 0.006178917551832582, 47.26704391936897
promotion: 2.6027671992778778e-05, 0.00480767696771669, 10.920407025634908
store: 2.3781321942806244e-05, 0.005282365014222146, 42.246561496716666
store_returns: 36.877127600833774, 4.824320039416788, 18.366979846514624
store_sales: 288.85508783441037, 39.28409659503617, 39.70968229192814
web_returns: 11.326140539720654, 1.491080060871155, 12.398369449758418
web_sales: 109.34904180746526, 14.641934344692656, 21.695074914069146
web_site: 8.863396942615509e-06, 0.0006161858168745759, 6.315821609183598
catalog_page: 0.0006659524515271187, 0.005071444561536232, 5.510614697799627
catalog_returns: 23.366260116919875, 3.0588048613164083, 10.036845323450041
catalog_sales: 217.0907397372648, 29.355926295363737, 10.484320848074127
customer: 0.6484093563631177, 0.0915189361448704, 24.463491288715243
customer_address: 0.18544994108378887, 0.031259002267422134, 25.660110711125235
customer_demographics: 0.012168197892606258, 0.007095948850959402, 12.64567820853407
date_dim: 0.0019952356815338135, 0.005568029004356609, 78.63799818240243
household_demographics: 3.512948751449585e-05, 0.00438972189521285, 10.816546973033194
item: 0.005464168265461922, 0.006178843459704384, 44.16398671350794
promotion: 2.6027671992778778e-05, 0.004807676614790954, 7.817349746034672
store: 2.3781321942806244e-05, 0.005282364691756096, 39.14350421708597
store_returns: 36.877127600833774, 4.823819999020324, 15.242400554965908
store_sales: 288.85508783441037, 39.28017982542752, 36.61054178158363
web_returns: 11.326140539720654, 1.490926482537528, 12.398523028092045
web_sales: 109.34904180746526, 14.640451611579321, 21.69655764718248
web_site: 8.863396942615509e-06, 0.000616185696690147, 6.315821609303783
Function: 119.69678652435789, 10.542608546502594, 15.68321704864502, 83.18530101560587, 9.819810493729909, 0.40627052900782124, 0.05957889086667598
hiya: 0b111000111001100111111110, 119.69678652435789
catalog_page: 0.0006659524515271187, 0.005071444561536232, 5.510614697799627
catalog_returns: 23.366260116919875, 3.0588048613164083, 10.036845323450041
catalog_sales: 217.0907397372648, 29.355926295363737, 10.484320848074127
customer: 0.6484093563631177, 0.0915189361448704, 24.463491288715243
customer_address: 0.18544994108378887, 0.031259002267422134, 25.660110711125235
customer_demographics: 0.012168197892606258, 0.007095948850959402, 12.64567820853407
date_dim: 0.0019952356815338135, 0.005568029004356609, 78.63799818240243
household_demographics: 3.512948751449585e-05, 0.00438972189521285, 10.816546973033194
item: 0.005464168265461922, 0.006178843459704384, 44.16398671350794
promotion: 2.6027671992778778e-05, 0.004807676614790954, 7.817349746034672
store: 2.3781321942806244e-05, 0.005282364691756096, 39.14350421708597
store_returns: 36.877127600833774, 4.823819999020324, 15.242400554965908
store_sales: 288.85508783441037, 39.28017982542752, 36.61054178158363
web_returns: 11.326140539720654, 1.490926482537528, 12.398523028092045
web_sales: 109.34904180746526, 14.640451611579321, 21.69655764718248
web_site: 8.863396942615509e-06, 0.000616185696690147, 6.315821609303783
catalog_returns: 23.366260116919875, 3.0585328574509685, 4.521431184954318
catalog_sales: 217.0907397372648, 29.35339916778473, 4.971161833291973
customer: 0.6484093563631177, 0.0915113880883806, 24.46349883677173
customer_address: 0.18544994108378887, 0.031256843466631254, 25.660112869926024
customer_demographics: 0.012168197892606258, 0.007095807202409499, 12.64567835018262
date_dim: 0.0019952356815338135, 0.005568005778054448, 73.12231206326756
household_demographics: 3.512948751449585e-05, 0.004389721486274648, 10.816546973442133
item: 0.005464168265461922, 0.006178779851969034, 40.9729522077954
promotion: 2.6027671992778778e-05, 0.004807676311805908, 4.626315177017376
store: 2.3781321942806244e-05, 0.005282364414920545, 33.62781807500165
store_returns: 36.877127600833774, 4.823390716747356, 9.727143694877709
store_sales: 288.85508783441037, 39.2768172975754, 31.098218167074585
web_returns: 11.326140539720654, 1.4907946362774973, 6.882968731990912
web_sales: 109.34904180746526, 14.639178692340003, 16.182144424060642
web_site: 8.863396942615509e-06, 0.0006161855935123934, 0.8001354670457972
Function: 125.1993949404524, 10.14634362380028, 21.595168113708496, 83.18522046310726, 9.814829414412975, 0.3982644920950126, 0.059568833328384176
hiya: 0b111000111001100111111100, 125.1993949404524
catalog_returns: 23.366260116919875, 3.0585328574509685, 4.521431184954318
catalog_sales: 217.0907397372648, 29.35339916778473, 4.971161833291973
customer: 0.6484093563631177, 0.0915113880883806, 24.46349883677173
customer_address: 0.18544994108378887, 0.031256843466631254, 25.660112869926024
customer_demographics: 0.012168197892606258, 0.007095807202409499, 12.64567835018262
date_dim: 0.0019952356815338135, 0.005568005778054448, 73.12231206326756
household_demographics: 3.512948751449585e-05, 0.004389721486274648, 10.816546973442133
item: 0.005464168265461922, 0.006178779851969034, 40.9729522077954
promotion: 2.6027671992778778e-05, 0.004807676311805908, 4.626315177017376
store: 2.3781321942806244e-05, 0.005282364414920545, 33.62781807500165
store_returns: 36.877127600833774, 4.823390716747356, 9.727143694877709
store_sales: 288.85508783441037, 39.2768172975754, 31.098218167074585
web_returns: 11.326140539720654, 1.4907946362774973, 6.882968731990912
web_sales: 109.34904180746526, 14.639178692340003, 16.182144424060642
web_site: 8.863396942615509e-06, 0.0006161855935123934, 0.8001354670457972
catalog_returns: 23.366260116919875, 3.058428716625459, 4.521535325779828
catalog_sales: 217.0907397372648, 29.352431618475016, 4.972129382601686
customer: 0.6484093563631177, 0.09150849819991312, 24.463501726660198
customer_address: 0.18544994108378887, 0.031256016936846064, 24.8593620438165
customer_demographics: 0.012168197892606258, 0.007095752970103295, 12.645678404414927
date_dim: 0.0019952356815338135, 0.005567996885510673, 72.32156041952078
household_demographics: 3.512948751449585e-05, 0.004389721329706425, 10.816546973598701
item: 0.005464168265461922, 0.006178755498778107, 40.97295223214859
promotion: 2.6027671992778778e-05, 0.004807676195803466, 4.626315177133378
store: 2.3781321942806244e-05, 0.005282364308929835, 33.62781807510763
store_returns: 36.877127600833774, 4.823226359486436, 9.727308052138628
store_sales: 288.85508783441037, 39.27552990253874, 31.09950556211124
web_returns: 11.326140539720654, 1.4907441569273683, 6.082267558701732
web_sales: 109.34904180746526, 14.638691335808597, 15.381880127952742
Function: 125.9964653164149, 9.9933255926017, 22.548937797546387, 83.18521939100553, 9.814224298325776, 0.395199404372937, 0.05955883256258668
hiya: 0b11000111001100111111100, 125.9964653164149
catalog_returns: 23.366260116919875, 3.058428716625459, 4.521535325779828
catalog_sales: 217.0907397372648, 29.352431618475016, 4.972129382601686
customer: 0.6484093563631177, 0.09150849819991312, 24.463501726660198
customer_address: 0.18544994108378887, 0.031256016936846064, 24.8593620438165
customer_demographics: 0.012168197892606258, 0.007095752970103295, 12.645678404414927
date_dim: 0.0019952356815338135, 0.005567996885510673, 72.32156041952078
household_demographics: 3.512948751449585e-05, 0.004389721329706425, 10.816546973598701
item: 0.005464168265461922, 0.006178755498778107, 40.97295223214859
promotion: 2.6027671992778778e-05, 0.004807676195803466, 4.626315177133378
store: 2.3781321942806244e-05, 0.005282364308929835, 33.62781807510763
store_returns: 36.877127600833774, 4.823226359486436, 9.727308052138628
store_sales: 288.85508783441037, 39.27552990253874, 31.09950556211124
web_returns: 11.326140539720654, 1.4907441569273683, 6.082267558701732
web_sales: 109.34904180746526, 14.638691335808597, 15.381880127952742
catalog_sales: 217.0907397372648, 29.342845182605146, -2.469506601921676
customer: 0.6484093563631177, 0.09147986531248678, 24.4336946425717
customer_address: 0.18544994108378887, 0.031247827716203012, 24.829534516061216
customer_demographics: 0.012168197892606258, 0.007095215638806297, 12.645678941746224
date_dim: 0.0019952356815338135, 0.005567908778579307, 64.74159646522243
household_demographics: 3.512948751449585e-05, 0.004389719778435378, 10.816546975149972
item: 0.005464168265461922, 0.0061785142084369235, 38.74874612673239
promotion: 2.6027671992778778e-05, 0.004807675046456383, 4.626315178282725
store: 2.3781321942806244e-05, 0.005282363258778558, 33.62781807615779
store_returns: 36.877127600833774, 4.821597914997103, 2.1788081711986047
store_sales: 288.85508783441037, 39.26277444931876, 23.661038594937985
web_returns: 11.326140539720654, 1.490244009753571, -1.4673606195538302
web_sales: 109.34904180746526, 14.633862628798855, 7.935486414569247
customer: 0.6484093563631177, 0.0913276740137311, 15.61250659236793
customer_address: 0.18544994108378887, 0.031204299862832706, 14.634939387836408
customer_demographics: 0.012168197892606258, 0.007092359582176918, 8.37874758628409
date_dim: 0.0019952356815338135, 0.0055674404671542535, 37.84537496265066
household_demographics: 3.512948751449585e-05, 0.004389711533023314, 10.816546983395385
item: 0.005464168265461922, 0.0061772316870532026, 19.435590631077943
promotion: 2.6027671992778778e-05, 0.004807668937375499, 3.517332021084298
store: 2.3781321942806244e-05, 0.005282357676949368, 27.586392222357865
store_returns: 36.877127600833774, 4.81294230586859, -2.6153040193864943
store_sales: 288.85508783441037, 39.19497587340634, 0.7559790979762724
web_sales: 109.34904180746526, 14.608196785875627, -9.844858196205365
customer: 0.6484093563631177, 0.09127544241396846, 12.005056986107745
customer_address: 0.18544994108378887, 0.031189361233394934, 12.463646491893847
customer_demographics: 0.012168197892606258, 0.007091379392061026, 8.378748566474206
date_dim: 0.0019952356815338135, 0.005567279744070098, 31.991578112167193
household_demographics: 3.512948751449585e-05, 0.004389708703222489, 10.816546986225186
item: 0.005464168265461922, 0.006176791529539933, 17.506266721957246
promotion: 2.6027671992778778e-05, 0.004807666840757161, 3.5173320231809164
store: 2.3781321942806244e-05, 0.005282355761282239, 25.38875393779144
store_sales: 288.85508783441037, 39.17170760438908, -5.273416865850571
customer: 0.6484093563631177, 0.09113688489336552, -0.09113688489336552
customer had no query dependencies
customer_address: 0.18544994108378887, 0.03114973274287368, -0.03114973274287368
customer_address had no query dependencies
customer_demographics: 0.012168197892606258, 0.007088779190022515, -0.007088779190022515
customer_demographics had no query dependencies
date_dim: 0.0019952356815338135, 0.005566853385464475, -0.005566853385464475
date_dim had no query dependencies
household_demographics: 3.512948751449585e-05, 0.0043897011964605295, -0.0043897011964605295
household_demographics had no query dependencies
item: 0.005464168265461922, 0.006175623900480313, -0.006175623900480313
item had no query dependencies
promotion: 2.6027671992778778e-05, 0.004807661278947075, -0.004807661278947075
promotion had no query dependencies
store: 2.3781321942806244e-05, 0.005282350679490971, -0.005282350679490971
store had no query dependencies
Function: 107.87771701812744, 0, 107.87771701812744, 0.0, 0, 0.0, 0
hiya: 0b0, 107.87771701812744
{106.40384943468206: [0, 1, 2, 3, 4, 5, 6, 7, 8, 9, 10, 11, 12, 13, 14, 15, 16, 17, 18, 19, 21, 22, 23], 107.49979523202461: [0, 1, 2, 3, 4, 5, 6, 7, 8, 9, 11, 12, 13, 14, 15, 16, 17, 18, 19, 21, 22, 23], 109.47801807400728: [1, 2, 3, 4, 5, 6, 7, 8, 9, 11, 12, 13, 14, 15, 16, 17, 18, 19, 21, 22, 23], 111.0987242149117: [1, 2, 3, 4, 5, 6, 7, 8, 9, 11, 12, 13, 15, 16, 17, 18, 19, 21, 22, 23], 111.76624679718763: [1, 2, 3, 4, 5, 6, 7, 8, 9, 11, 12, 13, 15, 16, 17, 18, 21, 22, 23], 113.76844667893619: [1, 2, 3, 4, 5, 6, 7, 8, 9, 11, 12, 15, 16, 17, 18, 21, 22, 23], 116.58444682847676: [1, 2, 3, 4, 5, 6, 7, 8, 9, 11, 12, 15, 16, 17, 21, 22, 23], 119.69678652435789: [1, 2, 3, 4, 5, 6, 7, 8, 11, 12, 15, 16, 17, 21, 22, 23], 125.1993949404524: [2, 3, 4, 5, 6, 7, 8, 11, 12, 15, 16, 17, 21, 22, 23], 125.9964653164149: [2, 3, 4, 5, 6, 7, 8, 11, 12, 15, 16, 17, 21, 22], 107.87771701812744: []}
[0, 1, 2, 3, 4, 5, 6, 7, 8, 9, 10, 11, 12, 13, 14, 15, 16, 17, 18, 19, 21, 22, 23]
{'68': 164272, '16': 173, '80': 14915726, '06': 133296, '08': 164016, '22': 527488, '49': 6488204, '07': 137408, '52': 133248, '20': 2184, '58': 4327560, '26': 6344, '71': 4589704, '87': 4325528, '03': 133248, '62': 13123712, '51': 4325504, '02': 4194440, '42': 133248, '19': 166064, '37': 3208, '66': 4997256, '98': 133248, '33': 4327592, '95': 14680224, '93': 204800, '82': 134272, '45': 4196528, '65': 166016, '46': 164272, '47': 166016, '34': 164240, '32': 2184, '81': 180, '55': 133248, '56': 4327592, '92': 4196480, '88': 426240, '94': 14680224, '99': 540809, '53': 166016, '05': 14909582, '59': 163968, '54': 4360376, '61': 170160, '09': 139264, '72': 531916, '40': 526476, '13': 164320, '28': 131072, '04': 4325528, '86': 4196480, '83': 2164868, '18': 2296, '21': 527488, '39': 527488, '11': 4325520, '30': 2097328, '96': 426240, '35': 4325624, '14': 4327560, '36': 166016, '29': 231560, '74': 4325520, '63': 166016, '75': 6490252, '84': 66416, '12': 4196480, '91': 501, '57': 2185, '43': 163968, '15': 184, '70': 163968, '50': 229504, '89': 166016, '38': 4325528, '76': 4327560, '23': 4327576, '97': 131208, '24': 231472, '60': 4327592, '79': 164240, '31': 4325536, '25': 231560, '64': 236540, '78': 6488204, '69': 4325624, '48': 164064, '27': 166080, '10': 4325624, '17': 231560, '44': 133120, '73': 164240, '01': 98448}
Best Cost: $106.40384943468206;
[0, 1, 2, 3, 4, 5, 6, 7, 8, 9, 10, 11, 12, 13, 14, 15, 16, 17, 18, 19, 21, 22, 23]
{}
{'68': 164272, '16': 173, '80': 14915726, '06': 133296, '08': 164016, '22': 527488, '49': 6488204, '07': 137408, '52': 133248, '20': 2184, '58': 4327560, '26': 6344, '71': 4589704, '87': 4325528, '03': 133248, '62': 13123712, '51': 4325504, '02': 4194440, '42': 133248, '19': 166064, '37': 3208, '66': 4997256, '98': 133248, '33': 4327592, '95': 14680224, '93': 204800, '82': 134272, '45': 4196528, '65': 166016, '46': 164272, '47': 166016, '34': 164240, '32': 2184, '81': 180, '55': 133248, '56': 4327592, '92': 4196480, '88': 426240, '94': 14680224, '99': 540809, '53': 166016, '05': 14909582, '59': 163968, '54': 4360376, '61': 170160, '09': 139264, '72': 531916, '40': 526476, '13': 164320, '28': 131072, '04': 4325528, '86': 4196480, '83': 2164868, '18': 2296, '21': 527488, '39': 527488, '11': 4325520, '30': 2097328, '96': 426240, '35': 4325624, '14': 4327560, '36': 166016, '29': 231560, '74': 4325520, '63': 166016, '75': 6490252, '84': 66416, '12': 4196480, '91': 501, '57': 2185, '43': 163968, '15': 184, '70': 163968, '50': 229504, '89': 166016, '38': 4325528, '76': 4327560, '23': 4327576, '97': 131208, '24': 231472, '60': 4327592, '79': 164240, '31': 4325536, '25': 231560, '64': 236540, '78': 6488204, '69': 4325624, '48': 164064, '27': 166080, '10': 4325624, '17': 231560, '44': 133120, '73': 164240, '01': 98448}
{'68': 164272, '16': 173, '80': 14915726, '06': 133296, '08': 164016, '22': 527488, '49': 6488204, '07': 137408, '52': 133248, '20': 2184, '58': 4327560, '26': 6344, '71': 4589704, '87': 4325528, '03': 133248, '62': 13123712, '51': 4325504, '02': 4194440, '42': 133248, '19': 166064, '37': 3208, '66': 4997256, '98': 133248, '33': 4327592, '95': 14680224, '93': 204800, '82': 134272, '45': 4196528, '65': 166016, '46': 164272, '47': 166016, '34': 164240, '32': 2184, '81': 180, '55': 133248, '56': 4327592, '92': 4196480, '88': 426240, '94': 14680224, '99': 540809, '53': 166016, '05': 14909582, '59': 163968, '54': 4360376, '61': 170160, '09': 139264, '72': 531916, '40': 526476, '13': 164320, '28': 131072, '04': 4325528, '86': 4196480, '83': 2164868, '18': 2296, '21': 527488, '39': 527488, '11': 4325520, '30': 2097328, '96': 426240, '35': 4325624, '14': 4327560, '36': 166016, '29': 231560, '74': 4325520, '63': 166016, '75': 6490252, '84': 66416, '12': 4196480, '91': 501, '57': 2185, '43': 163968, '15': 184, '70': 163968, '50': 229504, '89': 166016, '38': 4325528, '76': 4327560, '23': 4327576, '97': 131208, '24': 231472, '60': 4327592, '79': 164240, '31': 4325536, '25': 231560, '64': 236540, '78': 6488204, '69': 4325624, '48': 164064, '27': 166080, '10': 4325624, '17': 231560, '44': 133120, '73': 164240, '01': 98448}
[0, 1, 2, 3, 4, 5, 6, 7, 8, 9, 10, 11, 12, 13, 14, 15, 16, 17, 18, 19, 21, 22, 23]
23
Optimal Subset: 0b111011111111111111111111
Function: 106.40384943468206, 11.641652892233136, 1.2102031707763672, 83.21532730409324, 9.848078327944277, 0.4289174011239231, 0.05967033851111533
106.40384943468206
Real: 106.40384943468206, 11.641652892233136, 1.2102031707763672, 83.21532730409324, 9.848078327944277, 0.4289174011239231, 0.05967033851111533
Num Redshift Qs: 94; Num GCP Qs: 2
Redshift Qs: $11.641652892233136; GCP Qs: $1.2102031707763672; Movement Cost: $83.21532730409324
Load Cost: $9.848078327944277, Storage Cost: $0.4289174011239231, API Cost: $0.05967033851111533
Final cost: $106.40384943468206, BQ Baseline: $107.87771701812744, Diff: $1.473867583445383, %: 1.366239130920539%
