Egress: $0.12/GB
Benchmark: tpcds
Data Path: parquet_2000/internal_rs1
BigQuery Cost: $5/TB; DuckDB Cost: $1.48/hr; Redshift Cost: $1.086/hr
Use Duck: False
Excluded Table: catalog_sales
Excluded Query: None

Starting analysis without using DuckDB
Redshift Total: $7.27899628924648, Redshift-Calcite Total: $6.158634711249669, BigQuery Total: $51.871256828308105
!!!!!!: 46.082425834710186
Excluding table catalog_sales and any queries that depend on it
Total Keys: 60, Keys Considered: 58
-0.04525351651538756
call_center: 5.735084414482117e-06, 0.005376687509055865, 0.04802180214858459
catalog_page: 0.0006659524515271187, 0.0050712688957955864, -0.0050712688957955864
catalog_page had no query dependencies
catalog_returns: 23.366260116919875, 3.052641281048578, -2.870501169378879
customer: 0.6484093563631177, 0.09134789794302045, 15.74062601726397
customer_address: 0.18544994108378887, 0.031210084058354237, 16.040985219889173
customer_demographics: 0.012168197892606258, 0.007092739109047319, 8.931328063190533
date_dim: 0.0019952356815338135, 0.005567502698682752, 39.802603457987125
household_demographics: 3.512948751449585e-05, 0.0043897126287142756, 12.12306645688157
income_band: 6.137415766716003e-07, 0.003414421387995356, 0.01860763060402366
inventory: 0.24701470416039228, 0.03760558636987707, 0.18555201346869762
item: 0.005464168265461922, 0.006177402114810824, 19.757653965524884
promotion: 2.6027671992778778e-05, 0.004807669749180252, 3.5173320202724936
reason: 1.2423843145370483e-06, 0.0047348165221717895, 2.4852341757885905
ship_mode: 1.5795230865478516e-06, 0.004709163799343599, 0.24642632463767322
store: 2.3781321942806244e-05, 0.005282358418690319, 28.6666712409258
store_returns: 36.877127600833774, 4.814092505836673, -1.2337190353693437
store_sales: 288.85508783441037, 39.20398528206756, 4.048154044254112
time_dim: 0.0012104213237762451, 0.0019424096156341103, 1.2291565233165838
warehouse: 2.3292377591133118e-06, 0.0004457576065492305, 0.2657506725667684
web_page: 1.0661780834197998e-05, 0.0015543719721755691, 0.6264258564340153
web_returns: 11.326140539720654, 1.4879388595293108, -0.08823759687047628
web_sales: 109.34904180746526, 14.61160738948224, -8.168401430329462
web_site: 8.863396942615509e-06, 0.0006161833586926143, 1.0512709577176338
-0.04522808635614408
call_center: 5.735084414482117e-06, 0.005376686935941468, -0.005376686935941468
call_center had no query dependencies
customer: 0.6484093563631177, 0.0912831015581005, 12.005049326963611
customer_address: 0.18544994108378887, 0.031191551806085013, 12.463644301321157
customer_demographics: 0.012168197892606258, 0.007091523125306964, 8.37874842274096
date_dim: 0.0019952356815338135, 0.005567303312202655, 32.214735688437635
household_demographics: 3.512948751449585e-05, 0.004389709118179191, 11.896826005119907
income_band: 6.137415766716003e-07, 0.003414421326663367, -0.003414421326663367
income_band had no query dependencies
inventory: 0.24701470416039228, 0.03758090187127353, 0.18557669796730117
item: 0.005464168265461922, 0.006176856073414718, 17.729424257251942
promotion: 2.6027671992778778e-05, 0.004807667148201355, 3.5173320228734726
reason: 1.2423843145370483e-06, 0.004734816398018719, 0.7462666341720082
ship_mode: 1.5795230865478516e-06, 0.004709163641499816, -0.004709163641499816
ship_mode had no query dependencies
store: 2.3781321942806244e-05, 0.005282356042192085, 26.4690329568202
store_sales: 288.85508783441037, 39.17511961985321, -3.237451753332735
time_dim: 0.0012104213237762451, 0.0019422886566669993, 1.0783367306530127
warehouse: 2.3292377591133118e-06, 0.0004457573737854912, 0.014615184362515294
web_page: 1.0661780834197998e-05, 0.0015543709067300322, -0.0015543709067300322
web_page had no query dependencies
web_site: 8.863396942615509e-06, 0.0006161824729619036, -0.0006161824729619036
web_site had no query dependencies
-0.04517081981825953
customer: 0.6484093563631177, 0.09113718565579437, -0.09113718565579437
customer had no query dependencies
customer_address: 0.18544994108378887, 0.03114981876318502, -0.03114981876318502
customer_address had no query dependencies
customer_demographics: 0.012168197892606258, 0.007088784834198863, -0.007088784834198863
customer_demographics had no query dependencies
date_dim: 0.0019952356815338135, 0.005566854310947619, 0.009494087425353168
household_demographics: 3.512948751449585e-05, 0.004389701212755221, -0.004389701212755221
household_demographics had no query dependencies
inventory: 0.24701470416039228, 0.037525314497206926, -0.02246437276090614
item: 0.005464168265461922, 0.0061756264350157925, 0.008885315301284993
promotion: 2.6027671992778778e-05, 0.00480766129101992, -0.00480766129101992
promotion had no query dependencies
reason: 1.2423843145370483e-06, 0.004734816118436652, -0.004734816118436652
reason had no query dependencies
store: 2.3781321942806244e-05, 0.005282350690521855, -0.005282350690521855
store had no query dependencies
time_dim: 0.0012104213237762451, 0.001942016267445752, -0.001942016267445752
time_dim had no query dependencies
warehouse: 2.3292377591133118e-06, 0.0004457568496215106, 0.014615184886679275
date_dim: 0.0019952356815338135, 0.005566850968646823, -0.005566850968646823
date_dim had no query dependencies
item: 0.005464168265461922, 0.006175617281764319, -0.006175617281764319
item had no query dependencies
warehouse: 2.3292377591133118e-06, 0.0004457568457197092, -0.0004457568457197092
warehouse had no query dependencies
{}
{}
STARTING PHASE 2: 0b0
----
[]
Function: 51.871256828308105, 0, 51.871256828308105, 0.0, 0, 0.0, 0
{51.871256828308105: []}
[]
{}
Best Cost: $51.871256828308105;
[]
{}
{}
{}
[]
0
Optimal Subset: 0b0
Function: 51.871256828308105, 0, 51.871256828308105, 0.0, 0, 0.0, 0
51.871256828308105
Real: 51.871256828308105, 0, 51.871256828308105, 0.0, 0, 0.0, 0
Num Redshift Qs: 0; Num GCP Qs: 60
Redshift Qs: $0; GCP Qs: $51.871256828308105; Movement Cost: $0.0
Load Cost: $0, Storage Cost: $0.0, API Cost: $0
Final cost: $51.871256828308105, BQ Baseline: $51.871256828308105, Diff: $0.0, %: 0.0%
