Egress: $0.12/GB
Benchmark: tpcds
Data Path: parquet_2000/internal_rs1
BigQuery Cost: $5/TB; DuckDB Cost: $1.48/hr; Redshift Cost: $1.086/hr
Use Duck: False
Excluded Table: customer_address
Excluded Query: None

Starting analysis without using DuckDB
Redshift Total: $13.046662583714324, Redshift-Calcite Total: $12.007965804506942, BigQuery Total: $78.57693672180176
!!!!!!: 67.63830347871024
Excluding table customer_address and any queries that depend on it
Total Keys: 70, Keys Considered: 68
-0.04531478628497934
call_center: 5.735084414482117e-06, 0.00537668888988037, 0.9776291028000718
catalog_page: 0.0006659524515271187, 0.005071429235800696, 5.510614713125363
catalog_returns: 23.366260116919875, 3.058267127545493, 13.761484992435557
catalog_sales: 217.0907397372648, 29.350930330176087, 8.2771426177715
customer: 0.6484093563631177, 0.0915040141331086, 10.084091624418203
customer_demographics: 0.012168197892606258, 0.007095668821082765, 5.977069928725018
date_dim: 0.0019952356815338135, 0.00556798308748324, 62.4876825385362
household_demographics: 3.512948751449585e-05, 0.004389721086768893, 5.950752530370605
income_band: 6.137415766716003e-07, 0.0034144215357646557, -0.0034144215357646557
income_band had no query dependencies
inventory: 0.24701470416039228, 0.03766505959328268, 1.097649049528676
item: 0.005464168265461922, 0.006178717711390721, 35.911542411302705
promotion: 2.6027671992778778e-05, 0.004807676015809425, 7.213289136931384
reason: 1.2423843145370483e-06, 0.004734816821298111, 2.0080738607058115
ship_mode: 1.5795230865478516e-06, 0.004709164179642131, 2.1263819888344613
store: 2.3781321942806244e-05, 0.0052823641444704, 28.255776671544965
store_returns: 36.877127600833774, 4.822971336171152, 17.677890806653977
store_sales: 288.85508783441037, 39.27353232878698, 20.896554984695385
time_dim: 0.0012104213237762451, 0.0019427010462922509, 4.345581964861726
warehouse: 2.3292377591133118e-06, 0.0004457581673550258, 3.6196297619459536
web_page: 1.0661780834197998e-05, 0.001554374539190661, 2.429279765910969
web_returns: 11.326140539720654, 1.490665831143943, 13.855162863474202
web_sales: 109.34904180746526, 14.637935133875878, 17.004460336300266
web_site: 8.863396942615509e-06, 0.000616185492714507, 5.766205445305466
-0.045314761151268805
call_center: 5.735084414482117e-06, 0.005376688889313937, 0.9776291028006382
catalog_page: 0.0006659524515271187, 0.005071429170026999, 5.510614713191137
catalog_returns: 23.366260116919875, 3.0582648197451148, 13.761487300235935
catalog_sales: 217.0907397372648, 29.350908888914677, 8.27716405903291
customer: 0.6484093563631177, 0.09150395009207891, 10.084091688459234
customer_demographics: 0.012168197892606258, 0.007095667619274193, 5.977069929926826
date_dim: 0.0019952356815338135, 0.0055679828904210815, 62.48768253873326
household_demographics: 3.512948751449585e-05, 0.004389721083299282, 5.950752530374074
inventory: 0.24701470416039228, 0.03766503519654033, 1.097649073925418
item: 0.005464168265461922, 0.0061787171717147295, 35.91154241184238
promotion: 2.6027671992778778e-05, 0.004807676013238766, 7.2132891369339545
reason: 1.2423843145370483e-06, 0.004734816821175406, 2.008073860705934
ship_mode: 1.5795230865478516e-06, 0.004709164179486127, 2.126381988834617
store: 2.3781321942806244e-05, 0.005282364142121606, 28.255776671547313
store_returns: 36.877127600833774, 4.822967693951618, 17.67789444887351
store_sales: 288.85508783441037, 39.273503799622375, 20.896583513859987
time_dim: 0.0012104213237762451, 0.0019427009267433469, 4.3455819649812755
warehouse: 2.3292377591133118e-06, 0.00044575816712497546, 3.6196297619461837
web_page: 1.0661780834197998e-05, 0.0015543745381376357, 2.4292797659120224
web_returns: 11.326140539720654, 1.4906647125023078, 13.855163982115837
web_sales: 109.34904180746526, 14.637924333869424, 17.00447113630672
web_site: 8.863396942615509e-06, 0.0006161854918391016, 5.766205445306341
{}
{}
STARTING PHASE 2: 0b111111111111110111011111
----
[0, 1, 2, 3, 4, 6, 7, 8, 10, 11, 12, 13, 14, 15, 16, 17, 18, 19, 20, 21, 22, 23]
Function: 104.41893360506961, 9.728430072315136, 1.2102031707763672, 83.19289680369707, 9.837347636899946, 0.3904116048767257, 0.059644316504356275
-0.045314761151268805
call_center: 5.735084414482117e-06, 0.005376688889313937, 0.9776291028006382
catalog_page: 0.0006659524515271187, 0.005071429170026999, 5.510614713191137
catalog_returns: 23.366260116919875, 3.0582648197451148, 13.761487300235935
catalog_sales: 217.0907397372648, 29.350908888914677, 8.27716405903291
customer: 0.6484093563631177, 0.09150395009207891, 10.084091688459234
customer_demographics: 0.012168197892606258, 0.007095667619274193, 5.977069929926826
date_dim: 0.0019952356815338135, 0.0055679828904210815, 62.48768253873326
household_demographics: 3.512948751449585e-05, 0.004389721083299282, 5.950752530374074
inventory: 0.24701470416039228, 0.03766503519654033, 1.097649073925418
item: 0.005464168265461922, 0.0061787171717147295, 35.91154241184238
promotion: 2.6027671992778778e-05, 0.004807676013238766, 7.2132891369339545
reason: 1.2423843145370483e-06, 0.004734816821175406, 2.008073860705934
ship_mode: 1.5795230865478516e-06, 0.004709164179486127, 2.126381988834617
store: 2.3781321942806244e-05, 0.005282364142121606, 28.255776671547313
store_returns: 36.877127600833774, 4.822967693951618, 17.67789444887351
store_sales: 288.85508783441037, 39.273503799622375, 20.896583513859987
time_dim: 0.0012104213237762451, 0.0019427009267433469, 4.3455819649812755
warehouse: 2.3292377591133118e-06, 0.00044575816712497546, 3.6196297619461837
web_page: 1.0661780834197998e-05, 0.0015543745381376357, 2.4292797659120224
web_returns: 11.326140539720654, 1.4906647125023078, 13.855163982115837
web_sales: 109.34904180746526, 14.637924333869424, 17.00447113630672
web_site: 8.863396942615509e-06, 0.0006161854918391016, 5.766205445306341
-0.04531427807844766
catalog_page: 0.0006659524515271187, 0.0050714279058489365, 5.510614714455315
catalog_returns: 23.366260116919875, 3.058220463555158, 13.761531656425891
catalog_sales: 217.0907397372648, 29.350496785392703, 7.294570370864928
customer: 0.6484093563631177, 0.09150271921608778, 10.084092919335225
customer_demographics: 0.012168197892606258, 0.007095644520374564, 5.977069953025726
date_dim: 0.0019952356815338135, 0.005567979102863618, 61.50467675083085
household_demographics: 3.512948751449585e-05, 0.004389721016612948, 5.95075253044076
inventory: 0.24701470416039228, 0.03766456628833316, 1.0976495428336253
item: 0.005464168265461922, 0.006178706799079814, 35.433218870543115
promotion: 2.6027671992778778e-05, 0.0048076759638304165, 7.213289136983363
reason: 1.2423843145370483e-06, 0.004734816818816987, 2.0080738607082926
ship_mode: 1.5795230865478516e-06, 0.004709164176487718, 1.6216997488195657
store: 2.3781321942806244e-05, 0.005282364096977504, 28.255776671592457
store_returns: 36.877127600833774, 4.822897690071291, 17.677964452753837
store_sales: 288.85508783441037, 39.27295546578197, 20.897131847700393
time_dim: 0.0012104213237762451, 0.001942698628999596, 4.345581967279019
warehouse: 2.3292377591133118e-06, 0.0004457581627033816, 3.1149475219325558
web_page: 1.0661780834197998e-05, 0.0015543745178983688, 2.4292797659322614
web_returns: 11.326140539720654, 1.490643212080814, 13.855185482537332
web_sales: 109.34904180746526, 14.637716756497364, 17.00467871367878
web_site: 8.863396942615509e-06, 0.0006161854750137083, 5.766205445323166
Function: 105.3952570863346, 9.668364117178918, 2.253274917602539, 83.19289610999081, 9.83198163997173, 0.38910598558175563, 0.059634316008844994
hiya: 0b111111111111110111011110, 105.3952570863346
-0.04531427807844766
catalog_page: 0.0006659524515271187, 0.0050714279058489365, 5.510614714455315
catalog_returns: 23.366260116919875, 3.058220463555158, 13.761531656425891
catalog_sales: 217.0907397372648, 29.350496785392703, 7.294570370864928
customer: 0.6484093563631177, 0.09150271921608778, 10.084092919335225
customer_demographics: 0.012168197892606258, 0.007095644520374564, 5.977069953025726
date_dim: 0.0019952356815338135, 0.005567979102863618, 61.50467675083085
household_demographics: 3.512948751449585e-05, 0.004389721016612948, 5.95075253044076
inventory: 0.24701470416039228, 0.03766456628833316, 1.0976495428336253
item: 0.005464168265461922, 0.006178706799079814, 35.433218870543115
promotion: 2.6027671992778778e-05, 0.0048076759638304165, 7.213289136983363
reason: 1.2423843145370483e-06, 0.004734816818816987, 2.0080738607082926
ship_mode: 1.5795230865478516e-06, 0.004709164176487718, 1.6216997488195657
store: 2.3781321942806244e-05, 0.005282364096977504, 28.255776671592457
store_returns: 36.877127600833774, 4.822897690071291, 17.677964452753837
store_sales: 288.85508783441037, 39.27295546578197, 20.897131847700393
time_dim: 0.0012104213237762451, 0.001942698628999596, 4.345581967279019
warehouse: 2.3292377591133118e-06, 0.0004457581627033816, 3.1149475219325558
web_page: 1.0661780834197998e-05, 0.0015543745178983688, 2.4292797659322614
web_returns: 11.326140539720654, 1.490643212080814, 13.855185482537332
web_sales: 109.34904180746526, 14.637716756497364, 17.00467871367878
web_site: 8.863396942615509e-06, 0.0006161854750137083, 5.766205445323166
catalog_page: 0.0006659524515271187, 0.005071426499064842, 5.510614715862099
catalog_returns: 23.366260116919875, 3.0581711037502544, 12.955636400479289
catalog_sales: 217.0907397372648, 29.350038194394134, 6.382872452580113
customer: 0.6484093563631177, 0.09150134949071592, 10.084094289060596
customer_demographics: 0.012168197892606258, 0.007095618815795781, 5.1711253629788
date_dim: 0.0019952356815338135, 0.005567974888049459, 60.369362645923715
household_demographics: 3.512948751449585e-05, 0.00438972094240404, 5.144807914763463
item: 0.005464168265461922, 0.006178695256356323, 34.297904772963875
promotion: 2.6027671992778778e-05, 0.004807675908848541, 6.407344521286841
reason: 1.2423843145370483e-06, 0.004734816816192525, 2.008073860710917
ship_mode: 1.5795230865478516e-06, 0.004709164173151071, 1.6216997488229024
store: 2.3781321942806244e-05, 0.005282364046740906, 28.255776671642693
store_returns: 36.877127600833774, 4.8228197893796665, 17.678042353445463
store_sales: 288.85508783441037, 39.272345276958006, 20.689645378422085
time_dim: 0.0012104213237762451, 0.0019426960720580874, 4.34558196983596
warehouse: 2.3292377591133118e-06, 0.0004457581577830084, 2.2939419644496706
web_page: 1.0661780834197998e-05, 0.0015543744953760044, 2.429279765954784
web_returns: 11.326140539720654, 1.4906192862970318, 13.855209408321114
web_sales: 109.34904180746526, 14.637485763289934, 17.00490970688621
web_site: 8.863396942615509e-06, 0.0006161854562903206, 5.76620544534189
Function: 106.49121753205036, 9.603402805158298, 3.453550338745117, 83.16301762306674, 9.824129926537273, 0.3875138646045307, 0.05960297393840553
hiya: 0b111111111111100111011110, 106.49121753205036
catalog_page: 0.0006659524515271187, 0.005071426499064842, 5.510614715862099
catalog_returns: 23.366260116919875, 3.0581711037502544, 12.955636400479289
catalog_sales: 217.0907397372648, 29.350038194394134, 6.382872452580113
customer: 0.6484093563631177, 0.09150134949071592, 10.084094289060596
customer_demographics: 0.012168197892606258, 0.007095618815795781, 5.1711253629788
date_dim: 0.0019952356815338135, 0.005567974888049459, 60.369362645923715
household_demographics: 3.512948751449585e-05, 0.00438972094240404, 5.144807914763463
item: 0.005464168265461922, 0.006178695256356323, 34.297904772963875
promotion: 2.6027671992778778e-05, 0.004807675908848541, 6.407344521286841
reason: 1.2423843145370483e-06, 0.004734816816192525, 2.008073860710917
ship_mode: 1.5795230865478516e-06, 0.004709164173151071, 1.6216997488229024
store: 2.3781321942806244e-05, 0.005282364046740906, 28.255776671642693
store_returns: 36.877127600833774, 4.8228197893796665, 17.678042353445463
store_sales: 288.85508783441037, 39.272345276958006, 20.689645378422085
time_dim: 0.0012104213237762451, 0.0019426960720580874, 4.34558196983596
warehouse: 2.3292377591133118e-06, 0.0004457581577830084, 2.2939419644496706
web_page: 1.0661780834197998e-05, 0.0015543744953760044, 2.429279765954784
web_returns: 11.326140539720654, 1.4906192862970318, 13.855209408321114
web_sales: 109.34904180746526, 14.637485763289934, 17.00490970688621
web_site: 8.863396942615509e-06, 0.0006161854562903206, 5.76620544534189
catalog_page: 0.0006659524515271187, 0.005071425536907716, 5.510614716824255
catalog_returns: 23.366260116919875, 3.058137344562774, 12.95567015966677
catalog_sales: 217.0907397372648, 29.34972454527158, 5.007912677143633
customer: 0.6484093563631177, 0.09150041267956531, 10.084095225871748
customer_demographics: 0.012168197892606258, 0.00709560123538403, 5.171125380559212
date_dim: 0.0019952356815338135, 0.005567972005365833, 58.742953735810346
household_demographics: 3.512948751449585e-05, 0.004389720891649535, 5.144807914814218
item: 0.005464168265461922, 0.0061786873618160775, 34.29790478085842
promotion: 2.6027671992778778e-05, 0.004807675871244189, 6.407344521324446
reason: 1.2423843145370483e-06, 0.004734816814397549, 2.008073860712712
store: 2.3781321942806244e-05, 0.0052823640123820445, 28.255776671677054
store_returns: 36.877127600833774, 4.8227665099135395, 17.67809563291159
store_sales: 288.85508783441037, 39.27192794388819, 20.690062711491905
time_dim: 0.0012104213237762451, 0.0019426943232613097, 2.970308547025721
warehouse: 2.3292377591133118e-06, 0.00044575815441776404, 0.6675330514569823
web_page: 1.0661780834197998e-05, 0.0015543744799720392, 2.429279765970188
web_returns: 11.326140539720654, 1.4906029224758643, 13.855225772142282
web_sales: 109.34904180746526, 14.637327777596687, 15.378658779583402
web_site: 8.863396942615509e-06, 0.0006161854434846309, 5.515069956917679
Function: 108.11192394096335, 9.558301975417535, 5.125060081481934, 83.16301743201026, 9.819430952933626, 0.3865205253180474, 0.05959297380193474
hiya: 0b111111111011100111011110, 108.11192394096335
catalog_page: 0.0006659524515271187, 0.005071425536907716, 5.510614716824255
catalog_returns: 23.366260116919875, 3.058137344562774, 12.95567015966677
catalog_sales: 217.0907397372648, 29.34972454527158, 5.007912677143633
customer: 0.6484093563631177, 0.09150041267956531, 10.084095225871748
customer_demographics: 0.012168197892606258, 0.00709560123538403, 5.171125380559212
date_dim: 0.0019952356815338135, 0.005567972005365833, 58.742953735810346
household_demographics: 3.512948751449585e-05, 0.004389720891649535, 5.144807914814218
item: 0.005464168265461922, 0.0061786873618160775, 34.29790478085842
promotion: 2.6027671992778778e-05, 0.004807675871244189, 6.407344521324446
reason: 1.2423843145370483e-06, 0.004734816814397549, 2.008073860712712
store: 2.3781321942806244e-05, 0.0052823640123820445, 28.255776671677054
store_returns: 36.877127600833774, 4.8227665099135395, 17.67809563291159
store_sales: 288.85508783441037, 39.27192794388819, 20.690062711491905
time_dim: 0.0012104213237762451, 0.0019426943232613097, 2.970308547025721
warehouse: 2.3292377591133118e-06, 0.00044575815441776404, 0.6675330514569823
web_page: 1.0661780834197998e-05, 0.0015543744799720392, 2.429279765970188
web_returns: 11.326140539720654, 1.4906029224758643, 13.855225772142282
web_sales: 109.34904180746526, 14.637327777596687, 15.378658779583402
web_site: 8.863396942615509e-06, 0.0006161854434846309, 5.515069956917679
catalog_page: 0.0006659524515271187, 0.0050714255267721884, 5.510614716834391
catalog_returns: 23.366260116919875, 3.058136988937715, 12.28769170568043
catalog_sales: 217.0907397372648, 29.349721241238036, 4.339937171565772
customer: 0.6484093563631177, 0.0915004028110363, 10.084095235740277
customer_demographics: 0.012168197892606258, 0.007095601050188963, 5.171125380744407
date_dim: 0.0019952356815338135, 0.0055679719749991505, 58.07497492622932
household_demographics: 3.512948751449585e-05, 0.004389720891114879, 5.144807914814753
item: 0.005464168265461922, 0.006178687278653639, 33.62992597133018
promotion: 2.6027671992778778e-05, 0.0048076758708480586, 6.407344521324842
reason: 1.2423843145370483e-06, 0.00473481681437864, 2.008073860712731
store: 2.3781321942806244e-05, 0.005282364012020102, 28.255776671677413
store_returns: 36.877127600833774, 4.822765948658524, 17.678096194166603
store_sales: 288.85508783441037, 39.271923547630195, 20.690067107749897
time_dim: 0.0012104213237762451, 0.0019426943048391852, 2.970308547044143
web_page: 1.0661780834197998e-05, 0.0015543744798097712, 2.42927976597035
web_returns: 11.326140539720654, 1.490602750096571, 13.855225944521575
web_sales: 109.34904180746526, 14.637326113348353, 15.378660443831736
web_site: 8.863396942615509e-06, 0.0006161854433497335, 5.515069956917814
Function: 108.77944652619146, 9.558212852900029, 5.79312801361084, 83.16301715026954, 9.818995475798445, 0.3865100600119277, 0.0595829736006886
hiya: 0b111101111011100111011110, 108.77944652619146
catalog_page: 0.0006659524515271187, 0.0050714255267721884, 5.510614716834391
catalog_returns: 23.366260116919875, 3.058136988937715, 12.28769170568043
catalog_sales: 217.0907397372648, 29.349721241238036, 4.339937171565772
customer: 0.6484093563631177, 0.0915004028110363, 10.084095235740277
customer_demographics: 0.012168197892606258, 0.007095601050188963, 5.171125380744407
date_dim: 0.0019952356815338135, 0.0055679719749991505, 58.07497492622932
household_demographics: 3.512948751449585e-05, 0.004389720891114879, 5.144807914814753
item: 0.005464168265461922, 0.006178687278653639, 33.62992597133018
promotion: 2.6027671992778778e-05, 0.0048076758708480586, 6.407344521324842
reason: 1.2423843145370483e-06, 0.00473481681437864, 2.008073860712731
store: 2.3781321942806244e-05, 0.005282364012020102, 28.255776671677413
store_returns: 36.877127600833774, 4.822765948658524, 17.678096194166603
store_sales: 288.85508783441037, 39.271923547630195, 20.690067107749897
time_dim: 0.0012104213237762451, 0.0019426943048391852, 2.970308547044143
web_page: 1.0661780834197998e-05, 0.0015543744798097712, 2.42927976597035
web_returns: 11.326140539720654, 1.490602750096571, 13.855225944521575
web_sales: 109.34904180746526, 14.637326113348353, 15.378660443831736
web_site: 8.863396942615509e-06, 0.0006161854433497335, 5.515069956917814
catalog_page: 0.0006659524515271187, 0.005071419838715021, 5.510614722522448
catalog_returns: 23.366260116919875, 3.0579374121916065, 12.28789128242654
catalog_sales: 217.0907397372648, 29.34786701795925, 4.3417913948445594
customer: 0.6484093563631177, 0.09149486459358766, 10.084100773957726
customer_demographics: 0.012168197892606258, 0.007095497118736979, 5.1711254846758585
date_dim: 0.0019952356815338135, 0.005567954933219976, 58.074974943271094
household_demographics: 3.512948751449585e-05, 0.004389720591065629, 5.144807915114802
item: 0.005464168265461922, 0.006178640607902001, 33.62992601800094
promotion: 2.6027671992778778e-05, 0.004807675648539565, 6.4073445215471505
store: 2.3781321942806244e-05, 0.005282363808898215, 28.255776671880536
store_returns: 36.877127600833774, 4.8224509724023505, 16.416603943465695
store_sales: 288.85508783441037, 39.2694563681056, 18.67972560974738
time_dim: 0.0012104213237762451, 0.0019426839663447915, 2.970308557382637
web_page: 1.0661780834197998e-05, 0.0015543743887449831, 2.429279766061415
web_returns: 11.326140539720654, 1.4905060108553074, 13.855322683762838
web_sales: 109.34904180746526, 14.636392137357124, 15.379594419822965
web_site: 8.863396942615509e-06, 0.000616185367645367, 5.515069956993518
Function: 110.78164799189521, 9.268532249726453, 8.095617294311523, 83.1630169999928, 9.814270808875957, 0.38063766549511213, 0.059572973493346594
hiya: 0b111101111001100111011110, 110.78164799189521
catalog_page: 0.0006659524515271187, 0.005071419838715021, 5.510614722522448
catalog_returns: 23.366260116919875, 3.0579374121916065, 12.28789128242654
catalog_sales: 217.0907397372648, 29.34786701795925, 4.3417913948445594
customer: 0.6484093563631177, 0.09149486459358766, 10.084100773957726
customer_demographics: 0.012168197892606258, 0.007095497118736979, 5.1711254846758585
date_dim: 0.0019952356815338135, 0.005567954933219976, 58.074974943271094
household_demographics: 3.512948751449585e-05, 0.004389720591065629, 5.144807915114802
item: 0.005464168265461922, 0.006178640607902001, 33.62992601800094
promotion: 2.6027671992778778e-05, 0.004807675648539565, 6.4073445215471505
store: 2.3781321942806244e-05, 0.005282363808898215, 28.255776671880536
store_returns: 36.877127600833774, 4.8224509724023505, 16.416603943465695
store_sales: 288.85508783441037, 39.2694563681056, 18.67972560974738
time_dim: 0.0012104213237762451, 0.0019426839663447915, 2.970308557382637
web_page: 1.0661780834197998e-05, 0.0015543743887449831, 2.429279766061415
web_returns: 11.326140539720654, 1.4905060108553074, 13.855322683762838
web_sales: 109.34904180746526, 14.636392137357124, 15.379594419822965
web_site: 8.863396942615509e-06, 0.000616185367645367, 5.515069956993518
catalog_page: 0.0006659524515271187, 0.0050714182441069944, 5.510614724117056
catalog_returns: 23.366260116919875, 3.057881462212222, 10.007933005578302
catalog_sales: 217.0907397372648, 29.347347199111383, 2.062296986864805
customer: 0.6484093563631177, 0.09149331199210416, 10.084102326559208
customer_demographics: 0.012168197892606258, 0.007095467982263369, 5.171125513812332
date_dim: 0.0019952356815338135, 0.005567950155673433, 55.79496072122101
household_demographics: 3.512948751449585e-05, 0.004389720506948869, 4.993988001576381
item: 0.005464168265461922, 0.006178627524075138, 33.629926031084764
promotion: 2.6027671992778778e-05, 0.004807675586216895, 6.407344521609473
store: 2.3781321942806244e-05, 0.005282363751954379, 25.975762445109858
store_returns: 36.877127600833774, 4.822362670957502, 14.136678018082922
store_sales: 288.85508783441037, 39.26876471115543, 16.400403039869936
time_dim: 0.0012104213237762451, 0.001942681068018411, 2.8194886466584252
web_returns: 11.326140539720654, 1.490478890668913, 11.575335577121612
web_sales: 109.34904180746526, 14.636130303558978, 12.949022113170955
web_site: 8.863396942615509e-06, 0.0006161853464221642, 5.515069957014741
Function: 113.20928146221539, 9.187540828653175, 10.607442855834961, 83.16301571036158, 9.812727720724741, 0.3789913740687706, 0.05956297257216873
hiya: 0b111001111001100111011110, 113.20928146221539
catalog_page: 0.0006659524515271187, 0.0050714182441069944, 5.510614724117056
catalog_returns: 23.366260116919875, 3.057881462212222, 10.007933005578302
catalog_sales: 217.0907397372648, 29.347347199111383, 2.062296986864805
customer: 0.6484093563631177, 0.09149331199210416, 10.084102326559208
customer_demographics: 0.012168197892606258, 0.007095467982263369, 5.171125513812332
date_dim: 0.0019952356815338135, 0.005567950155673433, 55.79496072122101
household_demographics: 3.512948751449585e-05, 0.004389720506948869, 4.993988001576381
item: 0.005464168265461922, 0.006178627524075138, 33.629926031084764
promotion: 2.6027671992778778e-05, 0.004807675586216895, 6.407344521609473
store: 2.3781321942806244e-05, 0.005282363751954379, 25.975762445109858
store_returns: 36.877127600833774, 4.822362670957502, 14.136678018082922
store_sales: 288.85508783441037, 39.26876471115543, 16.400403039869936
time_dim: 0.0012104213237762451, 0.001942681068018411, 2.8194886466584252
web_returns: 11.326140539720654, 1.490478890668913, 11.575335577121612
web_sales: 109.34904180746526, 14.636130303558978, 12.949022113170955
web_site: 8.863396942615509e-06, 0.0006161853464221642, 5.515069957014741
catalog_page: 0.0006659524515271187, 0.005071239552114444, -0.005071239552114444
catalog_page had no query dependencies
catalog_returns: 23.366260116919875, 3.0516116999053753, -2.9527057948692437
customer: 0.6484093563631177, 0.09131932725849297, 6.07581331625916
customer_demographics: 0.012168197892606258, 0.00709220294506411, 4.062145615542024
date_dim: 0.0019952356815338135, 0.0055674147831573885, 24.385317070617365
household_demographics: 3.512948751449585e-05, 0.004389711080813254, 4.993988011002516
item: 0.005464168265461922, 0.006177161348655639, 15.029943858259921
promotion: 2.6027671992778778e-05, 0.004807668602330044, 2.10732679596557
store: 2.3781321942806244e-05, 0.00528235737082042, 15.657308509416218
store_returns: 36.877127600833774, 4.812467599026455, -3.6231032724540366
store_sales: 288.85508783441037, 39.19125753915687, -12.574879203993671
time_dim: 0.0012104213237762451, 0.001942356281169628, 1.07833666302851
web_returns: 11.326140539720654, 1.487439798889456, -1.3885338938533245
web_sales: 109.34904180746526, 14.606789172492917, -10.907578552448843
web_site: 8.863396942615509e-06, 0.0006161829681471735, -0.0006161829681471735
web_site had no query dependencies
customer: 0.6484093563631177, 0.09113675165547536, -0.09113675165547536
customer had no query dependencies
customer_demographics: 0.012168197892606258, 0.007088776689649874, -0.007088776689649874
customer_demographics had no query dependencies
date_dim: 0.0019952356815338135, 0.005566852975475029, -0.005566852975475029
date_dim had no query dependencies
household_demographics: 3.512948751449585e-05, 0.004389701189241975, -0.004389701189241975
household_demographics had no query dependencies
item: 0.005464168265461922, 0.006175622777679964, -0.006175622777679964
item had no query dependencies
promotion: 2.6027671992778778e-05, 0.004807661273598799, -0.004807661273598799
promotion had no query dependencies
store: 2.3781321942806244e-05, 0.0052823506746042855, -0.0052823506746042855
store had no query dependencies
time_dim: 0.0012104213237762451, 0.0019420154572735427, -0.0019420154572735427
time_dim had no query dependencies
Function: 78.57693672180176, 0, 78.57693672180176, 0.0, 0, 0.0, 0
hiya: 0b0, 78.57693672180176
{104.41893360506961: [0, 1, 2, 3, 4, 6, 7, 8, 10, 11, 12, 13, 14, 15, 16, 17, 18, 19, 20, 21, 22, 23], 105.3952570863346: [1, 2, 3, 4, 6, 7, 8, 10, 11, 12, 13, 14, 15, 16, 17, 18, 19, 20, 21, 22, 23], 106.49121753205036: [1, 2, 3, 4, 6, 7, 8, 11, 12, 13, 14, 15, 16, 17, 18, 19, 20, 21, 22, 23], 108.11192394096335: [1, 2, 3, 4, 6, 7, 8, 11, 12, 13, 15, 16, 17, 18, 19, 20, 21, 22, 23], 108.77944652619146: [1, 2, 3, 4, 6, 7, 8, 11, 12, 13, 15, 16, 17, 18, 20, 21, 22, 23], 110.78164799189521: [1, 2, 3, 4, 6, 7, 8, 11, 12, 15, 16, 17, 18, 20, 21, 22, 23], 113.20928146221539: [1, 2, 3, 4, 6, 7, 8, 11, 12, 15, 16, 17, 18, 21, 22, 23], 78.57693672180176: []}
[]
{}
Best Cost: $78.57693672180176;
[]
{}
{}
{}
[]
0
Optimal Subset: 0b0
Function: 78.57693672180176, 0, 78.57693672180176, 0.0, 0, 0.0, 0
78.57693672180176
Real: 78.57693672180176, 0, 78.57693672180176, 0.0, 0, 0.0, 0
Num Redshift Qs: 0; Num GCP Qs: 70
Redshift Qs: $0; GCP Qs: $78.57693672180176; Movement Cost: $0.0
Load Cost: $0, Storage Cost: $0.0, API Cost: $0
Final cost: $78.57693672180176, BQ Baseline: $78.57693672180176, Diff: $0.0, %: 0.0%
