Egress: $0.12/GB
Benchmark: tpcds
Data Path: parquet_2000/internal_rs1
BigQuery Cost: $5/TB; DuckDB Cost: $1.48/hr; Redshift Cost: $1.086/hr
Use Duck: False
Excluded Table: store_returns
Excluded Query: None

Starting analysis without using DuckDB
Redshift Total: $11.761590485786604, Redshift-Calcite Total: $10.190614860570038, BigQuery Total: $80.93514442443848
!!!!!!: 71.20073407063566
Excluding table store_returns and any queries that depend on it
Total Keys: 83, Keys Considered: 81
-0.04530320309539216
call_center: 5.735084414482117e-06, 0.00537668862883235, 1.9795716745811303
catalog_page: 0.0006659524515271187, 0.005071398923157284, -0.005071398923157284
catalog_page had no query dependencies
catalog_returns: 23.366260116919875, 3.05720354844284, -0.5515018345839975
catalog_sales: 217.0907397372648, 29.34104885265214, -0.6423671462593781
customer: 0.6484093563631177, 0.09147450001155293, 23.32358619058455
customer_address: 0.18544994108378887, 0.031246293199878847, 26.03204644155063
customer_demographics: 0.012168197892606258, 0.007095114952345073, 13.982182462625486
date_dim: 0.0019952356815338135, 0.005567892268885607, 67.31192044823727
household_demographics: 3.512948751449585e-05, 0.00438971948775439, 12.906989013782015
income_band: 6.137415766716003e-07, 0.003414421507828533, -0.003414421507828533
income_band had no query dependencies
inventory: 0.24701470416039228, 0.03765381604484667, 1.0976602930771118
item: 0.005464168265461922, 0.006178468994858788, 36.86156728610856
promotion: 2.6027671992778778e-05, 0.004807674831088897, 5.432259794249598
reason: 1.2423843145370483e-06, 0.004734816764747598, 1.223426948588932
ship_mode: 1.5795230865478516e-06, 0.004709164107745827, 2.1263819889063575
store: 2.3781321942806244e-05, 0.005282363061998626, 27.707691009468537
store_sales: 288.85508783441037, 39.26038430109326, 20.52972025234238
time_dim: 0.0012104213237762451, 0.0019426459506621016, 4.345582019957356
warehouse: 2.3292377591133118e-06, 0.000445758061333412, 3.6196297620519755
web_page: 1.0661780834197998e-05, 0.0015543740538906071, 0.6264258543523002
web_returns: 11.326140539720654, 1.4901502909448918, -0.1893549333221889
web_sales: 109.34904180746526, 14.63295781379215, 12.732684332034271
web_site: 8.863396942615509e-06, 0.0006161850892728043, 1.0512709559870537
-0.045243932665585775
call_center: 5.735084414482117e-06, 0.005376687293066565, -0.005376687293066565
call_center had no query dependencies
customer: 0.6484093563631177, 0.09132347816590361, 14.419162764294107
customer_address: 0.18544994108378887, 0.03120309981887164, 13.52776072293456
customer_demographics: 0.012168197892606258, 0.007092280841939457, 8.378747665024328
date_dim: 0.0019952356815338135, 0.0055674275560122135, 37.2292096423011
household_demographics: 3.512948751449585e-05, 0.004389711305700894, 12.047645916554925
inventory: 0.24701470416039228, 0.037596283536780996, 0.1855613163017937
item: 0.005464168265461922, 0.006177196328497191, 18.551568401329263
promotion: 2.6027671992778778e-05, 0.004807668768950799, 3.517332021252723
reason: 1.2423843145370483e-06, 0.004734816475382292, 0.7462666340946447
ship_mode: 1.5795230865478516e-06, 0.0047091637398571015, 0.24642632469715972
store: 2.3781321942806244e-05, 0.005282357523060767, 26.46903295533933
store_sales: 288.85508783441037, 39.193106696194675, 0.6857552756636593
time_dim: 0.0012104213237762451, 0.001942364029896252, 1.2291565689023216
warehouse: 2.3292377591133118e-06, 0.00044575751882769106, 0.26575067265448993
web_page: 1.0661780834197998e-05, 0.0015543715706417094, 0.14926554205189654
web_sales: 109.34904180746526, 14.60748918976369, -9.442195198033875
web_site: 8.863396942615509e-06, 0.00061618302488778, 0.250519305412129
-0.045228021606203345
customer: 0.6484093563631177, 0.09128293657438794, 12.005049491947325
customer_address: 0.18544994108378887, 0.031191504619505307, 12.463644348507737
customer_demographics: 0.012168197892606258, 0.007091520029184979, 8.378748425837083
date_dim: 0.0019952356815338135, 0.005567302804527392, 32.214735688945304
household_demographics: 3.512948751449585e-05, 0.004389709109240712, 11.896826005128847
inventory: 0.24701470416039228, 0.03758083901992423, 0.18557676081865046
item: 0.005464168265461922, 0.006176854683091218, 17.72942425864227
promotion: 2.6027671992778778e-05, 0.004807667141578776, 3.517332022880095
reason: 1.2423843145370483e-06, 0.004734816397702602, 0.7462666341723244
ship_mode: 1.5795230865478516e-06, 0.004709163641097916, -0.004709163641097916
ship_mode had no query dependencies
store: 2.3781321942806244e-05, 0.0052823560361410764, 26.46903295682625
store_sales: 288.85508783441037, 39.17504612247949, -3.2373782559590154
time_dim: 0.0012104213237762451, 0.0019422883486828505, 1.0783367309609968
warehouse: 2.3292377591133118e-06, 0.0004457573731928312, 0.014615184363107955
web_page: 1.0661780834197998e-05, 0.0015543709040172085, -0.0015543709040172085
web_page had no query dependencies
web_site: 8.863396942615509e-06, 0.0006161824707066677, -0.0006161824707066677
web_site had no query dependencies
-0.04517081981825953
customer: 0.6484093563631177, 0.09113718565579437, -0.09113718565579437
customer had no query dependencies
customer_address: 0.18544994108378887, 0.03114981876318502, -0.03114981876318502
customer_address had no query dependencies
customer_demographics: 0.012168197892606258, 0.007088784834198863, -0.007088784834198863
customer_demographics had no query dependencies
date_dim: 0.0019952356815338135, 0.005566854310947619, 0.009494087425353168
household_demographics: 3.512948751449585e-05, 0.004389701212755221, -0.004389701212755221
household_demographics had no query dependencies
inventory: 0.24701470416039228, 0.037525314497206926, -0.02246437276090614
item: 0.005464168265461922, 0.0061756264350157925, 0.008885315301284993
promotion: 2.6027671992778778e-05, 0.00480766129101992, -0.00480766129101992
promotion had no query dependencies
reason: 1.2423843145370483e-06, 0.004734816118436652, -0.004734816118436652
reason had no query dependencies
store: 2.3781321942806244e-05, 0.005282350690521855, -0.005282350690521855
store had no query dependencies
time_dim: 0.0012104213237762451, 0.001942016267445752, -0.001942016267445752
time_dim had no query dependencies
warehouse: 2.3292377591133118e-06, 0.0004457568496215106, 0.014615184886679275
date_dim: 0.0019952356815338135, 0.005566850968646823, -0.005566850968646823
date_dim had no query dependencies
item: 0.005464168265461922, 0.006175617281764319, -0.006175617281764319
item had no query dependencies
warehouse: 2.3292377591133118e-06, 0.0004457568457197092, -0.0004457568457197092
warehouse had no query dependencies
{}
{}
STARTING PHASE 2: 0b0
----
[]
Function: 80.93514442443848, 0, 80.93514442443848, 0.0, 0, 0.0, 0
{80.93514442443848: []}
[]
{}
Best Cost: $80.93514442443848;
[]
{}
{}
{}
[]
0
Optimal Subset: 0b0
Function: 80.93514442443848, 0, 80.93514442443848, 0.0, 0, 0.0, 0
80.93514442443848
Real: 80.93514442443848, 0, 80.93514442443848, 0.0, 0, 0.0, 0
Num Redshift Qs: 0; Num GCP Qs: 83
Redshift Qs: $0; GCP Qs: $80.93514442443848; Movement Cost: $0.0
Load Cost: $0, Storage Cost: $0.0, API Cost: $0
Final cost: $80.93514442443848, BQ Baseline: $80.93514442443848, Diff: $0.0, %: 0.0%
