Egress: $0.12/GB
Benchmark: tpcds
Data Path: parquet_2000/internal_rs1
BigQuery Cost: $5/TB; DuckDB Cost: $1.48/hr; Redshift Cost: $1.086/hr
Use Duck: False
Excluded Table: time_dim
Excluded Query: None

Starting analysis without using DuckDB
Redshift Total: $14.428923787898224, Redshift-Calcite Total: $14.058295791709416, BigQuery Total: $106.35100841522217
!!!!!!: 93.58633074444371
Excluding table time_dim and any queries that depend on it
Total Keys: 94, Keys Considered: 92
-0.04532831994705754
call_center: 5.735084414482117e-06, 0.005376689194885797, 1.979571674015077
catalog_page: 0.0006659524515271187, 0.0050714646527356905, 5.5106146777084275
catalog_returns: 23.366260116919875, 3.059509800823038, 17.895077887607112
catalog_sales: 217.0907397372648, 29.36247573195301, 19.372528110712725
customer: 0.6484093563631177, 0.09153849808458525, 27.641949548378353
customer_address: 0.18544994108378887, 0.031264597128958294, 30.264287334512545
customer_demographics: 0.012168197892606258, 0.007096315954782439, 17.10726059356823
date_dim: 0.0019952356815338135, 0.005568089198861417, 88.53760671415269
household_demographics: 3.512948751449585e-05, 0.004389722955038576, 14.800969409327694
income_band: 6.137415766716003e-07, 0.0034144215684048925, 3.1216649103767757
inventory: 0.24701470416039228, 0.03767819642264625, 1.0976359126993123
item: 0.005464168265461922, 0.006179008308852768, 49.548660299017214
promotion: 2.6027671992778778e-05, 0.004807677400022915, 11.726351640954105
reason: 1.2423843145370483e-06, 0.004734816887371063, 2.485234175423391
ship_mode: 1.5795230865478516e-06, 0.0047091642636449245, 0.7511085641914218
store: 2.3781321942806244e-05, 0.005282365409217653, 44.52657572314929
store_returns: 36.877127600833774, 4.82493254951008, 21.908188790206033
store_sales: 288.85508783441037, 39.28889432924997, 44.20580412017135
warehouse: 2.3292377591133118e-06, 0.00044575829122942874, 2.2443563372630426
web_page: 1.0661780834197998e-05, 0.0015543751062095192, 2.7556201665050644
web_returns: 11.326140539720654, 1.4912681822311944, 15.15535587000965
web_sales: 109.34904180746526, 14.643750575949163, 24.701568712860926
web_site: 8.863396942615509e-06, 0.0006161859640910335, 6.566957097473399
{}
{}
STARTING PHASE 2: 0b111110111111111111111111
----
[0, 1, 2, 3, 4, 5, 6, 7, 8, 9, 10, 11, 12, 13, 14, 15, 16, 17, 19, 20, 21, 22, 23]
Function: 106.31453663172775, 11.554474500002067, 1.2102031707763672, 83.21518218317853, 9.847834757390418, 0.4271717855284676, 0.05967023485189082
-0.04532831994705754
call_center: 5.735084414482117e-06, 0.005376689194885797, 1.979571674015077
catalog_page: 0.0006659524515271187, 0.0050714646527356905, 5.5106146777084275
catalog_returns: 23.366260116919875, 3.059509800823038, 17.895077887607112
catalog_sales: 217.0907397372648, 29.36247573195301, 19.372528110712725
customer: 0.6484093563631177, 0.09153849808458525, 27.641949548378353
customer_address: 0.18544994108378887, 0.031264597128958294, 30.264287334512545
customer_demographics: 0.012168197892606258, 0.007096315954782439, 17.10726059356823
date_dim: 0.0019952356815338135, 0.005568089198861417, 88.53760671415269
household_demographics: 3.512948751449585e-05, 0.004389722955038576, 14.800969409327694
income_band: 6.137415766716003e-07, 0.0034144215684048925, 3.1216649103767757
inventory: 0.24701470416039228, 0.03767819642264625, 1.0976359126993123
item: 0.005464168265461922, 0.006179008308852768, 49.548660299017214
promotion: 2.6027671992778778e-05, 0.004807677400022915, 11.726351640954105
reason: 1.2423843145370483e-06, 0.004734816887371063, 2.485234175423391
ship_mode: 1.5795230865478516e-06, 0.0047091642636449245, 0.7511085641914218
store: 2.3781321942806244e-05, 0.005282365409217653, 44.52657572314929
store_returns: 36.877127600833774, 4.82493254951008, 21.908188790206033
store_sales: 288.85508783441037, 39.28889432924997, 44.20580412017135
warehouse: 2.3292377591133118e-06, 0.00044575829122942874, 2.2443563372630426
web_page: 1.0661780834197998e-05, 0.0015543751062095192, 2.7556201665050644
web_returns: 11.326140539720654, 1.4912681822311944, 15.15535587000965
web_sales: 109.34904180746526, 14.643750575949163, 24.701568712860926
web_site: 8.863396942615509e-06, 0.0006161859640910335, 6.566957097473399
-0.0453280835524596
call_center: 5.735084414482117e-06, 0.005376689189558219, 1.4748894340023548
catalog_page: 0.0006659524515271187, 0.005071464034102533, 5.510614678327061
catalog_returns: 23.366260116919875, 3.059488094854016, 17.895099593576134
catalog_sales: 217.0907397372648, 29.36227406660956, 18.868047536038123
customer: 0.6484093563631177, 0.09153789574799685, 27.64195015071494
customer_address: 0.18544994108378887, 0.03126442485617455, 30.26428750678533
customer_demographics: 0.012168197892606258, 0.0070963046511966195, 17.10726060487182
date_dim: 0.0019952356815338135, 0.005568087345397333, 87.78178898755108
household_demographics: 3.512948751449585e-05, 0.004389722922405217, 14.800969409360327
income_band: 6.137415766716003e-07, 0.00341442156783476, 3.121664910377346
inventory: 0.24701470416039228, 0.03767796695958757, 1.097636142162371
item: 0.005464168265461922, 0.006179003232941325, 49.548660304093126
promotion: 2.6027671992778778e-05, 0.004807677375844641, 11.726351640978285
reason: 1.2423843145370483e-06, 0.004734816886216957, 2.4852341754245453
store: 2.3781321942806244e-05, 0.005282365387126114, 44.52657572317138
store_returns: 36.877127600833774, 4.824898292689121, 21.908223047026993
store_sales: 288.85508783441037, 39.288625998778734, 44.20607245064259
warehouse: 2.3292377591133118e-06, 0.0004457582890656951, 1.4885386088101402
web_page: 1.0661780834197998e-05, 0.0015543750963053118, 2.755620166514969
web_returns: 11.326140539720654, 1.4912576608702894, 15.155366391370556
web_sales: 109.34904180746526, 14.64364899671046, 24.450534803662613
web_site: 8.863396942615509e-06, 0.0006161859558574258, 6.315821609044615
Function: 107.06500611217088, 11.52715395331065, 1.9933414459228516, 83.21518199212204, 9.84313578378677, 0.426532702313157, 0.059660234715420014
hiya: 0b111110111011111111111111, 107.06500611217088
-0.0453280835524596
call_center: 5.735084414482117e-06, 0.005376689189558219, 1.4748894340023548
catalog_page: 0.0006659524515271187, 0.005071464034102533, 5.510614678327061
catalog_returns: 23.366260116919875, 3.059488094854016, 17.895099593576134
catalog_sales: 217.0907397372648, 29.36227406660956, 18.868047536038123
customer: 0.6484093563631177, 0.09153789574799685, 27.64195015071494
customer_address: 0.18544994108378887, 0.03126442485617455, 30.26428750678533
customer_demographics: 0.012168197892606258, 0.0070963046511966195, 17.10726060487182
date_dim: 0.0019952356815338135, 0.005568087345397333, 87.78178898755108
household_demographics: 3.512948751449585e-05, 0.004389722922405217, 14.800969409360327
income_band: 6.137415766716003e-07, 0.00341442156783476, 3.121664910377346
inventory: 0.24701470416039228, 0.03767796695958757, 1.097636142162371
item: 0.005464168265461922, 0.006179003232941325, 49.548660304093126
promotion: 2.6027671992778778e-05, 0.004807677375844641, 11.726351640978285
reason: 1.2423843145370483e-06, 0.004734816886216957, 2.4852341754245453
store: 2.3781321942806244e-05, 0.005282365387126114, 44.52657572317138
store_returns: 36.877127600833774, 4.824898292689121, 21.908223047026993
store_sales: 288.85508783441037, 39.288625998778734, 44.20607245064259
warehouse: 2.3292377591133118e-06, 0.0004457582890656951, 1.4885386088101402
web_page: 1.0661780834197998e-05, 0.0015543750963053118, 2.755620166514969
web_returns: 11.326140539720654, 1.4912576608702894, 15.155366391370556
web_sales: 109.34904180746526, 14.64364899671046, 24.450534803662613
web_site: 8.863396942615509e-06, 0.0006161859558574258, 6.315821609044615
call_center: 5.735084414482117e-06, 0.005376689177443202, 1.4748894340144698
catalog_page: 0.0006659524515271187, 0.005071462627318438, 5.510614679733845
catalog_returns: 23.366260116919875, 3.0594387350491123, 17.089204337629532
catalog_sales: 217.0907397372648, 29.36181547561099, 17.956349617753318
customer: 0.6484093563631177, 0.09153652602262498, 27.641951520440312
customer_address: 0.18544994108378887, 0.03126403310444083, 30.264287898537063
customer_demographics: 0.012168197892606258, 0.007096278946617838, 16.301316014824884
date_dim: 0.0019952356815338135, 0.005568083130583175, 86.64647488264393
household_demographics: 3.512948751449585e-05, 0.004389722848196309, 13.995024793683031
income_band: 6.137415766716003e-07, 0.0034144215665382685, 3.1216649103786422
item: 0.005464168265461922, 0.006178991690217834, 48.41334620651389
promotion: 2.6027671992778778e-05, 0.004807677320862765, 10.920407025281763
reason: 1.2423843145370483e-06, 0.004734816883592495, 2.48523417542717
store: 2.3781321942806244e-05, 0.005282365336889517, 44.52657572322162
store_returns: 36.877127600833774, 4.824820391997496, 21.90830094771862
store_sales: 288.85508783441037, 39.28801580995478, 43.998585981364265
warehouse: 2.3292377591133118e-06, 0.00044575828414532184, 0.6675330513272547
web_page: 1.0661780834197998e-05, 0.0015543750737829476, 2.7556201665374913
web_returns: 11.326140539720654, 1.4912337350865075, 15.155390317154339
web_sales: 109.34904180746526, 14.643418003503031, 24.450765796870044
web_site: 8.863396942615509e-06, 0.0006161859371340381, 6.315821609063339
Function: 108.16095276801055, 11.46219264129003, 3.1936168670654297, 83.18530350519798, 9.835284070352314, 0.42492679145981066, 0.059628892644980565
hiya: 0b111110111011101111111111, 108.16095276801055
call_center: 5.735084414482117e-06, 0.005376689177443202, 1.4748894340144698
catalog_page: 0.0006659524515271187, 0.005071462627318438, 5.510614679733845
catalog_returns: 23.366260116919875, 3.0594387350491123, 17.089204337629532
catalog_sales: 217.0907397372648, 29.36181547561099, 17.956349617753318
customer: 0.6484093563631177, 0.09153652602262498, 27.641951520440312
customer_address: 0.18544994108378887, 0.03126403310444083, 30.264287898537063
customer_demographics: 0.012168197892606258, 0.007096278946617838, 16.301316014824884
date_dim: 0.0019952356815338135, 0.005568083130583175, 86.64647488264393
household_demographics: 3.512948751449585e-05, 0.004389722848196309, 13.995024793683031
income_band: 6.137415766716003e-07, 0.0034144215665382685, 3.1216649103786422
item: 0.005464168265461922, 0.006178991690217834, 48.41334620651389
promotion: 2.6027671992778778e-05, 0.004807677320862765, 10.920407025281763
reason: 1.2423843145370483e-06, 0.004734816883592495, 2.48523417542717
store: 2.3781321942806244e-05, 0.005282365336889517, 44.52657572322162
store_returns: 36.877127600833774, 4.824820391997496, 21.90830094771862
store_sales: 288.85508783441037, 39.28801580995478, 43.998585981364265
warehouse: 2.3292377591133118e-06, 0.00044575828414532184, 0.6675330513272547
web_page: 1.0661780834197998e-05, 0.0015543750737829476, 2.7556201665374913
web_returns: 11.326140539720654, 1.4912337350865075, 15.155390317154339
web_sales: 109.34904180746526, 14.643418003503031, 24.450765796870044
web_site: 8.863396942615509e-06, 0.0006161859371340381, 6.315821609063339
call_center: 5.735084414482117e-06, 0.005376689177355916, 1.474889434014557
catalog_page: 0.0006659524515271187, 0.00507146261718291, 5.510614679743981
catalog_returns: 23.366260116919875, 3.059438379424053, 16.42122588364319
catalog_sales: 217.0907397372648, 29.361812171577448, 17.28837411217546
customer: 0.6484093563631177, 0.09153651615409596, 27.64195153030884
customer_address: 0.18544994108378887, 0.03126403028196748, 30.264287901359538
customer_demographics: 0.012168197892606258, 0.007096278761422771, 16.30131601501008
date_dim: 0.0019952356815338135, 0.005568083100216492, 85.9784960730629
household_demographics: 3.512948751449585e-05, 0.004389722847661652, 13.995024793683566
income_band: 6.137415766716003e-07, 0.0034144215665289275, 3.1216649103786516
item: 0.005464168265461922, 0.0061789916070553955, 47.74536739698566
promotion: 2.6027671992778778e-05, 0.004807677320466634, 10.92040702528216
reason: 1.2423843145370483e-06, 0.004734816883573587, 2.4852341754271885
store: 2.3781321942806244e-05, 0.005282365336527575, 44.52657572322198
store_returns: 36.877127600833774, 4.82481983074248, 21.908301508973633
store_sales: 288.85508783441037, 39.288011413696786, 43.99859037762226
web_page: 1.0661780834197998e-05, 0.0015543750736206796, 2.7556201665376534
web_returns: 11.326140539720654, 1.4912335627072142, 15.155390489533632
web_sales: 109.34904180746526, 14.643416339254696, 24.450767461118378
web_site: 8.863396942615509e-06, 0.0006161859369991408, 6.315821609063474
Function: 108.82847535030481, 11.462103518772524, 3.861684799194336, 83.18530322345727, 9.834848593217133, 0.42491632321981554, 0.059618892443734424
hiya: 0b111100111011101111111111, 108.82847535030481
call_center: 5.735084414482117e-06, 0.005376689177355916, 1.474889434014557
catalog_page: 0.0006659524515271187, 0.00507146261718291, 5.510614679743981
catalog_returns: 23.366260116919875, 3.059438379424053, 16.42122588364319
catalog_sales: 217.0907397372648, 29.361812171577448, 17.28837411217546
customer: 0.6484093563631177, 0.09153651615409596, 27.64195153030884
customer_address: 0.18544994108378887, 0.03126403028196748, 30.264287901359538
customer_demographics: 0.012168197892606258, 0.007096278761422771, 16.30131601501008
date_dim: 0.0019952356815338135, 0.005568083100216492, 85.9784960730629
household_demographics: 3.512948751449585e-05, 0.004389722847661652, 13.995024793683566
income_band: 6.137415766716003e-07, 0.0034144215665289275, 3.1216649103786516
item: 0.005464168265461922, 0.0061789916070553955, 47.74536739698566
promotion: 2.6027671992778778e-05, 0.004807677320466634, 10.92040702528216
reason: 1.2423843145370483e-06, 0.004734816883573587, 2.4852341754271885
store: 2.3781321942806244e-05, 0.005282365336527575, 44.52657572322198
store_returns: 36.877127600833774, 4.82481983074248, 21.908301508973633
store_sales: 288.85508783441037, 39.288011413696786, 43.99859037762226
web_page: 1.0661780834197998e-05, 0.0015543750736206796, 2.7556201665376534
web_returns: 11.326140539720654, 1.4912335627072142, 15.155390489533632
web_sales: 109.34904180746526, 14.643416339254696, 24.450767461118378
web_site: 8.863396942615509e-06, 0.0006161859369991408, 6.315821609063474
catalog_page: 0.0006659524515271187, 0.005071461631510348, 5.510614680729653
catalog_returns: 23.366260116919875, 3.059403795150899, 15.419317896396336
catalog_sales: 217.0907397372648, 29.361490856766917, 15.861827793451727
customer: 0.6484093563631177, 0.09153555644697194, 27.58855400035833
customer_address: 0.18544994108378887, 0.03126375579852911, 29.262345604322963
customer_demographics: 0.012168197892606258, 0.007096260751339959, 16.247917543362526
date_dim: 0.0019952356815338135, 0.005568080147079128, 84.49822995282412
household_demographics: 3.512948751449585e-05, 0.004389722795666691, 13.94162630407792
income_band: 6.137415766716003e-07, 0.003414421565620532, 3.12166491037956
item: 0.005464168265461922, 0.006178983519569983, 47.26704385340125
promotion: 2.6027671992778778e-05, 0.00480767728194322, 10.920407025320682
reason: 1.2423843145370483e-06, 0.004734816881734741, 2.4852341754290275
store: 2.3781321942806244e-05, 0.00528236530132897, 44.52657572325718
store_returns: 36.877127600833774, 4.8247652491086335, 21.90835609060748
store_sales: 288.85508783441037, 39.28758388086913, 43.999017910449915
web_page: 1.0661780834197998e-05, 0.0015543750578402363, 2.7556201665534337
web_returns: 11.326140539720654, 1.4912167989488616, 15.155407253291983
web_sales: 109.34904180746526, 14.643254492339013, 24.450929308034063
web_site: 8.863396942615509e-06, 0.0006161859238804757, 6.315821609076592
Function: 110.30234689021971, 11.41645258874178, 5.387601852416992, 83.18530252975101, 9.82948259628892, 0.42389843107279146, 0.05960889194822313
hiya: 0b111100111011101111111110, 110.30234689021971
catalog_page: 0.0006659524515271187, 0.005071461631510348, 5.510614680729653
catalog_returns: 23.366260116919875, 3.059403795150899, 15.419317896396336
catalog_sales: 217.0907397372648, 29.361490856766917, 15.861827793451727
customer: 0.6484093563631177, 0.09153555644697194, 27.58855400035833
customer_address: 0.18544994108378887, 0.03126375579852911, 29.262345604322963
customer_demographics: 0.012168197892606258, 0.007096260751339959, 16.247917543362526
date_dim: 0.0019952356815338135, 0.005568080147079128, 84.49822995282412
household_demographics: 3.512948751449585e-05, 0.004389722795666691, 13.94162630407792
income_band: 6.137415766716003e-07, 0.003414421565620532, 3.12166491037956
item: 0.005464168265461922, 0.006178983519569983, 47.26704385340125
promotion: 2.6027671992778778e-05, 0.00480767728194322, 10.920407025320682
reason: 1.2423843145370483e-06, 0.004734816881734741, 2.4852341754290275
store: 2.3781321942806244e-05, 0.00528236530132897, 44.52657572325718
store_returns: 36.877127600833774, 4.8247652491086335, 21.90835609060748
store_sales: 288.85508783441037, 39.28758388086913, 43.999017910449915
web_page: 1.0661780834197998e-05, 0.0015543750578402363, 2.7556201665534337
web_returns: 11.326140539720654, 1.4912167989488616, 15.155407253291983
web_sales: 109.34904180746526, 14.643254492339013, 24.450929308034063
web_site: 8.863396942615509e-06, 0.0006161859238804757, 6.315821609076592
catalog_page: 0.0006659524515271187, 0.005071455064353129, 5.51061468729681
catalog_returns: 23.366260116919875, 3.059173373439173, 15.419548318108063
catalog_sales: 217.0907397372648, 29.359350059754476, 15.863968590464168
customer: 0.6484093563631177, 0.09152916228748535, 27.588560394517813
customer_address: 0.18544994108378887, 0.0312619270209391, 28.7851871183169
customer_demographics: 0.012168197892606258, 0.0070961407570844385, 15.770757348573127
date_dim: 0.0019952356815338135, 0.005568060471460576, 84.0210696577161
household_demographics: 3.512948751449585e-05, 0.004389722449244259, 13.941626304424341
income_band: 6.137415766716003e-07, 0.003414421559568242, 3.1216649103856122
item: 0.005464168265461922, 0.0061789296357649326, 47.26704390728505
promotion: 2.6027671992778778e-05, 0.004807677025276526, 10.920407025577349
store: 2.3781321942806244e-05, 0.005282365066814209, 44.526575723491696
store_returns: 36.877127600833774, 4.824401592673122, 20.64691252008591
store_sales: 288.85508783441037, 39.28473539405752, 41.989057719734404
web_page: 1.0661780834197998e-05, 0.001554374952701212, 2.27845985187492
web_returns: 11.326140539720654, 1.491105108473905, 14.678358628983288
web_sales: 109.34904180746526, 14.642176168582328, 23.974847317007093
web_site: 8.863396942615509e-06, 0.0006161858364758554, 6.315821609163997
Function: 112.78079926416108, 11.081271091245421, 8.212752342224121, 83.18530237947427, 9.824757929366427, 0.41711663000996174, 0.05959889184088112
hiya: 0b111100111001101111111110, 112.78079926416108
catalog_page: 0.0006659524515271187, 0.005071455064353129, 5.51061468729681
catalog_returns: 23.366260116919875, 3.059173373439173, 15.419548318108063
catalog_sales: 217.0907397372648, 29.359350059754476, 15.863968590464168
customer: 0.6484093563631177, 0.09152916228748535, 27.588560394517813
customer_address: 0.18544994108378887, 0.0312619270209391, 28.7851871183169
customer_demographics: 0.012168197892606258, 0.0070961407570844385, 15.770757348573127
date_dim: 0.0019952356815338135, 0.005568060471460576, 84.0210696577161
household_demographics: 3.512948751449585e-05, 0.004389722449244259, 13.941626304424341
income_band: 6.137415766716003e-07, 0.003414421559568242, 3.1216649103856122
item: 0.005464168265461922, 0.0061789296357649326, 47.26704390728505
promotion: 2.6027671992778778e-05, 0.004807677025276526, 10.920407025577349
store: 2.3781321942806244e-05, 0.005282365066814209, 44.526575723491696
store_returns: 36.877127600833774, 4.824401592673122, 20.64691252008591
store_sales: 288.85508783441037, 39.28473539405752, 41.989057719734404
web_page: 1.0661780834197998e-05, 0.001554374952701212, 2.27845985187492
web_returns: 11.326140539720654, 1.491105108473905, 14.678358628983288
web_sales: 109.34904180746526, 14.642176168582328, 23.974847317007093
web_site: 8.863396942615509e-06, 0.0006161858364758554, 6.315821609163997
catalog_page: 0.0006659524515271187, 0.005071453591608517, 5.510614688769555
catalog_returns: 23.366260116919875, 3.0591216992789314, 13.139585765440684
catalog_sales: 217.0907397372648, 29.358869966593826, 13.584434456797194
customer: 0.6484093563631177, 0.09152772833918489, 27.588561828466116
customer_address: 0.18544994108378887, 0.03126151690096593, 28.785187528436875
customer_demographics: 0.012168197892606258, 0.007096113847283529, 15.770757375482928
date_dim: 0.0019952356815338135, 0.005568056059024534, 81.7410554353009
household_demographics: 3.512948751449585e-05, 0.0043897223715558846, 13.94162630450203
income_band: 6.137415766716003e-07, 0.003414421558210961, 3.12166491038697
item: 0.005464168265461922, 0.006178917551832582, 47.26704391936898
promotion: 2.6027671992778778e-05, 0.00480767696771669, 10.920407025634908
store: 2.3781321942806244e-05, 0.005282365014222146, 42.246561496716666
store_returns: 36.877127600833774, 4.824320039416788, 18.366979846514624
store_sales: 288.85508783441037, 39.28409659503617, 39.70968229192814
web_returns: 11.326140539720654, 1.491080060871155, 12.398369449758418
web_sales: 109.34904180746526, 14.641934344692656, 21.69507491406914
web_site: 8.863396942615509e-06, 0.0006161858168745759, 6.315821609183598
Function: 115.05773822557148, 11.006587136920698, 10.567450523376465, 83.18530108984304, 9.823214841215211, 0.41559574329637405, 0.059588890919703257
hiya: 0b111000111001101111111110, 115.05773822557148
catalog_page: 0.0006659524515271187, 0.005071453591608517, 5.510614688769555
catalog_returns: 23.366260116919875, 3.0591216992789314, 13.139585765440684
catalog_sales: 217.0907397372648, 29.358869966593826, 13.584434456797194
customer: 0.6484093563631177, 0.09152772833918489, 27.588561828466116
customer_address: 0.18544994108378887, 0.03126151690096593, 28.785187528436875
customer_demographics: 0.012168197892606258, 0.007096113847283529, 15.770757375482928
date_dim: 0.0019952356815338135, 0.005568056059024534, 81.7410554353009
household_demographics: 3.512948751449585e-05, 0.0043897223715558846, 13.94162630450203
income_band: 6.137415766716003e-07, 0.003414421558210961, 3.12166491038697
item: 0.005464168265461922, 0.006178917551832582, 47.26704391936898
promotion: 2.6027671992778778e-05, 0.00480767696771669, 10.920407025634908
store: 2.3781321942806244e-05, 0.005282365014222146, 42.246561496716666
store_returns: 36.877127600833774, 4.824320039416788, 18.366979846514624
store_sales: 288.85508783441037, 39.28409659503617, 39.70968229192814
web_returns: 11.326140539720654, 1.491080060871155, 12.398369449758418
web_sales: 109.34904180746526, 14.641934344692656, 21.69507491406914
web_site: 8.863396942615509e-06, 0.0006161858168745759, 6.315821609183598
catalog_page: 0.0006659524515271187, 0.005071444561536232, 5.510614697799627
catalog_returns: 23.366260116919875, 3.0588048613164083, 10.036845323450043
catalog_sales: 217.0907397372648, 29.355926295363737, 10.48432084807412
customer: 0.6484093563631177, 0.0915189361448704, 24.463491288715247
customer_address: 0.18544994108378887, 0.031259002267422134, 25.660110711125235
customer_demographics: 0.012168197892606258, 0.007095948850959402, 12.645678208534072
date_dim: 0.0019952356815338135, 0.005568029004356609, 78.63799818240241
household_demographics: 3.512948751449585e-05, 0.00438972189521285, 10.816546973033194
item: 0.005464168265461922, 0.006178843459704384, 44.163986713507946
promotion: 2.6027671992778778e-05, 0.004807676614790954, 7.8173497460346715
store: 2.3781321942806244e-05, 0.005282364691756096, 39.14350421708597
store_returns: 36.877127600833774, 4.823819999020324, 15.242400554965908
store_sales: 288.85508783441037, 39.28017982542752, 36.61054178158363
web_returns: 11.326140539720654, 1.490926482537528, 12.398523028092045
web_sales: 109.34904180746526, 14.640451611579321, 21.696557647182473
web_site: 8.863396942615509e-06, 0.000616185696690147, 6.315821609303783
Function: 118.17007792145262, 10.5426085465026, 14.156508445739746, 83.18530101560587, 9.819810493729909, 0.40627052900782124, 0.05957889086667598
hiya: 0b111000111001100111111110, 118.17007792145262
catalog_page: 0.0006659524515271187, 0.005071444561536232, 5.510614697799627
catalog_returns: 23.366260116919875, 3.0588048613164083, 10.036845323450043
catalog_sales: 217.0907397372648, 29.355926295363737, 10.48432084807412
customer: 0.6484093563631177, 0.0915189361448704, 24.463491288715247
customer_address: 0.18544994108378887, 0.031259002267422134, 25.660110711125235
customer_demographics: 0.012168197892606258, 0.007095948850959402, 12.645678208534072
date_dim: 0.0019952356815338135, 0.005568029004356609, 78.63799818240241
household_demographics: 3.512948751449585e-05, 0.00438972189521285, 10.816546973033194
item: 0.005464168265461922, 0.006178843459704384, 44.163986713507946
promotion: 2.6027671992778778e-05, 0.004807676614790954, 7.8173497460346715
store: 2.3781321942806244e-05, 0.005282364691756096, 39.14350421708597
store_returns: 36.877127600833774, 4.823819999020324, 15.242400554965908
store_sales: 288.85508783441037, 39.28017982542752, 36.61054178158363
web_returns: 11.326140539720654, 1.490926482537528, 12.398523028092045
web_sales: 109.34904180746526, 14.640451611579321, 21.696557647182473
web_site: 8.863396942615509e-06, 0.000616185696690147, 6.315821609303783
catalog_returns: 23.366260116919875, 3.0585328574509685, 4.521431184954318
catalog_sales: 217.0907397372648, 29.35339916778473, 4.971161833291966
customer: 0.6484093563631177, 0.0915113880883806, 24.463498836771734
customer_address: 0.18544994108378887, 0.031256843466631254, 25.660112869926024
customer_demographics: 0.012168197892606258, 0.007095807202409499, 12.645678350182623
date_dim: 0.0019952356815338135, 0.005568005778054448, 73.12231206326753
household_demographics: 3.512948751449585e-05, 0.004389721486274648, 10.816546973442133
item: 0.005464168265461922, 0.006178779851969034, 40.9729522077954
promotion: 2.6027671992778778e-05, 0.004807676311805908, 4.626315177017376
store: 2.3781321942806244e-05, 0.005282364414920545, 33.62781807500165
store_returns: 36.877127600833774, 4.823390716747356, 9.727143694877709
store_sales: 288.85508783441037, 39.2768172975754, 31.09821816707457
web_returns: 11.326140539720654, 1.4907946362774973, 6.882968731990912
web_sales: 109.34904180746526, 14.639178692340003, 16.18214442406064
web_site: 8.863396942615509e-06, 0.0006161855935123934, 0.8001354670457972
Function: 123.67268633754713, 10.146343623800286, 20.068459510803223, 83.18522046310726, 9.814829414412975, 0.3982644920950126, 0.059568833328384176
hiya: 0b111000111001100111111100, 123.67268633754713
catalog_returns: 23.366260116919875, 3.0585328574509685, 4.521431184954318
catalog_sales: 217.0907397372648, 29.35339916778473, 4.971161833291966
customer: 0.6484093563631177, 0.0915113880883806, 24.463498836771734
customer_address: 0.18544994108378887, 0.031256843466631254, 25.660112869926024
customer_demographics: 0.012168197892606258, 0.007095807202409499, 12.645678350182623
date_dim: 0.0019952356815338135, 0.005568005778054448, 73.12231206326753
household_demographics: 3.512948751449585e-05, 0.004389721486274648, 10.816546973442133
item: 0.005464168265461922, 0.006178779851969034, 40.9729522077954
promotion: 2.6027671992778778e-05, 0.004807676311805908, 4.626315177017376
store: 2.3781321942806244e-05, 0.005282364414920545, 33.62781807500165
store_returns: 36.877127600833774, 4.823390716747356, 9.727143694877709
store_sales: 288.85508783441037, 39.2768172975754, 31.09821816707457
web_returns: 11.326140539720654, 1.4907946362774973, 6.882968731990912
web_sales: 109.34904180746526, 14.639178692340003, 16.18214442406064
web_site: 8.863396942615509e-06, 0.0006161855935123934, 0.8001354670457972
catalog_returns: 23.366260116919875, 3.058428716625459, 4.521535325779828
catalog_sales: 217.0907397372648, 29.352431618475016, 4.972129382601679
customer: 0.6484093563631177, 0.09150849819991312, 24.4635017266602
customer_address: 0.18544994108378887, 0.031256016936846064, 24.8593620438165
customer_demographics: 0.012168197892606258, 0.007095752970103295, 12.645678404414928
date_dim: 0.0019952356815338135, 0.005567996885510673, 72.32156041952076
household_demographics: 3.512948751449585e-05, 0.004389721329706425, 10.816546973598701
item: 0.005464168265461922, 0.006178755498778107, 40.97295223214859
promotion: 2.6027671992778778e-05, 0.004807676195803466, 4.626315177133378
store: 2.3781321942806244e-05, 0.005282364308929835, 33.62781807510763
store_returns: 36.877127600833774, 4.823226359486436, 9.727308052138628
store_sales: 288.85508783441037, 39.27552990253874, 31.099505562111226
web_returns: 11.326140539720654, 1.4907441569273683, 6.082267558701732
web_sales: 109.34904180746526, 14.638691335808597, 15.381880127952732
Function: 124.46975671350965, 9.993325592601705, 21.022229194641113, 83.18521939100553, 9.814224298325776, 0.395199404372937, 0.05955883256258668
hiya: 0b11000111001100111111100, 124.46975671350965
catalog_returns: 23.366260116919875, 3.058428716625459, 4.521535325779828
catalog_sales: 217.0907397372648, 29.352431618475016, 4.972129382601679
customer: 0.6484093563631177, 0.09150849819991312, 24.4635017266602
customer_address: 0.18544994108378887, 0.031256016936846064, 24.8593620438165
customer_demographics: 0.012168197892606258, 0.007095752970103295, 12.645678404414928
date_dim: 0.0019952356815338135, 0.005567996885510673, 72.32156041952076
household_demographics: 3.512948751449585e-05, 0.004389721329706425, 10.816546973598701
item: 0.005464168265461922, 0.006178755498778107, 40.97295223214859
promotion: 2.6027671992778778e-05, 0.004807676195803466, 4.626315177133378
store: 2.3781321942806244e-05, 0.005282364308929835, 33.62781807510763
store_returns: 36.877127600833774, 4.823226359486436, 9.727308052138628
store_sales: 288.85508783441037, 39.27552990253874, 31.099505562111226
web_returns: 11.326140539720654, 1.4907441569273683, 6.082267558701732
web_sales: 109.34904180746526, 14.638691335808597, 15.381880127952732
catalog_sales: 217.0907397372648, 29.342845182605146, -2.4695066019216725
customer: 0.6484093563631177, 0.09147986531248678, 24.4336946425717
customer_address: 0.18544994108378887, 0.031247827716203012, 24.829534516061216
customer_demographics: 0.012168197892606258, 0.007095215638806297, 12.645678941746226
date_dim: 0.0019952356815338135, 0.005567908778579307, 64.74159646522241
household_demographics: 3.512948751449585e-05, 0.004389719778435378, 10.816546975149972
item: 0.005464168265461922, 0.0061785142084369235, 38.74874612673239
promotion: 2.6027671992778778e-05, 0.004807675046456383, 4.626315178282725
store: 2.3781321942806244e-05, 0.005282363258778558, 33.62781807615779
store_returns: 36.877127600833774, 4.821597914997103, 2.178808171198604
store_sales: 288.85508783441037, 39.26277444931876, 23.66103859493799
web_returns: 11.326140539720654, 1.490244009753571, -1.4673606195538302
web_sales: 109.34904180746526, 14.633862628798855, 7.935486414569247
customer: 0.6484093563631177, 0.0913276740137311, 15.612506592367925
customer_address: 0.18544994108378887, 0.031204299862832706, 14.634939387836406
customer_demographics: 0.012168197892606258, 0.007092359582176918, 8.378747586284089
date_dim: 0.0019952356815338135, 0.0055674404671542535, 37.845374962650666
household_demographics: 3.512948751449585e-05, 0.004389711533023314, 10.816546983395385
item: 0.005464168265461922, 0.0061772316870532026, 19.435590631077943
promotion: 2.6027671992778778e-05, 0.004807668937375499, 3.517332021084298
store: 2.3781321942806244e-05, 0.005282357676949368, 27.586392222357865
store_returns: 36.877127600833774, 4.81294230586859, -2.6153040193864943
store_sales: 288.85508783441037, 39.19497587340634, 0.7559790979762795
web_sales: 109.34904180746526, 14.608196785875627, -9.844858196205365
customer: 0.6484093563631177, 0.09127544241396846, 12.005056986107743
customer_address: 0.18544994108378887, 0.031189361233394934, 12.463646491893845
customer_demographics: 0.012168197892606258, 0.007091379392061026, 8.378748566474204
date_dim: 0.0019952356815338135, 0.005567279744070098, 31.9915781121672
household_demographics: 3.512948751449585e-05, 0.004389708703222489, 10.816546986225186
item: 0.005464168265461922, 0.006176791529539933, 17.50626672195724
promotion: 2.6027671992778778e-05, 0.004807666840757161, 3.5173320231809164
store: 2.3781321942806244e-05, 0.005282355761282239, 25.38875393779144
store_sales: 288.85508783441037, 39.17170760438908, -5.273416865850571
customer: 0.6484093563631177, 0.09113688489336552, -0.09113688489336552
customer had no query dependencies
customer_address: 0.18544994108378887, 0.03114973274287368, -0.03114973274287368
customer_address had no query dependencies
customer_demographics: 0.012168197892606258, 0.007088779190022515, -0.007088779190022515
customer_demographics had no query dependencies
date_dim: 0.0019952356815338135, 0.005566853385464475, -0.005566853385464475
date_dim had no query dependencies
household_demographics: 3.512948751449585e-05, 0.0043897011964605295, -0.0043897011964605295
household_demographics had no query dependencies
item: 0.005464168265461922, 0.006175623900480313, -0.006175623900480313
item had no query dependencies
promotion: 2.6027671992778778e-05, 0.004807661278947075, -0.004807661278947075
promotion had no query dependencies
store: 2.3781321942806244e-05, 0.005282350679490971, -0.005282350679490971
store had no query dependencies
Function: 106.35100841522217, 0, 106.35100841522217, 0.0, 0, 0.0, 0
hiya: 0b0, 106.35100841522217
{106.31453663172775: [0, 1, 2, 3, 4, 5, 6, 7, 8, 9, 10, 11, 12, 13, 14, 15, 16, 17, 19, 20, 21, 22, 23], 107.06500611217088: [0, 1, 2, 3, 4, 5, 6, 7, 8, 9, 10, 11, 12, 13, 15, 16, 17, 19, 20, 21, 22, 23], 108.16095276801055: [0, 1, 2, 3, 4, 5, 6, 7, 8, 9, 11, 12, 13, 15, 16, 17, 19, 20, 21, 22, 23], 108.82847535030481: [0, 1, 2, 3, 4, 5, 6, 7, 8, 9, 11, 12, 13, 15, 16, 17, 20, 21, 22, 23], 110.30234689021971: [1, 2, 3, 4, 5, 6, 7, 8, 9, 11, 12, 13, 15, 16, 17, 20, 21, 22, 23], 112.78079926416108: [1, 2, 3, 4, 5, 6, 7, 8, 9, 11, 12, 15, 16, 17, 20, 21, 22, 23], 115.05773822557148: [1, 2, 3, 4, 5, 6, 7, 8, 9, 11, 12, 15, 16, 17, 21, 22, 23], 118.17007792145262: [1, 2, 3, 4, 5, 6, 7, 8, 11, 12, 15, 16, 17, 21, 22, 23], 123.67268633754713: [2, 3, 4, 5, 6, 7, 8, 11, 12, 15, 16, 17, 21, 22, 23], 124.46975671350965: [2, 3, 4, 5, 6, 7, 8, 11, 12, 15, 16, 17, 21, 22], 106.35100841522217: []}
[0, 1, 2, 3, 4, 5, 6, 7, 8, 9, 10, 11, 12, 13, 14, 15, 16, 17, 19, 20, 21, 22, 23]
{'52': 133248, '31': 4325536, '50': 229504, '25': 231560, '78': 6488204, '17': 231560, '54': 4360376, '23': 4327576, '08': 164016, '36': 166016, '94': 14680224, '38': 4325528, '68': 164272, '61': 170160, '09': 139264, '84': 66416, '58': 4327560, '56': 4327592, '16': 173, '40': 526476, '80': 14915726, '32': 2184, '83': 2164868, '35': 4325624, '24': 231472, '04': 4325528, '62': 13123712, '13': 164320, '27': 166080, '55': 133248, '75': 6490252, '11': 4325520, '42': 133248, '77': 7569548, '92': 4196480, '05': 14909582, '57': 2185, '14': 4327560, '63': 166016, '72': 531916, '26': 6344, '70': 163968, '99': 540809, '95': 14680224, '93': 204800, '22': 527488, '33': 4327592, '18': 2296, '60': 4327592, '65': 166016, '91': 501, '20': 2184, '30': 2097328, '12': 4196480, '45': 4196528, '53': 166016, '86': 4196480, '28': 131072, '19': 166064, '87': 4325528, '34': 164240, '02': 4194440, '01': 98448, '51': 4325504, '48': 164064, '97': 131208, '03': 133248, '59': 163968, '49': 6488204, '89': 166016, '43': 163968, '64': 236540, '46': 164272, '85': 7348448, '06': 133296, '69': 4325624, '39': 527488, '44': 133120, '37': 3208, '79': 164240, '15': 184, '29': 231560, '82': 134272, '07': 137408, '21': 527488, '81': 180, '73': 164240, '74': 4325520, '76': 4327560, '98': 133248, '47': 166016, '10': 4325624}
Best Cost: $106.31453663172775;
[0, 1, 2, 3, 4, 5, 6, 7, 8, 9, 10, 11, 12, 13, 14, 15, 16, 17, 19, 20, 21, 22, 23]
{}
{'52': 133248, '31': 4325536, '50': 229504, '25': 231560, '78': 6488204, '17': 231560, '54': 4360376, '23': 4327576, '08': 164016, '36': 166016, '94': 14680224, '38': 4325528, '68': 164272, '61': 170160, '09': 139264, '84': 66416, '58': 4327560, '56': 4327592, '16': 173, '40': 526476, '80': 14915726, '32': 2184, '83': 2164868, '35': 4325624, '24': 231472, '04': 4325528, '62': 13123712, '13': 164320, '27': 166080, '55': 133248, '75': 6490252, '11': 4325520, '42': 133248, '77': 7569548, '92': 4196480, '05': 14909582, '57': 2185, '14': 4327560, '63': 166016, '72': 531916, '26': 6344, '70': 163968, '99': 540809, '95': 14680224, '93': 204800, '22': 527488, '33': 4327592, '18': 2296, '60': 4327592, '65': 166016, '91': 501, '20': 2184, '30': 2097328, '12': 4196480, '45': 4196528, '53': 166016, '86': 4196480, '28': 131072, '19': 166064, '87': 4325528, '34': 164240, '02': 4194440, '01': 98448, '51': 4325504, '48': 164064, '97': 131208, '03': 133248, '59': 163968, '49': 6488204, '89': 166016, '43': 163968, '64': 236540, '46': 164272, '85': 7348448, '06': 133296, '69': 4325624, '39': 527488, '44': 133120, '37': 3208, '79': 164240, '15': 184, '29': 231560, '82': 134272, '07': 137408, '21': 527488, '81': 180, '73': 164240, '74': 4325520, '76': 4327560, '98': 133248, '47': 166016, '10': 4325624}
{'52': 133248, '31': 4325536, '50': 229504, '25': 231560, '78': 6488204, '17': 231560, '54': 4360376, '23': 4327576, '08': 164016, '36': 166016, '94': 14680224, '38': 4325528, '68': 164272, '61': 170160, '09': 139264, '84': 66416, '58': 4327560, '56': 4327592, '16': 173, '40': 526476, '80': 14915726, '32': 2184, '83': 2164868, '35': 4325624, '24': 231472, '04': 4325528, '62': 13123712, '13': 164320, '27': 166080, '55': 133248, '75': 6490252, '11': 4325520, '42': 133248, '77': 7569548, '92': 4196480, '05': 14909582, '57': 2185, '14': 4327560, '63': 166016, '72': 531916, '26': 6344, '70': 163968, '99': 540809, '95': 14680224, '93': 204800, '22': 527488, '33': 4327592, '18': 2296, '60': 4327592, '65': 166016, '91': 501, '20': 2184, '30': 2097328, '12': 4196480, '45': 4196528, '53': 166016, '86': 4196480, '28': 131072, '19': 166064, '87': 4325528, '34': 164240, '02': 4194440, '01': 98448, '51': 4325504, '48': 164064, '97': 131208, '03': 133248, '59': 163968, '49': 6488204, '89': 166016, '43': 163968, '64': 236540, '46': 164272, '85': 7348448, '06': 133296, '69': 4325624, '39': 527488, '44': 133120, '37': 3208, '79': 164240, '15': 184, '29': 231560, '82': 134272, '07': 137408, '21': 527488, '81': 180, '73': 164240, '74': 4325520, '76': 4327560, '98': 133248, '47': 166016, '10': 4325624}
[0, 1, 2, 3, 4, 5, 6, 7, 8, 9, 10, 11, 12, 13, 14, 15, 16, 17, 19, 20, 21, 22, 23]
23
Optimal Subset: 0b111110111111111111111111
Function: 106.31453663172775, 11.554474500002067, 1.2102031707763672, 83.21518218317853, 9.847834757390418, 0.4271717855284676, 0.05967023485189082
106.31453663172775
Real: 106.31453663172775, 11.554474500002067, 1.2102031707763672, 83.21518218317853, 9.847834757390418, 0.4271717855284676, 0.05967023485189082
Num Redshift Qs: 92; Num GCP Qs: 2
Redshift Qs: $11.554474500002067; GCP Qs: $1.2102031707763672; Movement Cost: $83.21518218317853
Load Cost: $9.847834757390418, Storage Cost: $0.4271717855284676, API Cost: $0.05967023485189082
Final cost: $106.31453663172775, BQ Baseline: $106.35100841522217, Diff: $0.03647178349442015, %: 0.03429378248302523%
