Egress: $0.12/GB
Benchmark: tpcds
Data Path: parquet_2000/internal_rs1
BigQuery Cost: $5/TB; DuckDB Cost: $1.48/hr; Redshift Cost: $1.086/hr
Use Duck: False
Excluded Table: web_sales
Excluded Query: None

Starting analysis without using DuckDB
Redshift Total: $8.219016847785314, Redshift-Calcite Total: $7.747829310599169, BigQuery Total: $61.95054531097412
!!!!!!: 55.32129047494331
Excluding table web_sales and any queries that depend on it
Total Keys: 63, Keys Considered: 61
-0.045272371794657845
call_center: 5.735084414482117e-06, 0.005376687933993511, 1.9795716752759691
catalog_page: 0.0006659524515271187, 0.005071318239143778, -0.005071318239143778
catalog_page had no query dependencies
catalog_returns: 23.366260116919875, 3.0543725901025836, 2.653292308745552
catalog_sales: 217.0907397372648, 29.314747046664515, -13.632676447278618
customer: 0.6484093563631177, 0.09139594144607811, 17.973107177471068
customer_address: 0.18544994108378887, 0.03122382486071014, 19.294158641548492
customer_demographics: 0.012168197892606258, 0.007093640704385083, 14.622392895129293
date_dim: 0.0019952356815338135, 0.005567650534476029, 49.19228786400699
household_demographics: 3.512948751449585e-05, 0.004389715231612621, 15.881248436360801
income_band: 6.137415766716003e-07, 0.0034144214334701707, 3.1216649105117105
inventory: 0.24701470416039228, 0.03762388877649436, 1.097690220345464
item: 0.005464168265461922, 0.0061778069790870615, 31.97972295146895
promotion: 2.6027671992778778e-05, 0.004807671677685026, 8.535317077356162
reason: 1.2423843145370483e-06, 0.004734816614225511, 2.008073860912884
ship_mode: 1.5795230865478516e-06, 0.004709163916377416, 0.4999730761016724
store: 2.3781321942806244e-05, 0.005282360180753131, 36.5724963188305
store_returns: 36.877127600833774, 4.816824894527955, 6.6693736556061465
store_sales: 288.85508783441037, 39.22538782686339, 8.782628127762209
time_dim: 0.0012104213237762451, 0.0019424993010774174, 1.0783365200086021
warehouse: 2.3292377591133118e-06, 0.00044575777913270775, 1.9932208493381227
web_page: 1.0661780834197998e-05, 0.0015543727621538368, -0.0015543727621538368
web_page had no query dependencies
web_returns: 11.326140539720654, 1.4887780631316518, -1.3669887678957795
web_site: 8.863396942615509e-06, 0.0006161840154207043, -0.0006161840154207043
web_site had no query dependencies
-0.04523508783959219
call_center: 5.735084414482117e-06, 0.0053766870937324955, 0.048021802563907964
catalog_returns: 23.366260116919875, 3.050949143117312, -2.9677149364837443
customer: 0.6484093563631177, 0.09130094143130657, 13.303635769637642
customer_address: 0.18544994108378887, 0.031196654143678604, 13.67607532255496
customer_demographics: 0.012168197892606258, 0.0070918579124370695, 8.45416862960349
date_dim: 0.0019952356815338135, 0.005567358207696105, 33.388428261711994
household_demographics: 3.512948751449585e-05, 0.00438971008470689, 11.972246545803038
income_band: 6.137415766716003e-07, 0.0034144213435494154, 0.0186076306484696
inventory: 0.24701470416039228, 0.037587698057909354, 0.18556990178066535
item: 0.005464168265461922, 0.00617700641064856, 18.83660397186052
promotion: 2.6027671992778778e-05, 0.004807667864308184, 3.5173320221573654
reason: 1.2423843145370483e-06, 0.004734816432200796, 2.0080738610949087
ship_mode: 1.5795230865478516e-06, 0.004709163684957689, -0.004709163684957689
ship_mode had no query dependencies
store: 2.3781321942806244e-05, 0.005282356696494439, 28.666671242647993
store_returns: 36.877127600833774, 4.811421937842597, -1.3299543724113994
store_sales: 288.85508783441037, 39.18306697300493, 0.12787824797888447
time_dim: 0.0012104213237762451, 0.001942321959337188, 1.0783366973503425
warehouse: 2.3292377591133118e-06, 0.0004457574378704799, 0.014615184298430306
-0.04522803580461058
call_center: 5.735084414482117e-06, 0.005376686934802198, -0.005376686934802198
call_center had no query dependencies
customer: 0.6484093563631177, 0.09128297275211891, 12.005049455769594
customer_address: 0.18544994108378887, 0.031191514966607818, 12.463644338160634
customer_demographics: 0.012168197892606258, 0.007091520708104531, 8.378748425158163
date_dim: 0.0019952356815338135, 0.0055673029158507395, 32.21473568883399
household_demographics: 3.512948751449585e-05, 0.004389709111200747, 11.896826005126885
income_band: 6.137415766716003e-07, 0.003414421326541448, -0.003414421326541448
income_band had no query dependencies
inventory: 0.24701470416039228, 0.037580852802007146, 0.18557674703656754
item: 0.005464168265461922, 0.006176854987962219, 17.729424258337396
promotion: 2.6027671992778778e-05, 0.004807667143030979, 3.5173320228786427
reason: 1.2423843145370483e-06, 0.004734816397771921, 0.746266634172255
store: 2.3781321942806244e-05, 0.005282356037467946, 26.469032956824925
store_sales: 288.85508783441037, 39.17506223902926, -3.2373943725087813
time_dim: 0.0012104213237762451, 0.001942288416217806, 1.0783367308934617
warehouse: 2.3292377591133118e-06, 0.00044575737332279, 0.014615184362977995
-0.04517081981825953
customer: 0.6484093563631177, 0.09113718565579437, -0.09113718565579437
customer had no query dependencies
customer_address: 0.18544994108378887, 0.03114981876318502, -0.03114981876318502
customer_address had no query dependencies
customer_demographics: 0.012168197892606258, 0.007088784834198863, -0.007088784834198863
customer_demographics had no query dependencies
date_dim: 0.0019952356815338135, 0.005566854310947619, 0.009494087425353168
household_demographics: 3.512948751449585e-05, 0.004389701212755221, -0.004389701212755221
household_demographics had no query dependencies
inventory: 0.24701470416039228, 0.037525314497206926, -0.02246437276090614
item: 0.005464168265461922, 0.0061756264350157925, 0.008885315301284993
promotion: 2.6027671992778778e-05, 0.00480766129101992, -0.00480766129101992
promotion had no query dependencies
reason: 1.2423843145370483e-06, 0.004734816118436652, -0.004734816118436652
reason had no query dependencies
store: 2.3781321942806244e-05, 0.005282350690521855, -0.005282350690521855
store had no query dependencies
time_dim: 0.0012104213237762451, 0.001942016267445752, -0.001942016267445752
time_dim had no query dependencies
warehouse: 2.3292377591133118e-06, 0.0004457568496215106, 0.014615184886679275
date_dim: 0.0019952356815338135, 0.005566850968646823, -0.005566850968646823
date_dim had no query dependencies
item: 0.005464168265461922, 0.006175617281764319, -0.006175617281764319
item had no query dependencies
warehouse: 2.3292377591133118e-06, 0.0004457568457197092, -0.0004457568457197092
warehouse had no query dependencies
{}
{}
STARTING PHASE 2: 0b0
----
[]
Function: 61.95054531097412, 0, 61.95054531097412, 0.0, 0, 0.0, 0
{61.95054531097412: []}
[]
{}
Best Cost: $61.95054531097412;
[]
{}
{}
{}
[]
0
Optimal Subset: 0b0
Function: 61.95054531097412, 0, 61.95054531097412, 0.0, 0, 0.0, 0
61.95054531097412
Real: 61.95054531097412, 0, 61.95054531097412, 0.0, 0, 0.0, 0
Num Redshift Qs: 0; Num GCP Qs: 63
Redshift Qs: $0; GCP Qs: $61.95054531097412; Movement Cost: $0.0
Load Cost: $0, Storage Cost: $0.0, API Cost: $0
Final cost: $61.95054531097412, BQ Baseline: $61.95054531097412, Diff: $0.0, %: 0.0%
