Egress: $0.12/GB
Benchmark: tpcds
Data Path: parquet_2000/internal_rs1
BigQuery Cost: $5/TB; DuckDB Cost: $1.48/hr; Redshift Cost: $1.086/hr
Use Duck: False
Excluded Table: inventory
Excluded Query: None

Starting analysis without using DuckDB
Redshift Total: $14.811579133720002, Redshift-Calcite Total: $14.226341742278736, BigQuery Total: $109.71192836761475
!!!!!!: 96.79854130122982
Excluding table inventory and any queries that depend on it
Total Keys: 93, Keys Considered: 91
call_center: 5.735084414482117e-06, 0.005376689218619719, 1.979571673991343
catalog_page: 0.0006659524515271187, 0.00507146740869575, 5.510614674952468
catalog_returns: 23.366260116919875, 3.059606499137554, 17.08903657354109
catalog_sales: 217.0907397372648, 29.363374134543953, 21.575898931814216
customer: 0.6484093563631177, 0.09154118144476198, 27.641946865018173
customer_address: 0.18544994108378887, 0.03126536459010271, 30.264286567051396
customer_demographics: 0.012168197892606258, 0.007096366311331627, 16.301315927460173
date_dim: 0.0019952356815338135, 0.0055680974558921315, 90.51871832974952
household_demographics: 3.512948751449585e-05, 0.0043897231004175205, 15.22612372636303
income_band: 6.137415766716003e-07, 0.0034144215709447845, 3.121664910374236
item: 0.005464168265461922, 0.006179030921622584, 50.15449847569924
promotion: 2.6027671992778778e-05, 0.004807677507735146, 10.92040702509489
reason: 1.2423843145370483e-06, 0.004734816892512514, 2.4852341754182503
ship_mode: 1.5795230865478516e-06, 0.004709164270181581, 2.1263819887439217
store: 2.3781321942806244e-05, 0.0052823655076336485, 45.606854742360554
store_returns: 36.877127600833774, 4.825085160842204, 21.90803617887391
store_sales: 288.85508783441037, 39.290089719526094, 46.81794339951941
time_dim: 0.0012104213237762451, 0.0019427704285522865, 4.345581895479466
warehouse: 2.3292377591133118e-06, 0.0004457583008686848, 2.7986242043246348
web_page: 1.0661780834197998e-05, 0.0015543751503319517, 2.9064400800834806
web_returns: 11.326140539720654, 1.491315054032445, 15.155308998208405
web_sales: 109.34904180746526, 14.644203103139386, 27.968361832269057
web_site: 8.863396942615509e-06, 0.0006161860007710816, 6.566957097436719
{}
{}
STARTING PHASE 2: 0b111111111111101111111111
----
[0, 1, 2, 3, 4, 5, 6, 7, 8, 9, 11, 12, 13, 14, 15, 16, 17, 18, 19, 20, 21, 22, 23]
Function: 106.43012107569115, 11.703183895608582, 1.2102031707763672, 83.18545010680042, 9.841769702661036, 0.4298652024828971, 0.05964899736185373
call_center: 5.735084414482117e-06, 0.005376689218619719, 1.979571673991343
catalog_page: 0.0006659524515271187, 0.00507146740869575, 5.510614674952468
catalog_returns: 23.366260116919875, 3.059606499137554, 17.08903657354109
catalog_sales: 217.0907397372648, 29.363374134543953, 21.575898931814216
customer: 0.6484093563631177, 0.09154118144476198, 27.641946865018173
customer_address: 0.18544994108378887, 0.03126536459010271, 30.264286567051396
customer_demographics: 0.012168197892606258, 0.007096366311331627, 16.301315927460173
date_dim: 0.0019952356815338135, 0.0055680974558921315, 90.51871832974952
household_demographics: 3.512948751449585e-05, 0.0043897231004175205, 15.22612372636303
income_band: 6.137415766716003e-07, 0.0034144215709447845, 3.121664910374236
item: 0.005464168265461922, 0.006179030921622584, 50.15449847569924
promotion: 2.6027671992778778e-05, 0.004807677507735146, 10.92040702509489
reason: 1.2423843145370483e-06, 0.004734816892512514, 2.4852341754182503
ship_mode: 1.5795230865478516e-06, 0.004709164270181581, 2.1263819887439217
store: 2.3781321942806244e-05, 0.0052823655076336485, 45.606854742360554
store_returns: 36.877127600833774, 4.825085160842204, 21.90803617887391
store_sales: 288.85508783441037, 39.290089719526094, 46.81794339951941
time_dim: 0.0012104213237762451, 0.0019427704285522865, 4.345581895479466
warehouse: 2.3292377591133118e-06, 0.0004457583008686848, 2.7986242043246348
web_page: 1.0661780834197998e-05, 0.0015543751503319517, 2.9064400800834806
web_returns: 11.326140539720654, 1.491315054032445, 15.155308998208405
web_sales: 109.34904180746526, 14.644203103139386, 27.968361832269057
web_site: 8.863396942615509e-06, 0.0006161860007710816, 6.566957097436719
catalog_page: 0.0006659524515271187, 0.005071466102561685, 5.5106146762586015
catalog_returns: 23.366260116919875, 3.0595606708381937, 16.087139830320442
catalog_sales: 217.0907397372648, 29.36294835398004, 19.6447748388258
customer: 0.6484093563631177, 0.0915399097180097, 27.588549647087284
customer_address: 0.18544994108378887, 0.0312650008667095, 29.262344359254776
customer_demographics: 0.012168197892606258, 0.007096342445817295, 16.24791746166805
date_dim: 0.0019952356815338135, 0.00556809354263183, 88.53376997045281
household_demographics: 3.512948751449585e-05, 0.0043897230315179765, 15.172725236774287
income_band: 6.137415766716003e-07, 0.0034144215697410516, 3.1216649103754395
item: 0.005464168265461922, 0.00617902020473688, 49.67617493474423
promotion: 2.6027671992778778e-05, 0.0048076774566870135, 10.920407025145938
reason: 1.2423843145370483e-06, 0.004734816890075822, 2.4852341754206866
ship_mode: 1.5795230865478516e-06, 0.004709164267083659, 1.62169974872897
store: 2.3781321942806244e-05, 0.0052823654609912875, 45.606854742407194
store_returns: 36.877127600833774, 4.825012833647574, 21.90810850606854
store_sales: 288.85508783441037, 39.28952318738227, 46.81850993166323
time_dim: 0.0012104213237762451, 0.0019427680545501783, 4.345581897853468
warehouse: 2.3292377591133118e-06, 0.00044575829630034546, 2.293941964311153
web_page: 1.0661780834197998e-05, 0.0015543751294209765, 2.9064400801043915
web_returns: 11.326140539720654, 1.4912928400471235, 15.155331212193726
web_sales: 109.34904180746526, 14.643988636613821, 27.968576298794623
web_site: 8.863396942615509e-06, 0.0006161859833872809, 6.566957097454103
Function: 108.40834391763163, 11.640946360991398, 3.2573890686035156, 83.18544941309416, 9.83640370573282, 0.4285163723433938, 0.05963899686634245
hiya: 0b111111111111101111111110, 108.40834391763163
catalog_page: 0.0006659524515271187, 0.005071466102561685, 5.5106146762586015
catalog_returns: 23.366260116919875, 3.0595606708381937, 16.087139830320442
catalog_sales: 217.0907397372648, 29.36294835398004, 19.6447748388258
customer: 0.6484093563631177, 0.0915399097180097, 27.588549647087284
customer_address: 0.18544994108378887, 0.0312650008667095, 29.262344359254776
customer_demographics: 0.012168197892606258, 0.007096342445817295, 16.24791746166805
date_dim: 0.0019952356815338135, 0.00556809354263183, 88.53376997045281
household_demographics: 3.512948751449585e-05, 0.0043897230315179765, 15.172725236774287
income_band: 6.137415766716003e-07, 0.0034144215697410516, 3.1216649103754395
item: 0.005464168265461922, 0.00617902020473688, 49.67617493474423
promotion: 2.6027671992778778e-05, 0.0048076774566870135, 10.920407025145938
reason: 1.2423843145370483e-06, 0.004734816890075822, 2.4852341754206866
ship_mode: 1.5795230865478516e-06, 0.004709164267083659, 1.62169974872897
store: 2.3781321942806244e-05, 0.0052823654609912875, 45.606854742407194
store_returns: 36.877127600833774, 4.825012833647574, 21.90810850606854
store_sales: 288.85508783441037, 39.28952318738227, 46.81850993166323
time_dim: 0.0012104213237762451, 0.0019427680545501783, 4.345581897853468
warehouse: 2.3292377591133118e-06, 0.00044575829630034546, 2.293941964311153
web_page: 1.0661780834197998e-05, 0.0015543751294209765, 2.9064400801043915
web_returns: 11.326140539720654, 1.4912928400471235, 15.155331212193726
web_sales: 109.34904180746526, 14.643988636613821, 27.968576298794623
web_site: 8.863396942615509e-06, 0.0006161859833872809, 6.566957097454103
catalog_page: 0.0006659524515271187, 0.005071465140404559, 5.510614677220759
catalog_returns: 23.366260116919875, 3.0595269116507136, 16.087173589507923
catalog_sales: 217.0907397372648, 29.36263470485749, 18.269815063389316
customer: 0.6484093563631177, 0.0915389729068591, 27.58855058389843
customer_address: 0.18544994108378887, 0.03126473293169132, 29.262344627189794
customer_demographics: 0.012168197892606258, 0.0070963248654055434, 16.24791747924846
date_dim: 0.0019952356815338135, 0.005568090659948204, 86.90736106033944
household_demographics: 3.512948751449585e-05, 0.004389722980763473, 15.172725236825043
income_band: 6.137415766716003e-07, 0.0034144215688543277, 3.1216649103763263
item: 0.005464168265461922, 0.006179012310196633, 49.67617494263877
promotion: 2.6027671992778778e-05, 0.0048076774190826625, 10.920407025183543
reason: 1.2423843145370483e-06, 0.004734816888280847, 2.4852341754224816
store: 2.3781321942806244e-05, 0.005282365426632425, 45.606854742441556
store_returns: 36.877127600833774, 4.824959554181447, 21.908161785534666
store_sales: 288.85508783441037, 39.28910585431245, 46.81892726473305
time_dim: 0.0012104213237762451, 0.0019427663057534005, 2.970308475043229
warehouse: 2.3292377591133118e-06, 0.0004457582929351012, 0.6675330513184649
web_page: 1.0661780834197998e-05, 0.0015543751140170113, 2.9064400801197956
web_returns: 11.326140539720654, 1.4912764762259558, 15.155347576014893
web_sales: 109.34904180746526, 14.643830650920576, 26.34232537149181
web_site: 8.863396942615509e-06, 0.000616185970581591, 6.315821609029891
Function: 110.02905005851478, 11.595845531250633, 4.928898811340332, 83.18544922203769, 9.831704732129175, 0.427522765027073, 0.059628996729871646
hiya: 0b111111111011101111111110, 110.02905005851478
catalog_page: 0.0006659524515271187, 0.005071465140404559, 5.510614677220759
catalog_returns: 23.366260116919875, 3.0595269116507136, 16.087173589507923
catalog_sales: 217.0907397372648, 29.36263470485749, 18.269815063389316
customer: 0.6484093563631177, 0.0915389729068591, 27.58855058389843
customer_address: 0.18544994108378887, 0.03126473293169132, 29.262344627189794
customer_demographics: 0.012168197892606258, 0.0070963248654055434, 16.24791747924846
date_dim: 0.0019952356815338135, 0.005568090659948204, 86.90736106033944
household_demographics: 3.512948751449585e-05, 0.004389722980763473, 15.172725236825043
income_band: 6.137415766716003e-07, 0.0034144215688543277, 3.1216649103763263
item: 0.005464168265461922, 0.006179012310196633, 49.67617494263877
promotion: 2.6027671992778778e-05, 0.0048076774190826625, 10.920407025183543
reason: 1.2423843145370483e-06, 0.004734816888280847, 2.4852341754224816
store: 2.3781321942806244e-05, 0.005282365426632425, 45.606854742441556
store_returns: 36.877127600833774, 4.824959554181447, 21.908161785534666
store_sales: 288.85508783441037, 39.28910585431245, 46.81892726473305
time_dim: 0.0012104213237762451, 0.0019427663057534005, 2.970308475043229
warehouse: 2.3292377591133118e-06, 0.0004457582929351012, 0.6675330513184649
web_page: 1.0661780834197998e-05, 0.0015543751140170113, 2.9064400801197956
web_returns: 11.326140539720654, 1.4912764762259558, 15.155347576014893
web_sales: 109.34904180746526, 14.643830650920576, 26.34232537149181
web_site: 8.863396942615509e-06, 0.000616185970581591, 6.315821609029891
catalog_page: 0.0006659524515271187, 0.0050714651302690315, 5.510614677230894
catalog_returns: 23.366260116919875, 3.059526556025654, 15.419195135521582
catalog_sales: 217.0907397372648, 29.362631400823947, 17.601839557811463
customer: 0.6484093563631177, 0.09153896303833008, 27.58855059376696
customer_address: 0.18544994108378887, 0.03126473010921797, 29.26234463001227
customer_demographics: 0.012168197892606258, 0.007096324680210477, 16.247917479433656
date_dim: 0.0019952356815338135, 0.005568090629581521, 86.23938225075841
household_demographics: 3.512948751449585e-05, 0.004389722980228816, 15.172725236825578
income_band: 6.137415766716003e-07, 0.003414421568844987, 3.1216649103763356
item: 0.005464168265461922, 0.006179012227034195, 49.00819613311053
promotion: 2.6027671992778778e-05, 0.004807677418686531, 10.92040702518394
reason: 1.2423843145370483e-06, 0.004734816888261937, 2.4852341754225007
store: 2.3781321942806244e-05, 0.005282365426270483, 45.60685474244192
store_returns: 36.877127600833774, 4.824958992926431, 21.90816234678968
store_sales: 288.85508783441037, 39.28910145805446, 46.81893166099104
time_dim: 0.0012104213237762451, 0.001942766287331276, 2.9703084750616506
web_page: 1.0661780834197998e-05, 0.0015543751138547433, 2.9064400801199577
web_returns: 11.326140539720654, 1.4912763038466628, 15.155347748394187
web_sales: 109.34904180746526, 14.64382898667224, 26.342327035740148
web_site: 8.863396942615509e-06, 0.0006161859704466937, 6.315821609030026
Function: 110.69657264078191, 11.595756408733127, 5.596966743469238, 83.18544894029696, 9.831269254993995, 0.4275122967599533, 0.059618996528625505
hiya: 0b111101111011101111111110, 110.69657264078191
catalog_page: 0.0006659524515271187, 0.0050714651302690315, 5.510614677230894
catalog_returns: 23.366260116919875, 3.059526556025654, 15.419195135521582
catalog_sales: 217.0907397372648, 29.362631400823947, 17.601839557811463
customer: 0.6484093563631177, 0.09153896303833008, 27.58855059376696
customer_address: 0.18544994108378887, 0.03126473010921797, 29.26234463001227
customer_demographics: 0.012168197892606258, 0.007096324680210477, 16.247917479433656
date_dim: 0.0019952356815338135, 0.005568090629581521, 86.23938225075841
household_demographics: 3.512948751449585e-05, 0.004389722980228816, 15.172725236825578
income_band: 6.137415766716003e-07, 0.003414421568844987, 3.1216649103763356
item: 0.005464168265461922, 0.006179012227034195, 49.00819613311053
promotion: 2.6027671992778778e-05, 0.004807677418686531, 10.92040702518394
reason: 1.2423843145370483e-06, 0.004734816888261937, 2.4852341754225007
store: 2.3781321942806244e-05, 0.005282365426270483, 45.60685474244192
store_returns: 36.877127600833774, 4.824958992926431, 21.90816234678968
store_sales: 288.85508783441037, 39.28910145805446, 46.81893166099104
time_dim: 0.0012104213237762451, 0.001942766287331276, 2.9703084750616506
web_page: 1.0661780834197998e-05, 0.0015543751138547433, 2.9064400801199577
web_returns: 11.326140539720654, 1.4912763038466628, 15.155347748394187
web_sales: 109.34904180746526, 14.64382898667224, 26.342327035740148
web_site: 8.863396942615509e-06, 0.0006161859704466937, 6.315821609030026
catalog_page: 0.0006659524515271187, 0.005071458563111812, 5.510614683798051
catalog_returns: 23.366260116919875, 3.0592961343139273, 15.419425557233309
catalog_sales: 217.0907397372648, 29.360490603811503, 17.603980354823907
customer: 0.6484093563631177, 0.09153256887884349, 27.58855698792645
customer_address: 0.18544994108378887, 0.031262901331627964, 28.785186144006204
customer_demographics: 0.012168197892606258, 0.007096204685954955, 15.77075728464426
date_dim: 0.0019952356815338135, 0.00556807095396297, 85.76222195565036
household_demographics: 3.512948751449585e-05, 0.0043897226338063845, 15.172725237172
income_band: 6.137415766716003e-07, 0.003414421562792697, 3.121664910382388
item: 0.005464168265461922, 0.006178958343229145, 49.00819618699434
promotion: 2.6027671992778778e-05, 0.0048076771620198374, 10.920407025440605
store: 2.3781321942806244e-05, 0.005282365191755722, 45.60685474267643
store_returns: 36.877127600833774, 4.824595336490921, 20.64671877626811
store_sales: 288.85508783441037, 39.286252971242845, 44.80897147027555
time_dim: 0.0012104213237762451, 0.0019427543510029145, 2.970308486997979
web_page: 1.0661780834197998e-05, 0.001554375008715719, 2.429279765441444
web_returns: 11.326140539720654, 1.4911646133717062, 14.67829912408549
web_sales: 109.34904180746526, 14.642750662915555, 25.86624504471318
web_site: 8.863396942615509e-06, 0.0006161858830420734, 6.315821609117431
Function: 113.17502500278042, 11.26057491123676, 8.422117233276367, 83.18544879002023, 9.826544588071503, 0.4207304837542682, 0.0596089964212835
hiya: 0b111101111001101111111110, 113.17502500278042
catalog_page: 0.0006659524515271187, 0.005071458563111812, 5.510614683798051
catalog_returns: 23.366260116919875, 3.0592961343139273, 15.419425557233309
catalog_sales: 217.0907397372648, 29.360490603811503, 17.603980354823907
customer: 0.6484093563631177, 0.09153256887884349, 27.58855698792645
customer_address: 0.18544994108378887, 0.031262901331627964, 28.785186144006204
customer_demographics: 0.012168197892606258, 0.007096204685954955, 15.77075728464426
date_dim: 0.0019952356815338135, 0.00556807095396297, 85.76222195565036
household_demographics: 3.512948751449585e-05, 0.0043897226338063845, 15.172725237172
income_band: 6.137415766716003e-07, 0.003414421562792697, 3.121664910382388
item: 0.005464168265461922, 0.006178958343229145, 49.00819618699434
promotion: 2.6027671992778778e-05, 0.0048076771620198374, 10.920407025440605
store: 2.3781321942806244e-05, 0.005282365191755722, 45.60685474267643
store_returns: 36.877127600833774, 4.824595336490921, 20.64671877626811
store_sales: 288.85508783441037, 39.286252971242845, 44.80897147027555
time_dim: 0.0012104213237762451, 0.0019427543510029145, 2.970308486997979
web_page: 1.0661780834197998e-05, 0.001554375008715719, 2.429279765441444
web_returns: 11.326140539720654, 1.4911646133717062, 14.67829912408549
web_sales: 109.34904180746526, 14.642750662915555, 25.86624504471318
web_site: 8.863396942615509e-06, 0.0006161858830420734, 6.315821609117431
catalog_page: 0.0006659524515271187, 0.005071456968503786, 5.510614685392659
catalog_returns: 23.366260116919875, 3.0592401843345427, 13.139467280385071
catalog_sales: 217.0907397372648, 29.359970784963636, 15.324485946844156
customer: 0.6484093563631177, 0.09153101627735999, 27.58855854052793
customer_address: 0.18544994108378887, 0.031262457275954156, 28.78518658806188
customer_demographics: 0.012168197892606258, 0.007096175549481346, 15.770757313780733
date_dim: 0.0019952356815338135, 0.005568066176416427, 83.48220773360029
household_demographics: 3.512948751449585e-05, 0.004389722549689624, 15.021905323633579
income_band: 6.137415766716003e-07, 0.0034144215613231064, 3.1216649103838576
item: 0.005464168265461922, 0.006178945259402282, 49.00819620007817
promotion: 2.6027671992778778e-05, 0.004807677099697168, 10.920407025502929
store: 2.3781321942806244e-05, 0.005282365134811886, 43.32684051590576
store_returns: 36.877127600833774, 4.8245070350460715, 18.366792850885336
store_sales: 288.85508783441037, 39.28556131429267, 42.529648900398094
time_dim: 0.0012104213237762451, 0.001942751452676534, 2.819488576273767
web_returns: 11.326140539720654, 1.4911374931853119, 12.398312017444264
web_sales: 109.34904180746526, 14.64248882911741, 23.435672738061157
web_site: 8.863396942615509e-06, 0.0006161858618188706, 6.315821609138654
Function: 115.60265802842349, 11.179583490163482, 10.933942794799805, 83.18544750038899, 9.825001499920287, 0.4190837476508124, 0.05959899550010563
hiya: 0b111001111001101111111110, 115.60265802842349
catalog_page: 0.0006659524515271187, 0.005071456968503786, 5.510614685392659
catalog_returns: 23.366260116919875, 3.0592401843345427, 13.139467280385071
catalog_sales: 217.0907397372648, 29.359970784963636, 15.324485946844156
customer: 0.6484093563631177, 0.09153101627735999, 27.58855854052793
customer_address: 0.18544994108378887, 0.031262457275954156, 28.78518658806188
customer_demographics: 0.012168197892606258, 0.007096175549481346, 15.770757313780733
date_dim: 0.0019952356815338135, 0.005568066176416427, 83.48220773360029
household_demographics: 3.512948751449585e-05, 0.004389722549689624, 15.021905323633579
income_band: 6.137415766716003e-07, 0.0034144215613231064, 3.1216649103838576
item: 0.005464168265461922, 0.006178945259402282, 49.00819620007817
promotion: 2.6027671992778778e-05, 0.004807677099697168, 10.920407025502929
store: 2.3781321942806244e-05, 0.005282365134811886, 43.32684051590576
store_returns: 36.877127600833774, 4.8245070350460715, 18.366792850885336
store_sales: 288.85508783441037, 39.28556131429267, 42.529648900398094
time_dim: 0.0012104213237762451, 0.001942751452676534, 2.819488576273767
web_returns: 11.326140539720654, 1.4911374931853119, 12.398312017444264
web_sales: 109.34904180746526, 14.64248882911741, 23.435672738061157
web_site: 8.863396942615509e-06, 0.0006161858618188706, 6.315821609138654
catalog_page: 0.0006659524515271187, 0.005071453591608517, 5.510614688769555
catalog_returns: 23.366260116919875, 3.0591216992789314, 13.139585765440684
catalog_sales: 217.0907397372648, 29.358869966593826, 13.584434456797208
customer: 0.6484093563631177, 0.09152772833918489, 27.58856182846611
customer_address: 0.18544994108378887, 0.03126151690096593, 28.785187528436868
customer_demographics: 0.012168197892606258, 0.007096113847283529, 15.77075737548293
date_dim: 0.0019952356815338135, 0.005568056059024534, 81.74105543530092
household_demographics: 3.512948751449585e-05, 0.0043897223715558846, 13.941626304502034
income_band: 6.137415766716003e-07, 0.003414421558210961, 3.12166491038697
item: 0.005464168265461922, 0.006178917551832582, 47.26704391936897
promotion: 2.6027671992778778e-05, 0.00480767696771669, 10.920407025634908
store: 2.3781321942806244e-05, 0.005282365014222146, 42.246561496716666
store_returns: 36.877127600833774, 4.824320039416788, 18.366979846514617
store_sales: 288.85508783441037, 39.28409659503617, 39.709682291928154
web_returns: 11.326140539720654, 1.491080060871155, 12.39836944975842
web_sales: 109.34904180746526, 14.641934344692656, 21.695074914069146
web_site: 8.863396942615509e-06, 0.0006161858168745759, 6.315821609183598
Function: 118.41865817796406, 11.006587136920686, 13.928370475769043, 83.18530108984304, 9.823214841215211, 0.41559574329637405, 0.059588890919703257
hiya: 0b111000111001101111111110, 118.41865817796406
catalog_page: 0.0006659524515271187, 0.005071453591608517, 5.510614688769555
catalog_returns: 23.366260116919875, 3.0591216992789314, 13.139585765440684
catalog_sales: 217.0907397372648, 29.358869966593826, 13.584434456797208
customer: 0.6484093563631177, 0.09152772833918489, 27.58856182846611
customer_address: 0.18544994108378887, 0.03126151690096593, 28.785187528436868
customer_demographics: 0.012168197892606258, 0.007096113847283529, 15.77075737548293
date_dim: 0.0019952356815338135, 0.005568056059024534, 81.74105543530092
household_demographics: 3.512948751449585e-05, 0.0043897223715558846, 13.941626304502034
income_band: 6.137415766716003e-07, 0.003414421558210961, 3.12166491038697
item: 0.005464168265461922, 0.006178917551832582, 47.26704391936897
promotion: 2.6027671992778778e-05, 0.00480767696771669, 10.920407025634908
store: 2.3781321942806244e-05, 0.005282365014222146, 42.246561496716666
store_returns: 36.877127600833774, 4.824320039416788, 18.366979846514617
store_sales: 288.85508783441037, 39.28409659503617, 39.709682291928154
web_returns: 11.326140539720654, 1.491080060871155, 12.39836944975842
web_sales: 109.34904180746526, 14.641934344692656, 21.695074914069146
web_site: 8.863396942615509e-06, 0.0006161858168745759, 6.315821609183598
catalog_page: 0.0006659524515271187, 0.005071444561536232, 5.510614697799627
catalog_returns: 23.366260116919875, 3.0588048613164083, 10.036845323450043
catalog_sales: 217.0907397372648, 29.355926295363737, 10.484320848074127
customer: 0.6484093563631177, 0.0915189361448704, 24.463491288715243
customer_address: 0.18544994108378887, 0.031259002267422134, 25.66011071112523
customer_demographics: 0.012168197892606258, 0.007095948850959402, 12.645678208534072
date_dim: 0.0019952356815338135, 0.005568029004356609, 78.63799818240243
household_demographics: 3.512948751449585e-05, 0.00438972189521285, 10.816546973033196
item: 0.005464168265461922, 0.006178843459704384, 44.16398671350794
promotion: 2.6027671992778778e-05, 0.004807676614790954, 7.8173497460346715
store: 2.3781321942806244e-05, 0.005282364691756096, 39.14350421708597
store_returns: 36.877127600833774, 4.823819999020324, 15.242400554965908
store_sales: 288.85508783441037, 39.28017982542752, 36.61054178158364
web_returns: 11.326140539720654, 1.490926482537528, 12.398523028092047
web_sales: 109.34904180746526, 14.640451611579321, 21.69655764718248
web_site: 8.863396942615509e-06, 0.000616185696690147, 6.315821609303783
Function: 121.5309978738452, 10.542608546502587, 17.517428398132324, 83.18530101560587, 9.819810493729909, 0.40627052900782124, 0.05957889086667598
hiya: 0b111000111001100111111110, 121.5309978738452
catalog_page: 0.0006659524515271187, 0.005071444561536232, 5.510614697799627
catalog_returns: 23.366260116919875, 3.0588048613164083, 10.036845323450043
catalog_sales: 217.0907397372648, 29.355926295363737, 10.484320848074127
customer: 0.6484093563631177, 0.0915189361448704, 24.463491288715243
customer_address: 0.18544994108378887, 0.031259002267422134, 25.66011071112523
customer_demographics: 0.012168197892606258, 0.007095948850959402, 12.645678208534072
date_dim: 0.0019952356815338135, 0.005568029004356609, 78.63799818240243
household_demographics: 3.512948751449585e-05, 0.00438972189521285, 10.816546973033196
item: 0.005464168265461922, 0.006178843459704384, 44.16398671350794
promotion: 2.6027671992778778e-05, 0.004807676614790954, 7.8173497460346715
store: 2.3781321942806244e-05, 0.005282364691756096, 39.14350421708597
store_returns: 36.877127600833774, 4.823819999020324, 15.242400554965908
store_sales: 288.85508783441037, 39.28017982542752, 36.61054178158364
web_returns: 11.326140539720654, 1.490926482537528, 12.398523028092047
web_sales: 109.34904180746526, 14.640451611579321, 21.69655764718248
web_site: 8.863396942615509e-06, 0.000616185696690147, 6.315821609303783
catalog_returns: 23.366260116919875, 3.0585328574509685, 4.521431184954318
catalog_sales: 217.0907397372648, 29.35339916778473, 4.971161833291973
customer: 0.6484093563631177, 0.0915113880883806, 24.46349883677173
customer_address: 0.18544994108378887, 0.031256843466631254, 25.66011286992602
customer_demographics: 0.012168197892606258, 0.007095807202409499, 12.645678350182623
date_dim: 0.0019952356815338135, 0.005568005778054448, 73.12231206326756
household_demographics: 3.512948751449585e-05, 0.004389721486274648, 10.816546973442135
item: 0.005464168265461922, 0.006178779851969034, 40.972952207795394
promotion: 2.6027671992778778e-05, 0.004807676311805908, 4.626315177017376
store: 2.3781321942806244e-05, 0.005282364414920545, 33.62781807500165
store_returns: 36.877127600833774, 4.823390716747356, 9.727143694877713
store_sales: 288.85508783441037, 39.2768172975754, 31.098218167074585
web_returns: 11.326140539720654, 1.4907946362774973, 6.882968731990912
web_sales: 109.34904180746526, 14.639178692340003, 16.182144424060635
web_site: 8.863396942615509e-06, 0.0006161855935123934, 0.8001354670457972
Function: 127.0336062899397, 10.146343623800275, 23.4293794631958, 83.18522046310726, 9.814829414412975, 0.3982644920950126, 0.059568833328384176
hiya: 0b111000111001100111111100, 127.0336062899397
catalog_returns: 23.366260116919875, 3.0585328574509685, 4.521431184954318
catalog_sales: 217.0907397372648, 29.35339916778473, 4.971161833291973
customer: 0.6484093563631177, 0.0915113880883806, 24.46349883677173
customer_address: 0.18544994108378887, 0.031256843466631254, 25.66011286992602
customer_demographics: 0.012168197892606258, 0.007095807202409499, 12.645678350182623
date_dim: 0.0019952356815338135, 0.005568005778054448, 73.12231206326756
household_demographics: 3.512948751449585e-05, 0.004389721486274648, 10.816546973442135
item: 0.005464168265461922, 0.006178779851969034, 40.972952207795394
promotion: 2.6027671992778778e-05, 0.004807676311805908, 4.626315177017376
store: 2.3781321942806244e-05, 0.005282364414920545, 33.62781807500165
store_returns: 36.877127600833774, 4.823390716747356, 9.727143694877713
store_sales: 288.85508783441037, 39.2768172975754, 31.098218167074585
web_returns: 11.326140539720654, 1.4907946362774973, 6.882968731990912
web_sales: 109.34904180746526, 14.639178692340003, 16.182144424060635
web_site: 8.863396942615509e-06, 0.0006161855935123934, 0.8001354670457972
catalog_returns: 23.366260116919875, 3.058428716625459, 4.521535325779828
catalog_sales: 217.0907397372648, 29.352431618475016, 4.972129382601686
customer: 0.6484093563631177, 0.09150849819991312, 24.463501726660198
customer_address: 0.18544994108378887, 0.031256016936846064, 24.8593620438165
customer_demographics: 0.012168197892606258, 0.007095752970103295, 12.645678404414928
date_dim: 0.0019952356815338135, 0.005567996885510673, 72.32156041952078
household_demographics: 3.512948751449585e-05, 0.004389721329706425, 10.816546973598703
item: 0.005464168265461922, 0.006178755498778107, 40.972952232148586
promotion: 2.6027671992778778e-05, 0.004807676195803466, 4.626315177133378
store: 2.3781321942806244e-05, 0.005282364308929835, 33.62781807510763
store_returns: 36.877127600833774, 4.823226359486436, 9.727308052138632
store_sales: 288.85508783441037, 39.27552990253874, 31.09950556211124
web_returns: 11.326140539720654, 1.4907441569273683, 6.082267558701733
web_sales: 109.34904180746526, 14.638691335808597, 15.381880127952735
Function: 127.8306766659022, 9.993325592601696, 24.38314914703369, 83.18521939100553, 9.814224298325776, 0.395199404372937, 0.05955883256258668
hiya: 0b11000111001100111111100, 127.8306766659022
catalog_returns: 23.366260116919875, 3.058428716625459, 4.521535325779828
catalog_sales: 217.0907397372648, 29.352431618475016, 4.972129382601686
customer: 0.6484093563631177, 0.09150849819991312, 24.463501726660198
customer_address: 0.18544994108378887, 0.031256016936846064, 24.8593620438165
customer_demographics: 0.012168197892606258, 0.007095752970103295, 12.645678404414928
date_dim: 0.0019952356815338135, 0.005567996885510673, 72.32156041952078
household_demographics: 3.512948751449585e-05, 0.004389721329706425, 10.816546973598703
item: 0.005464168265461922, 0.006178755498778107, 40.972952232148586
promotion: 2.6027671992778778e-05, 0.004807676195803466, 4.626315177133378
store: 2.3781321942806244e-05, 0.005282364308929835, 33.62781807510763
store_returns: 36.877127600833774, 4.823226359486436, 9.727308052138632
store_sales: 288.85508783441037, 39.27552990253874, 31.09950556211124
web_returns: 11.326140539720654, 1.4907441569273683, 6.082267558701733
web_sales: 109.34904180746526, 14.638691335808597, 15.381880127952735
catalog_sales: 217.0907397372648, 29.342845182605146, -2.469506601921676
customer: 0.6484093563631177, 0.09147986531248678, 24.433694642571698
customer_address: 0.18544994108378887, 0.031247827716203012, 24.829534516061216
customer_demographics: 0.012168197892606258, 0.007095215638806297, 12.645678941746226
date_dim: 0.0019952356815338135, 0.005567908778579307, 64.74159646522244
household_demographics: 3.512948751449585e-05, 0.004389719778435378, 10.816546975149974
item: 0.005464168265461922, 0.0061785142084369235, 38.748746126732385
promotion: 2.6027671992778778e-05, 0.004807675046456383, 4.626315178282725
store: 2.3781321942806244e-05, 0.005282363258778558, 33.62781807615779
store_returns: 36.877127600833774, 4.821597914997103, 2.178808171198604
store_sales: 288.85508783441037, 39.26277444931876, 23.66103859493799
web_returns: 11.326140539720654, 1.490244009753571, -1.4673606195538302
web_sales: 109.34904180746526, 14.633862628798855, 7.935486414569244
customer: 0.6484093563631177, 0.0913276740137311, 15.61250659236793
customer_address: 0.18544994108378887, 0.031204299862832706, 14.634939387836408
customer_demographics: 0.012168197892606258, 0.007092359582176918, 8.37874758628409
date_dim: 0.0019952356815338135, 0.0055674404671542535, 37.84537496265066
household_demographics: 3.512948751449585e-05, 0.004389711533023314, 10.816546983395387
item: 0.005464168265461922, 0.0061772316870532026, 19.43559063107794
promotion: 2.6027671992778778e-05, 0.004807668937375499, 3.517332021084298
store: 2.3781321942806244e-05, 0.005282357676949368, 27.58639222235786
store_returns: 36.877127600833774, 4.81294230586859, -2.615304019386494
store_sales: 288.85508783441037, 39.19497587340634, 0.7559790979762653
web_sales: 109.34904180746526, 14.608196785875627, -9.844858196205367
customer: 0.6484093563631177, 0.09127544241396846, 12.005056986107745
customer_address: 0.18544994108378887, 0.031189361233394934, 12.463646491893847
customer_demographics: 0.012168197892606258, 0.007091379392061026, 8.378748566474206
date_dim: 0.0019952356815338135, 0.005567279744070098, 31.99157811216719
household_demographics: 3.512948751449585e-05, 0.004389708703222489, 10.816546986225188
item: 0.005464168265461922, 0.006176791529539933, 17.506266721957243
promotion: 2.6027671992778778e-05, 0.004807666840757161, 3.5173320231809164
store: 2.3781321942806244e-05, 0.005282355761282239, 25.38875393779143
store_sales: 288.85508783441037, 39.17170760438908, -5.273416865850578
customer: 0.6484093563631177, 0.09113688489336552, -0.09113688489336552
customer had no query dependencies
customer_address: 0.18544994108378887, 0.03114973274287368, -0.03114973274287368
customer_address had no query dependencies
customer_demographics: 0.012168197892606258, 0.007088779190022515, -0.007088779190022515
customer_demographics had no query dependencies
date_dim: 0.0019952356815338135, 0.005566853385464475, -0.005566853385464475
date_dim had no query dependencies
household_demographics: 3.512948751449585e-05, 0.0043897011964605295, -0.0043897011964605295
household_demographics had no query dependencies
item: 0.005464168265461922, 0.006175623900480313, -0.006175623900480313
item had no query dependencies
promotion: 2.6027671992778778e-05, 0.004807661278947075, -0.004807661278947075
promotion had no query dependencies
store: 2.3781321942806244e-05, 0.005282350679490971, -0.005282350679490971
store had no query dependencies
Function: 109.71192836761475, 0, 109.71192836761475, 0.0, 0, 0.0, 0
hiya: 0b0, 109.71192836761475
{106.43012107569115: [0, 1, 2, 3, 4, 5, 6, 7, 8, 9, 11, 12, 13, 14, 15, 16, 17, 18, 19, 20, 21, 22, 23], 108.40834391763163: [1, 2, 3, 4, 5, 6, 7, 8, 9, 11, 12, 13, 14, 15, 16, 17, 18, 19, 20, 21, 22, 23], 110.02905005851478: [1, 2, 3, 4, 5, 6, 7, 8, 9, 11, 12, 13, 15, 16, 17, 18, 19, 20, 21, 22, 23], 110.69657264078191: [1, 2, 3, 4, 5, 6, 7, 8, 9, 11, 12, 13, 15, 16, 17, 18, 20, 21, 22, 23], 113.17502500278042: [1, 2, 3, 4, 5, 6, 7, 8, 9, 11, 12, 15, 16, 17, 18, 20, 21, 22, 23], 115.60265802842349: [1, 2, 3, 4, 5, 6, 7, 8, 9, 11, 12, 15, 16, 17, 18, 21, 22, 23], 118.41865817796406: [1, 2, 3, 4, 5, 6, 7, 8, 9, 11, 12, 15, 16, 17, 21, 22, 23], 121.5309978738452: [1, 2, 3, 4, 5, 6, 7, 8, 11, 12, 15, 16, 17, 21, 22, 23], 127.0336062899397: [2, 3, 4, 5, 6, 7, 8, 11, 12, 15, 16, 17, 21, 22, 23], 127.8306766659022: [2, 3, 4, 5, 6, 7, 8, 11, 12, 15, 16, 17, 21, 22], 109.71192836761475: []}
[0, 1, 2, 3, 4, 5, 6, 7, 8, 9, 11, 12, 13, 14, 15, 16, 17, 18, 19, 20, 21, 22, 23]
{'45': 4196528, '03': 133248, '88': 426240, '07': 137408, '73': 164240, '92': 4196480, '91': 501, '97': 131208, '34': 164240, '56': 4327592, '59': 163968, '26': 6344, '31': 4325536, '51': 4325504, '48': 164064, '08': 164016, '95': 14680224, '33': 4327592, '05': 14909582, '86': 4196480, '96': 426240, '47': 166016, '25': 231560, '71': 4589704, '02': 4194440, '01': 98448, '17': 231560, '69': 4325624, '54': 4360376, '12': 4196480, '42': 133248, '36': 166016, '44': 133120, '70': 163968, '23': 4327576, '06': 133296, '68': 164272, '19': 166064, '62': 13123712, '61': 170160, '93': 204800, '30': 2097328, '60': 4327592, '49': 6488204, '58': 4327560, '65': 166016, '79': 164240, '89': 166016, '94': 14680224, '87': 4325528, '53': 166016, '64': 236540, '15': 184, '55': 133248, '78': 6488204, '76': 4327560, '85': 7348448, '57': 2185, '11': 4325520, '32': 2184, '52': 133248, '10': 4325624, '16': 173, '63': 166016, '20': 2184, '83': 2164868, '43': 163968, '27': 166080, '77': 7569548, '80': 14915726, '50': 229504, '35': 4325624, '90': 5505280, '13': 164320, '28': 131072, '98': 133248, '24': 231472, '40': 526476, '75': 6490252, '14': 4327560, '04': 4325528, '29': 231560, '18': 2296, '38': 4325528, '74': 4325520, '81': 180, '84': 66416, '99': 540809, '09': 139264, '66': 4997256, '46': 164272}
Best Cost: $106.43012107569115;
[0, 1, 2, 3, 4, 5, 6, 7, 8, 9, 11, 12, 13, 14, 15, 16, 17, 18, 19, 20, 21, 22, 23]
{}
{'45': 4196528, '03': 133248, '88': 426240, '07': 137408, '73': 164240, '92': 4196480, '91': 501, '97': 131208, '34': 164240, '56': 4327592, '59': 163968, '26': 6344, '31': 4325536, '51': 4325504, '48': 164064, '08': 164016, '95': 14680224, '33': 4327592, '05': 14909582, '86': 4196480, '96': 426240, '47': 166016, '25': 231560, '71': 4589704, '02': 4194440, '01': 98448, '17': 231560, '69': 4325624, '54': 4360376, '12': 4196480, '42': 133248, '36': 166016, '44': 133120, '70': 163968, '23': 4327576, '06': 133296, '68': 164272, '19': 166064, '62': 13123712, '61': 170160, '93': 204800, '30': 2097328, '60': 4327592, '49': 6488204, '58': 4327560, '65': 166016, '79': 164240, '89': 166016, '94': 14680224, '87': 4325528, '53': 166016, '64': 236540, '15': 184, '55': 133248, '78': 6488204, '76': 4327560, '85': 7348448, '57': 2185, '11': 4325520, '32': 2184, '52': 133248, '10': 4325624, '16': 173, '63': 166016, '20': 2184, '83': 2164868, '43': 163968, '27': 166080, '77': 7569548, '80': 14915726, '50': 229504, '35': 4325624, '90': 5505280, '13': 164320, '28': 131072, '98': 133248, '24': 231472, '40': 526476, '75': 6490252, '14': 4327560, '04': 4325528, '29': 231560, '18': 2296, '38': 4325528, '74': 4325520, '81': 180, '84': 66416, '99': 540809, '09': 139264, '66': 4997256, '46': 164272}
{'45': 4196528, '03': 133248, '88': 426240, '07': 137408, '73': 164240, '92': 4196480, '91': 501, '97': 131208, '34': 164240, '56': 4327592, '59': 163968, '26': 6344, '31': 4325536, '51': 4325504, '48': 164064, '08': 164016, '95': 14680224, '33': 4327592, '05': 14909582, '86': 4196480, '96': 426240, '47': 166016, '25': 231560, '71': 4589704, '02': 4194440, '01': 98448, '17': 231560, '69': 4325624, '54': 4360376, '12': 4196480, '42': 133248, '36': 166016, '44': 133120, '70': 163968, '23': 4327576, '06': 133296, '68': 164272, '19': 166064, '62': 13123712, '61': 170160, '93': 204800, '30': 2097328, '60': 4327592, '49': 6488204, '58': 4327560, '65': 166016, '79': 164240, '89': 166016, '94': 14680224, '87': 4325528, '53': 166016, '64': 236540, '15': 184, '55': 133248, '78': 6488204, '76': 4327560, '85': 7348448, '57': 2185, '11': 4325520, '32': 2184, '52': 133248, '10': 4325624, '16': 173, '63': 166016, '20': 2184, '83': 2164868, '43': 163968, '27': 166080, '77': 7569548, '80': 14915726, '50': 229504, '35': 4325624, '90': 5505280, '13': 164320, '28': 131072, '98': 133248, '24': 231472, '40': 526476, '75': 6490252, '14': 4327560, '04': 4325528, '29': 231560, '18': 2296, '38': 4325528, '74': 4325520, '81': 180, '84': 66416, '99': 540809, '09': 139264, '66': 4997256, '46': 164272}
[0, 1, 2, 3, 4, 5, 6, 7, 8, 9, 11, 12, 13, 14, 15, 16, 17, 18, 19, 20, 21, 22, 23]
23
Optimal Subset: 0b111111111111101111111111
Function: 106.43012107569115, 11.703183895608582, 1.2102031707763672, 83.18545010680042, 9.841769702661036, 0.4298652024828971, 0.05964899736185373
106.43012107569115
Real: 106.43012107569115, 11.703183895608582, 1.2102031707763672, 83.18545010680042, 9.841769702661036, 0.4298652024828971, 0.05964899736185373
Num Redshift Qs: 91; Num GCP Qs: 2
Redshift Qs: $11.703183895608582; GCP Qs: $1.2102031707763672; Movement Cost: $83.18545010680042
Load Cost: $9.841769702661036, Storage Cost: $0.4298652024828971, API Cost: $0.05964899736185373
Final cost: $106.43012107569115, BQ Baseline: $109.71192836761475, Diff: $3.2818072919235988, %: 2.991294876275584%
