Egress: $0.12/GB
Benchmark: tpcds
Data Path: parquet_2000/internal_rs1
BigQuery Cost: $5/TB; DuckDB Cost: $1.48/hr; Redshift Cost: $1.086/hr
Use Duck: False
Excluded Table: date_dim
Excluded Query: None

Starting analysis without using DuckDB
Redshift Total: $1.6292896669717631, Redshift-Calcite Total: $1.0857163945496082, BigQuery Total: $7.358150482177734
!!!!!!: 6.2742548740243915
Excluding table date_dim and any queries that depend on it
Total Keys: 10, Keys Considered: 9
call_center: 5.735084414482117e-06, 0.005376687452139969, -0.005376687452139969
call_center had no query dependencies
catalog_page: 0.0006659524515271187, 0.005071262286776935, -0.005071262286776935
catalog_page had no query dependencies
catalog_returns: 23.366260116919875, 3.052409390545614, -3.052409390545614
catalog_returns had no query dependencies
catalog_sales: 217.0907397372648, 29.296507395049673, -29.296507395049673
catalog_sales had no query dependencies
customer: 0.6484093563631177, 0.09134146302485122, 1.037860453912977
customer_address: 0.18544994108378887, 0.03120824362347517, 1.0979936733143532
customer_demographics: 0.012168197892606258, 0.007092618349905062, 0.014929433642113955
household_demographics: 3.512948751449585e-05, 0.004389712280083623, 1.2487312726441535
income_band: 6.137415766716003e-07, 0.0034144213819044863, 0.01860763061011453
inventory: 0.24701470416039228, 0.0376031349564416, -0.0376031349564416
inventory had no query dependencies
item: 0.005464168265461922, 0.006177347887530934, 1.9890587708590677
promotion: 2.6027671992778778e-05, 0.004807669490877472, -0.004807669490877472
promotion had no query dependencies
reason: 1.2423843145370483e-06, 0.004734816509842169, 2.0080738610172677
ship_mode: 1.5795230865478516e-06, 0.00470916378366816, -0.00470916378366816
ship_mode had no query dependencies
store: 2.3781321942806244e-05, 0.005282358182680677, 2.182176526072808
store_returns: 36.877127600833774, 4.81372653132366, -2.4227173874287486
store_sales: 288.85508783441037, 39.201118637971916, -33.09970572956208
time_dim: 0.0012104213237762451, 0.0019423976032192794, 1.2291565353289986
warehouse: 2.3292377591133118e-06, 0.00044575758343350243, -0.00044575758343350243
warehouse had no query dependencies
web_page: 1.0661780834197998e-05, 0.0015543718663663508, 0.1492655417561719
web_returns: 11.326140539720654, 1.4878264570989153, -1.4878264570989153
web_returns had no query dependencies
web_sales: 109.34904180746526, 14.610522192100353, -14.459702278477815
web_site: 8.863396942615509e-06, 0.0006161832707308453, -0.0006161832707308453
web_site had no query dependencies
customer: 0.6484093563631177, 0.09113691023206172, -0.09113691023206172
customer had no query dependencies
customer_address: 0.18544994108378887, 0.031149739989930914, -0.031149739989930914
customer_address had no query dependencies
customer_demographics: 0.012168197892606258, 0.007088779665534267, -0.007088779665534267
customer_demographics had no query dependencies
household_demographics: 3.512948751449585e-05, 0.004389701197833328, -0.004389701197833328
household_demographics had no query dependencies
income_band: 6.137415766716003e-07, 0.0034144211882882894, -0.0034144211882882894
income_band had no query dependencies
item: 0.005464168265461922, 0.006175624114010389, -0.006175624114010389
item had no query dependencies
reason: 1.2423843145370483e-06, 0.004734816117908927, -0.004734816117908927
reason had no query dependencies
store: 2.3781321942806244e-05, 0.005282350680420304, -0.005282350680420304
store had no query dependencies
time_dim: 0.0012104213237762451, 0.0019420157532971576, -0.0019420157532971576
time_dim had no query dependencies
web_page: 1.0661780834197998e-05, 0.0015543685029092626, -0.0015543685029092626
web_page had no query dependencies
{}
{}
STARTING PHASE 2: 0b0
----
[]
Function: 7.358150482177734, 0, 7.358150482177734, 0.0, 0, 0.0, 0
{7.358150482177734: []}
[]
{}
Best Cost: $7.358150482177734;
[]
{}
{}
{}
[]
0
Optimal Subset: 0b0
Function: 7.358150482177734, 0, 7.358150482177734, 0.0, 0, 0.0, 0
7.358150482177734
Real: 7.358150482177734, 0, 7.358150482177734, 0.0, 0, 0.0, 0
Num Redshift Qs: 0; Num GCP Qs: 10
Redshift Qs: $0; GCP Qs: $7.358150482177734; Movement Cost: $0.0
Load Cost: $0, Storage Cost: $0.0, API Cost: $0
Final cost: $7.358150482177734, BQ Baseline: $7.358150482177734, Diff: $0.0, %: 0.0%
