Egress: $0.12/GB
Benchmark: tpcds
Data Path: parquet_2000/internal_rs1
BigQuery Cost: $5/TB; DuckDB Cost: $1.48/hr; Redshift Cost: $1.086/hr
Use Duck: False
Excluded Table: store
Excluded Query: None

Starting analysis without using DuckDB
Redshift Total: $8.562529262408415, Redshift-Calcite Total: $7.770199440304437, BigQuery Total: $59.824090003967285
!!!!!!: 52.32171830248355
Excluding table store and any queries that depend on it
Total Keys: 65, Keys Considered: 64
-0.0452983779054889
call_center: 5.735084414482117e-06, 0.005376688520088014, 1.9795716746898746
catalog_page: 0.0006659524515271187, 0.005071386295870142, -0.005071386295870142
catalog_page had no query dependencies
catalog_returns: 23.366260116919875, 3.05676049507582, 6.999069544212383
catalog_sales: 217.0907397372648, 29.336932542095457, 5.5743135250223865
customer: 0.6484093563631177, 0.09146220536332482, 10.60328303455054
customer_address: 0.18544994108378887, 0.031242776838236046, 12.913231082624504
customer_demographics: 0.012168197892606258, 0.007094884228171846, 7.73049926404331
date_dim: 0.0019952356815338135, 0.005567854436734365, 48.22935445827792
household_demographics: 3.512948751449585e-05, 0.004389718821655594, 1.027795352202047
income_band: 6.137415766716003e-07, 0.003414421496191229, 0.01860763049582779
inventory: 0.24701470416039228, 0.03764913233868941, 1.097664976783269
item: 0.005464168265461922, 0.006178365387429278, 27.82583751542696
promotion: 2.6027671992778778e-05, 0.0048076743375718494, 4.02225456928934
reason: 1.2423843145370483e-06, 0.004734816741190446, 2.4852341755695724
ship_mode: 1.5795230865478516e-06, 0.004709164077796104, 2.126381988936307
store_returns: 36.877127600833774, 4.820593536833402, 4.0133640675450595
store_sales: 288.85508783441037, 39.254907249198546, 1.5352535790568638
time_dim: 0.0012104213237762451, 0.0019426229995676463, 3.2653030235987717
warehouse: 2.3292377591133118e-06, 0.0004457580171681658, 3.6196297620961415
web_page: 1.0661780834197998e-05, 0.0015543738517299758, 0.6264258545544609
web_returns: 11.326140539720654, 1.4899355332268678, 7.360988149825195
web_sales: 109.34904180746526, 14.630884419893821, 18.94732208665768
web_site: 8.863396942615509e-06, 0.0006161849212117694, 1.0512709561551146
-0.04529834113103908
call_center: 5.735084414482117e-06, 0.005376688519259235, 1.9795716746907035
catalog_returns: 23.366260116919875, 3.056757118412074, 6.999072920876129
catalog_sales: 217.0907397372648, 29.33690117026159, 5.574344896856253
customer: 0.6484093563631177, 0.0914621116615362, 10.603283128252327
customer_address: 0.18544994108378887, 0.031242750038821435, 12.913231109423918
customer_demographics: 0.012168197892606258, 0.007094882469742706, 7.730499265801739
date_dim: 0.0019952356815338135, 0.005567854148402387, 48.22935445856625
household_demographics: 3.512948751449585e-05, 0.004389718816579024, 1.0277953522071235
income_band: 6.137415766716003e-07, 0.003414421496102537, 0.018607630495916478
inventory: 0.24701470416039228, 0.037649096642536406, 1.0976650124794218
item: 0.005464168265461922, 0.0061783645978010365, 27.82583751621659
promotion: 2.6027671992778778e-05, 0.004807674333810584, 4.022254569293102
reason: 1.2423843145370483e-06, 0.004734816741010908, 2.485234175569752
ship_mode: 1.5795230865478516e-06, 0.004709164077567846, 2.126381988936535
store_returns: 36.877127600833774, 4.820588207711018, 4.013369396667444
store_sales: 288.85508783441037, 39.25486550668185, 1.5352953215735567
time_dim: 0.0012104213237762451, 0.001942622824649376, 3.26530302377369
warehouse: 2.3292377591133118e-06, 0.0004457580168315671, 3.619629762096478
web_page: 1.0661780834197998e-05, 0.0015543738501892393, 0.6264258545560016
web_returns: 11.326140539720654, 1.4899338964836342, 7.360989786568428
web_sales: 109.34904180746526, 14.630868617838066, 18.947337888713434
web_site: 8.863396942615509e-06, 0.0006161849199309178, 1.0512709561563955
{}
{}
STARTING PHASE 2: 0b111111110111111111111101
----
[0, 2, 3, 4, 5, 6, 7, 8, 9, 10, 11, 12, 13, 14, 16, 17, 18, 19, 20, 21, 22, 23]
Function: 100.96277364546029, 7.502324017767907, 4.76837158203125e-05, 83.2152451646768, 9.839370841948984, 0.3461256575114786, 0.059660279839295165
-0.04529834113103908
call_center: 5.735084414482117e-06, 0.005376688519259235, 1.9795716746907035
catalog_returns: 23.366260116919875, 3.056757118412074, 6.999072920876129
catalog_sales: 217.0907397372648, 29.33690117026159, 5.574344896856253
customer: 0.6484093563631177, 0.0914621116615362, 10.603283128252327
customer_address: 0.18544994108378887, 0.031242750038821435, 12.913231109423918
customer_demographics: 0.012168197892606258, 0.007094882469742706, 7.730499265801739
date_dim: 0.0019952356815338135, 0.005567854148402387, 48.22935445856625
household_demographics: 3.512948751449585e-05, 0.004389718816579024, 1.0277953522071235
income_band: 6.137415766716003e-07, 0.003414421496102537, 0.018607630495916478
inventory: 0.24701470416039228, 0.037649096642536406, 1.0976650124794218
item: 0.005464168265461922, 0.0061783645978010365, 27.82583751621659
promotion: 2.6027671992778778e-05, 0.004807674333810584, 4.022254569293102
reason: 1.2423843145370483e-06, 0.004734816741010908, 2.485234175569752
ship_mode: 1.5795230865478516e-06, 0.004709164077567846, 2.126381988936535
store_returns: 36.877127600833774, 4.820588207711018, 4.013369396667444
store_sales: 288.85508783441037, 39.25486550668185, 1.5352953215735567
time_dim: 0.0012104213237762451, 0.001942622824649376, 3.26530302377369
warehouse: 2.3292377591133118e-06, 0.0004457580168315671, 3.619629762096478
web_page: 1.0661780834197998e-05, 0.0015543738501892393, 0.6264258545560016
web_returns: 11.326140539720654, 1.4899338964836342, 7.360989786568428
web_sales: 109.34904180746526, 14.630868617838066, 18.947337888713434
web_site: 8.863396942615509e-06, 0.0006161849199309178, 1.0512709561563955
-0.04529830854670629
call_center: 5.735084414482117e-06, 0.005376688518524888, 1.9795716746914378
catalog_returns: 23.366260116919875, 3.0567541264887206, 6.999075912799483
catalog_sales: 217.0907397372648, 29.336873372965368, 5.574372694152476
customer: 0.6484093563631177, 0.09146202863622166, 10.58126115928562
customer_address: 0.18544994108378887, 0.031242726292958517, 12.891209081177763
customer_demographics: 0.012168197892606258, 0.007094880911670714, 7.708477215367791
date_dim: 0.0019952356815338135, 0.005567853892923239, 48.22935445882173
household_demographics: 3.512948751449585e-05, 0.0043897188120808825, 1.0057733002196028
inventory: 0.24701470416039228, 0.03764906501363823, 1.09766504410832
item: 0.005464168265461922, 0.006178363898143815, 27.82583751691625
promotion: 2.6027671992778778e-05, 0.004807674330477882, 4.022254569296434
reason: 1.2423843145370483e-06, 0.004734816740851828, 2.4852341755699108
ship_mode: 1.5795230865478516e-06, 0.004709164077365597, 2.1263819889367377
store_returns: 36.877127600833774, 4.820583485794086, 3.9913520665923565
store_sales: 288.85508783441037, 39.25482852034862, 1.535332307906792
time_dim: 0.0012104213237762451, 0.0019426226696614658, 3.265303023928678
warehouse: 2.3292377591133118e-06, 0.00044575801653332076, 3.6196297620967766
web_page: 1.0661780834197998e-05, 0.001554373848824056, 0.6264258545573668
web_returns: 11.326140539720654, 1.4899324462325363, 7.360991236819526
web_sales: 109.34904180746526, 14.630854616284106, 18.9473518902674
web_site: 8.863396942615509e-06, 0.0006161849187960077, 1.0512709561575304
Function: 100.98129318501324, 7.501314835018715, 0.02307891845703125, 83.21524509043965, 9.83596649446368, 0.346037566847898, 0.05965027978626789
hiya: 0b111111110111110111111101, 100.98129318501324
-0.04529830854670629
call_center: 5.735084414482117e-06, 0.005376688518524888, 1.9795716746914378
catalog_returns: 23.366260116919875, 3.0567541264887206, 6.999075912799483
catalog_sales: 217.0907397372648, 29.336873372965368, 5.574372694152476
customer: 0.6484093563631177, 0.09146202863622166, 10.58126115928562
customer_address: 0.18544994108378887, 0.031242726292958517, 12.891209081177763
customer_demographics: 0.012168197892606258, 0.007094880911670714, 7.708477215367791
date_dim: 0.0019952356815338135, 0.005567853892923239, 48.22935445882173
household_demographics: 3.512948751449585e-05, 0.0043897188120808825, 1.0057733002196028
inventory: 0.24701470416039228, 0.03764906501363823, 1.09766504410832
item: 0.005464168265461922, 0.006178363898143815, 27.82583751691625
promotion: 2.6027671992778778e-05, 0.004807674330477882, 4.022254569296434
reason: 1.2423843145370483e-06, 0.004734816740851828, 2.4852341755699108
ship_mode: 1.5795230865478516e-06, 0.004709164077365597, 2.1263819889367377
store_returns: 36.877127600833774, 4.820583485794086, 3.9913520665923565
store_sales: 288.85508783441037, 39.25482852034862, 1.535332307906792
time_dim: 0.0012104213237762451, 0.0019426226696614658, 3.265303023928678
warehouse: 2.3292377591133118e-06, 0.00044575801653332076, 3.6196297620967766
web_page: 1.0661780834197998e-05, 0.001554373848824056, 0.6264258545573668
web_returns: 11.326140539720654, 1.4899324462325363, 7.360991236819526
web_sales: 109.34904180746526, 14.630854616284106, 18.9473518902674
web_site: 8.863396942615509e-06, 0.0006161849187960077, 1.0512709561575304
-0.04529791466215486
call_center: 5.735084414482117e-06, 0.0053766885096479915, 1.9795716747003147
catalog_returns: 23.366260116919875, 3.0567179596475746, 6.9991120796406285
catalog_sales: 217.0907397372648, 29.336537354866667, 5.5747087122511765
customer: 0.6484093563631177, 0.09146102501313129, 10.581262162908711
customer_address: 0.18544994108378887, 0.03124243924922426, 12.414049053437845
customer_demographics: 0.012168197892606258, 0.00709486207745086, 7.231316919418359
date_dim: 0.0019952356815338135, 0.005567850804651022, 47.752194147126346
household_demographics: 3.512948751449585e-05, 0.004389718757706645, 0.8549533866514387
inventory: 0.24701470416039228, 0.03764868267853106, 1.0976654264434271
item: 0.005464168265461922, 0.006178355440577021, 27.825837525373814
promotion: 2.6027671992778778e-05, 0.004807674290191645, 4.022254569336721
reason: 1.2423843145370483e-06, 0.004734816738928837, 2.0080738607881807
ship_mode: 1.5795230865478516e-06, 0.0047091640749207745, 2.1263819889391824
store_returns: 36.877127600833774, 4.820526406517849, 3.9914091458685936
store_sales: 288.85508783441037, 39.254381423721966, 1.535779404533443
time_dim: 0.0012104213237762451, 0.0019426207961431741, 3.1144831121796575
warehouse: 2.3292377591133118e-06, 0.0004457580129280724, 3.6196297621003817
web_returns: 11.326140539720654, 1.4899149153686477, 6.8838484528997625
web_sales: 109.34904180746526, 14.630685363292626, 18.319540914852688
web_site: 8.863396942615509e-06, 0.0006161849050770357, 1.0512709561712494
Function: 101.60665417927422, 7.449506473947367, 0.7028675079345703, 83.2152438008084, 9.834423406312464, 0.3449727114063223, 0.059640278865090025
hiya: 0b111011110111110111111101, 101.60665417927422
-0.04529791466215486
call_center: 5.735084414482117e-06, 0.0053766885096479915, 1.9795716747003147
catalog_returns: 23.366260116919875, 3.0567179596475746, 6.9991120796406285
catalog_sales: 217.0907397372648, 29.336537354866667, 5.5747087122511765
customer: 0.6484093563631177, 0.09146102501313129, 10.581262162908711
customer_address: 0.18544994108378887, 0.03124243924922426, 12.414049053437845
customer_demographics: 0.012168197892606258, 0.00709486207745086, 7.231316919418359
date_dim: 0.0019952356815338135, 0.005567850804651022, 47.752194147126346
household_demographics: 3.512948751449585e-05, 0.004389718757706645, 0.8549533866514387
inventory: 0.24701470416039228, 0.03764868267853106, 1.0976654264434271
item: 0.005464168265461922, 0.006178355440577021, 27.825837525373814
promotion: 2.6027671992778778e-05, 0.004807674290191645, 4.022254569336721
reason: 1.2423843145370483e-06, 0.004734816738928837, 2.0080738607881807
ship_mode: 1.5795230865478516e-06, 0.0047091640749207745, 2.1263819889391824
store_returns: 36.877127600833774, 4.820526406517849, 3.9914091458685936
store_sales: 288.85508783441037, 39.254381423721966, 1.535779404533443
time_dim: 0.0012104213237762451, 0.0019426207961431741, 3.1144831121796575
warehouse: 2.3292377591133118e-06, 0.0004457580129280724, 3.6196297621003817
web_returns: 11.326140539720654, 1.4899149153686477, 6.8838484528997625
web_sales: 109.34904180746526, 14.630685363292626, 18.319540914852688
web_site: 8.863396942615509e-06, 0.0006161849050770357, 1.0512709561712494
-0.04529747072854219
call_center: 5.735084414482117e-06, 0.005376688499643148, 1.9261731850526793
catalog_returns: 23.366260116919875, 3.056677197255676, 6.139809736623382
catalog_sales: 217.0907397372648, 29.336158640525284, 4.7691428108410605
customer: 0.6484093563631177, 0.09145989386436539, 10.527864804399838
customer_address: 0.18544994108378887, 0.03124211573218994, 12.360650887297236
customer_demographics: 0.012168197892606258, 0.007094840850055089, 6.371973835236609
date_dim: 0.0019952356815338135, 0.005567847323966549, 46.89285104519788
inventory: 0.24701470416039228, 0.03764825176189633, 0.29172124160855717
item: 0.005464168265461922, 0.006178345908346912, 27.019892919154543
promotion: 2.6027671992778778e-05, 0.004807674244786426, 3.2163099536306214
reason: 1.2423843145370483e-06, 0.0047348167367615, 2.0080738607903483
ship_mode: 1.5795230865478516e-06, 0.0047091640721653, 2.126381988941938
store_returns: 36.877127600833774, 4.820462074445885, 3.9914734779405574
store_sales: 288.85508783441037, 39.25387751662544, 1.5362833116299726
time_dim: 0.0012104213237762451, 0.0019426186845657065, 3.1144831142912346
warehouse: 2.3292377591133118e-06, 0.000445758008864722, 2.81368514635294
web_returns: 11.326140539720654, 1.489895156940167, 6.883868211328243
web_sales: 109.34904180746526, 14.630494604117917, 18.3197316740274
web_site: 8.863396942615509e-06, 0.0006161848896148582, 1.0512709561867115
Function: 102.46040737674073, 7.393751389048895, 1.6179656982421875, 83.21523955160414, 9.830047923743724, 0.3437725382718987, 0.0596302758299023
hiya: 0b111011110111110011111101, 102.46040737674073
-0.04529747072854219
call_center: 5.735084414482117e-06, 0.005376688499643148, 1.9261731850526793
catalog_returns: 23.366260116919875, 3.056677197255676, 6.139809736623382
catalog_sales: 217.0907397372648, 29.336158640525284, 4.7691428108410605
customer: 0.6484093563631177, 0.09145989386436539, 10.527864804399838
customer_address: 0.18544994108378887, 0.03124211573218994, 12.360650887297236
customer_demographics: 0.012168197892606258, 0.007094840850055089, 6.371973835236609
date_dim: 0.0019952356815338135, 0.005567847323966549, 46.89285104519788
inventory: 0.24701470416039228, 0.03764825176189633, 0.29172124160855717
item: 0.005464168265461922, 0.006178345908346912, 27.019892919154543
promotion: 2.6027671992778778e-05, 0.004807674244786426, 3.2163099536306214
reason: 1.2423843145370483e-06, 0.0047348167367615, 2.0080738607903483
ship_mode: 1.5795230865478516e-06, 0.0047091640721653, 2.126381988941938
store_returns: 36.877127600833774, 4.820462074445885, 3.9914734779405574
store_sales: 288.85508783441037, 39.25387751662544, 1.5362833116299726
time_dim: 0.0012104213237762451, 0.0019426186845657065, 3.1144831142912346
warehouse: 2.3292377591133118e-06, 0.000445758008864722, 2.81368514635294
web_returns: 11.326140539720654, 1.489895156940167, 6.883868211328243
web_sales: 109.34904180746526, 14.630494604117917, 18.3197316740274
web_site: 8.863396942615509e-06, 0.0006161848896148582, 1.0512709561867115
call_center: 5.735084414482117e-06, 0.00537668849678074, 1.9261731850555417
catalog_returns: 23.366260116919875, 3.05666553504042, 6.139821398838638
catalog_sales: 217.0907397372648, 29.336050289470204, 4.663039268364262
customer: 0.6484093563631177, 0.09145957024006907, 10.527865128024136
customer_address: 0.18544994108378887, 0.03124202317321297, 12.360650979856214
customer_demographics: 0.012168197892606258, 0.007094834776847721, 6.371973841309816
date_dim: 0.0019952356815338135, 0.0055678463281346145, 46.56348155282326
item: 0.005464168265461922, 0.006178343181153677, 26.690523428511284
promotion: 2.6027671992778778e-05, 0.004807674231795887, 3.216309953643612
reason: 1.2423843145370483e-06, 0.00473481673614142, 2.0080738607909683
ship_mode: 1.5795230865478516e-06, 0.004709164071376952, 2.1263819889427262
store_returns: 36.877127600833774, 4.820443668890269, 3.991491883496173
store_sales: 288.85508783441037, 39.25373334763154, 1.3283308225216004
time_dim: 0.0012104213237762451, 0.0019426180804384754, 3.114483114895362
warehouse: 2.3292377591133118e-06, 0.00044575800770218794, 2.7986242046178016
web_returns: 11.326140539720654, 1.4898895040077622, 6.883873864260647
web_sales: 109.34904180746526, 14.630440027473764, 18.31978625067155
web_site: 8.863396942615509e-06, 0.0006161848851910933, 1.0512709561911353
Function: 102.75154865192162, 7.38439960708976, 1.9566869735717773, 83.18536106468008, 9.822196210309265, 0.34330586251126644, 0.05959893375946284
hiya: 0b111011110111100011111101, 102.75154865192162
call_center: 5.735084414482117e-06, 0.00537668849678074, 1.9261731850555417
catalog_returns: 23.366260116919875, 3.05666553504042, 6.139821398838638
catalog_sales: 217.0907397372648, 29.336050289470204, 4.663039268364262
customer: 0.6484093563631177, 0.09145957024006907, 10.527865128024136
customer_address: 0.18544994108378887, 0.03124202317321297, 12.360650979856214
customer_demographics: 0.012168197892606258, 0.007094834776847721, 6.371973841309816
date_dim: 0.0019952356815338135, 0.0055678463281346145, 46.56348155282326
item: 0.005464168265461922, 0.006178343181153677, 26.690523428511284
promotion: 2.6027671992778778e-05, 0.004807674231795887, 3.216309953643612
reason: 1.2423843145370483e-06, 0.00473481673614142, 2.0080738607909683
ship_mode: 1.5795230865478516e-06, 0.004709164071376952, 2.1263819889427262
store_returns: 36.877127600833774, 4.820443668890269, 3.991491883496173
store_sales: 288.85508783441037, 39.25373334763154, 1.3283308225216004
time_dim: 0.0012104213237762451, 0.0019426180804384754, 3.114483114895362
warehouse: 2.3292377591133118e-06, 0.00044575800770218794, 2.7986242046178016
web_returns: 11.326140539720654, 1.4898895040077622, 6.883873864260647
web_sales: 109.34904180746526, 14.630440027473764, 18.31978625067155
web_site: 8.863396942615509e-06, 0.0006161848851910933, 1.0512709561911353
call_center: 5.735084414482117e-06, 0.005376688469434135, 1.9261731850828883
catalog_returns: 23.366260116919875, 3.0565541176969404, 6.139932816182117
catalog_sales: 217.0907397372648, 29.33501513564608, 4.664074422188385
customer: 0.6484093563631177, 0.09145647842958628, 10.527868219834618
customer_address: 0.18544994108378887, 0.031241138892216327, 11.5599002114979
customer_demographics: 0.012168197892606258, 0.007094776755226916, 6.371973899331437
date_dim: 0.0019952356815338135, 0.0055678368142518565, 45.51159442126082
item: 0.005464168265461922, 0.006178317126358883, 26.69052345456608
promotion: 2.6027671992778778e-05, 0.004807674107688132, 3.2163099537677193
reason: 1.2423843145370483e-06, 0.004734816730217358, 2.0080738607968924
ship_mode: 1.5795230865478516e-06, 0.004709164063845312, 1.8752465005132413
store_returns: 36.877127600833774, 4.820267827674265, 3.991667724712177
store_sales: 288.85508783441037, 39.25235599984991, 1.3297081703032276
time_dim: 0.0012104213237762451, 0.0019426123087861993, 3.1144831206670145
warehouse: 2.3292377591133118e-06, 0.000445757996595683, 2.5474887161918907
web_returns: 11.326140539720654, 1.4898354975692267, 6.083176218059873
web_sales: 109.34904180746526, 14.629918618412612, 17.268420518656377
Function: 103.79954034832427, 7.220647633786203, 3.17232608795166, 83.18535999257834, 9.821591094222066, 0.3400266067923331, 0.05958893299366534
hiya: 0b11011110111100011111101, 103.79954034832427
call_center: 5.735084414482117e-06, 0.005376688469434135, 1.9261731850828883
catalog_returns: 23.366260116919875, 3.0565541176969404, 6.139932816182117
catalog_sales: 217.0907397372648, 29.33501513564608, 4.664074422188385
customer: 0.6484093563631177, 0.09145647842958628, 10.527868219834618
customer_address: 0.18544994108378887, 0.031241138892216327, 11.5599002114979
customer_demographics: 0.012168197892606258, 0.007094776755226916, 6.371973899331437
date_dim: 0.0019952356815338135, 0.0055678368142518565, 45.51159442126082
item: 0.005464168265461922, 0.006178317126358883, 26.69052345456608
promotion: 2.6027671992778778e-05, 0.004807674107688132, 3.2163099537677193
reason: 1.2423843145370483e-06, 0.004734816730217358, 2.0080738607968924
ship_mode: 1.5795230865478516e-06, 0.004709164063845312, 1.8752465005132413
store_returns: 36.877127600833774, 4.820267827674265, 3.991667724712177
store_sales: 288.85508783441037, 39.25235599984991, 1.3297081703032276
time_dim: 0.0012104213237762451, 0.0019426123087861993, 3.1144831206670145
warehouse: 2.3292377591133118e-06, 0.000445757996595683, 2.5474887161918907
web_returns: 11.326140539720654, 1.4898354975692267, 6.083176218059873
web_sales: 109.34904180746526, 14.629918618412612, 17.268420518656377
call_center: 5.735084414482117e-06, 0.005376686621923373, 1.926173186930399
catalog_returns: 23.366260116919875, 3.049026867196829, -1.303762353711
catalog_sales: 217.0907397372648, 29.265081120913717, -21.389798505381638
customer: 0.6484093563631177, 0.09124759863335277, 1.7563852784077487
customer_address: 0.18544994108378887, 0.031181397703220586, 2.7649955612002506
customer_demographics: 0.012168197892606258, 0.007090856869322443, 2.252133295743761
date_dim: 0.0019952356815338135, 0.005567194065317859, 8.843484918010967
item: 0.005464168265461922, 0.006176556889029371, 5.141106118670094
promotion: 2.6027671992778778e-05, 0.00480766572308546, 1.1041754975844222
reason: 1.2423843145370483e-06, 0.0047348163299933636, -0.0047348163299933636
reason had no query dependencies
ship_mode: 1.5795230865478516e-06, 0.004709163555014806, 1.8752465010220718
store_returns: 36.877127600833774, 4.808388161189895, -4.7094822561537635
time_dim: 0.0012104213237762451, 0.0019422223814093255, 1.3733312021776274
warehouse: 2.3292377591133118e-06, 0.00044575724625069846, 2.5474887169422358
web_returns: 11.326140539720654, 1.4861868735868116, -1.3643975783509392
web_sales: 109.34904180746526, 14.59469271467306, -11.970108971269308
call_center: 5.735084414482117e-06, 0.005376685643116405, -0.005376685643116405
call_center had no query dependencies
customer: 0.6484093563631177, 0.09113693459588879, -0.09113693459588879
customer had no query dependencies
customer_address: 0.18544994108378887, 0.031149746958168262, -0.031149746958168262
customer_address had no query dependencies
customer_demographics: 0.012168197892606258, 0.007088780122751404, -0.007088780122751404
customer_demographics had no query dependencies
date_dim: 0.0019952356815338135, 0.005566853538405278, -0.005566853538405278
date_dim had no query dependencies
item: 0.005464168265461922, 0.00617562431932521, -0.00617562431932521
item had no query dependencies
promotion: 2.6027671992778778e-05, 0.0048076612809421744, -0.0048076612809421744
promotion had no query dependencies
ship_mode: 1.5795230865478516e-06, 0.00470916328543757, -0.00470916328543757
ship_mode had no query dependencies
time_dim: 0.0012104213237762451, 0.0019420157987784503, -0.0019420157987784503
time_dim had no query dependencies
warehouse: 2.3292377591133118e-06, 0.00044575684871964475, -0.00044575684871964475
warehouse had no query dependencies
Function: 59.824090003967285, 0, 59.824090003967285, 0.0, 0, 0.0, 0
hiya: 0b0, 59.824090003967285
{100.96277364546029: [0, 2, 3, 4, 5, 6, 7, 8, 9, 10, 11, 12, 13, 14, 16, 17, 18, 19, 20, 21, 22, 23], 100.98129318501324: [0, 2, 3, 4, 5, 6, 7, 8, 10, 11, 12, 13, 14, 16, 17, 18, 19, 20, 21, 22, 23], 101.60665417927422: [0, 2, 3, 4, 5, 6, 7, 8, 10, 11, 12, 13, 14, 16, 17, 18, 19, 21, 22, 23], 102.46040737674073: [0, 2, 3, 4, 5, 6, 7, 10, 11, 12, 13, 14, 16, 17, 18, 19, 21, 22, 23], 102.75154865192162: [0, 2, 3, 4, 5, 6, 7, 11, 12, 13, 14, 16, 17, 18, 19, 21, 22, 23], 103.79954034832427: [0, 2, 3, 4, 5, 6, 7, 11, 12, 13, 14, 16, 17, 18, 19, 21, 22], 59.824090003967285: []}
[]
{}
Best Cost: $59.824090003967285;
[]
{}
{}
{}
[]
0
Optimal Subset: 0b0
Function: 59.824090003967285, 0, 59.824090003967285, 0.0, 0, 0.0, 0
59.824090003967285
Real: 59.824090003967285, 0, 59.824090003967285, 0.0, 0, 0.0, 0
Num Redshift Qs: 0; Num GCP Qs: 65
Redshift Qs: $0; GCP Qs: $59.824090003967285; Movement Cost: $0.0
Load Cost: $0, Storage Cost: $0.0, API Cost: $0
Final cost: $59.824090003967285, BQ Baseline: $59.824090003967285, Diff: $0.0, %: 0.0%
