Egress: $0.12/GB
Benchmark: tpcds
Data Path: parquet_1000/real_data_rs4
BigQuery Cost: $5/TB; DuckDB Cost: $1.48/hr; Redshift Cost: $4.344/hr
Use Duck: True
Excluded Table: web_sales
Excluded Query: None

Starting analysis using DuckDB
Duck Total: $35.95930293766127, Duck-Calcite Total: $34.47619893460273, Redshift Total: $4.096788495852153, Redshift-Calcite Total: $3.5982525875790925, BigQuery Total: $44.795098304748535
Excluding table web_sales and any queries that depend on it
Total Keys: 61, Keys Considered: 55
-0.734265649059335
call_center: 9.615905582904816e-06, 0.001236621764949403, 0.3338868150743096
catalog_page: 0.0017016949132084846, 0.004872589121125911, -0.004872589121125911
catalog_page had no query dependencies
catalog_returns: 13.009788101539016, 1.701442710885105, -1.3772506278633476
catalog_sales: 132.3057429259643, 17.49293446235609, -16.002785645476152
customer: 0.8535048151388764, 0.1166716221890949, 1.5356821841501194
customer_address: 0.2449320713058114, 0.04976285786078417, 2.009155681009342
customer_demographics: 0.011580578982830048, 0.005958505110302647, 0.8451803218325862
date_dim: 0.001992875710129738, 0.001942516905274446, 6.232656885999705
household_demographics: 3.5176053643226624e-05, 0.001281989136663047, 1.455879336364016
income_band: 5.122274160385132e-07, 0.001121577901336846, 0.0065271156331963365
inventory: 5.1357166497036815, 0.8309979699787364, -0.539503209174101
item: 0.03489831369370222, 0.008294653394842281, 4.3682501083870005
promotion: 7.638614624738693e-05, 0.004892583651937024, 0.5207361619733045
reason: 1.4491379261016846e-06, 0.001367203731020238, 1.193044637566631
ship_mode: 1.3029202818870544e-06, 0.0013298831880105672, 0.10421186619293471
store: 9.930133819580078e-05, 0.0014200365485258395, 4.912187701238701
store_returns: 20.850121902301908, 2.8388297755896637, -1.781162136710926
store_sales: 174.69669486396015, 23.52196190502568, -15.407872264674785
time_dim: 0.0012146271765232086, 0.00179284510482176, 0.5574201434132291
warehouse: 2.907589077949524e-06, 0.0014493305418109778, 0.373800597480609
web_page: 7.394980639219284e-05, 0.001430406036553006, -0.001430406036553006
web_page had no query dependencies
web_returns: 6.285572262480855, 0.814344317017891, -0.814344317017891
web_returns had no query dependencies
web_site: 1.0454095900058746e-05, 0.0017744643849175268, -0.0017744643849175268
web_site had no query dependencies
call_center: 9.615905582904816e-06, 0.0012366212032898349, -0.0012366212032898349
call_center had no query dependencies
customer: 0.8535048151388764, 0.11662176945900149, -0.11662176945900149
customer had no query dependencies
customer_address: 0.2449320713058114, 0.049748551518013225, -0.049748551518013225
customer_address had no query dependencies
customer_demographics: 0.011580578982830048, 0.005957828695280591, -0.005957828695280591
customer_demographics had no query dependencies
date_dim: 0.001992875710129738, 0.001942400502539365, -0.001942400502539365
date_dim had no query dependencies
household_demographics: 3.5176053643226624e-05, 0.0012819870820497902, -0.0012819870820497902
household_demographics had no query dependencies
income_band: 5.122274160385132e-07, 0.0011215778714179345, -0.0011215778714179345
income_band had no query dependencies
item: 0.03489831369370222, 0.008292615004217614, -0.008292615004217614
item had no query dependencies
promotion: 7.638614624738693e-05, 0.004892579190265731, -0.004892579190265731
promotion had no query dependencies
reason: 1.4491379261016846e-06, 0.0013672036463769173, -0.0013672036463769173
reason had no query dependencies
ship_mode: 1.3029202818870544e-06, 0.0013298831119077357, -0.0013298831119077357
ship_mode had no query dependencies
store: 9.930133819580078e-05, 0.0014200307483912377, -0.0014200307483912377
store had no query dependencies
time_dim: 0.0012146271765232086, 0.0017927741591402344, -0.0017927741591402344
time_dim had no query dependencies
warehouse: 2.907589077949524e-06, 0.001449330371980356, -0.001449330371980356
warehouse had no query dependencies
{}
{}
STARTING PHASE 2: 0b0
----
[]
Function: 12.591218927632205, 0, 12.591218927632205, 0.0, 0, 0.0, 0
{12.591218927632205: []}
[]
{}
Best Cost: $12.591218927632205;
[]
{}
{}
{}
[]
0
Optimal Subset: 0b0
Function: 12.591218927632205, 0, 12.591218927632205, 0.0, 0, 0.0, 0
12.591218927632205
Real: 12.591218927632205, 0, 12.591218927632205, 0.0, 0, 0.0, 0
Num Redshift Qs: 0; Num GCP Qs: 61
Num BigQuery Qs: 3; Num DuckDB Qs: 58
Redshift Qs: $0; GCP Qs: $12.591218927632205; Movement Cost: $0.0
Load Cost: $0, Storage Cost: $0.0, API Cost: $0
Final cost: $12.591218927632205, BQ Baseline: $44.795098304748535, Diff: $32.20387937711633, %: 71.89152517989348%
