Egress: $0.12/GB
Benchmark: tpcds
Data Path: parquet_1000/real_data_rs4
BigQuery Cost: $5/TB; DuckDB Cost: $1.48/hr; Redshift Cost: $4.344/hr
Use Duck: True
Excluded Table: promotion
Excluded Query: None

Starting analysis using DuckDB
Duck Total: $47.96886329033374, Duck-Calcite Total: $48.91200183135667, Redshift Total: $7.782802408701583, Redshift-Calcite Total: $6.939185988969802, BigQuery Total: $84.26801204681396
Excluding table promotion and any queries that depend on it
Total Keys: 92, Keys Considered: 84
-0.7344098256127193
call_center: 9.615905582904816e-06, 0.0012366220329742344, 0.3338868148062848
catalog_page: 0.0017016949132084846, 0.004872636552591279, 0.17220575916586306
catalog_returns: 13.009788101539016, 1.701805333649622, -0.021367733001053102
catalog_sales: 132.3057429259643, 17.49662222989595, -9.644293487653986
customer: 0.8535048151388764, 0.11669541199052585, 5.03143509601244
customer_address: 0.2449320713058114, 0.04976968487011919, 3.322273978888829
customer_demographics: 0.011580578982830048, 0.00595882789661805, 0.7536373245768386
date_dim: 0.001992875710129738, 0.001942572452843223, 13.952205445599589
household_demographics: 3.5176053643226624e-05, 0.001281990117127734, 1.490715151576694
income_band: 5.122274160385132e-07, 0.0011215779156141979, 0.006527115618918985
inventory: 5.1357166497036815, 0.8311411181802872, -0.5396463573756517
item: 0.03489831369370222, 0.00829562611806343, 7.950884514600314
reason: 1.4491379261016846e-06, 0.0013672037714121642, 1.2389095553968525
ship_mode: 1.3029202818870544e-06, 0.0013298832243269585, 0.36090751524587344
store: 9.930133819580078e-05, 0.0014200393163592197, 5.345180039195043
store_returns: 20.850121902301908, 2.8394109325451593, -0.4254977760396099
store_sales: 174.69669486396015, 23.526831238634283, -8.712962127230607
time_dim: 0.0012146271765232086, 0.0017928789602128833, 0.9992965665983706
warehouse: 2.907589077949524e-06, 0.0014493306228544184, 0.6304962464888207
web_page: 7.394980639219284e-05, 0.001430408097761307, 0.2410467231571342
web_returns: 6.285572262480855, 0.8145195152280851, 1.0254332391882957
web_sales: 67.01082486007363, 8.830085488553364, -0.550072311587531
web_site: 1.0454095900058746e-05, 0.001774464676305298, 0.6684122201758285
call_center: 9.615905582904816e-06, 0.0012366212076217692, -0.0012366212076217692
call_center had no query dependencies
catalog_page: 0.0017016949132084846, 0.00487249049270337, -0.00487249049270337
catalog_page had no query dependencies
customer: 0.8535048151388764, 0.11662215396015771, -0.11662215396015771
customer had no query dependencies
customer_address: 0.2449320713058114, 0.04974866185911844, -0.04974866185911844
customer_address had no query dependencies
customer_demographics: 0.011580578982830048, 0.005957833912293934, -0.005957833912293934
customer_demographics had no query dependencies
date_dim: 0.001992875710129738, 0.001942401400323421, -0.001942401400323421
date_dim had no query dependencies
household_demographics: 3.5176053643226624e-05, 0.0012819870978964885, -0.0012819870978964885
household_demographics had no query dependencies
income_band: 5.122274160385132e-07, 0.0011215778716486913, -0.0011215778716486913
income_band had no query dependencies
item: 0.03489831369370222, 0.008292630725794958, -0.008292630725794958
item had no query dependencies
reason: 1.4491379261016846e-06, 0.0013672036470297492, -0.0013672036470297492
reason had no query dependencies
ship_mode: 1.3029202818870544e-06, 0.0013298831124946972, -0.0013298831124946972
ship_mode had no query dependencies
store: 9.930133819580078e-05, 0.0014200307931261692, -0.0014200307931261692
store had no query dependencies
time_dim: 0.0012146271765232086, 0.0017927747063258455, -0.0017927747063258455
time_dim had no query dependencies
warehouse: 2.907589077949524e-06, 0.0014493303732902153, -0.0014493303732902153
warehouse had no query dependencies
web_page: 7.394980639219284e-05, 0.001430401750501085, -0.001430401750501085
web_page had no query dependencies
web_returns: 6.285572262480855, 0.8139800119522763, -0.8139800119522763
web_returns had no query dependencies
web_site: 1.0454095900058746e-05, 0.0017744637790092764, -0.0017744637790092764
web_site had no query dependencies
{}
{}
STARTING PHASE 2: 0b0
----
[]
Function: 23.54323187888189, 0, 23.54323187888189, 0.0, 0, 0.0, 0
{23.54323187888189: []}
[]
{}
Best Cost: $23.54323187888189;
[]
{}
{}
{}
[]
0
Optimal Subset: 0b0
Function: 23.54323187888189, 0, 23.54323187888189, 0.0, 0, 0.0, 0
23.54323187888189
Real: 23.54323187888189, 0, 23.54323187888189, 0.0, 0, 0.0, 0
Num Redshift Qs: 0; Num GCP Qs: 92
Num BigQuery Qs: 6; Num DuckDB Qs: 86
Redshift Qs: $0; GCP Qs: $23.54323187888189; Movement Cost: $0.0
Load Cost: $0, Storage Cost: $0.0, API Cost: $0
Final cost: $23.54323187888189, BQ Baseline: $84.26801204681396, Diff: $60.724780167932074, %: 72.06148417764649%
