Egress: $0.12/GB
Benchmark: tpcds
Data Path: parquet_1000/real_data_rs4
BigQuery Cost: $5/TB; DuckDB Cost: $1.48/hr; Redshift Cost: $4.344/hr
Use Duck: True
Excluded Table: customer
Excluded Query: None

Starting analysis using DuckDB
Duck Total: $40.29923684110906, Duck-Calcite Total: $41.822720973308876, Redshift Total: $4.807232905551594, Redshift-Calcite Total: $4.309056242284775, BigQuery Total: $72.43934154510498
Excluding table customer and any queries that depend on it
Total Keys: 68, Keys Considered: 65
-0.7343310343987735
call_center: 9.615905582904816e-06, 0.0012366218865010295, 0.32724994055040807
catalog_page: 0.0017016949132084846, 0.004872610631714077, 0.6825016485757711
catalog_returns: 13.009788101539016, 1.7016071635092627, 0.48248942622598756
catalog_sales: 132.3057429259643, 17.49460689748305, -12.310875580614407
customer_address: 0.2449320713058114, 0.04976595396977167, 1.6840760575957334
customer_demographics: 0.011580578982830048, 0.005958651496745541, 0.8767595253798736
date_dim: 0.001992875710129738, 0.00194254209658714, 9.882943721496781
household_demographics: 3.5176053643226624e-05, 0.001281989581312436, 0.877555058790264
income_band: 5.122274160385132e-07, 0.001121577907811751, -0.001121577907811751
income_band had no query dependencies
inventory: 5.1357166497036815, 0.8310628889515423, -0.5395681281469069
item: 0.03489831369370222, 0.008295094533408168, 6.398933614747916
promotion: 7.638614624738693e-05, 0.004892584617510183, 0.8041624360188999
reason: 1.4491379261016846e-06, 0.0013672037493383331, 1.2389095554189262
ship_mode: 1.3029202818870544e-06, 0.0013298832044803712, 0.36090751526572007
store: 9.930133819580078e-05, 0.0014200378037627058, 4.503733641035987
store_returns: 20.850121902301908, 2.8390933353981773, -0.18469804831109027
store_sales: 174.69669486396015, 23.524170190793125, -13.041978184217879
time_dim: 0.0012146271765232086, 0.0017928604585404366, 0.9992965851000428
warehouse: 2.907589077949524e-06, 0.0014493305785648935, 0.6304962465331102
web_page: 7.394980639219284e-05, 0.0014304069713291625, 0.24104672428356635
web_returns: 6.285572262480855, 0.8144237709524847, 1.5358248469529272
web_sales: 67.01082486007363, 8.82906475366787, -3.76140200335462
web_site: 1.0454095900058746e-05, 0.0017744645170644528, 1.1787080838241
call_center: 9.615905582904816e-06, 0.001236621216549899, -0.001236621216549899
call_center had no query dependencies
catalog_page: 0.0017016949132084846, 0.004872492072684855, -0.004872492072684855
catalog_page had no query dependencies
catalog_returns: 13.009788101539016, 1.700700756705237, -1.700700756705237
catalog_returns had no query dependencies
customer_address: 0.2449320713058114, 0.049748889272466616, -0.049748889272466616
customer_address had no query dependencies
customer_demographics: 0.011580578982830048, 0.005957844664574051, -0.005957844664574051
customer_demographics had no query dependencies
date_dim: 0.001992875710129738, 0.001942403250659048, -0.001942403250659048
date_dim had no query dependencies
household_demographics: 3.5176053643226624e-05, 0.0012819871305565812, -0.0012819871305565812
household_demographics had no query dependencies
item: 0.03489831369370222, 0.008292663128012929, -0.008292663128012929
item had no query dependencies
promotion: 7.638614624738693e-05, 0.004892579295600084, -0.004892579295600084
promotion had no query dependencies
reason: 1.4491379261016846e-06, 0.0013672036483752376, -0.0013672036483752376
reason had no query dependencies
ship_mode: 1.3029202818870544e-06, 0.0013298831137044263, -0.0013298831137044263
ship_mode had no query dependencies
store: 9.930133819580078e-05, 0.0014200308853249968, -0.0014200308853249968
store had no query dependencies
time_dim: 0.0012146271765232086, 0.0017927758340770276, -0.0017927758340770276
time_dim had no query dependencies
warehouse: 2.907589077949524e-06, 0.0014493303759898397, -0.0014493303759898397
warehouse had no query dependencies
web_page: 7.394980639219284e-05, 0.0014304018191616445, -0.0014304018191616445
web_page had no query dependencies
web_returns: 6.285572262480855, 0.813985847950093, -0.813985847950093
web_returns had no query dependencies
web_site: 1.0454095900058746e-05, 0.0017744637887156449, -0.0017744637887156449
web_site had no query dependencies
{}
{}
STARTING PHASE 2: 0b0
----
[]
Function: 16.741318785785765, 0, 16.741318785785765, 0.0, 0, 0.0, 0
{16.741318785785765: []}
[]
{}
Best Cost: $16.741318785785765;
[]
{}
{}
{}
[]
0
Optimal Subset: 0b0
Function: 16.741318785785765, 0, 16.741318785785765, 0.0, 0, 0.0, 0
16.741318785785765
Real: 16.741318785785765, 0, 16.741318785785765, 0.0, 0, 0.0, 0
Num Redshift Qs: 0; Num GCP Qs: 68
Num BigQuery Qs: 3; Num DuckDB Qs: 65
Redshift Qs: $0; GCP Qs: $16.741318785785765; Movement Cost: $0.0
Load Cost: $0, Storage Cost: $0.0, API Cost: $0
Final cost: $16.741318785785765, BQ Baseline: $72.43934154510498, Diff: $55.698022759319215, %: 76.88918972936601%
