Egress: $0.12/GB
Benchmark: tpcds
Data Path: parquet_1000/batch_rs1
BigQuery Cost: $6.25/TB; DuckDB Cost: $1.48/hr; Redshift Cost: $1.086/hr
Use Duck: False
Using calcite profiles: False
Excluded Table: store_sales
Excluded Query: None

Starting analysis without using DuckDB
Excluding table store_sales and any queries that depend on it
31
23
Total Keys: 32, Keys Considered: 31
12.039545438786668
12.376719588619869
0.33717414983320104
['000', '001', '002', '003', '004', '005', '006', '008', '009', '0012', '0013', '0014', '0015', '0016', '0018', '0020', '0021', '0022', '0023']
['source', '01', '02', '12', '15', '16', '18', '20', '26', '30', '32', '37', '40', '45', '57', '62', '66', '72', '81', '83', '84', '85', '86', '90', '91', '92', '94', '95', '99']
['date_dim', 'inventory', 'item', 'warehouse']
Costs: 13.211831433268436, 0.031927873857816064, 12.423878908157349, 0.6259766145579051, 0.12953666203697525, 2.4242344252957174e-05, 0.00048713231413960467
Runtime: 3475.75
Optimal Subset: 0b10000000110010000000
12.039545438786668
