Egress: $0.12/GB
Benchmark: tpcds
Data Path: parquet_1000/batch_rs1
BigQuery Cost: $6.25/TB; DuckDB Cost: $1.48/hr; Redshift Cost: $1.086/hr
Use Duck: False
Using calcite profiles: False
Excluded Table: customer_address
Excluded Query: None

Starting analysis without using DuckDB
Excluding table customer_address and any queries that depend on it
69
23
Total Keys: 70, Keys Considered: 69
47.98263780085821
89.58941158656916
41.60677378571095
['009']
['source']
['call_center', 'catalog_page', 'catalog_returns', 'catalog_sales', 'customer', 'customer_demographics', 'date_dim', 'household_demographics', 'inventory', 'item', 'promotion', 'reason', 'ship_mode', 'store', 'store_returns', 'store_sales', 'time_dim', 'warehouse', 'web_page', 'web_returns', 'web_sales', 'web_site']
Costs: 53.67371749773814, 5.690937668039005, 0.00014901161193847656, 42.78191346048505, 5.059624401539166, 0.11031402538723688, 0.030778930675736064
Runtime: 36521.45064825704
Optimal Subset: 0b111111111111110111011111
47.982637800858214
