Egress: $0.24/GB
Benchmark: tpcds
Data Path: parquet_2000/real_data_rs4
BigQuery Cost: $5.0/TB; DuckDB Cost: $1.48/hr; Redshift Cost: $4.344/hr
Use Duck: False
Excluded Table: store_sales
Excluded Query: None

Starting analysis without using DuckDB
Redshift Total: $1.5090386559820173, Redshift-Calcite Total: $1.5656614955870307, BigQuery Total: $21.086888313293457
Excluding table store_sales and any queries that depend on it
Total Keys: 32, Keys Considered: 31

Round 0
call_center: 5.735084414482117e-06, 3.1008451361735663, 0.0016546671611870187, 3.0991904690123793
catalog_page: 0.0006659524515271187, 0, 0.001721411210277719, -0.001721411210277719
catalog_page had no query dependencies
catalog_returns: 23.366260116919875, 2.5070265166123713, 5.865050681575818, -3.358024164963447
catalog_sales: 217.0907397372648, 15.825401916298866, 55.175376181653974, -39.34997426535511
customer: 0.6484093563631177, 7.349724451754889, 0.1710763310639226, 7.1786481206909665
customer_address: 0.18544994108378887, 9.740846206456817, 0.061447558714138914, 9.679398647742678
customer_demographics: 0.012168197892606258, 8.666222866546313, 0.010112307272702752, 8.65611055927361
date_dim: 0.0019952356815338135, 19.376269881682386, 0.005788780935375322, 19.37048110074701
household_demographics: 3.512948751449585e-05, 0.9548148393233618, 0.0014953415118690466, 0.9533194978114927
income_band: 6.137415766716003e-07, 0.013816372982660927, 0.0014322931077539243, 0.012384079874907002
inventory: 0.24701470416039228, 0.7278910443925857, 0.08349953538033782, 0.6443915090122478
item: 0.005464168265461922, 13.171676306889852, 0.007278959581710644, 13.16439734730814
promotion: 2.6027671992778778e-05, 1.6861488950300216, 0.0015051963800697616, 1.6846436986499518
reason: 1.2423843145370483e-06, 0.463546771068573, 0.0015700171882213451, 0.46197675388035164
ship_mode: 1.5795230865478516e-06, 2.1074674026171367, 0.0016958450881130627, 2.1057715575290237
store: 2.3781321942806244e-05, 0.15505929086526235, 0.0015227248745165072, 0.15353656599074583
store_returns: 36.877127600833774, 0.26229425836881004, 9.287653806008171, -9.025359547639361
time_dim: 0.0012104213237762451, 1.665818551123937, 0.014821719141660836, 1.650996831982276
warehouse: 2.3292377591133118e-06, 3.390775864288012, 0.017696485623166603, 3.3730793786648454
web_page: 1.0661780834197998e-05, 0.7711775441265106, 0.014087541255614339, 0.7570900028708963
web_returns: 11.326140539720654, 1.58279024769783, 2.8766075001034874, -1.2938172524056575
web_sales: 109.34904180746526, 5.716901066819828, 27.85242865265484, -22.135527585835014
web_site: 8.863396942615509e-06, 1.2722249607419966, 0.018439529624261354, 1.2537854311177352

Round 1
call_center: 5.735084414482117e-06, 0, 0.0016546658801043542, -0.0016546658801043542
call_center had no query dependencies
customer: 0.6484093563631177, 0.16887566384792327, 0.17091610672403235, -0.0020404428761090776
customer_address: 0.18544994108378887, 0.013816372982660927, 0.06140173335073039, -0.047585360368069464
customer_demographics: 0.012168197892606258, 0.013816372982660927, 0.010109300466190995, 0.0037070725164699316
date_dim: 0.0019952356815338135, 0.1918424539852142, 0.00578828790529045, 0.18605416607992376
household_demographics: 3.512948751449585e-05, 0.013816372982660927, 0.0014953328312433084, 0.012321040151417618
income_band: 6.137415766716003e-07, 0.013816372982660927, 0.0014322929560961204, 0.012384080026564806
inventory: 0.24701470416039228, 0.03678316311995188, 0.08343849713724512, -0.046655334017293236
item: 0.005464168265461922, 0.03678316311995188, 0.007277609365609054, 0.029505553754342828
promotion: 2.6027671992778778e-05, 0, 0.0015051899485361586, -0.0015051899485361586
promotion had no query dependencies
reason: 1.2423843145370483e-06, 0, 0.0015700168812236056, -0.0015700168812236056
reason had no query dependencies
ship_mode: 1.5795230865478516e-06, 0, 0.001695844697807091, -0.001695844697807091
ship_mode had no query dependencies
store: 2.3781321942806244e-05, 0.15505929086526235, 0.0015227189980642744, 0.15353657186719807
store_returns: 36.877127600833774, 0.16887566384792327, 9.278541331968572, -9.109665668120648
time_dim: 0.0012104213237762451, 0, 0.014821420042094047, -0.014821420042094047
time_dim had no query dependencies
warehouse: 2.3292377591133118e-06, 0.03678316311995188, 0.017696485047603374, 0.01908667807234851
web_page: 1.0661780834197998e-05, 0, 0.01408753862104903, -0.01408753862104903
web_page had no query dependencies
web_site: 8.863396942615509e-06, 0, 0.018439527322593227, -0.018439527322593227
web_site had no query dependencies

Round 2
customer_demographics: 0.012168197892606258, 0, 0.010109195821346206, -0.010109195821346206
customer_demographics had no query dependencies
date_dim: 0.0019952356815338135, 0, 0.005788270746535304, -0.005788270746535304
date_dim had no query dependencies
household_demographics: 3.512948751449585e-05, 0, 0.0014953325291345, -0.0014953325291345
household_demographics had no query dependencies
income_band: 6.137415766716003e-07, 0, 0.0014322929508180265, -0.0014322929508180265
income_band had no query dependencies
item: 0.005464168265461922, 0, 0.007277561417298305, -0.007277561417298305
item had no query dependencies
store: 2.3781321942806244e-05, 0, 0.0015227187885604148, -0.0015227187885604148
store had no query dependencies
store_returns: 36.877127600833774, 0, 9.278216459340314, -9.278216459340314
store_returns had no query dependencies
warehouse: 2.3292377591133118e-06, 0, 0.017696485026838245, -0.017696485026838245
warehouse had no query dependencies

Round 3
store_returns: 36.877127600833774, 0, 9.278210334194156, -9.278210334194156
store_returns had no query dependencies
STARTING PHASE 2: 0b10000000000000000
----
[16]
Function: 30.403635411929795, 0, 21.086888313293457, 8.88585120481757, 0.4275853444878261, 0.0001143655062265864, 0.0031961838247120383
Function: 21.086888313293457, 0, 21.086888313293457, 0.0, 0, 0.0, 0
hiya: 0b0, 21.086888313293457
{21.086888313293457: []}
NEW ENTRY: 21.086888313293457, 0b0
{30.403635411929795: [16], 21.086888313293457: []}
[16]
----
Best Cost: $21.086888313293457;
[]
[]
0
Optimal Subset: 0b0
Function: 21.086888313293457, 0, 21.086888313293457, 0.0, 0, 0.0, 0
21.086888313293457
Real: 21.086888313293457, 0, 21.086888313293457, 0.0, 0, 0.0, 0
Num Redshift Qs: 0; Num GCP Qs: 32
Redshift Qs: $0; GCP Qs: $21.086888313293457; Movement Cost: $0.0
Load Cost: $0, Storage Cost: $0.0, API Cost: $0
Final cost: $21.086888313293457, BQ Baseline: $21.086888313293457, Diff: $0.0, %: 0.0%
