Egress: $0.24/GB
Benchmark: tpcds
Data Path: parquet_2000/real_data_rs4
BigQuery Cost: $5.0/TB; DuckDB Cost: $1.48/hr; Redshift Cost: $4.344/hr
Use Duck: False
Excluded Table: store
Excluded Query: None

Starting analysis without using DuckDB
Redshift Total: $9.163422485354742, Redshift-Calcite Total: $8.44579859506766, BigQuery Total: $136.7197608947754
Excluding table store and any queries that depend on it
Total Keys: 65, Keys Considered: 64

Round 0
call_center: 5.735084414482117e-06, 3.1008451361735663, 0.001654673613382034, 3.099190462560184
catalog_page: 0.0006659524515271187, 0, 0.0017221604329181626, -0.0017221604329181626
catalog_page had no query dependencies
catalog_returns: 23.366260116919875, 12.426485379366877, 5.8913386411169855, 6.535146738249892
catalog_sales: 217.0907397372648, 90.77820925182503, 55.419611782662415, 35.35859746916262
customer: 0.6484093563631177, 25.17634806322097, 0.17180581703390224, 25.004542246187068
customer_address: 0.18544994108378887, 20.465318763465877, 0.06165619717505344, 20.403662566290823
customer_demographics: 0.012168197892606258, 12.683516488100684, 0.010125996972821178, 12.673390491127863
date_dim: 0.0019952356815338135, 109.11998839987915, 0.005791025653811597, 109.11419737422534
household_demographics: 3.512948751449585e-05, 0.9548148393233618, 0.001495381033921008, 0.9533194582894408
income_band: 6.137415766716003e-07, 0.013816372982660927, 0.0014322937982372817, 0.012384079184423646
inventory: 0.24701470416039228, 0.9376287699699402, 0.08377743661556117, 0.853851333354379
item: 0.005464168265461922, 82.2371675317081, 0.007285106985427363, 82.22988242472267
promotion: 2.6027671992778778e-05, 3.7997093879890445, 0.0015052256622220988, 3.7982041623268223
reason: 1.2423843145370483e-06, 8.504480739917755, 0.0015700185859524511, 8.502910721331801
ship_mode: 1.5795230865478516e-06, 2.1074674026171367, 0.0016958468651385168, 2.105771555751998
store_returns: 36.877127600833774, 11.278256346945764, 9.329141615892993, 1.94911473105277
store_sales: 288.85508783441037, 109.04382140517238, 74.67630826861284, 34.36751313655954
time_dim: 0.0012104213237762451, 3.3984082972606027, 0.014823124276657459, 3.383585172983945
warehouse: 2.3292377591133118e-06, 3.390775864288012, 0.017696488327095743, 3.3730793759609163
web_page: 1.0661780834197998e-05, 0.7711775441265106, 0.01408755363249591, 0.7570899904940147
web_returns: 11.326140539720654, 11.502249110452334, 2.8897556131913884, 8.612493497260946
web_sales: 109.34904180746526, 88.00830715302627, 27.979368060010422, 60.02893909301584
web_site: 8.863396942615509e-06, 1.2722249607419969, 0.01843953991346313, 1.2537854208285337

Round 1
call_center: 5.735084414482117e-06, 3.1008451361735663, 0.0016546732750693776, 3.099190462898497
catalog_returns: 23.366260116919875, 12.426485379366877, 5.889960000701445, 6.536525378665432
catalog_sales: 217.0907397372648, 90.77820925182503, 55.40680314036606, 35.371406111458974
customer: 0.6484093563631177, 25.17634806322097, 0.17176756001972782, 25.004580503201243
customer_address: 0.18544994108378887, 20.465318763465877, 0.06164525538194841, 20.40367350808393
customer_demographics: 0.012168197892606258, 12.683516488100684, 0.010125279032966228, 12.673391209067718
date_dim: 0.0019952356815338135, 109.11998839987915, 0.005790907932253448, 109.1141974919469
household_demographics: 3.512948751449585e-05, 0.9548148393233618, 0.0014953789612345352, 0.9533194603621272
income_band: 6.137415766716003e-07, 0.013816372982660927, 0.0014322937620257128, 0.012384079220635214
inventory: 0.24701470416039228, 0.9376287699699402, 0.08376286241957583, 0.8538659075503643
item: 0.005464168265461922, 82.2371675317081, 0.007284784592234341, 82.22988274711587
promotion: 2.6027671992778778e-05, 3.7997093879890445, 0.001505224126554844, 3.7982041638624895
reason: 1.2423843145370483e-06, 8.504480739917755, 0.0015700185126501245, 8.502910721405105
ship_mode: 1.5795230865478516e-06, 2.1074674026171367, 0.0016958467719445545, 2.1057715558451924
store_returns: 36.877127600833774, 11.278256346945764, 9.326965816331354, 1.9512905306144095
store_sales: 288.85508783441037, 109.04382140517238, 74.65926543435822, 34.38455597081416
time_dim: 0.0012104213237762451, 3.3984082972606027, 0.014823052860189935, 3.383585244400413
warehouse: 2.3292377591133118e-06, 3.390775864288012, 0.017696488189667618, 3.373079376098344
web_page: 1.0661780834197998e-05, 0.7711775441265106, 0.014087553003436667, 0.757089991123074
web_returns: 11.326140539720654, 11.502249110452334, 2.8890873558398904, 8.613161754612443
web_sales: 109.34904180746526, 88.00830715302627, 27.97291632114926, 60.03539083187701
web_site: 8.863396942615509e-06, 1.2722249607419969, 0.018439539390510924, 1.2537854213514859
STARTING PHASE 2: 0b111111110111111111111101
----
[0, 2, 3, 4, 5, 6, 7, 8, 9, 10, 11, 12, 13, 14, 16, 17, 18, 19, 20, 21, 22, 23]
Function: 184.5787030059419, 8.133234069029488, 4.76837158203125e-05, 165.77118938592008, 10.521488440912565, 0.09308314652460223, 0.059660279839295165

Round 0
catalog_returns: 23.366260116919875, 11.317201539740562, 5.8881851922476995, 5.429016347492863
catalog_sales: 217.0907397372648, 87.72552717620374, 55.39031378870312, 32.33521338750062
customer: 0.6484093563631177, 25.12818500266869, 0.17171830941644758, 24.956466693252242
customer_address: 0.18544994108378887, 19.356034923839562, 0.06163116933987171, 19.29440375449969
customer_demographics: 0.012168197892606258, 12.635353427548408, 0.010124354784910332, 12.625229072763497
date_dim: 0.0019952356815338135, 106.01914326370559, 0.005790756382063683, 106.01335250732352
household_demographics: 3.512948751449585e-05, 0.9066517787710826, 0.0014953762929379782, 0.9051564024781447
income_band: 6.137415766716003e-07, 0.013816372982660927, 0.0014322937154083364, 0.01238407926725259
inventory: 0.24701470416039228, 0.9376287699699402, 0.08374410016224626, 0.8538846698076938
item: 0.005464168265461922, 80.74417439439458, 0.00728436955568242, 80.7368900248389
promotion: 2.6027671992778778e-05, 3.7997093879890445, 0.0015052221495960986, 3.7982041658394485
reason: 1.2423843145370483e-06, 8.504480739917755, 0.001570018418283539, 8.502910721499472
ship_mode: 1.5795230865478516e-06, 1.6088992433834077, 0.0016958466519702447, 1.6072033967314374
store_returns: 36.877127600833774, 11.278256346945764, 9.324164775964247, 1.9540915709815163
store_sales: 288.85508783441037, 109.04382140517238, 74.63732514741325, 34.40649625775913
time_dim: 0.0012104213237762451, 3.3984082972606027, 0.01482296092138641, 3.383585336339216
warehouse: 2.3292377591133118e-06, 2.892207705054283, 0.017696488012747955, 2.874511217041535
web_page: 1.0661780834197998e-05, 0.7711775441265106, 0.014087552193610076, 0.7570899919329006
web_returns: 11.326140539720654, 11.502249110452334, 2.88822706712113, 8.614022043331204
web_sales: 109.34904180746526, 88.00830715302627, 27.96461060158448, 60.04369655144178
web_site: 8.863396942615509e-06, 1.2722249607419969, 0.018439538717282444, 1.2537854220247144
Function: 187.67731980065022, 8.021922909426689, 3.2122039794921875, 165.77118800400368, 10.519835151500702, 0.09251947688320668, 0.05965027934378387
hiya: 0b111111110111111111111100, 187.67731980065022

Round 0
call_center: 5.735084414482117e-06, 1.9915612965472538, 0.001654671640387267, 1.9899066249068664
catalog_sales: 217.0907397372648, 78.55110431144557, 55.34452905136245, 23.20657526008312
customer: 0.6484093563631177, 25.070386218754443, 0.17158155898616093, 24.89880465976828
customer_address: 0.18544994108378887, 19.298236139925315, 0.06159205769073992, 19.236644082234577
customer_demographics: 0.012168197892606258, 12.050148794817924, 0.010121788495140917, 12.040027006322783
date_dim: 0.0019952356815338135, 96.69350302051228, 0.005790335584098177, 96.68771268492819
household_demographics: 3.512948751449585e-05, 0.32144714604059854, 0.0014953688840804622, 0.31995177715651807
income_band: 6.137415766716003e-07, 0.013816372982660927, 0.001432293585969389, 0.012384079396691538
inventory: 0.24701470416039228, 0.35242413723945615, 0.08369200441941102, 0.26873213282004516
item: 0.005464168265461922, 76.41830525086246, 0.0072832171550359336, 76.41102203370743
promotion: 2.6027671992778778e-05, 3.2145047552585604, 0.0015052166603240678, 3.212999538598236
reason: 1.2423843145370483e-06, 8.504480739917755, 0.0015700181562629683, 8.502910721761491
ship_mode: 1.5795230865478516e-06, 2.1074674026171367, 0.0016958463188466407, 2.10577155629829
store_returns: 36.877127600833774, 1.2653788896703722, 9.316387338736266, -8.051008449065893
store_sales: 288.85508783441037, 99.12436254241787, 74.57640520977787, 24.547957332639996
time_dim: 0.0012104213237762451, 3.3984082972606027, 0.01482270564185469, 3.383585591618748
warehouse: 2.3292377591133118e-06, 2.1442505657370883, 0.01769648752150849, 2.12655407821558
web_page: 1.0661780834197998e-05, 0.7711775441265106, 0.014087549945025748, 0.7570899941814849
web_returns: 11.326140539720654, 1.4893716531769434, 2.885838368412368, -1.3964667152354244
web_sales: 109.34904180746526, 78.08884829027177, 27.94154873739042, 50.14729955288135
web_site: 8.863396942615509e-06, 1.2722249607419969, 0.018439536847979766, 1.2537854238940171

Round 1
call_center: 5.735084414482117e-06, 1.9915612965472538, 0.0016546711970598534, 1.989906625350194
catalog_sales: 217.0907397372648, 78.55110431144557, 55.32774773321417, 23.223356578231403
customer: 0.6484093563631177, 25.06607483207066, 0.17153143633370407, 24.894543395736957
customer_address: 0.18544994108378887, 17.808864486748373, 0.06157772223605552, 17.747286764512317
customer_demographics: 0.012168197892606258, 11.586602023749352, 0.010120847882011246, 11.576481175867341
date_dim: 0.0019952356815338135, 95.20413136733535, 0.005790181350505379, 95.19834118598484
household_demographics: 3.512948751449585e-05, 0.32144714604059854, 0.0014953661685380717, 0.31995177987206047
income_band: 6.137415766716003e-07, 0.013816372982660927, 0.0014322935385265884, 0.012384079444134338
inventory: 0.24701470416039228, 0.35242413723945615, 0.0836729099506979, 0.2687512272887582
item: 0.005464168265461922, 76.41830525086246, 0.0072827947696951795, 76.41102245609277
promotion: 2.6027671992778778e-05, 3.2145047552585604, 0.0015052146483605685, 3.2129995406101997
reason: 1.2423843145370483e-06, 8.040933968849181, 0.0015700180602254935, 8.039363950788955
ship_mode: 1.5795230865478516e-06, 2.1074674026171367, 0.001695846196748022, 2.1057715564203887
store_returns: 36.877127600833774, 1.2653788896703722, 9.313536702124988, -8.048157812454615
store_sales: 288.85508783441037, 99.12436254241787, 74.55407644009583, 24.570286102322044
time_dim: 0.0012104213237762451, 3.3984082972606027, 0.014822612075149117, 3.3835856851854538
warehouse: 2.3292377591133118e-06, 2.1442505657370883, 0.01769648734145622, 2.1265540783956323
web_page: 1.0661780834197998e-05, 0.3076307730579376, 0.014087549120860072, 0.29354322393707755
web_sales: 109.34904180746526, 76.6037880237786, 27.932972719883725, 48.670815303894884
web_site: 8.863396942615509e-06, 0.25071146531740823, 0.018439536152842013, 0.2322719291645662
Function: 189.71044332846475, 6.448729277537663, 15.600409507751465, 157.4117663443637, 10.11441638545354, 0.07847895693577467, 0.05664285642256142
hiya: 0b110111110111111111111001, 189.71044332846475

Round 0
call_center: 5.735084414482117e-06, 0.048163060552279154, 0.0016546679750330056, 0.04650839257724615
catalog_returns: 23.366260116919875, 0.19938043898741403, 5.868366242084152, -5.668985803096738
customer: 0.6484093563631177, 5.20843071375529, 0.17115414328866632, 5.037276570466624
customer_address: 0.18544994108378887, 5.294050063831011, 0.06146981359425857, 5.232580250236753
customer_demographics: 0.012168197892606258, 2.6390866975625356, 0.010113767514662333, 2.628972930047873
date_dim: 0.0019952356815338135, 18.34177914805412, 0.005789020373202281, 18.335990127680915
household_demographics: 3.512948751449585e-05, 0.3696102065928777, 0.0014953457275756073, 0.3681148608653021
income_band: 6.137415766716003e-07, 0.013816372982660927, 0.0014322931814058496, 0.012384079801255077
inventory: 0.24701470416039228, 0.24652088869730632, 0.08352917832655153, 0.16299171037075477
item: 0.005464168265461922, 11.44469540465991, 0.0072796153080429945, 11.437415789351867
promotion: 2.6027671992778778e-05, 2.1135604929590226, 0.0015051995035149166, 2.1120552934555077
reason: 1.2423843145370483e-06, 8.504480739917755, 0.0015700173373134063, 8.502910722580442
ship_mode: 1.5795230865478516e-06, 0.25071146531740823, 0.0016958452776633895, 0.24901562003974484
store_returns: 36.877127600833774, 1.358797484191259, 9.292078831987512, -7.933281347796253
store_sales: 288.85508783441037, 34.09101406964621, 74.3859989523264, -40.2949848826802
time_dim: 0.0012104213237762451, 0.3076307730579376, 0.014821907761519856, 0.29280886529641775
warehouse: 2.3292377591133118e-06, 0.2874946284373601, 0.017696485986131535, 0.2697981424512286
web_page: 1.0661780834197998e-05, 0.7711775441265106, 0.014087542917038802, 0.7570900012094718
web_returns: 11.326140539720654, 1.5827902476978302, 2.8783724516867686, -1.2955822039889384
web_sales: 109.34904180746526, 11.608339919101395, 27.869468505179317, -16.261128586077923
web_site: 8.863396942615509e-06, 1.2722249607419969, 0.018439531005443797, 1.2537854297365532

Round 1
call_center: 5.735084414482117e-06, 0, 0.001654665843330019, -0.001654665843330019
call_center had no query dependencies
customer: 0.6484093563631177, 0.013816372982660927, 0.1709119490131166, -0.15709557603045568
customer_address: 0.18544994108378887, 0.013816372982660927, 0.06140054421421222, -0.047584171231551294
customer_demographics: 0.012168197892606258, 0.013816372982660927, 0.01010922244163952, 0.0037071505410214076
date_dim: 0.0019952356815338135, 0.03678316311995188, 0.005788275111500399, 0.030994888008451484
household_demographics: 3.512948751449585e-05, 0.013816372982660927, 0.0014953326059870683, 0.012321040376673859
income_band: 6.137415766716003e-07, 0.013816372982660927, 0.0014322929521607053, 0.012384080030500223
inventory: 0.24701470416039228, 0.03678316311995188, 0.08343691323701023, -0.04665375011705835
item: 0.005464168265461922, 0.03678316311995188, 0.007277574328434127, 0.029505588791517753
promotion: 2.6027671992778778e-05, 0, 0.0015051897816423052, -0.0015051897816423052
promotion had no query dependencies
reason: 1.2423843145370483e-06, 0, 0.0015700168732572263, -0.0015700168732572263
reason had no query dependencies
ship_mode: 1.5795230865478516e-06, 0, 0.0016958446876789207, -0.0016958446876789207
ship_mode had no query dependencies
store_returns: 36.877127600833774, 0.013816372982660927, 9.278304463811002, -9.264488090828342
time_dim: 0.0012104213237762451, 0, 0.014821412267348899, -0.014821412267348899
time_dim had no query dependencies
warehouse: 2.3292377591133118e-06, 0.03678316311995188, 0.017696485032642276, 0.019086678087309607
web_page: 1.0661780834197998e-05, 0, 0.014087538552566573, -0.014087538552566573
web_page had no query dependencies
web_site: 8.863396942615509e-06, 0, 0.018439527265662097, -0.018439527265662097
web_site had no query dependencies

Round 2
customer_demographics: 0.012168197892606258, 0, 0.010109195821346206, -0.010109195821346206
customer_demographics had no query dependencies
date_dim: 0.0019952356815338135, 0, 0.005788270746535304, -0.005788270746535304
date_dim had no query dependencies
household_demographics: 3.512948751449585e-05, 0, 0.0014953325291345, -0.0014953325291345
household_demographics had no query dependencies
income_band: 6.137415766716003e-07, 0, 0.0014322929508180265, -0.0014322929508180265
income_band had no query dependencies
item: 0.005464168265461922, 0, 0.007277561417298305, -0.007277561417298305
item had no query dependencies
store_returns: 36.877127600833774, 0, 9.278216053587956, -9.278216053587956
store_returns had no query dependencies
warehouse: 2.3292377591133118e-06, 0, 0.017696485026812616, -0.017696485026812616
warehouse had no query dependencies

Round 3
store_returns: 36.877127600833774, 0, 9.278210334194156, -9.278210334194156
store_returns had no query dependencies
Function: 146.03650799341173, 0, 136.7197608947754, 8.88585120481757, 0.4275853444878261, 0.0001143655062265864, 0.0031961838247120383
hiya: 0b10000000000000000, 146.03650799341173

Round 0
call_center: 5.735084414482117e-06, 3.052682075621287, 0.0016546691609992867, 3.0510274064602876
catalog_returns: 23.366260116919875, 12.32052353490035, 5.873198184321367, 6.447325350578982
catalog_sales: 217.0907397372648, 70.81029190235932, 55.251072822416866, 15.559219079942459
customer_address: 0.18544994108378887, 10.796936873787244, 0.061512202061953514, 10.73542467172529
customer_demographics: 0.012168197892606258, 4.263256159057617, 0.01011654881111496, 4.253139610246502
date_dim: 0.0019952356815338135, 83.95745670964082, 0.0057894764261011734, 83.95166723321472
household_demographics: 3.512948751449585e-05, 0.8928354057884217, 0.0014953537571556542, 0.891340052031266
income_band: 6.137415766716003e-07, 0, 0.00143229332168934, -0.00143229332168934
income_band had no query dependencies
inventory: 0.24701470416039228, 0.9376287699699402, 0.08358563871012613, 0.854043131259814
item: 0.005464168265461922, 71.39789696064632, 0.007280864258129722, 71.39061609638819
promotion: 2.6027671992778778e-05, 3.7997093879890445, 0.0015052054526844174, 3.79820418253636
reason: 1.2423843145370483e-06, 8.504480739917755, 0.0015700176212863593, 8.502910722296468
ship_mode: 1.5795230865478516e-06, 2.1074674026171367, 0.001695845638696469, 2.10577155697844
store_returns: 36.877127600833774, 11.264439973963103, 9.300507871775041, 1.9639321021880622
store_sales: 288.85508783441037, 91.06213850284101, 74.45202283180372, 16.610115671037292
time_dim: 0.0012104213237762451, 3.3984082972606027, 0.014822184428661837, 3.383586112831941
warehouse: 2.3292377591133118e-06, 3.390775864288012, 0.017696486518527604, 3.3730793777694843
web_page: 1.0661780834197998e-05, 0.7711775441265106, 0.014087545354012089, 0.7570899987724985
web_returns: 11.326140539720654, 11.497937723768553, 2.8809612782971765, 8.616976445471376
web_sales: 109.34904180746526, 70.37044383566857, 27.89446251865293, 42.47598131701564
web_site: 8.863396942615509e-06, 1.2722249607419969, 0.018439533031358785, 1.2537854277106382

Round 1
call_center: 5.735084414482117e-06, 3.052682075621287, 0.0016546690024846036, 3.051027406618802
catalog_returns: 23.366260116919875, 12.32052353490035, 5.872552353317956, 6.4479711815823935
catalog_sales: 217.0907397372648, 70.81029190235932, 55.24507254981979, 15.565219352539536
customer_address: 0.18544994108378887, 10.796936873787244, 0.06150707632420459, 10.73542979746304
customer_demographics: 0.012168197892606258, 4.263256159057617, 0.01011621248859628, 4.2531399465690205
date_dim: 0.0019952356815338135, 83.95745670964082, 0.005789421278848006, 83.95166728836197
household_demographics: 3.512948751449585e-05, 0.8928354057884217, 0.0014953527861953013, 0.8913400530022264
inventory: 0.24701470416039228, 0.9376287699699402, 0.08357880878925211, 0.854049961180688
item: 0.005464168265461922, 71.39789696064632, 0.007280713174666807, 71.39061624747166
promotion: 2.6027671992778778e-05, 3.7997093879890445, 0.001505204733023048, 3.7982041832560216
reason: 1.2423843145370483e-06, 8.504480739917755, 0.0015700175869346124, 8.502910722330821
ship_mode: 1.5795230865478516e-06, 2.1074674026171367, 0.001695845595022884, 2.105771557022114
store_returns: 36.877127600833774, 11.264439973963103, 9.29948822452598, 1.9649517494371231
store_sales: 288.85508783441037, 91.06213850284101, 74.44403603036744, 16.618102472473566
time_dim: 0.0012104213237762451, 3.3984082972606027, 0.014822150960687152, 3.3835861462999155
warehouse: 2.3292377591133118e-06, 3.390775864288012, 0.017696486454124517, 3.3730793778338874
web_page: 1.0661780834197998e-05, 0.7711775441265106, 0.01408754505921539, 0.7570899990672952
web_returns: 11.326140539720654, 11.497937723768553, 2.8806481121479903, 8.617289611620564
web_sales: 109.34904180746526, 70.37044383566857, 27.891439033448947, 42.47900480221962
web_site: 8.863396942615509e-06, 1.2722249607419969, 0.01843953278628714, 1.2537854279557097
Function: 209.56029186502076, 3.8107856692377733, 29.498844146728516, 165.6149496002069, 10.504763930853207, 0.0713642607765085, 0.05958425721787811
hiya: 0b111111110111110111101101, 209.56029186502076

Round 0
call_center: 5.735084414482117e-06, 1.9915612965472538, 0.001654671946350316, 1.9899066246009034
catalog_returns: 23.366260116919875, 11.259402755826315, 5.884546445647302, 5.374856310179013
catalog_sales: 217.0907397372648, 75.60694055219015, 55.356507001170826, 20.250433551019327
customer: 0.6484093563631177, 15.507966173542341, 0.17161733487754718, 15.336348838664794
customer_demographics: 0.012168197892606258, 3.7997093879890445, 0.01012245838285549, 3.789586929606189
date_dim: 0.0019952356815338135, 88.66848600939592, 0.005790445426482606, 88.66269556396944
household_demographics: 3.512948751449585e-05, 0.8928354057884217, 0.0014953708180407998, 0.8913400349703808
income_band: 6.137415766716003e-07, 0, 0.0014322936197572961, -0.0014322936197572961
income_band had no query dependencies
inventory: 0.24701470416039228, 0.9376287699699402, 0.08370560315581359, 0.8539231668141266
item: 0.005464168265461922, 69.6244688989528, 0.007283517970261302, 69.61718538098253
promotion: 2.6027671992778778e-05, 3.7997093879890445, 0.0015052180932082024, 3.798204169895836
reason: 1.2423843145370483e-06, 8.040933968849181, 0.0015700182246591267, 8.039363950624523
ship_mode: 1.5795230865478516e-06, 2.1074674026171367, 0.0016958464058030758, 2.1057715562113337
store_returns: 36.877127600833774, 11.264439973963103, 9.318417510742552, 1.946022463220551
store_sales: 288.85508783441037, 98.3193488481633, 74.59230735702596, 23.727041491137342
time_dim: 0.0012104213237762451, 3.3984082972606027, 0.014822772278375678, 3.383585524982227
warehouse: 2.3292377591133118e-06, 3.390775864288012, 0.017696487649738468, 3.3730793766382736
web_page: 1.0661780834197998e-05, 0.3076307730579376, 0.014087550531981685, 0.29354322252595594
web_returns: 11.326140539720654, 10.01287745727539, 2.8864618989029176, 7.126415558372473
web_sales: 109.34904180746526, 76.14259391449768, 27.94756865754241, 48.195025256955276
web_site: 8.863396942615509e-06, 0.25071146531740823, 0.01843953733593047, 0.23227192798147778

Round 1
call_center: 5.735084414482117e-06, 1.9915612965472538, 0.0016546716551998693, 1.9899066248920538
catalog_returns: 23.366260116919875, 11.259402755826315, 5.883360221247417, 5.376042534578898
catalog_sales: 217.0907397372648, 75.60694055219015, 55.345486053394986, 20.261454498795167
customer: 0.6484093563631177, 15.507966173542341, 0.17158441737188806, 15.336381756170454
customer_demographics: 0.012168197892606258, 3.7997093879890445, 0.010121840645435354, 3.789587547343609
date_dim: 0.0019952356815338135, 88.66848600939592, 0.005790344135251698, 88.66269566526067
household_demographics: 3.512948751449585e-05, 0.8928354057884217, 0.0014953690346379345, 0.8913400367537837
inventory: 0.24701470416039228, 0.9376287699699402, 0.08369306050580395, 0.8539357094641362
item: 0.005464168265461922, 69.6244688989528, 0.007283240516534892, 69.61718565843627
promotion: 2.6027671992778778e-05, 3.7997093879890445, 0.0015052167716027478, 3.7982041712174417
reason: 1.2423843145370483e-06, 8.040933968849181, 0.001570018161574657, 8.039363950687607
ship_mode: 1.5795230865478516e-06, 2.1074674026171367, 0.0016958463255997318, 2.105771556291537
store_returns: 36.877127600833774, 11.264439973963103, 9.316545003166821, 1.9478949707962823
store_sales: 288.85508783441037, 98.3193488481633, 74.5776401805009, 23.741708667662408
time_dim: 0.0012104213237762451, 3.3984082972606027, 0.01482271081688868, 3.383585586443714
warehouse: 2.3292377591133118e-06, 3.390775864288012, 0.01769648753146691, 3.373079376756545
web_page: 1.0661780834197998e-05, 0.3076307730579376, 0.014087549990609113, 0.2935432230673285
web_returns: 11.326140539720654, 10.01287745727539, 2.8858867921811036, 7.1269906650942865
web_sales: 109.34904180746526, 76.14259391449768, 27.942016248162812, 48.200577666334866
web_site: 8.863396942615509e-06, 0.25071146531740823, 0.018439536885874325, 0.2322719284315339
Function: 204.9752031558077, 6.999426970373789, 21.599173545837402, 165.7265035293136, 10.503164142613409, 0.08731071075816141, 0.059624256911358246
hiya: 0b111111110111110111011101, 204.9752031558077

Round 0
call_center: 5.735084414482117e-06, 3.052682075621287, 0.0016546719949082492, 3.0510274036263785
catalog_returns: 23.366260116919875, 11.793117686084113, 5.884744283590065, 5.908373402494048
catalog_sales: 217.0907397372648, 80.73377946128687, 55.35834506961343, 25.375434391673444
customer: 0.6484093563631177, 16.756087734177903, 0.1716228248435276, 16.584464909334375
customer_address: 0.18544994108378887, 11.58151166335424, 0.061603860035573964, 11.519907803318667
date_dim: 0.0019952356815338135, 96.45028828476111, 0.005790462460206366, 96.4444978223009
household_demographics: 3.512948751449585e-05, 0.3076307730579376, 0.0014953711179482203, 0.3061354019399894
income_band: 6.137415766716003e-07, 0, 0.0014322936249969301, -0.0014322936249969301
income_band had no query dependencies
inventory: 0.24701470416039228, 0.35242413723945615, 0.08370771196946111, 0.26871642526999506
item: 0.005464168265461922, 71.98291037680627, 0.0072835646189523175, 71.97562681218731
promotion: 2.6027671992778778e-05, 0, 0.0015052183154116137, -0.0015052183154116137
promotion had no query dependencies
reason: 1.2423843145370483e-06, 8.040933968849181, 0.0015700182352656085, 8.039363950613916
ship_mode: 1.5795230865478516e-06, 2.1074674026171367, 0.0016958464192877785, 2.105771556197849
store_returns: 36.877127600833774, 11.264439973963103, 9.318732338113785, 1.9457076358493186
store_sales: 288.85508783441037, 105.02652778361798, 74.59477337034875, 30.431754413269232
time_dim: 0.0012104213237762451, 3.3984082972606027, 0.014822782611983207, 3.3835855146486193
warehouse: 2.3292377591133118e-06, 2.805571231557528, 0.017696487669623635, 2.787874743887904
web_page: 1.0661780834197998e-05, 0.3076307730579376, 0.014087550623003427, 0.2935432224349342
web_returns: 11.326140539720654, 11.038702339383763, 2.8865585924168733, 8.152143746966889
web_sales: 109.34904180746526, 85.64102725336232, 27.94850219205604, 57.692525061306284
web_site: 8.863396942615509e-06, 1.2722249607419969, 0.018439537411599052, 1.2537854233303978

Round 1
call_center: 5.735084414482117e-06, 3.052682075621287, 0.001654671407982791, 3.051027404213304
catalog_returns: 23.366260116919875, 11.793117686084113, 5.8823529930814615, 5.910764693002651
catalog_sales: 217.0907397372648, 80.73377946128687, 55.33612811992436, 25.39765134136251
customer: 0.6484093563631177, 16.756087734177903, 0.17155646697830645, 16.584531267199598
customer_address: 0.18544994108378887, 11.58151166335424, 0.06158488118822246, 11.519926782166017
date_dim: 0.0019952356815338135, 96.45028828476111, 0.005790258268858508, 96.44449802649225
household_demographics: 3.512948751449585e-05, 0.3076307730579376, 0.0014953675228153386, 0.3061354055351223
inventory: 0.24701470416039228, 0.35242413723945615, 0.08368243005151348, 0.26874170718794266
item: 0.005464168265461922, 71.98291037680627, 0.00728300536214933, 71.97562737144412
reason: 1.2423843145370483e-06, 8.040933968849181, 0.0015700181080942532, 8.039363950741087
ship_mode: 1.5795230865478516e-06, 2.1074674026171367, 0.0016958462576066552, 2.1057715563595303
store_returns: 36.877127600833774, 11.264439973963103, 9.314957568711385, 1.9494824052517181
store_sales: 288.85508783441037, 105.02652778361798, 74.56520595503682, 30.461321828581163
time_dim: 0.0012104213237762451, 3.3984082972606027, 0.014822658712382716, 3.38358563854822
warehouse: 2.3292377591133118e-06, 2.805571231557528, 0.017696487431201176, 2.7878747441263267
web_page: 1.0661780834197998e-05, 0.3076307730579376, 0.014087549531655846, 0.29354322352628176
web_returns: 11.326140539720654, 11.038702339383763, 2.885399240495016, 8.153303098888747
web_sales: 109.34904180746526, 85.64102725336232, 27.9373091451988, 57.70371810816353
web_site: 8.863396942615509e-06, 1.2722249607419969, 0.01843953650433534, 1.2537854242376616
Function: 197.24369794216824, 7.0550155946667985, 13.7617826461792, 165.76825093776557, 10.51136852449258, 0.08765101285890807, 0.05962922620517911
hiya: 0b111111110110110110111101, 197.24369794216824

Round 0
call_center: 5.735084414482117e-06, 0, 0.0016546665330995237, -0.0016546665330995237
call_center had no query dependencies
catalog_returns: 23.366260116919875, 0, 5.862491421353268, -5.862491421353268
catalog_returns had no query dependencies
catalog_sales: 217.0907397372648, 0, 55.151598662610986, -55.151598662610986
catalog_sales had no query dependencies
customer: 0.6484093563631177, 0.013816372982660927, 0.17100531207049507, -0.15718893908783416
customer_address: 0.18544994108378887, 0.013816372982660927, 0.06142724674914687, -0.04761087376648594
customer_demographics: 0.012168197892606258, 0.013816372982660927, 0.010110974514071681, 0.003705398468589246
household_demographics: 3.512948751449585e-05, 0.32144714604059854, 0.00149533766285301, 0.3199518083777455
income_band: 6.137415766716003e-07, 0.013816372982660927, 0.0014322930405083897, 0.012384079942152538
inventory: 0.24701470416039228, 0, 0.08347247083642058, -0.08347247083642058
inventory had no query dependencies
item: 0.005464168265461922, 3.0943366798830034, 0.007278360891756155, 3.087058318991247
promotion: 2.6027671992778778e-05, 0, 0.0015051935283080654, -0.0015051935283080654
promotion had no query dependencies
reason: 1.2423843145370483e-06, 8.040933968849181, 0.0015700170520976072, 8.039363951797084
ship_mode: 1.5795230865478516e-06, 0, 0.0016958449150501996, -0.0016958449150501996
ship_mode had no query dependencies
store_returns: 36.877127600833774, 1.2653788896703722, 9.283612901359657, -8.018234011689284
store_sales: 288.85508783441037, 19.145043596110344, 74.31968611035077, -55.17464251424043
time_dim: 0.0012104213237762451, 0.3076307730579376, 0.014821629883506458, 0.2928091431744312
warehouse: 2.3292377591133118e-06, 0, 0.017696485451405366, -0.017696485451405366
warehouse had no query dependencies
web_page: 1.0661780834197998e-05, 0.3076307730579376, 0.01408754046939977, 0.2935432325885379
web_returns: 11.326140539720654, 0, 2.875772294724206, -2.875772294724206
web_returns had no query dependencies
web_sales: 109.34904180746526, 0.3076307730579376, 27.84436510200256, -27.536734328944622
web_site: 8.863396942615509e-06, 0, 0.018439528970662117, -0.018439528970662117
web_site had no query dependencies

Round 1
customer_demographics: 0.012168197892606258, 0, 0.010109195821346206, -0.010109195821346206
customer_demographics had no query dependencies
household_demographics: 3.512948751449585e-05, 0, 0.0014953325277817, -0.0014953325277817
household_demographics had no query dependencies
income_band: 6.137415766716003e-07, 0, 0.001432292950794392, -0.001432292950794392
income_band had no query dependencies
item: 0.005464168265461922, 0, 0.007277561206878887, -0.007277561206878887
item had no query dependencies
reason: 1.2423843145370483e-06, 0, 0.00157001687026028, -0.00157001687026028
reason had no query dependencies
store_returns: 36.877127600833774, 0, 9.278215053338176, -9.278215053338176
store_returns had no query dependencies
time_dim: 0.0012104213237762451, 0, 0.014821409332620793, -0.014821409332620793
time_dim had no query dependencies
web_page: 1.0661780834197998e-05, 0, 0.014087538525348125, -0.014087538525348125
web_page had no query dependencies

Round 2
store_returns: 36.877127600833774, 0, 9.278210334194156, -9.278210334194156
store_returns had no query dependencies
Function: 146.03650799341173, 0, 136.7197608947754, 8.88585120481757, 0.4275853444878261, 0.0001143655062265864, 0.0031961838247120383
hiya: 0b10000000000000000, 146.03650799341173

Round 0
call_center: 5.735084414482117e-06, 3.052682075621287, 0.001654672676818933, 3.051027402944468
catalog_returns: 23.366260116919875, 11.793117686084113, 5.887522569185039, 5.9055951168990735
catalog_sales: 217.0907397372648, 90.19300461909455, 55.3841575048083, 34.80884711428625
customer: 0.6484093563631177, 25.11436862968603, 0.1716999217501535, 24.942668707935876
customer_address: 0.18544994108378887, 20.40333932993094, 0.061625910329344724, 20.341713419601597
customer_demographics: 0.012168197892606258, 12.036332421835263, 0.010124009717770176, 12.026208412117493
date_dim: 0.0019952356815338135, 108.48662070659638, 0.005790699800943238, 108.48083000679544
income_band: 6.137415766716003e-07, 0, 0.0014322936979971643, -0.0014322936979971643
income_band had no query dependencies
inventory: 0.24701470416039228, 0.35242413723945615, 0.08373709262725033, 0.2686870446122058
item: 0.005464168265461922, 81.65196289897762, 0.0072842145432491555, 81.64467868443437
promotion: 2.6027671992778778e-05, 3.2145047552585604, 0.0015052214112197214, 3.2129995338473405
reason: 1.2423843145370483e-06, 8.504480739917755, 0.001570018383038465, 8.502910721534716
ship_mode: 1.5795230865478516e-06, 2.1074674026171367, 0.001695846607160915, 2.1057715560099757
store_returns: 36.877127600833774, 11.264439973963103, 9.323118612485477, 1.9413213614776268
store_sales: 288.85508783441037, 109.04382140517238, 74.62913064683228, 34.4146907583401
time_dim: 0.0012104213237762451, 3.0907775242026645, 0.014822926583067096, 3.075954597619597
warehouse: 2.3292377591133118e-06, 2.805571231557528, 0.017696487946670045, 2.7878747436108577
web_page: 1.0661780834197998e-05, 0.463546771068573, 0.0140875518911471, 0.44945921917742593
web_returns: 11.326140539720654, 11.502249110452334, 2.887905756993174, 8.61434335345916
web_sales: 109.34904180746526, 87.70067637996833, 27.96150848974931, 59.73916789021902
web_site: 8.863396942615509e-06, 1.2722249607419969, 0.018439538465837638, 1.2537854222761593

Round 1
call_center: 5.735084414482117e-06, 3.052682075621287, 0.0016546723508842666, 3.051027403270403
catalog_returns: 23.366260116919875, 11.793117686084113, 5.886194624616692, 5.90692306146742
catalog_sales: 217.0907397372648, 90.19300461909455, 55.371819866383056, 34.821184752711495
customer: 0.6484093563631177, 25.11436862968603, 0.17166307153627502, 24.942705558149754
customer_address: 0.18544994108378887, 20.40333932993094, 0.061615370891679885, 20.34172395903926
customer_demographics: 0.012168197892606258, 12.036332421835263, 0.010123318178250493, 12.026209103657013
date_dim: 0.0019952356815338135, 108.48662070659638, 0.005790586408283368, 108.4808301201881
inventory: 0.24701470416039228, 0.35242413723945615, 0.08372305179287952, 0.2687010854465766
item: 0.005464168265461922, 81.65196289897762, 0.007283903948453391, 81.64467899502917
promotion: 2.6027671992778778e-05, 3.2145047552585604, 0.0015052199317522024, 3.212999535326808
reason: 1.2423843145370483e-06, 8.504480739917755, 0.0015700183124187322, 8.502910721605335
ship_mode: 1.5795230865478516e-06, 2.1074674026171367, 0.001695846517377507, 2.1057715560997594
store_returns: 36.877127600833774, 11.264439973963103, 9.321022439132255, 1.9434175348308482
store_sales: 288.85508783441037, 109.04382140517238, 74.61271151721311, 34.431109887959266
time_dim: 0.0012104213237762451, 3.0907775242026645, 0.014822857780177877, 3.075954666422487
warehouse: 2.3292377591133118e-06, 2.805571231557528, 0.017696487814271283, 2.7878747437432567
web_page: 1.0661780834197998e-05, 0.463546771068573, 0.014087551285109095, 0.4494592197834639
web_returns: 11.326140539720654, 11.502249110452334, 2.8872619553866286, 8.614987155065705
web_sales: 109.34904180746526, 87.70067637996833, 27.955292860643972, 59.745383519324356
web_site: 8.863396942615509e-06, 1.2722249607419969, 0.018439537962023547, 1.2537854227799734
Function: 185.52907077993504, 7.835659954190254, 1.252436637878418, 165.77118077329115, 10.518569393811225, 0.0915837440129304, 0.05964027675108017
hiya: 0b111111110111110011111101, 185.52907077993504

Round 0
call_center: 5.735084414482117e-06, 3.1008451361735663, 0.001654672928707329, 3.099190463244859
catalog_returns: 23.366260116919875, 12.426485379366877, 5.888548829541934, 6.537936549824943
catalog_sales: 217.0907397372648, 90.77820925182503, 55.39369226214329, 35.38451698968174
customer: 0.6484093563631177, 25.16253169023831, 0.17172840028348083, 24.99080328995483
customer_address: 0.18544994108378887, 20.451502390483217, 0.0616340554035573, 20.389868335079658
customer_demographics: 0.012168197892606258, 12.669700115118024, 0.010124544152422943, 12.6595755709656
date_dim: 0.0019952356815338135, 109.11998839987915, 0.0057907874329079755, 109.11419761244623
household_demographics: 3.512948751449585e-05, 0.9409984663407008, 0.001495376839640434, 0.9395030895010604
inventory: 0.24701470416039228, 0.9376287699699402, 0.08374794176140388, 0.8538808282085363
item: 0.005464168265461922, 82.2371675317081, 0.0072844545350130106, 82.22988307717308
promotion: 2.6027671992778778e-05, 3.7997093879890445, 0.0015052225543812435, 3.798204165434663
reason: 1.2423843145370483e-06, 8.504480739917755, 0.001570018437605233, 8.50291072148015
ship_mode: 1.5795230865478516e-06, 2.1074674026171367, 0.001695846676535157, 2.1057715559406014
store_returns: 36.877127600833774, 11.264439973963103, 9.324738293005703, 1.9397016809574001
store_sales: 288.85508783441037, 109.04382140517238, 74.64181745270281, 34.40200395246957
time_dim: 0.0012104213237762451, 3.3984082972606027, 0.014822979745988587, 3.383585317514614
warehouse: 2.3292377591133118e-06, 3.390775864288012, 0.01769648804897251, 3.373079376239039
web_page: 1.0661780834197998e-05, 0.7711775441265106, 0.014087552359423234, 0.7570899917670874
web_returns: 11.326140539720654, 11.502249110452334, 2.8884032124728987, 8.613845897979436
web_sales: 109.34904180746526, 88.00830715302627, 27.966311209604235, 60.04199594342203
web_site: 8.863396942615509e-06, 1.2722249607419969, 0.018439538855126943, 1.25378542188687
Function: 184.5910239589192, 8.124019207270939, 0.02307891845703125, 165.7711892380339, 10.520056295259794, 0.09303002011124496, 0.05965027978626789
hiya: 0b111111110111110111111101, 184.5910239589192

Round 0
call_center: 5.735084414482117e-06, 3.1008451361735663, 0.0016546726836742368, 3.099190463489892
catalog_returns: 23.366260116919875, 11.841280746636393, 5.887550499516853, 5.95373024711954
catalog_sales: 217.0907397372648, 90.0871013705524, 55.384416999325786, 34.70268437122662
customer: 0.6484093563631177, 25.17634806322097, 0.17170069681164743, 25.004647366409323
customer_address: 0.18544994108378887, 20.465318763465877, 0.061626132002747455, 20.40369263146313
customer_demographics: 0.012168197892606258, 12.0983118553702, 0.010124024262750974, 12.088187831107449
date_dim: 0.0019952356815338135, 108.1823596299092, 0.005790702185903191, 108.1765689277233
household_demographics: 3.512948751449585e-05, 0.3696102065928777, 0.001495375338723215, 0.36811483125415445
income_band: 6.137415766716003e-07, 0.013816372982660927, 0.0014322936987374052, 0.012384079283923521
item: 0.005464168265461922, 81.29953876173816, 0.007284220176439577, 81.29225454156172
promotion: 2.6027671992778778e-05, 3.2145047552585604, 0.0015052214380525029, 3.2129995338205077
reason: 1.2423843145370483e-06, 8.504480739917755, 0.0015700183843192796, 8.502910721533436
ship_mode: 1.5795230865478516e-06, 2.1074674026171367, 0.0016958466087892974, 2.1057715560083476
store_returns: 36.877127600833774, 11.278256346945764, 9.323156630326775, 1.9550997166189887
store_sales: 288.85508783441037, 108.83408367959503, 74.62942843702372, 34.204655242571306
time_dim: 0.0012104213237762451, 3.3984082972606027, 0.01482292783093017, 3.3835853694296727
warehouse: 2.3292377591133118e-06, 2.7687880684375763, 0.017696487949071332, 2.751091580488505
web_page: 1.0661780834197998e-05, 0.7711775441265106, 0.01408755190213868, 0.7570899922243719
web_returns: 11.326140539720654, 11.502249110452334, 2.8879174334832256, 8.614331676969108
web_sales: 109.34904180746526, 88.00830715302627, 27.96162122126578, 60.046685931760486
web_site: 8.863396942615509e-06, 1.2722249607419969, 0.018439538474975203, 1.2537854222670217
Function: 185.43102835993867, 7.843507835642495, 1.227402687072754, 165.71166913449673, 10.497335667959847, 0.09148409699799073, 0.0596289377688557
hiya: 0b111111110111101111111101, 185.43102835993867

Round 0
call_center: 5.735084414482117e-06, 1.6078519988600413, 0.0016546695984211868, 1.60619732926162
catalog_returns: 23.366260116919875, 6.607623098521232, 5.874980357547804, 0.7326427409734286
catalog_sales: 217.0907397372648, 19.98573712477684, 55.267630598549246, -35.281893473772406
customer: 0.6484093563631177, 14.337077492159205, 0.1713518777185294, 14.165725614440676
customer_address: 0.18544994108378887, 7.852620130710603, 0.06152636712484613, 7.791093763585757
customer_demographics: 0.012168197892606258, 2.4292593331988654, 0.010117478244079086, 2.4191418549547863
date_dim: 0.0019952356815338135, 29.977157548054063, 0.005789628826467274, 29.971367919227596
household_demographics: 3.512948751449585e-05, 0.3696102065928777, 0.0014953564404209987, 0.3681148501524567
income_band: 6.137415766716003e-07, 0.013816372982660927, 0.0014322933685682333, 0.012384079614092694
inventory: 0.24701470416039228, 0, 0.08360450622121503, -0.08360450622121503
inventory had no query dependencies
promotion: 2.6027671992778778e-05, 0, 0.00150520743960736, -0.00150520743960736
promotion had no query dependencies
reason: 1.2423843145370483e-06, 8.504480739917755, 0.0015700177161285678, 8.502910722201626
ship_mode: 1.5795230865478516e-06, 2.1074674026171367, 0.001695845759275469, 2.1057715568578614
store_returns: 36.877127600833774, 6.705919364651044, 9.30332302984628, -2.5974036651952366
store_sales: 288.85508783441037, 39.97833018035412, 74.47407370140336, -34.495743521049235
time_dim: 0.0012104213237762451, 1.665818551123937, 0.014822276830852054, 1.6509962742930848
warehouse: 2.3292377591133118e-06, 2.1074674026171367, 0.017696486696338973, 2.0897709159207976
web_page: 1.0661780834197998e-05, 0.7711775441265106, 0.014087546167920338, 0.7570899979585903
web_returns: 11.326140539720654, 6.929912128157616, 2.8818259030125697, 4.048086225145046
web_sales: 109.34904180746526, 27.418185667394, 27.902810100410342, -0.48462443301634295
web_site: 8.863396942615509e-06, 1.2722249607419969, 0.01843953370798045, 1.2537854270340165

Round 1
call_center: 5.735084414482117e-06, 0.048163060552279154, 0.0016546659099191336, 0.04650839464236002
catalog_returns: 23.366260116919875, 0.10596184446652729, 5.859952418604482, -5.753990574137954
customer: 0.6484093563631177, 0.12408960413297017, 0.17092066125775052, -0.04683105712478035
customer_address: 0.18544994108378887, 0.12408960413297017, 0.061403035981547484, 0.06268656815142268
customer_demographics: 0.012168197892606258, 0.06197943353494008, 0.010109385937609702, 0.051870047597330375
date_dim: 0.0019952356815338135, 0.11027323115030924, 0.00578830192015328, 0.10448492923015595
household_demographics: 3.512948751449585e-05, 0.06197943353494008, 0.0014953330779985932, 0.060484100456941484
income_band: 6.137415766716003e-07, 0.013816372982660927, 0.001432292960407142, 0.012384080022253784
reason: 1.2423843145370483e-06, 0, 0.0015700168896654093, -0.0015700168896654093
reason had no query dependencies
ship_mode: 1.5795230865478516e-06, 0, 0.001695844708539699, -0.001695844708539699
ship_mode had no query dependencies
store_returns: 36.877127600833774, 0.013816372982660927, 9.278791500433544, -9.264975127450883
time_dim: 0.0012104213237762451, 0, 0.014821428253396397, -0.014821428253396397
time_dim had no query dependencies
warehouse: 2.3292377591133118e-06, 0, 0.017696485063404543, -0.017696485063404543
warehouse had no query dependencies
web_page: 1.0661780834197998e-05, 0, 0.014087538693376827, -0.014087538693376827
web_page had no query dependencies
web_returns: 11.326140539720654, 0.004311386683781934, 2.8738856037689717, -2.86957421708519
web_site: 8.863396942615509e-06, 0, 0.018439527392709917, -0.018439527392709917
web_site had no query dependencies

Round 2
call_center: 5.735084414482117e-06, 0, 0.0016546658321909377, -0.0016546658321909377
call_center had no query dependencies
customer_address: 0.18544994108378887, 0, 0.06140016345123584, -0.06140016345123584
customer_address had no query dependencies
customer_demographics: 0.012168197892606258, 0, 0.010109197458082125, -0.010109197458082125
customer_demographics had no query dependencies
date_dim: 0.0019952356815338135, 0, 0.005788271014913081, -0.005788271014913081
date_dim had no query dependencies
household_demographics: 3.512948751449585e-05, 0, 0.001495332533859743, -0.001495332533859743
household_demographics had no query dependencies
income_band: 6.137415766716003e-07, 0, 0.0014322929509005804, -0.0014322929509005804
income_band had no query dependencies
store_returns: 36.877127600833774, 0, 9.278219418146536, -9.278219418146536
store_returns had no query dependencies

Round 3
store_returns: 36.877127600833774, 0, 9.278210334194156, -9.278210334194156
store_returns had no query dependencies
Function: 146.03650799341173, 0, 136.7197608947754, 8.88585120481757, 0.4275853444878261, 0.0001143655062265864, 0.0031961838247120383
hiya: 0b10000000000000000, 146.03650799341173

Round 0
call_center: 5.735084414482117e-06, 3.1008451361735663, 0.0016546725695905466, 3.0991904636039758
catalog_returns: 23.366260116919875, 11.841280746636393, 5.887085692202986, 5.954195054433407
catalog_sales: 217.0907397372648, 89.09206035679502, 55.380098577674325, 33.71196177912069
customer: 0.6484093563631177, 25.17634806322097, 0.17168779849545523, 25.004660264725516
customer_address: 0.18544994108378887, 20.465318763465877, 0.06162244298753747, 20.40369632047834
customer_demographics: 0.012168197892606258, 8.883807100111644, 0.010123782210007029, 8.873683317901637
date_dim: 0.0019952356815338135, 105.32027901189011, 0.005790662496191058, 105.31448834939391
household_demographics: 3.512948751449585e-05, 0.3696102065928777, 0.0014953746399189287, 0.36811483195295874
income_band: 6.137415766716003e-07, 0.013816372982660927, 0.001432293686528709, 0.012384079296132219
inventory: 0.24701470416039228, 0.35242413723945615, 0.08373247687820722, 0.2686916603612489
item: 0.005464168265461922, 78.43745814371906, 0.007284112439086861, 78.43017403127998
reason: 1.2423843145370483e-06, 8.504480739917755, 0.0015700183598096023, 8.502910721557946
ship_mode: 1.5795230865478516e-06, 2.1074674026171367, 0.001695846577628568, 2.105771556039508
store_returns: 36.877127600833774, 11.278256346945764, 9.322429120740141, 1.9558272262056224
store_sales: 288.85508783441037, 106.93026091221336, 74.62372992254552, 32.306530989667834
time_dim: 0.0012104213237762451, 3.3984082972606027, 0.014822903951816633, 3.383585393308786
warehouse: 2.3292377591133118e-06, 2.805571231557528, 0.01769648790312028, 2.787874743654408
web_page: 1.0661780834197998e-05, 0.7711775441265106, 0.014087551691803759, 0.7570899924347069
web_returns: 11.326140539720654, 11.502249110452334, 2.8876939921156817, 8.614555118336654
web_sales: 109.34904180746526, 88.00830715302627, 27.959463990446036, 60.048843162580226
web_site: 8.863396942615509e-06, 1.2722249607419969, 0.018439538300118682, 1.2537854224418783
Function: 188.37479234538745, 7.7129059966913855, 4.220085144042969, 165.7711831143356, 10.51998949783802, 0.09097831488898722, 0.05965027759050431
hiya: 0b111111110110111111111101, 188.37479234538745

Round 0
call_center: 5.735084414482117e-06, 3.1008451361735663, 0.0016546726534337692, 3.0991904635201326
catalog_returns: 23.366260116919875, 12.426485379366877, 5.88742729180412, 6.539058087562757
catalog_sales: 217.0907397372648, 90.77820925182503, 55.38327230379622, 35.394936948028814
customer: 0.6484093563631177, 25.17634806322097, 0.1716972778206188, 25.00465078540035
customer_address: 0.18544994108378887, 20.001771992397305, 0.0616251541456598, 19.940146838251646
customer_demographics: 0.012168197892606258, 12.219969717032113, 0.010123960101185412, 12.209845756930926
date_dim: 0.0019952356815338135, 108.65644162881058, 0.00579069166524548, 108.65065093714534
household_demographics: 3.512948751449585e-05, 0.9548148393233618, 0.0014953751534893015, 0.9533194641698725
income_band: 6.137415766716003e-07, 0.013816372982660927, 0.0014322936955012135, 0.012384079287159714
inventory: 0.24701470416039228, 0.9376287699699402, 0.08373608807332329, 0.8538926818966168
item: 0.005464168265461922, 82.2371675317081, 0.007284192321690696, 82.2298833393864
promotion: 2.6027671992778778e-05, 3.7997093879890445, 0.0015052213053709615, 3.7982041666836737
ship_mode: 1.5795230865478516e-06, 2.1074674026171367, 0.0016958466007193627, 2.105771556016417
store_returns: 36.877127600833774, 10.02669383025805, 9.322968221549925, 0.7037256087081261
store_sales: 288.85508783441037, 101.00288743632318, 74.62795264871464, 26.374934787608538
time_dim: 0.0012104213237762451, 3.3984082972606027, 0.014822921646771698, 3.3835853756138308
warehouse: 2.3292377591133118e-06, 3.390775864288012, 0.017696487937171036, 3.373079376350841
web_page: 1.0661780834197998e-05, 0.3076307730579376, 0.014087551847666621, 0.293543221210271
web_returns: 11.326140539720654, 11.038702339383763, 2.8878595671464375, 8.150842772237326
web_sales: 109.34904180746526, 87.5447603819577, 27.96106254653819, 59.583697835419514
web_site: 8.863396942615509e-06, 1.2722249607419969, 0.01843953842969126, 1.2537854223123057
Function: 193.07997748049362, 7.808888858324686, 8.828873634338379, 165.7711890865572, 10.5199187222147, 0.09145689932671475, 0.05965027973195316
hiya: 0b111111110101111111111101, 193.07997748049362

Round 0
call_center: 5.735084414482117e-06, 2.6022769769398373, 0.0016546728622229563, 2.600622304077614
catalog_returns: 23.366260116919875, 12.426485379366877, 5.888277954515373, 6.538207424851504
catalog_sales: 217.0907397372648, 88.9214533145253, 55.39117562235592, 33.53027769216938
customer: 0.6484093563631177, 25.17634806322097, 0.17172088355205917, 25.004627179668912
customer_address: 0.18544994108378887, 20.465318763465877, 0.06163190556197096, 20.403686857903907
customer_demographics: 0.012168197892606258, 12.683516488100684, 0.010124403091726415, 12.673392085008958
date_dim: 0.0019952356815338135, 107.01252099726202, 0.005790764302996919, 107.00673023295901
household_demographics: 3.512948751449585e-05, 0.9548148393233618, 0.00149537643239936, 0.9533194628909624
income_band: 6.137415766716003e-07, 0.013816372982660927, 0.0014322937178448437, 0.012384079264816083
inventory: 0.24701470416039228, 0.9376287699699402, 0.08374508079175187, 0.8538836891781882
item: 0.005464168265461922, 82.2371675317081, 0.007284391248013016, 82.22988314046009
promotion: 2.6027671992778778e-05, 3.7997093879890445, 0.001505222252923968, 3.7982041657361205
reason: 1.2423843145370483e-06, 8.504480739917755, 0.0015700184232157097, 8.502910721494539
store_returns: 36.877127600833774, 11.278256346945764, 9.324310721860485, 1.9539456250852787
store_sales: 288.85508783441037, 109.04382140517238, 74.63846832795414, 34.40535307721824
time_dim: 0.0012104213237762451, 2.040220519194603, 0.014822965711781877, 2.0253975534828212
warehouse: 2.3292377591133118e-06, 1.2833084616708756, 0.017696488021966206, 1.2656119736489095
web_page: 1.0661780834197998e-05, 0.7711775441265106, 0.014087552235805422, 0.7570899918907052
web_returns: 11.326140539720654, 11.502249110452334, 2.888271891754705, 8.61397721869763
web_sales: 109.34904180746526, 86.39940790964286, 27.965043364246533, 58.43436454539633
web_site: 8.863396942615509e-06, 1.0215134954245886, 0.018439538752360457, 1.0030739566722282
Function: 186.6840303457253, 8.04790857919057, 2.192840576171875, 165.77118900532082, 10.519792975314457, 0.09264893002475943, 0.05965027970282436
hiya: 0b111111110011111111111101, 186.6840303457253

Round 0
call_center: 5.735084414482117e-06, 3.1008451361735663, 0.001654671893898458, 3.0991904642796677
catalog_returns: 23.366260116919875, 2.413607922091484, 5.884332742820317, -3.470724820728833
catalog_sales: 217.0907397372648, 80.85875038907054, 55.354521535608, 25.504228853462536
customer: 0.6484093563631177, 25.16253169023831, 0.1716114046639912, 24.99092028557432
customer_address: 0.18544994108378887, 20.451502390483217, 0.06160059377853833, 20.389901796704677
customer_demographics: 0.012168197892606258, 12.669700115118024, 0.01012234858593929, 12.659577766532085
date_dim: 0.0019952356815338135, 99.10711094260377, 0.00579042742293542, 99.10132051518083
household_demographics: 3.512948751449585e-05, 0.9409984663407008, 0.0014953705010580035, 0.9395030958396429
income_band: 6.137415766716003e-07, 0, 0.0014322936142193413, -0.0014322936142193413
income_band had no query dependencies
inventory: 0.24701470416039228, 0.9376287699699402, 0.08370337427582557, 0.8539253956941146
item: 0.005464168265461922, 77.66483054941338, 0.007283468665604158, 77.65754708074778
promotion: 2.6027671992778778e-05, 3.7997093879890445, 0.0015052178583535307, 3.798204170130691
reason: 1.2423843145370483e-06, 7.2529182232300435, 0.0015700182134487594, 7.251348205016595
ship_mode: 1.5795230865478516e-06, 2.1074674026171367, 0.001695846391550615, 2.1057715562255863
store_sales: 288.85508783441037, 97.87280002573016, 74.58880512572112, 23.283994900009034
time_dim: 0.0012104213237762451, 3.3984082972606027, 0.014822757602589684, 3.383585539658013
warehouse: 2.3292377591133118e-06, 3.390775864288012, 0.017696487621497562, 3.373079376666514
web_page: 1.0661780834197998e-05, 0.7711775441265106, 0.014087550402712637, 0.757089993723798
web_returns: 11.326140539720654, 1.4893716531769434, 2.886324574806401, -1.3969529216294574
web_sales: 109.34904180746526, 78.08884829027177, 27.946242852135125, 50.14260543813664
web_site: 8.863396942615509e-06, 1.2722249607419969, 0.018439537228465974, 1.2537854235135308

Round 1
call_center: 5.735084414482117e-06, 1.9915612965472538, 0.001654670615977745, 1.989906625931276
catalog_sales: 217.0907397372648, 78.55110431144557, 55.30575197244946, 23.245352338996113
customer: 0.6484093563631177, 25.052258459088, 0.17146573911834878, 24.88079271996965
customer_address: 0.18544994108378887, 17.795048113765713, 0.06155893233952264, 17.73348918142619
customer_demographics: 0.012168197892606258, 11.572785650766692, 0.01011961499308145, 11.56266603577361
date_dim: 0.0019952356815338135, 95.20413136733535, 0.005789979192058763, 95.19834138814329
household_demographics: 3.512948751449585e-05, 0.3076307730579376, 0.0014953626091978433, 0.30613541044873976
inventory: 0.24701470416039228, 0.35242413723945615, 0.08364787971053615, 0.26877625752892
item: 0.005464168265461922, 76.41830525086246, 0.0072822410802116586, 76.41102300978226
promotion: 2.6027671992778778e-05, 3.2145047552585604, 0.001505212010951257, 3.212999543247609
reason: 1.2423843145370483e-06, 6.789371452161471, 0.001570017934333483, 6.787801434227138
ship_mode: 1.5795230865478516e-06, 2.1074674026171367, 0.0016958460366934117, 2.1057715565804433
store_sales: 288.85508783441037, 97.87280002573016, 74.52391065886945, 23.348889366860703
time_dim: 0.0012104213237762451, 3.3984082972606027, 0.014822485668149957, 3.383585811592453
warehouse: 2.3292377591133118e-06, 2.1442505657370883, 0.017696487098208726, 2.1265540786388795
web_page: 1.0661780834197998e-05, 0.3076307730579376, 0.014087548007426514, 0.2935432250505111
web_sales: 109.34904180746526, 76.6037880237786, 27.92155315550213, 48.682234868276474
web_site: 8.863396942615509e-06, 0.25071146531740823, 0.018439535227217696, 0.23227193009019054
Function: 181.65113278894566, 6.389168439424832, 16.925349235534668, 148.52591499166, 9.685398895312945, 0.07186455446842191, 0.05343667254482211
hiya: 0b110111100111110111111001, 181.65113278894566

Round 0
call_center: 5.735084414482117e-06, 3.1008451361735663, 0.0016546670034831975, 3.099190469170083
catalog_returns: 23.366260116919875, 2.507026516612371, 5.864407889618837, -3.3573813730064663
catalog_sales: 217.0907397372648, 15.825401916298866, 55.169404144163174, -39.34400222786431
customer: 0.6484093563631177, 7.194665160889627, 0.17105849370710913, 7.023606667182517
customer_address: 0.18544994108378887, 9.740846206456817, 0.0614424570962525, 9.679403749360565
customer_demographics: 0.012168197892606258, 8.666222866546311, 0.010111972532795844, 8.656110894013516
date_dim: 0.0019952356815338135, 19.221210590817137, 0.005788726047625123, 19.21542186476951
household_demographics: 3.512948751449585e-05, 0.9548148393233618, 0.0014953405454776808, 0.953319498777884
income_band: 6.137415766716003e-07, 0.013816372982660927, 0.0014322930908702576, 0.01238407989179067
inventory: 0.24701470416039228, 0.7278910443925858, 0.08349274015233403, 0.6443983042402518
item: 0.005464168265461922, 13.171676306889852, 0.0072788092656825305, 13.164397497624169
promotion: 2.6027671992778778e-05, 1.6861488950300216, 0.0015051956640639423, 1.6846436993659577
reason: 1.2423843145370483e-06, 0.463546771068573, 0.0015700171540440895, 0.4619767539145289
ship_mode: 1.5795230865478516e-06, 2.1074674026171367, 0.0016958450446613194, 2.1057715575724756
store_returns: 36.877127600833774, 0.10723496750354768, 9.286638932347824, -9.179403964844276
time_dim: 0.0012104213237762451, 1.665818551123937, 0.01482168583037009, 1.650996865293567
warehouse: 2.3292377591133118e-06, 3.390775864288012, 0.017696485559065025, 3.373079378728947
web_page: 1.0661780834197998e-05, 0.7711775441265106, 0.014087540962197763, 0.7570900031643129
web_returns: 11.326140539720654, 1.5827902476978302, 2.876295800075449, -1.2935055523776187
web_sales: 109.34904180746526, 5.716901066819827, 27.849419322223362, -22.132518255403536
web_site: 8.863396942615509e-06, 1.2722249607419969, 0.01843952938033704, 1.2537854313616599

Round 1
call_center: 5.735084414482117e-06, 0, 0.001654665843330019, -0.001654665843330019
call_center had no query dependencies
customer: 0.6484093563631177, 0.013816372982660927, 0.1709119490131166, -0.15709557603045568
customer_address: 0.18544994108378887, 0.013816372982660927, 0.06140054421421222, -0.047584171231551294
customer_demographics: 0.012168197892606258, 0.013816372982660927, 0.01010922244163952, 0.0037071505410214076
date_dim: 0.0019952356815338135, 0.03678316311995188, 0.005788275111500399, 0.030994888008451484
household_demographics: 3.512948751449585e-05, 0.013816372982660927, 0.0014953326059870683, 0.012321040376673859
income_band: 6.137415766716003e-07, 0.013816372982660927, 0.0014322929521607053, 0.012384080030500223
inventory: 0.24701470416039228, 0.03678316311995188, 0.08343691323701023, -0.04665375011705835
item: 0.005464168265461922, 0.03678316311995188, 0.007277574328434127, 0.029505588791517753
promotion: 2.6027671992778778e-05, 0, 0.0015051897816423052, -0.0015051897816423052
promotion had no query dependencies
reason: 1.2423843145370483e-06, 0, 0.0015700168732572263, -0.0015700168732572263
reason had no query dependencies
ship_mode: 1.5795230865478516e-06, 0, 0.0016958446876789207, -0.0016958446876789207
ship_mode had no query dependencies
store_returns: 36.877127600833774, 0.013816372982660927, 9.278304463811002, -9.264488090828342
time_dim: 0.0012104213237762451, 0, 0.014821412267348899, -0.014821412267348899
time_dim had no query dependencies
warehouse: 2.3292377591133118e-06, 0.03678316311995188, 0.017696485032642276, 0.019086678087309607
web_page: 1.0661780834197998e-05, 0, 0.014087538552566573, -0.014087538552566573
web_page had no query dependencies
web_site: 8.863396942615509e-06, 0, 0.018439527265662097, -0.018439527265662097
web_site had no query dependencies

Round 2
customer_demographics: 0.012168197892606258, 0, 0.010109195821346206, -0.010109195821346206
customer_demographics had no query dependencies
date_dim: 0.0019952356815338135, 0, 0.005788270746535304, -0.005788270746535304
date_dim had no query dependencies
household_demographics: 3.512948751449585e-05, 0, 0.0014953325291345, -0.0014953325291345
household_demographics had no query dependencies
income_band: 6.137415766716003e-07, 0, 0.0014322929508180265, -0.0014322929508180265
income_band had no query dependencies
item: 0.005464168265461922, 0, 0.007277561417298305, -0.007277561417298305
item had no query dependencies
store_returns: 36.877127600833774, 0, 9.278216053587956, -9.278216053587956
store_returns had no query dependencies
warehouse: 2.3292377591133118e-06, 0, 0.017696485026812616, -0.017696485026812616
warehouse had no query dependencies

Round 3
store_returns: 36.877127600833774, 0, 9.278210334194156, -9.278210334194156
store_returns had no query dependencies
Function: 146.03650799341173, 0, 136.7197608947754, 8.88585120481757, 0.4275853444878261, 0.0001143655062265864, 0.0031961838247120383
hiya: 0b10000000000000000, 146.03650799341173

Round 0
call_center: 5.735084414482117e-06, 3.1008451361735663, 0.0016546728326200003, 3.099190463340946
catalog_returns: 23.366260116919875, 12.426485379366877, 5.888157344194484, 6.538328035172393
catalog_sales: 217.0907397372648, 87.68743172762237, 55.39005505861783, 32.297376669004535
customer: 0.6484093563631177, 25.17634806322097, 0.17171753663816935, 25.0046305265828
customer_address: 0.18544994108378887, 20.465318763465877, 0.061630948319485804, 20.40368781514639
customer_demographics: 0.012168197892606258, 12.683516488100684, 0.01012434028277688, 12.673392147817907
date_dim: 0.0019952356815338135, 106.02921087567648, 0.005790754004129467, 106.02342012167236
household_demographics: 3.512948751449585e-05, 0.6471840662654241, 0.001495376251070438, 0.6456886900143537
income_band: 6.137415766716003e-07, 0.013816372982660927, 0.0014322937146768755, 0.01238407926798405
inventory: 0.24701470416039228, 0.9376287699699402, 0.08374380576859525, 0.8538849642013449
item: 0.005464168265461922, 80.50457778557143, 0.007284363043452912, 80.49729342252797
promotion: 2.6027671992778778e-05, 3.7997093879890445, 0.0015052221185761583, 3.798204165870468
reason: 1.2423843145370483e-06, 8.504480739917755, 0.0015700184168028577, 8.502910721500951
ship_mode: 1.5795230865478516e-06, 0.7492796245511373, 0.0016958466500877594, 0.7475837779010496
store_returns: 36.877127600833774, 11.278256346945764, 9.324120825575664, 1.9541355213701
store_sales: 288.85508783441037, 107.31123165903571, 74.63698088813439, 32.674250770901324
warehouse: 2.3292377591133118e-06, 2.0325880862220127, 0.017696488009726473, 2.0148915982122864
web_page: 1.0661780834197998e-05, 0.463546771068573, 0.014087552179779632, 0.44945921888879337
web_returns: 11.326140539720654, 11.502249110452334, 2.888212374871815, 8.61403673558052
web_sales: 109.34904180746526, 84.60989885576566, 27.9644687542024, 56.645430101563264
web_site: 8.863396942615509e-06, 1.2722249607419969, 0.01843953870578486, 1.253785422036212
Function: 187.9616111085189, 8.01401941859722, 3.5176706314086914, 165.77089772481526, 10.506957536733944, 0.09241562170488389, 0.05965017525889279
hiya: 0b111110110111111111111101, 187.9616111085189

Round 0
call_center: 5.735084414482117e-06, 2.6022769769398373, 0.0016546726092124717, 2.6006223043306247
catalog_returns: 23.366260116919875, 11.179960080815952, 5.887247122470091, 5.292712958345861
catalog_sales: 217.0907397372648, 87.67492801597439, 55.38159839047819, 32.2933296254962
customer: 0.6484093563631177, 25.17634806322097, 0.1716922781552325, 25.004655785065736
customer_address: 0.18544994108378887, 20.465318763465877, 0.06162372420384568, 20.403695039262033
customer_demographics: 0.012168197892606258, 12.0983118553702, 0.01012386627632428, 12.088187989093877
date_dim: 0.0019952356815338135, 105.72921253559115, 0.005790676280657524, 105.72342185931049
household_demographics: 3.512948751449585e-05, 0.3696102065928777, 0.001495374882617697, 0.36811483171026
income_band: 6.137415766716003e-07, 0.013816372982660927, 0.0014322936907688597, 0.012384079291892067
inventory: 0.24701470416039228, 0.3156409741195043, 0.08373418342642981, 0.23190679069307452
item: 0.005464168265461922, 80.95385907003723, 0.007284150189336074, 80.94657491984789
promotion: 2.6027671992778778e-05, 3.2145047552585604, 0.00150522110468038, 3.21299953415388
reason: 1.2423843145370483e-06, 8.504480739917755, 0.0015700183684063582, 8.502910721549348
ship_mode: 1.5795230865478516e-06, 0, 0.001695846588558177, -0.001695846588558177
ship_mode had no query dependencies
store_returns: 36.877127600833774, 11.278256346945764, 9.322684294333285, 1.955572052612478
store_sales: 288.85508783441037, 109.04382140517238, 74.62572867340971, 34.41809273176267
time_dim: 0.0012104213237762451, 2.040220519194603, 0.014822912327402762, 2.0253976068672004
web_page: 1.0661780834197998e-05, 0.7711775441265106, 0.014087551764210202, 0.7570899923623005
web_returns: 11.326140539720654, 11.502249110452334, 2.887770910368924, 8.614478200083411
web_sales: 109.34904180746526, 86.39940790964286, 27.96020660327695, 58.43920130636591
web_site: 8.863396942615509e-06, 1.0215134954245886, 0.018439538360311914, 1.0030739570642766

Round 1
call_center: 5.735084414482117e-06, 2.6022769769398373, 0.0016546722864971605, 2.6006223046533403
catalog_returns: 23.366260116919875, 11.179960080815952, 5.885932294411979, 5.294027786403974
catalog_sales: 217.0907397372648, 87.67492801597439, 55.369382614640095, 32.30554540133429
customer: 0.6484093563631177, 25.17634806322097, 0.17165579192206457, 25.004692271298907
customer_address: 0.18544994108378887, 20.465318763465877, 0.06161328886739508, 20.403705474598482
customer_demographics: 0.012168197892606258, 12.0983118553702, 0.01012318156734964, 12.08818867380285
date_dim: 0.0019952356815338135, 105.72921253559115, 0.005790564008011259, 105.72342197158314
household_demographics: 3.512948751449585e-05, 0.3696102065928777, 0.001495372905868503, 0.3681148336870092
income_band: 6.137415766716003e-07, 0.013816372982660927, 0.0014322936562333952, 0.012384079326427532
inventory: 0.24701470416039228, 0.3156409741195043, 0.08372028381809835, 0.23192069030140597
item: 0.005464168265461922, 80.95385907003723, 0.007283842718576367, 80.94657522731865
promotion: 2.6027671992778778e-05, 3.2145047552585604, 0.001505219640093696, 3.212999535618467
reason: 1.2423843145370483e-06, 8.504480739917755, 0.0015700182984969356, 8.502910721619259
store_returns: 36.877127600833774, 11.278256346945764, 9.320608751305155, 1.9576475956406085
store_sales: 288.85508783441037, 109.04382140517238, 74.60947113919543, 34.434350265976946
time_dim: 0.0012104213237762451, 2.040220519194603, 0.014822844201664584, 2.0253976749929383
web_page: 1.0661780834197998e-05, 0.7711775441265106, 0.01408755116413676, 0.7570899929623739
web_returns: 11.326140539720654, 11.502249110452334, 2.887133444992355, 8.61511566545998
web_sales: 109.34904180746526, 86.39940790964286, 27.95405214776152, 58.445355761881345
web_site: 8.863396942615509e-06, 1.0215134954245886, 0.01843953786145631, 1.0030739575631322
Function: 187.9480987589249, 7.758264770353635, 3.7657928466796875, 165.77118844407158, 10.50209704931259, 0.09111536900584516, 0.05964027950157822
hiya: 0b111101110011111111111101, 187.9480987589249

Round 0
call_center: 5.735084414482117e-06, 3.1008451361735663, 0.001654672879166093, 3.0991904632944003
catalog_returns: 23.366260116919875, 12.426485379366877, 5.88834698536342, 6.538138394003457
catalog_sales: 217.0907397372648, 90.77820925182503, 55.391816972652975, 35.38639227917206
customer: 0.6484093563631177, 25.17634806322097, 0.17172279914520616, 25.004625264075763
customer_address: 0.18544994108378887, 20.001771992397305, 0.06163245343598413, 19.940139538961322
customer_demographics: 0.012168197892606258, 12.219969717032113, 0.010124439040184384, 12.209845277991928
date_dim: 0.0019952356815338135, 108.65644162881058, 0.005790770197513648, 108.65065085861308
household_demographics: 3.512948751449585e-05, 0.6471840662654241, 0.0014953765361822634, 0.6456886897292419
income_band: 6.137415766716003e-07, 0.013816372982660927, 0.001432293719658018, 0.012384079263002909
inventory: 0.24701470416039228, 0.9376287699699402, 0.08374581054629637, 0.8538829594236438
item: 0.005464168265461922, 82.2371675317081, 0.00728440739078329, 82.22988312431731
promotion: 2.6027671992778778e-05, 3.7997093879890445, 0.0015052223298174146, 3.798204165659227
reason: 1.2423843145370483e-06, 8.040933968849181, 0.0015700184268860808, 8.039363950422295
ship_mode: 1.5795230865478516e-06, 2.1074674026171367, 0.0016958466629072094, 2.1057715559542296
store_returns: 36.877127600833774, 11.278256346945764, 9.324420121293088, 1.953836225652676
store_sales: 288.85508783441037, 109.04382140517238, 74.63932524346707, 34.40449616170531
time_dim: 0.0012104213237762451, 3.0907775242026645, 0.014822969302609434, 3.075954554900055
warehouse: 2.3292377591133118e-06, 3.390775864288012, 0.01769648802887611, 3.373079376259136
web_returns: 11.326140539720654, 11.038702339383763, 2.8883043347519703, 8.150398004631793
web_sales: 109.34904180746526, 87.23712960889975, 27.965356587506648, 59.2717730213931
web_site: 8.863396942615509e-06, 1.2722249607419969, 0.018439538777749086, 1.2537854219642477
Function: 185.3353837452533, 8.067304908444084, 0.8371543884277344, 165.77118681687512, 10.50740346125126, 0.09268389133698013, 0.0596502789181173
hiya: 0b111011110111111111111101, 185.3353837452533

Round 0
call_center: 5.735084414482117e-06, 3.1008451361735663, 0.0016546717708422433, 3.099190464402724
catalog_returns: 23.366260116919875, 2.413607922091484, 5.883831379053171, -3.470223456961687
catalog_sales: 217.0907397372648, 80.85875038907054, 55.349863476057934, 25.508886913012603
customer: 0.6484093563631177, 25.17203667653719, 0.17159749191304466, 25.000439184624145
customer_address: 0.18544994108378887, 18.975947110288935, 0.06159661462737707, 18.91435049566156
customer_demographics: 0.012168197892606258, 12.219969717032113, 0.010122087496081338, 12.209847629536032
date_dim: 0.0019952356815338135, 97.61773928942684, 0.005790384611682245, 97.61194890481515
household_demographics: 3.512948751449585e-05, 0.9548148393233618, 0.0014953697472937248, 0.9533194695760681
income_band: 6.137415766716003e-07, 0.013816372982660927, 0.0014322936010504478, 0.012384079381610479
inventory: 0.24701470416039228, 0.9376287699699402, 0.08369807414555233, 0.8539306958243879
item: 0.005464168265461922, 77.66483054941338, 0.0072833514223665935, 77.65754719799101
promotion: 2.6027671992778778e-05, 3.7997093879890445, 0.001505217299884541, 3.79820417068916
reason: 1.2423843145370483e-06, 8.040933968849181, 0.0015700181867912423, 8.03936395066239
ship_mode: 1.5795230865478516e-06, 2.1074674026171367, 0.001695846357659199, 2.1057715562594774
store_returns: 36.877127600833774, 1.2653788896703722, 9.317293495582986, -8.051914605912614
store_sales: 288.85508783441037, 99.12436254241787, 74.58350305151826, 24.540859490899606
time_dim: 0.0012104213237762451, 3.3984082972606027, 0.014822735384723545, 3.383585561875879
warehouse: 2.3292377591133118e-06, 3.390775864288012, 0.017696487578743283, 3.373079376709269
web_page: 1.0661780834197998e-05, 0.3076307730579376, 0.014087550207010515, 0.2935432228509271
web_sales: 109.34904180746526, 76.6037880237786, 27.944112463991434, 48.659675559787175
web_site: 8.863396942615509e-06, 0.25071146531740823, 0.018439537055785212, 0.23227192826162302

Round 1
call_center: 5.735084414482117e-06, 1.9915612965472538, 0.0016546711970598534, 1.989906625350194
catalog_sales: 217.0907397372648, 78.55110431144557, 55.32774773321417, 23.223356578231403
customer: 0.6484093563631177, 25.06607483207066, 0.17153143633370407, 24.894543395736957
customer_address: 0.18544994108378887, 17.808864486748373, 0.06157772223605552, 17.747286764512317
customer_demographics: 0.012168197892606258, 11.586602023749352, 0.010120847882011246, 11.576481175867341
date_dim: 0.0019952356815338135, 95.20413136733535, 0.005790181350505379, 95.19834118598484
household_demographics: 3.512948751449585e-05, 0.32144714604059854, 0.0014953661685380717, 0.31995177987206047
income_band: 6.137415766716003e-07, 0.013816372982660927, 0.0014322935385265884, 0.012384079444134338
inventory: 0.24701470416039228, 0.35242413723945615, 0.0836729099506979, 0.2687512272887582
item: 0.005464168265461922, 76.41830525086246, 0.0072827947696951795, 76.41102245609277
promotion: 2.6027671992778778e-05, 3.2145047552585604, 0.0015052146483605685, 3.2129995406101997
reason: 1.2423843145370483e-06, 8.040933968849181, 0.0015700180602254935, 8.039363950788955
ship_mode: 1.5795230865478516e-06, 2.1074674026171367, 0.001695846196748022, 2.1057715564203887
store_returns: 36.877127600833774, 1.2653788896703722, 9.313536702124988, -8.048157812454615
store_sales: 288.85508783441037, 99.12436254241787, 74.55407644009583, 24.570286102322044
time_dim: 0.0012104213237762451, 3.3984082972606027, 0.014822612075149117, 3.3835856851854538
warehouse: 2.3292377591133118e-06, 2.1442505657370883, 0.01769648734145622, 2.1265540783956323
web_page: 1.0661780834197998e-05, 0.3076307730579376, 0.014087549120860072, 0.29354322393707755
web_sales: 109.34904180746526, 76.6037880237786, 27.932972719883725, 48.670815303894884
web_site: 8.863396942615509e-06, 0.25071146531740823, 0.018439536152842013, 0.2322719291645662
Function: 189.71044332846475, 6.448729277537663, 15.600409507751465, 157.4117663443637, 10.11441638545354, 0.07847895693577467, 0.05664285642256142
hiya: 0b110111110111111111111001, 189.71044332846475

Round 0
call_center: 5.735084414482117e-06, 3.1008451361735663, 0.0016546677237141945, 3.099190468449852
catalog_returns: 23.366260116919875, 2.507026516612371, 5.867342302367151, -3.36031578575478
catalog_sales: 217.0907397372648, 14.378242017900147, 55.196667122108224, -40.818425104208075
customer: 0.6484093563631177, 7.53848474586328, 0.17113992311309525, 7.3673448227501845
customer_address: 0.18544994108378887, 8.59960552493731, 0.06146574651734801, 8.538139778419962
customer_demographics: 0.012168197892606258, 10.316236588436762, 0.010113500655603748, 10.306123087781158
date_dim: 0.0019952356815338135, 21.41931201991082, 0.005788976615965563, 21.413523043294855
household_demographics: 3.512948751449585e-05, 0.6471840662654241, 0.001495344957155694, 0.6456887213082685
income_band: 6.137415766716003e-07, 0.013816372982660927, 0.0014322931679459684, 0.012384079814714958
inventory: 0.24701470416039228, 0.9376287699699402, 0.08352376108136941, 0.8541050088885708
item: 0.005464168265461922, 21.64704604607583, 0.007279495474127394, 21.639766550601703
promotion: 2.6027671992778778e-05, 3.7997093879890445, 0.0015051989327056557, 3.7982041890563387
reason: 1.2423843145370483e-06, 8.040933968849181, 0.0015700173100668484, 8.039363951539114
ship_mode: 1.5795230865478516e-06, 0.49856815923372905, 0.001695845243023088, 0.49687231399070597
store_returns: 36.877127600833774, 1.358797484191259, 9.291270084822015, -7.932472600630756
store_sales: 288.85508783441037, 26.752415318965916, 74.37966411149894, -47.627248792533024
time_dim: 0.0012104213237762451, 0, 0.014821881215937856, -0.014821881215937856
time_dim had no query dependencies
warehouse: 2.3292377591133118e-06, 1.7818766209046046, 0.01769648593504935, 1.7641801349695554
web_page: 1.0661780834197998e-05, 0, 0.014087542683216768, -0.014087542683216768
web_page had no query dependencies
web_returns: 11.326140539720654, 0.09772998120466868, 2.878124059671081, -2.7803940784664123
web_site: 8.863396942615509e-06, 0, 0.01843953070956061, -0.01843953070956061
web_site had no query dependencies

Round 1
call_center: 5.735084414482117e-06, 0, 0.0016546658413642988, -0.0016546658413642988
call_center had no query dependencies
customer: 0.6484093563631177, 0.013816372982660927, 0.17091172676854458, -0.15709535378588366
customer_address: 0.18544994108378887, 0.013816372982660927, 0.06140048065059707, -0.047584107667936144
customer_demographics: 0.012168197892606258, 0.013816372982660927, 0.010109218270947183, 0.003707154711713744
date_dim: 0.0019952356815338135, 0.03678316311995188, 0.005788274427626399, 0.030994888692325483
household_demographics: 3.512948751449585e-05, 0.013816372982660927, 0.0014953325939463138, 0.012321040388714613
income_band: 6.137415766716003e-07, 0.013816372982660927, 0.0014322929519503431, 0.012384080030710584
inventory: 0.24701470416039228, 0.03678316311995188, 0.08343682857185747, -0.046653665451905586
item: 0.005464168265461922, 0.03678316311995188, 0.007277572455571367, 0.029505590664380514
promotion: 2.6027671992778778e-05, 0, 0.0015051897727212298, -0.0015051897727212298
promotion had no query dependencies
reason: 1.2423843145370483e-06, 0, 0.0015700168728313949, -0.0015700168728313949
reason had no query dependencies
ship_mode: 1.5795230865478516e-06, 0, 0.0016958446871375337, -0.0016958446871375337
ship_mode had no query dependencies
store_returns: 36.877127600833774, 0.013816372982660927, 9.278291824046693, -9.264475451064033
warehouse: 2.3292377591133118e-06, 0.03678316311995188, 0.01769648503159844, 0.019086678088353442

Round 2
customer_demographics: 0.012168197892606258, 0, 0.010109195821346206, -0.010109195821346206
customer_demographics had no query dependencies
date_dim: 0.0019952356815338135, 0, 0.005788270746535304, -0.005788270746535304
date_dim had no query dependencies
household_demographics: 3.512948751449585e-05, 0, 0.0014953325291345, -0.0014953325291345
household_demographics had no query dependencies
income_band: 6.137415766716003e-07, 0, 0.0014322929508180265, -0.0014322929508180265
income_band had no query dependencies
item: 0.005464168265461922, 0, 0.007277561417298305, -0.007277561417298305
item had no query dependencies
store_returns: 36.877127600833774, 0, 9.278216053587956, -9.278216053587956
store_returns had no query dependencies
warehouse: 2.3292377591133118e-06, 0, 0.017696485026812616, -0.017696485026812616
warehouse had no query dependencies

Round 3
store_returns: 36.877127600833774, 0, 9.278210334194156, -9.278210334194156
store_returns had no query dependencies
Function: 146.03650799341173, 0, 136.7197608947754, 8.88585120481757, 0.4275853444878261, 0.0001143655062265864, 0.0031961838247120383
hiya: 0b10000000000000000, 146.03650799341173

Round 0
call_center: 5.735084414482117e-06, 3.1008451361735663, 0.0016546728489188983, 3.099190463324647
catalog_returns: 23.366260116919875, 12.426485379366877, 5.888223750242315, 6.538261629124562
catalog_sales: 217.0907397372648, 90.77820925182503, 55.39067202247831, 35.38753722934672
customer: 0.6484093563631177, 25.17634806322097, 0.17171937939360038, 25.00462868382737
customer_address: 0.18544994108378887, 19.443805268041288, 0.06163147536136569, 19.38217379267992
customer_demographics: 0.012168197892606258, 12.683516488100684, 0.010124374864345658, 12.67339211323634
date_dim: 0.0019952356815338135, 107.84776343913714, 0.005790759674515546, 107.84197267946263
household_demographics: 3.512948751449585e-05, 0.9548148393233618, 0.0014953763509071433, 0.9533194629724546
income_band: 6.137415766716003e-07, 0.013816372982660927, 0.0014322937164211063, 0.012384079266239821
inventory: 0.24701470416039228, 0.9376287699699402, 0.08374450777525687, 0.8538842621946833
item: 0.005464168265461922, 82.2371675317081, 0.007284378572417212, 82.22988315313567
promotion: 2.6027671992778778e-05, 3.7997093879890445, 0.0015052221925458402, 3.7982041657964984
reason: 1.2423843145370483e-06, 8.504480739917755, 0.0015700184203336681, 8.502910721497422
ship_mode: 1.5795230865478516e-06, 1.8567559372997284, 0.0016958466545767058, 1.8550600906451518
store_returns: 36.877127600833774, 11.278256346945764, 9.324225629009636, 1.9540307179361278
store_sales: 288.85508783441037, 109.04382140517238, 74.63780180362036, 34.40601960155202
time_dim: 0.0012104213237762451, 3.3984082972606027, 0.014822962918771469, 3.383585334341831
warehouse: 2.3292377591133118e-06, 3.140064398970604, 0.01769648801659156, 3.1223679109540123
web_page: 1.0661780834197998e-05, 0.7711775441265106, 0.014087552211203686, 0.7570899919153069
web_returns: 11.326140539720654, 10.480735615027747, 2.8882457570297317, 7.592489857998015
web_sales: 109.34904180746526, 86.73608219228427, 27.964791044656845, 58.77129114762742
Function: 185.8318846777547, 8.032678229905764, 1.372828483581543, 165.7711872502107, 10.503051040916443, 0.09248939406673452, 0.05965027907349767
hiya: 0b11111110111111111111101, 185.8318846777547
{187.67731980065022: [2, 3, 4, 5, 6, 7, 8, 9, 10, 11, 12, 13, 14, 16, 17, 18, 19, 20, 21, 22, 23], 189.71044332846475: [0, 3, 4, 5, 6, 7, 8, 9, 10, 11, 12, 13, 14, 16, 17, 18, 19, 20, 22, 23], 146.03650799341173: [16], 209.56029186502076: [0, 2, 3, 5, 6, 7, 8, 10, 11, 12, 13, 14, 16, 17, 18, 19, 20, 21, 22, 23], 204.9752031558077: [0, 2, 3, 4, 6, 7, 8, 10, 11, 12, 13, 14, 16, 17, 18, 19, 20, 21, 22, 23], 197.24369794216824: [0, 2, 3, 4, 5, 7, 8, 10, 11, 13, 14, 16, 17, 18, 19, 20, 21, 22, 23], 185.52907077993504: [0, 2, 3, 4, 5, 6, 7, 10, 11, 12, 13, 14, 16, 17, 18, 19, 20, 21, 22, 23], 184.5910239589192: [0, 2, 3, 4, 5, 6, 7, 8, 10, 11, 12, 13, 14, 16, 17, 18, 19, 20, 21, 22, 23], 185.43102835993867: [0, 2, 3, 4, 5, 6, 7, 8, 9, 11, 12, 13, 14, 16, 17, 18, 19, 20, 21, 22, 23], 188.37479234538745: [0, 2, 3, 4, 5, 6, 7, 8, 9, 10, 11, 13, 14, 16, 17, 18, 19, 20, 21, 22, 23], 193.07997748049362: [0, 2, 3, 4, 5, 6, 7, 8, 9, 10, 11, 12, 14, 16, 17, 18, 19, 20, 21, 22, 23], 186.6840303457253: [0, 2, 3, 4, 5, 6, 7, 8, 9, 10, 11, 12, 13, 16, 17, 18, 19, 20, 21, 22, 23], 181.65113278894566: [0, 3, 4, 5, 6, 7, 8, 10, 11, 12, 13, 14, 17, 18, 19, 20, 22, 23], 187.9616111085189: [0, 2, 3, 4, 5, 6, 7, 8, 9, 10, 11, 12, 13, 14, 16, 17, 19, 20, 21, 22, 23], 187.9480987589249: [0, 2, 3, 4, 5, 6, 7, 8, 9, 10, 11, 12, 13, 16, 17, 18, 20, 21, 22, 23], 185.3353837452533: [0, 2, 3, 4, 5, 6, 7, 8, 9, 10, 11, 12, 13, 14, 16, 17, 18, 19, 21, 22, 23], 185.8318846777547: [0, 2, 3, 4, 5, 6, 7, 8, 9, 10, 11, 12, 13, 14, 16, 17, 18, 19, 20, 21, 22]}
NEW ENTRY: 146.03650799341173, 0b11111110111111111111101
Function: 136.7197608947754, 0, 136.7197608947754, 0.0, 0, 0.0, 0
hiya: 0b0, 136.7197608947754
{136.7197608947754: []}
NEW ENTRY: 136.7197608947754, 0b0
{184.5787030059419: [0, 2, 3, 4, 5, 6, 7, 8, 9, 10, 11, 12, 13, 14, 16, 17, 18, 19, 20, 21, 22, 23], 146.03650799341173: [16], 136.7197608947754: []}
[0, 2, 3, 4, 5, 6, 7, 8, 9, 10, 11, 12, 13, 14, 16, 17, 18, 19, 20, 21, 22, 23]
----
Best Cost: $136.7197608947754;
[]
[]
0
Optimal Subset: 0b0
Function: 136.7197608947754, 0, 136.7197608947754, 0.0, 0, 0.0, 0
136.7197608947754
Real: 136.7197608947754, 0, 136.7197608947754, 0.0, 0, 0.0, 0
Num Redshift Qs: 0; Num GCP Qs: 65
Redshift Qs: $0; GCP Qs: $136.7197608947754; Movement Cost: $0.0
Load Cost: $0, Storage Cost: $0.0, API Cost: $0
Final cost: $136.7197608947754, BQ Baseline: $136.7197608947754, Diff: $0.0, %: 0.0%
