Egress: $0.12/GB
Benchmark: tpcds
Data Path: parquet_1000/internal_rs4
BigQuery Cost: $5/TB; DuckDB Cost: $1.48/hr; Redshift Cost: $4.344/hr
Use Duck: False
Excluded Table: item
Excluded Query: None

Starting analysis without using DuckDB
Redshift Total: $4.198869431819917, Redshift-Calcite Total: $3.542273432952563, BigQuery Total: $20.300393104553223
!!!!!!: 16.896497786568005
Excluding table item and any queries that depend on it
Total Keys: 47, Keys Considered: 44
call_center: 9.615905582904816e-06, 0.0012366218291941843, 0.572607408527213
catalog_page: 0.0017016949132084846, 0.004872600490311778, 0.7431904775380492
catalog_returns: 13.009788101539016, 1.7015296305190932, 1.9689933754989095
catalog_sales: 132.3057429259643, 17.493818409631782, -10.332417956247065
customer: 0.8535048151388764, 0.11667732453609396, 6.133385703874181
customer_address: 0.2449320713058114, 0.04976449427529175, 5.4979961293482384
customer_demographics: 0.011580578982830048, 0.005958582481254326, 2.5693457353634543
date_dim: 0.001992875710129738, 0.0019425302198669632, 15.328802123928552
household_demographics: 3.5176053643226624e-05, 0.0012819893716776135, 4.939814420610369
income_band: 5.122274160385132e-07, 0.0011215779047590861, 0.006527115629774096
inventory: 5.1357166497036815, 0.8310322821910474, -0.8310322821910474
inventory had no query dependencies
promotion: 7.638614624738693e-05, 0.004892584162280146, -0.004892584162280146
promotion had no query dependencies
reason: 1.4491379261016846e-06, 0.0013672037407020665, 0.8693249298623938
ship_mode: 1.3029202818870544e-06, 0.0013298831967155018, 0.9034928530443072
store: 9.930133819580078e-05, 0.0014200372119675421, 8.543367551621206
store_returns: 20.850121902301908, 2.838969077240868, 1.578186650439656
store_sales: 174.69669486396015, 23.523129070290636, -8.671295264651686
time_dim: 0.0012146271765232086, 0.0017928532198616663, 1.1542788396680803
warehouse: 2.907589077949524e-06, 0.0014493305612368575, 0.9033734056797857
web_page: 7.394980639219284e-05, 0.001430406530618709, 0.9097149556176661
web_returns: 6.285572262480855, 0.8143863115251189, 2.997128258424985
web_sales: 67.01082486007363, 8.828665396692601, -1.0920484336032947
web_site: 1.0454095900058746e-05, 0.0017744644547623377, 1.1937512508613743
call_center: 9.615905582904816e-06, 0.0012366212410340202, 0.016884545948246173
catalog_page: 0.0017016949132084846, 0.004872496405558582, -0.004872496405558582
catalog_page had no query dependencies
catalog_returns: 13.009788101539016, 1.7007338823663802, -1.6826127151771
customer: 0.8535048151388764, 0.11662511962125004, -0.09085525889743666
customer_address: 0.2449320713058114, 0.04974951292111745, -0.023979652197304073
customer_demographics: 0.011580578982830048, 0.005957874151167701, 0.019811986572645674
date_dim: 0.001992875710129738, 0.0019424083249404245, 0.016178758864339768
household_demographics: 3.5176053643226624e-05, 0.0012819872201222239, 0.02448787350369115
income_band: 5.122274160385132e-07, 0.0011215778734285206, 0.0065271156611046615
reason: 1.4491379261016846e-06, 0.0013672036520650482, -0.0013672036520650482
reason had no query dependencies
ship_mode: 1.3029202818870544e-06, 0.0013298831170219358, -0.0013298831170219358
ship_mode had no query dependencies
store: 9.930133819580078e-05, 0.0014200311381671225, -0.0014200311381671225
store had no query dependencies
store_returns: 20.850121902301908, 2.8376937723813187, -2.8300450788467857
time_dim: 0.0012146271765232086, 0.001792778926773692, -0.001792778926773692
time_dim had no query dependencies
warehouse: 2.907589077949524e-06, 0.001449330383393174, -0.001449330383393174
warehouse had no query dependencies
web_page: 7.394980639219284e-05, 0.00143040200745343, -0.00143040200745343
web_page had no query dependencies
web_returns: 6.285572262480855, 0.8140018523411894, -0.8140018523411894
web_returns had no query dependencies
web_site: 1.0454095900058746e-05, 0.0017744638153339755, -0.0017744638153339755
web_site had no query dependencies
call_center: 9.615905582904816e-06, 0.001236621199763698, -0.001236621199763698
call_center had no query dependencies
customer_demographics: 0.011580578982830048, 0.005957824448701134, -0.005957824448701134
customer_demographics had no query dependencies
date_dim: 0.001992875710129738, 0.001942399771755087, -0.001942399771755087
date_dim had no query dependencies
household_demographics: 3.5176053643226624e-05, 0.0012819870691507887, -0.0012819870691507887
household_demographics had no query dependencies
income_band: 5.122274160385132e-07, 0.0011215778712301014, -0.0011215778712301014
income_band had no query dependencies
{}
{}
STARTING PHASE 2: 0b0
----
[]
Function: 20.300393104553223, 0, 20.300393104553223, 0.0, 0, 0.0, 0
{20.300393104553223: []}
[]
{}
Best Cost: $20.300393104553223;
[]
{}
{}
{}
[]
0
Optimal Subset: 0b0
Function: 20.300393104553223, 0, 20.300393104553223, 0.0, 0, 0.0, 0
20.300393104553223
Real: 20.300393104553223, 0, 20.300393104553223, 0.0, 0, 0.0, 0
Num Redshift Qs: 0; Num GCP Qs: 47
Redshift Qs: $0; GCP Qs: $20.300393104553223; Movement Cost: $0.0
Load Cost: $0, Storage Cost: $0.0, API Cost: $0
Final cost: $20.300393104553223, BQ Baseline: $20.300393104553223, Diff: $0.0, %: 0.0%
