Egress: $0.12/GB
Benchmark: tpcds
Data Path: parquet_1000/internal_rs4
BigQuery Cost: $5/TB; DuckDB Cost: $1.48/hr; Redshift Cost: $4.344/hr
Use Duck: False
Excluded Table: catalog_returns
Excluded Query: None

Starting analysis without using DuckDB
Redshift Total: $7.329590078457199, Redshift-Calcite Total: $6.478135465868311, BigQuery Total: $35.6533145904541
!!!!!!: 29.801728619914048
Excluding table catalog_returns and any queries that depend on it
Total Keys: 86, Keys Considered: 82
-0.7475693454767915
call_center: 9.615905582904816e-06, 0.0012366219571579107, 0.3836482680698883
catalog_page: 0.0017016949132084846, 0.004872623135627951, -0.004872623135627951
catalog_page had no query dependencies
catalog_sales: 132.3057429259643, 17.495579069170084, -5.313571672095385
customer: 0.8535048151388764, 0.1166886825569971, 8.807872295118122
customer_address: 0.2449320713058114, 0.04976775371043072, 9.766420352618216
customer_demographics: 0.011580578982830048, 0.005958736589884792, 4.614600954185987
date_dim: 0.001992875710129738, 0.0019425567400734947, 27.435886145229702
household_demographics: 3.5176053643226624e-05, 0.0012819898397831771, 4.921693252952982
income_band: 5.122274160385132e-07, 0.0011215779115755558, 0.0065271156229576265
inventory: 5.1357166497036815, 0.8311006257739134, -0.20238490369781537
item: 0.03489831369370222, 0.008295350963338931, 16.567458488400707
promotion: 7.638614624738693e-05, 0.004892585178789286, 1.714068440098984
reason: 1.4491379261016846e-06, 0.001367203759986479, 0.8693249298431096
ship_mode: 1.3029202818870544e-06, 0.0013298832140541219, 0.9034928530269686
store: 9.930133819580078e-05, 0.001420038533420749, 14.408624611261477
store_returns: 20.850121902301908, 2.8392465403742904, 1.194520326943863
store_sales: 174.69669486396015, 23.52545384769878, 2.798450723888461
time_dim: 0.0012146271765232086, 0.0017928693835207526, 1.8300007765594852
warehouse: 2.907589077949524e-06, 0.0014493305999296181, 1.2121521808943891
web_page: 7.394980639219284e-05, 0.0014304075147062408, 0.2112373014146735
web_returns: 6.285572262480855, 0.8144699568190635, -0.350071513973719
web_sales: 67.01082486007363, 8.82955714368219, 0.8064931531219219
web_site: 1.0454095900058746e-05, 0.0017744645938802873, 0.4456881726938954
call_center: 9.615905582904816e-06, 0.0012366216267131428, -0.0012366216267131428
call_center had no query dependencies
customer: 0.8535048151388764, 0.1166593523812695, 5.775019541253209
customer_address: 0.2449320713058114, 0.049759336768235074, 5.561901178344642
customer_demographics: 0.011580578982830048, 0.005958338630306159, 2.995576167089832
date_dim: 0.001992875710129738, 0.0019424882561074471, 14.295165854860334
household_demographics: 3.5176053643226624e-05, 0.001281988630979411, 4.921693254161786
income_band: 5.122274160385132e-07, 0.0011215778939731712, 0.006527115640560011
item: 0.03489831369370222, 0.008294151703938072, 7.400136386208113
promotion: 7.638614624738693e-05, 0.004892582553825662, 1.3164486868327836
reason: 1.4491379261016846e-06, 0.0013672037101877324, 0.7263691444562781
ship_mode: 1.3029202818870544e-06, 0.0013298831692800561, 0.12469009670978133
store: 9.930133819580078e-05, 0.0014200351209904408, 11.409267408105192
store_returns: 20.850121902301908, 2.8385300385707977, -1.308874275841153
store_sales: 174.69669486396015, 23.51945050165022, -7.324542814469382
time_dim: 0.0012146271765232086, 0.001792827643593925, 0.6259132603255503
warehouse: 2.907589077949524e-06, 0.0014493305000120816, 0.1245706493790493
web_page: 7.394980639219284e-05, 0.0014304049734659595, 0.06828151851928357
web_sales: 67.01082486007363, 8.827254357296058, -7.348250559210209
web_site: 1.0454095900058746e-05, 0.001774464234631617, 0.12424551564442976
customer: 0.8535048151388764, 0.11662178152578792, -0.11662178152578792
customer had no query dependencies
customer_address: 0.2449320713058114, 0.049748554980844295, -0.049748554980844295
customer_address had no query dependencies
customer_demographics: 0.011580578982830048, 0.00595782885900594, -0.00595782885900594
customer_demographics had no query dependencies
date_dim: 0.001992875710129738, 0.001942400530714491, -0.001942400530714491
date_dim had no query dependencies
household_demographics: 3.5176053643226624e-05, 0.0012819870825471066, -0.0012819870825471066
household_demographics had no query dependencies
income_band: 5.122274160385132e-07, 0.0011215778714251763, -0.0011215778714251763
income_band had no query dependencies
item: 0.03489831369370222, 0.008292615497607328, -0.008292615497607328
item had no query dependencies
promotion: 7.638614624738693e-05, 0.004892579191345673, -0.004892579191345673
promotion had no query dependencies
reason: 1.4491379261016846e-06, 0.001367203646397405, -0.001367203646397405
reason had no query dependencies
ship_mode: 1.3029202818870544e-06, 0.0013298831119261563, -0.0013298831119261563
ship_mode had no query dependencies
store: 9.930133819580078e-05, 0.0014200307497951525, -0.0014200307497951525
store had no query dependencies
time_dim: 0.0012146271765232086, 0.0017927741763125414, -0.0017927741763125414
time_dim had no query dependencies
warehouse: 2.907589077949524e-06, 0.0014493303720214633, -0.0014493303720214633
warehouse had no query dependencies
web_page: 7.394980639219284e-05, 0.0014304017182324334, -0.0014304017182324334
web_page had no query dependencies
web_site: 1.0454095900058746e-05, 0.0017744637744475393, -0.0017744637744475393
web_site had no query dependencies
{}
{}
STARTING PHASE 2: 0b0
----
[]
Function: 35.6533145904541, 0, 35.6533145904541, 0.0, 0, 0.0, 0
{35.6533145904541: []}
[]
{}
Best Cost: $35.6533145904541;
[]
{}
{}
{}
[]
0
Optimal Subset: 0b0
Function: 35.6533145904541, 0, 35.6533145904541, 0.0, 0, 0.0, 0
35.6533145904541
Real: 35.6533145904541, 0, 35.6533145904541, 0.0, 0, 0.0, 0
Num Redshift Qs: 0; Num GCP Qs: 86
Redshift Qs: $0; GCP Qs: $35.6533145904541; Movement Cost: $0.0
Load Cost: $0, Storage Cost: $0.0, API Cost: $0
Final cost: $35.6533145904541, BQ Baseline: $35.6533145904541, Diff: $0.0, %: 0.0%
