Egress: $0.12/GB
Benchmark: tpcds
Data Path: parquet_1000/internal_rs4
BigQuery Cost: $5/TB; DuckDB Cost: $1.48/hr; Redshift Cost: $4.344/hr
Use Duck: False
Excluded Table: store_sales
Excluded Query: None

Starting analysis without using DuckDB
Redshift Total: $1.3583714919662477, Redshift-Calcite Total: $1.2267680728801094, BigQuery Total: $5.504717826843262
!!!!!!: 4.381531655977566
Excluding table store_sales and any queries that depend on it
Total Keys: 32, Keys Considered: 28
-0.7473200668487691
call_center: 9.615905582904816e-06, 0.001236621493747871, 0.7070551474465417
catalog_page: 0.0017016949132084846, 0.004872541127490465, -0.004872541127490465
catalog_page had no query dependencies
catalog_returns: 13.009788101539016, 1.701075790221174, -0.7973681825704172
catalog_sales: 132.3057429259643, 17.489202986435238, -14.38554075872674
customer: 0.8535048151388764, 0.11664755042474373, 0.35263027871846253
customer_address: 0.2449320713058114, 0.049755949935957104, 1.189206033776557
customer_demographics: 0.011580578982830048, 0.005958178498239796, 1.1339405828981683
date_dim: 0.001992875710129738, 0.0019424606993414218, 4.302228578250943
household_demographics: 3.5176053643226624e-05, 0.0012819881445776376, 0.43983153981143125
income_band: 5.122274160385132e-07, 0.0011215778868902753, 0.006527115647642907
inventory: 5.1357166497036815, 0.8308531251474323, -0.04204140301188852
item: 0.03489831369370222, 0.008293669142652267, 2.328574005905858
promotion: 7.638614624738693e-05, 0.004892581497585602, 0.7383589181330245
reason: 1.4491379261016846e-06, 0.0013672036901495762, 0.14158858174648065
ship_mode: 1.3029202818870544e-06, 0.0013298831512637446, 0.903492853089759
store: 9.930133819580078e-05, 0.0014200337478873775, -0.0014200337478873775
store had no query dependencies
store_returns: 20.850121902301908, 2.8382417306106276, -2.8101225679748243
time_dim: 0.0012146271765232086, 0.0017928108481677267, 0.5962847175633796
warehouse: 2.907589077949524e-06, 0.0014493304598069893, 1.771982440670755
web_page: 7.394980639219284e-05, 0.0014304039509147276, 0.21123730497846502
web_returns: 6.285572262480855, 0.814167042312897, -0.32929813036628247
web_sales: 67.01082486007363, 8.826327755796305, -7.237155069535763
web_site: 1.0454095900058746e-05, 0.0017744640900761522, 0.44568817319769954
call_center: 9.615905582904816e-06, 0.0012366212034137433, -0.0012366212034137433
call_center had no query dependencies
customer: 0.8535048151388764, 0.11662178045707437, -0.11662178045707437
customer had no query dependencies
customer_address: 0.2449320713058114, 0.049748554674153324, -0.049748554674153324
customer_address had no query dependencies
customer_demographics: 0.011580578982830048, 0.005957828844505352, -0.005957828844505352
customer_demographics had no query dependencies
date_dim: 0.001992875710129738, 0.0019424005282191175, -0.0019424005282191175
date_dim had no query dependencies
household_demographics: 3.5176053643226624e-05, 0.001281987082503061, -0.001281987082503061
household_demographics had no query dependencies
income_band: 5.122274160385132e-07, 0.0011215778714245349, -0.0011215778714245349
income_band had no query dependencies
item: 0.03489831369370222, 0.008292615453909507, -0.008292615453909507
item had no query dependencies
promotion: 7.638614624738693e-05, 0.004892579191250026, -0.004892579191250026
promotion had no query dependencies
reason: 1.4491379261016846e-06, 0.0013672036463955905, -0.0013672036463955905
reason had no query dependencies
ship_mode: 1.3029202818870544e-06, 0.0013298831119245248, -0.0013298831119245248
ship_mode had no query dependencies
time_dim: 0.0012146271765232086, 0.0017927741747916497, -0.0017927741747916497
time_dim had no query dependencies
warehouse: 2.907589077949524e-06, 0.0014493303720178226, -0.0014493303720178226
warehouse had no query dependencies
web_page: 7.394980639219284e-05, 0.0014304017181398375, -0.0014304017181398375
web_page had no query dependencies
web_site: 1.0454095900058746e-05, 0.0017744637744344493, -0.0017744637744344493
web_site had no query dependencies
{}
{}
STARTING PHASE 2: 0b0
----
[]
Function: 5.504717826843262, 0, 5.504717826843262, 0.0, 0, 0.0, 0
{5.504717826843262: []}
[]
{}
Best Cost: $5.504717826843262;
[]
{}
{}
{}
[]
0
Optimal Subset: 0b0
Function: 5.504717826843262, 0, 5.504717826843262, 0.0, 0, 0.0, 0
5.504717826843262
Real: 5.504717826843262, 0, 5.504717826843262, 0.0, 0, 0.0, 0
Num Redshift Qs: 0; Num GCP Qs: 32
Redshift Qs: $0; GCP Qs: $5.504717826843262; Movement Cost: $0.0
Load Cost: $0, Storage Cost: $0.0, API Cost: $0
Final cost: $5.504717826843262, BQ Baseline: $5.504717826843262, Diff: $0.0, %: 0.0%
