Egress: $0.12/GB
Benchmark: tpcds
Data Path: parquet_1000/internal_rs4
BigQuery Cost: $5/TB; DuckDB Cost: $1.48/hr; Redshift Cost: $4.344/hr
Use Duck: False
Excluded Table: web_site
Excluded Query: None

Starting analysis without using DuckDB
Redshift Total: $8.779255629579227, Redshift-Calcite Total: $7.790335550486245, BigQuery Total: $42.06637382507324
!!!!!!: 34.88386615396341
Excluding table web_site and any queries that depend on it
Total Keys: 94, Keys Considered: 89
-0.7476234051345464
call_center: 9.615905582904816e-06, 0.0012366220576550465, 0.7070551468826346
catalog_page: 0.0017016949132084846, 0.0048726409202727115, -0.0048726409202727115
catalog_page had no query dependencies
catalog_returns: 13.009788101539016, 1.7018387254224292, 3.8277614459146987
catalog_sales: 132.3057429259643, 17.496961814466765, 0.1760541176545054
customer: 0.8535048151388764, 0.11669760265179216, 9.981745662287201
customer_address: 0.2449320713058114, 0.049770313528788676, 10.924143134378978
customer_demographics: 0.011580578982830048, 0.005958857620089281, 6.134114864159098
date_dim: 0.001992875710129738, 0.001942577567888328, 32.51802365845124
household_demographics: 3.5176053643226624e-05, 0.0012819902074128933, 6.44120728358867
income_band: 5.122274160385132e-07, 0.0011215779169289142, 1.1622882356921944
inventory: 5.1357166497036815, 0.8311542998464474, 0.1431931659690967
item: 0.03489831369370222, 0.008295715690357237, 19.174598367021172
promotion: 7.638614624738693e-05, 0.0048925859771112796, 3.2154613031146986
reason: 1.4491379261016846e-06, 0.0013672037751316164, 0.8693249298279644
ship_mode: 1.3029202818870544e-06, 0.001329883227671119, 0.7774728731342901
store: 9.930133819580078e-05, 0.0014200395712325273, 16.262863383517164
store_returns: 20.850121902301908, 2.839464447831352, 5.840665452274445
store_sales: 174.69669486396015, 23.52727962659414, 7.422517508679473
time_dim: 0.0012146271765232086, 0.0017928820777544149, 1.8300007638652516
warehouse: 2.907589077949524e-06, 0.0014493306303172268, 1.6459624606211833
web_page: 7.394980639219284e-05, 0.0014304082875657154, 0.9097149538607192
web_returns: 6.285572262480855, 0.8145356481888462, 2.819022049960835
web_sales: 67.01082486007363, 8.830257482918059, 3.828461620210053
-0.7476232303764279
call_center: 9.615905582904816e-06, 0.0012366220573301703, 0.7070551468829595
catalog_returns: 13.009788101539016, 1.701838285883055, 3.827761885454073
catalog_sales: 132.3057429259643, 17.496957344479785, 0.17605858764148508
customer: 0.8535048151388764, 0.11669757381589034, 9.981745691123102
customer_address: 0.2449320713058114, 0.049770305253689306, 10.924143142654078
customer_demographics: 0.011580578982830048, 0.005958857228836142, 6.134114864550352
date_dim: 0.001992875710129738, 0.001942577500558458, 32.51802365851857
household_demographics: 3.5176053643226624e-05, 0.0012819902062244605, 6.441207283589859
income_band: 5.122274160385132e-07, 0.0011215779169116084, 1.1622882356922117
inventory: 5.1357166497036815, 0.8311541263348065, 0.14319333948073765
item: 0.03489831369370222, 0.008295714511307829, 19.174598368200222
promotion: 7.638614624738693e-05, 0.004892585974530552, 3.215461303117279
reason: 1.4491379261016846e-06, 0.001367203775082657, 0.8693249298280133
ship_mode: 1.3029202818870544e-06, 0.0013298832276270993, 0.7774728731343342
store: 9.930133819580078e-05, 0.0014200395678776033, 16.262863383520518
store_returns: 20.850121902301908, 2.839463743404081, 5.840666156701716
store_sales: 174.69669486396015, 23.527273724416848, 7.4225234108567655
time_dim: 0.0012146271765232086, 0.0017928820367178917, 1.830000763906288
warehouse: 2.907589077949524e-06, 0.0014493306302189929, 1.6459624606212815
web_page: 7.394980639219284e-05, 0.0014304082850673003, 0.9097149538632175
web_returns: 6.285572262480855, 0.8145354358290077, 2.819022262320673
web_sales: 67.01082486007363, 8.830255218938369, 3.828463884189743
{}
{}
STARTING PHASE 2: 0b11111111111111111111101
----
[0, 2, 3, 4, 5, 6, 7, 8, 9, 10, 11, 12, 13, 14, 15, 16, 17, 18, 19, 20, 21, 22]
Function: 63.82689753427243, 6.591568149320284, 0.5909395217895508, 50.856070685787515, 5.7142468882099795, 0.037526023862296386, 0.03654626530280709
-0.7476232303764279
call_center: 9.615905582904816e-06, 0.0012366220573301703, 0.7070551468829595
catalog_returns: 13.009788101539016, 1.701838285883055, 3.827761885454073
catalog_sales: 132.3057429259643, 17.496957344479785, 0.17605858764148508
customer: 0.8535048151388764, 0.11669757381589034, 9.981745691123102
customer_address: 0.2449320713058114, 0.049770305253689306, 10.924143142654078
customer_demographics: 0.011580578982830048, 0.005958857228836142, 6.134114864550352
date_dim: 0.001992875710129738, 0.001942577500558458, 32.51802365851857
household_demographics: 3.5176053643226624e-05, 0.0012819902062244605, 6.441207283589859
income_band: 5.122274160385132e-07, 0.0011215779169116084, 1.1622882356922117
inventory: 5.1357166497036815, 0.8311541263348065, 0.14319333948073765
item: 0.03489831369370222, 0.008295714511307829, 19.174598368200222
promotion: 7.638614624738693e-05, 0.004892585974530552, 3.215461303117279
reason: 1.4491379261016846e-06, 0.001367203775082657, 0.8693249298280133
ship_mode: 1.3029202818870544e-06, 0.0013298832276270993, 0.7774728731343342
store: 9.930133819580078e-05, 0.0014200395678776033, 16.262863383520518
store_returns: 20.850121902301908, 2.839463743404081, 5.840666156701716
store_sales: 174.69669486396015, 23.527273724416848, 7.4225234108567655
time_dim: 0.0012146271765232086, 0.0017928820367178917, 1.830000763906288
warehouse: 2.907589077949524e-06, 0.0014493306302189929, 1.6459624606212815
web_page: 7.394980639219284e-05, 0.0014304082850673003, 0.9097149538632175
web_returns: 6.285572262480855, 0.8145354358290077, 2.819022262320673
web_sales: 67.01082486007363, 8.830255218938369, 3.828463884189743
call_center: 9.615905582904816e-06, 0.001236622026381964, 0.7070551469139077
catalog_returns: 13.009788101539016, 1.7017964146725209, 3.4821720129251608
catalog_sales: 132.3057429259643, 17.496531526505375, -0.30354854126635544
customer: 0.8535048151388764, 0.11669482686263273, 9.98174843807636
customer_address: 0.2449320713058114, 0.049769516954737456, 10.92414393095303
customer_demographics: 0.011580578982830048, 0.005958819957448098, 5.788483158082293
date_dim: 0.001992875710129738, 0.0019425710866093778, 31.54367619911698
household_demographics: 3.5176053643226624e-05, 0.0012819900930124745, 6.095575539963624
income_band: 5.122274160385132e-07, 0.0011215779152630356, 1.1622882356938602
item: 0.03489831369370222, 0.008295602193210983, 18.200251014702776
promotion: 7.638614624738693e-05, 0.004892585728686393, 2.8698295596236774
reason: 1.4491379261016846e-06, 0.0013672037704186948, 0.8693249298326774
ship_mode: 1.3029202818870544e-06, 0.0013298832234337299, 0.7774728731385275
store: 9.930133819580078e-05, 0.0014200392482822952, 16.262863383840116
store_returns: 20.850121902301908, 2.839396638556791, 5.840733261549007
store_sales: 174.69669486396015, 23.526711473745802, 7.2375499178478115
time_dim: 0.0012146271765232086, 0.0017928781275143113, 1.8300007678154917
warehouse: 2.907589077949524e-06, 0.0014493306208610947, 0.9915519416378974
web_page: 7.394980639219284e-05, 0.001430408047064353, 0.9097149541012205
web_returns: 6.285572262480855, 0.8145152060975567, 2.819042492052124
web_sales: 67.01082486007363, 8.830039548680418, 3.828679554447694
call_center: 9.615905582904816e-06, 0.0012366216469917324, 0.01688454554228846
catalog_returns: 13.009788101539016, 1.7012831206847692, -1.6626914843942189
customer: 0.8535048151388764, 0.11666115230262385, 5.7931389085211356
customer_address: 0.2449320713058114, 0.0497598532954505, 5.722977614443336
customer_demographics: 0.011580578982830048, 0.005958363052114961, 3.156653095293934
date_dim: 0.001992875710129738, 0.0019424924588014255, 14.350693292505762
household_demographics: 3.5176053643226624e-05, 0.0012819887051607503, 4.939814421276885
income_band: 5.122274160385132e-07, 0.0011215778950533866, 0.0065271156394797955
item: 0.03489831369370222, 0.008294225299562766, 7.420606781713758
promotion: 7.638614624738693e-05, 0.004892582714913278, 1.316448686671696
reason: 1.4491379261016846e-06, 0.00136720371324376, 0.8693249298898523
ship_mode: 1.3029202818870544e-06, 0.0013298831720277313, -0.0013298831720277313
ship_mode had no query dependencies
store: 9.930133819580078e-05, 0.0014200353304029668, 11.409267407895777
store_returns: 20.850121902301908, 2.8385740085390827, -1.2884477767081677
store_sales: 174.69669486396015, 23.519818912356335, -7.324911225175494
time_dim: 0.0012146271765232086, 0.0017928302050714395, 0.6259132577640727
warehouse: 2.907589077949524e-06, 0.001449330506143777, -0.001449330506143777
warehouse had no query dependencies
web_page: 7.394980639219284e-05, 0.0014304051294156779, 0.21123730379996408
web_returns: 6.285572262480855, 0.8142672123234282, -0.650840957785528
web_sales: 67.01082486007363, 8.82739567368057, -7.331456070037153
call_center: 9.615905582904816e-06, 0.001236621203195877, -0.001236621203195877
call_center had no query dependencies
customer: 0.8535048151388764, 0.11662176111933142, -0.11662176111933142
customer had no query dependencies
customer_address: 0.2449320713058114, 0.04974854912476057, -0.04974854912476057
customer_address had no query dependencies
customer_demographics: 0.011580578982830048, 0.005957828582125743, -0.005957828582125743
customer_demographics had no query dependencies
date_dim: 0.001992875710129738, 0.0019424004830668024, -0.0019424004830668024
date_dim had no query dependencies
household_demographics: 3.5176053643226624e-05, 0.0012819870817060818, -0.0012819870817060818
household_demographics had no query dependencies
income_band: 5.122274160385132e-07, 0.0011215778714129293, -0.0011215778714129293
income_band had no query dependencies
item: 0.03489831369370222, 0.008292614663223143, -0.008292614663223143
item had no query dependencies
promotion: 7.638614624738693e-05, 0.004892579189519356, -0.004892579189519356
promotion had no query dependencies
reason: 1.4491379261016846e-06, 0.0013672036463627576, -0.0013672036463627576
reason had no query dependencies
store: 9.930133819580078e-05, 0.0014200307474209557, -0.0014200307474209557
store had no query dependencies
time_dim: 0.0012146271765232086, 0.0017927741472720062, -0.0017927741472720062
time_dim had no query dependencies
web_page: 7.394980639219284e-05, 0.0014304017164643668, -0.0014304017164643668
web_page had no query dependencies
Function: 42.06637382507324, 0, 42.06637382507324, 0.0, 0, 0.0, 0
hiya: 0b0, 42.06637382507324
{63.82689753427243: [0, 2, 3, 4, 5, 6, 7, 8, 9, 10, 11, 12, 13, 14, 15, 16, 17, 18, 19, 20, 21, 22], 42.06637382507324: []}
[]
{}
Best Cost: $42.06637382507324;
[]
{}
{}
{}
[]
0
Optimal Subset: 0b0
Function: 42.06637382507324, 0, 42.06637382507324, 0.0, 0, 0.0, 0
42.06637382507324
Real: 42.06637382507324, 0, 42.06637382507324, 0.0, 0, 0.0, 0
Num Redshift Qs: 0; Num GCP Qs: 94
Redshift Qs: $0; GCP Qs: $42.06637382507324; Movement Cost: $0.0
Load Cost: $0, Storage Cost: $0.0, API Cost: $0
Final cost: $42.06637382507324, BQ Baseline: $42.06637382507324, Diff: $0.0, %: 0.0%
