Egress: $0.12/GB
Benchmark: tpcds
Data Path: parquet_1000/internal_rs4
BigQuery Cost: $5/TB; DuckDB Cost: $1.48/hr; Redshift Cost: $4.344/hr
Use Duck: False
Excluded Table: web_page
Excluded Query: None

Starting analysis without using DuckDB
Redshift Total: $9.011149626212122, Redshift-Calcite Total: $8.064813561162946, BigQuery Total: $43.67293834686279
!!!!!!: 36.25950521641891
Excluding table web_page and any queries that depend on it
Total Keys: 96, Keys Considered: 91
-0.7476320818963896
call_center: 9.615905582904816e-06, 0.001236622073785184, 0.7070551468665046
catalog_page: 0.0017016949132084846, 0.00487264377476964, 1.8344491435412347
catalog_returns: 13.009788101539016, 1.7018605486058302, 4.968583756828397
catalog_sales: 132.3057429259643, 17.497183749864206, 1.3166763163541653
customer: 0.8535048151388764, 0.11669903435782528, 9.981744230581162
customer_address: 0.2449320713058114, 0.04977072438847918, 11.102629595491367
customer_demographics: 0.011580578982830048, 0.005958877045855255, 5.991159059296702
date_dim: 0.001992875710129738, 0.0019425809108245679, 33.96337464105656
household_demographics: 3.5176053643226624e-05, 0.001281990266418733, 6.3714953600369135
income_band: 5.122274160385132e-07, 0.0011215779177881466, 1.162288235691335
inventory: 5.1357166497036815, 0.8311629147205305, 0.1431845510950135
item: 0.03489831369370222, 0.00829577423030379, 20.265857017768866
promotion: 7.638614624738693e-05, 0.0048925861052447174, 4.306720012274208
reason: 1.4491379261016846e-06, 0.0013672037775624632, 0.7263691443889033
ship_mode: 1.3029202818870544e-06, 0.0013298832298566938, 0.9034928530111661
store: 9.930133819580078e-05, 0.0014200397378049032, 17.403707517447685
store_returns: 20.850121902301908, 2.8394994227310706, 6.981474611471822
store_sales: 174.69669486396015, 23.527572670414827, 8.563068598955887
time_dim: 0.0012146271765232086, 0.0017928841152227756, 1.7602888383350335
warehouse: 2.907589077949524e-06, 0.0014493306351945428, 1.7719824404953672
web_returns: 6.285572262480855, 0.8145461918806568, 4.138342512338206
web_sales: 67.01082486007363, 8.830369889785056, 5.203988275798553
web_site: 1.0454095900058746e-05, 0.0017744647206736183, 2.2850099598831064
{}
{}
STARTING PHASE 2: 0b111011111111111111111111
----
[0, 1, 2, 3, 4, 5, 6, 7, 8, 9, 10, 11, 12, 13, 14, 15, 16, 17, 18, 19, 21, 22, 23]
Function: 64.06376073756336, 6.82249360865434, 0.5909395217895508, 50.85626883963274, 5.719256713830631, 0.038245646812873194, 0.03655640684321821
-0.7476320818963896
call_center: 9.615905582904816e-06, 0.001236622073785184, 0.7070551468665046
catalog_page: 0.0017016949132084846, 0.00487264377476964, 1.8344491435412347
catalog_returns: 13.009788101539016, 1.7018605486058302, 4.968583756828397
catalog_sales: 132.3057429259643, 17.497183749864206, 1.3166763163541653
customer: 0.8535048151388764, 0.11669903435782528, 9.981744230581162
customer_address: 0.2449320713058114, 0.04977072438847918, 11.102629595491367
customer_demographics: 0.011580578982830048, 0.005958877045855255, 5.991159059296702
date_dim: 0.001992875710129738, 0.0019425809108245679, 33.96337464105656
household_demographics: 3.5176053643226624e-05, 0.001281990266418733, 6.3714953600369135
income_band: 5.122274160385132e-07, 0.0011215779177881466, 1.162288235691335
inventory: 5.1357166497036815, 0.8311629147205305, 0.1431845510950135
item: 0.03489831369370222, 0.00829577423030379, 20.265857017768866
promotion: 7.638614624738693e-05, 0.0048925861052447174, 4.306720012274208
reason: 1.4491379261016846e-06, 0.0013672037775624632, 0.7263691443889033
ship_mode: 1.3029202818870544e-06, 0.0013298832298566938, 0.9034928530111661
store: 9.930133819580078e-05, 0.0014200397378049032, 17.403707517447685
store_returns: 20.850121902301908, 2.8394994227310706, 6.981474611471822
store_sales: 174.69669486396015, 23.527572670414827, 8.563068598955887
time_dim: 0.0012146271765232086, 0.0017928841152227756, 1.7602888383350335
warehouse: 2.907589077949524e-06, 0.0014493306351945428, 1.7719824404953672
web_returns: 6.285572262480855, 0.8145461918806568, 4.138342512338206
web_sales: 67.01082486007363, 8.830369889785056, 5.203988275798553
web_site: 1.0454095900058746e-05, 0.0017744647206736183, 2.2850099598831064
call_center: 9.615905582904816e-06, 0.0012366220428369776, 0.7070551468974527
catalog_page: 0.0017016949132084846, 0.004872638297968218, 1.8344491490180361
catalog_returns: 13.009788101539016, 1.7018186773952964, 4.622993884299484
catalog_sales: 132.3057429259643, 17.496757931889793, 0.8370691874463319
customer: 0.8535048151388764, 0.11669628740456767, 9.98174697753442
customer_address: 0.2449320713058114, 0.04976993608952734, 11.102630383790318
customer_demographics: 0.011580578982830048, 0.005958839774467212, 5.645527352828644
date_dim: 0.001992875710129738, 0.0019425744968754877, 32.98902718165497
household_demographics: 3.5176053643226624e-05, 0.001281990153206747, 6.025863616410679
income_band: 5.122274160385132e-07, 0.001121577916139574, 1.1622882356929838
item: 0.03489831369370222, 0.008295661912206943, 19.29150966427142
promotion: 7.638614624738693e-05, 0.004892585859400559, 3.961088268780607
reason: 1.4491379261016846e-06, 0.001367203772898501, 0.7263691443935674
ship_mode: 1.3029202818870544e-06, 0.0013298832256633244, 0.9034928530153595
store: 9.930133819580078e-05, 0.001420039418209595, 17.40370751776728
store_returns: 20.850121902301908, 2.8394323178837806, 6.9815417163191125
store_sales: 174.69669486396015, 23.52701041974378, 8.37809510594693
time_dim: 0.0012146271765232086, 0.0017928802060191951, 1.760288842244237
warehouse: 2.907589077949524e-06, 0.0014493306258366444, 1.1175719215119833
web_returns: 6.285572262480855, 0.8145259621492058, 4.138362742069658
web_sales: 67.01082486007363, 8.830154219527103, 5.204203946056506
web_site: 1.0454095900058746e-05, 0.0017744646870277475, 2.2850099599167524
Function: 64.20068691410496, 6.592708040717443, 1.7950725555419922, 50.23506111321233, 5.5053006923675545, 0.03644183134095441, 0.036102680924683814
hiya: 0b111011111111101111111111, 64.20068691410496
call_center: 9.615905582904816e-06, 0.0012366220428369776, 0.7070551468974527
catalog_page: 0.0017016949132084846, 0.004872638297968218, 1.8344491490180361
catalog_returns: 13.009788101539016, 1.7018186773952964, 4.622993884299484
catalog_sales: 132.3057429259643, 17.496757931889793, 0.8370691874463319
customer: 0.8535048151388764, 0.11669628740456767, 9.98174697753442
customer_address: 0.2449320713058114, 0.04976993608952734, 11.102630383790318
customer_demographics: 0.011580578982830048, 0.005958839774467212, 5.645527352828644
date_dim: 0.001992875710129738, 0.0019425744968754877, 32.98902718165497
household_demographics: 3.5176053643226624e-05, 0.001281990153206747, 6.025863616410679
income_band: 5.122274160385132e-07, 0.001121577916139574, 1.1622882356929838
item: 0.03489831369370222, 0.008295661912206943, 19.29150966427142
promotion: 7.638614624738693e-05, 0.004892585859400559, 3.961088268780607
reason: 1.4491379261016846e-06, 0.001367203772898501, 0.7263691443935674
ship_mode: 1.3029202818870544e-06, 0.0013298832256633244, 0.9034928530153595
store: 9.930133819580078e-05, 0.001420039418209595, 17.40370751776728
store_returns: 20.850121902301908, 2.8394323178837806, 6.9815417163191125
store_sales: 174.69669486396015, 23.52701041974378, 8.37809510594693
time_dim: 0.0012146271765232086, 0.0017928802060191951, 1.760288842244237
warehouse: 2.907589077949524e-06, 0.0014493306258366444, 1.1175719215119833
web_returns: 6.285572262480855, 0.8145259621492058, 4.138362742069658
web_sales: 67.01082486007363, 8.830154219527103, 5.204203946056506
web_site: 1.0454095900058746e-05, 0.0017744646870277475, 2.2850099599167524
catalog_page: 0.0017016949132084846, 0.004872636368394689, 1.8344491509476097
catalog_returns: 13.009788101539016, 1.7018039254309194, 4.299601757350618
catalog_sales: 132.3057429259643, 17.49660790872329, 0.14704860886182658
customer: 0.8535048151388764, 0.11669531960459043, 9.963626778145118
customer_address: 0.2449320713058114, 0.04976965835793306, 10.77922378260867
customer_demographics: 0.011580578982830048, 0.005958826643101252, 5.62740619877073
date_dim: 0.001992875710129738, 0.0019425722371283454, 32.280735414974416
household_demographics: 3.5176053643226624e-05, 0.0012819901133201718, 6.007742449261286
income_band: 5.122274160385132e-07, 0.0011215779155587528, 1.1622882356935647
item: 0.03489831369370222, 0.008295622340564699, 19.157061965259178
promotion: 7.638614624738693e-05, 0.004892585772785335, 3.961088268867222
reason: 1.4491379261016846e-06, 0.001367203771255305, 0.7263691443952105
ship_mode: 1.3029202818870544e-06, 0.0013298832241859264, 0.6530557015736733
store: 9.930133819580078e-05, 0.0014200393056105433, 17.40370751787988
store_returns: 20.850121902301908, 2.839408675665079, 6.9815653585378135
store_sales: 174.69669486396015, 23.526812328937133, 8.378293196753578
time_dim: 0.0012146271765232086, 0.0017928788287379742, 1.7602888436215183
warehouse: 2.907589077949524e-06, 0.0014493306225396923, 0.8671347700721167
web_returns: 6.285572262480855, 0.8145188348587856, 4.138369869360078
web_sales: 67.01082486007363, 8.830078235099572, 5.204279930484036
web_site: 1.0454095900058746e-05, 0.001774464675173715, 2.2850099599286064
Function: 64.90727112785386, 6.4375955356709165, 2.6584768295288086, 50.23505995008842, 5.504075225907962, 0.035970906563875714, 0.03609268009386957
hiya: 0b111011111111101111111110, 64.90727112785386
catalog_page: 0.0017016949132084846, 0.004872636368394689, 1.8344491509476097
catalog_returns: 13.009788101539016, 1.7018039254309194, 4.299601757350618
catalog_sales: 132.3057429259643, 17.49660790872329, 0.14704860886182658
customer: 0.8535048151388764, 0.11669531960459043, 9.963626778145118
customer_address: 0.2449320713058114, 0.04976965835793306, 10.77922378260867
customer_demographics: 0.011580578982830048, 0.005958826643101252, 5.62740619877073
date_dim: 0.001992875710129738, 0.0019425722371283454, 32.280735414974416
household_demographics: 3.5176053643226624e-05, 0.0012819901133201718, 6.007742449261286
income_band: 5.122274160385132e-07, 0.0011215779155587528, 1.1622882356935647
item: 0.03489831369370222, 0.008295622340564699, 19.157061965259178
promotion: 7.638614624738693e-05, 0.004892585772785335, 3.961088268867222
reason: 1.4491379261016846e-06, 0.001367203771255305, 0.7263691443952105
ship_mode: 1.3029202818870544e-06, 0.0013298832241859264, 0.6530557015736733
store: 9.930133819580078e-05, 0.0014200393056105433, 17.40370751787988
store_returns: 20.850121902301908, 2.839408675665079, 6.9815653585378135
store_sales: 174.69669486396015, 23.526812328937133, 8.378293196753578
time_dim: 0.0012146271765232086, 0.0017928788287379742, 1.7602888436215183
warehouse: 2.907589077949524e-06, 0.0014493306225396923, 0.8671347700721167
web_returns: 6.285572262480855, 0.8145188348587856, 4.138369869360078
web_sales: 67.01082486007363, 8.830078235099572, 5.204279930484036
web_site: 1.0454095900058746e-05, 0.001774464675173715, 2.2850099599286064
catalog_page: 0.0017016949132084846, 0.0048725680556802485, -0.0048725680556802485
catalog_page had no query dependencies
catalog_returns: 13.009788101539016, 1.7012816614618527, -1.6808111923605826
customer: 0.8535048151388764, 0.11666105657056612, 5.7750178370639125
customer_address: 0.2449320713058114, 0.04975982582302061, 5.883343346698571
customer_demographics: 0.011580578982830048, 0.005958361753197092, 2.9955761439669413
date_dim: 0.001992875710129738, 0.00194249223527358, 14.63707897739115
household_demographics: 3.5176053643226624e-05, 0.0012819887012152822, 4.8519813305988
income_band: 5.122274160385132e-07, 0.0011215778949959334, 0.006527115639537249
item: 0.03489831369370222, 0.008294221385246967, 7.420606785628073
promotion: 7.638614624738693e-05, 0.004892582706345543, 1.3164486866802638
reason: 1.4491379261016846e-06, 0.0013672037130812197, 0.7263691444533846
ship_mode: 1.3029202818870544e-06, 0.0013298831718815912, 0.12469009670717979
store: 9.930133819580078e-05, 0.0014200353192649845, 11.409267407906912
store_returns: 20.850121902301908, 2.8385716699171577, -1.2884454380862427
store_sales: 174.69669486396015, 23.51979931776966, -7.324891630588823
time_dim: 0.0012146271765232086, 0.0017928300688346463, 0.5562013344075599
warehouse: 2.907589077949524e-06, 0.0014493305058176518, 0.12457064937324373
web_returns: 6.285572262480855, 0.8142665073118618, -0.47235338080187744
web_sales: 67.01082486007363, 8.827388157514239, -7.096653625512426
web_site: 1.0454095900058746e-05, 0.0017744642555052642, 0.44568817303227043
customer: 0.8535048151388764, 0.11662177278785761, -0.11662177278785761
customer had no query dependencies
customer_address: 0.2449320713058114, 0.049748552473302066, -0.049748552473302066
customer_address had no query dependencies
customer_demographics: 0.011580578982830048, 0.005957828740447391, -0.005957828740447391
customer_demographics had no query dependencies
date_dim: 0.001992875710129738, 0.0019424005103120176, -0.0019424005103120176
date_dim had no query dependencies
household_demographics: 3.5176053643226624e-05, 0.0012819870821869845, -0.0012819870821869845
household_demographics had no query dependencies
income_band: 5.122274160385132e-07, 0.0011215778714199322, -0.0011215778714199322
income_band had no query dependencies
item: 0.03489831369370222, 0.008292615140328696, -0.008292615140328696
item had no query dependencies
promotion: 7.638614624738693e-05, 0.0048925791905636545, -0.0048925791905636545
promotion had no query dependencies
reason: 1.4491379261016846e-06, 0.0013672036463825692, -0.0013672036463825692
reason had no query dependencies
ship_mode: 1.3029202818870544e-06, 0.0013298831119128174, -0.0013298831119128174
ship_mode had no query dependencies
store: 9.930133819580078e-05, 0.0014200307487785347, -0.0014200307487785347
store had no query dependencies
time_dim: 0.0012146271765232086, 0.001792774163877547, -0.001792774163877547
time_dim had no query dependencies
warehouse: 2.907589077949524e-06, 0.001449330371991696, -0.001449330371991696
warehouse had no query dependencies
web_site: 1.0454095900058746e-05, 0.0017744637743405134, -0.0017744637743405134
web_site had no query dependencies
Function: 43.67293834686279, 0, 43.67293834686279, 0.0, 0, 0.0, 0
hiya: 0b0, 43.67293834686279
{64.06376073756336: [0, 1, 2, 3, 4, 5, 6, 7, 8, 9, 10, 11, 12, 13, 14, 15, 16, 17, 18, 19, 21, 22, 23], 64.20068691410496: [0, 1, 2, 3, 4, 5, 6, 7, 8, 9, 11, 12, 13, 14, 15, 16, 17, 18, 19, 21, 22, 23], 64.90727112785386: [1, 2, 3, 4, 5, 6, 7, 8, 9, 11, 12, 13, 14, 15, 16, 17, 18, 19, 21, 22, 23], 43.67293834686279: []}
[]
{}
Best Cost: $43.67293834686279;
[]
{}
{}
{}
[]
0
Optimal Subset: 0b0
Function: 43.67293834686279, 0, 43.67293834686279, 0.0, 0, 0.0, 0
43.67293834686279
Real: 43.67293834686279, 0, 43.67293834686279, 0.0, 0, 0.0, 0
Num Redshift Qs: 0; Num GCP Qs: 96
Redshift Qs: $0; GCP Qs: $43.67293834686279; Movement Cost: $0.0
Load Cost: $0, Storage Cost: $0.0, API Cost: $0
Final cost: $43.67293834686279, BQ Baseline: $43.67293834686279, Diff: $0.0, %: 0.0%
