Egress: $0.12/GB
Benchmark: tpcds
Data Path: parquet_1000/internal_rs4
BigQuery Cost: $5/TB; DuckDB Cost: $1.48/hr; Redshift Cost: $4.344/hr
Use Duck: False
Excluded Table: warehouse
Excluded Query: None

Starting analysis without using DuckDB
Redshift Total: $8.748663238383928, Redshift-Calcite Total: $7.899635351467131, BigQuery Total: $42.64577388763428
!!!!!!: 35.397218807436616
Excluding table warehouse and any queries that depend on it
Total Keys: 91, Keys Considered: 86
call_center: 9.615905582904816e-06, 0.001236622062284054, 0.4566179954348422
catalog_page: 0.0017016949132084846, 0.004872641739452794, 1.8344491455765515
catalog_returns: 13.009788101539016, 1.701844988213255, 5.1072467108036355
catalog_sales: 132.3057429259643, 17.497025505219185, 0.6766791982198903
customer: 0.8535048151388764, 0.11669801352106107, 9.98174525141793
customer_address: 0.2449320713058114, 0.049770431436806636, 11.245585673879672
customer_demographics: 0.011580578982830048, 0.005958863194872148, 5.78848311484487
date_dim: 0.001992875710129738, 0.0019425785272401343, 33.03137631096511
household_demographics: 3.5176053643226624e-05, 0.001281990224346318, 6.095575539832289
income_band: 5.122274160385132e-07, 0.0011215779171754956, 1.1622882356919477
inventory: 5.1357166497036815, 0.8311567721326112, -0.5112198253098089
item: 0.03489831369370222, 0.008295732490080426, 19.397248024619554
promotion: 7.638614624738693e-05, 0.004892586013882859, 3.9610882686261246
reason: 1.4491379261016846e-06, 0.001367203775829218, 0.8693249298272667
ship_mode: 1.3029202818870544e-06, 0.0013298832282983325, -0.0013298832282983325
ship_mode had no query dependencies
store: 9.930133819580078e-05, 0.0014200396190352665, 18.102185170785365
store_returns: 20.850121902301908, 2.839474484885849, 7.6799772025359525
store_sales: 174.69669486396015, 23.527363723956014, 9.261755198633601
time_dim: 0.0012146271765232086, 0.0017928826624646252, 1.3016351583617431
web_page: 7.394980639219284e-05, 0.0014304083231644635, 0.9097149538251204
web_returns: 6.285572262480855, 0.8145386740047927, 4.979783468869607
web_sales: 67.01082486007363, 8.830289741305043, 5.460828201628992
web_site: 1.0454095900058746e-05, 0.0017744647081699683, 2.158989980016549
call_center: 9.615905582904816e-06, 0.001236622046872713, 0.45661799545025356
catalog_page: 0.0017016949132084846, 0.004872639012158914, 1.8344491483038454
catalog_returns: 13.009788101539016, 1.7018241375218717, 5.107267561495019
catalog_sales: 132.3057429259643, 17.49681345978136, 0.5424900405149131
customer: 0.8535048151388764, 0.11669664561519237, 9.981746619323799
customer_address: 0.2449320713058114, 0.049770038885983456, 11.245586066430496
customer_demographics: 0.011580578982830048, 0.005958844634763673, 5.788483133404978
date_dim: 0.001992875710129738, 0.0019425753332729403, 32.711439367336276
household_demographics: 3.5176053643226624e-05, 0.0012819901679699164, 6.095575539888666
income_band: 5.122274160385132e-07, 0.0011215779163545527, 1.1622882356927688
item: 0.03489831369370222, 0.008295676558810604, 19.077311133728024
promotion: 7.638614624738693e-05, 0.004892585891459346, 3.961088268748548
reason: 1.4491379261016846e-06, 0.001367203773506695, 0.8693249298295892
store: 9.930133819580078e-05, 0.0014200394598857446, 18.102185170944512
store_returns: 20.850121902301908, 2.8394410685493416, 7.68001061887246
store_sales: 174.69669486396015, 23.527083738852347, 9.076499440057269
time_dim: 0.0012146271765232086, 0.001792880715790613, 1.3016351603084173
web_page: 7.394980639219284e-05, 0.0014304082046456546, 0.9097149539436391
web_returns: 6.285572262480855, 0.8145286001645127, 4.979793542709888
web_sales: 67.01082486007363, 8.830182343550554, 5.460935599383481
web_site: 1.0454095900058746e-05, 0.001774464691415266, 2.1589899800333034
{}
{}
STARTING PHASE 2: 0b111101111011101111111111
----
[0, 1, 2, 3, 4, 5, 6, 7, 8, 9, 11, 12, 13, 15, 16, 17, 18, 20, 21, 22, 23]
Function: 63.38022390855573, 6.651920409893988, 0.9165716171264648, 50.235069548761466, 5.503953505829175, 0.03661613999447031, 0.036092686950159075
call_center: 9.615905582904816e-06, 0.001236622046872713, 0.45661799545025356
catalog_page: 0.0017016949132084846, 0.004872639012158914, 1.8344491483038454
catalog_returns: 13.009788101539016, 1.7018241375218717, 5.107267561495019
catalog_sales: 132.3057429259643, 17.49681345978136, 0.5424900405149131
customer: 0.8535048151388764, 0.11669664561519237, 9.981746619323799
customer_address: 0.2449320713058114, 0.049770038885983456, 11.245586066430496
customer_demographics: 0.011580578982830048, 0.005958844634763673, 5.788483133404978
date_dim: 0.001992875710129738, 0.0019425753332729403, 32.711439367336276
household_demographics: 3.5176053643226624e-05, 0.0012819901679699164, 6.095575539888666
income_band: 5.122274160385132e-07, 0.0011215779163545527, 1.1622882356927688
item: 0.03489831369370222, 0.008295676558810604, 19.077311133728024
promotion: 7.638614624738693e-05, 0.004892585891459346, 3.961088268748548
reason: 1.4491379261016846e-06, 0.001367203773506695, 0.8693249298295892
store: 9.930133819580078e-05, 0.0014200394598857446, 18.102185170944512
store_returns: 20.850121902301908, 2.8394410685493416, 7.68001061887246
store_sales: 174.69669486396015, 23.527083738852347, 9.076499440057269
time_dim: 0.0012146271765232086, 0.001792880715790613, 1.3016351603084173
web_page: 7.394980639219284e-05, 0.0014304082046456546, 0.9097149539436391
web_returns: 6.285572262480855, 0.8145286001645127, 4.979793542709888
web_sales: 67.01082486007363, 8.830182343550554, 5.460935599383481
web_site: 1.0454095900058746e-05, 0.001774464691415266, 2.1589899800333034
catalog_page: 0.0017016949132084846, 0.004872637208384529, 1.8344491501076199
catalog_returns: 13.009788101539016, 1.7018103473163826, 4.7838744727872635
catalog_sales: 132.3057429259643, 17.496673217421677, 0.10289683256675275
customer: 0.8535048151388764, 0.1166957409112345, 9.963626356838477
customer_address: 0.2449320713058114, 0.04976977926118651, 10.92217944714205
customer_demographics: 0.011580578982830048, 0.005958832359501185, 5.7703619784909606
date_dim: 0.001992875710129738, 0.001942573220850713, 32.25358475195157
household_demographics: 3.5176053643226624e-05, 0.001281990130683759, 6.077454372736672
income_band: 5.122274160385132e-07, 0.0011215779158115981, 1.1622882356933117
item: 0.03489831369370222, 0.008295639567053837, 18.942863432135898
promotion: 7.638614624738693e-05, 0.004892585810491029, 3.961088268829516
reason: 1.4491379261016846e-06, 0.0013672037719706278, 0.8693249298311253
store: 9.930133819580078e-05, 0.001420039354627623, 18.102185171049772
store_returns: 20.850121902301908, 2.839418967692413, 7.680032719729388
store_sales: 174.69669486396015, 23.526898562637207, 9.07668461627241
time_dim: 0.0012146271765232086, 0.0017928794283016678, 1.301635161595906
web_page: 7.394980639219284e-05, 0.0014304081262598255, 0.909714954022025
web_returns: 6.285572262480855, 0.8145219375399996, 4.979800205334401
web_sales: 67.01082486007363, 8.830111312951315, 5.46100662998272
web_site: 1.0454095900058746e-05, 0.001774464680334061, 2.158989980044385
Function: 63.83640167281523, 6.507000407334963, 1.5193462371826172, 50.235068385637554, 5.502728039369583, 0.03617591717116302, 0.036082686119344835
hiya: 0b111101111011101111111110, 63.83640167281523
catalog_page: 0.0017016949132084846, 0.004872637208384529, 1.8344491501076199
catalog_returns: 13.009788101539016, 1.7018103473163826, 4.7838744727872635
catalog_sales: 132.3057429259643, 17.496673217421677, 0.10289683256675275
customer: 0.8535048151388764, 0.1166957409112345, 9.963626356838477
customer_address: 0.2449320713058114, 0.04976977926118651, 10.92217944714205
customer_demographics: 0.011580578982830048, 0.005958832359501185, 5.7703619784909606
date_dim: 0.001992875710129738, 0.001942573220850713, 32.25358475195157
household_demographics: 3.5176053643226624e-05, 0.001281990130683759, 6.077454372736672
income_band: 5.122274160385132e-07, 0.0011215779158115981, 1.1622882356933117
item: 0.03489831369370222, 0.008295639567053837, 18.942863432135898
promotion: 7.638614624738693e-05, 0.004892585810491029, 3.961088268829516
reason: 1.4491379261016846e-06, 0.0013672037719706278, 0.8693249298311253
store: 9.930133819580078e-05, 0.001420039354627623, 18.102185171049772
store_returns: 20.850121902301908, 2.839418967692413, 7.680032719729388
store_sales: 174.69669486396015, 23.526898562637207, 9.07668461627241
time_dim: 0.0012146271765232086, 0.0017928794283016678, 1.301635161595906
web_page: 7.394980639219284e-05, 0.0014304081262598255, 0.909714954022025
web_returns: 6.285572262480855, 0.8145219375399996, 4.979800205334401
web_sales: 67.01082486007363, 8.830111312951315, 5.46100662998272
web_site: 1.0454095900058746e-05, 0.001774464680334061, 2.158989980044385
catalog_page: 0.0017016949132084846, 0.004872568847198803, -0.004872568847198803
catalog_page had no query dependencies
catalog_returns: 13.009788101539016, 1.7012877127749237, -1.6808172436736537
customer: 0.8535048151388764, 0.11666145356587487, 5.775017440068603
customer_address: 0.2449320713058114, 0.04975993974959905, 6.026299018208624
customer_demographics: 0.011580578982830048, 0.005958367139734399, 3.1385319240170344
date_dim: 0.001992875710129738, 0.0019424931622306326, 14.654014782021765
household_demographics: 3.5176053643226624e-05, 0.0012819887175769102, 4.921693254075189
income_band: 5.122274160385132e-07, 0.0011215778952341886, 0.006527115639298994
item: 0.03489831369370222, 0.008294237617688278, 7.420606769395632
promotion: 7.638614624738693e-05, 0.004892582741875444, 1.3164486866447338
reason: 1.4491379261016846e-06, 0.001367203713755265, 0.8693249298893406
store: 9.930133819580078e-05, 0.0014200353654535527, 11.409267407860726
store_returns: 20.850121902301908, 2.838581368047075, -1.28845513621616
store_sales: 174.69669486396015, 23.519880575387763, -7.324972888206926
time_dim: 0.0012146271765232086, 0.0017928306338007513, 0.6259132573353434
web_page: 7.394980639219284e-05, 0.0014304051555178846, 0.21123730377386188
web_returns: 6.285572262480855, 0.8142694309540685, -0.3294005190074539
web_sales: 67.01082486007363, 8.82741932662147, -7.010037065569339
web_site: 1.0454095900058746e-05, 0.0017744642603678344, 0.3196681931483465
customer: 0.8535048151388764, 0.11662176444818755, -0.11662176444818755
customer had no query dependencies
customer_address: 0.2449320713058114, 0.04974855008004941, -0.04974855008004941
customer_address had no query dependencies
customer_demographics: 0.011580578982830048, 0.005957828627292543, -0.005957828627292543
customer_demographics had no query dependencies
date_dim: 0.001992875710129738, 0.0019424004908394552, -0.0019424004908394552
date_dim had no query dependencies
household_demographics: 3.5176053643226624e-05, 0.0012819870818432764, -0.0012819870818432764
household_demographics had no query dependencies
income_band: 5.122274160385132e-07, 0.001121577871414927, -0.001121577871414927
income_band had no query dependencies
item: 0.03489831369370222, 0.008292614799334226, -0.008292614799334226
item had no query dependencies
promotion: 7.638614624738693e-05, 0.004892579189817278, -0.004892579189817278
promotion had no query dependencies
reason: 1.4491379261016846e-06, 0.0013672036463684095, -0.0013672036463684095
reason had no query dependencies
store: 9.930133819580078e-05, 0.0014200307478082527, -0.0014200307478082527
store had no query dependencies
time_dim: 0.0012146271765232086, 0.0017927741520093188, -0.0017927741520093188
time_dim had no query dependencies
web_page: 7.394980639219284e-05, 0.001430401716752787, -0.001430401716752787
web_page had no query dependencies
web_site: 1.0454095900058746e-05, 0.0017744637742383655, -0.0017744637742383655
web_site had no query dependencies
Function: 42.64577388763428, 0, 42.64577388763428, 0.0, 0, 0.0, 0
hiya: 0b0, 42.64577388763428
{63.38022390855573: [0, 1, 2, 3, 4, 5, 6, 7, 8, 9, 11, 12, 13, 15, 16, 17, 18, 20, 21, 22, 23], 63.83640167281523: [1, 2, 3, 4, 5, 6, 7, 8, 9, 11, 12, 13, 15, 16, 17, 18, 20, 21, 22, 23], 42.64577388763428: []}
[]
{}
Best Cost: $42.64577388763428;
[]
{}
{}
{}
[]
0
Optimal Subset: 0b0
Function: 42.64577388763428, 0, 42.64577388763428, 0.0, 0, 0.0, 0
42.64577388763428
Real: 42.64577388763428, 0, 42.64577388763428, 0.0, 0, 0.0, 0
Num Redshift Qs: 0; Num GCP Qs: 91
Redshift Qs: $0; GCP Qs: $42.64577388763428; Movement Cost: $0.0
Load Cost: $0, Storage Cost: $0.0, API Cost: $0
Final cost: $42.64577388763428, BQ Baseline: $42.64577388763428, Diff: $0.0, %: 0.0%
