Egress: $0.12/GB
Benchmark: tpcds
Data Path: parquet_1000/internal_rs4
BigQuery Cost: $5/TB; DuckDB Cost: $1.48/hr; Redshift Cost: $4.344/hr
Use Duck: False
Excluded Table: store_returns
Excluded Query: None

Starting analysis without using DuckDB
Redshift Total: $7.321116400987309, Redshift-Calcite Total: $6.5886252928495415, BigQuery Total: $32.589735984802246
!!!!!!: 26.651198891145377
Excluding table store_returns and any queries that depend on it
Total Keys: 83, Keys Considered: 79
-0.7475658502335045
call_center: 9.615905582904816e-06, 0.0012366219506602383, 0.7070551469896296
catalog_page: 0.0017016949132084846, 0.004872621985756443, -0.004872621985756443
catalog_page had no query dependencies
catalog_returns: 13.009788101539016, 1.7016939673682419, -0.8184568288187551
catalog_sales: 132.3057429259643, 17.495489667360737, -6.95247740351434
customer: 0.8535048151388764, 0.11668810582560908, 8.358729183350377
customer_address: 0.2449320713058114, 0.04976758820461171, 9.622562541348866
customer_demographics: 0.011580578982830048, 0.005958728764640843, 4.970705179405424
date_dim: 0.001992875710129738, 0.0019425553934449178, 25.282452496443515
household_demographics: 3.5176053643226624e-05, 0.001281989816013968, 5.277797470370945
income_band: 5.122274160385132e-07, 0.001121577911229433, -0.001121577911229433
income_band had no query dependencies
inventory: 5.1357166497036815, 0.8310971554607537, 0.1432503103547903
item: 0.03489831369370222, 0.00829532738180484, 14.1635615048761
promotion: 7.638614624738693e-05, 0.00489258512717354, 2.0597001838900457
reason: 1.4491379261016846e-06, 0.0013672037590072657, 0.33949370689665015
ship_mode: 1.3029202818870544e-06, 0.001329883213173711, 0.903492853027849
store: 9.930133819580078e-05, 0.001420038466320719, 10.912337660492394
store_sales: 174.69669486396015, 23.525335801420045, -1.2275494036164254
time_dim: 0.0012146271765232086, 0.0017928685627712911, 1.8300007773802347
warehouse: 2.907589077949524e-06, 0.0014493305979648983, 1.7719824405325968
web_page: 7.394980639219284e-05, 0.001430407464736781, 0.21123730146464298
web_returns: 6.285572262480855, 0.8144657095239679, -0.35006726667862337
web_sales: 67.01082486007363, 8.829511863040125, 0.8065384337639863
web_site: 1.0454095900058746e-05, 0.001774464586816232, 0.44568817270095945
-0.7472056753529631
call_center: 9.615905582904816e-06, 0.0012366212810935892, -0.0012366212810935892
call_center had no query dependencies
customer: 0.8535048151388764, 0.11662867529625205, -0.037760870233322266
customer_address: 0.2449320713058114, 0.04975053330064864, 0.029117271762281148
customer_demographics: 0.011580578982830048, 0.005957922395506183, -0.005957922395506183
customer_demographics had no query dependencies
date_dim: 0.001992875710129738, 0.0019424166271997895, 0.6955763154786913
household_demographics: 3.5176053643226624e-05, 0.0012819873666645894, 0.06842993612608494
inventory: 5.1357166497036815, 0.8307395495589405, -0.5219607743056446
item: 0.03489831369370222, 0.008292897371780647, 0.5632058548550489
promotion: 7.638614624738693e-05, 0.004892579808317657, -0.004892579808317657
promotion had no query dependencies
reason: 1.4491379261016846e-06, 0.0013672036581021125, -0.0013672036581021125
reason had no query dependencies
ship_mode: 1.3029202818870544e-06, 0.001329883122449862, 0.12469009675661152
store: 9.930133819580078e-05, 0.0014200315518534657, -0.0014200315518534657
store had no query dependencies
time_dim: 0.0012146271765232086, 0.0017927839868734263, 0.06791913950587611
warehouse: 2.907589077949524e-06, 0.0014493303955061014, 0.4333494247368512
web_page: 7.394980639219284e-05, 0.0014304023155260657, 0.06828152117722347
web_sales: 67.01082486007363, 8.824845821650026, -8.36639394130468
web_site: 1.0454095900058746e-05, 0.0017744638588854198, 0.12424551602017596
customer_address: 0.2449320713058114, 0.04974850627985728, -0.04974850627985728
customer_address had no query dependencies
date_dim: 0.001992875710129738, 0.0019424001344617112, -0.0019424001344617112
date_dim had no query dependencies
household_demographics: 3.5176053643226624e-05, 0.0012819870755528876, -0.0012819870755528876
household_demographics had no query dependencies
item: 0.03489831369370222, 0.00829260855861272, -0.00829260855861272
item had no query dependencies
ship_mode: 1.3029202818870544e-06, 0.0013298831116670905, -0.0013298831116670905
ship_mode had no query dependencies
time_dim: 0.0012146271765232086, 0.0017927739348025504, -0.0017927739348025504
time_dim had no query dependencies
warehouse: 2.907589077949524e-06, 0.0014493303714433337, -0.0014493303714433337
warehouse had no query dependencies
web_page: 7.394980639219284e-05, 0.0014304017035286483, -0.0014304017035286483
web_page had no query dependencies
web_site: 1.0454095900058746e-05, 0.0017744637723689026, -0.0017744637723689026
web_site had no query dependencies
{}
{}
STARTING PHASE 2: 0b0
----
[]
Function: 32.589735984802246, 0, 32.589735984802246, 0.0, 0, 0.0, 0
{32.589735984802246: []}
[]
{}
Best Cost: $32.589735984802246;
[]
{}
{}
{}
[]
0
Optimal Subset: 0b0
Function: 32.589735984802246, 0, 32.589735984802246, 0.0, 0, 0.0, 0
32.589735984802246
Real: 32.589735984802246, 0, 32.589735984802246, 0.0, 0, 0.0, 0
Num Redshift Qs: 0; Num GCP Qs: 83
Redshift Qs: $0; GCP Qs: $32.589735984802246; Movement Cost: $0.0
Load Cost: $0, Storage Cost: $0.0, API Cost: $0
Final cost: $32.589735984802246, BQ Baseline: $32.589735984802246, Diff: $0.0, %: 0.0%
