Egress: $0.12/GB
Benchmark: tpcds
Data Path: parquet_1000/batch_rs1
BigQuery Cost: $6.25/TB; DuckDB Cost: $1.48/hr; Redshift Cost: $1.086/hr
Use Duck: True
Using calcite profiles: False
Excluded Table: call_center
Excluded Query: None

Starting analysis using DuckDB
Excluding table call_center and any queries that depend on it
28
23
Total Keys: 91, Keys Considered: 28
0.2402374419575577
0.24023744195755775
5.551115123125783e-17
['001', '002', '003', '004', '005', '006', '007', '008', '009', '0010', '0011', '0012', '0013', '0014', '0015', '0016', '0017', '0018', '0019', '0020', '0021', '0022', '0023']
['source', '06', '07', '20', '21', '33', '37', '39', '40', '43', '56', '60', '61', '62', '65', '66', '68', '71', '73', '77', '79', '82', '84', '85', '89', '90', '95', '96', '98']
[]
Costs: 2.0307548999331826, 0, 2.0307548999331826, 0.0, 0, 0.0, 0
Runtime: 10663.345999999996
Optimal Subset: 0b0
0.24023744195755778
