Egress: $0.12/GB
Benchmark: tpcds
Data Path: parquet_1000/real_data_rs4
BigQuery Cost: $5/TB; DuckDB Cost: $1.48/hr; Redshift Cost: $4.344/hr
Use Duck: False
Excluded Table: catalog_returns
Excluded Query: None

Starting analysis without using DuckDB
Redshift Total: $7.315622754653297, Redshift-Calcite Total: $6.464168142064409, BigQuery Total: $77.35904693603516
Excluding table catalog_returns and any queries that depend on it
Total Keys: 85, Keys Considered: 83

Round 0
call_center: 9.615905582904816e-06, 0.0012266203682621323, 0.8012817895562449
catalog_page: 0.0017016949132084846, 0.004862341954012712, -0.004862341954012712
catalog_page had no query dependencies
catalog_sales: 132.3057429259643, 17.473707369865078, 15.77087517724642
customer: 0.8535048151388764, 0.11653765265752872, 15.090281355942388
customer_address: 0.2449320713058114, 0.04971728206366301, 13.698403273605804
customer_demographics: 0.011580578982830048, 0.0059468230589230855, 8.116490652445952
date_dim: 0.001992875710129738, 0.001932227444847425, 60.92590869828522
household_demographics: 3.5176053643226624e-05, 0.001271984027425448, 7.1025990641242265
income_band: 5.122274160385132e-07, 0.0011115778269370398, 0.006537115707596143
inventory: 5.1357166497036815, 0.830242019427518, 0.3613084423336388
item: 0.03489831369370222, 0.008279584498306115, 46.399496979500555
promotion: 7.638614624738693e-05, 0.004882572557032109, 2.2204222942734755
reason: 1.4491379261016846e-06, 0.0013572035205364227, 3.070825332304239
ship_mode: 1.3029202818870544e-06, 0.0013198829987645148, 0.9035171583570043
store: 9.930133819580078e-05, 0.0014100221252441407, 26.771774978981018
store_returns: 20.850121902301908, 2.8357913452873627, 1.7709525852431858
store_sales: 174.69669486396015, 23.496577628226877, 40.56407397932311
time_dim: 0.0012146271765232086, 0.001782668683131536, 4.009919729701281
warehouse: 2.907589077949524e-06, 0.0014393301194906235, 1.7750112261746327
web_page: 7.394980639219284e-05, 0.0014203952955206237, 0.2900112754258513
web_returns: 6.285572262480855, 0.8134213526910543, -0.11311249419629577
web_sales: 67.01082486007363, 8.818474529063403, 21.929569557413558
web_site: 1.0454095900058746e-05, 0.001764462866485119, 0.6814130868358413

Round 1
call_center: 9.615905582904816e-06, 0.0012266203682621323, 0.8012817895562449
catalog_sales: 132.3057429259643, 17.473707369865078, 15.77087517724642
customer: 0.8535048151388764, 0.11653765265752872, 15.090281355942388
customer_address: 0.2449320713058114, 0.04971728206366301, 12.998094415111046
customer_demographics: 0.011580578982830048, 0.0059468230589230855, 7.97333936377446
date_dim: 0.001992875710129738, 0.001932227444847425, 60.225599839790455
household_demographics: 3.5176053643226624e-05, 0.001271984027425448, 7.1025990641242265
income_band: 5.122274160385132e-07, 0.0011115778269370398, 0.006537115707596143
inventory: 5.1357166497036815, 0.830242019427518, 0.3613084423336388
item: 0.03489831369370222, 0.008279584498306115, 46.399496979500555
promotion: 7.638614624738693e-05, 0.004882572557032109, 2.2204222942734755
reason: 1.4491379261016846e-06, 0.0013572035205364227, 2.9276740436327455
ship_mode: 1.3029202818870544e-06, 0.0013198829987645148, 0.9035171583570043
store: 9.930133819580078e-05, 0.0014100221252441407, 26.771774978981018
store_returns: 20.850121902301908, 2.8357913452873627, 1.7709525852431858
store_sales: 174.69669486396015, 23.496577628226877, 40.56407397932311
time_dim: 0.0012146271765232086, 0.001782668683131536, 4.009919729701281
warehouse: 2.907589077949524e-06, 0.0014393301194906235, 1.7750112261746327
web_page: 7.394980639219284e-05, 0.0014203952955206237, 0.1468599867543578
web_sales: 67.01082486007363, 8.818474529063403, 21.2292606989188
web_site: 1.0454095900058746e-05, 0.001764462866485119, 0.12425551701257627
[0, 3, 4, 5, 6, 7, 8, 9, 10, 11, 12, 13, 14, 15, 16, 17, 18, 19, 20, 22, 23]
21
Optimal Subset: 0b110111111111111111111001
Num Redshift Qs: 80; Num GCP Qs: 5
Redshift Qs: $6.205255140980081; GCP Qs: $0.8410024642944336; Movement Cost: $48.137704264707864
Final cost: $60.7365610933424, BQ Baseline: $77.35904693603516, Diff: $16.622485842692754, %: 21.487449110428113%
