Egress: $0.12/GB
Benchmark: tpcds
Data Path: parquet_1000/real_data_rs4
BigQuery Cost: $5/TB; DuckDB Cost: $1.48/hr; Redshift Cost: $4.344/hr
Use Duck: False
Excluded Table: date_dim
Excluded Query: None

Starting analysis without using DuckDB
Redshift Total: $0.570366660083135, Redshift-Calcite Total: $0.5327450853761038, BigQuery Total: $10.604453086853027
Excluding table date_dim and any queries that depend on it
Total Keys: 10, Keys Considered: 9

Round 0
call_center: 9.615905582904816e-06, 0.0012266203682621323, -0.0012266203682621323
call_center had no query dependencies
catalog_page: 0.0017016949132084846, 0.004862341954012712, -0.004862341954012712
catalog_page had no query dependencies
catalog_returns: 13.009788101539016, 1.6995430703018108, -1.6995430703018108
catalog_returns had no query dependencies
catalog_sales: 132.3057429259643, 17.473707369865078, -17.473707369865078
catalog_sales had no query dependencies
customer: 0.8535048151388764, 0.11653765265752872, 0.8845034862950444
customer_address: 0.2449320713058114, 0.04971728206366301, 0.9513238568889101
customer_demographics: 0.011580578982830048, 0.0059468230589230855, 0.0017018704756100967
household_demographics: 3.5176053643226624e-05, 0.001271984027425448, 2.813962939688166
income_band: 5.122274160385132e-07, 0.0011115778269370398, 0.006537115707596143
inventory: 5.1357166497036815, 0.830242019427518, -0.830242019427518
inventory had no query dependencies
item: 0.03489831369370222, 0.008279584498306115, 2.1288783933481574
promotion: 7.638614624738693e-05, 0.004882572557032109, -0.004882572557032109
promotion had no query dependencies
reason: 1.4491379261016846e-06, 0.0013572035205364227, 2.9276740436327455
ship_mode: 1.3029202818870544e-06, 0.0013198829987645148, -0.0013198829987645148
ship_mode had no query dependencies
store: 9.930133819580078e-05, 0.0014100221252441407, 3.6512882714239754
store_returns: 20.850121902301908, 2.8357913452873627, -1.304918983387351
store_sales: 174.69669486396015, 23.496577628226877, -13.567249440285963
time_dim: 0.0012146271765232086, 0.001782668683131536, 2.805803561497927
warehouse: 2.907589077949524e-06, 0.0014393301194906235, -0.0014393301194906235
warehouse had no query dependencies
web_page: 7.394980639219284e-05, 0.0014203952955206237, 0.1468599867543578
web_returns: 6.285572262480855, 0.8134213526910543, -0.8134213526910543
web_returns had no query dependencies
web_sales: 67.01082486007363, 8.818474529063403, -8.670194147013525
web_site: 1.0454095900058746e-05, 0.001764462866485119, -0.001764462866485119
web_site had no query dependencies

Round 1
customer: 0.8535048151388764, 0.11653765265752872, -0.11653765265752872
customer had no query dependencies
customer_address: 0.2449320713058114, 0.04971728206366301, -0.04971728206366301
customer_address had no query dependencies
customer_demographics: 0.011580578982830048, 0.0059468230589230855, -0.0059468230589230855
customer_demographics had no query dependencies
household_demographics: 3.5176053643226624e-05, 0.001271984027425448, -0.001271984027425448
household_demographics had no query dependencies
income_band: 5.122274160385132e-07, 0.0011115778269370398, -0.0011115778269370398
income_band had no query dependencies
item: 0.03489831369370222, 0.008279584498306115, -0.008279584498306115
item had no query dependencies
reason: 1.4491379261016846e-06, 0.0013572035205364227, -0.0013572035205364227
reason had no query dependencies
store: 9.930133819580078e-05, 0.0014100221252441407, -0.0014100221252441407
store had no query dependencies
time_dim: 0.0012146271765232086, 0.001782668683131536, -0.001782668683131536
time_dim had no query dependencies
web_page: 7.394980639219284e-05, 0.0014203952955206237, -0.0014203952955206237
web_page had no query dependencies
[]
0
Optimal Subset: 0b0
Num Redshift Qs: 0; Num GCP Qs: 10
Redshift Qs: $0; GCP Qs: $10.604453086853027; Movement Cost: $0.0
Final cost: $10.604453086853027, BQ Baseline: $10.604453086853027, Diff: $0.0, %: 0.0%
