Egress: $0.12/GB
Benchmark: tpcds
Data Path: parquet_1000/real_data_rs4
BigQuery Cost: $5/TB; DuckDB Cost: $1.48/hr; Redshift Cost: $4.344/hr
Use Duck: False
Excluded Table: web_returns
Excluded Query: None

Starting analysis without using DuckDB
Redshift Total: $7.837209896669389, Redshift-Calcite Total: $6.91423241250356, BigQuery Total: $80.71991443634033
Excluding table web_returns and any queries that depend on it
Total Keys: 87, Keys Considered: 85

Round 0
call_center: 9.615905582904816e-06, 0.0012266203682621323, 1.2291970684328675
catalog_page: 0.0017016949132084846, 0.004862341954012712, -0.004862341954012712
catalog_page had no query dependencies
catalog_returns: 13.009788101539016, 1.6995430703018108, 1.8640943179609377
catalog_sales: 132.3057429259643, 17.473707369865078, 19.316391398319897
customer: 0.8535048151388764, 0.11653765265752872, 17.684284836138392
customer_address: 0.2449320713058114, 0.04971728206366301, 16.00189200699439
customer_demographics: 0.011580578982830048, 0.0059468230589230855, 10.912984124453068
date_dim: 0.001992875710129738, 0.001932227444847425, 63.78923722805319
household_demographics: 3.5176053643226624e-05, 0.001271984027425448, 10.042243824802837
income_band: 5.122274160385132e-07, 0.0011115778269370398, 2.582419428714315
inventory: 5.1357166497036815, 0.830242019427518, 0.7069497228162487
item: 0.03489831369370222, 0.008279584498306115, 49.53521908888666
promotion: 7.638614624738693e-05, 0.004882572557032109, 5.141945887762804
reason: 1.4491379261016846e-06, 0.0013572035205364227, 2.9276740436327455
ship_mode: 1.3029202818870544e-06, 0.0013198829987645148, 0.9035171583570044
store: 9.930133819580078e-05, 0.0014100221252441407, 29.347657291987737
store_returns: 20.850121902301908, 2.8357913452873627, 4.346834898249903
store_sales: 174.69669486396015, 23.496577628226877, 43.13995629232981
time_dim: 0.0012146271765232086, 0.001782668683131536, 4.009919729701281
warehouse: 2.907589077949524e-06, 0.0014393301194906235, 2.3348510225540395
web_page: 7.394980639219284e-05, 0.0014203952955206237, 0.1468599867543578
web_sales: 67.01082486007363, 8.818474529063403, 21.2292606989188
web_site: 1.0454095900058746e-05, 0.001764462866485119, 0.12425551701257627

Round 1
call_center: 9.615905582904816e-06, 0.0012266203682621323, 1.2291970684328675
catalog_returns: 13.009788101539016, 1.6995430703018108, 1.8640943179609377
catalog_sales: 132.3057429259643, 17.473707369865078, 19.316391398319897
customer: 0.8535048151388764, 0.11653765265752872, 17.684284836138392
customer_address: 0.2449320713058114, 0.04971728206366301, 16.00189200699439
customer_demographics: 0.011580578982830048, 0.0059468230589230855, 10.912984124453068
date_dim: 0.001992875710129738, 0.001932227444847425, 63.78923722805319
household_demographics: 3.5176053643226624e-05, 0.001271984027425448, 10.042243824802837
income_band: 5.122274160385132e-07, 0.0011115778269370398, 2.582419428714315
inventory: 5.1357166497036815, 0.830242019427518, 0.7069497228162487
item: 0.03489831369370222, 0.008279584498306115, 49.53521908888666
promotion: 7.638614624738693e-05, 0.004882572557032109, 5.141945887762804
reason: 1.4491379261016846e-06, 0.0013572035205364227, 2.9276740436327455
ship_mode: 1.3029202818870544e-06, 0.0013198829987645148, 0.9035171583570044
store: 9.930133819580078e-05, 0.0014100221252441407, 29.347657291987737
store_returns: 20.850121902301908, 2.8357913452873627, 4.346834898249903
store_sales: 174.69669486396015, 23.496577628226877, 43.13995629232981
time_dim: 0.0012146271765232086, 0.001782668683131536, 4.009919729701281
warehouse: 2.907589077949524e-06, 0.0014393301194906235, 2.3348510225540395
web_page: 7.394980639219284e-05, 0.0014203952955206237, 0.1468599867543578
web_sales: 67.01082486007363, 8.818474529063403, 21.2292606989188
web_site: 1.0454095900058746e-05, 0.001764462866485119, 0.12425551701257627
[0, 2, 3, 4, 5, 6, 7, 8, 9, 10, 11, 12, 13, 14, 15, 16, 17, 18, 19, 20, 22, 23]
22
Optimal Subset: 0b110111111111111111111101
Num Redshift Qs: 85; Num GCP Qs: 2
Redshift Qs: $6.7954940573438005; GCP Qs: $0.04799365997314453; Movement Cost: $49.69887883689255
Final cost: $62.23662916046634, BQ Baseline: $80.71991443634033, Diff: $18.48328527587399, %: 22.89804864752528%
