Egress: $0.12/GB
Benchmark: tpcds
Data Path: parquet_1000/real_data_rs4
BigQuery Cost: $5/TB; DuckDB Cost: $1.48/hr; Redshift Cost: $4.344/hr
Use Duck: False
Excluded Table: catalog_page
Excluded Query: None

Starting analysis without using DuckDB
Redshift Total: $8.829732054004673, Redshift-Calcite Total: $7.8759457277123115, BigQuery Total: $88.36576461791992
Excluding table catalog_page and any queries that depend on it
Total Keys: 96, Keys Considered: 93

Round 0
call_center: 9.615905582904816e-06, 0.0012266203682621323, 1.2291970684328675
catalog_returns: 13.009788101539016, 1.6995430703018108, 7.898932413840493
catalog_sales: 132.3057429259643, 17.473707369865078, 25.33064935255179
customer: 0.8535048151388764, 0.11653765265752872, 17.68428483613839
customer_address: 0.2449320713058114, 0.04971728206366301, 16.702200865489143
customer_demographics: 0.011580578982830048, 0.0059468230589230855, 11.05613541312456
date_dim: 0.001992875710129738, 0.001932227444847425, 70.52438418242754
household_demographics: 3.5176053643226624e-05, 0.001271984027425448, 10.042243824802835
income_band: 5.122274160385132e-07, 0.0011115778269370398, 2.582419428714315
inventory: 5.1357166497036815, 0.830242019427518, 0.7069497228162489
item: 0.03489831369370222, 0.008279584498306115, 51.40120852716934
promotion: 7.638614624738693e-05, 0.004882572557032109, 5.141945887762804
reason: 1.4491379261016846e-06, 0.0013572035205364227, 3.070825332304239
ship_mode: 1.3029202818870544e-06, 0.0013198829987645148, 0.9035171583570043
store: 9.930133819580078e-05, 0.0014100221252441407, 31.61590194349765
store_returns: 20.850121902301908, 2.8357913452873627, 10.38167299412946
store_sales: 174.69669486396015, 23.496577628226877, 49.154214246561764
time_dim: 0.0012146271765232086, 0.001782668683131536, 4.009919729701281
warehouse: 2.907589077949524e-06, 0.0014393301194906235, 2.3348510225540395
web_page: 7.394980639219284e-05, 0.0014203952955206237, 2.558255926935772
web_returns: 6.285572262480855, 0.8134213526910543, 5.92172560168326
web_sales: 67.01082486007363, 8.818474529063403, 27.94382751164546
web_site: 1.0454095900058746e-05, 0.001764462866485119, 0.6814130868358413
[0, 2, 3, 4, 5, 6, 7, 8, 9, 10, 11, 12, 13, 14, 15, 16, 17, 18, 19, 20, 21, 22, 23]
23
Optimal Subset: 0b111111111111111111111101
Num Redshift Qs: 93; Num GCP Qs: 3
Redshift Qs: $7.678268932193119; GCP Qs: $0.07592201232910156; Movement Cost: $50.453147508390245
Final cost: $63.96419379586404, BQ Baseline: $88.36576461791992, Diff: $24.40157082205588, %: 27.614281308563953%
