Egress: $0.12/GB
Benchmark: tpcds
Data Path: parquet_1000/real_data_rs4
BigQuery Cost: $5/TB; DuckDB Cost: $1.48/hr; Redshift Cost: $4.344/hr
Use Duck: False
Excluded Table: catalog_page
Excluded Query: None

Starting analysis without using DuckDB
Redshift Total: $8.843699377808573, Redshift-Calcite Total: $7.8899130515162135, BigQuery Total: $88.67907047271729
Number of keys: 97
Excluding table catalog_page and any queries that depend on it
catalog_page; 1
Optimal Subset: 0b111111111111111111111101
Cost of new plan by subset (16777213, 0b111111111111111111111101): $64.0147599785944
found 37175 plans cheaper than baseline over 8388608 total plans considered
call_center
catalog_returns
catalog_sales
customer
customer_address
customer_demographics
date_dim
household_demographics
income_band
inventory
item
promotion
reason
ship_mode
store
store_returns
store_sales
time_dim
warehouse
web_page
web_returns
web_sales
web_site
Num Redshift Qs: 94; Num GCP Qs: 3
Redshift Qs: $7.692236255997022; GCP Qs: $0.07592201232910156; Movement Cost: $50.453147508390245
Final cost: $63.978203712388364, BQ Baseline: $88.67907047271729, Diff: $24.70086676032892, %: 27.85422380800474%
Cost of Second Cheapest plan by subset (8388605, 0b11111111111111111111101): $64.69598684114786
Cost of Third Cheapest plan by subset (16776189, 0b111111111111101111111101): $64.71941988902977
