Egress: $0.12/GB
Benchmark: tpcds
Data Path: parquet_1000/real_data_rs4
BigQuery Cost: $5/TB; DuckDB Cost: $1.48/hr; Redshift Cost: $4.344/hr
Use Duck: False
Excluded Table: date_dim
Excluded Query: None

Starting analysis without using DuckDB
Redshift Total: $0.570366660083135, Redshift-Calcite Total: $0.5327450853761037, BigQuery Total: $10.604453086853027
Number of keys: 10
Excluding table date_dim and any queries that depend on it
date_dim; 7
Optimal Subset: 0b0
Cost of new plan by subset (0, 0b0): $10.604453086853027
found 0 plans cheaper than baseline over 8388608 total plans considered
Num Redshift Qs: 0; Num GCP Qs: 10
Redshift Qs: $0; GCP Qs: $10.604453086853027; Movement Cost: $0.0
Final cost: $10.604453086853027, BQ Baseline: $10.604453086853027, Diff: $0.0, %: 0.0%
Cost of Second Cheapest plan by subset (512, 0b1000000000): $10.605574664724223
Cost of Third Cheapest plan by subset (1, 0b1): $10.60568970805219
