Egress: $0.12/GB
Benchmark: tpcds
Data Path: parquet_1000/real_data_rs4
BigQuery Cost: $5/TB; DuckDB Cost: $1.48/hr; Redshift Cost: $4.344/hr
Use Duck: False
Excluded Table: call_center
Excluded Query: None

Starting analysis without using DuckDB
Redshift Total: $9.000073054450354, Redshift-Calcite Total: $8.06647065673669, BigQuery Total: $93.8852596282959
Excluding table call_center and any queries that depend on it
Total Keys: 95, Keys Considered: 92
-0.2973749406612258
catalog_page: 0.0017016949132084846, 0.00487265669084024, 6.255182582468426
catalog_returns: 13.009788101539016, 1.701959294474024, 13.728656149950922
catalog_sales: 132.3057429259643, 17.498187966485588, 30.653260004472173
customer: 0.8535048151388764, 0.11670551256279839, 17.665995809043835
customer_address: 0.2449320713058114, 0.04977258345258083, 16.274230285223606
customer_demographics: 0.011580578982830048, 0.005958964943853049, 11.03800210405035
date_dim: 0.001992875710129738, 0.001942596036992701, 75.85334389518698
household_demographics: 3.5176053643226624e-05, 0.0012819905334092426, 10.024112651107572
income_band: 5.122274160385132e-07, 0.001121577921676015, 2.5824094286195756
inventory: 5.1357166497036815, 0.8312018954322389, 0.7059898468115278
item: 0.03489831369370222, 0.008296039112733642, 54.90191898208904
promotion: 7.638614624738693e-05, 0.004892586685024824, 8.895395510656831
reason: 1.4491379261016846e-06, 0.0013672037885615958, 3.0708153320362137
ship_mode: 1.3029202818870544e-06, 0.0013298832397460167, 0.6530700066728593
store: 9.930133819580078e-05, 0.0014200404915140933, 37.87594716429066
store_returns: 20.850121902301908, 2.83965767768289, 16.6378619008932
store_sales: 174.69669486396015, 23.52889863949828, 55.38194847444959
time_dim: 0.0012146271765232086, 0.0017928933343902317, 4.009909505050022
warehouse: 2.907589077949524e-06, 0.0014493306572634962, 2.0844038705731034
web_page: 7.394980639219284e-05, 0.001430408972900323, 2.5582459132583923
web_returns: 6.285572262480855, 0.8145939001358036, 12.180608293397775
web_sales: 67.01082486007363, 8.830878510065997, 34.19147876980213
web_site: 1.0454095900058746e-05, 0.001774464800021473, 6.941458324061571
{}
{}
STARTING PHASE 2: 0b111111111111111111111110
----
[1, 2, 3, 4, 5, 6, 7, 8, 9, 10, 11, 12, 13, 14, 15, 16, 17, 18, 19, 20, 21, 22, 23]
Function: 64.59842855402873, 7.8687938612174975, 0.07592201232910156, 50.85627662135416, 5.719442768689792, 0.04143687803650977, 0.03655641240166724
-0.2973749406612258
catalog_page: 0.0017016949132084846, 0.00487265669084024, 6.255182582468426
catalog_returns: 13.009788101539016, 1.701959294474024, 13.728656149950922
catalog_sales: 132.3057429259643, 17.498187966485588, 30.653260004472173
customer: 0.8535048151388764, 0.11670551256279839, 17.665995809043835
customer_address: 0.2449320713058114, 0.04977258345258083, 16.274230285223606
customer_demographics: 0.011580578982830048, 0.005958964943853049, 11.03800210405035
date_dim: 0.001992875710129738, 0.001942596036992701, 75.85334389518698
household_demographics: 3.5176053643226624e-05, 0.0012819905334092426, 10.024112651107572
income_band: 5.122274160385132e-07, 0.001121577921676015, 2.5824094286195756
inventory: 5.1357166497036815, 0.8312018954322389, 0.7059898468115278
item: 0.03489831369370222, 0.008296039112733642, 54.90191898208904
promotion: 7.638614624738693e-05, 0.004892586685024824, 8.895395510656831
reason: 1.4491379261016846e-06, 0.0013672037885615958, 3.0708153320362137
ship_mode: 1.3029202818870544e-06, 0.0013298832397460167, 0.6530700066728593
store: 9.930133819580078e-05, 0.0014200404915140933, 37.87594716429066
store_returns: 20.850121902301908, 2.83965767768289, 16.6378619008932
store_sales: 174.69669486396015, 23.52889863949828, 55.38194847444959
time_dim: 0.0012146271765232086, 0.0017928933343902317, 4.009909505050022
warehouse: 2.907589077949524e-06, 0.0014493306572634962, 2.0844038705731034
web_page: 7.394980639219284e-05, 0.001430408972900323, 2.5582459132583923
web_returns: 6.285572262480855, 0.8145939001358036, 12.180608293397775
web_sales: 67.01082486007363, 8.830878510065997, 34.19147876980213
web_site: 1.0454095900058746e-05, 0.001774464800021473, 6.941458324061571
-0.29737396244132064
catalog_page: 0.0017016949132084846, 0.004872656369023672, 6.255182582790242
catalog_returns: 13.009788101539016, 1.7019568341238633, 13.728658610301082
catalog_sales: 132.3057429259643, 17.498162945443482, 30.124905115480736
customer: 0.8535048151388764, 0.11670535115196735, 17.665995970454667
customer_address: 0.2449320713058114, 0.049772537132175276, 16.27423033154401
customer_demographics: 0.011580578982830048, 0.005958962753788219, 11.038002106240414
date_dim: 0.001992875710129738, 0.0019425956601093854, 75.19894400565126
household_demographics: 3.5176053643226624e-05, 0.0012819905267569122, 10.024112651114224
income_band: 5.122274160385132e-07, 0.0011215779215791447, 2.582409428619673
inventory: 5.1357166497036815, 0.8312009241895725, 0.7059908180541942
item: 0.03489831369370222, 0.008296032512928092, 54.90191898868885
promotion: 7.638614624738693e-05, 0.004892586670579034, 8.895395510671277
reason: 1.4491379261016846e-06, 0.0013672037882875416, 3.0708153320364877
store: 9.930133819580078e-05, 0.0014200404727346895, 37.87594716430944
store_returns: 20.850121902301908, 2.8396537346055415, 16.63786584397055
store_sales: 174.69669486396015, 23.528865601677992, 55.381981512269874
time_dim: 0.0012146271765232086, 0.001792893104685632, 3.4815295952461827
warehouse: 2.907589077949524e-06, 0.0014493306567136266, 1.430003980661048
web_page: 7.394980639219284e-05, 0.001430408958915282, 2.5582459132723776
web_returns: 6.285572262480855, 0.8145927114378321, 12.180609482095747
web_sales: 67.01082486007363, 8.83086583729282, 33.53709155266271
web_site: 1.0454095900058746e-05, 0.0017744647980444434, 6.815438344184487
Function: 65.25141904694297, 7.844039355072973, 0.7550764083862305, 50.856276463755094, 5.718123042041461, 0.04135736539811036, 0.03654641228909493
hiya: 0b111111111011111111111110, 65.25141904694297
-0.29737396244132064
catalog_page: 0.0017016949132084846, 0.004872656369023672, 6.255182582790242
catalog_returns: 13.009788101539016, 1.7019568341238633, 13.728658610301082
catalog_sales: 132.3057429259643, 17.498162945443482, 30.124905115480736
customer: 0.8535048151388764, 0.11670535115196735, 17.665995970454667
customer_address: 0.2449320713058114, 0.049772537132175276, 16.27423033154401
customer_demographics: 0.011580578982830048, 0.005958962753788219, 11.038002106240414
date_dim: 0.001992875710129738, 0.0019425956601093854, 75.19894400565126
household_demographics: 3.5176053643226624e-05, 0.0012819905267569122, 10.024112651114224
income_band: 5.122274160385132e-07, 0.0011215779215791447, 2.582409428619673
inventory: 5.1357166497036815, 0.8312009241895725, 0.7059908180541942
item: 0.03489831369370222, 0.008296032512928092, 54.90191898868885
promotion: 7.638614624738693e-05, 0.004892586670579034, 8.895395510671277
reason: 1.4491379261016846e-06, 0.0013672037882875416, 3.0708153320364877
store: 9.930133819580078e-05, 0.0014200404727346895, 37.87594716430944
store_returns: 20.850121902301908, 2.8396537346055415, 16.63786584397055
store_sales: 174.69669486396015, 23.528865601677992, 55.381981512269874
time_dim: 0.0012146271765232086, 0.001792893104685632, 3.4815295952461827
warehouse: 2.907589077949524e-06, 0.0014493306567136266, 1.430003980661048
web_page: 7.394980639219284e-05, 0.001430408958915282, 2.5582459132723776
web_returns: 6.285572262480855, 0.8145927114378321, 12.180609482095747
web_sales: 67.01082486007363, 8.83086583729282, 33.53709155266271
web_site: 1.0454095900058746e-05, 0.0017744647980444434, 6.815438344184487
catalog_page: 0.0017016949132084846, 0.00487265089222225, 6.2551825882670435
catalog_returns: 13.009788101539016, 1.7019149629133294, 13.383059201029006
catalog_sales: 132.3057429259643, 17.497737127469073, 29.645288449829735
customer: 0.8535048151388764, 0.11670260419870973, 17.665998717407923
customer_address: 0.2449320713058114, 0.04977174883322343, 16.274231119842963
customer_demographics: 0.011580578982830048, 0.005958925482400176, 10.692360863029192
date_dim: 0.001992875710129738, 0.0019425892461603052, 73.66175226982145
household_demographics: 3.5176053643226624e-05, 0.0012819904135449262, 9.678471370744825
income_band: 5.122274160385132e-07, 0.0011215779199305722, 2.5824094286213213
item: 0.03489831369370222, 0.008295920194831245, 53.36472735876318
promotion: 7.638614624738693e-05, 0.004892586424734875, 8.54975423043451
reason: 1.4491379261016846e-06, 0.0013672037836235794, 3.070815332041152
store: 9.930133819580078e-05, 0.0014200401531393814, 37.87594716462903
store_returns: 20.850121902301908, 2.8395866297582515, 16.637932948817838
store_sales: 174.69669486396015, 23.52830335100695, 55.197008019260906
time_dim: 0.0012146271765232086, 0.0017928891954820515, 3.4815295991553863
warehouse: 2.907589077949524e-06, 0.0014493306473557282, 0.21274918524944145
web_page: 7.394980639219284e-05, 0.0014304087209123348, 2.5582459135103806
web_returns: 6.285572262480855, 0.8145724817063811, 12.180629711827198
web_sales: 67.01082486007363, 8.830650167034866, 33.53730722292066
web_site: 1.0454095900058746e-05, 0.0017744647643985726, 6.8154383442181325
Function: 65.95115149024089, 7.614253787136076, 2.5220537185668945, 50.235068737334686, 5.504167020578385, 0.03951554025428825, 0.03609268637056053
hiya: 0b111111111011101111111110, 65.95115149024089
catalog_page: 0.0017016949132084846, 0.00487265089222225, 6.2551825882670435
catalog_returns: 13.009788101539016, 1.7019149629133294, 13.383059201029006
catalog_sales: 132.3057429259643, 17.497737127469073, 29.645288449829735
customer: 0.8535048151388764, 0.11670260419870973, 17.665998717407923
customer_address: 0.2449320713058114, 0.04977174883322343, 16.274231119842963
customer_demographics: 0.011580578982830048, 0.005958925482400176, 10.692360863029192
date_dim: 0.001992875710129738, 0.0019425892461603052, 73.66175226982145
household_demographics: 3.5176053643226624e-05, 0.0012819904135449262, 9.678471370744825
income_band: 5.122274160385132e-07, 0.0011215779199305722, 2.5824094286213213
item: 0.03489831369370222, 0.008295920194831245, 53.36472735876318
promotion: 7.638614624738693e-05, 0.004892586424734875, 8.54975423043451
reason: 1.4491379261016846e-06, 0.0013672037836235794, 3.070815332041152
store: 9.930133819580078e-05, 0.0014200401531393814, 37.87594716462903
store_returns: 20.850121902301908, 2.8395866297582515, 16.637932948817838
store_sales: 174.69669486396015, 23.52830335100695, 55.197008019260906
time_dim: 0.0012146271765232086, 0.0017928891954820515, 3.4815295991553863
warehouse: 2.907589077949524e-06, 0.0014493306473557282, 0.21274918524944145
web_page: 7.394980639219284e-05, 0.0014304087209123348, 2.5582459135103806
web_returns: 6.285572262480855, 0.8145724817063811, 12.180629711827198
web_sales: 67.01082486007363, 8.830650167034866, 33.53730722292066
web_site: 1.0454095900058746e-05, 0.0017744647643985726, 6.8154383442181325
catalog_page: 0.0017016949132084846, 0.004872650101706373, 6.25518258905756
catalog_returns: 13.009788101539016, 1.7019089192659227, 13.168866728779616
catalog_sales: 132.3057429259643, 17.49767566534118, 29.43115139606083
customer: 0.8535048151388764, 0.11670220770630552, 17.66599911390033
customer_address: 0.2449320713058114, 0.04977163505096456, 16.27423123362522
customer_demographics: 0.011580578982830048, 0.00595892010268641, 10.692360868408905
date_dim: 0.001992875710129738, 0.0019425883203775004, 73.44755375485043
household_demographics: 3.5176053643226624e-05, 0.0012819903972040249, 9.678471370761166
income_band: 5.122274160385132e-07, 0.0011215779196926188, 2.5824094286215593
item: 0.03489831369370222, 0.008295903982952818, 53.150528859078264
promotion: 7.638614624738693e-05, 0.004892586389249983, 8.549754230469995
reason: 1.4491379261016846e-06, 0.001367203782950388, 3.070815332041825
store: 9.930133819580078e-05, 0.0014200401070093237, 37.87594716467517
store_returns: 20.850121902301908, 2.8395769439137024, 16.637942634662387
store_sales: 174.69669486396015, 23.528222196324133, 55.19708917394372
time_dim: 0.0012146271765232086, 0.0017928886312316326, 3.4815295997196367
web_page: 7.394980639219284e-05, 0.0014304086865592346, 2.5582459135447335
web_returns: 6.285572262480855, 0.8145695617677773, 12.180632631765802
web_sales: 67.01082486007363, 8.830619037411944, 33.537338352543586
web_site: 1.0454095900058746e-05, 0.0017744647595421621, 6.815438344222989
Function: 66.16370774255482, 7.551643564324378, 2.7988624572753906, 50.235068385637554, 5.502728039369583, 0.03932260982856788, 0.036082686119344835
hiya: 0b111101111011101111111110, 66.16370774255482
catalog_page: 0.0017016949132084846, 0.004872650101706373, 6.25518258905756
catalog_returns: 13.009788101539016, 1.7019089192659227, 13.168866728779616
catalog_sales: 132.3057429259643, 17.49767566534118, 29.43115139606083
customer: 0.8535048151388764, 0.11670220770630552, 17.66599911390033
customer_address: 0.2449320713058114, 0.04977163505096456, 16.27423123362522
customer_demographics: 0.011580578982830048, 0.00595892010268641, 10.692360868408905
date_dim: 0.001992875710129738, 0.0019425883203775004, 73.44755375485043
household_demographics: 3.5176053643226624e-05, 0.0012819903972040249, 9.678471370761166
income_band: 5.122274160385132e-07, 0.0011215779196926188, 2.5824094286215593
item: 0.03489831369370222, 0.008295903982952818, 53.150528859078264
promotion: 7.638614624738693e-05, 0.004892586389249983, 8.549754230469995
reason: 1.4491379261016846e-06, 0.001367203782950388, 3.070815332041825
store: 9.930133819580078e-05, 0.0014200401070093237, 37.87594716467517
store_returns: 20.850121902301908, 2.8395769439137024, 16.637942634662387
store_sales: 174.69669486396015, 23.528222196324133, 55.19708917394372
time_dim: 0.0012146271765232086, 0.0017928886312316326, 3.4815295997196367
web_page: 7.394980639219284e-05, 0.0014304086865592346, 2.5582459135447335
web_returns: 6.285572262480855, 0.8145695617677773, 12.180632631765802
web_sales: 67.01082486007363, 8.830619037411944, 33.537338352543586
web_site: 1.0454095900058746e-05, 0.0017744647595421621, 6.815438344222989
catalog_page: 0.0017016949132084846, 0.004872648149384089, 6.255182591009882
catalog_returns: 13.009788101539016, 1.701893993382892, 10.900637003152726
catalog_sales: 132.3057429259643, 17.497523873472797, 27.16305853641929
customer: 0.8535048151388764, 0.1167012284964262, 17.666000093110206
customer_address: 0.2449320713058114, 0.04977135404504669, 16.131080225959646
customer_demographics: 0.011580578982830048, 0.005958906816507883, 10.54920959302359
date_dim: 0.001992875710129738, 0.0019425860339890128, 71.0361578169554
household_demographics: 3.5176053643226624e-05, 0.0012819903568472059, 9.530190988751643
income_band: 5.122274160385132e-07, 0.00112157791910495, 2.582409428622147
item: 0.03489831369370222, 0.008295863944779706, 53.15052889911644
promotion: 7.638614624738693e-05, 0.0048925863016136065, 8.549754230557632
reason: 1.4491379261016846e-06, 0.0013672037812878194, 2.927664043371994
store: 9.930133819580078e-05, 0.0014200399930827826, 35.607702513279165
store_returns: 20.850121902301908, 2.839553022964471, 14.369721904101697
store_sales: 174.69669486396015, 23.52802177012095, 52.92904494863699
time_dim: 0.0012146271765232086, 0.0017928872377129203, 3.3332492190632768
web_returns: 6.285572262480855, 0.8145623504499881, 9.769243902902177
web_sales: 67.01082486007363, 8.8305421571641, 30.977738910560138
web_site: 1.0454095900058746e-05, 0.0017744647475483764, 6.815438344234983
Function: 68.721477109333, 7.394873963704107, 5.515308380126953, 50.23505944079223, 5.50131651805083, 0.03884612692879186, 0.03607267973008156
hiya: 0b111001111011101111111110, 68.721477109333
catalog_page: 0.0017016949132084846, 0.004872648149384089, 6.255182591009882
catalog_returns: 13.009788101539016, 1.701893993382892, 10.900637003152726
catalog_sales: 132.3057429259643, 17.497523873472797, 27.16305853641929
customer: 0.8535048151388764, 0.1167012284964262, 17.666000093110206
customer_address: 0.2449320713058114, 0.04977135404504669, 16.131080225959646
customer_demographics: 0.011580578982830048, 0.005958906816507883, 10.54920959302359
date_dim: 0.001992875710129738, 0.0019425860339890128, 71.0361578169554
household_demographics: 3.5176053643226624e-05, 0.0012819903568472059, 9.530190988751643
income_band: 5.122274160385132e-07, 0.00112157791910495, 2.582409428622147
item: 0.03489831369370222, 0.008295863944779706, 53.15052889911644
promotion: 7.638614624738693e-05, 0.0048925863016136065, 8.549754230557632
reason: 1.4491379261016846e-06, 0.0013672037812878194, 2.927664043371994
store: 9.930133819580078e-05, 0.0014200399930827826, 35.607702513279165
store_returns: 20.850121902301908, 2.839553022964471, 14.369721904101697
store_sales: 174.69669486396015, 23.52802177012095, 52.92904494863699
time_dim: 0.0012146271765232086, 0.0017928872377129203, 3.3332492190632768
web_returns: 6.285572262480855, 0.8145623504499881, 9.769243902902177
web_sales: 67.01082486007363, 8.8305421571641, 30.977738910560138
web_site: 1.0454095900058746e-05, 0.0017744647475483764, 6.815438344234983
catalog_page: 0.0017016949132084846, 0.004872644826887113, 6.255182594332379
catalog_returns: 13.009788101539016, 1.7018685922482464, 8.324780091280655
catalog_sales: 132.3057429259643, 17.497265551356847, 24.587434545528517
customer: 0.8535048151388764, 0.11669956205954338, 15.082470753005842
customer_address: 0.2449320713058114, 0.049770875824150726, 13.547549697639289
customer_demographics: 0.011580578982830048, 0.005958884205851681, 7.965678609092998
date_dim: 0.001992875710129738, 0.0019425821429721992, 68.4602755078397
household_demographics: 3.5176053643226624e-05, 0.0012819902881672498, 6.9466599822790736
item: 0.03489831369370222, 0.008295795807100744, 50.5746466542474
promotion: 7.638614624738693e-05, 0.004892586152472454, 5.9738719177000545
reason: 1.4491379261016846e-06, 0.0013672037784584307, 2.9276640433748238
store: 9.930133819580078e-05, 0.0014200397992005578, 33.03182020046633
store_returns: 20.850121902301908, 2.8395123138653156, 11.7862316066596
store_sales: 174.69669486396015, 23.527680681224364, 50.35350372452686
time_dim: 0.0012146271765232086, 0.001792884866197857, 3.333249221434792
web_returns: 6.285572262480855, 0.8145500781004219, 9.769256175251742
web_sales: 67.01082486007363, 8.830411320983549, 30.977869746740687
web_site: 1.0454095900058746e-05, 0.001774464727137137, 6.815438344255394
Function: 71.30307566226172, 7.1267900181579575, 8.366923332214355, 50.23505937883405, 5.5002050016911825, 0.03803525167833556, 0.03606267968582511
hiya: 0b111001111011100111111110, 71.30307566226172
catalog_page: 0.0017016949132084846, 0.004872644826887113, 6.255182594332379
catalog_returns: 13.009788101539016, 1.7018685922482464, 8.324780091280655
catalog_sales: 132.3057429259643, 17.497265551356847, 24.587434545528517
customer: 0.8535048151388764, 0.11669956205954338, 15.082470753005842
customer_address: 0.2449320713058114, 0.049770875824150726, 13.547549697639289
customer_demographics: 0.011580578982830048, 0.005958884205851681, 7.965678609092998
date_dim: 0.001992875710129738, 0.0019425821429721992, 68.4602755078397
household_demographics: 3.5176053643226624e-05, 0.0012819902881672498, 6.9466599822790736
item: 0.03489831369370222, 0.008295795807100744, 50.5746466542474
promotion: 7.638614624738693e-05, 0.004892586152472454, 5.9738719177000545
reason: 1.4491379261016846e-06, 0.0013672037784584307, 2.9276640433748238
store: 9.930133819580078e-05, 0.0014200397992005578, 33.03182020046633
store_returns: 20.850121902301908, 2.8395123138653156, 11.7862316066596
store_sales: 174.69669486396015, 23.527680681224364, 50.35350372452686
time_dim: 0.0012146271765232086, 0.001792884866197857, 3.333249221434792
web_returns: 6.285572262480855, 0.8145500781004219, 9.769256175251742
web_sales: 67.01082486007363, 8.830411320983549, 30.977869746740687
web_site: 1.0454095900058746e-05, 0.001774464727137137, 6.815438344255394
catalog_page: 0.0017016949132084846, 0.004872643287815466, 6.25518259587145
catalog_returns: 13.009788101539016, 1.7018568257465936, 8.324791857782307
catalog_sales: 132.3057429259643, 17.49714588947376, 24.587554207411603
customer: 0.8535048151388764, 0.11669879012031273, 15.08247152494507
customer_address: 0.2449320713058114, 0.04977065429912669, 13.547549919164313
customer_demographics: 0.011580578982830048, 0.005958873731976113, 7.965678619566873
date_dim: 0.001992875710129738, 0.0019425803405465829, 68.46027550964213
household_demographics: 3.5176053643226624e-05, 0.0012819902563528122, 6.946659982310888
item: 0.03489831369370222, 0.008295764243860625, 50.57464668581064
promotion: 7.638614624738693e-05, 0.004892586083386186, 5.973871917769141
store: 9.930133819580078e-05, 0.0014200397093889982, 33.03182020055614
store_returns: 20.850121902301908, 2.8394934562950067, 11.25641924128247
store_sales: 174.69669486396015, 23.52752267950037, 47.42463047909757
time_dim: 0.0012146271765232086, 0.0017928837676470912, 3.3332492225333428
web_returns: 6.285572262480855, 0.8145443932117951, 9.76926186014037
web_sales: 67.01082486007363, 8.830350714079321, 30.977930353644915
web_site: 1.0454095900058746e-05, 0.0017744647176820916, 6.815438344264849
Function: 74.23036408463429, 7.003448332877158, 11.419296264648438, 50.23505920354874, 5.498847972067197, 0.03765963193213516, 0.0360526795606196
hiya: 0b111001111001100111111110, 74.23036408463429
catalog_page: 0.0017016949132084846, 0.004872643287815466, 6.25518259587145
catalog_returns: 13.009788101539016, 1.7018568257465936, 8.324791857782307
catalog_sales: 132.3057429259643, 17.49714588947376, 24.587554207411603
customer: 0.8535048151388764, 0.11669879012031273, 15.08247152494507
customer_address: 0.2449320713058114, 0.04977065429912669, 13.547549919164313
customer_demographics: 0.011580578982830048, 0.005958873731976113, 7.965678619566873
date_dim: 0.001992875710129738, 0.0019425803405465829, 68.46027550964213
household_demographics: 3.5176053643226624e-05, 0.0012819902563528122, 6.946659982310888
item: 0.03489831369370222, 0.008295764243860625, 50.57464668581064
promotion: 7.638614624738693e-05, 0.004892586083386186, 5.973871917769141
store: 9.930133819580078e-05, 0.0014200397093889982, 33.03182020055614
store_returns: 20.850121902301908, 2.8394934562950067, 11.25641924128247
store_sales: 174.69669486396015, 23.52752267950037, 47.42463047909757
time_dim: 0.0012146271765232086, 0.0017928837676470912, 3.3332492225333428
web_returns: 6.285572262480855, 0.8145443932117951, 9.76926186014037
web_sales: 67.01082486007363, 8.830350714079321, 30.977930353644915
web_site: 1.0454095900058746e-05, 0.0017744647176820916, 6.815438344264849
catalog_page: 0.0017016949132084846, 0.004872642216032071, 6.255182596943234
catalog_returns: 13.009788101539016, 1.701848631754384, 8.324800051774517
catalog_sales: 132.3057429259643, 17.497062558967652, 23.911901279747905
customer: 0.8535048151388764, 0.11669825255492339, 15.08247206251046
customer_address: 0.2449320713058114, 0.04977050003285667, 13.547550073430584
customer_demographics: 0.011580578982830048, 0.005958866438146788, 7.9656786268607025
date_dim: 0.001992875710129738, 0.00194257908536795, 67.78453925272748
household_demographics: 3.5176053643226624e-05, 0.0012819902341977773, 4.2873541342018635
item: 0.03489831369370222, 0.008295742263755467, 49.898910449620935
promotion: 7.638614624738693e-05, 0.00489258603527568, 5.9738719178172515
store: 9.930133819580078e-05, 0.0014200396468457511, 30.372514352487503
store_returns: 20.850121902301908, 2.839480324202839, 11.256432373374638
store_sales: 174.69669486396015, 23.52741264977924, 44.089698402517726
web_returns: 6.285572262480855, 0.8145404343517622, 9.769265819000402
web_sales: 67.01082486007363, 8.830308508459018, 30.302236301095405
web_site: 1.0454095900058746e-05, 0.0017744647110977585, 6.815438344271434
Function: 77.56335056878602, 6.918247175933519, 14.839539527893066, 50.234912284269846, 5.497211058645248, 0.037397947427507544, 0.036042574616831545
hiya: 0b111000111001100111111110, 77.56335056878602
catalog_page: 0.0017016949132084846, 0.004872642216032071, 6.255182596943234
catalog_returns: 13.009788101539016, 1.701848631754384, 8.324800051774517
catalog_sales: 132.3057429259643, 17.497062558967652, 23.911901279747905
customer: 0.8535048151388764, 0.11669825255492339, 15.08247206251046
customer_address: 0.2449320713058114, 0.04977050003285667, 13.547550073430584
customer_demographics: 0.011580578982830048, 0.005958866438146788, 7.9656786268607025
date_dim: 0.001992875710129738, 0.00194257908536795, 67.78453925272748
household_demographics: 3.5176053643226624e-05, 0.0012819902341977773, 4.2873541342018635
item: 0.03489831369370222, 0.008295742263755467, 49.898910449620935
promotion: 7.638614624738693e-05, 0.00489258603527568, 5.9738719178172515
store: 9.930133819580078e-05, 0.0014200396468457511, 30.372514352487503
store_returns: 20.850121902301908, 2.839480324202839, 11.256432373374638
store_sales: 174.69669486396015, 23.52741264977924, 44.089698402517726
web_returns: 6.285572262480855, 0.8145404343517622, 9.769265819000402
web_sales: 67.01082486007363, 8.830308508459018, 30.302236301095405
web_site: 1.0454095900058746e-05, 0.0017744647110977585, 6.815438344271434
catalog_page: 0.0017016949132084846, 0.004872639130517188, 6.255182600028749
catalog_returns: 13.009788101539016, 1.701825042393859, 8.324823641135042
catalog_sales: 132.3057429259643, 17.496822662065025, 23.912141176650533
customer: 0.8535048151388764, 0.11669670497915682, 11.695332129878784
customer_address: 0.2449320713058114, 0.04977005592178514, 11.01335791412998
customer_demographics: 0.011580578982830048, 0.0059588454402296365, 7.064184003630002
date_dim: 0.001992875710129738, 0.0019425754718837608, 63.4959031319049
item: 0.03489831369370222, 0.008295678986098906, 49.89891051289859
promotion: 7.638614624738693e-05, 0.004892585896772245, 5.973871917955755
store: 9.930133819580078e-05, 0.0014200394667924674, 26.083878228231494
store_returns: 20.850121902301908, 2.839442518741389, 11.256470178836087
store_sales: 174.69669486396015, 23.52709588956105, 39.80137903829984
web_returns: 6.285572262480855, 0.814529037345981, 9.769277216006184
web_sales: 67.01082486007363, 8.830187004365763, 30.302357805188663
web_site: 1.0454095900058746e-05, 0.0017744646921423815, 6.8154383442903885
Function: 81.84995163323676, 6.669520248001416, 19.37690258026123, 50.23490802943303, 5.49594329574426, 0.0366449082191967, 0.036032571577620506
hiya: 0b111000111001100011111110, 81.84995163323676
catalog_page: 0.0017016949132084846, 0.004872639130517188, 6.255182600028749
catalog_returns: 13.009788101539016, 1.701825042393859, 8.324823641135042
catalog_sales: 132.3057429259643, 17.496822662065025, 23.912141176650533
customer: 0.8535048151388764, 0.11669670497915682, 11.695332129878784
customer_address: 0.2449320713058114, 0.04977005592178514, 11.01335791412998
customer_demographics: 0.011580578982830048, 0.0059588454402296365, 7.064184003630002
date_dim: 0.001992875710129738, 0.0019425754718837608, 63.4959031319049
item: 0.03489831369370222, 0.008295678986098906, 49.89891051289859
promotion: 7.638614624738693e-05, 0.004892585896772245, 5.973871917955755
store: 9.930133819580078e-05, 0.0014200394667924674, 26.083878228231494
store_returns: 20.850121902301908, 2.839442518741389, 11.256470178836087
store_sales: 174.69669486396015, 23.52709588956105, 39.80137903829984
web_returns: 6.285572262480855, 0.814529037345981, 9.769277216006184
web_sales: 67.01082486007363, 8.830187004365763, 30.302357805188663
web_site: 1.0454095900058746e-05, 0.0017744646921423815, 6.8154383442903885
catalog_page: 0.0017016949132084846, 0.004872634748384604, 2.501722967388863
catalog_returns: 13.009788101539016, 1.7017915401391903, 4.571397506367692
catalog_sales: 132.3057429259643, 17.49648195392597, 19.761402491876407
customer: 0.8535048151388764, 0.11669450706974781, 10.630050017496588
customer_address: 0.2449320713058114, 0.0497694251831009, 9.948074234577057
customer_demographics: 0.011580578982830048, 0.005958815618413688, 5.904163476912918
date_dim: 0.001992875710129738, 0.0019425703399147355, 57.51713863318436
item: 0.03489831369370222, 0.008295589117441266, 43.92014609891472
store: 9.930133819580078e-05, 0.001420039211075872, 21.265134281173587
store_returns: 20.850121902301908, 2.839388826391568, 7.50306423416389
store_sales: 174.69669486396015, 23.52664601804005, 34.22068416185948
web_returns: 6.285572262480855, 0.814512851006816, 6.015833765323332
web_sales: 67.01082486007363, 8.830014440931025, 26.549070731601383
web_site: 1.0454095900058746e-05, 0.001774464665221437, 3.0619787072952906
Function: 87.82275399581536, 6.319344360313416, 25.705842971801758, 50.234898789892085, 5.491069889524778, 0.03557541930546428, 0.03602256497785747
hiya: 0b111000111000100011111110, 87.82275399581536
catalog_page: 0.0017016949132084846, 0.004872634748384604, 2.501722967388863
catalog_returns: 13.009788101539016, 1.7017915401391903, 4.571397506367692
catalog_sales: 132.3057429259643, 17.49648195392597, 19.761402491876407
customer: 0.8535048151388764, 0.11669450706974781, 10.630050017496588
customer_address: 0.2449320713058114, 0.0497694251831009, 9.948074234577057
customer_demographics: 0.011580578982830048, 0.005958815618413688, 5.904163476912918
date_dim: 0.001992875710129738, 0.0019425703399147355, 57.51713863318436
item: 0.03489831369370222, 0.008295589117441266, 43.92014609891472
store: 9.930133819580078e-05, 0.001420039211075872, 21.265134281173587
store_returns: 20.850121902301908, 2.839388826391568, 7.50306423416389
store_sales: 174.69669486396015, 23.52664601804005, 34.22068416185948
web_returns: 6.285572262480855, 0.814512851006816, 6.015833765323332
web_sales: 67.01082486007363, 8.830014440931025, 26.549070731601383
web_site: 1.0454095900058746e-05, 0.001774464665221437, 3.0619787072952906
catalog_returns: 13.009788101539016, 1.701782428078053, 2.064811016291581
catalog_sales: 132.3057429259643, 17.49638928692717, 17.254899556737946
customer: 0.8535048151388764, 0.1166939092746111, 10.630050615291724
customer_address: 0.2449320713058114, 0.04976925363257365, 9.948074406127583
customer_demographics: 0.011580578982830048, 0.0059588075073712275, 5.90416348502396
date_dim: 0.001992875710129738, 0.0019425689441037377, 55.01054303244293
item: 0.03489831369370222, 0.008295564674647463, 43.92014612335751
store: 9.930133819580078e-05, 0.0014200391415251723, 18.758538679105893
store_returns: 20.850121902301908, 2.839374222957291, 4.99648323546092
store_sales: 174.69669486396015, 23.52652366040043, 31.714210917361854
web_returns: 6.285572262480855, 0.8145084485893215, 3.5092425656035786
web_sales: 67.01082486007363, 8.8299675065207, 24.04252206387445
web_site: 1.0454095900058746e-05, 0.0017744646578993837, 0.5553831051653657
Function: 90.32418445207942, 6.227434942309062, 28.30434799194336, 50.234692955711544, 5.486411750960349, 0.03528439320369256, 0.03601241795141697
hiya: 0b111000111000100011111100, 90.32418445207942
catalog_returns: 13.009788101539016, 1.701782428078053, 2.064811016291581
catalog_sales: 132.3057429259643, 17.49638928692717, 17.254899556737946
customer: 0.8535048151388764, 0.1166939092746111, 10.630050615291724
customer_address: 0.2449320713058114, 0.04976925363257365, 9.948074406127583
customer_demographics: 0.011580578982830048, 0.0059588075073712275, 5.90416348502396
date_dim: 0.001992875710129738, 0.0019425689441037377, 55.01054303244293
item: 0.03489831369370222, 0.008295564674647463, 43.92014612335751
store: 9.930133819580078e-05, 0.0014200391415251723, 18.758538679105893
store_returns: 20.850121902301908, 2.839374222957291, 4.99648323546092
store_sales: 174.69669486396015, 23.52652366040043, 31.714210917361854
web_returns: 6.285572262480855, 0.8145084485893215, 3.5092425656035786
web_sales: 67.01082486007363, 8.8299675065207, 24.04252206387445
web_site: 1.0454095900058746e-05, 0.0017744646578993837, 0.5553831051653657
catalog_returns: 13.009788101539016, 1.7017774398710646, 2.064816004498569
catalog_sales: 132.3057429259643, 17.496338558319884, 17.25495028534523
customer: 0.8535048151388764, 0.11669358202418624, 10.630050942542148
customer_address: 0.2449320713058114, 0.04976915972083118, 9.390916930216061
customer_demographics: 0.011580578982830048, 0.005958803067150944, 5.90416348946418
date_dim: 0.001992875710129738, 0.0019425681799962468, 54.45338546338377
item: 0.03489831369370222, 0.00829555129395203, 43.920146136738204
store: 9.930133819580078e-05, 0.0014200391034510987, 18.758538679143967
store_returns: 20.850121902301908, 2.839366228613112, 4.996491229805098
store_sales: 174.69669486396015, 23.52645667827379, 31.714277899488494
web_returns: 6.285572262480855, 0.8145060385780867, 2.952087405791547
web_sales: 67.01082486007363, 8.829941813260959, 23.485390187310927
Function: 90.87940831088495, 6.176334264756838, 28.912606239318848, 50.234691691201526, 5.484648542585372, 0.03512515597417867, 0.036002417048183084
hiya: 0b11000111000100011111100, 90.87940831088495
catalog_returns: 13.009788101539016, 1.7017774398710646, 2.064816004498569
catalog_sales: 132.3057429259643, 17.496338558319884, 17.25495028534523
customer: 0.8535048151388764, 0.11669358202418624, 10.630050942542148
customer_address: 0.2449320713058114, 0.04976915972083118, 9.390916930216061
customer_demographics: 0.011580578982830048, 0.005958803067150944, 5.90416348946418
date_dim: 0.001992875710129738, 0.0019425681799962468, 54.45338546338377
item: 0.03489831369370222, 0.00829555129395203, 43.920146136738204
store: 9.930133819580078e-05, 0.0014200391034510987, 18.758538679143967
store_returns: 20.850121902301908, 2.839366228613112, 4.996491229805098
store_sales: 174.69669486396015, 23.52645667827379, 31.714277899488494
web_returns: 6.285572262480855, 0.8145060385780867, 2.952087405791547
web_sales: 67.01082486007363, 8.829941813260959, 23.485390187310927
catalog_sales: 132.3057429259643, 17.49554963615876, 13.509725904784382
customer: 0.8535048151388764, 0.11668849268453706, 10.630056031881798
customer_address: 0.2449320713058114, 0.04976769922233165, 9.390918390714562
customer_demographics: 0.011580578982830048, 0.005958734013645056, 5.904163558517686
date_dim: 0.001992875710129738, 0.0019425562967342106, 50.686792030897394
item: 0.03489831369370222, 0.008295343199787333, 42.05415690654972
store: 9.930133819580078e-05, 0.0014200385113299662, 18.758538679736088
store_returns: 20.850121902301908, 2.839241902012716, 1.23002211203586
store_sales: 174.69669486396015, 23.52541498430794, 27.969306290732373
web_returns: 6.285572262480855, 0.8144685585175577, -0.8144685585175577
web_returns had no query dependencies
web_sales: 67.01082486007363, 8.829542236314426, 19.739776461535484
catalog_sales: 132.3057429259643, 17.495492872773294, 13.509782668169848
customer: 0.8535048151388764, 0.11668812650373683, 10.630056398062598
customer_address: 0.2449320713058114, 0.04976759413865751, 9.390918495798235
customer_demographics: 0.011580578982830048, 0.0059587290452071465, 5.904163563486124
date_dim: 0.001992875710129738, 0.00194255544172694, 50.6867920317524
item: 0.03489831369370222, 0.008295328227297186, 42.054156921522214
store: 9.930133819580078e-05, 0.0014200384687265235, 18.75853867977869
store_returns: 20.850121902301908, 2.8392329566451124, 1.2300310574034636
store_sales: 174.69669486396015, 23.525340033851435, 27.969381241188877
web_sales: 67.01082486007363, 8.82951348653231, 19.739805211317602
Function: 92.1086956295601, 5.492573133015632, 33.36296081542969, 47.90075706050363, 5.287127363274892, 0.030961959423539423, 0.03431529791273177
hiya: 0b10000111000100011111000, 92.1086956295601
catalog_sales: 132.3057429259643, 17.495492872773294, 13.509782668169848
customer: 0.8535048151388764, 0.11668812650373683, 10.630056398062598
customer_address: 0.2449320713058114, 0.04976759413865751, 9.390918495798235
customer_demographics: 0.011580578982830048, 0.0059587290452071465, 5.904163563486124
date_dim: 0.001992875710129738, 0.00194255544172694, 50.6867920317524
item: 0.03489831369370222, 0.008295328227297186, 42.054156921522214
store: 9.930133819580078e-05, 0.0014200384687265235, 18.75853867977869
store_returns: 20.850121902301908, 2.8392329566451124, 1.2300310574034636
store_sales: 174.69669486396015, 23.525340033851435, 27.969381241188877
web_sales: 67.01082486007363, 8.82951348653231, 19.739805211317602
catalog_sales: 132.3057429259643, 17.49494034640641, 11.006181174603988
customer: 0.8535048151388764, 0.11668456215419161, 9.597514420761687
customer_address: 0.2449320713058114, 0.04976657126977442, 8.397527073249078
customer_demographics: 0.011580578982830048, 0.005958680683170168, 5.904163611848161
date_dim: 0.001992875710129738, 0.0019425471192131064, 47.61092047144438
item: 0.03489831369370222, 0.008295182487300953, 38.55661060191142
store: 9.930133819580078e-05, 0.0014200380540309375, 14.689274666144808
store_sales: 174.69669486396015, 23.524610477235182, 23.939999879988964
web_sales: 67.01082486007363, 8.829233640421451, 19.74008505742846
Function: 93.31717860098885, 5.250566433258056, 37.67423152923584, 45.378761065404355, 4.953350646263758, 0.02776507944647787, 0.03250384738037288
hiya: 0b10000101000100011111000, 93.31717860098885
catalog_sales: 132.3057429259643, 17.49494034640641, 11.006181174603988
customer: 0.8535048151388764, 0.11668456215419161, 9.597514420761687
customer_address: 0.2449320713058114, 0.04976657126977442, 8.397527073249078
customer_demographics: 0.011580578982830048, 0.005958680683170168, 5.904163611848161
date_dim: 0.001992875710129738, 0.0019425471192131064, 47.61092047144438
item: 0.03489831369370222, 0.008295182487300953, 38.55661060191142
store: 9.930133819580078e-05, 0.0014200380540309375, 14.689274666144808
store_sales: 174.69669486396015, 23.524610477235182, 23.939999879988964
web_sales: 67.01082486007363, 8.829233640421451, 19.74008505742846
catalog_sales: 132.3057429259643, 17.494313872473725, 8.037550853014302
customer: 0.8535048151388764, 0.11668052076863814, 6.6282616666248675
customer_address: 0.2449320713058114, 0.049765411504865076, 4.773715438158552
date_dim: 0.001992875710129738, 0.001942537682852629, 41.70079818834941
item: 0.03489831369370222, 0.008295017242139706, 34.151620185796716
store: 9.930133819580078e-05, 0.0014200375838344177, 11.748409169606044
store_sales: 174.69669486396015, 23.52378328014579, 20.14938586823099
web_sales: 67.01082486007363, 8.82891634100531, 18.8898266450062
Function: 99.21955476804175, 4.60227998860677, 44.23264026641846, 45.377360297871554, 4.948793492682775, 0.025987875643861034, 0.03249284681834876
hiya: 0b10000101000100010111000, 99.21955476804175
catalog_sales: 132.3057429259643, 17.494313872473725, 8.037550853014302
customer: 0.8535048151388764, 0.11668052076863814, 6.6282616666248675
customer_address: 0.2449320713058114, 0.049765411504865076, 4.773715438158552
date_dim: 0.001992875710129738, 0.001942537682852629, 41.70079818834941
item: 0.03489831369370222, 0.008295017242139706, 34.151620185796716
store: 9.930133819580078e-05, 0.0014200375838344177, 11.748409169606044
store_sales: 174.69669486396015, 23.52378328014579, 20.14938586823099
web_sales: 67.01082486007363, 8.82891634100531, 18.8898266450062
catalog_sales: 132.3057429259643, 17.493918488179943, 5.373191132995185
customer: 0.8535048151388764, 0.11667797014316178, 4.897992594907281
date_dim: 0.001992875710129738, 0.001942531727315569, 36.877317344641526
item: 0.03489831369370222, 0.008294912951541212, 30.80309320786501
store: 9.930133819580078e-05, 0.001420037287080939, 10.507627614471112
store_sales: 174.69669486396015, 23.52326121415079, 15.542084962950344
web_sales: 67.01082486007363, 8.82871608493874, 15.222613167649214
Function: 103.99191511210827, 4.210578533887862, 49.44782257080078, 45.347733722746526, 4.92846805917581, 0.02485054080989972, 0.03246168468738794
hiya: 0b10000101000100010011000, 103.99191511210827
catalog_sales: 132.3057429259643, 17.493918488179943, 5.373191132995185
customer: 0.8535048151388764, 0.11667797014316178, 4.897992594907281
date_dim: 0.001992875710129738, 0.001942531727315569, 36.877317344641526
item: 0.03489831369370222, 0.008294912951541212, 30.80309320786501
store: 9.930133819580078e-05, 0.001420037287080939, 10.507627614471112
store_sales: 174.69669486396015, 23.52326121415079, 15.542084962950344
web_sales: 67.01082486007363, 8.82871608493874, 15.222613167649214
catalog_sales: 132.3057429259643, 17.492104901392278, 1.6458015089744151
date_dim: 0.001992875710129738, 0.0019425044098841605, 31.86264680690851
item: 0.03489831369370222, 0.008294434581372034, 29.363909727428187
store: 9.930133819580078e-05, 0.00142003592590348, 10.50762761583229
store_sales: 174.69669486396015, 23.520866551525817, 10.52980906052488
web_sales: 67.01082486007363, 8.827797531110999, 10.208861156426511
Function: 108.88396245461188, 2.3347709647830324, 56.338300704956055, 45.24449520281535, 4.914350984334946, 0.019666655851137933, 0.03237794187135994
hiya: 0b10000101000100010001000, 108.88396245461188
catalog_sales: 132.3057429259643, 17.492104901392278, 1.6458015089744151
date_dim: 0.001992875710129738, 0.0019425044098841605, 31.86264680690851
item: 0.03489831369370222, 0.008294434581372034, 29.363909727428187
store: 9.930133819580078e-05, 0.00142003592590348, 10.50762761583229
store_sales: 174.69669486396015, 23.520866551525817, 10.52980906052488
web_sales: 67.01082486007363, 8.827797531110999, 10.208861156426511
date_dim: 0.001992875710129738, 0.0019424753345526225, 12.724740425617151
item: 0.03489831369370222, 0.008293925427672379, 10.933630702542386
store: 9.930133819580078e-05, 0.001420034477133085, 10.50762761728106
store_sales: 174.69669486396015, 23.518317790308068, -7.863636705044179
web_sales: 67.01082486007363, 8.826819867556999, -8.067714822977493
date_dim: 0.001992875710129738, 0.001942399733133254, -0.001942399733133254
date_dim had no query dependencies
item: 0.03489831369370222, 0.008292601530735208, -0.008292601530735208
item had no query dependencies
store: 9.930133819580078e-05, 0.0014200307100531437, -0.0014200307100531437
store had no query dependencies
Function: 93.8852596282959, 0, 93.8852596282959, 0.0, 0, 0.0, 0
hiya: 0b0, 93.8852596282959
{64.59842855402873: [1, 2, 3, 4, 5, 6, 7, 8, 9, 10, 11, 12, 13, 14, 15, 16, 17, 18, 19, 20, 21, 22, 23], 65.25141904694297: [1, 2, 3, 4, 5, 6, 7, 8, 9, 10, 11, 12, 13, 15, 16, 17, 18, 19, 20, 21, 22, 23], 65.95115149024089: [1, 2, 3, 4, 5, 6, 7, 8, 9, 11, 12, 13, 15, 16, 17, 18, 19, 20, 21, 22, 23], 66.16370774255482: [1, 2, 3, 4, 5, 6, 7, 8, 9, 11, 12, 13, 15, 16, 17, 18, 20, 21, 22, 23], 68.721477109333: [1, 2, 3, 4, 5, 6, 7, 8, 9, 11, 12, 13, 15, 16, 17, 18, 21, 22, 23], 71.30307566226172: [1, 2, 3, 4, 5, 6, 7, 8, 11, 12, 13, 15, 16, 17, 18, 21, 22, 23], 74.23036408463429: [1, 2, 3, 4, 5, 6, 7, 8, 11, 12, 15, 16, 17, 18, 21, 22, 23], 77.56335056878602: [1, 2, 3, 4, 5, 6, 7, 8, 11, 12, 15, 16, 17, 21, 22, 23], 81.84995163323676: [1, 2, 3, 4, 5, 6, 7, 11, 12, 15, 16, 17, 21, 22, 23], 87.82275399581536: [1, 2, 3, 4, 5, 6, 7, 11, 15, 16, 17, 21, 22, 23], 90.32418445207942: [2, 3, 4, 5, 6, 7, 11, 15, 16, 17, 21, 22, 23], 90.87940831088495: [2, 3, 4, 5, 6, 7, 11, 15, 16, 17, 21, 22], 92.1086956295601: [3, 4, 5, 6, 7, 11, 15, 16, 17, 22], 93.31717860098885: [3, 4, 5, 6, 7, 11, 15, 17, 22], 99.21955476804175: [3, 4, 5, 7, 11, 15, 17, 22], 103.99191511210827: [3, 4, 7, 11, 15, 17, 22], 108.88396245461188: [3, 7, 11, 15, 17, 22], 93.8852596282959: []}
[1, 2, 3, 4, 5, 6, 7, 8, 9, 10, 11, 12, 13, 14, 15, 16, 17, 18, 19, 20, 21, 22, 23]
{'47': 166016, '27': 166080, '20': 2184, '07': 137408, '65': 166016, '05': 14909582, '19': 166064, '72': 531916, '42': 133248, '68': 164272, '37': 3208, '28': 131072, '06': 133296, '22': 527488, '51': 4325504, '64': 236540, '36': 166016, '83': 2164868, '74': 4325520, '14': 4327560, '85': 7348448, '73': 164240, '24': 231472, '31': 4325536, '75': 6490252, '15': 184, '69': 4325624, '21': 527488, '50': 229504, '98': 133248, '62': 13123712, '10': 4325624, '32': 2184, '34': 164240, '46': 164272, '45': 4196528, '54': 4360376, '61': 170160, '43': 163968, '77': 7569548, '35': 4325624, '03': 133248, '52': 133248, '56': 4327592, '11': 4325520, '40': 526476, '04': 4325528, '48': 164064, '67': 166016, '53': 166016, '93': 204800, '86': 4196480, '12': 4196480, '39': 527488, '89': 166016, '76': 4327560, '23': 4327576, '25': 231560, '71': 4589704, '29': 231560, '33': 4327592, '44': 133120, '08': 164016, '66': 4997256, '59': 163968, '94': 14680224, '49': 6488204, '97': 131208, '55': 133248, '92': 4196480, '01': 98448, '63': 166016, '80': 14915726, '17': 231560, '09': 139264, '38': 4325528, '90': 5505280, '13': 164320, '26': 6344, '60': 4327592, '02': 4194440, '78': 6488204, '96': 426240, '79': 164240, '87': 4325528, '18': 2296, '95': 14680224, '82': 134272, '70': 163968, '58': 4327560, '88': 426240, '84': 66416}
Best Cost: $64.59842855402873;
[1, 2, 3, 4, 5, 6, 7, 8, 9, 10, 11, 12, 13, 14, 15, 16, 17, 18, 19, 20, 21, 22, 23]
{}
{'47': 166016, '27': 166080, '20': 2184, '07': 137408, '65': 166016, '05': 14909582, '19': 166064, '72': 531916, '42': 133248, '68': 164272, '37': 3208, '28': 131072, '06': 133296, '22': 527488, '51': 4325504, '64': 236540, '36': 166016, '83': 2164868, '74': 4325520, '14': 4327560, '85': 7348448, '73': 164240, '24': 231472, '31': 4325536, '75': 6490252, '15': 184, '69': 4325624, '21': 527488, '50': 229504, '98': 133248, '62': 13123712, '10': 4325624, '32': 2184, '34': 164240, '46': 164272, '45': 4196528, '54': 4360376, '61': 170160, '43': 163968, '77': 7569548, '35': 4325624, '03': 133248, '52': 133248, '56': 4327592, '11': 4325520, '40': 526476, '04': 4325528, '48': 164064, '67': 166016, '53': 166016, '93': 204800, '86': 4196480, '12': 4196480, '39': 527488, '89': 166016, '76': 4327560, '23': 4327576, '25': 231560, '71': 4589704, '29': 231560, '33': 4327592, '44': 133120, '08': 164016, '66': 4997256, '59': 163968, '94': 14680224, '49': 6488204, '97': 131208, '55': 133248, '92': 4196480, '01': 98448, '63': 166016, '80': 14915726, '17': 231560, '09': 139264, '38': 4325528, '90': 5505280, '13': 164320, '26': 6344, '60': 4327592, '02': 4194440, '78': 6488204, '96': 426240, '79': 164240, '87': 4325528, '18': 2296, '95': 14680224, '82': 134272, '70': 163968, '58': 4327560, '88': 426240, '84': 66416}
{'47': 166016, '27': 166080, '20': 2184, '07': 137408, '65': 166016, '05': 14909582, '19': 166064, '72': 531916, '42': 133248, '68': 164272, '37': 3208, '28': 131072, '06': 133296, '22': 527488, '51': 4325504, '64': 236540, '36': 166016, '83': 2164868, '74': 4325520, '14': 4327560, '85': 7348448, '73': 164240, '24': 231472, '31': 4325536, '75': 6490252, '15': 184, '69': 4325624, '21': 527488, '50': 229504, '98': 133248, '62': 13123712, '10': 4325624, '32': 2184, '34': 164240, '46': 164272, '45': 4196528, '54': 4360376, '61': 170160, '43': 163968, '77': 7569548, '35': 4325624, '03': 133248, '52': 133248, '56': 4327592, '11': 4325520, '40': 526476, '04': 4325528, '48': 164064, '67': 166016, '53': 166016, '93': 204800, '86': 4196480, '12': 4196480, '39': 527488, '89': 166016, '76': 4327560, '23': 4327576, '25': 231560, '71': 4589704, '29': 231560, '33': 4327592, '44': 133120, '08': 164016, '66': 4997256, '59': 163968, '94': 14680224, '49': 6488204, '97': 131208, '55': 133248, '92': 4196480, '01': 98448, '63': 166016, '80': 14915726, '17': 231560, '09': 139264, '38': 4325528, '90': 5505280, '13': 164320, '26': 6344, '60': 4327592, '02': 4194440, '78': 6488204, '96': 426240, '79': 164240, '87': 4325528, '18': 2296, '95': 14680224, '82': 134272, '70': 163968, '58': 4327560, '88': 426240, '84': 66416}
[1, 2, 3, 4, 5, 6, 7, 8, 9, 10, 11, 12, 13, 14, 15, 16, 17, 18, 19, 20, 21, 22, 23]
23
Optimal Subset: 0b111111111111111111111110
Function: 64.59842855402873, 7.8687938612174975, 0.07592201232910156, 50.85627662135416, 5.719442768689792, 0.04143687803650977, 0.03655641240166724
64.59842855402873
Real: 64.59842855402873, 7.8687938612174975, 0.07592201232910156, 50.85627662135416, 5.719442768689792, 0.04143687803650977, 0.03655641240166724
Num Redshift Qs: 92; Num GCP Qs: 3
Redshift Qs: $7.8687938612174975; GCP Qs: $0.07592201232910156; Movement Cost: $50.85627662135416
Load Cost: $5.719442768689792, Storage Cost: $0.04143687803650977, API Cost: $0.03655641240166724
Final cost: $64.59842855402873, BQ Baseline: $93.8852596282959, Diff: $29.28683107426717, %: 31.19428032709031%
