Egress: $0.12/GB
Benchmark: tpcds
Data Path: parquet_1000/real_data_rs4
BigQuery Cost: $5/TB; DuckDB Cost: $1.48/hr; Redshift Cost: $4.344/hr
Use Duck: False
Excluded Table: web_returns
Excluded Query: None

Starting analysis without using DuckDB
Redshift Total: $7.851177220473291, Redshift-Calcite Total: $6.928199736307461, BigQuery Total: $81.0332202911377
Excluding table web_returns and any queries that depend on it
Total Keys: 88, Keys Considered: 86
-0.29733302473291134
call_center: 9.615905582904816e-06, 0.001236622068849182, 1.2291870667322804
catalog_page: 0.0017016949132084846, 0.004872642901261729, -0.004872642901261729
catalog_page had no query dependencies
catalog_returns: 13.009788101539016, 1.701853870468207, 1.8617835177945412
catalog_sales: 132.3057429259643, 17.497115835156237, 19.592321464022206
customer: 0.8535048151388764, 0.11669859623980419, 17.684123892556112
customer_address: 0.2449320713058114, 0.04977059866082952, 16.001838690397218
customer_demographics: 0.011580578982830048, 0.005958871101354115, 10.912972076410638
date_dim: 0.001992875710129738, 0.001942579887848778, 64.08856540660366
household_demographics: 3.5176053643226624e-05, 0.0012819902483622875, 10.042233818581897
income_band: 5.122274160385132e-07, 0.001121577917525212, 2.5824094286237265
inventory: 5.1357166497036815, 0.8311602784729365, 0.7060314637708301
item: 0.03489831369370222, 0.008295756316426957, 49.83454144806202
promotion: 7.638614624738693e-05, 0.004892586066034456, 5.141935874253802
reason: 1.4491379261016846e-06, 0.001367203776818597, 2.9276640433764634
ship_mode: 1.3029202818870544e-06, 0.0013298832291878835, 0.903507158126581
store: 9.930133819580078e-05, 0.0014200396868318977, 29.34764727442615
store_returns: 20.850121902301908, 2.8394887200215075, 4.343137523515759
store_sales: 174.69669486396015, 23.52748299573592, 43.10905092482081
time_dim: 0.0012146271765232086, 0.0017928834917347231, 4.009909514892677
warehouse: 2.907589077949524e-06, 0.0014493306337020296, 2.334841022039828
web_page: 7.394980639219284e-05, 0.0014304083736526828, 0.14684997367622574
web_sales: 67.01082486007363, 8.830335492029521, 21.217399735952682
web_site: 1.0454095900058746e-05, 0.0017744647153073595, 0.12424551516375403
-0.297332849974793
call_center: 9.615905582904816e-06, 0.0012366220685243057, 1.2291870667326052
catalog_returns: 13.009788101539016, 1.7018534309288327, 1.8617839573339154
catalog_sales: 132.3057429259643, 17.497111365169257, 19.592325934009185
customer: 0.8535048151388764, 0.11669856740390239, 17.684123921392015
customer_address: 0.2449320713058114, 0.04977059038573015, 16.001838698672316
customer_demographics: 0.011580578982830048, 0.005958870710100975, 10.912972076801891
date_dim: 0.001992875710129738, 0.001942579820518908, 64.088565406671
household_demographics: 3.5176053643226624e-05, 0.0012819902471738547, 10.042233818583085
income_band: 5.122274160385132e-07, 0.0011215779175079061, 2.582409428623744
inventory: 5.1357166497036815, 0.8311601049612956, 0.7060316372824711
item: 0.03489831369370222, 0.00829575513737755, 49.83454144924107
promotion: 7.638614624738693e-05, 0.004892586063453728, 5.141935874256383
reason: 1.4491379261016846e-06, 0.0013672037767696375, 2.927664043376512
ship_mode: 1.3029202818870544e-06, 0.001329883229143864, 0.9035071581266251
store: 9.930133819580078e-05, 0.0014200396834769737, 29.347647274429505
store_returns: 20.850121902301908, 2.8394880155942364, 4.34313822794303
store_sales: 174.69669486396015, 23.527477093558627, 43.1090568269981
time_dim: 0.0012146271765232086, 0.0017928834506982002, 4.009909514933714
warehouse: 2.907589077949524e-06, 0.001449330633603796, 2.3348410220399267
web_page: 7.394980639219284e-05, 0.0014304083711542677, 0.14684997367872415
web_sales: 67.01082486007363, 8.830333228049833, 21.21740199993237
web_site: 1.0454095900058746e-05, 0.0017744647149541648, 0.12424551516410721
{}
{}
STARTING PHASE 2: 0b110111111111111111111101
----
[0, 2, 3, 4, 5, 6, 7, 8, 9, 10, 11, 12, 13, 14, 15, 16, 17, 18, 19, 20, 22, 23]
Function: 62.68354240148609, 6.809461381147702, 0.04799365997314453, 50.09577960538162, 5.656857415391605, 0.037447146829457496, 0.036003192762562634
-0.297332849974793
call_center: 9.615905582904816e-06, 0.0012366220685243057, 1.2291870667326052
catalog_returns: 13.009788101539016, 1.7018534309288327, 1.8617839573339154
catalog_sales: 132.3057429259643, 17.497111365169257, 19.592325934009185
customer: 0.8535048151388764, 0.11669856740390239, 17.684123921392015
customer_address: 0.2449320713058114, 0.04977059038573015, 16.001838698672316
customer_demographics: 0.011580578982830048, 0.005958870710100975, 10.912972076801891
date_dim: 0.001992875710129738, 0.001942579820518908, 64.088565406671
household_demographics: 3.5176053643226624e-05, 0.0012819902471738547, 10.042233818583085
income_band: 5.122274160385132e-07, 0.0011215779175079061, 2.582409428623744
inventory: 5.1357166497036815, 0.8311601049612956, 0.7060316372824711
item: 0.03489831369370222, 0.00829575513737755, 49.83454144924107
promotion: 7.638614624738693e-05, 0.004892586063453728, 5.141935874256383
reason: 1.4491379261016846e-06, 0.0013672037767696375, 2.927664043376512
ship_mode: 1.3029202818870544e-06, 0.001329883229143864, 0.9035071581266251
store: 9.930133819580078e-05, 0.0014200396834769737, 29.347647274429505
store_returns: 20.850121902301908, 2.8394880155942364, 4.34313822794303
store_sales: 174.69669486396015, 23.527477093558627, 43.1090568269981
time_dim: 0.0012146271765232086, 0.0017928834506982002, 4.009909514933714
warehouse: 2.907589077949524e-06, 0.001449330633603796, 2.3348410220399267
web_page: 7.394980639219284e-05, 0.0014304083711542677, 0.14684997367872415
web_sales: 67.01082486007363, 8.830333228049833, 21.21740199993237
web_site: 1.0454095900058746e-05, 0.0017744647149541648, 0.12424551516410721
-0.2973325990824041
call_center: 9.615905582904816e-06, 0.0012366220680578958, 1.2291870667330715
catalog_returns: 13.009788101539016, 1.7018527999018767, 1.8617845883608715
catalog_sales: 132.3057429259643, 17.49710494780953, 19.592332351368913
customer: 0.8535048151388764, 0.1166985260054921, 17.684123962790423
customer_address: 0.2449320713058114, 0.04977057850554131, 16.001838710552505
customer_demographics: 0.011580578982830048, 0.0059588701483964, 10.912972077363596
date_dim: 0.001992875710129738, 0.001942579723856435, 63.962545426888596
household_demographics: 3.5176053643226624e-05, 0.0012819902454676748, 10.04223381858479
income_band: 5.122274160385132e-07, 0.0011215779174830612, 2.5824094286237687
inventory: 5.1357166497036815, 0.8311598558584186, 0.7060318863853481
item: 0.03489831369370222, 0.008295753444669223, 49.83454145093378
promotion: 7.638614624738693e-05, 0.004892586059748694, 5.141935874260088
reason: 1.4491379261016846e-06, 0.0013672037766993485, 2.927664043376583
ship_mode: 1.3029202818870544e-06, 0.0013298832290806672, 0.7774871782476267
store: 9.930133819580078e-05, 0.0014200396786604602, 29.347647274434323
store_returns: 20.850121902301908, 2.8394870042796128, 4.343139239257654
store_sales: 174.69669486396015, 23.527468620067534, 43.10906530048919
time_dim: 0.0012146271765232086, 0.0017928833917839056, 4.0099095149926285
warehouse: 2.907589077949524e-06, 0.0014493306334627662, 2.208821042161006
web_page: 7.394980639219284e-05, 0.001430408367567405, 0.146849973682311
web_sales: 67.01082486007363, 8.830329977755785, 21.091385270347356
Function: 62.8077678183392, 6.804537109012603, 0.1789379119873047, 50.095778340871604, 5.655094207016628, 0.037427057591732316, 0.03599319185932875
hiya: 0b10111111111111111111101, 62.8077678183392
-0.2973325990824041
call_center: 9.615905582904816e-06, 0.0012366220680578958, 1.2291870667330715
catalog_returns: 13.009788101539016, 1.7018527999018767, 1.8617845883608715
catalog_sales: 132.3057429259643, 17.49710494780953, 19.592332351368913
customer: 0.8535048151388764, 0.1166985260054921, 17.684123962790423
customer_address: 0.2449320713058114, 0.04977057850554131, 16.001838710552505
customer_demographics: 0.011580578982830048, 0.0059588701483964, 10.912972077363596
date_dim: 0.001992875710129738, 0.001942579723856435, 63.962545426888596
household_demographics: 3.5176053643226624e-05, 0.0012819902454676748, 10.04223381858479
income_band: 5.122274160385132e-07, 0.0011215779174830612, 2.5824094286237687
inventory: 5.1357166497036815, 0.8311598558584186, 0.7060318863853481
item: 0.03489831369370222, 0.008295753444669223, 49.83454145093378
promotion: 7.638614624738693e-05, 0.004892586059748694, 5.141935874260088
reason: 1.4491379261016846e-06, 0.0013672037766993485, 2.927664043376583
ship_mode: 1.3029202818870544e-06, 0.0013298832290806672, 0.7774871782476267
store: 9.930133819580078e-05, 0.0014200396786604602, 29.347647274434323
store_returns: 20.850121902301908, 2.8394870042796128, 4.343139239257654
store_sales: 174.69669486396015, 23.527468620067534, 43.10906530048919
time_dim: 0.0012146271765232086, 0.0017928833917839056, 4.0099095149926285
warehouse: 2.907589077949524e-06, 0.0014493306334627662, 2.208821042161006
web_page: 7.394980639219284e-05, 0.001430408367567405, 0.146849973682311
web_sales: 67.01082486007363, 8.830329977755785, 21.091385270347356
-0.2973322138585235
call_center: 9.615905582904816e-06, 0.001236622067341763, 1.2291870667337879
catalog_returns: 13.009788101539016, 1.7018518310137651, 1.861785557248983
catalog_sales: 132.3057429259643, 17.49709509450059, 19.592342204677852
customer: 0.8535048151388764, 0.11669846244176131, 17.684124026354155
customer_address: 0.2449320713058114, 0.049770560264523846, 16.001838728793523
customer_demographics: 0.011580578982830048, 0.005958869285946895, 10.912972078226046
date_dim: 0.001992875710129738, 0.0019425795754394453, 63.962545427037014
household_demographics: 3.5176053643226624e-05, 0.001281990242847981, 9.893953436537533
income_band: 5.122274160385132e-07, 0.0011215779174449136, 2.582409428623807
inventory: 5.1357166497036815, 0.8311594733821809, 0.7060322688615858
item: 0.03489831369370222, 0.008295750845659847, 49.834541453532786
promotion: 7.638614624738693e-05, 0.004892586054059928, 5.141935874265776
reason: 1.4491379261016846e-06, 0.0013672037765914257, 2.9276640433766907
ship_mode: 1.3029202818870544e-06, 0.0013298832289836337, 0.7774871782477237
store: 9.930133819580078e-05, 0.0014200396712651141, 29.347647274441716
store_returns: 20.850121902301908, 2.8394854514921977, 4.3431407920450695
store_sales: 174.69669486396015, 23.527455609744116, 43.10907831081261
time_dim: 0.0012146271765232086, 0.001792883301326027, 3.8616291330332078
warehouse: 2.907589077949524e-06, 0.0014493306332462271, 2.208821042161223
web_sales: 67.01082486007363, 8.83032498720628, 20.943109878846975
Function: 62.95458687729736, 6.795680573948224, 0.3360748291015625, 50.09576939602627, 5.653682685697874, 0.037396207053361115, 0.03598318547006548
hiya: 0b10011111111111111111101, 62.95458687729736
-0.2973322138585235
call_center: 9.615905582904816e-06, 0.001236622067341763, 1.2291870667337879
catalog_returns: 13.009788101539016, 1.7018518310137651, 1.861785557248983
catalog_sales: 132.3057429259643, 17.49709509450059, 19.592342204677852
customer: 0.8535048151388764, 0.11669846244176131, 17.684124026354155
customer_address: 0.2449320713058114, 0.049770560264523846, 16.001838728793523
customer_demographics: 0.011580578982830048, 0.005958869285946895, 10.912972078226046
date_dim: 0.001992875710129738, 0.0019425795754394453, 63.962545427037014
household_demographics: 3.5176053643226624e-05, 0.001281990242847981, 9.893953436537533
income_band: 5.122274160385132e-07, 0.0011215779174449136, 2.582409428623807
inventory: 5.1357166497036815, 0.8311594733821809, 0.7060322688615858
item: 0.03489831369370222, 0.008295750845659847, 49.834541453532786
promotion: 7.638614624738693e-05, 0.004892586054059928, 5.141935874265776
reason: 1.4491379261016846e-06, 0.0013672037765914257, 2.9276640433766907
ship_mode: 1.3029202818870544e-06, 0.0013298832289836337, 0.7774871782477237
store: 9.930133819580078e-05, 0.0014200396712651141, 29.347647274441716
store_returns: 20.850121902301908, 2.8394854514921977, 4.3431407920450695
store_sales: 174.69669486396015, 23.527455609744116, 43.10907831081261
time_dim: 0.0012146271765232086, 0.001792883301326027, 3.8616291330332078
warehouse: 2.907589077949524e-06, 0.0014493306332462271, 2.208821042161223
web_sales: 67.01082486007363, 8.83032498720628, 20.943109878846975
call_center: 9.615905582904816e-06, 0.0012366220363935565, 1.229187066764736
catalog_returns: 13.009788101539016, 1.7018099598032312, 1.5161861479769068
catalog_sales: 132.3057429259643, 17.496669276526177, 19.112725539026847
customer: 0.8535048151388764, 0.1166957154885037, 17.684126773307412
customer_address: 0.2449320713058114, 0.049769771965572, 16.001839517092474
customer_demographics: 0.011580578982830048, 0.005958832014558852, 10.567330835014824
date_dim: 0.001992875710129738, 0.0019425731614903653, 62.4253536912072
household_demographics: 3.5176053643226624e-05, 0.001281990129635995, 9.548312156168137
income_band: 5.122274160385132e-07, 0.0011215779157963408, 2.5824094286254553
item: 0.03489831369370222, 0.008295638527563, 48.297349823607114
promotion: 7.638614624738693e-05, 0.00489258580821577, 4.7962945940290105
reason: 1.4491379261016846e-06, 0.0013672037719274636, 2.9276640433813546
ship_mode: 1.3029202818870544e-06, 0.0013298832247902641, 0.7774871782519172
store: 9.930133819580078e-05, 0.0014200393516698058, 29.347647274761314
store_returns: 20.850121902301908, 2.8394183466449077, 4.343207896892359
store_sales: 174.69669486396015, 23.526893359073075, 42.92410481780365
time_dim: 0.0012146271765232086, 0.0017928793921224465, 3.8616291369424114
warehouse: 2.907589077949524e-06, 0.0014493306238883288, 0.9915662467496162
web_sales: 67.01082486007363, 8.830109316948327, 20.94332554910493
Function: 63.65438100684742, 6.565895006011326, 2.1030521392822266, 49.474561669605855, 5.439726664234797, 0.035616068161690294, 0.03552945955153108
hiya: 0b10011111111101111111101, 63.65438100684742
call_center: 9.615905582904816e-06, 0.0012366220363935565, 1.229187066764736
catalog_returns: 13.009788101539016, 1.7018099598032312, 1.5161861479769068
catalog_sales: 132.3057429259643, 17.496669276526177, 19.112725539026847
customer: 0.8535048151388764, 0.1166957154885037, 17.684126773307412
customer_address: 0.2449320713058114, 0.049769771965572, 16.001839517092474
customer_demographics: 0.011580578982830048, 0.005958832014558852, 10.567330835014824
date_dim: 0.001992875710129738, 0.0019425731614903653, 62.4253536912072
household_demographics: 3.5176053643226624e-05, 0.001281990129635995, 9.548312156168137
income_band: 5.122274160385132e-07, 0.0011215779157963408, 2.5824094286254553
item: 0.03489831369370222, 0.008295638527563, 48.297349823607114
promotion: 7.638614624738693e-05, 0.00489258580821577, 4.7962945940290105
reason: 1.4491379261016846e-06, 0.0013672037719274636, 2.9276640433813546
ship_mode: 1.3029202818870544e-06, 0.0013298832247902641, 0.7774871782519172
store: 9.930133819580078e-05, 0.0014200393516698058, 29.347647274761314
store_returns: 20.850121902301908, 2.8394183466449077, 4.343207896892359
store_sales: 174.69669486396015, 23.526893359073075, 42.92410481780365
time_dim: 0.0012146271765232086, 0.0017928793921224465, 3.8616291369424114
warehouse: 2.907589077949524e-06, 0.0014493306238883288, 0.9915662467496162
web_sales: 67.01082486007363, 8.830109316948327, 20.94332554910493
call_center: 9.615905582904816e-06, 0.0012366220342076154, 0.9787499153237584
catalog_returns: 13.009788101539016, 1.7018070023457732, 1.5161891054343648
catalog_sales: 132.3057429259643, 17.496639200048136, 18.333938554028187
customer: 0.8535048151388764, 0.11669552146503757, 17.68412696733088
customer_address: 0.2449320713058114, 0.04976971628624999, 16.001839572771797
customer_demographics: 0.011580578982830048, 0.005958829381997167, 10.567330837647384
date_dim: 0.001992875710129738, 0.0019425727084587644, 61.64653663018352
household_demographics: 3.5176053643226624e-05, 0.0012819901216395788, 9.548312156176133
income_band: 5.122274160385132e-07, 0.0011215779156798986, 2.582409428625572
item: 0.03489831369370222, 0.008295630594284047, 48.297349831540394
promotion: 7.638614624738693e-05, 0.004892585790851245, 4.796294594046375
reason: 1.4491379261016846e-06, 0.0013672037715980374, 2.927664043381684
store: 9.930133819580078e-05, 0.0014200393290960728, 29.347647274783885
store_returns: 20.850121902301908, 2.839413606879122, 4.343212636658144
store_sales: 174.69669486396015, 23.526853646047844, 42.92414453082888
time_dim: 0.0012146271765232086, 0.0017928791160066347, 3.333249227184983
warehouse: 2.907589077949524e-06, 0.0014493306232273595, 0.2127491852735698
web_sales: 67.01082486007363, 8.830094083674565, 20.414960872345148
Function: 64.43177520280143, 6.535872269514401, 2.9118919372558594, 49.474561512006794, 5.438406937586468, 0.03552308699895497, 0.03551945943895877
hiya: 0b10011111011101111111101, 64.43177520280143
call_center: 9.615905582904816e-06, 0.0012366220342076154, 0.9787499153237584
catalog_returns: 13.009788101539016, 1.7018070023457732, 1.5161891054343648
catalog_sales: 132.3057429259643, 17.496639200048136, 18.333938554028187
customer: 0.8535048151388764, 0.11669552146503757, 17.68412696733088
customer_address: 0.2449320713058114, 0.04976971628624999, 16.001839572771797
customer_demographics: 0.011580578982830048, 0.005958829381997167, 10.567330837647384
date_dim: 0.001992875710129738, 0.0019425727084587644, 61.64653663018352
household_demographics: 3.5176053643226624e-05, 0.0012819901216395788, 9.548312156176133
income_band: 5.122274160385132e-07, 0.0011215779156798986, 2.582409428625572
item: 0.03489831369370222, 0.008295630594284047, 48.297349831540394
promotion: 7.638614624738693e-05, 0.004892585790851245, 4.796294594046375
reason: 1.4491379261016846e-06, 0.0013672037715980374, 2.927664043381684
store: 9.930133819580078e-05, 0.0014200393290960728, 29.347647274783885
store_returns: 20.850121902301908, 2.839413606879122, 4.343212636658144
store_sales: 174.69669486396015, 23.526853646047844, 42.92414453082888
time_dim: 0.0012146271765232086, 0.0017928791160066347, 3.333249227184983
warehouse: 2.907589077949524e-06, 0.0014493306232273595, 0.2127491852735698
web_sales: 67.01082486007363, 8.830094083674565, 20.414960872345148
call_center: 9.615905582904816e-06, 0.0012366220297405832, 0.9787499153282254
catalog_returns: 13.009788101539016, 1.7018009586983662, 1.3019966331849748
catalog_sales: 132.3057429259643, 17.496577737920244, 18.119801500259282
customer: 0.8535048151388764, 0.11669512497263336, 17.684127363823283
customer_address: 0.2449320713058114, 0.04976960250399112, 16.001839686554053
customer_demographics: 0.011580578982830048, 0.0059588240022834015, 10.567330843027099
date_dim: 0.001992875710129738, 0.0019425717826759596, 61.4323381152125
household_demographics: 3.5176053643226624e-05, 0.0012819901052986773, 9.548312156192475
income_band: 5.122274160385132e-07, 0.0011215779154419452, 2.5824094286258097
item: 0.03489831369370222, 0.00829561438240562, 48.083151331855476
promotion: 7.638614624738693e-05, 0.004892585755366353, 4.79629459408186
reason: 1.4491379261016846e-06, 0.0013672037709248459, 2.9276640433823573
store: 9.930133819580078e-05, 0.001420039282966015, 29.347647274830017
store_returns: 20.850121902301908, 2.839403921034573, 4.343222322502694
store_sales: 174.69669486396015, 23.526772491365026, 42.9242256855117
time_dim: 0.0012146271765232086, 0.001792878551756216, 3.3332492277492336
web_sales: 67.01082486007363, 8.830062954051643, 20.414992001968074
Function: 64.64433437590336, 6.473262046702701, 3.1887006759643555, 49.47456116030967, 5.436967956377666, 0.03533307736122509, 0.03550945918774307
hiya: 0b10001111011101111111101, 64.64433437590336
call_center: 9.615905582904816e-06, 0.0012366220297405832, 0.9787499153282254
catalog_returns: 13.009788101539016, 1.7018009586983662, 1.3019966331849748
catalog_sales: 132.3057429259643, 17.496577737920244, 18.119801500259282
customer: 0.8535048151388764, 0.11669512497263336, 17.684127363823283
customer_address: 0.2449320713058114, 0.04976960250399112, 16.001839686554053
customer_demographics: 0.011580578982830048, 0.0059588240022834015, 10.567330843027099
date_dim: 0.001992875710129738, 0.0019425717826759596, 61.4323381152125
household_demographics: 3.5176053643226624e-05, 0.0012819901052986773, 9.548312156192475
income_band: 5.122274160385132e-07, 0.0011215779154419452, 2.5824094286258097
item: 0.03489831369370222, 0.00829561438240562, 48.083151331855476
promotion: 7.638614624738693e-05, 0.004892585755366353, 4.79629459408186
reason: 1.4491379261016846e-06, 0.0013672037709248459, 2.9276640433823573
store: 9.930133819580078e-05, 0.001420039282966015, 29.347647274830017
store_returns: 20.850121902301908, 2.839403921034573, 4.343222322502694
store_sales: 174.69669486396015, 23.526772491365026, 42.9242256855117
time_dim: 0.0012146271765232086, 0.001792878551756216, 3.3332492277492336
web_sales: 67.01082486007363, 8.830062954051643, 20.414992001968074
catalog_returns: 13.009788101539016, 1.7017871684928774, 0.8740951445138414
catalog_sales: 132.3057429259643, 17.496437495560563, 17.158076372450275
customer: 0.8535048151388764, 0.11669422026867547, 17.666007101337957
customer_address: 0.2449320713058114, 0.04976934287919418, 15.573924667302231
customer_demographics: 0.011580578982830048, 0.005958811727020914, 10.549209688113079
date_dim: 0.001992875710129738, 0.0019425696702537324, 60.45235157996697
household_demographics: 3.5176053643226624e-05, 0.0012819900680125199, 9.53019098904048
income_band: 5.122274160385132e-07, 0.0011215779148989909, 2.582409428626353
item: 0.03489831369370222, 0.008295577390648854, 47.53108011036589
promotion: 7.638614624738693e-05, 0.004892585674398035, 4.796294594162829
reason: 1.4491379261016846e-06, 0.0013672037693887786, 2.9276640433838934
store: 9.930133819580078e-05, 0.0014200391777078934, 29.347647274935273
store_returns: 20.850121902301908, 2.8393818201776444, 4.343244423359622
store_sales: 174.69669486396015, 23.526587315149886, 42.92441086172684
time_dim: 0.0012146271765232086, 0.0017928772642672708, 3.3332492290367224
web_sales: 67.01082486007363, 8.829991923452404, 20.41506303256731
Function: 65.62265072455858, 6.3283420441436755, 4.313607215881348, 49.47455999718575, 5.4357424899180735, 0.034899519072804475, 0.035499458356928824
hiya: 0b10001111011101111111100, 65.62265072455858
catalog_returns: 13.009788101539016, 1.7017871684928774, 0.8740951445138414
catalog_sales: 132.3057429259643, 17.496437495560563, 17.158076372450275
customer: 0.8535048151388764, 0.11669422026867547, 17.666007101337957
customer_address: 0.2449320713058114, 0.04976934287919418, 15.573924667302231
customer_demographics: 0.011580578982830048, 0.005958811727020914, 10.549209688113079
date_dim: 0.001992875710129738, 0.0019425696702537324, 60.45235157996697
household_demographics: 3.5176053643226624e-05, 0.0012819900680125199, 9.53019098904048
income_band: 5.122274160385132e-07, 0.0011215779148989909, 2.582409428626353
item: 0.03489831369370222, 0.008295577390648854, 47.53108011036589
promotion: 7.638614624738693e-05, 0.004892585674398035, 4.796294594162829
reason: 1.4491379261016846e-06, 0.0013672037693887786, 2.9276640433838934
store: 9.930133819580078e-05, 0.0014200391777078934, 29.347647274935273
store_returns: 20.850121902301908, 2.8393818201776444, 4.343244423359622
store_sales: 174.69669486396015, 23.526587315149886, 42.92441086172684
time_dim: 0.0012146271765232086, 0.0017928772642672708, 3.3332492290367224
web_sales: 67.01082486007363, 8.829991923452404, 20.41506303256731
catalog_sales: 132.3057429259643, 17.496053358496177, 14.582578196507939
customer: 0.8535048151388764, 0.1166917421991157, 15.0901272664008
customer_address: 0.2449320713058114, 0.04976863174236243, 12.998043065432347
customer_demographics: 0.011580578982830048, 0.005958778103917971, 7.973327408729464
date_dim: 0.001992875710129738, 0.001942563884129804, 57.87646927274637
household_demographics: 3.5176053643226624e-05, 0.0012819899658822141, 6.954308676135891
income_band: 5.122274160385132e-07, 0.0011215779134117875, 0.006527115621121395
item: 0.03489831369370222, 0.008295476066734427, 44.95519789868308
promotion: 7.638614624738693e-05, 0.004892585452618169, 2.2204122813778895
reason: 1.4491379261016846e-06, 0.0013672037651813454, 2.9276640433881007
store: 9.930133819580078e-05, 0.00142003888939596, 26.771764962216867
store_returns: 20.850121902301908, 2.8393212838438275, 1.7674226466867209
store_sales: 174.69669486396015, 23.52608010001289, 40.3490357638571
time_dim: 0.0012146271765232086, 0.0017928737377134903, 3.3332492325632765
web_sales: 67.01082486007363, 8.829797363934619, 20.415257592085098
Function: 66.48312837333812, 6.066404304049808, 7.151427268981934, 47.900917711403764, 5.297373991800944, 0.03263968443672334, 0.03436541266495586
hiya: 0b10001111011101111111000, 66.48312837333812
catalog_sales: 132.3057429259643, 17.496053358496177, 14.582578196507939
customer: 0.8535048151388764, 0.1166917421991157, 15.0901272664008
customer_address: 0.2449320713058114, 0.04976863174236243, 12.998043065432347
customer_demographics: 0.011580578982830048, 0.005958778103917971, 7.973327408729464
date_dim: 0.001992875710129738, 0.001942563884129804, 57.87646927274637
household_demographics: 3.5176053643226624e-05, 0.0012819899658822141, 6.954308676135891
income_band: 5.122274160385132e-07, 0.0011215779134117875, 0.006527115621121395
item: 0.03489831369370222, 0.008295476066734427, 44.95519789868308
promotion: 7.638614624738693e-05, 0.004892585452618169, 2.2204122813778895
reason: 1.4491379261016846e-06, 0.0013672037651813454, 2.9276640433881007
store: 9.930133819580078e-05, 0.00142003888939596, 26.771764962216867
store_returns: 20.850121902301908, 2.8393212838438275, 1.7674226466867209
store_sales: 174.69669486396015, 23.52608010001289, 40.3490357638571
time_dim: 0.0012146271765232086, 0.0017928737377134903, 3.3332492325632765
web_sales: 67.01082486007363, 8.829797363934619, 20.415257592085098
catalog_sales: 132.3057429259643, 17.49604639392834, 14.582585161075777
customer: 0.8535048151388764, 0.11669169727066399, 15.082478617794719
customer_address: 0.2449320713058114, 0.04976861884915018, 12.990394384791026
customer_demographics: 0.011580578982830048, 0.005958777494316859, 7.965678715804532
date_dim: 0.001992875710129738, 0.0019425637792249242, 57.876469272851274
household_demographics: 3.5176053643226624e-05, 0.0012819899640305484, 6.946659982603211
item: 0.03489831369370222, 0.0082954742296889, 44.955197900520126
promotion: 7.638614624738693e-05, 0.004892585448597206, 2.2204122813819107
reason: 1.4491379261016846e-06, 0.0013672037651050629, 2.927664043388177
store: 9.930133819580078e-05, 0.0014200388841687425, 26.771764962222093
store_returns: 20.850121902301908, 2.8393201862944304, 1.7597750507015846
store_sales: 174.69669486396015, 23.52607090398742, 40.349044959882576
time_dim: 0.0012146271765232086, 0.0017928736737755752, 3.3332492326272143
web_sales: 67.01082486007363, 8.829793836488076, 20.41526111953164
Function: 66.48963464243079, 6.060258098597525, 7.16522216796875, 47.90091764944559, 5.2962624754412975, 0.0326188383569287, 0.03435541262069941
hiya: 0b10001111011100111111000, 66.48963464243079
catalog_sales: 132.3057429259643, 17.49604639392834, 14.582585161075777
customer: 0.8535048151388764, 0.11669169727066399, 15.082478617794719
customer_address: 0.2449320713058114, 0.04976861884915018, 12.990394384791026
customer_demographics: 0.011580578982830048, 0.005958777494316859, 7.965678715804532
date_dim: 0.001992875710129738, 0.0019425637792249242, 57.876469272851274
household_demographics: 3.5176053643226624e-05, 0.0012819899640305484, 6.946659982603211
item: 0.03489831369370222, 0.0082954742296889, 44.955197900520126
promotion: 7.638614624738693e-05, 0.004892585448597206, 2.2204122813819107
reason: 1.4491379261016846e-06, 0.0013672037651050629, 2.927664043388177
store: 9.930133819580078e-05, 0.0014200388841687425, 26.771764962222093
store_returns: 20.850121902301908, 2.8393201862944304, 1.7597750507015846
store_sales: 174.69669486396015, 23.52607090398742, 40.349044959882576
time_dim: 0.0012146271765232086, 0.0017928736737755752, 3.3332492326272143
web_sales: 67.01082486007363, 8.829793836488076, 20.41526111953164
catalog_sales: 132.3057429259643, 17.495473650269084, 12.07900388480229
customer: 0.8535048151388764, 0.11668800249929423, 14.049936770915634
customer_address: 0.2449320713058114, 0.049767558552841894, 11.997002999669293
customer_demographics: 0.011580578982830048, 0.005958727362682085, 7.9656787659361665
date_dim: 0.001992875710129738, 0.0019425551521849982, 54.80059771284779
household_demographics: 3.5176053643226624e-05, 0.001281989811755513, 6.946659982755485
item: 0.03489831369370222, 0.008295323156973199, 41.45765158624207
promotion: 7.638614624738693e-05, 0.004892585117926142, 2.2204122817125818
reason: 1.4491379261016846e-06, 0.0013672037588318314, 2.397832820447012
store: 9.930133819580078e-05, 0.00142003845429918, 22.70250094860339
store_sales: 174.69669486396015, 23.525314652428992, 35.789859070677394
time_dim: 0.0012146271765232086, 0.0017928684157270708, 3.333249237885263
web_sales: 67.01082486007363, 8.829503750629433, 20.41555120539028
Function: 68.22780427415681, 5.797183116172153, 12.027392387390137, 45.37892165434632, 4.962485758430163, 0.029277395729687104, 0.032543962088340525
hiya: 0b10001101011100111111000, 68.22780427415681
catalog_sales: 132.3057429259643, 17.495473650269084, 12.07900388480229
customer: 0.8535048151388764, 0.11668800249929423, 14.049936770915634
customer_address: 0.2449320713058114, 0.049767558552841894, 11.997002999669293
customer_demographics: 0.011580578982830048, 0.005958727362682085, 7.9656787659361665
date_dim: 0.001992875710129738, 0.0019425551521849982, 54.80059771284779
household_demographics: 3.5176053643226624e-05, 0.001281989811755513, 6.946659982755485
item: 0.03489831369370222, 0.008295323156973199, 41.45765158624207
promotion: 7.638614624738693e-05, 0.004892585117926142, 2.2204122817125818
reason: 1.4491379261016846e-06, 0.0013672037588318314, 2.397832820447012
store: 9.930133819580078e-05, 0.00142003845429918, 22.70250094860339
store_sales: 174.69669486396015, 23.525314652428992, 35.789859070677394
time_dim: 0.0012146271765232086, 0.0017928684157270708, 3.333249237885263
web_sales: 67.01082486007363, 8.829503750629433, 20.41555120539028
catalog_sales: 132.3057429259643, 17.495363018405858, 11.681494760774353
customer: 0.8535048151388764, 0.11668728881275364, 12.984653174310568
customer_address: 0.2449320713058114, 0.049767353744714804, 10.931718894185813
customer_demographics: 0.011580578982830048, 0.0059587176791944165, 6.805658219080755
date_dim: 0.001992875710129738, 0.0019425534857754523, 52.575292847683684
household_demographics: 3.5176053643226624e-05, 0.0012819897823418817, 6.946659982784899
item: 0.03489831369370222, 0.008295293975583321, 39.232346748592946
reason: 1.4491379261016846e-06, 0.0013672037576200862, 2.3978328204482233
store: 9.930133819580078e-05, 0.0014200383712650517, 21.637216638394815
store_sales: 174.69669486396015, 23.525168573956325, 33.962320038210734
time_dim: 0.0012146271765232086, 0.0017928674000760136, 3.3332492389009136
web_sales: 67.01082486007363, 8.82944771729145, 20.415607238728263
Function: 70.44790277883686, 5.686767920746802, 14.363112449645996, 45.378912414805384, 4.957612352210681, 0.028963685939417373, 0.03253395548857749
hiya: 0b10001101010100111111000, 70.44790277883686
catalog_sales: 132.3057429259643, 17.495363018405858, 11.681494760774353
customer: 0.8535048151388764, 0.11668728881275364, 12.984653174310568
customer_address: 0.2449320713058114, 0.049767353744714804, 10.931718894185813
customer_demographics: 0.011580578982830048, 0.0059587176791944165, 6.805658219080755
date_dim: 0.001992875710129738, 0.0019425534857754523, 52.575292847683684
household_demographics: 3.5176053643226624e-05, 0.0012819897823418817, 6.946659982784899
item: 0.03489831369370222, 0.008295293975583321, 39.232346748592946
reason: 1.4491379261016846e-06, 0.0013672037576200862, 2.3978328204482233
store: 9.930133819580078e-05, 0.0014200383712650517, 21.637216638394815
store_sales: 174.69669486396015, 23.525168573956325, 33.962320038210734
time_dim: 0.0012146271765232086, 0.0017928674000760136, 3.3332492389009136
web_sales: 67.01082486007363, 8.82944771729145, 20.415607238728263
catalog_sales: 132.3057429259643, 17.49526357381514, 11.68159420536507
customer: 0.8535048151388764, 0.11668664729534751, 12.984653815827974
customer_address: 0.2449320713058114, 0.04976716964711597, 10.931719078283413
customer_demographics: 0.011580578982830048, 0.005958708974916645, 6.805658227785032
date_dim: 0.001992875710129738, 0.0019425519878759285, 52.57529284918159
household_demographics: 3.5176053643226624e-05, 0.001281989755902604, 6.9466599828113385
item: 0.03489831369370222, 0.008295267745062672, 39.23234677482347
store: 9.930133819580078e-05, 0.001420038296627468, 21.637216638469454
store_sales: 174.69669486396015, 23.5250372671745, 31.56325132078671
time_dim: 0.0012146271765232086, 0.0017928664871292301, 3.3332492398138607
web_sales: 67.01082486007363, 8.82939735013501, 20.415657605884704
Function: 72.84545361630562, 5.584494518133798, 16.864585876464844, 45.37891223952007, 4.956255322586696, 0.028681704236829832, 0.03252395536337197
hiya: 0b10001101000100111111000, 72.84545361630562
catalog_sales: 132.3057429259643, 17.49526357381514, 11.68159420536507
customer: 0.8535048151388764, 0.11668664729534751, 12.984653815827974
customer_address: 0.2449320713058114, 0.04976716964711597, 10.931719078283413
customer_demographics: 0.011580578982830048, 0.005958708974916645, 6.805658227785032
date_dim: 0.001992875710129738, 0.0019425519878759285, 52.57529284918159
household_demographics: 3.5176053643226624e-05, 0.001281989755902604, 6.9466599828113385
item: 0.03489831369370222, 0.008295267745062672, 39.23234677482347
store: 9.930133819580078e-05, 0.001420038296627468, 21.637216638469454
store_sales: 174.69669486396015, 23.5250372671745, 31.56325132078671
time_dim: 0.0012146271765232086, 0.0017928664871292301, 3.3332492398138607
web_sales: 67.01082486007363, 8.82939735013501, 20.415657605884704
catalog_sales: 132.3057429259643, 17.495180243309036, 11.00594127770136
customer: 0.8535048151388764, 0.11668610972995817, 12.984654353393363
customer_address: 0.2449320713058114, 0.04976701538084595, 10.931719232549682
customer_demographics: 0.011580578982830048, 0.00595870168108732, 6.8056582350788615
date_dim: 0.001992875710129738, 0.0019425507326972955, 51.89955659226695
household_demographics: 3.5176053643226624e-05, 0.001281989733747569, 4.287354134702313
item: 0.03489831369370222, 0.008295245764957515, 38.55661053863376
store: 9.930133819580078e-05, 0.001420038234084221, 18.977910790400813
store_sales: 174.69669486396015, 23.524927237453372, 28.22831924420684
web_sales: 67.01082486007363, 8.829355144514704, 19.739963553335205
Function: 76.17846540380874, 5.499293361190159, 20.284829139709473, 45.37876532024117, 4.9546184091647465, 0.02844532308360904, 0.03251385041958392
hiya: 0b10000101000100111111000, 76.17846540380874
catalog_sales: 132.3057429259643, 17.495180243309036, 11.00594127770136
customer: 0.8535048151388764, 0.11668610972995817, 12.984654353393363
customer_address: 0.2449320713058114, 0.04976701538084595, 10.931719232549682
customer_demographics: 0.011580578982830048, 0.00595870168108732, 6.8056582350788615
date_dim: 0.001992875710129738, 0.0019425507326972955, 51.89955659226695
household_demographics: 3.5176053643226624e-05, 0.001281989733747569, 4.287354134702313
item: 0.03489831369370222, 0.008295245764957515, 38.55661053863376
store: 9.930133819580078e-05, 0.001420038234084221, 18.977910790400813
store_sales: 174.69669486396015, 23.524927237453372, 28.22831924420684
web_sales: 67.01082486007363, 8.829355144514704, 19.739963553335205
catalog_sales: 132.3057429259643, 17.49494034640641, 11.006181174603988
customer: 0.8535048151388764, 0.11668456215419161, 9.597514420761687
customer_address: 0.2449320713058114, 0.04976657126977442, 8.397527073249078
customer_demographics: 0.011580578982830048, 0.005958680683170168, 5.904163611848162
date_dim: 0.001992875710129738, 0.0019425471192131064, 47.61092047144437
item: 0.03489831369370222, 0.008295182487300953, 38.556610601911416
store: 9.930133819580078e-05, 0.0014200380540309375, 14.689274666144806
store_sales: 174.69669486396015, 23.524610477235182, 23.93999987998897
web_sales: 67.01082486007363, 8.829233640421451, 19.74008505742846
Function: 80.46513926383065, 5.250566433258056, 24.822192192077637, 45.378761065404355, 4.953350646263758, 0.02776507944647787, 0.03250384738037288
hiya: 0b10000101000100011111000, 80.46513926383065
catalog_sales: 132.3057429259643, 17.49494034640641, 11.006181174603988
customer: 0.8535048151388764, 0.11668456215419161, 9.597514420761687
customer_address: 0.2449320713058114, 0.04976657126977442, 8.397527073249078
customer_demographics: 0.011580578982830048, 0.005958680683170168, 5.904163611848162
date_dim: 0.001992875710129738, 0.0019425471192131064, 47.61092047144437
item: 0.03489831369370222, 0.008295182487300953, 38.556610601911416
store: 9.930133819580078e-05, 0.0014200380540309375, 14.689274666144806
store_sales: 174.69669486396015, 23.524610477235182, 23.93999987998897
web_sales: 67.01082486007363, 8.829233640421451, 19.74008505742846
catalog_sales: 132.3057429259643, 17.494313872473725, 8.037550853014302
customer: 0.8535048151388764, 0.11668052076863814, 6.628261666624868
customer_address: 0.2449320713058114, 0.049765411504865076, 4.773715438158551
date_dim: 0.001992875710129738, 0.001942537682852629, 41.70079818834942
item: 0.03489831369370222, 0.008295017242139706, 34.15162018579671
store: 9.930133819580078e-05, 0.0014200375838344177, 11.748409169606044
store_sales: 174.69669486396015, 23.52378328014579, 20.14938586823099
web_sales: 67.01082486007363, 8.82891634100531, 18.88982664500619
Function: 86.36751543088354, 4.602279988606771, 31.380600929260254, 45.377360297871554, 4.948793492682775, 0.025987875643861034, 0.03249284681834876
hiya: 0b10000101000100010111000, 86.36751543088354
catalog_sales: 132.3057429259643, 17.494313872473725, 8.037550853014302
customer: 0.8535048151388764, 0.11668052076863814, 6.628261666624868
customer_address: 0.2449320713058114, 0.049765411504865076, 4.773715438158551
date_dim: 0.001992875710129738, 0.001942537682852629, 41.70079818834942
item: 0.03489831369370222, 0.008295017242139706, 34.15162018579671
store: 9.930133819580078e-05, 0.0014200375838344177, 11.748409169606044
store_sales: 174.69669486396015, 23.52378328014579, 20.14938586823099
web_sales: 67.01082486007363, 8.82891634100531, 18.88982664500619
catalog_sales: 132.3057429259643, 17.493918488179943, 5.3731911329951885
customer: 0.8535048151388764, 0.11667797014316178, 4.897992594907281
date_dim: 0.001992875710129738, 0.001942531727315569, 36.87731734464152
item: 0.03489831369370222, 0.008294912951541212, 30.803093207865007
store: 9.930133819580078e-05, 0.001420037287080939, 10.507627614471112
store_sales: 174.69669486396015, 23.52326121415079, 15.542084962950344
web_sales: 67.01082486007363, 8.82871608493874, 15.222613167649207
Function: 91.13987577495007, 4.210578533887863, 36.59578323364258, 45.347733722746526, 4.92846805917581, 0.02485054080989972, 0.03246168468738794
hiya: 0b10000101000100010011000, 91.13987577495007
catalog_sales: 132.3057429259643, 17.493918488179943, 5.3731911329951885
customer: 0.8535048151388764, 0.11667797014316178, 4.897992594907281
date_dim: 0.001992875710129738, 0.001942531727315569, 36.87731734464152
item: 0.03489831369370222, 0.008294912951541212, 30.803093207865007
store: 9.930133819580078e-05, 0.001420037287080939, 10.507627614471112
store_sales: 174.69669486396015, 23.52326121415079, 15.542084962950344
web_sales: 67.01082486007363, 8.82871608493874, 15.222613167649207
catalog_sales: 132.3057429259643, 17.492104901392278, 1.6458015089744151
date_dim: 0.001992875710129738, 0.0019425044098841605, 31.86264680690851
item: 0.03489831369370222, 0.008294434581372034, 29.363909727428183
store: 9.930133819580078e-05, 0.00142003592590348, 10.50762761583229
store_sales: 174.69669486396015, 23.520866551525817, 10.529809060524872
web_sales: 67.01082486007363, 8.827797531110999, 10.208861156426508
Function: 96.03192311745367, 2.3347709647830333, 43.48626136779785, 45.24449520281535, 4.914350984334946, 0.019666655851137933, 0.03237794187135994
hiya: 0b10000101000100010001000, 96.03192311745367
catalog_sales: 132.3057429259643, 17.492104901392278, 1.6458015089744151
date_dim: 0.001992875710129738, 0.0019425044098841605, 31.86264680690851
item: 0.03489831369370222, 0.008294434581372034, 29.363909727428183
store: 9.930133819580078e-05, 0.00142003592590348, 10.50762761583229
store_sales: 174.69669486396015, 23.520866551525817, 10.529809060524872
web_sales: 67.01082486007363, 8.827797531110999, 10.208861156426508
date_dim: 0.001992875710129738, 0.0019424753345526225, 12.72474042561715
item: 0.03489831369370222, 0.008293925427672379, 10.933630702542386
store: 9.930133819580078e-05, 0.001420034477133085, 10.50762761728106
store_sales: 174.69669486396015, 23.518317790308068, -7.863636705044179
web_sales: 67.01082486007363, 8.826819867556999, -8.067714822977493
date_dim: 0.001992875710129738, 0.001942399733133254, -0.001942399733133254
date_dim had no query dependencies
item: 0.03489831369370222, 0.008292601530735208, -0.008292601530735208
item had no query dependencies
store: 9.930133819580078e-05, 0.0014200307100531437, -0.0014200307100531437
store had no query dependencies
Function: 81.0332202911377, 0, 81.0332202911377, 0.0, 0, 0.0, 0
hiya: 0b0, 81.0332202911377
{62.68354240148609: [0, 2, 3, 4, 5, 6, 7, 8, 9, 10, 11, 12, 13, 14, 15, 16, 17, 18, 19, 20, 22, 23], 62.8077678183392: [0, 2, 3, 4, 5, 6, 7, 8, 9, 10, 11, 12, 13, 14, 15, 16, 17, 18, 19, 20, 22], 62.95458687729736: [0, 2, 3, 4, 5, 6, 7, 8, 9, 10, 11, 12, 13, 14, 15, 16, 17, 18, 19, 22], 63.65438100684742: [0, 2, 3, 4, 5, 6, 7, 8, 9, 11, 12, 13, 14, 15, 16, 17, 18, 19, 22], 64.43177520280143: [0, 2, 3, 4, 5, 6, 7, 8, 9, 11, 12, 13, 15, 16, 17, 18, 19, 22], 64.64433437590336: [0, 2, 3, 4, 5, 6, 7, 8, 9, 11, 12, 13, 15, 16, 17, 18, 22], 65.62265072455858: [2, 3, 4, 5, 6, 7, 8, 9, 11, 12, 13, 15, 16, 17, 18, 22], 66.48312837333812: [3, 4, 5, 6, 7, 8, 9, 11, 12, 13, 15, 16, 17, 18, 22], 66.48963464243079: [3, 4, 5, 6, 7, 8, 11, 12, 13, 15, 16, 17, 18, 22], 68.22780427415681: [3, 4, 5, 6, 7, 8, 11, 12, 13, 15, 17, 18, 22], 70.44790277883686: [3, 4, 5, 6, 7, 8, 11, 13, 15, 17, 18, 22], 72.84545361630562: [3, 4, 5, 6, 7, 8, 11, 15, 17, 18, 22], 76.17846540380874: [3, 4, 5, 6, 7, 8, 11, 15, 17, 22], 80.46513926383065: [3, 4, 5, 6, 7, 11, 15, 17, 22], 86.36751543088354: [3, 4, 5, 7, 11, 15, 17, 22], 91.13987577495007: [3, 4, 7, 11, 15, 17, 22], 96.03192311745367: [3, 7, 11, 15, 17, 22], 81.0332202911377: []}
[0, 2, 3, 4, 5, 6, 7, 8, 9, 10, 11, 12, 13, 14, 15, 16, 17, 18, 19, 20, 22, 23]
{'35': 4325624, '62': 13123712, '93': 204800, '10': 4325624, '69': 4325624, '33': 4327592, '76': 4327560, '64': 236540, '27': 166080, '73': 164240, '22': 527488, '12': 4196480, '36': 166016, '03': 133248, '71': 4589704, '19': 166064, '54': 4360376, '42': 133248, '26': 6344, '48': 164064, '60': 4327592, '88': 426240, '59': 163968, '07': 137408, '43': 163968, '84': 66416, '57': 2185, '53': 166016, '72': 531916, '14': 4327560, '70': 163968, '29': 231560, '58': 4327560, '17': 231560, '66': 4997256, '39': 527488, '74': 4325520, '25': 231560, '31': 4325536, '16': 173, '79': 164240, '01': 98448, '87': 4325528, '47': 166016, '40': 526476, '09': 139264, '28': 131072, '45': 4196528, '21': 527488, '13': 164320, '82': 134272, '98': 133248, '34': 164240, '23': 4327576, '38': 4325528, '15': 184, '86': 4196480, '44': 133120, '32': 2184, '63': 166016, '20': 2184, '89': 166016, '91': 501, '11': 4325520, '56': 4327592, '37': 3208, '55': 133248, '99': 540809, '92': 4196480, '96': 426240, '06': 133296, '18': 2296, '90': 5505280, '51': 4325504, '97': 131208, '04': 4325528, '24': 231472, '67': 166016, '50': 229504, '61': 170160, '68': 164272, '02': 4194440, '65': 166016, '08': 164016, '52': 133248, '46': 164272}
Best Cost: $62.68354240148609;
[0, 2, 3, 4, 5, 6, 7, 8, 9, 10, 11, 12, 13, 14, 15, 16, 17, 18, 19, 20, 22, 23]
{}
{'35': 4325624, '62': 13123712, '93': 204800, '10': 4325624, '69': 4325624, '33': 4327592, '76': 4327560, '64': 236540, '27': 166080, '73': 164240, '22': 527488, '12': 4196480, '36': 166016, '03': 133248, '71': 4589704, '19': 166064, '54': 4360376, '42': 133248, '26': 6344, '48': 164064, '60': 4327592, '88': 426240, '59': 163968, '07': 137408, '43': 163968, '84': 66416, '57': 2185, '53': 166016, '72': 531916, '14': 4327560, '70': 163968, '29': 231560, '58': 4327560, '17': 231560, '66': 4997256, '39': 527488, '74': 4325520, '25': 231560, '31': 4325536, '16': 173, '79': 164240, '01': 98448, '87': 4325528, '47': 166016, '40': 526476, '09': 139264, '28': 131072, '45': 4196528, '21': 527488, '13': 164320, '82': 134272, '98': 133248, '34': 164240, '23': 4327576, '38': 4325528, '15': 184, '86': 4196480, '44': 133120, '32': 2184, '63': 166016, '20': 2184, '89': 166016, '91': 501, '11': 4325520, '56': 4327592, '37': 3208, '55': 133248, '99': 540809, '92': 4196480, '96': 426240, '06': 133296, '18': 2296, '90': 5505280, '51': 4325504, '97': 131208, '04': 4325528, '24': 231472, '67': 166016, '50': 229504, '61': 170160, '68': 164272, '02': 4194440, '65': 166016, '08': 164016, '52': 133248, '46': 164272}
{'35': 4325624, '62': 13123712, '93': 204800, '10': 4325624, '69': 4325624, '33': 4327592, '76': 4327560, '64': 236540, '27': 166080, '73': 164240, '22': 527488, '12': 4196480, '36': 166016, '03': 133248, '71': 4589704, '19': 166064, '54': 4360376, '42': 133248, '26': 6344, '48': 164064, '60': 4327592, '88': 426240, '59': 163968, '07': 137408, '43': 163968, '84': 66416, '57': 2185, '53': 166016, '72': 531916, '14': 4327560, '70': 163968, '29': 231560, '58': 4327560, '17': 231560, '66': 4997256, '39': 527488, '74': 4325520, '25': 231560, '31': 4325536, '16': 173, '79': 164240, '01': 98448, '87': 4325528, '47': 166016, '40': 526476, '09': 139264, '28': 131072, '45': 4196528, '21': 527488, '13': 164320, '82': 134272, '98': 133248, '34': 164240, '23': 4327576, '38': 4325528, '15': 184, '86': 4196480, '44': 133120, '32': 2184, '63': 166016, '20': 2184, '89': 166016, '91': 501, '11': 4325520, '56': 4327592, '37': 3208, '55': 133248, '99': 540809, '92': 4196480, '96': 426240, '06': 133296, '18': 2296, '90': 5505280, '51': 4325504, '97': 131208, '04': 4325528, '24': 231472, '67': 166016, '50': 229504, '61': 170160, '68': 164272, '02': 4194440, '65': 166016, '08': 164016, '52': 133248, '46': 164272}
[0, 2, 3, 4, 5, 6, 7, 8, 9, 10, 11, 12, 13, 14, 15, 16, 17, 18, 19, 20, 22, 23]
22
Optimal Subset: 0b110111111111111111111101
Function: 62.68354240148609, 6.809461381147702, 0.04799365997314453, 50.09577960538162, 5.656857415391605, 0.037447146829457496, 0.036003192762562634
62.68354240148609
Real: 62.68354240148609, 6.809461381147702, 0.04799365997314453, 50.09577960538162, 5.656857415391605, 0.037447146829457496, 0.036003192762562634
Num Redshift Qs: 86; Num GCP Qs: 2
Redshift Qs: $6.809461381147702; GCP Qs: $0.04799365997314453; Movement Cost: $50.09577960538162
Load Cost: $5.656857415391605, Storage Cost: $0.037447146829457496, API Cost: $0.036003192762562634
Final cost: $62.68354240148609, BQ Baseline: $81.0332202911377, Diff: $18.349677889651602, %: 22.64463614271348%
