Egress: $0.12/GB
Benchmark: tpcds
Data Path: parquet_2000/internal_rs1
BigQuery Cost: $5/TB; DuckDB Cost: $1.48/hr; Redshift Cost: $1.086/hr
Use Duck: True
Excluded Table: warehouse
Excluded Query: None

Starting analysis using DuckDB
Duck Total: $46.94791951739524, Duck-Calcite Total: $54.04596441842186, Redshift Total: $11.622719432972671, Redshift-Calcite Total: $11.078956580388544, BigQuery Total: $94.87037181854248
!!!!!!: 27.476089330803138
Excluding table warehouse and any queries that depend on it
Total Keys: 85, Keys Considered: 83
call_center: 5.735084414482117e-06, 0.005376688927237487, 0.4838806688071932
catalog_page: 0.0006659524515271187, 0.005071433573672969, 2.952564516318523
catalog_returns: 23.366260116919875, 3.0584193303816614, 1.7306404410635041
catalog_sales: 217.0907397372648, 29.352344412965913, -16.209956947509824
customer: 0.6484093563631177, 0.09150823773339992, 7.858487018183698
customer_address: 0.18544994108378887, 0.03125594244146895, 5.473175145932638
customer_demographics: 0.012168197892606258, 0.007095748082129293, 2.8069170683873668
date_dim: 0.0019952356815338135, 0.005567996084023039, 23.2475922648536
household_demographics: 3.512948751449585e-05, 0.0043897213155948845, 2.706680881191301
income_band: 6.137415766716003e-07, 0.003414421539762438, 0.01860763045225658
inventory: 0.24701470416039228, 0.03766666859439627, 0.19078065005276906
item: 0.005464168265461922, 0.0061787533038177135, 9.640472877690389
promotion: 2.6027671992778778e-05, 0.00480767618534813, 1.902554851087471
reason: 1.2423843145370483e-06, 0.004734816829390738, 1.630569023340641
ship_mode: 1.5795230865478516e-06, 0.004709164189930807, -0.004709164189930807
ship_mode had no query dependencies
store: 2.3781321942806244e-05, 0.005282364299376861, 10.141113638003874
store_returns: 36.877127600833774, 4.823211545917277, 2.217293320993586
store_sales: 288.85508783441037, 39.27541386923846, -14.90509920300494
time_dim: 0.0012104213237762451, 0.0019427089307186638, 1.1035697772228463
web_page: 1.0661780834197998e-05, 0.0015543746086392279, 0.562336618041938
web_returns: 11.326140539720654, 1.4907396072084207, 3.8327861575653737
web_sales: 109.34904180746526, 14.638647410218438, -0.3265555948968242
web_site: 8.863396942615509e-06, 0.0006161855504487849, 3.533934119465184
call_center: 5.735084414482117e-06, 0.005376685780303334, 0.005310800460424324
catalog_page: 0.0006659524515271187, 0.005071068154724928, -0.005071068154724928
catalog_page had no query dependencies
catalog_returns: 23.366260116919875, 3.0455978831867387, -2.9487379666907376
customer: 0.6484093563631177, 0.09115244496717612, 0.059860761294474124
customer_address: 0.18544994108378887, 0.03115418304073431, 0.048540500648269785
customer_demographics: 0.012168197892606258, 0.007089071193917111, 0.025620467038829562
date_dim: 0.0019952356815338135, 0.005566901265733582, 0.18549492800265419
household_demographics: 3.512948751449585e-05, 0.004389702039473378, 0.028319836193273294
income_band: 6.137415766716003e-07, 0.003414421202992446, 0.01860763078902657
inventory: 0.24701470416039228, 0.037531127606240076, -0.037531127606240076
inventory had no query dependencies
item: 0.005464168265461922, 0.006175755025765118, 0.05589491997299142
promotion: 2.6027671992778778e-05, 0.0048076619035409265, -0.0048076619035409265
promotion had no query dependencies
reason: 1.2423843145370483e-06, 0.004734816147674245, -0.004734816147674245
reason had no query dependencies
store: 2.3781321942806244e-05, 0.0052823512501784875, 0.06603617132246767
store_returns: 36.877127600833774, 4.802976465854459, -4.647565216291038
time_dim: 0.0012104213237762451, 0.0019420447528395873, -0.0019420447528395873
time_dim had no query dependencies
web_page: 1.0661780834197998e-05, 0.0015543687583465715, -0.0015543687583465715
web_page had no query dependencies
web_returns: 11.326140539720654, 1.4845247695696344, -1.3995707043711372
web_site: 8.863396942615509e-06, 0.0006161806869586371, -0.0006161806869586371
web_site had no query dependencies
call_center: 5.735084414482117e-06, 0.00537668564333831, -0.00537668564333831
call_center had no query dependencies
customer: 0.6484093563631177, 0.09113695968446336, -0.09113695968446336
customer had no query dependencies
customer_address: 0.18544994108378887, 0.031149754133688836, -0.031149754133688836
customer_address had no query dependencies
customer_demographics: 0.012168197892606258, 0.007088780593569317, -0.007088780593569317
customer_demographics had no query dependencies
date_dim: 0.0019952356815338135, 0.005566853615605921, -0.005566853615605921
date_dim had no query dependencies
household_demographics: 3.512948751449585e-05, 0.004389701200512558, -0.004389701200512558
household_demographics had no query dependencies
income_band: 6.137415766716003e-07, 0.003414421188335098, -0.003414421188335098
income_band had no query dependencies
item: 0.005464168265461922, 0.006175624530747503, -0.006175624530747503
item had no query dependencies
store: 2.3781321942806244e-05, 0.00528235068223404, -0.00528235068223404
store had no query dependencies
{}
{}
STARTING PHASE 2: 0b0
----
[]
Function: 37.42891893890458, 0, 37.42891893890458, 0.0, 0, 0.0, 0
{37.42891893890458: []}
[]
{}
Best Cost: $37.42891893890458;
[]
{}
{}
{}
[]
0
Optimal Subset: 0b0
Function: 37.42891893890458, 0, 37.42891893890458, 0.0, 0, 0.0, 0
37.42891893890458
Real: 37.42891893890458, 0, 37.42891893890458, 0.0, 0, 0.0, 0
Num Redshift Qs: 0; Num GCP Qs: 85
Num BigQuery Qs: 9; Num DuckDB Qs: 76
Redshift Qs: $0; GCP Qs: $37.42891893890458; Movement Cost: $0.0
Load Cost: $0, Storage Cost: $0.0, API Cost: $0
Final cost: $37.42891893890458, BQ Baseline: $94.87037181854248, Diff: $57.4414528796379, %: 60.54730447299767%
