Egress: $0.12/GB
Benchmark: tpcds
Data Path: parquet_2000/internal_rs1
BigQuery Cost: $5/TB; DuckDB Cost: $1.48/hr; Redshift Cost: $1.086/hr
Use Duck: True
Excluded Table: call_center
Excluded Query: None

Starting analysis using DuckDB
Duck Total: $47.14335425570276, Duck-Calcite Total: $53.820228631313654, Redshift Total: $11.660504830295645, Redshift-Calcite Total: $11.099006326009828, BigQuery Total: $95.70028305053711
!!!!!!: 27.677560666718872
Excluding table call_center and any queries that depend on it
Total Keys: 88, Keys Considered: 86
-0.045316412868853184
catalog_page: 0.0006659524515271187, 0.00507143349249153, 2.952564516399704
catalog_returns: 23.366260116919875, 3.0584164819701867, 1.5361178330603629
catalog_sales: 217.0907397372648, 29.35231794900672, -16.17192026162479
customer: 0.6484093563631177, 0.09150815869051321, 7.847799610985856
customer_address: 0.18544994108378887, 0.03125591983461027, 5.198703449872949
customer_demographics: 0.012168197892606258, 0.00709574659879245, 2.796229583629976
date_dim: 0.0019952356815338135, 0.005567995840798313, 23.449063601012547
household_demographics: 3.512948751449585e-05, 0.004389721311312503, 2.6959933949548556
income_band: 6.137415766716003e-07, 0.003414421539687621, 0.018607630452331395
inventory: 0.24701470416039228, 0.03766663848262339, 0.2058416219008427
item: 0.005464168265461922, 0.00617875263772055, 9.520694443276827
promotion: 2.6027671992778778e-05, 0.004807676182175286, 1.9025548510906436
reason: 1.2423843145370483e-06, 0.004734816829239288, 1.6305690233407923
ship_mode: 1.5795230865478516e-06, 0.004709164189738259, 0.5910123254721864
store: 2.3781321942806244e-05, 0.005282364296477852, 10.141113638006773
store_returns: 36.877127600833774, 4.8232070504938385, 2.2172978164170267
store_sales: 288.85508783441037, 39.27537865700756, -14.905063990774035
time_dim: 0.0012104213237762451, 0.0019427087831649702, 1.5402036085380149
warehouse: 2.3292377591133118e-06, 0.00044575818224324343, 0.6902829354679118
web_page: 1.0661780834197998e-05, 0.0015543746073395275, 0.5623366180432378
web_returns: 11.326140539720654, 1.490738226520689, 3.832787538253104
web_sales: 109.34904180746526, 14.63863408026902, 0.2691792247145184
web_site: 8.863396942615509e-06, 0.0006161855493683123, 3.693021777960574
-0.04518958374346992
catalog_page: 0.0006659524515271187, 0.005071101586842995, -0.005071101586842995
catalog_page had no query dependencies
catalog_returns: 23.366260116919875, 3.0467709152331484, -2.9605984849778753
customer: 0.6484093563631177, 0.091184996387489, 0.14011052254722667
customer_address: 0.18544994108378887, 0.031163492991184556, 0.938969580422835
customer_demographics: 0.012168197892606258, 0.0070896820612961296, 0.24817409185923622
date_dim: 0.0019952356815338135, 0.0055670014304746605, 1.5130354767539238
household_demographics: 3.512948751449585e-05, 0.004389703803042492, 0.09450792710372113
income_band: 6.137415766716003e-07, 0.003414421233803476, 0.01860763075821554
inventory: 0.24701470416039228, 0.03754352822843912, -0.022482586492138336
item: 0.005464168265461922, 0.006176029337719633, 0.42487904527151504
promotion: 2.6027671992778778e-05, 0.004807663210181065, -0.004807663210181065
promotion had no query dependencies
reason: 1.2423843145370483e-06, 0.004734816210044373, 0.22850690571846896
ship_mode: 1.5795230865478516e-06, 0.004709163402515939, 0.15437849509179394
store: 2.3781321942806244e-05, 0.00528235244404745, 0.0660361701285987
store_returns: 36.877127600833774, 4.804827769924467, -4.649416520361045
time_dim: 0.0012104213237762451, 0.0019421055183619833, 0.07493347339638262
warehouse: 2.3292377591133118e-06, 0.00044575702136881874, 0.17370284320924184
web_page: 1.0661780834197998e-05, 0.0015543692935888623, 0.3085629315496691
web_returns: 11.326140539720654, 1.4850933640194417, -0.5899832217689943
web_sales: 109.34904180746526, 14.584135347582317, -13.184092575247135
web_site: 8.863396942615509e-06, 0.0006161811319185323, 0.735385832485828
customer: 0.6484093563631177, 0.09113711822784215, -0.09113711822784215
customer had no query dependencies
customer_address: 0.18544994108378887, 0.031149799478284758, -0.031149799478284758
customer_address had no query dependencies
customer_demographics: 0.012168197892606258, 0.00708878356883053, -0.00708878356883053
customer_demographics had no query dependencies
date_dim: 0.0019952356815338135, 0.005566854103463481, -0.005566854103463481
date_dim had no query dependencies
household_demographics: 3.512948751449585e-05, 0.0043897012091021126, -0.0043897012091021126
household_demographics had no query dependencies
income_band: 6.137415766716003e-07, 0.0034144211884851645, -0.0034144211884851645
income_band had no query dependencies
item: 0.005464168265461922, 0.006175625866798087, -0.006175625866798087
item had no query dependencies
reason: 1.2423843145370483e-06, 0.004734816118307457, -0.004734816118307457
reason had no query dependencies
ship_mode: 1.5795230865478516e-06, 0.004709163285884897, -0.004709163285884897
ship_mode had no query dependencies
store: 2.3781321942806244e-05, 0.005282350688048841, -0.005282350688048841
store had no query dependencies
time_dim: 0.0012104213237762451, 0.0019420161415742937, -0.0019420161415742937
time_dim had no query dependencies
warehouse: 2.3292377591133118e-06, 0.00044575684937929363, -0.00044575684937929363
warehouse had no query dependencies
web_page: 1.0661780834197998e-05, 0.0015543685063293326, -0.0015543685063293326
web_page had no query dependencies
web_site: 8.863396942615509e-06, 0.0006161804774505953, -0.0006161804774505953
web_site had no query dependencies
{}
{}
STARTING PHASE 2: 0b0
----
[]
Function: 37.63111896566311, 0, 37.63111896566311, 0.0, 0, 0.0, 0
{37.63111896566311: []}
[]
{}
Best Cost: $37.63111896566311;
[]
{}
{}
{}
[]
0
Optimal Subset: 0b0
Function: 37.63111896566311, 0, 37.63111896566311, 0.0, 0, 0.0, 0
37.63111896566311
Real: 37.63111896566311, 0, 37.63111896566311, 0.0, 0, 0.0, 0
Num Redshift Qs: 0; Num GCP Qs: 88
Num BigQuery Qs: 12; Num DuckDB Qs: 76
Redshift Qs: $0; GCP Qs: $37.63111896566311; Movement Cost: $0.0
Load Cost: $0, Storage Cost: $0.0, API Cost: $0
Final cost: $37.63111896566311, BQ Baseline: $95.70028305053711, Diff: $58.069164084874, %: 60.67815291017374%
