Egress: $0.12/GB
Benchmark: tpcds
Data Path: parquet_1000/real_data_rs4
BigQuery Cost: $5/TB; DuckDB Cost: $1.48/hr; Redshift Cost: $4.344/hr
Use Duck: False
Excluded Table: web_sales
Excluded Query: None

Starting analysis without using DuckDB
Excluding table web_sales and any queries that depend on it
60
23
Total Keys: 63, Keys Considered: 60
h
61.78256610864107
37.36349976126801
44.1486101636823
6.78511040241429
['000', '001', '002', '003', '009', '0014', '0016', '0020', '0021', '0023']
['source', '01', '15', '16', '17', '18', '20', '24', '25', '26', '29', '32', '37', '40', '50', '57', '64', '72', '83', '84', '91', '93', '97', '99']
Optimal Subset: 0b11101011110111110000
h
37.363499761267995
