Egress: $0.12/GB
Benchmark: tpcds
Data Path: parquet_1000/real_data_rs4
BigQuery Cost: $5/TB; DuckDB Cost: $1.48/hr; Redshift Cost: $4.344/hr
Use Duck: False
Excluded Table: customer
Excluded Query: None

Starting analysis without using DuckDB
Excluding table customer and any queries that depend on it
69
23
Total Keys: 70, Keys Considered: 69
h
61.9001011307019
56.52724570817196
69.3701449547545
12.842899246582533
['009']
['source']
Optimal Subset: 0b111111111111110111101111
h
56.52724570817195
