Egress: $0.12/GB
Benchmark: tpcds
Data Path: parquet_1000/real_data_rs4
BigQuery Cost: $5/TB; DuckDB Cost: $1.48/hr; Redshift Cost: $4.344/hr
Use Duck: False
Excluded Table: store_returns
Excluded Query: None

Starting analysis without using DuckDB
Excluding table store_returns and any queries that depend on it
80
23
Total Keys: 83, Keys Considered: 80
h
59.21548205556678
52.937340170724255
67.69344786497433
14.756107694250076
['001', '002', '009', '0021']
['source', '16', '40', '72', '85', '91', '94', '95']
Optimal Subset: 0b110111101111110111111001
h
52.93734017072425
