Egress: $0.12/GB
Benchmark: tpcds
Data Path: parquet_1000/real_data_rs4
BigQuery Cost: $5/TB; DuckDB Cost: $1.48/hr; Redshift Cost: $4.344/hr
Use Duck: False
Excluded Table: web_returns
Excluded Query: None

Starting analysis without using DuckDB
Excluding table web_returns and any queries that depend on it
86
23
Total Keys: 88, Keys Considered: 86
h
61.793478066341805
55.82610135278765
74.17576525001684
18.349663897229185
['001']
['source']
Optimal Subset: 0b110111111111111111111101
h
55.82610135278765
