Egress: $0.12/GB
Benchmark: tpcds
Data Path: parquet_2000/real_data_rs1
BigQuery Cost: $5/TB; DuckDB Cost: $1.48/hr; Redshift Cost: $1.086/hr
Use Duck: True
Excluded Table: household_demographics
Excluded Query: None

Starting analysis using DuckDB
Duck Total: $43.973058375665886, Duck-Calcite Total: $50.914718651474836, Redshift Total: $10.454656100768643, Redshift-Calcite Total: $10.584651832534469, BigQuery Total: $193.79212379455566
Excluding table household_demographics and any queries that depend on it
Total Keys: 81, Keys Considered: 79
-0.03615561834692886
call_center: 5.735084414482117e-06, 0.005376688842485981, 0.7522944936076914
catalog_page: 0.0006659524515271187, 0.005071423732410178, 2.9525645261597857
catalog_returns: 23.366260116919875, 3.0580740301943634, 1.8002445172620045
catalog_sales: 217.0907397372648, 29.34913630551881, -12.226149064310246
customer: 0.6484093563631177, 0.09149865571766108, 9.841794897845359
customer_address: 0.18544994108378887, 0.03125320191307158, 4.294621307107236
customer_demographics: 0.012168197892606258, 0.007095568263836147, 2.1607642877232296
date_dim: 0.0019952356815338135, 0.005567966598977033, 25.702183456519663
income_band: 6.137415766716003e-07, 0.0034144215306927328, -0.0034144215306927328
income_band had no query dependencies
inventory: 0.24701470416039228, 0.037663018278805104, 0.21934723547047122
item: 0.005464168265461922, 0.00617867255583682, 12.933900527168861
promotion: 2.6027671992778778e-05, 0.004807675800718328, 1.9025548514721007
reason: 1.2423843145370483e-06, 0.004734816811031123, 2.8364777135551402
ship_mode: 1.5795230865478516e-06, 0.004709164166589048, 0.8701136364518101
store: 2.3781321942806244e-05, 0.005282363947943004, 7.539628152995905
store_returns: 36.877127600833774, 4.822666585833641, 2.195816229085205
store_sales: 288.85508783441037, 39.27114524792585, -12.93459500028332
time_dim: 0.0012104213237762451, 0.0019426910434441184, 0.7993400714376551
warehouse: 2.3292377591133118e-06, 0.0004457581481063468, 0.9828862398243334
web_page: 1.0661780834197998e-05, 0.0015543744510823532, 0.4854610392847503
web_returns: 11.326140539720654, 1.4905722326080284, 3.890585315476864
web_sales: 109.34904180746526, 14.637031480051263, 3.6081039527900067
web_site: 8.863396942615509e-06, 0.0006161854194679342, 3.74540710829067
-0.03603244694473019
call_center: 5.735084414482117e-06, 0.005376686066596801, -0.005376686066596801
call_center had no query dependencies
catalog_page: 0.0006659524515271187, 0.0050711013988452005, -0.0050711013988452005
catalog_page had no query dependencies
catalog_returns: 23.366260116919875, 3.0467643189583624, -2.9605918887030893
customer: 0.6484093563631177, 0.09118481334209504, 0.12333510671150473
customer_address: 0.18544994108378887, 0.03116344063882845, 0.9745793640942705
customer_demographics: 0.012168197892606258, 0.007089678626224511, 0.22615204330228883
date_dim: 0.0019952356815338135, 0.005567000867221373, 1.584169253994086
inventory: 0.24701470416039228, 0.03754345849640427, -0.008980523394293255
item: 0.005464168265461922, 0.006176027795189712, 0.4383810401798553
promotion: 2.6027671992778778e-05, 0.004807663202833476, -0.004807663202833476
promotion had no query dependencies
reason: 1.2423843145370483e-06, 0.004734816209693649, 0.22850690571881968
ship_mode: 1.5795230865478516e-06, 0.004709163402070041, 0.15437849509223983
store: 2.3781321942806244e-05, 0.005282352437334005, 0.06603617013531216
store_returns: 36.877127600833774, 4.804817359543612, -4.671428161972209
time_dim: 0.0012104213237762451, 0.0019421051766611028, -0.0019421051766611028
time_dim had no query dependencies
warehouse: 2.3292377591133118e-06, 0.00044575702071127695, 0.1872048365757096
web_page: 1.0661780834197998e-05, 0.0015543692905790507, 0.23168735263793427
web_returns: 11.326140539720654, 1.4850901666598773, -0.5323482410983316
web_sales: 109.34904180746526, 14.584104478443491, -13.208551954822859
web_site: 8.863396942615509e-06, 0.0006161811294164032, 0.7877711626885254
customer: 0.6484093563631177, 0.09113693826742585, -0.09113693826742585
customer had no query dependencies
customer_address: 0.18544994108378887, 0.031149748008255408, -0.031149748008255408
customer_address had no query dependencies
customer_demographics: 0.012168197892606258, 0.007088780191652306, -0.007088780191652306
customer_demographics had no query dependencies
date_dim: 0.0019952356815338135, 0.005566853549703051, -0.005566853549703051
date_dim had no query dependencies
item: 0.005464168265461922, 0.00617562435026538, -0.00617562435026538
item had no query dependencies
reason: 1.2423843145370483e-06, 0.004734816117962643, -0.004734816117962643
reason had no query dependencies
ship_mode: 1.5795230865478516e-06, 0.004709163285446514, -0.004709163285446514
ship_mode had no query dependencies
store: 2.3781321942806244e-05, 0.00528235068144854, -0.00528235068144854
store had no query dependencies
warehouse: 2.3292377591133118e-06, 0.0004457568487328338, -0.0004457568487328338
warehouse had no query dependencies
web_page: 1.0661780834197998e-05, 0.0015543685033702474, -0.0015543685033702474
web_page had no query dependencies
web_site: 8.863396942615509e-06, 0.000616180474990636, -0.000616180474990636
web_site had no query dependencies
{}
{}
STARTING PHASE 2: 0b0
----
[]
Function: 39.82110425343114, 0, 39.82110425343114, 0.0, 0, 0.0, 0
{39.82110425343114: []}
[]
{}
Best Cost: $39.82110425343114;
[]
{}
{}
{}
[]
0
Optimal Subset: 0b0
Function: 39.82110425343114, 0, 39.82110425343114, 0.0, 0, 0.0, 0
39.82110425343114
Real: 39.82110425343114, 0, 39.82110425343114, 0.0, 0, 0.0, 0
Num Redshift Qs: 0; Num GCP Qs: 81
Num BigQuery Qs: 3; Num DuckDB Qs: 78
Redshift Qs: $0; GCP Qs: $39.82110425343114; Movement Cost: $0.0
Load Cost: $0, Storage Cost: $0.0, API Cost: $0
Final cost: $39.82110425343114, BQ Baseline: $193.79212379455566, Diff: $153.97101954112452, %: 79.45163948167131%
