Egress: $0.12/GB
Benchmark: tpcds
Data Path: parquet_2000/real_data_rs1
BigQuery Cost: $5/TB; DuckDB Cost: $1.48/hr; Redshift Cost: $1.086/hr
Use Duck: True
Excluded Table: customer_demographics
Excluded Query: None

Starting analysis using DuckDB
Duck Total: $44.100830527586425, Duck-Calcite Total: $50.17827084568871, Redshift Total: $10.689310376271406, Redshift-Calcite Total: $9.97216455106457, BigQuery Total: $186.71122074127197
Excluding table customer_demographics and any queries that depend on it
Total Keys: 80, Keys Considered: 78
-0.03615188538869024
call_center: 5.735084414482117e-06, 0.005376688758357051, 0.7522944936918203
catalog_page: 0.0006659524515271187, 0.005071413963440146, 2.952564535928756
catalog_returns: 23.366260116919875, 3.057731266541589, 1.8005872809147787
catalog_sales: 217.0907397372648, 29.34595176445133, -13.119664994593364
customer: 0.6484093563631177, 0.09148914409028178, 10.456698655836773
customer_address: 0.18544994108378887, 0.03125048151627318, 3.605953900336613
date_dim: 0.0019952356815338135, 0.005567937330524703, 24.858377716985437
household_demographics: 3.512948751449585e-05, 0.0043897202811405064, 2.6187027475817275
income_band: 6.137415766716003e-07, 0.003414421521689653, -0.003414421521689653
income_band had no query dependencies
inventory: 0.24701470416039228, 0.03765939477800253, 0.2193508589712738
item: 0.005464168265461922, 0.006178592401021086, 11.995904077750357
promotion: 2.6027671992778778e-05, 0.004807675418913971, 1.2169870071330986
reason: 1.2423843145370483e-06, 0.0047348167928063754, 2.6032359916448518
ship_mode: 1.5795230865478516e-06, 0.004709164143418755, 0.8701136364749804
store: 2.3781321942806244e-05, 0.005282363599090738, 9.545954593775484
store_returns: 36.877127600833774, 4.822125628962621, 2.1963571859562236
store_sales: 288.85508783441037, 39.26690798340285, -12.082376147404354
time_dim: 0.0012104213237762451, 0.0019426732875673861, 2.0983784698720154
warehouse: 2.3292377591133118e-06, 0.000445758113938361, 0.9828862398585014
web_page: 1.0661780834197998e-05, 0.0015543742946828726, 0.3290948964273811
web_returns: 11.326140539720654, 1.4904060875217457, 3.6575097386346336
web_sales: 109.34904180746526, 14.635427420316853, 2.793024231626438
web_site: 8.863396942615509e-06, 0.0006161852894492536, 3.7454071084206886
-0.0360321484166236
call_center: 5.735084414482117e-06, 0.005376686059868933, -0.005376686059868933
call_center had no query dependencies
catalog_page: 0.0006659524515271187, 0.005071100617611675, -0.005071100617611675
catalog_page had no query dependencies
catalog_returns: 23.366260116919875, 3.04673690783353, -2.9605644775782567
customer: 0.6484093563631177, 0.09118405268849789, 0.12333586736510188
customer_address: 0.18544994108378887, 0.031163223086192307, 0.7413378597183933
date_dim: 0.0019952356815338135, 0.005566998526596298, 1.3509275344061975
household_demographics: 3.512948751449585e-05, 0.004389703751914818, 0.07248587516282978
inventory: 0.24701470416039228, 0.03754316872170959, -0.008980233619598578
item: 0.005464168265461922, 0.0061760213851353146, 0.4383810465899097
promotion: 2.6027671992778778e-05, 0.00480766317230023, -0.00480766317230023
promotion had no query dependencies
reason: 1.2423843145370483e-06, 0.0047348162082361984, -0.0047348162082361984
reason had no query dependencies
ship_mode: 1.5795230865478516e-06, 0.004709163400217091, 0.15437849509409277
store: 2.3781321942806244e-05, 0.0052823524094359675, 0.0660361701632102
store_returns: 36.877127600833774, 4.804774098724676, -4.671384901153273
time_dim: 0.0012104213237762451, 0.001942103756707296, 0.0749334751580373
warehouse: 2.3292377591133118e-06, 0.0004457570179788317, 0.18720483657844206
web_page: 1.0661780834197998e-05, 0.0015543692780716405, 0.07532120963667296
web_returns: 11.326140539720654, 1.4850768798843876, -0.7655766762513553
web_sales: 109.34904180746526, 14.583976200309964, -13.3647898197031
web_site: 8.863396942615509e-06, 0.0006161811190186896, 0.7877711626989231
customer: 0.6484093563631177, 0.09113685963421517, -0.09113685963421517
customer had no query dependencies
customer_address: 0.18544994108378887, 0.03114972551856715, -0.03114972551856715
customer_address had no query dependencies
date_dim: 0.0019952356815338135, 0.005566853307738949, -0.005566853307738949
date_dim had no query dependencies
household_demographics: 3.512948751449585e-05, 0.004389701195092041, -0.004389701195092041
household_demographics had no query dependencies
item: 0.005464168265461922, 0.0061756236876205715, -0.0061756236876205715
item had no query dependencies
ship_mode: 1.5795230865478516e-06, 0.004709163285254964, -0.004709163285254964
ship_mode had no query dependencies
store: 2.3781321942806244e-05, 0.005282350678564557, -0.005282350678564557
store had no query dependencies
time_dim: 0.0012104213237762451, 0.0019420156588433812, -0.0019420156588433812
time_dim had no query dependencies
warehouse: 2.3292377591133118e-06, 0.00044575684845036493, -0.00044575684845036493
warehouse had no query dependencies
web_page: 1.0661780834197998e-05, 0.0015543685020772832, -0.0015543685020772832
web_page had no query dependencies
web_site: 8.863396942615509e-06, 0.0006161804739157635, -0.0006161804739157635
web_site had no query dependencies
{}
{}
STARTING PHASE 2: 0b0
----
[]
Function: 39.77195173592116, 0, 39.77195173592116, 0.0, 0, 0.0, 0
{39.77195173592116: []}
[]
{}
Best Cost: $39.77195173592116;
[]
{}
{}
{}
[]
0
Optimal Subset: 0b0
Function: 39.77195173592116, 0, 39.77195173592116, 0.0, 0, 0.0, 0
39.77195173592116
Real: 39.77195173592116, 0, 39.77195173592116, 0.0, 0, 0.0, 0
Num Redshift Qs: 0; Num GCP Qs: 80
Num BigQuery Qs: 3; Num DuckDB Qs: 77
Redshift Qs: $0; GCP Qs: $39.77195173592116; Movement Cost: $0.0
Load Cost: $0, Storage Cost: $0.0, API Cost: $0
Final cost: $39.77195173592116, BQ Baseline: $186.71122074127197, Diff: $146.9392690053508, %: 78.69868153717786%
