Egress: $0.12/GB
Benchmark: tpcds
Data Path: parquet_2000/real_data_rs1
BigQuery Cost: $5/TB; DuckDB Cost: $1.48/hr; Redshift Cost: $1.086/hr
Use Duck: True
Excluded Table: catalog_sales
Excluded Query: None

Starting analysis using DuckDB
Duck Total: $24.09536357205179, Duck-Calcite Total: $27.72323368876775, Redshift Total: $5.877135892918904, Redshift-Calcite Total: $4.756774314922095, BigQuery Total: $92.73408889770508
Excluding table catalog_sales and any queries that depend on it
Total Keys: 58, Keys Considered: 57
-0.036096318284480094
call_center: 5.735084414482117e-06, 0.005376687506052371, 0.005310798734675287
catalog_page: 0.0006659524515271187, 0.0050712685470328, -0.0050712685470328
catalog_page had no query dependencies
catalog_returns: 23.366260116919875, 3.052629044015748, -2.9557691275197473
customer: 0.6484093563631177, 0.09134755836764376, 4.530603612575214
customer_address: 0.18544994108378887, 0.03120998693724859, 4.166819354721049
customer_demographics: 0.012168197892606258, 0.007092732736498338, 1.9102196123823996
date_dim: 0.0019952356815338135, 0.005567501653767373, 10.52738167593111
household_demographics: 3.512948751449585e-05, 0.004389712610316779, 3.2648557157349813
income_band: 6.137415766716003e-07, 0.0034144213876739363, 0.01860763060434508
inventory: 0.24701470416039228, 0.037605457006982486, 0.15479151840325595
item: 0.005464168265461922, 0.006177399253197278, 4.3781706922327395
promotion: 2.6027671992778778e-05, 0.004807669735549424, 0.5912919170079569
reason: 1.2423843145370483e-06, 0.004734816521521146, 2.83647771384465
ship_mode: 1.5795230865478516e-06, 0.004709163798516394, 0.15437849469579346
store: 2.3781321942806244e-05, 0.0052823584062359165, 6.685027367654567
store_returns: 36.877127600833774, 4.814073193091763, -3.004835409085582
store_sales: 288.85508783441037, 39.20383400714486, -24.383193615668716
time_dim: 0.0012104213237762451, 0.0019424089817301222, 1.2970959716967536
warehouse: 2.3292377591133118e-06, 0.0004457576053293965, 0.1872048359910915
web_page: 1.0661780834197998e-05, 0.0015543719665919388, 0.30856292887666603
web_returns: 11.326140539720654, 1.4879329279701767, -0.535191002408631
web_sales: 109.34904180746526, 14.611550122816206, -10.449120379361396
web_site: 8.863396942615509e-06, 0.0006161833540508069, 0.7877711604638911
-0.03601387015946965
call_center: 5.735084414482117e-06, 0.005376685647935519, -0.005376685647935519
call_center had no query dependencies
customer: 0.6484093563631177, 0.09113747944548854, -0.09113747944548854
customer had no query dependencies
customer_address: 0.18544994108378887, 0.031149902789241922, -0.031149902789241922
customer_address had no query dependencies
customer_demographics: 0.012168197892606258, 0.00708879034752328, -0.00708879034752328
customer_demographics had no query dependencies
date_dim: 0.0019952356815338135, 0.0055668552149747965, 0.022996079887136214
household_demographics: 3.512948751449585e-05, 0.004389701228672143, -0.004389701228672143
household_demographics had no query dependencies
income_band: 6.137415766716003e-07, 0.0034144211888270694, -0.0034144211888270694
income_band had no query dependencies
inventory: 0.24701470416039228, 0.037525426417822624, -0.008962491315711613
item: 0.005464168265461922, 0.006175628910791793, 0.02238730619131922
promotion: 2.6027671992778778e-05, 0.004807661302812875, -0.004807661302812875
promotion had no query dependencies
reason: 1.2423843145370483e-06, 0.004734816118999567, -0.004734816118999567
reason had no query dependencies
ship_mode: 1.5795230865478516e-06, 0.0047091632867648225, -0.0047091632867648225
ship_mode had no query dependencies
store: 2.3781321942806244e-05, 0.005282350701297004, -0.005282350701297004
store had no query dependencies
time_dim: 0.0012104213237762451, 0.0019420168158790943, -0.0019420168158790943
time_dim had no query dependencies
warehouse: 2.3292377591133118e-06, 0.0004457568506768717, 0.02811717825143414
web_page: 1.0661780834197998e-05, 0.0015543685122688265, -0.0015543685122688265
web_page had no query dependencies
web_site: 8.863396942615509e-06, 0.0006161804823882406, -0.0006161804823882406
web_site had no query dependencies
date_dim: 0.0019952356815338135, 0.005566850968646823, -0.005566850968646823
date_dim had no query dependencies
item: 0.005464168265461922, 0.006175617281764319, -0.006175617281764319
item had no query dependencies
warehouse: 2.3292377591133118e-06, 0.0004457568457197092, -0.0004457568457197092
warehouse had no query dependencies
{}
{}
STARTING PHASE 2: 0b0
----
[]
Function: 21.080585833540827, 0, 21.080585833540827, 0.0, 0, 0.0, 0
{21.080585833540827: []}
[]
{}
Best Cost: $21.080585833540827;
[]
{}
{}
{}
[]
0
Optimal Subset: 0b0
Function: 21.080585833540827, 0, 21.080585833540827, 0.0, 0, 0.0, 0
21.080585833540827
Real: 21.080585833540827, 0, 21.080585833540827, 0.0, 0, 0.0, 0
Num Redshift Qs: 0; Num GCP Qs: 58
Num BigQuery Qs: 4; Num DuckDB Qs: 54
Redshift Qs: $0; GCP Qs: $21.080585833540827; Movement Cost: $0.0
Load Cost: $0, Storage Cost: $0.0, API Cost: $0
Final cost: $21.080585833540827, BQ Baseline: $92.73408889770508, Diff: $71.65350306416425, %: 77.26770588451588%
