Data Starting In: gcp
Egress: $0.0/GB
Benchmark: tpcds
Data Path: parquet_1000/batch_rs1
BigQuery Cost: $6.25/TB; DuckDB Cost: $1.48/hr; Redshift Cost: $1.086/hr
Use Duck: False
Using calcite profiles: False
Excluded Table: date_dim
Excluded Query: None

Starting analysis without using DuckDB
Redshift Total: $0.5884175060053668, BigQuery Total: $16.626662015914917
09: $4.248445393978358
24: $1.5006963644893965
28: $5.05564576346914
41: $-0.0020452812047799434
44: $0.9402832753022512
84: $0.012719620297749836
88: $2.9330518760355315
90: $0.19219698321262996
93: $0.7894184744238854
96: $0.36783203990538915
!!!!!!: 16.04028979111433
Excluding table date_dim and any queries that depend on it
Total Keys: 10, Keys Considered: 9
[0, 1, 2, 3, 4, 5, 6, 8, 9, 10, 11, 12, 13, 14, 15, 16, 17, 18, 19, 20, 21, 22, 23]
{'96': 426240, '44': 133120, '24': 231472, '28': 131072, '09': 139264, '84': 66416, '93': 204800, '88': 426240, '90': 5505280}
call_center: 0.00024082581463697229, -0.00024082581463697229
call_center had no query dependencies
catalog_page: 0.0005950472292697789, -0.0005950472292697789
catalog_page had no query dependencies
catalog_returns: 0.13155978904283336, -0.13155978904283336
catalog_returns had no query dependencies
catalog_sales: 1.4755066091483757, -1.4755066091483757
catalog_sales had no query dependencies
customer: 0.010563115107718526, 1.5028528696794277
customer_address: 0.005351945495226297, 1.50806403929192
customer_demographics: 0.0015482765048202701, 0.011171343792929566
household_demographics: 0.0008263325893546608, 3.5049741868619457
income_band: 0.0006905003268862081, 0.012029119970863629
inventory: 0.12714848031723716, -0.12714848031723716
inventory had no query dependencies
item: 0.0018151607356783268, 2.4391644790559694
promotion: 0.0017639575134801848, -0.0017639575134801848
promotion had no query dependencies
reason: 0.0005364607101381311, 5.037327407692105
ship_mode: 0.0007108838265511703, -0.0007108838265511703
ship_mode had no query dependencies
store: 0.0008100464562883354, 4.800770233974029
store_returns: 0.25587194287574766, 2.046962516335284
store_sales: 2.18047427414891, 13.65489891345504
time_dim: 0.0007267709730502615, 3.4923541281805006
warehouse: 0.0009695893978729116, -0.0009695893978729116
warehouse had no query dependencies
web_page: 0.0017170842067942879, 0.19047989900583567
web_returns: 0.07008824467075288, -0.07008824467075288
web_returns had no query dependencies
web_sales: 0.8831303630024657, -0.6909333797898358
web_site: 0.0008463048403761611, -0.0008463048403761611
web_site had no query dependencies
['call_center', 'catalog_page', 'catalog_returns', 'catalog_sales', 'inventory', 'promotion', 'ship_mode', 'warehouse', 'web_returns', 'web_sales', 'web_site']
11
customer: 0.010449196115696674, 1.5029667886714495
customer_address: 0.005327910982687411, 1.5080880738044589
customer_demographics: 0.0015469125038269707, 0.011172707793922865
income_band: 0.0006905002341638039, 0.012029120063586033
item: 0.001810550971073757, 2.4391690888205737
store_returns: 0.2530774487993554, 2.0497570104116765
web_page: 0.001717074017569967, -0.001717074017569967
web_page had no query dependencies
['web_page']
1
customer_demographics: 0.001546793624368838, 0.011172826673380999
income_band: 0.0006905002260825861, 0.01202912007166725
[]
0
{'28': 131072, '09': 139264, '88': 426240, '96': 0, '44': 2048, '24': 67632, '93': 65536, '84': 576}
{}
{'28': 131072, '09': 139264, '88': 426240, '96': 0, '44': 2048, '24': 67632, '93': 65536, '84': 576}
STARTING PHASE 2: 0b0
----
[]
Function: 3.3834974617521807, 0.581999050008456, 0.19657015800476074, 0.1584289091414151, 2.4177188405930994, 0.014387104613335084, 0.014393399391114715
{3.3834974617521807: []}
Best Cost: $3.3834974617521807;
[8, 13, 15, 17, 18, 16, 11, 4, 5, 9, 6]
{'96': 426240, '44': 133120, '24': 231472, '28': 131072, '09': 139264, '84': 66416, '93': 204800, '88': 426240}
['41', '90']
Excluding table date_dim and any queries that depend on it
[8, 13, 15, 17, 18, 16, 11, 4, 5, 9, 6]
dict_keys(['96', '44', '24', '28', '09', '84', '93', '88'])
11
Optimal Subset: 0b1111010101101110000
dict_keys(['96', '44', '24', '28', '09', '84', '93', '88'])
Function: 3.3834974617521807, 0.581999050008456, 0.19657015800476074, 0.1584289091414151, 2.4177188405930994, 0.014387104613335084, 0.014393399391114715
Real: 3.3834974617521807, 0.581999050008456, 0.19657015800476074, 0.1584289091414151, 2.4177188405930994, 0.014387104613335084, 0.014393399391114715
outputs_noduck_GCP_0.0_1.086_6.25.json
Num GCP Qs: 8; Num Redshift Qs: 2
PLAN TYPE IS: multi
Moved Qs: $0.581999050008456; Stayed Qs: $0.19657015800476074; Migration Cost: $2.604928253738964
Movement Cost: $0.1584289091414151, Load Cost: $2.4177188405930994, Storage Cost: $0.014387104613335084, API Cost: $0.014393399391114715
Final cost: $3.3834974617521807, Baseline: $16.626662015914917, Diff: $13.243164554162735, %: 79.65016995886774%
