Data Starting In: gcp
Egress: $0.0/GB
Benchmark: tpcds
Data Path: parquet_1000/batch_rs1
BigQuery Cost: $6.25/TB; DuckDB Cost: $1.48/hr; Redshift Cost: $1.086/hr
Use Duck: False
Using calcite profiles: False
Excluded Table: web_returns
Excluded Query: None

Starting analysis without using DuckDB
Redshift Total: $6.069277997912967, BigQuery Total: $110.70305705070496
01: $0.037222000787258146
02: $0.1979243566441536
03: $0.4866440628564358
04: $3.61400268015186
06: $0.37089640181660655
07: $1.3374056270329158
08: $0.4827552439717452
09: $4.248445393978358
10: $0.42569488468090694
11: $1.651202303194205
12: $0.12269529073079427
13: $1.6977783234190942
14: $15.676966815438668
15: $0.2284794372812907
16: $0.562377244142294
17: $1.0243916837350526
18: $4.111526602065563
19: $0.7141877862731616
20: $0.24317620974938076
21: $0.1387422318736712
22: $0.6777517994610468
23: $1.3768837107972303
24: $1.5006963644893965
25: $1.2151110610580445
26: $0.6627730558645726
27: $4.039140143409967
28: $5.05564576346914
29: $1.008115198913018
31: $1.8245650356054306
32: $0.5059927403712272
33: $1.1204768265342713
34: $0.6207235123666127
35: $0.40358817291935284
36: $2.580908335088094
37: $0.1680234264612198
38: $0.3558731983145078
39: $0.27729525789340337
40: $0.41494580126245817
41: $-0.0020452812047799434
42: $0.4939140515724818
43: $0.4999059917163849
44: $0.9402832753022512
45: $0.1519291462512811
46: $1.2265638447797298
47: $0.533098953530391
48: $1.1001106623999277
50: $0.636143891582489
51: $0.5666715289783477
52: $0.49561849385698636
53: $0.6177303631850084
54: $0.7773916800669829
55: $0.4950001102173328
56: $1.1193761416093508
57: $0.2881193407158057
58: $0.8547409833705425
59: $0.46271400184750555
60: $1.1203978869223594
61: $1.6410273874457677
62: $0.15670985938986143
63: $0.6185007683968544
64: $3.938947785137097
65: $0.5998246012810866
66: $0.8397971375628313
67: $6.3270267018338044
68: $1.4742584558578333
69: $0.3942645421270529
70: $1.96793873002251
71: $1.1012624587861697
72: $0.44518852136810616
73: $0.6243884922528267
74: $1.1435399415040015
76: $1.0871748799737295
79: $1.227616963657538
81: $0.019239308624267575
82: $0.23054074777682623
84: $0.012719620297749836
86: $0.3798482982075214
87: $0.3817145547032356
88: $2.9330518760355315
89: $0.6237626295518875
90: $0.19219698321262996
91: $0.03197660856405894
92: $0.25097833294153216
93: $0.7894184744238854
96: $0.36783203990538915
97: $0.5135906607317925
98: $0.5017486539173126
99: $0.2590039864985148
!!!!!!: 104.63582433399677
Excluding table web_returns and any queries that depend on it
Total Keys: 88, Keys Considered: 87
[0, 1, 2, 3, 4, 5, 6, 7, 8, 9, 10, 11, 12, 13, 14, 15, 16, 17, 18, 19, 20, 22, 23]
{'98': 133248, '45': 4196528, '16': 173, '71': 4589704, '22': 527488, '06': 133296, '12': 4196480, '97': 131208, '67': 166016, '81': 180, '74': 4325520, '90': 5505280, '24': 231472, '39': 527488, '02': 4194440, '20': 2184, '79': 164240, '43': 163968, '23': 4327576, '89': 166016, '17': 231560, '52': 133248, '40': 526476, '64': 236540, '54': 4360376, '56': 4327592, '34': 164240, '10': 4325624, '03': 133248, '72': 531916, '96': 426240, '82': 134272, '86': 4196480, '61': 170160, '15': 184, '69': 4325624, '31': 4325536, '29': 231560, '63': 166016, '99': 540809, '58': 4327560, '13': 164320, '35': 4325624, '68': 164272, '07': 137408, '93': 204800, '51': 4325504, '32': 2184, '28': 131072, '59': 163968, '55': 133248, '21': 527488, '62': 13123712, '36': 166016, '57': 2185, '38': 4325528, '44': 133120, '76': 4327560, '11': 4325520, '88': 426240, '92': 4196480, '70': 163968, '09': 139264, '53': 166016, '26': 6344, '14': 4327560, '33': 4327592, '65': 166016, '91': 501, '42': 133248, '04': 4325528, '46': 164272, '27': 166080, '48': 164064, '73': 164240, '19': 166064, '25': 231560, '87': 4325528, '37': 3208, '50': 229504, '18': 2296, '08': 164016, '84': 66416, '60': 4327592, '01': 98448, '47': 166016, '66': 4997256}
call_center: 0.000240827577652007, 1.1412363523430216
catalog_page: 0.0005953094687612179, -0.0005953094687612179
catalog_page had no query dependencies
catalog_returns: 0.13341160115521655, 5.279263667943065
catalog_sales: 1.4927926310659274, 44.94450103489273
customer: 0.01068189358072763, 28.92862873679839
customer_address: 0.005377005256098649, 26.445848388026473
customer_demographics: 0.0015496986904654517, 18.599564850595904
date_dim: 0.0009392687937451993, 88.5945952740887
household_demographics: 0.0008263375389308835, 14.792416689315267
income_band: 0.0006905004235639033, 3.9509769050112826
inventory: 0.12795612822928212, 1.8095858566049916
item: 0.0018199671405713508, 65.40635865925408
promotion: 0.0017639687547121026, 8.023578408093746
reason: 0.0005364609679940716, 5.037327407434249
ship_mode: 0.0007108840808968768, 1.2548000993703106
store: 0.000810061347724851, 43.118055412650264
store_returns: 0.25878564263147574, 9.903980437792512
store_sales: 2.2033725780433002, 91.05581915773098
time_dim: 0.0007269427792602957, 5.433413552723292
warehouse: 0.0009695899592178347, 3.208465005350675
web_page: 0.0017170948306637981, 0.19047988838196617
web_sales: 0.8918938189577057, 36.395973811661115
web_site: 0.0008463067032866055, 0.1558635526865748
['catalog_page']
1
call_center: 0.00024082561783266511, 1.141236354302841
catalog_returns: 0.13135307237133392, 5.281322196726948
income_band: 0.0006905003160941352, 3.9509769051187527
promotion: 0.0017639562586282318, 8.02357842058983
ship_mode: 0.0007108837981587122, 1.2548000996530488
store_returns: 0.2555466883257719, 9.907219392098217
web_page: 0.001717083020858129, 0.19047990019177183
web_site: 0.0008463046324205895, 0.15586355475744085
[]
0
{'22': 527488, '67': 166016, '39': 527488, '28': 131072, '21': 527488, '36': 166016, '88': 426240, '09': 139264, '14': 4327560, '27': 166080, '18': 2296, '98': 0, '45': 0, '16': 5, '71': 0, '06': 0, '12': 0, '97': 0, '74': 0, '90': 1048576, '24': 65536, '02': 0, '20': 0, '79': 0, '43': 0, '23': 0, '89': 0, '17': 65536, '52': 0, '40': 4, '64': 70148, '54': 0, '56': 0, '34': 0, '10': 0, '03': 0, '72': 4100, '96': 0, '82': 0, '86': 0, '61': 4096, '15': 0, '69': 0, '31': 0, '29': 65536, '63': 0, '99': 16385, '58': 0, '13': 0, '35': 0, '68': 0, '07': 4096, '93': 65536, '51': 0, '32': 0, '59': 0, '55': 0, '62': 8404992, '57': 1, '38': 0, '44': 0, '76': 0, '11': 0, '92': 0, '70': 0, '53': 0, '26': 4096, '33': 0, '65': 0, '42': 0, '04': 0, '46': 0, '48': 0, '73': 0, '19': 0, '25': 65536, '87': 0, '37': 0, '50': 65536, '08': 0, '60': 0, '47': 0, '66': 16384}
{}
{'22': 527488, '67': 166016, '39': 527488, '28': 131072, '21': 527488, '36': 166016, '88': 426240, '09': 139264, '14': 4327560, '27': 166080, '18': 2296, '98': 0, '45': 0, '16': 5, '71': 0, '06': 0, '12': 0, '97': 0, '74': 0, '90': 1048576, '24': 65536, '02': 0, '20': 0, '79': 0, '43': 0, '23': 0, '89': 0, '17': 65536, '52': 0, '40': 4, '64': 70148, '54': 0, '56': 0, '34': 0, '10': 0, '03': 0, '72': 4100, '96': 0, '82': 0, '86': 0, '61': 4096, '15': 0, '69': 0, '31': 0, '29': 65536, '63': 0, '99': 16385, '58': 0, '13': 0, '35': 0, '68': 0, '07': 4096, '93': 65536, '51': 0, '32': 0, '59': 0, '55': 0, '62': 8404992, '57': 1, '38': 0, '44': 0, '76': 0, '11': 0, '92': 0, '70': 0, '53': 0, '26': 4096, '33': 0, '65': 0, '42': 0, '04': 0, '46': 0, '48': 0, '73': 0, '19': 0, '25': 65536, '87': 0, '37': 0, '50': 65536, '08': 0, '60': 0, '47': 0, '66': 16384}
STARTING PHASE 2: 0b0
----
[]
Function: 11.539266659927964, 6.067083705096248, 0.00014901161193847656, 0.33362063933156116, 4.996376825125218, 0.11173840234048217, 0.03029807642251849
{11.539266659927964: []}
Best Cost: $11.539266659927964;
[3, 4, 5, 6, 7, 8, 10, 11, 13, 15, 17, 18, 19, 22, 0, 2, 9, 12, 14, 16, 20, 23]
{'98': 133248, '45': 4196528, '16': 173, '71': 4589704, '22': 527488, '06': 133296, '12': 4196480, '97': 131208, '67': 166016, '81': 180, '74': 4325520, '90': 5505280, '24': 231472, '39': 527488, '02': 4194440, '20': 2184, '79': 164240, '43': 163968, '23': 4327576, '89': 166016, '17': 231560, '52': 133248, '40': 526476, '64': 236540, '54': 4360376, '56': 4327592, '34': 164240, '10': 4325624, '03': 133248, '72': 531916, '96': 426240, '82': 134272, '86': 4196480, '61': 170160, '15': 184, '69': 4325624, '31': 4325536, '29': 231560, '63': 166016, '99': 540809, '58': 4327560, '13': 164320, '35': 4325624, '68': 164272, '07': 137408, '93': 204800, '51': 4325504, '32': 2184, '28': 131072, '59': 163968, '55': 133248, '21': 527488, '62': 13123712, '36': 166016, '57': 2185, '38': 4325528, '44': 133120, '76': 4327560, '11': 4325520, '88': 426240, '92': 4196480, '70': 163968, '09': 139264, '53': 166016, '26': 6344, '14': 4327560, '33': 4327592, '65': 166016, '91': 501, '42': 133248, '04': 4325528, '46': 164272, '27': 166080, '48': 164064, '73': 164240, '19': 166064, '25': 231560, '87': 4325528, '37': 3208, '50': 229504, '18': 2296, '08': 164016, '84': 66416, '60': 4327592, '01': 98448, '47': 166016, '66': 4997256}
['41']
Excluding table web_returns and any queries that depend on it
[3, 4, 5, 6, 7, 8, 10, 11, 13, 15, 17, 18, 19, 22, 0, 2, 9, 12, 14, 16, 20, 23]
dict_keys(['98', '45', '16', '71', '22', '06', '12', '97', '67', '81', '74', '90', '24', '39', '02', '20', '79', '43', '23', '89', '17', '52', '40', '64', '54', '56', '34', '10', '03', '72', '96', '82', '86', '61', '15', '69', '31', '29', '63', '99', '58', '13', '35', '68', '07', '93', '51', '32', '28', '59', '55', '21', '62', '36', '57', '38', '44', '76', '11', '88', '92', '70', '09', '53', '26', '14', '33', '65', '91', '42', '04', '46', '27', '48', '73', '19', '25', '87', '37', '50', '18', '08', '84', '60', '01', '47', '66'])
22
Optimal Subset: 0b110111111111111111111101
dict_keys(['98', '45', '16', '71', '22', '06', '12', '97', '67', '81', '74', '90', '24', '39', '02', '20', '79', '43', '23', '89', '17', '52', '40', '64', '54', '56', '34', '10', '03', '72', '96', '82', '86', '61', '15', '69', '31', '29', '63', '99', '58', '13', '35', '68', '07', '93', '51', '32', '28', '59', '55', '21', '62', '36', '57', '38', '44', '76', '11', '88', '92', '70', '09', '53', '26', '14', '33', '65', '91', '42', '04', '46', '27', '48', '73', '19', '25', '87', '37', '50', '18', '08', '84', '60', '01', '47', '66'])
Function: 11.539266659927964, 6.067083705096248, 0.00014901161193847656, 0.33362063933156116, 4.996376825125218, 0.11173840234048217, 0.03029807642251849
Real: 11.539266659927964, 6.067083705096248, 0.00014901161193847656, 0.33362063933156116, 4.996376825125218, 0.11173840234048217, 0.03029807642251849
outputs_noduck_GCP_0.0_1.086_6.25.json
Num GCP Qs: 87; Num Redshift Qs: 1
PLAN TYPE IS: move
Moved Qs: $6.067083705096248; Stayed Qs: $0.00014901161193847656; Migration Cost: $5.472033943219779
Movement Cost: $0.33362063933156116, Load Cost: $4.996376825125218, Storage Cost: $0.11173840234048217, API Cost: $0.03029807642251849
Final cost: $11.539266659927964, Baseline: $110.70305705070496, Diff: $99.163790390777, %: 89.57637939967397%
