Egress: $0.12/GB
Benchmark: tpcds
Data Path: parquet_1000/real_data_rs1
BigQuery Cost: $5/TB; DuckDB Cost: $1.48/hr; Redshift Cost: $1.086/hr
Use Duck: True
Excluded Table: web_site
Excluded Query: None

Starting analysis using DuckDB
Duck Total: $47.84410471661885, Duck-Calcite Total: $48.06944961205323, Redshift Total: $5.736909778364501, Redshift-Calcite Total: $5.006573183617194, BigQuery Total: $83.26602458953857
Excluding table web_site and any queries that depend on it
Total Keys: 91, Keys Considered: 89
-0.6927358141053184
call_center: 9.615905582904816e-06, 0.0003980827240977941, 0.2914300383249849
catalog_page: 0.0017016949132084846, 0.001478312463956966, -0.001478312463956966
catalog_page had no query dependencies
catalog_returns: 13.009788101539016, 1.695918841704554, -0.0007745948537261071
catalog_sales: 132.3057429259643, 17.40345142016214, -9.019564981001421
customer: 0.8535048151388764, 0.11271106909371481, 5.985379673936243
customer_address: 0.2449320713058114, 0.0339090569462153, 3.844750707080643
customer_demographics: 0.011580578982830048, 0.0025390636049824607, 1.5950975750057552
date_dim: 0.001992875710129738, 0.0007720431496402526, 15.661975354826179
household_demographics: 3.5176053643226624e-05, 0.0003424421315625171, 1.6038093929591453
income_band: 5.122274160385132e-07, 0.00034787887733302874, 0.012830558826117493
inventory: 5.1357166497036815, 0.7699859649187635, -0.5041776356893468
item: 0.03489831369370222, 0.005312913695431055, 9.11124202747487
promotion: 7.638614624738693e-05, 0.0004580687153688934, 0.6172524286748854
reason: 1.4491379261016846e-06, 0.00035830964498206343, 1.2473188579573558
ship_mode: 1.3029202818870544e-06, 0.00034878318521200147, 0.32168316394419477
store: 9.930133819580078e-05, 0.0004650633246636943, 6.17176540194484
store_returns: 20.850121902301908, 2.7205236510554935, -0.2328167658611351
store_sales: 174.69669486396015, 23.138626303009694, -6.635369512767738
time_dim: 0.0012146271765232086, 0.0008090602096952103, 1.035652634252401
warehouse: 2.907589077949524e-06, 0.00031938795994527455, 0.6141304532504148
web_page: 7.394980639219284e-05, 0.0003502076535636576, 0.34078556076576566
web_returns: 6.285572262480855, 0.8123397022130878, 0.6335694131115099
web_sales: 67.01082486007363, 8.811431290976689, -0.3784175503755307
call_center: 9.615905582904816e-06, 0.0003980800329760524, -0.0003980800329760524
call_center had no query dependencies
customer: 0.8535048151388764, 0.11247220595753869, -0.10593172690985703
customer_address: 0.2449320713058114, 0.03384050988981387, -0.027300030842132207
customer_demographics: 0.011580578982830048, 0.002535822646799789, -0.002535822646799789
customer_demographics had no query dependencies
date_dim: 0.001992875710129738, 0.0007714854204585452, 0.005768993627223121
household_demographics: 3.5176053643226624e-05, 0.0003424322871394483, -0.0003424322871394483
household_demographics had no query dependencies
income_band: 5.122274160385132e-07, 0.0003478787339802967, -0.0003478787339802967
income_band had no query dependencies
item: 0.03489831369370222, 0.005303147001080561, -0.005303147001080561
item had no query dependencies
promotion: 7.638614624738693e-05, 0.0004580473378275727, -0.0004580473378275727
promotion had no query dependencies
reason: 1.4491379261016846e-06, 0.0003583092394241525, -0.0003583092394241525
reason had no query dependencies
ship_mode: 1.3029202818870544e-06, 0.0003487828205747795, -0.0003487828205747795
ship_mode had no query dependencies
store: 9.930133819580078e-05, 0.0004650355340424263, -0.0004650355340424263
store had no query dependencies
time_dim: 0.0012146271765232086, 0.0008087202823139901, -0.0008087202823139901
time_dim had no query dependencies
warehouse: 2.907589077949524e-06, 0.00031938714622303945, -0.00031938714622303945
warehouse had no query dependencies
web_page: 7.394980639219284e-05, 0.0003501869578600586, -0.0003501869578600586
web_page had no query dependencies
web_returns: 6.285572262480855, 0.8105806125434724, -0.8040401334957907
date_dim: 0.001992875710129738, 0.0007714802034140901, -0.0007714802034140901
date_dim had no query dependencies
{}
{}
STARTING PHASE 2: 0b0
----
[]
Function: 23.36115476738867, 0, 23.36115476738867, 0.0, 0, 0.0, 0
{23.36115476738867: []}
[]
{}
Best Cost: $23.36115476738867;
[]
{}
{}
{}
[]
0
Optimal Subset: 0b0
Function: 23.36115476738867, 0, 23.36115476738867, 0.0, 0, 0.0, 0
23.36115476738867
Real: 23.36115476738867, 0, 23.36115476738867, 0.0, 0, 0.0, 0
Num Redshift Qs: 0; Num GCP Qs: 91
Num BigQuery Qs: 5; Num DuckDB Qs: 86
Redshift Qs: $0; GCP Qs: $23.36115476738867; Movement Cost: $0.0
Load Cost: $0, Storage Cost: $0.0, API Cost: $0
Final cost: $23.36115476738867, BQ Baseline: $83.26602458953857, Diff: $59.904869822149905, %: 71.9439532720003%
