Egress: $0.12/GB
Benchmark: tpcds
Data Path: parquet_1000/real_data_rs1
BigQuery Cost: $5/TB; DuckDB Cost: $1.48/hr; Redshift Cost: $1.086/hr
Use Duck: True
Excluded Table: customer_address
Excluded Query: None

Starting analysis using DuckDB
Duck Total: $44.390845425362045, Duck-Calcite Total: $46.26103685069614, Redshift Total: $5.140268280834756, Redshift-Calcite Total: $4.488738454175394, BigQuery Total: $74.94079113006592
Excluding table customer_address and any queries that depend on it
Total Keys: 68, Keys Considered: 66
-0.6926637725782537
call_center: 9.615905582904816e-06, 0.000398082590172286, 0.11521036513477757
catalog_page: 0.0017016949132084846, 0.0014782887636040592, 0.9034854965174165
catalog_returns: 13.009788101539016, 1.6957376479036825, 0.7208358846327783
catalog_sales: 132.3057429259643, 17.40160873216055, -9.667573948515685
customer: 0.8535048151388764, 0.11269918190690514, 3.6348842562601424
customer_demographics: 0.011580578982830048, 0.002538902316489073, 0.5172492532199877
date_dim: 0.001992875710129738, 0.0007720153938673097, 12.976683633693082
household_demographics: 3.5176053643226624e-05, 0.00034244164164809194, 0.8854455762130902
income_band: 5.122274160385132e-07, 0.0003478788701989823, -0.0003478788701989823
income_band had no query dependencies
inventory: 5.1357166497036815, 0.7699144372341696, -0.504106108004753
item: 0.03489831369370222, 0.005312427649228548, 7.924685063515309
promotion: 7.638614624738693e-05, 0.0004580676515009761, 1.0210620661725403
reason: 1.4491379261016846e-06, 0.00035830962479919753, 1.1685375801164875
ship_mode: 1.3029202818870544e-06, 0.00034878316706558155, 0.3788586120153426
store: 9.930133819580078e-05, 0.0004650619416444815, 5.110779593024931
store_returns: 20.850121902301908, 2.7202332610194198, 0.4412086276519944
store_sales: 174.69669486396015, 23.13619321509965, -9.0565120092923
time_dim: 0.0012146271765232086, 0.0008090432929773485, 1.035652651169119
warehouse: 2.907589077949524e-06, 0.0003193879194498328, 0.6713059013439115
web_page: 7.394980639219284e-05, 0.0003502066236278593, 0.26200428393465025
web_returns: 6.285572262480855, 0.8122521599164721, 1.4532989837804138
web_sales: 67.01082486007363, 8.810497997831469, -0.9356145987232356
web_site: 1.0454095900058746e-05, 0.0003302309663822236, 0.9618090023676398
call_center: 9.615905582904816e-06, 0.0003980801300741654, -0.0003980801300741654
call_center had no query dependencies
catalog_page: 0.0017016949132084846, 0.0014778534082002638, -0.0014778534082002638
catalog_page had no query dependencies
catalog_returns: 13.009788101539016, 1.692409271290297, -1.6656981427698754
customer: 0.8535048151388764, 0.11248082435611735, -0.08848750003051697
customer_demographics: 0.011580578982830048, 0.002535939583510251, -0.002535939583510251
customer_demographics had no query dependencies
date_dim: 0.001992875710129738, 0.0007715055438332268, 0.04993294730218877
household_demographics: 3.5176053643226624e-05, 0.00034243264233516053, -0.00034243264233516053
household_demographics had no query dependencies
item: 0.03489831369370222, 0.0053034993922701605, 0.021407629128151466
promotion: 7.638614624738693e-05, 0.0004580481091486509, -0.0004580481091486509
promotion had no query dependencies
reason: 1.4491379261016846e-06, 0.0003583092540570497, -0.0003583092540570497
reason had no query dependencies
ship_mode: 1.3029202818870544e-06, 0.00034878283373122117, -0.00034878283373122117
ship_mode had no query dependencies
store: 9.930133819580078e-05, 0.00046503653675324504, 0.02352828778884713
store_returns: 20.850121902301908, 2.7148990420771724, -2.6641945892311503
time_dim: 0.0012146271765232086, 0.0008087325472021852, -0.0008087325472021852
time_dim had no query dependencies
warehouse: 2.907589077949524e-06, 0.0003193871755828757, -0.0003193871755828757
warehouse had no query dependencies
web_page: 7.394980639219284e-05, 0.0003501877045798134, -0.0003501877045798134
web_page had no query dependencies
web_returns: 6.285572262480855, 0.8106440820940739, -0.7839329535736522
web_site: 1.0454095900058746e-05, 0.0003302282918445573, -0.0003302282918445573
web_site had no query dependencies
date_dim: 0.001992875710129738, 0.0007714802927617135, -0.0007714802927617135
date_dim had no query dependencies
item: 0.03489831369370222, 0.005303057207235592, -0.005303057207235592
item had no query dependencies
store: 9.930133819580078e-05, 0.0004650352785387064, -0.0004650352785387064
store had no query dependencies
{}
{}
STARTING PHASE 2: 0b0
----
[]
Function: 19.968669420238793, 0, 19.968669420238793, 0.0, 0, 0.0, 0
{19.968669420238793: []}
[]
{}
Best Cost: $19.968669420238793;
[]
{}
{}
{}
[]
0
Optimal Subset: 0b0
Function: 19.968669420238793, 0, 19.968669420238793, 0.0, 0, 0.0, 0
19.968669420238793
Real: 19.968669420238793, 0, 19.968669420238793, 0.0, 0, 0.0, 0
Num Redshift Qs: 0; Num GCP Qs: 68
Num BigQuery Qs: 3; Num DuckDB Qs: 65
Redshift Qs: $0; GCP Qs: $19.968669420238793; Movement Cost: $0.0
Load Cost: $0, Storage Cost: $0.0, API Cost: $0
Final cost: $19.968669420238793, BQ Baseline: $74.94079113006592, Diff: $54.97212170982712, %: 73.35407176902959%
