Egress: $0.12/GB
Benchmark: tpcds
Data Path: parquet_1000/real_data_rs1
BigQuery Cost: $5/TB; DuckDB Cost: $1.48/hr; Redshift Cost: $1.086/hr
Use Duck: True
Excluded Table: income_band
Excluded Query: None

Starting analysis using DuckDB
Duck Total: $49.40135439252589, Duck-Calcite Total: $51.57781315746573, Redshift Total: $5.940576620109082, Redshift-Calcite Total: $5.266572586218515, BigQuery Total: $90.58315753936768
Excluding table income_band and any queries that depend on it
Total Keys: 95, Keys Considered: 93
-0.692763742064427
call_center: 9.615905582904816e-06, 0.00039808277601599, 0.2914300382730667
catalog_page: 0.0017016949132084846, 0.0014783216517478667, 0.9034854636292726
catalog_returns: 13.009788101539016, 1.6959890841503722, 0.9041189479814762
catalog_sales: 132.3057429259643, 17.404165765307987, -8.115315540866252
customer: 0.8535048151388764, 0.11271567733677494, 5.972196627989732
customer_address: 0.2449320713058114, 0.033910379383415165, 4.2508706401591105
customer_demographics: 0.011580578982830048, 0.002539126130842636, 1.5819190747764442
date_dim: 0.001992875710129738, 0.0007720539095744651, 17.043414270619387
household_demographics: 3.5176053643226624e-05, 0.00034244232148506024, 1.5906309550657722
inventory: 5.1357166497036815, 0.7700136936792696, -0.504205364449853
item: 0.03489831369370222, 0.005313102118400717, 9.785718809808074
promotion: 7.638614624738693e-05, 0.0004580691277929619, 1.2917293990186336
reason: 1.4491379261016846e-06, 0.0003583096528062487, 1.2473188579495316
ship_mode: 1.3029202818870544e-06, 0.00034878319224672844, 0.3788586119901615
store: 9.930133819580078e-05, 0.00046506386081146344, 7.076729186689712
store_returns: 20.850121902301908, 2.720636225030303, 0.6588560077416257
store_sales: 174.69669486396015, 23.13956952537641, -5.731348949853441
time_dim: 0.0012146271765232086, 0.0008090667677100658, 1.0356526276943863
warehouse: 2.907589077949524e-06, 0.00031938797564392906, 0.6713059012877176
web_page: 7.394980639219284e-05, 0.00035020805283344033, 0.3407855603664959
web_returns: 6.285572262480855, 0.8123736392738329, 1.9577989545509031
web_sales: 67.01082486007363, 8.811793095811458, 1.0026595713428375
web_site: 1.0454095900058746e-05, 0.0003302311684253787, 1.3811086953847143
call_center: 9.615905582904816e-06, 0.00039808038834608195, 0.009907146007167312
catalog_page: 0.0017016949132084846, 0.0014778991137245991, -0.0014778991137245991
catalog_page had no query dependencies
catalog_returns: 13.009788101539016, 1.6927586989004146, -1.6484275177132246
customer: 0.8535048151388764, 0.11250374849181043, -0.040337958741331545
customer_address: 0.2449320713058114, 0.03384956171719244, 0.512403874787855
customer_demographics: 0.011580578982830048, 0.0025362506242440556, 0.08655025363232054
date_dim: 0.001992875710129738, 0.0007715590701313661, 0.8314687710129367
household_demographics: 3.5176053643226624e-05, 0.0003424335871225976, 0.05102657292554403
item: 0.03489831369370222, 0.0053044367199388326, 0.22352561818990857
promotion: 7.638614624738693e-05, 0.0004580501607907162, -0.0004580501607907162
promotion had no query dependencies
reason: 1.4491379261016846e-06, 0.0003583092929791904, 0.07842296856807202
ship_mode: 1.3029202818870544e-06, 0.0003487828687261278, 0.05682666518427534
store: 9.930133819580078e-05, 0.0004650392038704199, 0.023528285121729952
store_returns: 20.850121902301908, 2.715459051833682, -2.6647545989876598
time_dim: 0.0012146271765232086, 0.0008087651706598591, 0.040255014946493375
warehouse: 2.907589077949524e-06, 0.00031938725367729924, 0.05685606079932417
web_page: 7.394980639219284e-05, 0.00035018969078465505, 0.11949486828741979
web_returns: 6.285572262480855, 0.8108129051738011, -0.2794803265255289
web_sales: 67.01082486007363, 8.795154025403397, -7.9967148997636475
web_site: 1.0454095900058746e-05, 0.00033022857262928016, 0.47614491269948994
call_center: 9.615905582904816e-06, 0.00039808001062390674, -0.00039808001062390674
call_center had no query dependencies
customer_address: 0.2449320713058114, 0.033839940545900164, -0.033839940545900164
customer_address had no query dependencies
customer_demographics: 0.011580578982830048, 0.0025357957277763804, -0.0025357957277763804
customer_demographics had no query dependencies
date_dim: 0.001992875710129738, 0.0007714807880245389, -0.0007714807880245389
date_dim had no query dependencies
household_demographics: 3.5176053643226624e-05, 0.0003424322053728101, -0.0003424322053728101
household_demographics had no query dependencies
item: 0.03489831369370222, 0.005303065880048129, -0.005303065880048129
item had no query dependencies
reason: 1.4491379261016846e-06, 0.00035830923605563545, -0.00035830923605563545
reason had no query dependencies
ship_mode: 1.3029202818870544e-06, 0.00034878281754614494, -0.00034878281754614494
ship_mode had no query dependencies
store: 9.930133819580078e-05, 0.0004650353032167438, -0.0004650353032167438
store had no query dependencies
time_dim: 0.0012146271765232086, 0.0008087174589165204, -0.0008087174589165204
time_dim had no query dependencies
warehouse: 2.907589077949524e-06, 0.00031938713946435675, -0.00031938713946435675
warehouse had no query dependencies
web_page: 7.394980639219284e-05, 0.00035018678596394074, -0.00035018678596394074
web_page had no query dependencies
web_site: 1.0454095900058746e-05, 0.0003302281619821696, -0.0003302281619821696
web_site had no query dependencies
{}
{}
STARTING PHASE 2: 0b0
----
[]
Function: 24.91553747669735, 0, 24.91553747669735, 0.0, 0, 0.0, 0
{24.91553747669735: []}
[]
{}
Best Cost: $24.91553747669735;
[]
{}
{}
{}
[]
0
Optimal Subset: 0b0
Function: 24.91553747669735, 0, 24.91553747669735, 0.0, 0, 0.0, 0
24.91553747669735
Real: 24.91553747669735, 0, 24.91553747669735, 0.0, 0, 0.0, 0
Num Redshift Qs: 0; Num GCP Qs: 95
Num BigQuery Qs: 5; Num DuckDB Qs: 90
Redshift Qs: $0; GCP Qs: $24.91553747669735; Movement Cost: $0.0
Load Cost: $0, Storage Cost: $0.0, API Cost: $0
Final cost: $24.91553747669735, BQ Baseline: $90.58315753936768, Diff: $65.66762006267032, %: 72.49429347186424%
