Egress: $0.12/GB
Benchmark: tpcds
Data Path: parquet_1000/internal_rs4
BigQuery Cost: $5/TB; DuckDB Cost: $1.48/hr; Redshift Cost: $4.344/hr
Use Duck: False
Excluded Table: web_site
Excluded Query: None

Starting analysis without using DuckDB
Excluding table web_site and any queries that depend on it
89
23
Total Keys: 94, Keys Considered: 89
h
59.86651404428868
34.88386615396339
34.883866153963396
7.105427357601002e-15
['000', '001', '002', '003', '004', '005', '006', '007', '008', '009', '0010', '0011', '0012', '0013', '0014', '0015', '0016', '0017', '0018', '0019', '0020', '0021', '0022']
['source', '02', '03', '04', '06', '07', '08', '09', '10', '11', '12', '13', '14', '15', '16', '17', '18', '19', '20', '21', '22', '23', '24', '25', '26', '27', '28', '29', '31', '32', '33', '34', '35', '36', '37', '38', '39', '40', '42', '43', '44', '45', '46', '47', '48', '49', '50', '51', '52', '53', '54', '55', '56', '57', '58', '59', '60', '61', '63', '64', '65', '66', '68', '69', '70', '71', '72', '73', '74', '75', '76', '77', '78', '79', '82', '83', '84', '85', '86', '87', '88', '89', '90', '91', '92', '93', '96', '97', '98', '99']
Optimal Subset: 0b0
h
34.88386615396338
