Egress: $0.12/GB
Benchmark: tpcds
Data Path: parquet_1000/internal_rs4
BigQuery Cost: $5/TB; DuckDB Cost: $1.48/hr; Redshift Cost: $4.344/hr
Use Duck: False
Excluded Table: promotion
Excluded Query: None

Starting analysis without using DuckDB
Excluding table promotion and any queries that depend on it
88
23
Total Keys: 93, Keys Considered: 88
h
56.644871241775554
32.85903798018772
32.859037980187736
1.4210854715202004e-14
['000', '001', '002', '003', '004', '005', '006', '007', '008', '009', '0010', '0011', '0013', '0014', '0015', '0016', '0017', '0018', '0019', '0020', '0021', '0022', '0023']
['source', '02', '03', '04', '05', '06', '08', '09', '10', '11', '12', '13', '14', '15', '16', '17', '18', '19', '20', '21', '22', '23', '24', '25', '27', '28', '29', '31', '32', '33', '34', '35', '36', '37', '38', '39', '40', '42', '43', '44', '45', '46', '47', '48', '49', '50', '51', '52', '53', '54', '55', '56', '57', '58', '59', '60', '62', '63', '65', '66', '68', '69', '70', '71', '73', '74', '75', '76', '77', '78', '79', '82', '83', '84', '85', '86', '87', '88', '89', '90', '91', '92', '93', '94', '95', '96', '97', '98', '99']
Optimal Subset: 0b0
h
32.85903798018772
