Egress: $0.24/GB
Benchmark: tpcds
Data Path: parquet_2000/real_data_rs1
BigQuery Cost: $5.0/TB; DuckDB Cost: $1.48/hr; Redshift Cost: $1.086/hr
Use Duck: False
Excluded Table: customer
Excluded Query: None

Starting analysis without using DuckDB
Redshift Total: $9.678573315425714, Redshift-Calcite Total: $9.229455709944567, BigQuery Total: $185.87164402008057
Excluding table customer and any queries that depend on it
Total Keys: 70, Keys Considered: 69
-0.054182378728080634
call_center: 5.735084414482117e-06, 0.005377376837764862, 3.0911428946637765
catalog_page: 0.0006659524515271187, 0.005151313078319857, 17.491635865354624
catalog_returns: 23.366260116919875, 5.861149884657437, 31.059449059190378
catalog_sales: 217.0907397372648, 55.39189230241942, 45.0764214268783
customer_address: 0.18544994108378887, 0.05350024741639331, 14.988288876838391
customer_demographics: 0.012168197892606258, 0.008555296159289757, 15.19145564455062
date_dim: 0.0019952356815338135, 0.00580732013415491, 152.98611934569408
household_demographics: 3.512948751449585e-05, 0.0043939350189226845, 9.034055281433915
income_band: 6.137415766716003e-07, 0.0034144951566896123, -0.0034144951566896123
income_band had no query dependencies
inventory: 0.24701470416039228, 0.06729552897862211, 1.0950981623576919
item: 0.005464168265461922, 0.006834168046043607, 114.00181375561347
promotion: 2.6027671992778778e-05, 0.004810798146294633, 14.107364269500607
reason: 1.2423843145370483e-06, 0.004734965850605989, 8.488909487275587
ship_mode: 1.5795230865478516e-06, 0.0047093536501864805, 2.126396104478663
store: 2.3781321942806244e-05, 0.005285216815667301, 74.04406517745277
store_returns: 36.877127600833774, 9.246540386887476, 32.19911081894667
store_sales: 288.85508783441037, 73.92293454137561, 91.16092661560145
time_dim: 0.0012104213237762451, 0.0020878962568341534, 8.705115991758118
warehouse: 2.3292377591133118e-06, 0.00044603756937826636, 3.6467233698730324
web_page: 1.0661780834197998e-05, 0.0015556534653650143, 7.773220036509658
web_returns: 11.326140539720654, 2.8492847913267045, 32.96271213444731
web_sales: 109.34904180746526, 27.754820003565463, 67.08998604799837
web_site: 8.863396942615509e-06, 0.0006172486950556427, 18.705198756300053
-0.05418235359437009
call_center: 5.735084414482117e-06, 0.005377376837198429, 3.0911428946643427
catalog_page: 0.0006659524515271187, 0.00515131301254616, 17.491635865420395
catalog_returns: 23.366260116919875, 5.861147576857059, 31.059451366990757
catalog_sales: 217.0907397372648, 55.39187086115801, 45.07644286813971
customer_address: 0.18544994108378887, 0.0535002291001783, 14.988288895154605
customer_demographics: 0.012168197892606258, 0.008555294957481186, 15.191455645752429
date_dim: 0.0019952356815338135, 0.0058073199370927515, 152.98611934589113
household_demographics: 3.512948751449585e-05, 0.004393935015453074, 9.034055281437384
inventory: 0.24701470416039228, 0.06729550458187976, 1.0950981867544343
item: 0.005464168265461922, 0.006834167506367616, 114.00181375615314
promotion: 2.6027671992778778e-05, 0.004810798143723974, 14.107364269503178
reason: 1.2423843145370483e-06, 0.0047349658504832835, 8.48890948727571
ship_mode: 1.5795230865478516e-06, 0.004709353650030477, 2.1263961044788187
store: 2.3781321942806244e-05, 0.005285216813318507, 74.04406517745511
store_returns: 36.877127600833774, 9.246536744667942, 32.199114461166204
store_sales: 288.85508783441037, 73.92290601221102, 91.16095514476605
time_dim: 0.0012104213237762451, 0.0020878961372852493, 8.705115991877667
warehouse: 2.3292377591133118e-06, 0.00044603756914821606, 3.6467233698732624
web_page: 1.0661780834197998e-05, 0.0015556534643119892, 7.773220036510711
web_returns: 11.326140539720654, 2.849283672685069, 32.96271325308894
web_sales: 109.34904180746526, 27.75480920355901, 67.08999684800483
web_site: 8.863396942615509e-06, 0.0006172486941802373, 18.705198756300927
{}
{}
STARTING PHASE 2: 0b111111111111110111101111
----
[0, 1, 2, 3, 5, 6, 7, 8, 10, 11, 12, 13, 14, 15, 16, 17, 18, 19, 20, 21, 22, 23]
Function: 184.02313340169843, 8.156689124033452, 4.76837158203125e-05, 165.61511579730742, 9.832956326322156, 0.35872015350872116, 0.05960431681087614
-0.05418235359437009
call_center: 5.735084414482117e-06, 0.005377376837198429, 3.0911428946643427
catalog_page: 0.0006659524515271187, 0.00515131301254616, 17.491635865420395
catalog_returns: 23.366260116919875, 5.861147576857059, 31.059451366990757
catalog_sales: 217.0907397372648, 55.39187086115801, 45.07644286813971
customer_address: 0.18544994108378887, 0.0535002291001783, 14.988288895154605
customer_demographics: 0.012168197892606258, 0.008555294957481186, 15.191455645752429
date_dim: 0.0019952356815338135, 0.0058073199370927515, 152.98611934589113
household_demographics: 3.512948751449585e-05, 0.004393935015453074, 9.034055281437384
inventory: 0.24701470416039228, 0.06729550458187976, 1.0950981867544343
item: 0.005464168265461922, 0.006834167506367616, 114.00181375615314
promotion: 2.6027671992778778e-05, 0.004810798143723974, 14.107364269503178
reason: 1.2423843145370483e-06, 0.0047349658504832835, 8.48890948727571
ship_mode: 1.5795230865478516e-06, 0.004709353650030477, 2.1263961044788187
store: 2.3781321942806244e-05, 0.005285216813318507, 74.04406517745511
store_returns: 36.877127600833774, 9.246536744667942, 32.199114461166204
store_sales: 288.85508783441037, 73.92290601221102, 91.16095514476605
time_dim: 0.0012104213237762451, 0.0020878961372852493, 8.705115991877667
warehouse: 2.3292377591133118e-06, 0.00044603756914821606, 3.6467233698732624
web_page: 1.0661780834197998e-05, 0.0015556534643119892, 7.773220036510711
web_returns: 11.326140539720654, 2.849283672685069, 32.96271325308894
web_sales: 109.34904180746526, 27.75480920355901, 67.08999684800483
web_site: 8.863396942615509e-06, 0.0006172486941802373, 18.705198756300927
call_center: 5.735084414482117e-06, 0.005377376825083412, 3.091142894676458
catalog_page: 0.0006659524515271187, 0.005151311605762065, 17.49163586682718
catalog_returns: 23.366260116919875, 5.861098217052155, 30.253546574300987
catalog_sales: 217.0907397372648, 55.39141227015944, 44.16473541311175
customer_address: 0.18544994108378887, 0.05349983734844458, 14.988289286906339
customer_demographics: 0.012168197892606258, 0.008555269252902403, 14.385501518962338
date_dim: 0.0019952356815338135, 0.005807315722278592, 151.8237256587697
household_demographics: 3.512948751449585e-05, 0.0043939349412441655, 8.228101129016924
item: 0.005464168265461922, 0.006834155963644125, 112.83942007635956
promotion: 2.6027671992778778e-05, 0.0048107980887420985, 13.30141011706349
reason: 1.2423843145370483e-06, 0.004734965847858822, 8.488909487278333
ship_mode: 1.5795230865478516e-06, 0.00470935364669383, 2.1263961044821555
store: 2.3781321942806244e-05, 0.005285216763081909, 74.04406517750535
store_returns: 36.877127600833774, 9.246458843976319, 32.199192361857826
store_sales: 288.85508783441037, 73.92229582338706, 90.9534686754877
time_dim: 0.0012104213237762451, 0.002087893580343741, 8.705115994434609
warehouse: 2.3292377591133118e-06, 0.00044603756422784276, 2.7986382301760218
web_page: 1.0661780834197998e-05, 0.0015556534417896248, 7.773220036533234
web_returns: 11.326140539720654, 2.849259746901287, 32.96273717887272
web_sales: 109.34904180746526, 27.75457821035158, 67.09022784121225
web_site: 8.863396942615509e-06, 0.0006172486754568497, 18.70519875631965
Function: 185.11654346929652, 8.09172781201283, 1.227402687072754, 165.5555955458841, 9.8251046128877, 0.3571398366987199, 0.05957297474043669
hiya: 0b111111111111100111101111, 185.11654346929652
call_center: 5.735084414482117e-06, 0.005377376825083412, 3.091142894676458
catalog_page: 0.0006659524515271187, 0.005151311605762065, 17.49163586682718
catalog_returns: 23.366260116919875, 5.861098217052155, 30.253546574300987
catalog_sales: 217.0907397372648, 55.39141227015944, 44.16473541311175
customer_address: 0.18544994108378887, 0.05349983734844458, 14.988289286906339
customer_demographics: 0.012168197892606258, 0.008555269252902403, 14.385501518962338
date_dim: 0.0019952356815338135, 0.005807315722278592, 151.8237256587697
household_demographics: 3.512948751449585e-05, 0.0043939349412441655, 8.228101129016924
item: 0.005464168265461922, 0.006834155963644125, 112.83942007635956
promotion: 2.6027671992778778e-05, 0.0048107980887420985, 13.30141011706349
reason: 1.2423843145370483e-06, 0.004734965847858822, 8.488909487278333
ship_mode: 1.5795230865478516e-06, 0.00470935364669383, 2.1263961044821555
store: 2.3781321942806244e-05, 0.005285216763081909, 74.04406517750535
store_returns: 36.877127600833774, 9.246458843976319, 32.199192361857826
store_sales: 288.85508783441037, 73.92229582338706, 90.9534686754877
time_dim: 0.0012104213237762451, 0.002087893580343741, 8.705115994434609
warehouse: 2.3292377591133118e-06, 0.00044603756422784276, 2.7986382301760218
web_page: 1.0661780834197998e-05, 0.0015556534417896248, 7.773220036533234
web_returns: 11.326140539720654, 2.849259746901287, 32.96273717887272
web_sales: 109.34904180746526, 27.75457821035158, 67.09022784121225
web_site: 8.863396942615509e-06, 0.0006172486754568497, 18.70519875631965
call_center: 5.735084414482117e-06, 0.0053773768140376885, 2.586460654669454
catalog_page: 0.0006659524515271187, 0.0051513103231434374, 17.4916358681098
catalog_returns: 23.366260116919875, 5.861053213838468, 30.253591577514676
catalog_sales: 217.0907397372648, 55.39099415528351, 42.28518355829584
customer_address: 0.18544994108378887, 0.053499480173471566, 14.988289644081313
customer_demographics: 0.012168197892606258, 0.008555245817059132, 14.385501542398181
date_dim: 0.0019952356815338135, 0.005807311879472029, 149.69262020448366
household_demographics: 3.512948751449585e-05, 0.004393934873585078, 8.228101129084584
item: 0.005464168265461922, 0.006834145439703587, 112.83942008688351
promotion: 2.6027671992778778e-05, 0.004810798038613029, 13.301410117113619
reason: 1.2423843145370483e-06, 0.004734965845466001, 8.488909487280726
store: 2.3781321942806244e-05, 0.0052852167172792895, 74.04406517755115
store_returns: 36.877127600833774, 9.246387818949408, 32.19926338688474
store_sales: 288.85508783441037, 73.92173949100108, 90.95402500787368
time_dim: 0.0012104213237762451, 0.0020878912490828027, 7.329828267092086
warehouse: 2.3292377591133118e-06, 0.00044603755974175114, 0.6675327720516583
web_page: 1.0661780834197998e-05, 0.0015556534212551277, 7.773220036553767
web_returns: 11.326140539720654, 2.8492379328531507, 32.96275899292086
web_sales: 109.34904180746526, 27.75436760504845, 65.46401522840458
web_site: 8.863396942615509e-06, 0.0006172486583860243, 18.454063267899706
Function: 187.24161627860065, 8.030040377685626, 3.4201955795288086, 165.55559516528484, 9.820405639284052, 0.35581654221334236, 0.05956297460396589
hiya: 0b111111111011100111101111, 187.24161627860065
call_center: 5.735084414482117e-06, 0.0053773768140376885, 2.586460654669454
catalog_page: 0.0006659524515271187, 0.0051513103231434374, 17.4916358681098
catalog_returns: 23.366260116919875, 5.861053213838468, 30.253591577514676
catalog_sales: 217.0907397372648, 55.39099415528351, 42.28518355829584
customer_address: 0.18544994108378887, 0.053499480173471566, 14.988289644081313
customer_demographics: 0.012168197892606258, 0.008555245817059132, 14.385501542398181
date_dim: 0.0019952356815338135, 0.005807311879472029, 149.69262020448366
household_demographics: 3.512948751449585e-05, 0.004393934873585078, 8.228101129084584
item: 0.005464168265461922, 0.006834145439703587, 112.83942008688351
promotion: 2.6027671992778778e-05, 0.004810798038613029, 13.301410117113619
reason: 1.2423843145370483e-06, 0.004734965845466001, 8.488909487280726
store: 2.3781321942806244e-05, 0.0052852167172792895, 74.04406517755115
store_returns: 36.877127600833774, 9.246387818949408, 32.19926338688474
store_sales: 288.85508783441037, 73.92173949100108, 90.95402500787368
time_dim: 0.0012104213237762451, 0.0020878912490828027, 7.329828267092086
warehouse: 2.3292377591133118e-06, 0.00044603755974175114, 0.6675327720516583
web_page: 1.0661780834197998e-05, 0.0015556534212551277, 7.773220036553767
web_returns: 11.326140539720654, 2.8492379328531507, 32.96275899292086
web_sales: 109.34904180746526, 27.75436760504845, 65.46401522840458
web_site: 8.863396942615509e-06, 0.0006172486583860243, 18.454063267899706
call_center: 5.735084414482117e-06, 0.005377376813950403, 2.586460654669541
catalog_page: 0.0006659524515271187, 0.00515131031300791, 17.491635868119936
catalog_returns: 23.366260116919875, 5.861052858213409, 29.585613123528336
catalog_sales: 217.0907397372648, 55.39099085124997, 41.61720805271797
customer_address: 0.18544994108378887, 0.05349947735099822, 14.988289646903786
customer_demographics: 0.012168197892606258, 0.008555245631864066, 14.385501542583375
date_dim: 0.0019952356815338135, 0.005807311849105347, 149.02464139490257
household_demographics: 3.512948751449585e-05, 0.004393934873050421, 8.228101129085118
item: 0.005464168265461922, 0.006834145356541149, 112.17144127735529
promotion: 2.6027671992778778e-05, 0.004810798038216898, 13.301410117114015
reason: 1.2423843145370483e-06, 0.004734965845447092, 8.488909487280745
store: 2.3781321942806244e-05, 0.005285216716917347, 74.04406517755152
store_returns: 36.877127600833774, 9.246387257694392, 32.19926394813975
store_sales: 288.85508783441037, 73.92173509474308, 90.95402940413167
time_dim: 0.0012104213237762451, 0.0020878912306606778, 7.329828267110509
web_page: 1.0661780834197998e-05, 0.0015556534210928597, 7.77322003655393
web_returns: 11.326140539720654, 2.8492377604738577, 32.962759165300156
web_sales: 109.34904180746526, 27.754365940800117, 65.46401689265292
web_site: 8.863396942615509e-06, 0.000617248658251127, 18.45406326789984
Function: 187.90913859146946, 8.02995125516812, 4.088263511657715, 165.5555946040356, 9.819970162148872, 0.3558060840563982, 0.05955297440271975
hiya: 0b111101111011100111101111, 187.90913859146946
call_center: 5.735084414482117e-06, 0.005377376813950403, 2.586460654669541
catalog_page: 0.0006659524515271187, 0.00515131031300791, 17.491635868119936
catalog_returns: 23.366260116919875, 5.861052858213409, 29.585613123528336
catalog_sales: 217.0907397372648, 55.39099085124997, 41.61720805271797
customer_address: 0.18544994108378887, 0.05349947735099822, 14.988289646903786
customer_demographics: 0.012168197892606258, 0.008555245631864066, 14.385501542583375
date_dim: 0.0019952356815338135, 0.005807311849105347, 149.02464139490257
household_demographics: 3.512948751449585e-05, 0.004393934873050421, 8.228101129085118
item: 0.005464168265461922, 0.006834145356541149, 112.17144127735529
promotion: 2.6027671992778778e-05, 0.004810798038216898, 13.301410117114015
reason: 1.2423843145370483e-06, 0.004734965845447092, 8.488909487280745
store: 2.3781321942806244e-05, 0.005285216716917347, 74.04406517755152
store_returns: 36.877127600833774, 9.246387257694392, 32.19926394813975
store_sales: 288.85508783441037, 73.92173509474308, 90.95402940413167
time_dim: 0.0012104213237762451, 0.0020878912306606778, 7.329828267110509
web_page: 1.0661780834197998e-05, 0.0015556534210928597, 7.77322003655393
web_returns: 11.326140539720654, 2.8492377604738577, 32.962759165300156
web_sales: 109.34904180746526, 27.754365940800117, 65.46401689265292
web_site: 8.863396942615509e-06, 0.000617248658251127, 18.45406326789984
catalog_page: 0.0006659524515271187, 0.005151309330147539, 17.491635869102794
catalog_returns: 23.366260116919875, 5.861018372611589, 28.51572939701876
catalog_sales: 217.0907397372648, 55.39067045317291, 39.02569041931154
customer_address: 0.18544994108378887, 0.053499203650680165, 13.918371708492707
customer_demographics: 0.012168197892606258, 0.00855522767316527, 14.385501560542075
date_dim: 0.0019952356815338135, 0.005807308904393489, 146.43280336636383
household_demographics: 3.512948751449585e-05, 0.004393934821203805, 8.228101129136965
item: 0.005464168265461922, 0.006834137292129894, 110.64952146604759
promotion: 2.6027671992778778e-05, 0.004810797999803394, 13.301410117152429
reason: 1.2423843145370483e-06, 0.004734965843613492, 8.488909487282578
store: 2.3781321942806244e-05, 0.005285216681819168, 74.04406517758662
store_returns: 36.877127600833774, 9.24633283178574, 32.1993183740484
store_sales: 288.85508783441037, 73.92130878169628, 90.95445571717848
time_dim: 0.0012104213237762451, 0.0020878894442341125, 7.329828268896935
web_page: 1.0661780834197998e-05, 0.0015556534053574392, 7.773220036569666
web_returns: 11.326140539720654, 2.8492210445436723, 32.962775881230336
web_sales: 109.34904180746526, 27.754204555644925, 65.46417827780812
web_site: 8.863396942615509e-06, 0.0006172486451698903, 18.45406326791292
Function: 190.4945852113297, 7.984445879974364, 6.725606918334961, 165.5555932221192, 9.814604165220658, 0.35479205177330464, 0.05954297390720847
hiya: 0b111101111011100111101110, 190.4945852113297
catalog_page: 0.0006659524515271187, 0.005151309330147539, 17.491635869102794
catalog_returns: 23.366260116919875, 5.861018372611589, 28.51572939701876
catalog_sales: 217.0907397372648, 55.39067045317291, 39.02569041931154
customer_address: 0.18544994108378887, 0.053499203650680165, 13.918371708492707
customer_demographics: 0.012168197892606258, 0.00855522767316527, 14.385501560542075
date_dim: 0.0019952356815338135, 0.005807308904393489, 146.43280336636383
household_demographics: 3.512948751449585e-05, 0.004393934821203805, 8.228101129136965
item: 0.005464168265461922, 0.006834137292129894, 110.64952146604759
promotion: 2.6027671992778778e-05, 0.004810797999803394, 13.301410117152429
reason: 1.2423843145370483e-06, 0.004734965843613492, 8.488909487282578
store: 2.3781321942806244e-05, 0.005285216681819168, 74.04406517758662
store_returns: 36.877127600833774, 9.24633283178574, 32.1993183740484
store_sales: 288.85508783441037, 73.92130878169628, 90.95445571717848
time_dim: 0.0012104213237762451, 0.0020878894442341125, 7.329828268896935
web_page: 1.0661780834197998e-05, 0.0015556534053574392, 7.773220036569666
web_returns: 11.326140539720654, 2.8492210445436723, 32.962775881230336
web_sales: 109.34904180746526, 27.754204555644925, 65.46417827780812
web_site: 8.863396942615509e-06, 0.0006172486451698903, 18.45406326791292
catalog_page: 0.0006659524515271187, 0.0051513058313888554, 17.491635872601552
catalog_returns: 23.366260116919875, 5.860895611736835, 28.515852157893512
catalog_sales: 217.0907397372648, 55.389529909115886, 37.285664349837056
customer_address: 0.18544994108378887, 0.05349822933999131, 13.918372682803396
customer_demographics: 0.012168197892606258, 0.008555163744294754, 14.385501624470946
date_dim: 0.0019952356815338135, 0.005807298421891095, 144.69163676331482
household_demographics: 3.512948751449585e-05, 0.00439393463664168, 2.637351584511867
item: 0.005464168265461922, 0.0068341085846656815, 108.90835488122352
promotion: 2.6027671992778778e-05, 0.004810797863060083, 13.301410117289173
reason: 1.2423843145370483e-06, 0.004734965837086295, 8.488909487289106
store: 2.3781321942806244e-05, 0.005285216556877655, 68.76125815852394
store_returns: 36.877127600833774, 9.24613908796794, 32.199512117866206
store_sales: 288.85508783441037, 73.91979120451096, 83.9319996616447
web_page: 1.0661780834197998e-05, 0.0015556533493429321, 7.46527751100363
web_returns: 11.326140539720654, 2.849161539645871, 32.96283538612814
web_sales: 109.34904180746526, 27.7536300613117, 63.41564363298778
web_site: 8.863396942615509e-06, 0.0006172485986036724, 18.454063267959487
Function: 197.82080261359, 7.805142059983013, 14.23682689666748, 165.55530156101443, 9.812817506515582, 0.3511817200826757, 0.05953286932680609
hiya: 0b111100111011100111101110, 197.82080261359
catalog_page: 0.0006659524515271187, 0.0051513058313888554, 17.491635872601552
catalog_returns: 23.366260116919875, 5.860895611736835, 28.515852157893512
catalog_sales: 217.0907397372648, 55.389529909115886, 37.285664349837056
customer_address: 0.18544994108378887, 0.05349822933999131, 13.918372682803396
customer_demographics: 0.012168197892606258, 0.008555163744294754, 14.385501624470946
date_dim: 0.0019952356815338135, 0.005807298421891095, 144.69163676331482
household_demographics: 3.512948751449585e-05, 0.00439393463664168, 2.637351584511867
item: 0.005464168265461922, 0.0068341085846656815, 108.90835488122352
promotion: 2.6027671992778778e-05, 0.004810797863060083, 13.301410117289173
reason: 1.2423843145370483e-06, 0.004734965837086295, 8.488909487289106
store: 2.3781321942806244e-05, 0.005285216556877655, 68.76125815852394
store_returns: 36.877127600833774, 9.24613908796794, 32.199512117866206
store_sales: 288.85508783441037, 73.91979120451096, 83.9319996616447
web_page: 1.0661780834197998e-05, 0.0015556533493429321, 7.46527751100363
web_returns: 11.326140539720654, 2.849161539645871, 32.96283538612814
web_sales: 109.34904180746526, 27.7536300613117, 63.41564363298778
web_site: 8.863396942615509e-06, 0.0006172485986036724, 18.454063267959487
catalog_page: 0.0006659524515271187, 0.005151302643192367, 17.49163587578975
catalog_returns: 23.366260116919875, 5.860783747551525, 28.515964022078823
catalog_sales: 217.0907397372648, 55.38849060378344, 37.286703655169504
customer_address: 0.18544994108378887, 0.0534973415125653, 11.276628051482314
customer_demographics: 0.012168197892606258, 0.008555105489976898, 11.743756163576755
date_dim: 0.0019952356815338135, 0.00580728886985269, 142.04989125371833
item: 0.005464168265461922, 0.00683408242537753, 108.90835490738282
promotion: 2.6027671992778778e-05, 0.004810797738454591, 13.301410117413779
reason: 1.2423843145370483e-06, 0.004734965831138476, 8.488909487295054
store: 2.3781321942806244e-05, 0.005285216443026393, 66.11951263948929
store_returns: 36.877127600833774, 9.245962541536677, 32.19968866429747
store_sales: 288.85508783441037, 73.91840833284422, 81.29163701416292
web_page: 1.0661780834197998e-05, 0.0015556532983004709, 7.465277511054673
web_returns: 11.326140539720654, 2.8491073166132663, 32.96288960916075
web_sales: 109.34904180746526, 27.753106561127463, 63.41616713317201
web_site: 8.863396942615509e-06, 0.0006172485561708366, 18.45406326800192
Function: 200.45486486828432, 7.64450129525701, 17.039213180541992, 165.55529309627164, 9.80844202394684, 0.3478924059752273, 0.05952286629161837
hiya: 0b111100111011100011101110, 200.45486486828432
catalog_page: 0.0006659524515271187, 0.005151302643192367, 17.49163587578975
catalog_returns: 23.366260116919875, 5.860783747551525, 28.515964022078823
catalog_sales: 217.0907397372648, 55.38849060378344, 37.286703655169504
customer_address: 0.18544994108378887, 0.0534973415125653, 11.276628051482314
customer_demographics: 0.012168197892606258, 0.008555105489976898, 11.743756163576755
date_dim: 0.0019952356815338135, 0.00580728886985269, 142.04989125371833
item: 0.005464168265461922, 0.00683408242537753, 108.90835490738282
promotion: 2.6027671992778778e-05, 0.004810797738454591, 13.301410117413779
reason: 1.2423843145370483e-06, 0.004734965831138476, 8.488909487295054
store: 2.3781321942806244e-05, 0.005285216443026393, 66.11951263948929
store_returns: 36.877127600833774, 9.245962541536677, 32.19968866429747
store_sales: 288.85508783441037, 73.91840833284422, 81.29163701416292
web_page: 1.0661780834197998e-05, 0.0015556532983004709, 7.465277511054673
web_returns: 11.326140539720654, 2.8491073166132663, 32.96288960916075
web_sales: 109.34904180746526, 27.753106561127463, 63.41616713317201
web_site: 8.863396942615509e-06, 0.0006172485561708366, 18.45406326800192
catalog_page: 0.0006659524515271187, 0.005151300291347704, 17.491635878141594
catalog_returns: 23.366260116919875, 5.860701228425666, 21.52656919487023
catalog_sales: 217.0907397372648, 55.38772393688913, 30.297992975729372
customer_address: 0.18544994108378887, 0.053496686586746944, 10.799272888389616
customer_demographics: 0.012168197892606258, 0.008555062517372453, 11.266400388530844
date_dim: 0.0019952356815338135, 0.00580728182357727, 134.58305809641163
item: 0.005464168265461922, 0.006834063128391767, 108.90835492667979
promotion: 2.6027671992778778e-05, 0.0048107976465365555, 13.301410117505696
reason: 1.2423843145370483e-06, 0.004734965826750932, 8.011553669280925
store: 2.3781321942806244e-05, 0.005285216359041455, 59.130035293238805
store_returns: 36.877127600833774, 9.245832308101004, 25.210341551398688
store_sales: 288.85508783441037, 73.91738822653586, 74.30317977413686
web_returns: 11.326140539720654, 2.8490673177768233, 25.496096443644227
web_sales: 109.34904180746526, 27.752720389472334, 55.94972014047417
web_site: 8.863396942615509e-06, 0.0006172485248693033, 18.454063268033224
Function: 207.91771594606058, 7.524316446609496, 24.62623119354248, 165.5552905272267, 9.806898935795624, 0.34546597751582914, 0.0595128653704405
hiya: 0b111000111011100011101110, 207.91771594606058
catalog_page: 0.0006659524515271187, 0.005151300291347704, 17.491635878141594
catalog_returns: 23.366260116919875, 5.860701228425666, 21.52656919487023
catalog_sales: 217.0907397372648, 55.38772393688913, 30.297992975729372
customer_address: 0.18544994108378887, 0.053496686586746944, 10.799272888389616
customer_demographics: 0.012168197892606258, 0.008555062517372453, 11.266400388530844
date_dim: 0.0019952356815338135, 0.00580728182357727, 134.58305809641163
item: 0.005464168265461922, 0.006834063128391767, 108.90835492667979
promotion: 2.6027671992778778e-05, 0.0048107976465365555, 13.301410117505696
reason: 1.2423843145370483e-06, 0.004734965826750932, 8.011553669280925
store: 2.3781321942806244e-05, 0.005285216359041455, 59.130035293238805
store_returns: 36.877127600833774, 9.245832308101004, 25.210341551398688
store_sales: 288.85508783441037, 73.91738822653586, 74.30317977413686
web_returns: 11.326140539720654, 2.8490673177768233, 25.496096443644227
web_sales: 109.34904180746526, 27.752720389472334, 55.94972014047417
web_site: 8.863396942615509e-06, 0.0006172485248693033, 18.454063268033224
catalog_page: 0.0006659524515271187, 0.005151294603290536, 17.49163588382965
catalog_returns: 23.366260116919875, 5.860501651679557, 21.52676877161634
catalog_sales: 217.0907397372648, 55.38586971361035, 30.299847199008155
customer_address: 0.18544994108378887, 0.053495102615002114, 10.799274472361361
customer_demographics: 0.012168197892606258, 0.008554958585920468, 11.266400492462296
date_dim: 0.0019952356815338135, 0.005807264781798095, 134.5830581134534
item: 0.005464168265461922, 0.00683401645764013, 108.90835497335054
promotion: 2.6027671992778778e-05, 0.004810797424228062, 13.301410117728004
store: 2.3781321942806244e-05, 0.005285216155919568, 59.13003529344193
store_returns: 36.877127600833774, 9.245517331844832, 23.94884930069778
store_sales: 288.85508783441037, 73.91492104701128, 66.28935831855371
web_returns: 11.326140539720654, 2.8489705785355595, 25.496193182885488
web_sales: 109.34904180746526, 27.751786413481106, 55.950654116465394
web_site: 8.863396942615509e-06, 0.0006172484491649368, 18.45406326810893
Function: 215.92340118530777, 7.234635843435922, 32.93220043182373, 165.55529022786385, 9.802174268873134, 0.3395975480480713, 0.059502865263098496
hiya: 0b111000111001100011101110, 215.92340118530777
catalog_page: 0.0006659524515271187, 0.005151294603290536, 17.49163588382965
catalog_returns: 23.366260116919875, 5.860501651679557, 21.52676877161634
catalog_sales: 217.0907397372648, 55.38586971361035, 30.299847199008155
customer_address: 0.18544994108378887, 0.053495102615002114, 10.799274472361361
customer_demographics: 0.012168197892606258, 0.008554958585920468, 11.266400492462296
date_dim: 0.0019952356815338135, 0.005807264781798095, 134.5830581134534
item: 0.005464168265461922, 0.00683401645764013, 108.90835497335054
promotion: 2.6027671992778778e-05, 0.004810797424228062, 13.301410117728004
store: 2.3781321942806244e-05, 0.005285216155919568, 59.13003529344193
store_returns: 36.877127600833774, 9.245517331844832, 23.94884930069778
store_sales: 288.85508783441037, 73.91492104701128, 66.28935831855371
web_returns: 11.326140539720654, 2.8489705785355595, 25.496193182885488
web_sales: 109.34904180746526, 27.751786413481106, 55.950654116465394
web_site: 8.863396942615509e-06, 0.0006172484491649368, 18.45406326810893
catalog_page: 0.0006659524515271187, 0.005151285190152245, 17.49163589324279
catalog_returns: 23.366260116919875, 5.860171373087843, 21.52709905020805
catalog_sales: 217.0907397372648, 55.38280116847579, 24.918121650207205
customer_demographics: 0.012168197892606258, 0.00855478659026333, 9.591544056227281
date_dim: 0.0019952356815338135, 0.005807236579440177, 123.7302885666794
item: 0.005464168265461922, 0.006833939222439007, 103.52356095665026
promotion: 2.6027671992778778e-05, 0.004810797056330811, 13.301410118095902
store: 2.3781321942806244e-05, 0.005285215819774139, 57.4551786855474
store_returns: 36.877127600833774, 9.244996079162139, 23.949370553380472
store_sales: 288.85508783441037, 73.9108381235506, 56.398565005163164
web_returns: 11.326140539720654, 2.8488104852331526, 24.538459938062744
web_sales: 109.34904180746526, 27.75024078113118, 46.77428678206961
web_site: 8.863396942615509e-06, 0.0006172483238821467, 17.496169930109062
Function: 226.71278892161132, 6.756295417801935, 44.26331043243408, 165.51060451914356, 9.793304837162891, 0.3297968726806788, 0.05947684238818885
hiya: 0b111000111001100011001110, 226.71278892161132
catalog_page: 0.0006659524515271187, 0.005151285190152245, 17.49163589324279
catalog_returns: 23.366260116919875, 5.860171373087843, 21.52709905020805
catalog_sales: 217.0907397372648, 55.38280116847579, 24.918121650207205
customer_demographics: 0.012168197892606258, 0.00855478659026333, 9.591544056227281
date_dim: 0.0019952356815338135, 0.005807236579440177, 123.7302885666794
item: 0.005464168265461922, 0.006833939222439007, 103.52356095665026
promotion: 2.6027671992778778e-05, 0.004810797056330811, 13.301410118095902
store: 2.3781321942806244e-05, 0.005285215819774139, 57.4551786855474
store_returns: 36.877127600833774, 9.244996079162139, 23.949370553380472
store_sales: 288.85508783441037, 73.9108381235506, 56.398565005163164
web_returns: 11.326140539720654, 2.8488104852331526, 24.538459938062744
web_sales: 109.34904180746526, 27.75024078113118, 46.77428678206961
web_site: 8.863396942615509e-06, 0.0006172483238821467, 17.496169930109062
catalog_page: 0.0006659524515271187, 0.005151277523552832, 17.49163590090939
catalog_returns: 23.366260116919875, 5.859902375270247, 21.52736804802565
catalog_sales: 217.0907397372648, 55.38030196942051, 23.811637685954985
date_dim: 0.0019952356815338135, 0.005807213609823249, 114.13018974683145
item: 0.005464168265461922, 0.0068338763176638735, 93.92346217673747
promotion: 2.6027671992778778e-05, 0.004810796756694202, 10.080292490520131
store: 2.3781321942806244e-05, 0.0052852155459980335, 51.076197470879045
store_returns: 36.877127600833774, 9.244571541097672, 23.94979509144494
store_sales: 288.85508783441037, 73.9075127566395, 47.91077469256422
web_returns: 11.326140539720654, 2.848680096070671, 24.538590327225226
web_sales: 109.34904180746526, 27.74898192954538, 46.77554563365541
web_site: 8.863396942615509e-06, 0.0006172482218446611, 17.4961699302111
Function: 236.2964138798358, 6.365101307128269, 54.25460338592529, 165.50767249045967, 9.787687311767339, 0.3218835934993275, 0.05946579105589093
hiya: 0b111000111001100010001110, 236.2964138798358
catalog_page: 0.0006659524515271187, 0.005151277523552832, 17.49163590090939
catalog_returns: 23.366260116919875, 5.859902375270247, 21.52736804802565
catalog_sales: 217.0907397372648, 55.38030196942051, 23.811637685954985
date_dim: 0.0019952356815338135, 0.005807213609823249, 114.13018974683145
item: 0.005464168265461922, 0.0068338763176638735, 93.92346217673747
promotion: 2.6027671992778778e-05, 0.004810796756694202, 10.080292490520131
store: 2.3781321942806244e-05, 0.0052852155459980335, 51.076197470879045
store_returns: 36.877127600833774, 9.244571541097672, 23.94979509144494
store_sales: 288.85508783441037, 73.9075127566395, 47.91077469256422
web_returns: 11.326140539720654, 2.848680096070671, 24.538590327225226
web_sales: 109.34904180746526, 27.74898192954538, 46.77554563365541
web_site: 8.863396942615509e-06, 0.0006172482218446611, 17.4961699302111
catalog_page: 0.0006659524515271187, 0.00515127248538264, 7.4065326186707345
catalog_returns: 23.366260116919875, 5.859725601095223, 11.44244153492385
catalog_sales: 217.0907397372648, 55.37865959977169, 13.728176768326982
date_dim: 0.0019952356815338135, 0.005807198515146573, 104.04508647464931
item: 0.005464168265461922, 0.006833834979262585, 83.83835893079905
store: 2.3781321942806244e-05, 0.005285215366083767, 40.99109418378213
store_returns: 36.877127600833774, 9.244292552343106, 13.864970792922678
store_sales: 288.85508783441037, 73.90532746384562, 37.82785669808128
web_returns: 11.326140539720654, 2.848594409737467, 14.453572726281605
web_sales: 109.34904180746526, 27.748154664653246, 36.69126961127073
web_site: 8.863396942615509e-06, 0.0006172481547898703, 7.411066643001327
Function: 246.3715099070969, 6.10912774351398, 64.5956802368164, 165.50766621887522, 9.782892776097853, 0.31668714298635237, 0.05945578880710007
hiya: 0b111000111000100010001110, 246.3715099070969
catalog_page: 0.0006659524515271187, 0.00515127248538264, 7.4065326186707345
catalog_returns: 23.366260116919875, 5.859725601095223, 11.44244153492385
catalog_sales: 217.0907397372648, 55.37865959977169, 13.728176768326982
date_dim: 0.0019952356815338135, 0.005807198515146573, 104.04508647464931
item: 0.005464168265461922, 0.006833834979262585, 83.83835893079905
store: 2.3781321942806244e-05, 0.005285215366083767, 40.99109418378213
store_returns: 36.877127600833774, 9.244292552343106, 13.864970792922678
store_sales: 288.85508783441037, 73.90532746384562, 37.82785669808128
web_returns: 11.326140539720654, 2.848594409737467, 14.453572726281605
web_sales: 109.34904180746526, 27.748154664653246, 36.69126961127073
web_site: 8.863396942615509e-06, 0.0006172481547898703, 7.411066643001327
catalog_returns: 23.366260116919875, 5.859627121198628, 4.030856123664327
catalog_sales: 217.0907397372648, 55.377744644896836, 6.31740783204571
date_dim: 0.0019952356815338135, 0.005807190105987272, 96.63340259190235
item: 0.005464168265461922, 0.006833811949872213, 83.83835895382843
store: 2.3781321942806244e-05, 0.005285215265854543, 33.579410292726244
store_returns: 36.877127600833774, 9.244137129280336, 6.453442324829332
store_sales: 288.85508783441037, 73.9041100495466, 30.41739022122418
web_returns: 11.326140539720654, 2.8485466743641727, 7.041936570498782
web_sales: 109.34904180746526, 27.74769380004436, 29.280046584723493
web_site: 8.863396942615509e-06, 0.0006172481174340242, -0.0006172481174340242
web_site had no query dependencies
catalog_returns: 23.366260116919875, 5.859626710991638, 4.030856533871317
catalog_sales: 217.0907397372648, 55.37774083375468, 6.317411643187867
date_dim: 0.0019952356815338135, 0.00580719007095986, 96.63340259193738
item: 0.005464168265461922, 0.006833811853945864, 83.83835895392436
store: 2.3781321942806244e-05, 0.0052852152654370484, 33.579410292726664
store_returns: 36.877127600833774, 9.24413648188296, 6.453442972226709
store_sales: 288.85508783441037, 73.90410497854357, 30.417395292227212
web_returns: 11.326140539720654, 2.8485464755278165, 7.041936769335138
web_sales: 109.34904180746526, 27.747691880364396, 29.280048504403457
Function: 253.7745176688629, 5.968836384425956, 72.14765548706055, 165.50750361637307, 9.77730658069372, 0.3137798698065878, 0.059435730503010764
hiya: 0b11000111000100010001100, 253.7745176688629
catalog_returns: 23.366260116919875, 5.859626710991638, 4.030856533871317
catalog_sales: 217.0907397372648, 55.37774083375468, 6.317411643187867
date_dim: 0.0019952356815338135, 0.00580719007095986, 96.63340259193738
item: 0.005464168265461922, 0.006833811853945864, 83.83835895392436
store: 2.3781321942806244e-05, 0.0052852152654370484, 33.579410292726664
store_returns: 36.877127600833774, 9.24413648188296, 6.453442972226709
store_sales: 288.85508783441037, 73.90410497854357, 30.417395292227212
web_returns: 11.326140539720654, 2.8485464755278165, 7.041936769335138
web_sales: 109.34904180746526, 27.747691880364396, 29.280048504403457
catalog_sales: 217.0907397372648, 55.36832056571437, -3.4646929765112446
date_dim: 0.0019952356815338135, 0.005807103491242335, 86.74291943365417
item: 0.005464168265461922, 0.006833574746044623, 79.27382176675003
store: 2.3781321942806244e-05, 0.005285214233488715, 33.57941029375861
store_returns: 36.877127600833774, 9.242536264264386, -3.435440055017672
store_sales: 288.85508783441037, 73.89157062375948, 20.638404759271907
web_returns: 11.326140539720654, 2.848054997725145, -2.848054997725145
web_returns had no query dependencies
web_sales: 109.34904180746526, 27.742946872424287, 19.493268624604145
date_dim: 0.0019952356815338135, 0.005806816018802153, 33.835001869363
item: 0.005464168265461922, 0.006832787471739447, 29.058505630859795
store: 2.3781321942806244e-05, 0.005285210807089161, 27.772314087938305
store_sales: 288.85508783441037, 73.84995254438795, -30.09259130792497
web_sales: 109.34904180746526, 27.727191923687666, -25.562304185326308
date_dim: 0.0019952356815338135, 0.005806279530250131, -0.005806279530250131
date_dim had no query dependencies
item: 0.005464168265461922, 0.00683131823993497, -0.00683131823993497
item had no query dependencies
store: 2.3781321942806244e-05, 0.005285204412653109, -0.005285204412653109
store had no query dependencies
Function: 185.87164402008057, 0, 185.87164402008057, 0.0, 0, 0.0, 0
hiya: 0b0, 185.87164402008057
{184.02313340169843: [0, 1, 2, 3, 5, 6, 7, 8, 10, 11, 12, 13, 14, 15, 16, 17, 18, 19, 20, 21, 22, 23], 185.11654346929652: [0, 1, 2, 3, 5, 6, 7, 8, 11, 12, 13, 14, 15, 16, 17, 18, 19, 20, 21, 22, 23], 187.24161627860065: [0, 1, 2, 3, 5, 6, 7, 8, 11, 12, 13, 15, 16, 17, 18, 19, 20, 21, 22, 23], 187.90913859146946: [0, 1, 2, 3, 5, 6, 7, 8, 11, 12, 13, 15, 16, 17, 18, 20, 21, 22, 23], 190.4945852113297: [1, 2, 3, 5, 6, 7, 8, 11, 12, 13, 15, 16, 17, 18, 20, 21, 22, 23], 197.82080261359: [1, 2, 3, 5, 6, 7, 8, 11, 12, 13, 15, 16, 17, 20, 21, 22, 23], 200.45486486828432: [1, 2, 3, 5, 6, 7, 11, 12, 13, 15, 16, 17, 20, 21, 22, 23], 207.91771594606058: [1, 2, 3, 5, 6, 7, 11, 12, 13, 15, 16, 17, 21, 22, 23], 215.92340118530777: [1, 2, 3, 5, 6, 7, 11, 12, 15, 16, 17, 21, 22, 23], 226.71278892161132: [1, 2, 3, 6, 7, 11, 12, 15, 16, 17, 21, 22, 23], 236.2964138798358: [1, 2, 3, 7, 11, 12, 15, 16, 17, 21, 22, 23], 246.3715099070969: [1, 2, 3, 7, 11, 15, 16, 17, 21, 22, 23], 253.7745176688629: [2, 3, 7, 11, 15, 16, 17, 21, 22], 185.87164402008057: []}
[0, 1, 2, 3, 5, 6, 7, 8, 10, 11, 12, 13, 14, 15, 16, 17, 18, 19, 20, 21, 22, 23]
{'39': 527488, '99': 540809, '67': 166016, '14': 4327560, '71': 4589704, '63': 166016, '88': 426240, '97': 131208, '12': 4196480, '49': 6488204, '16': 173, '44': 133120, '76': 4327560, '17': 231560, '47': 166016, '82': 134272, '93': 204800, '02': 4194440, '28': 131072, '77': 7569548, '20': 2184, '98': 133248, '65': 166016, '40': 526476, '32': 2184, '75': 6490252, '57': 2185, '55': 133248, '26': 6344, '09': 139264, '72': 531916, '03': 133248, '78': 6488204, '53': 166016, '86': 4196480, '96': 426240, '58': 4327560, '89': 166016, '42': 133248, '83': 2164868, '62': 13123712, '05': 14909582, '92': 4196480, '48': 164064, '66': 4997256, '52': 133248, '50': 229504, '13': 164320, '95': 14680224, '31': 4325536, '60': 4327592, '59': 163968, '51': 4325504, '25': 231560, '56': 4327592, '36': 166016, '90': 5505280, '27': 166080, '33': 4327592, '70': 163968, '07': 137408, '21': 527488, '85': 7348448, '37': 3208, '80': 14915726, '22': 527488, '29': 231560, '43': 163968, '94': 14680224}
Best Cost: $184.02313340169843;
[0, 1, 2, 3, 5, 6, 7, 8, 10, 11, 12, 13, 14, 15, 16, 17, 18, 19, 20, 21, 22, 23]
{}
{'39': 527488, '99': 540809, '67': 166016, '14': 4327560, '71': 4589704, '63': 166016, '88': 426240, '97': 131208, '12': 4196480, '49': 6488204, '16': 173, '44': 133120, '76': 4327560, '17': 231560, '47': 166016, '82': 134272, '93': 204800, '02': 4194440, '28': 131072, '77': 7569548, '20': 2184, '98': 133248, '65': 166016, '40': 526476, '32': 2184, '75': 6490252, '57': 2185, '55': 133248, '26': 6344, '09': 139264, '72': 531916, '03': 133248, '78': 6488204, '53': 166016, '86': 4196480, '96': 426240, '58': 4327560, '89': 166016, '42': 133248, '83': 2164868, '62': 13123712, '05': 14909582, '92': 4196480, '48': 164064, '66': 4997256, '52': 133248, '50': 229504, '13': 164320, '95': 14680224, '31': 4325536, '60': 4327592, '59': 163968, '51': 4325504, '25': 231560, '56': 4327592, '36': 166016, '90': 5505280, '27': 166080, '33': 4327592, '70': 163968, '07': 137408, '21': 527488, '85': 7348448, '37': 3208, '80': 14915726, '22': 527488, '29': 231560, '43': 163968, '94': 14680224}
{'39': 527488, '99': 540809, '67': 166016, '14': 4327560, '71': 4589704, '63': 166016, '88': 426240, '97': 131208, '12': 4196480, '49': 6488204, '16': 173, '44': 133120, '76': 4327560, '17': 231560, '47': 166016, '82': 134272, '93': 204800, '02': 4194440, '28': 131072, '77': 7569548, '20': 2184, '98': 133248, '65': 166016, '40': 526476, '32': 2184, '75': 6490252, '57': 2185, '55': 133248, '26': 6344, '09': 139264, '72': 531916, '03': 133248, '78': 6488204, '53': 166016, '86': 4196480, '96': 426240, '58': 4327560, '89': 166016, '42': 133248, '83': 2164868, '62': 13123712, '05': 14909582, '92': 4196480, '48': 164064, '66': 4997256, '52': 133248, '50': 229504, '13': 164320, '95': 14680224, '31': 4325536, '60': 4327592, '59': 163968, '51': 4325504, '25': 231560, '56': 4327592, '36': 166016, '90': 5505280, '27': 166080, '33': 4327592, '70': 163968, '07': 137408, '21': 527488, '85': 7348448, '37': 3208, '80': 14915726, '22': 527488, '29': 231560, '43': 163968, '94': 14680224}
[0, 1, 2, 3, 5, 6, 7, 8, 10, 11, 12, 13, 14, 15, 16, 17, 18, 19, 20, 21, 22, 23]
22
Optimal Subset: 0b111111111111110111101111
Function: 184.02313340169843, 8.156689124033452, 4.76837158203125e-05, 165.61511579730742, 9.832956326322156, 0.35872015350872116, 0.05960431681087614
184.02313340169843
Real: 184.02313340169843, 8.156689124033452, 4.76837158203125e-05, 165.61511579730742, 9.832956326322156, 0.35872015350872116, 0.05960431681087614
Num Redshift Qs: 69; Num GCP Qs: 1
Redshift Qs: $8.156689124033452; GCP Qs: $4.76837158203125e-05; Movement Cost: $165.61511579730742
Load Cost: $9.832956326322156, Storage Cost: $0.35872015350872116, API Cost: $0.05960431681087614
Final cost: $184.02313340169843, BQ Baseline: $185.87164402008057, Diff: $1.8485106183821358, %: 0.994509209905322%
