Egress: $0.24/GB
Benchmark: tpcds
Data Path: parquet_2000/real_data_rs1
BigQuery Cost: $5.0/TB; DuckDB Cost: $1.48/hr; Redshift Cost: $1.086/hr
Use Duck: False
Excluded Table: store_sales
Excluded Query: None

Starting analysis without using DuckDB
Redshift Total: $1.5550330524210136, Redshift-Calcite Total: $1.025000503180822, BigQuery Total: $21.086888313293457
Excluding table store_sales and any queries that depend on it
Total Keys: 32, Keys Considered: 31
-0.05409574558067765
call_center: 5.735084414482117e-06, 0.005377374885331, 3.1445413862738505
catalog_page: 0.0006659524515271187, 0.0051510863635894156, -0.0051510863635894156
catalog_page had no query dependencies
catalog_returns: 23.366260116919875, 5.853195149523276, -3.0751046357308405
catalog_sales: 217.0907397372648, 55.31798662277501, -39.041200040073804
customer: 0.6484093563631177, 0.16906274500162155, 7.455755603905214
customer_address: 0.18544994108378887, 0.0534371134294144, 9.889271893731252
customer_demographics: 0.012168197892606258, 0.00855115365677496, 9.046324630809094
date_dim: 0.0019952356815338135, 0.005806640882477602, 19.92009318576457
household_demographics: 3.512948751449585e-05, 0.004393923059551901, 1.1849232967068266
income_band: 6.137415766716003e-07, 0.0034144949477493856, 0.01860755704426963
inventory: 0.24701470416039228, 0.06721143607988662, 0.8870855971541532
item: 0.005464168265461922, 0.006832307842011693, 13.621397829723126
promotion: 2.6027671992778778e-05, 0.004810789285516921, 1.9101265265166598
reason: 1.2423843145370483e-06, 0.004734965427652632, 0.4726208525908633
ship_mode: 1.5795230865478516e-06, 0.004709353112458674, 2.126396105016391
store: 2.3781321942806244e-05, 0.005285208719629841, 0.1819915012816004
store_returns: 36.877127600833774, 9.233986055081468, -8.925728935964685
time_dim: 0.0012104213237762451, 0.002087484184855874, 1.681142771110977
warehouse: 2.3292377591133118e-06, 0.0004460367764199861, 3.646723370665991
web_page: 1.0661780834197998e-05, 0.0015556498357023225, 0.7837426938048635
web_returns: 11.326140539720654, 2.8454289561337833, -1.2628272647029761
web_sales: 109.34904180746526, 27.71759356422942, -22.000231036243054
web_site: 8.863396942615509e-06, 0.0006172456776290321, 1.2084115808845373
-0.05405016387556551
call_center: 5.735084414482117e-06, 0.005377373858065256, -0.005377373858065256
call_center had no query dependencies
customer: 0.6484093563631177, 0.16894660220906266, -0.16894660220906266
customer had no query dependencies
customer_address: 0.18544994108378887, 0.05340389571929658, -0.05340389571929658
customer_address had no query dependencies
customer_demographics: 0.012168197892606258, 0.00854897409463603, -0.00854897409463603
customer_demographics had no query dependencies
date_dim: 0.0019952356815338135, 0.005806283496758854, 0.03632470371073334
household_demographics: 3.512948751449585e-05, 0.004393916767173882, -0.004393916767173882
household_demographics had no query dependencies
income_band: 6.137415766716003e-07, 0.00341449483781627, -0.00341449483781627
income_band had no query dependencies
inventory: 0.24701470416039228, 0.06716719091706971, -0.02503620370957752
item: 0.005464168265461922, 0.006831329102647225, 0.035299658104844964
promotion: 2.6027671992778778e-05, 0.004810784623452009, -0.004810784623452009
promotion had no query dependencies
reason: 1.2423843145370483e-06, 0.004734965205117312, -0.004734965205117312
reason had no query dependencies
ship_mode: 1.5795230865478516e-06, 0.004709352829535209, -0.004709352829535209
ship_mode had no query dependencies
store: 2.3781321942806244e-05, 0.005285204459930141, -0.005285204459930141
store had no query dependencies
time_dim: 0.0012104213237762451, 0.0020872673747322434, -0.0020872673747322434
time_dim had no query dependencies
warehouse: 2.3292377591133118e-06, 0.0004460363592079653, 0.041684950848284226
web_page: 1.0661780834197998e-05, 0.0015556479259689303, -0.0015556479259689303
web_page had no query dependencies
web_site: 8.863396942615509e-06, 0.0006172440900213544, -0.0006172440900213544
web_site had no query dependencies
date_dim: 0.0019952356815338135, 0.005806279250430881, -0.005806279250430881
date_dim had no query dependencies
item: 0.005464168265461922, 0.00683131747361975, -0.00683131747361975
item had no query dependencies
warehouse: 2.3292377591133118e-06, 0.0004460363542508028, -0.0004460363542508028
warehouse had no query dependencies
{}
{}
STARTING PHASE 2: 0b0
----
[]
Function: 21.086888313293457, 0, 21.086888313293457, 0.0, 0, 0.0, 0
{21.086888313293457: []}
[]
{}
Best Cost: $21.086888313293457;
[]
{}
{}
{}
[]
0
Optimal Subset: 0b0
Function: 21.086888313293457, 0, 21.086888313293457, 0.0, 0, 0.0, 0
21.086888313293457
Real: 21.086888313293457, 0, 21.086888313293457, 0.0, 0, 0.0, 0
Num Redshift Qs: 0; Num GCP Qs: 32
Redshift Qs: $0; GCP Qs: $21.086888313293457; Movement Cost: $0.0
Load Cost: $0, Storage Cost: $0.0, API Cost: $0
Final cost: $21.086888313293457, BQ Baseline: $21.086888313293457, Diff: $0.0, %: 0.0%
