Egress: $0.12/GB
Benchmark: tpcds
Data Path: parquet_1000/internal2024_rs8
BigQuery Cost: $6.25/TB; DuckDB Cost: $1.48/hr; Redshift Cost: $8.688/hr
Use Duck: True
Using calcite profiles: False
Excluded Table: time_dim
Excluded Query: None

Starting analysis using DuckDB
Excluding table time_dim and any queries that depend on it
8
23
Total Keys: 90, Keys Considered: 8
0.06469218150688481
0.0646921815068848
-1.3877787807814457e-17
['000', '001', '002', '003', '004', '005', '006', '007', '008', '009', '0010', '0011', '0012', '0013', '0014', '0015', '0016', '0017', '0019', '0020', '0021', '0022', '0023']
['source', '07', '22', '39', '43', '61', '68', '82', '85']
[]
Costs: 1.98063219161413, 0, 1.98063219161413, 0.0, 0, 0.0, 0
Runtime: 11500.634999999997
Optimal Subset: 0b0
0.0646921815068848
