Egress: $0.12/GB
Benchmark: tpcds
Data Path: parquet_1000/internal2024_rs8
BigQuery Cost: $6.25/TB; DuckDB Cost: $1.48/hr; Redshift Cost: $8.688/hr
Use Duck: True
Using calcite profiles: False
Excluded Table: customer_address
Excluded Query: None

Starting analysis using DuckDB
Excluding table customer_address and any queries that depend on it
5
23
Total Keys: 67, Keys Considered: 5
0.04589739651109571
0.04589739651109571
0.0
['000', '001', '002', '003', '004', '006', '007', '008', '009', '0010', '0011', '0012', '0013', '0014', '0015', '0016', '0017', '0018', '0019', '0020', '0021', '0022', '0023']
['source', '07', '22', '39', '43', '82']
[]
Costs: 1.5989619609038486, 0, 1.5989619609038486, 0.0, 0, 0.0, 0
Runtime: 9219.514999999998
Optimal Subset: 0b0
0.04589739651109571
