Egress: $0.12/GB
Benchmark: tpcds
Data Path: parquet_1000/internal2024_rs8
BigQuery Cost: $6.25/TB; DuckDB Cost: $1.48/hr; Redshift Cost: $8.688/hr
Use Duck: True
Using calcite profiles: False
Excluded Table: customer
Excluded Query: None

Starting analysis using DuckDB
Excluding table customer and any queries that depend on it
6
23
Total Keys: 68, Keys Considered: 6
0.04984892240115292
0.04984892240115292
0.0
['000', '001', '002', '003', '005', '006', '007', '008', '009', '0010', '0011', '0012', '0013', '0014', '0015', '0016', '0017', '0018', '0019', '0020', '0021', '0022', '0023']
['source', '07', '22', '39', '43', '82', '85']
[]
Costs: 1.5610206244109115, 0, 1.5610206244109115, 0.0, 0, 0.0, 0
Runtime: 9306.698999999999
Optimal Subset: 0b0
0.04984892240115292
