Egress: $0.12/GB
Benchmark: tpcds
Data Path: parquet_1000/internal_rs1
BigQuery Cost: $5/TB; DuckDB Cost: $1.48/hr; Redshift Cost: $1.086/hr
Use Duck: True
Excluded Table: reason
Excluded Query: None

Starting analysis using DuckDB
Duck Total: $48.02158465098011, Duck-Calcite Total: $50.11549210164016, Redshift Total: $5.754953057130578, Redshift-Calcite Total: $5.015631220286292, BigQuery Total: $40.4315710067749
!!!!!!: 14.968293174344579
Excluding table reason and any queries that depend on it
Total Keys: 93, Keys Considered: 89
-0.7056194087096898
call_center: 9.615905582904816e-06, 0.000398082135335228, 0.29143003891374747
catalog_page: 0.0017016949132084846, 0.0014782082725986855, 0.9034855770084218
catalog_returns: 13.009788101539016, 1.6951222785352573, 0.9029490788231771
catalog_sales: 132.3057429259643, 17.395350605523287, -9.739907212782839
customer: 0.8535048151388764, 0.11265881070985406, 4.309350769179506
customer_address: 0.2449320713058114, 0.03389406024792483, 3.9966583342927358
customer_demographics: 0.011580578982830048, 0.0025383545494140794, 1.5163170062002722
date_dim: 0.001992875710129738, 0.0007719211298671952, 13.941735136057892
household_demographics: 3.5176053643226624e-05, 0.0003424399778034739, 1.366816359798041
income_band: 5.122274160385132e-07, 0.00034787884597037386, 0.012830558857480148
inventory: 5.1357166497036815, 0.7696715153136531, -0.5170634892451016
item: 0.03489831369370222, 0.0053107769418465995, 7.72191243141161
promotion: 7.638614624738693e-05, 0.0004580640383987329, 1.2917294041080278
ship_mode: 1.3029202818870544e-06, 0.00034878310543681214, 0.37885861207697147
store: 9.930133819580078e-05, 0.00046505724464240177, 5.893985745396247
store_returns: 20.850121902301908, 2.719247040010556, 0.48384767262509687
store_sales: 174.69669486396015, 23.12792997561063, -10.257321454106844
time_dim: 0.0012146271765232086, 0.000808985840515198, 0.7986596733067174
warehouse: 2.907589077949524e-06, 0.00031938778191944106, 0.6581055983205768
web_page: 7.394980639219284e-05, 0.00035020312576568817, 0.2620042874325124
web_returns: 6.285572262480855, 0.8119548492605901, 1.692871198490155
web_sales: 67.01082486007363, 8.807328352895675, -1.1303128030686107
web_site: 1.0454095900058746e-05, 0.0003302304718983518, 1.1977743454953038
call_center: 9.615905582904816e-06, 0.0003980801416471741, 0.00990714625386622
catalog_page: 0.0017016949132084846, 0.0014778554562372263, -0.0014778554562372263
catalog_page had no query dependencies
catalog_returns: 13.009788101539016, 1.6924249289306301, -1.6501304225168543
customer: 0.8535048151388764, 0.11248185157280326, -0.05642792824727875
customer_address: 0.2449320713058114, 0.03384327791230638, -0.0017719008948224937
customer_demographics: 0.011580578982830048, 0.0025359535210578224, 0.020947710577906092
date_dim: 0.001992875710129738, 0.0007715079423143438, 0.06881510620018128
household_demographics: 3.5176053643226624e-05, 0.00034243268467051537, 0.0231412314142934
income_band: 5.122274160385132e-07, 0.0003478787397690732, 0.012830558963681448
item: 0.03489831369370222, 0.005303541393357325, 0.021407587127064302
promotion: 7.638614624738693e-05, 0.0004580482010814937, -0.0004580482010814937
promotion had no query dependencies
ship_mode: 1.3029202818870544e-06, 0.0003487828352993218, -0.0003487828352993218
ship_mode had no query dependencies
store: 9.930133819580078e-05, 0.00046503665626515604, 0.023517509651775462
store_returns: 20.850121902301908, 2.7149241357764007, -2.651052023244488
time_dim: 0.0012146271765232086, 0.0008087340090396357, -0.0008087340090396357
time_dim had no query dependencies
warehouse: 2.907589077949524e-06, 0.0003193871790822396, -0.0003193871790822396
warehouse had no query dependencies
web_page: 7.394980639219284e-05, 0.0003501877935804537, -0.0003501877935804537
web_page had no query dependencies
web_returns: 6.285572262480855, 0.8106516469543933, -0.7806309570132925
web_site: 1.0454095900058746e-05, 0.00033022830442635127, -0.00033022830442635127
web_site had no query dependencies
call_center: 9.615905582904816e-06, 0.0003980800088446116, -0.0003980800088446116
call_center had no query dependencies
customer_demographics: 0.011580578982830048, 0.002535793584944609, -0.002535793584944609
customer_demographics had no query dependencies
date_dim: 0.001992875710129738, 0.0007714804192694539, -0.0007714804192694539
date_dim had no query dependencies
household_demographics: 3.5176053643226624e-05, 0.00034243219886395025, -0.00034243219886395025
household_demographics had no query dependencies
income_band: 5.122274160385132e-07, 0.00034787873269484466, -0.00034787873269484466
income_band had no query dependencies
item: 0.03489831369370222, 0.005303059422580377, -0.005303059422580377
item had no query dependencies
store: 9.930133819580078e-05, 0.00046503528484235487, -0.00046503528484235487
store had no query dependencies
{}
{}
STARTING PHASE 2: 0b0
----
[]
Function: 19.0986829011774, 0, 19.0986829011774, 0.0, 0, 0.0, 0
{19.0986829011774: []}
[]
{}
Best Cost: $19.0986829011774;
[]
{}
{}
{}
[]
0
Optimal Subset: 0b0
Function: 19.0986829011774, 0, 19.0986829011774, 0.0, 0, 0.0, 0
19.0986829011774
Real: 19.0986829011774, 0, 19.0986829011774, 0.0, 0, 0.0, 0
Num Redshift Qs: 0; Num GCP Qs: 93
Num BigQuery Qs: 18; Num DuckDB Qs: 75
Redshift Qs: $0; GCP Qs: $19.0986829011774; Movement Cost: $0.0
Load Cost: $0, Storage Cost: $0.0, API Cost: $0
Final cost: $19.0986829011774, BQ Baseline: $40.4315710067749, Diff: $21.3328881055975, %: 52.76294631742818%
