Egress: $0.12/GB
Benchmark: tpcds
Data Path: parquet_1000/internal_rs1
BigQuery Cost: $5/TB; DuckDB Cost: $1.48/hr; Redshift Cost: $1.086/hr
Use Duck: True
Excluded Table: store_returns
Excluded Query: None

Starting analysis using DuckDB
Duck Total: $45.63132014806801, Duck-Calcite Total: $44.23995619543127, Redshift Total: $5.389067036335071, Redshift-Calcite Total: $4.833949181753794, BigQuery Total: $32.048964500427246
!!!!!!: 12.017583226746078
Excluding table store_returns and any queries that depend on it
Total Keys: 82, Keys Considered: 78
-0.7055505489307442
call_center: 9.615905582904816e-06, 0.00039808200732460334, 0.29143003904175807
catalog_page: 0.0017016949132084846, 0.0014781856189830754, -0.0014781856189830754
catalog_page had no query dependencies
catalog_returns: 13.009788101539016, 1.6949490872443074, -1.3624288735827585
catalog_sales: 132.3057429259643, 17.393589300708896, -12.503213750013035
customer: 0.8535048151388764, 0.11264744852627258, 4.054150803251081
customer_address: 0.2449320713058114, 0.033890799618213306, 3.8442140909795333
customer_demographics: 0.011580578982830048, 0.0025382003843032928, 1.5819200005229839
date_dim: 0.001992875710129738, 0.0007718945999410929, 11.048650509617183
household_demographics: 3.5176053643226624e-05, 0.00034243950952635106, 1.353637922562867
income_band: 5.122274160385132e-07, 0.000347878839151406, -0.000347878839151406
income_band had no query dependencies
inventory: 5.1357166497036815, 0.7696031466830825, -0.516995120614531
item: 0.03489831369370222, 0.00531031236210453, 5.542088654335914
promotion: 7.638614624738693e-05, 0.0004580630215170454, 0.6172524343687372
reason: 1.4491379261016846e-06, 0.0003583095369627816, 0.2520264555001888
ship_mode: 1.3029202818870544e-06, 0.0003487830880918374, 0.37885861209431637
store: 9.930133819580078e-05, 0.00046505592270488664, 3.8433661197607205
store_sales: 174.69669486396015, 23.125604346179003, -13.220614937602855
time_dim: 0.0012146271765232086, 0.0008089696709321823, 0.7986596894763005
warehouse: 2.907589077949524e-06, 0.0003193877432124996, 0.6581055983592837
web_page: 7.394980639219284e-05, 0.0003502021413174916, 0.11949485583688695
web_returns: 6.285572262480855, 0.8118711733109127, -0.49381499139600216
web_sales: 67.01082486007363, 8.806436279083668, -3.2894794665720166
web_site: 1.0454095900058746e-05, 0.000330230332729416, 0.29281056035345226
call_center: 9.615905582904816e-06, 0.0003980800135265059, -0.0003980800135265059
call_center had no query dependencies
customer: 0.8535048151388764, 0.11247047962179413, -0.11247047962179413
customer had no query dependencies
customer_address: 0.2449320713058114, 0.03384001447961561, -0.03384001447961561
customer_address had no query dependencies
customer_demographics: 0.011580578982830048, 0.0025357992234199952, -0.0025357992234199952
customer_demographics had no query dependencies
date_dim: 0.001992875710129738, 0.0007714813895819621, -0.0007714813895819621
date_dim had no query dependencies
household_demographics: 3.5176053643226624e-05, 0.00034243221599084114, -0.00034243221599084114
household_demographics had no query dependencies
item: 0.03489831369370222, 0.005303076414242285, -0.005303076414242285
item had no query dependencies
promotion: 7.638614624738693e-05, 0.0004580471833256504, -0.0004580471833256504
promotion had no query dependencies
reason: 1.4491379261016846e-06, 0.0003583092364930635, -0.0003583092364930635
reason had no query dependencies
ship_mode: 1.3029202818870544e-06, 0.0003487828179394366, -0.0003487828179394366
ship_mode had no query dependencies
store: 9.930133819580078e-05, 0.0004650353331912459, -0.0004650353331912459
store had no query dependencies
time_dim: 0.0012146271765232086, 0.0008087178255565424, -0.0008087178255565424
time_dim had no query dependencies
warehouse: 2.907589077949524e-06, 0.00031938714034202405, -0.00031938714034202405
warehouse had no query dependencies
web_page: 7.394980639219284e-05, 0.0003501868082859826, -0.0003501868082859826
web_page had no query dependencies
web_site: 1.0454095900058746e-05, 0.0003302281651377798, -0.0003302281651377798
web_site had no query dependencies
{}
{}
STARTING PHASE 2: 0b0
----
[]
Function: 15.899571844107987, 0, 15.899571844107987, 0.0, 0, 0.0, 0
{15.899571844107987: []}
[]
{}
Best Cost: $15.899571844107987;
[]
{}
{}
{}
[]
0
Optimal Subset: 0b0
Function: 15.899571844107987, 0, 15.899571844107987, 0.0, 0, 0.0, 0
15.899571844107987
Real: 15.899571844107987, 0, 15.899571844107987, 0.0, 0, 0.0, 0
Num Redshift Qs: 0; Num GCP Qs: 82
Num BigQuery Qs: 17; Num DuckDB Qs: 65
Redshift Qs: $0; GCP Qs: $15.899571844107987; Movement Cost: $0.0
Load Cost: $0, Storage Cost: $0.0, API Cost: $0
Final cost: $15.899571844107987, BQ Baseline: $32.048964500427246, Diff: $16.149392656319257, %: 50.38974864883379%
