Egress: $0.12/GB
Benchmark: tpcds
Data Path: parquet_1000/internal_rs1
BigQuery Cost: $5/TB; DuckDB Cost: $1.48/hr; Redshift Cost: $1.086/hr
Use Duck: True
Excluded Table: income_band
Excluded Query: None

Starting analysis using DuckDB
Duck Total: $49.40135439252588, Duck-Calcite Total: $51.57781315746571, Redshift Total: $5.94057662010908, Redshift-Calcite Total: $5.266572586218516, BigQuery Total: $41.473355293273926
!!!!!!: 15.397064681500447
Excluding table income_band and any queries that depend on it
Total Keys: 95, Keys Considered: 91
-0.7056459526202931
call_center: 9.615905582904816e-06, 0.0003980821846804718, 0.2914300388644022
catalog_page: 0.0017016949132084846, 0.0014782170050627857, 0.9034855682759577
catalog_returns: 13.009788101539016, 1.6951890399192555, 0.9028823174391789
catalog_sales: 132.3057429259643, 17.39602954928776, -9.740586156547312
customer: 0.8535048151388764, 0.11266319057847783, 4.296167951607431
customer_address: 0.2449320713058114, 0.033895317148032525, 4.062259917550229
customer_demographics: 0.011580578982830048, 0.002538413976629524, 1.5819197869306574
date_dim: 0.001992875710129738, 0.0007719313565626268, 14.020516403692252
household_demographics: 3.5176053643226624e-05, 0.0003424401583138717, 1.3536379219140797
inventory: 5.1357166497036815, 0.7696978698975003, -0.5170898438289488
item: 0.03489831369370222, 0.005310956026986434, 7.7219122523264705
promotion: 7.638614624738693e-05, 0.0004580644303839676, 1.2917294037160425
reason: 1.4491379261016846e-06, 0.0003583095636906975, 0.4415916352956268
ship_mode: 1.3029202818870544e-06, 0.00034878311212291346, 0.37885861207028537
store: 9.930133819580078e-05, 0.00046505775421986137, 5.893985744886667
store_returns: 20.850121902301908, 2.719354035065653, 0.660127419688715
store_sales: 174.69669486396015, 23.128826453942022, -9.895049265439965
time_dim: 0.0012146271765232086, 0.0008089920735291959, 0.7986596670737034
warehouse: 2.907589077949524e-06, 0.00031938779684010456, 0.6581055983056561
web_page: 7.394980639219284e-05, 0.0003502035052485347, 0.34078556491408074
web_returns: 6.285572262480855, 0.8119871044749095, 1.771620221136887
web_sales: 67.01082486007363, 8.807672227474999, -1.0518753997868826
web_site: 1.0454095900058746e-05, 0.0003302305255448759, 1.1977743454416574
call_center: 9.615905582904816e-06, 0.0003980801414780752, 0.00990714625403532
catalog_page: 0.0017016949132084846, 0.0014778554263123645, -0.0014778554263123645
catalog_page had no query dependencies
catalog_returns: 13.009788101539016, 1.6924247001492498, -1.650130193735474
customer: 0.8535048151388764, 0.11248183656364183, -0.06960635094156783
customer_address: 0.2449320713058114, 0.03384327360509577, -0.014950334291062406
customer_demographics: 0.011580578982830048, 0.0025359533174095523, 0.007769273078103841
date_dim: 0.001992875710129738, 0.0007715079072689725, 0.06881510623522664
household_demographics: 3.5176053643226624e-05, 0.000342432684051933, 0.00996279371146146
item: 0.03489831369370222, 0.005303540779659061, 0.021407587740762565
promotion: 7.638614624738693e-05, 0.00045804819973821833, -0.00045804819973821833
promotion had no query dependencies
reason: 1.4491379261016846e-06, 0.0003583092557756438, -0.0003583092557756438
reason had no query dependencies
ship_mode: 1.3029202818870544e-06, 0.0003487828352764095, -0.0003487828352764095
ship_mode had no query dependencies
store: 9.930133819580078e-05, 0.0004650366545189095, 0.023517509653521708
store_returns: 20.850121902301908, 2.7149237691201855, -2.664230094291723
time_dim: 0.0012146271765232086, 0.0008087339876800193, -0.0008087339876800193
time_dim had no query dependencies
warehouse: 2.907589077949524e-06, 0.00031938717903110876, -0.00031938717903110876
warehouse had no query dependencies
web_page: 7.394980639219284e-05, 0.00035018779228002215, -0.00035018779228002215
web_page had no query dependencies
web_returns: 6.285572262480855, 0.8106515364205485, -0.7806308464794478
web_site: 1.0454095900058746e-05, 0.0003302283042425126, -0.0003302283042425126
web_site had no query dependencies
call_center: 9.615905582904816e-06, 0.00039808000875036907, -0.00039808000875036907
call_center had no query dependencies
customer_demographics: 0.011580578982830048, 0.0025357934714468704, -0.0025357934714468704
customer_demographics had no query dependencies
date_dim: 0.001992875710129738, 0.0007714803997378841, -0.0007714803997378841
date_dim had no query dependencies
household_demographics: 3.5176053643226624e-05, 0.0003424321985192004, -0.0003424321985192004
household_demographics had no query dependencies
item: 0.03489831369370222, 0.005303059080552599, -0.005303059080552599
item had no query dependencies
store: 9.930133819580078e-05, 0.0004650352838691326, -0.0004650352838691326
store had no query dependencies
{}
{}
STARTING PHASE 2: 0b0
----
[]
Function: 19.704324590498576, 0, 19.704324590498576, 0.0, 0, 0.0, 0
{19.704324590498576: []}
[]
{}
Best Cost: $19.704324590498576;
[]
{}
{}
{}
[]
0
Optimal Subset: 0b0
Function: 19.704324590498576, 0, 19.704324590498576, 0.0, 0, 0.0, 0
19.704324590498576
Real: 19.704324590498576, 0, 19.704324590498576, 0.0, 0, 0.0, 0
Num Redshift Qs: 0; Num GCP Qs: 95
Num BigQuery Qs: 18; Num DuckDB Qs: 77
Redshift Qs: $0; GCP Qs: $19.704324590498576; Movement Cost: $0.0
Load Cost: $0, Storage Cost: $0.0, API Cost: $0
Final cost: $19.704324590498576, BQ Baseline: $41.473355293273926, Diff: $21.76903070277535, %: 52.48919589176768%
