Egress: $0.12/GB
Benchmark: tpcds
Data Path: parquet_1000/internal_rs1
BigQuery Cost: $5/TB; DuckDB Cost: $1.48/hr; Redshift Cost: $1.086/hr
Use Duck: True
Excluded Table: ship_mode
Excluded Query: None

Starting analysis using DuckDB
Duck Total: $49.04956405492886, Duck-Calcite Total: $51.100528054605554, Redshift Total: $5.854614358884097, Redshift-Calcite Total: $5.249212035582065, BigQuery Total: $40.547380447387695
!!!!!!: 15.03103572402149
Excluding table ship_mode and any queries that depend on it
Total Keys: 93, Keys Considered: 89
-0.7056433472546294
call_center: 9.615905582904816e-06, 0.00039808217983708583, 0.1819227016410675
catalog_page: 0.0017016949132084846, 0.00147821614794484, 0.9034855691330756
catalog_returns: 13.009788101539016, 1.6951824870860983, 0.9028888702723361
catalog_sales: 132.3057429259643, 17.395962908889594, -10.062551463278552
customer: 0.8535048151388764, 0.11266276068103379, 4.309346819208324
customer_address: 0.2449320713058114, 0.03389519377945914, 4.075438478622253
customer_demographics: 0.011580578982830048, 0.002538408143667346, 1.5950982304670704
date_dim: 0.001992875710129738, 0.0007719303527813254, 13.641309009513623
household_demographics: 3.5176053643226624e-05, 0.0003424401405962264, 1.3668163596352478
income_band: 5.122274160385132e-07, 0.0003478788483409329, 0.012830558855109588
inventory: 5.1357166497036815, 0.7696952831148344, -0.517087257046283
item: 0.03489831369370222, 0.0053109384492345665, 7.721912269904222
promotion: 7.638614624738693e-05, 0.00045806439190942304, 1.291729403754517
reason: 1.4491379261016846e-06, 0.0003583095629607887, 0.4415916352963567
store: 9.930133819580078e-05, 0.00046505770420328184, 5.893985744936684
store_returns: 20.850121902301908, 2.7193435331751483, 0.6733163592826701
store_sales: 174.69669486396015, 23.128738461863627, -9.894961273361574
time_dim: 0.0012146271765232086, 0.0008089914617398897, 0.5861350577842641
warehouse: 2.907589077949524e-06, 0.00031938779537559603, 0.2788982031247124
web_page: 7.394980639219284e-05, 0.0003502034680011376, 0.34078556495132817
web_returns: 6.285572262480855, 0.8119839385273927, 1.7716233870844031
web_sales: 67.01082486007363, 8.80763847513779, -1.3215417054039031
web_site: 1.0454095900058746e-05, 0.00033023052027930617, 1.1405988973939216
call_center: 9.615905582904816e-06, 0.00039808014164982683, 0.009907146253863566
catalog_page: 0.0017016949132084846, 0.001477855456706672, -0.001477855456706672
catalog_page had no query dependencies
catalog_returns: 13.009788101539016, 1.692424932519633, -1.6501304261058571
customer: 0.8535048151388764, 0.11248185180825915, -0.05642792848273464
customer_address: 0.2449320713058114, 0.03384327797987565, -0.0017719009623917634
customer_demographics: 0.011580578982830048, 0.0025359535242525503, 0.020947710574711363
date_dim: 0.001992875710129738, 0.0007715079428641173, 0.0688151061996315
household_demographics: 3.5176053643226624e-05, 0.0003424326846802194, 0.023141231414283696
income_band: 5.122274160385132e-07, 0.0003478787397692145, 0.012830558963681307
item: 0.03489831369370222, 0.005303541402984704, 0.021407587117436924
promotion: 7.638614624738693e-05, 0.0004580482011025663, -0.0004580482011025663
promotion had no query dependencies
reason: 1.4491379261016846e-06, 0.00035830925580152716, -0.00035830925580152716
reason had no query dependencies
store: 9.930133819580078e-05, 0.00046503665629255025, 0.023517509651748068
store_returns: 20.850121902301908, 2.714924141528312, -2.6510520289963995
time_dim: 0.0012146271765232086, 0.0008087340093747142, -0.0008087340093747142
time_dim had no query dependencies
warehouse: 2.907589077949524e-06, 0.00031938717908304177, -0.00031938717908304177
warehouse had no query dependencies
web_page: 7.394980639219284e-05, 0.0003501877936008542, -0.0003501877936008542
web_page had no query dependencies
web_returns: 6.285572262480855, 0.8106516486883906, -0.7806309587472898
web_site: 1.0454095900058746e-05, 0.00033022830442923525, -0.00033022830442923525
web_site had no query dependencies
call_center: 9.615905582904816e-06, 0.0003980800088446116, -0.0003980800088446116
call_center had no query dependencies
customer_demographics: 0.011580578982830048, 0.002535793584944609, -0.002535793584944609
customer_demographics had no query dependencies
date_dim: 0.001992875710129738, 0.0007714804192694539, -0.0007714804192694539
date_dim had no query dependencies
household_demographics: 3.5176053643226624e-05, 0.00034243219886395025, -0.00034243219886395025
household_demographics had no query dependencies
income_band: 5.122274160385132e-07, 0.00034787873269484466, -0.00034787873269484466
income_band had no query dependencies
item: 0.03489831369370222, 0.005303059422580377, -0.005303059422580377
item had no query dependencies
store: 9.930133819580078e-05, 0.00046503528484235487, -0.00046503528484235487
store had no query dependencies
{}
{}
STARTING PHASE 2: 0b0
----
[]
Function: 19.32093508238317, 0, 19.32093508238317, 0.0, 0, 0.0, 0
{19.32093508238317: []}
[]
{}
Best Cost: $19.32093508238317;
[]
{}
{}
{}
[]
0
Optimal Subset: 0b0
Function: 19.32093508238317, 0, 19.32093508238317, 0.0, 0, 0.0, 0
19.32093508238317
Real: 19.32093508238317, 0, 19.32093508238317, 0.0, 0, 0.0, 0
Num Redshift Qs: 0; Num GCP Qs: 93
Num BigQuery Qs: 19; Num DuckDB Qs: 74
Redshift Qs: $0; GCP Qs: $19.32093508238317; Movement Cost: $0.0
Load Cost: $0, Storage Cost: $0.0, API Cost: $0
Final cost: $19.32093508238317, BQ Baseline: $40.547380447387695, Diff: $21.226445365004526, %: 52.34973290702941%
