Egress: $0.12/GB
Benchmark: tpcds
Data Path: parquet_1000/internal_rs1
BigQuery Cost: $5/TB; DuckDB Cost: $1.48/hr; Redshift Cost: $1.086/hr
Use Duck: True
Excluded Table: customer_demographics
Excluded Query: None

Starting analysis using DuckDB
Duck Total: $47.518888914450024, Duck-Calcite Total: $49.27482268699803, Redshift Total: $5.581605943918227, Redshift-Calcite Total: $4.995097314834992, BigQuery Total: $35.964646339416504
!!!!!!: 13.812606480593162
Excluding table customer_demographics and any queries that depend on it
Total Keys: 84, Keys Considered: 80
-0.7056079801729436
call_center: 9.615905582904816e-06, 0.0003980821140895291, 0.28112481253947974
catalog_page: 0.0017016949132084846, 0.0014782045128178324, 0.9034855807682026
catalog_returns: 13.009788101539016, 1.695093534280439, 0.8926725966824818
catalog_sales: 132.3057429259643, 17.395058284852198, -10.313169496875794
customer: 0.8535048151388764, 0.1126569249481719, 3.8460936404856474
customer_address: 0.2449320713058114, 0.03389351908693006, 2.9975916702405216
date_dim: 0.001992875710129738, 0.0007719167267418878, 12.436058217414786
household_demographics: 3.5176053643226624e-05, 0.0003424399000843411, 1.0092856376484265
income_band: 5.122274160385132e-07, 0.00034787884483864173, -0.00034787884483864173
income_band had no query dependencies
inventory: 5.1357166497036815, 0.7696601682919413, -0.5170521422233898
item: 0.03489831369370222, 0.005310699836361582, 7.077142198220004
promotion: 7.638614624738693e-05, 0.00045806386962866263, 0.944686241208929
reason: 1.4491379261016846e-06, 0.0003583095530524886, 0.3628103574452138
ship_mode: 1.3029202818870544e-06, 0.0003487831025580971, 0.3788586120798501
store: 9.930133819580078e-05, 0.00046505702524275076, 5.185432562389368
store_returns: 20.850121902301908, 2.7192009730637094, 0.6602804816906591
store_sales: 174.69669486396015, 23.127543994972523, -11.130377093953104
time_dim: 0.0012146271765232086, 0.0008089831568778629, 0.7986596759903548
warehouse: 2.907589077949524e-06, 0.00031938777549531783, 0.6581055983270009
web_page: 7.394980639219284e-05, 0.0003502029623785475, 0.26200428759589955
web_returns: 6.285572262480855, 0.811940961709972, 1.6928850860407727
web_sales: 67.01082486007363, 8.807180296969603, -1.444957942738502
web_site: 1.0454095900058746e-05, 0.0003302304488007276, 1.1977743455184016
call_center: 9.615905582904816e-06, 0.00039808014082563895, -0.00039808014082563895
call_center had no query dependencies
catalog_page: 0.0017016949132084846, 0.001477855310852873, -0.001477855310852873
catalog_page had no query dependencies
catalog_returns: 13.009788101539016, 1.6924238174390143, -1.6604345374207519
customer: 0.8535048151388764, 0.11248177865359514, -0.07991151942703455
customer_address: 0.2449320713058114, 0.03384325698652791, -0.025255544068007937
date_dim: 0.001992875710129738, 0.0007715077720529509, 0.05850987997492926
household_demographics: 3.5176053643226624e-05, 0.00034243268166524827, -0.00034243268166524827
household_demographics had no query dependencies
item: 0.03489831369370222, 0.005303538411818904, 0.02140759010860272
promotion: 7.638614624738693e-05, 0.0004580481945554411, -0.0004580481945554411
promotion had no query dependencies
reason: 1.4491379261016846e-06, 0.00035830925567732026, -0.00035830925567732026
reason had no query dependencies
ship_mode: 1.3029202818870544e-06, 0.00034878283518800676, -0.00034878283518800676
ship_mode had no query dependencies
store: 9.930133819580078e-05, 0.0004650366477813434, 0.023517509660259273
store_returns: 20.850121902301908, 2.714922354445644, -2.6642286796171817
time_dim: 0.0012146271765232086, 0.0008087339052679284, -0.0008087339052679284
time_dim had no query dependencies
warehouse: 2.907589077949524e-06, 0.0003193871788338297, -0.0003193871788338297
warehouse had no query dependencies
web_page: 7.394980639219284e-05, 0.00035018778726254987, -0.00035018778726254987
web_page had no query dependencies
web_returns: 6.285572262480855, 0.8106511099463485, -0.7806304200052477
web_site: 1.0454095900058746e-05, 0.0003302283035332053, -0.0003302283035332053
web_site had no query dependencies
date_dim: 0.001992875710129738, 0.0007714802927617135, -0.0007714802927617135
date_dim had no query dependencies
item: 0.03489831369370222, 0.005303057207235592, -0.005303057207235592
item had no query dependencies
store: 9.930133819580078e-05, 0.0004650352785387064, -0.0004650352785387064
store had no query dependencies
{}
{}
STARTING PHASE 2: 0b0
----
[]
Function: 17.867626921577052, 0, 17.867626921577052, 0.0, 0, 0.0, 0
{17.867626921577052: []}
[]
{}
Best Cost: $17.867626921577052;
[]
{}
{}
{}
[]
0
Optimal Subset: 0b0
Function: 17.867626921577052, 0, 17.867626921577052, 0.0, 0, 0.0, 0
17.867626921577052
Real: 17.867626921577052, 0, 17.867626921577052, 0.0, 0, 0.0, 0
Num Redshift Qs: 0; Num GCP Qs: 84
Num BigQuery Qs: 18; Num DuckDB Qs: 66
Redshift Qs: $0; GCP Qs: $17.867626921577052; Movement Cost: $0.0
Load Cost: $0, Storage Cost: $0.0, API Cost: $0
Final cost: $17.867626921577052, BQ Baseline: $35.964646339416504, Diff: $18.09701941783945, %: 50.318913877391566%
