Egress: $0.12/GB
Benchmark: tpcds
Data Path: parquet_1000/internal_rs1
BigQuery Cost: $5/TB; DuckDB Cost: $1.48/hr; Redshift Cost: $1.086/hr
Use Duck: True
Excluded Table: warehouse
Excluded Query: None

Starting analysis using DuckDB
Duck Total: $48.67778442746269, Duck-Calcite Total: $50.70004511183101, Redshift Total: $5.753265995871627, Redshift-Calcite Total: $5.17831889938593, BigQuery Total: $39.93284225463867
!!!!!!: 14.751818133101404
Excluding table warehouse and any queries that depend on it
Total Keys: 89, Keys Considered: 85
call_center: 9.615905582904816e-06, 0.0003980821606375782, 0.181922701660267
catalog_page: 0.0017016949132084846, 0.0014782127502716573, 0.9034855725307488
catalog_returns: 13.009788101539016, 1.6951565112147458, 0.7518924573041132
catalog_sales: 132.3057429259643, 17.3956987418693, -10.213309685097832
customer: 0.8535048151388764, 0.11266105653865238, 4.309348523350708
customer_address: 0.2449320713058114, 0.033894704738136966, 4.075438967663575
customer_demographics: 0.011580578982830048, 0.002538385021412971, 1.5950982535893246
date_dim: 0.001992875710129738, 0.0007719263737247363, 13.362091422572592
household_demographics: 3.5176053643226624e-05, 0.0003424400703622889, 1.366816359705482
income_band: 5.122274160385132e-07, 0.0003478788473181988, 0.012830558856132322
inventory: 5.1357166497036815, 0.7696850289343701, -0.6452722049463315
item: 0.03489831369370222, 0.005310868769843953, 7.442694748663522
promotion: 7.638614624738693e-05, 0.00045806423939374083, 1.291729403907033
reason: 1.4491379261016846e-06, 0.000358309560067381, 0.4415916352992501
ship_mode: 1.3029202818870544e-06, 0.0003487831088651887, -0.0003487831088651887
ship_mode had no query dependencies
store: 9.930133819580078e-05, 0.00046505750593419656, 5.893985745134954
store_returns: 20.850121902301908, 2.719301902974872, 0.6733579894829473
store_sales: 174.69669486396015, 23.128389655346865, -9.89461246684481
time_dim: 0.0012146271765232086, 0.0008089890365659336, 0.5861350602094381
web_page: 7.394980639219284e-05, 0.0003502033203499505, 0.34078556509897934
web_returns: 6.285572262480855, 0.8119713884985073, 1.771635937113289
web_sales: 67.01082486007363, 8.807504678603042, -1.3214079088691557
web_site: 1.0454095900058746e-05, 0.00033023049940623364, 1.1405988974147947
call_center: 9.615905582904816e-06, 0.0003980801415636129, 0.00990714625394978
catalog_page: 0.0017016949132084846, 0.0014778554414496875, -0.0014778554414496875
catalog_page had no query dependencies
catalog_returns: 13.009788101539016, 1.692424815877024, -1.6501303094632482
customer: 0.8535048151388764, 0.1124818441559417, -0.0564279208304172
customer_address: 0.2449320713058114, 0.03384327578387403, -0.0017718987663901398
customer_demographics: 0.011580578982830048, 0.002535953420423884, 0.02094771067854003
date_dim: 0.001992875710129738, 0.0007715079249964764, 0.06881510621749914
household_demographics: 3.5176053643226624e-05, 0.0003424326843648394, 0.023141231414599076
income_band: 5.122274160385132e-07, 0.000347878739764622, 0.012830558963685899
item: 0.03489831369370222, 0.005303541090094875, 0.021407587430326752
promotion: 7.638614624738693e-05, 0.0004580482004177066, -0.0004580482004177066
promotion had no query dependencies
reason: 1.4491379261016846e-06, 0.0003583092557885345, -0.0003583092557885345
reason had no query dependencies
store: 9.930133819580078e-05, 0.0004650366554022385, 0.02351750965263838
store_returns: 20.850121902301908, 2.7149239545911694, -2.651051842059257
time_dim: 0.0012146271765232086, 0.0008087339984846611, -0.0008087339984846611
time_dim had no query dependencies
web_page: 7.394980639219284e-05, 0.0003501877929378381, -0.0003501877929378381
web_page had no query dependencies
web_returns: 6.285572262480855, 0.8106515923334721, -0.7806309023923713
web_site: 1.0454095900058746e-05, 0.00033022830433550635, -0.00033022830433550635
web_site had no query dependencies
call_center: 9.615905582904816e-06, 0.0003980800088446116, -0.0003980800088446116
call_center had no query dependencies
customer_demographics: 0.011580578982830048, 0.002535793584944609, -0.002535793584944609
customer_demographics had no query dependencies
date_dim: 0.001992875710129738, 0.0007714804192694539, -0.0007714804192694539
date_dim had no query dependencies
household_demographics: 3.5176053643226624e-05, 0.00034243219886395025, -0.00034243219886395025
household_demographics had no query dependencies
income_band: 5.122274160385132e-07, 0.00034787873269484466, -0.00034787873269484466
income_band had no query dependencies
item: 0.03489831369370222, 0.005303059422580377, -0.005303059422580377
item had no query dependencies
store: 9.930133819580078e-05, 0.00046503528484235487, -0.00046503528484235487
store had no query dependencies
{}
{}
STARTING PHASE 2: 0b0
----
[]
Function: 18.972866305303636, 0, 18.972866305303636, 0.0, 0, 0.0, 0
{18.972866305303636: []}
[]
{}
Best Cost: $18.972866305303636;
[]
{}
{}
{}
[]
0
Optimal Subset: 0b0
Function: 18.972866305303636, 0, 18.972866305303636, 0.0, 0, 0.0, 0
18.972866305303636
Real: 18.972866305303636, 0, 18.972866305303636, 0.0, 0, 0.0, 0
Num Redshift Qs: 0; Num GCP Qs: 89
Num BigQuery Qs: 18; Num DuckDB Qs: 71
Redshift Qs: $0; GCP Qs: $18.972866305303636; Movement Cost: $0.0
Load Cost: $0, Storage Cost: $0.0, API Cost: $0
Final cost: $18.972866305303636, BQ Baseline: $39.93284225463867, Diff: $20.959975949335035, %: 52.488064374882526%
