Egress: $0.12/GB
Benchmark: tpcds
Data Path: parquet_1000/internal_rs1
BigQuery Cost: $5/TB; DuckDB Cost: $1.48/hr; Redshift Cost: $1.086/hr
Use Duck: True
Excluded Table: web_site
Excluded Query: None

Starting analysis using DuckDB
Duck Total: $47.844104716618844, Duck-Calcite Total: $48.069449612053226, Redshift Total: $5.7369097783645, Redshift-Calcite Total: $5.006573183617194, BigQuery Total: $38.81267070770264
!!!!!!: 14.2121385432367
Excluding table web_site and any queries that depend on it
Total Keys: 91, Keys Considered: 87
-0.7056180246611843
call_center: 9.615905582904816e-06, 0.0003980821327622759, 0.2914300389163204
catalog_page: 0.0017016949132084846, 0.001478207817271885, -0.001478207817271885
catalog_page had no query dependencies
catalog_returns: 13.009788101539016, 1.6951187974734374, -0.002011225396023608
catalog_sales: 132.3057429259643, 17.39531520414191, -10.644835596682482
customer: 0.8535048151388764, 0.11265858233541769, 4.309350997553943
customer_address: 0.2449320713058114, 0.03389399471083266, 3.8394743350576985
customer_demographics: 0.011580578982830048, 0.002538351450769349, 1.595098287159968
date_dim: 0.001992875710129738, 0.0007719205966284144, 12.822411838484983
household_demographics: 3.5176053643226624e-05, 0.00034243996839132854, 1.3668163598074528
income_band: 5.122274160385132e-07, 0.0003478788458333159, 0.012830558857617205
inventory: 5.1357166497036815, 0.7696701411369942, -0.5170621150684427
item: 0.03489831369370222, 0.0053107676040167725, 7.047435469993267
promotion: 7.638614624738693e-05, 0.0004580640179598991, 0.6172524333722944
reason: 1.4491379261016846e-06, 0.00035830955586651223, 0.44159163530345097
ship_mode: 1.3029202818870544e-06, 0.00034878310508818644, 0.32168316402431857
store: 9.930133819580078e-05, 0.00046505721807209223, 4.9890219601417956
store_returns: 20.850121902301908, 2.7192414610908435, -0.23154535391404485
store_sales: 174.69669486396015, 23.12788323157531, -10.79906982835428
time_dim: 0.0012146271765232086, 0.0008089855155143404, 0.7986596736317183
warehouse: 2.907589077949524e-06, 0.0003193877811414501, 0.6009301502683533
web_page: 7.394980639219284e-05, 0.000350203105978752, 0.3407855653133505
web_returns: 6.285572262480855, 0.8119531674141643, 0.630725030283431
web_sales: 67.01082486007363, 8.807310422640231, -2.2496181709193177
call_center: 9.615905582904816e-06, 0.0003980800329760524, -0.0003980800329760524
call_center had no query dependencies
customer: 0.8535048151388764, 0.11247220595753869, -0.1091626445368596
customer_address: 0.2449320713058114, 0.03384050988981387, -0.030530948469134782
customer_demographics: 0.011580578982830048, 0.002535822646799789, -0.002535822646799789
customer_demographics had no query dependencies
date_dim: 0.001992875710129738, 0.0007714854204585452, 0.002538076000220546
household_demographics: 3.5176053643226624e-05, 0.0003424322871394483, -0.0003424322871394483
household_demographics had no query dependencies
income_band: 5.122274160385132e-07, 0.0003478787339802967, -0.0003478787339802967
income_band had no query dependencies
item: 0.03489831369370222, 0.005303147001080561, -0.005303147001080561
item had no query dependencies
promotion: 7.638614624738693e-05, 0.0004580473378275727, -0.0004580473378275727
promotion had no query dependencies
reason: 1.4491379261016846e-06, 0.0003583092394241525, -0.0003583092394241525
reason had no query dependencies
ship_mode: 1.3029202818870544e-06, 0.0003487828205747795, -0.0003487828205747795
ship_mode had no query dependencies
store: 9.930133819580078e-05, 0.0004650355340424263, -0.0004650355340424263
store had no query dependencies
time_dim: 0.0012146271765232086, 0.0008087202823139901, -0.0008087202823139901
time_dim had no query dependencies
warehouse: 2.907589077949524e-06, 0.00031938714622303945, -0.00031938714622303945
warehouse had no query dependencies
web_page: 7.394980639219284e-05, 0.0003501869578600586, -0.0003501869578600586
web_page had no query dependencies
web_returns: 6.285572262480855, 0.8105806125434724, -0.8072710511227933
date_dim: 0.001992875710129738, 0.0007714802034140901, -0.0007714802034140901
date_dim had no query dependencies
{}
{}
STARTING PHASE 2: 0b0
----
[]
Function: 18.333276231775844, 0, 18.333276231775844, 0.0, 0, 0.0, 0
{18.333276231775844: []}
[]
{}
Best Cost: $18.333276231775844;
[]
{}
{}
{}
[]
0
Optimal Subset: 0b0
Function: 18.333276231775844, 0, 18.333276231775844, 0.0, 0, 0.0, 0
18.333276231775844
Real: 18.333276231775844, 0, 18.333276231775844, 0.0, 0, 0.0, 0
Num Redshift Qs: 0; Num GCP Qs: 91
Num BigQuery Qs: 18; Num DuckDB Qs: 73
Redshift Qs: $0; GCP Qs: $18.333276231775844; Movement Cost: $0.0
Load Cost: $0, Storage Cost: $0.0, API Cost: $0
Final cost: $18.333276231775844, BQ Baseline: $38.81267070770264, Diff: $20.479394475926792, %: 52.76471343638437%
