Egress: $0.12/GB
Benchmark: tpcds
Data Path: parquet_1000/internal_rs1
BigQuery Cost: $5/TB; DuckDB Cost: $1.48/hr; Redshift Cost: $1.086/hr
Use Duck: True
Excluded Table: household_demographics
Excluded Query: None

Starting analysis using DuckDB
Duck Total: $47.612356434019404, Duck-Calcite Total: $49.73333571842512, Redshift Total: $5.659920888859034, Redshift-Calcite Total: $5.068260748340685, BigQuery Total: $36.23507022857666
!!!!!!: 14.04308431942805
Excluding table household_demographics and any queries that depend on it
Total Keys: 85, Keys Considered: 81
-0.7056162089395039
call_center: 9.615905582904816e-06, 0.00039808212938684153, 0.2811248125241824
catalog_page: 0.0017016949132084846, 0.0014782072199324564, 0.9034855780610881
catalog_returns: 13.009788101539016, 1.6951142306974956, 0.8926519002654256
catalog_sales: 132.3057429259643, 17.395268761365205, -9.739825368624757
customer: 0.8535048151388764, 0.11265828273290107, 3.6184558528383537
customer_address: 0.2449320713058114, 0.03389390873326855, 3.3570759464324738
customer_demographics: 0.011580578982830048, 0.002538347385683194, 1.2375675689977208
date_dim: 0.001992875710129738, 0.0007719198970769092, 13.00875235040871
income_band: 5.122274160385132e-07, 0.0003478788456535107, -0.0003478788456535107
income_band had no query dependencies
inventory: 5.1357166497036815, 0.7696683383661068, -0.5170603122975554
item: 0.03489831369370222, 0.005310755353795774, 7.72191245299966
promotion: 7.638614624738693e-05, 0.0004580639911463636, 1.29172940415528
reason: 1.4491379261016846e-06, 0.0003583095553578269, 0.4415916353039597
ship_mode: 1.3029202818870544e-06, 0.00034878310463082736, 0.37885861207777743
store: 9.930133819580078e-05, 0.0004650571832147249, 4.591374389897947
store_returns: 20.850121902301908, 2.7192341421526454, 0.6602473126017228
store_sales: 174.69669486396015, 23.127821908465588, -11.196656075523265
time_dim: 0.0012146271765232086, 0.0008089850891484286, 0.4564433767287131
warehouse: 2.907589077949524e-06, 0.00031938778012081026, 0.6581055983223754
web_page: 7.394980639219284e-05, 0.0003502030800204355, 0.29972178522215565
web_returns: 6.285572262480855, 0.8119509610138783, 1.7716563645979178
web_sales: 67.01082486007363, 8.807286900087794, -1.0925538525168301
web_site: 1.0454095900058746e-05, 0.00033023046543146186, 1.1977743455017706
call_center: 9.615905582904816e-06, 0.00039808014105074783, -0.00039808014105074783
call_center had no query dependencies
catalog_page: 0.0017016949132084846, 0.0014778553506896459, -0.0014778553506896459
catalog_page had no query dependencies
catalog_returns: 13.009788101539016, 1.6924241219988787, -1.6604348419806163
customer: 0.8535048151388764, 0.11248179863419043, -0.07991153940762984
customer_address: 0.2449320713058114, 0.033843262720401356, -0.025255549801881383
customer_demographics: 0.011580578982830048, 0.002535952802772728, -0.002535952802772728
customer_demographics had no query dependencies
date_dim: 0.001992875710129738, 0.0007715078187062824, 0.058509879928275936
item: 0.03489831369370222, 0.005303539228790372, 0.021407589291631255
promotion: 7.638614624738693e-05, 0.0004580481963436451, -0.0004580481963436451
promotion had no query dependencies
reason: 1.4491379261016846e-06, 0.0003583092557112446, -0.0003583092557112446
reason had no query dependencies
ship_mode: 1.3029202818870544e-06, 0.00034878283521850824, -0.00034878283521850824
ship_mode had no query dependencies
store: 9.930133819580078e-05, 0.00046503665010599323, 0.023517509657934626
store_returns: 20.850121902301908, 2.7149228425481597, -2.6642291677196974
time_dim: 0.0012146271765232086, 0.0008087339337024183, -0.0008087339337024183
time_dim had no query dependencies
warehouse: 2.907589077949524e-06, 0.0003193871789018965, -0.0003193871789018965
warehouse had no query dependencies
web_page: 7.394980639219284e-05, 0.000350187788993719, -0.000350187788993719
web_page had no query dependencies
web_returns: 6.285572262480855, 0.8106512570919455, -0.7806305671508448
web_site: 1.0454095900058746e-05, 0.00033022830377793625, -0.00033022830377793625
web_site had no query dependencies
date_dim: 0.001992875710129738, 0.0007714802927617135, -0.0007714802927617135
date_dim had no query dependencies
item: 0.03489831369370222, 0.005303057207235592, -0.005303057207235592
item had no query dependencies
store: 9.930133819580078e-05, 0.0004650352785387064, -0.0004650352785387064
store had no query dependencies
{}
{}
STARTING PHASE 2: 0b0
----
[]
Function: 18.1521318294044, 0, 18.1521318294044, 0.0, 0, 0.0, 0
{18.1521318294044: []}
[]
{}
Best Cost: $18.1521318294044;
[]
{}
{}
{}
[]
0
Optimal Subset: 0b0
Function: 18.1521318294044, 0, 18.1521318294044, 0.0, 0, 0.0, 0
18.1521318294044
Real: 18.1521318294044, 0, 18.1521318294044, 0.0, 0, 0.0, 0
Num Redshift Qs: 0; Num GCP Qs: 85
Num BigQuery Qs: 17; Num DuckDB Qs: 68
Redshift Qs: $0; GCP Qs: $18.1521318294044; Movement Cost: $0.0
Load Cost: $0, Storage Cost: $0.0, API Cost: $0
Final cost: $18.1521318294044, BQ Baseline: $36.23507022857666, Diff: $18.08293839917226, %: 49.90452146250075%
