Egress: $0.12/GB
Benchmark: tpcds
Data Path: parquet_1000/internal_rs1
BigQuery Cost: $5/TB; DuckDB Cost: $1.48/hr; Redshift Cost: $1.086/hr
Use Duck: True
Excluded Table: web_page
Excluded Query: None

Starting analysis using DuckDB
Duck Total: $49.04750173015595, Duck-Calcite Total: $50.818923469434836, Redshift Total: $5.884634669348402, Redshift-Calcite Total: $5.205887044603429, BigQuery Total: $40.41923522949219
!!!!!!: 15.069107350784575
Excluding table web_page and any queries that depend on it
Total Keys: 93, Keys Considered: 89
-0.705637325574905
call_center: 9.615905582904816e-06, 0.0003980821686427574, 0.29143003888043995
catalog_page: 0.0017016949132084846, 0.0014782141669216666, 0.9034855711140989
catalog_returns: 13.009788101539016, 1.695167341779199, 0.6816133051381101
catalog_sales: 132.3057429259643, 17.395808885544593, -9.96165620324527
customer: 0.8535048151388764, 0.11266176707589091, 4.309347812813467
customer_address: 0.2449320713058114, 0.03389490864250222, 3.9966574858981576
customer_demographics: 0.011580578982830048, 0.0025383946621700764, 1.5163169660875162
date_dim: 0.001992875710129738, 0.000771928032780876, 13.72044441871386
household_demographics: 3.5176053643226624e-05, 0.0003424400996461261, 1.3257525795590448
income_band: 5.122274160385132e-07, 0.00034787884774462486, 0.012830558855705896
inventory: 5.1357166497036815, 0.7696893043852655, -0.517081278316714
item: 0.03489831369370222, 0.005310897822464397, 7.721912310530993
promotion: 7.638614624738693e-05, 0.00045806430298471354, 1.291729403843442
reason: 1.4491379261016846e-06, 0.00035830956127377893, 0.36281035743699247
ship_mode: 1.3029202818870544e-06, 0.00034878310994986136, 0.37885861207245836
store: 9.930133819580078e-05, 0.0004650575886019184, 5.672695034611161
store_returns: 20.850121902301908, 2.7193192605665066, 0.4520499214501874
store_sales: 174.69669486396015, 23.128535089215482, -10.116048611154552
time_dim: 0.0012146271765232086, 0.0008089900477352024, 0.7575958889823442
warehouse: 2.907589077949524e-06, 0.0003193877919907347, 0.6581055983105055
web_returns: 6.285572262480855, 0.8119766211967636, 1.4715587161128563
web_sales: 67.01082486007363, 8.807560464681343, -1.3928994054125559
web_site: 1.0454095900058746e-05, 0.0003302305081092009, 1.197774345459093
call_center: 9.615905582904816e-06, 0.00039808014165186893, 0.009907146253861524
catalog_page: 0.0017016949132084846, 0.001477855457068053, -0.001477855457068053
catalog_page had no query dependencies
catalog_returns: 13.009788101539016, 1.6924249352824614, -1.6501304288686856
customer: 0.8535048151388764, 0.112481851989514, -0.056427928663989504
customer_address: 0.2449320713058114, 0.033843278031890744, -0.001771901014406857
customer_demographics: 0.011580578982830048, 0.0025359535267118643, 0.02094771057225205
date_dim: 0.001992875710129738, 0.0007715079432873351, 0.06881510619920826
household_demographics: 3.5176053643226624e-05, 0.00034243268468768956, 0.023141231414276226
income_band: 5.122274160385132e-07, 0.0003478787397693233, 0.012830558963681198
item: 0.03489831369370222, 0.005303541410395896, 0.02140758711002573
promotion: 7.638614624738693e-05, 0.0004580482011187881, -0.0004580482011187881
promotion had no query dependencies
reason: 1.4491379261016846e-06, 0.0003583092558018349, -0.0003583092558018349
reason had no query dependencies
ship_mode: 1.3029202818870544e-06, 0.00034878283529995795, -0.00034878283529995795
ship_mode had no query dependencies
store: 9.930133819580078e-05, 0.0004650366563136384, 0.02351750965172698
store_returns: 20.850121902301908, 2.714924145956156, -2.6510520334242433
time_dim: 0.0012146271765232086, 0.0008087340096326589, -0.0008087340096326589
time_dim had no query dependencies
warehouse: 2.907589077949524e-06, 0.0003193871790836592, -0.0003193871790836592
warehouse had no query dependencies
web_returns: 6.285572262480855, 0.8106516500232284, -0.7806309600821276
web_site: 1.0454095900058746e-05, 0.0003302283044314553, -0.0003302283044314553
web_site had no query dependencies
call_center: 9.615905582904816e-06, 0.0003980800088446116, -0.0003980800088446116
call_center had no query dependencies
customer_demographics: 0.011580578982830048, 0.002535793584944609, -0.002535793584944609
customer_demographics had no query dependencies
date_dim: 0.001992875710129738, 0.0007714804192694539, -0.0007714804192694539
date_dim had no query dependencies
household_demographics: 3.5176053643226624e-05, 0.00034243219886395025, -0.00034243219886395025
household_demographics had no query dependencies
income_band: 5.122274160385132e-07, 0.00034787873269484466, -0.00034787873269484466
income_band had no query dependencies
item: 0.03489831369370222, 0.005303059422580377, -0.005303059422580377
item had no query dependencies
store: 9.930133819580078e-05, 0.00046503528484235487, -0.00046503528484235487
store had no query dependencies
{}
{}
STARTING PHASE 2: 0b0
----
[]
Function: 19.318872757610233, 0, 19.318872757610233, 0.0, 0, 0.0, 0
{19.318872757610233: []}
[]
{}
Best Cost: $19.318872757610233;
[]
{}
{}
{}
[]
0
Optimal Subset: 0b0
Function: 19.318872757610233, 0, 19.318872757610233, 0.0, 0, 0.0, 0
19.318872757610233
Real: 19.318872757610233, 0, 19.318872757610233, 0.0, 0, 0.0, 0
Num Redshift Qs: 0; Num GCP Qs: 93
Num BigQuery Qs: 19; Num DuckDB Qs: 74
Redshift Qs: $0; GCP Qs: $19.318872757610233; Movement Cost: $0.0
Load Cost: $0, Storage Cost: $0.0, API Cost: $0
Final cost: $19.318872757610233, BQ Baseline: $40.41923522949219, Diff: $21.100362471881954, %: 52.2037647473496%
