Egress: $0.12/GB
Benchmark: tpcds
Data Path: parquet_1000/real_data_rs1
BigQuery Cost: $5/TB; DuckDB Cost: $1.48/hr; Redshift Cost: $1.086/hr
Use Duck: False
Excluded Table: warehouse
Excluded Query: None

Starting analysis without using DuckDB
Redshift Total: $6.217720226775805, Redshift-Calcite Total: $5.572610445322591, BigQuery Total: $92.61285781860352
Excluding table warehouse and any queries that depend on it
Total Keys: 91, Keys Considered: 90
call_center: 9.615905582904816e-06, 0.00039808287184428976, 0.9323275508487124
catalog_page: 0.0017016949132084846, 0.0014783386101642022, 6.476166426622637
catalog_returns: 13.009788101539016, 1.6961187345367885, 14.328368151238141
catalog_sales: 132.3057429259643, 17.405484271847953, 31.815407802554994
customer: 0.8535048151388764, 0.11272418302712342, 18.634043964794703
customer_address: 0.2449320713058114, 0.033912820279257794, 17.63862509125068
customer_demographics: 0.011580578982830048, 0.0025392415382980323, 11.448066568178087
date_dim: 0.001992875710129738, 0.0007720737697830927, 77.24180994449479
household_demographics: 3.5176053643226624e-05, 0.00034244267203565427, 9.91288456750653
income_band: 5.122274160385132e-07, 0.00034787888520330213, 2.691910660258995
inventory: 5.1357166497036815, 0.7700648741937378, -0.4526511264444092
item: 0.03489831369370222, 0.005313449901148626, 55.00492792630372
promotion: 7.638614624738693e-05, 0.0004580698890269882, 8.913649394436401
reason: 1.4491379261016846e-06, 0.00035830966724778227, 3.079224634591601
ship_mode: 1.3029202818870544e-06, 0.000348783205231115, -0.000348783205231115
ship_mode had no query dependencies
store: 9.930133819580078e-05, 0.0004650648504092008, 38.97481010194683
store_returns: 20.850121902301908, 2.7208440090726227, 17.569454139580888
store_sales: 174.69669486396015, 23.141310483324222, 57.81176750962328
time_dim: 0.0012146271765232086, 0.0008090788722025878, 3.5067907273554813
web_page: 7.394980639219284e-05, 0.00035020878978787027, 2.6579847506059386
web_returns: 6.285572262480855, 0.8124362787931177, 12.849958729543982
web_sales: 67.01082486007363, 8.812460899104593, 34.82723698132324
web_site: 1.0454095900058746e-05, 0.00033023127260675065, 7.015929478083621
call_center: 9.615905582904816e-06, 0.00039808282710997243, 0.9323275508934468
catalog_page: 0.0017016949132084846, 0.001478330693680452, 6.476166434539121
catalog_returns: 13.009788101539016, 1.696058211481041, 14.328428674293889
catalog_sales: 132.3057429259643, 17.404868770058663, 31.682674480867256
customer: 0.8535048151388764, 0.11272021242290572, 18.634047935398918
customer_address: 0.2449320713058114, 0.03391168082661719, 17.638626230703323
customer_demographics: 0.011580578982830048, 0.0025391876640902516, 11.448066622052293
date_dim: 0.001992875710129738, 0.0007720644986922218, 76.92439620601655
household_demographics: 3.5176053643226624e-05, 0.0003424425083925389, 9.912884567670174
income_band: 5.122274160385132e-07, 0.00034787888282036025, 2.691910660261378
item: 0.03489831369370222, 0.005313287550111953, 54.68751434090544
promotion: 7.638614624738693e-05, 0.00045806953366970247, 8.913649394791758
reason: 1.4491379261016846e-06, 0.0003583096605062232, 3.0792246345983423
store: 9.930133819580078e-05, 0.0004650643884477622, 38.97481010240879
store_returns: 20.850121902301908, 2.7207470118671044, 17.569551136786405
store_sales: 174.69669486396015, 23.14049777386888, 57.62851529480633
time_dim: 0.0012146271765232086, 0.0008090732216149115, 3.506790733006069
web_page: 7.394980639219284e-05, 0.0003502084457647225, 2.6579847509499617
web_returns: 6.285572262480855, 0.8124070375758529, 12.849987970761248
web_sales: 67.01082486007363, 8.812149156910404, 34.827548723517424
web_site: 1.0454095900058746e-05, 0.0003302312239730739, 7.0159294781322545
{}
{}
STARTING PHASE 2: 0b111101111011101111111111
----
[0, 1, 2, 3, 4, 5, 6, 7, 8, 9, 11, 12, 13, 15, 16, 17, 18, 20, 21, 22, 23]
Function: 60.82515415205742, 5.354076421113412, 0.32575130462646484, 50.235069548761466, 4.752392645829916, 0.12177154477600234, 0.036092686950159075
call_center: 9.615905582904816e-06, 0.00039808282710997243, 0.9323275508934468
catalog_page: 0.0017016949132084846, 0.001478330693680452, 6.476166434539121
catalog_returns: 13.009788101539016, 1.696058211481041, 14.328428674293889
catalog_sales: 132.3057429259643, 17.404868770058663, 31.682674480867256
customer: 0.8535048151388764, 0.11272021242290572, 18.634047935398918
customer_address: 0.2449320713058114, 0.03391168082661719, 17.638626230703323
customer_demographics: 0.011580578982830048, 0.0025391876640902516, 11.448066622052293
date_dim: 0.001992875710129738, 0.0007720644986922218, 76.92439620601655
household_demographics: 3.5176053643226624e-05, 0.0003424425083925389, 9.912884567670174
income_band: 5.122274160385132e-07, 0.00034787888282036025, 2.691910660261378
item: 0.03489831369370222, 0.005313287550111953, 54.68751434090544
promotion: 7.638614624738693e-05, 0.00045806953366970247, 8.913649394791758
reason: 1.4491379261016846e-06, 0.0003583096605062232, 3.0792246345983423
store: 9.930133819580078e-05, 0.0004650643884477622, 38.97481010240879
store_returns: 20.850121902301908, 2.7207470118671044, 17.569551136786405
store_sales: 174.69669486396015, 23.14049777386888, 57.62851529480633
time_dim: 0.0012146271765232086, 0.0008090732216149115, 3.506790733006069
web_page: 7.394980639219284e-05, 0.0003502084457647225, 2.6579847509499617
web_returns: 6.285572262480855, 0.8124070375758529, 12.849987970761248
web_sales: 67.01082486007363, 8.812149156910404, 34.827548723517424
web_site: 1.0454095900058746e-05, 0.0003302312239730739, 7.0159294781322545
catalog_page: 0.0017016949132084846, 0.001478321186743997, 6.476166444046057
catalog_returns: 13.009788101539016, 1.6959855291054788, 13.943409046592102
catalog_sales: 132.3057429259643, 17.404129611540373, 30.772477524847435
customer: 0.8535048151388764, 0.11271544410869232, 18.61226318453069
customer_address: 0.2449320713058114, 0.033910312453461926, 17.253535288999128
customer_demographics: 0.011580578982830048, 0.0025391229663423494, 11.426277167567598
date_dim: 0.001992875710129738, 0.0007720533650027502, 75.99167058342967
household_demographics: 3.5176053643226624e-05, 0.0003424423118728783, 9.891095048684251
income_band: 5.122274160385132e-07, 0.00034787887995867605, 2.6919106602642398
item: 0.03489831369370222, 0.005313092582113815, 54.13988121223023
promotion: 7.638614624738693e-05, 0.00045806910691974115, 8.913649395218508
reason: 1.4491379261016846e-06, 0.0003583096524102584, 3.0792246346064385
store: 9.930133819580078e-05, 0.00046506383367645463, 38.97481010296356
store_returns: 20.850121902301908, 2.7206305275417035, 17.569667621111805
store_sales: 174.69669486396015, 23.139521787889212, 57.629491280786
time_dim: 0.0012146271765232086, 0.0008090664358019588, 3.5067907397918816
web_page: 7.394980639219284e-05, 0.000350208032625972, 2.6579847513631005
web_returns: 6.285572262480855, 0.8123719216830929, 12.850023086654007
web_sales: 67.01082486007363, 8.811774784483953, 34.82792309594388
web_site: 1.0454095900058746e-05, 0.00033023116556870035, 7.015929478190659
Function: 61.755161468777395, 5.161895514916976, 1.450657844543457, 50.235068385637554, 4.752005720561743, 0.11945131699832247, 0.036082686119344835
hiya: 0b111101111011101111111110, 61.755161468777395
catalog_page: 0.0017016949132084846, 0.001478321186743997, 6.476166444046057
catalog_returns: 13.009788101539016, 1.6959855291054788, 13.943409046592102
catalog_sales: 132.3057429259643, 17.404129611540373, 30.772477524847435
customer: 0.8535048151388764, 0.11271544410869232, 18.61226318453069
customer_address: 0.2449320713058114, 0.033910312453461926, 17.253535288999128
customer_demographics: 0.011580578982830048, 0.0025391229663423494, 11.426277167567598
date_dim: 0.001992875710129738, 0.0007720533650027502, 75.99167058342967
household_demographics: 3.5176053643226624e-05, 0.0003424423118728783, 9.891095048684251
income_band: 5.122274160385132e-07, 0.00034787887995867605, 2.6919106602642398
item: 0.03489831369370222, 0.005313092582113815, 54.13988121223023
promotion: 7.638614624738693e-05, 0.00045806910691974115, 8.913649395218508
reason: 1.4491379261016846e-06, 0.0003583096524102584, 3.0792246346064385
store: 9.930133819580078e-05, 0.00046506383367645463, 38.97481010296356
store_returns: 20.850121902301908, 2.7206305275417035, 17.569667621111805
store_sales: 174.69669486396015, 23.139521787889212, 57.629491280786
time_dim: 0.0012146271765232086, 0.0008090664358019588, 3.5067907397918816
web_page: 7.394980639219284e-05, 0.000350208032625972, 2.6579847513631005
web_returns: 6.285572262480855, 0.8123719216830929, 12.850023086654007
web_sales: 67.01082486007363, 8.811774784483953, 34.82792309594388
web_site: 1.0454095900058746e-05, 0.00033023116556870035, 7.015929478190659
catalog_page: 0.0017016949132084846, 0.0014783183014908292, 6.476166446931311
catalog_returns: 13.009788101539016, 1.6959634707846585, 11.615672140153015
catalog_sales: 132.3057429259643, 17.4039052848641, 28.44494288676381
customer: 0.8535048151388764, 0.11271399697651097, 18.61226463166287
customer_address: 0.2449320713058114, 0.033909897166897233, 17.07746805562376
customer_demographics: 0.011580578982830048, 0.0025391033312703176, 11.250209538540737
date_dim: 0.001992875710129738, 0.0007720499860475032, 73.48784397338677
household_demographics: 3.5176053643226624e-05, 0.0003424422522312708, 9.736586702770003
income_band: 5.122274160385132e-07, 0.0003478788790901856, 2.6919106602651084
item: 0.03489831369370222, 0.005313033411419139, 54.139881271400924
promotion: 7.638614624738693e-05, 0.00045806897740570857, 8.913649395348022
reason: 1.4491379261016846e-06, 0.00035830964995321995, 2.903156985946964
store: 9.930133819580078e-05, 0.0004650636653093176, 36.64705113837203
store_returns: 20.850121902301908, 2.720595175799271, 15.241944008094332
store_sales: 174.69669486396015, 23.13922558662048, 55.302028517294815
time_dim: 0.0012146271765232086, 0.0008090643763805656, 3.3522823958774146
web_returns: 6.285572262480855, 0.8123612643865693, 10.346207130528695
web_sales: 67.01082486007363, 8.811661166470987, 32.16970175456112
web_site: 1.0454095900058746e-05, 0.0003302311478435999, 7.015929478208384
Function: 64.41244198602747, 5.10378455146114, 4.1671037673950195, 50.23505944079223, 4.751674414164623, 0.11874713248438298, 0.03607267973008156
hiya: 0b111001111011101111111110, 64.41244198602747
catalog_page: 0.0017016949132084846, 0.0014783183014908292, 6.476166446931311
catalog_returns: 13.009788101539016, 1.6959634707846585, 11.615672140153015
catalog_sales: 132.3057429259643, 17.4039052848641, 28.44494288676381
customer: 0.8535048151388764, 0.11271399697651097, 18.61226463166287
customer_address: 0.2449320713058114, 0.033909897166897233, 17.07746805562376
customer_demographics: 0.011580578982830048, 0.0025391033312703176, 11.250209538540737
date_dim: 0.001992875710129738, 0.0007720499860475032, 73.48784397338677
household_demographics: 3.5176053643226624e-05, 0.0003424422522312708, 9.736586702770003
income_band: 5.122274160385132e-07, 0.0003478788790901856, 2.6919106602651084
item: 0.03489831369370222, 0.005313033411419139, 54.139881271400924
promotion: 7.638614624738693e-05, 0.00045806897740570857, 8.913649395348022
reason: 1.4491379261016846e-06, 0.00035830964995321995, 2.903156985946964
store: 9.930133819580078e-05, 0.0004650636653093176, 36.64705113837203
store_returns: 20.850121902301908, 2.720595175799271, 15.241944008094332
store_sales: 174.69669486396015, 23.13922558662048, 55.302028517294815
time_dim: 0.0012146271765232086, 0.0008090643763805656, 3.3522823958774146
web_returns: 6.285572262480855, 0.8123612643865693, 10.346207130528695
web_sales: 67.01082486007363, 8.811661166470987, 32.16970175456112
web_site: 1.0454095900058746e-05, 0.0003302311478435999, 7.015929478208384
catalog_page: 0.0017016949132084846, 0.0014783104175006172, 6.476166454815301
catalog_returns: 13.009788101539016, 1.6959031961483206, 8.936652313348604
catalog_sales: 132.3057429259643, 17.403292309427602, 25.76647576075956
customer: 0.8535048151388764, 0.11271004266980408, 15.920010046825375
customer_address: 0.2449320713058114, 0.03390876239118757, 14.385210651255273
customer_demographics: 0.011580578982830048, 0.0025390496781914724, 8.557951053049619
date_dim: 0.001992875710129738, 0.0007720407530102118, 70.80876388117905
household_demographics: 3.5176053643226624e-05, 0.00034244208925983535, 7.044328163788774
item: 0.03489831369370222, 0.005312871726759076, 51.46080133164484
promotion: 7.638614624738693e-05, 0.0004580686235070017, 6.234569294261172
reason: 1.4491379261016846e-06, 0.0003583096432393318, 2.903156985953678
store: 9.930133819580078e-05, 0.000465063205244019, 33.96797103739134
store_returns: 20.850121902301908, 2.720498576722833, 12.54978206802657
store_sales: 174.69669486396015, 23.138416212965033, 52.62375778950952
time_dim: 0.0012146271765232086, 0.0008090587489859624, 3.352282401504809
web_returns: 6.285572262480855, 0.8123321431911018, 10.346236251724163
web_sales: 67.01082486007363, 8.811350703835652, 32.17001221719645
web_site: 1.0454095900058746e-05, 0.00033023109940954207, 7.015929478256818
Function: 67.1024285109695, 4.944428138517936, 7.018718719482422, 50.23505937883405, 4.7513365969435375, 0.11682299750574025, 0.03606267968582511
hiya: 0b111001111011100111111110, 67.1024285109695
catalog_page: 0.0017016949132084846, 0.0014783104175006172, 6.476166454815301
catalog_returns: 13.009788101539016, 1.6959031961483206, 8.936652313348604
catalog_sales: 132.3057429259643, 17.403292309427602, 25.76647576075956
customer: 0.8535048151388764, 0.11271004266980408, 15.920010046825375
customer_address: 0.2449320713058114, 0.03390876239118757, 14.385210651255273
customer_demographics: 0.011580578982830048, 0.0025390496781914724, 8.557951053049619
date_dim: 0.001992875710129738, 0.0007720407530102118, 70.80876388117905
household_demographics: 3.5176053643226624e-05, 0.00034244208925983535, 7.044328163788774
item: 0.03489831369370222, 0.005312871726759076, 51.46080133164484
promotion: 7.638614624738693e-05, 0.0004580686235070017, 6.234569294261172
reason: 1.4491379261016846e-06, 0.0003583096432393318, 2.903156985953678
store: 9.930133819580078e-05, 0.000465063205244019, 33.96797103739134
store_returns: 20.850121902301908, 2.720498576722833, 12.54978206802657
store_sales: 174.69669486396015, 23.138416212965033, 52.62375778950952
time_dim: 0.0012146271765232086, 0.0008090587489859624, 3.352282401504809
web_returns: 6.285572262480855, 0.8123321431911018, 10.346236251724163
web_sales: 67.01082486007363, 8.811350703835652, 32.17001221719645
web_site: 1.0454095900058746e-05, 0.00033023109940954207, 7.015929478256818
catalog_page: 0.0017016949132084846, 0.0014783030513180995, 6.476166462181483
catalog_returns: 13.009788101539016, 1.6958468802523696, 8.936708629244555
catalog_sales: 132.3057429259643, 17.402719593223914, 25.767048476963247
customer: 0.8535048151388764, 0.1127063480755503, 15.920013741419629
customer_address: 0.2449320713058114, 0.03390770214570663, 14.385211711500753
customer_demographics: 0.011580578982830048, 0.002538999548959854, 8.55795110317885
date_dim: 0.001992875710129738, 0.0007720321263838395, 70.80876388980568
household_demographics: 3.5176053643226624e-05, 0.0003424419369920996, 7.044328163941042
item: 0.03489831369370222, 0.005312720661285334, 51.46080148271031
promotion: 7.638614624738693e-05, 0.000458068292851788, 6.234569294591828
store: 9.930133819580078e-05, 0.0004650627753950633, 33.96797103782119
store_returns: 20.850121902301908, 2.7204083221171125, 12.021255413198288
store_sales: 174.69669486396015, 23.137659997658975, 49.72099870921866
time_dim: 0.0012146271765232086, 0.0008090534911895127, 3.3522824067626056
web_returns: 6.285572262480855, 0.8123049346285363, 10.346263460286728
web_sales: 67.01082486007363, 8.811060631882832, 32.17030228914927
web_site: 1.0454095900058746e-05, 0.0003302310541565547, 7.015929478302072
Function: 70.00378773476456, 4.795570501680771, 10.071091651916504, 50.23505920354874, 4.750988461729685, 0.11502523632823586, 0.0360526795606196
hiya: 0b111001111001100111111110, 70.00378773476456
catalog_page: 0.0017016949132084846, 0.0014783030513180995, 6.476166462181483
catalog_returns: 13.009788101539016, 1.6958468802523696, 8.936708629244555
catalog_sales: 132.3057429259643, 17.402719593223914, 25.767048476963247
customer: 0.8535048151388764, 0.1127063480755503, 15.920013741419629
customer_address: 0.2449320713058114, 0.03390770214570663, 14.385211711500753
customer_demographics: 0.011580578982830048, 0.002538999548959854, 8.55795110317885
date_dim: 0.001992875710129738, 0.0007720321263838395, 70.80876388980568
household_demographics: 3.5176053643226624e-05, 0.0003424419369920996, 7.044328163941042
item: 0.03489831369370222, 0.005312720661285334, 51.46080148271031
promotion: 7.638614624738693e-05, 0.000458068292851788, 6.234569294591828
store: 9.930133819580078e-05, 0.0004650627753950633, 33.96797103782119
store_returns: 20.850121902301908, 2.7204083221171125, 12.021255413198288
store_sales: 174.69669486396015, 23.137659997658975, 49.72099870921866
time_dim: 0.0012146271765232086, 0.0008090534911895127, 3.3522824067626056
web_returns: 6.285572262480855, 0.8123049346285363, 10.346263460286728
web_sales: 67.01082486007363, 8.811060631882832, 32.17030228914927
web_site: 1.0454095900058746e-05, 0.0003302310541565547, 7.015929478302072
catalog_page: 0.0017016949132084846, 0.0014782997038504159, 6.476166465528951
catalog_returns: 13.009788101539016, 1.6958212882118089, 8.936734221285116
catalog_sales: 132.3057429259643, 17.402459329650597, 25.052455692422974
customer: 0.8535048151388764, 0.11270466911431916, 15.92001542038086
customer_address: 0.2449320713058114, 0.03390722033067209, 14.385212193315787
customer_demographics: 0.011580578982830048, 0.002538976768369983, 8.55795112595944
date_dim: 0.001992875710129738, 0.0007720282061235241, 70.09391084561234
household_demographics: 3.5176053643226624e-05, 0.0003424418677959694, 4.406089751870029
item: 0.03489831369370222, 0.005312652011507752, 50.74594850324651
promotion: 7.638614624738693e-05, 0.00045806814258974395, 6.23456929474209
store: 9.930133819580078e-05, 0.0004650625800556884, 31.329732625876325
store_returns: 20.850121902301908, 2.720367307062812, 12.021296428252588
store_sales: 174.69669486396015, 23.13731634525927, 46.36825090136456
web_returns: 6.285572262480855, 0.8122925700443452, 10.346275824870919
web_sales: 67.01082486007363, 8.81092881238397, 31.45558106053455
web_site: 1.0454095900058746e-05, 0.0003302310335919118, 7.015929478322636
Function: 73.3552520104488, 4.728418698689938, 13.491334915161133, 50.234912284269846, 4.750335604850451, 0.11420793286059211, 0.036042574616831545
hiya: 0b111000111001100111111110, 73.3552520104488
catalog_page: 0.0017016949132084846, 0.0014782997038504159, 6.476166465528951
catalog_returns: 13.009788101539016, 1.6958212882118089, 8.936734221285116
catalog_sales: 132.3057429259643, 17.402459329650597, 25.052455692422974
customer: 0.8535048151388764, 0.11270466911431916, 15.92001542038086
customer_address: 0.2449320713058114, 0.03390722033067209, 14.385212193315787
customer_demographics: 0.011580578982830048, 0.002538976768369983, 8.55795112595944
date_dim: 0.001992875710129738, 0.0007720282061235241, 70.09391084561234
household_demographics: 3.5176053643226624e-05, 0.0003424418677959694, 4.406089751870029
item: 0.03489831369370222, 0.005312652011507752, 50.74594850324651
promotion: 7.638614624738693e-05, 0.00045806814258974395, 6.23456929474209
store: 9.930133819580078e-05, 0.0004650625800556884, 31.329732625876325
store_returns: 20.850121902301908, 2.720367307062812, 12.021296428252588
store_sales: 174.69669486396015, 23.13731634525927, 46.36825090136456
web_returns: 6.285572262480855, 0.8122925700443452, 10.346275824870919
web_sales: 67.01082486007363, 8.81092881238397, 31.45558106053455
web_site: 1.0454095900058746e-05, 0.0003302310335919118, 7.015929478322636
catalog_page: 0.0017016949132084846, 0.0014782932236839397, 6.476166472009117
catalog_returns: 13.009788101539016, 1.6957717460805697, 8.936783763416354
catalog_sales: 132.3057429259643, 17.401955500654417, 25.052959521419154
customer: 0.8535048151388764, 0.11270141891168443, 12.464339935542274
customer_address: 0.2449320713058114, 0.03390628761318841, 11.7636754287713
customer_demographics: 0.011580578982830048, 0.0025389326687613413, 7.607197711362446
date_dim: 0.001992875710129738, 0.0007720206171213664, 65.68747865946352
item: 0.03489831369370222, 0.005312519116427253, 50.745948636141584
promotion: 7.638614624738693e-05, 0.00045806785170626047, 6.234569295032973
store: 9.930133819580078e-05, 0.00046506220190964246, 26.923300432516644
store_returns: 20.850121902301908, 2.7202879084232974, 12.021375826892104
store_sales: 174.69669486396015, 23.136651088721926, 41.96248396416407
web_returns: 6.285572262480855, 0.8122686341705623, 10.346299760744701
web_sales: 67.01082486007363, 8.810673630742752, 31.455836242175767
web_site: 1.0454095900058746e-05, 0.00033023099378202503, 7.0159294783624455
Function: 77.75976021009635, 4.597487840059597, 18.028697967529297, 50.23490802943303, 4.750007396821578, 0.11262640467522164, 0.036032571577620506
hiya: 0b111000111001100011111110, 77.75976021009635
catalog_page: 0.0017016949132084846, 0.0014782932236839397, 6.476166472009117
catalog_returns: 13.009788101539016, 1.6957717460805697, 8.936783763416354
catalog_sales: 132.3057429259643, 17.401955500654417, 25.052959521419154
customer: 0.8535048151388764, 0.11270141891168443, 12.464339935542274
customer_address: 0.2449320713058114, 0.03390628761318841, 11.7636754287713
customer_demographics: 0.011580578982830048, 0.0025389326687613413, 7.607197711362446
date_dim: 0.001992875710129738, 0.0007720206171213664, 65.68747865946352
item: 0.03489831369370222, 0.005312519116427253, 50.745948636141584
promotion: 7.638614624738693e-05, 0.00045806785170626047, 6.234569295032973
store: 9.930133819580078e-05, 0.00046506220190964246, 26.923300432516644
store_returns: 20.850121902301908, 2.7202879084232974, 12.021375826892104
store_sales: 174.69669486396015, 23.136651088721926, 41.96248396416407
web_returns: 6.285572262480855, 0.8122686341705623, 10.346299760744701
web_sales: 67.01082486007363, 8.810673630742752, 31.455836242175767
web_site: 1.0454095900058746e-05, 0.00033023099378202503, 7.0159294783624455
catalog_page: 0.0017016949132084846, 0.0014782885655978096, 2.558525732378044
catalog_returns: 13.009788101539016, 1.6957361341074475, 5.019178631100319
catalog_sales: 132.3057429259643, 17.401593337295242, 20.724286893113256
customer: 0.8535048151388764, 0.11269908259457463, 11.355260215723254
customer_address: 0.2449320713058114, 0.03390561715535527, 10.654594043093002
customer_demographics: 0.011580578982830048, 0.0025389009689931164, 6.398893180602824
date_dim: 0.001992875710129738, 0.0007720151619797706, 59.45245130203398
item: 0.03489831369370222, 0.005312423588521681, 44.510921368784814
store: 9.930133819580078e-05, 0.0004650619300899511, 21.89657763236317
store_returns: 20.850121902301908, 2.720230834935629, 8.103792156090613
store_sales: 174.69669486396015, 23.136172887697168, 36.13932884968007
web_returns: 6.285572262480855, 0.812251428538255, 6.428676222087848
web_sales: 67.01082486007363, 8.810490200568855, 27.538378928060496
web_site: 1.0454095900058746e-05, 0.0003302309651658032, 3.098288734101903
Function: 83.99319260185871, 4.503574811403751, 24.357638359069824, 50.234898789892085, 4.749568522622188, 0.11148955389301252, 0.03602256497785747
hiya: 0b111000111000100011111110, 83.99319260185871
catalog_page: 0.0017016949132084846, 0.0014782885655978096, 2.558525732378044
catalog_returns: 13.009788101539016, 1.6957361341074475, 5.019178631100319
catalog_sales: 132.3057429259643, 17.401593337295242, 20.724286893113256
customer: 0.8535048151388764, 0.11269908259457463, 11.355260215723254
customer_address: 0.2449320713058114, 0.03390561715535527, 10.654594043093002
customer_demographics: 0.011580578982830048, 0.0025389009689931164, 6.398893180602824
date_dim: 0.001992875710129738, 0.0007720151619797706, 59.45245130203398
item: 0.03489831369370222, 0.005312423588521681, 44.510921368784814
store: 9.930133819580078e-05, 0.0004650619300899511, 21.89657763236317
store_returns: 20.850121902301908, 2.720230834935629, 8.103792156090613
store_sales: 174.69669486396015, 23.136172887697168, 36.13932884968007
web_returns: 6.285572262480855, 0.812251428538255, 6.428676222087848
web_sales: 67.01082486007363, 8.810490200568855, 27.538378928060496
web_site: 1.0454095900058746e-05, 0.0003302309651658032, 3.098288734101903
catalog_returns: 13.009788101539016, 1.695721125490039, 2.459189618774087
catalog_sales: 132.3057429259643, 17.401440704042415, 18.16443550542244
customer: 0.8535048151388764, 0.11269809795692129, 11.355261200360907
customer_address: 0.2449320713058114, 0.03390533459181768, 10.65459432565654
customer_demographics: 0.011580578982830048, 0.0025388876091691154, 6.398893193962649
date_dim: 0.001992875710129738, 0.0007720128629177995, 56.8924472833894
item: 0.03489831369370222, 0.005312383328416417, 44.51092140904492
store: 9.930133819580078e-05, 0.0004650618155319136, 19.336573611534085
store_returns: 20.850121902301908, 2.720206781392242, 5.543812188690357
store_sales: 174.69669486396015, 23.135971350528745, 33.579526365904854
web_returns: 6.285572262480855, 0.8122441772480308, 3.86867945243443
web_sales: 67.01082486007363, 8.810412894172725, 24.978452213513
web_site: 1.0454095900058746e-05, 0.0003302309531055356, 0.5382847131703214
Function: 86.55123758993061, 4.465073812205791, 26.956143379211426, 50.234692955711544, 4.748305041293701, 0.1110099835567262, 0.03601241795141697
hiya: 0b111000111000100011111100, 86.55123758993061
catalog_returns: 13.009788101539016, 1.695721125490039, 2.459189618774087
catalog_sales: 132.3057429259643, 17.401440704042415, 18.16443550542244
customer: 0.8535048151388764, 0.11269809795692129, 11.355261200360907
customer_address: 0.2449320713058114, 0.03390533459181768, 10.65459432565654
customer_demographics: 0.011580578982830048, 0.0025388876091691154, 6.398893193962649
date_dim: 0.001992875710129738, 0.0007720128629177995, 56.8924472833894
item: 0.03489831369370222, 0.005312383328416417, 44.51092140904492
store: 9.930133819580078e-05, 0.0004650618155319136, 19.336573611534085
store_returns: 20.850121902301908, 2.720206781392242, 5.543812188690357
store_sales: 174.69669486396015, 23.135971350528745, 33.579526365904854
web_returns: 6.285572262480855, 0.8122441772480308, 3.86867945243443
web_sales: 67.01082486007363, 8.810412894172725, 24.978452213513
web_site: 1.0454095900058746e-05, 0.0003302309531055356, 0.5382847131703214
catalog_returns: 13.009788101539016, 1.6956947190836216, 2.4592160251805044
catalog_sales: 132.3057429259643, 17.401172158606332, 18.16470405085852
customer: 0.8535048151388764, 0.11269636556936417, 11.355262932748463
customer_address: 0.2449320713058114, 0.03390483744491805, 10.115979878680012
customer_demographics: 0.011580578982830048, 0.002538864103676729, 6.3988932174681405
date_dim: 0.001992875710129738, 0.0007720088179106456, 56.35383234331098
item: 0.03489831369370222, 0.005312312494130149, 44.5109214798792
store: 9.930133819580078e-05, 0.0004650616139766328, 19.33657361173564
store_returns: 20.850121902301908, 2.7201644611954405, 5.543854508887159
store_sales: 174.69669486396015, 23.13561676274543, 33.57988095368817
web_returns: 6.285572262480855, 0.812231419209665, 3.3300772663493694
web_sales: 67.01082486007363, 8.810276880037689, 24.43997328352461
Function: 87.0886793329656, 4.39543050895373, 27.564401626586914, 50.234691691201526, 4.747986068529686, 0.11016702064555949, 0.036002417048183084
hiya: 0b11000111000100011111100, 87.0886793329656
catalog_returns: 13.009788101539016, 1.6956947190836216, 2.4592160251805044
catalog_sales: 132.3057429259643, 17.401172158606332, 18.16470405085852
customer: 0.8535048151388764, 0.11269636556936417, 11.355262932748463
customer_address: 0.2449320713058114, 0.03390483744491805, 10.115979878680012
customer_demographics: 0.011580578982830048, 0.002538864103676729, 6.3988932174681405
date_dim: 0.001992875710129738, 0.0007720088179106456, 56.35383234331098
item: 0.03489831369370222, 0.005312312494130149, 44.5109214798792
store: 9.930133819580078e-05, 0.0004650616139766328, 19.33657361173564
store_returns: 20.850121902301908, 2.7201644611954405, 5.543854508887159
store_sales: 174.69669486396015, 23.13561676274543, 33.57988095368817
web_returns: 6.285572262480855, 0.812231419209665, 3.3300772663493694
web_sales: 67.01082486007363, 8.810276880037689, 24.43997328352461
catalog_sales: 132.3057429259643, 17.39935560796629, 14.085720293920328
customer: 0.8535048151388764, 0.11268464699476619, 11.328700952339869
customer_address: 0.2449320713058114, 0.0339014745409272, 10.08940954260081
customer_demographics: 0.011580578982830048, 0.0025387051029584075, 6.398893376468859
date_dim: 0.001992875710129738, 0.0007719814558357522, 52.19892162640893
item: 0.03489831369370222, 0.0053118333421850045, 42.58267533254119
store: 9.930133819580078e-05, 0.00046506025057467103, 19.33657361309904
store_returns: 20.850121902301908, 2.7198781901580014, 1.4158037346436658
store_sales: 174.69669486396015, 23.13321818664548, 29.501479222209873
web_returns: 6.285572262480855, 0.8121451186450491, -0.7981734783669482
web_sales: 67.01082486007363, 8.809356825064283, 20.36009303091977
catalog_sales: 132.3057429259643, 17.399088072982927, 14.08598782890369
customer: 0.8535048151388764, 0.11268292112564314, 11.314731037930892
customer_address: 0.2449320713058114, 0.0339009792646363, 10.075438397599001
customer_demographics: 0.011580578982830048, 0.0025386816859098577, 6.398893399885908
date_dim: 0.001992875710129738, 0.0007719774260486987, 52.18494999016062
item: 0.03489831369370222, 0.005311762774426063, 42.58267540310895
store: 9.930133819580078e-05, 0.0004650600497777799, 19.33657361329984
store_returns: 20.850121902301908, 2.719836029198901, 1.4158458956027662
store_sales: 174.69669486396015, 23.132864933065395, 29.501832475789957
web_sales: 67.01082486007363, 8.809221322708016, 20.360228533276036
Function: 88.72490621985183, 4.038155514345566, 32.090559005737305, 47.90075706050363, 4.562308720499277, 0.09881062085333522, 0.03431529791273177
hiya: 0b10000111000100011111000, 88.72490621985183
catalog_sales: 132.3057429259643, 17.399088072982927, 14.08598782890369
customer: 0.8535048151388764, 0.11268292112564314, 11.314731037930892
customer_address: 0.2449320713058114, 0.0339009792646363, 10.075438397599001
customer_demographics: 0.011580578982830048, 0.0025386816859098577, 6.398893399885908
date_dim: 0.001992875710129738, 0.0007719774260486987, 52.18494999016062
item: 0.03489831369370222, 0.005311762774426063, 42.58267540310895
store: 9.930133819580078e-05, 0.0004650600497777799, 19.33657361329984
store_returns: 20.850121902301908, 2.719836029198901, 1.4158458956027662
store_sales: 174.69669486396015, 23.132864933065395, 29.501832475789957
web_sales: 67.01082486007363, 8.809221322708016, 20.360228533276036
catalog_sales: 132.3057429259643, 17.397604917012988, 11.502590535589714
customer: 0.8535048151388764, 0.11267335328124009, 10.301034981562873
customer_address: 0.2449320713058114, 0.033898233560211426, 9.126163393157832
customer_demographics: 0.011580578982830048, 0.002538551866867434, 6.39889352970495
date_dim: 0.001992875710129738, 0.0007719550857825737, 48.99854583784481
item: 0.03489831369370222, 0.005311371562063311, 39.048517594891806
store: 9.930133819580078e-05, 0.0004650589366033302, 15.200891689611344
store_sales: 174.69669486396015, 23.130906571771426, 25.43253678634909
web_sales: 67.01082486007363, 8.80847012700975, 20.3609797289743
Function: 90.1165651776357, 3.8625667253410816, 36.40182971954346, 45.378761065404355, 4.351501192896366, 0.08940262707008025, 0.03250384738037288
hiya: 0b10000101000100011111000, 90.1165651776357
catalog_sales: 132.3057429259643, 17.397604917012988, 11.502590535589714
customer: 0.8535048151388764, 0.11267335328124009, 10.301034981562873
customer_address: 0.2449320713058114, 0.033898233560211426, 9.126163393157832
customer_demographics: 0.011580578982830048, 0.002538551866867434, 6.39889352970495
date_dim: 0.001992875710129738, 0.0007719550857825737, 48.99854583784481
item: 0.03489831369370222, 0.005311371562063311, 39.048517594891806
store: 9.930133819580078e-05, 0.0004650589366033302, 15.200891689611344
store_sales: 174.69669486396015, 23.130906571771426, 25.43253678634909
web_sales: 67.01082486007363, 8.80847012700975, 20.3609797289743
catalog_sales: 132.3057429259643, 17.3969980157125, 8.163831119227009
customer: 0.8535048151388764, 0.11266943815880606, 6.961672579022114
customer_address: 0.2449320713058114, 0.033897110029294936, 5.1159794979717
date_dim: 0.001992875710129738, 0.0007719459442378951, 42.59711376541453
item: 0.03489831369370222, 0.005311211479579383, 34.326895264030235
store: 9.930133819580078e-05, 0.0004650584810969405, 12.138825926158226
store_sales: 174.69669486396015, 23.130105218413973, 21.36228148622402
web_sales: 67.01082486007363, 8.808162740830928, 19.35229622557923
Function: 96.51372676011616, 3.7055900697302815, 42.960238456726074, 45.377360297871554, 4.350366070781152, 0.08767901818874636, 0.03249284681834876
hiya: 0b10000101000100010111000, 96.51372676011616
catalog_sales: 132.3057429259643, 17.3969980157125, 8.163831119227009
customer: 0.8535048151388764, 0.11266943815880606, 6.961672579022114
customer_address: 0.2449320713058114, 0.033897110029294936, 5.1159794979717
date_dim: 0.001992875710129738, 0.0007719459442378951, 42.59711376541453
item: 0.03489831369370222, 0.005311211479579383, 34.326895264030235
store: 9.930133819580078e-05, 0.0004650584810969405, 12.138825926158226
store_sales: 174.69669486396015, 23.130105218413973, 21.36228148622402
web_sales: 67.01082486007363, 8.808162740830928, 19.35229622557923
catalog_sales: 132.3057429259643, 17.396730390445814, 5.342749094453627
customer: 0.8535048151388764, 0.11266771170726499, 5.085213135923634
date_dim: 0.001992875710129738, 0.0007719419130909351, 37.44723716144469
item: 0.03489831369370222, 0.00531114088800639, 30.75558374567402
store: 9.930133819580078e-05, 0.00046505828023228775, 10.808156437935029
store_sales: 174.69669486396015, 23.129751845623662, 16.458401897220202
web_sales: 67.01082486007363, 8.808027192747547, 15.453258850638909
Function: 101.62871318410401, 3.640284373348951, 48.1754207611084, 45.347733722746526, 4.345949216484229, 0.08686342572853045, 0.03246168468738794
hiya: 0b10000101000100010011000, 101.62871318410401
catalog_sales: 132.3057429259643, 17.396730390445814, 5.342749094453627
customer: 0.8535048151388764, 0.11266771170726499, 5.085213135923634
date_dim: 0.001992875710129738, 0.0007719419130909351, 37.44723716144469
item: 0.03489831369370222, 0.00531114088800639, 30.75558374567402
store: 9.930133819580078e-05, 0.00046505828023228775, 10.808156437935029
store_sales: 174.69669486396015, 23.129751845623662, 16.458401897220202
web_sales: 67.01082486007363, 8.808027192747547, 15.453258850638909
catalog_sales: 132.3057429259643, 17.39019521850641, 1.78813586504603
date_dim: 0.001992875710129738, 0.00077184347605312, 32.249356412250854
item: 0.03489831369370222, 0.005309417104326711, 29.75193113217155
store: 9.930133819580078e-05, 0.0004650533752954001, 10.808156442839966
store_sales: 174.69669486396015, 23.121122795115852, 11.269150100097121
web_sales: 67.01082486007363, 8.804717228625226, 10.258687967130335
Function: 106.69463236421797, 1.9476870868245761, 55.06589889526367, 45.24449520281535, 4.335983578434388, 0.06818965900860598, 0.03237794187135994
hiya: 0b10000101000100010001000, 106.69463236421797
catalog_sales: 132.3057429259643, 17.39019521850641, 1.78813586504603
date_dim: 0.001992875710129738, 0.00077184347605312, 32.249356412250854
item: 0.03489831369370222, 0.005309417104326711, 29.75193113217155
store: 9.930133819580078e-05, 0.0004650533752954001, 10.808156442839966
store_sales: 174.69669486396015, 23.121122795115852, 11.269150100097121
web_sales: 67.01082486007363, 8.804717228625226, 10.258687967130335
date_dim: 0.001992875710129738, 0.0007717363963889347, 13.071025435778058
item: 0.03489831369370222, 0.00530754197498876, 11.27326848113476
store: 9.930133819580078e-05, 0.0004650480397123062, 10.808156448175549
store_sales: 174.69669486396015, 23.111736126732456, -7.136917223960193
web_sales: 67.01082486007363, 8.801116654547112, -8.048165408899841
date_dim: 0.001992875710129738, 0.0007714802927617135, -0.0007714802927617135
date_dim had no query dependencies
item: 0.03489831369370222, 0.005303057207235592, -0.005303057207235592
item had no query dependencies
store: 9.930133819580078e-05, 0.0004650352785387064, -0.0004650352785387064
store had no query dependencies
Function: 92.61285781860352, 0, 92.61285781860352, 0.0, 0, 0.0, 0
hiya: 0b0, 92.61285781860352
{60.82515415205742: [0, 1, 2, 3, 4, 5, 6, 7, 8, 9, 11, 12, 13, 15, 16, 17, 18, 20, 21, 22, 23], 61.755161468777395: [1, 2, 3, 4, 5, 6, 7, 8, 9, 11, 12, 13, 15, 16, 17, 18, 20, 21, 22, 23], 64.41244198602747: [1, 2, 3, 4, 5, 6, 7, 8, 9, 11, 12, 13, 15, 16, 17, 18, 21, 22, 23], 67.1024285109695: [1, 2, 3, 4, 5, 6, 7, 8, 11, 12, 13, 15, 16, 17, 18, 21, 22, 23], 70.00378773476456: [1, 2, 3, 4, 5, 6, 7, 8, 11, 12, 15, 16, 17, 18, 21, 22, 23], 73.3552520104488: [1, 2, 3, 4, 5, 6, 7, 8, 11, 12, 15, 16, 17, 21, 22, 23], 77.75976021009635: [1, 2, 3, 4, 5, 6, 7, 11, 12, 15, 16, 17, 21, 22, 23], 83.99319260185871: [1, 2, 3, 4, 5, 6, 7, 11, 15, 16, 17, 21, 22, 23], 86.55123758993061: [2, 3, 4, 5, 6, 7, 11, 15, 16, 17, 21, 22, 23], 87.0886793329656: [2, 3, 4, 5, 6, 7, 11, 15, 16, 17, 21, 22], 88.72490621985183: [3, 4, 5, 6, 7, 11, 15, 16, 17, 22], 90.1165651776357: [3, 4, 5, 6, 7, 11, 15, 17, 22], 96.51372676011616: [3, 4, 5, 7, 11, 15, 17, 22], 101.62871318410401: [3, 4, 7, 11, 15, 17, 22], 106.69463236421797: [3, 7, 11, 15, 17, 22], 92.61285781860352: []}
[0, 1, 2, 3, 4, 5, 6, 7, 8, 9, 11, 12, 13, 15, 16, 17, 18, 20, 21, 22, 23]
{'71': 4589704, '25': 231560, '32': 2184, '69': 4325624, '58': 4327560, '35': 4325624, '04': 4325528, '49': 6488204, '34': 164240, '77': 7569548, '05': 14909582, '68': 164272, '53': 166016, '73': 164240, '47': 166016, '24': 231472, '13': 164320, '74': 4325520, '12': 4196480, '50': 229504, '15': 184, '18': 2296, '98': 133248, '95': 14680224, '19': 166064, '45': 4196528, '97': 131208, '92': 4196480, '75': 6490252, '84': 66416, '36': 166016, '80': 14915726, '93': 204800, '94': 14680224, '29': 231560, '63': 166016, '91': 501, '20': 2184, '16': 173, '11': 4325520, '64': 236540, '59': 163968, '10': 4325624, '31': 4325536, '09': 139264, '67': 166016, '23': 4327576, '14': 4327560, '38': 4325528, '65': 166016, '43': 163968, '85': 7348448, '83': 2164868, '89': 166016, '90': 5505280, '87': 4325528, '28': 131072, '54': 4360376, '52': 133248, '79': 164240, '03': 133248, '33': 4327592, '17': 231560, '96': 426240, '61': 170160, '46': 164272, '60': 4327592, '51': 4325504, '48': 164064, '76': 4327560, '81': 180, '56': 4327592, '44': 133120, '30': 2097328, '08': 164016, '02': 4194440, '70': 163968, '88': 426240, '26': 6344, '78': 6488204, '07': 137408, '55': 133248, '27': 166080, '42': 133248, '86': 4196480, '06': 133296, '01': 98448, '57': 2185}
Best Cost: $60.82515415205742;
[0, 1, 2, 3, 4, 5, 6, 7, 8, 9, 11, 12, 13, 15, 16, 17, 18, 20, 21, 22, 23]
{}
{'71': 4589704, '25': 231560, '32': 2184, '69': 4325624, '58': 4327560, '35': 4325624, '04': 4325528, '49': 6488204, '34': 164240, '77': 7569548, '05': 14909582, '68': 164272, '53': 166016, '73': 164240, '47': 166016, '24': 231472, '13': 164320, '74': 4325520, '12': 4196480, '50': 229504, '15': 184, '18': 2296, '98': 133248, '95': 14680224, '19': 166064, '45': 4196528, '97': 131208, '92': 4196480, '75': 6490252, '84': 66416, '36': 166016, '80': 14915726, '93': 204800, '94': 14680224, '29': 231560, '63': 166016, '91': 501, '20': 2184, '16': 173, '11': 4325520, '64': 236540, '59': 163968, '10': 4325624, '31': 4325536, '09': 139264, '67': 166016, '23': 4327576, '14': 4327560, '38': 4325528, '65': 166016, '43': 163968, '85': 7348448, '83': 2164868, '89': 166016, '90': 5505280, '87': 4325528, '28': 131072, '54': 4360376, '52': 133248, '79': 164240, '03': 133248, '33': 4327592, '17': 231560, '96': 426240, '61': 170160, '46': 164272, '60': 4327592, '51': 4325504, '48': 164064, '76': 4327560, '81': 180, '56': 4327592, '44': 133120, '30': 2097328, '08': 164016, '02': 4194440, '70': 163968, '88': 426240, '26': 6344, '78': 6488204, '07': 137408, '55': 133248, '27': 166080, '42': 133248, '86': 4196480, '06': 133296, '01': 98448, '57': 2185}
{'71': 4589704, '25': 231560, '32': 2184, '69': 4325624, '58': 4327560, '35': 4325624, '04': 4325528, '49': 6488204, '34': 164240, '77': 7569548, '05': 14909582, '68': 164272, '53': 166016, '73': 164240, '47': 166016, '24': 231472, '13': 164320, '74': 4325520, '12': 4196480, '50': 229504, '15': 184, '18': 2296, '98': 133248, '95': 14680224, '19': 166064, '45': 4196528, '97': 131208, '92': 4196480, '75': 6490252, '84': 66416, '36': 166016, '80': 14915726, '93': 204800, '94': 14680224, '29': 231560, '63': 166016, '91': 501, '20': 2184, '16': 173, '11': 4325520, '64': 236540, '59': 163968, '10': 4325624, '31': 4325536, '09': 139264, '67': 166016, '23': 4327576, '14': 4327560, '38': 4325528, '65': 166016, '43': 163968, '85': 7348448, '83': 2164868, '89': 166016, '90': 5505280, '87': 4325528, '28': 131072, '54': 4360376, '52': 133248, '79': 164240, '03': 133248, '33': 4327592, '17': 231560, '96': 426240, '61': 170160, '46': 164272, '60': 4327592, '51': 4325504, '48': 164064, '76': 4327560, '81': 180, '56': 4327592, '44': 133120, '30': 2097328, '08': 164016, '02': 4194440, '70': 163968, '88': 426240, '26': 6344, '78': 6488204, '07': 137408, '55': 133248, '27': 166080, '42': 133248, '86': 4196480, '06': 133296, '01': 98448, '57': 2185}
[0, 1, 2, 3, 4, 5, 6, 7, 8, 9, 11, 12, 13, 15, 16, 17, 18, 20, 21, 22, 23]
21
Optimal Subset: 0b111101111011101111111111
Function: 60.82515415205742, 5.354076421113412, 0.32575130462646484, 50.235069548761466, 4.752392645829916, 0.12177154477600234, 0.036092686950159075
60.82515415205742
Real: 60.82515415205742, 5.354076421113412, 0.32575130462646484, 50.235069548761466, 4.752392645829916, 0.12177154477600234, 0.036092686950159075
Num Redshift Qs: 88; Num GCP Qs: 3
Redshift Qs: $5.354076421113412; GCP Qs: $0.32575130462646484; Movement Cost: $50.235069548761466
Load Cost: $4.752392645829916, Storage Cost: $0.12177154477600234, API Cost: $0.036092686950159075
Final cost: $60.82515415205742, BQ Baseline: $92.61285781860352, Diff: $31.787703666546093, %: 34.323207830177516%
