Egress: $0.12/GB
Benchmark: tpcds
Data Path: parquet_1000/real_data_rs1
BigQuery Cost: $5/TB; DuckDB Cost: $1.48/hr; Redshift Cost: $1.086/hr
Use Duck: False
Excluded Table: time_dim
Excluded Query: None

Starting analysis without using DuckDB
Redshift Total: $6.592676254374981, Redshift-Calcite Total: $5.74161705547134, BigQuery Total: $91.1452054977417
Excluding table time_dim and any queries that depend on it
Total Keys: 94, Keys Considered: 93
-0.2557442106318938
call_center: 9.615905582904816e-06, 0.0003980829183550858, 1.186730290092598
catalog_page: 0.0017016949132084846, 0.001478346841025485, 6.4761664183917755
catalog_returns: 13.009788101539016, 1.6961816610698308, 14.970406131658512
catalog_sales: 132.3057429259643, 17.406124216298927, 31.996418456234274
customer: 0.8535048151388764, 0.112728311311038, 18.634039836510784
customer_address: 0.2449320713058114, 0.033914004981572536, 17.638623906548368
customer_demographics: 0.011580578982830048, 0.002539297551945628, 11.83009595527983
date_dim: 0.001992875710129738, 0.0007720834090453347, 78.39984027313965
household_demographics: 3.5176053643226624e-05, 0.00034244284217732645, 7.502167252337683
income_band: 5.122274160385132e-07, 0.0003478788876808748, 2.6919106602565175
inventory: 5.1357166497036815, 0.7700897149398692, 0.777803758361462
item: 0.03489831369370222, 0.005313618699431321, 55.78062589878189
promotion: 7.638614624738693e-05, 0.00045807025849613854, 9.295678837182326
reason: 1.4491379261016846e-06, 0.0003583096742570606, 3.0792246345845915
ship_mode: 1.3029202818870544e-06, 0.00034878321153315896, 0.38198341379620243
store: 9.930133819580078e-05, 0.000465065330715943, 36.33657168932631
store_returns: 20.850121902301908, 2.7209448582082567, 17.569353290445253
store_sales: 174.69669486396015, 23.142155466905503, 54.4578310657882
warehouse: 2.907589077949524e-06, 0.0003193880186834116, 1.8725639983790756
web_page: 7.394980639219284e-05, 0.0003502091474727841, 2.5034764042743647
web_returns: 6.285572262480855, 0.8124666812306961, 12.849928327106404
web_sales: 67.01082486007363, 8.812785021131166, 34.085480922926536
web_site: 1.0454095900058746e-05, 0.00033023132317175645, 7.143858935750396
{}
{}
STARTING PHASE 2: 0b111110111111111111111111
----
[0, 1, 2, 3, 4, 5, 6, 7, 8, 9, 10, 11, 12, 13, 14, 15, 16, 17, 19, 20, 21, 22, 23]
Function: 61.45361472983004, 5.529358867669104, 0.00011920928955078125, 50.856130865199184, 4.90418288263917, 0.12726659674434174, 0.03655630828869343
-0.2557442106318938
call_center: 9.615905582904816e-06, 0.0003980829183550858, 1.186730290092598
catalog_page: 0.0017016949132084846, 0.001478346841025485, 6.4761664183917755
catalog_returns: 13.009788101539016, 1.6961816610698308, 14.970406131658512
catalog_sales: 132.3057429259643, 17.406124216298927, 31.996418456234274
customer: 0.8535048151388764, 0.112728311311038, 18.634039836510784
customer_address: 0.2449320713058114, 0.033914004981572536, 17.638623906548368
customer_demographics: 0.011580578982830048, 0.002539297551945628, 11.83009595527983
date_dim: 0.001992875710129738, 0.0007720834090453347, 78.39984027313965
household_demographics: 3.5176053643226624e-05, 0.00034244284217732645, 7.502167252337683
income_band: 5.122274160385132e-07, 0.0003478788876808748, 2.6919106602565175
inventory: 5.1357166497036815, 0.7700897149398692, 0.777803758361462
item: 0.03489831369370222, 0.005313618699431321, 55.78062589878189
promotion: 7.638614624738693e-05, 0.00045807025849613854, 9.295678837182326
reason: 1.4491379261016846e-06, 0.0003583096742570606, 3.0792246345845915
ship_mode: 1.3029202818870544e-06, 0.00034878321153315896, 0.38198341379620243
store: 9.930133819580078e-05, 0.000465065330715943, 36.33657168932631
store_returns: 20.850121902301908, 2.7209448582082567, 17.569353290445253
store_sales: 174.69669486396015, 23.142155466905503, 54.4578310657882
warehouse: 2.907589077949524e-06, 0.0003193880186834116, 1.8725639983790756
web_page: 7.394980639219284e-05, 0.0003502091474727841, 2.5034764042743647
web_returns: 6.285572262480855, 0.8124666812306961, 12.849928327106404
web_sales: 67.01082486007363, 8.812785021131166, 34.085480922926536
web_site: 1.0454095900058746e-05, 0.00033023132317175645, 7.143858935750396
-0.25574277294055253
call_center: 9.615905582904816e-06, 0.0003980829156824114, 0.9323275508048743
catalog_page: 0.0017016949132084846, 0.0014783463680511665, 6.47616641886475
catalog_returns: 13.009788101539016, 1.6961780450893094, 14.970409747639033
catalog_sales: 132.3057429259643, 17.406087442833783, 31.74205249040902
customer: 0.8535048151388764, 0.11272807408528439, 18.634040073736536
customer_address: 0.2449320713058114, 0.033913936904399256, 17.638623974625542
customer_demographics: 0.011580578982830048, 0.0025392943332038847, 11.830095958498573
date_dim: 0.001992875710129738, 0.00077208285513933, 78.01750807668583
household_demographics: 3.5176053643226624e-05, 0.0003424428324003859, 7.502167252347459
income_band: 5.122274160385132e-07, 0.00034787888753850475, 2.69191066025666
inventory: 5.1357166497036815, 0.7700882875029867, 0.7778051857983445
item: 0.03489831369370222, 0.00531360899968667, 55.78062590848164
promotion: 7.638614624738693e-05, 0.0004580702372651381, 9.295678837203557
reason: 1.4491379261016846e-06, 0.00035830967385428277, 3.0792246345849943
store: 9.930133819580078e-05, 0.0004650653031158236, 36.33657168935391
store_returns: 20.850121902301908, 2.720939063061243, 17.569359085592268
store_sales: 174.69669486396015, 23.14210691116879, 54.45787962152492
warehouse: 2.907589077949524e-06, 0.00031938801787526733, 1.4902318013721483
web_page: 7.394980639219284e-05, 0.00035020912691894745, 2.5034764042949185
web_returns: 6.285572262480855, 0.8124649341994078, 12.849930074137692
web_sales: 67.01082486007363, 8.812766395936386, 33.957570090403976
web_site: 1.0454095900058746e-05, 0.0003302313202661129, 7.015929478035963
Function: 61.83548128305087, 5.520117158732015, 0.391693115234375, 50.85613070760011, 4.903844256285032, 0.12714973702321747, 0.03654630817612112
hiya: 0b111110111011111111111111, 61.83548128305087
-0.25574277294055253
call_center: 9.615905582904816e-06, 0.0003980829156824114, 0.9323275508048743
catalog_page: 0.0017016949132084846, 0.0014783463680511665, 6.47616641886475
catalog_returns: 13.009788101539016, 1.6961780450893094, 14.970409747639033
catalog_sales: 132.3057429259643, 17.406087442833783, 31.74205249040902
customer: 0.8535048151388764, 0.11272807408528439, 18.634040073736536
customer_address: 0.2449320713058114, 0.033913936904399256, 17.638623974625542
customer_demographics: 0.011580578982830048, 0.0025392943332038847, 11.830095958498573
date_dim: 0.001992875710129738, 0.00077208285513933, 78.01750807668583
household_demographics: 3.5176053643226624e-05, 0.0003424428324003859, 7.502167252347459
income_band: 5.122274160385132e-07, 0.00034787888753850475, 2.69191066025666
inventory: 5.1357166497036815, 0.7700882875029867, 0.7778051857983445
item: 0.03489831369370222, 0.00531360899968667, 55.78062590848164
promotion: 7.638614624738693e-05, 0.0004580702372651381, 9.295678837203557
reason: 1.4491379261016846e-06, 0.00035830967385428277, 3.0792246345849943
store: 9.930133819580078e-05, 0.0004650653031158236, 36.33657168935391
store_returns: 20.850121902301908, 2.720939063061243, 17.569359085592268
store_sales: 174.69669486396015, 23.14210691116879, 54.45787962152492
warehouse: 2.907589077949524e-06, 0.00031938801787526733, 1.4902318013721483
web_page: 7.394980639219284e-05, 0.00035020912691894745, 2.5034764042949185
web_returns: 6.285572262480855, 0.8124649341994078, 12.849930074137692
web_sales: 67.01082486007363, 8.812766395936386, 33.957570090403976
web_site: 1.0454095900058746e-05, 0.0003302313202661129, 7.015929478035963
call_center: 9.615905582904816e-06, 0.00039808281221635506, 0.9323275509083404
catalog_page: 0.0017016949132084846, 0.0014783280580063904, 6.476166437174795
catalog_returns: 13.009788101539016, 1.6960380612409591, 14.588520288371992
catalog_sales: 132.3057429259643, 17.404663848005868, 31.228097818644507
customer: 0.8535048151388764, 0.11271889047001903, 18.6340492573518
customer_address: 0.2449320713058114, 0.03391130146301788, 17.638626610066922
customer_demographics: 0.011580578982830048, 0.002539169727483985, 11.448066639988898
date_dim: 0.001992875710129738, 0.0007720614120221162, 76.46961462482761
household_demographics: 3.5176053643226624e-05, 0.0003424424539100277, 7.120137809610556
income_band: 5.122274160385132e-07, 0.0003478788820269957, 2.6919106602621716
item: 0.03489831369370222, 0.005313233497778903, 54.232732810682215
promotion: 7.638614624738693e-05, 0.000458069415358845, 8.913649394910069
reason: 1.4491379261016846e-06, 0.0003583096582617226, 3.079224634600587
store: 9.930133819580078e-05, 0.0004650642346446572, 36.33657169042238
store_returns: 20.850121902301908, 2.720714718108068, 17.569583430545443
store_sales: 174.69669486396015, 23.14022719449314, 54.27569441392828
warehouse: 2.907589077949524e-06, 0.00031938798658993775, 0.259752075851431
web_page: 7.394980639219284e-05, 0.0003502083312273956, 2.50347640509061
web_returns: 6.285572262480855, 0.8123973021528659, 12.849997706184235
web_sales: 67.01082486007363, 8.812045367040925, 33.95829111929944
web_site: 1.0454095900058746e-05, 0.00033023120778122355, 7.015929478148448
Function: 62.603896076895836, 5.301033321852683, 2.158670425415039, 50.23492298117971, 4.752048826927345, 0.12112793926347246, 0.03609258225758672
hiya: 0b111110111011101111111111, 62.603896076895836
call_center: 9.615905582904816e-06, 0.00039808281221635506, 0.9323275509083404
catalog_page: 0.0017016949132084846, 0.0014783280580063904, 6.476166437174795
catalog_returns: 13.009788101539016, 1.6960380612409591, 14.588520288371992
catalog_sales: 132.3057429259643, 17.404663848005868, 31.228097818644507
customer: 0.8535048151388764, 0.11271889047001903, 18.6340492573518
customer_address: 0.2449320713058114, 0.03391130146301788, 17.638626610066922
customer_demographics: 0.011580578982830048, 0.002539169727483985, 11.448066639988898
date_dim: 0.001992875710129738, 0.0007720614120221162, 76.46961462482761
household_demographics: 3.5176053643226624e-05, 0.0003424424539100277, 7.120137809610556
income_band: 5.122274160385132e-07, 0.0003478788820269957, 2.6919106602621716
item: 0.03489831369370222, 0.005313233497778903, 54.232732810682215
promotion: 7.638614624738693e-05, 0.000458069415358845, 8.913649394910069
reason: 1.4491379261016846e-06, 0.0003583096582617226, 3.079224634600587
store: 9.930133819580078e-05, 0.0004650642346446572, 36.33657169042238
store_returns: 20.850121902301908, 2.720714718108068, 17.569583430545443
store_sales: 174.69669486396015, 23.14022719449314, 54.27569441392828
warehouse: 2.907589077949524e-06, 0.00031938798658993775, 0.259752075851431
web_page: 7.394980639219284e-05, 0.0003502083312273956, 2.50347640509061
web_returns: 6.285572262480855, 0.8123973021528659, 12.849997706184235
web_sales: 67.01082486007363, 8.812045367040925, 33.95829111929944
web_site: 1.0454095900058746e-05, 0.00033023120778122355, 7.015929478148448
call_center: 9.615905582904816e-06, 0.0003980828074608593, 0.9323275509130958
catalog_page: 0.0017016949132084846, 0.0014783272164420865, 6.476166438016359
catalog_returns: 13.009788101539016, 1.6960316273184142, 14.328455258456517
catalog_sales: 132.3057429259643, 17.40459841689388, 30.96809178591847
customer: 0.8535048151388764, 0.11271846837368436, 18.634049679448136
customer_address: 0.2449320713058114, 0.033911180333145254, 17.638626731196794
customer_demographics: 0.011580578982830048, 0.0025391640003693218, 11.448066645716013
date_dim: 0.001992875710129738, 0.0007720604264558748, 76.20954316197515
household_demographics: 3.5176053643226624e-05, 0.0003424424365138947, 7.120137809627952
income_band: 5.122274160385132e-07, 0.0003478788817736763, 2.6919106602624248
item: 0.03489831369370222, 0.005313216239000705, 53.972661364102976
promotion: 7.638614624738693e-05, 0.0004580693775824766, 8.913649394947845
reason: 1.4491379261016846e-06, 0.000358309657545059, 3.0792246346013035
store: 9.930133819580078e-05, 0.0004650641855357007, 36.336571690471494
store_returns: 20.850121902301908, 2.720704406789519, 17.56959374186399
store_sales: 174.69669486396015, 23.14014079915796, 54.27578080926345
web_page: 7.394980639219284e-05, 0.0003502082946559063, 2.5034764051271816
web_returns: 6.285572262480855, 0.8123941936560346, 12.850000814681065
web_sales: 67.01082486007363, 8.812012227188573, 33.95832425915179
web_site: 1.0454095900058746e-05, 0.00033023120261120516, 7.015929478153618
Function: 62.863442761732394, 5.284296046982208, 2.435479164123535, 50.234922629482575, 4.751739788950682, 0.12092255018702393, 0.036082582006371024
hiya: 0b111100111011101111111111, 62.863442761732394
call_center: 9.615905582904816e-06, 0.0003980828074608593, 0.9323275509130958
catalog_page: 0.0017016949132084846, 0.0014783272164420865, 6.476166438016359
catalog_returns: 13.009788101539016, 1.6960316273184142, 14.328455258456517
catalog_sales: 132.3057429259643, 17.40459841689388, 30.96809178591847
customer: 0.8535048151388764, 0.11271846837368436, 18.634049679448136
customer_address: 0.2449320713058114, 0.033911180333145254, 17.638626731196794
customer_demographics: 0.011580578982830048, 0.0025391640003693218, 11.448066645716013
date_dim: 0.001992875710129738, 0.0007720604264558748, 76.20954316197515
household_demographics: 3.5176053643226624e-05, 0.0003424424365138947, 7.120137809627952
income_band: 5.122274160385132e-07, 0.0003478788817736763, 2.6919106602624248
item: 0.03489831369370222, 0.005313216239000705, 53.972661364102976
promotion: 7.638614624738693e-05, 0.0004580693775824766, 8.913649394947845
reason: 1.4491379261016846e-06, 0.000358309657545059, 3.0792246346013035
store: 9.930133819580078e-05, 0.0004650641855357007, 36.336571690471494
store_returns: 20.850121902301908, 2.720704406789519, 17.56959374186399
store_sales: 174.69669486396015, 23.14014079915796, 54.27578080926345
web_page: 7.394980639219284e-05, 0.0003502082946559063, 2.5034764051271816
web_returns: 6.285572262480855, 0.8123941936560346, 12.850000814681065
web_sales: 67.01082486007363, 8.812012227188573, 33.95832425915179
web_site: 1.0454095900058746e-05, 0.00033023120261120516, 7.015929478153618
catalog_page: 0.0017016949132084846, 0.0014783177095056316, 6.476166447523296
catalog_returns: 13.009788101539016, 1.695958944942852, 13.943435630754731
catalog_sales: 132.3057429259643, 17.40385925837559, 30.05789482989865
customer: 0.8535048151388764, 0.11271370005947096, 18.612264928579908
customer_address: 0.2449320713058114, 0.03390981195998999, 17.2535357894926
customer_demographics: 0.011580578982830048, 0.002539099302621419, 11.426277191231318
date_dim: 0.001992875710129738, 0.0007720492927664034, 75.27681753938829
household_demographics: 3.5176053643226624e-05, 0.0003424422399942341, 7.098348290642029
income_band: 5.122274160385132e-07, 0.00034787887891199205, 2.6919106602652865
item: 0.03489831369370222, 0.005313021271002565, 53.42502823542777
promotion: 7.638614624738693e-05, 0.00045806895083251527, 8.913649395374595
reason: 1.4491379261016846e-06, 0.0003583096494490942, 3.0792246346093997
store: 9.930133819580078e-05, 0.00046506363076439307, 36.336571691026265
store_returns: 20.850121902301908, 2.7205879224641176, 17.569710226189393
store_sales: 174.69669486396015, 23.139164813178294, 54.27675679524312
web_page: 7.394980639219284e-05, 0.00035020788151715577, 2.5034764055403205
web_returns: 6.285572262480855, 0.8123590777632747, 12.850035930573826
web_sales: 67.01082486007363, 8.81163785476212, 33.958698631578244
web_site: 1.0454095900058746e-05, 0.0003302311442068316, 7.015929478212022
Function: 63.79345008525784, 5.092115140785774, 3.5603857040405273, 50.234921466358664, 4.751352863682508, 0.11860232921480608, 0.036072581175556784
hiya: 0b111100111011101111111110, 63.79345008525784
catalog_page: 0.0017016949132084846, 0.0014783177095056316, 6.476166447523296
catalog_returns: 13.009788101539016, 1.695958944942852, 13.943435630754731
catalog_sales: 132.3057429259643, 17.40385925837559, 30.05789482989865
customer: 0.8535048151388764, 0.11271370005947096, 18.612264928579908
customer_address: 0.2449320713058114, 0.03390981195998999, 17.2535357894926
customer_demographics: 0.011580578982830048, 0.002539099302621419, 11.426277191231318
date_dim: 0.001992875710129738, 0.0007720492927664034, 75.27681753938829
household_demographics: 3.5176053643226624e-05, 0.0003424422399942341, 7.098348290642029
income_band: 5.122274160385132e-07, 0.00034787887891199205, 2.6919106602652865
item: 0.03489831369370222, 0.005313021271002565, 53.42502823542777
promotion: 7.638614624738693e-05, 0.00045806895083251527, 8.913649395374595
reason: 1.4491379261016846e-06, 0.0003583096494490942, 3.0792246346093997
store: 9.930133819580078e-05, 0.00046506363076439307, 36.336571691026265
store_returns: 20.850121902301908, 2.7205879224641176, 17.569710226189393
store_sales: 174.69669486396015, 23.139164813178294, 54.27675679524312
web_page: 7.394980639219284e-05, 0.00035020788151715577, 2.5034764055403205
web_returns: 6.285572262480855, 0.8123590777632747, 12.850035930573826
web_sales: 67.01082486007363, 8.81163785476212, 33.958698631578244
web_site: 1.0454095900058746e-05, 0.0003302311442068316, 7.015929478212022
catalog_page: 0.0017016949132084846, 0.0014783149540231455, 6.476166450278778
catalog_returns: 13.009788101539016, 1.6959378787440977, 11.615697732193578
catalog_sales: 132.3057429259643, 17.403645021290785, 27.730350102223554
customer: 0.8535048151388764, 0.11271231801527982, 18.612266310624097
customer_address: 0.2449320713058114, 0.03390941535186269, 17.077468537438794
customer_demographics: 0.011580578982830048, 0.002539080550680447, 11.250209561321327
date_dim: 0.001992875710129738, 0.0007720460657871877, 72.77299092919343
household_demographics: 3.5176053643226624e-05, 0.0003424421830351405, 7.098348290698988
income_band: 5.122274160385132e-07, 0.0003478788780825639, 2.691910660266116
item: 0.03489831369370222, 0.005312964761641558, 53.425028291937124
promotion: 7.638614624738693e-05, 0.0004580688271436645, 8.913649395498284
reason: 1.4491379261016846e-06, 0.00035830964710256653, 2.9031569859498148
store: 9.930133819580078e-05, 0.0004650634699699427, 34.00881272642715
store_returns: 20.850121902301908, 2.7205541607449706, 15.241985023148633
store_sales: 174.69669486396015, 23.138881934220773, 51.94928070944073
web_returns: 6.285572262480855, 0.8123488998023783, 10.346219495112885
web_sales: 67.01082486007363, 8.811529346972126, 31.4549805259464
web_site: 1.0454095900058746e-05, 0.00033023112727895696, 7.01592947822895
Function: 66.29625392996084, 5.036632748470306, 6.119694709777832, 50.23491252151333, 4.751021557285388, 0.11792981812768989, 0.03606257478629351
hiya: 0b111000111011101111111110, 66.29625392996084
catalog_page: 0.0017016949132084846, 0.0014783149540231455, 6.476166450278778
catalog_returns: 13.009788101539016, 1.6959378787440977, 11.615697732193578
catalog_sales: 132.3057429259643, 17.403645021290785, 27.730350102223554
customer: 0.8535048151388764, 0.11271231801527982, 18.612266310624097
customer_address: 0.2449320713058114, 0.03390941535186269, 17.077468537438794
customer_demographics: 0.011580578982830048, 0.002539080550680447, 11.250209561321327
date_dim: 0.001992875710129738, 0.0007720460657871877, 72.77299092919343
household_demographics: 3.5176053643226624e-05, 0.0003424421830351405, 7.098348290698988
income_band: 5.122274160385132e-07, 0.0003478788780825639, 2.691910660266116
item: 0.03489831369370222, 0.005312964761641558, 53.425028291937124
promotion: 7.638614624738693e-05, 0.0004580688271436645, 8.913649395498284
reason: 1.4491379261016846e-06, 0.00035830964710256653, 2.9031569859498148
store: 9.930133819580078e-05, 0.0004650634699699427, 34.00881272642715
store_returns: 20.850121902301908, 2.7205541607449706, 15.241985023148633
store_sales: 174.69669486396015, 23.138881934220773, 51.94928070944073
web_returns: 6.285572262480855, 0.8123488998023783, 10.346219495112885
web_sales: 67.01082486007363, 8.811529346972126, 31.4549805259464
web_site: 1.0454095900058746e-05, 0.00033023112727895696, 7.01592947822895
catalog_page: 0.0017016949132084846, 0.0014783070700329335, 6.476166458162768
catalog_returns: 13.009788101539016, 1.69587760410776, 8.936677905389168
catalog_sales: 132.3057429259643, 17.403032045854285, 25.051882976219307
customer: 0.8535048151388764, 0.11270836370857294, 15.92001172578661
customer_address: 0.2449320713058114, 0.033908280576153034, 14.385211133070307
customer_demographics: 0.011580578982830048, 0.0025390268976016018, 8.557951075830209
date_dim: 0.001992875710129738, 0.0007720368327498964, 70.09391083698571
household_demographics: 3.5176053643226624e-05, 0.00034244202006370513, 4.406089751717761
item: 0.03489831369370222, 0.005312803076981495, 50.74594835218104
promotion: 7.638614624738693e-05, 0.0004580684732449576, 6.234569294411434
reason: 1.4491379261016846e-06, 0.0003583096403886784, 2.9031569859565285
store: 9.930133819580078e-05, 0.00046506300990464415, 31.32973262544647
store_returns: 20.850121902301908, 2.7204575616685327, 12.549823083080874
store_sales: 174.69669486396015, 23.138072560565323, 49.27100998165544
web_returns: 6.285572262480855, 0.8123197786069107, 10.346248616308353
web_sales: 67.01082486007363, 8.81121888433679, 31.455290988581737
web_site: 1.0454095900058746e-05, 0.0003302310788448992, 7.015929478277384
Function: 68.98624046053129, 4.877276335527102, 8.971309661865234, 50.23491245955516, 4.750683740064304, 0.11600568877744939, 0.03605257474203706
hiya: 0b111000111011100111111110, 68.98624046053129
catalog_page: 0.0017016949132084846, 0.0014783070700329335, 6.476166458162768
catalog_returns: 13.009788101539016, 1.69587760410776, 8.936677905389168
catalog_sales: 132.3057429259643, 17.403032045854285, 25.051882976219307
customer: 0.8535048151388764, 0.11270836370857294, 15.92001172578661
customer_address: 0.2449320713058114, 0.033908280576153034, 14.385211133070307
customer_demographics: 0.011580578982830048, 0.0025390268976016018, 8.557951075830209
date_dim: 0.001992875710129738, 0.0007720368327498964, 70.09391083698571
household_demographics: 3.5176053643226624e-05, 0.00034244202006370513, 4.406089751717761
item: 0.03489831369370222, 0.005312803076981495, 50.74594835218104
promotion: 7.638614624738693e-05, 0.0004580684732449576, 6.234569294411434
reason: 1.4491379261016846e-06, 0.0003583096403886784, 2.9031569859565285
store: 9.930133819580078e-05, 0.00046506300990464415, 31.32973262544647
store_returns: 20.850121902301908, 2.7204575616685327, 12.549823083080874
store_sales: 174.69669486396015, 23.138072560565323, 49.27100998165544
web_returns: 6.285572262480855, 0.8123197786069107, 10.346248616308353
web_sales: 67.01082486007363, 8.81121888433679, 31.455290988581737
web_site: 1.0454095900058746e-05, 0.0003302310788448992, 7.015929478277384
catalog_page: 0.0017016949132084846, 0.0014782997038504159, 6.476166465528951
catalog_returns: 13.009788101539016, 1.6958212882118089, 8.93673422128512
catalog_sales: 132.3057429259643, 17.402459329650597, 25.052455692422996
customer: 0.8535048151388764, 0.11270466911431916, 15.920015420380864
customer_address: 0.2449320713058114, 0.03390722033067209, 14.385212193315787
customer_demographics: 0.011580578982830048, 0.002538976768369983, 8.55795112595944
date_dim: 0.001992875710129738, 0.0007720282061235241, 70.09391084561234
household_demographics: 3.5176053643226624e-05, 0.0003424418677959694, 4.406089751870029
item: 0.03489831369370222, 0.005312652011507752, 50.74594850324652
promotion: 7.638614624738693e-05, 0.00045806814258974395, 6.23456929474209
store: 9.930133819580078e-05, 0.0004650625800556884, 31.32973262587632
store_returns: 20.850121902301908, 2.720367307062812, 12.021296428252592
store_sales: 174.69669486396015, 23.13731634525927, 46.368250901364576
web_returns: 6.285572262480855, 0.8122925700443452, 10.346275824870919
web_sales: 67.01082486007363, 8.81092881238397, 31.455581060534556
web_site: 1.0454095900058746e-05, 0.0003302310335919118, 7.0159294783226365
Function: 71.88759968958696, 4.7284186986899375, 12.023682594299316, 50.234912284269846, 4.750335604850451, 0.11420793286059211, 0.036042574616831545
hiya: 0b111000111001100111111110, 71.88759968958696
catalog_page: 0.0017016949132084846, 0.0014782997038504159, 6.476166465528951
catalog_returns: 13.009788101539016, 1.6958212882118089, 8.93673422128512
catalog_sales: 132.3057429259643, 17.402459329650597, 25.052455692422996
customer: 0.8535048151388764, 0.11270466911431916, 15.920015420380864
customer_address: 0.2449320713058114, 0.03390722033067209, 14.385212193315787
customer_demographics: 0.011580578982830048, 0.002538976768369983, 8.55795112595944
date_dim: 0.001992875710129738, 0.0007720282061235241, 70.09391084561234
household_demographics: 3.5176053643226624e-05, 0.0003424418677959694, 4.406089751870029
item: 0.03489831369370222, 0.005312652011507752, 50.74594850324652
promotion: 7.638614624738693e-05, 0.00045806814258974395, 6.23456929474209
store: 9.930133819580078e-05, 0.0004650625800556884, 31.32973262587632
store_returns: 20.850121902301908, 2.720367307062812, 12.021296428252592
store_sales: 174.69669486396015, 23.13731634525927, 46.368250901364576
web_returns: 6.285572262480855, 0.8122925700443452, 10.346275824870919
web_sales: 67.01082486007363, 8.81092881238397, 31.455581060534556
web_site: 1.0454095900058746e-05, 0.0003302310335919118, 7.0159294783226365
catalog_page: 0.0017016949132084846, 0.0014782932236839397, 6.476166472009117
catalog_returns: 13.009788101539016, 1.6957717460805697, 8.936783763416358
catalog_sales: 132.3057429259643, 17.401955500654417, 25.052959521419176
customer: 0.8535048151388764, 0.11270141891168443, 12.464339935542274
customer_address: 0.2449320713058114, 0.03390628761318841, 11.7636754287713
customer_demographics: 0.011580578982830048, 0.0025389326687613413, 7.607197711362446
date_dim: 0.001992875710129738, 0.0007720206171213664, 65.68747865946352
item: 0.03489831369370222, 0.005312519116427253, 50.74594863614159
promotion: 7.638614624738693e-05, 0.00045806785170626047, 6.234569295032973
store: 9.930133819580078e-05, 0.00046506220190964246, 26.92330043251664
store_returns: 20.850121902301908, 2.7202879084232974, 12.021375826892108
store_sales: 174.69669486396015, 23.136651088721926, 41.9624839641641
web_returns: 6.285572262480855, 0.8122686341705623, 10.346299760744701
web_sales: 67.01082486007363, 8.810673630742752, 31.455836242175774
web_site: 1.0454095900058746e-05, 0.00033023099378202503, 7.015929478362446
Function: 76.29210788923453, 4.597487840059598, 16.56104564666748, 50.23490802943303, 4.750007396821578, 0.11262640467522164, 0.036032571577620506
hiya: 0b111000111001100011111110, 76.29210788923453
catalog_page: 0.0017016949132084846, 0.0014782932236839397, 6.476166472009117
catalog_returns: 13.009788101539016, 1.6957717460805697, 8.936783763416358
catalog_sales: 132.3057429259643, 17.401955500654417, 25.052959521419176
customer: 0.8535048151388764, 0.11270141891168443, 12.464339935542274
customer_address: 0.2449320713058114, 0.03390628761318841, 11.7636754287713
customer_demographics: 0.011580578982830048, 0.0025389326687613413, 7.607197711362446
date_dim: 0.001992875710129738, 0.0007720206171213664, 65.68747865946352
item: 0.03489831369370222, 0.005312519116427253, 50.74594863614159
promotion: 7.638614624738693e-05, 0.00045806785170626047, 6.234569295032973
store: 9.930133819580078e-05, 0.00046506220190964246, 26.92330043251664
store_returns: 20.850121902301908, 2.7202879084232974, 12.021375826892108
store_sales: 174.69669486396015, 23.136651088721926, 41.9624839641641
web_returns: 6.285572262480855, 0.8122686341705623, 10.346299760744701
web_sales: 67.01082486007363, 8.810673630742752, 31.455836242175774
web_site: 1.0454095900058746e-05, 0.00033023099378202503, 7.015929478362446
catalog_page: 0.0017016949132084846, 0.0014782885655978096, 2.558525732378044
catalog_returns: 13.009788101539016, 1.6957361341074475, 5.019178631100319
catalog_sales: 132.3057429259643, 17.401593337295242, 20.72428689311327
customer: 0.8535048151388764, 0.11269908259457463, 11.355260215723254
customer_address: 0.2449320713058114, 0.03390561715535527, 10.654594043093002
customer_demographics: 0.011580578982830048, 0.0025389009689931164, 6.398893180602824
date_dim: 0.001992875710129738, 0.0007720151619797706, 59.45245130203401
item: 0.03489831369370222, 0.005312423588521681, 44.51092136878482
store: 9.930133819580078e-05, 0.0004650619300899511, 21.896577632363172
store_returns: 20.850121902301908, 2.720230834935629, 8.103792156090615
store_sales: 174.69669486396015, 23.136172887697168, 36.1393288496801
web_returns: 6.285572262480855, 0.812251428538255, 6.428676222087848
web_sales: 67.01082486007363, 8.810490200568855, 27.53837892806051
web_site: 1.0454095900058746e-05, 0.0003302309651658032, 3.098288734101903
Function: 82.52554028099689, 4.503574811403751, 22.889986038208008, 50.234898789892085, 4.749568522622188, 0.11148955389301252, 0.03602256497785747
hiya: 0b111000111000100011111110, 82.52554028099689
catalog_page: 0.0017016949132084846, 0.0014782885655978096, 2.558525732378044
catalog_returns: 13.009788101539016, 1.6957361341074475, 5.019178631100319
catalog_sales: 132.3057429259643, 17.401593337295242, 20.72428689311327
customer: 0.8535048151388764, 0.11269908259457463, 11.355260215723254
customer_address: 0.2449320713058114, 0.03390561715535527, 10.654594043093002
customer_demographics: 0.011580578982830048, 0.0025389009689931164, 6.398893180602824
date_dim: 0.001992875710129738, 0.0007720151619797706, 59.45245130203401
item: 0.03489831369370222, 0.005312423588521681, 44.51092136878482
store: 9.930133819580078e-05, 0.0004650619300899511, 21.896577632363172
store_returns: 20.850121902301908, 2.720230834935629, 8.103792156090615
store_sales: 174.69669486396015, 23.136172887697168, 36.1393288496801
web_returns: 6.285572262480855, 0.812251428538255, 6.428676222087848
web_sales: 67.01082486007363, 8.810490200568855, 27.53837892806051
web_site: 1.0454095900058746e-05, 0.0003302309651658032, 3.098288734101903
catalog_returns: 13.009788101539016, 1.695721125490039, 2.459189618774087
catalog_sales: 132.3057429259643, 17.401440704042415, 18.164435505422453
customer: 0.8535048151388764, 0.11269809795692129, 11.355261200360907
customer_address: 0.2449320713058114, 0.03390533459181768, 10.65459432565654
customer_demographics: 0.011580578982830048, 0.0025388876091691154, 6.398893193962649
date_dim: 0.001992875710129738, 0.0007720128629177995, 56.892447283389416
item: 0.03489831369370222, 0.005312383328416417, 44.510921409044926
store: 9.930133819580078e-05, 0.0004650618155319136, 19.336573611534085
store_returns: 20.850121902301908, 2.720206781392242, 5.543812188690357
store_sales: 174.69669486396015, 23.135971350528745, 33.57952636590487
web_returns: 6.285572262480855, 0.8122441772480308, 3.868679452434431
web_sales: 67.01082486007363, 8.810412894172725, 24.978452213513
web_site: 1.0454095900058746e-05, 0.0003302309531055356, 0.5382847131703214
Function: 85.08358526906879, 4.465073812205791, 25.48849105834961, 50.234692955711544, 4.748305041293701, 0.1110099835567262, 0.03601241795141697
hiya: 0b111000111000100011111100, 85.08358526906879
catalog_returns: 13.009788101539016, 1.695721125490039, 2.459189618774087
catalog_sales: 132.3057429259643, 17.401440704042415, 18.164435505422453
customer: 0.8535048151388764, 0.11269809795692129, 11.355261200360907
customer_address: 0.2449320713058114, 0.03390533459181768, 10.65459432565654
customer_demographics: 0.011580578982830048, 0.0025388876091691154, 6.398893193962649
date_dim: 0.001992875710129738, 0.0007720128629177995, 56.892447283389416
item: 0.03489831369370222, 0.005312383328416417, 44.510921409044926
store: 9.930133819580078e-05, 0.0004650618155319136, 19.336573611534085
store_returns: 20.850121902301908, 2.720206781392242, 5.543812188690357
store_sales: 174.69669486396015, 23.135971350528745, 33.57952636590487
web_returns: 6.285572262480855, 0.8122441772480308, 3.868679452434431
web_sales: 67.01082486007363, 8.810412894172725, 24.978452213513
web_site: 1.0454095900058746e-05, 0.0003302309531055356, 0.5382847131703214
catalog_returns: 13.009788101539016, 1.6956947190836216, 2.4592160251805044
catalog_sales: 132.3057429259643, 17.401172158606332, 18.164704050858536
customer: 0.8535048151388764, 0.11269636556936417, 11.355262932748463
customer_address: 0.2449320713058114, 0.03390483744491805, 10.115979878680013
customer_demographics: 0.011580578982830048, 0.002538864103676729, 6.3988932174681405
date_dim: 0.001992875710129738, 0.0007720088179106456, 56.35383234331099
item: 0.03489831369370222, 0.005312312494130149, 44.51092147987921
store: 9.930133819580078e-05, 0.0004650616139766328, 19.33657361173564
store_returns: 20.850121902301908, 2.7201644611954405, 5.543854508887159
store_sales: 174.69669486396015, 23.13561676274543, 33.57988095368819
web_returns: 6.285572262480855, 0.812231419209665, 3.3300772663493694
web_sales: 67.01082486007363, 8.810276880037689, 24.43997328352461
Function: 85.62102701210378, 4.395430508953729, 26.096749305725098, 50.234691691201526, 4.747986068529686, 0.11016702064555949, 0.036002417048183084
hiya: 0b11000111000100011111100, 85.62102701210378
catalog_returns: 13.009788101539016, 1.6956947190836216, 2.4592160251805044
catalog_sales: 132.3057429259643, 17.401172158606332, 18.164704050858536
customer: 0.8535048151388764, 0.11269636556936417, 11.355262932748463
customer_address: 0.2449320713058114, 0.03390483744491805, 10.115979878680013
customer_demographics: 0.011580578982830048, 0.002538864103676729, 6.3988932174681405
date_dim: 0.001992875710129738, 0.0007720088179106456, 56.35383234331099
item: 0.03489831369370222, 0.005312312494130149, 44.51092147987921
store: 9.930133819580078e-05, 0.0004650616139766328, 19.33657361173564
store_returns: 20.850121902301908, 2.7201644611954405, 5.543854508887159
store_sales: 174.69669486396015, 23.13561676274543, 33.57988095368819
web_returns: 6.285572262480855, 0.812231419209665, 3.3300772663493694
web_sales: 67.01082486007363, 8.810276880037689, 24.43997328352461
catalog_sales: 132.3057429259643, 17.39935560796629, 14.085720293920332
customer: 0.8535048151388764, 0.11268464699476619, 11.328700952339869
customer_address: 0.2449320713058114, 0.0339014745409272, 10.089409542600812
customer_demographics: 0.011580578982830048, 0.0025387051029584075, 6.398893376468859
date_dim: 0.001992875710129738, 0.0007719814558357522, 52.19892162640895
item: 0.03489831369370222, 0.0053118333421850045, 42.58267533254121
store: 9.930133819580078e-05, 0.00046506025057467103, 19.33657361309904
store_returns: 20.850121902301908, 2.7198781901580014, 1.4158037346436658
store_sales: 174.69669486396015, 23.13321818664548, 29.501479222209895
web_returns: 6.285572262480855, 0.8121451186450491, -0.7981734783669482
web_sales: 67.01082486007363, 8.809356825064283, 20.360093030919764
catalog_sales: 132.3057429259643, 17.399088072982927, 14.085987828903693
customer: 0.8535048151388764, 0.11268292112564314, 11.314731037930892
customer_address: 0.2449320713058114, 0.0339009792646363, 10.075438397599001
customer_demographics: 0.011580578982830048, 0.0025386816859098577, 6.398893399885908
date_dim: 0.001992875710129738, 0.0007719774260486987, 52.18494999016064
item: 0.03489831369370222, 0.005311762774426063, 42.582675403108965
store: 9.930133819580078e-05, 0.0004650600497777799, 19.33657361329984
store_returns: 20.850121902301908, 2.719836029198901, 1.4158458956027662
store_sales: 174.69669486396015, 23.132864933065395, 29.50183247578998
web_sales: 67.01082486007363, 8.809221322708016, 20.360228533276032
Function: 87.25725389899002, 4.038155514345567, 30.62290668487549, 47.90075706050363, 4.562308720499277, 0.09881062085333522, 0.03431529791273177
hiya: 0b10000111000100011111000, 87.25725389899002
catalog_sales: 132.3057429259643, 17.399088072982927, 14.085987828903693
customer: 0.8535048151388764, 0.11268292112564314, 11.314731037930892
customer_address: 0.2449320713058114, 0.0339009792646363, 10.075438397599001
customer_demographics: 0.011580578982830048, 0.0025386816859098577, 6.398893399885908
date_dim: 0.001992875710129738, 0.0007719774260486987, 52.18494999016064
item: 0.03489831369370222, 0.005311762774426063, 42.582675403108965
store: 9.930133819580078e-05, 0.0004650600497777799, 19.33657361329984
store_returns: 20.850121902301908, 2.719836029198901, 1.4158458956027662
store_sales: 174.69669486396015, 23.132864933065395, 29.50183247578998
web_sales: 67.01082486007363, 8.809221322708016, 20.360228533276032
catalog_sales: 132.3057429259643, 17.397604917012988, 11.502590535589714
customer: 0.8535048151388764, 0.11267335328124009, 10.301034981562873
customer_address: 0.2449320713058114, 0.033898233560211426, 9.126163393157832
customer_demographics: 0.011580578982830048, 0.002538551866867434, 6.39889352970495
date_dim: 0.001992875710129738, 0.0007719550857825737, 48.99854583784482
item: 0.03489831369370222, 0.005311371562063311, 39.048517594891806
store: 9.930133819580078e-05, 0.0004650589366033302, 15.200891689611344
store_sales: 174.69669486396015, 23.130906571771426, 25.432536786349097
web_sales: 67.01082486007363, 8.80847012700975, 20.3609797289743
Function: 88.64891285677389, 3.8625667253410825, 34.93417739868164, 45.378761065404355, 4.351501192896366, 0.08940262707008025, 0.03250384738037288
hiya: 0b10000101000100011111000, 88.64891285677389
catalog_sales: 132.3057429259643, 17.397604917012988, 11.502590535589714
customer: 0.8535048151388764, 0.11267335328124009, 10.301034981562873
customer_address: 0.2449320713058114, 0.033898233560211426, 9.126163393157832
customer_demographics: 0.011580578982830048, 0.002538551866867434, 6.39889352970495
date_dim: 0.001992875710129738, 0.0007719550857825737, 48.99854583784482
item: 0.03489831369370222, 0.005311371562063311, 39.048517594891806
store: 9.930133819580078e-05, 0.0004650589366033302, 15.200891689611344
store_sales: 174.69669486396015, 23.130906571771426, 25.432536786349097
web_sales: 67.01082486007363, 8.80847012700975, 20.3609797289743
catalog_sales: 132.3057429259643, 17.3969980157125, 8.163831119227009
customer: 0.8535048151388764, 0.11266943815880606, 6.961672579022114
customer_address: 0.2449320713058114, 0.033897110029294936, 5.115979497971699
date_dim: 0.001992875710129738, 0.0007719459442378951, 42.59711376541455
item: 0.03489831369370222, 0.005311211479579383, 34.32689526403022
store: 9.930133819580078e-05, 0.0004650584810969405, 12.13882592615823
store_sales: 174.69669486396015, 23.130105218413973, 21.362281486224028
web_sales: 67.01082486007363, 8.808162740830928, 19.35229622557923
Function: 95.04607443925434, 3.705590069730283, 41.49258613586426, 45.377360297871554, 4.350366070781152, 0.08767901818874636, 0.03249284681834876
hiya: 0b10000101000100010111000, 95.04607443925434
catalog_sales: 132.3057429259643, 17.3969980157125, 8.163831119227009
customer: 0.8535048151388764, 0.11266943815880606, 6.961672579022114
customer_address: 0.2449320713058114, 0.033897110029294936, 5.115979497971699
date_dim: 0.001992875710129738, 0.0007719459442378951, 42.59711376541455
item: 0.03489831369370222, 0.005311211479579383, 34.32689526403022
store: 9.930133819580078e-05, 0.0004650584810969405, 12.13882592615823
store_sales: 174.69669486396015, 23.130105218413973, 21.362281486224028
web_sales: 67.01082486007363, 8.808162740830928, 19.35229622557923
catalog_sales: 132.3057429259643, 17.396730390445814, 5.342749094453627
customer: 0.8535048151388764, 0.11266771170726499, 5.085213135923634
date_dim: 0.001992875710129738, 0.0007719419130909351, 37.4472371614447
item: 0.03489831369370222, 0.00531114088800639, 30.75558374567402
store: 9.930133819580078e-05, 0.00046505828023228775, 10.80815643793503
store_sales: 174.69669486396015, 23.129751845623662, 16.458401897220195
web_sales: 67.01082486007363, 8.808027192747547, 15.453258850638909
Function: 100.16106086324221, 3.640284373348952, 46.70776844024658, 45.347733722746526, 4.345949216484229, 0.08686342572853045, 0.03246168468738794
hiya: 0b10000101000100010011000, 100.16106086324221
catalog_sales: 132.3057429259643, 17.396730390445814, 5.342749094453627
customer: 0.8535048151388764, 0.11266771170726499, 5.085213135923634
date_dim: 0.001992875710129738, 0.0007719419130909351, 37.4472371614447
item: 0.03489831369370222, 0.00531114088800639, 30.75558374567402
store: 9.930133819580078e-05, 0.00046505828023228775, 10.80815643793503
store_sales: 174.69669486396015, 23.129751845623662, 16.458401897220195
web_sales: 67.01082486007363, 8.808027192747547, 15.453258850638909
catalog_sales: 132.3057429259643, 17.39019521850641, 1.78813586504603
date_dim: 0.001992875710129738, 0.00077184347605312, 32.24935641225084
item: 0.03489831369370222, 0.005309417104326711, 29.751931132171546
store: 9.930133819580078e-05, 0.0004650533752954001, 10.808156442839968
store_sales: 174.69669486396015, 23.121122795115852, 11.269150100097114
web_sales: 67.01082486007363, 8.804717228625226, 10.258687967130335
Function: 105.22698004335615, 1.9476870868245761, 53.598246574401855, 45.24449520281535, 4.335983578434388, 0.06818965900860598, 0.03237794187135994
hiya: 0b10000101000100010001000, 105.22698004335615
catalog_sales: 132.3057429259643, 17.39019521850641, 1.78813586504603
date_dim: 0.001992875710129738, 0.00077184347605312, 32.24935641225084
item: 0.03489831369370222, 0.005309417104326711, 29.751931132171546
store: 9.930133819580078e-05, 0.0004650533752954001, 10.808156442839968
store_sales: 174.69669486396015, 23.121122795115852, 11.269150100097114
web_sales: 67.01082486007363, 8.804717228625226, 10.258687967130335
date_dim: 0.001992875710129738, 0.0007717363963889347, 13.071025435778063
item: 0.03489831369370222, 0.00530754197498876, 11.273268481134764
store: 9.930133819580078e-05, 0.0004650480397123062, 10.80815644817555
store_sales: 174.69669486396015, 23.111736126732456, -7.1369172239601895
web_sales: 67.01082486007363, 8.801116654547112, -8.048165408899841
date_dim: 0.001992875710129738, 0.0007714802927617135, -0.0007714802927617135
date_dim had no query dependencies
item: 0.03489831369370222, 0.005303057207235592, -0.005303057207235592
item had no query dependencies
store: 9.930133819580078e-05, 0.0004650352785387064, -0.0004650352785387064
store had no query dependencies
Function: 91.1452054977417, 0, 91.1452054977417, 0.0, 0, 0.0, 0
hiya: 0b0, 91.1452054977417
{61.45361472983004: [0, 1, 2, 3, 4, 5, 6, 7, 8, 9, 10, 11, 12, 13, 14, 15, 16, 17, 19, 20, 21, 22, 23], 61.83548128305087: [0, 1, 2, 3, 4, 5, 6, 7, 8, 9, 10, 11, 12, 13, 15, 16, 17, 19, 20, 21, 22, 23], 62.603896076895836: [0, 1, 2, 3, 4, 5, 6, 7, 8, 9, 11, 12, 13, 15, 16, 17, 19, 20, 21, 22, 23], 62.863442761732394: [0, 1, 2, 3, 4, 5, 6, 7, 8, 9, 11, 12, 13, 15, 16, 17, 20, 21, 22, 23], 63.79345008525784: [1, 2, 3, 4, 5, 6, 7, 8, 9, 11, 12, 13, 15, 16, 17, 20, 21, 22, 23], 66.29625392996084: [1, 2, 3, 4, 5, 6, 7, 8, 9, 11, 12, 13, 15, 16, 17, 21, 22, 23], 68.98624046053129: [1, 2, 3, 4, 5, 6, 7, 8, 11, 12, 13, 15, 16, 17, 21, 22, 23], 71.88759968958696: [1, 2, 3, 4, 5, 6, 7, 8, 11, 12, 15, 16, 17, 21, 22, 23], 76.29210788923453: [1, 2, 3, 4, 5, 6, 7, 11, 12, 15, 16, 17, 21, 22, 23], 82.52554028099689: [1, 2, 3, 4, 5, 6, 7, 11, 15, 16, 17, 21, 22, 23], 85.08358526906879: [2, 3, 4, 5, 6, 7, 11, 15, 16, 17, 21, 22, 23], 85.62102701210378: [2, 3, 4, 5, 6, 7, 11, 15, 16, 17, 21, 22], 87.25725389899002: [3, 4, 5, 6, 7, 11, 15, 16, 17, 22], 88.64891285677389: [3, 4, 5, 6, 7, 11, 15, 17, 22], 95.04607443925434: [3, 4, 5, 7, 11, 15, 17, 22], 100.16106086324221: [3, 4, 7, 11, 15, 17, 22], 105.22698004335615: [3, 7, 11, 15, 17, 22], 91.1452054977417: []}
[0, 1, 2, 3, 4, 5, 6, 7, 8, 9, 10, 11, 12, 13, 14, 15, 16, 17, 19, 20, 21, 22, 23]
{'19': 166064, '75': 6490252, '02': 4194440, '18': 2296, '03': 133248, '13': 164320, '97': 131208, '26': 6344, '45': 4196528, '34': 164240, '11': 4325520, '78': 6488204, '43': 163968, '15': 184, '72': 531916, '05': 14909582, '42': 133248, '83': 2164868, '10': 4325624, '36': 166016, '38': 4325528, '01': 98448, '63': 166016, '30': 2097328, '22': 527488, '09': 139264, '80': 14915726, '85': 7348448, '23': 4327576, '79': 164240, '07': 137408, '58': 4327560, '53': 166016, '65': 166016, '61': 170160, '17': 231560, '24': 231472, '44': 133120, '91': 501, '56': 4327592, '92': 4196480, '52': 133248, '70': 163968, '50': 229504, '86': 4196480, '31': 4325536, '84': 66416, '25': 231560, '16': 173, '27': 166080, '33': 4327592, '51': 4325504, '73': 164240, '54': 4360376, '29': 231560, '98': 133248, '69': 4325624, '74': 4325520, '55': 133248, '99': 540809, '12': 4196480, '21': 527488, '82': 134272, '68': 164272, '89': 166016, '93': 204800, '47': 166016, '62': 13123712, '06': 133296, '87': 4325528, '04': 4325528, '37': 3208, '46': 164272, '39': 527488, '57': 2185, '60': 4327592, '76': 4327560, '81': 180, '28': 131072, '20': 2184, '32': 2184, '35': 4325624, '64': 236540, '59': 163968, '49': 6488204, '95': 14680224, '40': 526476, '77': 7569548, '48': 164064, '08': 164016, '14': 4327560, '67': 166016, '94': 14680224}
Best Cost: $61.45361472983004;
[0, 1, 2, 3, 4, 5, 6, 7, 8, 9, 10, 11, 12, 13, 14, 15, 16, 17, 19, 20, 21, 22, 23]
{}
{'19': 166064, '75': 6490252, '02': 4194440, '18': 2296, '03': 133248, '13': 164320, '97': 131208, '26': 6344, '45': 4196528, '34': 164240, '11': 4325520, '78': 6488204, '43': 163968, '15': 184, '72': 531916, '05': 14909582, '42': 133248, '83': 2164868, '10': 4325624, '36': 166016, '38': 4325528, '01': 98448, '63': 166016, '30': 2097328, '22': 527488, '09': 139264, '80': 14915726, '85': 7348448, '23': 4327576, '79': 164240, '07': 137408, '58': 4327560, '53': 166016, '65': 166016, '61': 170160, '17': 231560, '24': 231472, '44': 133120, '91': 501, '56': 4327592, '92': 4196480, '52': 133248, '70': 163968, '50': 229504, '86': 4196480, '31': 4325536, '84': 66416, '25': 231560, '16': 173, '27': 166080, '33': 4327592, '51': 4325504, '73': 164240, '54': 4360376, '29': 231560, '98': 133248, '69': 4325624, '74': 4325520, '55': 133248, '99': 540809, '12': 4196480, '21': 527488, '82': 134272, '68': 164272, '89': 166016, '93': 204800, '47': 166016, '62': 13123712, '06': 133296, '87': 4325528, '04': 4325528, '37': 3208, '46': 164272, '39': 527488, '57': 2185, '60': 4327592, '76': 4327560, '81': 180, '28': 131072, '20': 2184, '32': 2184, '35': 4325624, '64': 236540, '59': 163968, '49': 6488204, '95': 14680224, '40': 526476, '77': 7569548, '48': 164064, '08': 164016, '14': 4327560, '67': 166016, '94': 14680224}
{'19': 166064, '75': 6490252, '02': 4194440, '18': 2296, '03': 133248, '13': 164320, '97': 131208, '26': 6344, '45': 4196528, '34': 164240, '11': 4325520, '78': 6488204, '43': 163968, '15': 184, '72': 531916, '05': 14909582, '42': 133248, '83': 2164868, '10': 4325624, '36': 166016, '38': 4325528, '01': 98448, '63': 166016, '30': 2097328, '22': 527488, '09': 139264, '80': 14915726, '85': 7348448, '23': 4327576, '79': 164240, '07': 137408, '58': 4327560, '53': 166016, '65': 166016, '61': 170160, '17': 231560, '24': 231472, '44': 133120, '91': 501, '56': 4327592, '92': 4196480, '52': 133248, '70': 163968, '50': 229504, '86': 4196480, '31': 4325536, '84': 66416, '25': 231560, '16': 173, '27': 166080, '33': 4327592, '51': 4325504, '73': 164240, '54': 4360376, '29': 231560, '98': 133248, '69': 4325624, '74': 4325520, '55': 133248, '99': 540809, '12': 4196480, '21': 527488, '82': 134272, '68': 164272, '89': 166016, '93': 204800, '47': 166016, '62': 13123712, '06': 133296, '87': 4325528, '04': 4325528, '37': 3208, '46': 164272, '39': 527488, '57': 2185, '60': 4327592, '76': 4327560, '81': 180, '28': 131072, '20': 2184, '32': 2184, '35': 4325624, '64': 236540, '59': 163968, '49': 6488204, '95': 14680224, '40': 526476, '77': 7569548, '48': 164064, '08': 164016, '14': 4327560, '67': 166016, '94': 14680224}
[0, 1, 2, 3, 4, 5, 6, 7, 8, 9, 10, 11, 12, 13, 14, 15, 16, 17, 19, 20, 21, 22, 23]
23
Optimal Subset: 0b111110111111111111111111
Function: 61.45361472983004, 5.529358867669104, 0.00011920928955078125, 50.856130865199184, 4.90418288263917, 0.12726659674434174, 0.03655630828869343
61.45361472983004
Real: 61.45361472983004, 5.529358867669104, 0.00011920928955078125, 50.856130865199184, 4.90418288263917, 0.12726659674434174, 0.03655630828869343
Num Redshift Qs: 93; Num GCP Qs: 1
Redshift Qs: $5.529358867669104; GCP Qs: $0.00011920928955078125; Movement Cost: $50.856130865199184
Load Cost: $4.90418288263917, Storage Cost: $0.12726659674434174, API Cost: $0.03655630828869343
Final cost: $61.45361472983004, BQ Baseline: $91.1452054977417, Diff: $29.691590767911656, %: 32.57614112093622%
