Egress: $0.12/GB
Benchmark: tpcds
Data Path: parquet_1000/real_data_rs1
BigQuery Cost: $5/TB; DuckDB Cost: $1.48/hr; Redshift Cost: $1.086/hr
Use Duck: False
Excluded Table: web_returns
Excluded Query: None

Starting analysis without using DuckDB
Redshift Total: $6.052557060769399, Redshift-Calcite Total: $5.165241546133359, BigQuery Total: $81.0332202911377
Excluding table web_returns and any queries that depend on it
Total Keys: 88, Keys Considered: 87
-0.25566141056647895
call_center: 9.615905582904816e-06, 0.00039808276442940873, 1.1867302902465238
catalog_page: 0.0017016949132084846, 0.001478319601309019, -0.001478319601309019
catalog_page had no query dependencies
catalog_returns: 13.009788101539016, 1.6959734081471594, 2.036873609307544
catalog_sales: 132.3057429259643, 17.404006344936573, 20.366660179199496
customer: 0.8535048151388764, 0.11271464891539561, 18.62008185862833
customer_address: 0.2449320713058114, 0.03391008425516966, 16.909973594211316
customer_demographics: 0.011580578982830048, 0.002539112176949465, 11.654028491992896
date_dim: 0.001992875710129738, 0.0007720515082804708, 65.99177318587714
household_demographics: 3.5176053643226624e-05, 0.00034244227910005555, 10.29491401101486
income_band: 5.122274160385132e-07, 0.00034787887948144403, 2.691910660264717
inventory: 5.1357166497036815, 0.7700075054531377, 0.7778859678481935
item: 0.03489831369370222, 0.0053130600680557525, 50.649592134747735
promotion: 7.638614624738693e-05, 0.0004580690357523026, 5.378038094115909
reason: 1.4491379261016846e-06, 0.00035830965106012564, 2.903156985945857
ship_mode: 1.3029202818870544e-06, 0.0003487831906767888, 0.9214582548772998
store: 9.930133819580078e-05, 0.00046506374115939193, 30.16940637306337
store_returns: 20.850121902301908, 2.7206111019018264, 4.635946271478039
store_sales: 174.69669486396015, 23.13935902648676, 44.92751492888978
time_dim: 0.0012146271765232086, 0.0008090653041582098, 4.046265581983767
warehouse: 2.907589077949524e-06, 0.0003193879721404611, 2.41203883948586
web_page: 7.394980639219284e-05, 0.00035020796372842237, 0.15415813801016062
web_sales: 67.01082486007363, 8.8117123518441, 21.894503197005008
web_site: 1.0454095900058746e-05, 0.0003302311558288291, 0.12759922656151035
-0.25566122095973653
call_center: 9.615905582904816e-06, 0.00039808276407692897, 1.1867302902468764
catalog_returns: 13.009788101539016, 1.6959729312615666, 2.036874086193137
catalog_sales: 132.3057429259643, 17.404001495149465, 20.366665028986603
customer: 0.8535048151388764, 0.11271461762940183, 18.620081889914324
customer_address: 0.2449320713058114, 0.03391007527696225, 16.90997360318952
customer_demographics: 0.011580578982830048, 0.0025391117524528302, 11.654028492417392
date_dim: 0.001992875710129738, 0.0007720514352298027, 65.99177318595018
household_demographics: 3.5176053643226624e-05, 0.00034244227781064535, 10.29491401101615
income_band: 5.122274160385132e-07, 0.00034787887946266787, 2.691910660264736
inventory: 5.1357166497036815, 0.7700073171987819, 0.7778861561025493
item: 0.03489831369370222, 0.005313058788826385, 50.64959213602696
promotion: 7.638614624738693e-05, 0.0004580690329522991, 5.378038094118709
reason: 1.4491379261016846e-06, 0.0003583096510070062, 2.9031569859459103
ship_mode: 1.3029202818870544e-06, 0.000348783190629029, 0.9214582548773476
store: 9.930133819580078e-05, 0.00046506373751941125, 30.169406373067012
store_returns: 20.850121902301908, 2.720610337621681, 4.635947035758184
store_sales: 174.69669486396015, 23.139352622820827, 44.92752133255571
time_dim: 0.0012146271765232086, 0.0008090652596349481, 4.04626558202829
warehouse: 2.907589077949524e-06, 0.00031938797203388076, 2.4120388394859664
web_page: 7.394980639219284e-05, 0.0003502079610177251, 0.15415813801287132
web_sales: 67.01082486007363, 8.811709895501485, 21.894505653347622
web_site: 1.0454095900058746e-05, 0.00033023115544562475, 0.12759922656189357
{}
{}
STARTING PHASE 2: 0b110111111111111111111101
----
[0, 2, 3, 4, 5, 6, 7, 8, 9, 10, 11, 12, 13, 14, 15, 16, 17, 18, 19, 20, 22, 23]
Function: 60.13114503621117, 5.032694022114276, 0.00011920928955078125, 50.09577960538162, 4.847829940476021, 0.11871906618714247, 0.036003192762562634
-0.25566122095973653
call_center: 9.615905582904816e-06, 0.00039808276407692897, 1.1867302902468764
catalog_returns: 13.009788101539016, 1.6959729312615666, 2.036874086193137
catalog_sales: 132.3057429259643, 17.404001495149465, 20.366665028986603
customer: 0.8535048151388764, 0.11271461762940183, 18.620081889914324
customer_address: 0.2449320713058114, 0.03391007527696225, 16.90997360318952
customer_demographics: 0.011580578982830048, 0.0025391117524528302, 11.654028492417392
date_dim: 0.001992875710129738, 0.0007720514352298027, 65.99177318595018
household_demographics: 3.5176053643226624e-05, 0.00034244227781064535, 10.29491401101615
income_band: 5.122274160385132e-07, 0.00034787887946266787, 2.691910660264736
inventory: 5.1357166497036815, 0.7700073171987819, 0.7778861561025493
item: 0.03489831369370222, 0.005313058788826385, 50.64959213602696
promotion: 7.638614624738693e-05, 0.0004580690329522991, 5.378038094118709
reason: 1.4491379261016846e-06, 0.0003583096510070062, 2.9031569859459103
ship_mode: 1.3029202818870544e-06, 0.000348783190629029, 0.9214582548773476
store: 9.930133819580078e-05, 0.00046506373751941125, 30.169406373067012
store_returns: 20.850121902301908, 2.720610337621681, 4.635947035758184
store_sales: 174.69669486396015, 23.139352622820827, 44.92752133255571
time_dim: 0.0012146271765232086, 0.0008090652596349481, 4.04626558202829
warehouse: 2.907589077949524e-06, 0.00031938797203388076, 2.4120388394859664
web_page: 7.394980639219284e-05, 0.0003502079610177251, 0.15415813801287132
web_sales: 67.01082486007363, 8.811709895501485, 21.894505653347622
web_site: 1.0454095900058746e-05, 0.00033023115544562475, 0.12759922656189357
-0.2556607206716055
call_center: 9.615905582904816e-06, 0.0003980827631468912, 1.1867302902478063
catalog_returns: 13.009788101539016, 1.6959716729719152, 2.0368753444827883
catalog_sales: 132.3057429259643, 17.403988698711437, 20.36667782542463
customer: 0.8535048151388764, 0.11271453507953491, 18.620081972464188
customer_address: 0.2449320713058114, 0.03391005158745338, 16.90997362687903
customer_demographics: 0.011580578982830048, 0.002539110632394411, 11.654028493537451
date_dim: 0.001992875710129738, 0.0007720512424814762, 65.86384372842558
household_demographics: 3.5176053643226624e-05, 0.00034244227440846355, 10.294914011019552
income_band: 5.122274160385132e-07, 0.0003478788794131259, 2.691910660264785
inventory: 5.1357166497036815, 0.7700068204789996, 0.7778866528223316
item: 0.03489831369370222, 0.00531305541350723, 50.64959213940228
promotion: 7.638614624738693e-05, 0.00045806902556433116, 5.378038094126097
reason: 1.4491379261016846e-06, 0.00035830965086684747, 2.90315698594605
ship_mode: 1.3029202818870544e-06, 0.0003487831905030123, 0.7935287971601344
store: 9.930133819580078e-05, 0.000465063727915116, 30.169406373076615
store_returns: 20.850121902301908, 2.720608321025222, 4.635949052354643
store_sales: 174.69669486396015, 23.139335726385497, 44.92753822899104
time_dim: 0.0012146271765232086, 0.0008090651421577997, 4.046265582145767
warehouse: 2.907589077949524e-06, 0.0003193879717526626, 2.2841093817689084
web_page: 7.394980639219284e-05, 0.0003502079538653967, 0.15415813802002365
web_sales: 67.01082486007363, 8.811703414302345, 21.766582676829422
Function: 60.258704196002114, 5.029679227817455, 0.13106346130371094, 50.095778340871604, 4.847510967712005, 0.11867900643801285, 0.03599319185932875
hiya: 0b10111111111111111111101, 60.258704196002114
-0.2556607206716055
call_center: 9.615905582904816e-06, 0.0003980827631468912, 1.1867302902478063
catalog_returns: 13.009788101539016, 1.6959716729719152, 2.0368753444827883
catalog_sales: 132.3057429259643, 17.403988698711437, 20.36667782542463
customer: 0.8535048151388764, 0.11271453507953491, 18.620081972464188
customer_address: 0.2449320713058114, 0.03391005158745338, 16.90997362687903
customer_demographics: 0.011580578982830048, 0.002539110632394411, 11.654028493537451
date_dim: 0.001992875710129738, 0.0007720512424814762, 65.86384372842558
household_demographics: 3.5176053643226624e-05, 0.00034244227440846355, 10.294914011019552
income_band: 5.122274160385132e-07, 0.0003478788794131259, 2.691910660264785
inventory: 5.1357166497036815, 0.7700068204789996, 0.7778866528223316
item: 0.03489831369370222, 0.00531305541350723, 50.64959213940228
promotion: 7.638614624738693e-05, 0.00045806902556433116, 5.378038094126097
reason: 1.4491379261016846e-06, 0.00035830965086684747, 2.90315698594605
ship_mode: 1.3029202818870544e-06, 0.0003487831905030123, 0.7935287971601344
store: 9.930133819580078e-05, 0.000465063727915116, 30.169406373076615
store_returns: 20.850121902301908, 2.720608321025222, 4.635949052354643
store_sales: 174.69669486396015, 23.139335726385497, 44.92753822899104
time_dim: 0.0012146271765232086, 0.0008090651421577997, 4.046265582145767
warehouse: 2.907589077949524e-06, 0.0003193879717526626, 2.2841093817689084
web_page: 7.394980639219284e-05, 0.0003502079538653967, 0.15415813802002365
web_sales: 67.01082486007363, 8.811703414302345, 21.766582676829422
-0.255660276491921
call_center: 9.615905582904816e-06, 0.00039808276232115923, 1.186730290248632
catalog_returns: 13.009788101539016, 1.6959705558022966, 2.036876461652407
catalog_sales: 132.3057429259643, 17.40397733742291, 20.36668918671316
customer: 0.8535048151388764, 0.11271446178782245, 18.620082045755904
customer_address: 0.2449320713058114, 0.03391003055477656, 16.90997364791171
customer_demographics: 0.011580578982830048, 0.0025391096379530796, 11.654028494531893
date_dim: 0.001992875710129738, 0.0007720510713503111, 65.8638437285967
household_demographics: 3.5176053643226624e-05, 0.00034244227138784415, 10.140405665048684
income_band: 5.122274160385132e-07, 0.0003478788793691402, 2.6919106602648295
inventory: 5.1357166497036815, 0.7700063794674654, 0.7778870938338658
item: 0.03489831369370222, 0.00531305241673776, 50.64959214239905
promotion: 7.638614624738693e-05, 0.00045806901900494055, 5.378038094132656
reason: 1.4491379261016846e-06, 0.00035830965074240784, 2.903156985946175
ship_mode: 1.3029202818870544e-06, 0.0003487831903911286, 0.7935287971602463
store: 9.930133819580078e-05, 0.00046506371938796417, 30.169406373085142
store_returns: 20.850121902301908, 2.7206065305946208, 4.6359508427852445
store_sales: 174.69669486396015, 23.139320724923643, 44.927553230452894
time_dim: 0.0012146271765232086, 0.0008090650378559795, 3.89175723627618
warehouse: 2.907589077949524e-06, 0.00031938797150298366, 2.284109381769158
web_sales: 67.01082486007363, 8.811697659984361, 21.61208008517352
Function: 60.41282669886295, 5.027050656677086, 0.28820037841796875, 50.09576939602627, 4.847179661314885, 0.11864342095667971, 0.03598318547006548
hiya: 0b10011111111111111111101, 60.41282669886295
-0.255660276491921
call_center: 9.615905582904816e-06, 0.00039808276232115923, 1.186730290248632
catalog_returns: 13.009788101539016, 1.6959705558022966, 2.036876461652407
catalog_sales: 132.3057429259643, 17.40397733742291, 20.36668918671316
customer: 0.8535048151388764, 0.11271446178782245, 18.620082045755904
customer_address: 0.2449320713058114, 0.03391003055477656, 16.90997364791171
customer_demographics: 0.011580578982830048, 0.0025391096379530796, 11.654028494531893
date_dim: 0.001992875710129738, 0.0007720510713503111, 65.8638437285967
household_demographics: 3.5176053643226624e-05, 0.00034244227138784415, 10.140405665048684
income_band: 5.122274160385132e-07, 0.0003478788793691402, 2.6919106602648295
inventory: 5.1357166497036815, 0.7700063794674654, 0.7778870938338658
item: 0.03489831369370222, 0.00531305241673776, 50.64959214239905
promotion: 7.638614624738693e-05, 0.00045806901900494055, 5.378038094132656
reason: 1.4491379261016846e-06, 0.00035830965074240784, 2.903156985946175
ship_mode: 1.3029202818870544e-06, 0.0003487831903911286, 0.7935287971602463
store: 9.930133819580078e-05, 0.00046506371938796417, 30.169406373085142
store_returns: 20.850121902301908, 2.7206065305946208, 4.6359508427852445
store_sales: 174.69669486396015, 23.139320724923643, 44.927553230452894
time_dim: 0.0012146271765232086, 0.0008090650378559795, 3.89175723627618
warehouse: 2.907589077949524e-06, 0.00031938797150298366, 2.284109381769158
web_sales: 67.01082486007363, 8.811697659984361, 21.61208008517352
call_center: 9.615905582904816e-06, 0.0003980826588551029, 1.1867302903520982
catalog_returns: 13.009788101539016, 1.6958305719539466, 1.6549870023853634
catalog_sales: 132.3057429259643, 17.402553742594996, 19.85273451494865
customer: 0.8535048151388764, 0.11270527817255709, 18.620091229371166
customer_address: 0.2449320713058114, 0.03390739511339518, 16.90997628335309
customer_demographics: 0.011580578982830048, 0.0025389850322331793, 11.271999176022218
date_dim: 0.001992875710129738, 0.0007720296282330973, 64.3159502767385
household_demographics: 3.5176053643226624e-05, 0.00034244189289748595, 9.75837622231178
income_band: 5.122274160385132e-07, 0.00034787887385763115, 2.6919106602703406
item: 0.03489831369370222, 0.0053126769148299936, 49.10169904459962
promotion: 7.638614624738693e-05, 0.00045806819709864747, 4.99600865183917
reason: 1.4491379261016846e-06, 0.0003583096351498477, 2.9031569859617674
ship_mode: 1.3029202818870544e-06, 0.0003487831763718538, 0.7935287971742655
store: 9.930133819580078e-05, 0.0004650626509167978, 30.169406374153613
store_returns: 20.850121902301908, 2.720382185641446, 4.636175187738419
store_sales: 174.69669486396015, 23.137441008247993, 44.745368022856255
time_dim: 0.0012146271765232086, 0.0008090519686049546, 3.891757249345431
warehouse: 2.907589077949524e-06, 0.00031938794021765403, 1.0536296562484406
web_sales: 67.01082486007363, 8.8109766310889, 21.61280111406898
Function: 61.18139103892492, 4.807966819797754, 2.055177688598633, 49.474561669605855, 4.695384231957197, 0.11277116941394891, 0.03552945955153108
hiya: 0b10011111111101111111101, 61.18139103892492
call_center: 9.615905582904816e-06, 0.0003980826588551029, 1.1867302903520982
catalog_returns: 13.009788101539016, 1.6958305719539466, 1.6549870023853634
catalog_sales: 132.3057429259643, 17.402553742594996, 19.85273451494865
customer: 0.8535048151388764, 0.11270527817255709, 18.620091229371166
customer_address: 0.2449320713058114, 0.03390739511339518, 16.90997628335309
customer_demographics: 0.011580578982830048, 0.0025389850322331793, 11.271999176022218
date_dim: 0.001992875710129738, 0.0007720296282330973, 64.3159502767385
household_demographics: 3.5176053643226624e-05, 0.00034244189289748595, 9.75837622231178
income_band: 5.122274160385132e-07, 0.00034787887385763115, 2.6919106602703406
item: 0.03489831369370222, 0.0053126769148299936, 49.10169904459962
promotion: 7.638614624738693e-05, 0.00045806819709864747, 4.99600865183917
reason: 1.4491379261016846e-06, 0.0003583096351498477, 2.9031569859617674
ship_mode: 1.3029202818870544e-06, 0.0003487831763718538, 0.7935287971742655
store: 9.930133819580078e-05, 0.0004650626509167978, 30.169406374153613
store_returns: 20.850121902301908, 2.720382185641446, 4.636175187738419
store_sales: 174.69669486396015, 23.137441008247993, 44.745368022856255
time_dim: 0.0012146271765232086, 0.0008090519686049546, 3.891757249345431
warehouse: 2.907589077949524e-06, 0.00031938794021765403, 1.0536296562484406
web_sales: 67.01082486007363, 8.8109766310889, 21.61280111406898
call_center: 9.615905582904816e-06, 0.0003980826545865494, 0.9323275510659703
catalog_returns: 13.009788101539016, 1.695824796837304, 1.6549927775020061
catalog_sales: 132.3057429259643, 17.402495011346495, 19.058915665846513
customer: 0.8535048151388764, 0.11270489929706548, 18.62009160824666
customer_address: 0.2449320713058114, 0.033907286386698765, 16.909976392079784
customer_demographics: 0.011580578982830048, 0.0025389798915503416, 11.2719991811629
date_dim: 0.001992875710129738, 0.0007720287435845857, 63.52207269727252
household_demographics: 3.5176053643226624e-05, 0.00034244187728264185, 9.758376222327394
income_band: 5.122274160385132e-07, 0.0003478788736302506, 2.691910660270568
item: 0.03489831369370222, 0.0053126614232761995, 49.10169906009118
promotion: 7.638614624738693e-05, 0.00045806816319041616, 4.996008651873078
reason: 1.4491379261016846e-06, 0.00035830963450656736, 2.9031569859624105
store: 9.930133819580078e-05, 0.00046506260683638645, 30.169406374197695
store_returns: 20.850121902301908, 2.7203729301574167, 4.636184443222449
store_sales: 174.69669486396015, 23.13736345942229, 44.745445571681955
time_dim: 0.0012146271765232086, 0.0008090514294252564, 3.3522824088243692
warehouse: 2.907589077949524e-06, 0.0003193879389269592, 0.259752075899094
web_sales: 67.01082486007363, 8.81094688461441, 21.073356019483228
Function: 61.97473826794291, 4.793004602174759, 2.8640174865722656, 49.474561512006794, 4.69504560560306, 0.11258960214706644, 0.03551945943895877
hiya: 0b10011111011101111111101, 61.97473826794291
call_center: 9.615905582904816e-06, 0.0003980826545865494, 0.9323275510659703
catalog_returns: 13.009788101539016, 1.695824796837304, 1.6549927775020061
catalog_sales: 132.3057429259643, 17.402495011346495, 19.058915665846513
customer: 0.8535048151388764, 0.11270489929706548, 18.62009160824666
customer_address: 0.2449320713058114, 0.033907286386698765, 16.909976392079784
customer_demographics: 0.011580578982830048, 0.0025389798915503416, 11.2719991811629
date_dim: 0.001992875710129738, 0.0007720287435845857, 63.52207269727252
household_demographics: 3.5176053643226624e-05, 0.00034244187728264185, 9.758376222327394
income_band: 5.122274160385132e-07, 0.0003478788736302506, 2.691910660270568
item: 0.03489831369370222, 0.0053126614232761995, 49.10169906009118
promotion: 7.638614624738693e-05, 0.00045806816319041616, 4.996008651873078
reason: 1.4491379261016846e-06, 0.00035830963450656736, 2.9031569859624105
store: 9.930133819580078e-05, 0.00046506260683638645, 30.169406374197695
store_returns: 20.850121902301908, 2.7203729301574167, 4.636184443222449
store_sales: 174.69669486396015, 23.13736345942229, 44.745445571681955
time_dim: 0.0012146271765232086, 0.0008090514294252564, 3.3522824088243692
warehouse: 2.907589077949524e-06, 0.0003193879389269592, 0.259752075899094
web_sales: 67.01082486007363, 8.81094688461441, 21.073356019483228
call_center: 9.615905582904816e-06, 0.0003980826498310537, 0.9323275510707257
catalog_returns: 13.009788101539016, 1.6958183629147587, 1.3949277475865305
catalog_sales: 132.3057429259643, 17.402429580234507, 18.798909633120477
customer: 0.8535048151388764, 0.11270447720073082, 18.620092030342995
customer_address: 0.2449320713058114, 0.03390716525682615, 16.909976513209656
customer_demographics: 0.011580578982830048, 0.0025389741644356784, 11.271999186890016
date_dim: 0.001992875710129738, 0.0007720277580183443, 63.26200123442006
household_demographics: 3.5176053643226624e-05, 0.0003424418598865088, 9.75837622234479
income_band: 5.122274160385132e-07, 0.0003478788733769312, 2.6919106602708216
item: 0.03489831369370222, 0.005312644164498001, 48.84162761351194
promotion: 7.638614624738693e-05, 0.0004580681254140477, 4.996008651910855
reason: 1.4491379261016846e-06, 0.0003583096337899038, 2.903156985963127
store: 9.930133819580078e-05, 0.0004650625577274299, 30.169406374246805
store_returns: 20.850121902301908, 2.720362618838867, 4.636194754540998
store_sales: 174.69669486396015, 23.13727706408711, 44.74553196701713
time_dim: 0.0012146271765232086, 0.0008090508287377499, 3.3522824094250567
web_sales: 67.01082486007363, 8.810913744762058, 21.07338915933558
Function: 62.234288061606584, 4.776267327304283, 3.1408262252807617, 49.47456116030967, 4.694736567626397, 0.11238732189773037, 0.03550945918774307
hiya: 0b10001111011101111111101, 62.234288061606584
call_center: 9.615905582904816e-06, 0.0003980826498310537, 0.9323275510707257
catalog_returns: 13.009788101539016, 1.6958183629147587, 1.3949277475865305
catalog_sales: 132.3057429259643, 17.402429580234507, 18.798909633120477
customer: 0.8535048151388764, 0.11270447720073082, 18.620092030342995
customer_address: 0.2449320713058114, 0.03390716525682615, 16.909976513209656
customer_demographics: 0.011580578982830048, 0.0025389741644356784, 11.271999186890016
date_dim: 0.001992875710129738, 0.0007720277580183443, 63.26200123442006
household_demographics: 3.5176053643226624e-05, 0.0003424418598865088, 9.75837622234479
income_band: 5.122274160385132e-07, 0.0003478788733769312, 2.6919106602708216
item: 0.03489831369370222, 0.005312644164498001, 48.84162761351194
promotion: 7.638614624738693e-05, 0.0004580681254140477, 4.996008651910855
reason: 1.4491379261016846e-06, 0.0003583096337899038, 2.903156985963127
store: 9.930133819580078e-05, 0.0004650625577274299, 30.169406374246805
store_returns: 20.850121902301908, 2.720362618838867, 4.636194754540998
store_sales: 174.69669486396015, 23.13727706408711, 44.74553196701713
time_dim: 0.0012146271765232086, 0.0008090508287377499, 3.3522824094250567
web_sales: 67.01082486007363, 8.810913744762058, 21.07338915933558
catalog_returns: 13.009788101539016, 1.6957456805391966, 1.0099081198847437
catalog_sales: 132.3057429259643, 17.401690421716218, 17.888712677100656
customer: 0.8535048151388764, 0.11269970888651741, 18.598307279474767
customer_address: 0.2449320713058114, 0.03390579688367088, 16.524885571505465
customer_demographics: 0.011580578982830048, 0.002538909466687776, 11.25020973240532
date_dim: 0.001992875710129738, 0.0007720166243288728, 62.3292756118332
household_demographics: 3.5176053643226624e-05, 0.00034244166336684824, 9.736586703358867
income_band: 5.122274160385132e-07, 0.00034787887051524694, 2.6919106602736833
item: 0.03489831369370222, 0.005312449196499862, 48.29399448483672
promotion: 7.638614624738693e-05, 0.0004580676986640864, 4.996008652337604
reason: 1.4491379261016846e-06, 0.00035830962569393895, 2.9031569859712234
store: 9.930133819580078e-05, 0.00046506200295612235, 30.169406374801575
store_returns: 20.850121902301908, 2.720246134513466, 4.6363112388664
store_sales: 174.69669486396015, 23.136301078107444, 44.7465079529968
time_dim: 0.0012146271765232086, 0.0008090440429247972, 3.35228241621087
web_sales: 67.01082486007363, 8.810539372335604, 21.073763531762033
Function: 63.16433050437508, 4.584086421107849, 4.265732765197754, 49.47455999718575, 4.694349642358223, 0.11010222016856902, 0.035499458356928824
hiya: 0b10001111011101111111100, 63.16433050437508
catalog_returns: 13.009788101539016, 1.6957456805391966, 1.0099081198847437
catalog_sales: 132.3057429259643, 17.401690421716218, 17.888712677100656
customer: 0.8535048151388764, 0.11269970888651741, 18.598307279474767
customer_address: 0.2449320713058114, 0.03390579688367088, 16.524885571505465
customer_demographics: 0.011580578982830048, 0.002538909466687776, 11.25020973240532
date_dim: 0.001992875710129738, 0.0007720166243288728, 62.3292756118332
household_demographics: 3.5176053643226624e-05, 0.00034244166336684824, 9.736586703358867
income_band: 5.122274160385132e-07, 0.00034787887051524694, 2.6919106602736833
item: 0.03489831369370222, 0.005312449196499862, 48.29399448483672
promotion: 7.638614624738693e-05, 0.0004580676986640864, 4.996008652337604
reason: 1.4491379261016846e-06, 0.00035830962569393895, 2.9031569859712234
store: 9.930133819580078e-05, 0.00046506200295612235, 30.169406374801575
store_returns: 20.850121902301908, 2.720246134513466, 4.6363112388664
store_sales: 174.69669486396015, 23.136301078107444, 44.7465079529968
time_dim: 0.0012146271765232086, 0.0008090440429247972, 3.35228241621087
web_sales: 67.01082486007363, 8.810539372335604, 21.073763531762033
catalog_sales: 132.3057429259643, 17.40050060095401, 15.210822396422117
customer: 0.8535048151388764, 0.112692033348576, 15.892661154588762
customer_address: 0.2449320713058114, 0.03390359421840991, 13.81923397374678
customer_demographics: 0.011580578982830048, 0.0025388053229597153, 8.5711297351083
date_dim: 0.001992875710129738, 0.0007719987024696703, 59.62362182933112
household_demographics: 3.5176053643226624e-05, 0.00034244134702986976, 7.057506602234456
income_band: 5.122274160385132e-07, 0.00034787886590880433, 0.012830558837541717
item: 0.03489831369370222, 0.005312135357226672, 45.61491469723525
promotion: 7.638614624738693e-05, 0.00045806701172623515, 2.3169285515837945
reason: 1.4491379261016846e-06, 0.000358309612661894, 2.903156985984255
store: 9.930133819580078e-05, 0.00046506110994277847, 27.490326274253842
store_returns: 20.850121902301908, 2.7200586301211, 1.957418641818018
store_sales: 174.69669486396015, 23.134730037047234, 42.06899889261625
time_dim: 0.0012146271765232086, 0.0008090331198265173, 3.352282427133968
web_sales: 67.01082486007363, 8.809936746410623, 21.074366157687017
Function: 64.15820959157766, 4.404045717747609, 7.151427268981934, 47.900917711403764, 4.564414612041712, 0.10303886873769036, 0.03436541266495586
hiya: 0b10001111011101111111000, 64.15820959157766
catalog_sales: 132.3057429259643, 17.40050060095401, 15.210822396422117
customer: 0.8535048151388764, 0.112692033348576, 15.892661154588762
customer_address: 0.2449320713058114, 0.03390359421840991, 13.81923397374678
customer_demographics: 0.011580578982830048, 0.0025388053229597153, 8.5711297351083
date_dim: 0.001992875710129738, 0.0007719987024696703, 59.62362182933112
household_demographics: 3.5176053643226624e-05, 0.00034244134702986976, 7.057506602234456
income_band: 5.122274160385132e-07, 0.00034787886590880433, 0.012830558837541717
item: 0.03489831369370222, 0.005312135357226672, 45.61491469723525
promotion: 7.638614624738693e-05, 0.00045806701172623515, 2.3169285515837945
reason: 1.4491379261016846e-06, 0.000358309612661894, 2.903156985984255
store: 9.930133819580078e-05, 0.00046506110994277847, 27.490326274253842
store_returns: 20.850121902301908, 2.7200586301211, 1.957418641818018
store_sales: 174.69669486396015, 23.134730037047234, 42.06899889261625
time_dim: 0.0012146271765232086, 0.0008090331198265173, 3.352282427133968
web_sales: 67.01082486007363, 8.809936746410623, 21.074366157687017
catalog_sales: 132.3057429259643, 17.400496938020904, 15.210826059355224
customer: 0.8535048151388764, 0.11269200971898158, 15.879482740514906
customer_address: 0.2449320713058114, 0.03390358743737552, 13.806055542824364
customer_demographics: 0.011580578982830048, 0.002538805002347131, 8.557951297725463
date_dim: 0.001992875710129738, 0.000771998647296174, 59.623621829386295
household_demographics: 3.5176053643226624e-05, 0.00034244134605600777, 7.044328164531979
item: 0.03489831369370222, 0.005312134391054034, 45.614914698201424
promotion: 7.638614624738693e-05, 0.00045806700961145664, 2.3169285515859093
reason: 1.4491379261016846e-06, 0.00035830961262177407, 2.9031569859842956
store: 9.930133819580078e-05, 0.0004650611071935844, 27.490326274256592
store_returns: 20.850121902301908, 2.720058052877814, 1.9442407813578537
store_sales: 174.69669486396015, 23.134725200505045, 42.06900372915844
time_dim: 0.0012146271765232086, 0.0008090330861991176, 3.3522824271675957
web_sales: 67.01082486007363, 8.809934891191315, 21.074368012906323
Function: 64.17102918619433, 4.403429256464243, 7.16522216796875, 47.90091764944559, 4.564076794820626, 0.10302790487442869, 0.03435541262069941
hiya: 0b10001111011100111111000, 64.17102918619433
catalog_sales: 132.3057429259643, 17.400496938020904, 15.210826059355224
customer: 0.8535048151388764, 0.11269200971898158, 15.879482740514906
customer_address: 0.2449320713058114, 0.03390358743737552, 13.806055542824364
customer_demographics: 0.011580578982830048, 0.002538805002347131, 8.557951297725463
date_dim: 0.001992875710129738, 0.000771998647296174, 59.623621829386295
household_demographics: 3.5176053643226624e-05, 0.00034244134605600777, 7.044328164531979
item: 0.03489831369370222, 0.005312134391054034, 45.614914698201424
promotion: 7.638614624738693e-05, 0.00045806700961145664, 2.3169285515859093
reason: 1.4491379261016846e-06, 0.00035830961262177407, 2.9031569859842956
store: 9.930133819580078e-05, 0.0004650611071935844, 27.490326274256592
store_returns: 20.850121902301908, 2.720058052877814, 1.9442407813578537
store_sales: 174.69669486396015, 23.134725200505045, 42.06900372915844
time_dim: 0.0012146271765232086, 0.0008090330861991176, 3.3522824271675957
web_sales: 67.01082486007363, 8.809934891191315, 21.074368012906323
catalog_sales: 132.3057429259643, 17.398928251821683, 12.627514296270522
customer: 0.8535048151388764, 0.11268189011876721, 14.865787235902697
customer_address: 0.2449320713058114, 0.0339006833944254, 12.856780696721719
customer_demographics: 0.011580578982830048, 0.0025386676969359856, 8.557951435030875
date_dim: 0.001992875710129738, 0.0007719750187177456, 56.4372176783588
household_demographics: 3.5176053643226624e-05, 0.0003424409289902881, 7.044328164949046
item: 0.03489831369370222, 0.0053117206183646805, 42.0807569125446
promotion: 7.638614624738693e-05, 0.0004580661039372903, 2.316928552491583
reason: 1.4491379261016846e-06, 0.00035830959544003567, 2.3745400765674765
store: 9.930133819580078e-05, 0.0004650599298248977, 23.354644350632288
store_sales: 174.69669486396015, 23.132653904972276, 37.47120406452238
time_dim: 0.0012146271765232086, 0.0008090186849430053, 3.3522824415688515
web_sales: 67.01082486007363, 8.809140375746772, 21.075162528350866
Function: 66.09084048828423, 4.205557871278524, 12.027392387390137, 45.37892165434632, 4.353269267217716, 0.09315534596319126, 0.032543962088340525
hiya: 0b10001101011100111111000, 66.09084048828423
catalog_sales: 132.3057429259643, 17.398928251821683, 12.627514296270522
customer: 0.8535048151388764, 0.11268189011876721, 14.865787235902697
customer_address: 0.2449320713058114, 0.0339006833944254, 12.856780696721719
customer_demographics: 0.011580578982830048, 0.0025386676969359856, 8.557951435030875
date_dim: 0.001992875710129738, 0.0007719750187177456, 56.4372176783588
household_demographics: 3.5176053643226624e-05, 0.0003424409289902881, 7.044328164949046
item: 0.03489831369370222, 0.0053117206183646805, 42.0807569125446
promotion: 7.638614624738693e-05, 0.0004580661039372903, 2.316928552491583
reason: 1.4491379261016846e-06, 0.00035830959544003567, 2.3745400765674765
store: 9.930133819580078e-05, 0.0004650599298248977, 23.354644350632288
store_sales: 174.69669486396015, 23.132653904972276, 37.47120406452238
time_dim: 0.0012146271765232086, 0.0008090186849430053, 3.3522824415688515
web_sales: 67.01082486007363, 8.809140375746772, 21.075162528350866
catalog_sales: 132.3057429259643, 17.398856195556895, 12.216192305159396
customer: 0.8535048151388764, 0.11268142528354842, 13.756705644601784
customer_address: 0.2449320713058114, 0.033900549999685343, 11.747698773980327
customer_demographics: 0.011580578982830048, 0.0025386613899288433, 7.3496468788784926
date_dim: 0.001992875710129738, 0.0007719739333591158, 54.11983106084863
household_demographics: 3.5176053643226624e-05, 0.0003424409098327294, 7.044328164968203
item: 0.03489831369370222, 0.0053117016120685315, 39.76337031295539
reason: 1.4491379261016846e-06, 0.0003583095946508071, 2.374540076568266
store: 9.930133819580078e-05, 0.0004650598757434697, 22.24556229455024
store_sales: 174.69669486396015, 23.132558761775734, 35.565306636499315
time_dim: 0.0012146271765232086, 0.0008090180234335688, 3.352282442230361
web_sales: 67.01082486007363, 8.809103880356375, 21.075199023741263
Function: 68.40756464735654, 4.187224427618186, 14.363112449645996, 45.378912414805384, 4.352830393018325, 0.092951006780068, 0.03253395548857749
hiya: 0b10001101010100111111000, 68.40756464735654
catalog_sales: 132.3057429259643, 17.398856195556895, 12.216192305159396
customer: 0.8535048151388764, 0.11268142528354842, 13.756705644601784
customer_address: 0.2449320713058114, 0.033900549999685343, 11.747698773980327
customer_demographics: 0.011580578982830048, 0.0025386613899288433, 7.3496468788784926
date_dim: 0.001992875710129738, 0.0007719739333591158, 54.11983106084863
household_demographics: 3.5176053643226624e-05, 0.0003424409098327294, 7.044328164968203
item: 0.03489831369370222, 0.0053117016120685315, 39.76337031295539
reason: 1.4491379261016846e-06, 0.0003583095946508071, 2.374540076568266
store: 9.930133819580078e-05, 0.0004650598757434697, 22.24556229455024
store_sales: 174.69669486396015, 23.132558761775734, 35.565306636499315
time_dim: 0.0012146271765232086, 0.0008090180234335688, 3.352282442230361
web_sales: 67.01082486007363, 8.809103880356375, 21.075199023741263
catalog_sales: 132.3057429259643, 17.398369009582485, 12.216679491133807
customer: 0.8535048151388764, 0.11267828244510596, 13.756708787440227
customer_address: 0.2449320713058114, 0.03389964809272965, 11.747699675887283
customer_demographics: 0.011580578982830048, 0.002538618747065947, 7.349646921521356
date_dim: 0.001992875710129738, 0.0007719665950450469, 54.11983106818695
household_demographics: 3.5176053643226624e-05, 0.0003424407803048677, 7.044328165097731
item: 0.03489831369370222, 0.005311573106921392, 39.76337044146053
store: 9.930133819580078e-05, 0.000465059510088751, 22.245562294915896
store_sales: 174.69669486396015, 23.131915480708475, 33.19105153140366
time_dim: 0.0012146271765232086, 0.0008090135508437064, 3.352282446702951
web_sales: 67.01082486007363, 8.80885712814983, 21.075445775947806
Function: 70.78072327508832, 4.060649386962255, 16.864585876464844, 45.37891223952007, 4.352482257804473, 0.09156955897331841, 0.03252395536337197
hiya: 0b10001101000100111111000, 70.78072327508832
catalog_sales: 132.3057429259643, 17.398369009582485, 12.216679491133807
customer: 0.8535048151388764, 0.11267828244510596, 13.756708787440227
customer_address: 0.2449320713058114, 0.03389964809272965, 11.747699675887283
customer_demographics: 0.011580578982830048, 0.002538618747065947, 7.349646921521356
date_dim: 0.001992875710129738, 0.0007719665950450469, 54.11983106818695
household_demographics: 3.5176053643226624e-05, 0.0003424407803048677, 7.044328165097731
item: 0.03489831369370222, 0.005311573106921392, 39.76337044146053
store: 9.930133819580078e-05, 0.000465059510088751, 22.245562294915896
store_sales: 174.69669486396015, 23.131915480708475, 33.19105153140366
time_dim: 0.0012146271765232086, 0.0008090135508437064, 3.352282446702951
web_sales: 67.01082486007363, 8.80885712814983, 21.075445775947806
catalog_sales: 132.3057429259643, 17.398108746009168, 11.502086706593538
customer: 0.8535048151388764, 0.11267660348387482, 13.756710466401458
customer_address: 0.2449320713058114, 0.03389916627769511, 11.747700157702317
customer_demographics: 0.011580578982830048, 0.0025385959664760765, 7.349646944301946
date_dim: 0.001992875710129738, 0.0007719626747847314, 53.40497802399363
household_demographics: 3.5176053643226624e-05, 0.0003424407111087375, 4.406089753026717
item: 0.03489831369370222, 0.0053115044571438105, 39.048517461996724
store: 9.930133819580078e-05, 0.0004650593147493761, 19.607323882971027
store_sales: 174.69669486396015, 23.13157182830877, 29.83830372354957
web_sales: 67.01082486007363, 8.808725308650969, 20.360724547333085
Function: 74.13226656591026, 3.9934975839714206, 20.284829139709473, 45.37876532024117, 4.351829400925239, 0.09083127064336692, 0.03251385041958392
hiya: 0b10000101000100111111000, 74.13226656591026
catalog_sales: 132.3057429259643, 17.398108746009168, 11.502086706593538
customer: 0.8535048151388764, 0.11267660348387482, 13.756710466401458
customer_address: 0.2449320713058114, 0.03389916627769511, 11.747700157702317
customer_demographics: 0.011580578982830048, 0.0025385959664760765, 7.349646944301946
date_dim: 0.001992875710129738, 0.0007719626747847314, 53.40497802399363
household_demographics: 3.5176053643226624e-05, 0.0003424407111087375, 4.406089753026717
item: 0.03489831369370222, 0.0053115044571438105, 39.048517461996724
store: 9.930133819580078e-05, 0.0004650593147493761, 19.607323882971027
store_sales: 174.69669486396015, 23.13157182830877, 29.83830372354957
web_sales: 67.01082486007363, 8.808725308650969, 20.360724547333085
catalog_sales: 132.3057429259643, 17.397604917012988, 11.502590535589718
customer: 0.8535048151388764, 0.11267335328124009, 10.301034981562871
customer_address: 0.2449320713058114, 0.033898233560211426, 9.126163393157833
customer_demographics: 0.011580578982830048, 0.002538551866867434, 6.39889352970495
date_dim: 0.001992875710129738, 0.0007719550857825737, 48.9985458378448
item: 0.03489831369370222, 0.005311371562063311, 39.048517594891806
store: 9.930133819580078e-05, 0.0004650589366033302, 15.200891689611346
store_sales: 174.69669486396015, 23.130906571771426, 25.43253678634909
web_sales: 67.01082486007363, 8.80847012700975, 20.360979728974307
Function: 78.53692765016989, 3.862566725341082, 24.822192192077637, 45.378761065404355, 4.351501192896366, 0.08940262707008025, 0.03250384738037288
hiya: 0b10000101000100011111000, 78.53692765016989
catalog_sales: 132.3057429259643, 17.397604917012988, 11.502590535589718
customer: 0.8535048151388764, 0.11267335328124009, 10.301034981562871
customer_address: 0.2449320713058114, 0.033898233560211426, 9.126163393157833
customer_demographics: 0.011580578982830048, 0.002538551866867434, 6.39889352970495
date_dim: 0.001992875710129738, 0.0007719550857825737, 48.9985458378448
item: 0.03489831369370222, 0.005311371562063311, 39.048517594891806
store: 9.930133819580078e-05, 0.0004650589366033302, 15.200891689611346
store_sales: 174.69669486396015, 23.130906571771426, 25.43253678634909
web_sales: 67.01082486007363, 8.80847012700975, 20.360979728974307
catalog_sales: 132.3057429259643, 17.3969980157125, 8.163831119227009
customer: 0.8535048151388764, 0.11266943815880606, 6.961672579022113
customer_address: 0.2449320713058114, 0.033897110029294936, 5.115979497971699
date_dim: 0.001992875710129738, 0.0007719459442378951, 42.59711376541453
item: 0.03489831369370222, 0.005311211479579383, 34.32689526403022
store: 9.930133819580078e-05, 0.0004650584810969405, 12.138825926158228
store_sales: 174.69669486396015, 23.130105218413973, 21.362281486224028
web_sales: 67.01082486007363, 8.808162740830928, 19.35229622557923
Function: 84.93408923265034, 3.7055900697302824, 31.380600929260254, 45.377360297871554, 4.350366070781152, 0.08767901818874636, 0.03249284681834876
hiya: 0b10000101000100010111000, 84.93408923265034
catalog_sales: 132.3057429259643, 17.3969980157125, 8.163831119227009
customer: 0.8535048151388764, 0.11266943815880606, 6.961672579022113
customer_address: 0.2449320713058114, 0.033897110029294936, 5.115979497971699
date_dim: 0.001992875710129738, 0.0007719459442378951, 42.59711376541453
item: 0.03489831369370222, 0.005311211479579383, 34.32689526403022
store: 9.930133819580078e-05, 0.0004650584810969405, 12.138825926158228
store_sales: 174.69669486396015, 23.130105218413973, 21.362281486224028
web_sales: 67.01082486007363, 8.808162740830928, 19.35229622557923
catalog_sales: 132.3057429259643, 17.396730390445814, 5.342749094453623
customer: 0.8535048151388764, 0.11266771170726499, 5.085213135923634
date_dim: 0.001992875710129738, 0.0007719419130909351, 37.4472371614447
item: 0.03489831369370222, 0.00531114088800639, 30.755583745674016
store: 9.930133819580078e-05, 0.00046505828023228775, 10.808156437935029
store_sales: 174.69669486396015, 23.129751845623662, 16.458401897220202
web_sales: 67.01082486007363, 8.808027192747547, 15.453258850638909
Function: 90.04907565663821, 3.640284373348952, 36.59578323364258, 45.347733722746526, 4.345949216484229, 0.08686342572853045, 0.03246168468738794
hiya: 0b10000101000100010011000, 90.04907565663821
catalog_sales: 132.3057429259643, 17.396730390445814, 5.342749094453623
customer: 0.8535048151388764, 0.11266771170726499, 5.085213135923634
date_dim: 0.001992875710129738, 0.0007719419130909351, 37.4472371614447
item: 0.03489831369370222, 0.00531114088800639, 30.755583745674016
store: 9.930133819580078e-05, 0.00046505828023228775, 10.808156437935029
store_sales: 174.69669486396015, 23.129751845623662, 16.458401897220202
web_sales: 67.01082486007363, 8.808027192747547, 15.453258850638909
catalog_sales: 132.3057429259643, 17.39019521850641, 1.78813586504603
date_dim: 0.001992875710129738, 0.00077184347605312, 32.24935641225085
item: 0.03489831369370222, 0.005309417104326711, 29.751931132171542
store: 9.930133819580078e-05, 0.0004650533752954001, 10.808156442839966
store_sales: 174.69669486396015, 23.121122795115852, 11.269150100097121
web_sales: 67.01082486007363, 8.804717228625226, 10.258687967130335
Function: 95.11499483675215, 1.9476870868245766, 43.48626136779785, 45.24449520281535, 4.335983578434388, 0.06818965900860598, 0.03237794187135994
hiya: 0b10000101000100010001000, 95.11499483675215
catalog_sales: 132.3057429259643, 17.39019521850641, 1.78813586504603
date_dim: 0.001992875710129738, 0.00077184347605312, 32.24935641225085
item: 0.03489831369370222, 0.005309417104326711, 29.751931132171542
store: 9.930133819580078e-05, 0.0004650533752954001, 10.808156442839966
store_sales: 174.69669486396015, 23.121122795115852, 11.269150100097121
web_sales: 67.01082486007363, 8.804717228625226, 10.258687967130335
date_dim: 0.001992875710129738, 0.0007717363963889347, 13.071025435778061
item: 0.03489831369370222, 0.00530754197498876, 11.273268481134762
store: 9.930133819580078e-05, 0.0004650480397123062, 10.808156448175549
store_sales: 174.69669486396015, 23.111736126732456, -7.136917223960191
web_sales: 67.01082486007363, 8.801116654547112, -8.048165408899841
date_dim: 0.001992875710129738, 0.0007714802927617135, -0.0007714802927617135
date_dim had no query dependencies
item: 0.03489831369370222, 0.005303057207235592, -0.005303057207235592
item had no query dependencies
store: 9.930133819580078e-05, 0.0004650352785387064, -0.0004650352785387064
store had no query dependencies
Function: 81.0332202911377, 0, 81.0332202911377, 0.0, 0, 0.0, 0
hiya: 0b0, 81.0332202911377
{60.13114503621117: [0, 2, 3, 4, 5, 6, 7, 8, 9, 10, 11, 12, 13, 14, 15, 16, 17, 18, 19, 20, 22, 23], 60.258704196002114: [0, 2, 3, 4, 5, 6, 7, 8, 9, 10, 11, 12, 13, 14, 15, 16, 17, 18, 19, 20, 22], 60.41282669886295: [0, 2, 3, 4, 5, 6, 7, 8, 9, 10, 11, 12, 13, 14, 15, 16, 17, 18, 19, 22], 61.18139103892492: [0, 2, 3, 4, 5, 6, 7, 8, 9, 11, 12, 13, 14, 15, 16, 17, 18, 19, 22], 61.97473826794291: [0, 2, 3, 4, 5, 6, 7, 8, 9, 11, 12, 13, 15, 16, 17, 18, 19, 22], 62.234288061606584: [0, 2, 3, 4, 5, 6, 7, 8, 9, 11, 12, 13, 15, 16, 17, 18, 22], 63.16433050437508: [2, 3, 4, 5, 6, 7, 8, 9, 11, 12, 13, 15, 16, 17, 18, 22], 64.15820959157766: [3, 4, 5, 6, 7, 8, 9, 11, 12, 13, 15, 16, 17, 18, 22], 64.17102918619433: [3, 4, 5, 6, 7, 8, 11, 12, 13, 15, 16, 17, 18, 22], 66.09084048828423: [3, 4, 5, 6, 7, 8, 11, 12, 13, 15, 17, 18, 22], 68.40756464735654: [3, 4, 5, 6, 7, 8, 11, 13, 15, 17, 18, 22], 70.78072327508832: [3, 4, 5, 6, 7, 8, 11, 15, 17, 18, 22], 74.13226656591026: [3, 4, 5, 6, 7, 8, 11, 15, 17, 22], 78.53692765016989: [3, 4, 5, 6, 7, 11, 15, 17, 22], 84.93408923265034: [3, 4, 5, 7, 11, 15, 17, 22], 90.04907565663821: [3, 4, 7, 11, 15, 17, 22], 95.11499483675215: [3, 7, 11, 15, 17, 22], 81.0332202911377: []}
[0, 2, 3, 4, 5, 6, 7, 8, 9, 10, 11, 12, 13, 14, 15, 16, 17, 18, 19, 20, 22, 23]
{'62': 13123712, '43': 163968, '36': 166016, '66': 4997256, '71': 4589704, '88': 426240, '58': 4327560, '81': 180, '24': 231472, '29': 231560, '08': 164016, '07': 137408, '52': 133248, '11': 4325520, '99': 540809, '40': 526476, '57': 2185, '72': 531916, '12': 4196480, '82': 134272, '97': 131208, '04': 4325528, '79': 164240, '03': 133248, '34': 164240, '20': 2184, '22': 527488, '65': 166016, '60': 4327592, '18': 2296, '89': 166016, '87': 4325528, '67': 166016, '59': 163968, '35': 4325624, '17': 231560, '47': 166016, '26': 6344, '68': 164272, '92': 4196480, '19': 166064, '13': 164320, '44': 133120, '14': 4327560, '48': 164064, '74': 4325520, '54': 4360376, '56': 4327592, '46': 164272, '21': 527488, '90': 5505280, '10': 4325624, '76': 4327560, '98': 133248, '27': 166080, '38': 4325528, '70': 163968, '37': 3208, '42': 133248, '09': 139264, '91': 501, '73': 164240, '33': 4327592, '15': 184, '39': 527488, '02': 4194440, '23': 4327576, '55': 133248, '06': 133296, '32': 2184, '64': 236540, '93': 204800, '69': 4325624, '61': 170160, '31': 4325536, '51': 4325504, '50': 229504, '45': 4196528, '63': 166016, '16': 173, '25': 231560, '01': 98448, '53': 166016, '96': 426240, '86': 4196480, '84': 66416, '28': 131072}
Best Cost: $60.13114503621117;
[0, 2, 3, 4, 5, 6, 7, 8, 9, 10, 11, 12, 13, 14, 15, 16, 17, 18, 19, 20, 22, 23]
{}
{'62': 13123712, '43': 163968, '36': 166016, '66': 4997256, '71': 4589704, '88': 426240, '58': 4327560, '81': 180, '24': 231472, '29': 231560, '08': 164016, '07': 137408, '52': 133248, '11': 4325520, '99': 540809, '40': 526476, '57': 2185, '72': 531916, '12': 4196480, '82': 134272, '97': 131208, '04': 4325528, '79': 164240, '03': 133248, '34': 164240, '20': 2184, '22': 527488, '65': 166016, '60': 4327592, '18': 2296, '89': 166016, '87': 4325528, '67': 166016, '59': 163968, '35': 4325624, '17': 231560, '47': 166016, '26': 6344, '68': 164272, '92': 4196480, '19': 166064, '13': 164320, '44': 133120, '14': 4327560, '48': 164064, '74': 4325520, '54': 4360376, '56': 4327592, '46': 164272, '21': 527488, '90': 5505280, '10': 4325624, '76': 4327560, '98': 133248, '27': 166080, '38': 4325528, '70': 163968, '37': 3208, '42': 133248, '09': 139264, '91': 501, '73': 164240, '33': 4327592, '15': 184, '39': 527488, '02': 4194440, '23': 4327576, '55': 133248, '06': 133296, '32': 2184, '64': 236540, '93': 204800, '69': 4325624, '61': 170160, '31': 4325536, '51': 4325504, '50': 229504, '45': 4196528, '63': 166016, '16': 173, '25': 231560, '01': 98448, '53': 166016, '96': 426240, '86': 4196480, '84': 66416, '28': 131072}
{'62': 13123712, '43': 163968, '36': 166016, '66': 4997256, '71': 4589704, '88': 426240, '58': 4327560, '81': 180, '24': 231472, '29': 231560, '08': 164016, '07': 137408, '52': 133248, '11': 4325520, '99': 540809, '40': 526476, '57': 2185, '72': 531916, '12': 4196480, '82': 134272, '97': 131208, '04': 4325528, '79': 164240, '03': 133248, '34': 164240, '20': 2184, '22': 527488, '65': 166016, '60': 4327592, '18': 2296, '89': 166016, '87': 4325528, '67': 166016, '59': 163968, '35': 4325624, '17': 231560, '47': 166016, '26': 6344, '68': 164272, '92': 4196480, '19': 166064, '13': 164320, '44': 133120, '14': 4327560, '48': 164064, '74': 4325520, '54': 4360376, '56': 4327592, '46': 164272, '21': 527488, '90': 5505280, '10': 4325624, '76': 4327560, '98': 133248, '27': 166080, '38': 4325528, '70': 163968, '37': 3208, '42': 133248, '09': 139264, '91': 501, '73': 164240, '33': 4327592, '15': 184, '39': 527488, '02': 4194440, '23': 4327576, '55': 133248, '06': 133296, '32': 2184, '64': 236540, '93': 204800, '69': 4325624, '61': 170160, '31': 4325536, '51': 4325504, '50': 229504, '45': 4196528, '63': 166016, '16': 173, '25': 231560, '01': 98448, '53': 166016, '96': 426240, '86': 4196480, '84': 66416, '28': 131072}
[0, 2, 3, 4, 5, 6, 7, 8, 9, 10, 11, 12, 13, 14, 15, 16, 17, 18, 19, 20, 22, 23]
22
Optimal Subset: 0b110111111111111111111101
Function: 60.13114503621117, 5.032694022114276, 0.00011920928955078125, 50.09577960538162, 4.847829940476021, 0.11871906618714247, 0.036003192762562634
60.13114503621117
Real: 60.13114503621117, 5.032694022114276, 0.00011920928955078125, 50.09577960538162, 4.847829940476021, 0.11871906618714247, 0.036003192762562634
Num Redshift Qs: 87; Num GCP Qs: 1
Redshift Qs: $5.032694022114276; GCP Qs: $0.00011920928955078125; Movement Cost: $50.09577960538162
Load Cost: $4.847829940476021, Storage Cost: $0.11871906618714247, API Cost: $0.036003192762562634
Final cost: $60.13114503621117, BQ Baseline: $81.0332202911377, Diff: $20.902075254926523, %: 25.79445217631627%
