Egress: $0.12/GB
Benchmark: tpcds
Data Path: parquet_1000/real_data_rs1
BigQuery Cost: $5/TB; DuckDB Cost: $1.48/hr; Redshift Cost: $1.086/hr
Use Duck: False
Excluded Table: catalog_returns
Excluded Query: None

Starting analysis without using DuckDB
Redshift Total: $5.543956846748195, Redshift-Calcite Total: $4.885535612948337, BigQuery Total: $77.67235279083252
Excluding table catalog_returns and any queries that depend on it
Total Keys: 86, Keys Considered: 85
-0.25559675162163104
call_center: 9.615905582904816e-06, 0.00039808264422815266, 0.8016379802893757
catalog_page: 0.0017016949132084846, 0.0014782983296914684, -0.0014782983296914684
catalog_page had no query dependencies
catalog_sales: 132.3057429259643, 17.402352489629493, 16.6838302352175
customer: 0.8535048151388764, 0.11270397988896547, 15.906620848326472
customer_address: 0.2449320713058114, 0.03390702254222324, 14.547884778486425
customer_demographics: 0.011580578982830048, 0.002538967416778166, 8.747197221676414
date_dim: 0.001992875710129738, 0.0007720265968291864, 62.98758042639735
household_demographics: 3.5176053643226624e-05, 0.0003424418393904729, 7.212014947715985
income_band: 5.122274160385132e-07, 0.0003478788730784716, 0.01283055883037205
inventory: 5.1357166497036815, 0.7699433076938497, 0.3959207224920881
item: 0.03489831369370222, 0.005312623830292871, 47.32841156259134
promotion: 7.638614624738693e-05, 0.0004580680809061216, 2.316928550514614
reason: 1.4491379261016846e-06, 0.00035830963294553443, 3.0792246346259033
ship_mode: 1.3029202818870544e-06, 0.00034878317438995514, 0.9214582548935867
store: 9.930133819580078e-05, 0.00046506249986750587, 27.49032627286392
store_returns: 20.850121902301908, 2.720350470095536, 1.957126801843582
store_sales: 174.69669486396015, 23.137175273540436, 42.25061858039537
time_dim: 0.0012146271765232086, 0.0008090501210107697, 4.046265597166914
warehouse: 2.907589077949524e-06, 0.00031938793579486095, 1.769937932568791
web_page: 7.394980639219284e-05, 0.0003502070393371068, 0.33022578759648336
web_returns: 6.285572262480855, 0.812287494295868, -0.08363326123240866
web_sales: 67.01082486007363, 8.810874699555729, 22.61002344207873
web_site: 1.0454095900058746e-05, 0.00033023102514998176, 0.6662141708156163
-0.2555713550744983
call_center: 9.615905582904816e-06, 0.00039808259701586254, 0.801637980336588
catalog_sales: 132.3057429259643, 17.4017028932843, 16.684479831562694
customer: 0.8535048151388764, 0.11269978934064719, 15.892653398596691
customer_address: 0.2449320713058114, 0.033905819971761654, 13.819231747993427
customer_demographics: 0.011580578982830048, 0.002538910558310679, 8.57112962987295
date_dim: 0.001992875710129738, 0.0007720168121837954, 62.25892620311854
household_demographics: 3.5176053643226624e-05, 0.0003424416666826571, 7.212014947888693
income_band: 5.122274160385132e-07, 0.0003478788705635312, 0.01283055883288699
inventory: 5.1357166497036815, 0.7699180922898029, 0.39594593789613486
item: 0.03489831369370222, 0.005312452486128003, 47.3284117339355
promotion: 7.638614624738693e-05, 0.00045806770586449206, 2.316928550889656
reason: 1.4491379261016846e-06, 0.0003583096258305394, 2.9031569859710866
ship_mode: 1.3029202818870544e-06, 0.0003487831679928613, 0.9214582548999837
store: 9.930133819580078e-05, 0.00046506201231658826, 27.49032627335147
store_returns: 20.850121902301908, 2.720248099913524, 1.957229172025594
store_sales: 174.69669486396015, 23.136317545584028, 42.251476308351776
time_dim: 0.0012146271765232086, 0.0008090441574194909, 4.0462656031305055
warehouse: 2.907589077949524e-06, 0.00031938792151914476, 1.7699379325830666
web_page: 7.394980639219284e-05, 0.0003502066762574483, 0.15415813929763159
web_sales: 67.01082486007363, 8.810545688993113, 21.89566985985599
web_site: 1.0454095900058746e-05, 0.0003302309738223346, 0.12759922674351684
{}
{}
STARTING PHASE 2: 0b110111111111111111111001
----
[0, 3, 4, 5, 6, 7, 8, 9, 10, 11, 12, 13, 14, 15, 16, 17, 18, 19, 20, 22, 23]
Function: 58.7877146080542, 4.563790284258923, 0.8410024642944336, 48.52213731959963, 4.717894910159509, 0.10802048267112496, 0.03486914707058966
-0.2555713550744983
call_center: 9.615905582904816e-06, 0.00039808259701586254, 0.801637980336588
catalog_sales: 132.3057429259643, 17.4017028932843, 16.684479831562694
customer: 0.8535048151388764, 0.11269978934064719, 15.892653398596691
customer_address: 0.2449320713058114, 0.033905819971761654, 13.819231747993427
customer_demographics: 0.011580578982830048, 0.002538910558310679, 8.57112962987295
date_dim: 0.001992875710129738, 0.0007720168121837954, 62.25892620311854
household_demographics: 3.5176053643226624e-05, 0.0003424416666826571, 7.212014947888693
income_band: 5.122274160385132e-07, 0.0003478788705635312, 0.01283055883288699
inventory: 5.1357166497036815, 0.7699180922898029, 0.39594593789613486
item: 0.03489831369370222, 0.005312452486128003, 47.3284117339355
promotion: 7.638614624738693e-05, 0.00045806770586449206, 2.316928550889656
reason: 1.4491379261016846e-06, 0.0003583096258305394, 2.9031569859710866
ship_mode: 1.3029202818870544e-06, 0.0003487831679928613, 0.9214582548999837
store: 9.930133819580078e-05, 0.00046506201231658826, 27.49032627335147
store_returns: 20.850121902301908, 2.720248099913524, 1.957229172025594
store_sales: 174.69669486396015, 23.136317545584028, 42.251476308351776
time_dim: 0.0012146271765232086, 0.0008090441574194909, 4.0462656031305055
warehouse: 2.907589077949524e-06, 0.00031938792151914476, 1.7699379325830666
web_page: 7.394980639219284e-05, 0.0003502066762574483, 0.15415813929763159
web_sales: 67.01082486007363, 8.810545688993113, 21.89566985985599
web_site: 1.0454095900058746e-05, 0.0003302309738223346, 0.12759922674351684
-0.2555712118688692
call_center: 9.615905582904816e-06, 0.00039808259674964266, 0.8016379803368542
catalog_sales: 132.3057429259643, 17.40169923035119, 16.6844834944958
customer: 0.8535048151388764, 0.11269976571105277, 15.879474984522837
customer_address: 0.2449320713058114, 0.03390581319072726, 13.806053317071012
customer_demographics: 0.011580578982830048, 0.002538910237698095, 8.557951192490112
date_dim: 0.001992875710129738, 0.0007720167570102991, 62.258926203173715
household_demographics: 3.5176053643226624e-05, 0.0003424416657087951, 7.198836510186216
inventory: 5.1357166497036815, 0.7699179501056004, 0.3959460800803374
item: 0.03489831369370222, 0.005312451519955365, 47.32841173490168
promotion: 7.638614624738693e-05, 0.00045806770374971355, 2.3169285508917707
reason: 1.4491379261016846e-06, 0.0003583096257904195, 2.903156985971127
ship_mode: 1.3029202818870544e-06, 0.00034878316795678945, 0.9214582549000198
store: 9.930133819580078e-05, 0.0004650620095673942, 27.49032627335422
store_returns: 20.850121902301908, 2.720247522670238, 1.9440513115654299
store_sales: 174.69669486396015, 23.13631270904184, 42.251481144893965
time_dim: 0.0012146271765232086, 0.0008090441237920912, 4.046265603164133
warehouse: 2.907589077949524e-06, 0.0003193879214386471, 1.769937932583147
web_page: 7.394980639219284e-05, 0.0003502066742101207, 0.15415813929967892
web_sales: 67.01082486007363, 8.810543833773803, 21.8956717150753
web_site: 1.0454095900058746e-05, 0.0003302309735329091, 0.12759922674380628
Function: 58.8005340604793, 4.563173822975557, 0.85479736328125, 48.522137257641454, 4.717557092938423, 0.1080093766162865, 0.03485914702633321
hiya: 0b110111111111110111111001, 58.8005340604793
-0.2555712118688692
call_center: 9.615905582904816e-06, 0.00039808259674964266, 0.8016379803368542
catalog_sales: 132.3057429259643, 17.40169923035119, 16.6844834944958
customer: 0.8535048151388764, 0.11269976571105277, 15.879474984522837
customer_address: 0.2449320713058114, 0.03390581319072726, 13.806053317071012
customer_demographics: 0.011580578982830048, 0.002538910237698095, 8.557951192490112
date_dim: 0.001992875710129738, 0.0007720167570102991, 62.258926203173715
household_demographics: 3.5176053643226624e-05, 0.0003424416657087951, 7.198836510186216
inventory: 5.1357166497036815, 0.7699179501056004, 0.3959460800803374
item: 0.03489831369370222, 0.005312451519955365, 47.32841173490168
promotion: 7.638614624738693e-05, 0.00045806770374971355, 2.3169285508917707
reason: 1.4491379261016846e-06, 0.0003583096257904195, 2.903156985971127
ship_mode: 1.3029202818870544e-06, 0.00034878316795678945, 0.9214582549000198
store: 9.930133819580078e-05, 0.0004650620095673942, 27.49032627335422
store_returns: 20.850121902301908, 2.720247522670238, 1.9440513115654299
store_sales: 174.69669486396015, 23.13631270904184, 42.251481144893965
time_dim: 0.0012146271765232086, 0.0008090441237920912, 4.046265603164133
warehouse: 2.907589077949524e-06, 0.0003193879214386471, 1.769937932583147
web_page: 7.394980639219284e-05, 0.0003502066742101207, 0.15415813929967892
web_sales: 67.01082486007363, 8.810543833773803, 21.8956717150753
web_site: 1.0454095900058746e-05, 0.0003302309735329091, 0.12759922674380628
-0.2555707115807382
call_center: 9.615905582904816e-06, 0.0003980825958196049, 0.8016379803377842
catalog_sales: 132.3057429259643, 17.401686433913166, 16.684496290933826
customer: 0.8535048151388764, 0.11269968316118584, 15.879475067072704
customer_address: 0.2449320713058114, 0.03390578950121839, 13.80605334076052
customer_demographics: 0.011580578982830048, 0.002538909117639676, 8.55795119361017
date_dim: 0.001992875710129738, 0.0007720165642619728, 62.13099674564912
household_demographics: 3.5176053643226624e-05, 0.00034244166230661333, 7.198836510189619
inventory: 5.1357166497036815, 0.7699174533858181, 0.3959465768001197
item: 0.03489831369370222, 0.00531244814463621, 47.328411738277
promotion: 7.638614624738693e-05, 0.0004580676963617456, 2.3169285508991586
reason: 1.4491379261016846e-06, 0.0003583096256502608, 2.903156985971267
ship_mode: 1.3029202818870544e-06, 0.00034878316783077274, 0.7935287971828066
store: 9.930133819580078e-05, 0.000465061999963099, 27.490326273363824
store_returns: 20.850121902301908, 2.7202455060737787, 1.944053328161889
store_sales: 174.69669486396015, 23.13629581260651, 42.2514980413293
time_dim: 0.0012146271765232086, 0.0008090440063149429, 4.04626560328161
warehouse: 2.907589077949524e-06, 0.0003193879211574289, 1.6420084748660893
web_page: 7.394980639219284e-05, 0.0003502066670577924, 0.15415813930683125
web_sales: 67.01082486007363, 8.810537352574663, 21.767748738557103
Function: 58.928094478741855, 4.5601590286787355, 0.9857416152954102, 48.522135993131435, 4.717238120174408, 0.10797057533877068, 0.03484914612309933
hiya: 0b10111111111110111111001, 58.928094478741855
-0.2555707115807382
call_center: 9.615905582904816e-06, 0.0003980825958196049, 0.8016379803377842
catalog_sales: 132.3057429259643, 17.401686433913166, 16.684496290933826
customer: 0.8535048151388764, 0.11269968316118584, 15.879475067072704
customer_address: 0.2449320713058114, 0.03390578950121839, 13.80605334076052
customer_demographics: 0.011580578982830048, 0.002538909117639676, 8.55795119361017
date_dim: 0.001992875710129738, 0.0007720165642619728, 62.13099674564912
household_demographics: 3.5176053643226624e-05, 0.00034244166230661333, 7.198836510189619
inventory: 5.1357166497036815, 0.7699174533858181, 0.3959465768001197
item: 0.03489831369370222, 0.00531244814463621, 47.328411738277
promotion: 7.638614624738693e-05, 0.0004580676963617456, 2.3169285508991586
reason: 1.4491379261016846e-06, 0.0003583096256502608, 2.903156985971267
ship_mode: 1.3029202818870544e-06, 0.00034878316783077274, 0.7935287971828066
store: 9.930133819580078e-05, 0.000465061999963099, 27.490326273363824
store_returns: 20.850121902301908, 2.7202455060737787, 1.944053328161889
store_sales: 174.69669486396015, 23.13629581260651, 42.2514980413293
time_dim: 0.0012146271765232086, 0.0008090440063149429, 4.04626560328161
warehouse: 2.907589077949524e-06, 0.0003193879211574289, 1.6420084748660893
web_page: 7.394980639219284e-05, 0.0003502066670577924, 0.15415813930683125
web_sales: 67.01082486007363, 8.810537352574663, 21.767748738557103
-0.2555702674010537
call_center: 9.615905582904816e-06, 0.0003980825949938729, 0.80163798033861
catalog_sales: 132.3057429259643, 17.401675072624638, 16.684507652222354
customer: 0.8535048151388764, 0.11269960986947339, 15.879475140364416
customer_address: 0.2449320713058114, 0.03390576846854157, 13.806053361793198
customer_demographics: 0.011580578982830048, 0.002538908123198344, 8.557951194604613
date_dim: 0.001992875710129738, 0.0007720163931308076, 62.130996745820255
household_demographics: 3.5176053643226624e-05, 0.0003424416592859939, 7.04432816421875
inventory: 5.1357166497036815, 0.7699170123742839, 0.39594701781165387
item: 0.03489831369370222, 0.00531244514786674, 47.32841174127377
promotion: 7.638614624738693e-05, 0.000458067689802355, 2.3169285509057183
reason: 1.4491379261016846e-06, 0.00035830962552582115, 2.9031569859713913
ship_mode: 1.3029202818870544e-06, 0.00034878316771888904, 0.7935287971829185
store: 9.930133819580078e-05, 0.0004650619914359472, 27.490326273372354
store_returns: 20.850121902301908, 2.7202437156431776, 1.9440551185924901
store_sales: 174.69669486396015, 23.136280811144655, 42.251513042791146
time_dim: 0.0012146271765232086, 0.0008090439020131228, 3.891757257412023
warehouse: 2.907589077949524e-06, 0.00031938792090774993, 1.6420084748663388
web_sales: 67.01082486007363, 8.810531598256679, 21.613246146901197
Function: 59.082218100059166, 4.557530457538367, 1.142878532409668, 48.5221270482861, 4.716906813777288, 0.10793610831390754, 0.03483913973383606
hiya: 0b10011111111110111111001, 59.082218100059166
-0.2555702674010537
call_center: 9.615905582904816e-06, 0.0003980825949938729, 0.80163798033861
catalog_sales: 132.3057429259643, 17.401675072624638, 16.684507652222354
customer: 0.8535048151388764, 0.11269960986947339, 15.879475140364416
customer_address: 0.2449320713058114, 0.03390576846854157, 13.806053361793198
customer_demographics: 0.011580578982830048, 0.002538908123198344, 8.557951194604613
date_dim: 0.001992875710129738, 0.0007720163931308076, 62.130996745820255
household_demographics: 3.5176053643226624e-05, 0.0003424416592859939, 7.04432816421875
inventory: 5.1357166497036815, 0.7699170123742839, 0.39594701781165387
item: 0.03489831369370222, 0.00531244514786674, 47.32841174127377
promotion: 7.638614624738693e-05, 0.000458067689802355, 2.3169285509057183
reason: 1.4491379261016846e-06, 0.00035830962552582115, 2.9031569859713913
ship_mode: 1.3029202818870544e-06, 0.00034878316771888904, 0.7935287971829185
store: 9.930133819580078e-05, 0.0004650619914359472, 27.490326273372354
store_returns: 20.850121902301908, 2.7202437156431776, 1.9440551185924901
store_sales: 174.69669486396015, 23.136280811144655, 42.251513042791146
time_dim: 0.0012146271765232086, 0.0008090439020131228, 3.891757257412023
warehouse: 2.907589077949524e-06, 0.00031938792090774993, 1.6420084748663388
web_sales: 67.01082486007363, 8.810531598256679, 21.613246146901197
call_center: 9.615905582904816e-06, 0.00039808253581554364, 0.8016379803977883
catalog_sales: 132.3057429259643, 17.40086083492704, 16.551973066442923
customer: 0.8535048151388764, 0.11269435721920895, 15.879480393014681
customer_address: 0.2449320713058114, 0.03390426110445142, 13.806054869157288
customer_demographics: 0.011580578982830048, 0.002538836853850852, 8.557951265873958
date_dim: 0.001992875710129738, 0.0007720041285495889, 60.965132727898904
household_demographics: 3.5176053643226624e-05, 0.00034244144280507404, 7.044328164435231
item: 0.03489831369370222, 0.005312230376217653, 46.16254792585948
promotion: 7.638614624738693e-05, 0.0004580672197057555, 2.3169285513758147
reason: 1.4491379261016846e-06, 0.000358309616607518, 2.90315698598031
ship_mode: 1.3029202818870544e-06, 0.00034878315970044034, 0.7935287971909369
store: 9.930133819580078e-05, 0.0004650613803143798, 27.490326273983474
store_returns: 20.850121902301908, 2.720115399555932, 1.9441834346797355
store_sales: 174.69669486396015, 23.135205690507725, 42.06852323915579
time_dim: 0.0012146271765232086, 0.0008090364269389969, 3.891757264887097
warehouse: 2.907589077949524e-06, 0.000319387903013828, 0.7935581924476236
web_sales: 67.01082486007363, 8.810119199380097, 21.613658545777778
Function: 59.47080624892979, 4.497198198661804, 2.369074821472168, 47.90091932186569, 4.5651113844196, 0.10411710869521906, 0.034385413815301656
hiya: 0b10011111111100111111001, 59.47080624892979
call_center: 9.615905582904816e-06, 0.00039808253581554364, 0.8016379803977883
catalog_sales: 132.3057429259643, 17.40086083492704, 16.551973066442923
customer: 0.8535048151388764, 0.11269435721920895, 15.879480393014681
customer_address: 0.2449320713058114, 0.03390426110445142, 13.806054869157288
customer_demographics: 0.011580578982830048, 0.002538836853850852, 8.557951265873958
date_dim: 0.001992875710129738, 0.0007720041285495889, 60.965132727898904
household_demographics: 3.5176053643226624e-05, 0.00034244144280507404, 7.044328164435231
item: 0.03489831369370222, 0.005312230376217653, 46.16254792585948
promotion: 7.638614624738693e-05, 0.0004580672197057555, 2.3169285513758147
reason: 1.4491379261016846e-06, 0.000358309616607518, 2.90315698598031
ship_mode: 1.3029202818870544e-06, 0.00034878315970044034, 0.7935287971909369
store: 9.930133819580078e-05, 0.0004650613803143798, 27.490326273983474
store_returns: 20.850121902301908, 2.720115399555932, 1.9441834346797355
store_sales: 174.69669486396015, 23.135205690507725, 42.06852323915579
time_dim: 0.0012146271765232086, 0.0008090364269389969, 3.891757264887097
warehouse: 2.907589077949524e-06, 0.000319387903013828, 0.7935581924476236
web_sales: 67.01082486007363, 8.810119199380097, 21.613658545777778
call_center: 9.615905582904816e-06, 0.00039808253154699014, 0.5472352411116606
catalog_sales: 132.3057429259643, 17.40080210367854, 15.758154217340785
customer: 0.8535048151388764, 0.11269397834371735, 15.879480771890172
customer_address: 0.2449320713058114, 0.033904152377755, 13.806054977883985
customer_demographics: 0.011580578982830048, 0.0025388317131680143, 8.557951271014643
date_dim: 0.001992875710129738, 0.0007720032439010772, 60.17125514843291
household_demographics: 3.5176053643226624e-05, 0.00034244142719023, 7.044328164450845
item: 0.03489831369370222, 0.0053122148846638595, 46.162547941351036
promotion: 7.638614624738693e-05, 0.00045806718579752417, 2.316928551409723
reason: 1.4491379261016846e-06, 0.0003583096159642377, 2.903156985980953
store: 9.930133819580078e-05, 0.0004650613362339685, 27.490326274027556
store_returns: 20.850121902301908, 2.7201061440719028, 1.944192690163765
store_sales: 174.69669486396015, 23.13512814168202, 42.068600787981495
time_dim: 0.0012146271765232086, 0.0008090358877592987, 3.3522824243660354
warehouse: 2.907589077949524e-06, 0.0003193879017231332, -0.0003193879017231332
warehouse had no query dependencies
web_sales: 67.01082486007363, 8.810089452905606, 21.07421345119203
call_center: 9.615905582904816e-06, 0.0003980825314607763, 0.5472352411117467
catalog_sales: 132.3057429259643, 17.400800917457296, 15.758155403562029
customer: 0.8535048151388764, 0.1126939706913999, 15.87948077954249
customer_address: 0.2449320713058114, 0.03390415018175337, 13.806054980079987
customer_demographics: 0.011580578982830048, 0.0025388316093393477, 8.55795127111847
date_dim: 0.001992875710129738, 0.0007720032260334364, 60.17125514845078
household_demographics: 3.5176053643226624e-05, 0.00034244142687485, 7.044328164451161
item: 0.03489831369370222, 0.005312214571774032, 46.162547941663924
promotion: 7.638614624738693e-05, 0.00045806718511266445, 2.316928551410408
reason: 1.4491379261016846e-06, 0.00035830961595124505, 2.903156985980966
store: 9.930133819580078e-05, 0.00046506133534365677, 27.490326274028444
store_returns: 20.850121902301908, 2.7201059571347597, 1.944192877100908
store_sales: 174.69669486396015, 23.135126575393766, 42.06860235426974
time_dim: 0.0012146271765232086, 0.0008090358768692457, 3.3522824243769254
web_sales: 67.01082486007363, 8.81008885210278, 21.074214051994854
Function: 60.263836311847896, 4.482235981038809, 3.177914619445801, 47.9009188125695, 4.5644637200888, 0.10393776525347015, 0.03436541345151365
hiya: 0b10001111011100111111001, 60.263836311847896
call_center: 9.615905582904816e-06, 0.0003980825314607763, 0.5472352411117467
catalog_sales: 132.3057429259643, 17.400800917457296, 15.758155403562029
customer: 0.8535048151388764, 0.1126939706913999, 15.87948077954249
customer_address: 0.2449320713058114, 0.03390415018175337, 13.806054980079987
customer_demographics: 0.011580578982830048, 0.0025388316093393477, 8.55795127111847
date_dim: 0.001992875710129738, 0.0007720032260334364, 60.17125514845078
household_demographics: 3.5176053643226624e-05, 0.00034244142687485, 7.044328164451161
item: 0.03489831369370222, 0.005312214571774032, 46.162547941663924
promotion: 7.638614624738693e-05, 0.00045806718511266445, 2.316928551410408
reason: 1.4491379261016846e-06, 0.00035830961595124505, 2.903156985980966
store: 9.930133819580078e-05, 0.00046506133534365677, 27.490326274028444
store_returns: 20.850121902301908, 2.7201059571347597, 1.944192877100908
store_sales: 174.69669486396015, 23.135126575393766, 42.06860235426974
time_dim: 0.0012146271765232086, 0.0008090358768692457, 3.3522824243769254
web_sales: 67.01082486007363, 8.81008885210278, 21.074214051994854
catalog_sales: 132.3057429259643, 17.400496938020904, 15.210826059355217
customer: 0.8535048151388764, 0.11269200971898158, 15.879482740514907
customer_address: 0.2449320713058114, 0.03390358743737552, 13.806055542824364
customer_demographics: 0.011580578982830048, 0.002538805002347131, 8.557951297725463
date_dim: 0.001992875710129738, 0.000771998647296174, 59.623621829386316
household_demographics: 3.5176053643226624e-05, 0.00034244134605600777, 7.044328164531979
item: 0.03489831369370222, 0.005312134391054034, 45.61491469820144
promotion: 7.638614624738693e-05, 0.00045806700961145664, 2.3169285515859093
reason: 1.4491379261016846e-06, 0.00035830961262177407, 2.9031569859842956
store: 9.930133819580078e-05, 0.0004650611071935844, 27.490326274256596
store_returns: 20.850121902301908, 2.720058052877814, 1.9442407813578537
store_sales: 174.69669486396015, 23.134725200505045, 42.06900372915847
time_dim: 0.0012146271765232086, 0.0008090330861991176, 3.3522824271675957
web_sales: 67.01082486007363, 8.809934891191315, 21.07436801290632
Function: 60.81016168588916, 4.403429256464243, 3.804354667663574, 47.90091764944559, 4.564076794820626, 0.10302790487442869, 0.03435541262069941
hiya: 0b10001111011100111111000, 60.81016168588916
catalog_sales: 132.3057429259643, 17.400496938020904, 15.210826059355217
customer: 0.8535048151388764, 0.11269200971898158, 15.879482740514907
customer_address: 0.2449320713058114, 0.03390358743737552, 13.806055542824364
customer_demographics: 0.011580578982830048, 0.002538805002347131, 8.557951297725463
date_dim: 0.001992875710129738, 0.000771998647296174, 59.623621829386316
household_demographics: 3.5176053643226624e-05, 0.00034244134605600777, 7.044328164531979
item: 0.03489831369370222, 0.005312134391054034, 45.61491469820144
promotion: 7.638614624738693e-05, 0.00045806700961145664, 2.3169285515859093
reason: 1.4491379261016846e-06, 0.00035830961262177407, 2.9031569859842956
store: 9.930133819580078e-05, 0.0004650611071935844, 27.490326274256596
store_returns: 20.850121902301908, 2.720058052877814, 1.9442407813578537
store_sales: 174.69669486396015, 23.134725200505045, 42.06900372915847
time_dim: 0.0012146271765232086, 0.0008090330861991176, 3.3522824271675957
web_sales: 67.01082486007363, 8.809934891191315, 21.07436801290632
catalog_sales: 132.3057429259643, 17.398928251821683, 12.627514296270522
customer: 0.8535048151388764, 0.11268189011876721, 14.8657872359027
customer_address: 0.2449320713058114, 0.0339006833944254, 12.85678069672172
customer_demographics: 0.011580578982830048, 0.0025386676969359856, 8.557951435030875
date_dim: 0.001992875710129738, 0.0007719750187177456, 56.437217678358834
household_demographics: 3.5176053643226624e-05, 0.0003424409289902881, 7.044328164949046
item: 0.03489831369370222, 0.0053117206183646805, 42.080756912544615
promotion: 7.638614624738693e-05, 0.0004580661039372903, 2.316928552491583
reason: 1.4491379261016846e-06, 0.00035830959544003567, 2.3745400765674765
store: 9.930133819580078e-05, 0.0004650599298248977, 23.354644350632295
store_sales: 174.69669486396015, 23.132653904972276, 37.4712040645224
time_dim: 0.0012146271765232086, 0.0008090186849430053, 3.3522824415688515
web_sales: 67.01082486007363, 8.809140375746772, 21.075162528350862
Function: 62.729972987979046, 4.205557871278525, 8.666524887084961, 45.37892165434632, 4.353269267217716, 0.09315534596319126, 0.032543962088340525
hiya: 0b10001101011100111111000, 62.729972987979046
catalog_sales: 132.3057429259643, 17.398928251821683, 12.627514296270522
customer: 0.8535048151388764, 0.11268189011876721, 14.8657872359027
customer_address: 0.2449320713058114, 0.0339006833944254, 12.85678069672172
customer_demographics: 0.011580578982830048, 0.0025386676969359856, 8.557951435030875
date_dim: 0.001992875710129738, 0.0007719750187177456, 56.437217678358834
household_demographics: 3.5176053643226624e-05, 0.0003424409289902881, 7.044328164949046
item: 0.03489831369370222, 0.0053117206183646805, 42.080756912544615
promotion: 7.638614624738693e-05, 0.0004580661039372903, 2.316928552491583
reason: 1.4491379261016846e-06, 0.00035830959544003567, 2.3745400765674765
store: 9.930133819580078e-05, 0.0004650599298248977, 23.354644350632295
store_sales: 174.69669486396015, 23.132653904972276, 37.4712040645224
time_dim: 0.0012146271765232086, 0.0008090186849430053, 3.3522824415688515
web_sales: 67.01082486007363, 8.809140375746772, 21.075162528350862
catalog_sales: 132.3057429259643, 17.398856195556895, 12.216192305159396
customer: 0.8535048151388764, 0.11268142528354842, 13.756705644601784
customer_address: 0.2449320713058114, 0.033900549999685343, 11.747698773980327
customer_demographics: 0.011580578982830048, 0.0025386613899288433, 7.3496468788784926
date_dim: 0.001992875710129738, 0.0007719739333591158, 54.11983106084867
household_demographics: 3.5176053643226624e-05, 0.0003424409098327294, 7.044328164968203
item: 0.03489831369370222, 0.0053117016120685315, 39.763370312955395
reason: 1.4491379261016846e-06, 0.0003583095946508071, 2.374540076568266
store: 9.930133819580078e-05, 0.0004650598757434697, 22.24556229455024
store_sales: 174.69669486396015, 23.132558761775734, 35.56530663649932
time_dim: 0.0012146271765232086, 0.0008090180234335688, 3.352282442230361
web_sales: 67.01082486007363, 8.809103880356375, 21.07519902374126
Function: 65.04669714705136, 4.187224427618185, 11.00224494934082, 45.378912414805384, 4.352830393018325, 0.092951006780068, 0.03253395548857749
hiya: 0b10001101010100111111000, 65.04669714705136
catalog_sales: 132.3057429259643, 17.398856195556895, 12.216192305159396
customer: 0.8535048151388764, 0.11268142528354842, 13.756705644601784
customer_address: 0.2449320713058114, 0.033900549999685343, 11.747698773980327
customer_demographics: 0.011580578982830048, 0.0025386613899288433, 7.3496468788784926
date_dim: 0.001992875710129738, 0.0007719739333591158, 54.11983106084867
household_demographics: 3.5176053643226624e-05, 0.0003424409098327294, 7.044328164968203
item: 0.03489831369370222, 0.0053117016120685315, 39.763370312955395
reason: 1.4491379261016846e-06, 0.0003583095946508071, 2.374540076568266
store: 9.930133819580078e-05, 0.0004650598757434697, 22.24556229455024
store_sales: 174.69669486396015, 23.132558761775734, 35.56530663649932
time_dim: 0.0012146271765232086, 0.0008090180234335688, 3.352282442230361
web_sales: 67.01082486007363, 8.809103880356375, 21.07519902374126
catalog_sales: 132.3057429259643, 17.398369009582485, 12.216679491133807
customer: 0.8535048151388764, 0.11267828244510596, 13.756708787440227
customer_address: 0.2449320713058114, 0.03389964809272965, 11.747699675887283
customer_demographics: 0.011580578982830048, 0.002538618747065947, 7.349646921521356
date_dim: 0.001992875710129738, 0.0007719665950450469, 54.11983106818698
household_demographics: 3.5176053643226624e-05, 0.0003424407803048677, 7.044328165097731
item: 0.03489831369370222, 0.005311573106921392, 39.76337044146054
store: 9.930133819580078e-05, 0.000465059510088751, 22.245562294915896
store_sales: 174.69669486396015, 23.131915480708475, 33.19105153140367
time_dim: 0.0012146271765232086, 0.0008090135508437064, 3.352282446702951
web_sales: 67.01082486007363, 8.80885712814983, 21.075445775947806
Function: 67.41985577478316, 4.060649386962255, 13.503718376159668, 45.37891223952007, 4.352482257804473, 0.09156955897331841, 0.03252395536337197
hiya: 0b10001101000100111111000, 67.41985577478316
catalog_sales: 132.3057429259643, 17.398369009582485, 12.216679491133807
customer: 0.8535048151388764, 0.11267828244510596, 13.756708787440227
customer_address: 0.2449320713058114, 0.03389964809272965, 11.747699675887283
customer_demographics: 0.011580578982830048, 0.002538618747065947, 7.349646921521356
date_dim: 0.001992875710129738, 0.0007719665950450469, 54.11983106818698
household_demographics: 3.5176053643226624e-05, 0.0003424407803048677, 7.044328165097731
item: 0.03489831369370222, 0.005311573106921392, 39.76337044146054
store: 9.930133819580078e-05, 0.000465059510088751, 22.245562294915896
store_sales: 174.69669486396015, 23.131915480708475, 33.19105153140367
time_dim: 0.0012146271765232086, 0.0008090135508437064, 3.352282446702951
web_sales: 67.01082486007363, 8.80885712814983, 21.075445775947806
catalog_sales: 132.3057429259643, 17.398108746009168, 11.502086706593538
customer: 0.8535048151388764, 0.11267660348387482, 13.756710466401458
customer_address: 0.2449320713058114, 0.03389916627769511, 11.747700157702317
customer_demographics: 0.011580578982830048, 0.0025385959664760765, 7.349646944301946
date_dim: 0.001992875710129738, 0.0007719626747847314, 53.404978023993664
household_demographics: 3.5176053643226624e-05, 0.0003424407111087375, 4.406089753026716
item: 0.03489831369370222, 0.0053115044571438105, 39.04851746199673
store: 9.930133819580078e-05, 0.0004650593147493761, 19.607323882971023
store_sales: 174.69669486396015, 23.13157182830877, 29.83830372354959
web_sales: 67.01082486007363, 8.808725308650969, 20.360724547333078
Function: 70.77139906560508, 3.993497583971421, 16.923961639404297, 45.37876532024117, 4.351829400925239, 0.09083127064336692, 0.03251385041958392
hiya: 0b10000101000100111111000, 70.77139906560508
catalog_sales: 132.3057429259643, 17.398108746009168, 11.502086706593538
customer: 0.8535048151388764, 0.11267660348387482, 13.756710466401458
customer_address: 0.2449320713058114, 0.03389916627769511, 11.747700157702317
customer_demographics: 0.011580578982830048, 0.0025385959664760765, 7.349646944301946
date_dim: 0.001992875710129738, 0.0007719626747847314, 53.404978023993664
household_demographics: 3.5176053643226624e-05, 0.0003424407111087375, 4.406089753026716
item: 0.03489831369370222, 0.0053115044571438105, 39.04851746199673
store: 9.930133819580078e-05, 0.0004650593147493761, 19.607323882971023
store_sales: 174.69669486396015, 23.13157182830877, 29.83830372354959
web_sales: 67.01082486007363, 8.808725308650969, 20.360724547333078
catalog_sales: 132.3057429259643, 17.397604917012988, 11.502590535589718
customer: 0.8535048151388764, 0.11267335328124009, 10.301034981562873
customer_address: 0.2449320713058114, 0.033898233560211426, 9.126163393157832
customer_demographics: 0.011580578982830048, 0.002538551866867434, 6.39889352970495
date_dim: 0.001992875710129738, 0.0007719550857825737, 48.99854583784483
item: 0.03489831369370222, 0.005311371562063311, 39.04851759489181
store: 9.930133819580078e-05, 0.0004650589366033302, 15.200891689611344
store_sales: 174.69669486396015, 23.130906571771426, 25.432536786349104
web_sales: 67.01082486007363, 8.80847012700975, 20.3609797289743
Function: 75.17606014986471, 3.862566725341081, 21.46132469177246, 45.378761065404355, 4.351501192896366, 0.08940262707008025, 0.03250384738037288
hiya: 0b10000101000100011111000, 75.17606014986471
catalog_sales: 132.3057429259643, 17.397604917012988, 11.502590535589718
customer: 0.8535048151388764, 0.11267335328124009, 10.301034981562873
customer_address: 0.2449320713058114, 0.033898233560211426, 9.126163393157832
customer_demographics: 0.011580578982830048, 0.002538551866867434, 6.39889352970495
date_dim: 0.001992875710129738, 0.0007719550857825737, 48.99854583784483
item: 0.03489831369370222, 0.005311371562063311, 39.04851759489181
store: 9.930133819580078e-05, 0.0004650589366033302, 15.200891689611344
store_sales: 174.69669486396015, 23.130906571771426, 25.432536786349104
web_sales: 67.01082486007363, 8.80847012700975, 20.3609797289743
catalog_sales: 132.3057429259643, 17.3969980157125, 8.163831119227009
customer: 0.8535048151388764, 0.11266943815880606, 6.961672579022114
customer_address: 0.2449320713058114, 0.033897110029294936, 5.115979497971699
date_dim: 0.001992875710129738, 0.0007719459442378951, 42.59711376541455
item: 0.03489831369370222, 0.005311211479579383, 34.32689526403022
store: 9.930133819580078e-05, 0.0004650584810969405, 12.138825926158226
store_sales: 174.69669486396015, 23.130105218413973, 21.362281486224035
web_sales: 67.01082486007363, 8.808162740830928, 19.35229622557923
Function: 81.57322173234516, 3.705590069730281, 28.019733428955078, 45.377360297871554, 4.350366070781152, 0.08767901818874636, 0.03249284681834876
hiya: 0b10000101000100010111000, 81.57322173234516
catalog_sales: 132.3057429259643, 17.3969980157125, 8.163831119227009
customer: 0.8535048151388764, 0.11266943815880606, 6.961672579022114
customer_address: 0.2449320713058114, 0.033897110029294936, 5.115979497971699
date_dim: 0.001992875710129738, 0.0007719459442378951, 42.59711376541455
item: 0.03489831369370222, 0.005311211479579383, 34.32689526403022
store: 9.930133819580078e-05, 0.0004650584810969405, 12.138825926158226
store_sales: 174.69669486396015, 23.130105218413973, 21.362281486224035
web_sales: 67.01082486007363, 8.808162740830928, 19.35229622557923
catalog_sales: 132.3057429259643, 17.396730390445814, 5.342749094453627
customer: 0.8535048151388764, 0.11266771170726499, 5.085213135923633
date_dim: 0.001992875710129738, 0.0007719419130909351, 37.4472371614447
item: 0.03489831369370222, 0.00531114088800639, 30.75558374567402
store: 9.930133819580078e-05, 0.00046505828023228775, 10.808156437935029
store_sales: 174.69669486396015, 23.129751845623662, 16.458401897220202
web_sales: 67.01082486007363, 8.808027192747547, 15.453258850638912
Function: 86.68820815633302, 3.6402843733489507, 33.2349157333374, 45.347733722746526, 4.345949216484229, 0.08686342572853045, 0.03246168468738794
hiya: 0b10000101000100010011000, 86.68820815633302
catalog_sales: 132.3057429259643, 17.396730390445814, 5.342749094453627
customer: 0.8535048151388764, 0.11266771170726499, 5.085213135923633
date_dim: 0.001992875710129738, 0.0007719419130909351, 37.4472371614447
item: 0.03489831369370222, 0.00531114088800639, 30.75558374567402
store: 9.930133819580078e-05, 0.00046505828023228775, 10.808156437935029
store_sales: 174.69669486396015, 23.129751845623662, 16.458401897220202
web_sales: 67.01082486007363, 8.808027192747547, 15.453258850638912
catalog_sales: 132.3057429259643, 17.39019521850641, 1.78813586504603
date_dim: 0.001992875710129738, 0.00077184347605312, 32.24935641225083
item: 0.03489831369370222, 0.005309417104326711, 29.75193113217155
store: 9.930133819580078e-05, 0.0004650533752954001, 10.808156442839966
store_sales: 174.69669486396015, 23.121122795115852, 11.269150100097114
web_sales: 67.01082486007363, 8.804717228625226, 10.258687967130335
Function: 91.75412733644697, 1.9476870868245761, 40.125393867492676, 45.24449520281535, 4.335983578434388, 0.06818965900860598, 0.03237794187135994
hiya: 0b10000101000100010001000, 91.75412733644697
catalog_sales: 132.3057429259643, 17.39019521850641, 1.78813586504603
date_dim: 0.001992875710129738, 0.00077184347605312, 32.24935641225083
item: 0.03489831369370222, 0.005309417104326711, 29.75193113217155
store: 9.930133819580078e-05, 0.0004650533752954001, 10.808156442839966
store_sales: 174.69669486396015, 23.121122795115852, 11.269150100097114
web_sales: 67.01082486007363, 8.804717228625226, 10.258687967130335
date_dim: 0.001992875710129738, 0.0007717363963889347, 13.07102543577806
item: 0.03489831369370222, 0.00530754197498876, 11.273268481134762
store: 9.930133819580078e-05, 0.0004650480397123062, 10.808156448175549
store_sales: 174.69669486396015, 23.111736126732456, -7.136917223960195
web_sales: 67.01082486007363, 8.801116654547112, -8.048165408899841
date_dim: 0.001992875710129738, 0.0007714802927617135, -0.0007714802927617135
date_dim had no query dependencies
item: 0.03489831369370222, 0.005303057207235592, -0.005303057207235592
item had no query dependencies
store: 9.930133819580078e-05, 0.0004650352785387064, -0.0004650352785387064
store had no query dependencies
Function: 77.67235279083252, 0, 77.67235279083252, 0.0, 0, 0.0, 0
hiya: 0b0, 77.67235279083252
{58.7877146080542: [0, 3, 4, 5, 6, 7, 8, 9, 10, 11, 12, 13, 14, 15, 16, 17, 18, 19, 20, 22, 23], 58.8005340604793: [0, 3, 4, 5, 6, 7, 8, 10, 11, 12, 13, 14, 15, 16, 17, 18, 19, 20, 22, 23], 58.928094478741855: [0, 3, 4, 5, 6, 7, 8, 10, 11, 12, 13, 14, 15, 16, 17, 18, 19, 20, 22], 59.082218100059166: [0, 3, 4, 5, 6, 7, 8, 10, 11, 12, 13, 14, 15, 16, 17, 18, 19, 22], 59.47080624892979: [0, 3, 4, 5, 6, 7, 8, 11, 12, 13, 14, 15, 16, 17, 18, 19, 22], 60.263836311847896: [0, 3, 4, 5, 6, 7, 8, 11, 12, 13, 15, 16, 17, 18, 22], 60.81016168588916: [3, 4, 5, 6, 7, 8, 11, 12, 13, 15, 16, 17, 18, 22], 62.729972987979046: [3, 4, 5, 6, 7, 8, 11, 12, 13, 15, 17, 18, 22], 65.04669714705136: [3, 4, 5, 6, 7, 8, 11, 13, 15, 17, 18, 22], 67.41985577478316: [3, 4, 5, 6, 7, 8, 11, 15, 17, 18, 22], 70.77139906560508: [3, 4, 5, 6, 7, 8, 11, 15, 17, 22], 75.17606014986471: [3, 4, 5, 6, 7, 11, 15, 17, 22], 81.57322173234516: [3, 4, 5, 7, 11, 15, 17, 22], 86.68820815633302: [3, 4, 7, 11, 15, 17, 22], 91.75412733644697: [3, 7, 11, 15, 17, 22], 77.67235279083252: []}
[0, 3, 4, 5, 6, 7, 8, 9, 10, 11, 12, 13, 14, 15, 16, 17, 18, 19, 20, 22, 23]
{'45': 4196528, '82': 134272, '24': 231472, '48': 164064, '32': 2184, '35': 4325624, '13': 164320, '88': 426240, '46': 164272, '61': 170160, '34': 164240, '56': 4327592, '23': 4327576, '99': 540809, '26': 6344, '29': 231560, '86': 4196480, '84': 66416, '74': 4325520, '36': 166016, '11': 4325520, '28': 131072, '02': 4194440, '21': 527488, '55': 133248, '10': 4325624, '07': 137408, '19': 166064, '09': 139264, '51': 4325504, '59': 163968, '18': 2296, '54': 4360376, '27': 166080, '67': 166016, '47': 166016, '62': 13123712, '39': 527488, '33': 4327592, '60': 4327592, '03': 133248, '53': 166016, '70': 163968, '87': 4325528, '69': 4325624, '04': 4325528, '44': 133120, '52': 133248, '25': 231560, '31': 4325536, '50': 229504, '15': 184, '17': 231560, '01': 98448, '63': 166016, '90': 5505280, '43': 163968, '14': 4327560, '42': 133248, '08': 164016, '58': 4327560, '12': 4196480, '93': 204800, '22': 527488, '97': 131208, '68': 164272, '06': 133296, '71': 4589704, '98': 133248, '65': 166016, '79': 164240, '89': 166016, '92': 4196480, '66': 4997256, '96': 426240, '76': 4327560, '73': 164240, '38': 4325528, '20': 2184, '57': 2185, '37': 3208}
Best Cost: $58.7877146080542;
[0, 3, 4, 5, 6, 7, 8, 9, 10, 11, 12, 13, 14, 15, 16, 17, 18, 19, 20, 22, 23]
{}
{'45': 4196528, '82': 134272, '24': 231472, '48': 164064, '32': 2184, '35': 4325624, '13': 164320, '88': 426240, '46': 164272, '61': 170160, '34': 164240, '56': 4327592, '23': 4327576, '99': 540809, '26': 6344, '29': 231560, '86': 4196480, '84': 66416, '74': 4325520, '36': 166016, '11': 4325520, '28': 131072, '02': 4194440, '21': 527488, '55': 133248, '10': 4325624, '07': 137408, '19': 166064, '09': 139264, '51': 4325504, '59': 163968, '18': 2296, '54': 4360376, '27': 166080, '67': 166016, '47': 166016, '62': 13123712, '39': 527488, '33': 4327592, '60': 4327592, '03': 133248, '53': 166016, '70': 163968, '87': 4325528, '69': 4325624, '04': 4325528, '44': 133120, '52': 133248, '25': 231560, '31': 4325536, '50': 229504, '15': 184, '17': 231560, '01': 98448, '63': 166016, '90': 5505280, '43': 163968, '14': 4327560, '42': 133248, '08': 164016, '58': 4327560, '12': 4196480, '93': 204800, '22': 527488, '97': 131208, '68': 164272, '06': 133296, '71': 4589704, '98': 133248, '65': 166016, '79': 164240, '89': 166016, '92': 4196480, '66': 4997256, '96': 426240, '76': 4327560, '73': 164240, '38': 4325528, '20': 2184, '57': 2185, '37': 3208}
{'45': 4196528, '82': 134272, '24': 231472, '48': 164064, '32': 2184, '35': 4325624, '13': 164320, '88': 426240, '46': 164272, '61': 170160, '34': 164240, '56': 4327592, '23': 4327576, '99': 540809, '26': 6344, '29': 231560, '86': 4196480, '84': 66416, '74': 4325520, '36': 166016, '11': 4325520, '28': 131072, '02': 4194440, '21': 527488, '55': 133248, '10': 4325624, '07': 137408, '19': 166064, '09': 139264, '51': 4325504, '59': 163968, '18': 2296, '54': 4360376, '27': 166080, '67': 166016, '47': 166016, '62': 13123712, '39': 527488, '33': 4327592, '60': 4327592, '03': 133248, '53': 166016, '70': 163968, '87': 4325528, '69': 4325624, '04': 4325528, '44': 133120, '52': 133248, '25': 231560, '31': 4325536, '50': 229504, '15': 184, '17': 231560, '01': 98448, '63': 166016, '90': 5505280, '43': 163968, '14': 4327560, '42': 133248, '08': 164016, '58': 4327560, '12': 4196480, '93': 204800, '22': 527488, '97': 131208, '68': 164272, '06': 133296, '71': 4589704, '98': 133248, '65': 166016, '79': 164240, '89': 166016, '92': 4196480, '66': 4997256, '96': 426240, '76': 4327560, '73': 164240, '38': 4325528, '20': 2184, '57': 2185, '37': 3208}
[0, 3, 4, 5, 6, 7, 8, 9, 10, 11, 12, 13, 14, 15, 16, 17, 18, 19, 20, 22, 23]
21
Optimal Subset: 0b110111111111111111111001
Function: 58.7877146080542, 4.563790284258923, 0.8410024642944336, 48.52213731959963, 4.717894910159509, 0.10802048267112496, 0.03486914707058966
58.7877146080542
Real: 58.7877146080542, 4.563790284258923, 0.8410024642944336, 48.52213731959963, 4.717894910159509, 0.10802048267112496, 0.03486914707058966
Num Redshift Qs: 81; Num GCP Qs: 5
Redshift Qs: $4.563790284258923; GCP Qs: $0.8410024642944336; Movement Cost: $48.52213731959963
Load Cost: $4.717894910159509, Storage Cost: $0.10802048267112496, API Cost: $0.03486914707058966
Final cost: $58.7877146080542, BQ Baseline: $77.67235279083252, Diff: $18.884638182778318, %: 24.313204768798023%
