Egress: $0.12/GB
Benchmark: tpcds
Data Path: parquet_1000/real_data_rs1
BigQuery Cost: $5/TB; DuckDB Cost: $1.48/hr; Redshift Cost: $1.086/hr
Use Duck: False
Excluded Table: customer_demographics
Excluded Query: None

Starting analysis without using DuckDB
Redshift Total: $5.887320223162573, Redshift-Calcite Total: $5.230648909111817, BigQuery Total: $82.86781311035156
Excluding table customer_demographics and any queries that depend on it
Total Keys: 85, Keys Considered: 84
-0.25567033058269256
call_center: 9.615905582904816e-06, 0.0003980827810117572, 1.1649407710474977
catalog_page: 0.0017016949132084846, 0.0014783225358322141, 6.476166442696969
catalog_returns: 13.009788101539016, 1.6959958431469078, 11.887692885842853
catalog_sales: 132.3057429259643, 17.404234502327462, 26.44076614978431
customer: 0.8535048151388764, 0.11271612075953047, 12.580637651072458
customer_address: 0.2449320713058114, 0.033910506633375616, 9.787573220494334
date_dim: 0.001992875710129738, 0.0007720549449364492, 67.83471137564928
household_demographics: 3.5176053643226624e-05, 0.00034244233976013304, 6.24808305081556
income_band: 5.122274160385132e-07, 0.0003478788803647653, -0.0003478788803647653
income_band had no query dependencies
inventory: 5.1357166497036815, 0.7700163618465582, 0.39584766833937957
item: 0.03489831369370222, 0.00531312024917883, 47.50444284738614
promotion: 7.638614624738693e-05, 0.0004580691674779817, 5.026264731257813
reason: 1.4491379261016846e-06, 0.0003583096535591217, 2.903156985943358
ship_mode: 1.3029202818870544e-06, 0.0003487831929236368, 0.921458254875053
store: 9.930133819580078e-05, 0.0004650639124016504, 32.28291077883887
store_returns: 20.850121902301908, 2.720647057328309, 14.877392552180998
store_sales: 174.69669486396015, 23.139660285836623, 49.31561697840753
time_dim: 0.0012146271765232086, 0.0008090673987473136, 4.046265579889178
warehouse: 2.907589077949524e-06, 0.0003193879771545136, 2.030009396365452
web_page: 7.394980639219284e-05, 0.00035020809125270447, 2.481917102642542
web_returns: 6.285572262480855, 0.8123769048274926, 12.673950454847672
web_sales: 67.01082486007363, 8.811827910055129, 34.310215730914464
web_site: 1.0454095900058746e-05, 0.00033023117385661227, 7.143858935899711
-0.2556702798875049
call_center: 9.615905582904816e-06, 0.0003980827809175146, 1.1649407710475919
catalog_page: 0.0017016949132084846, 0.001478322519154419, 6.476166442713647
catalog_returns: 13.009788101539016, 1.6959957156419245, 11.887693013347835
catalog_sales: 132.3057429259643, 17.404233205639045, 26.440767446472726
customer: 0.8535048151388764, 0.1127161123945889, 12.5806376594374
customer_address: 0.2449320713058114, 0.03391050423287075, 9.787573222894839
date_dim: 0.001992875710129738, 0.0007720549254048793, 67.8347113756688
household_demographics: 3.5176053643226624e-05, 0.0003424423394153832, 6.248083050815905
inventory: 5.1357166497036815, 0.7700163115129585, 0.3958477186729793
item: 0.03489831369370222, 0.005313119907151052, 47.504442847728164
promotion: 7.638614624738693e-05, 0.0004580691667293442, 5.0262647312585615
reason: 1.4491379261016846e-06, 0.00035830965354491915, 2.9031569859433723
ship_mode: 1.3029202818870544e-06, 0.0003487831929108672, 0.9214582548750657
store: 9.930133819580078e-05, 0.00046506391142842816, 32.28291077883984
store_returns: 20.850121902301908, 2.7206468529825942, 14.877392756526714
store_sales: 174.69669486396015, 23.139658573687356, 49.3156186905568
time_dim: 0.0012146271765232086, 0.0008090673868431215, 4.046265579901082
warehouse: 2.907589077949524e-06, 0.00031938797712601717, 2.0300093963654806
web_page: 7.394980639219284e-05, 0.00035020809052794486, 2.481917102643267
web_returns: 6.285572262480855, 0.8123768432245072, 12.673950516450658
web_sales: 67.01082486007363, 8.811827253302381, 34.31021638766721
web_site: 1.0454095900058746e-05, 0.00033023117375415484, 7.143858935899814
{}
{}
STARTING PHASE 2: 0b111111111111110110111111
----
[0, 1, 2, 3, 4, 5, 7, 8, 10, 11, 12, 13, 14, 15, 16, 17, 18, 19, 20, 21, 22, 23]
Function: 60.95368578490801, 5.037527085822821, 0.00011920928955078125, 50.854876954987105, 4.903362800182104, 0.1212543220002273, 0.03654541262620092
-0.2556702798875049
call_center: 9.615905582904816e-06, 0.0003980827809175146, 1.1649407710475919
catalog_page: 0.0017016949132084846, 0.001478322519154419, 6.476166442713647
catalog_returns: 13.009788101539016, 1.6959957156419245, 11.887693013347835
catalog_sales: 132.3057429259643, 17.404233205639045, 26.440767446472726
customer: 0.8535048151388764, 0.1127161123945889, 12.5806376594374
customer_address: 0.2449320713058114, 0.03391050423287075, 9.787573222894839
date_dim: 0.001992875710129738, 0.0007720549254048793, 67.8347113756688
household_demographics: 3.5176053643226624e-05, 0.0003424423394153832, 6.248083050815905
inventory: 5.1357166497036815, 0.7700163115129585, 0.3958477186729793
item: 0.03489831369370222, 0.005313119907151052, 47.504442847728164
promotion: 7.638614624738693e-05, 0.0004580691667293442, 5.0262647312585615
reason: 1.4491379261016846e-06, 0.00035830965354491915, 2.9031569859433723
ship_mode: 1.3029202818870544e-06, 0.0003487831929108672, 0.9214582548750657
store: 9.930133819580078e-05, 0.00046506391142842816, 32.28291077883984
store_returns: 20.850121902301908, 2.7206468529825942, 14.877392756526714
store_sales: 174.69669486396015, 23.139658573687356, 49.3156186905568
time_dim: 0.0012146271765232086, 0.0008090673868431215, 4.046265579901082
warehouse: 2.907589077949524e-06, 0.00031938797712601717, 2.0300093963654806
web_page: 7.394980639219284e-05, 0.00035020809052794486, 2.481917102643267
web_returns: 6.285572262480855, 0.8123768432245072, 12.673950516450658
web_sales: 67.01082486007363, 8.811827253302381, 34.31021638766721
web_site: 1.0454095900058746e-05, 0.00033023117375415484, 7.143858935899814
call_center: 9.615905582904816e-06, 0.0003980827217391853, 1.1649407711067703
catalog_page: 0.0017016949132084846, 0.0014783120465617899, 6.47616645318624
catalog_returns: 13.009788101539016, 1.6959156506373696, 11.88777307835239
catalog_sales: 132.3057429259643, 17.403418967941448, 26.308232860693295
customer: 0.8535048151388764, 0.11271085974432446, 12.580642912087665
customer_address: 0.2449320713058114, 0.0339089968687806, 9.78757473025893
date_dim: 0.001992875710129738, 0.0007720426608236607, 66.66884735774745
household_demographics: 3.5176053643226624e-05, 0.0003424421229344634, 6.248083051032386
item: 0.03489831369370222, 0.005312905135501964, 46.338579032313866
promotion: 7.638614624738693e-05, 0.0004580686966327447, 5.026264731728658
reason: 1.4491379261016846e-06, 0.00035830964462661594, 2.9031569859522905
ship_mode: 1.3029202818870544e-06, 0.00034878318489241857, 0.9214582548830842
store: 9.930133819580078e-05, 0.00046506330030686086, 32.282910779450965
store_returns: 20.850121902301908, 2.720518536895349, 14.877521072613959
store_sales: 174.69669486396015, 23.138583453050426, 49.13262888692144
time_dim: 0.0012146271765232086, 0.0008090599117689956, 4.046265587376156
warehouse: 2.907589077949524e-06, 0.00031938795923209525, 1.1815591139467654
web_page: 7.394980639219284e-05, 0.00035020763542509926, 2.48191710309837
web_returns: 6.285572262480855, 0.812338160475188, 12.673989199199978
web_sales: 67.01082486007363, 8.811414854425797, 34.310628786543795
web_site: 1.0454095900058746e-05, 0.00033023110941742396, 7.1438589359641504
Function: 61.34205594716339, 4.977194826946258, 1.2263154983520508, 50.23366922856669, 4.751567370824416, 0.11721733576630537, 0.03609168670766652
hiya: 0b111111111111100110111111, 61.34205594716339
call_center: 9.615905582904816e-06, 0.0003980827217391853, 1.1649407711067703
catalog_page: 0.0017016949132084846, 0.0014783120465617899, 6.47616645318624
catalog_returns: 13.009788101539016, 1.6959156506373696, 11.88777307835239
catalog_sales: 132.3057429259643, 17.403418967941448, 26.308232860693295
customer: 0.8535048151388764, 0.11271085974432446, 12.580642912087665
customer_address: 0.2449320713058114, 0.0339089968687806, 9.78757473025893
date_dim: 0.001992875710129738, 0.0007720426608236607, 66.66884735774745
household_demographics: 3.5176053643226624e-05, 0.0003424421229344634, 6.248083051032386
item: 0.03489831369370222, 0.005312905135501964, 46.338579032313866
promotion: 7.638614624738693e-05, 0.0004580686966327447, 5.026264731728658
reason: 1.4491379261016846e-06, 0.00035830964462661594, 2.9031569859522905
ship_mode: 1.3029202818870544e-06, 0.00034878318489241857, 0.9214582548830842
store: 9.930133819580078e-05, 0.00046506330030686086, 32.282910779450965
store_returns: 20.850121902301908, 2.720518536895349, 14.877521072613959
store_sales: 174.69669486396015, 23.138583453050426, 49.13262888692144
time_dim: 0.0012146271765232086, 0.0008090599117689956, 4.046265587376156
warehouse: 2.907589077949524e-06, 0.00031938795923209525, 1.1815591139467654
web_page: 7.394980639219284e-05, 0.00035020763542509926, 2.48191710309837
web_returns: 6.285572262480855, 0.812338160475188, 12.673989199199978
web_sales: 67.01082486007363, 8.811414854425797, 34.310628786543795
web_site: 1.0454095900058746e-05, 0.00033023110941742396, 7.1438589359641504
call_center: 9.615905582904816e-06, 0.0003980827166295795, 0.9105380318214836
catalog_page: 0.0017016949132084846, 0.0014783111423317954, 6.476166454090469
catalog_returns: 13.009788101539016, 1.6959087376234483, 11.887779991366312
catalog_sales: 132.3057429259643, 17.403348664610174, 25.51442558367393
customer: 0.8535048151388764, 0.112710406217286, 12.580643365614703
customer_address: 0.2449320713058114, 0.03390886671917282, 9.787574860408537
date_dim: 0.001992875710129738, 0.000772041601868863, 65.74704032073844
household_demographics: 3.5176053643226624e-05, 0.00034244210424295616, 6.248083051051077
item: 0.03489831369370222, 0.005312886591577459, 46.338579050857795
promotion: 7.638614624738693e-05, 0.00045806865604342163, 5.026264731769247
reason: 1.4491379261016846e-06, 0.0003583096438565872, 2.9031569859530606
store: 9.930133819580078e-05, 0.0004650632475410873, 32.28291077950373
store_returns: 20.850121902301908, 2.720507457761558, 14.877532151747749
store_sales: 174.69669486396015, 23.138490624429842, 49.132721715542026
time_dim: 0.0012146271765232086, 0.0008090592663522897, 3.5067907469613315
warehouse: 2.907589077949524e-06, 0.000319387957687089, 0.25975207588033383
web_page: 7.394980639219284e-05, 0.0003502075961303746, 2.4819171031376643
web_returns: 6.285572262480855, 0.8123348205092936, 12.673992539165871
web_sales: 67.01082486007363, 8.81137924686928, 33.64326009532273
web_site: 1.0454095900058746e-05, 0.0003302311038624288, 7.0159294782523665
Function: 62.26329352418237, 4.959217815026442, 2.1660995483398438, 50.23366907096763, 4.7512287444702785, 0.11699665878307888, 0.036081686595094205
hiya: 0b111111111011100110111111, 62.26329352418237
call_center: 9.615905582904816e-06, 0.0003980827166295795, 0.9105380318214836
catalog_page: 0.0017016949132084846, 0.0014783111423317954, 6.476166454090469
catalog_returns: 13.009788101539016, 1.6959087376234483, 11.887779991366312
catalog_sales: 132.3057429259643, 17.403348664610174, 25.51442558367393
customer: 0.8535048151388764, 0.112710406217286, 12.580643365614703
customer_address: 0.2449320713058114, 0.03390886671917282, 9.787574860408537
date_dim: 0.001992875710129738, 0.000772041601868863, 65.74704032073844
household_demographics: 3.5176053643226624e-05, 0.00034244210424295616, 6.248083051051077
item: 0.03489831369370222, 0.005312886591577459, 46.338579050857795
promotion: 7.638614624738693e-05, 0.00045806865604342163, 5.026264731769247
reason: 1.4491379261016846e-06, 0.0003583096438565872, 2.9031569859530606
store: 9.930133819580078e-05, 0.0004650632475410873, 32.28291077950373
store_returns: 20.850121902301908, 2.720507457761558, 14.877532151747749
store_sales: 174.69669486396015, 23.138490624429842, 49.132721715542026
time_dim: 0.0012146271765232086, 0.0008090592663522897, 3.5067907469613315
warehouse: 2.907589077949524e-06, 0.000319387957687089, 0.25975207588033383
web_page: 7.394980639219284e-05, 0.0003502075961303746, 2.4819171031376643
web_returns: 6.285572262480855, 0.8123348205092936, 12.673992539165871
web_sales: 67.01082486007363, 8.81137924686928, 33.64326009532273
web_site: 1.0454095900058746e-05, 0.0003302311038624288, 7.0159294782523665
call_center: 9.615905582904816e-06, 0.00039808271187408373, 0.910538031826239
catalog_page: 0.0017016949132084846, 0.0014783103007674915, 6.4761664549320335
catalog_returns: 13.009788101539016, 1.6959023037009033, 11.627714961450836
catalog_sales: 132.3057429259643, 17.403283233498183, 25.254419550947897
customer: 0.8535048151388764, 0.11270998412095133, 12.580643787711038
customer_address: 0.2449320713058114, 0.033908745589300196, 9.787574981538409
date_dim: 0.001992875710129738, 0.0007720406163026216, 65.48696885788597
household_demographics: 3.5176053643226624e-05, 0.0003424420868468231, 6.248083051068473
item: 0.03489831369370222, 0.00531286933279926, 46.07850760427855
promotion: 7.638614624738693e-05, 0.00045806861826705323, 5.026264731807024
reason: 1.4491379261016846e-06, 0.00035830964313992366, 2.9031569859537774
store: 9.930133819580078e-05, 0.00046506319843213074, 32.282910779552836
store_returns: 20.850121902301908, 2.7204971464430088, 14.877542463066298
store_sales: 174.69669486396015, 23.138404229094665, 49.13280811087721
time_dim: 0.0012146271765232086, 0.0008090586656647831, 3.506790747562019
web_page: 7.394980639219284e-05, 0.0003502075595588853, 2.481917103174236
web_returns: 6.285572262480855, 0.8123317120124625, 12.673995647662704
web_sales: 67.01082486007363, 8.811346107016925, 33.643293235175086
web_site: 1.0454095900058746e-05, 0.0003302310986924104, 7.0159294782575365
Function: 62.52284021417452, 4.942480540155967, 2.44290828704834, 50.2336687192705, 4.750919706493616, 0.11679127486221369, 0.03607168634387851
hiya: 0b111101111011100110111111, 62.52284021417452
call_center: 9.615905582904816e-06, 0.00039808271187408373, 0.910538031826239
catalog_page: 0.0017016949132084846, 0.0014783103007674915, 6.4761664549320335
catalog_returns: 13.009788101539016, 1.6959023037009033, 11.627714961450836
catalog_sales: 132.3057429259643, 17.403283233498183, 25.254419550947897
customer: 0.8535048151388764, 0.11270998412095133, 12.580643787711038
customer_address: 0.2449320713058114, 0.033908745589300196, 9.787574981538409
date_dim: 0.001992875710129738, 0.0007720406163026216, 65.48696885788597
household_demographics: 3.5176053643226624e-05, 0.0003424420868468231, 6.248083051068473
item: 0.03489831369370222, 0.00531286933279926, 46.07850760427855
promotion: 7.638614624738693e-05, 0.00045806861826705323, 5.026264731807024
reason: 1.4491379261016846e-06, 0.00035830964313992366, 2.9031569859537774
store: 9.930133819580078e-05, 0.00046506319843213074, 32.282910779552836
store_returns: 20.850121902301908, 2.7204971464430088, 14.877542463066298
store_sales: 174.69669486396015, 23.138404229094665, 49.13280811087721
time_dim: 0.0012146271765232086, 0.0008090586656647831, 3.506790747562019
web_page: 7.394980639219284e-05, 0.0003502075595588853, 2.481917103174236
web_returns: 6.285572262480855, 0.8123317120124625, 12.673995647662704
web_sales: 67.01082486007363, 8.811346107016925, 33.643293235175086
web_site: 1.0454095900058746e-05, 0.0003302310986924104, 7.0159294782575365
catalog_page: 0.0017016949132084846, 0.001478300853250359, 6.476166464379551
catalog_returns: 13.009788101539016, 1.695830075597601, 11.264484398659231
catalog_sales: 132.3057429259643, 17.40254869479602, 24.344217975111942
customer: 0.8535048151388764, 0.11270524560918806, 12.5806485262228
customer_address: 0.2449320713058114, 0.03390738576861671, 9.424273550464187
date_dim: 0.001992875710129738, 0.0007720295521998448, 64.57603275441197
household_demographics: 3.5176053643226624e-05, 0.00034244189155543047, 6.248083051263765
item: 0.03489831369370222, 0.005312675583370993, 45.530874474384774
promotion: 7.638614624738693e-05, 0.00045806819418432265, 5.026264732231106
reason: 1.4491379261016846e-06, 0.0003583096350945594, 2.9031569859618225
store: 9.930133819580078e-05, 0.0004650626471282004, 32.28291078010414
store_returns: 20.850121902301908, 2.720381390156521, 14.877658219352785
store_sales: 174.69669486396015, 23.137434343126905, 49.13377799684496
time_dim: 0.0012146271765232086, 0.0008090519222638535, 3.50679075430542
web_page: 7.394980639219284e-05, 0.0003502071490022941, 2.4819171035847925
web_returns: 6.285572262480855, 0.8122968155976136, 12.674030544077551
web_sales: 67.01082486007363, 8.81097407445632, 33.64366526773569
web_site: 1.0454095900058746e-05, 0.00033023104065307016, 7.0159294783155755
Function: 63.43107257776613, 4.751503202545643, 3.5448217391967773, 50.233667556146585, 4.750532781225443, 0.11448561313861609, 0.03606168551306427
hiya: 0b111101111011100110111110, 63.43107257776613
catalog_page: 0.0017016949132084846, 0.001478300853250359, 6.476166464379551
catalog_returns: 13.009788101539016, 1.695830075597601, 11.264484398659231
catalog_sales: 132.3057429259643, 17.40254869479602, 24.344217975111942
customer: 0.8535048151388764, 0.11270524560918806, 12.5806485262228
customer_address: 0.2449320713058114, 0.03390738576861671, 9.424273550464187
date_dim: 0.001992875710129738, 0.0007720295521998448, 64.57603275441197
household_demographics: 3.5176053643226624e-05, 0.00034244189155543047, 6.248083051263765
item: 0.03489831369370222, 0.005312675583370993, 45.530874474384774
promotion: 7.638614624738693e-05, 0.00045806819418432265, 5.026264732231106
reason: 1.4491379261016846e-06, 0.0003583096350945594, 2.9031569859618225
store: 9.930133819580078e-05, 0.0004650626471282004, 32.28291078010414
store_returns: 20.850121902301908, 2.720381390156521, 14.877658219352785
store_sales: 174.69669486396015, 23.137434343126905, 49.13377799684496
time_dim: 0.0012146271765232086, 0.0008090519222638535, 3.50679075430542
web_page: 7.394980639219284e-05, 0.0003502071490022941, 2.4819171035847925
web_returns: 6.285572262480855, 0.8122968155976136, 12.674030544077551
web_sales: 67.01082486007363, 8.81097407445632, 33.64366526773569
web_site: 1.0454095900058746e-05, 0.00033023104065307016, 7.0159294783155755
catalog_page: 0.0017016949132084846, 0.0014782993813908225, 6.476166465851411
catalog_returns: 13.009788101539016, 1.695818822945592, 8.936736686551333
catalog_sales: 132.3057429259643, 17.402434258613635, 22.016573446534434
customer: 0.8535048151388764, 0.11270450738097113, 12.580649264451017
customer_address: 0.2449320713058114, 0.03390717391771316, 9.42427376231509
date_dim: 0.001992875710129738, 0.0007720278284871533, 62.24827379137576
household_demographics: 3.5176053643226624e-05, 0.00034244186113034685, 6.093574705320301
item: 0.03489831369370222, 0.0053126453985150495, 45.53087450456963
promotion: 7.638614624738693e-05, 0.0004580681281150896, 5.026264732297176
reason: 1.4491379261016846e-06, 0.00035830963384114587, 2.903156985963076
store: 9.930133819580078e-05, 0.00046506256123876133, 29.955151815430117
store_returns: 20.850121902301908, 2.7203633561067515, 12.54991728864265
store_sales: 174.69669486396015, 23.1372832414257, 46.80617013378626
time_dim: 0.0012146271765232086, 0.0008090508716874081, 3.352282409382107
web_returns: 6.285572262480855, 0.8122913789712214, 10.346277015944043
web_sales: 67.01082486007363, 8.810916114289165, 31.161455917169057
web_site: 1.0454095900058746e-05, 0.00033023103161093187, 7.015929478324618
Function: 65.91263040440063, 4.722021245701313, 6.056571006774902, 50.23365861130125, 4.750201474828323, 0.1141263866710444, 0.03605167912380099
hiya: 0b111001111011100110111110, 65.91263040440063
catalog_page: 0.0017016949132084846, 0.0014782993813908225, 6.476166465851411
catalog_returns: 13.009788101539016, 1.695818822945592, 8.936736686551333
catalog_sales: 132.3057429259643, 17.402434258613635, 22.016573446534434
customer: 0.8535048151388764, 0.11270450738097113, 12.580649264451017
customer_address: 0.2449320713058114, 0.03390717391771316, 9.42427376231509
date_dim: 0.001992875710129738, 0.0007720278284871533, 62.24827379137576
household_demographics: 3.5176053643226624e-05, 0.00034244186113034685, 6.093574705320301
item: 0.03489831369370222, 0.0053126453985150495, 45.53087450456963
promotion: 7.638614624738693e-05, 0.0004580681281150896, 5.026264732297176
reason: 1.4491379261016846e-06, 0.00035830963384114587, 2.903156985963076
store: 9.930133819580078e-05, 0.00046506256123876133, 29.955151815430117
store_returns: 20.850121902301908, 2.7203633561067515, 12.54991728864265
store_sales: 174.69669486396015, 23.1372832414257, 46.80617013378626
time_dim: 0.0012146271765232086, 0.0008090508716874081, 3.352282409382107
web_returns: 6.285572262480855, 0.8122913789712214, 10.346277015944043
web_sales: 67.01082486007363, 8.810916114289165, 31.161455917169057
web_site: 1.0454095900058746e-05, 0.00033023103161093187, 7.015929478324618
catalog_page: 0.0017016949132084846, 0.0014782920152083049, 6.476166473217593
catalog_returns: 13.009788101539016, 1.695762507049641, 8.936793002447283
catalog_sales: 132.3057429259643, 17.401861542409947, 22.017146162738122
customer: 0.8535048151388764, 0.11270081278671733, 12.58065295904527
customer_address: 0.2449320713058114, 0.033906113672232216, 9.424274822560571
date_dim: 0.001992875710129738, 0.000772019201860781, 62.24827380000239
household_demographics: 3.5176053643226624e-05, 0.0003424417088626111, 6.0935747054725695
item: 0.03489831369370222, 0.005312494333041308, 45.5308746556351
promotion: 7.638614624738693e-05, 0.00045806779745987596, 5.026264732627831
store: 9.930133819580078e-05, 0.0004650621313898056, 29.955151815859967
store_returns: 20.850121902301908, 2.720273101501031, 12.021390633814372
store_sales: 174.69669486396015, 23.136527026119644, 43.90341105349541
time_dim: 0.0012146271765232086, 0.0008090456138909583, 3.3522824146399035
web_returns: 6.285572262480855, 0.8122641704086558, 10.346304224506609
web_sales: 67.01082486007363, 8.810626042336345, 31.161745989121876
web_site: 1.0454095900058746e-05, 0.0003302309863579445, 7.015929478369871
Function: 68.81398967833432, 4.5731636088641485, 9.108943939208984, 50.23365843601594, 4.749853339614471, 0.11232867563216979, 0.03604167899859548
hiya: 0b111001111001100110111110, 68.81398967833432
catalog_page: 0.0017016949132084846, 0.0014782920152083049, 6.476166473217593
catalog_returns: 13.009788101539016, 1.695762507049641, 8.936793002447283
catalog_sales: 132.3057429259643, 17.401861542409947, 22.017146162738122
customer: 0.8535048151388764, 0.11270081278671733, 12.58065295904527
customer_address: 0.2449320713058114, 0.033906113672232216, 9.424274822560571
date_dim: 0.001992875710129738, 0.000772019201860781, 62.24827380000239
household_demographics: 3.5176053643226624e-05, 0.0003424417088626111, 6.0935747054725695
item: 0.03489831369370222, 0.005312494333041308, 45.5308746556351
promotion: 7.638614624738693e-05, 0.00045806779745987596, 5.026264732627831
store: 9.930133819580078e-05, 0.0004650621313898056, 29.955151815859967
store_returns: 20.850121902301908, 2.720273101501031, 12.021390633814372
store_sales: 174.69669486396015, 23.136527026119644, 43.90341105349541
time_dim: 0.0012146271765232086, 0.0008090456138909583, 3.3522824146399035
web_returns: 6.285572262480855, 0.8122641704086558, 10.346304224506609
web_sales: 67.01082486007363, 8.810626042336345, 31.161745989121876
web_site: 1.0454095900058746e-05, 0.0003302309863579445, 7.015929478369871
catalog_page: 0.0017016949132084846, 0.0014782886677406212, 6.47616647656506
catalog_returns: 13.009788101539016, 1.6957369150090802, 8.936818594487844
catalog_sales: 132.3057429259643, 17.40160127883663, 21.30255337819785
customer: 0.8535048151388764, 0.1126991338254862, 12.580654638006502
customer_address: 0.2449320713058114, 0.03390563185719767, 9.424275304375605
date_dim: 0.001992875710129738, 0.0007720152816004656, 61.53342075580907
household_demographics: 3.5176053643226624e-05, 0.0003424416396664809, 3.455336293401554
item: 0.03489831369370222, 0.005312425683263727, 44.81602167617129
promotion: 7.638614624738693e-05, 0.0004580676471978319, 5.026264732778093
store: 9.930133819580078e-05, 0.0004650619360504307, 27.3169134039151
store_returns: 20.850121902301908, 2.7202320864467304, 12.021431648868672
store_sales: 174.69669486396015, 23.136183373719938, 40.5506632456413
web_returns: 6.285572262480855, 0.8122518058244648, 10.346316589090799
web_sales: 67.01082486007363, 8.810494222837484, 30.447024760507148
web_site: 1.0454095900058746e-05, 0.00033023096579330155, 7.015929478390436
Function: 72.16545398467643, 4.506011805873315, 12.529187202453613, 50.23351151673705, 4.749200482735237, 0.11151140282241447, 0.036031574054807426
hiya: 0b111000111001100110111110, 72.16545398467643
catalog_page: 0.0017016949132084846, 0.0014782886677406212, 6.47616647656506
catalog_returns: 13.009788101539016, 1.6957369150090802, 8.936818594487844
catalog_sales: 132.3057429259643, 17.40160127883663, 21.30255337819785
customer: 0.8535048151388764, 0.1126991338254862, 12.580654638006502
customer_address: 0.2449320713058114, 0.03390563185719767, 9.424275304375605
date_dim: 0.001992875710129738, 0.0007720152816004656, 61.53342075580907
household_demographics: 3.5176053643226624e-05, 0.0003424416396664809, 3.455336293401554
item: 0.03489831369370222, 0.005312425683263727, 44.81602167617129
promotion: 7.638614624738693e-05, 0.0004580676471978319, 5.026264732778093
store: 9.930133819580078e-05, 0.0004650619360504307, 27.3169134039151
store_returns: 20.850121902301908, 2.7202320864467304, 12.021431648868672
store_sales: 174.69669486396015, 23.136183373719938, 40.5506632456413
web_returns: 6.285572262480855, 0.8122518058244648, 10.346316589090799
web_sales: 67.01082486007363, 8.810494222837484, 30.447024760507148
web_site: 1.0454095900058746e-05, 0.00033023096579330155, 7.015929478390436
catalog_page: 0.0017016949132084846, 0.0014782846936544035, 6.476166480539147
catalog_returns: 13.009788101539016, 1.6957065323481293, 8.936848977148795
catalog_sales: 132.3057429259643, 17.401292296053988, 21.30286236098049
customer: 0.8535048151388764, 0.11269714057646354, 9.124977896214306
customer_address: 0.2449320713058114, 0.03390505985033481, 7.753491637817104
date_dim: 0.001992875710129738, 0.0007720106274995268, 58.077742025421934
item: 0.03489831369370222, 0.0053123441828100346, 44.81602175767174
promotion: 7.638614624738693e-05, 0.00045806746880796385, 5.0262647329564825
store: 9.930133819580078e-05, 0.00046506170414512476, 23.861234669105784
store_returns: 20.850121902301908, 2.720183393710185, 12.021480341605217
store_sales: 174.69669486396015, 23.13577539240557, 37.09539249191445
web_returns: 6.285572262480855, 0.812237126691381, 10.346331268223883
web_sales: 67.01082486007363, 8.810337727808058, 30.447181255536574
web_site: 1.0454095900058746e-05, 0.00033023094137912595, 7.01592947841485
Function: 75.61982037489135, 4.425842877035141, 16.065034866333008, 50.23350726190023, 4.748872274706364, 0.11054152390102011, 0.03602157101559639
hiya: 0b111000111001100010111110, 75.61982037489135
catalog_page: 0.0017016949132084846, 0.0014782846936544035, 6.476166480539147
catalog_returns: 13.009788101539016, 1.6957065323481293, 8.936848977148795
catalog_sales: 132.3057429259643, 17.401292296053988, 21.30286236098049
customer: 0.8535048151388764, 0.11269714057646354, 9.124977896214306
customer_address: 0.2449320713058114, 0.03390505985033481, 7.753491637817104
date_dim: 0.001992875710129738, 0.0007720106274995268, 58.077742025421934
item: 0.03489831369370222, 0.0053123441828100346, 44.81602175767174
promotion: 7.638614624738693e-05, 0.00045806746880796385, 5.0262647329564825
store: 9.930133819580078e-05, 0.00046506170414512476, 23.861234669105784
store_returns: 20.850121902301908, 2.720183393710185, 12.021480341605217
store_sales: 174.69669486396015, 23.13577539240557, 37.09539249191445
web_returns: 6.285572262480855, 0.812237126691381, 10.346331268223883
web_sales: 67.01082486007363, 8.810337727808058, 30.447181255536574
web_site: 1.0454095900058746e-05, 0.00033023094137912595, 7.01592947841485
catalog_page: 0.0017016949132084846, 0.0014782807597321455, 2.5585257401839097
catalog_returns: 13.009788101539016, 1.6956764567484512, 5.019238308459316
catalog_sales: 132.3057429259643, 17.400986435994756, 17.385527476750564
customer: 0.8535048151388764, 0.11269516747214062, 8.015897813182496
customer_address: 0.2449320713058114, 0.03390449362443878, 6.64441014790687
date_dim: 0.001992875710129738, 0.000772006020435092, 53.05101922960371
item: 0.03489831369370222, 0.005312263506037754, 39.78929903792323
store: 9.930133819580078e-05, 0.0004650614745835614, 18.834511868910056
store_returns: 20.850121902301908, 2.720135193085034, 8.103887797941209
store_sales: 174.69669486396015, 23.13537153433972, 32.06907354955501
web_returns: 6.285572262480855, 0.8122225959124292, 6.428705054713674
web_sales: 67.01082486007363, 8.810182814390034, 26.52969542466544
web_site: 1.0454095900058746e-05, 0.00033023091721169135, 3.098288734149857
Function: 80.64512496729584, 4.346598155792951, 21.17100238800049, 50.23349802235929, 4.748433400506974, 0.10958143622031563, 0.03601156441583336
hiya: 0b111000111000100010111110, 80.64512496729584
catalog_page: 0.0017016949132084846, 0.0014782807597321455, 2.5585257401839097
catalog_returns: 13.009788101539016, 1.6956764567484512, 5.019238308459316
catalog_sales: 132.3057429259643, 17.400986435994756, 17.385527476750564
customer: 0.8535048151388764, 0.11269516747214062, 8.015897813182496
customer_address: 0.2449320713058114, 0.03390449362443878, 6.64441014790687
date_dim: 0.001992875710129738, 0.000772006020435092, 53.05101922960371
item: 0.03489831369370222, 0.005312263506037754, 39.78929903792323
store: 9.930133819580078e-05, 0.0004650614745835614, 18.834511868910056
store_returns: 20.850121902301908, 2.720135193085034, 8.103887797941209
store_sales: 174.69669486396015, 23.13537153433972, 32.06907354955501
web_returns: 6.285572262480855, 0.8122225959124292, 6.428705054713674
web_sales: 67.01082486007363, 8.810182814390034, 26.52969542466544
web_site: 1.0454095900058746e-05, 0.00033023091721169135, 3.098288734149857
catalog_returns: 13.009788101539016, 1.6956614481310426, 2.459249296133083
catalog_sales: 132.3057429259643, 17.40083380274193, 14.82567608905974
customer: 0.8535048151388764, 0.11269418283448726, 8.015898797820151
customer_address: 0.2449320713058114, 0.03390421106090119, 6.6444104304704075
date_dim: 0.001992875710129738, 0.0007720037213731209, 50.491015210959134
item: 0.03489831369370222, 0.005312223245932489, 39.78929907818333
store: 9.930133819580078e-05, 0.00046506136002552394, 16.27450784808097
store_returns: 20.850121902301908, 2.720111139541647, 5.543907830540954
store_sales: 174.69669486396015, 23.135169997171296, 29.509271065779785
web_returns: 6.285572262480855, 0.8122153446222048, 3.868708285060256
web_sales: 67.01082486007363, 8.810105507993901, 23.969768710117926
web_site: 1.0454095900058746e-05, 0.00033023090515142374, 0.5382847132182756
Function: 83.20316997653342, 4.308097156594991, 23.76950740814209, 50.233292188178744, 4.747169919178486, 0.10910188704971899, 0.03600141738939285
hiya: 0b111000111000100010111100, 83.20316997653342
catalog_returns: 13.009788101539016, 1.6956614481310426, 2.459249296133083
catalog_sales: 132.3057429259643, 17.40083380274193, 14.82567608905974
customer: 0.8535048151388764, 0.11269418283448726, 8.015898797820151
customer_address: 0.2449320713058114, 0.03390421106090119, 6.6444104304704075
date_dim: 0.001992875710129738, 0.0007720037213731209, 50.491015210959134
item: 0.03489831369370222, 0.005312223245932489, 39.78929907818333
store: 9.930133819580078e-05, 0.00046506136002552394, 16.27450784808097
store_returns: 20.850121902301908, 2.720111139541647, 5.543907830540954
store_sales: 174.69669486396015, 23.135169997171296, 29.509271065779785
web_returns: 6.285572262480855, 0.8122153446222048, 3.868708285060256
web_sales: 67.01082486007363, 8.810105507993901, 23.969768710117926
web_site: 1.0454095900058746e-05, 0.00033023090515142374, 0.5382847132182756
catalog_returns: 13.009788101539016, 1.695635041724625, 2.459275702539501
catalog_sales: 132.3057429259643, 17.400565257305846, 14.825944634495823
customer: 0.8535048151388764, 0.11269245044693015, 8.015900530207707
customer_address: 0.2449320713058114, 0.03390371391400156, 6.10579598349388
date_dim: 0.001992875710129738, 0.000771999676365967, 49.95240027088071
item: 0.03489831369370222, 0.00531215241164622, 39.789299149017616
store: 9.930133819580078e-05, 0.0004650611584702431, 16.274507848282525
store_returns: 20.850121902301908, 2.7200688193448452, 5.543950150737755
store_sales: 174.69669486396015, 23.134815409387976, 29.509625653563106
web_returns: 6.285572262480855, 0.8122025865838391, 3.330106098975195
web_sales: 67.01082486007363, 8.809969493858867, 23.43128978012954
Function: 83.74061174312186, 4.23845385334293, 24.377765655517578, 50.23329092366873, 4.746850946414471, 0.10825894769199879, 0.035991416486158966
hiya: 0b11000111000100010111100, 83.74061174312186
catalog_returns: 13.009788101539016, 1.695635041724625, 2.459275702539501
catalog_sales: 132.3057429259643, 17.400565257305846, 14.825944634495823
customer: 0.8535048151388764, 0.11269245044693015, 8.015900530207707
customer_address: 0.2449320713058114, 0.03390371391400156, 6.10579598349388
date_dim: 0.001992875710129738, 0.000771999676365967, 49.95240027088071
item: 0.03489831369370222, 0.00531215241164622, 39.789299149017616
store: 9.930133819580078e-05, 0.0004650611584702431, 16.274507848282525
store_returns: 20.850121902301908, 2.7200688193448452, 5.543950150737755
store_sales: 174.69669486396015, 23.134815409387976, 29.509625653563106
web_returns: 6.285572262480855, 0.8122025865838391, 3.330106098975195
web_sales: 67.01082486007363, 8.809969493858867, 23.43128978012954
catalog_sales: 132.3057429259643, 17.398748706665803, 10.746960877557623
customer: 0.8535048151388764, 0.11268073187233217, 7.989338549799114
customer_address: 0.2449320713058114, 0.03390035101001071, 6.079225647414678
date_dim: 0.001992875710129738, 0.0007719723142910736, 45.79748955397866
item: 0.03489831369370222, 0.005311673259701077, 37.86105300167961
store: 9.930133819580078e-05, 0.0004650597950682814, 16.274507849645925
store_returns: 20.850121902301908, 2.719782548307406, 1.4158993764942611
store_sales: 174.69669486396015, 23.132416833288026, 25.431223922084804
web_returns: 6.285572262480855, 0.8121162860192231, -0.7981446457411222
web_sales: 67.01082486007363, 8.80904943888546, 19.3514095275247
catalog_sales: 132.3057429259643, 17.39848117168244, 10.747228412540984
customer: 0.8535048151388764, 0.11267900600320913, 7.975368635390136
customer_address: 0.2449320713058114, 0.03389985573371981, 6.065254502412867
date_dim: 0.001992875710129738, 0.0007719682845040201, 45.78351791773034
item: 0.03489831369370222, 0.005311602691942135, 37.861053072247365
store: 9.930133819580078e-05, 0.0004650595942713902, 16.27450784984672
store_returns: 20.850121902301908, 2.7197403873483057, 1.4159415374533615
store_sales: 174.69669486396015, 23.132063579707946, 25.431577175664884
web_sales: 67.01082486007363, 8.808913936529194, 19.351545029880967
Function: 85.37692732241067, 3.8811788587347666, 28.90392303466797, 47.89935629297082, 4.5611735983840624, 0.09699124030236368, 0.03430429735070765
hiya: 0b10000111000100010111000, 85.37692732241067
catalog_sales: 132.3057429259643, 17.39848117168244, 10.747228412540984
customer: 0.8535048151388764, 0.11267900600320913, 7.975368635390136
customer_address: 0.2449320713058114, 0.03389985573371981, 6.065254502412867
date_dim: 0.001992875710129738, 0.0007719682845040201, 45.78351791773034
item: 0.03489831369370222, 0.005311602691942135, 37.861053072247365
store: 9.930133819580078e-05, 0.0004650595942713902, 16.27450784984672
store_returns: 20.850121902301908, 2.7197403873483057, 1.4159415374533615
store_sales: 174.69669486396015, 23.132063579707946, 25.431577175664884
web_sales: 67.01082486007363, 8.808913936529194, 19.351545029880967
catalog_sales: 132.3057429259643, 17.3969980157125, 8.163831119227005
customer: 0.8535048151388764, 0.11266943815880606, 6.961672579022114
customer_address: 0.2449320713058114, 0.033897110029294936, 5.1159794979717
date_dim: 0.001992875710129738, 0.0007719459442378951, 42.59711376541454
item: 0.03489831369370222, 0.005311211479579383, 34.32689526403021
store: 9.930133819580078e-05, 0.0004650584810969405, 12.138825926158228
store_sales: 174.69669486396015, 23.130105218413973, 21.36228148622402
web_sales: 67.01082486007363, 8.808162740830928, 19.35229622557923
Function: 86.7686820518642, 3.7055900697302815, 33.21519374847412, 45.377360297871554, 4.350366070781152, 0.08767901818874636, 0.03249284681834876
hiya: 0b10000101000100010111000, 86.7686820518642
catalog_sales: 132.3057429259643, 17.3969980157125, 8.163831119227005
customer: 0.8535048151388764, 0.11266943815880606, 6.961672579022114
customer_address: 0.2449320713058114, 0.033897110029294936, 5.1159794979717
date_dim: 0.001992875710129738, 0.0007719459442378951, 42.59711376541454
item: 0.03489831369370222, 0.005311211479579383, 34.32689526403021
store: 9.930133819580078e-05, 0.0004650584810969405, 12.138825926158228
store_sales: 174.69669486396015, 23.130105218413973, 21.36228148622402
web_sales: 67.01082486007363, 8.808162740830928, 19.35229622557923
catalog_sales: 132.3057429259643, 17.396730390445814, 5.342749094453623
customer: 0.8535048151388764, 0.11266771170726499, 5.085213135923634
date_dim: 0.001992875710129738, 0.0007719419130909351, 37.44723716144469
item: 0.03489831369370222, 0.00531114088800639, 30.75558374567402
store: 9.930133819580078e-05, 0.00046505828023228775, 10.80815643793503
store_sales: 174.69669486396015, 23.129751845623662, 16.458401897220202
web_sales: 67.01082486007363, 8.808027192747547, 15.453258850638912
Function: 91.88366847585208, 3.640284373348952, 38.430376052856445, 45.347733722746526, 4.345949216484229, 0.08686342572853045, 0.03246168468738794
hiya: 0b10000101000100010011000, 91.88366847585208
catalog_sales: 132.3057429259643, 17.396730390445814, 5.342749094453623
customer: 0.8535048151388764, 0.11266771170726499, 5.085213135923634
date_dim: 0.001992875710129738, 0.0007719419130909351, 37.44723716144469
item: 0.03489831369370222, 0.00531114088800639, 30.75558374567402
store: 9.930133819580078e-05, 0.00046505828023228775, 10.80815643793503
store_sales: 174.69669486396015, 23.129751845623662, 16.458401897220202
web_sales: 67.01082486007363, 8.808027192747547, 15.453258850638912
catalog_sales: 132.3057429259643, 17.39019521850641, 1.78813586504603
date_dim: 0.001992875710129738, 0.00077184347605312, 32.24935641225084
item: 0.03489831369370222, 0.005309417104326711, 29.751931132171546
store: 9.930133819580078e-05, 0.0004650533752954001, 10.808156442839968
store_sales: 174.69669486396015, 23.121122795115852, 11.269150100097114
web_sales: 67.01082486007363, 8.804717228625226, 10.258687967130335
Function: 96.94958765596601, 1.9476870868245761, 45.32085418701172, 45.24449520281535, 4.335983578434388, 0.06818965900860598, 0.03237794187135994
hiya: 0b10000101000100010001000, 96.94958765596601
catalog_sales: 132.3057429259643, 17.39019521850641, 1.78813586504603
date_dim: 0.001992875710129738, 0.00077184347605312, 32.24935641225084
item: 0.03489831369370222, 0.005309417104326711, 29.751931132171546
store: 9.930133819580078e-05, 0.0004650533752954001, 10.808156442839968
store_sales: 174.69669486396015, 23.121122795115852, 11.269150100097114
web_sales: 67.01082486007363, 8.804717228625226, 10.258687967130335
date_dim: 0.001992875710129738, 0.0007717363963889347, 13.071025435778061
item: 0.03489831369370222, 0.00530754197498876, 11.273268481134764
store: 9.930133819580078e-05, 0.0004650480397123062, 10.80815644817555
store_sales: 174.69669486396015, 23.111736126732456, -7.136917223960191
web_sales: 67.01082486007363, 8.801116654547112, -8.048165408899841
date_dim: 0.001992875710129738, 0.0007714802927617135, -0.0007714802927617135
date_dim had no query dependencies
item: 0.03489831369370222, 0.005303057207235592, -0.005303057207235592
item had no query dependencies
store: 9.930133819580078e-05, 0.0004650352785387064, -0.0004650352785387064
store had no query dependencies
Function: 82.86781311035156, 0, 82.86781311035156, 0.0, 0, 0.0, 0
hiya: 0b0, 82.86781311035156
{60.95368578490801: [0, 1, 2, 3, 4, 5, 7, 8, 10, 11, 12, 13, 14, 15, 16, 17, 18, 19, 20, 21, 22, 23], 61.34205594716339: [0, 1, 2, 3, 4, 5, 7, 8, 11, 12, 13, 14, 15, 16, 17, 18, 19, 20, 21, 22, 23], 62.26329352418237: [0, 1, 2, 3, 4, 5, 7, 8, 11, 12, 13, 15, 16, 17, 18, 19, 20, 21, 22, 23], 62.52284021417452: [0, 1, 2, 3, 4, 5, 7, 8, 11, 12, 13, 15, 16, 17, 18, 20, 21, 22, 23], 63.43107257776613: [1, 2, 3, 4, 5, 7, 8, 11, 12, 13, 15, 16, 17, 18, 20, 21, 22, 23], 65.91263040440063: [1, 2, 3, 4, 5, 7, 8, 11, 12, 13, 15, 16, 17, 18, 21, 22, 23], 68.81398967833432: [1, 2, 3, 4, 5, 7, 8, 11, 12, 15, 16, 17, 18, 21, 22, 23], 72.16545398467643: [1, 2, 3, 4, 5, 7, 8, 11, 12, 15, 16, 17, 21, 22, 23], 75.61982037489135: [1, 2, 3, 4, 5, 7, 11, 12, 15, 16, 17, 21, 22, 23], 80.64512496729584: [1, 2, 3, 4, 5, 7, 11, 15, 16, 17, 21, 22, 23], 83.20316997653342: [2, 3, 4, 5, 7, 11, 15, 16, 17, 21, 22, 23], 83.74061174312186: [2, 3, 4, 5, 7, 11, 15, 16, 17, 21, 22], 85.37692732241067: [3, 4, 5, 7, 11, 15, 16, 17, 22], 86.7686820518642: [3, 4, 5, 7, 11, 15, 17, 22], 91.88366847585208: [3, 4, 7, 11, 15, 17, 22], 96.94958765596601: [3, 7, 11, 15, 17, 22], 82.86781311035156: []}
[0, 1, 2, 3, 4, 5, 7, 8, 10, 11, 12, 13, 14, 15, 16, 17, 18, 19, 20, 21, 22, 23]
{'77': 7569548, '49': 6488204, '15': 184, '31': 4325536, '65': 166016, '57': 2185, '88': 426240, '94': 14680224, '33': 4327592, '08': 164016, '29': 231560, '59': 163968, '99': 540809, '21': 527488, '25': 231560, '44': 133120, '54': 4360376, '02': 4194440, '80': 14915726, '78': 6488204, '92': 4196480, '70': 163968, '68': 164272, '28': 131072, '61': 170160, '63': 166016, '95': 14680224, '83': 2164868, '24': 231472, '74': 4325520, '03': 133248, '82': 134272, '42': 133248, '01': 98448, '34': 164240, '12': 4196480, '43': 163968, '37': 3208, '62': 13123712, '90': 5505280, '19': 166064, '98': 133248, '39': 527488, '76': 4327560, '53': 166016, '46': 164272, '60': 4327592, '73': 164240, '86': 4196480, '55': 133248, '11': 4325520, '09': 139264, '97': 131208, '04': 4325528, '79': 164240, '93': 204800, '38': 4325528, '06': 133296, '20': 2184, '30': 2097328, '36': 166016, '81': 180, '89': 166016, '05': 14909582, '67': 166016, '71': 4589704, '32': 2184, '47': 166016, '14': 4327560, '75': 6490252, '17': 231560, '58': 4327560, '22': 527488, '23': 4327576, '40': 526476, '66': 4997256, '50': 229504, '52': 133248, '51': 4325504, '96': 426240, '16': 173, '45': 4196528, '87': 4325528, '56': 4327592}
Best Cost: $60.95368578490801;
[0, 1, 2, 3, 4, 5, 7, 8, 10, 11, 12, 13, 14, 15, 16, 17, 18, 19, 20, 21, 22, 23]
{}
{'77': 7569548, '49': 6488204, '15': 184, '31': 4325536, '65': 166016, '57': 2185, '88': 426240, '94': 14680224, '33': 4327592, '08': 164016, '29': 231560, '59': 163968, '99': 540809, '21': 527488, '25': 231560, '44': 133120, '54': 4360376, '02': 4194440, '80': 14915726, '78': 6488204, '92': 4196480, '70': 163968, '68': 164272, '28': 131072, '61': 170160, '63': 166016, '95': 14680224, '83': 2164868, '24': 231472, '74': 4325520, '03': 133248, '82': 134272, '42': 133248, '01': 98448, '34': 164240, '12': 4196480, '43': 163968, '37': 3208, '62': 13123712, '90': 5505280, '19': 166064, '98': 133248, '39': 527488, '76': 4327560, '53': 166016, '46': 164272, '60': 4327592, '73': 164240, '86': 4196480, '55': 133248, '11': 4325520, '09': 139264, '97': 131208, '04': 4325528, '79': 164240, '93': 204800, '38': 4325528, '06': 133296, '20': 2184, '30': 2097328, '36': 166016, '81': 180, '89': 166016, '05': 14909582, '67': 166016, '71': 4589704, '32': 2184, '47': 166016, '14': 4327560, '75': 6490252, '17': 231560, '58': 4327560, '22': 527488, '23': 4327576, '40': 526476, '66': 4997256, '50': 229504, '52': 133248, '51': 4325504, '96': 426240, '16': 173, '45': 4196528, '87': 4325528, '56': 4327592}
{'77': 7569548, '49': 6488204, '15': 184, '31': 4325536, '65': 166016, '57': 2185, '88': 426240, '94': 14680224, '33': 4327592, '08': 164016, '29': 231560, '59': 163968, '99': 540809, '21': 527488, '25': 231560, '44': 133120, '54': 4360376, '02': 4194440, '80': 14915726, '78': 6488204, '92': 4196480, '70': 163968, '68': 164272, '28': 131072, '61': 170160, '63': 166016, '95': 14680224, '83': 2164868, '24': 231472, '74': 4325520, '03': 133248, '82': 134272, '42': 133248, '01': 98448, '34': 164240, '12': 4196480, '43': 163968, '37': 3208, '62': 13123712, '90': 5505280, '19': 166064, '98': 133248, '39': 527488, '76': 4327560, '53': 166016, '46': 164272, '60': 4327592, '73': 164240, '86': 4196480, '55': 133248, '11': 4325520, '09': 139264, '97': 131208, '04': 4325528, '79': 164240, '93': 204800, '38': 4325528, '06': 133296, '20': 2184, '30': 2097328, '36': 166016, '81': 180, '89': 166016, '05': 14909582, '67': 166016, '71': 4589704, '32': 2184, '47': 166016, '14': 4327560, '75': 6490252, '17': 231560, '58': 4327560, '22': 527488, '23': 4327576, '40': 526476, '66': 4997256, '50': 229504, '52': 133248, '51': 4325504, '96': 426240, '16': 173, '45': 4196528, '87': 4325528, '56': 4327592}
[0, 1, 2, 3, 4, 5, 7, 8, 10, 11, 12, 13, 14, 15, 16, 17, 18, 19, 20, 21, 22, 23]
22
Optimal Subset: 0b111111111111110110111111
Function: 60.95368578490801, 5.037527085822821, 0.00011920928955078125, 50.854876954987105, 4.903362800182104, 0.1212543220002273, 0.03654541262620092
60.95368578490801
Real: 60.95368578490801, 5.037527085822821, 0.00011920928955078125, 50.854876954987105, 4.903362800182104, 0.1212543220002273, 0.03654541262620092
Num Redshift Qs: 84; Num GCP Qs: 1
Redshift Qs: $5.037527085822821; GCP Qs: $0.00011920928955078125; Movement Cost: $50.854876954987105
Load Cost: $4.903362800182104, Storage Cost: $0.1212543220002273, API Cost: $0.03654541262620092
Final cost: $60.95368578490801, BQ Baseline: $82.86781311035156, Diff: $21.914127325443552, %: 26.44467918594815%
