Egress: $0.12/GB
Benchmark: tpcds
Data Path: parquet_1000/real_data_rs1
BigQuery Cost: $5/TB; DuckDB Cost: $1.48/hr; Redshift Cost: $1.086/hr
Use Duck: False
Excluded Table: web_page
Excluded Query: None

Starting analysis without using DuckDB
Redshift Total: $6.6479188664035, Redshift-Calcite Total: $5.75893016854286, BigQuery Total: $92.55434989929199
Excluding table web_page and any queries that depend on it
Total Keys: 96, Keys Considered: 95
-0.2557473209583683
call_center: 9.615905582904816e-06, 0.00039808292413719604, 1.186730290086816
catalog_page: 0.0017016949132084846, 0.0014783478642663589, 6.476166417368535
catalog_returns: 13.009788101539016, 1.6961894839450369, 12.642639344023397
catalog_sales: 132.3057429259643, 17.406203772653562, 30.922907824293546
customer: 0.8535048151388764, 0.11272882452936288, 18.63403932329246
customer_address: 0.2449320713058114, 0.03391415226091427, 17.462556110607093
customer_demographics: 0.011580578982830048, 0.0025393045154275453, 11.654028299654417
date_dim: 0.001992875710129738, 0.0007720846073752275, 77.15034154769333
household_demographics: 3.5176053643226624e-05, 0.0003424428633289298, 10.140405664456742
income_band: 5.122274160385132e-07, 0.00034787888798888065, 2.6919106602562097
inventory: 5.1357166497036815, 0.770092803081669, 0.7778006702196621
item: 0.03489831369370222, 0.00531363968402775, 56.49547892591089
promotion: 7.638614624738693e-05, 0.00045807030442765446, 9.295678837136395
reason: 1.4491379261016846e-06, 0.0003583096751284372, 2.9031569859217887
ship_mode: 1.3029202818870544e-06, 0.0003487832123166139, 0.92145825485566
store: 9.930133819580078e-05, 0.0004650653904265217, 36.64705113664691
store_returns: 20.850121902301908, 2.7209573955301867, 15.241581788363414
store_sales: 174.69669486396015, 23.14226051323156, 55.483058514956056
time_dim: 0.0012146271765232086, 0.0008090854775487557, 3.8917572158364875
warehouse: 2.907589077949524e-06, 0.00031938802043176493, 2.4120388394375682
web_returns: 6.285572262480855, 0.812470460788597, 10.346097934126664
web_sales: 67.01082486007363, 8.81282531520177, 32.83594190460792
web_site: 1.0454095900058746e-05, 0.00033023132945787635, 7.14385893574411
{}
{}
STARTING PHASE 2: 0b111011111111111111111111
----
[0, 1, 2, 3, 4, 5, 6, 7, 8, 9, 10, 11, 12, 13, 14, 15, 16, 17, 18, 19, 21, 22, 23]
Function: 61.474732228425374, 5.549763581327199, 0.00011920928955078125, 50.85626883963274, 4.904504433121284, 0.12751975821138595, 0.03655640684321821
-0.2557473209583683
call_center: 9.615905582904816e-06, 0.00039808292413719604, 1.186730290086816
catalog_page: 0.0017016949132084846, 0.0014783478642663589, 6.476166417368535
catalog_returns: 13.009788101539016, 1.6961894839450369, 12.642639344023397
catalog_sales: 132.3057429259643, 17.406203772653562, 30.922907824293546
customer: 0.8535048151388764, 0.11272882452936288, 18.63403932329246
customer_address: 0.2449320713058114, 0.03391415226091427, 17.462556110607093
customer_demographics: 0.011580578982830048, 0.0025393045154275453, 11.654028299654417
date_dim: 0.001992875710129738, 0.0007720846073752275, 77.15034154769333
household_demographics: 3.5176053643226624e-05, 0.0003424428633289298, 10.140405664456742
income_band: 5.122274160385132e-07, 0.00034787888798888065, 2.6919106602562097
inventory: 5.1357166497036815, 0.770092803081669, 0.7778006702196621
item: 0.03489831369370222, 0.00531363968402775, 56.49547892591089
promotion: 7.638614624738693e-05, 0.00045807030442765446, 9.295678837136395
reason: 1.4491379261016846e-06, 0.0003583096751284372, 2.9031569859217887
ship_mode: 1.3029202818870544e-06, 0.0003487832123166139, 0.92145825485566
store: 9.930133819580078e-05, 0.0004650653904265217, 36.64705113664691
store_returns: 20.850121902301908, 2.7209573955301867, 15.241581788363414
store_sales: 174.69669486396015, 23.14226051323156, 55.483058514956056
time_dim: 0.0012146271765232086, 0.0008090854775487557, 3.8917572158364875
warehouse: 2.907589077949524e-06, 0.00031938802043176493, 2.4120388394375682
web_returns: 6.285572262480855, 0.812470460788597, 10.346097934126664
web_sales: 67.01082486007363, 8.81282531520177, 32.83594190460792
web_site: 1.0454095900058746e-05, 0.00033023132945787635, 7.14385893574411
call_center: 9.615905582904816e-06, 0.0003980828206711397, 1.186730290190282
catalog_page: 0.0017016949132084846, 0.0014783295542215825, 6.4761664356785795
catalog_returns: 13.009788101539016, 1.6960495000966866, 12.260749884756356
catalog_sales: 132.3057429259643, 17.40478017782565, 30.408953152529044
customer: 0.8535048151388764, 0.11271964091409752, 18.634048506907725
customer_address: 0.2449320713058114, 0.033911516819532896, 17.462558746048472
customer_demographics: 0.011580578982830048, 0.0025391799097076455, 11.271998981144744
date_dim: 0.001992875710129738, 0.0007720631642580138, 75.60244809583511
household_demographics: 3.5176053643226624e-05, 0.0003424424848385716, 9.758376221719839
income_band: 5.122274160385132e-07, 0.0003478788824773716, 2.691910660261721
item: 0.03489831369370222, 0.005313264182119982, 54.94758582811146
promotion: 7.638614624738693e-05, 0.0004580694825213614, 8.913649394842908
reason: 1.4491379261016846e-06, 0.00035830965953587704, 2.903156985937381
ship_mode: 1.3029202818870544e-06, 0.000348783198297339, 0.9214582548696792
store: 9.930133819580078e-05, 0.00046506432195535534, 36.64705113771538
store_returns: 20.850121902301908, 2.7207330505770124, 15.241806133316588
store_sales: 174.69669486396015, 23.140380796555913, 55.300873307359396
time_dim: 0.0012146271765232086, 0.0008090724082977307, 3.8917572289057385
warehouse: 2.907589077949524e-06, 0.00031938798914643536, 1.181559113916851
web_returns: 6.285572262480855, 0.812402828742055, 10.346165566173207
web_sales: 67.01082486007363, 8.812104286306312, 32.836662933503376
web_site: 1.0454095900058746e-05, 0.000330231216972987, 7.143858935856595
Function: 62.24314249440408, 5.330679744447867, 1.7670965194702148, 50.23506111321233, 4.752709003763596, 0.12149343258537984, 0.036102680924683814
hiya: 0b111011111111101111111111, 62.24314249440408
call_center: 9.615905582904816e-06, 0.0003980828206711397, 1.186730290190282
catalog_page: 0.0017016949132084846, 0.0014783295542215825, 6.4761664356785795
catalog_returns: 13.009788101539016, 1.6960495000966866, 12.260749884756356
catalog_sales: 132.3057429259643, 17.40478017782565, 30.408953152529044
customer: 0.8535048151388764, 0.11271964091409752, 18.634048506907725
customer_address: 0.2449320713058114, 0.033911516819532896, 17.462558746048472
customer_demographics: 0.011580578982830048, 0.0025391799097076455, 11.271998981144744
date_dim: 0.001992875710129738, 0.0007720631642580138, 75.60244809583511
household_demographics: 3.5176053643226624e-05, 0.0003424424848385716, 9.758376221719839
income_band: 5.122274160385132e-07, 0.0003478788824773716, 2.691910660261721
item: 0.03489831369370222, 0.005313264182119982, 54.94758582811146
promotion: 7.638614624738693e-05, 0.0004580694825213614, 8.913649394842908
reason: 1.4491379261016846e-06, 0.00035830965953587704, 2.903156985937381
ship_mode: 1.3029202818870544e-06, 0.000348783198297339, 0.9214582548696792
store: 9.930133819580078e-05, 0.00046506432195535534, 36.64705113771538
store_returns: 20.850121902301908, 2.7207330505770124, 15.241806133316588
store_sales: 174.69669486396015, 23.140380796555913, 55.300873307359396
time_dim: 0.0012146271765232086, 0.0008090724082977307, 3.8917572289057385
warehouse: 2.907589077949524e-06, 0.00031938798914643536, 1.181559113916851
web_returns: 6.285572262480855, 0.812402828742055, 10.346165566173207
web_sales: 67.01082486007363, 8.812104286306312, 32.836662933503376
web_site: 1.0454095900058746e-05, 0.000330231216972987, 7.143858935856595
call_center: 9.615905582904816e-06, 0.00039808281556153385, 0.9323275509049953
catalog_page: 0.0017016949132084846, 0.001478328649991588, 6.47616643658281
catalog_returns: 13.009788101539016, 1.6960425870827656, 12.260756797770277
catalog_sales: 132.3057429259643, 17.404709874494376, 29.61514587550968
customer: 0.8535048151388764, 0.11271918738705904, 18.63404896043476
customer_address: 0.2449320713058114, 0.03391138666992512, 17.46255887619808
customer_demographics: 0.011580578982830048, 0.0025391737561328833, 11.271998987298318
date_dim: 0.001992875710129738, 0.000772062105303216, 74.6806410588261
household_demographics: 3.5176053643226624e-05, 0.00034244246614706435, 9.75837622173853
income_band: 5.122274160385132e-07, 0.0003478788822051892, 2.691910660261993
item: 0.03489831369370222, 0.005313245638195477, 54.94758584665538
promotion: 7.638614624738693e-05, 0.00045806944193203835, 8.913649394883498
reason: 1.4491379261016846e-06, 0.0003583096587658483, 2.903156985938151
store: 9.930133819580078e-05, 0.0004650642691895817, 36.647051137768145
store_returns: 20.850121902301908, 2.720721971443221, 15.241817212450378
store_sales: 174.69669486396015, 23.140287967935325, 55.30096613597999
time_dim: 0.0012146271765232086, 0.0008090717628810249, 3.3522823884909143
warehouse: 2.907589077949524e-06, 0.0003193879876014291, 0.2597520758504195
web_returns: 6.285572262480855, 0.8123994887761605, 10.346168906139102
web_sales: 67.01082486007363, 8.812068678749792, 32.16929424228232
web_site: 1.0454095900058746e-05, 0.0003302312114179918, 7.015929478144811
Function: 63.164380065295084, 5.3127027325280505, 2.706880569458008, 50.235060955613264, 4.752370377409458, 0.12127274947419624, 0.0360926808121115
hiya: 0b111011111011101111111111, 63.164380065295084
call_center: 9.615905582904816e-06, 0.00039808281556153385, 0.9323275509049953
catalog_page: 0.0017016949132084846, 0.001478328649991588, 6.47616643658281
catalog_returns: 13.009788101539016, 1.6960425870827656, 12.260756797770277
catalog_sales: 132.3057429259643, 17.404709874494376, 29.61514587550968
customer: 0.8535048151388764, 0.11271918738705904, 18.63404896043476
customer_address: 0.2449320713058114, 0.03391138666992512, 17.46255887619808
customer_demographics: 0.011580578982830048, 0.0025391737561328833, 11.271998987298318
date_dim: 0.001992875710129738, 0.000772062105303216, 74.6806410588261
household_demographics: 3.5176053643226624e-05, 0.00034244246614706435, 9.75837622173853
income_band: 5.122274160385132e-07, 0.0003478788822051892, 2.691910660261993
item: 0.03489831369370222, 0.005313245638195477, 54.94758584665538
promotion: 7.638614624738693e-05, 0.00045806944193203835, 8.913649394883498
reason: 1.4491379261016846e-06, 0.0003583096587658483, 2.903156985938151
store: 9.930133819580078e-05, 0.0004650642691895817, 36.647051137768145
store_returns: 20.850121902301908, 2.720721971443221, 15.241817212450378
store_sales: 174.69669486396015, 23.140287967935325, 55.30096613597999
time_dim: 0.0012146271765232086, 0.0008090717628810249, 3.3522823884909143
warehouse: 2.907589077949524e-06, 0.0003193879876014291, 0.2597520758504195
web_returns: 6.285572262480855, 0.8123994887761605, 10.346168906139102
web_sales: 67.01082486007363, 8.812068678749792, 32.16929424228232
web_site: 1.0454095900058746e-05, 0.0003302312114179918, 7.015929478144811
call_center: 9.615905582904816e-06, 0.0003980828108060381, 0.9323275509097508
catalog_page: 0.0017016949132084846, 0.001478327808427284, 6.476166437424374
catalog_returns: 13.009788101539016, 1.6960361531602206, 12.000691767854802
catalog_sales: 132.3057429259643, 17.404644443382388, 29.355139842783636
customer: 0.8535048151388764, 0.11271876529072437, 18.634049382531096
customer_address: 0.2449320713058114, 0.0339112655400525, 17.462558997327953
customer_demographics: 0.011580578982830048, 0.00253916802901822, 11.271998993025433
date_dim: 0.001992875710129738, 0.0007720611197369747, 74.42056959597365
household_demographics: 3.5176053643226624e-05, 0.0003424424487509313, 9.758376221755926
income_band: 5.122274160385132e-07, 0.0003478788819518698, 2.6919106602622467
item: 0.03489831369370222, 0.005313228379417278, 54.68751440007615
promotion: 7.638614624738693e-05, 0.0004580694041556699, 8.913649394921274
reason: 1.4491379261016846e-06, 0.00035830965804918476, 2.903156985938868
store: 9.930133819580078e-05, 0.00046506422008062517, 36.64705113781726
store_returns: 20.850121902301908, 2.720711660124672, 15.24182752376893
store_sales: 174.69669486396015, 23.140201572600148, 55.301052531315165
time_dim: 0.0012146271765232086, 0.0008090711621935183, 3.352282389091602
web_returns: 6.285572262480855, 0.8123963802793294, 10.346172014635933
web_sales: 67.01082486007363, 8.812035538897439, 32.169327382134675
web_site: 1.0454095900058746e-05, 0.00033023120624797346, 7.015929478149981
Function: 63.42392674956653, 5.295965457657576, 2.983689308166504, 50.23506060391614, 4.752061339432796, 0.12106735983262017, 0.0360826805608958
hiya: 0b111001111011101111111111, 63.42392674956653
call_center: 9.615905582904816e-06, 0.0003980828108060381, 0.9323275509097508
catalog_page: 0.0017016949132084846, 0.001478327808427284, 6.476166437424374
catalog_returns: 13.009788101539016, 1.6960361531602206, 12.000691767854802
catalog_sales: 132.3057429259643, 17.404644443382388, 29.355139842783636
customer: 0.8535048151388764, 0.11271876529072437, 18.634049382531096
customer_address: 0.2449320713058114, 0.0339112655400525, 17.462558997327953
customer_demographics: 0.011580578982830048, 0.00253916802901822, 11.271998993025433
date_dim: 0.001992875710129738, 0.0007720611197369747, 74.42056959597365
household_demographics: 3.5176053643226624e-05, 0.0003424424487509313, 9.758376221755926
income_band: 5.122274160385132e-07, 0.0003478788819518698, 2.6919106602622467
item: 0.03489831369370222, 0.005313228379417278, 54.68751440007615
promotion: 7.638614624738693e-05, 0.0004580694041556699, 8.913649394921274
reason: 1.4491379261016846e-06, 0.00035830965804918476, 2.903156985938868
store: 9.930133819580078e-05, 0.00046506422008062517, 36.64705113781726
store_returns: 20.850121902301908, 2.720711660124672, 15.24182752376893
store_sales: 174.69669486396015, 23.140201572600148, 55.301052531315165
time_dim: 0.0012146271765232086, 0.0008090711621935183, 3.352282389091602
web_returns: 6.285572262480855, 0.8123963802793294, 10.346172014635933
web_sales: 67.01082486007363, 8.812035538897439, 32.169327382134675
web_site: 1.0454095900058746e-05, 0.00033023120624797346, 7.015929478149981
catalog_page: 0.0017016949132084846, 0.0014783183014908292, 6.476166446931311
catalog_returns: 13.009788101539016, 1.6959634707846585, 11.615672140153015
catalog_sales: 132.3057429259643, 17.4039052848641, 28.44494288676381
customer: 0.8535048151388764, 0.11271399697651097, 18.612264631662867
customer_address: 0.2449320713058114, 0.033909897166897233, 17.077468055623758
customer_demographics: 0.011580578982830048, 0.0025391033312703176, 11.250209538540737
date_dim: 0.001992875710129738, 0.0007720499860475032, 73.48784397338676
household_demographics: 3.5176053643226624e-05, 0.0003424422522312708, 9.736586702770003
income_band: 5.122274160385132e-07, 0.0003478788790901856, 2.6919106602651084
item: 0.03489831369370222, 0.005313033411419139, 54.13988127140093
promotion: 7.638614624738693e-05, 0.00045806897740570857, 8.913649395348024
reason: 1.4491379261016846e-06, 0.00035830964995321995, 2.903156985946964
store: 9.930133819580078e-05, 0.0004650636653093176, 36.64705113837203
store_returns: 20.850121902301908, 2.720595175799271, 15.241944008094329
store_sales: 174.69669486396015, 23.13922558662048, 55.30202851729483
time_dim: 0.0012146271765232086, 0.0008090643763805656, 3.3522823958774146
web_returns: 6.285572262480855, 0.8123612643865693, 10.346207130528693
web_sales: 67.01082486007363, 8.811661166470987, 32.16970175456113
web_site: 1.0454095900058746e-05, 0.0003302311478435999, 7.015929478208385
Function: 64.35393406671595, 5.103784551461141, 4.108595848083496, 50.23505944079223, 4.751674414164623, 0.11874713248438298, 0.03607267973008156
hiya: 0b111001111011101111111110, 64.35393406671595
catalog_page: 0.0017016949132084846, 0.0014783183014908292, 6.476166446931311
catalog_returns: 13.009788101539016, 1.6959634707846585, 11.615672140153015
catalog_sales: 132.3057429259643, 17.4039052848641, 28.44494288676381
customer: 0.8535048151388764, 0.11271399697651097, 18.612264631662867
customer_address: 0.2449320713058114, 0.033909897166897233, 17.077468055623758
customer_demographics: 0.011580578982830048, 0.0025391033312703176, 11.250209538540737
date_dim: 0.001992875710129738, 0.0007720499860475032, 73.48784397338676
household_demographics: 3.5176053643226624e-05, 0.0003424422522312708, 9.736586702770003
income_band: 5.122274160385132e-07, 0.0003478788790901856, 2.6919106602651084
item: 0.03489831369370222, 0.005313033411419139, 54.13988127140093
promotion: 7.638614624738693e-05, 0.00045806897740570857, 8.913649395348024
reason: 1.4491379261016846e-06, 0.00035830964995321995, 2.903156985946964
store: 9.930133819580078e-05, 0.0004650636653093176, 36.64705113837203
store_returns: 20.850121902301908, 2.720595175799271, 15.241944008094329
store_sales: 174.69669486396015, 23.13922558662048, 55.30202851729483
time_dim: 0.0012146271765232086, 0.0008090643763805656, 3.3522823958774146
web_returns: 6.285572262480855, 0.8123612643865693, 10.346207130528693
web_sales: 67.01082486007363, 8.811661166470987, 32.16970175456113
web_site: 1.0454095900058746e-05, 0.0003302311478435999, 7.015929478208385
catalog_page: 0.0017016949132084846, 0.0014783104175006172, 6.476166454815301
catalog_returns: 13.009788101539016, 1.6959031961483206, 8.936652313348606
catalog_sales: 132.3057429259643, 17.403292309427602, 25.76647576075956
customer: 0.8535048151388764, 0.11271004266980408, 15.920010046825375
customer_address: 0.2449320713058114, 0.03390876239118757, 14.385210651255269
customer_demographics: 0.011580578982830048, 0.0025390496781914724, 8.557951053049619
date_dim: 0.001992875710129738, 0.0007720407530102118, 70.80876388117905
household_demographics: 3.5176053643226624e-05, 0.00034244208925983535, 7.044328163788776
item: 0.03489831369370222, 0.005312871726759076, 51.460801331644845
promotion: 7.638614624738693e-05, 0.0004580686235070017, 6.234569294261174
reason: 1.4491379261016846e-06, 0.0003583096432393318, 2.903156985953678
store: 9.930133819580078e-05, 0.000465063205244019, 33.967971037391344
store_returns: 20.850121902301908, 2.720498576722833, 12.54978206802657
store_sales: 174.69669486396015, 23.138416212965033, 52.62375778950953
time_dim: 0.0012146271765232086, 0.0008090587489859624, 3.352282401504809
web_returns: 6.285572262480855, 0.8123321431911018, 10.34623625172416
web_sales: 67.01082486007363, 8.811350703835652, 32.170012217196465
web_site: 1.0454095900058746e-05, 0.00033023109940954207, 7.015929478256819
Function: 67.04392059165798, 4.944428138517936, 6.960210800170898, 50.23505937883405, 4.7513365969435375, 0.11682299750574025, 0.03606267968582511
hiya: 0b111001111011100111111110, 67.04392059165798
catalog_page: 0.0017016949132084846, 0.0014783104175006172, 6.476166454815301
catalog_returns: 13.009788101539016, 1.6959031961483206, 8.936652313348606
catalog_sales: 132.3057429259643, 17.403292309427602, 25.76647576075956
customer: 0.8535048151388764, 0.11271004266980408, 15.920010046825375
customer_address: 0.2449320713058114, 0.03390876239118757, 14.385210651255269
customer_demographics: 0.011580578982830048, 0.0025390496781914724, 8.557951053049619
date_dim: 0.001992875710129738, 0.0007720407530102118, 70.80876388117905
household_demographics: 3.5176053643226624e-05, 0.00034244208925983535, 7.044328163788776
item: 0.03489831369370222, 0.005312871726759076, 51.460801331644845
promotion: 7.638614624738693e-05, 0.0004580686235070017, 6.234569294261174
reason: 1.4491379261016846e-06, 0.0003583096432393318, 2.903156985953678
store: 9.930133819580078e-05, 0.000465063205244019, 33.967971037391344
store_returns: 20.850121902301908, 2.720498576722833, 12.54978206802657
store_sales: 174.69669486396015, 23.138416212965033, 52.62375778950953
time_dim: 0.0012146271765232086, 0.0008090587489859624, 3.352282401504809
web_returns: 6.285572262480855, 0.8123321431911018, 10.34623625172416
web_sales: 67.01082486007363, 8.811350703835652, 32.170012217196465
web_site: 1.0454095900058746e-05, 0.00033023109940954207, 7.015929478256819
catalog_page: 0.0017016949132084846, 0.0014783030513180995, 6.476166462181483
catalog_returns: 13.009788101539016, 1.6958468802523696, 8.936708629244556
catalog_sales: 132.3057429259643, 17.402719593223914, 25.767048476963247
customer: 0.8535048151388764, 0.1127063480755503, 15.920013741419629
customer_address: 0.2449320713058114, 0.03390770214570663, 14.38521171150075
customer_demographics: 0.011580578982830048, 0.002538999548959854, 8.55795110317885
date_dim: 0.001992875710129738, 0.0007720321263838395, 70.80876388980568
household_demographics: 3.5176053643226624e-05, 0.0003424419369920996, 7.044328163941044
item: 0.03489831369370222, 0.005312720661285334, 51.460801482710316
promotion: 7.638614624738693e-05, 0.000458068292851788, 6.23456929459183
store: 9.930133819580078e-05, 0.0004650627753950633, 33.967971037821194
store_returns: 20.850121902301908, 2.7204083221171125, 12.021255413198288
store_sales: 174.69669486396015, 23.137659997658975, 49.72099870921866
time_dim: 0.0012146271765232086, 0.0008090534911895127, 3.3522824067626056
web_returns: 6.285572262480855, 0.8123049346285363, 10.346263460286726
web_sales: 67.01082486007363, 8.811060631882832, 32.170302289149284
web_site: 1.0454095900058746e-05, 0.0003302310541565547, 7.0159294783020725
Function: 69.94527981545303, 4.795570501680772, 10.01258373260498, 50.23505920354874, 4.750988461729685, 0.11502523632823586, 0.0360526795606196
hiya: 0b111001111001100111111110, 69.94527981545303
catalog_page: 0.0017016949132084846, 0.0014783030513180995, 6.476166462181483
catalog_returns: 13.009788101539016, 1.6958468802523696, 8.936708629244556
catalog_sales: 132.3057429259643, 17.402719593223914, 25.767048476963247
customer: 0.8535048151388764, 0.1127063480755503, 15.920013741419629
customer_address: 0.2449320713058114, 0.03390770214570663, 14.38521171150075
customer_demographics: 0.011580578982830048, 0.002538999548959854, 8.55795110317885
date_dim: 0.001992875710129738, 0.0007720321263838395, 70.80876388980568
household_demographics: 3.5176053643226624e-05, 0.0003424419369920996, 7.044328163941044
item: 0.03489831369370222, 0.005312720661285334, 51.460801482710316
promotion: 7.638614624738693e-05, 0.000458068292851788, 6.23456929459183
store: 9.930133819580078e-05, 0.0004650627753950633, 33.967971037821194
store_returns: 20.850121902301908, 2.7204083221171125, 12.021255413198288
store_sales: 174.69669486396015, 23.137659997658975, 49.72099870921866
time_dim: 0.0012146271765232086, 0.0008090534911895127, 3.3522824067626056
web_returns: 6.285572262480855, 0.8123049346285363, 10.346263460286726
web_sales: 67.01082486007363, 8.811060631882832, 32.170302289149284
web_site: 1.0454095900058746e-05, 0.0003302310541565547, 7.0159294783020725
catalog_page: 0.0017016949132084846, 0.0014782997038504159, 6.476166465528951
catalog_returns: 13.009788101539016, 1.6958212882118089, 8.936734221285118
catalog_sales: 132.3057429259643, 17.402459329650597, 25.05245569242298
customer: 0.8535048151388764, 0.11270466911431916, 15.92001542038086
customer_address: 0.2449320713058114, 0.03390722033067209, 14.385212193315784
customer_demographics: 0.011580578982830048, 0.002538976768369983, 8.55795112595944
date_dim: 0.001992875710129738, 0.0007720282061235241, 70.09391084561233
household_demographics: 3.5176053643226624e-05, 0.0003424418677959694, 4.406089751870029
item: 0.03489831369370222, 0.005312652011507752, 50.74594850324652
promotion: 7.638614624738693e-05, 0.00045806814258974395, 6.234569294742092
store: 9.930133819580078e-05, 0.0004650625800556884, 31.32973262587632
store_returns: 20.850121902301908, 2.720367307062812, 12.021296428252588
store_sales: 174.69669486396015, 23.13731634525927, 46.368250901364576
web_returns: 6.285572262480855, 0.8122925700443452, 10.346275824870917
web_sales: 67.01082486007363, 8.81092881238397, 31.455581060534556
web_site: 1.0454095900058746e-05, 0.0003302310335919118, 7.0159294783226365
Function: 73.29674409113727, 4.728418698689938, 13.43282699584961, 50.234912284269846, 4.750335604850451, 0.11420793286059211, 0.036042574616831545
hiya: 0b111000111001100111111110, 73.29674409113727
catalog_page: 0.0017016949132084846, 0.0014782997038504159, 6.476166465528951
catalog_returns: 13.009788101539016, 1.6958212882118089, 8.936734221285118
catalog_sales: 132.3057429259643, 17.402459329650597, 25.05245569242298
customer: 0.8535048151388764, 0.11270466911431916, 15.92001542038086
customer_address: 0.2449320713058114, 0.03390722033067209, 14.385212193315784
customer_demographics: 0.011580578982830048, 0.002538976768369983, 8.55795112595944
date_dim: 0.001992875710129738, 0.0007720282061235241, 70.09391084561233
household_demographics: 3.5176053643226624e-05, 0.0003424418677959694, 4.406089751870029
item: 0.03489831369370222, 0.005312652011507752, 50.74594850324652
promotion: 7.638614624738693e-05, 0.00045806814258974395, 6.234569294742092
store: 9.930133819580078e-05, 0.0004650625800556884, 31.32973262587632
store_returns: 20.850121902301908, 2.720367307062812, 12.021296428252588
store_sales: 174.69669486396015, 23.13731634525927, 46.368250901364576
web_returns: 6.285572262480855, 0.8122925700443452, 10.346275824870917
web_sales: 67.01082486007363, 8.81092881238397, 31.455581060534556
web_site: 1.0454095900058746e-05, 0.0003302310335919118, 7.0159294783226365
catalog_page: 0.0017016949132084846, 0.0014782932236839397, 6.476166472009117
catalog_returns: 13.009788101539016, 1.6957717460805697, 8.936783763416356
catalog_sales: 132.3057429259643, 17.401955500654417, 25.05295952141916
customer: 0.8535048151388764, 0.11270141891168443, 12.464339935542274
customer_address: 0.2449320713058114, 0.03390628761318841, 11.7636754287713
customer_demographics: 0.011580578982830048, 0.0025389326687613413, 7.607197711362446
date_dim: 0.001992875710129738, 0.0007720206171213664, 65.68747865946352
item: 0.03489831369370222, 0.005312519116427253, 50.74594863614159
promotion: 7.638614624738693e-05, 0.00045806785170626047, 6.2345692950329745
store: 9.930133819580078e-05, 0.00046506220190964246, 26.92330043251664
store_returns: 20.850121902301908, 2.7202879084232974, 12.021375826892104
store_sales: 174.69669486396015, 23.136651088721926, 41.96248396416407
web_returns: 6.285572262480855, 0.8122686341705623, 10.3462997607447
web_sales: 67.01082486007363, 8.810673630742752, 31.455836242175774
web_site: 1.0454095900058746e-05, 0.00033023099378202503, 7.015929478362446
Function: 77.70125229078482, 4.597487840059599, 17.970190048217773, 50.23490802943303, 4.750007396821578, 0.11262640467522164, 0.036032571577620506
hiya: 0b111000111001100011111110, 77.70125229078482
catalog_page: 0.0017016949132084846, 0.0014782932236839397, 6.476166472009117
catalog_returns: 13.009788101539016, 1.6957717460805697, 8.936783763416356
catalog_sales: 132.3057429259643, 17.401955500654417, 25.05295952141916
customer: 0.8535048151388764, 0.11270141891168443, 12.464339935542274
customer_address: 0.2449320713058114, 0.03390628761318841, 11.7636754287713
customer_demographics: 0.011580578982830048, 0.0025389326687613413, 7.607197711362446
date_dim: 0.001992875710129738, 0.0007720206171213664, 65.68747865946352
item: 0.03489831369370222, 0.005312519116427253, 50.74594863614159
promotion: 7.638614624738693e-05, 0.00045806785170626047, 6.2345692950329745
store: 9.930133819580078e-05, 0.00046506220190964246, 26.92330043251664
store_returns: 20.850121902301908, 2.7202879084232974, 12.021375826892104
store_sales: 174.69669486396015, 23.136651088721926, 41.96248396416407
web_returns: 6.285572262480855, 0.8122686341705623, 10.3462997607447
web_sales: 67.01082486007363, 8.810673630742752, 31.455836242175774
web_site: 1.0454095900058746e-05, 0.00033023099378202503, 7.015929478362446
catalog_page: 0.0017016949132084846, 0.0014782885655978096, 2.558525732378044
catalog_returns: 13.009788101539016, 1.6957361341074475, 5.019178631100319
catalog_sales: 132.3057429259643, 17.401593337295242, 20.72428689311327
customer: 0.8535048151388764, 0.11269908259457463, 11.355260215723254
customer_address: 0.2449320713058114, 0.03390561715535527, 10.654594043093002
customer_demographics: 0.011580578982830048, 0.0025389009689931164, 6.398893180602824
date_dim: 0.001992875710129738, 0.0007720151619797706, 59.452451302033985
item: 0.03489831369370222, 0.005312423588521681, 44.510921368784835
store: 9.930133819580078e-05, 0.0004650619300899511, 21.896577632363172
store_returns: 20.850121902301908, 2.720230834935629, 8.103792156090611
store_sales: 174.69669486396015, 23.136172887697168, 36.13932884968007
web_returns: 6.285572262480855, 0.812251428538255, 6.428676222087846
web_sales: 67.01082486007363, 8.810490200568855, 27.53837892806051
web_site: 1.0454095900058746e-05, 0.0003302309651658032, 3.098288734101903
Function: 83.93468468254719, 4.503574811403752, 24.2991304397583, 50.234898789892085, 4.749568522622188, 0.11148955389301252, 0.03602256497785747
hiya: 0b111000111000100011111110, 83.93468468254719
catalog_page: 0.0017016949132084846, 0.0014782885655978096, 2.558525732378044
catalog_returns: 13.009788101539016, 1.6957361341074475, 5.019178631100319
catalog_sales: 132.3057429259643, 17.401593337295242, 20.72428689311327
customer: 0.8535048151388764, 0.11269908259457463, 11.355260215723254
customer_address: 0.2449320713058114, 0.03390561715535527, 10.654594043093002
customer_demographics: 0.011580578982830048, 0.0025389009689931164, 6.398893180602824
date_dim: 0.001992875710129738, 0.0007720151619797706, 59.452451302033985
item: 0.03489831369370222, 0.005312423588521681, 44.510921368784835
store: 9.930133819580078e-05, 0.0004650619300899511, 21.896577632363172
store_returns: 20.850121902301908, 2.720230834935629, 8.103792156090611
store_sales: 174.69669486396015, 23.136172887697168, 36.13932884968007
web_returns: 6.285572262480855, 0.812251428538255, 6.428676222087846
web_sales: 67.01082486007363, 8.810490200568855, 27.53837892806051
web_site: 1.0454095900058746e-05, 0.0003302309651658032, 3.098288734101903
catalog_returns: 13.009788101539016, 1.695721125490039, 2.459189618774087
catalog_sales: 132.3057429259643, 17.401440704042415, 18.16443550542246
customer: 0.8535048151388764, 0.11269809795692129, 11.355261200360907
customer_address: 0.2449320713058114, 0.03390533459181768, 10.65459432565654
customer_demographics: 0.011580578982830048, 0.0025388876091691154, 6.398893193962649
date_dim: 0.001992875710129738, 0.0007720128629177995, 56.89244728338941
item: 0.03489831369370222, 0.005312383328416417, 44.51092140904494
store: 9.930133819580078e-05, 0.0004650618155319136, 19.336573611534085
store_returns: 20.850121902301908, 2.720206781392242, 5.543812188690357
store_sales: 174.69669486396015, 23.135971350528745, 33.579526365904854
web_returns: 6.285572262480855, 0.8122441772480308, 3.86867945243443
web_sales: 67.01082486007363, 8.810412894172725, 24.978452213513005
web_site: 1.0454095900058746e-05, 0.0003302309531055356, 0.5382847131703214
Function: 86.49272967061908, 4.465073812205792, 26.897635459899902, 50.234692955711544, 4.748305041293701, 0.1110099835567262, 0.03601241795141697
hiya: 0b111000111000100011111100, 86.49272967061908
catalog_returns: 13.009788101539016, 1.695721125490039, 2.459189618774087
catalog_sales: 132.3057429259643, 17.401440704042415, 18.16443550542246
customer: 0.8535048151388764, 0.11269809795692129, 11.355261200360907
customer_address: 0.2449320713058114, 0.03390533459181768, 10.65459432565654
customer_demographics: 0.011580578982830048, 0.0025388876091691154, 6.398893193962649
date_dim: 0.001992875710129738, 0.0007720128629177995, 56.89244728338941
item: 0.03489831369370222, 0.005312383328416417, 44.51092140904494
store: 9.930133819580078e-05, 0.0004650618155319136, 19.336573611534085
store_returns: 20.850121902301908, 2.720206781392242, 5.543812188690357
store_sales: 174.69669486396015, 23.135971350528745, 33.579526365904854
web_returns: 6.285572262480855, 0.8122441772480308, 3.86867945243443
web_sales: 67.01082486007363, 8.810412894172725, 24.978452213513005
web_site: 1.0454095900058746e-05, 0.0003302309531055356, 0.5382847131703214
catalog_returns: 13.009788101539016, 1.6956947190836216, 2.4592160251805044
catalog_sales: 132.3057429259643, 17.401172158606332, 18.164704050858543
customer: 0.8535048151388764, 0.11269636556936417, 11.355262932748463
customer_address: 0.2449320713058114, 0.03390483744491805, 10.115979878680012
customer_demographics: 0.011580578982830048, 0.002538864103676729, 6.3988932174681405
date_dim: 0.001992875710129738, 0.0007720088179106456, 56.35383234331098
item: 0.03489831369370222, 0.005312312494130149, 44.51092147987922
store: 9.930133819580078e-05, 0.0004650616139766328, 19.33657361173564
store_returns: 20.850121902301908, 2.7201644611954405, 5.543854508887159
store_sales: 174.69669486396015, 23.13561676274543, 33.579880953688175
web_returns: 6.285572262480855, 0.812231419209665, 3.3300772663493694
web_sales: 67.01082486007363, 8.810276880037689, 24.439973283524616
Function: 87.03017141365407, 4.395430508953731, 27.50589370727539, 50.234691691201526, 4.747986068529686, 0.11016702064555949, 0.036002417048183084
hiya: 0b11000111000100011111100, 87.03017141365407
catalog_returns: 13.009788101539016, 1.6956947190836216, 2.4592160251805044
catalog_sales: 132.3057429259643, 17.401172158606332, 18.164704050858543
customer: 0.8535048151388764, 0.11269636556936417, 11.355262932748463
customer_address: 0.2449320713058114, 0.03390483744491805, 10.115979878680012
customer_demographics: 0.011580578982830048, 0.002538864103676729, 6.3988932174681405
date_dim: 0.001992875710129738, 0.0007720088179106456, 56.35383234331098
item: 0.03489831369370222, 0.005312312494130149, 44.51092147987922
store: 9.930133819580078e-05, 0.0004650616139766328, 19.33657361173564
store_returns: 20.850121902301908, 2.7201644611954405, 5.543854508887159
store_sales: 174.69669486396015, 23.13561676274543, 33.579880953688175
web_returns: 6.285572262480855, 0.812231419209665, 3.3300772663493694
web_sales: 67.01082486007363, 8.810276880037689, 24.439973283524616
catalog_sales: 132.3057429259643, 17.39935560796629, 14.085720293920335
customer: 0.8535048151388764, 0.11268464699476619, 11.328700952339869
customer_address: 0.2449320713058114, 0.0339014745409272, 10.08940954260081
customer_demographics: 0.011580578982830048, 0.0025387051029584075, 6.398893376468859
date_dim: 0.001992875710129738, 0.0007719814558357522, 52.19892162640894
item: 0.03489831369370222, 0.0053118333421850045, 42.58267533254121
store: 9.930133819580078e-05, 0.00046506025057467103, 19.33657361309904
store_returns: 20.850121902301908, 2.7198781901580014, 1.4158037346436658
store_sales: 174.69669486396015, 23.13321818664548, 29.50147922220988
web_returns: 6.285572262480855, 0.8121451186450491, -0.7981734783669482
web_sales: 67.01082486007363, 8.809356825064283, 20.36009303091977
catalog_sales: 132.3057429259643, 17.399088072982927, 14.085987828903697
customer: 0.8535048151388764, 0.11268292112564314, 11.314731037930892
customer_address: 0.2449320713058114, 0.0339009792646363, 10.075438397599001
customer_demographics: 0.011580578982830048, 0.0025386816859098577, 6.398893399885908
date_dim: 0.001992875710129738, 0.0007719774260486987, 52.184949990160625
item: 0.03489831369370222, 0.005311762774426063, 42.582675403108965
store: 9.930133819580078e-05, 0.0004650600497777799, 19.33657361329984
store_returns: 20.850121902301908, 2.719836029198901, 1.4158458956027662
store_sales: 174.69669486396015, 23.132864933065395, 29.501832475789964
web_sales: 67.01082486007363, 8.809221322708016, 20.36022853327604
Function: 88.66639830054031, 4.038155514345566, 32.03205108642578, 47.90075706050363, 4.562308720499277, 0.09881062085333522, 0.03431529791273177
hiya: 0b10000111000100011111000, 88.66639830054031
catalog_sales: 132.3057429259643, 17.399088072982927, 14.085987828903697
customer: 0.8535048151388764, 0.11268292112564314, 11.314731037930892
customer_address: 0.2449320713058114, 0.0339009792646363, 10.075438397599001
customer_demographics: 0.011580578982830048, 0.0025386816859098577, 6.398893399885908
date_dim: 0.001992875710129738, 0.0007719774260486987, 52.184949990160625
item: 0.03489831369370222, 0.005311762774426063, 42.582675403108965
store: 9.930133819580078e-05, 0.0004650600497777799, 19.33657361329984
store_returns: 20.850121902301908, 2.719836029198901, 1.4158458956027662
store_sales: 174.69669486396015, 23.132864933065395, 29.501832475789964
web_sales: 67.01082486007363, 8.809221322708016, 20.36022853327604
catalog_sales: 132.3057429259643, 17.397604917012988, 11.502590535589718
customer: 0.8535048151388764, 0.11267335328124009, 10.301034981562873
customer_address: 0.2449320713058114, 0.033898233560211426, 9.126163393157832
customer_demographics: 0.011580578982830048, 0.002538551866867434, 6.39889352970495
date_dim: 0.001992875710129738, 0.0007719550857825737, 48.99854583784483
item: 0.03489831369370222, 0.005311371562063311, 39.04851759489181
store: 9.930133819580078e-05, 0.0004650589366033302, 15.200891689611344
store_sales: 174.69669486396015, 23.130906571771426, 25.432536786349097
web_sales: 67.01082486007363, 8.80847012700975, 20.360979728974307
Function: 90.05805725832418, 3.862566725341081, 36.343321800231934, 45.378761065404355, 4.351501192896366, 0.08940262707008025, 0.03250384738037288
hiya: 0b10000101000100011111000, 90.05805725832418
catalog_sales: 132.3057429259643, 17.397604917012988, 11.502590535589718
customer: 0.8535048151388764, 0.11267335328124009, 10.301034981562873
customer_address: 0.2449320713058114, 0.033898233560211426, 9.126163393157832
customer_demographics: 0.011580578982830048, 0.002538551866867434, 6.39889352970495
date_dim: 0.001992875710129738, 0.0007719550857825737, 48.99854583784483
item: 0.03489831369370222, 0.005311371562063311, 39.04851759489181
store: 9.930133819580078e-05, 0.0004650589366033302, 15.200891689611344
store_sales: 174.69669486396015, 23.130906571771426, 25.432536786349097
web_sales: 67.01082486007363, 8.80847012700975, 20.360979728974307
catalog_sales: 132.3057429259643, 17.3969980157125, 8.163831119227009
customer: 0.8535048151388764, 0.11266943815880606, 6.961672579022114
customer_address: 0.2449320713058114, 0.033897110029294936, 5.115979497971699
date_dim: 0.001992875710129738, 0.0007719459442378951, 42.59711376541455
item: 0.03489831369370222, 0.005311211479579383, 34.32689526403023
store: 9.930133819580078e-05, 0.0004650584810969405, 12.138825926158226
store_sales: 174.69669486396015, 23.130105218413973, 21.362281486224028
web_sales: 67.01082486007363, 8.808162740830928, 19.35229622557923
Function: 96.45521884080463, 3.7055900697302824, 42.90173053741455, 45.377360297871554, 4.350366070781152, 0.08767901818874636, 0.03249284681834876
hiya: 0b10000101000100010111000, 96.45521884080463
catalog_sales: 132.3057429259643, 17.3969980157125, 8.163831119227009
customer: 0.8535048151388764, 0.11266943815880606, 6.961672579022114
customer_address: 0.2449320713058114, 0.033897110029294936, 5.115979497971699
date_dim: 0.001992875710129738, 0.0007719459442378951, 42.59711376541455
item: 0.03489831369370222, 0.005311211479579383, 34.32689526403023
store: 9.930133819580078e-05, 0.0004650584810969405, 12.138825926158226
store_sales: 174.69669486396015, 23.130105218413973, 21.362281486224028
web_sales: 67.01082486007363, 8.808162740830928, 19.35229622557923
catalog_sales: 132.3057429259643, 17.396730390445814, 5.342749094453623
customer: 0.8535048151388764, 0.11266771170726499, 5.085213135923634
date_dim: 0.001992875710129738, 0.0007719419130909351, 37.4472371614447
item: 0.03489831369370222, 0.00531114088800639, 30.755583745674024
store: 9.930133819580078e-05, 0.00046505828023228775, 10.80815643793503
store_sales: 174.69669486396015, 23.129751845623662, 16.458401897220202
web_sales: 67.01082486007363, 8.808027192747547, 15.453258850638909
Function: 101.5702052647925, 3.6402843733489516, 48.116912841796875, 45.347733722746526, 4.345949216484229, 0.08686342572853045, 0.03246168468738794
hiya: 0b10000101000100010011000, 101.5702052647925
catalog_sales: 132.3057429259643, 17.396730390445814, 5.342749094453623
customer: 0.8535048151388764, 0.11266771170726499, 5.085213135923634
date_dim: 0.001992875710129738, 0.0007719419130909351, 37.4472371614447
item: 0.03489831369370222, 0.00531114088800639, 30.755583745674024
store: 9.930133819580078e-05, 0.00046505828023228775, 10.80815643793503
store_sales: 174.69669486396015, 23.129751845623662, 16.458401897220202
web_sales: 67.01082486007363, 8.808027192747547, 15.453258850638909
catalog_sales: 132.3057429259643, 17.39019521850641, 1.78813586504603
date_dim: 0.001992875710129738, 0.00077184347605312, 32.24935641225085
item: 0.03489831369370222, 0.005309417104326711, 29.75193113217155
store: 9.930133819580078e-05, 0.0004650533752954001, 10.808156442839968
store_sales: 174.69669486396015, 23.121122795115852, 11.269150100097121
web_sales: 67.01082486007363, 8.804717228625226, 10.258687967130335
Function: 106.63612444490644, 1.9476870868245766, 55.00739097595215, 45.24449520281535, 4.335983578434388, 0.06818965900860598, 0.03237794187135994
hiya: 0b10000101000100010001000, 106.63612444490644
catalog_sales: 132.3057429259643, 17.39019521850641, 1.78813586504603
date_dim: 0.001992875710129738, 0.00077184347605312, 32.24935641225085
item: 0.03489831369370222, 0.005309417104326711, 29.75193113217155
store: 9.930133819580078e-05, 0.0004650533752954001, 10.808156442839968
store_sales: 174.69669486396015, 23.121122795115852, 11.269150100097121
web_sales: 67.01082486007363, 8.804717228625226, 10.258687967130335
date_dim: 0.001992875710129738, 0.0007717363963889347, 13.071025435778063
item: 0.03489831369370222, 0.00530754197498876, 11.273268481134764
store: 9.930133819580078e-05, 0.0004650480397123062, 10.80815644817555
store_sales: 174.69669486396015, 23.111736126732456, -7.136917223960191
web_sales: 67.01082486007363, 8.801116654547112, -8.048165408899841
date_dim: 0.001992875710129738, 0.0007714802927617135, -0.0007714802927617135
date_dim had no query dependencies
item: 0.03489831369370222, 0.005303057207235592, -0.005303057207235592
item had no query dependencies
store: 9.930133819580078e-05, 0.0004650352785387064, -0.0004650352785387064
store had no query dependencies
Function: 92.55434989929199, 0, 92.55434989929199, 0.0, 0, 0.0, 0
hiya: 0b0, 92.55434989929199
{61.474732228425374: [0, 1, 2, 3, 4, 5, 6, 7, 8, 9, 10, 11, 12, 13, 14, 15, 16, 17, 18, 19, 21, 22, 23], 62.24314249440408: [0, 1, 2, 3, 4, 5, 6, 7, 8, 9, 11, 12, 13, 14, 15, 16, 17, 18, 19, 21, 22, 23], 63.164380065295084: [0, 1, 2, 3, 4, 5, 6, 7, 8, 9, 11, 12, 13, 15, 16, 17, 18, 19, 21, 22, 23], 63.42392674956653: [0, 1, 2, 3, 4, 5, 6, 7, 8, 9, 11, 12, 13, 15, 16, 17, 18, 21, 22, 23], 64.35393406671595: [1, 2, 3, 4, 5, 6, 7, 8, 9, 11, 12, 13, 15, 16, 17, 18, 21, 22, 23], 67.04392059165798: [1, 2, 3, 4, 5, 6, 7, 8, 11, 12, 13, 15, 16, 17, 18, 21, 22, 23], 69.94527981545303: [1, 2, 3, 4, 5, 6, 7, 8, 11, 12, 15, 16, 17, 18, 21, 22, 23], 73.29674409113727: [1, 2, 3, 4, 5, 6, 7, 8, 11, 12, 15, 16, 17, 21, 22, 23], 77.70125229078482: [1, 2, 3, 4, 5, 6, 7, 11, 12, 15, 16, 17, 21, 22, 23], 83.93468468254719: [1, 2, 3, 4, 5, 6, 7, 11, 15, 16, 17, 21, 22, 23], 86.49272967061908: [2, 3, 4, 5, 6, 7, 11, 15, 16, 17, 21, 22, 23], 87.03017141365407: [2, 3, 4, 5, 6, 7, 11, 15, 16, 17, 21, 22], 88.66639830054031: [3, 4, 5, 6, 7, 11, 15, 16, 17, 22], 90.05805725832418: [3, 4, 5, 6, 7, 11, 15, 17, 22], 96.45521884080463: [3, 4, 5, 7, 11, 15, 17, 22], 101.5702052647925: [3, 4, 7, 11, 15, 17, 22], 106.63612444490644: [3, 7, 11, 15, 17, 22], 92.55434989929199: []}
[0, 1, 2, 3, 4, 5, 6, 7, 8, 9, 10, 11, 12, 13, 14, 15, 16, 17, 18, 19, 21, 22, 23]
{'09': 139264, '38': 4325528, '14': 4327560, '84': 66416, '43': 163968, '67': 166016, '42': 133248, '53': 166016, '10': 4325624, '58': 4327560, '76': 4327560, '11': 4325520, '17': 231560, '71': 4589704, '27': 166080, '89': 166016, '83': 2164868, '86': 4196480, '08': 164016, '44': 133120, '50': 229504, '05': 14909582, '35': 4325624, '96': 426240, '45': 4196528, '94': 14680224, '69': 4325624, '37': 3208, '92': 4196480, '60': 4327592, '87': 4325528, '29': 231560, '95': 14680224, '54': 4360376, '07': 137408, '88': 426240, '98': 133248, '22': 527488, '28': 131072, '59': 163968, '62': 13123712, '01': 98448, '82': 134272, '34': 164240, '52': 133248, '20': 2184, '15': 184, '56': 4327592, '65': 166016, '24': 231472, '64': 236540, '48': 164064, '55': 133248, '57': 2185, '33': 4327592, '19': 166064, '12': 4196480, '61': 170160, '23': 4327576, '21': 527488, '04': 4325528, '51': 4325504, '03': 133248, '97': 131208, '99': 540809, '25': 231560, '68': 164272, '46': 164272, '30': 2097328, '39': 527488, '40': 526476, '36': 166016, '66': 4997256, '70': 163968, '49': 6488204, '32': 2184, '80': 14915726, '31': 4325536, '06': 133296, '47': 166016, '63': 166016, '78': 6488204, '81': 180, '02': 4194440, '13': 164320, '26': 6344, '79': 164240, '74': 4325520, '93': 204800, '73': 164240, '75': 6490252, '18': 2296, '91': 501, '16': 173, '72': 531916}
Best Cost: $61.474732228425374;
[0, 1, 2, 3, 4, 5, 6, 7, 8, 9, 10, 11, 12, 13, 14, 15, 16, 17, 18, 19, 21, 22, 23]
{}
{'09': 139264, '38': 4325528, '14': 4327560, '84': 66416, '43': 163968, '67': 166016, '42': 133248, '53': 166016, '10': 4325624, '58': 4327560, '76': 4327560, '11': 4325520, '17': 231560, '71': 4589704, '27': 166080, '89': 166016, '83': 2164868, '86': 4196480, '08': 164016, '44': 133120, '50': 229504, '05': 14909582, '35': 4325624, '96': 426240, '45': 4196528, '94': 14680224, '69': 4325624, '37': 3208, '92': 4196480, '60': 4327592, '87': 4325528, '29': 231560, '95': 14680224, '54': 4360376, '07': 137408, '88': 426240, '98': 133248, '22': 527488, '28': 131072, '59': 163968, '62': 13123712, '01': 98448, '82': 134272, '34': 164240, '52': 133248, '20': 2184, '15': 184, '56': 4327592, '65': 166016, '24': 231472, '64': 236540, '48': 164064, '55': 133248, '57': 2185, '33': 4327592, '19': 166064, '12': 4196480, '61': 170160, '23': 4327576, '21': 527488, '04': 4325528, '51': 4325504, '03': 133248, '97': 131208, '99': 540809, '25': 231560, '68': 164272, '46': 164272, '30': 2097328, '39': 527488, '40': 526476, '36': 166016, '66': 4997256, '70': 163968, '49': 6488204, '32': 2184, '80': 14915726, '31': 4325536, '06': 133296, '47': 166016, '63': 166016, '78': 6488204, '81': 180, '02': 4194440, '13': 164320, '26': 6344, '79': 164240, '74': 4325520, '93': 204800, '73': 164240, '75': 6490252, '18': 2296, '91': 501, '16': 173, '72': 531916}
{'09': 139264, '38': 4325528, '14': 4327560, '84': 66416, '43': 163968, '67': 166016, '42': 133248, '53': 166016, '10': 4325624, '58': 4327560, '76': 4327560, '11': 4325520, '17': 231560, '71': 4589704, '27': 166080, '89': 166016, '83': 2164868, '86': 4196480, '08': 164016, '44': 133120, '50': 229504, '05': 14909582, '35': 4325624, '96': 426240, '45': 4196528, '94': 14680224, '69': 4325624, '37': 3208, '92': 4196480, '60': 4327592, '87': 4325528, '29': 231560, '95': 14680224, '54': 4360376, '07': 137408, '88': 426240, '98': 133248, '22': 527488, '28': 131072, '59': 163968, '62': 13123712, '01': 98448, '82': 134272, '34': 164240, '52': 133248, '20': 2184, '15': 184, '56': 4327592, '65': 166016, '24': 231472, '64': 236540, '48': 164064, '55': 133248, '57': 2185, '33': 4327592, '19': 166064, '12': 4196480, '61': 170160, '23': 4327576, '21': 527488, '04': 4325528, '51': 4325504, '03': 133248, '97': 131208, '99': 540809, '25': 231560, '68': 164272, '46': 164272, '30': 2097328, '39': 527488, '40': 526476, '36': 166016, '66': 4997256, '70': 163968, '49': 6488204, '32': 2184, '80': 14915726, '31': 4325536, '06': 133296, '47': 166016, '63': 166016, '78': 6488204, '81': 180, '02': 4194440, '13': 164320, '26': 6344, '79': 164240, '74': 4325520, '93': 204800, '73': 164240, '75': 6490252, '18': 2296, '91': 501, '16': 173, '72': 531916}
[0, 1, 2, 3, 4, 5, 6, 7, 8, 9, 10, 11, 12, 13, 14, 15, 16, 17, 18, 19, 21, 22, 23]
23
Optimal Subset: 0b111011111111111111111111
Function: 61.474732228425374, 5.549763581327199, 0.00011920928955078125, 50.85626883963274, 4.904504433121284, 0.12751975821138595, 0.03655640684321821
61.474732228425374
Real: 61.474732228425374, 5.549763581327199, 0.00011920928955078125, 50.85626883963274, 4.904504433121284, 0.12751975821138595, 0.03655640684321821
Num Redshift Qs: 95; Num GCP Qs: 1
Redshift Qs: $5.549763581327199; GCP Qs: $0.00011920928955078125; Movement Cost: $50.85626883963274
Load Cost: $4.904504433121284, Storage Cost: $0.12751975821138595, API Cost: $0.03655640684321821
Final cost: $61.474732228425374, BQ Baseline: $92.55434989929199, Diff: $31.079617670866618, %: 33.57985627329696%
