Egress: $0.12/GB
Benchmark: tpcds
Data Path: parquet_1000/real_data_rs1
BigQuery Cost: $5/TB; DuckDB Cost: $1.48/hr; Redshift Cost: $1.086/hr
Use Duck: False
Excluded Table: store
Excluded Query: None

Starting analysis without using DuckDB
Redshift Total: $4.544123019140165, Redshift-Calcite Total: $3.846740468838215, BigQuery Total: $54.358344078063965
Excluding table store and any queries that depend on it
Total Keys: 65, Keys Considered: 64
-0.255465318604546
call_center: 9.615905582904816e-06, 0.0003980823998936097, 1.1867302906110595
catalog_page: 0.0017016949132084846, 0.001478255090617903, -0.001478255090617903
catalog_page had no query dependencies
catalog_returns: 13.009788101539016, 1.6954802113848104, 3.486623749910079
catalog_sales: 132.3057429259643, 17.398990677998576, 18.659222939774082
customer: 0.8535048151388764, 0.11268229283025492, 9.045869849736983
customer_address: 0.2449320713058114, 0.033900798961387736, 8.278171318106189
customer_demographics: 0.011580578982830048, 0.0025386731610319204, 5.138197255624769
date_dim: 0.001992875710129738, 0.0007719759590216875, 44.26640926525208
household_demographics: 3.5176053643226624e-05, 0.0003424409455875007, 0.5711633050295889
income_band: 5.122274160385132e-07, 0.00034787886006307217, 0.012830558843387449
inventory: 5.1357166497036815, 0.7698128121342146, 0.7780806611671166
item: 0.03489831369370222, 0.005311737084530515, 33.6542939649207
promotion: 7.638614624738693e-05, 0.00045806613997877247, 1.589875939434804
reason: 1.4491379261016846e-06, 0.00035830959612378636, 3.079224634662725
ship_mode: 1.3029202818870544e-06, 0.000348783141283512, 0.9214582549266931
store_returns: 20.850121902301908, 2.7198206806792413, 1.9503117117391433
store_sales: 174.69669486396015, 23.132736332586788, 18.909494367630295
time_dim: 0.0012146271765232086, 0.0008090192580438345, 1.4080272158896707
warehouse: 2.907589077949524e-06, 0.0003193878619147212, 2.412038839596085
web_page: 7.394980639219284e-05, 0.00035020516031573, 0.3302257894755047
web_returns: 6.285572262480855, 0.812127781576891, 4.044863496767501
web_sales: 67.01082486007363, 8.809171993645691, 26.16323379235002
web_site: 1.0454095900058746e-05, 0.0003302307595175125, 0.6662141710812487
-0.2554651289978035
call_center: 9.615905582904816e-06, 0.00039808239954112996, 1.186730290611412
catalog_returns: 13.009788101539016, 1.6954797344992178, 3.486624226795672
catalog_sales: 132.3057429259643, 17.398985828211465, 18.659227789561193
customer: 0.8535048151388764, 0.11268226154426114, 9.045869881022977
customer_address: 0.2449320713058114, 0.03390078998318032, 8.278171327084396
customer_demographics: 0.011580578982830048, 0.0025386727365352855, 5.138197256049266
date_dim: 0.001992875710129738, 0.0007719758859710193, 44.26640926532513
household_demographics: 3.5176053643226624e-05, 0.0003424409442980905, 0.5711633050308783
income_band: 5.122274160385132e-07, 0.000347878860044296, 0.012830558843406226
inventory: 5.1357166497036815, 0.7698126238798587, 0.7780808494214725
item: 0.03489831369370222, 0.0053117358053011475, 33.65429396619993
promotion: 7.638614624738693e-05, 0.0004580661371787689, 1.589875939437604
reason: 1.4491379261016846e-06, 0.00035830959607066685, 3.079224634662778
ship_mode: 1.3029202818870544e-06, 0.00034878314123575223, 0.9214582549267408
store_returns: 20.850121902301908, 2.719819916399096, 1.9503124760192887
store_sales: 174.69669486396015, 23.132729928920856, 18.909500771296226
time_dim: 0.0012146271765232086, 0.0008090192135205728, 1.408027215934194
warehouse: 2.907589077949524e-06, 0.0003193878618081409, 2.4120388395961916
web_page: 7.394980639219284e-05, 0.00035020515760503273, 0.3302257894782154
web_returns: 6.285572262480855, 0.8121275511735339, 4.044863727170859
web_sales: 67.01082486007363, 8.809169537303076, 26.163236248692634
web_site: 1.0454095900058746e-05, 0.00033023075913430814, 0.666214171081632
{}
{}
STARTING PHASE 2: 0b111111110111111111111101
----
[0, 2, 3, 4, 5, 6, 7, 8, 9, 10, 11, 12, 13, 14, 16, 17, 18, 19, 20, 21, 22, 23]
Function: 59.57113448394653, 3.6706979675006868, 0.00011920928955078125, 50.85605993897317, 4.903129147657554, 0.10458196289917045, 0.036546257626405364
-0.2554651289978035
call_center: 9.615905582904816e-06, 0.00039808239954112996, 1.186730290611412
catalog_returns: 13.009788101539016, 1.6954797344992178, 3.486624226795672
catalog_sales: 132.3057429259643, 17.398985828211465, 18.659227789561193
customer: 0.8535048151388764, 0.11268226154426114, 9.045869881022977
customer_address: 0.2449320713058114, 0.03390078998318032, 8.278171327084396
customer_demographics: 0.011580578982830048, 0.0025386727365352855, 5.138197256049266
date_dim: 0.001992875710129738, 0.0007719758859710193, 44.26640926532513
household_demographics: 3.5176053643226624e-05, 0.0003424409442980905, 0.5711633050308783
income_band: 5.122274160385132e-07, 0.000347878860044296, 0.012830558843406226
inventory: 5.1357166497036815, 0.7698126238798587, 0.7780808494214725
item: 0.03489831369370222, 0.0053117358053011475, 33.65429396619993
promotion: 7.638614624738693e-05, 0.0004580661371787689, 1.589875939437604
reason: 1.4491379261016846e-06, 0.00035830959607066685, 3.079224634662778
ship_mode: 1.3029202818870544e-06, 0.00034878314123575223, 0.9214582549267408
store_returns: 20.850121902301908, 2.719819916399096, 1.9503124760192887
store_sales: 174.69669486396015, 23.132729928920856, 18.909500771296226
time_dim: 0.0012146271765232086, 0.0008090192135205728, 1.408027215934194
warehouse: 2.907589077949524e-06, 0.0003193878618081409, 2.4120388395961916
web_page: 7.394980639219284e-05, 0.00035020515760503273, 0.3302257894782154
web_returns: 6.285572262480855, 0.8121275511735339, 4.044863727170859
web_sales: 67.01082486007363, 8.809169537303076, 26.163236248692634
web_site: 1.0454095900058746e-05, 0.00033023075913430814, 0.666214171081632
-0.2554649857921744
call_center: 9.615905582904816e-06, 0.0003980823992749101, 1.1867302906116783
catalog_returns: 13.009788101539016, 1.695479374318454, 3.4866245869764354
catalog_sales: 132.3057429259643, 17.39898216527836, 18.6592314524943
customer: 0.8535048151388764, 0.11268223791466672, 9.032691466949121
customer_address: 0.2449320713058114, 0.03390078320214593, 8.26499289616198
customer_demographics: 0.011580578982830048, 0.0025386724159227013, 5.125018818666429
date_dim: 0.001992875710129738, 0.000771975830797523, 44.266409265380304
household_demographics: 3.5176053643226624e-05, 0.0003424409433242286, 0.5579848673284017
inventory: 5.1357166497036815, 0.7698124816956562, 0.778080991605675
item: 0.03489831369370222, 0.005311734839128509, 33.654293967166105
promotion: 7.638614624738693e-05, 0.0004580661350639904, 1.5898759394397188
reason: 1.4491379261016846e-06, 0.000358309596030547, 3.0792246346628183
ship_mode: 1.3029202818870544e-06, 0.00034878314119968045, 0.9214582549267769
store_returns: 20.850121902301908, 2.71981933915581, 1.9371346155591245
store_sales: 174.69669486396015, 23.132725092378667, 18.909505607838415
time_dim: 0.0012146271765232086, 0.0008090191798931731, 1.4080272159678215
warehouse: 2.907589077949524e-06, 0.0003193878617276432, 2.412038839596272
web_page: 7.394980639219284e-05, 0.00035020515555770514, 0.3302257894802627
web_returns: 6.285572262480855, 0.8121273771551563, 4.044863901189236
web_sales: 67.01082486007363, 8.809167682083768, 26.163238103911944
web_site: 1.0454095900058746e-05, 0.00033023075884488264, 0.6662141710819214
Function: 59.58395340218576, 3.6700815062173207, 0.013914108276367188, 50.85605987701499, 4.902791330436468, 0.10457032265845875, 0.036536257582148915
hiya: 0b111111110111110111111101, 59.58395340218576
-0.2554649857921744
call_center: 9.615905582904816e-06, 0.0003980823992749101, 1.1867302906116783
catalog_returns: 13.009788101539016, 1.695479374318454, 3.4866245869764354
catalog_sales: 132.3057429259643, 17.39898216527836, 18.6592314524943
customer: 0.8535048151388764, 0.11268223791466672, 9.032691466949121
customer_address: 0.2449320713058114, 0.03390078320214593, 8.26499289616198
customer_demographics: 0.011580578982830048, 0.0025386724159227013, 5.125018818666429
date_dim: 0.001992875710129738, 0.000771975830797523, 44.266409265380304
household_demographics: 3.5176053643226624e-05, 0.0003424409433242286, 0.5579848673284017
inventory: 5.1357166497036815, 0.7698124816956562, 0.778080991605675
item: 0.03489831369370222, 0.005311734839128509, 33.654293967166105
promotion: 7.638614624738693e-05, 0.0004580661350639904, 1.5898759394397188
reason: 1.4491379261016846e-06, 0.000358309596030547, 3.0792246346628183
ship_mode: 1.3029202818870544e-06, 0.00034878314119968045, 0.9214582549267769
store_returns: 20.850121902301908, 2.71981933915581, 1.9371346155591245
store_sales: 174.69669486396015, 23.132725092378667, 18.909505607838415
time_dim: 0.0012146271765232086, 0.0008090191798931731, 1.4080272159678215
warehouse: 2.907589077949524e-06, 0.0003193878617276432, 2.412038839596272
web_page: 7.394980639219284e-05, 0.00035020515555770514, 0.3302257894802627
web_returns: 6.285572262480855, 0.8121273771551563, 4.044863901189236
web_sales: 67.01082486007363, 8.809167682083768, 26.163238103911944
web_site: 1.0454095900058746e-05, 0.00033023075884488264, 0.6662141710819214
-0.25546024534584955
call_center: 9.615905582904816e-06, 0.0003980823904624, 1.1867302906204908
catalog_returns: 13.009788101539016, 1.695467451480024, 3.4866365098148657
catalog_sales: 132.3057429259643, 17.398860913495938, 18.65935270427672
customer: 0.8535048151388764, 0.11268145571898987, 9.032692249144798
customer_address: 0.2449320713058114, 0.03390055873380797, 8.088925471968384
customer_demographics: 0.011580578982830048, 0.0025386618028849593, 4.948951180617534
date_dim: 0.001992875710129738, 0.0007719740044238022, 44.09034161854474
household_demographics: 3.5176053643226624e-05, 0.0003424409110870852, 0.40347652138674983
inventory: 5.1357166497036815, 0.769807775060978, 0.7780856982403532
item: 0.03489831369370222, 0.0053117028565203075, 33.65429399914871
promotion: 7.638614624738693e-05, 0.00045806606505980024, 1.589875939509723
reason: 1.4491379261016846e-06, 0.0003583095947024825, 2.9031569860022146
ship_mode: 1.3029202818870544e-06, 0.0003487831400056173, 0.921458254927971
store_returns: 20.850121902301908, 2.7198002310325458, 1.9371537236823886
store_sales: 174.69669486396015, 23.132564991349287, 18.909665708867795
time_dim: 0.0012146271765232086, 0.0008090180667464051, 1.2535188711070793
warehouse: 2.907589077949524e-06, 0.00031938785906297914, 2.412038839598937
web_returns: 6.285572262480855, 0.8121216167336998, 3.8688020129487617
web_sales: 67.01082486007363, 8.80910626991997, 25.832723521439917
web_site: 1.0454095900058746e-05, 0.0003302307492642119, 0.666214171091502
Function: 59.91379380547903, 3.638823928465446, 0.3757476806640625, 50.85605093216966, 4.902460024039348, 0.10418498894762503, 0.03652625119288564
hiya: 0b111011110111110111111101, 59.91379380547903
-0.25546024534584955
call_center: 9.615905582904816e-06, 0.0003980823904624, 1.1867302906204908
catalog_returns: 13.009788101539016, 1.695467451480024, 3.4866365098148657
catalog_sales: 132.3057429259643, 17.398860913495938, 18.65935270427672
customer: 0.8535048151388764, 0.11268145571898987, 9.032692249144798
customer_address: 0.2449320713058114, 0.03390055873380797, 8.088925471968384
customer_demographics: 0.011580578982830048, 0.0025386618028849593, 4.948951180617534
date_dim: 0.001992875710129738, 0.0007719740044238022, 44.09034161854474
household_demographics: 3.5176053643226624e-05, 0.0003424409110870852, 0.40347652138674983
inventory: 5.1357166497036815, 0.769807775060978, 0.7780856982403532
item: 0.03489831369370222, 0.0053117028565203075, 33.65429399914871
promotion: 7.638614624738693e-05, 0.00045806606505980024, 1.589875939509723
reason: 1.4491379261016846e-06, 0.0003583095947024825, 2.9031569860022146
ship_mode: 1.3029202818870544e-06, 0.0003487831400056173, 0.921458254927971
store_returns: 20.850121902301908, 2.7198002310325458, 1.9371537236823886
store_sales: 174.69669486396015, 23.132564991349287, 18.909665708867795
time_dim: 0.0012146271765232086, 0.0008090180667464051, 1.2535188711070793
warehouse: 2.907589077949524e-06, 0.00031938785906297914, 2.412038839598937
web_returns: 6.285572262480855, 0.8121216167336998, 3.8688020129487617
web_sales: 67.01082486007363, 8.80910626991997, 25.832723521439917
web_site: 1.0454095900058746e-05, 0.0003302307492642119, 0.666214171091502
-0.25543619211763985
call_center: 9.615905582904816e-06, 0.00039808234574734554, 1.164940771482762
catalog_returns: 13.009788101539016, 1.695406954485858, 3.0828780445111943
catalog_sales: 132.3057429259643, 17.39824567674531, 18.277938497911947
customer: 0.8535048151388764, 0.11267748682453754, 9.010906698856807
customer_address: 0.2449320713058114, 0.03389941977182233, 8.067137091747927
customer_demographics: 0.011580578982830048, 0.002538607951875727, 4.545132272170707
date_dim: 0.001992875710129738, 0.0007719647373251171, 43.686522665514
inventory: 5.1357166497036815, 0.7697838933945149, 0.39608013679142284
item: 0.03489831369370222, 0.00531154057539294, 33.27226471831444
promotion: 7.638614624738693e-05, 0.00045806570985553347, 1.2078464967495337
reason: 1.4491379261016846e-06, 0.00035830958796382635, 2.903156986008953
ship_mode: 1.3029202818870544e-06, 0.00034878313394688985, 0.9214582549340297
store_returns: 20.850121902301908, 2.719703275594591, 1.9372506791203432
store_sales: 174.69669486396015, 23.131752631851384, 18.9104780683657
time_dim: 0.0012146271765232086, 0.0008090124185919049, 1.2535188767552337
warehouse: 2.907589077949524e-06, 0.0003193878455423593, 2.0300093964970642
web_returns: 6.285572262480855, 0.812092388107874, 3.8688312415745876
web_sales: 67.01082486007363, 8.808794661963793, 25.833035129396094
web_site: 1.0454095900058746e-05, 0.0003302307006514771, 0.6662141711401147
Function: 60.31531518684759, 3.4788687818765647, 0.9395217895507812, 50.856046677332834, 4.902131816010475, 0.10222987392326298, 0.03651624815367461
hiya: 0b111011110111110011111101, 60.31531518684759
-0.25543619211763985
call_center: 9.615905582904816e-06, 0.00039808234574734554, 1.164940771482762
catalog_returns: 13.009788101539016, 1.695406954485858, 3.0828780445111943
catalog_sales: 132.3057429259643, 17.39824567674531, 18.277938497911947
customer: 0.8535048151388764, 0.11267748682453754, 9.010906698856807
customer_address: 0.2449320713058114, 0.03389941977182233, 8.067137091747927
customer_demographics: 0.011580578982830048, 0.002538607951875727, 4.545132272170707
date_dim: 0.001992875710129738, 0.0007719647373251171, 43.686522665514
inventory: 5.1357166497036815, 0.7697838933945149, 0.39608013679142284
item: 0.03489831369370222, 0.00531154057539294, 33.27226471831444
promotion: 7.638614624738693e-05, 0.00045806570985553347, 1.2078464967495337
reason: 1.4491379261016846e-06, 0.00035830958796382635, 2.903156986008953
ship_mode: 1.3029202818870544e-06, 0.00034878313394688985, 0.9214582549340297
store_returns: 20.850121902301908, 2.719703275594591, 1.9372506791203432
store_sales: 174.69669486396015, 23.131752631851384, 18.9104780683657
time_dim: 0.0012146271765232086, 0.0008090124185919049, 1.2535188767552337
warehouse: 2.907589077949524e-06, 0.0003193878455423593, 2.0300093964970642
web_returns: 6.285572262480855, 0.812092388107874, 3.8688312415745876
web_sales: 67.01082486007363, 8.808794661963793, 25.833035129396094
web_site: 1.0454095900058746e-05, 0.0003302307006514771, 0.6662141711401147
call_center: 9.615905582904816e-06, 0.00039808228656901625, 1.1649407715419404
catalog_returns: 13.009788101539016, 1.6953268894813032, 3.082958109515749
catalog_sales: 132.3057429259643, 17.397431439047715, 18.145403912132515
customer: 0.8535048151388764, 0.1126722341742731, 9.010911951507072
customer_address: 0.2449320713058114, 0.03389791240773218, 8.067138599112017
customer_demographics: 0.011580578982830048, 0.002538536682528235, 4.545132343440055
date_dim: 0.001992875710129738, 0.0007719524727438984, 42.52065864759265
item: 0.03489831369370222, 0.005311325803743852, 32.10640090290015
promotion: 7.638614624738693e-05, 0.0004580652397589339, 1.2078464972196303
reason: 1.4491379261016846e-06, 0.00035830957904552313, 2.903156986017872
ship_mode: 1.3029202818870544e-06, 0.00034878312592844115, 0.9214582549420481
store_returns: 20.850121902301908, 2.7195749595073457, 1.9373789952075886
store_sales: 174.69669486396015, 23.130677511214454, 18.727488264730336
time_dim: 0.0012146271765232086, 0.000809004943517779, 1.2535188842303078
warehouse: 2.907589077949524e-06, 0.00031938782764843733, 1.181559114078349
web_returns: 6.285572262480855, 0.8120537053585548, 3.868869924323907
web_sales: 67.01082486007363, 8.80838226308721, 25.83344752827268
web_site: 1.0454095900058746e-05, 0.0003302306363147462, 0.6662141712044515
Function: 60.703917707707376, 3.418536523000002, 2.1657180786132812, 50.234838950912426, 4.750336386652788, 0.09842524629373507, 0.036062522235140206
hiya: 0b111011110111100011111101, 60.703917707707376
call_center: 9.615905582904816e-06, 0.00039808228656901625, 1.1649407715419404
catalog_returns: 13.009788101539016, 1.6953268894813032, 3.082958109515749
catalog_sales: 132.3057429259643, 17.397431439047715, 18.145403912132515
customer: 0.8535048151388764, 0.1126722341742731, 9.010911951507072
customer_address: 0.2449320713058114, 0.03389791240773218, 8.067138599112017
customer_demographics: 0.011580578982830048, 0.002538536682528235, 4.545132343440055
date_dim: 0.001992875710129738, 0.0007719524727438984, 42.52065864759265
item: 0.03489831369370222, 0.005311325803743852, 32.10640090290015
promotion: 7.638614624738693e-05, 0.0004580652397589339, 1.2078464972196303
reason: 1.4491379261016846e-06, 0.00035830957904552313, 2.903156986017872
ship_mode: 1.3029202818870544e-06, 0.00034878312592844115, 0.9214582549420481
store_returns: 20.850121902301908, 2.7195749595073457, 1.9373789952075886
store_sales: 174.69669486396015, 23.130677511214454, 18.727488264730336
time_dim: 0.0012146271765232086, 0.000809004943517779, 1.2535188842303078
warehouse: 2.907589077949524e-06, 0.00031938782764843733, 1.181559114078349
web_returns: 6.285572262480855, 0.8120537053585548, 3.868869924323907
web_sales: 67.01082486007363, 8.80838226308721, 25.83344752827268
web_site: 1.0454095900058746e-05, 0.0003302306363147462, 0.6662141712044515
call_center: 9.615905582904816e-06, 0.00039808226621023546, 1.1649407715622992
catalog_returns: 13.009788101539016, 1.6952993451776073, 3.082985653819445
catalog_sales: 132.3057429259643, 17.39715132152886, 18.14568402965137
customer: 0.8535048151388764, 0.11267042713516912, 9.010913758546176
customer_address: 0.2449320713058114, 0.03389739383792118, 7.528524173558401
customer_demographics: 0.011580578982830048, 0.002538512164143924, 4.545132367958439
date_dim: 0.001992875710129738, 0.0007719482534304584, 41.85411424997119
item: 0.03489831369370222, 0.005311251917086871, 32.10640097678681
promotion: 7.638614624738693e-05, 0.0004580650780343006, 1.207846497381355
reason: 1.4491379261016846e-06, 0.00035830957597741053, 2.9031569860209396
ship_mode: 1.3029202818870544e-06, 0.0003487831231699003, 0.7935287972274675
store_returns: 20.850121902301908, 2.7195308156607827, 1.9374231390541516
store_sales: 174.69669486396015, 23.130307643636257, 18.727858132308533
time_dim: 0.0012146271765232086, 0.0008090023719109575, 1.2535188868019147
warehouse: 2.907589077949524e-06, 0.0003193878214924941, 1.0536296563671659
web_returns: 6.285572262480855, 0.8120403975544654, 3.330268288004569
web_sales: 67.01082486007363, 8.808240387870148, 25.167045001648972
Function: 61.36925258162591, 3.34587842545112, 2.9049205780029297, 50.234837686402415, 4.750017413888773, 0.09754595654876876, 0.03605252133190632
hiya: 0b11011110111100011111101, 61.36925258162591
call_center: 9.615905582904816e-06, 0.00039808226621023546, 1.1649407715622992
catalog_returns: 13.009788101539016, 1.6952993451776073, 3.082985653819445
catalog_sales: 132.3057429259643, 17.39715132152886, 18.14568402965137
customer: 0.8535048151388764, 0.11267042713516912, 9.010913758546176
customer_address: 0.2449320713058114, 0.03389739383792118, 7.528524173558401
customer_demographics: 0.011580578982830048, 0.002538512164143924, 4.545132367958439
date_dim: 0.001992875710129738, 0.0007719482534304584, 41.85411424997119
item: 0.03489831369370222, 0.005311251917086871, 32.10640097678681
promotion: 7.638614624738693e-05, 0.0004580650780343006, 1.207846497381355
reason: 1.4491379261016846e-06, 0.00035830957597741053, 2.9031569860209396
ship_mode: 1.3029202818870544e-06, 0.0003487831231699003, 0.7935287972274675
store_returns: 20.850121902301908, 2.7195308156607827, 1.9374231390541516
store_sales: 174.69669486396015, 23.130307643636257, 18.727858132308533
time_dim: 0.0012146271765232086, 0.0008090023719109575, 1.2535188868019147
warehouse: 2.907589077949524e-06, 0.0003193878214924941, 1.0536296563671659
web_returns: 6.285572262480855, 0.8120403975544654, 3.330268288004569
web_sales: 67.01082486007363, 8.808240387870148, 25.167045001648972
call_center: 9.615905582904816e-06, 0.000398082261941682, 0.9105380322761715
catalog_returns: 13.009788101539016, 1.6952935700609646, 3.082991428936088
catalog_sales: 132.3057429259643, 17.39709259028036, 17.35186518054924
customer: 0.8535048151388764, 0.11267004825967751, 9.010914137421668
customer_address: 0.2449320713058114, 0.033897285111224765, 7.5285242822850975
customer_demographics: 0.011580578982830048, 0.002538507023461086, 4.545132373099122
date_dim: 0.001992875710129738, 0.0007719473687819468, 41.0602366705052
item: 0.03489831369370222, 0.005311236425533078, 32.10640099227836
promotion: 7.638614624738693e-05, 0.0004580650441260693, 1.2078464974152632
reason: 1.4491379261016846e-06, 0.00035830957533413023, 2.903156986021583
store_returns: 20.850121902301908, 2.719521560176753, 1.9374323945381815
store_sales: 174.69669486396015, 23.130230094810553, 18.727935681134237
time_dim: 0.0012146271765232086, 0.0008090018327312593, 0.7140440462808533
warehouse: 2.907589077949524e-06, 0.0003193878202017993, 0.25975207601781913
web_returns: 6.285572262480855, 0.8120376073542946, 3.3302710782047398
web_sales: 67.01082486007363, 8.808210641395656, 24.627599907063228
Function: 62.16259702055684, 3.3309162078281247, 3.7137603759765625, 50.23483752880334, 4.749678787534634, 0.0973615991948401, 0.03604252121933401
hiya: 0b11011110011100011111101, 62.16259702055684
call_center: 9.615905582904816e-06, 0.000398082261941682, 0.9105380322761715
catalog_returns: 13.009788101539016, 1.6952935700609646, 3.082991428936088
catalog_sales: 132.3057429259643, 17.39709259028036, 17.35186518054924
customer: 0.8535048151388764, 0.11267004825967751, 9.010914137421668
customer_address: 0.2449320713058114, 0.033897285111224765, 7.5285242822850975
customer_demographics: 0.011580578982830048, 0.002538507023461086, 4.545132373099122
date_dim: 0.001992875710129738, 0.0007719473687819468, 41.0602366705052
item: 0.03489831369370222, 0.005311236425533078, 32.10640099227836
promotion: 7.638614624738693e-05, 0.0004580650441260693, 1.2078464974152632
reason: 1.4491379261016846e-06, 0.00035830957533413023, 2.903156986021583
store_returns: 20.850121902301908, 2.719521560176753, 1.9374323945381815
store_sales: 174.69669486396015, 23.130230094810553, 18.727935681134237
time_dim: 0.0012146271765232086, 0.0008090018327312593, 0.7140440462808533
warehouse: 2.907589077949524e-06, 0.0003193878202017993, 0.25975207601781913
web_returns: 6.285572262480855, 0.8120376073542946, 3.3302710782047398
web_sales: 67.01082486007363, 8.808210641395656, 24.627599907063228
call_center: 9.615905582904816e-06, 0.00039808225718618626, 0.910538032280927
catalog_returns: 13.009788101539016, 1.6952871361384194, 2.822926399020612
catalog_sales: 132.3057429259643, 17.397027159168367, 17.091859147823207
customer: 0.8535048151388764, 0.11266962616334285, 9.010914559518003
customer_address: 0.2449320713058114, 0.03389716398135214, 7.52852440341497
customer_demographics: 0.011580578982830048, 0.002538501296346423, 4.545132378826237
date_dim: 0.001992875710129738, 0.0007719463832157054, 40.80016520765274
item: 0.03489831369370222, 0.005311219166754879, 31.846329545699117
promotion: 7.638614624738693e-05, 0.00045806500634970083, 1.2078464974530396
reason: 1.4491379261016846e-06, 0.00035830957461746663, 2.9031569860223
store_returns: 20.850121902301908, 2.7195112488582036, 1.9374427058567307
store_sales: 174.69669486396015, 23.130143699475372, 18.72802207646942
time_dim: 0.0012146271765232086, 0.0008090012320437529, 0.7140440468815408
web_returns: 6.285572262480855, 0.8120344988574635, 3.330274186701571
web_sales: 67.01082486007363, 8.808177501543303, 24.627633046915577
Function: 62.422143705909164, 3.3141789329576494, 3.9905691146850586, 50.234837177106215, 4.749369749557972, 0.09715621063415643, 0.03603252096811831
hiya: 0b11001110011100011111101, 62.422143705909164
call_center: 9.615905582904816e-06, 0.00039808225718618626, 0.910538032280927
catalog_returns: 13.009788101539016, 1.6952871361384194, 2.822926399020612
catalog_sales: 132.3057429259643, 17.397027159168367, 17.091859147823207
customer: 0.8535048151388764, 0.11266962616334285, 9.010914559518003
customer_address: 0.2449320713058114, 0.03389716398135214, 7.52852440341497
customer_demographics: 0.011580578982830048, 0.002538501296346423, 4.545132378826237
date_dim: 0.001992875710129738, 0.0007719463832157054, 40.80016520765274
item: 0.03489831369370222, 0.005311219166754879, 31.846329545699117
promotion: 7.638614624738693e-05, 0.00045806500634970083, 1.2078464974530396
reason: 1.4491379261016846e-06, 0.00035830957461746663, 2.9031569860223
store_returns: 20.850121902301908, 2.7195112488582036, 1.9374427058567307
store_sales: 174.69669486396015, 23.130143699475372, 18.72802207646942
time_dim: 0.0012146271765232086, 0.0008090012320437529, 0.7140440468815408
web_returns: 6.285572262480855, 0.8120344988574635, 3.330274186701571
web_sales: 67.01082486007363, 8.808177501543303, 24.627633046915577
call_center: 9.615905582904816e-06, 0.00039808225597117765, 0.910538032282142
catalog_returns: 13.009788101539016, 1.6952854922990368, 2.8229280428599943
catalog_sales: 132.3057429259643, 17.39701044180225, 16.377022817075733
customer: 0.8535048151388764, 0.11266951831955496, 9.01091466736179
customer_address: 0.2449320713058114, 0.03389713303319359, 7.528524434363129
customer_demographics: 0.011580578982830048, 0.002538499833093397, 4.545132380289489
date_dim: 0.001992875710129738, 0.0007719461314077934, 40.08531215979096
item: 0.03489831369370222, 0.005311214757211696, 31.13147650199508
promotion: 7.638614624738693e-05, 0.0004580649966980021, 1.2078464974626912
reason: 1.4491379261016846e-06, 0.0003583095744343622, 2.903156986022483
store_returns: 20.850121902301908, 2.719508614360912, 1.9374453403540222
store_sales: 174.69669486396015, 23.130121625840907, 18.013191101990294
web_returns: 6.285572262480855, 0.8120337046499677, 3.3302749809090666
web_sales: 67.01082486007363, 8.80816903445436, 23.912788465890948
Function: 63.1361341132117, 3.3104765306317807, 4.709124565124512, 50.234690257827324, 4.748716892678738, 0.09710345092502093, 0.03602241602433026
hiya: 0b11000110011100011111101, 63.1361341132117
call_center: 9.615905582904816e-06, 0.00039808225597117765, 0.910538032282142
catalog_returns: 13.009788101539016, 1.6952854922990368, 2.8229280428599943
catalog_sales: 132.3057429259643, 17.39701044180225, 16.377022817075733
customer: 0.8535048151388764, 0.11266951831955496, 9.01091466736179
customer_address: 0.2449320713058114, 0.03389713303319359, 7.528524434363129
customer_demographics: 0.011580578982830048, 0.002538499833093397, 4.545132380289489
date_dim: 0.001992875710129738, 0.0007719461314077934, 40.08531215979096
item: 0.03489831369370222, 0.005311214757211696, 31.13147650199508
promotion: 7.638614624738693e-05, 0.0004580649966980021, 1.2078464974626912
reason: 1.4491379261016846e-06, 0.0003583095744343622, 2.903156986022483
store_returns: 20.850121902301908, 2.719508614360912, 1.9374453403540222
store_sales: 174.69669486396015, 23.130121625840907, 18.013191101990294
web_returns: 6.285572262480855, 0.8120337046499677, 3.3302749809090666
web_sales: 67.01082486007363, 8.80816903445436, 23.912788465890948
catalog_returns: 13.009788101539016, 1.6952132641957345, 2.4596974800683915
catalog_sales: 132.3057429259643, 17.39627590310009, 15.466821241239785
customer: 0.8535048151388764, 0.1126647798077917, 9.010919405873553
customer_address: 0.2449320713058114, 0.0338957732125101, 7.165223003288906
customer_demographics: 0.011580578982830048, 0.0025384355397130172, 4.54513244458287
date_dim: 0.001992875710129738, 0.0007719350673050166, 39.17437605631695
item: 0.03489831369370222, 0.005311021007783429, 30.583843372101295
promotion: 7.638614624738693e-05, 0.00045806457261527155, 1.207846497886774
reason: 1.4491379261016846e-06, 0.000358309566388998, 2.9031569860305284
store_returns: 20.850121902301908, 2.719392858074425, 1.9375610966405095
store_sales: 174.69669486396015, 23.129151739873148, 18.014160987958054
web_returns: 6.285572262480855, 0.8119988082351188, 3.3303098773239155
web_sales: 67.01082486007363, 8.807797001893755, 23.913160498451553
Function: 64.04436643037195, 3.1194991930214564, 5.811038017272949, 50.23468909470341, 4.748329967410565, 0.09479774277005515, 0.036012415193516015
hiya: 0b11000110011100011111100, 64.04436643037195
catalog_returns: 13.009788101539016, 1.6952132641957345, 2.4596974800683915
catalog_sales: 132.3057429259643, 17.39627590310009, 15.466821241239785
customer: 0.8535048151388764, 0.1126647798077917, 9.010919405873553
customer_address: 0.2449320713058114, 0.0338957732125101, 7.165223003288906
customer_demographics: 0.011580578982830048, 0.0025384355397130172, 4.54513244458287
date_dim: 0.001992875710129738, 0.0007719350673050166, 39.17437605631695
item: 0.03489831369370222, 0.005311021007783429, 30.583843372101295
promotion: 7.638614624738693e-05, 0.00045806457261527155, 1.207846497886774
reason: 1.4491379261016846e-06, 0.000358309566388998, 2.9031569860305284
store_returns: 20.850121902301908, 2.719392858074425, 1.9375610966405095
store_sales: 174.69669486396015, 23.129151739873148, 18.014160987958054
web_returns: 6.285572262480855, 0.8119988082351188, 3.3303098773239155
web_sales: 67.01082486007363, 8.807797001893755, 23.913160498451553
catalog_returns: 13.009788101539016, 1.6952075621745852, 2.459703182089541
catalog_sales: 132.3057429259643, 17.396217915211395, 15.055485181752566
customer: 0.8535048151388764, 0.11266440572771684, 9.010919779953628
customer_address: 0.2449320713058114, 0.033895665861964505, 7.1652231106394515
customer_demographics: 0.011580578982830048, 0.0025384304640956616, 3.3368278871990973
date_dim: 0.001992875710129738, 0.0007719341938534769, 37.966071494731004
item: 0.03489831369370222, 0.005311005712305809, 29.375538824937387
reason: 1.4491379261016846e-06, 0.00035830956575385963, 2.9031569860311635
store_returns: 20.850121902301908, 2.7193837197368036, 1.9375702349781307
store_sales: 174.69669486396015, 23.12907517258081, 17.217327040166918
web_returns: 6.285572262480855, 0.8119960533504353, 3.330312632208599
web_sales: 67.01082486007363, 8.807767631919578, 23.91318986842573
Function: 65.25203083198087, 3.104830885607799, 7.034010887145996, 50.23467985516247, 4.747891093211174, 0.0946157022596806, 0.036002408593752984
hiya: 0b11000110010100011111100, 65.25203083198087
catalog_returns: 13.009788101539016, 1.6952075621745852, 2.459703182089541
catalog_sales: 132.3057429259643, 17.396217915211395, 15.055485181752566
customer: 0.8535048151388764, 0.11266440572771684, 9.010919779953628
customer_address: 0.2449320713058114, 0.033895665861964505, 7.1652231106394515
customer_demographics: 0.011580578982830048, 0.0025384304640956616, 3.3368278871990973
date_dim: 0.001992875710129738, 0.0007719341938534769, 37.966071494731004
item: 0.03489831369370222, 0.005311005712305809, 29.375538824937387
reason: 1.4491379261016846e-06, 0.00035830956575385963, 2.9031569860311635
store_returns: 20.850121902301908, 2.7193837197368036, 1.9375702349781307
store_sales: 174.69669486396015, 23.12907517258081, 17.217327040166918
web_returns: 6.285572262480855, 0.8119960533504353, 3.330312632208599
web_sales: 67.01082486007363, 8.807767631919578, 23.91318986842573
catalog_returns: 13.009788101539016, 1.6949980435715912, -1.6684243445883988
catalog_sales: 132.3057429259643, 17.394087172250053, 10.97681561713566
customer: 0.8535048151388764, 0.11265066029734389, 9.010933525384
customer_address: 0.2449320713058114, 0.03389172130691043, 7.165227055194506
customer_demographics: 0.011580578982830048, 0.0025382439624623216, 3.336828073700731
date_dim: 0.001992875710129738, 0.0007719020992081632, 33.83773448154473
item: 0.03489831369370222, 0.005310443685785862, 27.44729276047395
reason: 1.4491379261016846e-06, 0.00035830954241594274, 2.3745400766205007
store_sales: 174.69669486396015, 23.12626173648409, 12.610723259251394
web_returns: 6.285572262480855, 0.8118948261583263, -0.7979231858802254
web_sales: 67.01082486007363, 8.8066884433655, 19.83346874940156
catalog_sales: 132.3057429259643, 17.393239129007874, 10.97766366037784
customer: 0.8535048151388764, 0.11264518956739189, 8.970393656852659
customer_address: 0.2449320713058114, 0.03389015136003382, 7.1246832858800895
customer_demographics: 0.011580578982830048, 0.002538169734151972, 3.336828147929041
date_dim: 0.001992875710129738, 0.0007718893254257021, 33.79718915505722
item: 0.03489831369370222, 0.005310219997241156, 27.447292984162495
reason: 1.4491379261016846e-06, 0.00035830953312736914, 2.3745400766297893
store_sales: 174.69669486396015, 23.12514197895706, 12.611843016778423
web_sales: 67.01082486007363, 8.806258922500279, 19.833898270266786
Function: 64.67602352560182, 2.7252732948184013, 12.111067771911621, 45.3787492293653, 4.351406217577855, 0.07702317300270685, 0.03250383892594278
hiya: 0b10000100010100011111000, 64.67602352560182
catalog_sales: 132.3057429259643, 17.393239129007874, 10.97766366037784
customer: 0.8535048151388764, 0.11264518956739189, 8.970393656852659
customer_address: 0.2449320713058114, 0.03389015136003382, 7.1246832858800895
customer_demographics: 0.011580578982830048, 0.002538169734151972, 3.336828147929041
date_dim: 0.001992875710129738, 0.0007718893254257021, 33.79718915505722
item: 0.03489831369370222, 0.005310219997241156, 27.447292984162495
reason: 1.4491379261016846e-06, 0.00035830953312736914, 2.3745400766297893
store_sales: 174.69669486396015, 23.12514197895706, 12.611843016778423
web_sales: 67.01082486007363, 8.806258922500279, 19.833898270266786
catalog_sales: 132.3057429259643, 17.392751943033463, 10.97815084635225
customer: 0.8535048151388764, 0.11264204672894941, 8.970396799691102
customer_address: 0.2449320713058114, 0.03388924945307813, 7.124684187787046
customer_demographics: 0.011580578982830048, 0.002538127091289076, 3.336828190571904
date_dim: 0.001992875710129738, 0.0007718819871116332, 33.79718916239553
item: 0.03489831369370222, 0.005310091492094016, 27.44729311266764
store_sales: 174.69669486396015, 23.124498697889802, 10.23758791168277
web_sales: 67.01082486007363, 8.806012170293734, 19.83414502247333
Function: 67.04918215836292, 2.5986982541624712, 14.612541198730469, 45.37874905407999, 4.351058082364003, 0.07564173022525314, 0.032493838800737265
hiya: 0b10000100000100011111000, 67.04918215836292
catalog_sales: 132.3057429259643, 17.392751943033463, 10.97815084635225
customer: 0.8535048151388764, 0.11264204672894941, 8.970396799691102
customer_address: 0.2449320713058114, 0.03388924945307813, 7.124684187787046
customer_demographics: 0.011580578982830048, 0.002538127091289076, 3.336828190571904
date_dim: 0.001992875710129738, 0.0007718819871116332, 33.79718916239553
item: 0.03489831369370222, 0.005310091492094016, 27.44729311266764
store_sales: 174.69669486396015, 23.124498697889802, 10.23758791168277
web_sales: 67.01082486007363, 8.806012170293734, 19.83414502247333
catalog_sales: 132.3057429259643, 17.39235844209149, 7.639178029631033
customer: 0.8535048151388764, 0.11263950825298225, 5.631033020503874
customer_address: 0.2449320713058114, 0.03388852098129264, 3.785318598595638
date_dim: 0.001992875710129738, 0.000771876059942851, 30.457822850659515
item: 0.03489831369370222, 0.005309987698267625, 25.116917788372167
store_sales: 174.69669486396015, 23.123979118675262, 9.229116601323415
web_sales: 67.01082486007363, 8.8058128681159, 18.82535343507727
Function: 70.38488349187686, 2.4973173107783007, 18.053288459777832, 45.37734828654719, 4.349922960248788, 0.07452363628604751, 0.032482838238713146
hiya: 0b10000100000100010111000, 70.38488349187686
catalog_sales: 132.3057429259643, 17.39235844209149, 7.639178029631033
customer: 0.8535048151388764, 0.11263950825298225, 5.631033020503874
customer_address: 0.2449320713058114, 0.03388852098129264, 3.785318598595638
date_dim: 0.001992875710129738, 0.000771876059942851, 30.457822850659515
item: 0.03489831369370222, 0.005309987698267625, 25.116917788372167
store_sales: 174.69669486396015, 23.123979118675262, 9.229116601323415
web_sales: 67.01082486007363, 8.8058128681159, 18.82535343507727
catalog_sales: 132.3057429259643, 17.392145129026723, 5.347334355872718
customer: 0.8535048151388764, 0.11263813216964766, 5.08524271546125
date_dim: 0.001992875710129738, 0.0007718728468818301, 26.63861573429564
item: 0.03489831369370222, 0.005309931432635578, 22.57742682639099
store_sales: 174.69669486396015, 23.123697459795142, 5.655834786833459
web_sales: 67.01082486007363, 8.805704828327851, 15.455581215058604
Function: 74.16936291660923, 2.446161194881599, 21.923651695251465, 45.34772171142216, 4.345506105951865, 0.07387053299437187, 0.03245167610775233
hiya: 0b10000100000100010011000, 74.16936291660923
catalog_sales: 132.3057429259643, 17.392145129026723, 5.347334355872718
customer: 0.8535048151388764, 0.11263813216964766, 5.08524271546125
date_dim: 0.001992875710129738, 0.0007718728468818301, 26.63861573429564
item: 0.03489831369370222, 0.005309931432635578, 22.57742682639099
store_sales: 174.69669486396015, 23.123697459795142, 5.655834786833459
web_sales: 67.01082486007363, 8.805704828327851, 15.455581215058604
catalog_sales: 132.3057429259643, 17.385609957087315, 1.7927211264651248
date_dim: 0.001992875710129738, 0.0007717744098440151, 21.44073498510178
item: 0.03489831369370222, 0.005308207648955898, 21.573774212888512
store_sales: 174.69669486396015, 23.11506840928733, 0.4665829897103748
web_sales: 67.01082486007363, 8.80239486420553, 10.26101033155003
Function: 79.2353116811657, 0.753563908357223, 28.81412982940674, 45.244483191490986, 4.335540467902025, 0.05522635071700161, 0.03236793329172433
hiya: 0b10000100000100010001000, 79.2353116811657
catalog_sales: 132.3057429259643, 17.385609957087315, 1.7927211264651248
date_dim: 0.001992875710129738, 0.0007717744098440151, 21.44073498510178
item: 0.03489831369370222, 0.005308207648955898, 21.573774212888512
store_sales: 174.69669486396015, 23.11506840928733, 0.4665829897103748
web_sales: 67.01082486007363, 8.80239486420553, 10.26101033155003
catalog_sales: 132.3057429259643, 17.374793400903425, -16.611916309791685
date_dim: 0.001992875710129738, 0.0007716114837940235, 1.2082273298185053
item: 0.03489831369370222, 0.005305354563651792, 0.9063603292116937
web_sales: 67.01082486007363, 8.79691644478096, -8.053461337063446
date_dim: 0.001992875710129738, 0.000771480267142403, -0.000771480267142403
date_dim had no query dependencies
item: 0.03489831369370222, 0.005303056758602127, -0.005303056758602127
item had no query dependencies
Function: 54.358344078063965, 0, 54.358344078063965, 0.0, 0, 0.0, 0
hiya: 0b0, 54.358344078063965
{59.57113448394653: [0, 2, 3, 4, 5, 6, 7, 8, 9, 10, 11, 12, 13, 14, 16, 17, 18, 19, 20, 21, 22, 23], 59.58395340218576: [0, 2, 3, 4, 5, 6, 7, 8, 10, 11, 12, 13, 14, 16, 17, 18, 19, 20, 21, 22, 23], 59.91379380547903: [0, 2, 3, 4, 5, 6, 7, 8, 10, 11, 12, 13, 14, 16, 17, 18, 19, 21, 22, 23], 60.31531518684759: [0, 2, 3, 4, 5, 6, 7, 10, 11, 12, 13, 14, 16, 17, 18, 19, 21, 22, 23], 60.703917707707376: [0, 2, 3, 4, 5, 6, 7, 11, 12, 13, 14, 16, 17, 18, 19, 21, 22, 23], 61.36925258162591: [0, 2, 3, 4, 5, 6, 7, 11, 12, 13, 14, 16, 17, 18, 19, 21, 22], 62.16259702055684: [0, 2, 3, 4, 5, 6, 7, 11, 12, 13, 16, 17, 18, 19, 21, 22], 62.422143705909164: [0, 2, 3, 4, 5, 6, 7, 11, 12, 13, 16, 17, 18, 21, 22], 63.1361341132117: [0, 2, 3, 4, 5, 6, 7, 11, 12, 13, 16, 17, 21, 22], 64.04436643037195: [2, 3, 4, 5, 6, 7, 11, 12, 13, 16, 17, 21, 22], 65.25203083198087: [2, 3, 4, 5, 6, 7, 11, 13, 16, 17, 21, 22], 64.67602352560182: [3, 4, 5, 6, 7, 11, 13, 17, 22], 67.04918215836292: [3, 4, 5, 6, 7, 11, 17, 22], 70.38488349187686: [3, 4, 5, 7, 11, 17, 22], 74.16936291660923: [3, 4, 7, 11, 17, 22], 79.2353116811657: [3, 7, 11, 17, 22], 54.358344078063965: []}
[]
{}
Best Cost: $54.358344078063965;
[]
{}
{}
{}
[]
0
Optimal Subset: 0b0
Function: 54.358344078063965, 0, 54.358344078063965, 0.0, 0, 0.0, 0
54.358344078063965
Real: 54.358344078063965, 0, 54.358344078063965, 0.0, 0, 0.0, 0
Num Redshift Qs: 0; Num GCP Qs: 65
Redshift Qs: $0; GCP Qs: $54.358344078063965; Movement Cost: $0.0
Load Cost: $0, Storage Cost: $0.0, API Cost: $0
Final cost: $54.358344078063965, BQ Baseline: $54.358344078063965, Diff: $0.0, %: 0.0%
