Egress: $0.12/GB
Benchmark: tpcds
Data Path: parquet_1000/real_data_rs1
BigQuery Cost: $5/TB; DuckDB Cost: $1.48/hr; Redshift Cost: $1.086/hr
Use Duck: False
Excluded Table: date_dim
Excluded Query: None

Starting analysis without using DuckDB
Redshift Total: $0.6378104554581643, Redshift-Calcite Total: $0.670934721287489, BigQuery Total: $10.604453086853027
Excluding table date_dim and any queries that depend on it
Total Keys: 10, Keys Considered: 9
call_center: 9.615905582904816e-06, 0.000398081542239274, -0.000398081542239274
call_center had no query dependencies
catalog_page: 0.0017016949132084846, 0.0014781033143751116, -0.0014781033143751116
catalog_page had no query dependencies
catalog_returns: 13.009788101539016, 1.6943198525318588, -1.6943198525318588
catalog_returns had no query dependencies
catalog_sales: 132.3057429259643, 17.387190167575017, -17.387190167575017
catalog_sales had no query dependencies
customer: 0.8535048151388764, 0.11260616769581357, 0.8498500201532312
customer_address: 0.2449320713058114, 0.033878953171502975, 0.9285772346775417
customer_demographics: 0.011580578982830048, 0.0025376402750817303, 0.01064079742836879
household_demographics: 3.5176053643226624e-05, 0.0003424378081924149, 2.8055827580093577
income_band: 5.122274160385132e-07, 0.0003478788143768848, 0.012830558889073636
inventory: 5.1357166497036815, 0.769354751308456, -0.769354751308456
inventory had no query dependencies
item: 0.03489831369370222, 0.0053086244614092525, 2.0880407395530574
promotion: 7.638614624738693e-05, 0.00045805932700531364, -0.00045805932700531364
promotion had no query dependencies
reason: 1.4491379261016846e-06, 0.000358309466873409, 2.903156986130044
ship_mode: 1.3029202818870544e-06, 0.00034878302507446445, -0.00034878302507446445
ship_mode had no query dependencies
store: 9.930133819580078e-05, 0.00046505111987116656, 3.587051111165933
store_returns: 20.850121902301908, 2.717961032901304, -1.226887935618259
store_sales: 174.69669486396015, 23.11715492150733, -13.276979882836233
time_dim: 0.0012146271765232086, 0.0008089109239659606, 2.791937847190133
warehouse: 2.907589077949524e-06, 0.00031938760258330847, -0.00031938760258330847
warehouse had no query dependencies
web_page: 7.394980639219284e-05, 0.00035019856464239146, 0.15415814740924666
web_returns: 6.285572262480855, 0.811567163727952, -0.811567163727952
web_returns had no query dependencies
web_sales: 67.01082486007363, 8.803195216525026, -8.648686870551137
web_site: 1.0454095900058746e-05, 0.0003302298271039611, -0.0003302298271039611
web_site had no query dependencies
customer: 0.8535048151388764, 0.11247043067322986, -0.11247043067322986
customer had no query dependencies
customer_address: 0.2449320713058114, 0.033840000432743204, -0.033840000432743204
customer_address had no query dependencies
customer_demographics: 0.011580578982830048, 0.002535798559272934, -0.002535798559272934
customer_demographics had no query dependencies
household_demographics: 3.5176053643226624e-05, 0.00034243221397349186, -0.00034243221397349186
household_demographics had no query dependencies
income_band: 5.122274160385132e-07, 0.0003478787329148671, -0.0003478787329148671
income_band had no query dependencies
item: 0.03489831369370222, 0.005303074412821414, -0.005303074412821414
item had no query dependencies
reason: 1.4491379261016846e-06, 0.0003583092364099553, -0.0003583092364099553
reason had no query dependencies
store: 9.930133819580078e-05, 0.0004650353274963068, -0.0004650353274963068
store had no query dependencies
time_dim: 0.0012146271765232086, 0.000808717755897584, -0.000808717755897584
time_dim had no query dependencies
web_page: 7.394980639219284e-05, 0.0003501868040449557, -0.0003501868040449557
web_page had no query dependencies
{}
{}
STARTING PHASE 2: 0b0
----
[]
Function: 10.604453086853027, 0, 10.604453086853027, 0.0, 0, 0.0, 0
{10.604453086853027: []}
[]
{}
Best Cost: $10.604453086853027;
[]
{}
{}
{}
[]
0
Optimal Subset: 0b0
Function: 10.604453086853027, 0, 10.604453086853027, 0.0, 0, 0.0, 0
10.604453086853027
Real: 10.604453086853027, 0, 10.604453086853027, 0.0, 0, 0.0, 0
Num Redshift Qs: 0; Num GCP Qs: 10
Redshift Qs: $0; GCP Qs: $10.604453086853027; Movement Cost: $0.0
Load Cost: $0, Storage Cost: $0.0, API Cost: $0
Final cost: $10.604453086853027, BQ Baseline: $10.604453086853027, Diff: $0.0, %: 0.0%
