Egress: $0.12/GB
Benchmark: tpcds
Data Path: parquet_1000/real_data_rs1
BigQuery Cost: $5/TB; DuckDB Cost: $1.48/hr; Redshift Cost: $1.086/hr
Use Duck: True
Excluded Table: catalog_returns
Excluded Query: None

Starting analysis using DuckDB
Excluding table catalog_returns and any queries that depend on it
84
23
Total Keys: 86, Keys Considered: 84
h
56.52978165149345
17.30505560221554
17.30505560221552
-1.7763568394002505e-14
['000', '001', '003', '004', '005', '006', '007', '008', '009', '0010', '0011', '0012', '0013', '0014', '0015', '0016', '0017', '0018', '0019', '0020', '0021', '0022', '0023']
['source', '01', '02', '03', '04', '06', '07', '08', '09', '10', '11', '12', '13', '14', '15', '17', '18', '19', '20', '21', '22', '23', '24', '25', '26', '27', '28', '29', '30', '31', '32', '33', '34', '35', '36', '37', '38', '39', '42', '43', '44', '45', '46', '47', '48', '50', '51', '52', '53', '54', '55', '56', '57', '58', '59', '60', '61', '62', '63', '65', '66', '67', '68', '69', '70', '71', '73', '74', '79', '82', '84', '85', '86', '87', '88', '89', '90', '92', '93', '94', '95', '96', '97', '98', '99']
Optimal Subset: 0b0
h
17.30505560221553
