Egress: $0.12/GB
Benchmark: tpcds
Data Path: parquet_1000/real_data_rs1
BigQuery Cost: $5/TB; DuckDB Cost: $1.48/hr; Redshift Cost: $1.086/hr
Use Duck: True
Excluded Table: store
Excluded Query: None

Starting analysis using DuckDB
Excluding table store and any queries that depend on it
61
23
Total Keys: 63, Keys Considered: 61
h
56.243621410373265
12.827969383796857
12.827969383796852
-5.329070518200751e-15
['000', '001', '002', '003', '004', '005', '006', '007', '008', '009', '0010', '0011', '0012', '0013', '0014', '0016', '0017', '0018', '0019', '0020', '0021', '0022', '0023']
['source', '02', '03', '04', '06', '07', '09', '10', '11', '12', '14', '15', '16', '18', '20', '21', '22', '23', '26', '28', '30', '31', '32', '33', '35', '37', '38', '39', '40', '42', '44', '45', '49', '51', '52', '55', '56', '57', '58', '60', '62', '66', '69', '71', '74', '75', '81', '82', '83', '84', '85', '86', '87', '90', '91', '92', '93', '94', '95', '97', '98', '99']
Optimal Subset: 0b0
h
12.827969383796857
