Egress: $0.12/GB
Benchmark: tpcds
Data Path: parquet_1000/real_data_rs1
BigQuery Cost: $5/TB; DuckDB Cost: $1.48/hr; Redshift Cost: $1.086/hr
Use Duck: True
Excluded Table: web_site
Excluded Query: None

Starting analysis using DuckDB
Duck Total: $47.76267662812074, Duck-Calcite Total: $47.98802152355511, Redshift Total: $5.734666371099552, Redshift-Calcite Total: $5.004329776352246, BigQuery Total: $82.95271873474121
Excluding table web_site and any queries that depend on it
Total Keys: 90, Keys Considered: 88

Round 0
call_center: 9.615905582904816e-06, 0.00038807917684316635, 0.27303329557594325
catalog_page: 0.0017016949132084846, 0.0014676847180724146, -0.0014676847180724146
catalog_page had no query dependencies
catalog_returns: 13.009788101539016, 1.6911096025011938, -0.032778848242958514
catalog_sales: 132.3057429259643, 17.35463456002543, -9.197186772468251
customer: 0.8535048151388764, 0.11238621586650609, 5.867224563535353
customer_address: 0.2449320713058114, 0.03380870285362005, 3.730972784119215
customer_demographics: 0.011580578982830048, 0.0025247915931542715, 1.5410554954265223
date_dim: 0.001992875710129738, 0.0007613079887628555, 15.233073229124265
household_demographics: 3.5176053643226624e-05, 0.00033242915530999503, 1.554364740918411
income_band: 5.122274160385132e-07, 0.0003378786883751551, 0.0094027597388294
inventory: 5.1357166497036815, 0.7680814273221294, -0.525281530963083
item: 0.03489831369370222, 0.005290039899647235, 8.829606010778228
promotion: 7.638614624738693e-05, 0.0004480405369400979, 0.603457397131092
reason: 1.4491379261016846e-06, 0.0003483091104030609, 1.2335237987697125
ship_mode: 1.3029202818870544e-06, 0.0003387827045718829, 0.31248979127668675
store: 9.930133819580078e-05, 0.00045502669294675193, 6.033724841354334
store_returns: 20.850121902301908, 2.71282215587914, -0.2791716222758427
store_sales: 174.69669486396015, 23.07417165409267, -6.837812685147018
time_dim: 0.0012146271765232086, 0.000798612140417099, 1.0126546494513087
warehouse: 2.907589077949524e-06, 0.0003093868873516719, 0.5865303348785639
web_page: 7.394980639219284e-05, 0.00034018037388722103, 0.3269905283232198
web_returns: 6.285572262480855, 0.8100109892115991, 0.6082880066685544
web_sales: 67.01082486007363, 8.786701366623738, -0.47793316352258053

Round 1
call_center: 9.615905582904816e-06, 0.00038807917684316635, -0.00038807917684316635
call_center had no query dependencies
customer: 0.8535048151388764, 0.11238621586650609, -0.1104474233928985
customer_address: 0.2449320713058114, 0.03380870285362005, -0.03186991038001246
customer_demographics: 0.011580578982830048, 0.0025247915931542715, -0.0025247915931542715
customer_demographics had no query dependencies
date_dim: 0.001992875710129738, 0.0007613079887628555, 0.0011774844848447368
household_demographics: 3.5176053643226624e-05, 0.00033242915530999503, -0.00033242915530999503
household_demographics had no query dependencies
income_band: 5.122274160385132e-07, 0.0003378786883751551, -0.0003378786883751551
income_band had no query dependencies
item: 0.03489831369370222, 0.005290039899647235, -0.005290039899647235
item had no query dependencies
promotion: 7.638614624738693e-05, 0.0004480405369400979, -0.0004480405369400979
promotion had no query dependencies
reason: 1.4491379261016846e-06, 0.0003483091104030609, -0.0003483091104030609
reason had no query dependencies
ship_mode: 1.3029202818870544e-06, 0.0003387827045718829, -0.0003387827045718829
ship_mode had no query dependencies
store: 9.930133819580078e-05, 0.00045502669294675193, -0.00045502669294675193
store had no query dependencies
time_dim: 0.0012146271765232086, 0.000798612140417099, -0.000798612140417099
time_dim had no query dependencies
warehouse: 2.907589077949524e-06, 0.0003093868873516719, -0.0003093868873516719
warehouse had no query dependencies
web_page: 7.394980639219284e-05, 0.00034018037388722103, -0.00034018037388722103
web_page had no query dependencies
web_returns: 6.285572262480855, 0.8100109892115991, -0.8080721967379915

Round 2
date_dim: 0.001992875710129738, 0.0007613079887628555, -0.0007613079887628555
date_dim had no query dependencies
[]
0
Optimal Subset: 0b0
Num Redshift Qs: 0; Num GCP Qs: 90
Num BigQuery Qs: 3; Num DuckDB Qs: 87
Redshift Qs: $0; GCP Qs: $22.885124485666; Movement Cost: $0.0
Final cost: $22.885124485666, BQ Baseline: $47.76267662812074, Diff: $24.877552142454736, %: 52.08575795730811%
