Egress: $0.12/GB
Benchmark: tpcds
Data Path: parquet_1000/real_data_rs1
BigQuery Cost: $5/TB; DuckDB Cost: $1.48/hr; Redshift Cost: $1.086/hr
Use Duck: True
Excluded Table: store_sales
Excluded Query: None

Starting analysis using DuckDB
Duck Total: $5.614556196429994, Duck-Calcite Total: $4.368921203902032, Redshift Total: $0.7532752702430883, Redshift-Calcite Total: $0.632256143923998, BigQuery Total: $8.562483787536621
Excluding table store_sales and any queries that depend on it
Total Keys: 30, Keys Considered: 29

Round 0
call_center: 9.615905582904816e-06, 0.00038807917684316635, 0.2730332955759432
catalog_page: 0.0017016949132084846, 0.0014676847180724146, -0.0014676847180724146
catalog_page had no query dependencies
catalog_returns: 13.009788101539016, 1.6911096025011938, -1.3528500184161798
catalog_sales: 132.3057429259643, 17.35463456002543, -16.01997447446813
customer: 0.8535048151388764, 0.11238621586650609, 0.18138217268589463
customer_address: 0.2449320713058114, 0.03380870285362005, 0.8907584062338206
customer_demographics: 0.011580578982830048, 0.0025247915931542715, 0.33665701396240133
date_dim: 0.001992875710129738, 0.0007613079887628555, 2.238509314281874
household_demographics: 3.5176053643226624e-05, 0.00033242915530999503, 0.05157384263641304
income_band: 5.122274160385132e-07, 0.0003378786883751551, 0.0094027597388294
inventory: 5.1357166497036815, 0.7680814273221294, -0.5996298912714918
item: 0.03489831369370222, 0.005290039899647235, 0.8347131063857012
promotion: 7.638614624738693e-05, 0.0004480405369400979, 0.12872952729645704
reason: 1.4491379261016846e-06, 0.0003483091104030609, 0.07383128217657406
ship_mode: 1.3029202818870544e-06, 0.0003387827045718829, 0.36506355275561414
store: 9.930133819580078e-05, 0.00045502669294675193, 0.018936611058579546
store_returns: 20.850121902301908, 2.71282215587914, -2.6615804377540613
time_dim: 0.0012146271765232086, 0.000798612140417099, 0.24358640472981666
warehouse: 2.907589077949524e-06, 0.0003093868873516719, 0.6391040963574913
web_page: 7.394980639219284e-05, 0.00034018037388722103, 0.11030150445616907
web_returns: 6.285572262480855, 0.8100109892115991, -0.2970851568596231
web_sales: 67.01082486007363, 8.786701366623738, -7.577715062813195
web_site: 1.0454095900058746e-05, 0.00032022725552320483, 0.4669515408684478

Round 1
call_center: 9.615905582904816e-06, 0.00038807917684316635, -0.00038807917684316635
call_center had no query dependencies
customer: 0.8535048151388764, 0.11238621586650609, -0.11238621586650609
customer had no query dependencies
customer_address: 0.2449320713058114, 0.03380870285362005, -0.03380870285362005
customer_address had no query dependencies
customer_demographics: 0.011580578982830048, 0.0025247915931542715, -0.0025247915931542715
customer_demographics had no query dependencies
date_dim: 0.001992875710129738, 0.0007613079887628555, -0.0007613079887628555
date_dim had no query dependencies
household_demographics: 3.5176053643226624e-05, 0.00033242915530999503, -0.00033242915530999503
household_demographics had no query dependencies
income_band: 5.122274160385132e-07, 0.0003378786883751551, -0.0003378786883751551
income_band had no query dependencies
item: 0.03489831369370222, 0.005290039899647235, -0.005290039899647235
item had no query dependencies
promotion: 7.638614624738693e-05, 0.0004480405369400979, -0.0004480405369400979
promotion had no query dependencies
reason: 1.4491379261016846e-06, 0.0003483091104030609, -0.0003483091104030609
reason had no query dependencies
ship_mode: 1.3029202818870544e-06, 0.0003387827045718829, -0.0003387827045718829
ship_mode had no query dependencies
store: 9.930133819580078e-05, 0.00045502669294675193, -0.00045502669294675193
store had no query dependencies
time_dim: 0.0012146271765232086, 0.000798612140417099, -0.000798612140417099
time_dim had no query dependencies
warehouse: 2.907589077949524e-06, 0.0003093868873516719, -0.0003093868873516719
warehouse had no query dependencies
web_page: 7.394980639219284e-05, 0.00034018037388722103, -0.00034018037388722103
web_page had no query dependencies
web_site: 1.0454095900058746e-05, 0.00032022725552320483, -0.00032022725552320483
web_site had no query dependencies
[]
0
Optimal Subset: 0b0
Num Redshift Qs: 0; Num GCP Qs: 30
Num BigQuery Qs: 1; Num DuckDB Qs: 29
Redshift Qs: $0; GCP Qs: $2.8313039221498704; Movement Cost: $0.0
Final cost: $2.8313039221498704, BQ Baseline: $4.368921203902032, Diff: $1.537617281752162, %: 35.1944383977185%
