Egress: $0.12/GB
Benchmark: tpcds
Data Path: parquet_1000/real_data_rs1
BigQuery Cost: $5/TB; DuckDB Cost: $1.48/hr; Redshift Cost: $1.086/hr
Use Duck: True
Excluded Table: date_dim
Excluded Query: None

Starting analysis using DuckDB
Duck Total: $4.217349316305585, Duck-Calcite Total: $4.224509220608076, Redshift Total: $0.6378104554581643, Redshift-Calcite Total: $0.670934721287489, BigQuery Total: $10.604453086853027
Excluding table date_dim and any queries that depend on it
Total Keys: 10, Keys Considered: 9

Round 0
call_center: 9.615905582904816e-06, 0.00038807917684316635, -0.00038807917684316635
call_center had no query dependencies
catalog_page: 0.0017016949132084846, 0.0014676847180724146, -0.0014676847180724146
catalog_page had no query dependencies
catalog_returns: 13.009788101539016, 1.6911096025011938, -1.6911096025011938
catalog_returns had no query dependencies
catalog_sales: 132.3057429259643, 17.35463456002543, -17.35463456002543
catalog_sales had no query dependencies
customer: 0.8535048151388764, 0.11238621586650609, 0.11080308008713856
customer_address: 0.2449320713058114, 0.03380870285362005, 0.18938059310002459
customer_demographics: 0.011580578982830048, 0.0025247915931542715, 0.007215846834050284
household_demographics: 3.5176053643226624e-05, 0.00033242915530999503, 0.574812482193907
income_band: 5.122274160385132e-07, 0.0003378786883751551, 0.0094027597388294
inventory: 5.1357166497036815, 0.7680814273221294, -0.7680814273221294
inventory had no query dependencies
item: 0.03489831369370222, 0.005290039899647235, 0.45199711421724825
promotion: 7.638614624738693e-05, 0.0004480405369400979, -0.0004480405369400979
promotion had no query dependencies
reason: 1.4491379261016846e-06, 0.0003483091104030609, 1.1593442074827354
ship_mode: 1.3029202818870544e-06, 0.0003387827045718829, -0.0003387827045718829
ship_mode had no query dependencies
store: 9.930133819580078e-05, 0.00045502669294675193, 0.7419358102124267
store_returns: 20.850121902301908, 2.71282215587914, -2.3046693666774036
store_sales: 174.69669486396015, 23.07417165409267, -20.299648368113374
time_dim: 0.0012146271765232086, 0.000798612140417099, 0.5646056607815954
warehouse: 2.907589077949524e-06, 0.0003093868873516719, -0.0003093868873516719
warehouse had no query dependencies
web_page: 7.394980639219284e-05, 0.00034018037388722103, 0.03612191316919194
web_returns: 6.285572262480855, 0.8100109892115991, -0.8100109892115991
web_returns had no query dependencies
web_sales: 67.01082486007363, 8.786701366623738, -8.750239273080659
web_site: 1.0454095900058746e-05, 0.00032022725552320483, -0.00032022725552320483
web_site had no query dependencies

Round 1
customer: 0.8535048151388764, 0.11238621586650609, -0.11238621586650609
customer had no query dependencies
customer_address: 0.2449320713058114, 0.03380870285362005, -0.03380870285362005
customer_address had no query dependencies
customer_demographics: 0.011580578982830048, 0.0025247915931542715, -0.0025247915931542715
customer_demographics had no query dependencies
household_demographics: 3.5176053643226624e-05, 0.00033242915530999503, -0.00033242915530999503
household_demographics had no query dependencies
income_band: 5.122274160385132e-07, 0.0003378786883751551, -0.0003378786883751551
income_band had no query dependencies
item: 0.03489831369370222, 0.005290039899647235, -0.005290039899647235
item had no query dependencies
reason: 1.4491379261016846e-06, 0.0003483091104030609, -0.0003483091104030609
reason had no query dependencies
store: 9.930133819580078e-05, 0.00045502669294675193, -0.00045502669294675193
store had no query dependencies
time_dim: 0.0012146271765232086, 0.000798612140417099, -0.000798612140417099
time_dim had no query dependencies
web_page: 7.394980639219284e-05, 0.00034018037388722103, -0.00034018037388722103
web_page had no query dependencies
[]
0
Optimal Subset: 0b0
Num Redshift Qs: 0; Num GCP Qs: 10
Num BigQuery Qs: 0; Num DuckDB Qs: 10
Redshift Qs: $0; GCP Qs: $3.4172962473021613; Movement Cost: $0.0
Final cost: $3.4172962473021613, BQ Baseline: $4.217349316305585, Diff: $0.8000530690034235, %: 18.97051937125932%
