Egress: $0.12/GB
Benchmark: tpcds
Data Path: parquet_1000/real_data_rs1
BigQuery Cost: $5/TB; DuckDB Cost: $1.48/hr; Redshift Cost: $1.086/hr
Use Duck: True
Excluded Table: promotion
Excluded Query: None

Starting analysis using DuckDB
Duck Total: $47.88743520183564, Duck-Calcite Total: $48.83057374285854, Redshift Total: $5.834347948288919, Redshift-Calcite Total: $5.1660299964507415, BigQuery Total: $83.9547061920166
Excluding table promotion and any queries that depend on it
Total Keys: 91, Keys Considered: 89

Round 0
call_center: 9.615905582904816e-06, 0.00038807917684316635, 0.2730332955759432
catalog_page: 0.0017016949132084846, 0.0014676847180724146, 0.22441744323270185
catalog_returns: 13.009788101539016, 1.6911096025011938, 0.1931062797078158
catalog_sales: 132.3057429259643, 17.35463456002543, -9.100479212350876
customer: 0.8535048151388764, 0.11238621586650609, 5.601158915787042
customer_address: 0.2449320713058114, 0.03380870285362005, 3.879605143015948
customer_demographics: 0.011580578982830048, 0.0025247915931542715, 1.2032157055068013
date_dim: 0.001992875710129738, 0.0007613079887628555, 15.32232468753097
household_demographics: 3.5176053643226624e-05, 0.00033242915530999503, 1.5543647409184111
income_band: 5.122274160385132e-07, 0.0003378786883751551, 0.0094027597388294
inventory: 5.1357166497036815, 0.7680814273221294, -0.525281530963083
item: 0.03489831369370222, 0.005290039899647235, 8.225700573110197
reason: 1.4491379261016846e-06, 0.0003483091104030609, 1.2335237987697125
ship_mode: 1.3029202818870544e-06, 0.0003387827045718829, 0.36506355275561414
store: 9.930133819580078e-05, 0.00045502669294675193, 5.993544321556795
store_returns: 20.850121902301908, 2.71282215587914, -0.053286494325067935
store_sales: 174.69669486396015, 23.07417165409267, -7.086655427030879
time_dim: 0.0012146271765232086, 0.000798612140417099, 1.0126546494513087
warehouse: 2.907589077949524e-06, 0.0003093868873516719, 0.6391040963574912
web_page: 7.394980639219284e-05, 0.00034018037388722103, 0.32699052832321984
web_returns: 6.285572262480855, 0.8100109892115991, 1.2488711412643725
web_sales: 67.01082486007363, 8.786701366623738, 0.21522373255216465
web_site: 1.0454095900058746e-05, 0.00032022725552320483, 0.6928366688192222

Round 1
call_center: 9.615905582904816e-06, 0.00038807917684316635, 0.005315460644596153
catalog_page: 0.0017016949132084846, 0.0014676847180724146, -0.0014676847180724146
catalog_page had no query dependencies
catalog_returns: 13.009788101539016, 1.6911096025011938, -1.6826929229825736
customer: 0.8535048151388764, 0.11238621586650609, -0.08262049673792388
customer_address: 0.2449320713058114, 0.03380870285362005, 0.48483461420698304
customer_demographics: 0.011580578982830048, 0.0025247915931542715, 0.07735833951526216
date_dim: 0.001992875710129738, 0.0007613079887628555, 0.7347577035075427
household_demographics: 3.5176053643226624e-05, 0.00033242915530999503, 0.04183320420920848
income_band: 5.122274160385132e-07, 0.0003378786883751551, -0.0003378786883751551
income_band had no query dependencies
item: 0.03489831369370222, 0.005290039899647235, 0.17842214019348224
reason: 1.4491379261016846e-06, 0.0003483091104030609, 0.07383128217657406
ship_mode: 1.3029202818870544e-06, 0.0003387827045718829, 0.05223497877435551
store: 9.930133819580078e-05, 0.00045502669294675193, -0.00045502669294675193
store had no query dependencies
time_dim: 0.0012146271765232086, 0.000798612140417099, 0.03566348140266206
warehouse: 2.907589077949524e-06, 0.0003093868873516719, 0.05226437459157572
web_page: 7.394980639219284e-05, 0.00034018037388722103, 0.11030150445616907
web_returns: 6.285572262480855, 0.8100109892115991, -0.3191945988059707
web_sales: 67.01082486007363, 8.786701366623738, -8.025075733576582
web_site: 1.0454095900058746e-05, 0.00032022725552320483, 0.4669515408684478

Round 2
call_center: 9.615905582904816e-06, 0.00038807917684316635, -0.00038807917684316635
call_center had no query dependencies
customer_address: 0.2449320713058114, 0.03380870285362005, -0.03380870285362005
customer_address had no query dependencies
customer_demographics: 0.011580578982830048, 0.0025247915931542715, -0.0025247915931542715
customer_demographics had no query dependencies
date_dim: 0.001992875710129738, 0.0007613079887628555, -0.0007613079887628555
date_dim had no query dependencies
household_demographics: 3.5176053643226624e-05, 0.00033242915530999503, -0.00033242915530999503
household_demographics had no query dependencies
item: 0.03489831369370222, 0.005290039899647235, -0.005290039899647235
item had no query dependencies
reason: 1.4491379261016846e-06, 0.0003483091104030609, -0.0003483091104030609
reason had no query dependencies
ship_mode: 1.3029202818870544e-06, 0.0003387827045718829, -0.0003387827045718829
ship_mode had no query dependencies
time_dim: 0.0012146271765232086, 0.000798612140417099, -0.000798612140417099
time_dim had no query dependencies
warehouse: 2.907589077949524e-06, 0.0003093868873516719, -0.0003093868873516719
warehouse had no query dependencies
web_page: 7.394980639219284e-05, 0.00034018037388722103, -0.00034018037388722103
web_page had no query dependencies
web_site: 1.0454095900058746e-05, 0.00032022725552320483, -0.00032022725552320483
web_site had no query dependencies
[]
0
Optimal Subset: 0b0
Num Redshift Qs: 0; Num GCP Qs: 91
Num BigQuery Qs: 4; Num DuckDB Qs: 87
Redshift Qs: $0; GCP Qs: $23.067201597159226; Movement Cost: $0.0
Final cost: $23.067201597159226, BQ Baseline: $47.88743520183564, Diff: $24.820233604676417, %: 51.83036740235567%
