Egress: $0.12/GB
Benchmark: tpcds
Data Path: parquet_1000/real_data_rs4
BigQuery Cost: $5/TB; DuckDB Cost: $1.48/hr; Redshift Cost: $4.344/hr
Use Duck: True
Excluded Table: store
Excluded Query: None

Starting analysis using DuckDB
Duck Total: $23.178461066871222, Duck-Calcite Total: $19.76171110684077, Redshift Total: $5.086827750234605, Redshift-Calcite Total: $4.51294979016463, BigQuery Total: $52.52232074737549
Excluding table store and any queries that depend on it
Total Keys: 63, Keys Considered: 56

Round 0
call_center: 9.615905582904816e-06, 0.0012266265617902714, 0.33389681027746876
catalog_page: 0.0017016949132084846, 0.004863438059634618, -0.004863438059634618
catalog_page had no query dependencies
catalog_returns: 13.009788101539016, 1.707936067033286, -0.36635325929431084
catalog_sales: 132.3057429259643, 17.560594205241102, -10.693623826795406
customer: 0.8535048151388764, 0.11709824733039552, 3.6792899975118867
customer_address: 0.2449320713058114, 0.049878193203360496, 1.7762642425850486
customer_demographics: 0.011580578982830048, 0.005954431445629889, 0.5143067763165796
date_dim: 0.001992875710129738, 0.0019335367794226894, 9.725751587799992
household_demographics: 3.5176053643226624e-05, 0.0012720071386850252, 0.04784937699134076
income_band: 5.122274160385132e-07, 0.001111578163483207, 0.006537115371049975
inventory: 5.1357166497036815, 0.8336242828274507, -0.5421295220228153
item: 0.03489831369370222, 0.008302568750791562, 5.538797460527675
promotion: 7.638614624738693e-05, 0.004882622868136316, 0.293876534279243
reason: 1.4491379261016846e-06, 0.0013572044750134098, 1.2389195546932512
ship_mode: 1.3029202818870544e-06, 0.0013198838569474906, 0.36091751461325294
store_returns: 20.850121902301908, 2.849574986033124, -1.633756074445769
store_sales: 174.69669486396015, 23.615275922556776, -13.969252695439847
time_dim: 0.0012146271765232086, 0.00178349398033276, 0.4400929630601997
warehouse: 2.907589077949524e-06, 0.0014393320951272912, 0.630506245016548
web_page: 7.394980639219284e-05, 0.001420445543387991, 0.07928028852036802
web_returns: 6.285572262480855, 0.8176950085402427, 0.6834029529665443
web_sales: 67.01082486007363, 8.864413932603957, -1.2442626848401606
web_site: 1.0454095900058746e-05, 0.001764470033444935, 0.4913438191002345

Round 1
call_center: 9.615905582904816e-06, 0.001226620368347601, -0.001226620368347601
call_center had no query dependencies
customer: 0.8535048151388764, 0.11653774763452616, -0.11653774763452616
customer had no query dependencies
customer_address: 0.2449320713058114, 0.04971734542717868, -0.04971734542717868
customer_address had no query dependencies
customer_demographics: 0.011580578982830048, 0.00594682643757049, -0.00594682643757049
customer_demographics had no query dependencies
date_dim: 0.001992875710129738, 0.0019322280507434594, -0.0019322280507434594
date_dim had no query dependencies
household_demographics: 3.5176053643226624e-05, 0.0012719840384435043, -0.0012719840384435043
household_demographics had no query dependencies
income_band: 5.122274160385132e-07, 0.0011115778271016121, -0.0011115778271016121
income_band had no query dependencies
item: 0.03489831369370222, 0.008279596746406393, -0.008279596746406393
item had no query dependencies
promotion: 7.638614624738693e-05, 0.004882572586540994, -0.004882572586540994
promotion had no query dependencies
reason: 1.4491379261016846e-06, 0.0013572035211105052, -0.0013572035211105052
reason had no query dependencies
ship_mode: 1.3029202818870544e-06, 0.001319882999293144, -0.001319882999293144
ship_mode had no query dependencies
time_dim: 0.0012146271765232086, 0.0017826691903584668, -0.0017826691903584668
time_dim had no query dependencies
warehouse: 2.907589077949524e-06, 0.0014393301207351755, -0.0014393301207351755
warehouse had no query dependencies
web_page: 7.394980639219284e-05, 0.0014203953279308596, -0.0014203953279308596
web_page had no query dependencies
web_returns: 6.285572262480855, 0.8134268042015014, -0.8134268042015014
web_returns had no query dependencies
web_site: 1.0454095900058746e-05, 0.0017644628756857041, -0.0017644628756857041
web_site had no query dependencies
----
[]
Function: 16.07370149951112, 0, 16.07370149951112, 0.0, 0, 0.0
{16.07370149951112: []}
[]
----
Best Cost: $16.07370149951112;
[]
[]
0
Optimal Subset: 0b0
Function: 16.07370149951112, 0, 16.07370149951112, 0.0, 0, 0.0
16.07370149951112
Real: 16.07370149951112, 0, 16.07370149951112, 0.0, 0, 0.0, 0
Num Redshift Qs: 0; Num GCP Qs: 63
Num BigQuery Qs: 6; Num DuckDB Qs: 57
Redshift Qs: $0; GCP Qs: $16.07370149951112; Movement Cost: $0.0
Load Cost: $0, Storage Cost: $0.0, API Cost: $0
Final cost: $16.07370149951112, BQ Baseline: $19.76171110684077, Diff: $3.6880096073296507, %: 18.662400170666388%
