Egress: $0.12/GB
Benchmark: tpcds
Data Path: parquet_1000/real_data_rs4
BigQuery Cost: $5/TB; DuckDB Cost: $1.48/hr; Redshift Cost: $4.344/hr
Use Duck: True
Excluded Table: catalog_sales
Excluded Query: None

Starting analysis using DuckDB
Duck Total: $34.876134236203306, Duck-Calcite Total: $34.28300090825028, Redshift Total: $4.404826609036129, Redshift-Calcite Total: $3.815775535380045, BigQuery Total: $41.535258293151855
Excluding table catalog_sales and any queries that depend on it
Total Keys: 60, Keys Considered: 55

Round 0
call_center: 9.615905582904816e-06, 0.0012266261037476584, 0.005410248298602307
catalog_page: 0.0017016949132084846, 0.004863357001352835, -0.004863357001352835
catalog_page had no query dependencies
catalog_returns: 13.009788101539016, 1.7073163607265398, -1.7006794863241899
customer: 0.8535048151388764, 0.11704770537255663, 1.9590541393231988
customer_address: 0.2449320713058114, 0.04986368907145432, 2.3827611328524654
customer_demographics: 0.011580578982830048, 0.005953745678983564, 0.7710450362118009
date_dim: 0.001992875710129738, 0.0019334187673876863, 6.5055096397456
household_demographics: 3.5176053643226624e-05, 0.0012720050556661734, 1.4907251366381555
income_band: 5.122274160385132e-07, 0.0011115781331506583, 0.006537115401382524
inventory: 5.1357166497036815, 0.8333201613160335, -0.5883405572827258
item: 0.03489831369370222, 0.008300502178854217, 3.6601913704504265
promotion: 7.638614624738693e-05, 0.004882618344781186, 0.40074116435774243
reason: 1.4491379261016846e-06, 0.0013572043891998716, 1.2389195547790648
ship_mode: 1.3029202818870544e-06, 0.0013198837797925164, 0.05394608643493114
store: 9.930133819580078e-05, 0.001410081651861993, 4.4666962586184145
store_returns: 20.850121902301908, 2.8483405166920512, -2.2361742753302636
store_sales: 174.69669486396015, 23.604932687404155, -15.069842255179312
time_dim: 0.0012146271765232086, 0.001783422066124427, 0.5922653826450691
warehouse: 2.907589077949524e-06, 0.0014393319229781983, 0.21838537603486882
web_page: 7.394980639219284e-05, 0.0014204411650553751, 0.07928029289870063
web_returns: 6.285572262480855, 0.8173228598168208, -0.33361562302725173
web_sales: 67.01082486007363, 8.860446434994236, -7.062618146313149
web_site: 1.0454095900058746e-05, 0.0017644694144911975, 0.4913438197191882

Round 1
call_center: 9.615905582904816e-06, 0.001226620368347601, -0.001226620368347601
call_center had no query dependencies
customer: 0.8535048151388764, 0.11653774763452616, -0.11653774763452616
customer had no query dependencies
customer_address: 0.2449320713058114, 0.04971734542717868, -0.04971734542717868
customer_address had no query dependencies
customer_demographics: 0.011580578982830048, 0.00594682643757049, -0.00594682643757049
customer_demographics had no query dependencies
date_dim: 0.001992875710129738, 0.0019322280507434594, -0.0019322280507434594
date_dim had no query dependencies
household_demographics: 3.5176053643226624e-05, 0.0012719840384435043, -0.0012719840384435043
household_demographics had no query dependencies
income_band: 5.122274160385132e-07, 0.0011115778271016121, -0.0011115778271016121
income_band had no query dependencies
item: 0.03489831369370222, 0.008279596746406393, -0.008279596746406393
item had no query dependencies
promotion: 7.638614624738693e-05, 0.004882572586540994, -0.004882572586540994
promotion had no query dependencies
reason: 1.4491379261016846e-06, 0.0013572035211105052, -0.0013572035211105052
reason had no query dependencies
ship_mode: 1.3029202818870544e-06, 0.001319882999293144, -0.001319882999293144
ship_mode had no query dependencies
store: 9.930133819580078e-05, 0.0014100221665402709, -0.0014100221665402709
store had no query dependencies
time_dim: 0.0012146271765232086, 0.0017826692026752767, -0.0017826692026752767
time_dim had no query dependencies
warehouse: 2.907589077949524e-06, 0.0014393301207646597, -0.0014393301207646597
warehouse had no query dependencies
web_page: 7.394980639219284e-05, 0.0014203953286807407, -0.0014203953286807407
web_page had no query dependencies
web_site: 1.0454095900058746e-05, 0.0017644628713065723, -0.0017644628713065723
web_site had no query dependencies
----
[]
Function: 13.145640196693552, 0, 13.145640196693552, 0.0, 0, 0.0
{13.145640196693552: []}
[]
----
Best Cost: $13.145640196693552;
[]
[]
0
Optimal Subset: 0b0
Function: 13.145640196693552, 0, 13.145640196693552, 0.0, 0, 0.0
13.145640196693552
Real: 13.145640196693552, 0, 13.145640196693552, 0.0, 0, 0.0, 0
Num Redshift Qs: 0; Num GCP Qs: 60
Num BigQuery Qs: 5; Num DuckDB Qs: 55
Redshift Qs: $0; GCP Qs: $13.145640196693552; Movement Cost: $0.0
Load Cost: $0, Storage Cost: $0.0, API Cost: $0
Final cost: $13.145640196693552, BQ Baseline: $34.28300090825028, Diff: $21.137360711556727, %: 61.65551483700475%
