Egress: $0.12/GB
Benchmark: tpcds
Data Path: parquet_1000/real_data_rs4
BigQuery Cost: $5/TB; DuckDB Cost: $1.48/hr; Redshift Cost: $4.344/hr
Use Duck: True
Excluded Table: income_band
Excluded Query: None

Starting analysis using DuckDB
Duck Total: $49.40135439252589, Duck-Calcite Total: $51.57781315746571, Redshift Total: $8.163191001216573, Redshift-Calcite Total: $7.283215671205518, BigQuery Total: $90.58315753936768
Excluding table income_band and any queries that depend on it
Total Keys: 95, Keys Considered: 87

Round 0
call_center: 9.615905582904816e-06, 0.0012266309311152457, 0.3338968059081438
catalog_page: 0.0017016949132084846, 0.004864211284581447, 0.6825100479229037
catalog_returns: 13.009788101539016, 1.7138475219215838, 0.4768859422160159
catalog_sales: 132.3057429259643, 17.62071197385234, -9.138082405198627
customer: 0.8535048151388764, 0.11748606726814237, 5.249865335678153
customer_address: 0.2449320713058114, 0.049989486706292365, 3.541275071995986
customer_demographics: 0.011580578982830048, 0.0059596934890777204, 1.0447469225972252
date_dim: 0.001992875710129738, 0.0019344423126078933, 14.988138184854098
household_demographics: 3.5176053643226624e-05, 0.0012720231221624377, 1.4830764250371262
inventory: 5.1357166497036815, 0.8359578349508423, -0.5444630741462068
item: 0.03489831369370222, 0.008318425745944795, 8.986786324086706
promotion: 7.638614624738693e-05, 0.004882657576253202, 1.0310419515380191
reason: 1.4491379261016846e-06, 0.0013572051334685223, 1.2389195540347961
ship_mode: 1.3029202818870544e-06, 0.0013198844489646514, 0.3609175140212358
store: 9.930133819580078e-05, 0.0014101326524407877, 6.082355397825854
store_returns: 20.850121902301908, 2.859049015734229, 0.057511310725818277
store_sales: 174.69669486396015, 23.69465587455808, -7.964867116962848
time_dim: 0.0012146271765232086, 0.0017840458914438828, 0.9993053996671396
warehouse: 2.907589077949524e-06, 0.0014393334162987172, 0.6305062436953763
web_page: 7.394980639219284e-05, 0.0014204791452376796, 0.24105665210965782
web_returns: 6.285572262480855, 0.8205510924798101, 1.5296975254256013
web_sales: 67.01082486007363, 8.894862797507226, -0.10455375705236314
web_site: 1.0454095900058746e-05, 0.0017644747836528963, 1.1787180735575116

Round 1
call_center: 9.615905582904816e-06, 0.001226620374803536, 0.00541025402754643
catalog_page: 0.0017016949132084846, 0.004862343169115463, -0.004862343169115463
catalog_page had no query dependencies
catalog_returns: 13.009788101539016, 1.6995654163731524, -1.6929285419708024
customer: 0.8535048151388764, 0.11653920605835895, -0.10990233165600899
customer_address: 0.2449320713058114, 0.04971776395413233, -0.04308088955178236
customer_demographics: 0.011580578982830048, 0.005946846225850634, 0.0006900281764993322
date_dim: 0.001992875710129738, 0.0019322314560639448, 0.004704642946286021
household_demographics: 3.5176053643226624e-05, 0.0012719840985504823, 0.005364890303799484
item: 0.03489831369370222, 0.0082796560974543, -0.0082796560974543
item had no query dependencies
promotion: 7.638614624738693e-05, 0.0048825727164497875, -0.0048825727164497875
promotion had no query dependencies
reason: 1.4491379261016846e-06, 0.0013572035235750327, -0.0013572035235750327
reason had no query dependencies
ship_mode: 1.3029202818870544e-06, 0.0013198830015090013, -0.0013198830015090013
ship_mode had no query dependencies
store: 9.930133819580078e-05, 0.0014100223354205938, -0.0014100223354205938
store had no query dependencies
store_returns: 20.850121902301908, 2.835885951059213, -2.835885951059213
store_returns had no query dependencies
time_dim: 0.0012146271765232086, 0.0017826742088264801, -0.0017826742088264801
time_dim had no query dependencies
warehouse: 2.907589077949524e-06, 0.0014393301327484443, -0.0014393301327484443
warehouse had no query dependencies
web_page: 7.394980639219284e-05, 0.001420395633468843, -0.001420395633468843
web_page had no query dependencies
web_returns: 6.285572262480855, 0.8134527742637191, -0.8134527742637191
web_returns had no query dependencies
web_site: 1.0454095900058746e-05, 0.0017644629188788312, -0.0017644629188788312
web_site had no query dependencies

Round 2
call_center: 9.615905582904816e-06, 0.001226620368347601, -0.001226620368347601
call_center had no query dependencies
customer_demographics: 0.011580578982830048, 0.005946823544625306, -0.005946823544625306
customer_demographics had no query dependencies
date_dim: 0.001992875710129738, 0.0019322275529030494, -0.0019322275529030494
date_dim had no query dependencies
household_demographics: 3.5176053643226624e-05, 0.0012719840296561721, -0.0012719840296561721
household_demographics had no query dependencies
----
[]
Function: 24.915537476697345, 0, 24.915537476697345, 0.0, 0, 0.0
{24.915537476697345: []}
[]
----
Best Cost: $24.915537476697345;
[]
[]
0
Optimal Subset: 0b0
Function: 24.915537476697345, 0, 24.915537476697345, 0.0, 0, 0.0
24.915537476697345
Real: 24.915537476697345, 0, 24.915537476697345, 0.0, 0, 0.0, 0
Num Redshift Qs: 0; Num GCP Qs: 95
Num BigQuery Qs: 5; Num DuckDB Qs: 90
Redshift Qs: $0; GCP Qs: $24.915537476697345; Movement Cost: $0.0
Load Cost: $0, Storage Cost: $0.0, API Cost: $0
Final cost: $24.915537476697345, BQ Baseline: $49.40135439252589, Diff: $24.485816915828543, %: 49.56507208541856%
