Egress: $0.12/GB
Benchmark: tpcds
Data Path: parquet_1000/real_data
BigQuery Cost: $5/TB; DuckDB Cost: $1.48/hr; Redshift Cost: $1.086/hr
Use Duck: True
Excluded Table: income_band
Excluded Query: None

Starting analysis using DuckDB
Duck Total: $49.31992630402778, Duck-Calcite Total: $51.496385068967584, Redshift Total: $5.938333212844134, Redshift-Calcite Total: $5.264329178953568, BigQuery Total: $90.26985168457031
Excluding table income_band and any queries that depend on it
Total Keys: 94, Keys Considered: 92

Round 0
call_center: 9.615905582904816e-06, 1.1539086699485779e-06, 0.2734202208441165
catalog_page: 0.0017016949132084846, 0.00020420338958501816, 0.8955562087432873
catalog_returns: 13.009788101539016, 1.561174572184682, 0.9929165942064253
catalog_sales: 132.3057429259643, 15.876689151115714, -6.823480951425664
customer: 0.8535048151388764, 0.10242057781666516, 5.867449563157989
customer_address: 0.2449320713058114, 0.029391848556697367, 4.140347006633977
customer_demographics: 0.011580578982830048, 0.0013896694779396057, 1.5324499791145325
date_dim: 0.001992875710129738, 0.00023914508521556853, 16.596627572284646
household_demographics: 3.5176053643226624e-05, 4.2211264371871945e-06, 1.5449523105200793
inventory: 5.1357166497036815, 0.6162859979644417, -0.3734861016053954
item: 0.03489831369370222, 0.004187797643244266, 9.50058353721673
promotion: 7.638614624738693e-05, 9.16633754968643e-06, 1.2737715555125806
reason: 1.4491379261016846e-06, 1.7389655113220215e-07, 1.2338719339835644
ship_mode: 1.3029202818870544e-06, 1.5635043382644653e-07, 0.36540217910975215
store: 9.930133819580078e-05, 1.1916160583496093e-05, 6.92992836401957
store_returns: 20.850121902301908, 2.502014628276229, 0.8176556790327361
store_sales: 174.69669486396015, 20.963603383675217, -3.8314840025966923
time_dim: 0.0012146271765232086, 0.00014575526118278502, 1.013307506330543
warehouse: 2.907589077949524e-06, 3.4891068935394286e-07, 0.6394131343341536
web_page: 7.394980639219284e-05, 8.87397676706314e-06, 0.32732183472033993
web_returns: 6.285572262480855, 0.7542686714977026, 1.974488743160367
web_sales: 67.01082486007363, 8.041298983208835, 1.6305014001491678
web_site: 1.0454095900058746e-05, 1.2544915080070496e-06, 1.3630309257653352

Round 1
call_center: 9.615905582904816e-06, 1.1539086699485779e-06, 0.00570238591276937
catalog_page: 0.0017016949132084846, 0.00020420338958501816, -0.00020420338958501816
catalog_page had no query dependencies
catalog_returns: 13.009788101539016, 1.561174572184682, -1.5306484507197142
customer: 0.8535048151388764, 0.10242057781666516, -0.05326322093655666
customer_address: 0.2449320713058114, 0.029391848556697367, 0.4892514685039056
customer_demographics: 0.011580578982830048, 0.0013896694779396057, 0.07849346163047684
date_dim: 0.001992875710129738, 0.00023914508521556853, 0.7767809461089638
household_demographics: 3.5176053643226624e-05, 4.2211264371871945e-06, 0.04216141223808129
item: 0.03489831369370222, 0.004187797643244266, 0.20163382439623276
promotion: 7.638614624738693e-05, 9.16633754968643e-06, -9.16633754968643e-06
promotion had no query dependencies
reason: 1.4491379261016846e-06, 1.7389655113220215e-07, 0.074179417390426
ship_mode: 1.3029202818870544e-06, 1.5635043382644653e-07, 0.052573605128493565
store: 9.930133819580078e-05, 1.1916160583496093e-05, 0.019379721590942804
store_returns: 20.850121902301908, 2.502014628276229, -2.460513548578355
time_dim: 0.0012146271765232086, 0.00014575526118278502, 0.03631633828189637
warehouse: 2.907589077949524e-06, 3.4891068935394286e-07, 0.05257341256823804
web_page: 7.394980639219284e-05, 8.87397676706314e-06, 0.11063281085328923
web_returns: 6.285572262480855, 0.7542686714977026, -0.24134283914572674
web_sales: 67.01082486007363, 8.041298983208835, -7.279673350161678
web_site: 1.0454095900058746e-05, 1.2544915080070496e-06, 0.4672705136324631

Round 2
call_center: 9.615905582904816e-06, 1.1539086699485779e-06, -1.1539086699485779e-06
call_center had no query dependencies
customer_address: 0.2449320713058114, 0.029391848556697367, -0.029391848556697367
customer_address had no query dependencies
customer_demographics: 0.011580578982830048, 0.0013896694779396057, -0.0013896694779396057
customer_demographics had no query dependencies
date_dim: 0.001992875710129738, 0.00023914508521556853, -0.00023914508521556853
date_dim had no query dependencies
household_demographics: 3.5176053643226624e-05, 4.2211264371871945e-06, -4.2211264371871945e-06
household_demographics had no query dependencies
item: 0.03489831369370222, 0.004187797643244266, -0.004187797643244266
item had no query dependencies
reason: 1.4491379261016846e-06, 1.7389655113220215e-07, -1.7389655113220215e-07
reason had no query dependencies
ship_mode: 1.3029202818870544e-06, 1.5635043382644653e-07, -1.5635043382644653e-07
ship_mode had no query dependencies
store: 9.930133819580078e-05, 1.1916160583496093e-05, -1.1916160583496093e-05
store had no query dependencies
time_dim: 0.0012146271765232086, 0.00014575526118278502, -0.00014575526118278502
time_dim had no query dependencies
warehouse: 2.907589077949524e-06, 3.4891068935394286e-07, -3.4891068935394286e-07
warehouse had no query dependencies
web_page: 7.394980639219284e-05, 8.87397676706314e-06, -8.87397676706314e-06
web_page had no query dependencies
web_site: 1.0454095900058746e-05, 1.2544915080070496e-06, -1.2544915080070496e-06
web_site had no query dependencies
[]
0
Optimal Subset: 0b0
Num Redshift Qs: 0; Num GCP Qs: 94
Num BigQuery Qs: 4; Num DuckDB Qs: 90
Redshift Qs: $0; GCP Qs: $24.424538247954626; Movement Cost: $0.0
Final cost: $24.424538247954626, BQ Baseline: $49.31992630402778, Diff: $24.895388056073156, %: 50.47734236788598%
