Egress: $0.12/GB
Benchmark: tpcds
Data Path: parquet_1000/real_data
BigQuery Cost: $5/TB; DuckDB Cost: $1.48/hr; Redshift Cost: $1.086/hr
Use Duck: True
Excluded Table: catalog_page
Excluded Query: None

Starting analysis using DuckDB
Duck Total: $48.34167431748441, Duck-Calcite Total: $48.59078290860386, Redshift Total: $5.826421641345822, Redshift-Calcite Total: $5.150865056043467, BigQuery Total: $83.69192123413086
Excluding table catalog_page and any queries that depend on it
Total Keys: 93, Keys Considered: 91

Round 0
call_center: 9.615905582904816e-06, 1.1539086699485779e-06, 0.27342022084411644
catalog_returns: 13.009788101539016, 1.561174572184682, 0.09715618207355337
catalog_sales: 132.3057429259643, 15.876689151115714, -7.719241363558535
customer: 0.8535048151388764, 0.10242057781666516, 5.877190201585194
customer_address: 0.2449320713058114, 0.029391848556697367, 4.150087645061182
customer_demographics: 0.011580578982830048, 0.0013896694779396057, 1.5421906175417368
date_dim: 0.001992875710129738, 0.00023914508521556853, 15.700867160151772
household_demographics: 3.5176053643226624e-05, 4.2211264371871945e-06, 1.5546929489472836
income_band: 5.122274160385132e-07, 6.146728992462158e-08, 0.009740576959914631
inventory: 5.1357166497036815, 0.6162859979644417, -0.3734861016053954
item: 0.03489831369370222, 0.004187797643244266, 8.83070825303463
promotion: 7.638614624738693e-05, 9.16633754968643e-06, 0.6038962713304825
reason: 1.4491379261016846e-06, 1.7389655113220215e-07, 1.2338719339835642
ship_mode: 1.3029202818870544e-06, 1.5635043382644653e-07, 0.3654021791097522
store: 9.930133819580078e-05, 1.1916160583496093e-05, 6.034167951886698
store_returns: 20.850121902301908, 2.502014628276229, -0.06836409467293159
store_sales: 174.69669486396015, 20.963603383675217, -4.727244414729572
time_dim: 0.0012146271765232086, 0.00014575526118278502, 1.013307506330543
warehouse: 2.907589077949524e-06, 3.4891068935394286e-07, 0.6394131343341536
web_page: 7.394980639219284e-05, 8.87397676706314e-06, 0.32732183472034
web_returns: 6.285572262480855, 0.7542686714977026, 1.0787283310274947
web_sales: 67.01082486007363, 8.041298983208835, 0.734740988016295
web_site: 1.0454095900058746e-05, 1.2544915080070496e-06, 0.4672705136324631

Round 1
call_center: 9.615905582904816e-06, 1.1539086699485779e-06, 0.00570238591276937
catalog_returns: 13.009788101539016, 1.561174572184682, -1.5527578926660617
customer: 0.8535048151388764, 0.10242057781666516, -0.07265485868808295
customer_address: 0.2449320713058114, 0.029391848556697367, 0.4892514685039057
customer_demographics: 0.011580578982830048, 0.0013896694779396057, 0.07849346163047684
date_dim: 0.001992875710129738, 0.00023914508521556853, 0.73527986641109
household_demographics: 3.5176053643226624e-05, 4.2211264371871945e-06, 0.04216141223808129
income_band: 5.122274160385132e-07, 6.146728992462158e-08, -6.146728992462158e-08
income_band had no query dependencies
item: 0.03489831369370222, 0.004187797643244266, 0.1795243824498852
promotion: 7.638614624738693e-05, 9.16633754968643e-06, -9.16633754968643e-06
promotion had no query dependencies
reason: 1.4491379261016846e-06, 1.7389655113220215e-07, 0.074179417390426
ship_mode: 1.3029202818870544e-06, 1.5635043382644653e-07, 0.052573605128493565
store: 9.930133819580078e-05, 1.1916160583496093e-05, -1.1916160583496093e-05
store had no query dependencies
time_dim: 0.0012146271765232086, 0.00014575526118278502, 0.03631633828189637
warehouse: 2.907589077949524e-06, 3.4891068935394286e-07, 0.05257341256823804
web_page: 7.394980639219284e-05, 8.87397676706314e-06, 0.11063281085328923
web_returns: 6.285572262480855, 0.7542686714977026, -0.2634522810920742
web_sales: 67.01082486007363, 8.041298983208835, -7.279673350161678
web_site: 1.0454095900058746e-05, 1.2544915080070496e-06, 0.4672705136324631

Round 2
call_center: 9.615905582904816e-06, 1.1539086699485779e-06, -1.1539086699485779e-06
call_center had no query dependencies
customer_address: 0.2449320713058114, 0.029391848556697367, -0.029391848556697367
customer_address had no query dependencies
customer_demographics: 0.011580578982830048, 0.0013896694779396057, -0.0013896694779396057
customer_demographics had no query dependencies
date_dim: 0.001992875710129738, 0.00023914508521556853, -0.00023914508521556853
date_dim had no query dependencies
household_demographics: 3.5176053643226624e-05, 4.2211264371871945e-06, -4.2211264371871945e-06
household_demographics had no query dependencies
item: 0.03489831369370222, 0.004187797643244266, -0.004187797643244266
item had no query dependencies
reason: 1.4491379261016846e-06, 1.7389655113220215e-07, -1.7389655113220215e-07
reason had no query dependencies
ship_mode: 1.3029202818870544e-06, 1.5635043382644653e-07, -1.5635043382644653e-07
ship_mode had no query dependencies
time_dim: 0.0012146271765232086, 0.00014575526118278502, -0.00014575526118278502
time_dim had no query dependencies
warehouse: 2.907589077949524e-06, 3.4891068935394286e-07, -3.4891068935394286e-07
warehouse had no query dependencies
web_page: 7.394980639219284e-05, 8.87397676706314e-06, -8.87397676706314e-06
web_page had no query dependencies
web_site: 1.0454095900058746e-05, 1.2544915080070496e-06, -1.2544915080070496e-06
web_site had no query dependencies
[]
0
Optimal Subset: 0b0
Num Redshift Qs: 0; Num GCP Qs: 93
Num BigQuery Qs: 4; Num DuckDB Qs: 89
Redshift Qs: $0; GCP Qs: $23.425054351338865; Movement Cost: $0.0
Final cost: $23.425054351338865, BQ Baseline: $48.34167431748441, Diff: $24.916619966145547, %: 51.542732679272554%
