Egress: $0.12/GB
Benchmark: tpcds
Data Path: parquet_1000/real_data
BigQuery Cost: $5/TB; DuckDB Cost: $1.48/hr; Redshift Cost: $1.086/hr
Use Duck: True
Excluded Table: customer_demographics
Excluded Query: None

Starting analysis using DuckDB
Duck Total: $47.43746082595189, Duck-Calcite Total: $49.19339459849992, Redshift Total: $5.57936253665328, Redshift-Calcite Total: $4.992853907570044, BigQuery Total: $81.25926494598389
Excluding table customer_demographics and any queries that depend on it
Total Keys: 83, Keys Considered: 81

Round 0
call_center: 9.615905582904816e-06, 1.1539086699485779e-06, 0.2677166810226771
catalog_page: 0.0017016949132084846, 0.00020420338958501816, 0.8955562087432873
catalog_returns: 13.009788101539016, 1.561174572184682, 0.9872130543849862
catalog_sales: 132.3057429259643, 15.876689151115714, -7.374027123319339
customer: 0.8535048151388764, 0.10242057781666516, 5.440377419276271
customer_address: 0.2449320713058114, 0.029391848556697367, 3.11249045385576
date_dim: 0.001992875710129738, 0.00023914508521556853, 15.062787923692182
household_demographics: 3.5176053643226624e-05, 4.2211264371871945e-06, 1.2098033991443449
income_band: 5.122274160385132e-07, 6.146728992462158e-08, -6.146728992462158e-08
income_band had no query dependencies
inventory: 5.1357166497036815, 0.6162859979644417, -0.3734861016053954
item: 0.03489831369370222, 0.004187797643244266, 8.874219973215938
promotion: 7.638614624738693e-05, 9.16633754968643e-06, 0.9359317655928598
reason: 1.4491379261016846e-06, 1.7389655113220215e-07, 1.1596923426965873
ship_mode: 1.3029202818870544e-06, 1.5635043382644653e-07, 0.36540217910975215
store: 9.930133819580078e-05, 1.1916160583496093e-05, 6.235180240515515
store_returns: 20.850121902301908, 2.502014628276229, 0.8176556790327365
store_sales: 174.69669486396015, 20.963603383675217, -5.035882484060812
time_dim: 0.0012146271765232086, 0.00014575526118278502, 1.013307506330543
warehouse: 2.907589077949524e-06, 3.4891068935394286e-07, 0.6394131343341537
web_page: 7.394980639219284e-05, 8.87397676706314e-06, 0.25314224343336283
web_returns: 6.285572262480855, 0.7542686714977026, 1.9003091518733894
web_sales: 67.01082486007363, 8.041298983208835, 1.2553336729884474
web_site: 1.0454095900058746e-05, 1.2544915080070496e-06, 1.3630309257653352

Round 1
call_center: 9.615905582904816e-06, 1.1539086699485779e-06, -1.1539086699485779e-06
call_center had no query dependencies
catalog_page: 0.0017016949132084846, 0.00020420338958501816, -0.00020420338958501816
catalog_page had no query dependencies
catalog_returns: 13.009788101539016, 1.561174572184682, -1.5363519905411536
customer: 0.8535048151388764, 0.10242057781666516, -0.05896676075799598
customer_address: 0.2449320713058114, 0.029391848556697367, 0.4093683373954892
date_dim: 0.001992875710129738, 0.00023914508521556853, 0.6968978150005471
household_demographics: 3.5176053643226624e-05, 4.2211264371871945e-06, 0.03645787241664197
item: 0.03489831369370222, 0.004187797643244266, 0.20163382439623279
promotion: 7.638614624738693e-05, 9.16633754968643e-06, -9.16633754968643e-06
promotion had no query dependencies
reason: 1.4491379261016846e-06, 1.7389655113220215e-07, -1.7389655113220215e-07
reason had no query dependencies
ship_mode: 1.3029202818870544e-06, 1.5635043382644653e-07, 0.052573605128493565
store: 9.930133819580078e-05, 1.1916160583496093e-05, 0.019379721590942804
store_returns: 20.850121902301908, 2.502014628276229, -2.460513548578355
time_dim: 0.0012146271765232086, 0.00014575526118278502, 0.03631633828189637
warehouse: 2.907589077949524e-06, 3.4891068935394286e-07, 0.05257341256823804
web_page: 7.394980639219284e-05, 8.87397676706314e-06, 0.036453219566312096
web_returns: 6.285572262480855, 0.7542686714977026, -0.3155224304327038
web_sales: 67.01082486007363, 8.041298983208835, -7.353852941448655
web_site: 1.0454095900058746e-05, 1.2544915080070496e-06, 0.4672705136324631

Round 2
customer_address: 0.2449320713058114, 0.029391848556697367, -0.029391848556697367
customer_address had no query dependencies
date_dim: 0.001992875710129738, 0.00023914508521556853, -0.00023914508521556853
date_dim had no query dependencies
household_demographics: 3.5176053643226624e-05, 4.2211264371871945e-06, -4.2211264371871945e-06
household_demographics had no query dependencies
item: 0.03489831369370222, 0.004187797643244266, -0.004187797643244266
item had no query dependencies
ship_mode: 1.3029202818870544e-06, 1.5635043382644653e-07, -1.5635043382644653e-07
ship_mode had no query dependencies
store: 9.930133819580078e-05, 1.1916160583496093e-05, -1.1916160583496093e-05
store had no query dependencies
time_dim: 0.0012146271765232086, 0.00014575526118278502, -0.00014575526118278502
time_dim had no query dependencies
warehouse: 2.907589077949524e-06, 3.4891068935394286e-07, -3.4891068935394286e-07
warehouse had no query dependencies
web_page: 7.394980639219284e-05, 8.87397676706314e-06, -8.87397676706314e-06
web_page had no query dependencies
web_site: 1.0454095900058746e-05, 1.2544915080070496e-06, -1.2544915080070496e-06
web_site had no query dependencies
[]
0
Optimal Subset: 0b0
Num Redshift Qs: 0; Num GCP Qs: 83
Num BigQuery Qs: 4; Num DuckDB Qs: 79
Redshift Qs: $0; GCP Qs: $22.63845913134791; Movement Cost: $0.0
Final cost: $22.63845913134791, BQ Baseline: $47.43746082595189, Diff: $24.799001694603977, %: 52.2772535941406%
