Egress: $0.12/GB
Benchmark: tpcds
Data Path: parquet_1000/real_data
BigQuery Cost: $5/TB; DuckDB Cost: $1.48/hr; Redshift Cost: $1.086/hr
Use Duck: True
Excluded Table: catalog_page
Excluded Query: None

Starting analysis using DuckDB
Duck Total: $48.341674317484426, Duck-Calcite Total: $48.59078290860386, Redshift Total: $5.826421641345819, Redshift-Calcite Total: $5.150865056043467, BigQuery Total: $83.69192123413086
Number of keys: 93
Excluding table catalog_page and any queries that depend on it
catalog_page; 1
Optimal Subset: 0b0
Cost of new plan by subset (0, 0b0): $23.42505435133887
found 4417708 plans cheaper than baseline over 8388608 total plans considered
Num Redshift Qs: 0; Num GCP Qs: 93
Redshift Qs: $0; GCP Qs: $23.42505435133887; Movement Cost: $0.0
Final cost: $23.42505435133887, BQ Baseline: $48.341674317484426, Diff: $24.916619966145557, %: 51.54273267927256%
Cost of Second Cheapest plan by subset (512, 0b1000000000): $23.42505441280616
Cost of Third Cheapest plan by subset (16384, 0b100000000000000): $23.425054507689303
