Egress: $0.12/GB
Benchmark: tpcds
Data Path: parquet_1000/real_data
BigQuery Cost: $5/TB; DuckDB Cost: $1.48/hr; Redshift Cost: $1.086/hr
Use Duck: True
Excluded Table: call_center
Excluded Query: None

Starting analysis using DuckDB
Duck Total: $48.87968611822128, Duck-Calcite Total: $50.740414709292516, Redshift Total: $5.699787631720306, Redshift-Calcite Total: $5.0665378194002315, BigQuery Total: $88.89811038970947
Number of keys: 91
Excluding table call_center and any queries that depend on it
call_center; 0
Optimal Subset: 0b0
Cost of new plan by subset (0, 0b0): $23.963066152075715
found 4413956 plans cheaper than baseline over 8388608 total plans considered
Num Redshift Qs: 0; Num GCP Qs: 91
Redshift Qs: $0; GCP Qs: $23.963066152075715; Movement Cost: $0.0
Final cost: $23.963066152075715, BQ Baseline: $48.87968611822128, Diff: $24.916619966145564, %: 50.975409101199595%
Cost of Second Cheapest plan by subset (512, 0b1000000000): $23.963066213543005
Cost of Third Cheapest plan by subset (16384, 0b100000000000000): $23.96306630842615
