Egress: $0.12/GB
Benchmark: tpcds
Data Path: parquet_1000/real_data
BigQuery Cost: $5/TB; DuckDB Cost: $1.48/hr; Redshift Cost: $1.086/hr
Use Duck: True
Excluded Table: web_site
Excluded Query: None

Starting analysis using DuckDB
Duck Total: $47.76267662812076, Duck-Calcite Total: $47.98802152355512, Redshift Total: $5.734666371099552, Redshift-Calcite Total: $5.004329776352244, BigQuery Total: $82.95271873474121
Number of keys: 90
Excluding table web_site and any queries that depend on it
web_site; 23
Optimal Subset: 0b0
Cost of new plan by subset (0, 0b0): $22.885124485666008
found 4401640 plans cheaper than baseline over 8388608 total plans considered
Num Redshift Qs: 0; Num GCP Qs: 90
Redshift Qs: $0; GCP Qs: $22.885124485666008; Movement Cost: $0.0
Final cost: $22.885124485666008, BQ Baseline: $47.76267662812076, Diff: $24.87755214245475, %: 52.08575795730811%
Cost of Second Cheapest plan by subset (512, 0b1000000000): $22.885124547133298
Cost of Third Cheapest plan by subset (16384, 0b100000000000000): $22.885124642016443
