Egress: $0.12/GB
Benchmark: tpcds
Data Path: parquet_2000/batch_rs8
BigQuery Cost: $6.25/TB; DuckDB Cost: $1.48/hr; Redshift Cost: $8.688/hr
Use Duck: False
Using calcite profiles: False
Excluded Table: reason
Excluded Query: None

Starting analysis without using DuckDB
Excluding table reason and any queries that depend on it
92
23
Total Keys: 96, Keys Considered: 92
97.76796338296289
218.91829636827157
121.15033298530868
[]
['source']
['call_center', 'catalog_page', 'catalog_returns', 'catalog_sales', 'customer', 'customer_address', 'customer_demographics', 'date_dim', 'household_demographics', 'income_band', 'inventory', 'item', 'promotion', 'ship_mode', 'store', 'store_returns', 'store_sales', 'time_dim', 'warehouse', 'web_page', 'web_returns', 'web_sales', 'web_site']
Costs: 112.39185899696069, 14.537993399947492, 0.08590221405029297, 83.17907512624578, 14.45693595246633, 0.07230786050923162, 0.059644443741571906
Runtime: 13733.64142090641
Optimal Subset: 0b111111111101111111111111
97.76796338296289
