Egress: $0.12/GB
Benchmark: tpcds
Data Path: parquet_2000/batch_rs8
BigQuery Cost: $6.25/TB; DuckDB Cost: $1.48/hr; Redshift Cost: $8.688/hr
Use Duck: False
Using calcite profiles: False
Excluded Table: customer
Excluded Query: None

Starting analysis without using DuckDB
Excluding table customer and any queries that depend on it
67
23
Total Keys: 70, Keys Considered: 67
97.65459950952119
173.00157153013865
75.34697202061746
['009']
['source']
['call_center', 'catalog_page', 'catalog_returns', 'catalog_sales', 'customer_address', 'customer_demographics', 'date_dim', 'household_demographics', 'inventory', 'item', 'promotion', 'reason', 'ship_mode', 'store', 'store_returns', 'store_sales', 'time_dim', 'warehouse', 'web_page', 'web_returns', 'web_sales', 'web_site']
Costs: 105.68037279297822, 7.9783479034551, 0.0474393367767334, 83.10970737058028, 14.429459064439138, 0.055834223065000965, 0.05958489466194809
Runtime: 11002.737107791472
Optimal Subset: 0b111111111111110111101111
97.6545995095212
