Egress: $0.12/GB
Benchmark: tpcds
Data Path: parquet_2000/batch_rs8
BigQuery Cost: $6.25/TB; DuckDB Cost: $1.48/hr; Redshift Cost: $8.688/hr
Use Duck: False
Using calcite profiles: False
Excluded Table: catalog_returns
Excluded Query: None

Starting analysis without using DuckDB
Excluding table catalog_returns and any queries that depend on it
82
23
Total Keys: 86, Keys Considered: 82
94.56337461407202
198.56245466869044
103.99908005461842
['001']
['source']
['call_center', 'catalog_sales', 'customer', 'customer_address', 'customer_demographics', 'date_dim', 'household_demographics', 'income_band', 'inventory', 'item', 'promotion', 'reason', 'ship_mode', 'store', 'store_returns', 'store_sales', 'time_dim', 'warehouse', 'web_page', 'web_returns', 'web_sales', 'web_site']
Costs: 104.5645592306157, 9.91529873211225, 0.08590221405029297, 80.35333189416043, 14.094568400360744, 0.057841962024394886, 0.057616027907589074
Runtime: 11609.604668419342
Optimal Subset: 0b111111111111111111111001
94.56337461407205
