Egress: $0.12/GB
Benchmark: tpcds
Data Path: parquet_1000/internal_rs1
BigQuery Cost: $5/TB; DuckDB Cost: $1.48/hr; Redshift Cost: $1.086/hr
Use Duck: True
Excluded Table: promotion
Excluded Query: None

Starting analysis using DuckDB
Excluding table promotion and any queries that depend on it
88
23
Total Keys: 92, Keys Considered: 88
h
55.891270419490816
14.118055651057475
14.11805565105747
-5.329070518200751e-15
['000', '001', '002', '003', '004', '005', '006', '007', '008', '009', '0010', '0011', '0013', '0014', '0015', '0016', '0017', '0018', '0019', '0020', '0021', '0022', '0023']
['source', '01', '02', '03', '04', '05', '06', '08', '09', '10', '11', '12', '13', '14', '15', '16', '17', '18', '19', '20', '21', '22', '24', '25', '27', '28', '29', '30', '31', '32', '33', '34', '35', '36', '37', '38', '39', '40', '42', '43', '44', '45', '46', '47', '48', '49', '50', '51', '52', '53', '54', '55', '56', '57', '58', '59', '60', '62', '63', '65', '66', '68', '69', '70', '71', '73', '74', '75', '77', '79', '81', '82', '83', '84', '85', '86', '87', '88', '89', '90', '91', '92', '93', '94', '95', '96', '97', '98', '99']
Optimal Subset: 0b0
h
14.11805565105747
