Egress: $0.12/GB
Benchmark: tpcds
Data Path: parquet_1000/low_mem
BigQuery Cost: $5/TB; DuckDB Cost: $1.48/hr; Redshift Cost: $1.086/hr
Use Duck: False
Excluded Table: store_returns
Excluded Query: None

Starting analysis without using DuckDB
Redshift Total: $15.209304672554337, Redshift-Calcite Total: $15.209304672554337, BigQuery Total: $31.132454872131348
Excluding table store_returns and any queries that depend on it
Total Keys: 50, Keys Considered: 47

Round 0
call_center: 9.615905582904816e-06, 1.1539086699485779e-06, 0.5200721747333805
catalog_page: 0.0017016949132084846, 0.00020420338958501816, -0.00020420338958501816
catalog_page had no query dependencies
catalog_returns: 13.009788101539016, 1.561174572184682, -1.468642103129824
catalog_sales: 132.3057429259643, 15.876689151115714, -13.454494433087806
customer: 0.8535048151388764, 0.10242057781666516, 2.508707446372012
customer_address: 0.2449320713058114, 0.029391848556697367, 3.069052311022977
customer_demographics: 0.011580578982830048, 0.0013896694779396057, 2.9637451294811568
date_dim: 0.001992875710129738, 0.00023914508521556853, 13.49328584004978
household_demographics: 3.5176053643226624e-05, 4.2211264371871945e-06, 4.568520826407076
income_band: 5.122274160385132e-07, 6.146728992462158e-08, -6.146728992462158e-08
income_band had no query dependencies
inventory: 5.1357166497036815, 0.6162859979644417, 0.12062833292692898
item: 0.03489831369370222, 0.004187797643244266, 7.258084450657466
promotion: 7.638614624738693e-05, 9.16633754968643e-06, 0.44096673304567735
reason: 1.4491379261016846e-06, 1.7389655113220215e-07, -1.7389655113220215e-07
reason had no query dependencies
ship_mode: 1.3029202818870544e-06, 1.5635043382644653e-07, 0.1437991007575392
store: 9.930133819580078e-05, 1.1916160583496093e-05, 10.598467981256245
store_sales: 174.69669486396015, 20.963603383675217, -6.751702005080187
time_dim: 0.0012146271765232086, 0.00014575526118278502, 2.724276606781085
warehouse: 2.907589077949524e-06, 3.4891068935394286e-07, 0.9544885065267482
web_page: 7.394980639219284e-05, 8.87397676706314e-06, 0.09183234584261973
web_returns: 6.285572262480855, 0.7542686714977026, -0.7542686714977026
web_returns had no query dependencies
web_sales: 67.01082486007363, 8.041298983208835, -4.744191686045825
web_site: 1.0454095900058746e-05, 1.2544915080070496e-06, 0.0033219840243458587

Round 1
call_center: 9.615905582904816e-06, 1.1539086699485779e-06, -1.1539086699485779e-06
call_center had no query dependencies
customer: 0.8535048151388764, 0.10242057781666516, -0.10242057781666516
customer had no query dependencies
customer_address: 0.2449320713058114, 0.029391848556697367, -0.029391848556697367
customer_address had no query dependencies
customer_demographics: 0.011580578982830048, 0.0013896694779396057, -0.0013896694779396057
customer_demographics had no query dependencies
date_dim: 0.001992875710129738, 0.00023914508521556853, 0.7198371867809692
household_demographics: 3.5176053643226624e-05, 4.2211264371871945e-06, -4.2211264371871945e-06
household_demographics had no query dependencies
inventory: 5.1357166497036815, 0.6162859979644417, 0.10379033390174308
item: 0.03489831369370222, 0.004187797643244266, 0.7158885342229405
promotion: 7.638614624738693e-05, 9.16633754968643e-06, -9.16633754968643e-06
promotion had no query dependencies
ship_mode: 1.3029202818870544e-06, 1.5635043382644653e-07, -1.5635043382644653e-07
ship_mode had no query dependencies
store: 9.930133819580078e-05, 1.1916160583496093e-05, -1.1916160583496093e-05
store had no query dependencies
time_dim: 0.0012146271765232086, 0.00014575526118278502, -0.00014575526118278502
time_dim had no query dependencies
warehouse: 2.907589077949524e-06, 3.4891068935394286e-07, 0.7200759829554955
web_page: 7.394980639219284e-05, 8.87397676706314e-06, -8.87397676706314e-06
web_page had no query dependencies
web_site: 1.0454095900058746e-05, 1.2544915080070496e-06, -1.2544915080070496e-06
web_site had no query dependencies

Round 2
date_dim: 0.001992875710129738, 0.00023914508521556853, 0.7198371867809692
inventory: 5.1357166497036815, 0.6162859979644417, 0.10379033390174308
item: 0.03489831369370222, 0.004187797643244266, 0.7158885342229405
warehouse: 2.907589077949524e-06, 3.4891068935394286e-07, 0.7200759829554955
[7, 10, 11, 19]
4
Optimal Subset: 0b10000000110010000000
Num Redshift Qs: 3; Num GCP Qs: 47
Redshift Qs: $0.1804878618594011; GCP Qs: $30.23189067840576; Movement Cost: $0.620713289603591
Final cost: $31.033091829868752, BQ Baseline: $31.132454872131348, Diff: $0.09936304226259551, %: 0.3191622461855449%
