Egress: $0.12/GB
Benchmark: tpcds
Data Path: parquet_1000/low_mem
BigQuery Cost: $5/TB; DuckDB Cost: $1.48/hr; Redshift Cost: $1.086/hr
Use Duck: False
Excluded Table: web_site
Excluded Query: None

Starting analysis without using DuckDB
Redshift Total: $17.51200603645325, Redshift-Calcite Total: $17.51200603645325, BigQuery Total: $35.678462982177734
Number of keys: 55
Excluding table web_site and any queries that depend on it
web_site; 23
Optimal Subset: 0b10000000110010000000
Cost of new plan by subset (527488, 0b10000000110010000000): $35.579099939915146
found 4096 plans cheaper than baseline over 8388608 total plans considered
date_dim
inventory
item
warehouse
Num Redshift Qs: 3; Num GCP Qs: 52
Redshift Qs: $0.18048786185940108; GCP Qs: $34.77789878845215; Movement Cost: $0.620713289603591
Final cost: $35.579099939915146, BQ Baseline: $35.678462982177734, Diff: $0.09936304226258841, %: 0.27849585984750147%
Cost of Second Cheapest plan by subset (528000, 0b10000000111010000000): $35.579100001382436
Cost of Third Cheapest plan by subset (543872, 0b10000100110010000000): $35.57910009626558
