Egress: $0.12/GB
Benchmark: tpcds
Data Path: parquet_1000/low_mem
BigQuery Cost: $5/TB; DuckDB Cost: $1.48/hr; Redshift Cost: $1.086/hr
Use Duck: False
Excluded Table: customer
Excluded Query: None

Starting analysis without using DuckDB
Redshift Total: $15.033895063654981, Redshift-Calcite Total: $15.033895063654981, BigQuery Total: $30.591273307800293
Number of keys: 45
Excluding table customer and any queries that depend on it
customer; 4
Optimal Subset: 0b10000000110010000000
Cost of new plan by subset (527488, 0b10000000110010000000): $30.491910265537697
found 8192 plans cheaper than baseline over 8388608 total plans considered
date_dim
inventory
item
warehouse
Num Redshift Qs: 3; Num GCP Qs: 42
Redshift Qs: $0.1804878618594011; GCP Qs: $29.690709114074707; Movement Cost: $0.620713289603591
Final cost: $30.491910265537697, BQ Baseline: $30.591273307800293, Diff: $0.09936304226259551, %: 0.3248084552180425%
Cost of Second Cheapest plan by subset (528000, 0b10000000111010000000): $30.491910327004987
Cost of Third Cheapest plan by subset (543872, 0b10000100110010000000): $30.491910421888132
