Egress: $0.12/GB
Benchmark: tpcds
Data Path: parquet_1000/low_mem
BigQuery Cost: $5/TB; DuckDB Cost: $1.48/hr; Redshift Cost: $1.086/hr
Use Duck: False
Excluded Table: catalog_sales
Excluded Query: None

Starting analysis without using DuckDB
Redshift Total: $12.370565836505493, Redshift-Calcite Total: $12.370565836505493, BigQuery Total: $26.52693748474121
Number of keys: 40
Excluding table catalog_sales and any queries that depend on it
catalog_sales; 3
Optimal Subset: 0b10000000110010000000
Cost of new plan by subset (527488, 0b10000000110010000000): $26.427574442478615
found 8192 plans cheaper than baseline over 8388608 total plans considered
date_dim
inventory
item
warehouse
Num Redshift Qs: 3; Num GCP Qs: 37
Redshift Qs: $0.1804878618594011; GCP Qs: $25.626373291015625; Movement Cost: $0.620713289603591
Final cost: $26.427574442478615, BQ Baseline: $26.52693748474121, Diff: $0.09936304226259551, %: 0.3745741185530783%
Cost of Second Cheapest plan by subset (528000, 0b10000000111010000000): $26.427574503945905
Cost of Third Cheapest plan by subset (543872, 0b10000100110010000000): $26.42757459882905
