Egress: $0.12/GB
Benchmark: tpcds
Data Path: parquet_1000/low_mem
BigQuery Cost: $5/TB; DuckDB Cost: $1.48/hr; Redshift Cost: $1.086/hr
Use Duck: False
Excluded Table: time_dim
Excluded Query: None

Starting analysis without using DuckDB
Redshift Total: $16.957014538031423, Redshift-Calcite Total: $16.957014538031423, BigQuery Total: $32.40237236022949
Number of keys: 52
Excluding table time_dim and any queries that depend on it
time_dim; 18
Optimal Subset: 0b10000000110010000000
Cost of new plan by subset (527488, 0b10000000110010000000): $32.3030093179669
found 4096 plans cheaper than baseline over 8388608 total plans considered
date_dim
inventory
item
warehouse
Num Redshift Qs: 3; Num GCP Qs: 49
Redshift Qs: $0.1804878618594011; GCP Qs: $31.501808166503906; Movement Cost: $0.620713289603591
Final cost: $32.3030093179669, BQ Baseline: $32.40237236022949, Diff: $0.09936304226259551, %: 0.3066536028841925%
Cost of Second Cheapest plan by subset (528000, 0b10000000111010000000): $32.30300937943419
Cost of Third Cheapest plan by subset (543872, 0b10000100110010000000): $32.303009474317335
