Egress: $0.12/GB
Benchmark: tpcds
Data Path: parquet_1000/low_mem
BigQuery Cost: $5/TB; DuckDB Cost: $1.48/hr; Redshift Cost: $1.086/hr
Use Duck: False
Excluded Table: household_demographics
Excluded Query: None

Starting analysis without using DuckDB
Redshift Total: $14.77645024434845, Redshift-Calcite Total: $14.77645024434845, BigQuery Total: $28.376431465148926
Number of keys: 45
Excluding table household_demographics and any queries that depend on it
household_demographics; 8
Optimal Subset: 0b10000000110010000000
Cost of new plan by subset (527488, 0b10000000110010000000): $28.27706842288633
found 4096 plans cheaper than baseline over 8388608 total plans considered
date_dim
inventory
item
warehouse
Num Redshift Qs: 3; Num GCP Qs: 42
Redshift Qs: $0.1804878618594011; GCP Qs: $27.47586727142334; Movement Cost: $0.620713289603591
Final cost: $28.27706842288633, BQ Baseline: $28.376431465148926, Diff: $0.09936304226259551, %: 0.35016045757772674%
Cost of Second Cheapest plan by subset (528000, 0b10000000111010000000): $28.27706848435362
Cost of Third Cheapest plan by subset (543872, 0b10000100110010000000): $28.277068579236765
