Egress: $0.12/GB
Benchmark: tpcds
Data Path: parquet_1000/low_mem
BigQuery Cost: $5/TB; DuckDB Cost: $1.48/hr; Redshift Cost: $1.086/hr
Use Duck: False
Excluded Table: customer_address
Excluded Query: None

Starting analysis without using DuckDB
Redshift Total: $13.826026491404374, Redshift-Calcite Total: $13.826026491404374, BigQuery Total: $28.89608860015869
Number of keys: 45
Excluding table customer_address and any queries that depend on it
customer_address; 5
Optimal Subset: 0b10000000110010000000
Cost of new plan by subset (527488, 0b10000000110010000000): $28.796725557896096
found 4096 plans cheaper than baseline over 8388608 total plans considered
date_dim
inventory
item
warehouse
Num Redshift Qs: 3; Num GCP Qs: 42
Redshift Qs: $0.18048786185940108; GCP Qs: $27.995524406433105; Movement Cost: $0.620713289603591
Final cost: $28.796725557896096, BQ Baseline: $28.89608860015869, Diff: $0.09936304226259551, %: 0.34386329457077397%
Cost of Second Cheapest plan by subset (528000, 0b10000000111010000000): $28.796725619363386
Cost of Third Cheapest plan by subset (543872, 0b10000100110010000000): $28.79672571424653
