Data Starting In: gcp
Egress: $0.0/GB
Benchmark: tpcds
Data Path: parquet_2000/batch_rs1
BigQuery Cost: $6.25/TB; DuckDB Cost: $1.48/hr; Redshift Cost: $1.086/hr
Use Duck: False
Using calcite profiles: False
Excluded Table: customer_address
Excluded Query: None

Starting analysis without using DuckDB
Redshift Total: $9.312804436885912, BigQuery Total: $187.55235075950623
01: $0.09967636585156123
02: $0.5495952197253704
03: $0.9817064178975423
04: $8.416215082836151
05: $3.0163300886742275
07: $2.6774225909308593
09: $8.502832263594867
11: $3.5903131648023923
12: $0.2538029509019852
14: $31.540535032206773
17: $2.066575102887948
20: $0.517343595050176
21: $0.006171314786275228
22: $0.03202358495632807
23: $2.2046830357531704
25: $2.2840587642157075
26: $1.3857572804141045
27: $8.012742426739534
28: $10.114393916885456
29: $2.0361562881326676
32: $1.0352094285285474
34: $1.23890101380229
36: $5.124758544688225
37: $0.13300605406840643
38: $0.7351947686282794
39: $0.012872356765667597
40: $0.8344885978384813
41: $-0.0003614868239561717
42: $0.9816911180237929
43: $1.0001751001433532
44: $1.8902832064553101
47: $1.1304790044124922
49: $3.7093276532773176
50: $1.3518296918110053
51: $1.2288152922884623
52: $0.9818565818440914
53: $1.1858592124962806
55: $0.9816606972050667
57: $0.6084608910775184
58: $1.7545572148915132
59: $0.9410491335642338
62: $0.3182683006020387
63: $1.2286756509804726
65: $1.2266821705770492
66: $1.72760548030138
67: $13.026949843046268
70: $3.8897113580667972
71: $2.187141222111384
72: $1.013263541170756
73: $1.2419288503889243
74: $2.380220405413707
75: $5.626694524134398
76: $2.1805352026100953
77: $2.862357419302066
78: $3.2823005809446175
79: $2.3912809487974642
80: $4.131975552931229
82: $0.26085304001410803
83: $0.13029855892936387
86: $0.7619529788974921
87: $0.7952998988942305
88: $5.3449820168169335
89: $1.2267761427402497
90: $0.38121824163158735
92: $0.5006231746848424
93: $1.585086236135165
96: $0.7368130428636074
97: $1.0421291252366702
98: $0.9812976681685448
99: $0.6281765839993954
!!!!!!: 178.23990780944422
Excluding table customer_address and any queries that depend on it
Total Keys: 70, Keys Considered: 69
[0, 1, 2, 3, 4, 6, 7, 8, 9, 10, 11, 12, 13, 14, 15, 16, 17, 18, 19, 20, 21, 22, 23]
{'07': 137408, '43': 163968, '80': 14915726, '14': 4327560, '37': 3208, '26': 6344, '39': 527488, '52': 133248, '59': 163968, '90': 5505280, '32': 2184, '63': 166016, '28': 131072, '02': 4194440, '77': 7569548, '38': 4325528, '78': 6488204, '20': 2184, '71': 4589704, '09': 139264, '72': 531916, '83': 2164868, '89': 166016, '65': 166016, '04': 4325528, '74': 4325520, '12': 4196480, '17': 231560, '75': 6490252, '87': 4325528, '47': 166016, '49': 6488204, '98': 133248, '29': 231560, '73': 164240, '58': 4327560, '44': 133120, '99': 540809, '21': 527488, '25': 231560, '51': 4325504, '40': 526476, '50': 229504, '55': 133248, '96': 426240, '34': 164240, '05': 14909582, '03': 133248, '79': 164240, '66': 4997256, '23': 4327576, '01': 98448, '76': 4327560, '11': 4325520, '22': 527488, '93': 204800, '57': 2185, '86': 4196480, '82': 134272, '53': 166016, '67': 166016, '88': 426240, '42': 133248, '36': 166016, '70': 163968, '62': 13123712, '97': 131208, '92': 4196480, '27': 166080}
call_center: 0.0009758257921538221, 1.23566164928476
catalog_page: 0.000878532403445136, 7.147427109202012
catalog_returns: 0.29121148384016005, 24.315825033362295
catalog_sales: 3.2706274037523437, 85.03434582609023
customer: 0.008333959673111414, 23.085379575495057
customer_demographics: 0.0012340975877479453, 13.087951741667506
date_dim: 0.0011003264234290492, 149.6831985586379
household_demographics: 0.000838224618361214, 12.347549430853201
income_band: 0.0008170082019421973, -0.0008170082019421973
income_band had no query dependencies
inventory: 0.006159087801130612, 1.4520308039604108
item: 0.0011020876021441276, 105.13677847656257
promotion: 0.001145234775559604, 9.207273730671389
reason: 0.0007875127258491196, 10.087130987004183
ship_mode: 0.0008675223475268536, 2.673182842555287
store: 0.0009451604805098305, 66.79577857345008
store_returns: 0.4931892664440957, 31.68947756078317
store_sales: 4.732585835915693, 162.57750747334728
time_dim: 0.0014380912611424055, 10.37632191246375
warehouse: 0.0009679563843554542, 4.571901804035967
web_page: 0.0008523519875843356, 3.242723308946069
web_returns: 0.13300035575488156, 22.626284022438337
web_sales: 1.603477769711898, 82.53208471673284
web_site: 0.0013117810831578328, 7.465262161124339
['income_band']
1
call_center: 0.0009758237272247338, 1.235661651349689
catalog_page: 0.0008783102640328071, 7.147427331341425
catalog_returns: 0.2832637726360642, 24.32377274456639
customer: 0.00813884963375933, 23.08557468553441
promotion: 0.0011452262873924493, 9.207273739159557
ship_mode: 0.000867521796519997, 2.673182843106294
store_returns: 0.48064447397770554, 31.70202235324956
web_page: 0.0008523485820514462, 3.242723312351602
web_returns: 0.1291475573050365, 22.630136820888183
web_site: 0.0013117779957450605, 7.465262164211751
[]
0
{'14': 4327560, '39': 527488, '28': 131072, '09': 139264, '22': 527488, '67': 166016, '88': 426240, '36': 166016, '27': 166080, '07': 4096, '43': 0, '80': 10555398, '37': 0, '26': 4096, '52': 0, '59': 0, '90': 1048576, '32': 0, '63': 0, '02': 0, '77': 3211268, '38': 16, '78': 2162692, '20': 0, '71': 0, '72': 4100, '89': 0, '65': 0, '04': 16, '74': 16, '12': 0, '17': 65536, '75': 2162692, '87': 16, '47': 0, '49': 2162692, '98': 0, '29': 65536, '73': 16, '58': 0, '44': 0, '99': 16385, '21': 0, '25': 65536, '51': 0, '40': 4, '50': 65536, '55': 0, '96': 0, '34': 16, '05': 10551302, '03': 0, '79': 16, '66': 16384, '23': 16, '76': 0, '11': 16, '93': 65536, '57': 1, '86': 0, '82': 0, '53': 0, '42': 0, '70': 0, '62': 8404992, '97': 0, '92': 0}
{}
{'14': 4327560, '39': 527488, '28': 131072, '09': 139264, '22': 527488, '67': 166016, '88': 426240, '36': 166016, '27': 166080, '07': 4096, '43': 0, '80': 10555398, '37': 0, '26': 4096, '52': 0, '59': 0, '90': 1048576, '32': 0, '63': 0, '02': 0, '77': 3211268, '38': 16, '78': 2162692, '20': 0, '71': 0, '72': 4100, '89': 0, '65': 0, '04': 16, '74': 16, '12': 0, '17': 65536, '75': 2162692, '87': 16, '47': 0, '49': 2162692, '98': 0, '29': 65536, '73': 16, '58': 0, '44': 0, '99': 16385, '21': 0, '25': 65536, '51': 0, '40': 4, '50': 65536, '55': 0, '96': 0, '34': 16, '05': 10551302, '03': 0, '79': 16, '66': 16384, '23': 16, '76': 0, '11': 16, '93': 65536, '57': 1, '86': 0, '82': 0, '53': 0, '42': 0, '70': 0, '62': 8404992, '97': 0, '92': 0}
STARTING PHASE 2: 0b0
----
[]
Function: 20.52435506020859, 9.312383345417182, 5.9604644775390625e-05, 0.6588983391420528, 10.10605083362023, 0.38733895494761283, 0.05962398243673743
{20.52435506020859: []}
Best Cost: $20.52435506020859;
[3, 6, 7, 8, 10, 11, 13, 15, 17, 18, 19, 22, 0, 1, 2, 4, 12, 14, 16, 20, 21, 23]
{'07': 137408, '43': 163968, '80': 14915726, '14': 4327560, '37': 3208, '26': 6344, '39': 527488, '52': 133248, '59': 163968, '90': 5505280, '32': 2184, '63': 166016, '28': 131072, '02': 4194440, '77': 7569548, '38': 4325528, '78': 6488204, '20': 2184, '71': 4589704, '09': 139264, '72': 531916, '83': 2164868, '89': 166016, '65': 166016, '04': 4325528, '74': 4325520, '12': 4196480, '17': 231560, '75': 6490252, '87': 4325528, '47': 166016, '49': 6488204, '98': 133248, '29': 231560, '73': 164240, '58': 4327560, '44': 133120, '99': 540809, '21': 527488, '25': 231560, '51': 4325504, '40': 526476, '50': 229504, '55': 133248, '96': 426240, '34': 164240, '05': 14909582, '03': 133248, '79': 164240, '66': 4997256, '23': 4327576, '01': 98448, '76': 4327560, '11': 4325520, '22': 527488, '93': 204800, '57': 2185, '86': 4196480, '82': 134272, '53': 166016, '67': 166016, '88': 426240, '42': 133248, '36': 166016, '70': 163968, '62': 13123712, '97': 131208, '92': 4196480, '27': 166080}
['41']
Excluding table customer_address and any queries that depend on it
[3, 6, 7, 8, 10, 11, 13, 15, 17, 18, 19, 22, 0, 1, 2, 4, 12, 14, 16, 20, 21, 23]
dict_keys(['07', '43', '80', '14', '37', '26', '39', '52', '59', '90', '32', '63', '28', '02', '77', '38', '78', '20', '71', '09', '72', '83', '89', '65', '04', '74', '12', '17', '75', '87', '47', '49', '98', '29', '73', '58', '44', '99', '21', '25', '51', '40', '50', '55', '96', '34', '05', '03', '79', '66', '23', '01', '76', '11', '22', '93', '57', '86', '82', '53', '67', '88', '42', '36', '70', '62', '97', '92', '27'])
22
Optimal Subset: 0b111111111111110111011111
dict_keys(['07', '43', '80', '14', '37', '26', '39', '52', '59', '90', '32', '63', '28', '02', '77', '38', '78', '20', '71', '09', '72', '83', '89', '65', '04', '74', '12', '17', '75', '87', '47', '49', '98', '29', '73', '58', '44', '99', '21', '25', '51', '40', '50', '55', '96', '34', '05', '03', '79', '66', '23', '01', '76', '11', '22', '93', '57', '86', '82', '53', '67', '88', '42', '36', '70', '62', '97', '92', '27'])
Function: 20.52435506020859, 9.312383345417182, 5.9604644775390625e-05, 0.6588983391420528, 10.10605083362023, 0.38733895494761283, 0.05962398243673743
Real: 20.52435506020859, 9.312383345417182, 5.9604644775390625e-05, 0.6588983391420528, 10.10605083362023, 0.38733895494761283, 0.05962398243673743
outputs_noduck_GCP_0.0_1.086_6.25.json
Num GCP Qs: 69; Num Redshift Qs: 1
PLAN TYPE IS: move
Moved Qs: $9.312383345417182; Stayed Qs: $5.9604644775390625e-05; Migration Cost: $11.211912110146631
Movement Cost: $0.6588983391420528, Load Cost: $10.10605083362023, Storage Cost: $0.38733895494761283, API Cost: $0.05962398243673743
Final cost: $20.52435506020859, Baseline: $187.55235075950623, Diff: $167.02799569929763, %: 89.05673270577851%
