Data Starting In: gcp
Egress: $0.0/GB
Benchmark: tpcds
Data Path: parquet_2000/batch_rs1
BigQuery Cost: $6.25/TB; DuckDB Cost: $1.48/hr; Redshift Cost: $1.086/hr
Use Duck: False
Using calcite profiles: False
Excluded Table: catalog_page
Excluded Query: None

Starting analysis without using DuckDB
Redshift Total: $10.733453241600996, BigQuery Total: $237.12278008460999
01: $0.09967636585156123
02: $0.5495952197253704
03: $0.9817064178975423
04: $8.416215082836151
06: $0.7444704184389115
07: $2.6774225909308593
08: $0.972982664633592
09: $8.502832263594867
10: $0.8733947785552343
11: $3.5903131648023923
12: $0.2538029509019852
13: $3.394577400420904
14: $31.540535032206773
15: $0.5139698060822487
16: $1.3385510518030326
17: $2.066575102887948
18: $8.312489894177517
19: $1.471469503786564
20: $0.517343595050176
21: $0.006171314786275228
22: $0.03202358495632807
23: $2.2046830357531704
24: $3.035313518322309
25: $2.2840587642157075
26: $1.3857572804141045
27: $8.012742426739534
28: $10.114393916885456
29: $2.0361562881326676
30: $0.03152027308424314
31: $3.6661184598493577
32: $1.0352094285285474
33: $2.2431871054748695
34: $1.23890101380229
35: $0.869811235601902
36: $5.124758544688225
37: $0.13300605406840643
38: $0.7351947686282794
39: $0.012872356765667597
40: $0.8344885978384813
41: $-0.0003614868239561717
42: $0.9816911180237929
43: $1.0001751001433532
44: $1.8902832064553101
45: $0.31676777951041857
46: $2.443653135098616
47: $1.1304790044124922
48: $2.1824029066793122
49: $3.7093276532773176
50: $1.3518296918110053
51: $1.2288152922884623
52: $0.9818565818440914
53: $1.1858592124962806
54: $1.5562031721969445
55: $0.9816606972050667
56: $2.2433921766714255
57: $0.6084608910775184
58: $1.7545572148915132
59: $0.9410491335642338
60: $2.2435616981732847
61: $3.2763913384465377
62: $0.3182683006020387
63: $1.2286756509804726
64: $7.754191768913667
65: $1.2266821705770492
66: $1.72760548030138
67: $13.026949843046268
68: $2.9235895582393807
69: $0.8426607480617364
70: $3.8897113580667972
71: $2.187141222111384
72: $1.013263541170756
73: $1.2419288503889243
74: $2.380220405413707
75: $5.626694524134398
76: $2.1805352026100953
77: $2.862357419302066
78: $3.2823005809446175
79: $2.3912809487974642
81: $0.03853527842839559
82: $0.26085304001410803
83: $0.13029855892936387
84: $0.022277391700347263
85: $0.6295003655250867
86: $0.7619529788974921
87: $0.7952998988942305
88: $5.3449820168169335
89: $1.2267761427402497
90: $0.38121824163158735
91: $0.06426233013391494
92: $0.5006231746848424
93: $1.585086236135165
94: $0.6488971478617191
95: $0.6439432561226686
96: $0.7368130428636074
97: $1.0421291252366702
98: $0.9812976681685448
99: $0.6281765839993954
!!!!!!: 226.38968832983286
Excluding table catalog_page and any queries that depend on it
Total Keys: 97, Keys Considered: 96
[0, 2, 3, 4, 5, 6, 7, 8, 9, 10, 11, 12, 13, 14, 15, 16, 17, 18, 19, 20, 21, 22, 23]
{'48': 164064, '56': 4327592, '24': 231472, '29': 231560, '21': 527488, '89': 166016, '40': 526476, '11': 4325520, '72': 531916, '95': 14680224, '49': 6488204, '57': 2185, '26': 6344, '66': 4997256, '31': 4325536, '19': 166064, '65': 166016, '90': 5505280, '16': 173, '03': 133248, '46': 164272, '55': 133248, '42': 133248, '25': 231560, '70': 163968, '78': 6488204, '81': 180, '63': 166016, '04': 4325528, '88': 426240, '17': 231560, '12': 4196480, '45': 4196528, '35': 4325624, '22': 527488, '97': 131208, '08': 164016, '13': 164320, '07': 137408, '36': 166016, '75': 6490252, '09': 139264, '39': 527488, '92': 4196480, '43': 163968, '64': 236540, '02': 4194440, '59': 163968, '51': 4325504, '33': 4327592, '85': 7348448, '47': 166016, '94': 14680224, '34': 164240, '79': 164240, '27': 166080, '28': 131072, '32': 2184, '18': 2296, '60': 4327592, '54': 4360376, '50': 229504, '10': 4325624, '37': 3208, '73': 164240, '82': 134272, '20': 2184, '67': 166016, '77': 7569548, '52': 133248, '84': 66416, '14': 4327560, '99': 540809, '62': 13123712, '06': 133296, '38': 4325528, '96': 426240, '98': 133248, '58': 4327560, '61': 170160, '01': 98448, '30': 2097328, '44': 133120, '15': 184, '76': 4327560, '91': 501, '23': 4327576, '68': 164272, '74': 4325520, '93': 204800, '87': 4325528, '86': 4196480, '83': 2164868, '71': 4589704, '69': 4325624, '53': 166016}
call_center: 0.000975826043130329, 2.6384750309707314
catalog_returns: 0.2921774680024444, 26.362093836873566
catalog_sales: 3.2796017635098575, 106.66847926043913
customer: 0.008357673822138326, 59.14931045475852
customer_address: 0.0056254040601192955, 55.292460757934016
customer_demographics: 0.0012344720575588693, 38.03352018696732
date_dim: 0.0011003992206340602, 194.77538809620668
household_demographics: 0.0008382259216136259, 28.950101014056777
income_band: 0.0008170082273980006, 7.775652152386616
inventory: 0.006169294463300592, 1.452020597298241
item: 0.0011022877865823981, 134.20224109755935
promotion: 0.0011452358072320977, 16.10588128406869
reason: 0.0007875127772998811, 10.716631352477817
ship_mode: 0.0008675224144975679, 2.6731828424883166
store: 0.0009451614297301683, 88.65824789763326
store_returns: 0.49471399105102803, 35.351429873507115
store_sales: 4.7445277124452225, 198.1546315427768
time_dim: 0.0014381364987238738, 10.376321867226169
warehouse: 0.000967956482289052, 4.571901803938034
web_page: 0.0008523524015010912, 3.8722236740572393
web_returns: 0.13346863425512523, 17.43137114492636
web_sales: 1.6079985674118404, 92.15669620103208
web_site: 0.001311781458409495, 1.6097969231280167
[]
0
call_center: 0.0009758239437137644, 2.638475033070148
catalog_returns: 0.2840970178564497, 26.37017428701956
income_band: 0.0008170080144603992, 7.7756521525995534
promotion: 0.0011452271772995595, 16.105881292698623
ship_mode: 0.0008675218542880535, 2.673182843048526
store_returns: 0.4819596813493524, 35.36418418320879
web_page: 0.0008523489390905899, 3.8722236775196497
web_returns: 0.12955148817406298, 17.43528829100742
web_site: 0.001311778319432204, 1.609796926266994
[]
0
{'88': 426240, '22': 527488, '36': 166016, '09': 139264, '39': 527488, '27': 166080, '28': 131072, '18': 2296, '67': 166016, '14': 4327560, '48': 0, '56': 0, '24': 65536, '29': 65536, '21': 0, '89': 0, '40': 4, '11': 0, '72': 4100, '95': 10485760, '49': 2162692, '57': 1, '26': 4096, '66': 16384, '31': 0, '19': 0, '65': 0, '90': 1048576, '16': 5, '03': 0, '46': 0, '55': 0, '42': 0, '25': 65536, '70': 0, '78': 2162692, '63': 0, '04': 0, '17': 65536, '12': 0, '45': 0, '35': 0, '97': 0, '08': 0, '13': 0, '07': 4096, '75': 2162692, '92': 0, '43': 0, '64': 70148, '02': 0, '59': 0, '51': 0, '33': 0, '85': 3145728, '47': 0, '94': 10485760, '34': 0, '79': 0, '32': 0, '60': 0, '54': 0, '50': 65536, '10': 0, '37': 0, '73': 0, '82': 0, '20': 0, '77': 3211268, '52': 0, '99': 16385, '62': 8404992, '06': 0, '38': 0, '96': 0, '98': 0, '58': 0, '61': 4096, '44': 0, '15': 0, '76': 0, '23': 0, '68': 0, '74': 0, '93': 65536, '87': 0, '86': 0, '71': 0, '69': 0, '53': 0}
{}
{'88': 426240, '22': 527488, '36': 166016, '09': 139264, '39': 527488, '27': 166080, '28': 131072, '18': 2296, '67': 166016, '14': 4327560, '48': 0, '56': 0, '24': 65536, '29': 65536, '21': 0, '89': 0, '40': 4, '11': 0, '72': 4100, '95': 10485760, '49': 2162692, '57': 1, '26': 4096, '66': 16384, '31': 0, '19': 0, '65': 0, '90': 1048576, '16': 5, '03': 0, '46': 0, '55': 0, '42': 0, '25': 65536, '70': 0, '78': 2162692, '63': 0, '04': 0, '17': 65536, '12': 0, '45': 0, '35': 0, '97': 0, '08': 0, '13': 0, '07': 4096, '75': 2162692, '92': 0, '43': 0, '64': 70148, '02': 0, '59': 0, '51': 0, '33': 0, '85': 3145728, '47': 0, '94': 10485760, '34': 0, '79': 0, '32': 0, '60': 0, '54': 0, '50': 65536, '10': 0, '37': 0, '73': 0, '82': 0, '20': 0, '77': 3211268, '52': 0, '99': 16385, '62': 8404992, '06': 0, '38': 0, '96': 0, '98': 0, '58': 0, '61': 4096, '44': 0, '15': 0, '76': 0, '23': 0, '68': 0, '74': 0, '93': 65536, '87': 0, '86': 0, '71': 0, '69': 0, '53': 0}
STARTING PHASE 2: 0b0
----
[]
Function: 21.97912989185265, 10.733032150132264, 5.9604644775390625e-05, 0.659013749527939, 10.111521453897554, 0.41585854621441914, 0.059644387435701496
{21.97912989185265: []}
Best Cost: $21.97912989185265;
[3, 4, 5, 6, 7, 8, 10, 11, 13, 15, 17, 18, 19, 22, 0, 2, 9, 12, 14, 16, 20, 21, 23]
{'48': 164064, '56': 4327592, '24': 231472, '29': 231560, '21': 527488, '89': 166016, '40': 526476, '11': 4325520, '72': 531916, '95': 14680224, '49': 6488204, '57': 2185, '26': 6344, '66': 4997256, '31': 4325536, '19': 166064, '65': 166016, '90': 5505280, '16': 173, '03': 133248, '46': 164272, '55': 133248, '42': 133248, '25': 231560, '70': 163968, '78': 6488204, '81': 180, '63': 166016, '04': 4325528, '88': 426240, '17': 231560, '12': 4196480, '45': 4196528, '35': 4325624, '22': 527488, '97': 131208, '08': 164016, '13': 164320, '07': 137408, '36': 166016, '75': 6490252, '09': 139264, '39': 527488, '92': 4196480, '43': 163968, '64': 236540, '02': 4194440, '59': 163968, '51': 4325504, '33': 4327592, '85': 7348448, '47': 166016, '94': 14680224, '34': 164240, '79': 164240, '27': 166080, '28': 131072, '32': 2184, '18': 2296, '60': 4327592, '54': 4360376, '50': 229504, '10': 4325624, '37': 3208, '73': 164240, '82': 134272, '20': 2184, '67': 166016, '77': 7569548, '52': 133248, '84': 66416, '14': 4327560, '99': 540809, '62': 13123712, '06': 133296, '38': 4325528, '96': 426240, '98': 133248, '58': 4327560, '61': 170160, '01': 98448, '30': 2097328, '44': 133120, '15': 184, '76': 4327560, '91': 501, '23': 4327576, '68': 164272, '74': 4325520, '93': 204800, '87': 4325528, '86': 4196480, '83': 2164868, '71': 4589704, '69': 4325624, '53': 166016}
['41']
Excluding table catalog_page and any queries that depend on it
[3, 4, 5, 6, 7, 8, 10, 11, 13, 15, 17, 18, 19, 22, 0, 2, 9, 12, 14, 16, 20, 21, 23]
dict_keys(['48', '56', '24', '29', '21', '89', '40', '11', '72', '95', '49', '57', '26', '66', '31', '19', '65', '90', '16', '03', '46', '55', '42', '25', '70', '78', '81', '63', '04', '88', '17', '12', '45', '35', '22', '97', '08', '13', '07', '36', '75', '09', '39', '92', '43', '64', '02', '59', '51', '33', '85', '47', '94', '34', '79', '27', '28', '32', '18', '60', '54', '50', '10', '37', '73', '82', '20', '67', '77', '52', '84', '14', '99', '62', '06', '38', '96', '98', '58', '61', '01', '30', '44', '15', '76', '91', '23', '68', '74', '93', '87', '86', '83', '71', '69', '53'])
23
Optimal Subset: 0b111111111111111111111101
dict_keys(['48', '56', '24', '29', '21', '89', '40', '11', '72', '95', '49', '57', '26', '66', '31', '19', '65', '90', '16', '03', '46', '55', '42', '25', '70', '78', '81', '63', '04', '88', '17', '12', '45', '35', '22', '97', '08', '13', '07', '36', '75', '09', '39', '92', '43', '64', '02', '59', '51', '33', '85', '47', '94', '34', '79', '27', '28', '32', '18', '60', '54', '50', '10', '37', '73', '82', '20', '67', '77', '52', '84', '14', '99', '62', '06', '38', '96', '98', '58', '61', '01', '30', '44', '15', '76', '91', '23', '68', '74', '93', '87', '86', '83', '71', '69', '53'])
Function: 21.97912989185265, 10.733032150132264, 5.9604644775390625e-05, 0.659013749527939, 10.111521453897554, 0.41585854621441914, 0.059644387435701496
Real: 21.97912989185265, 10.733032150132264, 5.9604644775390625e-05, 0.659013749527939, 10.111521453897554, 0.41585854621441914, 0.059644387435701496
outputs_noduck_GCP_0.0_1.086_6.25.json
Num GCP Qs: 96; Num Redshift Qs: 1
PLAN TYPE IS: move
Moved Qs: $10.733032150132264; Stayed Qs: $5.9604644775390625e-05; Migration Cost: $11.246038137075614
Movement Cost: $0.659013749527939, Load Cost: $10.111521453897554, Storage Cost: $0.41585854621441914, API Cost: $0.059644387435701496
Final cost: $21.97912989185265, Baseline: $237.12278008460999, Diff: $215.14365019275732, %: 90.73090747164397%
