Data Starting In: gcp
Egress: $0.0/GB
Benchmark: tpcds
Data Path: parquet_2000/batch_rs1
BigQuery Cost: $6.25/TB; DuckDB Cost: $1.48/hr; Redshift Cost: $1.086/hr
Use Duck: False
Using calcite profiles: False
Excluded Table: income_band
Excluded Query: None

Starting analysis without using DuckDB
Redshift Total: $10.496616274235649, BigQuery Total: $236.25777959823608
01: $0.09967636585156123
02: $0.5495952197253704
03: $0.9817064178975423
04: $8.416215082836151
05: $3.0163300886742275
06: $0.7444704184389115
07: $2.6774225909308593
08: $0.972982664633592
09: $8.502832263594867
10: $0.8733947785552343
11: $3.5903131648023923
12: $0.2538029509019852
13: $3.394577400420904
14: $31.540535032206773
15: $0.5139698060822487
16: $1.3385510518030326
17: $2.066575102887948
18: $8.312489894177517
19: $1.471469503786564
20: $0.517343595050176
21: $0.006171314786275228
22: $0.03202358495632807
23: $2.2046830357531704
24: $3.035313518322309
25: $2.2840587642157075
26: $1.3857572804141045
27: $8.012742426739534
28: $10.114393916885456
29: $2.0361562881326676
30: $0.03152027308424314
31: $3.6661184598493577
32: $1.0352094285285474
33: $2.2431871054748695
34: $1.23890101380229
35: $0.869811235601902
36: $5.124758544688225
37: $0.13300605406840643
38: $0.7351947686282794
39: $0.012872356765667597
40: $0.8344885978384813
41: $-0.0003614868239561717
42: $0.9816911180237929
43: $1.0001751001433532
44: $1.8902832064553101
45: $0.31676777951041857
46: $2.443653135098616
47: $1.1304790044124922
48: $2.1824029066793122
49: $3.7093276532773176
50: $1.3518296918110053
51: $1.2288152922884623
52: $0.9818565818440914
53: $1.1858592124962806
54: $1.5562031721969445
55: $0.9816606972050667
56: $2.2433921766714255
57: $0.6084608910775184
58: $1.7545572148915132
59: $0.9410491335642338
60: $2.2435616981732847
61: $3.2763913384465377
62: $0.3182683006020387
63: $1.2286756509804726
65: $1.2266821705770492
66: $1.72760548030138
67: $13.026949843046268
68: $2.9235895582393807
69: $0.8426607480617364
70: $3.8897113580667972
71: $2.187141222111384
72: $1.013263541170756
73: $1.2419288503889243
74: $2.380220405413707
75: $5.626694524134398
76: $2.1805352026100953
77: $2.862357419302066
78: $3.2823005809446175
79: $2.3912809487974642
80: $4.131975552931229
81: $0.03853527842839559
82: $0.26085304001410803
83: $0.13029855892936387
85: $0.6295003655250867
86: $0.7619529788974921
87: $0.7952998988942305
88: $5.3449820168169335
89: $1.2267761427402497
90: $0.38121824163158735
91: $0.06426233013391494
92: $0.5006231746848424
93: $1.585086236135165
94: $0.6488971478617191
95: $0.6439432561226686
96: $0.7368130428636074
97: $1.0421291252366702
98: $0.9812976681685448
99: $0.6281765839993954
!!!!!!: 225.76152481082426
Excluding table income_band and any queries that depend on it
Total Keys: 97, Keys Considered: 96
[0, 1, 2, 3, 4, 5, 6, 7, 8, 10, 11, 12, 13, 14, 15, 16, 17, 18, 19, 20, 21, 22, 23]
{'23': 4327576, '71': 4589704, '46': 164272, '83': 2164868, '17': 231560, '88': 426240, '26': 6344, '93': 204800, '34': 164240, '76': 4327560, '65': 166016, '56': 4327592, '82': 134272, '68': 164272, '62': 13123712, '69': 4325624, '63': 166016, '58': 4327560, '74': 4325520, '92': 4196480, '53': 166016, '90': 5505280, '91': 501, '57': 2185, '80': 14915726, '32': 2184, '79': 164240, '03': 133248, '96': 426240, '24': 231472, '07': 137408, '97': 131208, '59': 163968, '73': 164240, '30': 2097328, '42': 133248, '08': 164016, '28': 131072, '14': 4327560, '61': 170160, '47': 166016, '06': 133296, '81': 180, '01': 98448, '27': 166080, '49': 6488204, '89': 166016, '60': 4327592, '35': 4325624, '05': 14909582, '36': 166016, '66': 4997256, '54': 4360376, '29': 231560, '04': 4325528, '12': 4196480, '38': 4325528, '40': 526476, '25': 231560, '50': 229504, '22': 527488, '16': 173, '87': 4325528, '21': 527488, '45': 4196528, '72': 531916, '10': 4325624, '95': 14680224, '94': 14680224, '20': 2184, '67': 166016, '43': 163968, '18': 2296, '19': 166064, '52': 133248, '77': 7569548, '86': 4196480, '99': 540809, '02': 4194440, '13': 164320, '98': 133248, '39': 527488, '48': 164064, '11': 4325520, '55': 133248, '70': 163968, '78': 6488204, '31': 4325536, '37': 3208, '33': 4327592, '85': 7348448, '51': 4325504, '09': 139264, '44': 133120, '75': 6490252, '15': 184}
call_center: 0.0009758260014375889, 2.638475031012424
catalog_page: 0.0008785549176192282, 7.147427086687838
catalog_returns: 0.29201699670169307, 25.756368180866104
catalog_sales: 3.278110924177365, 106.06408397246342
customer: 0.008353734378316017, 51.37284523358833
customer_address: 0.005624572321329987, 47.515992429058805
customer_demographics: 0.0012344098498540256, 30.257051088561006
date_dim: 0.0011003871274107599, 194.16950198099164
household_demographics: 0.000838225705114621, 21.173631853659263
inventory: 0.006167598911325007, 1.4520222928502164
item: 0.001102254531526618, 130.580024914832
promotion: 0.0011452356358485146, 12.48366506825764
reason: 0.0007875127687527734, 10.716631352486365
ship_mode: 0.0008675224033722534, 2.673182842499442
store: 0.000945161272043709, 88.05236177048272
store_returns: 0.49446070062400566, 34.72351964492558
store_sales: 4.742543903046554, 197.55072922486724
time_dim: 0.0014381289837626307, 10.376321874741128
warehouse: 0.0009679564660201187, 4.571901803954302
web_page: 0.0008523523327403777, 3.872223674126
web_returns: 0.13339084285545025, 24.57975457793148
web_sales: 1.6072475630831282, 99.30575284696624
web_site: 0.0013117813960719074, 8.758102564795811
[]
0
call_center: 0.0009758239020210243, 2.63847503311184
catalog_page: 0.0008783290681387062, 7.147427312537318
catalog_returns: 0.28393654655569844, 25.7644486310121
promotion: 0.0011452270059159764, 12.483665076887572
ship_mode: 0.000867521843162739, 2.673182843059651
store_returns: 0.48170639092233003, 34.73627395462725
web_page: 0.0008523488703298765, 3.8722236775884102
web_returns: 0.12947369677438803, 24.583671724012547
web_site: 0.0013117782570946162, 8.758102567934788
[]
0
{'88': 426240, '28': 131072, '14': 4327560, '27': 166080, '36': 166016, '22': 527488, '67': 166016, '18': 2296, '39': 527488, '09': 139264, '23': 0, '71': 0, '46': 0, '17': 65536, '26': 4096, '93': 65536, '34': 0, '76': 0, '65': 0, '56': 0, '82': 0, '68': 0, '62': 8404992, '69': 0, '63': 0, '58': 0, '74': 0, '92': 0, '53': 0, '90': 1048576, '57': 1, '80': 10555398, '32': 0, '79': 0, '03': 0, '96': 0, '24': 65536, '07': 4096, '97': 0, '59': 0, '73': 0, '42': 0, '08': 0, '61': 4096, '47': 0, '06': 0, '49': 2162692, '89': 0, '60': 0, '35': 0, '05': 10551302, '66': 16384, '54': 0, '29': 65536, '04': 0, '12': 0, '38': 0, '40': 4, '25': 65536, '50': 65536, '16': 5, '87': 0, '21': 0, '45': 0, '72': 4100, '10': 0, '95': 10485760, '94': 10485760, '20': 0, '43': 0, '19': 0, '52': 0, '77': 3211268, '86': 0, '99': 16385, '02': 0, '13': 0, '98': 0, '48': 0, '11': 0, '55': 0, '70': 0, '78': 2162692, '31': 0, '37': 0, '33': 0, '85': 3145728, '51': 0, '44': 0, '75': 2162692, '15': 0}
{}
{'88': 426240, '28': 131072, '14': 4327560, '27': 166080, '36': 166016, '22': 527488, '67': 166016, '18': 2296, '39': 527488, '09': 139264, '23': 0, '71': 0, '46': 0, '17': 65536, '26': 4096, '93': 65536, '34': 0, '76': 0, '65': 0, '56': 0, '82': 0, '68': 0, '62': 8404992, '69': 0, '63': 0, '58': 0, '74': 0, '92': 0, '53': 0, '90': 1048576, '57': 1, '80': 10555398, '32': 0, '79': 0, '03': 0, '96': 0, '24': 65536, '07': 4096, '97': 0, '59': 0, '73': 0, '42': 0, '08': 0, '61': 4096, '47': 0, '06': 0, '49': 2162692, '89': 0, '60': 0, '35': 0, '05': 10551302, '66': 16384, '54': 0, '29': 65536, '04': 0, '12': 0, '38': 0, '40': 4, '25': 65536, '50': 65536, '16': 5, '87': 0, '21': 0, '45': 0, '72': 4100, '10': 0, '95': 10485760, '94': 10485760, '20': 0, '43': 0, '19': 0, '52': 0, '77': 3211268, '86': 0, '99': 16385, '02': 0, '13': 0, '98': 0, '48': 0, '11': 0, '55': 0, '70': 0, '78': 2162692, '31': 0, '37': 0, '33': 0, '85': 3145728, '51': 0, '44': 0, '75': 2162692, '15': 0}
STARTING PHASE 2: 0b0
----
[]
Function: 21.737631307567455, 10.496195182766916, 5.9604644775390625e-05, 0.6590143746650233, 10.111582554231484, 0.4111351474633707, 0.05964444379588665
{21.737631307567455: []}
Best Cost: $21.737631307567455;
[3, 4, 5, 6, 7, 8, 10, 11, 13, 15, 17, 18, 19, 22, 0, 1, 2, 12, 14, 16, 20, 21, 23]
{'23': 4327576, '71': 4589704, '46': 164272, '83': 2164868, '17': 231560, '88': 426240, '26': 6344, '93': 204800, '34': 164240, '76': 4327560, '65': 166016, '56': 4327592, '82': 134272, '68': 164272, '62': 13123712, '69': 4325624, '63': 166016, '58': 4327560, '74': 4325520, '92': 4196480, '53': 166016, '90': 5505280, '91': 501, '57': 2185, '80': 14915726, '32': 2184, '79': 164240, '03': 133248, '96': 426240, '24': 231472, '07': 137408, '97': 131208, '59': 163968, '73': 164240, '30': 2097328, '42': 133248, '08': 164016, '28': 131072, '14': 4327560, '61': 170160, '47': 166016, '06': 133296, '81': 180, '01': 98448, '27': 166080, '49': 6488204, '89': 166016, '60': 4327592, '35': 4325624, '05': 14909582, '36': 166016, '66': 4997256, '54': 4360376, '29': 231560, '04': 4325528, '12': 4196480, '38': 4325528, '40': 526476, '25': 231560, '50': 229504, '22': 527488, '16': 173, '87': 4325528, '21': 527488, '45': 4196528, '72': 531916, '10': 4325624, '95': 14680224, '94': 14680224, '20': 2184, '67': 166016, '43': 163968, '18': 2296, '19': 166064, '52': 133248, '77': 7569548, '86': 4196480, '99': 540809, '02': 4194440, '13': 164320, '98': 133248, '39': 527488, '48': 164064, '11': 4325520, '55': 133248, '70': 163968, '78': 6488204, '31': 4325536, '37': 3208, '33': 4327592, '85': 7348448, '51': 4325504, '09': 139264, '44': 133120, '75': 6490252, '15': 184}
['41']
Excluding table income_band and any queries that depend on it
[3, 4, 5, 6, 7, 8, 10, 11, 13, 15, 17, 18, 19, 22, 0, 1, 2, 12, 14, 16, 20, 21, 23]
dict_keys(['23', '71', '46', '83', '17', '88', '26', '93', '34', '76', '65', '56', '82', '68', '62', '69', '63', '58', '74', '92', '53', '90', '91', '57', '80', '32', '79', '03', '96', '24', '07', '97', '59', '73', '30', '42', '08', '28', '14', '61', '47', '06', '81', '01', '27', '49', '89', '60', '35', '05', '36', '66', '54', '29', '04', '12', '38', '40', '25', '50', '22', '16', '87', '21', '45', '72', '10', '95', '94', '20', '67', '43', '18', '19', '52', '77', '86', '99', '02', '13', '98', '39', '48', '11', '55', '70', '78', '31', '37', '33', '85', '51', '09', '44', '75', '15'])
23
Optimal Subset: 0b111111111111110111111111
dict_keys(['23', '71', '46', '83', '17', '88', '26', '93', '34', '76', '65', '56', '82', '68', '62', '69', '63', '58', '74', '92', '53', '90', '91', '57', '80', '32', '79', '03', '96', '24', '07', '97', '59', '73', '30', '42', '08', '28', '14', '61', '47', '06', '81', '01', '27', '49', '89', '60', '35', '05', '36', '66', '54', '29', '04', '12', '38', '40', '25', '50', '22', '16', '87', '21', '45', '72', '10', '95', '94', '20', '67', '43', '18', '19', '52', '77', '86', '99', '02', '13', '98', '39', '48', '11', '55', '70', '78', '31', '37', '33', '85', '51', '09', '44', '75', '15'])
Function: 21.737631307567455, 10.496195182766916, 5.9604644775390625e-05, 0.6590143746650233, 10.111582554231484, 0.4111351474633707, 0.05964444379588665
Real: 21.737631307567455, 10.496195182766916, 5.9604644775390625e-05, 0.6590143746650233, 10.111582554231484, 0.4111351474633707, 0.05964444379588665
outputs_noduck_GCP_0.0_1.086_6.25.json
Num GCP Qs: 96; Num Redshift Qs: 1
PLAN TYPE IS: move
Moved Qs: $10.496195182766916; Stayed Qs: $5.9604644775390625e-05; Migration Cost: $11.241376520155764
Movement Cost: $0.6590143746650233, Load Cost: $10.111582554231484, Storage Cost: $0.4111351474633707, API Cost: $0.05964444379588665
Final cost: $21.737631307567455, Baseline: $236.25777959823608, Diff: $214.52014829066863, %: 90.79918919726877%
