Data Starting In: gcp
Egress: $0.0/GB
Benchmark: tpcds
Data Path: parquet_2000/batch_rs1
BigQuery Cost: $6.25/TB; DuckDB Cost: $1.48/hr; Redshift Cost: $1.086/hr
Use Duck: False
Using calcite profiles: False
Excluded Table: promotion
Excluded Query: None

Starting analysis without using DuckDB
Redshift Total: $10.125732724484205, BigQuery Total: $223.4243631362915
01: $0.09967636585156123
02: $0.5495952197253704
03: $0.9817064178975423
04: $8.416215082836151
05: $3.0163300886742275
06: $0.7444704184389115
08: $0.972982664633592
09: $8.502832263594867
10: $0.8733947785552343
11: $3.5903131648023923
12: $0.2538029509019852
13: $3.394577400420904
14: $31.540535032206773
15: $0.5139698060822487
16: $1.3385510518030326
17: $2.066575102887948
18: $8.312489894177517
19: $1.471469503786564
20: $0.517343595050176
21: $0.006171314786275228
22: $0.03202358495632807
23: $2.2046830357531704
24: $3.035313518322309
25: $2.2840587642157075
27: $8.012742426739534
28: $10.114393916885456
29: $2.0361562881326676
30: $0.03152027308424314
31: $3.6661184598493577
32: $1.0352094285285474
33: $2.2431871054748695
34: $1.23890101380229
35: $0.869811235601902
36: $5.124758544688225
37: $0.13300605406840643
38: $0.7351947686282794
39: $0.012872356765667597
40: $0.8344885978384813
41: $-0.0003614868239561717
42: $0.9816911180237929
43: $1.0001751001433532
44: $1.8902832064553101
45: $0.31676777951041857
46: $2.443653135098616
47: $1.1304790044124922
48: $2.1824029066793122
49: $3.7093276532773176
50: $1.3518296918110053
51: $1.2288152922884623
52: $0.9818565818440914
53: $1.1858592124962806
54: $1.5562031721969445
55: $0.9816606972050667
56: $2.2433921766714255
57: $0.6084608910775184
58: $1.7545572148915132
59: $0.9410491335642338
60: $2.2435616981732847
62: $0.3182683006020387
63: $1.2286756509804726
65: $1.2266821705770492
66: $1.72760548030138
67: $13.026949843046268
68: $2.9235895582393807
69: $0.8426607480617364
70: $3.8897113580667972
71: $2.187141222111384
73: $1.2419288503889243
74: $2.380220405413707
75: $5.626694524134398
76: $2.1805352026100953
77: $2.862357419302066
78: $3.2823005809446175
79: $2.3912809487974642
81: $0.03853527842839559
82: $0.26085304001410803
83: $0.13029855892936387
84: $0.022277391700347263
85: $0.6295003655250867
86: $0.7619529788974921
87: $0.7952998988942305
88: $5.3449820168169335
89: $1.2267761427402497
90: $0.38121824163158735
91: $0.06426233013391494
92: $0.5006231746848424
93: $1.585086236135165
94: $0.6488971478617191
95: $0.6439432561226686
96: $0.7368130428636074
97: $1.0421291252366702
98: $0.9812976681685448
99: $0.6281765839993954
!!!!!!: 213.2989918986313
Excluding table promotion and any queries that depend on it
Total Keys: 93, Keys Considered: 92
[0, 1, 2, 3, 4, 5, 6, 7, 8, 9, 10, 11, 13, 14, 15, 16, 17, 18, 19, 20, 21, 22, 23]
{'63': 166016, '24': 231472, '11': 4325520, '68': 164272, '82': 134272, '57': 2185, '93': 204800, '89': 166016, '16': 173, '92': 4196480, '85': 7348448, '75': 6490252, '45': 4196528, '58': 4327560, '84': 66416, '20': 2184, '23': 4327576, '32': 2184, '27': 166080, '33': 4327592, '36': 166016, '21': 527488, '86': 4196480, '65': 166016, '99': 540809, '09': 139264, '77': 7569548, '76': 4327560, '48': 164064, '44': 133120, '01': 98448, '02': 4194440, '98': 133248, '19': 166064, '12': 4196480, '47': 166016, '78': 6488204, '74': 4325520, '53': 166016, '52': 133248, '39': 527488, '13': 164320, '79': 164240, '03': 133248, '55': 133248, '37': 3208, '46': 164272, '31': 4325536, '30': 2097328, '35': 4325624, '43': 163968, '38': 4325528, '17': 231560, '50': 229504, '81': 180, '73': 164240, '25': 231560, '94': 14680224, '88': 426240, '95': 14680224, '59': 163968, '15': 184, '83': 2164868, '06': 133296, '28': 131072, '40': 526476, '70': 163968, '04': 4325528, '91': 501, '66': 4997256, '08': 164016, '05': 14909582, '29': 231560, '96': 426240, '90': 5505280, '54': 4360376, '18': 2296, '87': 4325528, '56': 4327592, '10': 4325624, '14': 4327560, '60': 4327592, '42': 133248, '97': 131208, '71': 4589704, '34': 164240, '51': 4325504, '49': 6488204, '67': 166016, '22': 527488, '62': 13123712, '69': 4325624}
call_center: 0.0009758259360726698, 2.638475031077789
catalog_page: 0.0008785478858403568, 3.015451540788387
catalog_returns: 0.29176541348584173, 20.611380669979972
catalog_sales: 3.275773620548429, 99.53542490157623
customer: 0.008347558208864896, 48.11873746301158
customer_address: 0.0056232683403789835, 44.26187978629356
customer_demographics: 0.0012343123220446164, 25.202885165273443
date_dim: 0.00110036816793331, 181.68469169605774
household_demographics: 0.000838225365692459, 20.182645704528277
income_band: 0.0008170082165394596, 0.021460383483807802
inventory: 0.006164940663920868, 0.4387614099268645
item: 0.0011022023950147477, 118.09521466307497
reason: 0.0007875127553528146, 10.716631352499764
ship_mode: 0.000867522385930241, 2.673182842516884
store: 0.0009451610248265035, 80.64399487935215
store_returns: 0.49406359771603187, 30.614218586602668
store_sales: 4.7394337322819595, 187.46804991332328
time_dim: 0.0014381172019791734, 10.376321886522913
warehouse: 0.0009679564405140593, 3.558638262809052
web_page: 0.0008523522249389121, 3.872223674233801
web_returns: 0.13326888328757625, 20.44790098456813
web_sales: 1.6060701557632449, 95.17495470135486
web_site: 0.0013117812983404707, 4.626127011962314
[]
0
call_center: 0.0009758238366561052, 2.6384750331772056
catalog_page: 0.0008783220363598348, 3.0154517666378675
catalog_returns: 0.2836849633398471, 20.619461120125965
income_band: 0.000817008003601858, 0.021460383696745404
ship_mode: 0.0008675218257207266, 2.673182843077093
store_returns: 0.48130928801435624, 30.626972896304345
web_page: 0.0008523487625284108, 3.872223677696212
web_returns: 0.129351737206514, 20.451818130649194
web_site: 0.0013117781593631795, 4.626127015101291
[]
0
income_band: 0.0008170078565765762, 0.02146038384377069
[]
0
{'27': 166080, '36': 166016, '09': 139264, '39': 527488, '88': 426240, '28': 131072, '18': 2296, '14': 4327560, '67': 166016, '22': 527488, '63': 0, '24': 65536, '11': 0, '68': 0, '82': 0, '57': 1, '93': 65536, '89': 0, '16': 5, '92': 0, '85': 3145728, '75': 2162692, '45': 0, '58': 0, '20': 0, '23': 0, '32': 0, '33': 0, '21': 0, '86': 0, '65': 0, '99': 16385, '77': 3211268, '76': 0, '48': 0, '44': 0, '02': 0, '98': 0, '19': 0, '12': 0, '47': 0, '78': 2162692, '74': 0, '53': 0, '52': 0, '13': 0, '79': 0, '03': 0, '55': 0, '37': 0, '46': 0, '31': 0, '35': 0, '43': 0, '38': 0, '17': 65536, '50': 65536, '73': 0, '25': 65536, '94': 10485760, '95': 10485760, '59': 0, '15': 0, '06': 0, '40': 4, '70': 0, '04': 0, '66': 16384, '08': 0, '05': 10551302, '29': 65536, '96': 0, '90': 1048576, '54': 0, '87': 0, '56': 0, '10': 0, '60': 0, '42': 0, '97': 0, '71': 0, '34': 0, '51': 0, '49': 2162692, '62': 8404992, '69': 0, '84': 512, '01': 0, '30': 0, '81': 0, '83': 0, '91': 0}
{}
{'27': 166080, '36': 166016, '09': 139264, '39': 527488, '88': 426240, '28': 131072, '18': 2296, '14': 4327560, '67': 166016, '22': 527488, '63': 0, '24': 65536, '11': 0, '68': 0, '82': 0, '57': 1, '93': 65536, '89': 0, '16': 5, '92': 0, '85': 3145728, '75': 2162692, '45': 0, '58': 0, '20': 0, '23': 0, '32': 0, '33': 0, '21': 0, '86': 0, '65': 0, '99': 16385, '77': 3211268, '76': 0, '48': 0, '44': 0, '02': 0, '98': 0, '19': 0, '12': 0, '47': 0, '78': 2162692, '74': 0, '53': 0, '52': 0, '13': 0, '79': 0, '03': 0, '55': 0, '37': 0, '46': 0, '31': 0, '35': 0, '43': 0, '38': 0, '17': 65536, '50': 65536, '73': 0, '25': 65536, '94': 10485760, '95': 10485760, '59': 0, '15': 0, '06': 0, '40': 4, '70': 0, '04': 0, '66': 16384, '08': 0, '05': 10551302, '29': 65536, '96': 0, '90': 1048576, '54': 0, '87': 0, '56': 0, '10': 0, '60': 0, '42': 0, '97': 0, '71': 0, '34': 0, '51': 0, '49': 2162692, '62': 8404992, '69': 0, '84': 512, '01': 0, '30': 0, '81': 0, '83': 0, '91': 0}
STARTING PHASE 2: 0b0
----
[]
Function: 21.359013652922844, 10.125311633015475, 5.9604644775390625e-05, 0.659014351345327, 10.11125434346954, 0.40372927875426284, 0.05964444169346393
{21.359013652922844: []}
Best Cost: $21.359013652922844;
[3, 4, 5, 6, 7, 8, 10, 11, 13, 15, 17, 18, 19, 22, 0, 1, 2, 14, 16, 20, 21, 23, 9]
{'63': 166016, '24': 231472, '11': 4325520, '68': 164272, '82': 134272, '57': 2185, '93': 204800, '89': 166016, '16': 173, '92': 4196480, '85': 7348448, '75': 6490252, '45': 4196528, '58': 4327560, '84': 66416, '20': 2184, '23': 4327576, '32': 2184, '27': 166080, '33': 4327592, '36': 166016, '21': 527488, '86': 4196480, '65': 166016, '99': 540809, '09': 139264, '77': 7569548, '76': 4327560, '48': 164064, '44': 133120, '01': 98448, '02': 4194440, '98': 133248, '19': 166064, '12': 4196480, '47': 166016, '78': 6488204, '74': 4325520, '53': 166016, '52': 133248, '39': 527488, '13': 164320, '79': 164240, '03': 133248, '55': 133248, '37': 3208, '46': 164272, '31': 4325536, '30': 2097328, '35': 4325624, '43': 163968, '38': 4325528, '17': 231560, '50': 229504, '81': 180, '73': 164240, '25': 231560, '94': 14680224, '88': 426240, '95': 14680224, '59': 163968, '15': 184, '83': 2164868, '06': 133296, '28': 131072, '40': 526476, '70': 163968, '04': 4325528, '91': 501, '66': 4997256, '08': 164016, '05': 14909582, '29': 231560, '96': 426240, '90': 5505280, '54': 4360376, '18': 2296, '87': 4325528, '56': 4327592, '10': 4325624, '14': 4327560, '60': 4327592, '42': 133248, '97': 131208, '71': 4589704, '34': 164240, '51': 4325504, '49': 6488204, '67': 166016, '22': 527488, '62': 13123712, '69': 4325624}
['41']
Excluding table promotion and any queries that depend on it
[3, 4, 5, 6, 7, 8, 10, 11, 13, 15, 17, 18, 19, 22, 0, 1, 2, 14, 16, 20, 21, 23, 9]
dict_keys(['63', '24', '11', '68', '82', '57', '93', '89', '16', '92', '85', '75', '45', '58', '84', '20', '23', '32', '27', '33', '36', '21', '86', '65', '99', '09', '77', '76', '48', '44', '01', '02', '98', '19', '12', '47', '78', '74', '53', '52', '39', '13', '79', '03', '55', '37', '46', '31', '30', '35', '43', '38', '17', '50', '81', '73', '25', '94', '88', '95', '59', '15', '83', '06', '28', '40', '70', '04', '91', '66', '08', '05', '29', '96', '90', '54', '18', '87', '56', '10', '14', '60', '42', '97', '71', '34', '51', '49', '67', '22', '62', '69'])
23
Optimal Subset: 0b111111111110111111111111
dict_keys(['63', '24', '11', '68', '82', '57', '93', '89', '16', '92', '85', '75', '45', '58', '84', '20', '23', '32', '27', '33', '36', '21', '86', '65', '99', '09', '77', '76', '48', '44', '01', '02', '98', '19', '12', '47', '78', '74', '53', '52', '39', '13', '79', '03', '55', '37', '46', '31', '30', '35', '43', '38', '17', '50', '81', '73', '25', '94', '88', '95', '59', '15', '83', '06', '28', '40', '70', '04', '91', '66', '08', '05', '29', '96', '90', '54', '18', '87', '56', '10', '14', '60', '42', '97', '71', '34', '51', '49', '67', '22', '62', '69'])
Function: 21.359013652922844, 10.125311633015475, 5.9604644775390625e-05, 0.659014351345327, 10.11125434346954, 0.40372927875426284, 0.05964444169346393
Real: 21.359013652922844, 10.125311633015475, 5.9604644775390625e-05, 0.659014351345327, 10.11125434346954, 0.40372927875426284, 0.05964444169346393
outputs_noduck_GCP_0.0_1.086_6.25.json
Num GCP Qs: 92; Num Redshift Qs: 1
PLAN TYPE IS: move
Moved Qs: $10.125311633015475; Stayed Qs: $5.9604644775390625e-05; Migration Cost: $11.233642415262594
Movement Cost: $0.659014351345327, Load Cost: $10.11125434346954, Storage Cost: $0.40372927875426284, API Cost: $0.05964444169346393
Final cost: $21.359013652922844, Baseline: $223.4243631362915, Diff: $202.06534948336866, %: 90.44015909764792%
