Data Starting In: gcp
Egress: $0.0/GB
Benchmark: tpcds
Data Path: parquet_2000/batch_rs1
BigQuery Cost: $6.25/TB; DuckDB Cost: $1.48/hr; Redshift Cost: $1.086/hr
Use Duck: False
Using calcite profiles: False
Excluded Table: web_page
Excluded Query: None

Starting analysis without using DuckDB
Redshift Total: $10.923882052739062, BigQuery Total: $240.58843851089478
01: $0.09967636585156123
02: $0.5495952197253704
03: $0.9817064178975423
04: $8.416215082836151
05: $3.0163300886742275
06: $0.7444704184389115
07: $2.6774225909308593
08: $0.972982664633592
09: $8.502832263594867
10: $0.8733947785552343
11: $3.5903131648023923
12: $0.2538029509019852
13: $3.394577400420904
14: $31.540535032206773
15: $0.5139698060822487
16: $1.3385510518030326
17: $2.066575102887948
18: $8.312489894177517
19: $1.471469503786564
20: $0.517343595050176
21: $0.006171314786275228
22: $0.03202358495632807
23: $2.2046830357531704
24: $3.035313518322309
25: $2.2840587642157075
26: $1.3857572804141045
27: $8.012742426739534
28: $10.114393916885456
29: $2.0361562881326676
30: $0.03152027308424314
31: $3.6661184598493577
32: $1.0352094285285474
33: $2.2431871054748695
34: $1.23890101380229
35: $0.869811235601902
36: $5.124758544688225
37: $0.13300605406840643
38: $0.7351947686282794
39: $0.012872356765667597
40: $0.8344885978384813
41: $-0.0003614868239561717
42: $0.9816911180237929
43: $1.0001751001433532
44: $1.8902832064553101
45: $0.31676777951041857
46: $2.443653135098616
47: $1.1304790044124922
48: $2.1824029066793122
49: $3.7093276532773176
50: $1.3518296918110053
51: $1.2288152922884623
52: $0.9818565818440914
53: $1.1858592124962806
54: $1.5562031721969445
55: $0.9816606972050667
56: $2.2433921766714255
57: $0.6084608910775184
58: $1.7545572148915132
59: $0.9410491335642338
60: $2.2435616981732847
61: $3.2763913384465377
62: $0.3182683006020387
63: $1.2286756509804726
64: $7.754191768913667
65: $1.2266821705770492
66: $1.72760548030138
67: $13.026949843046268
68: $2.9235895582393807
69: $0.8426607480617364
70: $3.8897113580667972
71: $2.187141222111384
72: $1.013263541170756
73: $1.2419288503889243
74: $2.380220405413707
75: $5.626694524134398
76: $2.1805352026100953
78: $3.2823005809446175
79: $2.3912809487974642
80: $4.131975552931229
81: $0.03853527842839559
82: $0.26085304001410803
83: $0.13029855892936387
84: $0.022277391700347263
86: $0.7619529788974921
87: $0.7952998988942305
88: $5.3449820168169335
89: $1.2267761427402497
91: $0.06426233013391494
92: $0.5006231746848424
93: $1.585086236135165
94: $0.6488971478617191
95: $0.6439432561226686
96: $0.7368130428636074
97: $1.0421291252366702
98: $0.9812976681685448
99: $0.6281765839993954
!!!!!!: 229.66491794497966
Excluding table web_page and any queries that depend on it
Total Keys: 96, Keys Considered: 95
[0, 1, 2, 3, 4, 5, 6, 7, 8, 9, 10, 11, 12, 13, 14, 15, 16, 17, 18, 19, 21, 22, 23]
{'63': 166016, '66': 4997256, '69': 4325624, '17': 231560, '30': 2097328, '10': 4325624, '68': 164272, '27': 166080, '96': 426240, '13': 164320, '83': 2164868, '78': 6488204, '72': 531916, '84': 66416, '28': 131072, '80': 14915726, '60': 4327592, '47': 166016, '16': 173, '52': 133248, '40': 526476, '70': 163968, '56': 4327592, '94': 14680224, '12': 4196480, '23': 4327576, '44': 133120, '79': 164240, '86': 4196480, '04': 4325528, '62': 13123712, '43': 163968, '34': 164240, '51': 4325504, '21': 527488, '67': 166016, '88': 426240, '97': 131208, '93': 204800, '49': 6488204, '06': 133296, '26': 6344, '87': 4325528, '38': 4325528, '45': 4196528, '25': 231560, '74': 4325520, '55': 133248, '59': 163968, '31': 4325536, '36': 166016, '92': 4196480, '05': 14909582, '95': 14680224, '07': 137408, '02': 4194440, '81': 180, '82': 134272, '18': 2296, '08': 164016, '71': 4589704, '58': 4327560, '75': 6490252, '46': 164272, '19': 166064, '91': 501, '11': 4325520, '09': 139264, '24': 231472, '61': 170160, '65': 166016, '98': 133248, '89': 166016, '22': 527488, '57': 2185, '48': 164064, '73': 164240, '29': 231560, '64': 236540, '03': 133248, '99': 540809, '33': 4327592, '53': 166016, '35': 4325624, '15': 184, '39': 527488, '14': 4327560, '32': 2184, '01': 98448, '76': 4327560, '50': 229504, '54': 4360376, '20': 2184, '42': 133248, '37': 3208}
call_center: 0.000975826076666572, 2.6384750309371947
catalog_page: 0.000878563010547057, 7.1474270785949106
catalog_returns: 0.2923065457398565, 30.647912981439543
catalog_sales: 3.2808009447153577, 110.95322830153704
customer: 0.008360842578750038, 59.1493072860019
customer_address: 0.005626073082932342, 54.66295972338612
customer_demographics: 0.001234522095352252, 37.404019771404435
date_dim: 0.0011004089480176754, 198.43183594325765
household_demographics: 0.000838226095758171, 28.568882772251047
income_band: 0.0008170082307994824, 7.7756521523832145
inventory: 0.00617065830849689, 1.4520192334530446
item: 0.0011023145358349906, 138.33421662374136
promotion: 0.0011452359450873095, 20.237856836862065
reason: 0.0007875127841748882, 10.087130986945857
ship_mode: 0.0008675224234463982, 2.6731828424793678
store: 0.0009451615565678725, 92.94419611980982
store_returns: 0.4949177293835221, 39.63717435747801
store_sales: 4.746123422254006, 202.4389840552714
time_dim: 0.0014381425435068941, 9.995103619549798
warehouse: 0.0009679564953752368, 4.571901803924947
web_returns: 0.1335312070504672, 21.087756428909316
web_sales: 1.6086026501299533, 95.43132173346068
web_site: 0.0013117815085517616, 8.758102564683332
[]
0
call_center: 0.0009758239772500074, 2.6384750330366114
catalog_page: 0.0008783371610665349, 7.147427304444391
catalog_returns: 0.28422609559386186, 30.655993431585536
income_band: 0.000817008017861881, 7.775652152596153
promotion: 0.0011452273151547714, 20.237856845491997
ship_mode: 0.0008675218632368837, 2.673182843039577
store_returns: 0.48216341968184645, 39.64992866717969
web_returns: 0.12961406096940495, 21.091673574990377
web_site: 0.0013117783695744706, 8.75810256782231
[]
0
{'27': 166080, '28': 131072, '67': 166016, '88': 426240, '36': 166016, '18': 2296, '09': 139264, '22': 527488, '39': 527488, '14': 4327560, '63': 0, '66': 16384, '69': 0, '17': 65536, '10': 0, '68': 0, '96': 0, '13': 0, '78': 2162692, '72': 4100, '80': 10555398, '60': 0, '47': 0, '16': 5, '52': 0, '40': 4, '70': 0, '56': 0, '94': 10485760, '12': 0, '23': 0, '44': 0, '79': 0, '86': 0, '04': 0, '62': 8404992, '43': 0, '34': 0, '51': 0, '21': 0, '97': 0, '93': 65536, '49': 2162692, '06': 0, '26': 4096, '87': 0, '38': 0, '45': 0, '25': 65536, '74': 0, '55': 0, '59': 0, '31': 0, '92': 0, '05': 10551302, '95': 10485760, '07': 4096, '02': 0, '82': 0, '08': 0, '71': 0, '58': 0, '75': 2162692, '46': 0, '19': 0, '11': 0, '24': 65536, '61': 4096, '65': 0, '98': 0, '89': 0, '57': 1, '48': 0, '73': 0, '29': 65536, '64': 70148, '03': 0, '99': 16385, '33': 0, '53': 0, '35': 0, '15': 0, '32': 0, '76': 0, '50': 65536, '54': 0, '20': 0, '42': 0, '37': 0}
{}
{'27': 166080, '28': 131072, '67': 166016, '88': 426240, '36': 166016, '18': 2296, '09': 139264, '22': 527488, '39': 527488, '14': 4327560, '63': 0, '66': 16384, '69': 0, '17': 65536, '10': 0, '68': 0, '96': 0, '13': 0, '78': 2162692, '72': 4100, '80': 10555398, '60': 0, '47': 0, '16': 5, '52': 0, '40': 4, '70': 0, '56': 0, '94': 10485760, '12': 0, '23': 0, '44': 0, '79': 0, '86': 0, '04': 0, '62': 8404992, '43': 0, '34': 0, '51': 0, '21': 0, '97': 0, '93': 65536, '49': 2162692, '06': 0, '26': 4096, '87': 0, '38': 0, '45': 0, '25': 65536, '74': 0, '55': 0, '59': 0, '31': 0, '92': 0, '05': 10551302, '95': 10485760, '07': 4096, '02': 0, '82': 0, '08': 0, '71': 0, '58': 0, '75': 2162692, '46': 0, '19': 0, '11': 0, '24': 65536, '61': 4096, '65': 0, '98': 0, '89': 0, '57': 1, '48': 0, '73': 0, '29': 65536, '64': 70148, '03': 0, '99': 16385, '33': 0, '53': 0, '35': 0, '15': 0, '32': 0, '76': 0, '50': 65536, '54': 0, '20': 0, '42': 0, '37': 0}
STARTING PHASE 2: 0b0
----
[]
Function: 22.173385187070334, 10.923460961270331, 5.9604644775390625e-05, 0.6590143656621996, 10.111547216550111, 0.419658595958693, 0.059644442984223375
{22.173385187070334: []}
Best Cost: $22.173385187070334;
[3, 4, 5, 6, 7, 8, 10, 11, 13, 15, 17, 18, 19, 22, 0, 1, 2, 9, 12, 14, 16, 21, 23]
{'63': 166016, '66': 4997256, '69': 4325624, '17': 231560, '30': 2097328, '10': 4325624, '68': 164272, '27': 166080, '96': 426240, '13': 164320, '83': 2164868, '78': 6488204, '72': 531916, '84': 66416, '28': 131072, '80': 14915726, '60': 4327592, '47': 166016, '16': 173, '52': 133248, '40': 526476, '70': 163968, '56': 4327592, '94': 14680224, '12': 4196480, '23': 4327576, '44': 133120, '79': 164240, '86': 4196480, '04': 4325528, '62': 13123712, '43': 163968, '34': 164240, '51': 4325504, '21': 527488, '67': 166016, '88': 426240, '97': 131208, '93': 204800, '49': 6488204, '06': 133296, '26': 6344, '87': 4325528, '38': 4325528, '45': 4196528, '25': 231560, '74': 4325520, '55': 133248, '59': 163968, '31': 4325536, '36': 166016, '92': 4196480, '05': 14909582, '95': 14680224, '07': 137408, '02': 4194440, '81': 180, '82': 134272, '18': 2296, '08': 164016, '71': 4589704, '58': 4327560, '75': 6490252, '46': 164272, '19': 166064, '91': 501, '11': 4325520, '09': 139264, '24': 231472, '61': 170160, '65': 166016, '98': 133248, '89': 166016, '22': 527488, '57': 2185, '48': 164064, '73': 164240, '29': 231560, '64': 236540, '03': 133248, '99': 540809, '33': 4327592, '53': 166016, '35': 4325624, '15': 184, '39': 527488, '14': 4327560, '32': 2184, '01': 98448, '76': 4327560, '50': 229504, '54': 4360376, '20': 2184, '42': 133248, '37': 3208}
['41']
Excluding table web_page and any queries that depend on it
[3, 4, 5, 6, 7, 8, 10, 11, 13, 15, 17, 18, 19, 22, 0, 1, 2, 9, 12, 14, 16, 21, 23]
dict_keys(['63', '66', '69', '17', '30', '10', '68', '27', '96', '13', '83', '78', '72', '84', '28', '80', '60', '47', '16', '52', '40', '70', '56', '94', '12', '23', '44', '79', '86', '04', '62', '43', '34', '51', '21', '67', '88', '97', '93', '49', '06', '26', '87', '38', '45', '25', '74', '55', '59', '31', '36', '92', '05', '95', '07', '02', '81', '82', '18', '08', '71', '58', '75', '46', '19', '91', '11', '09', '24', '61', '65', '98', '89', '22', '57', '48', '73', '29', '64', '03', '99', '33', '53', '35', '15', '39', '14', '32', '01', '76', '50', '54', '20', '42', '37'])
23
Optimal Subset: 0b111011111111111111111111
dict_keys(['63', '66', '69', '17', '30', '10', '68', '27', '96', '13', '83', '78', '72', '84', '28', '80', '60', '47', '16', '52', '40', '70', '56', '94', '12', '23', '44', '79', '86', '04', '62', '43', '34', '51', '21', '67', '88', '97', '93', '49', '06', '26', '87', '38', '45', '25', '74', '55', '59', '31', '36', '92', '05', '95', '07', '02', '81', '82', '18', '08', '71', '58', '75', '46', '19', '91', '11', '09', '24', '61', '65', '98', '89', '22', '57', '48', '73', '29', '64', '03', '99', '33', '53', '35', '15', '39', '14', '32', '01', '76', '50', '54', '20', '42', '37'])
Function: 22.173385187070334, 10.923460961270331, 5.9604644775390625e-05, 0.6590143656621996, 10.111547216550111, 0.419658595958693, 0.059644442984223375
Real: 22.173385187070334, 10.923460961270331, 5.9604644775390625e-05, 0.6590143656621996, 10.111547216550111, 0.419658595958693, 0.059644442984223375
outputs_noduck_GCP_0.0_1.086_6.25.json
Num GCP Qs: 95; Num Redshift Qs: 1
PLAN TYPE IS: move
Moved Qs: $10.923460961270331; Stayed Qs: $5.9604644775390625e-05; Migration Cost: $11.249864621155227
Movement Cost: $0.6590143656621996, Load Cost: $10.111547216550111, Storage Cost: $0.419658595958693, API Cost: $0.059644442984223375
Final cost: $22.173385187070334, Baseline: $240.58843851089478, Diff: $218.41505332382445, %: 90.78368631331126%
