Data Starting In: gcp
Egress: $0.0/GB
Benchmark: tpcds
Data Path: parquet_2000/batch_rs1
BigQuery Cost: $6.25/TB; DuckDB Cost: $1.48/hr; Redshift Cost: $1.086/hr
Use Duck: False
Using calcite profiles: False
Excluded Table: item
Excluded Query: None

Starting analysis without using DuckDB
Redshift Total: $5.1247392410544546, BigQuery Total: $100.3274142742157
01: $0.09967636585156123
02: $0.5495952197253704
04: $8.416215082836151
05: $3.0163300886742275
08: $0.972982664633592
09: $8.502832263594867
10: $0.8733947785552343
11: $3.5903131648023923
13: $3.394577400420904
15: $0.5139698060822487
16: $1.3385510518030326
28: $10.114393916885456
30: $0.03152027308424314
31: $3.6661184598493577
34: $1.23890101380229
35: $0.869811235601902
38: $0.7351947686282794
43: $1.0001751001433532
46: $2.443653135098616
48: $2.1824029066793122
49: $3.7093276532773176
50: $1.3518296918110053
51: $1.2288152922884623
59: $0.9410491335642338
62: $0.3182683006020387
66: $1.72760548030138
68: $2.9235895582393807
69: $0.8426607480617364
70: $3.8897113580667972
73: $1.2419288503889243
74: $2.380220405413707
77: $2.862357419302066
78: $3.2823005809446175
79: $2.3912809487974642
81: $0.03853527842839559
84: $0.022277391700347263
85: $0.6295003655250867
87: $0.7952998988942305
88: $5.3449820168169335
90: $0.38121824163158735
91: $0.06426233013391494
93: $1.585086236135165
94: $0.6488971478617191
95: $0.6439432561226686
96: $0.7368130428636074
97: $1.0421291252366702
99: $0.6281765839993954
!!!!!!: 95.20267503316126
Excluding table item and any queries that depend on it
Total Keys: 47, Keys Considered: 47
[0, 1, 2, 3, 4, 5, 6, 7, 8, 9, 10, 12, 13, 14, 15, 16, 17, 18, 19, 20, 21, 22, 23]
{'46': 164272, '95': 14680224, '81': 180, '34': 164240, '68': 164272, '48': 164064, '49': 6488204, '91': 501, '28': 131072, '70': 163968, '79': 164240, '85': 7348448, '10': 4325624, '69': 4325624, '90': 5505280, '30': 2097328, '43': 163968, '13': 164320, '38': 4325528, '35': 4325624, '99': 540809, '31': 4325536, '74': 4325520, '87': 4325528, '01': 98448, '77': 7569548, '88': 426240, '05': 14909582, '93': 204800, '16': 173, '97': 131208, '04': 4325528, '15': 184, '02': 4194440, '51': 4325504, '66': 4997256, '94': 14680224, '50': 229504, '59': 163968, '96': 426240, '09': 139264, '84': 66416, '78': 6488204, '62': 13123712, '08': 164016, '11': 4325520, '73': 164240}
call_center: 0.0009758250555537311, 2.0300141408807892
catalog_page: 0.0008784531620260173, 3.0154516355122016
catalog_returns: 0.2883763817393881, 14.023288020824184
catalog_sales: 3.2442882284376657, 27.958631293486196
customer: 0.008264360153420296, 30.477423338881188
customer_address: 0.005605702650137013, 22.09504208523155
customer_demographics: 0.001232998542660999, 8.877654158135778
date_dim: 0.0011001127682606572, 68.51397181076501
household_demographics: 0.0008382207933982434, 20.18264570910057
income_band: 0.0008170081272310326, 0.02146038357311623
inventory: 0.006129131896582911, -0.006129131896582911
inventory had no query dependencies
promotion: 0.0011452317476664264, -0.0011452317476664264
promotion had no query dependencies
reason: 0.0007875125748444055, 10.716631352680274
ship_mode: 0.0008675221509720648, 2.673182842751842
store: 0.000945157694608489, 36.03129553745966
store_returns: 0.48871429666199273, 15.440471131034316
store_sales: 4.69753718754452, 82.86914075276374
time_dim: 0.0014379584917169196, 8.189180823121792
warehouse: 0.000967956096926571, 2.6730824088058873
web_page: 0.0008523507727649743, 3.872223675685975
web_returns: 0.13162598812896967, 14.692550796662976
web_sales: 1.590209515886739, 39.57717807301279
web_site: 0.0013117799818180619, 4.626127013278836
['inventory', 'promotion']
2
call_center: 0.0009758240239418594, 2.030014141912401
catalog_page: 0.0008783421840480105, 3.0154517464901796
catalog_returns: 0.2844058079903815, 14.02725859457319
catalog_sales: 3.2074000902480493, 27.99551943167581
customer: 0.00816688570064705, 30.47752081333396
customer_address: 0.005585122769576457, 22.09506266511211
customer_demographics: 0.0012314593248776197, 8.877655697353562
date_dim: 0.001099813543198277, 68.51397210999008
income_band: 0.0008170080225976971, 0.021460383677749568
ship_mode: 0.0008675218756961641, 2.673182843027118
store_returns: 0.4824470805572963, 15.446738347139013
warehouse: 0.0009679556943810762, 2.673082409208433
web_page: 0.0008523490714047782, 3.8722236773873355
web_returns: 0.12970117984236704, 14.694475604949579
web_sales: 1.5716272643625386, 39.59576032453699
web_site: 0.001311778439386563, 4.626127014821268
[]
0
call_center: 0.0009758227976851983, 2.030014143138658
catalog_page: 0.0008782102667169974, 3.0154518784075104
catalog_returns: 0.279686065380482, 14.03197833718309
income_band: 0.0008170078982221174, 0.021460383802125147
ship_mode: 0.0008675215484811367, 2.6731828433543328
warehouse: 0.0009679552158831954, 2.673082409686931
web_page: 0.0008523470490315093, 3.872223679409709
web_returns: 0.1274131982406051, 14.696763586551342
web_site: 0.001311776605928698, 4.626127016654726
[]
0
{'28': 131072, '88': 426240, '09': 139264, '46': 176, '34': 144, '68': 176, '48': 224, '70': 128, '79': 144, '43': 128, '13': 224, '31': 4194464, '74': 4194448, '93': 65536, '04': 4194456, '50': 65664, '59': 128, '96': 0, '08': 176, '11': 4194448, '73': 144, '95': 10485760, '49': 2097156, '85': 3145728, '10': 0, '69': 0, '90': 1048576, '38': 0, '35': 0, '99': 540673, '87': 0, '01': 0, '77': 3145732, '05': 10485766, '16': 5, '97': 0, '15': 0, '02': 0, '51': 0, '66': 540672, '94': 10485760, '84': 512, '78': 2097156, '62': 8929280}
{}
{'28': 131072, '88': 426240, '09': 139264, '46': 176, '34': 144, '68': 176, '48': 224, '70': 128, '79': 144, '43': 128, '13': 224, '31': 4194464, '74': 4194448, '93': 65536, '04': 4194456, '50': 65664, '59': 128, '96': 0, '08': 176, '11': 4194448, '73': 144, '95': 10485760, '49': 2097156, '85': 3145728, '10': 0, '69': 0, '90': 1048576, '38': 0, '35': 0, '99': 540673, '87': 0, '01': 0, '77': 3145732, '05': 10485766, '16': 5, '97': 0, '15': 0, '02': 0, '51': 0, '66': 540672, '94': 10485760, '84': 512, '78': 2097156, '62': 8929280}
STARTING PHASE 2: 0b0
----
[]
Function: 16.25100485107001, 5.1247392410544546, 0, 0.6587731662153576, 10.104176701087159, 0.3037130454319887, 0.0596026972810507
{16.25100485107001: []}
Best Cost: $16.25100485107001;
[8, 13, 15, 17, 18, 3, 4, 5, 6, 7, 16, 22, 0, 1, 2, 9, 14, 19, 20, 21, 23]
{'46': 164272, '95': 14680224, '81': 180, '34': 164240, '68': 164272, '48': 164064, '49': 6488204, '91': 501, '28': 131072, '70': 163968, '79': 164240, '85': 7348448, '10': 4325624, '69': 4325624, '90': 5505280, '30': 2097328, '43': 163968, '13': 164320, '38': 4325528, '35': 4325624, '99': 540809, '31': 4325536, '74': 4325520, '87': 4325528, '01': 98448, '77': 7569548, '88': 426240, '05': 14909582, '93': 204800, '16': 173, '97': 131208, '04': 4325528, '15': 184, '02': 4194440, '51': 4325504, '66': 4997256, '94': 14680224, '50': 229504, '59': 163968, '96': 426240, '09': 139264, '84': 66416, '78': 6488204, '62': 13123712, '08': 164016, '11': 4325520, '73': 164240}
[]
Excluding table item and any queries that depend on it
[8, 13, 15, 17, 18, 3, 4, 5, 6, 7, 16, 22, 0, 1, 2, 9, 14, 19, 20, 21, 23]
dict_keys(['46', '95', '81', '34', '68', '48', '49', '91', '28', '70', '79', '85', '10', '69', '90', '30', '43', '13', '38', '35', '99', '31', '74', '87', '01', '77', '88', '05', '93', '16', '97', '04', '15', '02', '51', '66', '94', '50', '59', '96', '09', '84', '78', '62', '08', '11', '73'])
21
Optimal Subset: 0b111111111110001111111111
dict_keys(['46', '95', '81', '34', '68', '48', '49', '91', '28', '70', '79', '85', '10', '69', '90', '30', '43', '13', '38', '35', '99', '31', '74', '87', '01', '77', '88', '05', '93', '16', '97', '04', '15', '02', '51', '66', '94', '50', '59', '96', '09', '84', '78', '62', '08', '11', '73'])
Function: 16.25100485107001, 5.1247392410544546, 0, 0.6587731662153576, 10.104176701087159, 0.3037130454319887, 0.0596026972810507
Real: 16.25100485107001, 5.1247392410544546, 0, 0.6587731662153576, 10.104176701087159, 0.3037130454319887, 0.0596026972810507
outputs_noduck_GCP_0.0_1.086_6.25.json
Num GCP Qs: 47; Num Redshift Qs: 0
PLAN TYPE IS: move
Moved Qs: $5.1247392410544546; Stayed Qs: $0; Migration Cost: $11.126265610015556
Movement Cost: $0.6587731662153576, Load Cost: $10.104176701087159, Storage Cost: $0.3037130454319887, API Cost: $0.0596026972810507
Final cost: $16.25100485107001, Baseline: $100.3274142742157, Diff: $84.07640942314569, %: 83.80202961610011%
