Data Starting In: gcp
Egress: $0.0/GB
Benchmark: tpcds
Data Path: parquet_2000/batch_rs1
BigQuery Cost: $6.25/TB; DuckDB Cost: $1.48/hr; Redshift Cost: $1.086/hr
Use Duck: False
Using calcite profiles: False
Excluded Table: catalog_returns
Excluded Query: None

Starting analysis without using DuckDB
Redshift Total: $8.828600076719923, BigQuery Total: $208.5636556148529
01: $0.09967636585156123
02: $0.5495952197253704
03: $0.9817064178975423
04: $8.416215082836151
06: $0.7444704184389115
07: $2.6774225909308593
08: $0.972982664633592
09: $8.502832263594867
10: $0.8733947785552343
11: $3.5903131648023923
12: $0.2538029509019852
13: $3.394577400420904
14: $31.540535032206773
15: $0.5139698060822487
17: $2.066575102887948
18: $8.312489894177517
19: $1.471469503786564
20: $0.517343595050176
21: $0.006171314786275228
22: $0.03202358495632807
23: $2.2046830357531704
24: $3.035313518322309
25: $2.2840587642157075
26: $1.3857572804141045
27: $8.012742426739534
28: $10.114393916885456
29: $2.0361562881326676
30: $0.03152027308424314
31: $3.6661184598493577
32: $1.0352094285285474
33: $2.2431871054748695
34: $1.23890101380229
35: $0.869811235601902
36: $5.124758544688225
37: $0.13300605406840643
38: $0.7351947686282794
39: $0.012872356765667597
41: $-0.0003614868239561717
42: $0.9816911180237929
43: $1.0001751001433532
44: $1.8902832064553101
45: $0.31676777951041857
46: $2.443653135098616
47: $1.1304790044124922
48: $2.1824029066793122
50: $1.3518296918110053
51: $1.2288152922884623
52: $0.9818565818440914
53: $1.1858592124962806
54: $1.5562031721969445
55: $0.9816606972050667
56: $2.2433921766714255
57: $0.6084608910775184
58: $1.7545572148915132
59: $0.9410491335642338
60: $2.2435616981732847
61: $3.2763913384465377
62: $0.3182683006020387
63: $1.2286756509804726
65: $1.2266821705770492
66: $1.72760548030138
67: $13.026949843046268
68: $2.9235895582393807
69: $0.8426607480617364
70: $3.8897113580667972
71: $2.187141222111384
73: $1.2419288503889243
74: $2.380220405413707
76: $2.1805352026100953
79: $2.3912809487974642
82: $0.26085304001410803
84: $0.022277391700347263
85: $0.6295003655250867
86: $0.7619529788974921
87: $0.7952998988942305
88: $5.3449820168169335
89: $1.2267761427402497
90: $0.38121824163158735
92: $0.5006231746848424
93: $1.585086236135165
94: $0.6488971478617191
95: $0.6439432561226686
96: $0.7368130428636074
97: $1.0421291252366702
98: $0.9812976681685448
99: $0.6281765839993954
!!!!!!: 199.73541702495692
Excluding table catalog_returns and any queries that depend on it
Total Keys: 86, Keys Considered: 85
[0, 1, 3, 4, 5, 6, 7, 8, 9, 10, 11, 12, 13, 14, 15, 16, 17, 18, 19, 20, 21, 22, 23]
{'74': 4325520, '90': 5505280, '82': 134272, '28': 131072, '37': 3208, '07': 137408, '99': 540809, '67': 166016, '88': 426240, '85': 7348448, '61': 170160, '89': 166016, '43': 163968, '52': 133248, '14': 4327560, '13': 164320, '20': 2184, '15': 184, '09': 139264, '68': 164272, '58': 4327560, '19': 166064, '25': 231560, '56': 4327592, '02': 4194440, '86': 4196480, '03': 133248, '22': 527488, '54': 4360376, '94': 14680224, '32': 2184, '36': 166016, '97': 131208, '84': 66416, '92': 4196480, '71': 4589704, '60': 4327592, '70': 163968, '79': 164240, '65': 166016, '50': 229504, '51': 4325504, '55': 133248, '87': 4325528, '42': 133248, '76': 4327560, '12': 4196480, '66': 4997256, '04': 4325528, '47': 166016, '57': 2185, '17': 231560, '11': 4325520, '69': 4325624, '10': 4325624, '24': 231472, '95': 14680224, '31': 4325536, '30': 2097328, '01': 98448, '35': 4325624, '39': 527488, '08': 164016, '26': 6344, '53': 166016, '63': 166016, '46': 164272, '45': 4196528, '59': 163968, '27': 166080, '06': 133296, '21': 527488, '73': 164240, '96': 426240, '33': 4327592, '29': 231560, '93': 204800, '18': 2296, '62': 13123712, '44': 133120, '48': 164064, '23': 4327576, '34': 164240, '98': 133248, '38': 4325528}
call_center: 0.0009758256592632164, 1.2356616494176507
catalog_page: 0.0008785181074379634, -0.0008785181074379634
catalog_page had no query dependencies
catalog_sales: 3.2658755322764343, 80.26103035428822
customer: 0.008321403168649677, 51.29235734793602
customer_address: 0.0056177462000809725, 46.09692798651504
customer_demographics: 0.0012338993081535007, 29.201803119498383
date_dim: 0.001100287877730931, 168.1211169026736
household_demographics: 0.0008382239282966155, 20.11838337583176
income_band: 0.0008170081884634969, 0.021460383511883768
inventory: 0.006153683432669768, 0.43877266715811564
item: 0.001101981605644339, 118.84330441275365
promotion: 0.0011452342292949979, 7.338425975562206
reason: 0.0007875126986062396, 10.716631352556512
ship_mode: 0.0008675223120662485, 2.6731828425907476
store: 0.0009451599779031634, 78.04169871086934
store_returns: 0.49238193360208066, 11.98859142545463
store_sales: 4.72626268150883, 174.9380246271411
time_dim: 0.0014380673081052166, 10.376321936416787
warehouse: 0.0009679563325001818, 2.724149665078585
web_page: 0.0008523517684178127, 1.0098662553882563
web_returns: 0.1327524050031606, 1.8211086375905572
web_sales: 1.6010840335324754, 76.68293055725302
web_site: 0.0013117808844642525, 1.609796923701962
['catalog_page']
1
call_center: 0.0009758235596937907, 1.23566165151722
income_band: 0.0008170079755103911, 0.02146038372483687
promotion: 0.0011452255987341041, 7.338425984192766
ship_mode: 0.0008675217518159445, 2.673182843150998
store_returns: 0.4796266952437679, 12.001346663812942
web_page: 0.0008523483057552091, 1.0098662588509189
web_returns: 0.12883497370997854, 1.8250260688837392
web_site: 0.0013117777452584087, 1.6097969268411678
[]
0
income_band: 0.000817007855874206, 0.021460383844473057
[]
0
{'28': 131072, '67': 166016, '88': 426240, '14': 4327560, '09': 139264, '22': 527488, '36': 166016, '39': 527488, '27': 166080, '18': 2296, '74': 0, '90': 1048576, '82': 0, '37': 0, '07': 4096, '99': 16385, '85': 3145728, '61': 4096, '89': 0, '43': 0, '52': 0, '13': 0, '20': 0, '15': 0, '68': 0, '58': 0, '19': 0, '25': 65536, '56': 0, '02': 0, '86': 0, '03': 0, '54': 0, '94': 10485760, '32': 0, '97': 0, '92': 0, '71': 0, '60': 0, '70': 0, '79': 0, '65': 0, '50': 65536, '51': 0, '55': 0, '87': 0, '42': 0, '76': 0, '12': 0, '66': 16384, '04': 0, '47': 0, '57': 1, '17': 65536, '11': 0, '69': 0, '10': 0, '24': 65536, '95': 10485760, '31': 0, '35': 0, '08': 0, '26': 4096, '53': 0, '63': 0, '46': 0, '45': 0, '59': 0, '06': 0, '21': 0, '73': 0, '96': 0, '33': 0, '29': 65536, '93': 65536, '62': 8404992, '44': 0, '48': 0, '23': 0, '34': 0, '98': 0, '38': 0, '84': 512, '30': 0, '01': 0}
{}
{'28': 131072, '67': 166016, '88': 426240, '14': 4327560, '09': 139264, '22': 527488, '36': 166016, '39': 527488, '27': 166080, '18': 2296, '74': 0, '90': 1048576, '82': 0, '37': 0, '07': 4096, '99': 16385, '85': 3145728, '61': 4096, '89': 0, '43': 0, '52': 0, '13': 0, '20': 0, '15': 0, '68': 0, '58': 0, '19': 0, '25': 65536, '56': 0, '02': 0, '86': 0, '03': 0, '54': 0, '94': 10485760, '32': 0, '97': 0, '92': 0, '71': 0, '60': 0, '70': 0, '79': 0, '65': 0, '50': 65536, '51': 0, '55': 0, '87': 0, '42': 0, '76': 0, '12': 0, '66': 16384, '04': 0, '47': 0, '57': 1, '17': 65536, '11': 0, '69': 0, '10': 0, '24': 65536, '95': 10485760, '31': 0, '35': 0, '08': 0, '26': 4096, '53': 0, '63': 0, '46': 0, '45': 0, '59': 0, '06': 0, '21': 0, '73': 0, '96': 0, '33': 0, '29': 65536, '93': 65536, '62': 8404992, '44': 0, '48': 0, '23': 0, '34': 0, '98': 0, '38': 0, '84': 512, '30': 0, '01': 0}
STARTING PHASE 2: 0b0
----
[]
Function: 19.717680556838584, 8.82817898525119, 5.9604644775390625e-05, 0.6366264669533895, 9.835499429709115, 0.35970004237252456, 0.05761602790758909
{19.717680556838584: []}
Best Cost: $19.717680556838584;
[3, 4, 5, 6, 7, 8, 10, 11, 13, 15, 17, 18, 19, 22, 0, 12, 14, 16, 20, 21, 23, 9]
{'74': 4325520, '90': 5505280, '82': 134272, '28': 131072, '37': 3208, '07': 137408, '99': 540809, '67': 166016, '88': 426240, '85': 7348448, '61': 170160, '89': 166016, '43': 163968, '52': 133248, '14': 4327560, '13': 164320, '20': 2184, '15': 184, '09': 139264, '68': 164272, '58': 4327560, '19': 166064, '25': 231560, '56': 4327592, '02': 4194440, '86': 4196480, '03': 133248, '22': 527488, '54': 4360376, '94': 14680224, '32': 2184, '36': 166016, '97': 131208, '84': 66416, '92': 4196480, '71': 4589704, '60': 4327592, '70': 163968, '79': 164240, '65': 166016, '50': 229504, '51': 4325504, '55': 133248, '87': 4325528, '42': 133248, '76': 4327560, '12': 4196480, '66': 4997256, '04': 4325528, '47': 166016, '57': 2185, '17': 231560, '11': 4325520, '69': 4325624, '10': 4325624, '24': 231472, '95': 14680224, '31': 4325536, '30': 2097328, '01': 98448, '35': 4325624, '39': 527488, '08': 164016, '26': 6344, '53': 166016, '63': 166016, '46': 164272, '45': 4196528, '59': 163968, '27': 166080, '06': 133296, '21': 527488, '73': 164240, '96': 426240, '33': 4327592, '29': 231560, '93': 204800, '18': 2296, '62': 13123712, '44': 133120, '48': 164064, '23': 4327576, '34': 164240, '98': 133248, '38': 4325528}
['41']
Excluding table catalog_returns and any queries that depend on it
[3, 4, 5, 6, 7, 8, 10, 11, 13, 15, 17, 18, 19, 22, 0, 12, 14, 16, 20, 21, 23, 9]
dict_keys(['74', '90', '82', '28', '37', '07', '99', '67', '88', '85', '61', '89', '43', '52', '14', '13', '20', '15', '09', '68', '58', '19', '25', '56', '02', '86', '03', '22', '54', '94', '32', '36', '97', '84', '92', '71', '60', '70', '79', '65', '50', '51', '55', '87', '42', '76', '12', '66', '04', '47', '57', '17', '11', '69', '10', '24', '95', '31', '30', '01', '35', '39', '08', '26', '53', '63', '46', '45', '59', '27', '06', '21', '73', '96', '33', '29', '93', '18', '62', '44', '48', '23', '34', '98', '38'])
22
Optimal Subset: 0b111111111111111111111001
dict_keys(['74', '90', '82', '28', '37', '07', '99', '67', '88', '85', '61', '89', '43', '52', '14', '13', '20', '15', '09', '68', '58', '19', '25', '56', '02', '86', '03', '22', '54', '94', '32', '36', '97', '84', '92', '71', '60', '70', '79', '65', '50', '51', '55', '87', '42', '76', '12', '66', '04', '47', '57', '17', '11', '69', '10', '24', '95', '31', '30', '01', '35', '39', '08', '26', '53', '63', '46', '45', '59', '27', '06', '21', '73', '96', '33', '29', '93', '18', '62', '44', '48', '23', '34', '98', '38'])
Function: 19.717680556838584, 8.82817898525119, 5.9604644775390625e-05, 0.6366264669533895, 9.835499429709115, 0.35970004237252456, 0.05761602790758909
Real: 19.717680556838584, 8.82817898525119, 5.9604644775390625e-05, 0.6366264669533895, 9.835499429709115, 0.35970004237252456, 0.05761602790758909
outputs_noduck_GCP_0.0_1.086_6.25.json
Num GCP Qs: 85; Num Redshift Qs: 1
PLAN TYPE IS: move
Moved Qs: $8.82817898525119; Stayed Qs: $5.9604644775390625e-05; Migration Cost: $10.889441966942618
Movement Cost: $0.6366264669533895, Load Cost: $9.835499429709115, Storage Cost: $0.35970004237252456, API Cost: $0.05761602790758909
Final cost: $19.717680556838584, Baseline: $208.5636556148529, Diff: $188.84597505801432, %: 90.54596521205471%
