Egress: $0.12/GB
Benchmark: tpcds
Data Path: parquet_1000/real_data_rs1
BigQuery Cost: $5/TB; DuckDB Cost: $1.48/hr; Redshift Cost: $1.086/hr
Use Duck: False
Excluded Table: warehouse
Excluded Query: None

Starting analysis without using DuckDB
Redshift Total: $6.215476819510857, Redshift-Calcite Total: $5.570367038057647, BigQuery Total: $92.29955196380615
Excluding table warehouse and any queries that depend on it
Total Keys: 90, Keys Considered: 89

Round 0
call_center: 9.615905582904816e-06, 0.00038807917684316635, 0.9323375545437137
catalog_page: 0.0017016949132084846, 0.0014676847180724146, 6.476177080514729
catalog_returns: 13.009788101539016, 1.6911096025011938, 14.333377283273734
catalog_sales: 132.3057429259643, 17.35463456002543, 31.55519506684513
customer: 0.8535048151388764, 0.11238621586650609, 18.634381931955314
customer_address: 0.2449320713058114, 0.03380870285362005, 17.638729208676317
customer_demographics: 0.011580578982830048, 0.0025247915931542715, 11.448081018123228
date_dim: 0.001992875710129738, 0.0007613079887628555, 76.93075826274334
household_demographics: 3.5176053643226624e-05, 0.00033242915530999503, 9.912894581023258
income_band: 5.122274160385132e-07, 0.0003378786883751551, 2.6919206604558235
inventory: 5.1357166497036815, 0.7680814273221294, -0.45066767957280074
item: 0.03489831369370222, 0.005290039899647235, 54.693888888772825
promotion: 7.638614624738693e-05, 0.0004480405369400979, 8.913659423788488
reason: 1.4491379261016846e-06, 0.0003483091104030609, 3.079234635148446
ship_mode: 1.3029202818870544e-06, 0.0003387827045718829, -0.0003387827045718829
ship_mode had no query dependencies
store: 9.930133819580078e-05, 0.00045502669294675193, 38.9748201401043
store_returns: 20.850121902301908, 2.71282215587914, 17.577475992774367
store_sales: 174.69669486396015, 23.07417165409267, 57.87890633885483
time_dim: 0.0012146271765232086, 0.000798612140417099, 3.5068011940872665
web_page: 7.394980639219284e-05, 0.00034018037388722103, 2.657994779021839
web_returns: 6.285572262480855, 0.8100109892115991, 12.8523840191255
web_sales: 67.01082486007363, 8.786701366623738, 34.8529965138041
web_site: 1.0454095900058746e-05, 0.00032022725552320483, 7.0159394821007055

Round 1
call_center: 9.615905582904816e-06, 0.00038807917684316635, 0.9323375545437137
catalog_page: 0.0017016949132084846, 0.0014676847180724146, 6.476177080514729
catalog_returns: 13.009788101539016, 1.6911096025011938, 14.333377283273734
catalog_sales: 132.3057429259643, 17.35463456002543, 31.421846243368094
customer: 0.8535048151388764, 0.11238621586650609, 18.634381931955314
customer_address: 0.2449320713058114, 0.03380870285362005, 17.638729208676317
customer_demographics: 0.011580578982830048, 0.0025247915931542715, 11.448081018123228
date_dim: 0.001992875710129738, 0.0007613079887628555, 76.61334451499403
household_demographics: 3.5176053643226624e-05, 0.00033242915530999503, 9.912894581023258
income_band: 5.122274160385132e-07, 0.0003378786883751551, 2.6919206604558235
item: 0.03489831369370222, 0.005290039899647235, 54.37647514102351
promotion: 7.638614624738693e-05, 0.0004480405369400979, 8.913659423788488
reason: 1.4491379261016846e-06, 0.0003483091104030609, 3.079234635148446
store: 9.930133819580078e-05, 0.00045502669294675193, 38.9748201401043
store_returns: 20.850121902301908, 2.71282215587914, 17.577475992774367
store_sales: 174.69669486396015, 23.07417165409267, 57.69484141458254
time_dim: 0.0012146271765232086, 0.000798612140417099, 3.5068011940872665
web_page: 7.394980639219284e-05, 0.00034018037388722103, 2.657994779021839
web_returns: 6.285572262480855, 0.8100109892115991, 12.8523840191255
web_sales: 67.01082486007363, 8.786701366623738, 34.8529965138041
web_site: 1.0454095900058746e-05, 0.00032022725552320483, 7.0159394821007055
[0, 1, 2, 3, 4, 5, 6, 7, 8, 9, 11, 12, 13, 15, 16, 17, 18, 20, 21, 22, 23]
21
Optimal Subset: 0b111101111011101111111111
Num Redshift Qs: 87; Num GCP Qs: 3
Redshift Qs: $5.351833013848465; GCP Qs: $0.32575130462646484; Movement Cost: $49.837065208554264
Final cost: $60.38878668710977, BQ Baseline: $92.29955196380615, Diff: $31.91076527669638, %: 34.57304461153798%
