Egress: $0.12/GB
Benchmark: tpcds
Data Path: parquet_1000/real_data_rs1
BigQuery Cost: $5/TB; DuckDB Cost: $1.48/hr; Redshift Cost: $1.086/hr
Use Duck: False
Excluded Table: time_dim
Excluded Query: None

Starting analysis without using DuckDB
Redshift Total: $6.590432847110036, Redshift-Calcite Total: $5.739373648206395, BigQuery Total: $90.83189964294434
Excluding table time_dim and any queries that depend on it
Total Keys: 93, Keys Considered: 92

Round 0
call_center: 9.615905582904816e-06, 0.00038807917684316635, 1.18674029383411
catalog_page: 0.0017016949132084846, 0.0014676847180724146, 6.476177080514729
catalog_returns: 13.009788101539016, 1.6911096025011938, 14.97547819022715
catalog_sales: 132.3057429259643, 17.35463456002543, 31.736845664975334
customer: 0.8535048151388764, 0.11238621586650609, 18.634381931955318
customer_address: 0.2449320713058114, 0.03380870285362005, 17.63872920867632
customer_demographics: 0.011580578982830048, 0.0025247915931542715, 11.830110461238622
date_dim: 0.001992875710129738, 0.0007613079887628555, 78.08878860102749
household_demographics: 3.5176053643226624e-05, 0.00033242915530999503, 7.502177266024551
income_band: 5.122274160385132e-07, 0.0003378786883751551, 2.6919206604558235
inventory: 5.1357166497036815, 0.7680814273221294, 0.7798120459792018
item: 0.03489831369370222, 0.005290039899647235, 55.46958703004926
promotion: 7.638614624738693e-05, 0.0004480405369400979, 9.295688866903882
reason: 1.4491379261016846e-06, 0.0003483091104030609, 3.079234635148446
ship_mode: 1.3029202818870544e-06, 0.0003387827045718829, 0.3819934143031637
store: 9.930133819580078e-05, 0.00045502669294675193, 36.33658172796408
store_returns: 20.850121902301908, 2.71282215587914, 17.577475992774367
store_sales: 174.69669486396015, 23.07417165409267, 54.525814878601025
warehouse: 2.907589077949524e-06, 0.0003093868873516719, 1.8725739995104074
web_page: 7.394980639219284e-05, 0.00034018037388722103, 2.50348643304795
web_returns: 6.285572262480855, 0.8100109892115991, 12.8523840191255
web_sales: 67.01082486007363, 8.786701366623738, 34.11156457743396
web_site: 1.0454095900058746e-05, 0.00032022725552320483, 7.143868939818045
[0, 1, 2, 3, 4, 5, 6, 7, 8, 9, 10, 11, 12, 13, 14, 15, 16, 17, 19, 20, 21, 22, 23]
23
Optimal Subset: 0b111110111111111111111111
Num Redshift Qs: 92; Num GCP Qs: 1
Redshift Qs: $5.5271154604041595; GCP Qs: $0.00011920928955078125; Movement Cost: $50.45320595651865
Final cost: $61.01186274088938, BQ Baseline: $90.83189964294434, Diff: $29.82003690205496, %: 32.82991660339158%
