Egress: $0.12/GB
Benchmark: tpcds
Data Path: parquet_1000/real_data_rs1
BigQuery Cost: $5/TB; DuckDB Cost: $1.48/hr; Redshift Cost: $1.086/hr
Use Duck: False
Excluded Table: web_returns
Excluded Query: None

Starting analysis without using DuckDB
Redshift Total: $6.0525570607694, Redshift-Calcite Total: $5.165241546133359, BigQuery Total: $81.0332202911377
Number of keys: 88
Excluding table web_returns and any queries that depend on it
web_returns; 21
Optimal Subset: 0b110111111111111111111101
Cost of new plan by subset (14680061, 0b110111111111111111111101): $59.7342442677221
found 54924 plans cheaper than baseline over 8388608 total plans considered
call_center
catalog_returns
catalog_sales
customer
customer_address
customer_demographics
date_dim
household_demographics
income_band
inventory
item
promotion
reason
ship_mode
store
store_returns
store_sales
time_dim
warehouse
web_page
web_sales
web_site
Num Redshift Qs: 87; Num GCP Qs: 1
Redshift Qs: $5.032694022114277; GCP Qs: $0.00011920928955078125; Movement Cost: $49.69887883689255
Final cost: $59.69824107495953, BQ Baseline: $81.0332202911377, Diff: $21.334979216178162, %: 26.328682408924937%
Cost of Second Cheapest plan by subset (14680063, 0b110111111111111111111111): $59.735737768636056
Cost of Third Cheapest plan by subset (6291453, 0b10111111111111111111101): $59.86180343753155
