Egress: $0.12/GB
Benchmark: tpcds
Data Path: parquet_1000/real_data_rs1
BigQuery Cost: $5/TB; DuckDB Cost: $1.48/hr; Redshift Cost: $1.086/hr
Use Duck: False
Excluded Table: inventory
Excluded Query: None

Starting analysis without using DuckDB
Redshift Total: $6.325668200606509, Redshift-Calcite Total: $5.59620704064091, BigQuery Total: $93.50381851196289
Number of keys: 93
Excluding table inventory and any queries that depend on it
inventory; 10
Optimal Subset: 0b111111111111101111111111
Cost of new plan by subset (16776191, 0b111111111111101111111111): $60.13732624609507
found 48397 plans cheaper than baseline over 8388608 total plans considered
call_center
catalog_page
catalog_returns
catalog_sales
customer
customer_address
customer_demographics
date_dim
household_demographics
income_band
item
promotion
reason
ship_mode
store
store_returns
store_sales
time_dim
warehouse
web_page
web_returns
web_sales
web_site
Num Redshift Qs: 92; Num GCP Qs: 1
Redshift Qs: $5.388790707903704; GCP Qs: $0.00011920928955078125; Movement Cost: $49.83706571381539
Final cost: $60.101213558781126, BQ Baseline: $93.50381851196289, Diff: $33.402604953181765, %: 35.72325225296358%
Cost of Second Cheapest plan by subset (16759807, 0b111111111011101111111111): $61.058563818193214
Cost of Third Cheapest plan by subset (16235519, 0b111101111011101111111111): $61.318110505209596
