Egress: $0.12/GB
Benchmark: tpcds
Data Path: parquet_1000/real_data_rs1
BigQuery Cost: $5/TB; DuckDB Cost: $1.48/hr; Redshift Cost: $1.086/hr
Use Duck: False
Excluded Table: item
Excluded Query: None

Starting analysis without using DuckDB
Redshift Total: $2.6362195060805487, Redshift-Calcite Total: $2.169198710814715, BigQuery Total: $35.14582633972168
Number of keys: 47
Excluding table item and any queries that depend on it
item; 11
Optimal Subset: 0b0
Cost of new plan by subset (0, 0b0): $35.14582633972168
found 0 plans cheaper than baseline over 8388608 total plans considered
Num Redshift Qs: 0; Num GCP Qs: 47
Redshift Qs: $0; GCP Qs: $35.14582633972168; Movement Cost: $0.0
Final cost: $35.14582633972168, BQ Baseline: $35.14582633972168, Diff: $0.0, %: 0.0%
Cost of Second Cheapest plan by subset (524288, 0b10000000000000000000): $35.146145726860276
Cost of Third Cheapest plan by subset (8388608, 0b100000000000000000000000): $35.14615656788053
