Egress: $0.12/GB
Benchmark: tpcds
Data Path: parquet_1000/real_data_rs1
BigQuery Cost: $5/TB; DuckDB Cost: $1.48/hr; Redshift Cost: $1.086/hr
Use Duck: False
Excluded Table: time_dim
Excluded Query: None

Starting analysis without using DuckDB
Redshift Total: $6.592676254374982, Redshift-Calcite Total: $5.74161705547134, BigQuery Total: $91.1452054977417
Number of keys: 94
Excluding table time_dim and any queries that depend on it
time_dim; 18
Optimal Subset: 0b111110111111111111111111
Cost of new plan by subset (16515071, 0b111110111111111111111111): $61.05068982114952
found 41109 plans cheaper than baseline over 8388608 total plans considered
call_center
catalog_page
catalog_returns
catalog_sales
customer
customer_address
customer_demographics
date_dim
household_demographics
income_band
inventory
item
promotion
reason
ship_mode
store
store_returns
store_sales
warehouse
web_page
web_returns
web_sales
web_site
Num Redshift Qs: 93; Num GCP Qs: 1
Redshift Qs: $5.529358867669107; GCP Qs: $0.00011920928955078125; Movement Cost: $50.45320595651865
Final cost: $61.01413351286082, BQ Baseline: $91.1452054977417, Diff: $30.131071984880876, %: 33.05831812033978%
Cost of Second Cheapest plan by subset (16498687, 0b111110111011111111111111): $61.43255637561898
Cost of Third Cheapest plan by subset (16514047, 0b111110111111101111111111): $61.82402491599953
