Egress: $0.12/GB
Benchmark: tpcds
Data Path: parquet_1000/real_data_rs1
BigQuery Cost: $5/TB; DuckDB Cost: $1.48/hr; Redshift Cost: $1.086/hr
Use Duck: False
Excluded Table: web_site
Excluded Query: None

Starting analysis without using DuckDB
Excluding table web_site and any queries that depend on it
93
23
Total Keys: 94, Keys Considered: 93
h
61.301668904321055
55.92182067077766
82.51861290099737
26.596792230219705
['001']
['source']
Optimal Subset: 0b11111111111111111111101
h
55.92182067077765
