Egress: $0.12/GB
Benchmark: tpcds
Data Path: parquet_1000/batch_rs4
BigQuery Cost: $6.25/TB; DuckDB Cost: $1.48/hr; Redshift Cost: $4.344/hr
Use Duck: True
Using calcite profiles: False
Excluded Table: date_dim
Excluded Query: None

Starting analysis using DuckDB
Excluding table date_dim and any queries that depend on it
2
23
Total Keys: 10, Keys Considered: 2
0.003749154556641829
0.003749154556641829
0.0
['000', '001', '002', '003', '004', '005', '006', '008', '009', '0010', '0011', '0012', '0013', '0014', '0015', '0016', '0017', '0018', '0019', '0020', '0021', '0022', '0023']
['source', '84', '90']
[]
Costs: 0.23454118101248242, 0, 0.23454118101248242, 0.0, 0, 0.0, 0
Runtime: 1201.0520000000001
Optimal Subset: 0b0
0.003749154556641829
