Egress: $0.12/GB
Benchmark: tpcds
Data Path: parquet_1000/batch_rs4
BigQuery Cost: $6.25/TB; DuckDB Cost: $1.48/hr; Redshift Cost: $4.344/hr
Use Duck: True
Using calcite profiles: False
Excluded Table: store_sales
Excluded Query: None

Starting analysis using DuckDB
Excluding table store_sales and any queries that depend on it
16
23
Total Keys: 32, Keys Considered: 16
0.13493399226652134
0.13493399226652134
0.0
['000', '001', '002', '003', '004', '005', '006', '007', '008', '009', '0010', '0011', '0012', '0013', '0014', '0015', '0016', '0018', '0019', '0020', '0021', '0022', '0023']
['source', '15', '16', '20', '21', '22', '32', '37', '39', '40', '62', '66', '83', '84', '90', '91', '95']
[]
Costs: 0.5041163185270355, 0, 0.5041163185270355, 0.0, 0, 0.0, 0
Runtime: 3557.6939999999995
Optimal Subset: 0b0
0.13493399226652136
