Egress: $0.12/GB
Benchmark: tpcds
Data Path: parquet_2000/real_data_rs4
BigQuery Cost: $5/TB; DuckDB Cost: $1.48/hr; Redshift Cost: $4.344/hr
Use Duck: False
Excluded Table: call_center
Excluded Query: None

Starting analysis without using DuckDB
Redshift Total: $12.47048783697287, Redshift-Calcite Total: $12.61804690156778, BigQuery Total: $203.6855697631836
Excluding table call_center and any queries that depend on it
Total Keys: 87, Keys Considered: 86

Round 0
catalog_page: 0.0006659524515271187, 0.001641342578828335, -0.001641342578828335
catalog_page had no query dependencies
catalog_returns: 23.366260116919875, 3.055641583928863, 14.619925119708576
catalog_sales: 217.0907397372648, 29.06902721723467, 69.61313354099678
customer: 0.6484093563631177, 0.09310148717015981, 38.863338000644745
customer_address: 0.18544994108378887, 0.039146145576437315, 33.43785075391074
customer_demographics: 0.012168197892606258, 0.008649011439780394, 19.538946205228665
date_dim: 0.0019952356815338135, 0.005548842283884685, 165.35967537235894
household_demographics: 3.512948751449585e-05, 0.0014911169870694479, 16.481893596120674
income_band: 6.137415766716003e-07, 0.001432219301760197, 0.01238415368090073
inventory: 0.24701470416039228, 0.053794537451962623, 0.2986295997874936
item: 0.005464168265461922, 0.006621860377987226, 114.059046450269
promotion: 2.6027671992778778e-05, 0.0015020663951834043, -0.0015020663951834043
promotion had no query dependencies
reason: 1.2423843145370483e-06, 0.0015698677839835486, 8.502910872133771
ship_mode: 1.5795230865478516e-06, 0.0016956551408767702, 1.607203588242531
store: 2.3781321942806244e-05, 0.001519865025977294, 71.76472620591373
store_returns: 36.877127600833774, 4.852840656587879, 22.306079298656183
store_sales: 288.85508783441037, 39.60351050187101, 138.93793719041676
time_dim: 0.0012104213237762451, 0.014676154737472535, 8.781798676280976
warehouse: 2.3292377591133118e-06, 0.017696205510397755, 2.2893068668134013
web_page: 1.0661780834197998e-05, 0.01408625907500585, 7.7006610816788665
web_returns: 11.326140539720654, 1.5145185503270229, 16.931300356752672
web_sales: 109.34904180746526, 14.70079028174867, 81.46046347789932
web_site: 8.863396942615509e-06, 0.01843846360375484, 1.2537864971382418

Round 1
catalog_returns: 23.366260116919875, 3.055641583928863, 14.619925119708576
catalog_sales: 217.0907397372648, 29.06902721723467, 69.61313354099678
customer: 0.6484093563631177, 0.09310148717015981, 38.863338000644745
customer_address: 0.18544994108378887, 0.039146145576437315, 33.43785075391074
customer_demographics: 0.012168197892606258, 0.008649011439780394, 19.538946205228665
date_dim: 0.0019952356815338135, 0.005548842283884685, 165.35967537235894
household_demographics: 3.512948751449585e-05, 0.0014911169870694479, 16.481893596120674
income_band: 6.137415766716003e-07, 0.001432219301760197, 0.01238415368090073
inventory: 0.24701470416039228, 0.053794537451962623, 0.2986295997874936
item: 0.005464168265461922, 0.006621860377987226, 114.059046450269
reason: 1.2423843145370483e-06, 0.0015698677839835486, 8.502910872133771
ship_mode: 1.5795230865478516e-06, 0.0016956551408767702, 1.607203588242531
store: 2.3781321942806244e-05, 0.001519865025977294, 71.76472620591373
store_returns: 36.877127600833774, 4.852840656587879, 22.306079298656183
store_sales: 288.85508783441037, 39.60351050187101, 138.93793719041676
time_dim: 0.0012104213237762451, 0.014676154737472535, 8.781798676280976
warehouse: 2.3292377591133118e-06, 0.017696205510397755, 2.2893068668134013
web_page: 1.0661780834197998e-05, 0.01408625907500585, 7.7006610816788665
web_returns: 11.326140539720654, 1.5145185503270229, 16.931300356752672
web_sales: 109.34904180746526, 14.70079028174867, 81.46046347789932
web_site: 8.863396942615509e-06, 0.01843846360375484, 1.2537864971382418
[2, 3, 4, 5, 6, 7, 8, 9, 10, 11, 13, 14, 15, 16, 17, 18, 19, 20, 21, 22, 23]
21
Optimal Subset: 0b111111111110111111111100
Num Redshift Qs: 86; Num GCP Qs: 1
Redshift Qs: $11.050267589615181; GCP Qs: $4.76837158203125e-05; Movement Cost: $82.55594326347112
Final cost: $104.2337421268473, BQ Baseline: $203.6855697631836, Diff: $99.45182763633629, %: 48.826152855091614%
