Egress: $0.12/GB
Benchmark: tpcds
Data Path: parquet_2000/real_data_rs4
BigQuery Cost: $5/TB; DuckDB Cost: $1.48/hr; Redshift Cost: $4.344/hr
Use Duck: False
Excluded Table: web_site
Excluded Query: None

Starting analysis without using DuckDB
Redshift Total: $12.479874192935625, Redshift-Calcite Total: $12.550707427393595, BigQuery Total: $205.52494525909424
Excluding table web_site and any queries that depend on it
Total Keys: 88, Keys Considered: 87

Round 0
call_center: 5.735084414482117e-06, 0.0016539776219924292, 3.099191158551574
catalog_page: 0.0006659524515271187, 0.001641342578828335, -0.001641342578828335
catalog_page had no query dependencies
catalog_returns: 23.366260116919875, 3.055641583928863, 15.72920895933489
catalog_sales: 217.0907397372648, 29.06902721723467, 72.66581561661809
customer: 0.6484093563631177, 0.09310148717015981, 38.911501061197015
customer_address: 0.18544994108378887, 0.039146145576437315, 33.52562109811246
customer_demographics: 0.012168197892606258, 0.008649011439780394, 19.587109265780946
date_dim: 0.0019952356815338135, 0.005548842283884685, 167.18829554779057
household_demographics: 3.512948751449585e-05, 0.0014911169870694479, 16.530056656672958
income_band: 6.137415766716003e-07, 0.001432219301760197, 0.01238415368090073
inventory: 0.24701470416039228, 0.053794537451962623, 0.29862959978749354
item: 0.005464168265461922, 0.006621860377987226, 115.55203958758256
promotion: 2.6027671992778778e-05, 0.0015020663951834043, -0.0015020663951834043
promotion had no query dependencies
reason: 1.2423843145370483e-06, 0.0015698677839835486, 8.502910872133771
ship_mode: 1.5795230865478516e-06, 0.0016956551408767702, 1.8550602821588518
store: 2.3781321942806244e-05, 0.001519865025977294, 71.7647262059137
store_returns: 36.877127600833774, 4.852840656587879, 22.306079298656186
store_sales: 288.85508783441037, 39.60351050187101, 138.93793719041682
time_dim: 0.0012104213237762451, 0.014676154737472535, 8.781798676280975
warehouse: 2.3292377591133118e-06, 0.017696205510397755, 2.5371635607297223
web_page: 1.0661780834197998e-05, 0.01408625907500585, 7.7006610816788665
web_returns: 11.326140539720654, 1.5145185503270229, 15.909786861328087
web_sales: 109.34904180746526, 14.70079028174867, 80.18823851715733

Round 1
call_center: 5.735084414482117e-06, 0.0016539776219924292, 3.099191158551574
catalog_returns: 23.366260116919875, 3.055641583928863, 15.72920895933489
catalog_sales: 217.0907397372648, 29.06902721723467, 72.66581561661809
customer: 0.6484093563631177, 0.09310148717015981, 38.911501061197015
customer_address: 0.18544994108378887, 0.039146145576437315, 33.52562109811246
customer_demographics: 0.012168197892606258, 0.008649011439780394, 19.587109265780946
date_dim: 0.0019952356815338135, 0.005548842283884685, 167.18829554779057
household_demographics: 3.512948751449585e-05, 0.0014911169870694479, 16.530056656672958
income_band: 6.137415766716003e-07, 0.001432219301760197, 0.01238415368090073
inventory: 0.24701470416039228, 0.053794537451962623, 0.29862959978749354
item: 0.005464168265461922, 0.006621860377987226, 115.55203958758256
reason: 1.2423843145370483e-06, 0.0015698677839835486, 8.502910872133771
ship_mode: 1.5795230865478516e-06, 0.0016956551408767702, 1.8550602821588518
store: 2.3781321942806244e-05, 0.001519865025977294, 71.7647262059137
store_returns: 36.877127600833774, 4.852840656587879, 22.306079298656186
store_sales: 288.85508783441037, 39.60351050187101, 138.93793719041682
time_dim: 0.0012104213237762451, 0.014676154737472535, 8.781798676280975
warehouse: 2.3292377591133118e-06, 0.017696205510397755, 2.5371635607297223
web_page: 1.0661780834197998e-05, 0.01408625907500585, 7.7006610816788665
web_returns: 11.326140539720654, 1.5145185503270229, 15.909786861328087
web_sales: 109.34904180746526, 14.70079028174867, 80.18823851715733
[0, 2, 3, 4, 5, 6, 7, 8, 9, 10, 11, 13, 14, 15, 16, 17, 18, 19, 20, 21, 22]
21
Optimal Subset: 0b11111111110111111111101
Num Redshift Qs: 87; Num GCP Qs: 1
Redshift Qs: $11.06102291009426; GCP Qs: $4.76837158203125e-05; Movement Cost: $82.55594288807362
Final cost: $104.22768287845953, BQ Baseline: $205.52494525909424, Diff: $101.2972623806347, %: 49.28708885091038%
