Egress: $0.12/GB
Benchmark: tpcds
Data Path: parquet_2000/real_data_rs4
BigQuery Cost: $5/TB; DuckDB Cost: $1.48/hr; Redshift Cost: $4.344/hr
Use Duck: False
Excluded Table: customer_demographics
Excluded Query: None

Starting analysis without using DuckDB
Redshift Total: $11.350541514905297, Redshift-Calcite Total: $11.444660527547201, BigQuery Total: $186.11902236938477
Excluding table customer_demographics and any queries that depend on it
Total Keys: 81, Keys Considered: 80

Round 0
call_center: 5.735084414482117e-06, 0.0016539776219924292, 3.0510280979992945
catalog_page: 0.0006659524515271187, 0.001641342578828335, -0.001641342578828335
catalog_page had no query dependencies
catalog_returns: 23.366260116919875, 3.055641583928863, 15.68104589878261
catalog_sales: 217.0907397372648, 29.06902721723467, 64.30753472110996
customer: 0.6484093563631177, 0.09310148717015981, 30.49124073215395
customer_address: 0.18544994108378887, 0.039146145576437315, 21.318641264371273
date_dim: 0.0019952356815338135, 0.005548842283884685, 148.87857860429455
household_demographics: 3.512948751449585e-05, 0.0014911169870694479, 13.84638119795243
income_band: 6.137415766716003e-07, 0.001432219301760197, -0.001432219301760197
income_band had no query dependencies
inventory: 0.24701470416039228, 0.053794537451962623, 0.2986295997874935
item: 0.005464168265461922, 0.006621860377987226, 102.73022687261481
promotion: 2.6027671992778778e-05, 0.0015020663951834043, -0.0015020663951834043
promotion had no query dependencies
reason: 1.2423843145370483e-06, 0.0015698677839835486, 8.039364101065198
ship_mode: 1.5795230865478516e-06, 0.0016956551408767702, 2.10577174747626
store: 2.3781321942806244e-05, 0.001519865025977294, 61.05277502880463
store_returns: 36.877127600833774, 4.852840656587879, 22.292262925673526
store_sales: 288.85508783441037, 39.60351050187101, 126.32225288471238
time_dim: 0.0012104213237762451, 0.014676154737472535, 8.781798676280976
warehouse: 2.3292377591133118e-06, 0.017696205510397755, 2.78787502604713
web_page: 1.0661780834197998e-05, 0.01408625907500585, 7.237114310610294
web_returns: 11.326140539720654, 1.5145185503270229, 16.4677535856841
web_sales: 109.34904180746526, 14.70079028174867, 79.0931835782354
web_site: 8.863396942615509e-06, 0.01843846360375484, 1.253786497138242

Round 1
call_center: 5.735084414482117e-06, 0.0016539776219924292, 3.0510280979992945
catalog_returns: 23.366260116919875, 3.055641583928863, 15.68104589878261
catalog_sales: 217.0907397372648, 29.06902721723467, 64.30753472110996
customer: 0.6484093563631177, 0.09310148717015981, 30.49124073215395
customer_address: 0.18544994108378887, 0.039146145576437315, 21.318641264371273
date_dim: 0.0019952356815338135, 0.005548842283884685, 148.87857860429455
household_demographics: 3.512948751449585e-05, 0.0014911169870694479, 13.84638119795243
inventory: 0.24701470416039228, 0.053794537451962623, 0.2986295997874935
item: 0.005464168265461922, 0.006621860377987226, 102.73022687261481
reason: 1.2423843145370483e-06, 0.0015698677839835486, 8.039364101065198
ship_mode: 1.5795230865478516e-06, 0.0016956551408767702, 2.10577174747626
store: 2.3781321942806244e-05, 0.001519865025977294, 61.05277502880463
store_returns: 36.877127600833774, 4.852840656587879, 22.292262925673526
store_sales: 288.85508783441037, 39.60351050187101, 126.32225288471238
time_dim: 0.0012104213237762451, 0.014676154737472535, 8.781798676280976
warehouse: 2.3292377591133118e-06, 0.017696205510397755, 2.78787502604713
web_page: 1.0661780834197998e-05, 0.01408625907500585, 7.237114310610294
web_returns: 11.326140539720654, 1.5145185503270229, 16.4677535856841
web_sales: 109.34904180746526, 14.70079028174867, 79.0931835782354
web_site: 8.863396942615509e-06, 0.01843846360375484, 1.253786497138242
[0, 2, 3, 4, 5, 7, 8, 10, 11, 13, 14, 15, 16, 17, 18, 19, 20, 21, 22, 23]
20
Optimal Subset: 0b111111111110110110111101
Num Redshift Qs: 80; Num GCP Qs: 1
Redshift Qs: $9.978633336863517; GCP Qs: $4.76837158203125e-05; Movement Cost: $82.55448369428515
Final cost: $103.14829681622989, BQ Baseline: $186.11902236938477, Diff: $82.97072555315488, %: 44.579390379821255%
