Egress: $0.12/GB
Benchmark: tpcds
Data Path: parquet_2000/real_data_rs4
BigQuery Cost: $5/TB; DuckDB Cost: $1.48/hr; Redshift Cost: $4.344/hr
Use Duck: False
Excluded Table: customer_demographics
Excluded Query: None

Starting analysis without using DuckDB
Redshift Total: $12.01086208253225, Redshift-Calcite Total: $12.104981095174159, BigQuery Total: $207.4698543548584
Number of keys: 85
Excluding table customer_demographics and any queries that depend on it
customer_demographics; 6
Optimal Subset: 0b111111111111110110111111
Cost of new plan by subset (16776639, 0b111111111111110110111111): $103.87473026002053
found 344401 plans cheaper than baseline over 8388608 total plans considered
call_center
catalog_page
catalog_returns
catalog_sales
customer
customer_address
date_dim
household_demographics
inventory
item
promotion
reason
ship_mode
store
store_returns
store_sales
time_dim
warehouse
web_page
web_returns
web_sales
web_site
Num Redshift Qs: 84; Num GCP Qs: 1
Redshift Qs: $10.638953904490473; GCP Qs: $4.76837158203125e-05; Movement Cost: $82.55456673189997
Final cost: $103.81507097197355, BQ Baseline: $207.4698543548584, Diff: $103.65478338288484, %: 49.961370872508894%
Cost of Second Cheapest plan by subset (16777151, 0b111111111111111110111111): $103.8761796254562
Cost of Third Cheapest plan by subset (16775615, 0b111111111111100110111111): $104.17310347053146
