Egress: $0.12/GB
Benchmark: tpcds
Data Path: parquet_2000/real_data_rs4
BigQuery Cost: $5/TB; DuckDB Cost: $1.48/hr; Redshift Cost: $4.344/hr
Use Duck: False
Excluded Table: call_center
Excluded Query: None

Starting analysis without using DuckDB
Redshift Total: $14.051932966594698, Redshift-Calcite Total: $14.199492031189605, BigQuery Total: $236.39038562774658
Number of keys: 95
Excluding table call_center and any queries that depend on it
call_center; 0
Optimal Subset: 0b111111111111111111111110
Cost of new plan by subset (16777214, 0b111111111111111111111110): $105.88590747009162
found 392451 plans cheaper than baseline over 8388608 total plans considered
catalog_page
catalog_returns
catalog_sales
customer
customer_address
customer_demographics
date_dim
household_demographics
income_band
inventory
item
promotion
reason
ship_mode
store
store_returns
store_sales
time_dim
warehouse
web_page
web_returns
web_sales
web_site
Num Redshift Qs: 94; Num GCP Qs: 1
Redshift Qs: $12.631712719237013; GCP Qs: $4.76837158203125e-05; Movement Cost: $82.55602630108595
Final cost: $105.82623713115484, BQ Baseline: $236.39038562774658, Diff: $130.56414849659174, %: 55.23242755828333%
Cost of Second Cheapest plan by subset (16776190, 0b111111111111101111111110): $106.76810324748507
Cost of Third Cheapest plan by subset (16760830, 0b111111111011111111111110): $107.4927801129782
