Egress: $0.12/GB
Benchmark: tpcds
Data Path: parquet_1000/internal2024_rs4
BigQuery Cost: $6.25/TB; DuckDB Cost: $1.48/hr; Redshift Cost: $4.344/hr
Use Duck: False
Using calcite profiles: False
Excluded Table: household_demographics
Excluded Query: None

Starting analysis without using DuckDB
Excluding table household_demographics and any queries that depend on it
84
23
Total Keys: 86, Keys Considered: 84
49.17784371753691
49.49472737472693
0.31688365719001865
['009']
['source']
['call_center', 'catalog_page', 'catalog_returns', 'catalog_sales', 'customer', 'customer_address', 'customer_demographics', 'date_dim', 'inventory', 'item', 'promotion', 'reason', 'ship_mode', 'store', 'store_returns', 'store_sales', 'time_dim', 'warehouse', 'web_page', 'web_returns', 'web_sales', 'web_site']
Costs: 58.96799521630043, 8.44422387916406, 1.3459324836730957, 42.80121101300453, 6.307974119140307, 0.03786100648669635, 0.030792714831748603
Runtime: 13110.205616903957
Optimal Subset: 0b111111111111110011111111
49.17784371753692
