Egress: $0.12/GB
Benchmark: tpcds
Data Path: parquet_1000/internal2024_rs4
BigQuery Cost: $6.25/TB; DuckDB Cost: $1.48/hr; Redshift Cost: $4.344/hr
Use Duck: False
Using calcite profiles: False
Excluded Table: web_site
Excluded Query: None

Starting analysis without using DuckDB
Excluding table web_site and any queries that depend on it
92
23
Total Keys: 94, Keys Considered: 92
49.178491435601934
55.03925198390006
5.860760548298124
['001']
['source']
['call_center', 'catalog_returns', 'catalog_sales', 'customer', 'customer_address', 'customer_demographics', 'date_dim', 'household_demographics', 'income_band', 'inventory', 'item', 'promotion', 'reason', 'ship_mode', 'store', 'store_returns', 'store_sales', 'time_dim', 'warehouse', 'web_page', 'web_returns', 'web_sales']
Costs: 59.82413032027017, 9.299712239961627, 1.3459324836730957, 42.80101148447638, 6.3066285920079554, 0.04005294784170248, 0.030792572309407587
Runtime: 13818.054670064244
Optimal Subset: 0b11111111111111111111101
49.178491435601934
