Egress: $0.12/GB
Benchmark: tpcds
Data Path: parquet_1000/internal2024_rs4
BigQuery Cost: $6.25/TB; DuckDB Cost: $1.48/hr; Redshift Cost: $4.344/hr
Use Duck: False
Using calcite profiles: False
Excluded Table: store_returns
Excluded Query: None

Starting analysis without using DuckDB
Excluding table store_returns and any queries that depend on it
81
23
Total Keys: 83, Keys Considered: 81
41.750189207685295
43.15071849194528
1.4005292842599815
['000', '001', '002', '003', '009', '0010', '0014', '0019', '0020', '0021', '0022', '0023']
['source', '02', '04', '10', '11', '12', '14', '15', '16', '18', '20', '21', '22', '26', '30', '31', '32', '33', '35', '37', '38', '39', '40', '45', '51', '54', '56', '57', '58', '60', '62', '66', '69', '71', '72', '74', '76', '81', '82', '85', '86', '87', '90', '91', '92', '94', '95', '97', '99']
['customer', 'customer_address', 'customer_demographics', 'date_dim', 'household_demographics', 'item', 'promotion', 'reason', 'store', 'store_sales', 'time_dim']
Costs: 49.98641519352304, 3.1918923321485515, 26.221495866775513, 17.752534420409354, 2.8013223279507953, 0.006379689788890881, 0.012790556449934843
Runtime: 8885.793000000001
Optimal Subset: 0b1101011100111110000
41.75018920768528
