Egress: $0.12/GB
Benchmark: tpcds
Data Path: parquet_1000/internal2024_rs4
BigQuery Cost: $6.25/TB; DuckDB Cost: $1.48/hr; Redshift Cost: $4.344/hr
Use Duck: False
Using calcite profiles: False
Excluded Table: catalog_returns
Excluded Query: None

Starting analysis without using DuckDB
Excluding table catalog_returns and any queries that depend on it
84
23
Total Keys: 86, Keys Considered: 84
45.645256553825476
47.045376225433344
1.400119671607868
['000', '001', '003', '009', '0010', '0014', '0016', '0019', '0020', '0021', '0022', '0023']
['source', '01', '02', '04', '10', '11', '12', '14', '15', '17', '18', '20', '21', '22', '24', '25', '26', '29', '30', '31', '32', '33', '35', '37', '38', '39', '45', '50', '51', '54', '56', '57', '58', '60', '62', '66', '69', '71', '74', '76', '82', '84', '85', '86', '87', '90', '92', '93', '94', '95', '97', '99']
['customer', 'customer_address', 'customer_demographics', 'date_dim', 'household_demographics', 'item', 'promotion', 'reason', 'store', 'store_sales', 'time_dim']
Costs: 54.066299484218234, 3.1918923321485515, 30.301380157470703, 17.752534420409354, 2.8013223279507953, 0.006379689788890881, 0.012790556449934843
Runtime: 5783.018999999999
Optimal Subset: 0b1101011100111110000
45.64525655382548
