Egress: $0.12/GB
Benchmark: tpcds
Data Path: parquet_2000/real_data_rs4
BigQuery Cost: $5/TB; DuckDB Cost: $1.48/hr; Redshift Cost: $4.344/hr
Use Duck: True
Excluded Table: reason
Excluded Query: None

Starting analysis using DuckDB
Duck Total: $40.39644621059894, Duck-Calcite Total: $47.32438119596905, Redshift Total: $9.589645636151635, Redshift-Calcite Total: $10.174819697216352, BigQuery Total: $177.31026649475098
Excluding table reason and any queries that depend on it
Total Keys: 83, Keys Considered: 76

Round 0
call_center: 5.735084414482117e-06, 0.0016539776219924292, 0.6874136219914093
catalog_page: 0.0006659524515271187, 0.001641342578828335, -0.001641342578828335
catalog_page had no query dependencies
catalog_returns: 23.366260116919875, 3.055641583928863, -1.310946394264764
catalog_sales: 217.0907397372648, 29.06902721723467, -15.025058503215748
customer: 0.6484093563631177, 0.09310148717015981, 10.638012920943
customer_address: 0.18544994108378887, 0.039146145576437315, 4.920186488943563
customer_demographics: 0.012168197892606258, 0.008649011439780394, 1.6783869849994117
date_dim: 0.0019952356815338135, 0.005548842283884685, 23.469499958234362
household_demographics: 3.512948751449585e-05, 0.0014911169870694479, 3.2284302773859763
income_band: 6.137415766716003e-07, 0.001432219301760197, 0.009139821637570853
inventory: 0.24701470416039228, 0.053794537451962623, 0.1649222563082311
item: 0.005464168265461922, 0.006621860377987226, 11.43855256887972
promotion: 2.6027671992778778e-05, 0.0015020663951834043, -0.0015020663951834043
promotion had no query dependencies
ship_mode: 1.5795230865478516e-06, 0.0016956551408767702, 0.8247237030092874
store: 2.3781321942806244e-05, 0.001519865025977294, 8.472611670029393
store_returns: 36.877127600833774, 4.852840656587879, -1.0101964183034502
store_sales: 288.85508783441037, 39.60351050187101, -15.860603078345616
time_dim: 0.0012104213237762451, 0.014676154737472535, 2.1336402864980695
warehouse: 2.3292377591133118e-06, 0.017696205510397755, 0.8792034527139199
web_page: 1.0661780834197998e-05, 0.01408625907500585, 0.2538334514048365
web_returns: 11.326140539720654, 1.5145185503270229, 0.6030766930962272
web_sales: 109.34904180746526, 14.70079028174867, -0.0821365640988958
web_site: 8.863396942615509e-06, 0.01843846360375484, 0.816634756423003

Round 1
call_center: 5.735084414482117e-06, 0.0016539776219924292, -0.0016539776219924292
call_center had no query dependencies
customer: 0.6484093563631177, 0.09310148717015981, -0.09310148717015981
customer had no query dependencies
customer_address: 0.18544994108378887, 0.039146145576437315, -0.039146145576437315
customer_address had no query dependencies
customer_demographics: 0.012168197892606258, 0.008649011439780394, -0.008649011439780394
customer_demographics had no query dependencies
date_dim: 0.0019952356815338135, 0.005548842283884685, -0.00010153168519338139
household_demographics: 3.512948751449585e-05, 0.0014911169870694479, -0.0014911169870694479
household_demographics had no query dependencies
income_band: 6.137415766716003e-07, 0.001432219301760197, -0.001432219301760197
income_band had no query dependencies
inventory: 0.24701470416039228, 0.053794537451962623, -0.04834722685327132
item: 0.005464168265461922, 0.006621860377987226, -0.0011745497792959225
ship_mode: 1.5795230865478516e-06, 0.0016956551408767702, -0.0016956551408767702
ship_mode had no query dependencies
store: 2.3781321942806244e-05, 0.001519865025977294, -0.001519865025977294
store had no query dependencies
time_dim: 0.0012104213237762451, 0.014676154737472535, -0.014676154737472535
time_dim had no query dependencies
warehouse: 2.3292377591133118e-06, 0.017696205510397755, -0.012248894911706451
web_page: 1.0661780834197998e-05, 0.01408625907500585, -0.01408625907500585
web_page had no query dependencies
web_returns: 11.326140539720654, 1.5145185503270229, -1.5145185503270229
web_returns had no query dependencies
web_site: 8.863396942615509e-06, 0.01843846360375484, -0.01843846360375484
web_site had no query dependencies
[]
0
Optimal Subset: 0b0
Num Redshift Qs: 0; Num GCP Qs: 83
Num BigQuery Qs: 1; Num DuckDB Qs: 82
Redshift Qs: $0; GCP Qs: $35.37985135908922; Movement Cost: $0.0
Final cost: $35.37985135908922, BQ Baseline: $40.39644621059894, Diff: $5.016594851509716, %: 12.418406375047656%
