Egress: $0.12/GB
Benchmark: tpcds
Data Path: parquet_2000/real_data_rs4
BigQuery Cost: $5/TB; DuckDB Cost: $1.48/hr; Redshift Cost: $4.344/hr
Use Duck: True
Excluded Table: call_center
Excluded Query: None

Starting analysis using DuckDB
Duck Total: $42.75049916413891, Duck-Calcite Total: $49.33936253819202, Redshift Total: $9.984263941445347, Redshift-Calcite Total: $10.447821293096542, BigQuery Total: $182.92693614959717
Excluding table call_center and any queries that depend on it
Total Keys: 82, Keys Considered: 76

Round 0
catalog_page: 0.0006659524515271187, 0.001641342578828335, -0.001641342578828335
catalog_page had no query dependencies
catalog_returns: 23.366260116919875, 3.055641583928863, -1.5576780646677149
catalog_sales: 217.0907397372648, 29.06902721723467, -15.714126102829145
customer: 0.6484093563631177, 0.09310148717015981, 10.638012920943002
customer_address: 0.18544994108378887, 0.039146145576437315, 4.884632364533675
customer_demographics: 0.012168197892606258, 0.008649011439780394, 1.889564530992475
date_dim: 0.0019952356815338135, 0.005548842283884685, 22.99160990461403
household_demographics: 3.512948751449585e-05, 0.0014911169870694479, 3.2284302773859763
income_band: 6.137415766716003e-07, 0.001432219301760197, 0.009139821637570853
inventory: 0.24701470416039228, 0.053794537451962623, 0.1649222563082311
item: 0.005464168265461922, 0.006621860377987226, 11.260948740855916
promotion: 2.6027671992778778e-05, 0.0015020663951834043, -0.0015020663951834043
promotion had no query dependencies
reason: 1.2423843145370483e-06, 0.0015698677839835486, 2.8257135624172283
ship_mode: 1.5795230865478516e-06, 0.0016956551408767702, 0.5599916018226411
store: 2.3781321942806244e-05, 0.001519865025977294, 8.472611670029396
store_returns: 36.877127600833774, 4.852840656587879, -0.37763558988683776
store_sales: 288.85508783441037, 39.60351050187101, -13.24449719413747
time_dim: 0.0012104213237762451, 0.014676154737472535, 2.133640286498069
warehouse: 2.3292377591133118e-06, 0.017696205510397755, 0.6144713515272736
web_page: 1.0661780834197998e-05, 0.01408625907500585, 0.4650109973978997
web_returns: 11.326140539720654, 1.5145185503270229, 0.8142542390892906
web_sales: 109.34904180746526, 14.70079028174867, 0.12904098189416935
web_site: 8.863396942615509e-06, 0.01843846360375484, 0.816634756423003

Round 1
customer: 0.6484093563631177, 0.09310148717015981, -0.03552037093516853
customer_address: 0.18544994108378887, 0.039146145576437315, 0.914277230289181
customer_demographics: 0.012168197892606258, 0.008649011439780394, 0.20252853455328282
date_dim: 0.0019952356815338135, 0.005548842283884685, 1.335926745765474
household_demographics: 3.512948751449585e-05, 0.0014911169870694479, 0.06681758037805556
income_band: 6.137415766716003e-07, 0.001432219301760197, -0.001432219301760197
income_band had no query dependencies
inventory: 0.24701470416039228, 0.053794537451962623, -0.04834722685327132
item: 0.005464168265461922, 0.006621860377987226, 0.2886029616515504
reason: 1.2423843145370483e-06, 0.0015698677839835486, 0.20960767820907966
ship_mode: 1.5795230865478516e-06, 0.0016956551408767702, 0.14871285124831726
store: 2.3781321942806244e-05, 0.001519865025977294, -0.001519865025977294
store had no query dependencies
time_dim: 0.0012104213237762451, 0.014676154737472535, 0.05363254262765248
warehouse: 2.3292377591133118e-06, 0.017696205510397755, 0.1381596114774876
web_page: 1.0661780834197998e-05, 0.01408625907500585, 0.2653999842831824
web_returns: 11.326140539720654, 1.5145185503270229, -0.6186762906963958
web_sales: 109.34904180746526, 14.70079028174867, -13.296453306932879
web_site: 8.863396942615509e-06, 0.01843846360375484, 0.816634756423003

Round 2
customer_address: 0.18544994108378887, 0.039146145576437315, -0.039146145576437315
customer_address had no query dependencies
customer_demographics: 0.012168197892606258, 0.008649011439780394, -0.008649011439780394
customer_demographics had no query dependencies
date_dim: 0.0019952356815338135, 0.005548842283884685, -0.005548842283884685
date_dim had no query dependencies
household_demographics: 3.512948751449585e-05, 0.0014911169870694479, -0.0014911169870694479
household_demographics had no query dependencies
item: 0.005464168265461922, 0.006621860377987226, -0.006621860377987226
item had no query dependencies
reason: 1.2423843145370483e-06, 0.0015698677839835486, -0.0015698677839835486
reason had no query dependencies
ship_mode: 1.5795230865478516e-06, 0.0016956551408767702, -0.0016956551408767702
ship_mode had no query dependencies
time_dim: 0.0012104213237762451, 0.014676154737472535, -0.014676154737472535
time_dim had no query dependencies
warehouse: 2.3292377591133118e-06, 0.017696205510397755, -0.017696205510397755
warehouse had no query dependencies
web_page: 1.0661780834197998e-05, 0.01408625907500585, -0.01408625907500585
web_page had no query dependencies
web_site: 8.863396942615509e-06, 0.01843846360375484, -0.01843846360375484
web_site had no query dependencies
[]
0
Optimal Subset: 0b0
Num Redshift Qs: 0; Num GCP Qs: 82
Num BigQuery Qs: 1; Num DuckDB Qs: 81
Redshift Qs: $0; GCP Qs: $37.73390431262917; Movement Cost: $0.0
Final cost: $37.73390431262917, BQ Baseline: $42.75049916413891, Diff: $5.016594851509737, %: 11.734587781650719%
