Egress: $0.12/GB
Benchmark: tpcds
Data Path: parquet_2000/internal_rs4
BigQuery Cost: $5/TB; DuckDB Cost: $1.48/hr; Redshift Cost: $4.344/hr
Use Duck: False
Excluded Table: catalog_sales
Excluded Query: None

Starting analysis without using DuckDB
Excluding table catalog_sales and any queries that depend on it
58
23
Total Keys: 60, Keys Considered: 58
h
97.37956780085024
46.385711564313574
46.38571156431355
-2.1316282072803006e-14
['000', '001', '002', '004', '005', '006', '007', '008', '009', '0010', '0011', '0012', '0013', '0014', '0015', '0016', '0017', '0018', '0019', '0020', '0021', '0022', '0023']
['source', '01', '03', '06', '07', '08', '09', '11', '12', '13', '19', '21', '22', '24', '27', '28', '31', '34', '36', '39', '42', '43', '44', '45', '46', '47', '48', '50', '51', '52', '53', '55', '59', '61', '62', '63', '65', '67', '68', '70', '73', '74', '79', '81', '82', '83', '84', '85', '86', '88', '89', '90', '91', '92', '93', '94', '95', '96', '98']
Optimal Subset: 0b0
h
46.38571156431358
