Egress: $0.12/GB
Benchmark: tpcds
Data Path: parquet_2000/internal_rs4
BigQuery Cost: $5/TB; DuckDB Cost: $1.48/hr; Redshift Cost: $4.344/hr
Use Duck: False
Excluded Table: store
Excluded Query: None

Starting analysis without using DuckDB
Excluding table store and any queries that depend on it
63
23
Total Keys: 65, Keys Considered: 63
h
97.69059649411363
51.71200765250206
51.71200765250204
-2.1316282072803006e-14
['000', '001', '002', '003', '004', '005', '006', '007', '008', '009', '0010', '0011', '0012', '0013', '0014', '0016', '0017', '0018', '0019', '0020', '0021', '0022', '0023']
['source', '02', '03', '04', '06', '07', '09', '10', '11', '12', '14', '15', '16', '18', '20', '21', '22', '23', '26', '28', '31', '32', '33', '35', '37', '38', '39', '40', '42', '44', '45', '49', '51', '52', '55', '56', '57', '58', '60', '62', '66', '69', '71', '72', '74', '75', '76', '78', '81', '82', '83', '84', '85', '86', '87', '90', '91', '92', '93', '94', '95', '97', '98', '99']
Optimal Subset: 0b0
h
51.71200765250204
