Egress: $0.12/GB
Benchmark: tpcds
Data Path: parquet_2000/internal_rs1
BigQuery Cost: $5/TB; DuckDB Cost: $1.48/hr; Redshift Cost: $1.086/hr
Use Duck: False
Excluded Table: customer_demographics
Excluded Query: None

Starting analysis without using DuckDB
Excluding table customer_demographics and any queries that depend on it
83
23
Total Keys: 85, Keys Considered: 83
h
98.120460986171
80.81949850082873
80.81949850082876
2.842170943040401e-14
['000', '001', '002', '003', '004', '005', '007', '008', '009', '0010', '0011', '0012', '0013', '0014', '0015', '0016', '0017', '0018', '0019', '0020', '0021', '0022', '0023']
['source', '01', '02', '03', '04', '05', '06', '08', '09', '11', '12', '14', '15', '16', '17', '19', '20', '21', '22', '23', '24', '25', '28', '29', '30', '31', '32', '33', '34', '36', '37', '38', '39', '40', '42', '43', '44', '45', '46', '47', '49', '50', '51', '52', '53', '54', '55', '56', '57', '58', '59', '60', '61', '62', '63', '65', '66', '68', '70', '71', '73', '74', '75', '76', '77', '78', '79', '80', '81', '82', '83', '86', '87', '88', '89', '90', '92', '93', '94', '95', '96', '97', '98', '99']
Optimal Subset: 0b0
h
80.81949850082871
