Egress: $0.12/GB
Benchmark: tpcds
Data Path: parquet_2000/real_data_rs4
BigQuery Cost: $5/TB; DuckDB Cost: $1.48/hr; Redshift Cost: $4.344/hr
Use Duck: True
Excluded Table: store_returns
Excluded Query: None

Starting analysis using DuckDB
Duck Total: $39.304007799683674, Duck-Calcite Total: $44.71607176960045, Redshift Total: $9.103765567690534, Redshift-Calcite Total: $8.764945367712976, BigQuery Total: $172.02595233917236
Excluding table store_returns and any queries that depend on it
Total Keys: 79, Keys Considered: 75
-0.07095672386712992
call_center: 5.735084414482117e-06, 0.0016639788662957758, 0.717621064838994
catalog_page: 0.0006659524515271187, 0.0016514870661286474, -0.0016514870661286474
catalog_page had no query dependencies
catalog_returns: 23.366260116919875, 3.0607212068951144, -2.726976185533354
catalog_sales: 217.0907397372648, 29.116137959690906, -17.222235868600055
customer: 0.6484093563631177, 0.09325216826110472, 10.15114799038254
customer_address: 0.18544994108378887, 0.03919638142401001, 4.675445524070707
customer_demographics: 0.012168197892606258, 0.00866165149322436, 2.621172782137576
date_dim: 0.0019952356815338135, 0.005559275176978555, 21.967121672620873
household_demographics: 3.512948751449585e-05, 0.0015011246088820873, 3.2975964468297643
income_band: 6.137415766716003e-07, 0.001442219434919649, -0.001442219434919649
income_band had no query dependencies
inventory: 0.24701470416039228, 0.05385813059913069, 0.19913672154795686
item: 0.005464168265461922, 0.0066330459024481975, 10.6005020099573
promotion: 2.6027671992778778e-05, 0.0015120720422353087, 0.7687789149301385
reason: 1.2423843145370483e-06, 0.001579868053535459, 2.209652991702079
ship_mode: 1.5795230865478516e-06, 0.001705655483575451, 0.8494790896231105
store: 2.3781321942806244e-05, 0.0015298701856534805, 6.138542707759656
store_sales: 288.85508783441037, 39.66619148044765, -16.705653991859606
time_dim: 0.0012104213237762451, 0.01468641735458418, 2.1749056688084942
warehouse: 2.3292377591133118e-06, 0.01770620601575707, 0.9299817685664691
web_page: 1.0661780834197998e-05, 0.014096261388221946, 0.28190023994098073
web_returns: 11.326140539720654, 1.5169859081545845, -0.6046333905529429
web_sales: 109.34904180746526, 14.724525020363698, -1.056460020487247
web_site: 8.863396942615509e-06, 0.018448465526787472, 0.833135012470985
-0.0709237855866045
call_center: 5.735084414482117e-06, 0.0016639781239723558, -0.0016639781239723558
call_center had no query dependencies
customer: 0.6484093563631177, 0.09316824108302094, -0.09316824108302094
customer had no query dependencies
customer_address: 0.18544994108378887, 0.039172377621353206, -0.039172377621353206
customer_address had no query dependencies
customer_demographics: 0.012168197892606258, 0.008660076496655495, -0.008660076496655495
customer_demographics had no query dependencies
date_dim: 0.0019952356815338135, 0.005559016922684844, 0.017656094091885857
household_demographics: 3.512948751449585e-05, 0.0015011200618799108, -0.0015011200618799108
household_demographics had no query dependencies
inventory: 0.24701470416039228, 0.05382615813164245, -0.03061104711707175
item: 0.005464168265461922, 0.006632338645190734, 0.016582772369379967
promotion: 2.6027671992778778e-05, 0.0015120686733310184, -0.0015120686733310184
promotion had no query dependencies
reason: 1.2423843145370483e-06, 0.0015798678927268456, -0.0015798678927268456
reason had no query dependencies
ship_mode: 1.5795230865478516e-06, 0.0017056552791291178, -0.0017056552791291178
ship_mode had no query dependencies
store: 2.3781321942806244e-05, 0.0015298671075065933, -0.0015298671075065933
store had no query dependencies
time_dim: 0.0012104213237762451, 0.014686260683115763, -0.014686260683115763
time_dim had no query dependencies
warehouse: 2.3292377591133118e-06, 0.017706205714271055, 0.005508905300299648
web_page: 1.0661780834197998e-05, 0.014096260008209197, -0.014096260008209197
web_page had no query dependencies
web_site: 8.863396942615509e-06, 0.018448464379549407, -0.018448464379549407
web_site had no query dependencies
date_dim: 0.0019952356815338135, 0.005559015091504593, -0.005559015091504593
date_dim had no query dependencies
item: 0.005464168265461922, 0.006632333630305971, -0.006632333630305971
item had no query dependencies
warehouse: 2.3292377591133118e-06, 0.017706205712133338, -0.017706205712133338
warehouse had no query dependencies
{}
{}
STARTING PHASE 2: 0b0
----
[]
Function: 34.96687387903291, 0, 34.96687387903291, 0.0, 0, 0.0, 0
{34.96687387903291: []}
[]
{}
Best Cost: $34.96687387903291;
[]
{}
{}
{}
[]
0
Optimal Subset: 0b0
Function: 34.96687387903291, 0, 34.96687387903291, 0.0, 0, 0.0, 0
34.96687387903291
Real: 34.96687387903291, 0, 34.96687387903291, 0.0, 0, 0.0, 0
Num Redshift Qs: 0; Num GCP Qs: 79
Num BigQuery Qs: 3; Num DuckDB Qs: 76
Redshift Qs: $0; GCP Qs: $34.96687387903291; Movement Cost: $0.0
Load Cost: $0, Storage Cost: $0.0, API Cost: $0
Final cost: $34.96687387903291, BQ Baseline: $172.02595233917236, Diff: $137.05907846013946, %: 79.6734891430271%
