Egress: $0.12/GB
Benchmark: tpcds
Data Path: parquet_2000/real_data_rs4
BigQuery Cost: $5/TB; DuckDB Cost: $1.48/hr; Redshift Cost: $4.344/hr
Use Duck: True
Excluded Table: warehouse
Excluded Query: None

Starting analysis using DuckDB
Duck Total: $46.94791951739524, Duck-Calcite Total: $54.04596441842185, Redshift Total: $10.758302616977694, Redshift-Calcite Total: $11.231643704578085, BigQuery Total: $207.94421672821045
Excluding table warehouse and any queries that depend on it
Total Keys: 85, Keys Considered: 81
call_center: 5.735084414482117e-06, 0.001663978937935659, 0.44463383459520045
catalog_page: 0.0006659524515271187, 0.0016514953848825358, 2.7182332677001573
catalog_returns: 23.366260116919875, 3.06101308684354, 1.3770244958844988
catalog_sales: 217.0907397372648, 29.1188497515481, -12.562909538133383
customer: 0.6484093563631177, 0.09326026787518703, 10.903007170372195
customer_address: 0.18544994108378887, 0.03919869797441081, 5.38820938368737
customer_demographics: 0.012168197892606258, 0.008661803492429862, 2.634989003121032
date_dim: 0.0019952356815338135, 0.005559300100491557, 26.94673699123043
household_demographics: 3.512948751449585e-05, 0.0015011250477025468, 3.3114128193736048
income_band: 6.137415766716003e-07, 0.00144221944258621, 0.012374153540074716
inventory: 0.24701470416039228, 0.053861216186586694, 0.1759185249459302
item: 0.005464168265461922, 0.00663311415817862, 13.483534737200722
promotion: 2.6027671992778778e-05, 0.001512072367360319, 1.6860366409135146
reason: 1.2423843145370483e-06, 0.0015798680690547193, 2.850468949088679
ship_mode: 1.5795230865478516e-06, 0.0017056555033060847, -0.0017056555033060847
ship_mode had no query dependencies
store: 2.3781321942806244e-05, 0.001529870482718179, 11.514966054120308
store_returns: 36.877127600833774, 4.861312294270907, 2.419573157413579
store_sales: 288.85508783441037, 39.66979971761174, -9.537825166154661
time_dim: 0.0012104213237762451, 0.014686432474578213, 1.7553717741286694
web_page: 1.0661780834197998e-05, 0.014096261521403723, 0.4897663819080235
web_returns: 11.326140539720654, 1.5171273887894852, 3.572805808639404
web_sales: 109.34904180746526, 14.72589095537099, 2.485026297002065
web_site: 8.863396942615509e-06, 0.018448465637504713, 3.3943561400706064
call_center: 5.735084414482117e-06, 0.0016639782393775722, 0.0037880788959887834
catalog_page: 0.0006659524515271187, 0.0016514142689935942, -0.0016514142689935942
catalog_page had no query dependencies
catalog_returns: 23.366260116919875, 3.058166975298676, -2.996165959390234
customer: 0.6484093563631177, 0.09318128881111308, 0.0310425363410574
customer_address: 0.18544994108378887, 0.03917610936948765, 0.9582991299476461
customer_demographics: 0.012168197892606258, 0.008660321353297239, 0.23004078374330048
date_dim: 0.0019952356815338135, 0.005559057072155848, 1.3306936072474818
household_demographics: 3.512948751449585e-05, 0.0015011207687790273, 0.09433113569988053
income_band: 6.137415766716003e-07, 0.0014422193678298315, 0.012374153614831095
inventory: 0.24701470416039228, 0.053831128727243854, -0.053831128727243854
inventory had no query dependencies
item: 0.005464168265461922, 0.006632448598850529, 0.3726964911701342
promotion: 2.6027671992778778e-05, 0.0015120691970772965, -0.0015120691970772965
promotion had no query dependencies
reason: 1.2423843145370483e-06, 0.001579867917726936, 0.2178528070608435
store: 2.3781321942806244e-05, 0.0015298675860503086, 0.037571235850627965
store_returns: 36.877127600833774, 4.856820500629949, -4.7473721118145
time_dim: 0.0012104213237762451, 0.014686285040025721, 0.06187754131060654
web_page: 1.0661780834197998e-05, 0.014096260222752703, 0.28190024110645
web_returns: 11.326140539720654, 1.5157478158844695, -0.5468643858867185
web_sales: 109.34904180746526, 14.71257176912763, -13.400857397802481
web_site: 8.863396942615509e-06, 0.01844846455790463, 0.6744713780651665
call_center: 5.735084414482117e-06, 0.0016639781218863645, -0.0016639781218863645
call_center had no query dependencies
customer: 0.6484093563631177, 0.09316800524056588, -0.09316800524056588
customer had no query dependencies
customer_address: 0.18544994108378887, 0.03917231016864148, -0.03917231016864148
customer_address had no query dependencies
customer_demographics: 0.012168197892606258, 0.008660072070782185, -0.008660072070782185
customer_demographics had no query dependencies
date_dim: 0.0019952356815338135, 0.005559016196968478, -0.005559016196968478
date_dim had no query dependencies
household_demographics: 3.512948751449585e-05, 0.001501120049102451, -0.001501120049102451
household_demographics had no query dependencies
income_band: 6.137415766716003e-07, 0.0014422193552564788, -0.0014422193552564788
income_band had no query dependencies
item: 0.005464168265461922, 0.006632336657738138, -0.006632336657738138
item had no query dependencies
reason: 1.2423843145370483e-06, 0.0015798678922749596, -0.0015798678922749596
reason had no query dependencies
store: 2.3781321942806244e-05, 0.0015298670988567408, -0.0015298670988567408
store had no query dependencies
time_dim: 0.0012104213237762451, 0.01468626024285571, -0.01468626024285571
time_dim had no query dependencies
web_page: 1.0661780834197998e-05, 0.014096260004331245, -0.014096260004331245
web_page had no query dependencies
web_site: 8.863396942615509e-06, 0.018448464376325573, -0.018448464376325573
web_site had no query dependencies
{}
{}
STARTING PHASE 2: 0b0
----
[]
Function: 42.61244661482252, 0, 42.61244661482252, 0.0, 0, 0.0, 0
{42.61244661482252: []}
[]
{}
Best Cost: $42.61244661482252;
[]
{}
{}
{}
[]
0
Optimal Subset: 0b0
Function: 42.61244661482252, 0, 42.61244661482252, 0.0, 0, 0.0, 0
42.61244661482252
Real: 42.61244661482252, 0, 42.61244661482252, 0.0, 0, 0.0, 0
Num Redshift Qs: 0; Num GCP Qs: 85
Num BigQuery Qs: 3; Num DuckDB Qs: 82
Redshift Qs: $0; GCP Qs: $42.61244661482252; Movement Cost: $0.0
Load Cost: $0, Storage Cost: $0.0, API Cost: $0
Final cost: $42.61244661482252, BQ Baseline: $207.94421672821045, Diff: $165.33177011338793, %: 79.50775102799886%
