Egress: $0.12/GB
Benchmark: tpcds
Data Path: parquet_1000/real_data_rs1
BigQuery Cost: $5/TB; DuckDB Cost: $1.48/hr; Redshift Cost: $1.086/hr
Use Duck: False
Excluded Table: web_sales
Excluded Query: None

Starting analysis without using DuckDB
Redshift Total: $3.4009227895967173, Redshift-Calcite Total: $2.939619063230355, BigQuery Total: $47.86039352416992
Excluding table web_sales and any queries that depend on it
Total Keys: 62, Keys Considered: 61

Round 0
call_center: 9.615905582904816e-06, 0.00038807917684316635, 1.18674029383411
catalog_page: 0.0017016949132084846, 0.0014676847180724146, -0.0014676847180724146
catalog_page had no query dependencies
catalog_returns: 13.009788101539016, 1.6911096025011938, 2.0892741526561975
catalog_sales: 132.3057429259643, 17.35463456002543, -6.702122438813742
customer: 0.8535048151388764, 0.11238621586650609, 11.8017527101778
customer_address: 0.2449320713058114, 0.03380870285362005, 12.015882803293369
customer_demographics: 0.011580578982830048, 0.0025247915931542715, 10.645051923002798
date_dim: 0.001992875710129738, 0.0007613079887628555, 35.190522656969826
household_demographics: 3.5176053643226624e-05, 0.00033242915530999503, 10.140415678164759
income_band: 5.122274160385132e-07, 0.0003378786883751551, 2.6919206604558235
inventory: 5.1357166497036815, 0.7680814273221294, 0.7798120459792018
item: 0.03489831369370222, 0.005290039899647235, 27.43970387037009
promotion: 7.638614624738693e-05, 0.0004480405369400979, 5.378048122614721
reason: 1.4491379261016846e-06, 0.0003483091104030609, 2.9031669864865144
ship_mode: 1.3029202818870544e-06, 0.0003387827045718829, 0.2540639565858245
store: 9.930133819580078e-05, 0.00045502669294675193, 29.640123746894602
store_returns: 20.850121902301908, 2.71282215587914, 4.691271955203414
store_sales: 174.69669486396015, 23.07417165409267, 15.94831932625949
time_dim: 0.0012146271765232086, 0.000798612140417099, 2.637439799999793
warehouse: 2.907589077949524e-06, 0.0003093868873516719, 1.7446445417930683
web_page: 7.394980639219284e-05, 0.00034018037388722103, -0.00034018037388722103
web_page had no query dependencies
web_returns: 6.285572262480855, 0.8100109892115991, -0.7485026112308105
web_site: 1.0454095900058746e-05, 0.00032022725552320483, -0.00032022725552320483
web_site had no query dependencies

Round 1
call_center: 9.615905582904816e-06, 0.00038807917684316635, 0.02140144000560045
catalog_returns: 13.009788101539016, 1.6911096025011938, -1.6427463843355576
customer: 0.8535048151388764, 0.11238621586650609, 6.629146715518534
customer_address: 0.2449320713058114, 0.03380870285362005, 6.479974017739196
customer_demographics: 0.011580578982830048, 0.0025247915931542715, 4.8421729029814395
date_dim: 0.001992875710129738, 0.0007613079887628555, 24.476502157777354
household_demographics: 3.5176053643226624e-05, 0.00033242915530999503, 7.079306133608619
income_band: 5.122274160385132e-07, 0.0003378786883751551, 0.012840559015075366
inventory: 5.1357166497036815, 0.7680814273221294, 0.2644337793867787
item: 0.03489831369370222, 0.005290039899647235, 17.908872666351495
promotion: 7.638614624738693e-05, 0.0004480405369400979, 1.905544530682663
reason: 1.4491379261016846e-06, 0.0003483091104030609, 2.9031669864865144
ship_mode: 1.3029202818870544e-06, 0.0003387827045718829, -0.0003387827045718829
ship_mode had no query dependencies
store: 9.930133819580078e-05, 0.00045502669294675193, 24.376163196169937
store_returns: 20.850121902301908, 2.71282215587914, -0.6202253332239391
store_sales: 174.69669486396015, 23.07417165409267, 10.282025475675464
time_dim: 0.0012146271765232086, 0.000798612140417099, 2.637439799999793
warehouse: 2.907589077949524e-06, 0.0003093868873516719, 0.8481408955492574

Round 2
call_center: 9.615905582904816e-06, 0.00038807917684316635, -0.00038807917684316635
call_center had no query dependencies
customer: 0.8535048151388764, 0.11238621586650609, 5.553899435437024
customer_address: 0.2449320713058114, 0.03380870285362005, 5.469154611724515
customer_demographics: 0.011580578982830048, 0.0025247915931542715, 4.807204946095546
date_dim: 0.001992875710129738, 0.0007613079887628555, 23.82661521423956
household_demographics: 3.5176053643226624e-05, 0.00033242915530999503, 7.044338176722726
income_band: 5.122274160385132e-07, 0.0003378786883751551, -0.0003378786883751551
income_band had no query dependencies
inventory: 5.1357166497036815, 0.7680814273221294, 0.2644337793867787
item: 0.03489831369370222, 0.005290039899647235, 16.959594916205898
promotion: 7.638614624738693e-05, 0.0004480405369400979, 1.905544530682663
reason: 1.4491379261016846e-06, 0.0003483091104030609, 2.374550077052514
store: 9.930133819580078e-05, 0.00045502669294675193, 22.825361720652186
store_sales: 174.69669486396015, 23.07417165409267, 8.267034964790547
time_dim: 0.0012146271765232086, 0.000798612140417099, 2.637439799999793
warehouse: 2.907589077949524e-06, 0.0003093868873516719, 0.8481408955492574

Round 3
customer: 0.8535048151388764, 0.11238621586650609, 5.553899435437024
customer_address: 0.2449320713058114, 0.03380870285362005, 5.469154611724515
customer_demographics: 0.011580578982830048, 0.0025247915931542715, 4.807204946095546
date_dim: 0.001992875710129738, 0.0007613079887628555, 23.82661521423956
household_demographics: 3.5176053643226624e-05, 0.00033242915530999503, 7.044338176722726
inventory: 5.1357166497036815, 0.7680814273221294, 0.2644337793867787
item: 0.03489831369370222, 0.005290039899647235, 16.959594916205898
promotion: 7.638614624738693e-05, 0.0004480405369400979, 1.905544530682663
reason: 1.4491379261016846e-06, 0.0003483091104030609, 2.374550077052514
store: 9.930133819580078e-05, 0.00045502669294675193, 22.825361720652186
store_sales: 174.69669486396015, 23.07417165409267, 8.267034964790547
time_dim: 0.0012146271765232086, 0.000798612140417099, 2.637439799999793
warehouse: 2.907589077949524e-06, 0.0003093868873516719, 0.8481408955492574
----
[4, 5, 6, 7, 8, 10, 11, 12, 13, 15, 17, 18, 19]
Function: 39.69256563864202, 1.9295199633042024, 13.741216659545898, 21.717690001912413, 2.282025942227443, 0.022113071652062725

Round 0
customer_address: 0.2449320713058114, 0.03380870285362005, 1.5877634568968415
customer_demographics: 0.011580578982830048, 0.0025247915931542715, 4.807204946095546
date_dim: 0.001992875710129738, 0.0007613079887628555, 18.160329562936024
household_demographics: 3.5176053643226624e-05, 0.00033242915530999503, 3.588659441681504
inventory: 5.1357166497036815, 0.7680814273221294, 0.2644337793867787
item: 0.03489831369370222, 0.005290039899647235, 15.047836917666691
promotion: 7.638614624738693e-05, 0.0004480405369400979, 0.7964624745465317
reason: 1.4491379261016846e-06, 0.0003483091104030609, 2.374550077052514
store: 9.930133819580078e-05, 0.00045502669294675193, 17.459224104267758
store_sales: 174.69669486396015, 23.07417165409267, 2.6007493134870145
time_dim: 0.0012146271765232086, 0.000798612140417099, 2.637439799999793
warehouse: 2.907589077949524e-06, 0.0003093868873516719, 0.8481408955492574
Function: 45.24580588233629, 1.8333000832966968, 19.503722190856934, 21.61526942409575, 2.272060304177602, 0.021453879909307996
hiya: 0b11101011110111100000, 45.24580588233629

Round 0
customer: 0.8535048151388764, 0.11238621586650609, 1.6725082806093496
customer_demographics: 0.011580578982830048, 0.0025247915931542715, 3.185632786345084
date_dim: 0.001992875710129738, 0.0007613079887628555, 18.32365189966142
household_demographics: 3.5176053643226624e-05, 0.00033242915530999503, 4.422800479460756
inventory: 5.1357166497036815, 0.7680814273221294, 0.2644337793867787
item: 0.03489831369370222, 0.005290039899647235, 15.047836917666691
promotion: 7.638614624738693e-05, 0.0004480405369400979, 0.7964624745465317
reason: 1.4491379261016846e-06, 0.0003483091104030609, 2.374550077052514
store: 9.930133819580078e-05, 0.00045502669294675193, 17.62254644099315
store_sales: 174.69669486396015, 23.07417165409267, 2.764071650212408
time_dim: 0.0012146271765232086, 0.000798612140417099, 2.637439799999793
warehouse: 2.907589077949524e-06, 0.0003093868873516719, 0.8481408955492574
Function: 45.160920179983165, 1.7870603423964981, 19.38663959503174, 21.688298153355717, 2.27760908793052, 0.021313001268684743
hiya: 0b11101011110111010000, 45.160920179983165

Round 0
customer: 0.8535048151388764, 0.11238621586650609, 5.553899435437024
customer_address: 0.2449320713058114, 0.03380870285362005, 3.8475824519740542
date_dim: 0.001992875710129738, 0.0007613079887628555, 19.016885476550854
household_demographics: 3.5176053643226624e-05, 0.00033242915530999503, 6.093584718026121
inventory: 5.1357166497036815, 0.7680814273221294, 0.2644337793867787
item: 0.03489831369370222, 0.005290039899647235, 13.771437338267662
promotion: 7.638614624738693e-05, 0.0004480405369400979, 1.1086340155991912
reason: 1.4491379261016846e-06, 0.0003483091104030609, 2.374550077052514
store: 9.930133819580078e-05, 0.00045502669294675193, 18.812542498046955
store_sales: 174.69669486396015, 23.07417165409267, 3.4573052271018483
time_dim: 0.0012146271765232086, 0.000798612140417099, 2.637439799999793
warehouse: 2.907589077949524e-06, 0.0003093868873516719, 0.8481408955492574
Function: 44.49915997448899, 1.8146233505900706, 18.66584300994873, 21.716300332434475, 2.280890820112228, 0.021502461403482952
hiya: 0b11101011110110110000, 44.49915997448899

Round 0
customer: 0.8535048151388764, 0.11238621586650609, -0.11238621586650609
customer had no query dependencies
customer_address: 0.2449320713058114, 0.03380870285362005, -0.03380870285362005
customer_address had no query dependencies
customer_demographics: 0.011580578982830048, 0.0025247915931542715, -0.0025247915931542715
customer_demographics had no query dependencies
household_demographics: 3.5176053643226624e-05, 0.00033242915530999503, 2.6379059829849
inventory: 5.1357166497036815, 0.7680814273221294, -0.7680814273221294
inventory had no query dependencies
item: 0.03489831369370222, 0.005290039899647235, 1.138781573969225
promotion: 7.638614624738693e-05, 0.0004480405369400979, -0.0004480405369400979
promotion had no query dependencies
reason: 1.4491379261016846e-06, 0.0003483091104030609, 2.374550077052514
store: 9.930133819580078e-05, 0.00045502669294675193, 2.6377833854472637
store_sales: 174.69669486396015, 23.07417165409267, -14.71189127500117
time_dim: 0.0012146271765232086, 0.000798612140417099, 2.637439799999793
warehouse: 2.907589077949524e-06, 0.0003093868873516719, -0.0003093868873516719
warehouse had no query dependencies

Round 1
household_demographics: 3.5176053643226624e-05, 0.00033242915530999503, -0.00033242915530999503
household_demographics had no query dependencies
item: 0.03489831369370222, 0.005290039899647235, -0.005290039899647235
item had no query dependencies
reason: 1.4491379261016846e-06, 0.0003483091104030609, -0.0003483091104030609
reason had no query dependencies
store: 9.930133819580078e-05, 0.00045502669294675193, -0.00045502669294675193
store had no query dependencies
time_dim: 0.0012146271765232086, 0.000798612140417099, -0.000798612140417099
time_dim had no query dependencies
Function: 47.86039352416992, 0, 47.86039352416992, 0.0, 0, 0.0
hiya: 0b0, 47.86039352416992

Round 0
customer: 0.8535048151388764, 0.11238621586650609, 2.0982207003958027
customer_address: 0.2449320713058114, 0.03380870285362005, 2.8476169144625465
customer_demographics: 0.011580578982830048, 0.0025247915931542715, 3.856451487398942
date_dim: 0.001992875710129738, 0.0007613079887628555, 19.42018302050173
inventory: 5.1357166497036815, 0.7680814273221294, 0.2644337793867787
item: 0.03489831369370222, 0.005290039899647235, 16.959594916205898
promotion: 7.638614624738693e-05, 0.0004480405369400979, 1.905544530682663
reason: 1.4491379261016846e-06, 0.0003483091104030609, 2.374550077052514
store: 9.930133819580078e-05, 0.00045502669294675193, 15.780691114774145
store_sales: 174.69669486396015, 23.07417165409267, 1.2223643589125146
time_dim: 0.0012146271765232086, 0.000798612140417099, -0.000798612140417099
time_dim had no query dependencies
warehouse: 2.907589077949524e-06, 0.0003093868873516719, 0.8481408955492574

Round 1
customer: 0.8535048151388764, 0.11238621586650609, 2.0982207003958027
customer_address: 0.2449320713058114, 0.03380870285362005, 2.8476169144625465
customer_demographics: 0.011580578982830048, 0.0025247915931542715, 3.856451487398942
date_dim: 0.001992875710129738, 0.0007613079887628555, 19.42018302050173
inventory: 5.1357166497036815, 0.7680814273221294, 0.2644337793867787
item: 0.03489831369370222, 0.005290039899647235, 16.959594916205898
promotion: 7.638614624738693e-05, 0.0004480405369400979, 1.905544530682663
reason: 1.4491379261016846e-06, 0.0003483091104030609, 2.374550077052514
store: 9.930133819580078e-05, 0.00045502669294675193, 15.780691114774145
store_sales: 174.69669486396015, 23.07417165409267, 1.2223643589125146
warehouse: 2.907589077949524e-06, 0.0003093868873516719, 0.8481408955492574
Function: 46.73507929673875, 1.7351397040088978, 20.98026752471924, 21.717540025524794, 2.281044877319336, 0.02108716516648695
hiya: 0b10101011110011110000, 46.73507929673875

Round 0
customer: 0.8535048151388764, 0.11238621586650609, 5.553899435437024
customer_address: 0.2449320713058114, 0.03380870285362005, 5.469154611724515
customer_demographics: 0.011580578982830048, 0.0025247915931542715, 4.807204946095546
date_dim: 0.001992875710129738, 0.0007613079887628555, 22.794100007530655
household_demographics: 3.5176053643226624e-05, 0.00033242915530999503, 7.044338176722726
item: 0.03489831369370222, 0.005290039899647235, 15.927079709496992
promotion: 7.638614624738693e-05, 0.0004480405369400979, 1.905544530682663
reason: 1.4491379261016846e-06, 0.0003483091104030609, 2.374550077052514
store: 9.930133819580078e-05, 0.00045502669294675193, 22.825361720652186
store_sales: 174.69669486396015, 23.07417165409267, 8.082970040518248
time_dim: 0.0012146271765232086, 0.000798612140417099, 2.637439799999793
warehouse: 2.907589077949524e-06, 0.0003093868873516719, -0.0003093868873516719
warehouse had no query dependencies

Round 1
customer: 0.8535048151388764, 0.11238621586650609, 5.553899435437024
customer_address: 0.2449320713058114, 0.03380870285362005, 5.469154611724515
customer_demographics: 0.011580578982830048, 0.0025247915931542715, 4.807204946095546
date_dim: 0.001992875710129738, 0.0007613079887628555, 22.794100007530655
household_demographics: 3.5176053643226624e-05, 0.00033242915530999503, 7.044338176722726
item: 0.03489831369370222, 0.005290039899647235, 15.927079709496992
promotion: 7.638614624738693e-05, 0.0004480405369400979, 1.905544530682663
reason: 1.4491379261016846e-06, 0.0003483091104030609, 2.374550077052514
store: 9.930133819580078e-05, 0.00045502669294675193, 22.825361720652186
store_sales: 174.69669486396015, 23.07417165409267, 8.082970040518248
time_dim: 0.0012146271765232086, 0.000798612140417099, 2.637439799999793
Function: 39.954995466110304, 1.8724622635189698, 14.830789566040039, 21.101403655037284, 2.1299214748930932, 0.020418506620915974
hiya: 0b1101011100111110000, 39.954995466110304

Round 0
customer: 0.8535048151388764, 0.11238621586650609, 3.6421414368978144
customer_address: 0.2449320713058114, 0.03380870285362005, 3.557396613185306
customer_demographics: 0.011580578982830048, 0.0025247915931542715, 1.6190473681573072
date_dim: 0.001992875710129738, 0.0007613079887628555, 8.00580187200288
household_demographics: 3.5176053643226624e-05, 0.00033242915530999503, 7.044338176722726
inventory: 5.1357166497036815, 0.7680814273221294, -0.7680814273221294
inventory had no query dependencies
promotion: 7.638614624738693e-05, 0.0004480405369400979, -0.0004480405369400979
promotion had no query dependencies
reason: 1.4491379261016846e-06, 0.0003483091104030609, 2.374550077052514
store: 9.930133819580078e-05, 0.00045502669294675193, 10.644346565438905
store_sales: 174.69669486396015, 23.07417165409267, -7.8493997088783996
time_dim: 0.0012146271765232086, 0.000798612140417099, 2.637439799999793
warehouse: 2.907589077949524e-06, 0.0003093868873516719, -0.0003093868873516719
warehouse had no query dependencies

Round 1
customer: 0.8535048151388764, 0.11238621586650609, -0.11238621586650609
customer had no query dependencies
customer_address: 0.2449320713058114, 0.03380870285362005, -0.03380870285362005
customer_address had no query dependencies
customer_demographics: 0.011580578982830048, 0.0025247915931542715, -0.0025247915931542715
customer_demographics had no query dependencies
date_dim: 0.001992875710129738, 0.0007613079887628555, -0.0007613079887628555
date_dim had no query dependencies
household_demographics: 3.5176053643226624e-05, 0.00033242915530999503, -0.00033242915530999503
household_demographics had no query dependencies
reason: 1.4491379261016846e-06, 0.0003483091104030609, -0.0003483091104030609
reason had no query dependencies
store: 9.930133819580078e-05, 0.00045502669294675193, -0.00045502669294675193
store had no query dependencies
time_dim: 0.0012146271765232086, 0.000798612140417099, -0.000798612140417099
time_dim had no query dependencies
Function: 47.86039352416992, 0, 47.86039352416992, 0.0, 0, 0.0
hiya: 0b0, 47.86039352416992

Round 0
customer: 0.8535048151388764, 0.11238621586650609, 4.4448173793008925
customer_address: 0.2449320713058114, 0.03380870285362005, 4.360072555588384
customer_demographics: 0.011580578982830048, 0.0025247915931542715, 4.010294431012074
date_dim: 0.001992875710129738, 0.0007613079887628555, 21.920622643019957
household_demographics: 3.5176053643226624e-05, 0.00033242915530999503, 7.044338176722726
inventory: 5.1357166497036815, 0.7680814273221294, 0.2644337793867787
item: 0.03489831369370222, 0.005290039899647235, 15.053602344986297
reason: 1.4491379261016846e-06, 0.0003483091104030609, 2.374550077052514
store: 9.930133819580078e-05, 0.00045502669294675193, 21.716279664516055
store_sales: 174.69669486396015, 23.07417165409267, 6.361042393570944
time_dim: 0.0012146271765232086, 0.000798612140417099, 2.637439799999793
warehouse: 2.907589077949524e-06, 0.0003093868873516719, 0.8481408955492574
Function: 41.59804377699668, 1.9173158563621844, 15.65941333770752, 21.717680835574864, 2.2815870680280526, 0.02204667932406415
hiya: 0b11101010110111110000, 41.59804377699668

Round 0
customer: 0.8535048151388764, 0.11238621586650609, 5.553899435437024
customer_address: 0.2449320713058114, 0.03380870285362005, 5.469154611724515
customer_demographics: 0.011580578982830048, 0.0025247915931542715, 4.807204946095546
date_dim: 0.001992875710129738, 0.0007613079887628555, 23.82661521423956
household_demographics: 3.5176053643226624e-05, 0.00033242915530999503, 7.044338176722726
inventory: 5.1357166497036815, 0.7680814273221294, 0.2644337793867787
item: 0.03489831369370222, 0.005290039899647235, 16.959594916205898
promotion: 7.638614624738693e-05, 0.0004480405369400979, 1.905544530682663
store: 9.930133819580078e-05, 0.00045502669294675193, 22.825361720652186
store_sales: 174.69669486396015, 23.07417165409267, 5.892136578627632
time_dim: 0.0012146271765232086, 0.000798612140417099, 2.637439799999793
warehouse: 2.907589077949524e-06, 0.0003093868873516719, 0.8481408955492574
Function: 42.066449294843736, 1.8029449226482714, 16.242690086364746, 21.717689828015864, 2.2816778070135912, 0.021446650801262387
hiya: 0b11101001110111110000, 42.066449294843736

Round 0
customer: 0.8535048151388764, 0.11238621586650609, 0.18776181905259687
customer_address: 0.2449320713058114, 0.03380870285362005, 0.26633933206548294
customer_demographics: 0.011580578982830048, 0.0025247915931542715, 0.7943857234903177
date_dim: 0.001992875710129738, 0.0007613079887628555, 3.639036879034639
household_demographics: 3.5176053643226624e-05, 0.00033242915530999503, -0.00033242915530999503
household_demographics had no query dependencies
inventory: 5.1357166497036815, 0.7680814273221294, 0.2644337793867787
item: 0.03489831369370222, 0.005290039899647235, 4.778579760992626
promotion: 7.638614624738693e-05, 0.0004480405369400979, 0.7964624745465317
reason: 1.4491379261016846e-06, 0.0003483091104030609, 2.374550077052514
store_sales: 174.69669486396015, 23.07417165409267, -14.558781782554588
time_dim: 0.0012146271765232086, 0.000798612140417099, -0.000798612140417099
time_dim had no query dependencies
warehouse: 2.907589077949524e-06, 0.0003093868873516719, 0.8481408955492574

Round 1
customer: 0.8535048151388764, 0.11238621586650609, -0.11238621586650609
customer had no query dependencies
customer_address: 0.2449320713058114, 0.03380870285362005, -0.03380870285362005
customer_address had no query dependencies
customer_demographics: 0.011580578982830048, 0.0025247915931542715, -0.0025247915931542715
customer_demographics had no query dependencies
date_dim: 0.001992875710129738, 0.0007613079887628555, 0.8476889744478463
inventory: 5.1357166497036815, 0.7680814273221294, 0.08036885511447978
item: 0.03489831369370222, 0.005290039899647235, 0.8431602425369619
promotion: 7.638614624738693e-05, 0.0004480405369400979, -0.0004480405369400979
promotion had no query dependencies
reason: 1.4491379261016846e-06, 0.0003483091104030609, -0.0003483091104030609
reason had no query dependencies
warehouse: 2.907589077949524e-06, 0.0003093868873516719, 0.8481408955492574

Round 2
date_dim: 0.001992875710129738, 0.0007613079887628555, 0.8476889744478463
inventory: 5.1357166497036815, 0.7680814273221294, 0.08036885511447978
item: 0.03489831369370222, 0.005290039899647235, 0.8431602425369619
warehouse: 2.907589077949524e-06, 0.0003093868873516719, 0.8481408955492574
Function: 47.7864162940223, 0.052113911288976675, 46.959829330444336, 0.620713289603591, 0.1537288724943002, 3.0890191096052343e-05
hiya: 0b10000000110010000000, 47.7864162940223

Round 0
customer: 0.8535048151388764, 0.11238621586650609, -0.11238621586650609
customer had no query dependencies
customer_address: 0.2449320713058114, 0.03380870285362005, -0.03380870285362005
customer_address had no query dependencies
customer_demographics: 0.011580578982830048, 0.0025247915931542715, -0.0025247915931542715
customer_demographics had no query dependencies
date_dim: 0.001992875710129738, 0.0007613079887628555, 0.8476889744478463
household_demographics: 3.5176053643226624e-05, 0.00033242915530999503, -0.00033242915530999503
household_demographics had no query dependencies
inventory: 5.1357166497036815, 0.7680814273221294, 0.08036885511447978
item: 0.03489831369370222, 0.005290039899647235, 0.8431602425369619
promotion: 7.638614624738693e-05, 0.0004480405369400979, -0.0004480405369400979
promotion had no query dependencies
reason: 1.4491379261016846e-06, 0.0003483091104030609, -0.0003483091104030609
reason had no query dependencies
store: 9.930133819580078e-05, 0.00045502669294675193, -0.00045502669294675193
store had no query dependencies
time_dim: 0.0012146271765232086, 0.000798612140417099, -0.000798612140417099
time_dim had no query dependencies
warehouse: 2.907589077949524e-06, 0.0003093868873516719, 0.8481408955492574

Round 1
date_dim: 0.001992875710129738, 0.0007613079887628555, 0.8476889744478463
inventory: 5.1357166497036815, 0.7680814273221294, 0.08036885511447978
item: 0.03489831369370222, 0.005290039899647235, 0.8431602425369619
warehouse: 2.907589077949524e-06, 0.0003093868873516719, 0.8481408955492574
Function: 47.7864162940223, 0.052113911288976675, 46.959829330444336, 0.620713289603591, 0.1537288724943002, 3.0890191096052343e-05
hiya: 0b10000000110010000000, 47.7864162940223

Round 0
customer: 0.8535048151388764, 0.11238621586650609, 5.553899435437024
customer_address: 0.2449320713058114, 0.03380870285362005, 5.469154611724515
customer_demographics: 0.011580578982830048, 0.0025247915931542715, 4.807204946095546
date_dim: 0.001992875710129738, 0.0007613079887628555, 23.82661521423956
household_demographics: 3.5176053643226624e-05, 0.00033242915530999503, 4.406099764582515
inventory: 5.1357166497036815, 0.7680814273221294, 0.2644337793867787
item: 0.03489831369370222, 0.005290039899647235, 16.959594916205898
promotion: 7.638614624738693e-05, 0.0004480405369400979, 1.905544530682663
reason: 1.4491379261016846e-06, 0.0003483091104030609, 2.374550077052514
store: 9.930133819580078e-05, 0.00045502669294675193, 20.18712330851198
store_sales: 174.69669486396015, 23.07417165409267, 5.628796552650336
warehouse: 2.907589077949524e-06, 0.0003093868873516719, 0.8481408955492574
Function: 42.32966871826333, 1.866070562639237, 16.442904472351074, 21.717544246651233, 2.281373085348209, 0.021776351273579245
hiya: 0b10101011110111110000, 42.32966871826333

Round 0
customer: 0.8535048151388764, 0.11238621586650609, 5.553899435437024
customer_address: 0.2449320713058114, 0.03380870285362005, 5.469154611724515
customer_demographics: 0.011580578982830048, 0.0025247915931542715, 4.807204946095546
date_dim: 0.001992875710129738, 0.0007613079887628555, 22.978164931802954
household_demographics: 3.5176053643226624e-05, 0.00033242915530999503, 7.044338176722726
inventory: 5.1357166497036815, 0.7680814273221294, -0.5840165030498305
item: 0.03489831369370222, 0.005290039899647235, 16.11114463376929
promotion: 7.638614624738693e-05, 0.0004480405369400979, 1.905544530682663
reason: 1.4491379261016846e-06, 0.0003483091104030609, 2.374550077052514
store: 9.930133819580078e-05, 0.00045502669294675193, 22.825361720652186
store_sales: 174.69669486396015, 23.07417165409267, 8.267034964790547
time_dim: 0.0012146271765232086, 0.000798612140417099, 2.637439799999793

Round 1
customer: 0.8535048151388764, 0.11238621586650609, 5.553899435437024
customer_address: 0.2449320713058114, 0.03380870285362005, 5.469154611724515
customer_demographics: 0.011580578982830048, 0.0025247915931542715, 4.807204946095546
date_dim: 0.001992875710129738, 0.0007613079887628555, 22.794100007530655
household_demographics: 3.5176053643226624e-05, 0.00033242915530999503, 7.044338176722726
item: 0.03489831369370222, 0.005290039899647235, 15.927079709496992
promotion: 7.638614624738693e-05, 0.0004480405369400979, 1.905544530682663
reason: 1.4491379261016846e-06, 0.0003483091104030609, 2.374550077052514
store: 9.930133819580078e-05, 0.00045502669294675193, 22.825361720652186
store_sales: 174.69669486396015, 23.07417165409267, 8.082970040518248
time_dim: 0.0012146271765232086, 0.000798612140417099, 2.637439799999793
Function: 39.954995466110304, 1.8724622635189698, 14.830789566040039, 21.101403655037284, 2.1299214748930932, 0.020418506620915974
hiya: 0b1101011100111110000, 39.954995466110304
{45.24580588233629: [5, 6, 7, 8, 10, 11, 12, 13, 15, 17, 18, 19], 45.160920179983165: [4, 6, 7, 8, 10, 11, 12, 13, 15, 17, 18, 19], 44.49915997448899: [4, 5, 7, 8, 10, 11, 12, 13, 15, 17, 18, 19], 47.86039352416992: [], 46.73507929673875: [4, 5, 6, 7, 10, 11, 12, 13, 15, 17, 19], 39.954995466110304: [4, 5, 6, 7, 8, 11, 12, 13, 15, 17, 18], 41.59804377699668: [4, 5, 6, 7, 8, 10, 11, 13, 15, 17, 18, 19], 42.066449294843736: [4, 5, 6, 7, 8, 10, 11, 12, 15, 17, 18, 19], 47.7864162940223: [7, 10, 11, 19], 42.32966871826333: [4, 5, 6, 7, 8, 10, 11, 12, 13, 15, 17, 19]}
NEW ENTRY: 39.954995466110304

Round 0
customer_address: 0.2449320713058114, 0.03380870285362005, 1.5877634568968415
customer_demographics: 0.011580578982830048, 0.0025247915931542715, 4.807204946095546
date_dim: 0.001992875710129738, 0.0007613079887628555, 17.127814356227116
household_demographics: 3.5176053643226624e-05, 0.00033242915530999503, 3.588659441681504
item: 0.03489831369370222, 0.005290039899647235, 14.015321710957783
promotion: 7.638614624738693e-05, 0.0004480405369400979, 0.7964624745465317
reason: 1.4491379261016846e-06, 0.0003483091104030609, 2.374550077052514
store: 9.930133819580078e-05, 0.00045502669294675193, 17.459224104267758
store_sales: 174.69669486396015, 23.07417165409267, 2.4166843892147156
time_dim: 0.0012146271765232086, 0.000798612140417099, 2.637439799999793
Function: 45.508256710307926, 1.7762423835114642, 20.593295097351074, 20.99898307722062, 2.119955836843252, 0.01978031538151287
hiya: 0b1101011100111100000, 45.508256710307926

Round 0
customer: 0.8535048151388764, 0.11238621586650609, 1.6725082806093496
customer_demographics: 0.011580578982830048, 0.0025247915931542715, 3.185632786345084
date_dim: 0.001992875710129738, 0.0007613079887628555, 17.29113669295251
household_demographics: 3.5176053643226624e-05, 0.00033242915530999503, 4.422800479460756
item: 0.03489831369370222, 0.005290039899647235, 14.015321710957783
promotion: 7.638614624738693e-05, 0.0004480405369400979, 0.7964624745465317
reason: 1.4491379261016846e-06, 0.0003483091104030609, 2.374550077052514
store: 9.930133819580078e-05, 0.00045502669294675193, 17.62254644099315
store_sales: 174.69669486396015, 23.07417165409267, 2.580006725940109
time_dim: 0.0012146271765232086, 0.000798612140417099, 2.637439799999793
Function: 45.42337337784285, 1.7300026426112656, 20.47621250152588, 21.072011806480585, 2.1255046205961703, 0.019641806628955608
hiya: 0b1101011100111010000, 45.42337337784285

Round 0
customer: 0.8535048151388764, 0.11238621586650609, 5.553899435437024
customer_address: 0.2449320713058114, 0.03380870285362005, 3.8475824519740542
date_dim: 0.001992875710129738, 0.0007613079887628555, 17.984370269841946
household_demographics: 3.5176053643226624e-05, 0.00033242915530999503, 6.093584718026121
item: 0.03489831369370222, 0.005290039899647235, 12.738922131558754
promotion: 7.638614624738693e-05, 0.0004480405369400979, 1.1086340155991912
reason: 1.4491379261016846e-06, 0.0003483091104030609, 2.374550077052514
store: 9.930133819580078e-05, 0.00045502669294675193, 18.812542498046955
store_sales: 174.69669486396015, 23.07417165409267, 3.2732403028295494
time_dim: 0.0012146271765232086, 0.000798612140417099, 2.637439799999793
Function: 44.761607160567955, 1.757565650804838, 19.75541591644287, 21.100013985559343, 2.1287863527778783, 0.01982525498302643
hiya: 0b1101011100110110000, 44.761607160567955

Round 0
customer: 0.8535048151388764, 0.11238621586650609, -0.11238621586650609
customer had no query dependencies
customer_address: 0.2449320713058114, 0.03380870285362005, -0.03380870285362005
customer_address had no query dependencies
customer_demographics: 0.011580578982830048, 0.0025247915931542715, -0.0025247915931542715
customer_demographics had no query dependencies
household_demographics: 3.5176053643226624e-05, 0.00033242915530999503, 2.6379059829849
item: 0.03489831369370222, 0.005290039899647235, 1.138781573969225
promotion: 7.638614624738693e-05, 0.0004480405369400979, -0.0004480405369400979
promotion had no query dependencies
reason: 1.4491379261016846e-06, 0.0003483091104030609, 2.374550077052514
store: 9.930133819580078e-05, 0.00045502669294675193, 2.6377833854472637
store_sales: 174.69669486396015, 23.07417165409267, -14.71189127500117
time_dim: 0.0012146271765232086, 0.000798612140417099, 2.637439799999793

Round 1
household_demographics: 3.5176053643226624e-05, 0.00033242915530999503, -0.00033242915530999503
household_demographics had no query dependencies
item: 0.03489831369370222, 0.005290039899647235, -0.005290039899647235
item had no query dependencies
reason: 1.4491379261016846e-06, 0.0003483091104030609, -0.0003483091104030609
reason had no query dependencies
store: 9.930133819580078e-05, 0.00045502669294675193, -0.00045502669294675193
store had no query dependencies
time_dim: 0.0012146271765232086, 0.000798612140417099, -0.000798612140417099
time_dim had no query dependencies
Function: 47.86039352416992, 0, 47.86039352416992, 0.0, 0, 0.0
hiya: 0b0, 47.86039352416992

Round 0
customer: 0.8535048151388764, 0.11238621586650609, 2.0982207003958027
customer_address: 0.2449320713058114, 0.03380870285362005, 2.8476169144625465
customer_demographics: 0.011580578982830048, 0.0025247915931542715, 3.856451487398942
date_dim: 0.001992875710129738, 0.0007613079887628555, 18.387667813792824
item: 0.03489831369370222, 0.005290039899647235, 15.927079709496992
promotion: 7.638614624738693e-05, 0.0004480405369400979, 1.905544530682663
reason: 1.4491379261016846e-06, 0.0003483091104030609, 2.374550077052514
store: 9.930133819580078e-05, 0.00045502669294675193, 15.780691114774145
store_sales: 174.69669486396015, 23.07417165409267, 1.0382994346402121
time_dim: 0.0012146271765232086, 0.000798612140417099, -0.000798612140417099
time_dim had no query dependencies

Round 1
customer: 0.8535048151388764, 0.11238621586650609, 2.0982207003958027
customer_address: 0.2449320713058114, 0.03380870285362005, 2.8476169144625465
customer_demographics: 0.011580578982830048, 0.0025247915931542715, 3.856451487398942
date_dim: 0.001992875710129738, 0.0007613079887628555, 18.387667813792824
item: 0.03489831369370222, 0.005290039899647235, 15.927079709496992
promotion: 7.638614624738693e-05, 0.0004480405369400979, 1.905544530682663
reason: 1.4491379261016846e-06, 0.0003483091104030609, 2.374550077052514
store: 9.930133819580078e-05, 0.00045502669294675193, 15.780691114774145
store_sales: 174.69669486396015, 23.07417165409267, 1.0382994346402121
Function: 46.99753823997036, 1.6780820042236653, 22.06984043121338, 21.101253678649663, 2.128940409984986, 0.01942171589867309
hiya: 0b101011100011110000, 46.99753823997036

Round 0
customer: 0.8535048151388764, 0.11238621586650609, 3.6421414368978144
customer_address: 0.2449320713058114, 0.03380870285362005, 3.557396613185306
customer_demographics: 0.011580578982830048, 0.0025247915931542715, 1.6190473681573072
date_dim: 0.001992875710129738, 0.0007613079887628555, 8.00580187200288
household_demographics: 3.5176053643226624e-05, 0.00033242915530999503, 7.044338176722726
promotion: 7.638614624738693e-05, 0.0004480405369400979, -0.0004480405369400979
promotion had no query dependencies
reason: 1.4491379261016846e-06, 0.0003483091104030609, 2.374550077052514
store: 9.930133819580078e-05, 0.00045502669294675193, 10.644346565438905
store_sales: 174.69669486396015, 23.07417165409267, -7.8493997088783996
time_dim: 0.0012146271765232086, 0.000798612140417099, 2.637439799999793

Round 1
customer: 0.8535048151388764, 0.11238621586650609, -0.11238621586650609
customer had no query dependencies
customer_address: 0.2449320713058114, 0.03380870285362005, -0.03380870285362005
customer_address had no query dependencies
customer_demographics: 0.011580578982830048, 0.0025247915931542715, -0.0025247915931542715
customer_demographics had no query dependencies
date_dim: 0.001992875710129738, 0.0007613079887628555, -0.0007613079887628555
date_dim had no query dependencies
household_demographics: 3.5176053643226624e-05, 0.00033242915530999503, -0.00033242915530999503
household_demographics had no query dependencies
reason: 1.4491379261016846e-06, 0.0003483091104030609, -0.0003483091104030609
reason had no query dependencies
store: 9.930133819580078e-05, 0.00045502669294675193, -0.00045502669294675193
store had no query dependencies
time_dim: 0.0012146271765232086, 0.000798612140417099, -0.000798612140417099
time_dim had no query dependencies
Function: 47.86039352416992, 0, 47.86039352416992, 0.0, 0, 0.0
hiya: 0b0, 47.86039352416992

Round 0
customer: 0.8535048151388764, 0.11238621586650609, 4.4448173793008925
customer_address: 0.2449320713058114, 0.03380870285362005, 4.360072555588384
customer_demographics: 0.011580578982830048, 0.0025247915931542715, 4.010294431012074
date_dim: 0.001992875710129738, 0.0007613079887628555, 20.88810743631105
household_demographics: 3.5176053643226624e-05, 0.00033242915530999503, 7.044338176722726
item: 0.03489831369370222, 0.005290039899647235, 14.02108713827739
reason: 1.4491379261016846e-06, 0.0003483091104030609, 2.374550077052514
store: 9.930133819580078e-05, 0.00045502669294675193, 21.716279664516055
store_sales: 174.69669486396015, 23.07417165409267, 6.176977469298645
time_dim: 0.0012146271765232086, 0.000798612140417099, 2.637439799999793
Function: 41.8604754886901, 1.8602581565769518, 16.74898624420166, 21.101394488699732, 2.1294826006937027, 0.020353998518049025
hiya: 0b1101010100111110000, 41.8604754886901

Round 0
customer: 0.8535048151388764, 0.11238621586650609, 5.553899435437024
customer_address: 0.2449320713058114, 0.03380870285362005, 5.469154611724515
customer_demographics: 0.011580578982830048, 0.0025247915931542715, 4.807204946095546
date_dim: 0.001992875710129738, 0.0007613079887628555, 22.794100007530655
household_demographics: 3.5176053643226624e-05, 0.00033242915530999503, 7.044338176722726
item: 0.03489831369370222, 0.005290039899647235, 15.927079709496992
promotion: 7.638614624738693e-05, 0.0004480405369400979, 1.905544530682663
store: 9.930133819580078e-05, 0.00045502669294675193, 22.825361720652186
store_sales: 174.69669486396015, 23.07417165409267, 5.708071654355333
time_dim: 0.0012146271765232086, 0.000798612140417099, 2.637439799999793
Function: 42.328898033446514, 1.7458872228630389, 17.332262992858887, 21.101403481140732, 2.129573339679241, 0.019770996904620714
hiya: 0b1101001100111110000, 42.328898033446514

Round 0
customer: 0.8535048151388764, 0.11238621586650609, 0.18776181905259687
customer_address: 0.2449320713058114, 0.03380870285362005, 0.26633933206548294
customer_demographics: 0.011580578982830048, 0.0025247915931542715, 0.7943857234903177
date_dim: 0.001992875710129738, 0.0007613079887628555, 2.6065216723257305
household_demographics: 3.5176053643226624e-05, 0.00033242915530999503, -0.00033242915530999503
household_demographics had no query dependencies
item: 0.03489831369370222, 0.005290039899647235, 3.746064554283718
promotion: 7.638614624738693e-05, 0.0004480405369400979, 0.7964624745465317
reason: 1.4491379261016846e-06, 0.0003483091104030609, 2.374550077052514
store_sales: 174.69669486396015, 23.07417165409267, -14.742846706826887
time_dim: 0.0012146271765232086, 0.000798612140417099, -0.000798612140417099
time_dim had no query dependencies

Round 1
customer: 0.8535048151388764, 0.11238621586650609, -0.11238621586650609
customer had no query dependencies
customer_address: 0.2449320713058114, 0.03380870285362005, -0.03380870285362005
customer_address had no query dependencies
customer_demographics: 0.011580578982830048, 0.0025247915931542715, -0.0025247915931542715
customer_demographics had no query dependencies
date_dim: 0.001992875710129738, 0.0007613079887628555, -0.0007613079887628555
date_dim had no query dependencies
item: 0.03489831369370222, 0.005290039899647235, -0.005290039899647235
item had no query dependencies
promotion: 7.638614624738693e-05, 0.0004480405369400979, -0.0004480405369400979
promotion had no query dependencies
reason: 1.4491379261016846e-06, 0.0003483091104030609, -0.0003483091104030609
reason had no query dependencies
Function: 47.86039352416992, 0, 47.86039352416992, 0.0, 0, 0.0
hiya: 0b0, 47.86039352416992

Round 0
customer: 0.8535048151388764, 0.11238621586650609, -0.11238621586650609
customer had no query dependencies
customer_address: 0.2449320713058114, 0.03380870285362005, -0.03380870285362005
customer_address had no query dependencies
customer_demographics: 0.011580578982830048, 0.0025247915931542715, -0.0025247915931542715
customer_demographics had no query dependencies
date_dim: 0.001992875710129738, 0.0007613079887628555, -0.0007613079887628555
date_dim had no query dependencies
household_demographics: 3.5176053643226624e-05, 0.00033242915530999503, -0.00033242915530999503
household_demographics had no query dependencies
item: 0.03489831369370222, 0.005290039899647235, -0.005290039899647235
item had no query dependencies
promotion: 7.638614624738693e-05, 0.0004480405369400979, -0.0004480405369400979
promotion had no query dependencies
reason: 1.4491379261016846e-06, 0.0003483091104030609, -0.0003483091104030609
reason had no query dependencies
store: 9.930133819580078e-05, 0.00045502669294675193, -0.00045502669294675193
store had no query dependencies
time_dim: 0.0012146271765232086, 0.000798612140417099, -0.000798612140417099
time_dim had no query dependencies
Function: 47.86039352416992, 0, 47.86039352416992, 0.0, 0, 0.0
hiya: 0b0, 47.86039352416992

Round 0
customer: 0.8535048151388764, 0.11238621586650609, 5.553899435437024
customer_address: 0.2449320713058114, 0.03380870285362005, 5.469154611724515
customer_demographics: 0.011580578982830048, 0.0025247915931542715, 4.807204946095546
date_dim: 0.001992875710129738, 0.0007613079887628555, 22.794100007530655
household_demographics: 3.5176053643226624e-05, 0.00033242915530999503, 4.406099764582515
item: 0.03489831369370222, 0.005290039899647235, 15.927079709496992
promotion: 7.638614624738693e-05, 0.0004480405369400979, 1.905544530682663
reason: 1.4491379261016846e-06, 0.0003483091104030609, 2.374550077052514
store: 9.930133819580078e-05, 0.00045502669294675193, 20.18712330851198
store_sales: 174.69669486396015, 23.07417165409267, 5.444731628378037
Function: 42.59210810412266, 1.8090128628540045, 17.532477378845215, 21.1012578997761, 2.129268618013859, 0.020091344633475585
hiya: 0b101011100111110000, 42.59210810412266
{45.508256710307926: [5, 6, 7, 8, 11, 12, 13, 15, 17, 18], 45.42337337784285: [4, 6, 7, 8, 11, 12, 13, 15, 17, 18], 44.761607160567955: [4, 5, 7, 8, 11, 12, 13, 15, 17, 18], 47.86039352416992: [], 46.99753823997036: [4, 5, 6, 7, 11, 12, 13, 15, 17], 41.8604754886901: [4, 5, 6, 7, 8, 11, 13, 15, 17, 18], 42.328898033446514: [4, 5, 6, 7, 8, 11, 12, 15, 17, 18], 42.59210810412266: [4, 5, 6, 7, 8, 11, 12, 13, 15, 17]}
NEW ENTRY: 41.8604754886901

Round 0
customer_address: 0.2449320713058114, 0.03380870285362005, 1.5877634568968415
customer_demographics: 0.011580578982830048, 0.0025247915931542715, 4.010294431012074
date_dim: 0.001992875710129738, 0.0007613079887628555, 16.330903841143645
household_demographics: 3.5176053643226624e-05, 0.00033242915530999503, 3.588659441681504
item: 0.03489831369370222, 0.005290039899647235, 13.218411195874312
reason: 1.4491379261016846e-06, 0.0003483091104030609, 2.374550077052514
store: 9.930133819580078e-05, 0.00045502669294675193, 17.459224104267758
store_sales: 174.69669486396015, 23.07417165409267, 1.6197738741312442
time_dim: 0.0012146271765232086, 0.000798612140417099, 2.637439799999793
Function: 46.30467359729522, 1.7677034128161275, 21.398744583129883, 20.99897391088307, 2.119516962643862, 0.01973472782227478
hiya: 0b1101010100111100000, 46.30467359729522

Round 0
customer: 0.8535048151388764, 0.11238621586650609, 1.6725082806093496
customer_demographics: 0.011580578982830048, 0.0025247915931542715, 2.3887222712616123
date_dim: 0.001992875710129738, 0.0007613079887628555, 16.494226177869038
household_demographics: 3.5176053643226624e-05, 0.00033242915530999503, 4.422800479460756
item: 0.03489831369370222, 0.005290039899647235, 13.218411195874312
reason: 1.4491379261016846e-06, 0.0003483091104030609, 2.374550077052514
store: 9.930133819580078e-05, 0.00045502669294675193, 17.62254644099315
store_sales: 174.69669486396015, 23.07417165409267, 1.7830962108566375
time_dim: 0.0012146271765232086, 0.000798612140417099, 2.637439799999793
Function: 46.2197901064092, 1.7214636719159289, 21.281661987304688, 21.072002640143037, 2.12506574639678, 0.01959606064876852
hiya: 0b1101010100111010000, 46.2197901064092

Round 0
customer: 0.8535048151388764, 0.11238621586650609, 4.4448173793008925
customer_address: 0.2449320713058114, 0.03380870285362005, 2.738500395837923
date_dim: 0.001992875710129738, 0.0007613079887628555, 16.87528821370581
household_demographics: 3.5176053643226624e-05, 0.00033242915530999503, 6.093584718026121
item: 0.03489831369370222, 0.005290039899647235, 11.629840075422623
reason: 1.4491379261016846e-06, 0.0003483091104030609, 2.374550077052514
store: 9.930133819580078e-05, 0.00045502669294675193, 17.703460441910824
store_sales: 174.69669486396015, 23.07417165409267, 2.1641582466934146
time_dim: 0.0012146271765232086, 0.000798612140417099, 2.637439799999793
Function: 45.87022023197848, 1.7539005145581568, 20.868163108825684, 21.100004819221795, 2.128347478578488, 0.01980431079435382
hiya: 0b1101010100110110000, 45.87022023197848

Round 0
customer: 0.8535048151388764, 0.11238621586650609, -0.11238621586650609
customer had no query dependencies
customer_address: 0.2449320713058114, 0.03380870285362005, -0.03380870285362005
customer_address had no query dependencies
customer_demographics: 0.011580578982830048, 0.0025247915931542715, -0.0025247915931542715
customer_demographics had no query dependencies
household_demographics: 3.5176053643226624e-05, 0.00033242915530999503, 2.6379059829849
item: 0.03489831369370222, 0.005290039899647235, 1.138781573969225
reason: 1.4491379261016846e-06, 0.0003483091104030609, 2.374550077052514
store: 9.930133819580078e-05, 0.00045502669294675193, 2.6377833854472637
store_sales: 174.69669486396015, 23.07417165409267, -14.71189127500117
time_dim: 0.0012146271765232086, 0.000798612140417099, 2.637439799999793

Round 1
household_demographics: 3.5176053643226624e-05, 0.00033242915530999503, -0.00033242915530999503
household_demographics had no query dependencies
item: 0.03489831369370222, 0.005290039899647235, -0.005290039899647235
item had no query dependencies
reason: 1.4491379261016846e-06, 0.0003483091104030609, -0.0003483091104030609
reason had no query dependencies
store: 9.930133819580078e-05, 0.00045502669294675193, -0.00045502669294675193
store had no query dependencies
time_dim: 0.0012146271765232086, 0.000798612140417099, -0.000798612140417099
time_dim had no query dependencies
Function: 47.86039352416992, 0, 47.86039352416992, 0.0, 0, 0.0
hiya: 0b0, 47.86039352416992

Round 0
customer: 0.8535048151388764, 0.11238621586650609, 0.9891386442596712
customer_address: 0.2449320713058114, 0.03380870285362005, 1.738534858326415
customer_demographics: 0.011580578982830048, 0.0025247915931542715, 3.05954097231547
date_dim: 0.001992875710129738, 0.0007613079887628555, 16.481675242573218
item: 0.03489831369370222, 0.005290039899647235, 14.02108713827739
reason: 1.4491379261016846e-06, 0.0003483091104030609, 2.374550077052514
store: 9.930133819580078e-05, 0.00045502669294675193, 14.671609058638014
store_sales: 174.69669486396015, 23.07417165409267, -0.8676931365793905
time_dim: 0.0012146271765232086, 0.000798612140417099, -0.000798612140417099
time_dim had no query dependencies

Round 1
customer: 0.8535048151388764, 0.11238621586650609, -0.11238621586650609
customer had no query dependencies
customer_address: 0.2449320713058114, 0.03380870285362005, -0.03380870285362005
customer_address had no query dependencies
customer_demographics: 0.011580578982830048, 0.0025247915931542715, -0.0025247915931542715
customer_demographics had no query dependencies
date_dim: 0.001992875710129738, 0.0007613079887628555, -0.0007613079887628555
date_dim had no query dependencies
item: 0.03489831369370222, 0.005290039899647235, -0.005290039899647235
item had no query dependencies
reason: 1.4491379261016846e-06, 0.0003483091104030609, -0.0003483091104030609
reason had no query dependencies
store: 9.930133819580078e-05, 0.00045502669294675193, -0.00045502669294675193
store had no query dependencies
Function: 47.86039352416992, 0, 47.86039352416992, 0.0, 0, 0.0
hiya: 0b0, 47.86039352416992

Round 0
customer: 0.8535048151388764, 0.11238621586650609, 3.6421414368978144
customer_address: 0.2449320713058114, 0.03380870285362005, 3.557396613185306
customer_demographics: 0.011580578982830048, 0.0025247915931542715, 1.6190473681573072
date_dim: 0.001992875710129738, 0.0007613079887628555, 8.00580187200288
household_demographics: 3.5176053643226624e-05, 0.00033242915530999503, 7.044338176722726
reason: 1.4491379261016846e-06, 0.0003483091104030609, 2.374550077052514
store: 9.930133819580078e-05, 0.00045502669294675193, 10.644346565438905
store_sales: 174.69669486396015, 23.07417165409267, -7.8493997088783996
time_dim: 0.0012146271765232086, 0.000798612140417099, 2.637439799999793

Round 1
customer: 0.8535048151388764, 0.11238621586650609, -0.11238621586650609
customer had no query dependencies
customer_address: 0.2449320713058114, 0.03380870285362005, -0.03380870285362005
customer_address had no query dependencies
customer_demographics: 0.011580578982830048, 0.0025247915931542715, -0.0025247915931542715
customer_demographics had no query dependencies
date_dim: 0.001992875710129738, 0.0007613079887628555, -0.0007613079887628555
date_dim had no query dependencies
household_demographics: 3.5176053643226624e-05, 0.00033242915530999503, -0.00033242915530999503
household_demographics had no query dependencies
reason: 1.4491379261016846e-06, 0.0003483091104030609, -0.0003483091104030609
reason had no query dependencies
store: 9.930133819580078e-05, 0.00045502669294675193, -0.00045502669294675193
store had no query dependencies
time_dim: 0.0012146271765232086, 0.000798612140417099, -0.000798612140417099
time_dim had no query dependencies
Function: 47.86039352416992, 0, 47.86039352416992, 0.0, 0, 0.0
hiya: 0b0, 47.86039352416992

Round 0
customer: 0.8535048151388764, 0.11238621586650609, 4.4448173793008925
customer_address: 0.2449320713058114, 0.03380870285362005, 4.360072555588384
customer_demographics: 0.011580578982830048, 0.0025247915931542715, 4.010294431012074
date_dim: 0.001992875710129738, 0.0007613079887628555, 20.88810743631105
household_demographics: 3.5176053643226624e-05, 0.00033242915530999503, 7.044338176722726
item: 0.03489831369370222, 0.005290039899647235, 14.02108713827739
store: 9.930133819580078e-05, 0.00045502669294675193, 21.716279664516055
store_sales: 174.69669486396015, 23.07417165409267, 3.8020790831357303
time_dim: 0.0012146271765232086, 0.000798612140417099, 2.637439799999793
Function: 44.234378056308124, 1.7336831159210209, 19.250459671020508, 21.101394314803184, 2.1291344654798507, 0.01970648908356001
hiya: 0b1101000100111110000, 44.234378056308124

Round 0
customer: 0.8535048151388764, 0.11238621586650609, 0.18776181905259687
customer_address: 0.2449320713058114, 0.03380870285362005, 0.26633933206548294
customer_demographics: 0.011580578982830048, 0.0025247915931542715, -0.0025247915931542715
customer_demographics had no query dependencies
date_dim: 0.001992875710129738, 0.0007613079887628555, 1.8096111572422584
household_demographics: 3.5176053643226624e-05, 0.00033242915530999503, -0.00033242915530999503
household_demographics had no query dependencies
item: 0.03489831369370222, 0.005290039899647235, 2.949154039200246
reason: 1.4491379261016846e-06, 0.0003483091104030609, 2.374550077052514
store_sales: 174.69669486396015, 23.07417165409267, -15.539757221910358
time_dim: 0.0012146271765232086, 0.000798612140417099, -0.000798612140417099
time_dim had no query dependencies

Round 1
customer: 0.8535048151388764, 0.11238621586650609, -0.11238621586650609
customer had no query dependencies
customer_address: 0.2449320713058114, 0.03380870285362005, -0.03380870285362005
customer_address had no query dependencies
date_dim: 0.001992875710129738, 0.0007613079887628555, -0.0007613079887628555
date_dim had no query dependencies
item: 0.03489831369370222, 0.005290039899647235, -0.005290039899647235
item had no query dependencies
reason: 1.4491379261016846e-06, 0.0003483091104030609, -0.0003483091104030609
reason had no query dependencies
Function: 47.86039352416992, 0, 47.86039352416992, 0.0, 0, 0.0
hiya: 0b0, 47.86039352416992

Round 0
customer: 0.8535048151388764, 0.11238621586650609, -0.11238621586650609
customer had no query dependencies
customer_address: 0.2449320713058114, 0.03380870285362005, -0.03380870285362005
customer_address had no query dependencies
customer_demographics: 0.011580578982830048, 0.0025247915931542715, -0.0025247915931542715
customer_demographics had no query dependencies
date_dim: 0.001992875710129738, 0.0007613079887628555, -0.0007613079887628555
date_dim had no query dependencies
household_demographics: 3.5176053643226624e-05, 0.00033242915530999503, -0.00033242915530999503
household_demographics had no query dependencies
item: 0.03489831369370222, 0.005290039899647235, -0.005290039899647235
item had no query dependencies
reason: 1.4491379261016846e-06, 0.0003483091104030609, -0.0003483091104030609
reason had no query dependencies
store: 9.930133819580078e-05, 0.00045502669294675193, -0.00045502669294675193
store had no query dependencies
time_dim: 0.0012146271765232086, 0.000798612140417099, -0.000798612140417099
time_dim had no query dependencies
Function: 47.86039352416992, 0, 47.86039352416992, 0.0, 0, 0.0
hiya: 0b0, 47.86039352416992

Round 0
customer: 0.8535048151388764, 0.11238621586650609, 4.4448173793008925
customer_address: 0.2449320713058114, 0.03380870285362005, 4.360072555588384
customer_demographics: 0.011580578982830048, 0.0025247915931542715, 4.010294431012074
date_dim: 0.001992875710129738, 0.0007613079887628555, 20.88810743631105
household_demographics: 3.5176053643226624e-05, 0.00033242915530999503, 4.406099764582515
item: 0.03489831369370222, 0.005290039899647235, 14.02108713827739
reason: 1.4491379261016846e-06, 0.0003483091104030609, 2.374550077052514
store: 9.930133819580078e-05, 0.00045502669294675193, 19.078041252375844
store_sales: 174.69669486396015, 23.07417165409267, 3.538739057158434
Function: 44.49758812729003, 1.7968087559119865, 19.450674057006836, 21.10124873343855, 2.1288297438144683, 0.020026837118186216
hiya: 0b101010100111110000, 44.49758812729003
{46.30467359729522: [5, 6, 7, 8, 11, 13, 15, 17, 18], 46.2197901064092: [4, 6, 7, 8, 11, 13, 15, 17, 18], 45.87022023197848: [4, 5, 7, 8, 11, 13, 15, 17, 18], 47.86039352416992: [], 44.234378056308124: [4, 5, 6, 7, 8, 11, 15, 17, 18], 44.49758812729003: [4, 5, 6, 7, 8, 11, 13, 15, 17]}
NEW ENTRY: 44.234378056308124

Round 0
customer_address: 0.2449320713058114, 0.03380870285362005, 1.5877634568968415
customer_demographics: 0.011580578982830048, 0.0025247915931542715, 4.010294431012074
date_dim: 0.001992875710129738, 0.0007613079887628555, 16.330903841143645
household_demographics: 3.5176053643226624e-05, 0.00033242915530999503, 3.588659441681504
item: 0.03489831369370222, 0.005290039899647235, 13.218411195874312
store: 9.930133819580078e-05, 0.00045502669294675193, 17.459224104267758
store_sales: 174.69669486396015, 23.07417165409267, -0.7551245120316743
time_dim: 0.0012146271765232086, 0.000798612140417099, 2.637439799999793

Round 1
customer_address: 0.2449320713058114, 0.03380870285362005, -0.03380870285362005
customer_address had no query dependencies
customer_demographics: 0.011580578982830048, 0.0025247915931542715, -0.0025247915931542715
customer_demographics had no query dependencies
date_dim: 0.001992875710129738, 0.0007613079887628555, -0.0007613079887628555
date_dim had no query dependencies
household_demographics: 3.5176053643226624e-05, 0.00033242915530999503, -0.00033242915530999503
household_demographics had no query dependencies
item: 0.03489831369370222, 0.005290039899647235, -0.005290039899647235
item had no query dependencies
store: 9.930133819580078e-05, 0.00045502669294675193, -0.00045502669294675193
store had no query dependencies
time_dim: 0.0012146271765232086, 0.000798612140417099, -0.000798612140417099
time_dim had no query dependencies
Function: 47.86039352416992, 0, 47.86039352416992, 0.0, 0, 0.0
hiya: 0b0, 47.86039352416992

Round 0
customer: 0.8535048151388764, 0.11238621586650609, 1.6725082806093496
customer_demographics: 0.011580578982830048, 0.0025247915931542715, 2.3887222712616123
date_dim: 0.001992875710129738, 0.0007613079887628555, 16.494226177869038
household_demographics: 3.5176053643226624e-05, 0.00033242915530999503, 4.422800479460756
item: 0.03489831369370222, 0.005290039899647235, 13.218411195874312
store: 9.930133819580078e-05, 0.00045502669294675193, 17.62254644099315
store_sales: 174.69669486396015, 23.07417165409267, -0.591802175306281
time_dim: 0.0012146271765232086, 0.000798612140417099, 2.637439799999793

Round 1
customer: 0.8535048151388764, 0.11238621586650609, -0.11238621586650609
customer had no query dependencies
customer_demographics: 0.011580578982830048, 0.0025247915931542715, -0.0025247915931542715
customer_demographics had no query dependencies
date_dim: 0.001992875710129738, 0.0007613079887628555, -0.0007613079887628555
date_dim had no query dependencies
household_demographics: 3.5176053643226624e-05, 0.00033242915530999503, -0.00033242915530999503
household_demographics had no query dependencies
item: 0.03489831369370222, 0.005290039899647235, -0.005290039899647235
item had no query dependencies
store: 9.930133819580078e-05, 0.00045502669294675193, -0.00045502669294675193
store had no query dependencies
time_dim: 0.0012146271765232086, 0.000798612140417099, -0.000798612140417099
time_dim had no query dependencies
Function: 47.86039352416992, 0, 47.86039352416992, 0.0, 0, 0.0
hiya: 0b0, 47.86039352416992

Round 0
customer: 0.8535048151388764, 0.11238621586650609, 4.4448173793008925
customer_address: 0.2449320713058114, 0.03380870285362005, 2.738500395837923
date_dim: 0.001992875710129738, 0.0007613079887628555, 16.87528821370581
household_demographics: 3.5176053643226624e-05, 0.00033242915530999503, 6.093584718026121
item: 0.03489831369370222, 0.005290039899647235, 11.629840075422623
store: 9.930133819580078e-05, 0.00045502669294675193, 17.703460441910824
store_sales: 174.69669486396015, 23.07417165409267, -0.21074013946950032
time_dim: 0.0012146271765232086, 0.000798612140417099, 2.637439799999793

Round 1
customer: 0.8535048151388764, 0.11238621586650609, -0.11238621586650609
customer had no query dependencies
customer_address: 0.2449320713058114, 0.03380870285362005, -0.03380870285362005
customer_address had no query dependencies
date_dim: 0.001992875710129738, 0.0007613079887628555, -0.0007613079887628555
date_dim had no query dependencies
household_demographics: 3.5176053643226624e-05, 0.00033242915530999503, -0.00033242915530999503
household_demographics had no query dependencies
item: 0.03489831369370222, 0.005290039899647235, -0.005290039899647235
item had no query dependencies
store: 9.930133819580078e-05, 0.00045502669294675193, -0.00045502669294675193
store had no query dependencies
time_dim: 0.0012146271765232086, 0.000798612140417099, -0.000798612140417099
time_dim had no query dependencies
Function: 47.86039352416992, 0, 47.86039352416992, 0.0, 0, 0.0
hiya: 0b0, 47.86039352416992

Round 0
customer: 0.8535048151388764, 0.11238621586650609, -0.11238621586650609
customer had no query dependencies
customer_address: 0.2449320713058114, 0.03380870285362005, -0.03380870285362005
customer_address had no query dependencies
customer_demographics: 0.011580578982830048, 0.0025247915931542715, -0.0025247915931542715
customer_demographics had no query dependencies
household_demographics: 3.5176053643226624e-05, 0.00033242915530999503, 2.6379059829849
item: 0.03489831369370222, 0.005290039899647235, 1.138781573969225
store: 9.930133819580078e-05, 0.00045502669294675193, 2.6377833854472637
store_sales: 174.69669486396015, 23.07417165409267, -17.086789661164083
time_dim: 0.0012146271765232086, 0.000798612140417099, 2.637439799999793

Round 1
household_demographics: 3.5176053643226624e-05, 0.00033242915530999503, -0.00033242915530999503
household_demographics had no query dependencies
item: 0.03489831369370222, 0.005290039899647235, -0.005290039899647235
item had no query dependencies
store: 9.930133819580078e-05, 0.00045502669294675193, -0.00045502669294675193
store had no query dependencies
time_dim: 0.0012146271765232086, 0.000798612140417099, -0.000798612140417099
time_dim had no query dependencies
Function: 47.86039352416992, 0, 47.86039352416992, 0.0, 0, 0.0
hiya: 0b0, 47.86039352416992

Round 0
customer: 0.8535048151388764, 0.11238621586650609, 0.9891386442596712
customer_address: 0.2449320713058114, 0.03380870285362005, 1.738534858326415
customer_demographics: 0.011580578982830048, 0.0025247915931542715, 3.05954097231547
date_dim: 0.001992875710129738, 0.0007613079887628555, 16.481675242573218
item: 0.03489831369370222, 0.005290039899647235, 14.02108713827739
store: 9.930133819580078e-05, 0.00045502669294675193, 14.671609058638014
store_sales: 174.69669486396015, 23.07417165409267, -3.242591522742309
time_dim: 0.0012146271765232086, 0.000798612140417099, -0.000798612140417099
time_dim had no query dependencies

Round 1
customer: 0.8535048151388764, 0.11238621586650609, -0.11238621586650609
customer had no query dependencies
customer_address: 0.2449320713058114, 0.03380870285362005, -0.03380870285362005
customer_address had no query dependencies
customer_demographics: 0.011580578982830048, 0.0025247915931542715, -0.0025247915931542715
customer_demographics had no query dependencies
date_dim: 0.001992875710129738, 0.0007613079887628555, -0.0007613079887628555
date_dim had no query dependencies
item: 0.03489831369370222, 0.005290039899647235, -0.005290039899647235
item had no query dependencies
store: 9.930133819580078e-05, 0.00045502669294675193, -0.00045502669294675193
store had no query dependencies
Function: 47.86039352416992, 0, 47.86039352416992, 0.0, 0, 0.0
hiya: 0b0, 47.86039352416992

Round 0
customer: 0.8535048151388764, 0.11238621586650609, 3.6421414368978144
customer_address: 0.2449320713058114, 0.03380870285362005, 3.557396613185306
customer_demographics: 0.011580578982830048, 0.0025247915931542715, 1.6190473681573072
date_dim: 0.001992875710129738, 0.0007613079887628555, 8.00580187200288
household_demographics: 3.5176053643226624e-05, 0.00033242915530999503, 7.044338176722726
store: 9.930133819580078e-05, 0.00045502669294675193, 10.644346565438905
store_sales: 174.69669486396015, 23.07417165409267, -10.224298095041316
time_dim: 0.0012146271765232086, 0.000798612140417099, 2.637439799999793

Round 1
customer: 0.8535048151388764, 0.11238621586650609, -0.11238621586650609
customer had no query dependencies
customer_address: 0.2449320713058114, 0.03380870285362005, -0.03380870285362005
customer_address had no query dependencies
customer_demographics: 0.011580578982830048, 0.0025247915931542715, -0.0025247915931542715
customer_demographics had no query dependencies
date_dim: 0.001992875710129738, 0.0007613079887628555, -0.0007613079887628555
date_dim had no query dependencies
household_demographics: 3.5176053643226624e-05, 0.00033242915530999503, -0.00033242915530999503
household_demographics had no query dependencies
store: 9.930133819580078e-05, 0.00045502669294675193, -0.00045502669294675193
store had no query dependencies
time_dim: 0.0012146271765232086, 0.000798612140417099, -0.000798612140417099
time_dim had no query dependencies
Function: 47.86039352416992, 0, 47.86039352416992, 0.0, 0, 0.0
hiya: 0b0, 47.86039352416992

Round 0
customer: 0.8535048151388764, 0.11238621586650609, 0.18776181905259687
customer_address: 0.2449320713058114, 0.03380870285362005, 0.26633933206548294
customer_demographics: 0.011580578982830048, 0.0025247915931542715, -0.0025247915931542715
customer_demographics had no query dependencies
date_dim: 0.001992875710129738, 0.0007613079887628555, 1.8096111572422584
household_demographics: 3.5176053643226624e-05, 0.00033242915530999503, -0.00033242915530999503
household_demographics had no query dependencies
item: 0.03489831369370222, 0.005290039899647235, 2.949154039200246
store_sales: 174.69669486396015, 23.07417165409267, -17.914655608073275
time_dim: 0.0012146271765232086, 0.000798612140417099, -0.000798612140417099
time_dim had no query dependencies

Round 1
customer: 0.8535048151388764, 0.11238621586650609, -0.11238621586650609
customer had no query dependencies
customer_address: 0.2449320713058114, 0.03380870285362005, -0.03380870285362005
customer_address had no query dependencies
date_dim: 0.001992875710129738, 0.0007613079887628555, -0.0007613079887628555
date_dim had no query dependencies
item: 0.03489831369370222, 0.005290039899647235, -0.005290039899647235
item had no query dependencies
Function: 47.86039352416992, 0, 47.86039352416992, 0.0, 0, 0.0
hiya: 0b0, 47.86039352416992

Round 0
customer: 0.8535048151388764, 0.11238621586650609, -0.11238621586650609
customer had no query dependencies
customer_address: 0.2449320713058114, 0.03380870285362005, -0.03380870285362005
customer_address had no query dependencies
customer_demographics: 0.011580578982830048, 0.0025247915931542715, -0.0025247915931542715
customer_demographics had no query dependencies
date_dim: 0.001992875710129738, 0.0007613079887628555, -0.0007613079887628555
date_dim had no query dependencies
household_demographics: 3.5176053643226624e-05, 0.00033242915530999503, -0.00033242915530999503
household_demographics had no query dependencies
item: 0.03489831369370222, 0.005290039899647235, -0.005290039899647235
item had no query dependencies
store: 9.930133819580078e-05, 0.00045502669294675193, -0.00045502669294675193
store had no query dependencies
time_dim: 0.0012146271765232086, 0.000798612140417099, -0.000798612140417099
time_dim had no query dependencies
Function: 47.86039352416992, 0, 47.86039352416992, 0.0, 0, 0.0
hiya: 0b0, 47.86039352416992

Round 0
customer: 0.8535048151388764, 0.11238621586650609, 4.4448173793008925
customer_address: 0.2449320713058114, 0.03380870285362005, 4.360072555588384
customer_demographics: 0.011580578982830048, 0.0025247915931542715, 4.010294431012074
date_dim: 0.001992875710129738, 0.0007613079887628555, 20.88810743631105
household_demographics: 3.5176053643226624e-05, 0.00033242915530999503, 4.406099764582515
item: 0.03489831369370222, 0.005290039899647235, 14.02108713827739
store: 9.930133819580078e-05, 0.00045502669294675193, 19.078041252375844
store_sales: 174.69669486396015, 23.07417165409267, 1.1638406709955191
Function: 46.871490699383344, 1.6702337152560556, 21.952147483825684, 21.101248559542, 2.1284816086006164, 0.019379332158982066
hiya: 0b101000100111110000, 46.871490699383344
{47.86039352416992: [], 46.871490699383344: [4, 5, 6, 7, 8, 11, 15, 17]}
NEW ENTRY: 46.871490699383344

Round 0
customer_address: 0.2449320713058114, 0.03380870285362005, 1.5877634568968415
customer_demographics: 0.011580578982830048, 0.0025247915931542715, 4.010294431012074
date_dim: 0.001992875710129738, 0.0007613079887628555, 16.330903841143645
household_demographics: 3.5176053643226624e-05, 0.00033242915530999503, 0.9504210295412938
item: 0.03489831369370222, 0.005290039899647235, 13.218411195874312
store: 9.930133819580078e-05, 0.00045502669294675193, 14.820985692127543
store_sales: 174.69669486396015, 23.07417165409267, -3.393362924171882

Round 1
customer_address: 0.2449320713058114, 0.03380870285362005, -0.03380870285362005
customer_address had no query dependencies
customer_demographics: 0.011580578982830048, 0.0025247915931542715, -0.0025247915931542715
customer_demographics had no query dependencies
date_dim: 0.001992875710129738, 0.0007613079887628555, -0.0007613079887628555
date_dim had no query dependencies
household_demographics: 3.5176053643226624e-05, 0.00033242915530999503, -0.00033242915530999503
household_demographics had no query dependencies
item: 0.03489831369370222, 0.005290039899647235, -0.005290039899647235
item had no query dependencies
store: 9.930133819580078e-05, 0.00045502669294675193, -0.00045502669294675193
store had no query dependencies
Function: 47.86039352416992, 0, 47.86039352416992, 0.0, 0, 0.0
hiya: 0b0, 47.86039352416992

Round 0
customer: 0.8535048151388764, 0.11238621586650609, 1.6725082806093496
customer_demographics: 0.011580578982830048, 0.0025247915931542715, 2.3887222712616123
date_dim: 0.001992875710129738, 0.0007613079887628555, 16.494226177869038
household_demographics: 3.5176053643226624e-05, 0.00033242915530999503, 1.7845620673205458
item: 0.03489831369370222, 0.005290039899647235, 13.218411195874312
store: 9.930133819580078e-05, 0.00045502669294675193, 14.984308028852936
store_sales: 174.69669486396015, 23.07417165409267, -3.2300405874464886

Round 1
customer: 0.8535048151388764, 0.11238621586650609, -0.11238621586650609
customer had no query dependencies
customer_demographics: 0.011580578982830048, 0.0025247915931542715, -0.0025247915931542715
customer_demographics had no query dependencies
date_dim: 0.001992875710129738, 0.0007613079887628555, -0.0007613079887628555
date_dim had no query dependencies
household_demographics: 3.5176053643226624e-05, 0.00033242915530999503, -0.00033242915530999503
household_demographics had no query dependencies
item: 0.03489831369370222, 0.005290039899647235, -0.005290039899647235
item had no query dependencies
store: 9.930133819580078e-05, 0.00045502669294675193, -0.00045502669294675193
store had no query dependencies
Function: 47.86039352416992, 0, 47.86039352416992, 0.0, 0, 0.0
hiya: 0b0, 47.86039352416992

Round 0
customer: 0.8535048151388764, 0.11238621586650609, 4.4448173793008925
customer_address: 0.2449320713058114, 0.03380870285362005, 2.738500395837923
date_dim: 0.001992875710129738, 0.0007613079887628555, 16.87528821370581
household_demographics: 3.5176053643226624e-05, 0.00033242915530999503, 3.4553463058859104
item: 0.03489831369370222, 0.005290039899647235, 11.629840075422623
store: 9.930133819580078e-05, 0.00045502669294675193, 15.06522202977061
store_sales: 174.69669486396015, 23.07417165409267, -2.848978551609715

Round 1
customer: 0.8535048151388764, 0.11238621586650609, -0.11238621586650609
customer had no query dependencies
customer_address: 0.2449320713058114, 0.03380870285362005, -0.03380870285362005
customer_address had no query dependencies
date_dim: 0.001992875710129738, 0.0007613079887628555, -0.0007613079887628555
date_dim had no query dependencies
household_demographics: 3.5176053643226624e-05, 0.00033242915530999503, -0.00033242915530999503
household_demographics had no query dependencies
item: 0.03489831369370222, 0.005290039899647235, -0.005290039899647235
item had no query dependencies
store: 9.930133819580078e-05, 0.00045502669294675193, -0.00045502669294675193
store had no query dependencies
Function: 47.86039352416992, 0, 47.86039352416992, 0.0, 0, 0.0
hiya: 0b0, 47.86039352416992

Round 0
customer: 0.8535048151388764, 0.11238621586650609, -0.11238621586650609
customer had no query dependencies
customer_address: 0.2449320713058114, 0.03380870285362005, -0.03380870285362005
customer_address had no query dependencies
customer_demographics: 0.011580578982830048, 0.0025247915931542715, -0.0025247915931542715
customer_demographics had no query dependencies
household_demographics: 3.5176053643226624e-05, 0.00033242915530999503, -0.00033242915530999503
household_demographics had no query dependencies
item: 0.03489831369370222, 0.005290039899647235, 1.138781573969225
store: 9.930133819580078e-05, 0.00045502669294675193, -0.00045502669294675193
store had no query dependencies
store_sales: 174.69669486396015, 23.07417165409267, -19.725028073304294

Round 1
item: 0.03489831369370222, 0.005290039899647235, -0.005290039899647235
item had no query dependencies
Function: 47.86039352416992, 0, 47.86039352416992, 0.0, 0, 0.0
hiya: 0b0, 47.86039352416992

Round 0
customer: 0.8535048151388764, 0.11238621586650609, 0.9891386442596712
customer_address: 0.2449320713058114, 0.03380870285362005, 1.738534858326415
customer_demographics: 0.011580578982830048, 0.0025247915931542715, 3.05954097231547
date_dim: 0.001992875710129738, 0.0007613079887628555, 16.481675242573218
item: 0.03489831369370222, 0.005290039899647235, 14.02108713827739
store: 9.930133819580078e-05, 0.00045502669294675193, 14.671609058638014
store_sales: 174.69669486396015, 23.07417165409267, -3.242591522742309

Round 1
customer: 0.8535048151388764, 0.11238621586650609, -0.11238621586650609
customer had no query dependencies
customer_address: 0.2449320713058114, 0.03380870285362005, -0.03380870285362005
customer_address had no query dependencies
customer_demographics: 0.011580578982830048, 0.0025247915931542715, -0.0025247915931542715
customer_demographics had no query dependencies
date_dim: 0.001992875710129738, 0.0007613079887628555, -0.0007613079887628555
date_dim had no query dependencies
item: 0.03489831369370222, 0.005290039899647235, -0.005290039899647235
item had no query dependencies
store: 9.930133819580078e-05, 0.00045502669294675193, -0.00045502669294675193
store had no query dependencies
Function: 47.86039352416992, 0, 47.86039352416992, 0.0, 0, 0.0
hiya: 0b0, 47.86039352416992

Round 0
customer: 0.8535048151388764, 0.11238621586650609, 3.6421414368978144
customer_address: 0.2449320713058114, 0.03380870285362005, 3.557396613185306
customer_demographics: 0.011580578982830048, 0.0025247915931542715, 1.6190473681573072
date_dim: 0.001992875710129738, 0.0007613079887628555, 8.00580187200288
household_demographics: 3.5176053643226624e-05, 0.00033242915530999503, 4.406099764582515
store: 9.930133819580078e-05, 0.00045502669294675193, 8.006108153298696
store_sales: 174.69669486396015, 23.07417165409267, -12.862536507181526

Round 1
customer: 0.8535048151388764, 0.11238621586650609, -0.11238621586650609
customer had no query dependencies
customer_address: 0.2449320713058114, 0.03380870285362005, -0.03380870285362005
customer_address had no query dependencies
customer_demographics: 0.011580578982830048, 0.0025247915931542715, -0.0025247915931542715
customer_demographics had no query dependencies
date_dim: 0.001992875710129738, 0.0007613079887628555, -0.0007613079887628555
date_dim had no query dependencies
household_demographics: 3.5176053643226624e-05, 0.00033242915530999503, -0.00033242915530999503
household_demographics had no query dependencies
store: 9.930133819580078e-05, 0.00045502669294675193, -0.00045502669294675193
store had no query dependencies
Function: 47.86039352416992, 0, 47.86039352416992, 0.0, 0, 0.0
hiya: 0b0, 47.86039352416992

Round 0
customer: 0.8535048151388764, 0.11238621586650609, 0.18776181905259687
customer_address: 0.2449320713058114, 0.03380870285362005, 0.26633933206548294
customer_demographics: 0.011580578982830048, 0.0025247915931542715, -0.0025247915931542715
customer_demographics had no query dependencies
date_dim: 0.001992875710129738, 0.0007613079887628555, 1.8096111572422584
household_demographics: 3.5176053643226624e-05, 0.00033242915530999503, -0.00033242915530999503
household_demographics had no query dependencies
item: 0.03489831369370222, 0.005290039899647235, 2.949154039200246
store_sales: 174.69669486396015, 23.07417165409267, -17.914655608073275

Round 1
customer: 0.8535048151388764, 0.11238621586650609, -0.11238621586650609
customer had no query dependencies
customer_address: 0.2449320713058114, 0.03380870285362005, -0.03380870285362005
customer_address had no query dependencies
date_dim: 0.001992875710129738, 0.0007613079887628555, -0.0007613079887628555
date_dim had no query dependencies
item: 0.03489831369370222, 0.005290039899647235, -0.005290039899647235
item had no query dependencies
Function: 47.86039352416992, 0, 47.86039352416992, 0.0, 0, 0.0
hiya: 0b0, 47.86039352416992

Round 0
customer: 0.8535048151388764, 0.11238621586650609, -0.11238621586650609
customer had no query dependencies
customer_address: 0.2449320713058114, 0.03380870285362005, -0.03380870285362005
customer_address had no query dependencies
customer_demographics: 0.011580578982830048, 0.0025247915931542715, -0.0025247915931542715
customer_demographics had no query dependencies
date_dim: 0.001992875710129738, 0.0007613079887628555, -0.0007613079887628555
date_dim had no query dependencies
household_demographics: 3.5176053643226624e-05, 0.00033242915530999503, -0.00033242915530999503
household_demographics had no query dependencies
item: 0.03489831369370222, 0.005290039899647235, -0.005290039899647235
item had no query dependencies
store: 9.930133819580078e-05, 0.00045502669294675193, -0.00045502669294675193
store had no query dependencies
Function: 47.86039352416992, 0, 47.86039352416992, 0.0, 0, 0.0
hiya: 0b0, 47.86039352416992
{47.86039352416992: []}
NEW ENTRY: 47.86039352416992
{39.69256563864202: [4, 5, 6, 7, 8, 10, 11, 12, 13, 15, 17, 18, 19], 39.954995466110304: [4, 5, 6, 7, 8, 11, 12, 13, 15, 17, 18], 41.8604754886901: [4, 5, 6, 7, 8, 11, 13, 15, 17, 18], 44.234378056308124: [4, 5, 6, 7, 8, 11, 15, 17, 18], 46.871490699383344: [4, 5, 6, 7, 8, 11, 15, 17], 47.86039352416992: []}
[4, 5, 6, 7, 8, 10, 11, 12, 13, 15, 17, 18, 19]
----
Best Cost: $39.69256563864202;
[4, 5, 6, 7, 8, 10, 11, 12, 13, 15, 17, 18, 19]
[4, 5, 6, 7, 8, 10, 11, 12, 13, 15, 17, 18, 19]
13
Optimal Subset: 0b11101011110111110000
Function: 39.69256563864202, 1.9295199633042024, 13.741216659545898, 21.717690001912413, 2.282025942227443, 0.022113071652062725
39.69256563864202
Real: 39.69256563864202, 1.9295199633042024, 13.741216659545898, 21.717690001912413, 2.282025942227443, 0.022113071652062725
Num Redshift Qs: 37; Num GCP Qs: 25
Redshift Qs: $1.9295199633042024; GCP Qs: $13.741216659545898; Movement Cost: $21.717690001912413
Final cost: $39.69256563864202, BQ Baseline: $47.86039352416992, Diff: $8.167827885527899, %: 17.065943850635232%
