Egress: $0.12/GB
Benchmark: tpcds
Data Path: parquet_1000/real_data_rs1
BigQuery Cost: $5/TB; DuckDB Cost: $1.48/hr; Redshift Cost: $1.086/hr
Use Duck: False
Excluded Table: store
Excluded Query: None

Starting analysis without using DuckDB
Redshift Total: $4.541879611875218, Redshift-Calcite Total: $3.844497061573267, BigQuery Total: $54.0450382232666
Excluding table store and any queries that depend on it
Total Keys: 64, Keys Considered: 63

Round 0
call_center: 9.615905582904816e-06, 0.00038807917684316635, 1.1867402938341098
catalog_page: 0.0017016949132084846, 0.0014676847180724146, -0.0014676847180724146
catalog_page had no query dependencies
catalog_returns: 13.009788101539016, 1.6911096025011938, 3.490994358793695
catalog_sales: 132.3057429259643, 17.35463456002543, 18.392516610214805
customer: 0.8535048151388764, 0.11238621586650609, 9.046165926700732
customer_address: 0.2449320713058114, 0.03380870285362005, 8.278263414213956
customer_demographics: 0.011580578982830048, 0.0025247915931542715, 5.138211137192648
date_dim: 0.001992875710129738, 0.0007613079887628555, 43.95535748568991
household_demographics: 3.5176053643226624e-05, 0.00033242915530999503, 0.5711733168198666
income_band: 5.122274160385132e-07, 0.0003378786883751551, 0.012840559015075366
inventory: 5.1357166497036815, 0.7680814273221294, 0.7798120459792018
item: 0.03489831369370222, 0.005290039899647235, 33.34325321457316
promotion: 7.638614624738693e-05, 0.0004480405369400979, 1.5898859650378427
reason: 1.4491379261016846e-06, 0.0003483091104030609, 3.079234635148446
ship_mode: 1.3029202818870544e-06, 0.0003387827045718829, 0.9214682553634047
store_returns: 20.850121902301908, 2.71282215587914, 1.9573102365392447
store_sales: 174.69669486396015, 23.07417165409267, 18.968059046124413
time_dim: 0.0012146271765232086, 0.000798612140417099, 1.4080376230072975
warehouse: 2.907589077949524e-06, 0.0003093868873516719, 2.4120488405706486
web_page: 7.394980639219284e-05, 0.00034018037388722103, 0.3302358142619332
web_returns: 6.285572262480855, 0.8100109892115991, 4.046980289132794
web_sales: 67.01082486007363, 8.786701366623738, 26.185704419371973
web_site: 1.0454095900058746e-05, 0.00032022725552320483, 0.6662241745852431

Round 1
call_center: 9.615905582904816e-06, 0.00038807917684316635, 1.1867402938341098
catalog_returns: 13.009788101539016, 1.6911096025011938, 3.490994358793695
catalog_sales: 132.3057429259643, 17.35463456002543, 18.392516610214805
customer: 0.8535048151388764, 0.11238621586650609, 9.046165926700732
customer_address: 0.2449320713058114, 0.03380870285362005, 8.278263414213956
customer_demographics: 0.011580578982830048, 0.0025247915931542715, 5.138211137192648
date_dim: 0.001992875710129738, 0.0007613079887628555, 43.95535748568991
household_demographics: 3.5176053643226624e-05, 0.00033242915530999503, 0.5711733168198666
income_band: 5.122274160385132e-07, 0.0003378786883751551, 0.012840559015075366
inventory: 5.1357166497036815, 0.7680814273221294, 0.7798120459792018
item: 0.03489831369370222, 0.005290039899647235, 33.34325321457316
promotion: 7.638614624738693e-05, 0.0004480405369400979, 1.5898859650378427
reason: 1.4491379261016846e-06, 0.0003483091104030609, 3.079234635148446
ship_mode: 1.3029202818870544e-06, 0.0003387827045718829, 0.9214682553634047
store_returns: 20.850121902301908, 2.71282215587914, 1.9573102365392447
store_sales: 174.69669486396015, 23.07417165409267, 18.968059046124413
time_dim: 0.0012146271765232086, 0.000798612140417099, 1.4080376230072975
warehouse: 2.907589077949524e-06, 0.0003093868873516719, 2.4120488405706486
web_page: 7.394980639219284e-05, 0.00034018037388722103, 0.3302358142619332
web_returns: 6.285572262480855, 0.8100109892115991, 4.046980289132794
web_sales: 67.01082486007363, 8.786701366623738, 26.185704419371973
web_site: 1.0454095900058746e-05, 0.00032022725552320483, 0.6662241745852431
----
[0, 2, 3, 4, 5, 6, 7, 8, 9, 10, 11, 12, 13, 14, 16, 17, 18, 19, 20, 21, 22, 23]
Function: 59.12939310764334, 3.6684545602357383, 0.00011920928955078125, 50.453135592229664, 4.903129147657554, 0.10455459823083747

Round 0
catalog_returns: 13.009788101539016, 1.6911096025011938, 3.105902048716346
catalog_sales: 132.3057429259643, 17.35463456002543, 17.22717775638629
customer: 0.8535048151388764, 0.11238621586650609, 9.024376407518288
customer_address: 0.2449320713058114, 0.03380870285362005, 7.893171104136605
customer_demographics: 0.011580578982830048, 0.0025247915931542715, 5.116421618010205
date_dim: 0.001992875710129738, 0.0007613079887628555, 42.76822911267896
household_demographics: 3.5176053643226624e-05, 0.00033242915530999503, 0.549383797637423
income_band: 5.122274160385132e-07, 0.0003378786883751551, 0.012840559015075366
inventory: 5.1357166497036815, 0.7680814273221294, 0.7798120459792018
item: 0.03489831369370222, 0.005290039899647235, 32.79561989092995
promotion: 7.638614624738693e-05, 0.0004480405369400979, 1.5898859650378427
reason: 1.4491379261016846e-06, 0.0003483091104030609, 3.079234635148446
ship_mode: 1.3029202818870544e-06, 0.0003387827045718829, 0.6670655160730083
store_returns: 20.850121902301908, 2.71282215587914, 1.9573102365392447
store_sales: 174.69669486396015, 23.07417165409267, 18.968059046124413
time_dim: 0.0012146271765232086, 0.000798612140417099, 1.4080376230072975
warehouse: 2.907589077949524e-06, 0.0003093868873516719, 2.157646101280252
web_page: 7.394980639219284e-05, 0.00034018037388722103, 0.3302358142619332
web_returns: 6.285572262480855, 0.8100109892115991, 4.046980289132794
web_sales: 67.01082486007363, 8.786701366623738, 26.185704419371973
web_site: 1.0454095900058746e-05, 0.00032022725552320483, 0.6662241745852431
Function: 60.31370853746875, 3.4700467393990353, 1.385655403137207, 50.453134438320994, 4.902742222389381, 0.10212973422212997
hiya: 0b111111110111111111111100, 60.31370853746875

Round 0
call_center: 9.615905582904816e-06, 0.00038807917684316635, 0.8016479837567607
catalog_sales: 132.3057429259643, 17.35463456002543, 13.306312604788246
customer: 0.8535048151388764, 0.11238621586650609, 8.997802708535096
customer_address: 0.2449320713058114, 0.03380870285362005, 7.866597405153413
customer_demographics: 0.011580578982830048, 0.0025247915931542715, 4.734392174894811
date_dim: 0.001992875710129738, 0.0007613079887628555, 38.77325352439502
household_demographics: 3.5176053643226624e-05, 0.00033242915530999503, 0.1673543545220296
income_band: 5.122274160385132e-07, 0.0003378786883751551, 0.012840559015075366
inventory: 5.1357166497036815, 0.7680814273221294, 0.3977826028638084
item: 0.03489831369370222, 0.005290039899647235, 30.77290568112979
promotion: 7.638614624738693e-05, 0.0004480405369400979, 1.2078565219224493
reason: 1.4491379261016846e-06, 0.0003483091104030609, 3.079234635148446
ship_mode: 1.3029202818870544e-06, 0.0003387827045718829, 0.9214682553634047
store_returns: 20.850121902301908, 2.71282215587914, -2.1710268087416886
store_sales: 174.69669486396015, 23.07417165409267, 14.88725873854617
time_dim: 0.0012146271765232086, 0.000798612140417099, 1.4080376230072975
warehouse: 2.907589077949524e-06, 0.0003093868873516719, 1.7699479336172341
web_page: 7.394980639219284e-05, 0.00034018037388722103, 0.3302358142619332
web_returns: 6.285572262480855, 0.8100109892115991, -0.08135675614813975
web_sales: 67.01082486007363, 8.786701366623738, 22.10490411179374
web_site: 1.0454095900058746e-05, 0.00032022725552320483, 0.6662241745852431

Round 1
call_center: 9.615905582904816e-06, 0.00038807917684316635, 0.8016479837567607
catalog_sales: 132.3057429259643, 17.35463456002543, 13.306312604788246
customer: 0.8535048151388764, 0.11238621586650609, 8.970652630553545
customer_address: 0.2449320713058114, 0.03380870285362005, 7.1247647343865035
customer_demographics: 0.011580578982830048, 0.0025247915931542715, 4.545146088529429
date_dim: 0.001992875710129738, 0.0007613079887628555, 38.044599291331565
household_demographics: 3.5176053643226624e-05, 0.00033242915530999503, 0.15417591681857906
income_band: 5.122274160385132e-07, 0.0003378786883751551, -0.0003378786883751551
income_band had no query dependencies
inventory: 5.1357166497036815, 0.7680814273221294, 0.3977826028638084
item: 0.03489831369370222, 0.005290039899647235, 30.77290568112979
promotion: 7.638614624738693e-05, 0.0004480405369400979, 1.2078565219224493
reason: 1.4491379261016846e-06, 0.0003483091104030609, 2.374550077052514
ship_mode: 1.3029202818870544e-06, 0.0003387827045718829, 0.9214682553634047
store_sales: 174.69669486396015, 23.07417165409267, 14.35864182911217
time_dim: 0.0012146271765232086, 0.000798612140417099, 1.4080376230072975
warehouse: 2.907589077949524e-06, 0.0003093868873516719, 1.7699479336172341
web_page: 7.394980639219284e-05, 0.00034018037388722103, 0.15416816560000182
web_sales: 67.01082486007363, 8.786701366623738, 21.39022151900838
web_site: 1.0454095900058746e-05, 0.00032022725552320483, 0.127609230461816

Round 2
call_center: 9.615905582904816e-06, 0.00038807917684316635, 0.8016479837567607
catalog_sales: 132.3057429259643, 17.35463456002543, 13.306312604788246
customer: 0.8535048151388764, 0.11238621586650609, 8.970652630553545
customer_address: 0.2449320713058114, 0.03380870285362005, 7.1247647343865035
customer_demographics: 0.011580578982830048, 0.0025247915931542715, 4.545146088529429
date_dim: 0.001992875710129738, 0.0007613079887628555, 38.044599291331565
household_demographics: 3.5176053643226624e-05, 0.00033242915530999503, 0.15417591681857906
inventory: 5.1357166497036815, 0.7680814273221294, 0.3977826028638084
item: 0.03489831369370222, 0.005290039899647235, 30.77290568112979
promotion: 7.638614624738693e-05, 0.0004480405369400979, 1.2078565219224493
reason: 1.4491379261016846e-06, 0.0003483091104030609, 2.374550077052514
ship_mode: 1.3029202818870544e-06, 0.0003387827045718829, 0.9214682553634047
store_sales: 174.69669486396015, 23.07417165409267, 14.35864182911217
time_dim: 0.0012146271765232086, 0.000798612140417099, 1.4080376230072975
warehouse: 2.907589077949524e-06, 0.0003093868873516719, 1.7699479336172341
web_page: 7.394980639219284e-05, 0.00034018037388722103, 0.15416816560000182
web_sales: 67.01082486007363, 8.786701366623738, 21.39022151900838
web_site: 1.0454095900058746e-05, 0.00032022725552320483, 0.127609230461816
Function: 60.34483873979129, 2.9011451638042924, 7.219982147216797, 45.63567765880376, 4.506306454803148, 0.08172731516329591
hiya: 0b110111100111110111111001, 60.34483873979129

Round 0
call_center: 9.615905582904816e-06, 0.00038807917684316635, 0.02140144000560045
catalog_returns: 13.009788101539016, 1.6911096025011938, -1.5952096466328702
customer: 0.8535048151388764, 0.11238621586650609, 1.9964723828394215
customer_address: 0.2449320713058114, 0.03380870285362005, 2.2835373188327748
customer_demographics: 0.011580578982830048, 0.0025247915931542715, 1.005421329038143
date_dim: 0.001992875710129738, 0.0007613079887628555, 8.208206315449676
household_demographics: 3.5176053643226624e-05, 0.00033242915530999503, 0.18914387370447322
income_band: 5.122274160385132e-07, 0.0003378786883751551, 0.012840559015075366
inventory: 5.1357166497036815, 0.7680814273221294, 0.2644337793867787
item: 0.03489831369370222, 0.005290039899647235, 5.368703170241614
promotion: 7.638614624738693e-05, 0.0004480405369400979, 0.7964624745465317
reason: 1.4491379261016846e-06, 0.0003483091104030609, 3.079234635148446
ship_mode: 1.3029202818870544e-06, 0.0003387827045718829, 0.1275906750127673
store_returns: 20.850121902301908, 2.71282215587914, -2.1234900710390012
store_sales: 174.69669486396015, 23.07417165409267, -10.956065754900973
time_dim: 0.0012146271765232086, 0.000798612140417099, 0.15370973383347195
warehouse: 2.907589077949524e-06, 0.0003093868873516719, 0.9760703532665967
web_page: 7.394980639219284e-05, 0.00034018037388722103, 0.3302358142619332
web_returns: 6.285572262480855, 0.8100109892115991, -0.03382001844545213
web_sales: 67.01082486007363, 8.786701366623738, -4.1728951803812375
web_site: 1.0454095900058746e-05, 0.00032022725552320483, 0.6662241745852431

Round 1
call_center: 9.615905582904816e-06, 0.00038807917684316635, -0.00038807917684316635
call_center had no query dependencies
customer: 0.8535048151388764, 0.11238621586650609, -0.11238621586650609
customer had no query dependencies
customer_address: 0.2449320713058114, 0.03380870285362005, -0.03380870285362005
customer_address had no query dependencies
customer_demographics: 0.011580578982830048, 0.0025247915931542715, -0.0025247915931542715
customer_demographics had no query dependencies
date_dim: 0.001992875710129738, 0.0007613079887628555, 0.8476889744478464
household_demographics: 3.5176053643226624e-05, 0.00033242915530999503, -0.00033242915530999503
household_demographics had no query dependencies
income_band: 5.122274160385132e-07, 0.0003378786883751551, -0.0003378786883751551
income_band had no query dependencies
inventory: 5.1357166497036815, 0.7680814273221294, 0.08036885511447989
item: 0.03489831369370222, 0.005290039899647235, 0.843160242536962
promotion: 7.638614624738693e-05, 0.0004480405369400979, -0.0004480405369400979
promotion had no query dependencies
reason: 1.4491379261016846e-06, 0.0003483091104030609, -0.0003483091104030609
reason had no query dependencies
ship_mode: 1.3029202818870544e-06, 0.0003387827045718829, -0.0003387827045718829
ship_mode had no query dependencies
time_dim: 0.0012146271765232086, 0.000798612140417099, -0.000798612140417099
time_dim had no query dependencies
warehouse: 2.907589077949524e-06, 0.0003093868873516719, 0.8481408955492575
web_page: 7.394980639219284e-05, 0.00034018037388722103, -0.00034018037388722103
web_page had no query dependencies
web_site: 1.0454095900058746e-05, 0.00032022725552320483, -0.00032022725552320483
web_site had no query dependencies

Round 2
date_dim: 0.001992875710129738, 0.0007613079887628555, 0.8476889744478464
inventory: 5.1357166497036815, 0.7680814273221294, 0.08036885511447989
item: 0.03489831369370222, 0.005290039899647235, 0.843160242536962
warehouse: 2.907589077949524e-06, 0.0003093868873516719, 0.8481408955492575
Function: 53.97106099311898, 0.052113911288976675, 53.144474029541016, 0.620713289603591, 0.1537288724943002, 3.0890191096052343e-05
hiya: 0b10000000110010000000, 53.97106099311898

Round 0
call_center: 9.615905582904816e-06, 0.00038807917684316635, 1.1649507746516663
catalog_returns: 13.009788101539016, 1.6911096025011938, 3.442631140628059
catalog_sales: 132.3057429259643, 17.35463456002543, 11.342823066353496
customer_address: 0.2449320713058114, 0.03380870285362005, 4.317592119277616
customer_demographics: 0.011580578982830048, 0.0025247915931542715, 1.7638768626435597
date_dim: 0.001992875710129738, 0.0007613079887628555, 34.809983780826116
household_demographics: 3.5176053643226624e-05, 0.00033242915530999503, 0.5362053599339724
income_band: 5.122274160385132e-07, 0.0003378786883751551, -0.0003378786883751551
income_band had no query dependencies
inventory: 5.1357166497036815, 0.7680814273221294, 0.7798120459792018
item: 0.03489831369370222, 0.005290039899647235, 29.61261059292286
promotion: 7.638614624738693e-05, 0.0004480405369400979, 1.5898859650378427
reason: 1.4491379261016846e-06, 0.0003483091104030609, 3.079234635148446
ship_mode: 1.3029202818870544e-06, 0.0003387827045718829, 0.9214682553634047
store_returns: 20.850121902301908, 2.71282215587914, 1.9441317988357936
store_sales: 174.69669486396015, 23.07417165409267, 12.461039274000516
time_dim: 0.0012146271765232086, 0.000798612140417099, 1.4080376230072975
warehouse: 2.907589077949524e-06, 0.0003093868873516719, 2.4120488405706486
web_page: 7.394980639219284e-05, 0.00034018037388722103, 0.3302358142619332
web_returns: 6.285572262480855, 0.8100109892115991, 4.033008648854692
web_sales: 67.01082486007363, 8.786701366623738, 19.882367860811453
web_site: 1.0454095900058746e-05, 0.00032022725552320483, 0.6662241745852431

Round 1
call_center: 9.615905582904816e-06, 0.00038807917684316635, 1.1649507746516663
catalog_returns: 13.009788101539016, 1.6911096025011938, 3.442631140628059
catalog_sales: 132.3057429259643, 17.35463456002543, 11.342823066353496
customer_address: 0.2449320713058114, 0.03380870285362005, 4.317592119277616
customer_demographics: 0.011580578982830048, 0.0025247915931542715, 1.7638768626435597
date_dim: 0.001992875710129738, 0.0007613079887628555, 34.809983780826116
household_demographics: 3.5176053643226624e-05, 0.00033242915530999503, 0.5362053599339724
inventory: 5.1357166497036815, 0.7680814273221294, 0.7798120459792018
item: 0.03489831369370222, 0.005290039899647235, 29.61261059292286
promotion: 7.638614624738693e-05, 0.0004480405369400979, 1.5898859650378427
reason: 1.4491379261016846e-06, 0.0003483091104030609, 3.079234635148446
ship_mode: 1.3029202818870544e-06, 0.0003387827045718829, 0.9214682553634047
store_returns: 20.850121902301908, 2.71282215587914, 1.9441317988357936
store_sales: 174.69669486396015, 23.07417165409267, 12.461039274000516
time_dim: 0.0012146271765232086, 0.000798612140417099, 1.4080376230072975
warehouse: 2.907589077949524e-06, 0.0003093868873516719, 2.4120488405706486
web_page: 7.394980639219284e-05, 0.00034018037388722103, 0.3302358142619332
web_returns: 6.285572262480855, 0.8100109892115991, 4.033008648854692
web_sales: 67.01082486007363, 8.786701366623738, 19.882367860811453
web_site: 1.0454095900058746e-05, 0.00032022725552320483, 0.6662241745852431
Function: 68.15229482347434, 1.8128265193923319, 11.014299392700195, 50.35071495294571, 4.892825692386627, 0.08162826604947214
hiya: 0b111111110111110111101101, 68.15229482347434

Round 0
call_center: 9.615905582904816e-06, 0.00038807917684316635, 0.8016479837567607
catalog_returns: 13.009788101539016, 1.6911096025011938, 3.079328349733154
catalog_sales: 132.3057429259643, 17.35463456002543, 12.39779051483363
customer: 0.8535048151388764, 0.11238621586650609, 5.0854946317643925
customer_demographics: 0.011580578982830048, 0.0025247915931542715, 1.5878092139816284
date_dim: 0.001992875710129738, 0.0007613079887628555, 35.65646380632578
household_demographics: 3.5176053643226624e-05, 0.00033242915530999503, 0.5362053599339724
income_band: 5.122274160385132e-07, 0.0003378786883751551, -0.0003378786883751551
income_band had no query dependencies
inventory: 5.1357166497036815, 0.7680814273221294, 0.7798120459792018
item: 0.03489831369370222, 0.005290039899647235, 28.473386768237045
promotion: 7.638614624738693e-05, 0.0004480405369400979, 1.5898859650378427
reason: 1.4491379261016846e-06, 0.0003483091104030609, 2.9031669864865144
ship_mode: 1.3029202818870544e-06, 0.0003387827045718829, 0.9214682553634047
store_returns: 20.850121902301908, 2.71282215587914, 1.9441317988357936
store_sales: 174.69669486396015, 23.07417165409267, 14.385504683180447
time_dim: 0.0012146271765232086, 0.000798612140417099, 1.4080376230072975
warehouse: 2.907589077949524e-06, 0.0003093868873516719, 2.4120488405706486
web_page: 7.394980639219284e-05, 0.00034018037388722103, 0.15416816560000182
web_returns: 6.285572262480855, 0.8100109892115991, 3.318326056069334
web_sales: 67.01082486007363, 8.786701366623738, 21.09215067720602
web_site: 1.0454095900058746e-05, 0.00032022725552320483, 0.127609230461816

Round 1
call_center: 9.615905582904816e-06, 0.00038807917684316635, 0.8016479837567607
catalog_returns: 13.009788101539016, 1.6911096025011938, 3.079328349733154
catalog_sales: 132.3057429259643, 17.35463456002543, 12.39779051483363
customer: 0.8535048151388764, 0.11238621586650609, 5.0854946317643925
customer_demographics: 0.011580578982830048, 0.0025247915931542715, 1.5878092139816284
date_dim: 0.001992875710129738, 0.0007613079887628555, 35.65646380632578
household_demographics: 3.5176053643226624e-05, 0.00033242915530999503, 0.5362053599339724
inventory: 5.1357166497036815, 0.7680814273221294, 0.7798120459792018
item: 0.03489831369370222, 0.005290039899647235, 28.473386768237045
promotion: 7.638614624738693e-05, 0.0004480405369400979, 1.5898859650378427
reason: 1.4491379261016846e-06, 0.0003483091104030609, 2.9031669864865144
ship_mode: 1.3029202818870544e-06, 0.0003387827045718829, 0.9214682553634047
store_returns: 20.850121902301908, 2.71282215587914, 1.9441317988357936
store_sales: 174.69669486396015, 23.07417165409267, 14.385504683180447
time_dim: 0.0012146271765232086, 0.000798612140417099, 1.4080376230072975
warehouse: 2.907589077949524e-06, 0.0003093868873516719, 2.4120488405706486
web_page: 7.394980639219284e-05, 0.00034018037388722103, 0.15416816560000182
web_returns: 6.285572262480855, 0.8100109892115991, 3.318326056069334
web_sales: 67.01082486007363, 8.786701366623738, 21.09215067720602
web_site: 1.0454095900058746e-05, 0.00032022725552320483, 0.127609230461816
Function: 67.4023227865945, 3.2683970844078067, 8.712248802185059, 50.423743682205675, 4.898374476139545, 0.09955874165640563
hiya: 0b111111110111110111011101, 67.4023227865945

Round 0
call_center: 9.615905582904816e-06, 0.00038807917684316635, 1.1649507746516663
catalog_returns: 13.009788101539016, 1.6911096025011938, 3.0871753964958586
catalog_sales: 132.3057429259643, 17.35463456002543, 14.259726802060307
customer: 0.8535048151388764, 0.11238621586650609, 5.671831652151644
customer_address: 0.2449320713058114, 0.03380870285362005, 4.727861491002937
date_dim: 0.001992875710129738, 0.0007613079887628555, 38.82779999460756
household_demographics: 3.5176053643226624e-05, 0.00033242915530999503, 0.15417591681857906
income_band: 5.122274160385132e-07, 0.0003378786883751551, -0.0003378786883751551
income_band had no query dependencies
inventory: 5.1357166497036815, 0.7680814273221294, 0.3977826028638084
item: 0.03489831369370222, 0.005290039899647235, 29.422543780909074
promotion: 7.638614624738693e-05, 0.0004480405369400979, -0.0004480405369400979
promotion had no query dependencies
reason: 1.4491379261016846e-06, 0.0003483091104030609, 2.9031669864865144
ship_mode: 1.3029202818870544e-06, 0.0003387827045718829, 0.9214682553634047
store_returns: 20.850121902301908, 2.71282215587914, 1.9441317988357936
store_sales: 174.69669486396015, 23.07417165409267, 17.16215764146705
time_dim: 0.0012146271765232086, 0.000798612140417099, 1.4080376230072975
warehouse: 2.907589077949524e-06, 0.0003093868873516719, 2.030019397455255
web_page: 7.394980639219284e-05, 0.00034018037388722103, 0.15416816560000182
web_returns: 6.285572262480855, 0.8100109892115991, 3.870912640470862
web_sales: 67.01082486007363, 8.786701366623738, 25.00064588113616
web_site: 1.0454095900058746e-05, 0.00032022725552320483, 0.6662241745852431

Round 1
call_center: 9.615905582904816e-06, 0.00038807917684316635, 1.1649507746516663
catalog_returns: 13.009788101539016, 1.6911096025011938, 3.0871753964958586
catalog_sales: 132.3057429259643, 17.35463456002543, 14.259726802060307
customer: 0.8535048151388764, 0.11238621586650609, 5.671831652151644
customer_address: 0.2449320713058114, 0.03380870285362005, 4.727861491002937
date_dim: 0.001992875710129738, 0.0007613079887628555, 38.82779999460756
household_demographics: 3.5176053643226624e-05, 0.00033242915530999503, 0.15417591681857906
inventory: 5.1357166497036815, 0.7680814273221294, 0.3977826028638084
item: 0.03489831369370222, 0.005290039899647235, 29.422543780909074
reason: 1.4491379261016846e-06, 0.0003483091104030609, 2.9031669864865144
ship_mode: 1.3029202818870544e-06, 0.0003387827045718829, 0.9214682553634047
store_returns: 20.850121902301908, 2.71282215587914, 1.9441317988357936
store_sales: 174.69669486396015, 23.07417165409267, 17.16215764146705
time_dim: 0.0012146271765232086, 0.000798612140417099, 1.4080376230072975
warehouse: 2.907589077949524e-06, 0.0003093868873516719, 2.030019397455255
web_page: 7.394980639219284e-05, 0.00034018037388722103, 0.15416816560000182
web_returns: 6.285572262480855, 0.8100109892115991, 3.870912640470862
web_sales: 67.01082486007363, 8.786701366623738, 25.00064588113616
web_site: 1.0454095900058746e-05, 0.00032022725552320483, 0.6662241745852431
Function: 64.2630688289988, 3.363204694954157, 5.446105003356934, 50.45173669494688, 4.901217334121863, 0.1008051016189635
hiya: 0b111111110110110110111101, 64.2630688289988

Round 0
call_center: 9.615905582904816e-06, 0.00038807917684316635, -0.00038807917684316635
call_center had no query dependencies
catalog_returns: 13.009788101539016, 1.6911096025011938, -1.6911096025011938
catalog_returns had no query dependencies
catalog_sales: 132.3057429259643, 17.35463456002543, -17.35463456002543
catalog_sales had no query dependencies
customer: 0.8535048151388764, 0.11238621586650609, -0.09920777816305557
customer_address: 0.2449320713058114, 0.03380870285362005, -0.02063026515016953
customer_demographics: 0.011580578982830048, 0.0025247915931542715, 0.01065364611029625
household_demographics: 3.5176053643226624e-05, 0.00033242915530999503, 0.1673543545220296
income_band: 5.122274160385132e-07, 0.0003378786883751551, 0.012840559015075366
inventory: 5.1357166497036815, 0.7680814273221294, -0.7680814273221294
inventory had no query dependencies
item: 0.03489831369370222, 0.005290039899647235, 1.138781573969225
promotion: 7.638614624738693e-05, 0.0004480405369400979, -0.0004480405369400979
promotion had no query dependencies
reason: 1.4491379261016846e-06, 0.0003483091104030609, 2.9031669864865144
ship_mode: 1.3029202818870544e-06, 0.0003387827045718829, -0.0003387827045718829
ship_mode had no query dependencies
store_returns: 20.850121902301908, 2.71282215587914, -2.1710268087416886
store_sales: 174.69669486396015, 23.07417165409267, -16.821512777707376
time_dim: 0.0012146271765232086, 0.000798612140417099, 0.15370973383347195
warehouse: 2.907589077949524e-06, 0.0003093868873516719, -0.0003093868873516719
warehouse had no query dependencies
web_page: 7.394980639219284e-05, 0.00034018037388722103, 0.15416816560000182
web_returns: 6.285572262480855, 0.8100109892115991, -0.8100109892115991
web_returns had no query dependencies
web_sales: 67.01082486007363, 8.786701366623738, -8.632193020649849
web_site: 1.0454095900058746e-05, 0.00032022725552320483, -0.00032022725552320483
web_site had no query dependencies

Round 1
customer_demographics: 0.011580578982830048, 0.0025247915931542715, -0.0025247915931542715
customer_demographics had no query dependencies
household_demographics: 3.5176053643226624e-05, 0.00033242915530999503, -0.00033242915530999503
household_demographics had no query dependencies
income_band: 5.122274160385132e-07, 0.0003378786883751551, -0.0003378786883751551
income_band had no query dependencies
item: 0.03489831369370222, 0.005290039899647235, -0.005290039899647235
item had no query dependencies
reason: 1.4491379261016846e-06, 0.0003483091104030609, -0.0003483091104030609
reason had no query dependencies
time_dim: 0.0012146271765232086, 0.000798612140417099, -0.000798612140417099
time_dim had no query dependencies
web_page: 7.394980639219284e-05, 0.00034018037388722103, -0.00034018037388722103
web_page had no query dependencies
Function: 54.0450382232666, 0, 54.0450382232666, 0.0, 0, 0.0
hiya: 0b0, 54.0450382232666

Round 0
call_center: 9.615905582904816e-06, 0.00038807917684316635, 1.1649507746516663
catalog_returns: 13.009788101539016, 1.6911096025011938, 3.0871753964958586
catalog_sales: 132.3057429259643, 17.35463456002543, 18.010487167099406
customer: 0.8535048151388764, 0.11238621586650609, 9.011197969814837
customer_address: 0.2449320713058114, 0.03380870285362005, 8.243295457328061
customer_demographics: 0.011580578982830048, 0.0025247915931542715, 4.721213737191361
date_dim: 0.001992875710129738, 0.0007613079887628555, 43.551538523392075
income_band: 5.122274160385132e-07, 0.0003378786883751551, -0.0003378786883751551
income_band had no query dependencies
inventory: 5.1357166497036815, 0.7680814273221294, 0.3977826028638084
item: 0.03489831369370222, 0.005290039899647235, 32.96122377145777
promotion: 7.638614624738693e-05, 0.0004480405369400979, 1.2078565219224493
reason: 1.4491379261016846e-06, 0.0003483091104030609, 3.079234635148446
ship_mode: 1.3029202818870544e-06, 0.0003387827045718829, 0.9214682553634047
store_returns: 20.850121902301908, 2.71282215587914, 1.9441317988357936
store_sales: 174.69669486396015, 23.07417165409267, 18.968059046124413
time_dim: 0.0012146271765232086, 0.000798612140417099, 1.2535292770334086
warehouse: 2.907589077949524e-06, 0.0003093868873516719, 2.030019397455255
web_page: 7.394980639219284e-05, 0.00034018037388722103, 0.17572746828804414
web_returns: 6.285572262480855, 0.8100109892115991, 4.046980289132794
web_sales: 67.01082486007363, 8.786701366623738, 26.031196073398085
web_site: 1.0454095900058746e-05, 0.00032022725552320483, 0.6662241745852431

Round 1
call_center: 9.615905582904816e-06, 0.00038807917684316635, 1.1649507746516663
catalog_returns: 13.009788101539016, 1.6911096025011938, 3.0871753964958586
catalog_sales: 132.3057429259643, 17.35463456002543, 18.010487167099406
customer: 0.8535048151388764, 0.11238621586650609, 9.011197969814837
customer_address: 0.2449320713058114, 0.03380870285362005, 8.243295457328061
customer_demographics: 0.011580578982830048, 0.0025247915931542715, 4.721213737191361
date_dim: 0.001992875710129738, 0.0007613079887628555, 43.551538523392075
inventory: 5.1357166497036815, 0.7680814273221294, 0.3977826028638084
item: 0.03489831369370222, 0.005290039899647235, 32.96122377145777
promotion: 7.638614624738693e-05, 0.0004480405369400979, 1.2078565219224493
reason: 1.4491379261016846e-06, 0.0003483091104030609, 3.079234635148446
ship_mode: 1.3029202818870544e-06, 0.0003387827045718829, 0.9214682553634047
store_returns: 20.850121902301908, 2.71282215587914, 1.9441317988357936
store_sales: 174.69669486396015, 23.07417165409267, 18.968059046124413
time_dim: 0.0012146271765232086, 0.000798612140417099, 1.2535292770334086
warehouse: 2.907589077949524e-06, 0.0003093868873516719, 2.030019397455255
web_page: 7.394980639219284e-05, 0.00034018037388722103, 0.17572746828804414
web_returns: 6.285572262480855, 0.8100109892115991, 4.046980289132794
web_sales: 67.01082486007363, 8.786701366623738, 26.031196073398085
web_site: 1.0454095900058746e-05, 0.00032022725552320483, 0.6662241745852431
Function: 59.6982297273124, 3.5052543812231223, 0.7348251342773438, 50.453131309635936, 4.902463122407595, 0.1025557797684006
hiya: 0b111111110111110011111101, 59.6982297273124

Round 0
call_center: 9.615905582904816e-06, 0.00038807917684316635, 1.1867402938341098
catalog_returns: 13.009788101539016, 1.6911096025011938, 3.490994358793695
catalog_sales: 132.3057429259643, 17.35463456002543, 18.392516610214805
customer: 0.8535048151388764, 0.11238621586650609, 9.032987488997282
customer_address: 0.2449320713058114, 0.03380870285362005, 8.265084976510506
customer_demographics: 0.011580578982830048, 0.0025247915931542715, 5.125032699489198
date_dim: 0.001992875710129738, 0.0007613079887628555, 43.95535748568991
household_demographics: 3.5176053643226624e-05, 0.00033242915530999503, 0.557994879116416
inventory: 5.1357166497036815, 0.7680814273221294, 0.7798120459792018
item: 0.03489831369370222, 0.005290039899647235, 33.34325321457316
promotion: 7.638614624738693e-05, 0.0004480405369400979, 1.5898859650378427
reason: 1.4491379261016846e-06, 0.0003483091104030609, 3.079234635148446
ship_mode: 1.3029202818870544e-06, 0.0003387827045718829, 0.9214682553634047
store_returns: 20.850121902301908, 2.71282215587914, 1.9441317988357936
store_sales: 174.69669486396015, 23.07417165409267, 18.968059046124413
time_dim: 0.0012146271765232086, 0.000798612140417099, 1.4080376230072975
warehouse: 2.907589077949524e-06, 0.0003093868873516719, 2.4120488405706486
web_page: 7.394980639219284e-05, 0.00034018037388722103, 0.3302358142619332
web_returns: 6.285572262480855, 0.8100109892115991, 4.046980289132794
web_sales: 67.01082486007363, 8.786701366623738, 26.185704419371973
web_site: 1.0454095900058746e-05, 0.00032022725552320483, 0.6662241745852431
Function: 59.14222202641774, 3.6678380989523727, 0.013914108276367188, 50.453135530762374, 4.902791330436468, 0.10454295799015914
hiya: 0b111111110111110111111101, 59.14222202641774

Round 0
call_center: 9.615905582904816e-06, 0.00038807917684316635, 1.1867402938341098
catalog_returns: 13.009788101539016, 1.6911096025011938, 3.1089649156783024
catalog_sales: 132.3057429259643, 17.35463456002543, 17.877138343622377
customer: 0.8535048151388764, 0.11238621586650609, 9.046165926700732
customer_address: 0.2449320713058114, 0.03380870285362005, 8.278263414213956
customer_demographics: 0.011580578982830048, 0.0025247915931542715, 4.756181694077255
date_dim: 0.001992875710129738, 0.0007613079887628555, 42.40746401238857
household_demographics: 3.5176053643226624e-05, 0.00033242915530999503, 0.18914387370447322
income_band: 5.122274160385132e-07, 0.0003378786883751551, 0.012840559015075366
item: 0.03489831369370222, 0.005290039899647235, 31.79535974127183
promotion: 7.638614624738693e-05, 0.0004480405369400979, 1.2078565219224493
reason: 1.4491379261016846e-06, 0.0003483091104030609, 3.079234635148446
ship_mode: 1.3029202818870544e-06, 0.0003387827045718829, 0.9214682553634047
store_returns: 20.850121902301908, 2.71282215587914, 1.9573102365392447
store_sales: 174.69669486396015, 23.07417165409267, 18.783994121852114
time_dim: 0.0012146271765232086, 0.000798612140417099, 1.4080376230072975
warehouse: 2.907589077949524e-06, 0.0003093868873516719, 1.1815691150186458
web_page: 7.394980639219284e-05, 0.00034018037388722103, 0.3302358142619332
web_returns: 6.285572262480855, 0.8100109892115991, 4.046980289132794
web_sales: 67.01082486007363, 8.786701366623738, 26.185704419371973
web_site: 1.0454095900058746e-05, 0.00032022725552320483, 0.6662241745852431
Function: 59.90345936004111, 3.449370723356406, 1.7670965194702148, 49.83684959426522, 4.751333718299866, 0.09880880464940324
hiya: 0b111111110111101111111101, 59.90345936004111

Round 0
call_center: 9.615905582904816e-06, 0.00038807917684316635, 0.6391069701909026
catalog_returns: 13.009788101539016, 1.6911096025011938, 0.9206468253503237
catalog_sales: 132.3057429259643, 17.35463456002543, -9.582033434116738
customer: 0.8535048151388764, 0.11238621586650609, 5.315523305050433
customer_address: 0.2449320713058114, 0.03380870285362005, 3.4083969678778443
customer_demographics: 0.011580578982830048, 0.0025247915931542715, 1.2175017035285631
date_dim: 0.001992875710129738, 0.0007613079887628555, 11.75088584508598
household_demographics: 3.5176053643226624e-05, 0.00033242915530999503, 0.18914387370447322
income_band: 5.122274160385132e-07, 0.0003378786883751551, 0.012840559015075366
inventory: 5.1357166497036815, 0.7680814273221294, -0.7680814273221294
inventory had no query dependencies
promotion: 7.638614624738693e-05, 0.0004480405369400979, -0.0004480405369400979
promotion had no query dependencies
reason: 1.4491379261016846e-06, 0.0003483091104030609, 3.079234635148446
ship_mode: 1.3029202818870544e-06, 0.0003387827045718829, 0.9214682553634047
store_returns: 20.850121902301908, 2.71282215587914, 0.02906361004928737
store_sales: 174.69669486396015, 23.07417165409267, -8.722576601071557
time_dim: 0.0012146271765232086, 0.000798612140417099, 0.693184574893713
warehouse: 2.907589077949524e-06, 0.0003093868873516719, 0.9214976511806249
web_page: 7.394980639219284e-05, 0.00034018037388722103, 0.3302358142619332
web_returns: 6.285572262480855, 0.8100109892115991, 2.1187336626428364
web_sales: 67.01082486007363, 8.786701366623738, 1.8879016190853743
web_site: 1.0454095900058746e-05, 0.00032022725552320483, 0.6662241745852431

Round 1
call_center: 9.615905582904816e-06, 0.00038807917684316635, 0.02140144000560045
catalog_returns: 13.009788101539016, 1.6911096025011938, -1.6427463843355576
customer: 0.8535048151388764, 0.11238621586650609, -0.03687291971931854
customer_address: 0.2449320713058114, 0.03380870285362005, 0.7563871860789259
customer_demographics: 0.011580578982830048, 0.0025247915931542715, 0.20851081395467122
date_dim: 0.001992875710129738, 0.0007613079887628555, 0.9041856009576718
household_demographics: 3.5176053643226624e-05, 0.00033242915530999503, 0.18914387370447322
income_band: 5.122274160385132e-07, 0.0003378786883751551, 0.012840559015075366
reason: 1.4491379261016846e-06, 0.0003483091104030609, 0.1757193395515283
ship_mode: 1.3029202818870544e-06, 0.0003387827045718829, 0.1275906750127673
store_returns: 20.850121902301908, 2.71282215587914, -2.699643718175689
time_dim: 0.0012146271765232086, 0.000798612140417099, 0.15370973383347195
warehouse: 2.907589077949524e-06, 0.0003093868873516719, 0.12762007082998753
web_page: 7.394980639219284e-05, 0.00034018037388722103, 0.3302358142619332
web_returns: 6.285572262480855, 0.8100109892115991, -0.08135675614813975
web_sales: 67.01082486007363, 8.786701366623738, -7.789580970147152
web_site: 1.0454095900058746e-05, 0.00032022725552320483, 0.6662241745852431

Round 2
call_center: 9.615905582904816e-06, 0.00038807917684316635, -0.00038807917684316635
call_center had no query dependencies
customer_address: 0.2449320713058114, 0.03380870285362005, -0.03380870285362005
customer_address had no query dependencies
customer_demographics: 0.011580578982830048, 0.0025247915931542715, -0.0025247915931542715
customer_demographics had no query dependencies
date_dim: 0.001992875710129738, 0.0007613079887628555, -0.0007613079887628555
date_dim had no query dependencies
household_demographics: 3.5176053643226624e-05, 0.00033242915530999503, -0.00033242915530999503
household_demographics had no query dependencies
income_band: 5.122274160385132e-07, 0.0003378786883751551, -0.0003378786883751551
income_band had no query dependencies
reason: 1.4491379261016846e-06, 0.0003483091104030609, -0.0003483091104030609
reason had no query dependencies
ship_mode: 1.3029202818870544e-06, 0.0003387827045718829, -0.0003387827045718829
ship_mode had no query dependencies
time_dim: 0.0012146271765232086, 0.000798612140417099, -0.000798612140417099
time_dim had no query dependencies
warehouse: 2.907589077949524e-06, 0.0003093868873516719, -0.0003093868873516719
warehouse had no query dependencies
web_page: 7.394980639219284e-05, 0.00034018037388722103, -0.00034018037388722103
web_page had no query dependencies
web_site: 1.0454095900058746e-05, 0.00032022725552320483, -0.00032022725552320483
web_site had no query dependencies
Function: 54.0450382232666, 0, 54.0450382232666, 0.0, 0, 0.0
hiya: 0b0, 54.0450382232666

Round 0
call_center: 9.615905582904816e-06, 0.00038807917684316635, 1.1867402938341098
catalog_returns: 13.009788101539016, 1.6911096025011938, 3.1089649156783024
catalog_sales: 132.3057429259643, 17.35463456002543, 17.59909311972349
customer: 0.8535048151388764, 0.11238621586650609, 9.046165926700732
customer_address: 0.2449320713058114, 0.03380870285362005, 8.278263414213956
customer_demographics: 0.011580578982830048, 0.0025247915931542715, 3.5478771316178648
date_dim: 0.001992875710129738, 0.0007613079887628555, 42.36502348011513
household_demographics: 3.5176053643226624e-05, 0.00033242915530999503, 0.18914387370447322
income_band: 5.122274160385132e-07, 0.0003378786883751551, 0.012840559015075366
inventory: 5.1357166497036815, 0.7680814273221294, 0.3977826028638084
item: 0.03489831369370222, 0.005290039899647235, 31.752919208998378
reason: 1.4491379261016846e-06, 0.0003483091104030609, 3.079234635148446
ship_mode: 1.3029202818870544e-06, 0.0003387827045718829, 0.9214682553634047
store_returns: 20.850121902301908, 2.71282215587914, 1.9573102365392447
store_sales: 174.69669486396015, 23.07417165409267, 18.171148531040945
time_dim: 0.0012146271765232086, 0.000798612140417099, 1.4080376230072975
warehouse: 2.907589077949524e-06, 0.0003093868873516719, 2.030019397455255
web_page: 7.394980639219284e-05, 0.00034018037388722103, 0.3302358142619332
web_returns: 6.285572262480855, 0.8100109892115991, 4.046980289132794
web_sales: 67.01082486007363, 8.786701366623738, 26.185704419371973
web_site: 1.0454095900058746e-05, 0.00032022725552320483, 0.6662241745852431
Function: 60.71715835696528, 3.49503467481931, 1.7638731002807617, 50.453126425892115, 4.902690273458163, 0.10243388251492815
hiya: 0b111111110110111111111101, 60.71715835696528

Round 0
call_center: 9.615905582904816e-06, 0.00038807917684316635, 1.1867402938341098
catalog_returns: 13.009788101539016, 1.6911096025011938, 3.490994358793695
catalog_sales: 132.3057429259643, 17.35463456002543, 18.392516610214805
customer: 0.8535048151388764, 0.11238621586650609, 9.046165926700732
customer_address: 0.2449320713058114, 0.03380870285362005, 8.102195765552025
customer_demographics: 0.011580578982830048, 0.0025247915931542715, 4.962143488530717
date_dim: 0.001992875710129738, 0.0007613079887628555, 43.77928983702798
household_demographics: 3.5176053643226624e-05, 0.00033242915530999503, 0.5711733168198666
income_band: 5.122274160385132e-07, 0.0003378786883751551, 0.012840559015075366
inventory: 5.1357166497036815, 0.7680814273221294, 0.7798120459792018
item: 0.03489831369370222, 0.005290039899647235, 33.34325321457316
promotion: 7.638614624738693e-05, 0.0004480405369400979, 1.5898859650378427
ship_mode: 1.3029202818870544e-06, 0.0003387827045718829, 0.9214682553634047
store_returns: 20.850121902301908, 2.71282215587914, 1.4286933271052442
store_sales: 174.69669486396015, 23.07417165409267, 16.064543750527488
time_dim: 0.0012146271765232086, 0.000798612140417099, 1.4080376230072975
warehouse: 2.907589077949524e-06, 0.0003093868873516719, 2.4120488405706486
web_page: 7.394980639219284e-05, 0.00034018037388722103, 0.15416816560000182
web_returns: 6.285572262480855, 0.8100109892115991, 3.870912640470862
web_sales: 67.01082486007363, 8.786701366623738, 26.009636770710046
web_site: 1.0454095900058746e-05, 0.00032022725552320483, 0.6662241745852431
Function: 62.206458546585694, 3.4909679167870675, 3.2571887969970703, 50.45313541833311, 4.902781012443701, 0.10238540202474497
hiya: 0b111111110101111111111101, 62.206458546585694

Round 0
call_center: 9.615905582904816e-06, 0.00038807917684316635, 0.9323375545437137
catalog_returns: 13.009788101539016, 1.6911096025011938, 3.490994358793695
catalog_sales: 132.3057429259643, 17.35463456002543, 17.598639029864167
customer: 0.8535048151388764, 0.11238621586650609, 9.046165926700732
customer_address: 0.2449320713058114, 0.03380870285362005, 8.278263414213956
customer_demographics: 0.011580578982830048, 0.0025247915931542715, 5.138211137192648
date_dim: 0.001992875710129738, 0.0007613079887628555, 43.033550447621934
household_demographics: 3.5176053643226624e-05, 0.00033242915530999503, 0.5711733168198666
income_band: 5.122274160385132e-07, 0.0003378786883751551, 0.012840559015075366
inventory: 5.1357166497036815, 0.7680814273221294, 0.7798120459792018
item: 0.03489831369370222, 0.005290039899647235, 33.34325321457316
promotion: 7.638614624738693e-05, 0.0004480405369400979, 1.5898859650378427
reason: 1.4491379261016846e-06, 0.0003483091104030609, 3.079234635148446
store_returns: 20.850121902301908, 2.71282215587914, 1.9573102365392447
store_sales: 174.69669486396015, 23.07417165409267, 18.968059046124413
time_dim: 0.0012146271765232086, 0.000798612140417099, 0.8685627819470565
warehouse: 2.907589077949524e-06, 0.0003093868873516719, 1.490241802502672
web_page: 7.394980639219284e-05, 0.00034018037388722103, 0.3302358142619332
web_returns: 6.285572262480855, 0.8100109892115991, 4.046980289132794
web_sales: 67.01082486007363, 8.786701366623738, 25.518300120594404
web_site: 1.0454095900058746e-05, 0.00032022725552320483, 0.5382947168679039
Function: 60.05063795190354, 3.650477548315922, 0.9399032592773438, 50.453135435879226, 4.902790521303415, 0.10433118712763285
hiya: 0b111111110011111111111101, 60.05063795190354

Round 0
call_center: 9.615905582904816e-06, 0.00038807917684316635, 1.1867402938341098
catalog_returns: 13.009788101539016, 1.6911096025011938, -0.6373426864872378
catalog_sales: 132.3057429259643, 17.35463456002543, 14.311716302636565
customer: 0.8535048151388764, 0.11238621586650609, 9.032987488997282
customer_address: 0.2449320713058114, 0.03380870285362005, 8.265084976510506
customer_demographics: 0.011580578982830048, 0.0025247915931542715, 5.125032699489198
date_dim: 0.001992875710129738, 0.0007613079887628555, 39.82702044040897
household_demographics: 3.5176053643226624e-05, 0.00033242915530999503, 0.557994879116416
income_band: 5.122274160385132e-07, 0.0003378786883751551, -0.0003378786883751551
income_band had no query dependencies
inventory: 5.1357166497036815, 0.7680814273221294, 0.7798120459792018
item: 0.03489831369370222, 0.005290039899647235, 31.4150065880832
promotion: 7.638614624738693e-05, 0.0004480405369400979, 1.5898859650378427
reason: 1.4491379261016846e-06, 0.0003483091104030609, 2.5506177257144453
ship_mode: 1.3029202818870544e-06, 0.0003387827045718829, 0.9214682553634047
store_sales: 174.69669486396015, 23.07417165409267, 14.35864182911217
time_dim: 0.0012146271765232086, 0.000798612140417099, 1.4080376230072975
warehouse: 2.907589077949524e-06, 0.0003093868873516719, 2.4120488405706486
web_page: 7.394980639219284e-05, 0.00034018037388722103, 0.3302358142619332
web_returns: 6.285572262480855, 0.8100109892115991, -0.08135675614813975
web_sales: 67.01082486007363, 8.786701366623738, 22.10490411179374
web_site: 1.0454095900058746e-05, 0.00032022725552320483, 0.6662241745852431

Round 1
call_center: 9.615905582904816e-06, 0.00038807917684316635, 0.8016479837567607
catalog_sales: 132.3057429259643, 17.35463456002543, 13.306312604788246
customer: 0.8535048151388764, 0.11238621586650609, 8.970652630553545
customer_address: 0.2449320713058114, 0.03380870285362005, 7.1247647343865035
customer_demographics: 0.011580578982830048, 0.0025247915931542715, 4.545146088529429
date_dim: 0.001992875710129738, 0.0007613079887628555, 38.044599291331565
household_demographics: 3.5176053643226624e-05, 0.00033242915530999503, 0.15417591681857906
inventory: 5.1357166497036815, 0.7680814273221294, 0.3977826028638084
item: 0.03489831369370222, 0.005290039899647235, 30.77290568112979
promotion: 7.638614624738693e-05, 0.0004480405369400979, 1.2078565219224493
reason: 1.4491379261016846e-06, 0.0003483091104030609, 2.374550077052514
ship_mode: 1.3029202818870544e-06, 0.0003387827045718829, 0.9214682553634047
store_sales: 174.69669486396015, 23.07417165409267, 14.35864182911217
time_dim: 0.0012146271765232086, 0.000798612140417099, 1.4080376230072975
warehouse: 2.907589077949524e-06, 0.0003093868873516719, 1.7699479336172341
web_page: 7.394980639219284e-05, 0.00034018037388722103, 0.15416816560000182
web_sales: 67.01082486007363, 8.786701366623738, 21.39022151900838
web_site: 1.0454095900058746e-05, 0.00032022725552320483, 0.127609230461816
Function: 60.34483873979129, 2.9011451638042924, 7.219982147216797, 45.63567765880376, 4.506306454803148, 0.08172731516329591
hiya: 0b110111100111110111111001, 60.34483873979129

Round 0
call_center: 9.615905582904816e-06, 0.00038807917684316635, 1.1867402938341098
catalog_returns: 13.009788101539016, 1.6911096025011938, -0.5898059487845504
catalog_sales: 132.3057429259643, 17.35463456002543, -11.531608190810578
customer: 0.8535048151388764, 0.11238621586650609, 2.539146154576839
customer_address: 0.2449320713058114, 0.03380870285362005, 3.6957090512699886
customer_demographics: 0.011580578982830048, 0.0025247915931542715, 3.3323097325352835
date_dim: 0.001992875710129738, 0.0007613079887628555, 8.165785661858122
household_demographics: 3.5176053643226624e-05, 0.00033242915530999503, 0.5711733168198666
income_band: 5.122274160385132e-07, 0.0003378786883751551, 0.012840559015075366
inventory: 5.1357166497036815, 0.7680814273221294, 0.5957471217069029
item: 0.03489831369370222, 0.005290039899647235, 5.652617567377189
promotion: 7.638614624738693e-05, 0.0004480405369400979, 0.7929754499543706
reason: 1.4491379261016846e-06, 0.0003483091104030609, 0.1757193395515283
ship_mode: 1.3029202818870544e-06, 0.0003387827045718829, 0.9214682553634047
store_returns: 20.850121902301908, 2.71282215587914, -2.6521069804730018
time_dim: 0.0012146271765232086, 0.000798612140417099, 0.693184574893713
warehouse: 2.907589077949524e-06, 0.0003093868873516719, 2.4120488405706486
web_page: 7.394980639219284e-05, 0.00034018037388722103, 0.3302358142619332
web_returns: 6.285572262480855, 0.8100109892115991, -0.03382001844545213
web_sales: 67.01082486007363, 8.786701366623738, -6.410186200013657
web_site: 1.0454095900058746e-05, 0.00032022725552320483, 0.6662241745852431

Round 1
call_center: 9.615905582904816e-06, 0.00038807917684316635, -0.00038807917684316635
call_center had no query dependencies
customer: 0.8535048151388764, 0.11238621586650609, -0.11238621586650609
customer had no query dependencies
customer_address: 0.2449320713058114, 0.03380870285362005, -0.03380870285362005
customer_address had no query dependencies
customer_demographics: 0.011580578982830048, 0.0025247915931542715, -0.0025247915931542715
customer_demographics had no query dependencies
date_dim: 0.001992875710129738, 0.0007613079887628555, 0.8476889744478464
household_demographics: 3.5176053643226624e-05, 0.00033242915530999503, -0.00033242915530999503
household_demographics had no query dependencies
income_band: 5.122274160385132e-07, 0.0003378786883751551, -0.0003378786883751551
income_band had no query dependencies
inventory: 5.1357166497036815, 0.7680814273221294, 0.08036885511447989
item: 0.03489831369370222, 0.005290039899647235, 0.843160242536962
promotion: 7.638614624738693e-05, 0.0004480405369400979, -0.0004480405369400979
promotion had no query dependencies
reason: 1.4491379261016846e-06, 0.0003483091104030609, -0.0003483091104030609
reason had no query dependencies
ship_mode: 1.3029202818870544e-06, 0.0003387827045718829, -0.0003387827045718829
ship_mode had no query dependencies
time_dim: 0.0012146271765232086, 0.000798612140417099, -0.000798612140417099
time_dim had no query dependencies
warehouse: 2.907589077949524e-06, 0.0003093868873516719, 0.8481408955492575
web_page: 7.394980639219284e-05, 0.00034018037388722103, -0.00034018037388722103
web_page had no query dependencies
web_site: 1.0454095900058746e-05, 0.00032022725552320483, -0.00032022725552320483
web_site had no query dependencies

Round 2
date_dim: 0.001992875710129738, 0.0007613079887628555, 0.8476889744478464
inventory: 5.1357166497036815, 0.7680814273221294, 0.08036885511447989
item: 0.03489831369370222, 0.005290039899647235, 0.843160242536962
warehouse: 2.907589077949524e-06, 0.0003093868873516719, 0.8481408955492575
Function: 53.97106099311898, 0.052113911288976675, 53.144474029541016, 0.620713289603591, 0.1537288724943002, 3.0890191096052343e-05
hiya: 0b10000000110010000000, 53.97106099311898

Round 0
call_center: 9.615905582904816e-06, 0.00038807917684316635, 1.1867402938341098
catalog_returns: 13.009788101539016, 1.6911096025011938, 3.490994358793695
catalog_sales: 132.3057429259643, 17.35463456002543, 17.138188721040976
customer: 0.8535048151388764, 0.11238621586650609, 9.046165926700732
customer_address: 0.2449320713058114, 0.03380870285362005, 8.278263414213956
customer_demographics: 0.011580578982830048, 0.0025247915931542715, 5.138211137192648
date_dim: 0.001992875710129738, 0.0007613079887628555, 42.701029596516086
household_demographics: 3.5176053643226624e-05, 0.00033242915530999503, 0.4166649708459775
income_band: 5.122274160385132e-07, 0.0003378786883751551, 0.012840559015075366
inventory: 5.1357166497036815, 0.7680814273221294, 0.7798120459792018
item: 0.03489831369370222, 0.005290039899647235, 32.62840016645958
promotion: 7.638614624738693e-05, 0.0004480405369400979, 1.5898859650378427
reason: 1.4491379261016846e-06, 0.0003483091104030609, 3.079234635148446
ship_mode: 1.3029202818870544e-06, 0.0003387827045718829, 0.3819934143031637
store_returns: 20.850121902301908, 2.71282215587914, 1.9573102365392447
store_sales: 174.69669486396015, 23.07417165409267, 18.25320599801083
warehouse: 2.907589077949524e-06, 0.0003093868873516719, 1.8725739995104074
web_page: 7.394980639219284e-05, 0.00034018037388722103, 0.17572746828804414
web_returns: 6.285572262480855, 0.8100109892115991, 4.046980289132794
web_sales: 67.01082486007363, 8.786701366623738, 24.77686818422427
web_site: 1.0454095900058746e-05, 0.00032022725552320483, 0.6662241745852431
Function: 60.53723869006317, 3.6533882837867733, 1.4240217208862305, 50.45298983696848, 4.90247629077832, 0.10436255764336955
hiya: 0b111110110111111111111101, 60.53723869006317

Round 0
call_center: 9.615905582904816e-06, 0.00038807917684316635, 0.9323375545437137
catalog_returns: 13.009788101539016, 1.6911096025011938, 2.848893451840281
catalog_sales: 132.3057429259643, 17.35463456002543, 16.95653812291075
customer: 0.8535048151388764, 0.11238621586650609, 9.046165926700732
customer_address: 0.2449320713058114, 0.03380870285362005, 8.278263414213956
customer_demographics: 0.011580578982830048, 0.0025247915931542715, 4.756181694077255
date_dim: 0.001992875710129738, 0.0007613079887628555, 41.542999258231916
household_demographics: 3.5176053643226624e-05, 0.00033242915530999503, 0.18914387370447322
income_band: 5.122274160385132e-07, 0.0003378786883751551, 0.012840559015075366
inventory: 5.1357166497036815, 0.7680814273221294, -0.45066767957280074
item: 0.03489831369370222, 0.005290039899647235, 31.852702025183135
promotion: 7.638614624738693e-05, 0.0004480405369400979, 1.2078565219224493
reason: 1.4491379261016846e-06, 0.0003483091104030609, 3.079234635148446
ship_mode: 1.3029202818870544e-06, 0.0003387827045718829, -0.0003387827045718829
ship_mode had no query dependencies
store_returns: 20.850121902301908, 2.71282215587914, 1.9573102365392447
store_sales: 174.69669486396015, 23.07417165409267, 18.968059046124413
time_dim: 0.0012146271765232086, 0.000798612140417099, 0.8685627819470565
web_page: 7.394980639219284e-05, 0.00034018037388722103, 0.3302358142619332
web_returns: 6.285572262480855, 0.8100109892115991, 4.046980289132794
web_sales: 67.01082486007363, 8.786701366623738, 25.518300120594404
web_site: 1.0454095900058746e-05, 0.00032022725552320483, 0.5382947168679039

Round 1
call_center: 9.615905582904816e-06, 0.00038807917684316635, 0.9323375545437137
catalog_returns: 13.009788101539016, 1.6911096025011938, 2.848893451840281
catalog_sales: 132.3057429259643, 17.35463456002543, 16.82318929943372
customer: 0.8535048151388764, 0.11238621586650609, 9.046165926700732
customer_address: 0.2449320713058114, 0.03380870285362005, 8.278263414213956
customer_demographics: 0.011580578982830048, 0.0025247915931542715, 4.756181694077255
date_dim: 0.001992875710129738, 0.0007613079887628555, 41.22558551048258
household_demographics: 3.5176053643226624e-05, 0.00033242915530999503, 0.18914387370447322
income_band: 5.122274160385132e-07, 0.0003378786883751551, 0.012840559015075366
item: 0.03489831369370222, 0.005290039899647235, 31.535288277433807
promotion: 7.638614624738693e-05, 0.0004480405369400979, 1.2078565219224493
reason: 1.4491379261016846e-06, 0.0003483091104030609, 3.079234635148446
store_returns: 20.850121902301908, 2.71282215587914, 1.9573102365392447
store_sales: 174.69669486396015, 23.07417165409267, 18.783994121852114
time_dim: 0.0012146271765232086, 0.000798612140417099, 0.8685627819470565
web_page: 7.394980639219284e-05, 0.00034018037388722103, 0.3302358142619332
web_returns: 6.285572262480855, 0.8100109892115991, 4.046980289132794
web_sales: 67.01082486007363, 8.786701366623738, 25.518300120594404
web_site: 1.0454095900058746e-05, 0.00032022725552320483, 0.5382947168679039
Function: 61.0842636216042, 3.4146564365661143, 2.983689308166504, 49.8368490890041, 4.750686053969066, 0.0983827338984249
hiya: 0b111101110011101111111101, 61.0842636216042

Round 0
call_center: 9.615905582904816e-06, 0.00038807917684316635, 1.1867402938341098
catalog_returns: 13.009788101539016, 1.6911096025011938, 3.490994358793695
catalog_sales: 132.3057429259643, 17.35463456002543, 18.392516610214805
customer: 0.8535048151388764, 0.11238621586650609, 9.046165926700732
customer_address: 0.2449320713058114, 0.03380870285362005, 8.102195765552025
customer_demographics: 0.011580578982830048, 0.0025247915931542715, 4.962143488530717
date_dim: 0.001992875710129738, 0.0007613079887628555, 43.77928983702798
household_demographics: 3.5176053643226624e-05, 0.00033242915530999503, 0.4166649708459775
income_band: 5.122274160385132e-07, 0.0003378786883751551, 0.012840559015075366
inventory: 5.1357166497036815, 0.7680814273221294, 0.7798120459792018
item: 0.03489831369370222, 0.005290039899647235, 33.34325321457316
promotion: 7.638614624738693e-05, 0.0004480405369400979, 1.5898859650378427
reason: 1.4491379261016846e-06, 0.0003483091104030609, 2.9031669864865144
ship_mode: 1.3029202818870544e-06, 0.0003387827045718829, 0.9214682553634047
store_returns: 20.850121902301908, 2.71282215587914, 1.9573102365392447
store_sales: 174.69669486396015, 23.07417165409267, 18.968059046124413
time_dim: 0.0012146271765232086, 0.000798612140417099, 1.2535292770334086
warehouse: 2.907589077949524e-06, 0.0003093868873516719, 2.4120488405706486
web_returns: 6.285572262480855, 0.8100109892115991, 3.870912640470862
web_sales: 67.01082486007363, 8.786701366623738, 25.855128424736158
web_site: 1.0454095900058746e-05, 0.00032022725552320483, 0.6662241745852431
Function: 59.45924358819674, 3.6371969824838635, 0.3619527816772461, 50.453126718252896, 4.902797841260433, 0.1041692645223
hiya: 0b111011110111111111111101, 59.45924358819674

Round 0
call_center: 9.615905582904816e-06, 0.00038807917684316635, 1.1867402938341098
catalog_returns: 13.009788101539016, 1.6911096025011938, -0.6373426864872378
catalog_sales: 132.3057429259643, 17.35463456002543, 14.311716302636565
customer: 0.8535048151388764, 0.11238621586650609, 9.03219428642263
customer_address: 0.2449320713058114, 0.03380870285362005, 7.549609181150497
customer_demographics: 0.011580578982830048, 0.0025247915931542715, 4.962143488530717
date_dim: 0.001992875710129738, 0.0007613079887628555, 39.09836620734552
household_demographics: 3.5176053643226624e-05, 0.00033242915530999503, 0.5711733168198666
income_band: 5.122274160385132e-07, 0.0003378786883751551, 0.012840559015075366
inventory: 5.1357166497036815, 0.7680814273221294, 0.7798120459792018
item: 0.03489831369370222, 0.005290039899647235, 31.4150065880832
promotion: 7.638614624738693e-05, 0.0004480405369400979, 1.5898859650378427
reason: 1.4491379261016846e-06, 0.0003483091104030609, 2.9031669864865144
ship_mode: 1.3029202818870544e-06, 0.0003387827045718829, 0.9214682553634047
store_returns: 20.850121902301908, 2.71282215587914, -2.1710268087416886
store_sales: 174.69669486396015, 23.07417165409267, 14.88725873854617
time_dim: 0.0012146271765232086, 0.000798612140417099, 1.4080376230072975
warehouse: 2.907589077949524e-06, 0.0003093868873516719, 2.4120488405706486
web_page: 7.394980639219284e-05, 0.00034018037388722103, 0.15416816560000182
web_sales: 67.01082486007363, 8.786701366623738, 21.39022151900838
web_site: 1.0454095900058746e-05, 0.00032022725552320483, 0.127609230461816

Round 1
call_center: 9.615905582904816e-06, 0.00038807917684316635, 0.8016479837567607
catalog_sales: 132.3057429259643, 17.35463456002543, 13.306312604788246
customer: 0.8535048151388764, 0.11238621586650609, 8.970652630553545
customer_address: 0.2449320713058114, 0.03380870285362005, 7.1247647343865035
customer_demographics: 0.011580578982830048, 0.0025247915931542715, 4.545146088529429
date_dim: 0.001992875710129738, 0.0007613079887628555, 38.044599291331565
household_demographics: 3.5176053643226624e-05, 0.00033242915530999503, 0.15417591681857906
income_band: 5.122274160385132e-07, 0.0003378786883751551, -0.0003378786883751551
income_band had no query dependencies
inventory: 5.1357166497036815, 0.7680814273221294, 0.3977826028638084
item: 0.03489831369370222, 0.005290039899647235, 30.77290568112979
promotion: 7.638614624738693e-05, 0.0004480405369400979, 1.2078565219224493
reason: 1.4491379261016846e-06, 0.0003483091104030609, 2.374550077052514
ship_mode: 1.3029202818870544e-06, 0.0003387827045718829, 0.9214682553634047
store_sales: 174.69669486396015, 23.07417165409267, 14.35864182911217
time_dim: 0.0012146271765232086, 0.000798612140417099, 1.4080376230072975
warehouse: 2.907589077949524e-06, 0.0003093868873516719, 1.7699479336172341
web_page: 7.394980639219284e-05, 0.00034018037388722103, 0.15416816560000182
web_sales: 67.01082486007363, 8.786701366623738, 21.39022151900838
web_site: 1.0454095900058746e-05, 0.00032022725552320483, 0.127609230461816

Round 2
call_center: 9.615905582904816e-06, 0.00038807917684316635, 0.8016479837567607
catalog_sales: 132.3057429259643, 17.35463456002543, 13.306312604788246
customer: 0.8535048151388764, 0.11238621586650609, 8.970652630553545
customer_address: 0.2449320713058114, 0.03380870285362005, 7.1247647343865035
customer_demographics: 0.011580578982830048, 0.0025247915931542715, 4.545146088529429
date_dim: 0.001992875710129738, 0.0007613079887628555, 38.044599291331565
household_demographics: 3.5176053643226624e-05, 0.00033242915530999503, 0.15417591681857906
inventory: 5.1357166497036815, 0.7680814273221294, 0.3977826028638084
item: 0.03489831369370222, 0.005290039899647235, 30.77290568112979
promotion: 7.638614624738693e-05, 0.0004480405369400979, 1.2078565219224493
reason: 1.4491379261016846e-06, 0.0003483091104030609, 2.374550077052514
ship_mode: 1.3029202818870544e-06, 0.0003387827045718829, 0.9214682553634047
store_sales: 174.69669486396015, 23.07417165409267, 14.35864182911217
time_dim: 0.0012146271765232086, 0.000798612140417099, 1.4080376230072975
warehouse: 2.907589077949524e-06, 0.0003093868873516719, 1.7699479336172341
web_page: 7.394980639219284e-05, 0.00034018037388722103, 0.15416816560000182
web_sales: 67.01082486007363, 8.786701366623738, 21.39022151900838
web_site: 1.0454095900058746e-05, 0.00032022725552320483, 0.127609230461816
Function: 60.34483873979129, 2.9011451638042924, 7.219982147216797, 45.63567765880376, 4.506306454803148, 0.08172731516329591
hiya: 0b110111100111110111111001, 60.34483873979129

Round 0
call_center: 9.615905582904816e-06, 0.00038807917684316635, 1.1867402938341098
catalog_returns: 13.009788101539016, 1.6911096025011938, -0.5898059487845504
catalog_sales: 132.3057429259643, 17.35463456002543, -11.966082989538409
customer: 0.8535048151388764, 0.11238621586650609, 2.7428293681402014
customer_address: 0.2449320713058114, 0.03380870285362005, 3.1847096720479926
customer_demographics: 0.011580578982830048, 0.0025247915931542715, 3.953152598956824
date_dim: 0.001992875710129738, 0.0007613079887628555, 9.137460045668085
household_demographics: 3.5176053643226624e-05, 0.00033242915530999503, 0.4166649708459775
income_band: 5.122274160385132e-07, 0.0003378786883751551, 0.012840559015075366
inventory: 5.1357166497036815, 0.7680814273221294, 0.7798120459792018
item: 0.03489831369370222, 0.005290039899647235, 9.045450414286554
promotion: 7.638614624738693e-05, 0.0004480405369400979, 1.5898859650378427
reason: 1.4491379261016846e-06, 0.0003483091104030609, 2.9031669864865144
ship_mode: 1.3029202818870544e-06, 0.0003387827045718829, 0.2540639565858245
store_returns: 20.850121902301908, 2.71282215587914, -2.1234900710390012
store_sales: 174.69669486396015, 23.07417165409267, -13.627831573261222
time_dim: 0.0012146271765232086, 0.000798612140417099, -0.000798612140417099
time_dim had no query dependencies
warehouse: 2.907589077949524e-06, 0.0003093868873516719, 1.7446445417930683
web_page: 7.394980639219284e-05, 0.00034018037388722103, -0.00034018037388722103
web_page had no query dependencies
web_returns: 6.285572262480855, 0.8100109892115991, -0.7485026112308105
web_site: 1.0454095900058746e-05, 0.00032022725552320483, -0.00032022725552320483
web_site had no query dependencies

Round 1
call_center: 9.615905582904816e-06, 0.00038807917684316635, -0.00038807917684316635
call_center had no query dependencies
customer: 0.8535048151388764, 0.11238621586650609, -0.11238621586650609
customer had no query dependencies
customer_address: 0.2449320713058114, 0.03380870285362005, -0.03380870285362005
customer_address had no query dependencies
customer_demographics: 0.011580578982830048, 0.0025247915931542715, -0.0025247915931542715
customer_demographics had no query dependencies
date_dim: 0.001992875710129738, 0.0007613079887628555, 0.8476889744478464
household_demographics: 3.5176053643226624e-05, 0.00033242915530999503, -0.00033242915530999503
household_demographics had no query dependencies
income_band: 5.122274160385132e-07, 0.0003378786883751551, -0.0003378786883751551
income_band had no query dependencies
inventory: 5.1357166497036815, 0.7680814273221294, 0.08036885511447989
item: 0.03489831369370222, 0.005290039899647235, 0.843160242536962
promotion: 7.638614624738693e-05, 0.0004480405369400979, -0.0004480405369400979
promotion had no query dependencies
reason: 1.4491379261016846e-06, 0.0003483091104030609, -0.0003483091104030609
reason had no query dependencies
ship_mode: 1.3029202818870544e-06, 0.0003387827045718829, -0.0003387827045718829
ship_mode had no query dependencies
warehouse: 2.907589077949524e-06, 0.0003093868873516719, 0.8481408955492575

Round 2
date_dim: 0.001992875710129738, 0.0007613079887628555, 0.8476889744478464
inventory: 5.1357166497036815, 0.7680814273221294, 0.08036885511447989
item: 0.03489831369370222, 0.005290039899647235, 0.843160242536962
warehouse: 2.907589077949524e-06, 0.0003093868873516719, 0.8481408955492575
Function: 53.97106099311898, 0.052113911288976675, 53.144474029541016, 0.620713289603591, 0.1537288724943002, 3.0890191096052343e-05
hiya: 0b10000000110010000000, 53.97106099311898

Round 0
call_center: 9.615905582904816e-06, 0.00038807917684316635, 1.1867402938341098
catalog_returns: 13.009788101539016, 1.6911096025011938, 3.490994358793695
catalog_sales: 132.3057429259643, 17.35463456002543, 18.392516610214805
customer: 0.8535048151388764, 0.11238621586650609, 9.046165926700732
customer_address: 0.2449320713058114, 0.03380870285362005, 7.739648470090528
customer_demographics: 0.011580578982830048, 0.0025247915931542715, 5.138211137192648
date_dim: 0.001992875710129738, 0.0007613079887628555, 43.28881308384915
household_demographics: 3.5176053643226624e-05, 0.00033242915530999503, 0.5711733168198666
income_band: 5.122274160385132e-07, 0.0003378786883751551, 0.012840559015075366
inventory: 5.1357166497036815, 0.7680814273221294, 0.7798120459792018
item: 0.03489831369370222, 0.005290039899647235, 33.34325321457316
promotion: 7.638614624738693e-05, 0.0004480405369400979, 1.5898859650378427
reason: 1.4491379261016846e-06, 0.0003483091104030609, 3.079234635148446
ship_mode: 1.3029202818870544e-06, 0.0003387827045718829, 0.7935387976460655
store_returns: 20.850121902301908, 2.71282215587914, 1.9573102365392447
store_sales: 174.69669486396015, 23.07417165409267, 18.968059046124413
time_dim: 0.0012146271765232086, 0.000798612140417099, 1.4080376230072975
warehouse: 2.907589077949524e-06, 0.0003093868873516719, 2.2841193828533095
web_page: 7.394980639219284e-05, 0.00034018037388722103, 0.3302358142619332
web_returns: 6.285572262480855, 0.8100109892115991, 3.5083653450093664
web_sales: 67.01082486007363, 8.786701366623738, 25.51916001753122
Function: 59.79472711879783, 3.595796462686856, 0.7393217086791992, 50.453134337738156, 4.902810174893538, 0.10366443480008163
hiya: 0b11111110111111111111101, 59.79472711879783
{60.31370853746875: [2, 3, 4, 5, 6, 7, 8, 9, 10, 11, 12, 13, 14, 16, 17, 18, 19, 20, 21, 22, 23], 60.34483873979129: [0, 3, 4, 5, 6, 7, 8, 10, 11, 12, 13, 14, 17, 18, 19, 20, 22, 23], 53.97106099311898: [7, 10, 11, 19], 68.15229482347434: [0, 2, 3, 5, 6, 7, 8, 10, 11, 12, 13, 14, 16, 17, 18, 19, 20, 21, 22, 23], 67.4023227865945: [0, 2, 3, 4, 6, 7, 8, 10, 11, 12, 13, 14, 16, 17, 18, 19, 20, 21, 22, 23], 64.2630688289988: [0, 2, 3, 4, 5, 7, 8, 10, 11, 13, 14, 16, 17, 18, 19, 20, 21, 22, 23], 54.0450382232666: [], 59.6982297273124: [0, 2, 3, 4, 5, 6, 7, 10, 11, 12, 13, 14, 16, 17, 18, 19, 20, 21, 22, 23], 59.14222202641774: [0, 2, 3, 4, 5, 6, 7, 8, 10, 11, 12, 13, 14, 16, 17, 18, 19, 20, 21, 22, 23], 59.90345936004111: [0, 2, 3, 4, 5, 6, 7, 8, 9, 11, 12, 13, 14, 16, 17, 18, 19, 20, 21, 22, 23], 60.71715835696528: [0, 2, 3, 4, 5, 6, 7, 8, 9, 10, 11, 13, 14, 16, 17, 18, 19, 20, 21, 22, 23], 62.206458546585694: [0, 2, 3, 4, 5, 6, 7, 8, 9, 10, 11, 12, 14, 16, 17, 18, 19, 20, 21, 22, 23], 60.05063795190354: [0, 2, 3, 4, 5, 6, 7, 8, 9, 10, 11, 12, 13, 16, 17, 18, 19, 20, 21, 22, 23], 60.53723869006317: [0, 2, 3, 4, 5, 6, 7, 8, 9, 10, 11, 12, 13, 14, 16, 17, 19, 20, 21, 22, 23], 61.0842636216042: [0, 2, 3, 4, 5, 6, 7, 8, 9, 11, 12, 13, 16, 17, 18, 20, 21, 22, 23], 59.45924358819674: [0, 2, 3, 4, 5, 6, 7, 8, 9, 10, 11, 12, 13, 14, 16, 17, 18, 19, 21, 22, 23], 59.79472711879783: [0, 2, 3, 4, 5, 6, 7, 8, 9, 10, 11, 12, 13, 14, 16, 17, 18, 19, 20, 21, 22]}
NEW ENTRY: 53.97106099311898

Round 0
inventory: 5.1357166497036815, 0.7680814273221294, -0.7680814273221294
inventory had no query dependencies
item: 0.03489831369370222, 0.005290039899647235, -0.005290039899647235
item had no query dependencies
warehouse: 2.907589077949524e-06, 0.0003093868873516719, -0.0003093868873516719
warehouse had no query dependencies
Function: 54.0450382232666, 0, 54.0450382232666, 0.0, 0, 0.0
hiya: 0b0, 54.0450382232666

Round 0
date_dim: 0.001992875710129738, 0.0007613079887628555, -0.0007613079887628555
date_dim had no query dependencies
item: 0.03489831369370222, 0.005290039899647235, -0.005290039899647235
item had no query dependencies
warehouse: 2.907589077949524e-06, 0.0003093868873516719, -0.0003093868873516719
warehouse had no query dependencies
Function: 54.0450382232666, 0, 54.0450382232666, 0.0, 0, 0.0
hiya: 0b0, 54.0450382232666

Round 0
date_dim: 0.001992875710129738, 0.0007613079887628555, -0.0007613079887628555
date_dim had no query dependencies
inventory: 5.1357166497036815, 0.7680814273221294, -0.7680814273221294
inventory had no query dependencies
warehouse: 2.907589077949524e-06, 0.0003093868873516719, -0.0003093868873516719
warehouse had no query dependencies
Function: 54.0450382232666, 0, 54.0450382232666, 0.0, 0, 0.0
hiya: 0b0, 54.0450382232666

Round 0
date_dim: 0.001992875710129738, 0.0007613079887628555, -0.0007613079887628555
date_dim had no query dependencies
inventory: 5.1357166497036815, 0.7680814273221294, -0.7680814273221294
inventory had no query dependencies
item: 0.03489831369370222, 0.005290039899647235, -0.005290039899647235
item had no query dependencies
Function: 54.0450382232666, 0, 54.0450382232666, 0.0, 0, 0.0
hiya: 0b0, 54.0450382232666
{54.0450382232666: []}
NEW ENTRY: 54.0450382232666
{59.12939310764334: [0, 2, 3, 4, 5, 6, 7, 8, 9, 10, 11, 12, 13, 14, 16, 17, 18, 19, 20, 21, 22, 23], 53.97106099311898: [7, 10, 11, 19], 54.0450382232666: []}
[0, 2, 3, 4, 5, 6, 7, 8, 9, 10, 11, 12, 13, 14, 16, 17, 18, 19, 20, 21, 22, 23]
----
Best Cost: $53.97106099311898;
[7, 10, 11, 19]
[7, 10, 11, 19]
4
Optimal Subset: 0b10000000110010000000
Function: 53.97106099311898, 0.052113911288976675, 53.144474029541016, 0.620713289603591, 0.1537288724943002, 3.0890191096052343e-05
53.97106099311898
Real: 53.97106099311898, 0.052113911288976675, 53.144474029541016, 0.620713289603591, 0.1537288724943002, 3.0890191096052343e-05
Num Redshift Qs: 3; Num GCP Qs: 61
Redshift Qs: $0.052113911288976675; GCP Qs: $53.144474029541016; Movement Cost: $0.620713289603591
Final cost: $53.97106099311898, BQ Baseline: $54.0450382232666, Diff: $0.07397723014761937, %: 0.13688070649892126%
