Egress: $0.12/GB
Benchmark: tpcds
Data Path: parquet_1000/real_data_rs1
BigQuery Cost: $5/TB; DuckDB Cost: $1.48/hr; Redshift Cost: $1.086/hr
Use Duck: False
Excluded Table: store_sales
Excluded Query: None

Starting analysis without using DuckDB
Redshift Total: $1.0521052363940082, Redshift-Calcite Total: $0.7910077219267689, BigQuery Total: $9.103264808654785
Excluding table store_sales and any queries that depend on it
Total Keys: 31, Keys Considered: 30

Round 0
call_center: 9.615905582904816e-06, 0.00038807917684316635, 1.18674029383411
catalog_page: 0.0017016949132084846, 0.0014676847180724146, -0.0014676847180724146
catalog_page had no query dependencies
catalog_returns: 13.009788101539016, 1.6911096025011938, -0.5898059487845502
catalog_sales: 132.3057429259643, 17.35463456002543, -11.531608190810578
customer: 0.8535048151388764, 0.11238621586650609, 2.6035740286436684
customer_address: 0.2449320713058114, 0.03380870285362005, 3.695709051269988
customer_demographics: 0.011580578982830048, 0.0025247915931542715, 3.332309732535283
date_dim: 0.001992875710129738, 0.0007613079887628555, 8.230213535924952
household_demographics: 3.5176053643226624e-05, 0.00033242915530999503, 0.5711733168198665
income_band: 5.122274160385132e-07, 0.0003378786883751551, 0.012840559015075366
inventory: 5.1357166497036815, 0.7680814273221294, 0.5957471217069029
item: 0.03489831369370222, 0.005290039899647235, 5.652617567377191
promotion: 7.638614624738693e-05, 0.0004480405369400979, 0.7929754499543706
reason: 1.4491379261016846e-06, 0.0003483091104030609, 0.1757193395515283
ship_mode: 1.3029202818870544e-06, 0.0003387827045718829, 0.9214682553634047
store: 9.930133819580078e-05, 0.00045502669294675193, 0.06397284737388292
store_returns: 20.850121902301908, 2.71282215587914, -2.587679106406172
time_dim: 0.0012146271765232086, 0.000798612140417099, 0.693184574893713
warehouse: 2.907589077949524e-06, 0.0003093868873516719, 2.4120488405706486
web_page: 7.394980639219284e-05, 0.00034018037388722103, 0.3302358142619332
web_returns: 6.285572262480855, 0.8100109892115991, -0.03382001844545213
web_sales: 67.01082486007363, 8.786701366623738, -6.410186200013657
web_site: 1.0454095900058746e-05, 0.00032022725552320483, 0.6662241745852431

Round 1
call_center: 9.615905582904816e-06, 0.00038807917684316635, -0.00038807917684316635
call_center had no query dependencies
customer: 0.8535048151388764, 0.11238621586650609, -0.11238621586650609
customer had no query dependencies
customer_address: 0.2449320713058114, 0.03380870285362005, -0.03380870285362005
customer_address had no query dependencies
customer_demographics: 0.011580578982830048, 0.0025247915931542715, -0.0025247915931542715
customer_demographics had no query dependencies
date_dim: 0.001992875710129738, 0.0007613079887628555, 0.8476889744478463
household_demographics: 3.5176053643226624e-05, 0.00033242915530999503, -0.00033242915530999503
household_demographics had no query dependencies
income_band: 5.122274160385132e-07, 0.0003378786883751551, -0.0003378786883751551
income_band had no query dependencies
inventory: 5.1357166497036815, 0.7680814273221294, 0.08036885511447978
item: 0.03489831369370222, 0.005290039899647235, 0.8431602425369619
promotion: 7.638614624738693e-05, 0.0004480405369400979, -0.0004480405369400979
promotion had no query dependencies
reason: 1.4491379261016846e-06, 0.0003483091104030609, -0.0003483091104030609
reason had no query dependencies
ship_mode: 1.3029202818870544e-06, 0.0003387827045718829, -0.0003387827045718829
ship_mode had no query dependencies
store: 9.930133819580078e-05, 0.00045502669294675193, -0.00045502669294675193
store had no query dependencies
time_dim: 0.0012146271765232086, 0.000798612140417099, -0.000798612140417099
time_dim had no query dependencies
warehouse: 2.907589077949524e-06, 0.0003093868873516719, 0.8481408955492574
web_page: 7.394980639219284e-05, 0.00034018037388722103, -0.00034018037388722103
web_page had no query dependencies
web_site: 1.0454095900058746e-05, 0.00032022725552320483, -0.00032022725552320483
web_site had no query dependencies

Round 2
date_dim: 0.001992875710129738, 0.0007613079887628555, 0.8476889744478463
inventory: 5.1357166497036815, 0.7680814273221294, 0.08036885511447978
item: 0.03489831369370222, 0.005290039899647235, 0.8431602425369619
warehouse: 2.907589077949524e-06, 0.0003093868873516719, 0.8481408955492574
----
[7, 10, 11, 19]
Function: 9.029287578507164, 0.052113911288976675, 8.2027006149292, 0.620713289603591, 0.1537288724943002, 3.0890191096052343e-05

Round 0
inventory: 5.1357166497036815, 0.7680814273221294, -0.7680814273221294
inventory had no query dependencies
item: 0.03489831369370222, 0.005290039899647235, -0.005290039899647235
item had no query dependencies
warehouse: 2.907589077949524e-06, 0.0003093868873516719, -0.0003093868873516719
warehouse had no query dependencies
Function: 9.103264808654785, 0, 9.103264808654785, 0.0, 0, 0.0
hiya: 0b0, 9.103264808654785

Round 0
date_dim: 0.001992875710129738, 0.0007613079887628555, -0.0007613079887628555
date_dim had no query dependencies
item: 0.03489831369370222, 0.005290039899647235, -0.005290039899647235
item had no query dependencies
warehouse: 2.907589077949524e-06, 0.0003093868873516719, -0.0003093868873516719
warehouse had no query dependencies
Function: 9.103264808654785, 0, 9.103264808654785, 0.0, 0, 0.0
hiya: 0b0, 9.103264808654785

Round 0
date_dim: 0.001992875710129738, 0.0007613079887628555, -0.0007613079887628555
date_dim had no query dependencies
inventory: 5.1357166497036815, 0.7680814273221294, -0.7680814273221294
inventory had no query dependencies
warehouse: 2.907589077949524e-06, 0.0003093868873516719, -0.0003093868873516719
warehouse had no query dependencies
Function: 9.103264808654785, 0, 9.103264808654785, 0.0, 0, 0.0
hiya: 0b0, 9.103264808654785

Round 0
date_dim: 0.001992875710129738, 0.0007613079887628555, -0.0007613079887628555
date_dim had no query dependencies
inventory: 5.1357166497036815, 0.7680814273221294, -0.7680814273221294
inventory had no query dependencies
item: 0.03489831369370222, 0.005290039899647235, -0.005290039899647235
item had no query dependencies
Function: 9.103264808654785, 0, 9.103264808654785, 0.0, 0, 0.0
hiya: 0b0, 9.103264808654785
{9.103264808654785: []}
NEW ENTRY: 9.103264808654785
{9.029287578507164: [7, 10, 11, 19], 9.103264808654785: []}
[7, 10, 11, 19]
----
Best Cost: $9.029287578507164;
[7, 10, 11, 19]
[7, 10, 11, 19]
4
Optimal Subset: 0b10000000110010000000
Function: 9.029287578507164, 0.052113911288976675, 8.2027006149292, 0.620713289603591, 0.1537288724943002, 3.0890191096052343e-05
9.029287578507164
Real: 9.029287578507164, 0.052113911288976675, 8.2027006149292, 0.620713289603591, 0.1537288724943002, 3.0890191096052343e-05
Num Redshift Qs: 3; Num GCP Qs: 28
Redshift Qs: $0.052113911288976675; GCP Qs: $8.2027006149292; Movement Cost: $0.620713289603591
Final cost: $9.029287578507164, BQ Baseline: $9.103264808654785, Diff: $0.07397723014762114, %: 0.8126450422192318%
