Data Starting In: aws
Egress: $0.115/GB
Benchmark: tpcds
Data Path: parquet_2000/internal_rs4
BigQuery Cost: $5.0/TB; DuckDB Cost: $1.48/hr; Redshift Cost: $4.344/hr
Use Duck: False
Excluded Table: web_sales
Excluded Query: None

Starting analysis without using DuckDB
Redshift Total: $5.966725766827266, BigQuery Total: $61.95054531097412
!!!!!!: 0.03006636434872946
Excluding table web_sales and any queries that depend on it
Total Keys: 63, Keys Considered: 2
call_center: 0.0016639498146501829, -0.0016639498146501829
call_center had no query dependencies
catalog_page: 0.0016481136171599227, -0.0016481136171599227
catalog_page had no query dependencies
catalog_returns: 2.9423570715674057, -2.9423570715674057
catalog_returns had no query dependencies
catalog_sales: 28.01644303341354, -28.01644303341354
catalog_sales had no query dependencies
customer: 0.08996758560130878, -0.06876818432122353
customer_address: 0.038256966138332245, -0.01705756485824699
customer_demographics: 0.00860001226577213, -0.00860001226577213
customer_demographics had no query dependencies
date_dim: 0.005549168110420277, 0.015650233169664976
household_demographics: 0.001500946656937987, -0.001500946656937987
household_demographics had no query dependencies
income_band: 0.0014422163259501057, -0.0014422163259501057
income_band had no query dependencies
inventory: 0.052606852828324606, -0.052606852828324606
inventory had no query dependencies
item: 0.006605366609793308, 0.0022615964588508985
promotion: 0.0015119401964510625, -0.0015119401964510625
promotion had no query dependencies
reason: 0.0015798617601130455, -0.0015798617601130455
reason had no query dependencies
ship_mode: 0.0017056474823427578, -0.0017056474823427578
ship_mode had no query dependencies
store: 0.0015297497189808238, -0.0015297497189808238
store had no query dependencies
store_returns: 4.674046852816031, -4.674046852816031
store_returns had no query dependencies
store_sales: 38.202967047635155, -38.202967047635155
store_sales had no query dependencies
time_dim: 0.014680285843907926, -0.014680285843907926
time_dim had no query dependencies
warehouse: 0.01770619421676947, -0.01770619421676947
warehouse had no query dependencies
web_page: 0.014096207379901266, -0.014096207379901266
web_page had no query dependencies
web_returns: 1.4596122067202935, -1.438412805440208
web_site: 0.018448420628360853, -0.018448420628360853
web_site had no query dependencies
date_dim: 0.005549038570674345, -0.005549038570674345
date_dim had no query dependencies
{'41': 2048}
{}
STARTING PHASE 2: 0b0
----
[]
Function: 5.96446905220104, 4.76837158203125e-05, 5.957811120042801, 0.0006336158451158554, 0.005966160186131796, 3.0703225493660507e-10, 1.047210413813591e-05
{5.96446905220104: []}
[]
{}
Best Cost: $5.96446905220104;
[]
{'41': 2048}
{}
{'41': 2048}
[11]
1
Optimal Subset: 0b100000000000
Function: 5.96446905220104, 4.76837158203125e-05, 5.957811120042801, 0.0006336158451158554, 0.005966160186131796, 3.0703225493660507e-10, 1.047210413813591e-05
5.96446905220104
Real: 5.96446905220104, 4.76837158203125e-05, 5.957811120042801, 0.0006336158451158554, 0.005966160186131796, 3.0703225493660507e-10, 1.047210413813591e-05
Num Redshift Qs: 1; Num GCP Qs: 62
Moved Qs: $4.76837158203125e-05; Stayed Qs: $5.957811120042801; Movement Cost: $0.0006336158451158554
Load Cost: $0.005966160186131796, Storage Cost: $3.0703225493660507e-10, API Cost: $1.047210413813591e-05
Final cost: $5.96446905220104, Baseline: $5.966725766827266, Diff: $0.0022567146262257864, %: 0.037821658216173844%
