Data Starting In: aws
Egress: $0.115/GB
Benchmark: tpcds
Data Path: parquet_2000/internal_rs4
BigQuery Cost: $5.0/TB; DuckDB Cost: $1.48/hr; Redshift Cost: $4.344/hr
Use Duck: False
Excluded Table: customer
Excluded Query: None

Starting analysis without using DuckDB
Redshift Total: $7.273352326920829, BigQuery Total: $78.18345069885254
!!!!!!: 0.008866963068644207
Excluding table customer and any queries that depend on it
Total Keys: 70, Keys Considered: 1
call_center: 0.0016639498793029445, -0.0016639498793029445
call_center had no query dependencies
catalog_page: 0.0016481211245760385, -0.0016481211245760385
catalog_page had no query dependencies
catalog_returns: 2.9426204841239145, -2.9426204841239145
catalog_returns had no query dependencies
catalog_sales: 28.01889034104696, -28.01889034104696
catalog_sales had no query dependencies
customer_address: 0.038259056752869655, -0.038259056752869655
customer_address had no query dependencies
customer_demographics: 0.008600149440317777, -0.008600149440317777
customer_demographics had no query dependencies
date_dim: 0.005549190603113977, -0.005549190603113977
date_dim had no query dependencies
household_demographics: 0.0015009470529597753, -0.0015009470529597753
household_demographics had no query dependencies
income_band: 0.0014422163328689382, -0.0014422163328689382
income_band had no query dependencies
inventory: 0.05260963747483597, -0.05260963747483597
inventory had no query dependencies
item: 0.006605428208462706, 0.0022615348601815006
promotion: 0.001511940489866251, -0.001511940489866251
promotion had no query dependencies
reason: 0.0015798617741186942, -0.0015798617741186942
reason had no query dependencies
ship_mode: 0.0017056475001490396, -0.0017056475001490396
ship_mode had no query dependencies
store: 0.0015297499870724558, -0.0015297499870724558
store had no query dependencies
store_returns: 4.674462576102917, -4.674462576102917
store_returns had no query dependencies
store_sales: 38.20622336921877, -38.20622336921877
store_sales had no query dependencies
time_dim: 0.0146802994892313, -0.0146802994892313
time_dim had no query dependencies
warehouse: 0.017706194243027436, -0.017706194243027436
warehouse had no query dependencies
web_page: 0.014096207500093669, -0.014096207500093669
web_page had no query dependencies
web_returns: 1.4597398885838018, -1.4597398885838018
web_returns had no query dependencies
web_sales: 14.171839190146121, -14.171839190146121
web_sales had no query dependencies
web_site: 0.01844842072827971, -0.01844842072827971
web_site had no query dependencies
{'41': 2048}
{}
STARTING PHASE 2: 0b0
----
[]
Function: 7.271095612294604, 4.76837158203125e-05, 7.264437680136365, 0.0006336158451158554, 0.005966160186131796, 3.0703225493660507e-10, 1.047210413813591e-05
{7.271095612294604: []}
[]
{}
Best Cost: $7.271095612294604;
[]
{'41': 2048}
{}
{'41': 2048}
[11]
1
Optimal Subset: 0b100000000000
Function: 7.271095612294604, 4.76837158203125e-05, 7.264437680136365, 0.0006336158451158554, 0.005966160186131796, 3.0703225493660507e-10, 1.047210413813591e-05
7.271095612294604
Real: 7.271095612294604, 4.76837158203125e-05, 7.264437680136365, 0.0006336158451158554, 0.005966160186131796, 3.0703225493660507e-10, 1.047210413813591e-05
Num Redshift Qs: 1; Num GCP Qs: 69
Moved Qs: $4.76837158203125e-05; Stayed Qs: $7.264437680136365; Movement Cost: $0.0006336158451158554
Load Cost: $0.005966160186131796, Storage Cost: $3.0703225493660507e-10, API Cost: $1.047210413813591e-05
Final cost: $7.271095612294604, Baseline: $7.273352326920829, Diff: $0.0022567146262248983, %: 0.031027159482871877%
