Data Starting In: aws
Egress: $0.115/GB
Benchmark: tpcds
Data Path: parquet_2000/internal_rs4
BigQuery Cost: $5.0/TB; DuckDB Cost: $1.48/hr; Redshift Cost: $4.344/hr
Use Duck: False
Excluded Table: catalog_sales
Excluded Query: None

Starting analysis without using DuckDB
Redshift Total: $5.515611628343263, BigQuery Total: $51.871256828308105
!!!!!!: 0.03006636434872946
Excluding table catalog_sales and any queries that depend on it
Total Keys: 60, Keys Considered: 2
call_center: 0.00166394975478337, -0.00166394975478337
call_center had no query dependencies
catalog_page: 0.0016481066654835607, -0.0016481066654835607
catalog_page had no query dependencies
catalog_returns: 2.942113158240343, -2.942113158240343
catalog_returns had no query dependencies
customer: 0.08996081705201515, -0.0687614157719299
customer_address: 0.03825503028244829, -0.017055629002363036
customer_demographics: 0.008599885245632087, -0.008599885245632087
customer_demographics had no query dependencies
date_dim: 0.005549147282758044, 0.01565025399732721
household_demographics: 0.0015009462902318847, -0.0015009462902318847
household_demographics had no query dependencies
income_band: 0.001442216319543443, -0.001442216319543443
income_band had no query dependencies
inventory: 0.05260427431648644, -0.05260427431648644
inventory had no query dependencies
item: 0.006605309570992294, 0.0022616534976519125
promotion: 0.0015119399247560613, -0.0015119399247560613
promotion had no query dependencies
reason: 0.0015798617471441713, -0.0015798617471441713
reason had no query dependencies
ship_mode: 0.0017056474658545936, -0.0017056474658545936
ship_mode had no query dependencies
store: 0.0015297494707347918, -0.0015297494707347918
store had no query dependencies
store_returns: 4.673661903626874, -4.673661903626874
store_returns had no query dependencies
store_sales: 38.19995177667779, -38.19995177667779
store_sales had no query dependencies
time_dim: 0.01468027320868557, -0.01468027320868557
time_dim had no query dependencies
warehouse: 0.01770619419245526, -0.01770619419245526
warehouse had no query dependencies
web_page: 0.014096207268606158, -0.014096207268606158
web_page had no query dependencies
web_returns: 1.4594939765624506, -1.4382945752823653
web_sales: 14.169465014776376, -14.169465014776376
web_sales had no query dependencies
web_site: 0.01844842053583853, -0.01844842053583853
web_site had no query dependencies
date_dim: 0.005549038570674345, -0.005549038570674345
date_dim had no query dependencies
{'41': 2048}
{}
STARTING PHASE 2: 0b0
----
[]
Function: 5.513354913717038, 4.76837158203125e-05, 5.5066969815587985, 0.0006336158451158554, 0.005966160186131796, 3.0703225493660507e-10, 1.047210413813591e-05
{5.513354913717038: []}
[]
{}
Best Cost: $5.513354913717038;
[]
{'41': 2048}
{}
{'41': 2048}
[11]
1
Optimal Subset: 0b100000000000
Function: 5.513354913717038, 4.76837158203125e-05, 5.5066969815587985, 0.0006336158451158554, 0.005966160186131796, 3.0703225493660507e-10, 1.047210413813591e-05
5.513354913717038
Real: 5.513354913717038, 4.76837158203125e-05, 5.5066969815587985, 0.0006336158451158554, 0.005966160186131796, 3.0703225493660507e-10, 1.047210413813591e-05
Num Redshift Qs: 1; Num GCP Qs: 59
Moved Qs: $4.76837158203125e-05; Stayed Qs: $5.5066969815587985; Movement Cost: $0.0006336158451158554
Load Cost: $0.005966160186131796, Storage Cost: $3.0703225493660507e-10, API Cost: $1.047210413813591e-05
Final cost: $5.513354913717038, Baseline: $5.515611628343263, Diff: $0.0022567146262248983, %: 0.04091503859024884%
