Data Starting In: aws
Egress: $0.115/GB
Benchmark: tpcds
Data Path: parquet_2000/internal_rs4
BigQuery Cost: $5.0/TB; DuckDB Cost: $1.48/hr; Redshift Cost: $4.344/hr
Use Duck: False
Excluded Table: call_center
Excluded Query: None

Starting analysis without using DuckDB
Redshift Total: $12.640627366021477, BigQuery Total: $108.86501789093018
!!!!!!: 0.03006636434872946
Excluding table call_center and any queries that depend on it
Total Keys: 95, Keys Considered: 2
catalog_page: 0.001648121235484317, -0.001648121235484317
catalog_page had no query dependencies
catalog_returns: 2.9426243755604258, -2.9426243755604258
catalog_returns had no query dependencies
catalog_sales: 28.018926495520404, -28.018926495520404
catalog_sales had no query dependencies
customer: 0.08997500323721629, -0.06877560195713103
customer_address: 0.038259087637858014, -0.01705968635777276
customer_demographics: 0.008600151466819635, -0.008600151466819635
customer_demographics had no query dependencies
date_dim: 0.0055491909354021965, 0.015650210344683058
household_demographics: 0.0015009470588102697, -0.0015009470588102697
household_demographics had no query dependencies
income_band: 0.0014422163329711512, -0.0014422163329711512
income_band had no query dependencies
inventory: 0.05260967861287149, -0.05260967861287149
inventory had no query dependencies
item: 0.006605429118469861, 0.002261533950174346
promotion: 0.0015119404942009213, -0.0015119404942009213
promotion had no query dependencies
reason: 0.001579861774325602, -0.001579861774325602
reason had no query dependencies
ship_mode: 0.0017056475004120946, -0.0017056475004120946
ship_mode had no query dependencies
store: 0.001529749991033017, -0.001529749991033017
store had no query dependencies
store_returns: 4.674468717650604, -4.674468717650604
store_returns had no query dependencies
store_sales: 38.20627147538679, -38.20627147538679
store_sales had no query dependencies
time_dim: 0.014680299690815881, -0.014680299690815881
time_dim had no query dependencies
warehouse: 0.01770619424341535, -0.01770619424341535
warehouse had no query dependencies
web_page: 0.01409620750186929, -0.01409620750186929
web_page had no query dependencies
web_returns: 1.4597417748487242, -1.438542373568639
web_sales: 14.17185740122704, -14.17185740122704
web_sales had no query dependencies
web_site: 0.01844842072975583, -0.01844842072975583
web_site had no query dependencies
date_dim: 0.005549038570674345, -0.005549038570674345
date_dim had no query dependencies
{'41': 2048}
{}
STARTING PHASE 2: 0b0
----
[]
Function: 12.63837065139525, 4.76837158203125e-05, 12.631712719237012, 0.0006336158451158554, 0.005966160186131796, 3.0703225493660507e-10, 1.047210413813591e-05
{12.63837065139525: []}
[]
{}
Best Cost: $12.63837065139525;
[]
{'41': 2048}
{}
{'41': 2048}
[11]
1
Optimal Subset: 0b100000000000
Function: 12.63837065139525, 4.76837158203125e-05, 12.631712719237012, 0.0006336158451158554, 0.005966160186131796, 3.0703225493660507e-10, 1.047210413813591e-05
12.63837065139525
Real: 12.63837065139525, 4.76837158203125e-05, 12.631712719237012, 0.0006336158451158554, 0.005966160186131796, 3.0703225493660507e-10, 1.047210413813591e-05
Num Redshift Qs: 1; Num GCP Qs: 94
Moved Qs: $4.76837158203125e-05; Stayed Qs: $12.631712719237012; Movement Cost: $0.0006336158451158554
Load Cost: $0.005966160186131796, Storage Cost: $3.0703225493660507e-10, API Cost: $1.047210413813591e-05
Final cost: $12.63837065139525, Baseline: $12.640627366021477, Diff: $0.0022567146262257864, %: 0.017852868855955106%
