Data Starting In: aws
Egress: $0.115/GB
Benchmark: tpcds
Data Path: parquet_2000/internal_rs4
BigQuery Cost: $5.0/TB; DuckDB Cost: $1.48/hr; Redshift Cost: $4.344/hr
Use Duck: False
Excluded Table: catalog_page
Excluded Query: None

Starting analysis without using DuckDB
Redshift Total: $12.117922416114805, BigQuery Total: $105.00025272369385
!!!!!!: 0.03006636434872946
Excluding table catalog_page and any queries that depend on it
Total Keys: 97, Keys Considered: 2
call_center: 0.0016639498802618912, -0.0016639498802618912
call_center had no query dependencies
catalog_returns: 2.9426243911285446, -2.9426243911285446
catalog_returns had no query dependencies
catalog_sales: 28.01892664016034, -28.01892664016034
catalog_sales had no query dependencies
customer: 0.08997500366922868, -0.06877560238914343
customer_address: 0.0382590877614168, -0.01705968648133155
customer_demographics: 0.00860015147492688, -0.00860015147492688
customer_demographics had no query dependencies
date_dim: 0.005549190936731552, 0.0156502103433537
household_demographics: 0.0015009470588336752, -0.0015009470588336752
household_demographics had no query dependencies
income_band: 0.0014422163329715601, -0.0014422163329715601
income_band had no query dependencies
inventory: 0.05260967877744871, -0.05260967877744871
inventory had no query dependencies
item: 0.0066054291221104445, 0.0022615339465337624
promotion: 0.0015119404942182627, -0.0015119404942182627
promotion had no query dependencies
reason: 0.0015798617743264295, -0.0015798617743264295
reason had no query dependencies
ship_mode: 0.001705647500413147, -0.001705647500413147
ship_mode had no query dependencies
store: 0.0015297499910488619, -0.0015297499910488619
store had no query dependencies
store_returns: 4.674468742220539, -4.674468742220539
store_returns had no query dependencies
store_sales: 38.206271667840795, -38.206271667840795
store_sales had no query dependencies
time_dim: 0.014680299691622342, -0.014680299691622342
time_dim had no query dependencies
warehouse: 0.0177061942434169, -0.0177061942434169
warehouse had no query dependencies
web_page: 0.014096207501876394, -0.014096207501876394
web_page had no query dependencies
web_returns: 1.4597417823949341, -1.4385423811148488
web_sales: 14.171857474082469, -14.171857474082469
web_sales had no query dependencies
web_site: 0.018448420729761734, -0.018448420729761734
web_site had no query dependencies
date_dim: 0.005549038570674345, -0.005549038570674345
date_dim had no query dependencies
{'41': 2048}
{}
STARTING PHASE 2: 0b0
----
[]
Function: 12.11566570148858, 4.76837158203125e-05, 12.10900776933034, 0.0006336158451158554, 0.005966160186131796, 3.0703225493660507e-10, 1.047210413813591e-05
{12.11566570148858: []}
[]
{}
Best Cost: $12.11566570148858;
[]
{'41': 2048}
{}
{'41': 2048}
[11]
1
Optimal Subset: 0b100000000000
Function: 12.11566570148858, 4.76837158203125e-05, 12.10900776933034, 0.0006336158451158554, 0.005966160186131796, 3.0703225493660507e-10, 1.047210413813591e-05
12.11566570148858
Real: 12.11566570148858, 4.76837158203125e-05, 12.10900776933034, 0.0006336158451158554, 0.005966160186131796, 3.0703225493660507e-10, 1.047210413813591e-05
Num Redshift Qs: 1; Num GCP Qs: 96
Moved Qs: $4.76837158203125e-05; Stayed Qs: $12.10900776933034; Movement Cost: $0.0006336158451158554
Load Cost: $0.005966160186131796, Storage Cost: $3.0703225493660507e-10, API Cost: $1.047210413813591e-05
Final cost: $12.11566570148858, Baseline: $12.117922416114805, Diff: $0.0022567146262257864, %: 0.0186229499474657%
