Data Starting In: aws
Egress: $0.115/GB
Benchmark: tpcds
Data Path: parquet_2000/internal_rs4
BigQuery Cost: $5.0/TB; DuckDB Cost: $1.48/hr; Redshift Cost: $4.344/hr
Use Duck: False
Excluded Table: ship_mode
Excluded Query: None

Starting analysis without using DuckDB
Redshift Total: $12.666613035785362, BigQuery Total: $108.71942520141602
!!!!!!: 0.03006636434872946
Excluding table ship_mode and any queries that depend on it
Total Keys: 96, Keys Considered: 2
call_center: 0.0016639498802563158, -0.0016639498802563158
call_center had no query dependencies
catalog_page: 0.0016481212352806008, -0.0016481212352806008
catalog_page had no query dependencies
catalog_returns: 2.9426243684126376, -2.9426243684126376
catalog_returns had no query dependencies
catalog_sales: 28.01892642911189, -28.01892642911189
catalog_sales had no query dependencies
customer: 0.0899750030388665, -0.06877560175878125
customer_address: 0.03825908758112849, -0.017059686301043236
customer_demographics: 0.008600151463097358, -0.008600151463097358
customer_demographics had no query dependencies
date_dim: 0.00554919093479185, 0.015650210345293403
household_demographics: 0.0015009470587995235, -0.0015009470587995235
household_demographics had no query dependencies
income_band: 0.0014422163329709636, -0.0014422163329709636
income_band had no query dependencies
inventory: 0.05260967853730917, -0.05260967853730917
inventory had no query dependencies
item: 0.00660542911679836, 0.0022615339518458465
promotion: 0.0015119404941929594, -0.0015119404941929594
promotion had no query dependencies
reason: 0.0015798617743252217, -0.0015798617743252217
reason had no query dependencies
store: 0.0015297499910257423, -0.0015297499910257423
store had no query dependencies
store_returns: 4.6744687063698125, -4.6744687063698125
store_returns had no query dependencies
store_sales: 38.20627138702541, -38.20627138702541
store_sales had no query dependencies
time_dim: 0.014680299690445611, -0.014680299690445611
time_dim had no query dependencies
warehouse: 0.017706194243414637, -0.017706194243414637
warehouse had no query dependencies
web_page: 0.014096207501866029, -0.014096207501866029
web_page had no query dependencies
web_returns: 1.459741771384034, -1.4385423701039486
web_sales: 14.171857367776939, -14.171857367776939
web_sales had no query dependencies
web_site: 0.01844842072975312, -0.01844842072975312
web_site had no query dependencies
date_dim: 0.005549038570674345, -0.005549038570674345
date_dim had no query dependencies
{'41': 2048}
{}
STARTING PHASE 2: 0b0
----
[]
Function: 12.664356321159136, 4.76837158203125e-05, 12.657698389000897, 0.0006336158451158554, 0.005966160186131796, 3.0703225493660507e-10, 1.047210413813591e-05
{12.664356321159136: []}
[]
{}
Best Cost: $12.664356321159136;
[]
{'41': 2048}
{}
{'41': 2048}
[11]
1
Optimal Subset: 0b100000000000
Function: 12.664356321159136, 4.76837158203125e-05, 12.657698389000897, 0.0006336158451158554, 0.005966160186131796, 3.0703225493660507e-10, 1.047210413813591e-05
12.664356321159136
Real: 12.664356321159136, 4.76837158203125e-05, 12.657698389000897, 0.0006336158451158554, 0.005966160186131796, 3.0703225493660507e-10, 1.047210413813591e-05
Num Redshift Qs: 1; Num GCP Qs: 95
Moved Qs: $4.76837158203125e-05; Stayed Qs: $12.657698389000897; Movement Cost: $0.0006336158451158554
Load Cost: $0.005966160186131796, Storage Cost: $3.0703225493660507e-10, API Cost: $1.047210413813591e-05
Final cost: $12.664356321159136, Baseline: $12.666613035785362, Diff: $0.0022567146262257864, %: 0.017816243536059553%
