Data Starting In: aws
Egress: $0.115/GB
Benchmark: tpcds
Data Path: parquet_2000/internal_rs4
BigQuery Cost: $5.0/TB; DuckDB Cost: $1.48/hr; Redshift Cost: $4.344/hr
Use Duck: False
Excluded Table: customer_address
Excluded Query: None

Starting analysis without using DuckDB
Redshift Total: $10.388037185757957, BigQuery Total: $78.57693672180176
!!!!!!: 0.008866963068644207
Excluding table customer_address and any queries that depend on it
Total Keys: 70, Keys Considered: 1
call_center: 0.0016639498792363993, -0.0016639498792363993
call_center had no query dependencies
catalog_page: 0.001648121116848861, -0.001648121116848861
catalog_page had no query dependencies
catalog_returns: 2.942620213000599, -2.942620213000599
catalog_returns had no query dependencies
catalog_sales: 28.018887822100375, -28.018887822100375
catalog_sales had no query dependencies
customer: 0.08997488772695815, -0.08997488772695815
customer had no query dependencies
customer_demographics: 0.008600149299127781, -0.008600149299127781
customer_demographics had no query dependencies
date_dim: 0.005549190579962864, -0.005549190579962864
date_dim had no query dependencies
household_demographics: 0.001500947052552161, -0.001500947052552161
household_demographics had no query dependencies
income_band: 0.0014422163328618167, -0.0014422163328618167
income_band had no query dependencies
inventory: 0.05260963460867574, -0.05260963460867574
inventory had no query dependencies
item: 0.006605428145060886, 0.002261534923583321
promotion: 0.0015119404895642468, -0.0015119404895642468
promotion had no query dependencies
reason: 0.0015798617741042786, -0.0015798617741042786
reason had no query dependencies
ship_mode: 0.001705647500130712, -0.001705647500130712
ship_mode had no query dependencies
store: 0.0015297499867965166, -0.0015297499867965166
store had no query dependencies
store_returns: 4.674462148210346, -4.674462148210346
store_returns had no query dependencies
store_sales: 38.20622001757633, -38.20622001757633
store_sales had no query dependencies
time_dim: 0.014680299475186544, -0.014680299475186544
time_dim had no query dependencies
warehouse: 0.01770619424300041, -0.01770619424300041
warehouse had no query dependencies
web_page: 0.014096207499969957, -0.014096207499969957
web_page had no query dependencies
web_returns: 1.4597397571643638, -1.4597397571643638
web_returns had no query dependencies
web_sales: 14.171837921347667, -14.171837921347667
web_sales had no query dependencies
web_site: 0.01844842072817687, -0.01844842072817687
web_site had no query dependencies
{'41': 2048}
{}
STARTING PHASE 2: 0b0
----
[]
Function: 10.385780471131731, 4.76837158203125e-05, 10.379122538973492, 0.0006336158451158554, 0.005966160186131796, 3.0703225493660507e-10, 1.047210413813591e-05
{10.385780471131731: []}
[]
{}
Best Cost: $10.385780471131731;
[]
{'41': 2048}
{}
{'41': 2048}
[11]
1
Optimal Subset: 0b100000000000
Function: 10.385780471131731, 4.76837158203125e-05, 10.379122538973492, 0.0006336158451158554, 0.005966160186131796, 3.0703225493660507e-10, 1.047210413813591e-05
10.385780471131731
Real: 10.385780471131731, 4.76837158203125e-05, 10.379122538973492, 0.0006336158451158554, 0.005966160186131796, 3.0703225493660507e-10, 1.047210413813591e-05
Num Redshift Qs: 1; Num GCP Qs: 69
Moved Qs: $4.76837158203125e-05; Stayed Qs: $10.379122538973492; Movement Cost: $0.0006336158451158554
Load Cost: $0.005966160186131796, Storage Cost: $3.0703225493660507e-10, API Cost: $1.047210413813591e-05
Final cost: $10.385780471131731, Baseline: $10.388037185757957, Diff: $0.0022567146262257864, %: 0.02172416776982423%
