Egress: $0.12/GB
Benchmark: tpcds
Data Path: parquet_2000/real_data_rs1
BigQuery Cost: $5/TB; DuckDB Cost: $1.48/hr; Redshift Cost: $1.086/hr
Use Duck: False
Excluded Table: store_sales
Excluded Query: None

Starting analysis without using DuckDB
Redshift Total: $1.259679723428488, Redshift-Calcite Total: $0.9984435365021231, BigQuery Total: $20.048508644104004
Excluding table store_sales and any queries that depend on it
Total Keys: 30, Keys Considered: 29

Round 0
call_center: 5.735084414482117e-06, 0.005366685138344766, 3.144552076020837
catalog_page: 0.0006659524515271187, 0.005060993611117204, -0.005060993611117204
catalog_page had no query dependencies
catalog_returns: 23.366260116919875, 3.0429723731392624, -0.2648818593468265
catalog_sales: 217.0907397372648, 29.20891306739002, -13.75667247719834
customer: 0.6484093563631177, 0.09106986505160729, 7.346471773853998
customer_address: 0.18544994108378887, 0.03112342464029789, 9.911585582520365
customer_demographics: 0.012168197892606258, 0.007077709142665069, 9.047798075323204
date_dim: 0.0019952356815338135, 0.0055566779283682515, 18.908520446207923
household_demographics: 3.512948751449585e-05, 0.004379698107242585, 1.184937521659136
income_band: 6.137415766716003e-07, 0.00340442113429308, 0.018617630857725935
inventory: 0.24701470416039228, 0.03749347793370485, 0.9168035553003351
item: 0.005464168265461922, 0.006165143392284711, 12.797519001663328
promotion: 2.6027671992778778e-05, 0.004797658990124861, 1.910139656812052
reason: 1.2423843145370483e-06, 0.004724816008607547, 0.4726310020099084
ship_mode: 1.5795230865478516e-06, 0.004699163146416346, 2.126406294982433
store: 2.3781321942806244e-05, 0.0052723485882083575, -0.0052723485882083575
store had no query dependencies
store_returns: 36.877127600833774, 4.798838612390558, -4.6778582032750045
time_dim: 0.0012104213237762451, 0.0019319092639287314, 1.6812983460319042
warehouse: 2.3292377591133118e-06, 0.0004357566437125206, 3.646733650798698
web_page: 1.0661780834197998e-05, 0.0015443675649166107, 0.7837539760756492
web_returns: 11.326140539720654, 1.4832469742856422, 0.09935471714516497
web_sales: 109.34904180746526, 14.56639579027444, -8.84903326228807
web_site: 8.863396942615509e-06, 0.0006061796948313715, 1.208422646867335

Round 1
call_center: 5.735084414482117e-06, 0.005366685138344766, -0.005366685138344766
call_center had no query dependencies
customer: 0.6484093563631177, 0.09106986505160729, -0.04267568688799937
customer_address: 0.18544994108378887, 0.03112342464029789, 0.017270753523310024
customer_demographics: 0.012168197892606258, 0.007077709142665069, -0.007077709142665069
customer_demographics had no query dependencies
date_dim: 0.0019952356815338135, 0.0055566779283682515, 0.08496848744273186
household_demographics: 3.512948751449585e-05, 0.004379698107242585, -0.004379698107242585
household_demographics had no query dependencies
income_band: 6.137415766716003e-07, 0.00340442113429308, -0.00340442113429308
income_band had no query dependencies
inventory: 0.24701470416039228, 0.03749347793370485, 0.004637509273787352
item: 0.005464168265461922, 0.006165143392284711, 0.03596584381520749
promotion: 2.6027671992778778e-05, 0.004797658990124861, -0.004797658990124861
promotion had no query dependencies
reason: 1.2423843145370483e-06, 0.004724816008607547, -0.004724816008607547
reason had no query dependencies
ship_mode: 1.5795230865478516e-06, 0.004699163146416346, -0.004699163146416346
ship_mode had no query dependencies
time_dim: 0.0012104213237762451, 0.0019319092639287314, -0.0019319092639287314
time_dim had no query dependencies
warehouse: 2.3292377591133118e-06, 0.0004357566437125206, 0.041695230563779676
web_page: 1.0661780834197998e-05, 0.0015443675649166107, -0.0015443675649166107
web_page had no query dependencies
web_returns: 11.326140539720654, 1.4832469742856422, -1.4348527961220343
web_site: 8.863396942615509e-06, 0.0006061796948313715, -0.0006061796948313715
web_site had no query dependencies

Round 2
customer_address: 0.18544994108378887, 0.03112342464029789, -0.03112342464029789
customer_address had no query dependencies
date_dim: 0.0019952356815338135, 0.0055566779283682515, 0.036574309279123945
inventory: 0.24701470416039228, 0.03749347793370485, 0.004637509273787352
item: 0.005464168265461922, 0.006165143392284711, 0.03596584381520749
warehouse: 2.3292377591133118e-06, 0.0004357566437125206, 0.041695230563779676

Round 3
date_dim: 0.0019952356815338135, 0.0055566779283682515, 0.036574309279123945
inventory: 0.24701470416039228, 0.03749347793370485, 0.004637509273787352
item: 0.005464168265461922, 0.006165143392284711, 0.03596584381520749
warehouse: 2.3292377591133118e-06, 0.0004357566437125206, 0.041695230563779676
[7, 10, 11, 19]
4
Optimal Subset: 0b10000000110010000000
Num Redshift Qs: 3; Num GCP Qs: 27
Redshift Qs: $0.0011896686152617138; GCP Qs: $20.00518798828125; Movement Cost: $0.030537172481417654
Final cost: $20.056028862692205, BQ Baseline: $20.048508644104004, Diff: $-0.007520218588201288, %: -0.037510114700790395%
