Egress: $0.12/GB
Benchmark: tpcds
Data Path: parquet_2000/real_data_rs1
BigQuery Cost: $5/TB; DuckDB Cost: $1.48/hr; Redshift Cost: $1.086/hr
Use Duck: False
Excluded Table: income_band
Excluded Query: None

Starting analysis without using DuckDB
Redshift Total: $14.246797192894622, Redshift-Calcite Total: $13.66047613811453, BigQuery Total: $223.85520935058594
Excluding table income_band and any queries that depend on it
Total Keys: 94, Keys Considered: 93

Round 0
call_center: 5.735084414482117e-06, 0.005366685138344766, 3.1445520760208368
catalog_page: 0.0006659524515271187, 0.005060993611117204, 10.080042293665707
catalog_returns: 23.366260116919875, 3.0429723731392624, 26.601223662003868
catalog_sales: 217.0907397372648, 29.20891306739002, 84.060783398893
customer: 0.6484093563631177, 0.09106986505160729, 41.76428722186237
customer_address: 0.18544994108378887, 0.03112342464029789, 37.43405361231187
customer_demographics: 0.012168197892606258, 0.007077709142665069, 23.841251572841905
date_dim: 0.0019952356815338135, 0.0055566779283682515, 184.2345128904724
household_demographics: 3.512948751449585e-05, 0.004379698107242585, 17.267431659979422
inventory: 0.24701470416039228, 0.03749347793370485, 1.1249002134026092
item: 0.005464168265461922, 0.006165143392284711, 131.26486462608918
promotion: 2.6027671992778778e-05, 0.004797658990124861, 16.72867299360762
reason: 1.2423843145370483e-06, 0.004724816008607547, 8.488919637117585
ship_mode: 1.5795230865478516e-06, 0.004699163146416346, 2.126406294982433
store: 2.3781321942806244e-05, 0.0052723485882083575, 82.9579409182013
store_returns: 36.877127600833774, 4.798838612390558, 31.60611300296326
store_sales: 288.85508783441037, 39.08457129193097, 153.0274434738903
time_dim: 0.0012104213237762451, 0.0019319092639287314, 8.705271978751023
warehouse: 2.3292377591133118e-06, 0.0004357566437125206, 3.6467336507986983
web_page: 1.0661780834197998e-05, 0.0015443675649166107, 7.773231322410107
web_returns: 11.326140539720654, 1.4832469742856422, 26.965460238495865
web_sales: 109.34904180746526, 14.56639579027444, 91.87832928626548
web_site: 8.863396942615509e-06, 0.0006061796948313715, 11.29352593414416
[0, 1, 2, 3, 4, 5, 6, 7, 8, 10, 11, 12, 13, 14, 15, 16, 17, 18, 19, 20, 21, 22, 23]
23
Optimal Subset: 0b111111111111110111111111
Num Redshift Qs: 93; Num GCP Qs: 1
Redshift Qs: $12.521127251290483; GCP Qs: $4.76837158203125e-05; Movement Cost: $82.55602691564708
Final cost: $105.36985276422709, BQ Baseline: $223.85520935058594, Diff: $118.48535658635885, %: 52.92946138269027%
