Egress: $0.12/GB
Benchmark: tpcds
Data Path: parquet_2000/real_data_rs1
BigQuery Cost: $5/TB; DuckDB Cost: $1.48/hr; Redshift Cost: $1.086/hr
Use Duck: False
Excluded Table: inventory
Excluded Query: None

Starting analysis without using DuckDB
Redshift Total: $14.344617664161524, Redshift-Calcite Total: $14.059493416512009, BigQuery Total: $229.78483200073242
Excluding table inventory and any queries that depend on it
Total Keys: 90, Keys Considered: 89

Round 0
call_center: 5.735084414482117e-06, 0.005366685138344766, 3.1445520760208368
catalog_page: 0.0006659524515271187, 0.005060993611117204, 10.080042293665707
catalog_returns: 23.366260116919875, 3.0429723731392624, 32.46624652060251
catalog_sales: 217.0907397372648, 29.20891306739002, 89.81959436395974
customer: 0.6484093563631177, 0.09106986505160729, 48.457286284947685
customer_address: 0.18544994108378887, 0.03112342464029789, 44.12705267539719
customer_demographics: 0.012168197892606258, 0.007077709142665069, 29.728296483432555
date_dim: 0.0019952356815338135, 0.0055566779283682515, 189.74309621022942
household_demographics: 3.512948751449585e-05, 0.004379698107242585, 23.154476570570072
income_band: 6.137415766716003e-07, 0.00340442113429308, 6.689594641951024
item: 0.005464168265461922, 0.006165143392284711, 136.77344794584613
promotion: 2.6027671992778778e-05, 0.004797658990124861, 22.59369585220625
reason: 1.2423843145370483e-06, 0.004724816008607547, 8.488919637117585
ship_mode: 1.5795230865478516e-06, 0.004699163146416346, 2.126406294982433
store: 2.3781321942806244e-05, 0.0052723485882083575, 89.6289179292946
store_returns: 36.877127600833774, 4.798838612390558, 38.29911206604858
store_sales: 288.85508783441037, 39.08457129193097, 159.49032382688142
time_dim: 0.0012104213237762451, 0.0019319092639287314, 8.705271978751023
warehouse: 2.3292377591133118e-06, 0.0004357566437125206, 2.7986485110965367
web_page: 1.0661780834197998e-05, 0.0015443675649166107, 7.773231322410107
web_returns: 11.326140539720654, 1.4832469742856422, 26.96546023849587
web_sales: 109.34904180746526, 14.56639579027444, 91.87832928626547
web_site: 8.863396942615509e-06, 0.0006061796948313715, 11.29352593414416
[0, 1, 2, 3, 4, 5, 6, 7, 8, 9, 11, 12, 13, 14, 15, 16, 17, 18, 19, 20, 21, 22, 23]
23
Optimal Subset: 0b111111111111101111111111
Num Redshift Qs: 89; Num GCP Qs: 1
Redshift Qs: $12.920144529687956; GCP Qs: $4.76837158203125e-05; Movement Cost: $82.52638522479683
Final cost: $105.7424931581997, BQ Baseline: $229.78483200073242, Diff: $124.04233884253273, %: 53.98195249116241%
