Egress: $0.12/GB
Benchmark: tpcds
Data Path: parquet_2000/real_data_rs1
BigQuery Cost: $5/TB; DuckDB Cost: $1.48/hr; Redshift Cost: $1.086/hr
Use Duck: False
Excluded Table: call_center
Excluded Query: None

Starting analysis without using DuckDB
Redshift Total: $14.57242587080201, Redshift-Calcite Total: $14.062217193915446, BigQuery Total: $227.800030708313
Excluding table call_center and any queries that depend on it
Total Keys: 92, Keys Considered: 91

Round 0
catalog_page: 0.0006659524515271187, 0.005060993611117204, 10.080042293665707
catalog_returns: 23.366260116919875, 3.0429723731392624, 32.14888397132814
catalog_sales: 217.0907397372648, 29.20891306739002, 87.6352401384847
customer: 0.6484093563631177, 0.09106986505160729, 48.403887795290046
customer_address: 0.18544994108378887, 0.03112342464029789, 43.00373597362817
customer_demographics: 0.012168197892606258, 0.007077709142665069, 30.48085214626958
date_dim: 0.0019952356815338135, 0.0055566779283682515, 187.7555711404064
household_demographics: 3.512948751449585e-05, 0.004379698107242585, 23.9070322334071
income_band: 6.137415766716003e-07, 0.00340442113429308, 6.689594641951024
inventory: 0.24701470416039228, 0.03749347793370485, 1.124900213402609
item: 0.005464168265461922, 0.006165143392284711, 136.41392181781032
promotion: 2.6027671992778778e-05, 0.004797658990124861, 23.39965000470092
reason: 1.2423843145370483e-06, 0.004724816008607547, 8.488919637117585
ship_mode: 1.5795230865478516e-06, 0.004699163146416346, 1.6217240549643832
store: 2.3781321942806244e-05, 0.0052723485882083575, 89.62891792929462
store_returns: 36.877127600833774, 4.798838612390558, 38.29911206604858
store_sales: 288.85508783441037, 39.08457129193097, 159.69842048498367
time_dim: 0.0012104213237762451, 0.0019319092639287314, 8.705271978751023
warehouse: 2.3292377591133118e-06, 0.0004357566437125206, 3.142051410780648
web_page: 1.0661780834197998e-05, 0.0015443675649166107, 7.773231322410107
web_returns: 11.326140539720654, 1.4832469742856422, 26.96546023849587
web_sales: 109.34904180746526, 14.56639579027444, 91.87832928626547
web_site: 8.863396942615509e-06, 0.0006061796948313715, 11.29352593414416
[1, 2, 3, 4, 5, 6, 7, 8, 9, 10, 11, 12, 13, 14, 15, 16, 17, 18, 19, 20, 21, 22, 23]
23
Optimal Subset: 0b111111111111111111111110
Num Redshift Qs: 91; Num GCP Qs: 1
Redshift Qs: $12.922868307091395; GCP Qs: $4.76837158203125e-05; Movement Cost: $82.55602630108595
Final cost: $105.77761082165793, BQ Baseline: $227.800030708313, Diff: $122.02241988665506, %: 53.56558535450723%
