Egress: $0.12/GB
Benchmark: tpcds
Data Path: parquet_2000/real_data_rs1
BigQuery Cost: $5/TB; DuckDB Cost: $1.48/hr; Redshift Cost: $1.086/hr
Use Duck: False
Excluded Table: web_site
Excluded Query: None

Starting analysis without using DuckDB
Redshift Total: $14.265004615844095, Redshift-Calcite Total: $13.585734111411572, BigQuery Total: $219.29832935333252
Excluding table web_site and any queries that depend on it
Total Keys: 92, Keys Considered: 91

Round 0
call_center: 5.735084414482117e-06, 0.005366685138344766, 3.144552076020837
catalog_page: 0.0006659524515271187, 0.005060993611117204, -0.005060993611117204
catalog_page had no query dependencies
catalog_returns: 23.366260116919875, 3.0429723731392624, 23.187097385820344
catalog_sales: 217.0907397372648, 29.20891306739002, 80.64665712270943
customer: 0.6484093563631177, 0.09106986505160729, 48.45728628494769
customer_address: 0.18544994108378887, 0.03112342464029789, 43.16915933727204
customer_demographics: 0.012168197892606258, 0.007077709142665069, 30.53425063592722
date_dim: 0.0019952356815338135, 0.0055566779283682515, 179.61135778772672
household_demographics: 3.512948751449585e-05, 0.004379698107242585, 23.960430723064736
income_band: 6.137415766716003e-07, 0.00340442113429308, 6.689594641951024
inventory: 0.24701470416039228, 0.03749347793370485, 1.124900213402609
item: 0.005464168265461922, 0.006165143392284711, 127.85073834990564
promotion: 2.6027671992778778e-05, 0.004797658990124861, 13.314546717424095
reason: 1.2423843145370483e-06, 0.004724816008607547, 8.488919637117585
ship_mode: 1.5795230865478516e-06, 0.004699163146416346, 1.8752708065454162
store: 2.3781321942806244e-05, 0.0052723485882083575, 79.54381464201781
store_returns: 36.877127600833774, 4.798838612390558, 28.214008778771753
store_sales: 288.85508783441037, 39.08457129193097, 149.6133171977068
time_dim: 0.0012104213237762451, 0.0019319092639287314, 8.705271978751025
warehouse: 2.3292377591133118e-06, 0.0004357566437125206, 3.395598162361681
web_page: 1.0661780834197998e-05, 0.0015443675649166107, 7.773231322410107
web_returns: 11.326140539720654, 1.4832469742856422, 15.922463613093893
web_sales: 109.34904180746526, 14.56639579027444, 80.58419717242646

Round 1
call_center: 5.735084414482117e-06, 0.005366685138344766, 3.144552076020837
catalog_returns: 23.366260116919875, 3.0429723731392624, 23.187097385820344
catalog_sales: 217.0907397372648, 29.20891306739002, 80.64665712270943
customer: 0.6484093563631177, 0.09106986505160729, 48.45728628494769
customer_address: 0.18544994108378887, 0.03112342464029789, 43.16915933727204
customer_demographics: 0.012168197892606258, 0.007077709142665069, 30.53425063592722
date_dim: 0.0019952356815338135, 0.0055566779283682515, 179.61135778772672
household_demographics: 3.512948751449585e-05, 0.004379698107242585, 23.960430723064736
income_band: 6.137415766716003e-07, 0.00340442113429308, 6.689594641951024
inventory: 0.24701470416039228, 0.03749347793370485, 1.124900213402609
item: 0.005464168265461922, 0.006165143392284711, 127.85073834990564
promotion: 2.6027671992778778e-05, 0.004797658990124861, 13.314546717424095
reason: 1.2423843145370483e-06, 0.004724816008607547, 8.488919637117585
ship_mode: 1.5795230865478516e-06, 0.004699163146416346, 1.8752708065454162
store: 2.3781321942806244e-05, 0.0052723485882083575, 79.54381464201781
store_returns: 36.877127600833774, 4.798838612390558, 28.214008778771753
store_sales: 288.85508783441037, 39.08457129193097, 149.6133171977068
time_dim: 0.0012104213237762451, 0.0019319092639287314, 8.705271978751025
warehouse: 2.3292377591133118e-06, 0.0004357566437125206, 3.395598162361681
web_page: 1.0661780834197998e-05, 0.0015443675649166107, 7.773231322410107
web_returns: 11.326140539720654, 1.4832469742856422, 15.922463613093893
web_sales: 109.34904180746526, 14.56639579027444, 80.58419717242646
[0, 2, 3, 4, 5, 6, 7, 8, 9, 10, 11, 12, 13, 14, 15, 16, 17, 18, 19, 20, 21, 22]
22
Optimal Subset: 0b11111111111111111111101
Num Redshift Qs: 91; Num GCP Qs: 1
Redshift Qs: $12.565380304790738; GCP Qs: $4.76837158203125e-05; Movement Cost: $82.55594601139425
Final cost: $105.41268233398405, BQ Baseline: $219.29832935333252, Diff: $113.88564701934847, %: 51.931835210589504%
