Egress: $0.12/GB
Benchmark: tpcds
Data Path: parquet_2000/real_data_rs1
BigQuery Cost: $5/TB; DuckDB Cost: $1.48/hr; Redshift Cost: $1.086/hr
Use Duck: False
Excluded Table: web_returns
Excluded Query: None

Starting analysis without using DuckDB
Redshift Total: $13.24200328379949, Redshift-Calcite Total: $12.185920358380079, BigQuery Total: $201.80835247039795
Number of keys: 88
Excluding table web_returns and any queries that depend on it
web_returns; 21
Optimal Subset: 0b110111111111111111111101
Cost of new plan by subset (14680061, 0b110111111111111111111101): $102.60526394990984
found 403929 plans cheaper than baseline over 8388608 total plans considered
call_center
catalog_returns
catalog_sales
customer
customer_address
customer_demographics
date_dim
household_demographics
income_band
inventory
item
promotion
reason
ship_mode
store
store_returns
store_sales
time_dim
warehouse
web_page
web_sales
web_site
Num Redshift Qs: 87; Num GCP Qs: 1
Redshift Qs: $11.218155818287931; GCP Qs: $4.76837158203125e-05; Movement Cost: $81.19681021023541
Final cost: $102.54658224655847, BQ Baseline: $201.80835247039795, Diff: $99.26177022383948, %: 49.18615558213805%
Cost of Second Cheapest plan by subset (14680063, 0b110111111111111111111111): $102.61043318711926
Cost of Third Cheapest plan by subset (6291453, 0b10111111111111111111101): $102.85556066034833
