Egress: $0.12/GB
Benchmark: tpcds
Data Path: parquet_2000/real_data_rs1
BigQuery Cost: $5/TB; DuckDB Cost: $1.48/hr; Redshift Cost: $1.086/hr
Use Duck: False
Excluded Table: reason
Excluded Query: None

Starting analysis without using DuckDB
Redshift Total: $14.841288366041583, Redshift-Calcite Total: $13.956121556802987, BigQuery Total: $230.7737159729004
Number of keys: 96
Excluding table reason and any queries that depend on it
reason; 13
Optimal Subset: 0b111111111101111111111111
Cost of new plan by subset (16769023, 0b111111111101111111111111): $105.7297226145026
found 344217 plans cheaper than baseline over 8388608 total plans considered
call_center
catalog_page
catalog_returns
catalog_sales
customer
customer_address
customer_demographics
date_dim
household_demographics
income_band
inventory
item
promotion
ship_mode
store
store_returns
store_sales
time_dim
warehouse
web_page
web_returns
web_sales
web_site
Num Redshift Qs: 95; Num GCP Qs: 1
Redshift Qs: $12.816772669978938; GCP Qs: $4.76837158203125e-05; Movement Cost: $82.55602684020995
Final cost: $105.67005227517765, BQ Baseline: $230.7737159729004, Diff: $125.10366369772274, %: 54.21053397277426%
Cost of Second Cheapest plan by subset (16767999, 0b111111111101101111111111): $106.85297631794623
Cost of Third Cheapest plan by subset (16752639, 0b111111111001111111111111): $107.85479389006805
