Egress: $0.12/GB
Benchmark: tpcds
Data Path: parquet_2000/real_data_rs1
BigQuery Cost: $5/TB; DuckDB Cost: $1.48/hr; Redshift Cost: $1.086/hr
Use Duck: False
Excluded Table: store
Excluded Query: None

Starting analysis without using DuckDB
Redshift Total: $8.562529262408418, Redshift-Calcite Total: $7.770199440304437, BigQuery Total: $136.7197608947754
Number of keys: 65
Excluding table store and any queries that depend on it
store; 15
Optimal Subset: 0b111111110111111111111101
Cost of new plan by subset (16744445, 0b111111110111111111111101): $100.30347270202674
found 103350 plans cheaper than baseline over 8388608 total plans considered
call_center
catalog_returns
catalog_sales
customer
customer_address
customer_demographics
date_dim
household_demographics
income_band
inventory
item
promotion
reason
ship_mode
store_returns
store_sales
time_dim
warehouse
web_page
web_returns
web_sales
web_site
Num Redshift Qs: 64; Num GCP Qs: 1
Redshift Qs: $7.502324017767904; GCP Qs: $4.76837158203125e-05; Movement Cost: $82.55594422124327
Final cost: $100.24381242218745, BQ Baseline: $136.7197608947754, Diff: $36.475948472587945, %: 26.679353616381167%
Cost of Second Cheapest plan by subset (16744447, 0b111111110111111111111111): $100.30864350648028
Cost of Third Cheapest plan by subset (16743933, 0b111111110111110111111101): $100.32199224216787
