Egress: $0.12/GB
Benchmark: tpcds
Data Path: parquet_2000/internal2024_rs8
BigQuery Cost: $6.25/TB; DuckDB Cost: $1.48/hr; Redshift Cost: $8.688/hr
Use Duck: True
Using calcite profiles: False
Excluded Table: catalog_returns
Excluded Query: None

Starting analysis using DuckDB
Excluding table catalog_returns and any queries that depend on it
76
23
Total Keys: 83, Keys Considered: 76
25.61145115888729
25.61145115888728
-1.0658141036401503e-14
['000', '001', '003', '004', '005', '006', '007', '008', '009', '0010', '0011', '0012', '0013', '0014', '0015', '0016', '0017', '0018', '0019', '0020', '0021', '0022', '0023']
['source', '01', '02', '03', '04', '07', '08', '09', '10', '11', '12', '13', '14', '15', '17', '19', '20', '21', '23', '24', '25', '26', '27', '28', '29', '31', '32', '33', '34', '35', '36', '37', '38', '42', '43', '44', '45', '46', '47', '48', '50', '51', '52', '53', '55', '56', '57', '58', '59', '60', '61', '62', '63', '65', '66', '68', '69', '70', '71', '73', '79', '82', '84', '85', '86', '87', '88', '89', '90', '92', '93', '94', '95', '96', '97', '98', '99']
[]
Costs: 34.241565906773396, 0, 34.241565906773396, 0.0, 0, 0.0, 0
Runtime: 14663.899000000003
Optimal Subset: 0b0
25.61145115888728
