Egress: $0.12/GB
Benchmark: tpcds
Data Path: parquet_2000/batch_rs8
BigQuery Cost: $6.25/TB; DuckDB Cost: $1.48/hr; Redshift Cost: $8.688/hr
Use Duck: True
Using calcite profiles: False
Excluded Table: web_sales
Excluded Query: None

Starting analysis using DuckDB
Excluding table web_sales and any queries that depend on it
53
23
Total Keys: 59, Keys Considered: 53
15.54777305350337
15.547773053503377
7.105427357601002e-15
['000', '001', '002', '003', '004', '005', '006', '007', '008', '009', '0010', '0011', '0012', '0013', '0014', '0015', '0016', '0017', '0018', '0019', '0020', '0021', '0023']
['source', '01', '03', '07', '08', '09', '13', '15', '16', '17', '19', '20', '21', '24', '25', '26', '27', '28', '29', '32', '34', '36', '37', '40', '42', '43', '44', '46', '47', '48', '50', '52', '53', '55', '57', '59', '61', '63', '65', '68', '70', '73', '79', '82', '83', '84', '88', '89', '91', '93', '96', '97', '98', '99']
[]
Costs: 20.20978390309631, 0, 20.20978390309631, 0.0, 0, 0.0, 0
Runtime: 17314.829999999998
Optimal Subset: 0b0
15.547773053503372
