Egress: $0.12/GB
Benchmark: tpcds
Data Path: parquet_2000/batch_rs8
BigQuery Cost: $6.25/TB; DuckDB Cost: $1.48/hr; Redshift Cost: $8.688/hr
Use Duck: True
Using calcite profiles: False
Excluded Table: ship_mode
Excluded Query: None

Starting analysis using DuckDB
Excluding table ship_mode and any queries that depend on it
81
23
Total Keys: 89, Keys Considered: 81
31.721152830300053
31.72115283030003
-2.1316282072803006e-14
['000', '001', '002', '003', '004', '005', '006', '007', '008', '009', '0010', '0011', '0012', '0013', '0015', '0016', '0017', '0018', '0019', '0020', '0021', '0022', '0023']
['source', '01', '02', '03', '04', '05', '07', '08', '09', '10', '11', '12', '13', '14', '15', '16', '17', '19', '20', '21', '23', '24', '25', '26', '27', '28', '29', '31', '32', '33', '34', '35', '36', '37', '38', '40', '42', '43', '44', '45', '46', '47', '48', '49', '50', '51', '52', '53', '55', '56', '57', '58', '59', '60', '61', '63', '65', '68', '69', '70', '71', '73', '77', '79', '80', '82', '83', '84', '85', '86', '87', '88', '89', '90', '91', '92', '93', '94', '95', '96', '97', '98']
[]
Costs: 41.49365035532548, 0, 41.49365035532548, 0.0, 0, 0.0, 0
Runtime: 29252.471999999994
Optimal Subset: 0b0
31.721152830300042
