Egress: $0.12/GB
Benchmark: tpcds
Data Path: parquet_1000/batch_rs4
BigQuery Cost: $6.25/TB; DuckDB Cost: $1.48/hr; Redshift Cost: $4.344/hr
Use Duck: False
Using calcite profiles: False
Excluded Table: customer
Excluded Query: None

Starting analysis without using DuckDB
Excluding table customer and any queries that depend on it
69
23
Total Keys: 70, Keys Considered: 69
49.06946029664233
85.38881544907886
36.31935515243653
['009']
['source']
['call_center', 'catalog_page', 'catalog_returns', 'catalog_sales', 'customer_address', 'customer_demographics', 'date_dim', 'household_demographics', 'inventory', 'item', 'promotion', 'reason', 'ship_mode', 'store', 'store_returns', 'store_sales', 'time_dim', 'warehouse', 'web_page', 'web_returns', 'web_sales', 'web_site']
Costs: 55.70840550635245, 6.638801051775616, 0.00014901161193847656, 42.70973004835948, 6.295872583370208, 0.03312544084999314, 0.03072737038521468
Runtime: 11602.079203166533
Optimal Subset: 0b111111111111110111101111
49.06946029664235
