Egress: $0.12/GB
Benchmark: tpcds
Data Path: parquet_1000/batch_rs8
BigQuery Cost: $6.25/TB; DuckDB Cost: $1.48/hr; Redshift Cost: $8.688/hr
Use Duck: False
Using calcite profiles: False
Excluded Table: catalog_returns
Excluded Query: None

Starting analysis without using DuckDB
Excluding table catalog_returns and any queries that depend on it
81
23
Total Keys: 86, Keys Considered: 81
48.735547428985626
96.34111435467403
47.60556692568841
['001', '009']
['source']
['call_center', 'catalog_sales', 'customer', 'customer_address', 'customer_demographics', 'date_dim', 'household_demographics', 'inventory', 'item', 'promotion', 'reason', 'ship_mode', 'store', 'store_returns', 'store_sales', 'time_dim', 'warehouse', 'web_page', 'web_returns', 'web_sales', 'web_site']
Costs: 58.097067759996015, 8.960355209763842, 0.4011809825897217, 41.374722258483644, 7.3108616563892355, 0.020183872516321685, 0.029763780253252384
Runtime: 7597.361038038973
Optimal Subset: 0b111111111111110111111001
48.735547428985626
