Egress: $0.12/GB
Benchmark: tpcds
Data Path: parquet_1000/batch_rs8
BigQuery Cost: $6.25/TB; DuckDB Cost: $1.48/hr; Redshift Cost: $8.688/hr
Use Duck: False
Using calcite profiles: False
Excluded Table: web_returns
Excluded Query: None

Starting analysis without using DuckDB
Excluding table web_returns and any queries that depend on it
83
23
Total Keys: 88, Keys Considered: 83
49.55877069625318
100.46504382020635
50.90627312395317
['001']
['source']
['call_center', 'catalog_returns', 'catalog_sales', 'customer', 'customer_address', 'customer_demographics', 'date_dim', 'household_demographics', 'income_band', 'inventory', 'item', 'promotion', 'reason', 'ship_mode', 'store', 'store_returns', 'store_sales', 'time_dim', 'warehouse', 'web_page', 'web_sales', 'web_site']
Costs: 59.796775100533196, 9.821639023955669, 0.41637420654296875, 42.10872678171835, 7.397997716433208, 0.021739295460477467, 0.03029807642251849
Runtime: 8005.523305383511
Optimal Subset: 0b110111111111111111111101
49.55877069625318
