Egress: $0.12/GB
Benchmark: tpcds
Data Path: parquet_1000/batch_rs8
BigQuery Cost: $6.25/TB; DuckDB Cost: $1.48/hr; Redshift Cost: $8.688/hr
Use Duck: False
Using calcite profiles: False
Excluded Table: store_sales
Excluded Query: None

Starting analysis without using DuckDB
Excluding table store_sales and any queries that depend on it
26
23
Total Keys: 32, Keys Considered: 26
10.93412732661618
11.239516066239672
0.305388739623492
['000', '001', '002', '003', '004', '005', '006', '008', '009', '0012', '0013', '0014', '0015', '0016', '0018', '0020', '0021', '0022', '0023']
['source', '12', '15', '16', '18', '20', '26', '32', '37', '40', '45', '57', '62', '66', '72', '83', '85', '86', '90', '91', '92', '94', '95', '99']
['date_dim', 'inventory', 'item', 'warehouse']
Costs: 13.244096282782092, 0.01720592308044434, 12.423878908157349, 0.6259766145579051, 0.1765440684604645, 3.6362117909615935e-06, 0.00048713231413960467
Runtime: 3475.75
Optimal Subset: 0b10000000110010000000
10.934127326616181
