Egress: $0.12/GB
Benchmark: tpcds
Data Path: parquet_1000/batch_rs8
BigQuery Cost: $6.25/TB; DuckDB Cost: $1.48/hr; Redshift Cost: $8.688/hr
Use Duck: False
Using calcite profiles: False
Excluded Table: customer_demographics
Excluded Query: None

Starting analysis without using DuckDB
Excluding table customer_demographics and any queries that depend on it
80
23
Total Keys: 85, Keys Considered: 80
50.34269105747665
93.6390047822412
43.29631372476455
['009']
['source']
['call_center', 'catalog_page', 'catalog_returns', 'catalog_sales', 'customer', 'customer_address', 'date_dim', 'household_demographics', 'inventory', 'item', 'promotion', 'reason', 'ship_mode', 'store', 'store_returns', 'store_sales', 'time_dim', 'warehouse', 'web_page', 'web_returns', 'web_sales', 'web_site']
Costs: 60.68140076814291, 9.91446916719119, 0.42424798011779785, 42.80011943872964, 7.489439551334382, 0.02233269564480708, 0.030791935125094646
Runtime: 8096.168990443461
Optimal Subset: 0b111111111111110110111111
50.34269105747665
