Egress: $0.12/GB
Benchmark: tpcds
Data Path: parquet_1000/batch_rs8
BigQuery Cost: $6.25/TB; DuckDB Cost: $1.48/hr; Redshift Cost: $8.688/hr
Use Duck: False
Using calcite profiles: False
Excluded Table: household_demographics
Excluded Query: None

Starting analysis without using DuckDB
Excluding table household_demographics and any queries that depend on it
81
23
Total Keys: 86, Keys Considered: 81
50.34767762683257
97.35922347662608
47.011545849793514
['009']
['source']
['call_center', 'catalog_page', 'catalog_returns', 'catalog_sales', 'customer', 'customer_address', 'customer_demographics', 'date_dim', 'inventory', 'item', 'promotion', 'reason', 'ship_mode', 'store', 'store_returns', 'store_sales', 'time_dim', 'warehouse', 'web_page', 'web_returns', 'web_sales', 'web_site']
Costs: 61.40287017910286, 10.630952008984888, 0.42424798011779785, 42.80121101300453, 7.492409970976512, 0.02325649118737877, 0.030792714831748603
Runtime: 8394.307543707546
Optimal Subset: 0b111111111111110011111111
50.347677626832564
