Egress: $0.12/GB
Benchmark: tpcds
Data Path: parquet_4000/std_setup
BigQuery Cost: $5/TB; DuckDB Cost: $1.48/hr; Redshift Cost: $1.086/hr
Use Duck: False
Excluded Table: store
Excluded Query: None

Starting analysis without using DuckDB
Redshift Total: $52.224768229693176, Redshift-Calcite Total: $52.224768229693176, BigQuery Total: $327.8837771889721
Excluding table store and any queries that depend on it
Total Keys: 36, Keys Considered: 35

Round 0
call_center: 5.311332643032074e-06, 6.373599171638489e-07, 13.0829158682976
catalog_page: 0.0006659524515271187, 7.991429418325423e-05, -7.991429418325423e-05
catalog_page had no query dependencies
catalog_returns: 46.55937653128058, 5.587125183753669, 3.9541725867616666
catalog_sales: 432.19241804163903, 51.863090164996684, 117.53389085649641
customer: 0.3632989786565304, 0.043595877438783646, 80.47567490525917
customer_address: 0.1039278693497181, 0.012471344321966171, 79.80268257410212
customer_demographics: 0.012168197892606258, 0.0014601837471127509, 14.741631410136867
date_dim: 0.0019952356815338135, 0.00023942828178405762, 270.63703489324564
household_demographics: 3.512948751449585e-05, 4.215538501739502e-06, 4.614406666120839
income_band: 6.137415766716003e-07, 7.364898920059204e-08, 0.737296829574361
inventory: 0.09054513089358807, 0.010865415707230567, 13.955820948953336
item: 0.0027397973462939262, 0.00032877568155527116, 158.80639401331015
promotion: 1.9920989871025085e-05, 2.39051878452301e-06, 13.433510436523042
reason: 1.2274831533432007e-06, 1.4729797840118408e-07, -1.4729797840118408e-07
reason had no query dependencies
ship_mode: 1.5795230865478516e-06, 1.8954277038574217e-07, 17.996565625331375
store_returns: 73.63879108801484, 8.83665493056178, -6.690080382166407
store_sales: 575.9537928849459, 69.1144551461935, 135.02349727304232
time_dim: 0.0012104213237762451, 0.00014525055885314942, 12.152117783388624
warehouse: 2.261251211166382e-06, 2.7135014533996583e-07, 25.560565554275644
web_page: 4.7478824853897095e-06, 5.697458982467651e-07, 3.304831545071287
web_returns: 22.589666415005922, 2.7107599698007108, -1.3014823246286882
web_sales: 217.48023212887347, 26.097627855464815, 142.49441400107952
web_site: 7.913447916507721e-06, 9.496137499809265e-07, 2.897580412834644

Round 1
call_center: 5.311332643032074e-06, 6.373599171638489e-07, 13.0829158682976
catalog_returns: 46.55937653128058, 5.587125183753669, 2.5448949415896447
catalog_sales: 432.19241804163903, 51.863090164996684, 117.53389085649641
customer: 0.3632989786565304, 0.043595877438783646, 79.73837800203582
customer_address: 0.1039278693497181, 0.012471344321966171, 79.06538567087877
customer_demographics: 0.012168197892606258, 0.0014601837471127509, 14.004334506913517
date_dim: 0.0019952356815338135, 0.00023942828178405762, 269.2277572480736
household_demographics: 3.512948751449585e-05, 4.215538501739502e-06, 3.8771097628974878
income_band: 6.137415766716003e-07, 7.364898920059204e-08, -7.364898920059204e-08
income_band had no query dependencies
inventory: 0.09054513089358807, 0.010865415707230567, 13.955820948953336
item: 0.0027397973462939262, 0.00032877568155527116, 157.39711636813814
promotion: 1.9920989871025085e-05, 2.39051878452301e-06, 13.433510436523042
ship_mode: 1.5795230865478516e-06, 1.8954277038574217e-07, 17.996565625331375
store_sales: 575.9537928849459, 69.1144551461935, 135.02349727304232
time_dim: 0.0012104213237762451, 0.00014525055885314942, 12.152117783388624
warehouse: 2.261251211166382e-06, 2.7135014533996583e-07, 25.560565554275644
web_page: 4.7478824853897095e-06, 5.697458982467651e-07, 3.304831545071287
web_sales: 217.48023212887347, 26.097627855464815, 142.49441400107952
web_site: 7.913447916507721e-06, 9.496137499809265e-07, 2.897580412834644

Round 2
call_center: 5.311332643032074e-06, 6.373599171638489e-07, 13.0829158682976
catalog_returns: 46.55937653128058, 5.587125183753669, 2.5448949415896447
catalog_sales: 432.19241804163903, 51.863090164996684, 117.53389085649641
customer: 0.3632989786565304, 0.043595877438783646, 79.73837800203582
customer_address: 0.1039278693497181, 0.012471344321966171, 79.06538567087877
customer_demographics: 0.012168197892606258, 0.0014601837471127509, 14.004334506913517
date_dim: 0.0019952356815338135, 0.00023942828178405762, 269.2277572480736
household_demographics: 3.512948751449585e-05, 4.215538501739502e-06, 3.8771097628974878
inventory: 0.09054513089358807, 0.010865415707230567, 13.955820948953336
item: 0.0027397973462939262, 0.00032877568155527116, 157.39711636813814
promotion: 1.9920989871025085e-05, 2.39051878452301e-06, 13.433510436523042
ship_mode: 1.5795230865478516e-06, 1.8954277038574217e-07, 17.996565625331375
store_sales: 575.9537928849459, 69.1144551461935, 135.02349727304232
time_dim: 0.0012104213237762451, 0.00014525055885314942, 12.152117783388624
warehouse: 2.261251211166382e-06, 2.7135014533996583e-07, 25.560565554275644
web_page: 4.7478824853897095e-06, 5.697458982467651e-07, 3.304831545071287
web_sales: 217.48023212887347, 26.097627855464815, 142.49441400107952
web_site: 7.913447916507721e-06, 9.496137499809265e-07, 2.897580412834644
[0, 2, 3, 4, 5, 6, 7, 8, 10, 11, 12, 14, 17, 18, 19, 20, 22, 23]
18
Optimal Subset: 0b110111100101110111111101
Num Redshift Qs: 33; Num GCP Qs: 3
Redshift Qs: $51.86339864704728; GCP Qs: $2.5061800763842257; Movement Cost: $152.7314138498157
Final cost: $207.10099257324723, BQ Baseline: $327.8837771889721, Diff: $120.78278461572486, %: 36.83707246855128%
