Egress: $0.12/GB
Benchmark: tpcds
Data Path: parquet_4000/std_setup
BigQuery Cost: $5/TB; DuckDB Cost: $1.48/hr; Redshift Cost: $1.086/hr
Use Duck: False
Excluded Table: household_demographics
Excluded Query: None

Starting analysis without using DuckDB
Redshift Total: $71.38215157455167, Redshift-Calcite Total: $71.38215157455167, BigQuery Total: $461.40154775466726
Excluding table household_demographics and any queries that depend on it
Total Keys: 46, Keys Considered: 45

Round 0
call_center: 5.311332643032074e-06, 6.373599171638489e-07, 12.510634004678796
catalog_page: 0.0006659524515271187, 7.991429418325423e-05, -7.991429418325423e-05
catalog_page had no query dependencies
catalog_returns: 46.55937653128058, 5.587125183753669, 23.062948948549455
catalog_sales: 432.19241804163903, 51.863090164996684, 137.214949081903
customer: 0.3632989786565304, 0.043595877438783646, 87.6729077828208
customer_address: 0.1039278693497181, 0.012471344321966171, 95.13061758129021
customer_demographics: 0.012168197892606258, 0.0014601837471127509, 29.265163576822708
date_dim: 0.0019952356815338135, 0.00023942828178405762, 389.0395511321228
income_band: 6.137415766716003e-07, 7.364898920059204e-08, -7.364898920059204e-08
income_band had no query dependencies
inventory: 0.09054513089358807, 0.010865415707230567, 13.955820948953336
item: 0.0027397973462939262, 0.00032877568155527116, 215.60590679122444
promotion: 1.9920989871025085e-05, 2.39051878452301e-06, 13.433510436523042
reason: 1.2274831533432007e-06, 1.4729797840118408e-07, -1.4729797840118408e-07
reason had no query dependencies
ship_mode: 1.5795230865478516e-06, 1.8954277038574217e-07, 17.996565625331375
store: 7.926486432552338e-06, 9.511783719062805e-07, 118.97479715131766
store_returns: 73.63879108801484, 8.83665493056178, 20.904746267956277
store_sales: 575.9537928849459, 69.1144551461935, 253.99829537553836
time_dim: 0.0012104213237762451, 0.00014525055885314942, 8.84728566857144
warehouse: 2.261251211166382e-06, 2.7135014533996583e-07, 25.560565554275648
web_page: 4.7478824853897095e-06, 5.697458982467651e-07, 19.681057655660695
web_returns: 22.589666415005922, 2.7107599698007108, 18.3795759007779
web_sales: 217.48023212887347, 26.097627855464815, 158.87064011166893
web_site: 7.913447916507721e-06, 9.496137499809265e-07, 2.897580412834644

Round 1
call_center: 5.311332643032074e-06, 6.373599171638489e-07, 12.510634004678796
catalog_returns: 46.55937653128058, 5.587125183753669, 23.062948948549455
catalog_sales: 432.19241804163903, 51.863090164996684, 137.214949081903
customer: 0.3632989786565304, 0.043595877438783646, 87.6729077828208
customer_address: 0.1039278693497181, 0.012471344321966171, 95.13061758129021
customer_demographics: 0.012168197892606258, 0.0014601837471127509, 29.265163576822708
date_dim: 0.0019952356815338135, 0.00023942828178405762, 389.0395511321228
inventory: 0.09054513089358807, 0.010865415707230567, 13.955820948953336
item: 0.0027397973462939262, 0.00032877568155527116, 215.60590679122444
promotion: 1.9920989871025085e-05, 2.39051878452301e-06, 13.433510436523042
ship_mode: 1.5795230865478516e-06, 1.8954277038574217e-07, 17.996565625331375
store: 7.926486432552338e-06, 9.511783719062805e-07, 118.97479715131766
store_returns: 73.63879108801484, 8.83665493056178, 20.904746267956277
store_sales: 575.9537928849459, 69.1144551461935, 253.99829537553836
time_dim: 0.0012104213237762451, 0.00014525055885314942, 8.84728566857144
warehouse: 2.261251211166382e-06, 2.7135014533996583e-07, 25.560565554275648
web_page: 4.7478824853897095e-06, 5.697458982467651e-07, 19.681057655660695
web_returns: 22.589666415005922, 2.7107599698007108, 18.3795759007779
web_sales: 217.48023212887347, 26.097627855464815, 158.87064011166893
web_site: 7.913447916507721e-06, 9.496137499809265e-07, 2.897580412834644
[0, 2, 3, 4, 5, 6, 7, 10, 11, 12, 14, 15, 16, 17, 18, 19, 20, 21, 22, 23]
20
Optimal Subset: 0b111111111101110011111101
Num Redshift Qs: 45; Num GCP Qs: 1
Redshift Qs: $71.37797495897851; GCP Qs: $0.002412560916127404; Movement Cost: $164.2788254858181
Final cost: $235.65921300571273, BQ Baseline: $461.40154775466726, Diff: $225.74233474895453, %: 48.92535273179977%
