Egress: $0.12/GB
Benchmark: tpcds
Data Path: parquet_4000/std_setup
BigQuery Cost: $5/TB; DuckDB Cost: $1.48/hr; Redshift Cost: $1.086/hr
Use Duck: False
Excluded Table: household_demographics
Excluded Query: None

Starting analysis without using DuckDB
Redshift Total: $71.38215157455167, Redshift-Calcite Total: $71.38215157455167, BigQuery Total: $461.40154775466726
Number of keys: 46
Excluding table household_demographics and any queries that depend on it
household_demographics; 8
Optimal Subset: 0b111111111101110011111101
Cost of new plan by subset (16768253, 0b111111111101110011111101): $235.65921300571273
found 537600 plans cheaper than baseline over 8388608 total plans considered
call_center
catalog_returns
catalog_sales
customer
customer_address
customer_demographics
date_dim
inventory
item
promotion
ship_mode
store
store_returns
store_sales
time_dim
warehouse
web_page
web_returns
web_sales
web_site
Num Redshift Qs: 45; Num GCP Qs: 1
Redshift Qs: $71.3779749589785; GCP Qs: $0.002412560916127404; Movement Cost: $164.2788254858181
Final cost: $235.65921300571273, BQ Baseline: $461.40154775466726, Diff: $225.74233474895453, %: 48.92535273179977%
Cost of Second Cheapest plan by subset (16768765, 0b111111111101111011111101): $235.65921307936168
Cost of Third Cheapest plan by subset (16776445, 0b111111111111110011111101): $235.65921315301068
