Egress: $0.12/GB
Benchmark: tpcds
Data Path: parquet_4000/std_setup
BigQuery Cost: $5/TB; DuckDB Cost: $1.48/hr; Redshift Cost: $1.086/hr
Use Duck: False
Excluded Table: ship_mode
Excluded Query: None

Starting analysis without using DuckDB
Redshift Total: $85.16200586846229, Redshift-Calcite Total: $85.16200586846229, BigQuery Total: $522.1673582963058
Number of keys: 54
Excluding table ship_mode and any queries that depend on it
ship_mode; 14
Optimal Subset: 0b11111111001111111111101
Cost of new plan by subset (8364029, 0b11111111001111111111101): $249.4390704496543
found 584368 plans cheaper than baseline over 8388608 total plans considered
call_center
catalog_returns
catalog_sales
customer
customer_address
customer_demographics
date_dim
household_demographics
income_band
inventory
item
promotion
store
store_returns
store_sales
time_dim
warehouse
web_page
web_returns
web_sales
Num Redshift Qs: 53; Num GCP Qs: 1
Redshift Qs: $85.15782925288913; GCP Qs: $0.002412560916127404; Movement Cost: $164.27882863584907
Final cost: $249.4390704496543, BQ Baseline: $522.1673582963058, Diff: $272.7282878466515, %: 52.23005297314865%
Cost of Second Cheapest plan by subset (8372221, 0b11111111011111111111101): $249.43907059695226
Cost of Third Cheapest plan by subset (16752637, 0b111111111001111111111101): $249.43907139926807
