Egress: $0.12/GB
Benchmark: tpcds
Data Path: parquet_1000/real_data_rs4
BigQuery Cost: $5/TB; DuckDB Cost: $1.48/hr; Redshift Cost: $4.344/hr
Use Duck: True
Excluded Table: catalog_returns
Excluded Query: None

Starting analysis using DuckDB
Duck Total: $46.47494747576183, Duck-Calcite Total: $46.08877988321249, Redshift Total: $7.329590078457198, Redshift-Calcite Total: $6.478135465868313, BigQuery Total: $77.67235279083252
Excluding table catalog_returns and any queries that depend on it
Total Keys: 86, Keys Considered: 80
-0.7343907060270782
call_center: 9.615905582904816e-06, 0.0012366219974308426, 0.11484417271842223
catalog_page: 0.0017016949132084846, 0.004872630262595139, -0.004872630262595139
catalog_page had no query dependencies
catalog_sales: 132.3057429259643, 17.49613318652761, -11.197600207609145
customer: 0.8535048151388764, 0.11669225717002858, 5.25167096490845
customer_address: 0.2449320713058114, 0.04976877952464803, 3.3301018305887555
customer_demographics: 0.011580578982830048, 0.005958785091179465, 1.0457596501273065
date_dim: 0.001992875710129738, 0.0019425650865518708, 12.797396597942548
household_demographics: 3.5176053643226624e-05, 0.001281989987106048, 1.4840782773043657
income_band: 5.122274160385132e-07, 0.0011215779137208452, 0.006527115620812337
inventory: 5.1357166497036815, 0.8311221349667572, -0.5396273741621217
item: 0.03489831369370222, 0.008295497122991102, 7.672306569064348
promotion: 7.638614624738693e-05, 0.004892585498706537, 0.520736160126535
reason: 1.4491379261016846e-06, 0.0013672037660556976, 1.238909555402209
ship_mode: 1.3029202818870544e-06, 0.001329883219510958, 0.3609075152506895
store: 9.930133819580078e-05, 0.0014200389493104443, 5.233194835130359
store_returns: 20.850121902301908, 2.8393338639794274, -1.7816662251006898
store_sales: 174.69669486396015, 23.526185505061388, -9.662938128582004
time_dim: 0.0012146271765232086, 0.001792874470571296, 0.9992965710880122
warehouse: 2.907589077949524e-06, 0.0014493306121070605, 0.5253468056012167
web_page: 7.394980639219284e-05, 0.001430407824419715, 0.07927032623933629
web_returns: 6.285572262480855, 0.814496281788907, -0.33078904499933787
web_sales: 67.01082486007363, 8.829837795605348, -1.906070136266325
web_site: 1.0454095900058746e-05, 0.0017744646376636928, 0.49133382449601576
call_center: 9.615905582904816e-06, 0.0012366212035112526, -0.0012366212035112526
call_center had no query dependencies
customer: 0.8535048151388764, 0.11662178911195781, -0.11662178911195781
customer had no query dependencies
customer_address: 0.2449320713058114, 0.04974855715786342, -0.04974855715786342
customer_address had no query dependencies
customer_demographics: 0.011580578982830048, 0.005957828961937099, -0.005957828961937099
customer_demographics had no query dependencies
date_dim: 0.001992875710129738, 0.0019424005484276817, -0.0019424005484276817
date_dim had no query dependencies
household_demographics: 3.5176053643226624e-05, 0.0012819870828597603, -0.0012819870828597603
household_demographics had no query dependencies
income_band: 5.122274160385132e-07, 0.001121577871429729, -0.001121577871429729
income_band had no query dependencies
item: 0.03489831369370222, 0.0082926158077925, -0.0082926158077925
item had no query dependencies
promotion: 7.638614624738693e-05, 0.0048925791920246126, -0.0048925791920246126
promotion had no query dependencies
reason: 1.4491379261016846e-06, 0.0013672036464102853, -0.0013672036464102853
reason had no query dependencies
ship_mode: 1.3029202818870544e-06, 0.001329883111937737, -0.001329883111937737
ship_mode had no query dependencies
store: 9.930133819580078e-05, 0.0014200307506777683, -0.0014200307506777683
store had no query dependencies
time_dim: 0.0012146271765232086, 0.0017927741871084596, -0.0017927741871084596
time_dim had no query dependencies
warehouse: 2.907589077949524e-06, 0.0014493303720473066, -0.0014493303720473066
warehouse had no query dependencies
web_page: 7.394980639219284e-05, 0.0014304017188897184, -0.0014304017188897184
web_page had no query dependencies
web_site: 1.0454095900058746e-05, 0.001774463774540458, -0.001774463774540458
web_site had no query dependencies
{}
{}
STARTING PHASE 2: 0b0
----
[]
Function: 21.950412228909066, 0, 21.950412228909066, 0.0, 0, 0.0, 0
{21.950412228909066: []}
[]
{}
Best Cost: $21.950412228909066;
[]
{}
{}
{}
[]
0
Optimal Subset: 0b0
Function: 21.950412228909066, 0, 21.950412228909066, 0.0, 0, 0.0, 0
21.950412228909066
Real: 21.950412228909066, 0, 21.950412228909066, 0.0, 0, 0.0, 0
Num Redshift Qs: 0; Num GCP Qs: 86
Num BigQuery Qs: 6; Num DuckDB Qs: 80
Redshift Qs: $0; GCP Qs: $21.950412228909066; Movement Cost: $0.0
Load Cost: $0, Storage Cost: $0.0, API Cost: $0
Final cost: $21.950412228909066, BQ Baseline: $77.67235279083252, Diff: $55.721940561923454, %: 71.73973564568033%
