-Dexec.args="single duck 4 1.48 0.0"
WARNING: An illegal reflective access operation has occurred
WARNING: Illegal reflective access by com.google.inject.internal.cglib.core.$ReflectUtils$1 (file:/usr/share/maven/lib/guice.jar) to method java.lang.ClassLoader.defineClass(java.lang.String,byte[],int,int,java.security.ProtectionDomain)
WARNING: Please consider reporting this to the maintainers of com.google.inject.internal.cglib.core.$ReflectUtils$1
WARNING: Use --illegal-access=warn to enable warnings of further illegal reflective access operations
WARNING: All illegal access operations will be denied in a future release
[[1;34mINFO[m] Scanning for projects...
[[1;34mINFO[m] 
[[1;34mINFO[m] [1m------------------------< [0;36morg.arachne:arachne[0;1m >-------------------------[m
[[1;34mINFO[m] [1mBuilding arachne 1.0-SNAPSHOT[m
[[1;34mINFO[m] [1m--------------------------------[ jar ]---------------------------------[m
[[1;34mINFO[m] 
[[1;34mINFO[m] [1m--- [0;32mexec-maven-plugin:3.0.0:java[m [1m(default-cli)[m @ [36marachne[0;1m ---[m
04 1.48 0.0 GCP
/home/cc/arachneDB/baseline/duck_chameleon_baseline.json
04 10243.471322059631
/home/cc/arachneDB/baseline/duck_c_chameleon_baseline.json
04 8034.685558795929
START: :
1123:ProfileSort(sort0=[$0], sort1=[$1], sort2=[$2], sort3=[$3], dir0=[ASC-nulls-first], dir1=[ASC-nulls-first], dir2=[ASC-nulls-first], dir3=[ASC-nulls-first], fetch=[100]): rowcount = 0, timing = null, opportunity = -1.0
  1327:ProfileProject(customer_id=[$1], customer_first_name=[$2], customer_last_name=[$3], customer_preferred_cust_flag=[$4]): rowcount = 1345383, timing = null, opportunity = 2.3832689172
    1531:ProfileJoin(condition=[AND(=($0, $8), >($6, CASE($7, CAST(/($9, $5)):DECIMAL(19, 0), null:DECIMAL(19, 0))))], joinType=[inner]): rowcount = 1345383, timing = null, opportunity = 2.38310747124
      1701:ProfileProject(customer_id=[$0], customer_id0=[$1], customer_first_name0=[$2], customer_last_name0=[$3], customer_preferred_cust_flag0=[$4], year_total3=[$5], CASE=[$6], >=[$7]): rowcount = 3968950, timing = null, opportunity = -0.42287898347499997
        1870:ProfileProject(customer_id=[$0], customer_id0=[$1], customer_first_name0=[$2], customer_last_name0=[$3], customer_preferred_cust_flag0=[$4], year_total3=[$7], CASE=[$5], >=[$8], CASE8=[$5]): rowcount = 3968950, timing = null, opportunity = -0.42295836247499974
          2039:ProfileJoin(condition=[=($0, $6)], joinType=[inner]): rowcount = 3968950, timing = null, opportunity = -0.42295836247499974
            2174:ProfileProject(customer_id=[$0], customer_id0=[$1], customer_first_name0=[$2], customer_last_name0=[$3], customer_preferred_cust_flag0=[$4], CASE=[CASE($6, /($9, $5), null:DECIMAL(19, 0))]): rowcount = 4042948, timing = null, opportunity = -0.42272910523499974
              2309:ProfileJoin(condition=[AND(=($0, $8), >(CASE($6, /($9, $5), null:DECIMAL(19, 0)), $7))], joinType=[inner]): rowcount = 4042948, timing = null, opportunity = -0.4230525410749997
                2410:ProfileProject(customer_id=[$0], customer_id0=[$1], customer_first_name0=[$2], customer_last_name0=[$3], customer_preferred_cust_flag0=[$4], year_total1=[$7], >=[$8], CASE=[$5]): rowcount = 8806250, timing = null, opportunity = -0.4236529514749994
                  2511:ProfileJoin(condition=[=($0, $6)], joinType=[inner]): rowcount = 8806250, timing = null, opportunity = -0.42382907647499923
                    2578:ProfileProject(customer_id=[$0], customer_id0=[$3], customer_first_name0=[$4], customer_last_name0=[$5], customer_preferred_cust_flag0=[$6], CASE=[CASE($2, /($7, $1), null:DECIMAL(19, 0))]): rowcount = 9471592, timing = null, opportunity = -0.4233805425149999
                      2645:ProfileJoin(condition=[=($3, $0)], joinType=[inner]): rowcount = 9471592, timing = null, opportunity = -0.42375940619499985
                        2678:ProfileProject(customer_id=[$0], year_total=[$2], >=[>($2, 0)]): rowcount = 11784563, timing = null, opportunity = -0.4229510252549997
                          2710:ProfileProject(customer_id=[$0], dyear=[$7], year_total=[$8], sale_type=[$9]): rowcount = 11784563, timing = null, opportunity = -0.4231867165149996
                            2741:ProfileFilter(condition=[AND(=($9, 's'), =($7, 2001), >($8, 0))]): rowcount = 11784563, timing = null, opportunity = -0.42460086407499986
                              2742:ProfileUnion(all=[true]): rowcount = 154071190, timing = null, opportunity = 2.1984911198400003
                                2773:ProfileUnion(all=[true]): rowcount = 115994519, timing = null, opportunity = 1.7425437881450003
                                  2803:ProfileProject(customer_id=[$0], customer_first_name=[$1], customer_last_name=[$2], customer_preferred_cust_flag=[$3], customer_birth_country=[$4], customer_login=[$5], customer_email_address=[$6], dyear=[$7], year_total=[$8], sale_type=['s']): rowcount = 59449908, timing = null, opportunity = 0.8312106384649995
                                    2812:ProfileAggregate(group=[{0, 1, 2, 3, 4, 5, 6, 7}], year_total=[SUM($8)]): rowcount = 59449908, timing = null, opportunity = 0.8383446274249999
                                      2820:ProfileProject(customer_id=[$0], customer_first_name=[$1], customer_last_name=[$2], customer_preferred_cust_flag=[$3], customer_birth_country=[$4], customer_login=[$5], customer_email_address=[$6], dyear=[$10], $f8=[$8]): rowcount = 2685588011, timing = null, opportunity = -1.9978845238149994
                                        2828:ProfileJoin(condition=[=($7, $9)], joinType=[inner]): rowcount = 2685588011, timing = null, opportunity = -12.471677766714997
                                          2833:ProfileProject(c_customer_id=[$1], c_first_name=[$2], c_last_name=[$3], c_preferred_cust_flag=[$4], c_birth_country=[$5], c_login=[$6], c_email_address=[$7], ss_sold_date_sk=[$8], /=[$10]): rowcount = 2750387156, timing = null, opportunity = -12.134284591375
                                            2838:ProfileJoin(condition=[=($0, $9)], joinType=[inner]): rowcount = 2750387156, timing = null, opportunity = -12.794377508815
                                              2840:ProfileProject(c_customer_sk=[$0], c_customer_id=[$1], c_first_name=[$8], c_last_name=[$9], c_preferred_cust_flag=[$10], c_birth_country=[$14], c_login=[$15], c_email_address=[$16]): rowcount = 720000376, timing = null, opportunity = -3.7486456885949986
                                                2841:ProfileTableScan(table=[[tpcds, customer]]): rowcount = 720000376, timing = null, opportunity = -13.370250719475006
                                              2843:ProfileProject(ss_sold_date_sk=[$0], ss_customer_sk=[$3], /=[/(+(-(-($17, $16), $14), $15), 2)]): rowcount = 146098, timing = null, opportunity = 0.9024979327849996
                                                2844:ProfileTableScan(table=[[tpcds, store_sales]]): rowcount = 146098, timing = null, opportunity = 0.9021472975850002
                                          2846:ProfileProject(d_date_sk=[$0], d_year=[$6]): rowcount = 24000000, timing = null, opportunity = -0.43948487026000027
                                            2847:ProfileTableScan(table=[[tpcds, date_dim]]): rowcount = 24000000, timing = null, opportunity = -0.6533248702599983
                                  2857:ProfileProject(customer_id=[$0], customer_first_name=[$1], customer_last_name=[$2], customer_preferred_cust_flag=[$3], customer_birth_country=[$4], customer_login=[$5], customer_email_address=[$6], dyear=[$7], year_total=[$8], sale_type=['c']): rowcount = 56544611, timing = null, opportunity = 0.48908919820500096
                                    2866:ProfileAggregate(group=[{0, 1, 2, 3, 4, 5, 6, 7}], year_total=[SUM($8)]): rowcount = 56544611, timing = null, opportunity = 0.49587455152500004
                                      2874:ProfileProject(customer_id=[$0], customer_first_name=[$1], customer_last_name=[$2], customer_preferred_cust_flag=[$3], customer_birth_country=[$4], customer_login=[$5], customer_email_address=[$6], dyear=[$10], $f8=[$8]): rowcount = 1429176078, timing = null, opportunity = -0.9865674328349989
                                        2881:ProfileJoin(condition=[=($7, $9)], joinType=[inner]): rowcount = 1429176078, timing = null, opportunity = -6.560354137035
                                          2886:ProfileProject(c_customer_id=[$1], c_first_name=[$2], c_last_name=[$3], c_preferred_cust_flag=[$4], c_birth_country=[$5], c_login=[$6], c_email_address=[$7], cs_sold_date_sk=[$8], /=[$10]): rowcount = 1432777090, timing = null, opportunity = -6.234420675194998
                                            2890:ProfileJoin(condition=[=($0, $9)], joinType=[inner]): rowcount = 1432777090, timing = null, opportunity = -6.578287176794999
                                              2891:ProfileProject(c_customer_sk=[$0], c_customer_id=[$1], c_first_name=[$8], c_last_name=[$9], c_preferred_cust_flag=[$10], c_birth_country=[$14], c_login=[$15], c_email_address=[$16]): rowcount = 720000376, timing = null, opportunity = -3.7486456885949986
                                                2841:ProfileTableScan(table=[[tpcds, customer]]): rowcount = 720000376, timing = null, opportunity = -13.370250719475006
                                              2893:ProfileProject(cs_sold_date_sk=[$0], cs_bill_customer_sk=[$3], /=[/(+(-(-($25, $24), $22), $23), 2)]): rowcount = 146098, timing = null, opportunity = 0.5568901361249998
                                                2894:ProfileTableScan(table=[[tpcds, catalog_sales]]): rowcount = 146098, timing = null, opportunity = 0.5563466515649997
                                          2846:ProfileProject(d_date_sk=[$0], d_year=[$6]): rowcount = 24000000, timing = null, opportunity = -0.43948487026000027
                                            2847:ProfileTableScan(table=[[tpcds, date_dim]]): rowcount = 24000000, timing = null, opportunity = -0.6533248702599983
                                2904:ProfileProject(customer_id=[$0], customer_first_name=[$1], customer_last_name=[$2], customer_preferred_cust_flag=[$3], customer_birth_country=[$4], customer_login=[$5], customer_email_address=[$6], dyear=[$7], year_total=[$8], sale_type=['w']): rowcount = 38076671, timing = null, opportunity = 0.021664299004999776
                                  2913:ProfileAggregate(group=[{0, 1, 2, 3, 4, 5, 6, 7}], year_total=[SUM($8)]): rowcount = 38076671, timing = null, opportunity = 0.026233499524999537
                                    2921:ProfileProject(customer_id=[$0], customer_first_name=[$1], customer_last_name=[$2], customer_preferred_cust_flag=[$3], customer_birth_country=[$4], customer_login=[$5], customer_email_address=[$6], dyear=[$10], $f8=[$8]): rowcount = 719730582, timing = null, opportunity = -0.7099527243549986
                                      2928:ProfileJoin(condition=[=($7, $9)], joinType=[inner]): rowcount = 719730582, timing = null, opportunity = -3.516901994155
                                        2933:ProfileProject(c_customer_id=[$1], c_first_name=[$2], c_last_name=[$3], c_preferred_cust_flag=[$4], c_birth_country=[$5], c_login=[$6], c_email_address=[$7], ws_sold_date_sk=[$8], /=[$10]): rowcount = 719820455, timing = null, opportunity = -3.344592652495
                                          2937:ProfileJoin(condition=[=($0, $9)], joinType=[inner]): rowcount = 719820455, timing = null, opportunity = -3.5173495616949983
                                            2938:ProfileProject(c_customer_sk=[$0], c_customer_id=[$1], c_first_name=[$8], c_last_name=[$9], c_preferred_cust_flag=[$10], c_birth_country=[$14], c_login=[$15], c_email_address=[$16]): rowcount = 720000376, timing = null, opportunity = -3.7486456885949986
                                              2841:ProfileTableScan(table=[[tpcds, customer]]): rowcount = 720000376, timing = null, opportunity = -13.370250719475006
                                            2940:ProfileProject(ws_sold_date_sk=[$0], ws_bill_customer_sk=[$4], /=[/(+(-(-($25, $24), $22), $23), 2)]): rowcount = 146098, timing = null, opportunity = 0.06730370892499948
                                              2941:ProfileTableScan(table=[[tpcds, web_sales]]): rowcount = 146098, timing = null, opportunity = 0.0667602243649994
                                        2846:ProfileProject(d_date_sk=[$0], d_year=[$6]): rowcount = 24000000, timing = null, opportunity = -0.43948487026000027
                                          2847:ProfileTableScan(table=[[tpcds, date_dim]]): rowcount = 24000000, timing = null, opportunity = -0.6533248702599983
                        2974:ProfileProject(customer_id=[$0], customer_first_name=[$1], customer_last_name=[$2], customer_preferred_cust_flag=[$3], year_total=[$5]): rowcount = 23579122, timing = null, opportunity = -0.42460186367499997
                          3006:ProfileProject(customer_id=[$0], customer_first_name=[$1], customer_last_name=[$2], customer_preferred_cust_flag=[$3], dyear=[$7], year_total=[$8], sale_type=[$9]): rowcount = 23579122, timing = null, opportunity = -0.42554502855499976
                            3036:ProfileFilter(condition=[AND(=($9, 's'), =($7, +(2001, 1)))]): rowcount = 23579122, timing = null, opportunity = -0.4269597758749999
                              2742:ProfileUnion(all=[true]): rowcount = 154071190, timing = null, opportunity = 2.1984911198400003
                                2773:ProfileUnion(all=[true]): rowcount = 115994519, timing = null, opportunity = 1.7425437881450003
                                  2803:ProfileProject(customer_id=[$0], customer_first_name=[$1], customer_last_name=[$2], customer_preferred_cust_flag=[$3], customer_birth_country=[$4], customer_login=[$5], customer_email_address=[$6], dyear=[$7], year_total=[$8], sale_type=['s']): rowcount = 59449908, timing = null, opportunity = 0.8312106384649995
                                    2812:ProfileAggregate(group=[{0, 1, 2, 3, 4, 5, 6, 7}], year_total=[SUM($8)]): rowcount = 59449908, timing = null, opportunity = 0.8383446274249999
                                      2820:ProfileProject(customer_id=[$0], customer_first_name=[$1], customer_last_name=[$2], customer_preferred_cust_flag=[$3], customer_birth_country=[$4], customer_login=[$5], customer_email_address=[$6], dyear=[$10], $f8=[$8]): rowcount = 2685588011, timing = null, opportunity = -1.9978845238149994
                                        2828:ProfileJoin(condition=[=($7, $9)], joinType=[inner]): rowcount = 2685588011, timing = null, opportunity = -12.471677766714997
                                          2833:ProfileProject(c_customer_id=[$1], c_first_name=[$2], c_last_name=[$3], c_preferred_cust_flag=[$4], c_birth_country=[$5], c_login=[$6], c_email_address=[$7], ss_sold_date_sk=[$8], /=[$10]): rowcount = 2750387156, timing = null, opportunity = -12.134284591375
                                            2838:ProfileJoin(condition=[=($0, $9)], joinType=[inner]): rowcount = 2750387156, timing = null, opportunity = -12.794377508815
                                              2840:ProfileProject(c_customer_sk=[$0], c_customer_id=[$1], c_first_name=[$8], c_last_name=[$9], c_preferred_cust_flag=[$10], c_birth_country=[$14], c_login=[$15], c_email_address=[$16]): rowcount = 720000376, timing = null, opportunity = -3.7486456885949986
                                                2841:ProfileTableScan(table=[[tpcds, customer]]): rowcount = 720000376, timing = null, opportunity = -13.370250719475006
                                              2843:ProfileProject(ss_sold_date_sk=[$0], ss_customer_sk=[$3], /=[/(+(-(-($17, $16), $14), $15), 2)]): rowcount = 146098, timing = null, opportunity = 0.9024979327849996
                                                2844:ProfileTableScan(table=[[tpcds, store_sales]]): rowcount = 146098, timing = null, opportunity = 0.9021472975850002
                                          2846:ProfileProject(d_date_sk=[$0], d_year=[$6]): rowcount = 24000000, timing = null, opportunity = -0.43948487026000027
                                            2847:ProfileTableScan(table=[[tpcds, date_dim]]): rowcount = 24000000, timing = null, opportunity = -0.6533248702599983
                                  2857:ProfileProject(customer_id=[$0], customer_first_name=[$1], customer_last_name=[$2], customer_preferred_cust_flag=[$3], customer_birth_country=[$4], customer_login=[$5], customer_email_address=[$6], dyear=[$7], year_total=[$8], sale_type=['c']): rowcount = 56544611, timing = null, opportunity = 0.48908919820500096
                                    2866:ProfileAggregate(group=[{0, 1, 2, 3, 4, 5, 6, 7}], year_total=[SUM($8)]): rowcount = 56544611, timing = null, opportunity = 0.49587455152500004
                                      2874:ProfileProject(customer_id=[$0], customer_first_name=[$1], customer_last_name=[$2], customer_preferred_cust_flag=[$3], customer_birth_country=[$4], customer_login=[$5], customer_email_address=[$6], dyear=[$10], $f8=[$8]): rowcount = 1429176078, timing = null, opportunity = -0.9865674328349989
                                        2881:ProfileJoin(condition=[=($7, $9)], joinType=[inner]): rowcount = 1429176078, timing = null, opportunity = -6.560354137035
                                          2886:ProfileProject(c_customer_id=[$1], c_first_name=[$2], c_last_name=[$3], c_preferred_cust_flag=[$4], c_birth_country=[$5], c_login=[$6], c_email_address=[$7], cs_sold_date_sk=[$8], /=[$10]): rowcount = 1432777090, timing = null, opportunity = -6.234420675194998
                                            2890:ProfileJoin(condition=[=($0, $9)], joinType=[inner]): rowcount = 1432777090, timing = null, opportunity = -6.578287176794999
                                              2891:ProfileProject(c_customer_sk=[$0], c_customer_id=[$1], c_first_name=[$8], c_last_name=[$9], c_preferred_cust_flag=[$10], c_birth_country=[$14], c_login=[$15], c_email_address=[$16]): rowcount = 720000376, timing = null, opportunity = -3.7486456885949986
                                                2841:ProfileTableScan(table=[[tpcds, customer]]): rowcount = 720000376, timing = null, opportunity = -13.370250719475006
                                              2893:ProfileProject(cs_sold_date_sk=[$0], cs_bill_customer_sk=[$3], /=[/(+(-(-($25, $24), $22), $23), 2)]): rowcount = 146098, timing = null, opportunity = 0.5568901361249998
                                                2894:ProfileTableScan(table=[[tpcds, catalog_sales]]): rowcount = 146098, timing = null, opportunity = 0.5563466515649997
                                          2846:ProfileProject(d_date_sk=[$0], d_year=[$6]): rowcount = 24000000, timing = null, opportunity = -0.43948487026000027
                                            2847:ProfileTableScan(table=[[tpcds, date_dim]]): rowcount = 24000000, timing = null, opportunity = -0.6533248702599983
                                2904:ProfileProject(customer_id=[$0], customer_first_name=[$1], customer_last_name=[$2], customer_preferred_cust_flag=[$3], customer_birth_country=[$4], customer_login=[$5], customer_email_address=[$6], dyear=[$7], year_total=[$8], sale_type=['w']): rowcount = 38076671, timing = null, opportunity = 0.021664299004999776
                                  2913:ProfileAggregate(group=[{0, 1, 2, 3, 4, 5, 6, 7}], year_total=[SUM($8)]): rowcount = 38076671, timing = null, opportunity = 0.026233499524999537
                                    2921:ProfileProject(customer_id=[$0], customer_first_name=[$1], customer_last_name=[$2], customer_preferred_cust_flag=[$3], customer_birth_country=[$4], customer_login=[$5], customer_email_address=[$6], dyear=[$10], $f8=[$8]): rowcount = 719730582, timing = null, opportunity = -0.7099527243549986
                                      2928:ProfileJoin(condition=[=($7, $9)], joinType=[inner]): rowcount = 719730582, timing = null, opportunity = -3.516901994155
                                        2933:ProfileProject(c_customer_id=[$1], c_first_name=[$2], c_last_name=[$3], c_preferred_cust_flag=[$4], c_birth_country=[$5], c_login=[$6], c_email_address=[$7], ws_sold_date_sk=[$8], /=[$10]): rowcount = 719820455, timing = null, opportunity = -3.344592652495
                                          2937:ProfileJoin(condition=[=($0, $9)], joinType=[inner]): rowcount = 719820455, timing = null, opportunity = -3.5173495616949983
                                            2938:ProfileProject(c_customer_sk=[$0], c_customer_id=[$1], c_first_name=[$8], c_last_name=[$9], c_preferred_cust_flag=[$10], c_birth_country=[$14], c_login=[$15], c_email_address=[$16]): rowcount = 720000376, timing = null, opportunity = -3.7486456885949986
                                              2841:ProfileTableScan(table=[[tpcds, customer]]): rowcount = 720000376, timing = null, opportunity = -13.370250719475006
                                            2940:ProfileProject(ws_sold_date_sk=[$0], ws_bill_customer_sk=[$4], /=[/(+(-(-($25, $24), $22), $23), 2)]): rowcount = 146098, timing = null, opportunity = 0.06730370892499948
                                              2941:ProfileTableScan(table=[[tpcds, web_sales]]): rowcount = 146098, timing = null, opportunity = 0.0667602243649994
                                        2846:ProfileProject(d_date_sk=[$0], d_year=[$6]): rowcount = 24000000, timing = null, opportunity = -0.43948487026000027
                                          2847:ProfileTableScan(table=[[tpcds, date_dim]]): rowcount = 24000000, timing = null, opportunity = -0.6533248702599983
                    3069:ProfileProject(customer_id=[$0], year_total=[$2], >=[>($2, 0)]): rowcount = 22097566, timing = null, opportunity = -0.4235698054350001
                      3101:ProfileProject(customer_id=[$0], dyear=[$7], year_total=[$8], sale_type=[$9]): rowcount = 22097566, timing = null, opportunity = -0.4240117567549997
                        3131:ProfileFilter(condition=[AND(=($9, 'c'), =($7, 2001), >($8, 0))]): rowcount = 22097566, timing = null, opportunity = -0.4266634646749994
                          2742:ProfileUnion(all=[true]): rowcount = 154071190, timing = null, opportunity = 2.1984911198400003
                            2773:ProfileUnion(all=[true]): rowcount = 115994519, timing = null, opportunity = 1.7425437881450003
                              2803:ProfileProject(customer_id=[$0], customer_first_name=[$1], customer_last_name=[$2], customer_preferred_cust_flag=[$3], customer_birth_country=[$4], customer_login=[$5], customer_email_address=[$6], dyear=[$7], year_total=[$8], sale_type=['s']): rowcount = 59449908, timing = null, opportunity = 0.8312106384649995
                                2812:ProfileAggregate(group=[{0, 1, 2, 3, 4, 5, 6, 7}], year_total=[SUM($8)]): rowcount = 59449908, timing = null, opportunity = 0.8383446274249999
                                  2820:ProfileProject(customer_id=[$0], customer_first_name=[$1], customer_last_name=[$2], customer_preferred_cust_flag=[$3], customer_birth_country=[$4], customer_login=[$5], customer_email_address=[$6], dyear=[$10], $f8=[$8]): rowcount = 2685588011, timing = null, opportunity = -1.9978845238149994
                                    2828:ProfileJoin(condition=[=($7, $9)], joinType=[inner]): rowcount = 2685588011, timing = null, opportunity = -12.471677766714997
                                      2833:ProfileProject(c_customer_id=[$1], c_first_name=[$2], c_last_name=[$3], c_preferred_cust_flag=[$4], c_birth_country=[$5], c_login=[$6], c_email_address=[$7], ss_sold_date_sk=[$8], /=[$10]): rowcount = 2750387156, timing = null, opportunity = -12.134284591375
                                        2838:ProfileJoin(condition=[=($0, $9)], joinType=[inner]): rowcount = 2750387156, timing = null, opportunity = -12.794377508815
                                          2840:ProfileProject(c_customer_sk=[$0], c_customer_id=[$1], c_first_name=[$8], c_last_name=[$9], c_preferred_cust_flag=[$10], c_birth_country=[$14], c_login=[$15], c_email_address=[$16]): rowcount = 720000376, timing = null, opportunity = -3.7486456885949986
                                            2841:ProfileTableScan(table=[[tpcds, customer]]): rowcount = 720000376, timing = null, opportunity = -13.370250719475006
                                          2843:ProfileProject(ss_sold_date_sk=[$0], ss_customer_sk=[$3], /=[/(+(-(-($17, $16), $14), $15), 2)]): rowcount = 146098, timing = null, opportunity = 0.9024979327849996
                                            2844:ProfileTableScan(table=[[tpcds, store_sales]]): rowcount = 146098, timing = null, opportunity = 0.9021472975850002
                                      2846:ProfileProject(d_date_sk=[$0], d_year=[$6]): rowcount = 24000000, timing = null, opportunity = -0.43948487026000027
                                        2847:ProfileTableScan(table=[[tpcds, date_dim]]): rowcount = 24000000, timing = null, opportunity = -0.6533248702599983
                              2857:ProfileProject(customer_id=[$0], customer_first_name=[$1], customer_last_name=[$2], customer_preferred_cust_flag=[$3], customer_birth_country=[$4], customer_login=[$5], customer_email_address=[$6], dyear=[$7], year_total=[$8], sale_type=['c']): rowcount = 56544611, timing = null, opportunity = 0.48908919820500096
                                2866:ProfileAggregate(group=[{0, 1, 2, 3, 4, 5, 6, 7}], year_total=[SUM($8)]): rowcount = 56544611, timing = null, opportunity = 0.49587455152500004
                                  2874:ProfileProject(customer_id=[$0], customer_first_name=[$1], customer_last_name=[$2], customer_preferred_cust_flag=[$3], customer_birth_country=[$4], customer_login=[$5], customer_email_address=[$6], dyear=[$10], $f8=[$8]): rowcount = 1429176078, timing = null, opportunity = -0.9865674328349989
                                    2881:ProfileJoin(condition=[=($7, $9)], joinType=[inner]): rowcount = 1429176078, timing = null, opportunity = -6.560354137035
                                      2886:ProfileProject(c_customer_id=[$1], c_first_name=[$2], c_last_name=[$3], c_preferred_cust_flag=[$4], c_birth_country=[$5], c_login=[$6], c_email_address=[$7], cs_sold_date_sk=[$8], /=[$10]): rowcount = 1432777090, timing = null, opportunity = -6.234420675194998
                                        2890:ProfileJoin(condition=[=($0, $9)], joinType=[inner]): rowcount = 1432777090, timing = null, opportunity = -6.578287176794999
                                          2891:ProfileProject(c_customer_sk=[$0], c_customer_id=[$1], c_first_name=[$8], c_last_name=[$9], c_preferred_cust_flag=[$10], c_birth_country=[$14], c_login=[$15], c_email_address=[$16]): rowcount = 720000376, timing = null, opportunity = -3.7486456885949986
                                            2841:ProfileTableScan(table=[[tpcds, customer]]): rowcount = 720000376, timing = null, opportunity = -13.370250719475006
                                          2893:ProfileProject(cs_sold_date_sk=[$0], cs_bill_customer_sk=[$3], /=[/(+(-(-($25, $24), $22), $23), 2)]): rowcount = 146098, timing = null, opportunity = 0.5568901361249998
                                            2894:ProfileTableScan(table=[[tpcds, catalog_sales]]): rowcount = 146098, timing = null, opportunity = 0.5563466515649997
                                      2846:ProfileProject(d_date_sk=[$0], d_year=[$6]): rowcount = 24000000, timing = null, opportunity = -0.43948487026000027
                                        2847:ProfileTableScan(table=[[tpcds, date_dim]]): rowcount = 24000000, timing = null, opportunity = -0.6533248702599983
                            2904:ProfileProject(customer_id=[$0], customer_first_name=[$1], customer_last_name=[$2], customer_preferred_cust_flag=[$3], customer_birth_country=[$4], customer_login=[$5], customer_email_address=[$6], dyear=[$7], year_total=[$8], sale_type=['w']): rowcount = 38076671, timing = null, opportunity = 0.021664299004999776
                              2913:ProfileAggregate(group=[{0, 1, 2, 3, 4, 5, 6, 7}], year_total=[SUM($8)]): rowcount = 38076671, timing = null, opportunity = 0.026233499524999537
                                2921:ProfileProject(customer_id=[$0], customer_first_name=[$1], customer_last_name=[$2], customer_preferred_cust_flag=[$3], customer_birth_country=[$4], customer_login=[$5], customer_email_address=[$6], dyear=[$10], $f8=[$8]): rowcount = 719730582, timing = null, opportunity = -0.7099527243549986
                                  2928:ProfileJoin(condition=[=($7, $9)], joinType=[inner]): rowcount = 719730582, timing = null, opportunity = -3.516901994155
                                    2933:ProfileProject(c_customer_id=[$1], c_first_name=[$2], c_last_name=[$3], c_preferred_cust_flag=[$4], c_birth_country=[$5], c_login=[$6], c_email_address=[$7], ws_sold_date_sk=[$8], /=[$10]): rowcount = 719820455, timing = null, opportunity = -3.344592652495
                                      2937:ProfileJoin(condition=[=($0, $9)], joinType=[inner]): rowcount = 719820455, timing = null, opportunity = -3.5173495616949983
                                        2938:ProfileProject(c_customer_sk=[$0], c_customer_id=[$1], c_first_name=[$8], c_last_name=[$9], c_preferred_cust_flag=[$10], c_birth_country=[$14], c_login=[$15], c_email_address=[$16]): rowcount = 720000376, timing = null, opportunity = -3.7486456885949986
                                          2841:ProfileTableScan(table=[[tpcds, customer]]): rowcount = 720000376, timing = null, opportunity = -13.370250719475006
                                        2940:ProfileProject(ws_sold_date_sk=[$0], ws_bill_customer_sk=[$4], /=[/(+(-(-($25, $24), $22), $23), 2)]): rowcount = 146098, timing = null, opportunity = 0.06730370892499948
                                          2941:ProfileTableScan(table=[[tpcds, web_sales]]): rowcount = 146098, timing = null, opportunity = 0.0667602243649994
                                    2846:ProfileProject(d_date_sk=[$0], d_year=[$6]): rowcount = 24000000, timing = null, opportunity = -0.43948487026000027
                                      2847:ProfileTableScan(table=[[tpcds, date_dim]]): rowcount = 24000000, timing = null, opportunity = -0.6533248702599983
                3164:ProfileProject(customer_id=[$0], year_total=[$2]): rowcount = 22343282, timing = null, opportunity = -0.4231376827549993
                  3196:ProfileProject(customer_id=[$0], dyear=[$7], year_total=[$8], sale_type=[$9]): rowcount = 22343282, timing = null, opportunity = -0.4240314140349999
                    3226:ProfileFilter(condition=[AND(=($9, 'c'), =($7, +(2001, 1)))]): rowcount = 22343282, timing = null, opportunity = -0.42671260787499987
                      2742:ProfileUnion(all=[true]): rowcount = 154071190, timing = null, opportunity = 2.1984911198400003
                        2773:ProfileUnion(all=[true]): rowcount = 115994519, timing = null, opportunity = 1.7425437881450003
                          2803:ProfileProject(customer_id=[$0], customer_first_name=[$1], customer_last_name=[$2], customer_preferred_cust_flag=[$3], customer_birth_country=[$4], customer_login=[$5], customer_email_address=[$6], dyear=[$7], year_total=[$8], sale_type=['s']): rowcount = 59449908, timing = null, opportunity = 0.8312106384649995
                            2812:ProfileAggregate(group=[{0, 1, 2, 3, 4, 5, 6, 7}], year_total=[SUM($8)]): rowcount = 59449908, timing = null, opportunity = 0.8383446274249999
                              2820:ProfileProject(customer_id=[$0], customer_first_name=[$1], customer_last_name=[$2], customer_preferred_cust_flag=[$3], customer_birth_country=[$4], customer_login=[$5], customer_email_address=[$6], dyear=[$10], $f8=[$8]): rowcount = 2685588011, timing = null, opportunity = -1.9978845238149994
                                2828:ProfileJoin(condition=[=($7, $9)], joinType=[inner]): rowcount = 2685588011, timing = null, opportunity = -12.471677766714997
                                  2833:ProfileProject(c_customer_id=[$1], c_first_name=[$2], c_last_name=[$3], c_preferred_cust_flag=[$4], c_birth_country=[$5], c_login=[$6], c_email_address=[$7], ss_sold_date_sk=[$8], /=[$10]): rowcount = 2750387156, timing = null, opportunity = -12.134284591375
                                    2838:ProfileJoin(condition=[=($0, $9)], joinType=[inner]): rowcount = 2750387156, timing = null, opportunity = -12.794377508815
                                      2840:ProfileProject(c_customer_sk=[$0], c_customer_id=[$1], c_first_name=[$8], c_last_name=[$9], c_preferred_cust_flag=[$10], c_birth_country=[$14], c_login=[$15], c_email_address=[$16]): rowcount = 720000376, timing = null, opportunity = -3.7486456885949986
                                        2841:ProfileTableScan(table=[[tpcds, customer]]): rowcount = 720000376, timing = null, opportunity = -13.370250719475006
                                      2843:ProfileProject(ss_sold_date_sk=[$0], ss_customer_sk=[$3], /=[/(+(-(-($17, $16), $14), $15), 2)]): rowcount = 146098, timing = null, opportunity = 0.9024979327849996
                                        2844:ProfileTableScan(table=[[tpcds, store_sales]]): rowcount = 146098, timing = null, opportunity = 0.9021472975850002
                                  2846:ProfileProject(d_date_sk=[$0], d_year=[$6]): rowcount = 24000000, timing = null, opportunity = -0.43948487026000027
                                    2847:ProfileTableScan(table=[[tpcds, date_dim]]): rowcount = 24000000, timing = null, opportunity = -0.6533248702599983
                          2857:ProfileProject(customer_id=[$0], customer_first_name=[$1], customer_last_name=[$2], customer_preferred_cust_flag=[$3], customer_birth_country=[$4], customer_login=[$5], customer_email_address=[$6], dyear=[$7], year_total=[$8], sale_type=['c']): rowcount = 56544611, timing = null, opportunity = 0.48908919820500096
                            2866:ProfileAggregate(group=[{0, 1, 2, 3, 4, 5, 6, 7}], year_total=[SUM($8)]): rowcount = 56544611, timing = null, opportunity = 0.49587455152500004
                              2874:ProfileProject(customer_id=[$0], customer_first_name=[$1], customer_last_name=[$2], customer_preferred_cust_flag=[$3], customer_birth_country=[$4], customer_login=[$5], customer_email_address=[$6], dyear=[$10], $f8=[$8]): rowcount = 1429176078, timing = null, opportunity = -0.9865674328349989
                                2881:ProfileJoin(condition=[=($7, $9)], joinType=[inner]): rowcount = 1429176078, timing = null, opportunity = -6.560354137035
                                  2886:ProfileProject(c_customer_id=[$1], c_first_name=[$2], c_last_name=[$3], c_preferred_cust_flag=[$4], c_birth_country=[$5], c_login=[$6], c_email_address=[$7], cs_sold_date_sk=[$8], /=[$10]): rowcount = 1432777090, timing = null, opportunity = -6.234420675194998
                                    2890:ProfileJoin(condition=[=($0, $9)], joinType=[inner]): rowcount = 1432777090, timing = null, opportunity = -6.578287176794999
                                      2891:ProfileProject(c_customer_sk=[$0], c_customer_id=[$1], c_first_name=[$8], c_last_name=[$9], c_preferred_cust_flag=[$10], c_birth_country=[$14], c_login=[$15], c_email_address=[$16]): rowcount = 720000376, timing = null, opportunity = -3.7486456885949986
                                        2841:ProfileTableScan(table=[[tpcds, customer]]): rowcount = 720000376, timing = null, opportunity = -13.370250719475006
                                      2893:ProfileProject(cs_sold_date_sk=[$0], cs_bill_customer_sk=[$3], /=[/(+(-(-($25, $24), $22), $23), 2)]): rowcount = 146098, timing = null, opportunity = 0.5568901361249998
                                        2894:ProfileTableScan(table=[[tpcds, catalog_sales]]): rowcount = 146098, timing = null, opportunity = 0.5563466515649997
                                  2846:ProfileProject(d_date_sk=[$0], d_year=[$6]): rowcount = 24000000, timing = null, opportunity = -0.43948487026000027
                                    2847:ProfileTableScan(table=[[tpcds, date_dim]]): rowcount = 24000000, timing = null, opportunity = -0.6533248702599983
                        2904:ProfileProject(customer_id=[$0], customer_first_name=[$1], customer_last_name=[$2], customer_preferred_cust_flag=[$3], customer_birth_country=[$4], customer_login=[$5], customer_email_address=[$6], dyear=[$7], year_total=[$8], sale_type=['w']): rowcount = 38076671, timing = null, opportunity = 0.021664299004999776
                          2913:ProfileAggregate(group=[{0, 1, 2, 3, 4, 5, 6, 7}], year_total=[SUM($8)]): rowcount = 38076671, timing = null, opportunity = 0.026233499524999537
                            2921:ProfileProject(customer_id=[$0], customer_first_name=[$1], customer_last_name=[$2], customer_preferred_cust_flag=[$3], customer_birth_country=[$4], customer_login=[$5], customer_email_address=[$6], dyear=[$10], $f8=[$8]): rowcount = 719730582, timing = null, opportunity = -0.7099527243549986
                              2928:ProfileJoin(condition=[=($7, $9)], joinType=[inner]): rowcount = 719730582, timing = null, opportunity = -3.516901994155
                                2933:ProfileProject(c_customer_id=[$1], c_first_name=[$2], c_last_name=[$3], c_preferred_cust_flag=[$4], c_birth_country=[$5], c_login=[$6], c_email_address=[$7], ws_sold_date_sk=[$8], /=[$10]): rowcount = 719820455, timing = null, opportunity = -3.344592652495
                                  2937:ProfileJoin(condition=[=($0, $9)], joinType=[inner]): rowcount = 719820455, timing = null, opportunity = -3.5173495616949983
                                    2938:ProfileProject(c_customer_sk=[$0], c_customer_id=[$1], c_first_name=[$8], c_last_name=[$9], c_preferred_cust_flag=[$10], c_birth_country=[$14], c_login=[$15], c_email_address=[$16]): rowcount = 720000376, timing = null, opportunity = -3.7486456885949986
                                      2841:ProfileTableScan(table=[[tpcds, customer]]): rowcount = 720000376, timing = null, opportunity = -13.370250719475006
                                    2940:ProfileProject(ws_sold_date_sk=[$0], ws_bill_customer_sk=[$4], /=[/(+(-(-($25, $24), $22), $23), 2)]): rowcount = 146098, timing = null, opportunity = 0.06730370892499948
                                      2941:ProfileTableScan(table=[[tpcds, web_sales]]): rowcount = 146098, timing = null, opportunity = 0.0667602243649994
                                2846:ProfileProject(d_date_sk=[$0], d_year=[$6]): rowcount = 24000000, timing = null, opportunity = -0.43948487026000027
                                  2847:ProfileTableScan(table=[[tpcds, date_dim]]): rowcount = 24000000, timing = null, opportunity = -0.6533248702599983
            3259:ProfileProject(customer_id=[$0], year_total=[$2], >=[>($2, 0)]): rowcount = 14982918, timing = null, opportunity = -0.4231429265549993
              3291:ProfileProject(customer_id=[$0], dyear=[$7], year_total=[$8], sale_type=[$9]): rowcount = 14982918, timing = null, opportunity = -0.42344258491499964
                3321:ProfileFilter(condition=[AND(=($9, 'w'), =($7, 2001), >($8, 0))]): rowcount = 14982918, timing = null, opportunity = -0.4252405350749999
                  2742:ProfileUnion(all=[true]): rowcount = 154071190, timing = null, opportunity = 2.1984911198400003
                    2773:ProfileUnion(all=[true]): rowcount = 115994519, timing = null, opportunity = 1.7425437881450003
                      2803:ProfileProject(customer_id=[$0], customer_first_name=[$1], customer_last_name=[$2], customer_preferred_cust_flag=[$3], customer_birth_country=[$4], customer_login=[$5], customer_email_address=[$6], dyear=[$7], year_total=[$8], sale_type=['s']): rowcount = 59449908, timing = null, opportunity = 0.8312106384649995
                        2812:ProfileAggregate(group=[{0, 1, 2, 3, 4, 5, 6, 7}], year_total=[SUM($8)]): rowcount = 59449908, timing = null, opportunity = 0.8383446274249999
                          2820:ProfileProject(customer_id=[$0], customer_first_name=[$1], customer_last_name=[$2], customer_preferred_cust_flag=[$3], customer_birth_country=[$4], customer_login=[$5], customer_email_address=[$6], dyear=[$10], $f8=[$8]): rowcount = 2685588011, timing = null, opportunity = -1.9978845238149994
                            2828:ProfileJoin(condition=[=($7, $9)], joinType=[inner]): rowcount = 2685588011, timing = null, opportunity = -12.471677766714997
                              2833:ProfileProject(c_customer_id=[$1], c_first_name=[$2], c_last_name=[$3], c_preferred_cust_flag=[$4], c_birth_country=[$5], c_login=[$6], c_email_address=[$7], ss_sold_date_sk=[$8], /=[$10]): rowcount = 2750387156, timing = null, opportunity = -12.134284591375
                                2838:ProfileJoin(condition=[=($0, $9)], joinType=[inner]): rowcount = 2750387156, timing = null, opportunity = -12.794377508815
                                  2840:ProfileProject(c_customer_sk=[$0], c_customer_id=[$1], c_first_name=[$8], c_last_name=[$9], c_preferred_cust_flag=[$10], c_birth_country=[$14], c_login=[$15], c_email_address=[$16]): rowcount = 720000376, timing = null, opportunity = -3.7486456885949986
                                    2841:ProfileTableScan(table=[[tpcds, customer]]): rowcount = 720000376, timing = null, opportunity = -13.370250719475006
                                  2843:ProfileProject(ss_sold_date_sk=[$0], ss_customer_sk=[$3], /=[/(+(-(-($17, $16), $14), $15), 2)]): rowcount = 146098, timing = null, opportunity = 0.9024979327849996
                                    2844:ProfileTableScan(table=[[tpcds, store_sales]]): rowcount = 146098, timing = null, opportunity = 0.9021472975850002
                              2846:ProfileProject(d_date_sk=[$0], d_year=[$6]): rowcount = 24000000, timing = null, opportunity = -0.43948487026000027
                                2847:ProfileTableScan(table=[[tpcds, date_dim]]): rowcount = 24000000, timing = null, opportunity = -0.6533248702599983
                      2857:ProfileProject(customer_id=[$0], customer_first_name=[$1], customer_last_name=[$2], customer_preferred_cust_flag=[$3], customer_birth_country=[$4], customer_login=[$5], customer_email_address=[$6], dyear=[$7], year_total=[$8], sale_type=['c']): rowcount = 56544611, timing = null, opportunity = 0.48908919820500096
                        2866:ProfileAggregate(group=[{0, 1, 2, 3, 4, 5, 6, 7}], year_total=[SUM($8)]): rowcount = 56544611, timing = null, opportunity = 0.49587455152500004
                          2874:ProfileProject(customer_id=[$0], customer_first_name=[$1], customer_last_name=[$2], customer_preferred_cust_flag=[$3], customer_birth_country=[$4], customer_login=[$5], customer_email_address=[$6], dyear=[$10], $f8=[$8]): rowcount = 1429176078, timing = null, opportunity = -0.9865674328349989
                            2881:ProfileJoin(condition=[=($7, $9)], joinType=[inner]): rowcount = 1429176078, timing = null, opportunity = -6.560354137035
                              2886:ProfileProject(c_customer_id=[$1], c_first_name=[$2], c_last_name=[$3], c_preferred_cust_flag=[$4], c_birth_country=[$5], c_login=[$6], c_email_address=[$7], cs_sold_date_sk=[$8], /=[$10]): rowcount = 1432777090, timing = null, opportunity = -6.234420675194998
                                2890:ProfileJoin(condition=[=($0, $9)], joinType=[inner]): rowcount = 1432777090, timing = null, opportunity = -6.578287176794999
                                  2891:ProfileProject(c_customer_sk=[$0], c_customer_id=[$1], c_first_name=[$8], c_last_name=[$9], c_preferred_cust_flag=[$10], c_birth_country=[$14], c_login=[$15], c_email_address=[$16]): rowcount = 720000376, timing = null, opportunity = -3.7486456885949986
                                    2841:ProfileTableScan(table=[[tpcds, customer]]): rowcount = 720000376, timing = null, opportunity = -13.370250719475006
                                  2893:ProfileProject(cs_sold_date_sk=[$0], cs_bill_customer_sk=[$3], /=[/(+(-(-($25, $24), $22), $23), 2)]): rowcount = 146098, timing = null, opportunity = 0.5568901361249998
                                    2894:ProfileTableScan(table=[[tpcds, catalog_sales]]): rowcount = 146098, timing = null, opportunity = 0.5563466515649997
                              2846:ProfileProject(d_date_sk=[$0], d_year=[$6]): rowcount = 24000000, timing = null, opportunity = -0.43948487026000027
                                2847:ProfileTableScan(table=[[tpcds, date_dim]]): rowcount = 24000000, timing = null, opportunity = -0.6533248702599983
                    2904:ProfileProject(customer_id=[$0], customer_first_name=[$1], customer_last_name=[$2], customer_preferred_cust_flag=[$3], customer_birth_country=[$4], customer_login=[$5], customer_email_address=[$6], dyear=[$7], year_total=[$8], sale_type=['w']): rowcount = 38076671, timing = null, opportunity = 0.021664299004999776
                      2913:ProfileAggregate(group=[{0, 1, 2, 3, 4, 5, 6, 7}], year_total=[SUM($8)]): rowcount = 38076671, timing = null, opportunity = 0.026233499524999537
                        2921:ProfileProject(customer_id=[$0], customer_first_name=[$1], customer_last_name=[$2], customer_preferred_cust_flag=[$3], customer_birth_country=[$4], customer_login=[$5], customer_email_address=[$6], dyear=[$10], $f8=[$8]): rowcount = 719730582, timing = null, opportunity = -0.7099527243549986
                          2928:ProfileJoin(condition=[=($7, $9)], joinType=[inner]): rowcount = 719730582, timing = null, opportunity = -3.516901994155
                            2933:ProfileProject(c_customer_id=[$1], c_first_name=[$2], c_last_name=[$3], c_preferred_cust_flag=[$4], c_birth_country=[$5], c_login=[$6], c_email_address=[$7], ws_sold_date_sk=[$8], /=[$10]): rowcount = 719820455, timing = null, opportunity = -3.344592652495
                              2937:ProfileJoin(condition=[=($0, $9)], joinType=[inner]): rowcount = 719820455, timing = null, opportunity = -3.5173495616949983
                                2938:ProfileProject(c_customer_sk=[$0], c_customer_id=[$1], c_first_name=[$8], c_last_name=[$9], c_preferred_cust_flag=[$10], c_birth_country=[$14], c_login=[$15], c_email_address=[$16]): rowcount = 720000376, timing = null, opportunity = -3.7486456885949986
                                  2841:ProfileTableScan(table=[[tpcds, customer]]): rowcount = 720000376, timing = null, opportunity = -13.370250719475006
                                2940:ProfileProject(ws_sold_date_sk=[$0], ws_bill_customer_sk=[$4], /=[/(+(-(-($25, $24), $22), $23), 2)]): rowcount = 146098, timing = null, opportunity = 0.06730370892499948
                                  2941:ProfileTableScan(table=[[tpcds, web_sales]]): rowcount = 146098, timing = null, opportunity = 0.0667602243649994
                            2846:ProfileProject(d_date_sk=[$0], d_year=[$6]): rowcount = 24000000, timing = null, opportunity = -0.43948487026000027
                              2847:ProfileTableScan(table=[[tpcds, date_dim]]): rowcount = 24000000, timing = null, opportunity = -0.6533248702599983
      3354:ProfileProject(customer_id=[$0], year_total=[$2]): rowcount = 15200068, timing = null, opportunity = -0.42285195419499955
        3386:ProfileProject(customer_id=[$0], dyear=[$7], year_total=[$8], sale_type=[$9]): rowcount = 15200068, timing = null, opportunity = -0.4234599569149995
          3416:ProfileFilter(condition=[AND(=($9, 'w'), =($7, +(2001, 1)))]): rowcount = 15200068, timing = null, opportunity = -0.4252839650749993
            2742:ProfileUnion(all=[true]): rowcount = 154071190, timing = null, opportunity = 2.1984911198400003
              2773:ProfileUnion(all=[true]): rowcount = 115994519, timing = null, opportunity = 1.7425437881450003
                2803:ProfileProject(customer_id=[$0], customer_first_name=[$1], customer_last_name=[$2], customer_preferred_cust_flag=[$3], customer_birth_country=[$4], customer_login=[$5], customer_email_address=[$6], dyear=[$7], year_total=[$8], sale_type=['s']): rowcount = 59449908, timing = null, opportunity = 0.8312106384649995
                  2812:ProfileAggregate(group=[{0, 1, 2, 3, 4, 5, 6, 7}], year_total=[SUM($8)]): rowcount = 59449908, timing = null, opportunity = 0.8383446274249999
                    2820:ProfileProject(customer_id=[$0], customer_first_name=[$1], customer_last_name=[$2], customer_preferred_cust_flag=[$3], customer_birth_country=[$4], customer_login=[$5], customer_email_address=[$6], dyear=[$10], $f8=[$8]): rowcount = 2685588011, timing = null, opportunity = -1.9978845238149994
                      2828:ProfileJoin(condition=[=($7, $9)], joinType=[inner]): rowcount = 2685588011, timing = null, opportunity = -12.471677766714997
                        2833:ProfileProject(c_customer_id=[$1], c_first_name=[$2], c_last_name=[$3], c_preferred_cust_flag=[$4], c_birth_country=[$5], c_login=[$6], c_email_address=[$7], ss_sold_date_sk=[$8], /=[$10]): rowcount = 2750387156, timing = null, opportunity = -12.134284591375
                          2838:ProfileJoin(condition=[=($0, $9)], joinType=[inner]): rowcount = 2750387156, timing = null, opportunity = -12.794377508815
                            2840:ProfileProject(c_customer_sk=[$0], c_customer_id=[$1], c_first_name=[$8], c_last_name=[$9], c_preferred_cust_flag=[$10], c_birth_country=[$14], c_login=[$15], c_email_address=[$16]): rowcount = 720000376, timing = null, opportunity = -3.7486456885949986
                              2841:ProfileTableScan(table=[[tpcds, customer]]): rowcount = 720000376, timing = null, opportunity = -13.370250719475006
                            2843:ProfileProject(ss_sold_date_sk=[$0], ss_customer_sk=[$3], /=[/(+(-(-($17, $16), $14), $15), 2)]): rowcount = 146098, timing = null, opportunity = 0.9024979327849996
                              2844:ProfileTableScan(table=[[tpcds, store_sales]]): rowcount = 146098, timing = null, opportunity = 0.9021472975850002
                        2846:ProfileProject(d_date_sk=[$0], d_year=[$6]): rowcount = 24000000, timing = null, opportunity = -0.43948487026000027
                          2847:ProfileTableScan(table=[[tpcds, date_dim]]): rowcount = 24000000, timing = null, opportunity = -0.6533248702599983
                2857:ProfileProject(customer_id=[$0], customer_first_name=[$1], customer_last_name=[$2], customer_preferred_cust_flag=[$3], customer_birth_country=[$4], customer_login=[$5], customer_email_address=[$6], dyear=[$7], year_total=[$8], sale_type=['c']): rowcount = 56544611, timing = null, opportunity = 0.48908919820500096
                  2866:ProfileAggregate(group=[{0, 1, 2, 3, 4, 5, 6, 7}], year_total=[SUM($8)]): rowcount = 56544611, timing = null, opportunity = 0.49587455152500004
                    2874:ProfileProject(customer_id=[$0], customer_first_name=[$1], customer_last_name=[$2], customer_preferred_cust_flag=[$3], customer_birth_country=[$4], customer_login=[$5], customer_email_address=[$6], dyear=[$10], $f8=[$8]): rowcount = 1429176078, timing = null, opportunity = -0.9865674328349989
                      2881:ProfileJoin(condition=[=($7, $9)], joinType=[inner]): rowcount = 1429176078, timing = null, opportunity = -6.560354137035
                        2886:ProfileProject(c_customer_id=[$1], c_first_name=[$2], c_last_name=[$3], c_preferred_cust_flag=[$4], c_birth_country=[$5], c_login=[$6], c_email_address=[$7], cs_sold_date_sk=[$8], /=[$10]): rowcount = 1432777090, timing = null, opportunity = -6.234420675194998
                          2890:ProfileJoin(condition=[=($0, $9)], joinType=[inner]): rowcount = 1432777090, timing = null, opportunity = -6.578287176794999
                            2891:ProfileProject(c_customer_sk=[$0], c_customer_id=[$1], c_first_name=[$8], c_last_name=[$9], c_preferred_cust_flag=[$10], c_birth_country=[$14], c_login=[$15], c_email_address=[$16]): rowcount = 720000376, timing = null, opportunity = -3.7486456885949986
                              2841:ProfileTableScan(table=[[tpcds, customer]]): rowcount = 720000376, timing = null, opportunity = -13.370250719475006
                            2893:ProfileProject(cs_sold_date_sk=[$0], cs_bill_customer_sk=[$3], /=[/(+(-(-($25, $24), $22), $23), 2)]): rowcount = 146098, timing = null, opportunity = 0.5568901361249998
                              2894:ProfileTableScan(table=[[tpcds, catalog_sales]]): rowcount = 146098, timing = null, opportunity = 0.5563466515649997
                        2846:ProfileProject(d_date_sk=[$0], d_year=[$6]): rowcount = 24000000, timing = null, opportunity = -0.43948487026000027
                          2847:ProfileTableScan(table=[[tpcds, date_dim]]): rowcount = 24000000, timing = null, opportunity = -0.6533248702599983
              2904:ProfileProject(customer_id=[$0], customer_first_name=[$1], customer_last_name=[$2], customer_preferred_cust_flag=[$3], customer_birth_country=[$4], customer_login=[$5], customer_email_address=[$6], dyear=[$7], year_total=[$8], sale_type=['w']): rowcount = 38076671, timing = null, opportunity = 0.021664299004999776
                2913:ProfileAggregate(group=[{0, 1, 2, 3, 4, 5, 6, 7}], year_total=[SUM($8)]): rowcount = 38076671, timing = null, opportunity = 0.026233499524999537
                  2921:ProfileProject(customer_id=[$0], customer_first_name=[$1], customer_last_name=[$2], customer_preferred_cust_flag=[$3], customer_birth_country=[$4], customer_login=[$5], customer_email_address=[$6], dyear=[$10], $f8=[$8]): rowcount = 719730582, timing = null, opportunity = -0.7099527243549986
                    2928:ProfileJoin(condition=[=($7, $9)], joinType=[inner]): rowcount = 719730582, timing = null, opportunity = -3.516901994155
                      2933:ProfileProject(c_customer_id=[$1], c_first_name=[$2], c_last_name=[$3], c_preferred_cust_flag=[$4], c_birth_country=[$5], c_login=[$6], c_email_address=[$7], ws_sold_date_sk=[$8], /=[$10]): rowcount = 719820455, timing = null, opportunity = -3.344592652495
                        2937:ProfileJoin(condition=[=($0, $9)], joinType=[inner]): rowcount = 719820455, timing = null, opportunity = -3.5173495616949983
                          2938:ProfileProject(c_customer_sk=[$0], c_customer_id=[$1], c_first_name=[$8], c_last_name=[$9], c_preferred_cust_flag=[$10], c_birth_country=[$14], c_login=[$15], c_email_address=[$16]): rowcount = 720000376, timing = null, opportunity = -3.7486456885949986
                            2841:ProfileTableScan(table=[[tpcds, customer]]): rowcount = 720000376, timing = null, opportunity = -13.370250719475006
                          2940:ProfileProject(ws_sold_date_sk=[$0], ws_bill_customer_sk=[$4], /=[/(+(-(-($25, $24), $22), $23), 2)]): rowcount = 146098, timing = null, opportunity = 0.06730370892499948
                            2941:ProfileTableScan(table=[[tpcds, web_sales]]): rowcount = 146098, timing = null, opportunity = 0.0667602243649994
                      2846:ProfileProject(d_date_sk=[$0], d_year=[$6]): rowcount = 24000000, timing = null, opportunity = -0.43948487026000027
                        2847:ProfileTableScan(table=[[tpcds, date_dim]]): rowcount = 24000000, timing = null, opportunity = -0.6533248702599983

trial 0
CTAS: duck_table_04_0 SRC: GCP DEST: GCP NUM INPUTS: 0 RUNTIME: -1.0 CARDINALITY: -1 COST: 0.0
CREATE TABLE duck_table_04_0 AS SELECT *
FROM (SELECT "t1"."c_customer_id" AS "customer_id", "t1"."c_first_name" AS "customer_first_name", "t1"."c_last_name" AS "customer_last_name", "t1"."c_preferred_cust_flag" AS "customer_preferred_cust_flag", "t1"."c_birth_country" AS "customer_birth_country", "t1"."c_login" AS "customer_login", "t1"."c_email_address" AS "customer_email_address", "t2"."d_year" AS "dyear", SUM("t1"."/") AS "year_total", 's' AS "sale_type"
FROM (SELECT "t"."c_customer_id", "t"."c_first_name", "t"."c_last_name", "t"."c_preferred_cust_flag", "t"."c_birth_country", "t"."c_login", "t"."c_email_address", "t0"."ss_sold_date_sk", "t0"."/"
FROM (SELECT "c_customer_sk", "c_customer_id", "c_first_name", "c_last_name", "c_preferred_cust_flag", "c_birth_country", "c_login", "c_email_address"
FROM '/mnt/disks/tpcds/parquet/customer.parquet' AS customer) AS "t"
INNER JOIN (SELECT "ss_sold_date_sk", "ss_customer_sk", ("ss_ext_list_price" - "ss_ext_wholesale_cost" - "ss_ext_discount_amt" + "ss_ext_sales_price") / 2 AS "/"
FROM '/mnt/disks/tpcds/parquet/store_sales.parquet' AS store_sales) AS "t0" ON "t"."c_customer_sk" = "t0"."ss_customer_sk") AS "t1"
INNER JOIN (SELECT "d_date_sk", "d_year"
FROM '/mnt/disks/tpcds/parquet/date_dim.parquet' AS date_dim) AS "t2" ON "t1"."ss_sold_date_sk" = "t2"."d_date_sk"
GROUP BY "t1"."c_customer_id", "t1"."c_first_name", "t1"."c_last_name", "t1"."c_preferred_cust_flag", "t1"."c_birth_country", "t1"."c_login", "t1"."c_email_address", "t2"."d_year"
UNION ALL
SELECT "t8"."c_customer_id" AS "customer_id", "t8"."c_first_name" AS "customer_first_name", "t8"."c_last_name" AS "customer_last_name", "t8"."c_preferred_cust_flag" AS "customer_preferred_cust_flag", "t8"."c_birth_country" AS "customer_birth_country", "t8"."c_login" AS "customer_login", "t8"."c_email_address" AS "customer_email_address", "t9"."d_year" AS "dyear", SUM("t8"."/") AS "year_total", 'c' AS "sale_type"
FROM (SELECT "t6"."c_customer_id", "t6"."c_first_name", "t6"."c_last_name", "t6"."c_preferred_cust_flag", "t6"."c_birth_country", "t6"."c_login", "t6"."c_email_address", "t7"."cs_sold_date_sk", "t7"."/"
FROM (SELECT "c_customer_sk", "c_customer_id", "c_first_name", "c_last_name", "c_preferred_cust_flag", "c_birth_country", "c_login", "c_email_address"
FROM '/mnt/disks/tpcds/parquet/customer.parquet' AS customer) AS "t6"
INNER JOIN (SELECT "cs_sold_date_sk", "cs_bill_customer_sk", ("cs_ext_list_price" - "cs_ext_wholesale_cost" - "cs_ext_discount_amt" + "cs_ext_sales_price") / 2 AS "/"
FROM '/mnt/disks/tpcds/parquet/catalog_sales.parquet' AS catalog_sales) AS "t7" ON "t6"."c_customer_sk" = "t7"."cs_bill_customer_sk") AS "t8"
INNER JOIN (SELECT "d_date_sk", "d_year"
FROM '/mnt/disks/tpcds/parquet/date_dim.parquet' AS date_dim) AS "t9" ON "t8"."cs_sold_date_sk" = "t9"."d_date_sk"
GROUP BY "t8"."c_customer_id", "t8"."c_first_name", "t8"."c_last_name", "t8"."c_preferred_cust_flag", "t8"."c_birth_country", "t8"."c_login", "t8"."c_email_address", "t9"."d_year") AS "t"
UNION ALL
SELECT "t16"."c_customer_id" AS "customer_id", "t16"."c_first_name" AS "customer_first_name", "t16"."c_last_name" AS "customer_last_name", "t16"."c_preferred_cust_flag" AS "customer_preferred_cust_flag", "t16"."c_birth_country" AS "customer_birth_country", "t16"."c_login" AS "customer_login", "t16"."c_email_address" AS "customer_email_address", "t17"."d_year" AS "dyear", SUM("t16"."/") AS "year_total", 'w' AS "sale_type"
FROM (SELECT "t14"."c_customer_id", "t14"."c_first_name", "t14"."c_last_name", "t14"."c_preferred_cust_flag", "t14"."c_birth_country", "t14"."c_login", "t14"."c_email_address", "t15"."ws_sold_date_sk", "t15"."/"
FROM (SELECT "c_customer_sk", "c_customer_id", "c_first_name", "c_last_name", "c_preferred_cust_flag", "c_birth_country", "c_login", "c_email_address"
FROM '/mnt/disks/tpcds/parquet/customer.parquet' AS customer) AS "t14"
INNER JOIN (SELECT "ws_sold_date_sk", "ws_bill_customer_sk", ("ws_ext_list_price" - "ws_ext_wholesale_cost" - "ws_ext_discount_amt" + "ws_ext_sales_price") / 2 AS "/"
FROM '/mnt/disks/tpcds/parquet/web_sales.parquet' AS web_sales) AS "t15" ON "t14"."c_customer_sk" = "t15"."ws_bill_customer_sk") AS "t16"
INNER JOIN (SELECT "d_date_sk", "d_year"
FROM '/mnt/disks/tpcds/parquet/date_dim.parquet' AS date_dim) AS "t17" ON "t16"."ws_sold_date_sk" = "t17"."d_date_sk"
GROUP BY "t16"."c_customer_id", "t16"."c_first_name", "t16"."c_last_name", "t16"."c_preferred_cust_flag", "t16"."c_birth_country", "t16"."c_login", "t16"."c_email_address", "t17"."d_year"

CTAS: duck_table_04_1 SRC: GCP DEST: GCP NUM INPUTS: 0 RUNTIME: -1.0 CARDINALITY: -1 COST: 0.0
CREATE TABLE duck_table_04_1 AS SELECT "t18"."customer_id0" AS "customer_id", "t18"."customer_first_name0" AS "customer_first_name", "t18"."customer_last_name0" AS "customer_last_name", "t18"."customer_preferred_cust_flag0" AS "customer_preferred_cust_flag"
FROM (SELECT "t13"."customer_id", "t13"."customer_id0", "t13"."customer_first_name0", "t13"."customer_last_name0", "t13"."customer_preferred_cust_flag0", "t16"."year_total" AS "year_total3", "t13"."CASE", "t16".">"
FROM (SELECT "t9"."customer_id", "t9"."customer_id0", "t9"."customer_first_name0", "t9"."customer_last_name0", "t9"."customer_preferred_cust_flag0", CASE WHEN "t9".">" THEN "t12"."year_total" / "t9"."year_total1" ELSE NULL END AS "CASE"
FROM (SELECT "t5"."customer_id", "t5"."customer_id0", "t5"."customer_first_name0", "t5"."customer_last_name0", "t5"."customer_preferred_cust_flag0", "t8"."year_total" AS "year_total1", "t8".">", "t5"."CASE"
FROM (SELECT "t1"."customer_id", "t4"."customer_id" AS "customer_id0", "t4"."customer_first_name" AS "customer_first_name0", "t4"."customer_last_name" AS "customer_last_name0", "t4"."customer_preferred_cust_flag" AS "customer_preferred_cust_flag0", CASE WHEN "t1".">" THEN "t4"."year_total" / "t1"."year_total" ELSE NULL END AS "CASE"
FROM (SELECT "customer_id", "year_total", "year_total" > 0 AS ">"
FROM "duck_table_04_0"
WHERE "sale_type" = 's' AND "dyear" = 2001 AND "year_total" > 0) AS "t1"
INNER JOIN (SELECT "customer_id", "customer_first_name", "customer_last_name", "customer_preferred_cust_flag", "year_total"
FROM "duck_table_04_0"
WHERE "sale_type" = 's' AND "dyear" = 2001 + 1) AS "t4" ON "t1"."customer_id" = "t4"."customer_id") AS "t5"
INNER JOIN (SELECT "customer_id", "year_total", "year_total" > 0 AS ">"
FROM "duck_table_04_0"
WHERE "sale_type" = 'c' AND "dyear" = 2001 AND "year_total" > 0) AS "t8" ON "t5"."customer_id" = "t8"."customer_id") AS "t9"
INNER JOIN (SELECT "customer_id", "year_total"
FROM "duck_table_04_0"
WHERE "sale_type" = 'c' AND "dyear" = 2001 + 1) AS "t12" ON "t9"."customer_id" = "t12"."customer_id" AND CASE WHEN "t9".">" THEN "t12"."year_total" / "t9"."year_total1" ELSE NULL END > "t9"."CASE") AS "t13"
INNER JOIN (SELECT "customer_id", "year_total", "year_total" > 0 AS ">"
FROM "duck_table_04_0"
WHERE "sale_type" = 'w' AND "dyear" = 2001 AND "year_total" > 0) AS "t16" ON "t13"."customer_id" = "t16"."customer_id") AS "t18"
INNER JOIN (SELECT "customer_id", "year_total"
FROM "duck_table_04_0"
WHERE "sale_type" = 'w' AND "dyear" = 2001 + 1) AS "t21" ON "t18"."customer_id" = "t21"."customer_id" AND "t18"."CASE" > CASE WHEN "t18".">" THEN CAST("t21"."year_total" / "t18"."year_total3" AS DECIMAL(19, 0)) ELSE NULL END

CTAS: null SRC: GCP DEST: GCP NUM INPUTS: 0 RUNTIME: -1.0 CARDINALITY: -1 COST: 0.0
SELECT *
FROM "duck_table_04_1"
ORDER BY "customer_id" NULLS FIRST, "customer_first_name" NULLS FIRST, "customer_last_name" NULLS FIRST, "customer_preferred_cust_flag" NULLS FIRST
FETCH NEXT 100 ROWS ONLY

STARTING QRY: CREATE TABLE duck_table_04_0 AS SELECT *
FROM (SELECT "t1"."c_customer_id" AS "customer_id", "t1"."c_first_name" AS "customer_first_name", "t1"."c_last_name" AS "customer_last_name", "t1"."c_preferred_cust_flag" AS "customer_preferred_cust_flag", "t1"."c_birth_country" AS "customer_birth_country", "t1"."c_login" AS "customer_login", "t1"."c_email_address" AS "customer_email_address", "t2"."d_year" AS "dyear", SUM("t1"."/") AS "year_total", 's' AS "sale_type"
FROM (SELECT "t"."c_customer_id", "t"."c_first_name", "t"."c_last_name", "t"."c_preferred_cust_flag", "t"."c_birth_country", "t"."c_login", "t"."c_email_address", "t0"."ss_sold_date_sk", "t0"."/"
FROM (SELECT "c_customer_sk", "c_customer_id", "c_first_name", "c_last_name", "c_preferred_cust_flag", "c_birth_country", "c_login", "c_email_address"
FROM '/mnt/disks/tpcds/parquet/customer.parquet' AS customer) AS "t"
INNER JOIN (SELECT "ss_sold_date_sk", "ss_customer_sk", ("ss_ext_list_price" - "ss_ext_wholesale_cost" - "ss_ext_discount_amt" + "ss_ext_sales_price") / 2 AS "/"
FROM '/mnt/disks/tpcds/parquet/store_sales.parquet' AS store_sales) AS "t0" ON "t"."c_customer_sk" = "t0"."ss_customer_sk") AS "t1"
INNER JOIN (SELECT "d_date_sk", "d_year"
FROM '/mnt/disks/tpcds/parquet/date_dim.parquet' AS date_dim) AS "t2" ON "t1"."ss_sold_date_sk" = "t2"."d_date_sk"
GROUP BY "t1"."c_customer_id", "t1"."c_first_name", "t1"."c_last_name", "t1"."c_preferred_cust_flag", "t1"."c_birth_country", "t1"."c_login", "t1"."c_email_address", "t2"."d_year"
UNION ALL
SELECT "t8"."c_customer_id" AS "customer_id", "t8"."c_first_name" AS "customer_first_name", "t8"."c_last_name" AS "customer_last_name", "t8"."c_preferred_cust_flag" AS "customer_preferred_cust_flag", "t8"."c_birth_country" AS "customer_birth_country", "t8"."c_login" AS "customer_login", "t8"."c_email_address" AS "customer_email_address", "t9"."d_year" AS "dyear", SUM("t8"."/") AS "year_total", 'c' AS "sale_type"
FROM (SELECT "t6"."c_customer_id", "t6"."c_first_name", "t6"."c_last_name", "t6"."c_preferred_cust_flag", "t6"."c_birth_country", "t6"."c_login", "t6"."c_email_address", "t7"."cs_sold_date_sk", "t7"."/"
FROM (SELECT "c_customer_sk", "c_customer_id", "c_first_name", "c_last_name", "c_preferred_cust_flag", "c_birth_country", "c_login", "c_email_address"
FROM '/mnt/disks/tpcds/parquet/customer.parquet' AS customer) AS "t6"
INNER JOIN (SELECT "cs_sold_date_sk", "cs_bill_customer_sk", ("cs_ext_list_price" - "cs_ext_wholesale_cost" - "cs_ext_discount_amt" + "cs_ext_sales_price") / 2 AS "/"
FROM '/mnt/disks/tpcds/parquet/catalog_sales.parquet' AS catalog_sales) AS "t7" ON "t6"."c_customer_sk" = "t7"."cs_bill_customer_sk") AS "t8"
INNER JOIN (SELECT "d_date_sk", "d_year"
FROM '/mnt/disks/tpcds/parquet/date_dim.parquet' AS date_dim) AS "t9" ON "t8"."cs_sold_date_sk" = "t9"."d_date_sk"
GROUP BY "t8"."c_customer_id", "t8"."c_first_name", "t8"."c_last_name", "t8"."c_preferred_cust_flag", "t8"."c_birth_country", "t8"."c_login", "t8"."c_email_address", "t9"."d_year") AS "t"
UNION ALL
SELECT "t16"."c_customer_id" AS "customer_id", "t16"."c_first_name" AS "customer_first_name", "t16"."c_last_name" AS "customer_last_name", "t16"."c_preferred_cust_flag" AS "customer_preferred_cust_flag", "t16"."c_birth_country" AS "customer_birth_country", "t16"."c_login" AS "customer_login", "t16"."c_email_address" AS "customer_email_address", "t17"."d_year" AS "dyear", SUM("t16"."/") AS "year_total", 'w' AS "sale_type"
FROM (SELECT "t14"."c_customer_id", "t14"."c_first_name", "t14"."c_last_name", "t14"."c_preferred_cust_flag", "t14"."c_birth_country", "t14"."c_login", "t14"."c_email_address", "t15"."ws_sold_date_sk", "t15"."/"
FROM (SELECT "c_customer_sk", "c_customer_id", "c_first_name", "c_last_name", "c_preferred_cust_flag", "c_birth_country", "c_login", "c_email_address"
FROM '/mnt/disks/tpcds/parquet/customer.parquet' AS customer) AS "t14"
INNER JOIN (SELECT "ws_sold_date_sk", "ws_bill_customer_sk", ("ws_ext_list_price" - "ws_ext_wholesale_cost" - "ws_ext_discount_amt" + "ws_ext_sales_price") / 2 AS "/"
FROM '/mnt/disks/tpcds/parquet/web_sales.parquet' AS web_sales) AS "t15" ON "t14"."c_customer_sk" = "t15"."ws_bill_customer_sk") AS "t16"
INNER JOIN (SELECT "d_date_sk", "d_year"
FROM '/mnt/disks/tpcds/parquet/date_dim.parquet' AS date_dim) AS "t17" ON "t16"."ws_sold_date_sk" = "t17"."d_date_sk"
GROUP BY "t16"."c_customer_id", "t16"."c_first_name", "t16"."c_last_name", "t16"."c_preferred_cust_flag", "t16"."c_birth_country", "t16"."c_login", "t16"."c_email_address", "t17"."d_year"

