-Dexec.args="single duck 98 1.48 0.0"
WARNING: An illegal reflective access operation has occurred
WARNING: Illegal reflective access by com.google.inject.internal.cglib.core.$ReflectUtils$1 (file:/usr/share/maven/lib/guice.jar) to method java.lang.ClassLoader.defineClass(java.lang.String,byte[],int,int,java.security.ProtectionDomain)
WARNING: Please consider reporting this to the maintainers of com.google.inject.internal.cglib.core.$ReflectUtils$1
WARNING: Use --illegal-access=warn to enable warnings of further illegal reflective access operations
WARNING: All illegal access operations will be denied in a future release
[[1;34mINFO[m] Scanning for projects...
[[1;34mINFO[m] 
[[1;34mINFO[m] [1m------------------------< [0;36morg.arachne:arachne[0;1m >-------------------------[m
[[1;34mINFO[m] [1mBuilding arachne 1.0-SNAPSHOT[m
[[1;34mINFO[m] [1m--------------------------------[ jar ]---------------------------------[m
[[1;34mINFO[m] 
[[1;34mINFO[m] [1m--- [0;32mexec-maven-plugin:3.0.0:java[m [1m(default-cli)[m @ [36marachne[0;1m ---[m
98 1.48 0.0 GCP
/home/cc/arachneDB/baseline/duck_chameleon_baseline.json
98 1004.2550413608551
/home/cc/arachneDB/baseline/duck_c_chameleon_baseline.json
98 1012.6547045707703
START: :
148:ProfileSort(sort0=[$2], sort1=[$3], sort2=[$0], sort3=[$1], sort4=[$6], dir0=[ASC-nulls-first], dir1=[ASC-nulls-first], dir2=[ASC-nulls-first], dir3=[ASC-nulls-first], dir4=[ASC-nulls-first]): rowcount = 0, timing = null, opportunity = -1.0
  161:ProfileProject(i_item_id=[$0], i_item_desc=[$1], i_category=[$2], i_class=[$3], i_current_price=[$4], itemrevenue=[$5], revenueratio=[/(*($5, 100.0000:DECIMAL(7, 4)), SUM($5) OVER (PARTITION BY $3))]): rowcount = 45075, timing = null, opportunity = 0.33539699668
    173:ProfileAggregate(group=[{0, 1, 2, 3, 4}], itemrevenue=[SUM($5)]): rowcount = 45075, timing = null, opportunity = 0.33539789818
      184:ProfileProject(i_item_id=[$2], i_item_desc=[$3], i_category=[$6], i_class=[$5], i_current_price=[$4], ss_ext_sales_price=[$1]): rowcount = 7853911, timing = null, opportunity = 0.32274758385999996
        195:ProfileJoin(condition=[=($0, $7)], joinType=[inner]): rowcount = 7853911, timing = null, opportunity = 0.32243342742
          201:ProfileProject(ss_sold_date_sk=[$0], ss_ext_sales_price=[$2], i_item_id=[$4], i_item_desc=[$5], i_current_price=[$6], i_class=[$7], i_category=[$8]): rowcount = 862644222, timing = null, opportunity = -1.079304685615
            207:ProfileJoin(condition=[=($1, $3)], joinType=[inner]): rowcount = 862644222, timing = null, opportunity = -1.1138104544949998
              209:ProfileProject(ss_sold_date_sk=[$0], ss_item_sk=[$2], ss_ext_sales_price=[$15]): rowcount = 2879987999, timing = null, opportunity = 0.16175355852499995
                210:ProfileTableScan(table=[[tpcds, store_sales]]): rowcount = 2879987999, timing = null, opportunity = -0.9902416410749998
              213:ProfileProject(i_item_sk=[$0], i_item_id=[$1], i_item_desc=[$4], i_current_price=[$5], i_class=[$10], i_category=[$12]): rowcount = 600000, timing = null, opportunity = -0.9903346410749997
                215:ProfileFilter(condition=[SEARCH($12, Sarg['Books':CHAR(6), 'Home':CHAR(6), 'Sports']:CHAR(6))]): rowcount = 600000, timing = null, opportunity = -0.9911206410750001
                  216:ProfileTableScan(table=[[tpcds, item]]): rowcount = 600000, timing = null, opportunity = -0.9911206410750001
          220:ProfileProject(d_date_sk=[$0]): rowcount = 62, timing = null, opportunity = -0.9902025610999999
            223:ProfileProject(d_date_sk=[$0], d_date=[$2]): rowcount = 62, timing = null, opportunity = -0.9902025623399998
              225:ProfileFilter(condition=[SEARCH($2, Sarg[[1999-02-22..1999-03-24]])]): rowcount = 62, timing = null, opportunity = -0.9902025930299999
                226:ProfileTableScan(table=[[tpcds, date_dim]]): rowcount = 62, timing = null, opportunity = -0.9902025930299999

trial 0
CTAS: duck_table_98_0 SRC: GCP DEST: GCP NUM INPUTS: 0 RUNTIME: -1.0 CARDINALITY: -1 COST: 0.0
CREATE TABLE duck_table_98_0 AS SELECT "t2"."i_item_id", "t2"."i_item_desc", "t2"."i_category", "t2"."i_class", "t2"."i_current_price", SUM("t2"."ss_ext_sales_price") AS "itemrevenue"
FROM (SELECT "t"."ss_sold_date_sk", "t"."ss_ext_sales_price", "t1"."i_item_id", "t1"."i_item_desc", "t1"."i_current_price", "t1"."i_class", "t1"."i_category"
FROM (SELECT "ss_sold_date_sk", "ss_item_sk", "ss_ext_sales_price"
FROM '/mnt/disks/tpcds/parquet/store_sales.parquet' AS store_sales) AS "t"
INNER JOIN (SELECT "i_item_sk", "i_item_id", "i_item_desc", "i_current_price", "i_class", "i_category"
FROM '/mnt/disks/tpcds/parquet/item.parquet' AS item
WHERE "i_category" IN ('Books', 'Home', 'Sports')) AS "t1" ON "t"."ss_item_sk" = "t1"."i_item_sk") AS "t2"
INNER JOIN (SELECT "d_date_sk"
FROM '/mnt/disks/tpcds/parquet/date_dim.parquet' AS date_dim
WHERE "d_date" >= DATE '1999-02-22' AND "d_date" <= DATE '1999-03-24') AS "t5" ON "t2"."ss_sold_date_sk" = "t5"."d_date_sk"
GROUP BY "t2"."i_item_id", "t2"."i_item_desc", "t2"."i_category", "t2"."i_class", "t2"."i_current_price"

CTAS: null SRC: GCP DEST: GCP NUM INPUTS: 0 RUNTIME: -1.0 CARDINALITY: -1 COST: 0.0
SELECT "i_item_id", "i_item_desc", "i_category", "i_class", "i_current_price", "itemrevenue", "itemrevenue" * 100.0000 / (SUM("itemrevenue") OVER (PARTITION BY "i_class" RANGE BETWEEN UNBOUNDED PRECEDING AND UNBOUNDED FOLLOWING)) AS "revenueratio"
FROM "duck_table_98_0"
ORDER BY "i_category" NULLS FIRST, "i_class" NULLS FIRST, "i_item_id" NULLS FIRST, "i_item_desc" NULLS FIRST, "itemrevenue" * 100.0000 / (SUM("itemrevenue") OVER (PARTITION BY "i_class" RANGE BETWEEN UNBOUNDED PRECEDING AND UNBOUNDED FOLLOWING)) NULLS FIRST

STARTING QRY: CREATE TABLE duck_table_98_0 AS SELECT "t2"."i_item_id", "t2"."i_item_desc", "t2"."i_category", "t2"."i_class", "t2"."i_current_price", SUM("t2"."ss_ext_sales_price") AS "itemrevenue"
FROM (SELECT "t"."ss_sold_date_sk", "t"."ss_ext_sales_price", "t1"."i_item_id", "t1"."i_item_desc", "t1"."i_current_price", "t1"."i_class", "t1"."i_category"
FROM (SELECT "ss_sold_date_sk", "ss_item_sk", "ss_ext_sales_price"
FROM '/mnt/disks/tpcds/parquet/store_sales.parquet' AS store_sales) AS "t"
INNER JOIN (SELECT "i_item_sk", "i_item_id", "i_item_desc", "i_current_price", "i_class", "i_category"
FROM '/mnt/disks/tpcds/parquet/item.parquet' AS item
WHERE "i_category" IN ('Books', 'Home', 'Sports')) AS "t1" ON "t"."ss_item_sk" = "t1"."i_item_sk") AS "t2"
INNER JOIN (SELECT "d_date_sk"
FROM '/mnt/disks/tpcds/parquet/date_dim.parquet' AS date_dim
WHERE "d_date" >= DATE '1999-02-22' AND "d_date" <= DATE '1999-03-24') AS "t5" ON "t2"."ss_sold_date_sk" = "t5"."d_date_sk"
GROUP BY "t2"."i_item_id", "t2"."i_item_desc", "t2"."i_category", "t2"."i_class", "t2"."i_current_price"

45075
45075
1046.555594008
finished query
STARTING QRY: SELECT "i_item_id", "i_item_desc", "i_category", "i_class", "i_current_price", "itemrevenue", "itemrevenue" * 100.0000 / (SUM("itemrevenue") OVER (PARTITION BY "i_class" RANGE BETWEEN UNBOUNDED PRECEDING AND UNBOUNDED FOLLOWING)) AS "revenueratio"
FROM "duck_table_98_0"
ORDER BY "i_category" NULLS FIRST, "i_class" NULLS FIRST, "i_item_id" NULLS FIRST, "i_item_desc" NULLS FIRST, "itemrevenue" * 100.0000 / (SUM("itemrevenue") OVER (PARTITION BY "i_class" RANGE BETWEEN UNBOUNDED PRECEDING AND UNBOUNDED FOLLOWING)) NULLS FIRST

0.320180034
finished query
FINISHED PROFILING FOR TRIAL 0
CTAS: duck_table_98_0 SRC: GCP DEST: GCP NUM INPUTS: 0 RUNTIME: 1046.555594008 CARDINALITY: 45075 COST: 0.4302506330921778
CTAS: null SRC: GCP DEST: GCP NUM INPUTS: 0 RUNTIME: 0.320180034 CARDINALITY: -1 COST: 1.3162956953333333E-4
cut real save: -1.4205652956671773
Post Trial ::
148:ProfileSort(sort0=[$2], sort1=[$3], sort2=[$0], sort3=[$1], sort4=[$6], dir0=[ASC-nulls-first], dir1=[ASC-nulls-first], dir2=[ASC-nulls-first], dir3=[ASC-nulls-first], dir4=[ASC-nulls-first]): rowcount = 0, timing = null, opportunity = -1.0
  161:ProfileProject(i_item_id=[$0], i_item_desc=[$1], i_category=[$2], i_class=[$3], i_current_price=[$4], itemrevenue=[$5], revenueratio=[/(*($5, 100.0000:DECIMAL(7, 4)), SUM($5) OVER (PARTITION BY $3))]): rowcount = 45075, timing = null, opportunity = -0.09485363641217781
    173:ProfileAggregate(group=[{0, 1, 2, 3, 4}], itemrevenue=[SUM($5)]): rowcount = 45075, timing = null, opportunity = 0.33539789818
      184:ProfileProject(i_item_id=[$2], i_item_desc=[$3], i_category=[$6], i_class=[$5], i_current_price=[$4], ss_ext_sales_price=[$1]): rowcount = 7853911, timing = null, opportunity = 0.32274758385999996
        195:ProfileJoin(condition=[=($0, $7)], joinType=[inner]): rowcount = 7853911, timing = null, opportunity = 0.32243342742
          201:ProfileProject(ss_sold_date_sk=[$0], ss_ext_sales_price=[$2], i_item_id=[$4], i_item_desc=[$5], i_current_price=[$6], i_class=[$7], i_category=[$8]): rowcount = 862644222, timing = null, opportunity = -1.079304685615
            207:ProfileJoin(condition=[=($1, $3)], joinType=[inner]): rowcount = 862644222, timing = null, opportunity = -1.1138104544949998
              209:ProfileProject(ss_sold_date_sk=[$0], ss_item_sk=[$2], ss_ext_sales_price=[$15]): rowcount = 2879987999, timing = null, opportunity = 0.16175355852499995
                210:ProfileTableScan(table=[[tpcds, store_sales]]): rowcount = 2879987999, timing = null, opportunity = -0.9902416410749998
              213:ProfileProject(i_item_sk=[$0], i_item_id=[$1], i_item_desc=[$4], i_current_price=[$5], i_class=[$10], i_category=[$12]): rowcount = 600000, timing = null, opportunity = -0.9903346410749997
                215:ProfileFilter(condition=[SEARCH($12, Sarg['Books':CHAR(6), 'Home':CHAR(6), 'Sports']:CHAR(6))]): rowcount = 600000, timing = null, opportunity = -0.9911206410750001
                  216:ProfileTableScan(table=[[tpcds, item]]): rowcount = 600000, timing = null, opportunity = -0.9911206410750001
          220:ProfileProject(d_date_sk=[$0]): rowcount = 62, timing = null, opportunity = -0.9902025610999999
            223:ProfileProject(d_date_sk=[$0], d_date=[$2]): rowcount = 62, timing = null, opportunity = -0.9902025623399998
              225:ProfileFilter(condition=[SEARCH($2, Sarg[[1999-02-22..1999-03-24]])]): rowcount = 62, timing = null, opportunity = -0.9902025930299999
                226:ProfileTableScan(table=[[tpcds, date_dim]]): rowcount = 62, timing = null, opportunity = -0.9902025930299999

trial 1
CTAS: duck_table_98_0 SRC: GCP DEST: GCP NUM INPUTS: 0 RUNTIME: -1.0 CARDINALITY: -1 COST: 0.0
CREATE TABLE duck_table_98_0 AS SELECT "t2"."i_item_id", "t2"."i_item_desc", "t2"."i_category", "t2"."i_class", "t2"."i_current_price", "t2"."ss_ext_sales_price"
FROM (SELECT "t"."ss_sold_date_sk", "t"."ss_ext_sales_price", "t1"."i_item_id", "t1"."i_item_desc", "t1"."i_current_price", "t1"."i_class", "t1"."i_category"
FROM (SELECT "ss_sold_date_sk", "ss_item_sk", "ss_ext_sales_price"
FROM '/mnt/disks/tpcds/parquet/store_sales.parquet' AS store_sales) AS "t"
INNER JOIN (SELECT "i_item_sk", "i_item_id", "i_item_desc", "i_current_price", "i_class", "i_category"
FROM '/mnt/disks/tpcds/parquet/item.parquet' AS item
WHERE "i_category" IN ('Books', 'Home', 'Sports')) AS "t1" ON "t"."ss_item_sk" = "t1"."i_item_sk") AS "t2"
INNER JOIN (SELECT "d_date_sk"
FROM '/mnt/disks/tpcds/parquet/date_dim.parquet' AS date_dim
WHERE "d_date" >= DATE '1999-02-22' AND "d_date" <= DATE '1999-03-24') AS "t5" ON "t2"."ss_sold_date_sk" = "t5"."d_date_sk"

CTAS: null SRC: GCP DEST: GCP NUM INPUTS: 0 RUNTIME: -1.0 CARDINALITY: -1 COST: 0.0
SELECT "i_item_id", "i_item_desc", "i_category", "i_class", "i_current_price", SUM("ss_ext_sales_price") AS "itemrevenue", SUM("ss_ext_sales_price") * 100.0000 / (SUM(SUM("ss_ext_sales_price")) OVER (PARTITION BY "i_class" RANGE BETWEEN UNBOUNDED PRECEDING AND UNBOUNDED FOLLOWING)) AS "revenueratio"
FROM "duck_table_98_0"
GROUP BY "i_item_id", "i_item_desc", "i_category", "i_class", "i_current_price"
ORDER BY "i_category" NULLS FIRST, "i_class" NULLS FIRST, "i_item_id" NULLS FIRST, "i_item_desc" NULLS FIRST, SUM("ss_ext_sales_price") * 100.0000 / (SUM(SUM("ss_ext_sales_price")) OVER (PARTITION BY "i_class" RANGE BETWEEN UNBOUNDED PRECEDING AND UNBOUNDED FOLLOWING)) NULLS FIRST

STARTING QRY: CREATE TABLE duck_table_98_0 AS SELECT "t2"."i_item_id", "t2"."i_item_desc", "t2"."i_category", "t2"."i_class", "t2"."i_current_price", "t2"."ss_ext_sales_price"
FROM (SELECT "t"."ss_sold_date_sk", "t"."ss_ext_sales_price", "t1"."i_item_id", "t1"."i_item_desc", "t1"."i_current_price", "t1"."i_class", "t1"."i_category"
FROM (SELECT "ss_sold_date_sk", "ss_item_sk", "ss_ext_sales_price"
FROM '/mnt/disks/tpcds/parquet/store_sales.parquet' AS store_sales) AS "t"
INNER JOIN (SELECT "i_item_sk", "i_item_id", "i_item_desc", "i_current_price", "i_class", "i_category"
FROM '/mnt/disks/tpcds/parquet/item.parquet' AS item
WHERE "i_category" IN ('Books', 'Home', 'Sports')) AS "t1" ON "t"."ss_item_sk" = "t1"."i_item_sk") AS "t2"
INNER JOIN (SELECT "d_date_sk"
FROM '/mnt/disks/tpcds/parquet/date_dim.parquet' AS date_dim
WHERE "d_date" >= DATE '1999-02-22' AND "d_date" <= DATE '1999-03-24') AS "t5" ON "t2"."ss_sold_date_sk" = "t5"."d_date_sk"

7853911
7853911
280.795992125
finished query
STARTING QRY: SELECT "i_item_id", "i_item_desc", "i_category", "i_class", "i_current_price", SUM("ss_ext_sales_price") AS "itemrevenue", SUM("ss_ext_sales_price") * 100.0000 / (SUM(SUM("ss_ext_sales_price")) OVER (PARTITION BY "i_class" RANGE BETWEEN UNBOUNDED PRECEDING AND UNBOUNDED FOLLOWING)) AS "revenueratio"
FROM "duck_table_98_0"
GROUP BY "i_item_id", "i_item_desc", "i_category", "i_class", "i_current_price"
ORDER BY "i_category" NULLS FIRST, "i_class" NULLS FIRST, "i_item_id" NULLS FIRST, "i_item_desc" NULLS FIRST, SUM("ss_ext_sales_price") * 100.0000 / (SUM(SUM("ss_ext_sales_price")) OVER (PARTITION BY "i_class" RANGE BETWEEN UNBOUNDED PRECEDING AND UNBOUNDED FOLLOWING)) NULLS FIRST

5.146990628
finished query
FINISHED PROFILING FOR TRIAL 1
CTAS: duck_table_98_0 SRC: GCP DEST: GCP NUM INPUTS: 0 RUNTIME: 280.795992125 CARDINALITY: 7853911 COST: 0.11543835231805556
CTAS: null SRC: GCP DEST: GCP NUM INPUTS: 0 RUNTIME: 5.146990628 CARDINALITY: -1 COST: 0.0021159850359555557
cut real save: -1.1184033292130553
Post Trial ::
148:ProfileSort(sort0=[$2], sort1=[$3], sort2=[$0], sort3=[$1], sort4=[$6], dir0=[ASC-nulls-first], dir1=[ASC-nulls-first], dir2=[ASC-nulls-first], dir3=[ASC-nulls-first], dir4=[ASC-nulls-first]): rowcount = 0, timing = null, opportunity = -1.0
  161:ProfileProject(i_item_id=[$0], i_item_desc=[$1], i_category=[$2], i_class=[$3], i_current_price=[$4], itemrevenue=[$5], revenueratio=[/(*($5, 100.0000:DECIMAL(7, 4)), SUM($5) OVER (PARTITION BY $3))]): rowcount = 45075, timing = null, opportunity = -0.09485363641217781
    173:ProfileAggregate(group=[{0, 1, 2, 3, 4}], itemrevenue=[SUM($5)]): rowcount = 45075, timing = null, opportunity = 0.21995954586194444
      184:ProfileProject(i_item_id=[$2], i_item_desc=[$3], i_category=[$6], i_class=[$5], i_current_price=[$4], ss_ext_sales_price=[$1]): rowcount = 7853911, timing = null, opportunity = 0.32274758385999996
        195:ProfileJoin(condition=[=($0, $7)], joinType=[inner]): rowcount = 7853911, timing = null, opportunity = 0.32243342742
          201:ProfileProject(ss_sold_date_sk=[$0], ss_ext_sales_price=[$2], i_item_id=[$4], i_item_desc=[$5], i_current_price=[$6], i_class=[$7], i_category=[$8]): rowcount = 862644222, timing = null, opportunity = -1.079304685615
            207:ProfileJoin(condition=[=($1, $3)], joinType=[inner]): rowcount = 862644222, timing = null, opportunity = -1.1138104544949998
              209:ProfileProject(ss_sold_date_sk=[$0], ss_item_sk=[$2], ss_ext_sales_price=[$15]): rowcount = 2879987999, timing = null, opportunity = 0.16175355852499995
                210:ProfileTableScan(table=[[tpcds, store_sales]]): rowcount = 2879987999, timing = null, opportunity = -0.9902416410749998
              213:ProfileProject(i_item_sk=[$0], i_item_id=[$1], i_item_desc=[$4], i_current_price=[$5], i_class=[$10], i_category=[$12]): rowcount = 600000, timing = null, opportunity = -0.9903346410749997
                215:ProfileFilter(condition=[SEARCH($12, Sarg['Books':CHAR(6), 'Home':CHAR(6), 'Sports']:CHAR(6))]): rowcount = 600000, timing = null, opportunity = -0.9911206410750001
                  216:ProfileTableScan(table=[[tpcds, item]]): rowcount = 600000, timing = null, opportunity = -0.9911206410750001
          220:ProfileProject(d_date_sk=[$0]): rowcount = 62, timing = null, opportunity = -0.9902025610999999
            223:ProfileProject(d_date_sk=[$0], d_date=[$2]): rowcount = 62, timing = null, opportunity = -0.9902025623399998
              225:ProfileFilter(condition=[SEARCH($2, Sarg[[1999-02-22..1999-03-24]])]): rowcount = 62, timing = null, opportunity = -0.9902025930299999
                226:ProfileTableScan(table=[[tpcds, date_dim]]): rowcount = 62, timing = null, opportunity = -0.9902025930299999

trial 2
CTAS: duck_table_98_0 SRC: GCP DEST: GCP NUM INPUTS: 0 RUNTIME: -1.0 CARDINALITY: -1 COST: 0.0
CREATE TABLE duck_table_98_0 AS SELECT "ss_sold_date_sk", "ss_item_sk", "ss_ext_sales_price"
FROM '/mnt/disks/tpcds/parquet/store_sales.parquet' AS store_sales

CTAS: null SRC: GCP DEST: GCP NUM INPUTS: 0 RUNTIME: -1.0 CARDINALITY: -1 COST: 0.0
SELECT "t6"."i_item_id", "t6"."i_item_desc", "t6"."i_category", "t6"."i_class", "t6"."i_current_price", "t6"."itemrevenue", "t6"."itemrevenue" * 100.0000 / (SUM("t6"."itemrevenue") OVER (PARTITION BY "t6"."i_class" RANGE BETWEEN UNBOUNDED PRECEDING AND UNBOUNDED FOLLOWING)) AS "revenueratio"
FROM (SELECT "t1"."i_item_id", "t1"."i_item_desc", "t1"."i_category", "t1"."i_class", "t1"."i_current_price", SUM("t1"."ss_ext_sales_price") AS "itemrevenue"
FROM (SELECT "duck_table_98_0"."ss_sold_date_sk", "duck_table_98_0"."ss_ext_sales_price", "t0"."i_item_id", "t0"."i_item_desc", "t0"."i_current_price", "t0"."i_class", "t0"."i_category"
FROM "duck_table_98_0"
INNER JOIN (SELECT "i_item_sk", "i_item_id", "i_item_desc", "i_current_price", "i_class", "i_category"
FROM '/mnt/disks/tpcds/parquet/item.parquet' AS item
WHERE "i_category" IN ('Books', 'Home', 'Sports')) AS "t0" ON "duck_table_98_0"."ss_item_sk" = "t0"."i_item_sk") AS "t1"
INNER JOIN (SELECT "d_date_sk"
FROM '/mnt/disks/tpcds/parquet/date_dim.parquet' AS date_dim
WHERE "d_date" >= DATE '1999-02-22' AND "d_date" <= DATE '1999-03-24') AS "t4" ON "t1"."ss_sold_date_sk" = "t4"."d_date_sk"
GROUP BY "t1"."i_item_id", "t1"."i_item_desc", "t1"."i_category", "t1"."i_class", "t1"."i_current_price") AS "t6"
ORDER BY "t6"."i_category" NULLS FIRST, "t6"."i_class" NULLS FIRST, "t6"."i_item_id" NULLS FIRST, "t6"."i_item_desc" NULLS FIRST, "t6"."itemrevenue" * 100.0000 / (SUM("t6"."itemrevenue") OVER (PARTITION BY "t6"."i_class" RANGE BETWEEN UNBOUNDED PRECEDING AND UNBOUNDED FOLLOWING)) NULLS FIRST

STARTING QRY: CREATE TABLE duck_table_98_0 AS SELECT "ss_sold_date_sk", "ss_item_sk", "ss_ext_sales_price"
FROM '/mnt/disks/tpcds/parquet/store_sales.parquet' AS store_sales

