Egress: $0.12/GB
Benchmark: tpcds
Data Path: parquet_1000/batch_rs1
BigQuery Cost: $6.25/TB; DuckDB Cost: $1.48/hr; Redshift Cost: $1.086/hr
Use Duck: True
Using calcite profiles: False
Excluded Table: catalog_sales
Excluded Query: None

Starting analysis using DuckDB
Excluding table catalog_sales and any queries that depend on it
20
23
Total Keys: 59, Keys Considered: 20
0.17706104142185566
0.17706104142185566
0.0
['000', '001', '002', '004', '005', '006', '007', '008', '009', '0010', '0011', '0012', '0013', '0014', '0015', '0016', '0017', '0018', '0019', '0020', '0021', '0022', '0023']
['source', '06', '07', '21', '39', '43', '61', '62', '65', '68', '73', '79', '82', '84', '85', '89', '90', '91', '95', '96', '98']
[]
Costs: 1.12523818493086, 0, 1.12523818493086, 0.0, 0, 0.0, 0
Runtime: 4120.678000000001
Optimal Subset: 0b0
0.17706104142185564
