Egress: $0.12/GB
Benchmark: tpcds
Data Path: parquet_1000/batch_rs1
BigQuery Cost: $6.25/TB; DuckDB Cost: $1.48/hr; Redshift Cost: $1.086/hr
Use Duck: True
Using calcite profiles: False
Excluded Table: web_sales
Excluded Query: None

Starting analysis using DuckDB
Excluding table web_sales and any queries that depend on it
19
23
Total Keys: 61, Keys Considered: 19
0.1484019473761389
0.14840194737613888
-2.7755575615628914e-17
['000', '001', '002', '003', '004', '005', '006', '007', '008', '009', '0010', '0011', '0012', '0013', '0014', '0015', '0016', '0017', '0018', '0019', '0020', '0021', '0023']
['source', '06', '07', '20', '21', '37', '39', '40', '43', '61', '65', '68', '73', '79', '82', '84', '89', '91', '96', '98']
[]
Costs: 1.1572063678650348, 0, 1.1572063678650348, 0.0, 0, 0.0, 0
Runtime: 6910.312
Optimal Subset: 0b0
0.14840194737613888
