Egress: $0.12/GB
Benchmark: tpcds
Data Path: parquet_1000/internal2024_rs8
BigQuery Cost: $6.25/TB; DuckDB Cost: $1.48/hr; Redshift Cost: $8.688/hr
Use Duck: False
Using calcite profiles: False
Excluded Table: reason
Excluded Query: None

Starting analysis without using DuckDB
Excluding table reason and any queries that depend on it
89
23
Total Keys: 96, Keys Considered: 89
50.35366692485406
56.90544225204469
6.551775327190633
[]
['source']
['call_center', 'catalog_page', 'catalog_returns', 'catalog_sales', 'customer', 'customer_address', 'customer_demographics', 'date_dim', 'household_demographics', 'income_band', 'inventory', 'item', 'promotion', 'ship_mode', 'store', 'store_returns', 'store_sales', 'time_dim', 'warehouse', 'web_page', 'web_returns', 'web_sales', 'web_site']
Costs: 61.822018036380555, 10.271227583999634, 1.1971235275268555, 42.80121470109303, 7.4988463639068605, 0.022803142388043204, 0.03080271746613383
Runtime: 8247.917551402934
Optimal Subset: 0b111111111101111111111111
50.35366692485405
