Egress: $0.12/GB
Benchmark: tpcds
Data Path: parquet_1000/internal2024_rs8
BigQuery Cost: $6.25/TB; DuckDB Cost: $1.48/hr; Redshift Cost: $8.688/hr
Use Duck: False
Using calcite profiles: False
Excluded Table: inventory
Excluded Query: None

Starting analysis without using DuckDB
Excluding table inventory and any queries that depend on it
86
23
Total Keys: 93, Keys Considered: 86
49.585151375662626
57.42167887849809
7.836527502835466
[]
['source']
['call_center', 'catalog_page', 'catalog_returns', 'catalog_sales', 'customer', 'customer_address', 'customer_demographics', 'date_dim', 'household_demographics', 'income_band', 'item', 'promotion', 'reason', 'ship_mode', 'store', 'store_returns', 'store_sales', 'time_dim', 'warehouse', 'web_page', 'web_returns', 'web_sales', 'web_site']
Costs: 60.79848321646387, 10.016208313274387, 1.1971235275268555, 42.179153619102244, 7.353673722534179, 0.021965652026699815, 0.030358381999507546
Runtime: 8069.235244450625
Optimal Subset: 0b111111111111101111111111
49.58515137566262
