Egress: $0.12/GB
Benchmark: tpcds
Data Path: parquet_1000/internal2024_rs8
BigQuery Cost: $6.25/TB; DuckDB Cost: $1.48/hr; Redshift Cost: $8.688/hr
Use Duck: False
Using calcite profiles: False
Excluded Table: time_dim
Excluded Query: None

Starting analysis without using DuckDB
Excluding table time_dim and any queries that depend on it
87
23
Total Keys: 94, Keys Considered: 87
50.351552117207284
56.00787325083098
5.656321133623699
[]
['source']
['call_center', 'catalog_page', 'catalog_returns', 'catalog_sales', 'customer', 'customer_address', 'customer_demographics', 'date_dim', 'household_demographics', 'income_band', 'inventory', 'item', 'promotion', 'reason', 'ship_mode', 'store', 'store_returns', 'store_sales', 'warehouse', 'web_page', 'web_returns', 'web_sales', 'web_site']
Costs: 61.63304916476196, 10.084373520027796, 1.1971235275268555, 42.80108257224426, 7.497105859877269, 0.022561061998689624, 0.03080262308708429
Runtime: 8169.767900085077
Optimal Subset: 0b111110111111111111111111
50.351552117207305
