Egress: $0.24/GB
Benchmark: tpcds
Data Path: parquet_1000/real_data_rs1
BigQuery Cost: $5.0/TB; DuckDB Cost: $1.48/hr; Redshift Cost: $1.086/hr
Use Duck: False
Excluded Table: store
Excluded Query: None

Starting analysis without using DuckDB
Redshift Total: $4.544123019140165, Redshift-Calcite Total: $3.846740468838216, BigQuery Total: $54.358344078063965
Excluding table store and any queries that depend on it
Total Keys: 65, Keys Considered: 64
-0.8761786082081369
call_center: 9.615905582904816e-06, 0.0003992363085635583, 1.1867291367023896
catalog_page: 0.0017016949132084846, 0.0016824584802029212, -0.0016824584802029212
catalog_page had no query dependencies
catalog_returns: 13.009788101539016, 3.256654783569492, 1.9254491777253966
catalog_sales: 132.3057429259643, 33.27567982911428, 2.7825337886583767
customer: 0.8535048151388764, 0.2151028706469201, 8.943449271920317
customer_address: 0.2449320713058114, 0.06329264751808511, 8.24877946954949
customer_demographics: 0.011580578982830048, 0.003928342638971526, 5.13680758614683
date_dim: 0.001992875710129738, 0.001011121044237256, 44.266170120166855
household_demographics: 3.5176053643226624e-05, 0.0003466620720246879, 0.5711590839031517
income_band: 5.122274160385132e-07, 0.0003479403273529968, 0.012830497376097524
inventory: 5.1357166497036815, 1.3860988100986562, 0.161794663202675
item: 0.03489831369370222, 0.009499534727774782, 33.65010616727746
promotion: 7.638614624738693e-05, 0.0004672324775284589, 1.5898667730972542
reason: 1.4491379261016846e-06, 0.0003584834926749186, 3.0792244607661736
ship_mode: 1.3029202818870544e-06, 0.00034893949171733844, 0.9214580985762593
store_returns: 20.850121902301908, 5.22183530895547, -0.5517029165370859
store_sales: 174.69669486396015, 44.096339716262, -2.0541090160449116
time_dim: 0.0012146271765232086, 0.0009547745192266194, 1.407881460628488
warehouse: 2.907589077949524e-06, 0.00031973677260407516, 2.412038490685396
web_page: 7.394980639219284e-05, 0.00035907913708279314, 0.33021691549873766
web_returns: 6.285572262480855, 1.5663964530745937, 3.2905948252697987
web_sales: 67.01082486007363, 16.850470976854528, 18.121934809141198
web_site: 1.0454095900058746e-05, 0.00033148525102551956, 0.6662129165897407
-0.8753815029261909
call_center: 9.615905582904816e-06, 0.0003992348267414174, 1.1867291381842118
catalog_returns: 13.009788101539016, 3.254649960218081, -2.200883044204125
catalog_sales: 132.3057429259643, 33.255291361533295, -27.121202544786026
customer: 0.8535048151388764, 0.21497134457050926, 2.423382588169385
customer_address: 0.2449320713058114, 0.06325490320340213, 3.653084413216756
customer_demographics: 0.011580578982830048, 0.003926558058393701, 3.3177295283665935
date_dim: 0.001992875710129738, 0.0010108139397918227, 8.42906186573682
household_demographics: 3.5176053643226624e-05, 0.0003466566513542508, 0.5579806516203717
income_band: 5.122274160385132e-07, 0.00034794024841816124, -0.00034794024841816124
income_band had no query dependencies
inventory: 5.1357166497036815, 1.385307390239609, -0.021478841210576416
item: 0.03489831369370222, 0.009494156857384278, 5.9119391602491795
promotion: 7.638614624738693e-05, 0.00046722070633522145, 0.7929562697849756
reason: 1.4491379261016846e-06, 0.0003584832693610928, 0.17570916539257028
ship_mode: 1.3029202818870544e-06, 0.00034893929093582024, 0.9214580987770408
time_dim: 0.0012146271765232086, 0.0009545873437778154, 0.6930285996903522
warehouse: 2.907589077949524e-06, 0.0003197363245412447, 2.412038491133459
web_page: 7.394980639219284e-05, 0.0003590677413323374, 0.3302169268944881
web_returns: 6.285572262480855, 1.5654278391394205, -0.8367736060759612
web_sales: 67.01082486007363, 16.840144531456016, -14.463629364845934
web_site: 1.0454095900058746e-05, 0.00033148364003728406, 0.6662129182007289
call_center: 9.615905582904816e-06, 0.0003992339220728377, -0.0003992339220728377
call_center had no query dependencies
customer: 0.8535048151388764, 0.21489104646627236, -0.21489104646627236
customer had no query dependencies
customer_address: 0.2449320713058114, 0.06323185988760141, -0.06323185988760141
customer_address had no query dependencies
customer_demographics: 0.011580578982830048, 0.003925468552486067, -0.003925468552486067
customer_demographics had no query dependencies
date_dim: 0.001992875710129738, 0.0010106264491782202, -0.0010106264491782202
date_dim had no query dependencies
household_demographics: 3.5176053643226624e-05, 0.0003466533419758244, -0.0003466533419758244
household_demographics had no query dependencies
item: 0.03489831369370222, 0.009490873608853086, -0.009490873608853086
item had no query dependencies
promotion: 7.638614624738693e-05, 0.00046721351989335863, -0.00046721351989335863
promotion had no query dependencies
reason: 1.4491379261016846e-06, 0.0003584831330255664, -0.0003584831330255664
reason had no query dependencies
ship_mode: 1.3029202818870544e-06, 0.00034893916835651345, -0.00034893916835651345
ship_mode had no query dependencies
time_dim: 0.0012146271765232086, 0.0009544730711247506, -0.0009544730711247506
time_dim had no query dependencies
warehouse: 2.907589077949524e-06, 0.00031973605099399965, -0.00031973605099399965
warehouse had no query dependencies
web_page: 7.394980639219284e-05, 0.0003590607841023878, -0.0003590607841023878
web_page had no query dependencies
web_site: 1.0454095900058746e-05, 0.0003314826565113948, -0.0003314826565113948
web_site had no query dependencies
{}
{}
STARTING PHASE 2: 0b0
----
[]
Function: 54.358344078063965, 0, 54.358344078063965, 0.0, 0, 0.0, 0
{54.358344078063965: []}
[]
{}
Best Cost: $54.358344078063965;
[]
{}
{}
{}
[]
0
Optimal Subset: 0b0
Function: 54.358344078063965, 0, 54.358344078063965, 0.0, 0, 0.0, 0
54.358344078063965
Real: 54.358344078063965, 0, 54.358344078063965, 0.0, 0, 0.0, 0
Num Redshift Qs: 0; Num GCP Qs: 65
Redshift Qs: $0; GCP Qs: $54.358344078063965; Movement Cost: $0.0
Load Cost: $0, Storage Cost: $0.0, API Cost: $0
Final cost: $54.358344078063965, BQ Baseline: $54.358344078063965, Diff: $0.0, %: 0.0%
