Egress: $0.24/GB
Benchmark: tpcds
Data Path: parquet_1000/real_data_rs1
BigQuery Cost: $5.0/TB; DuckDB Cost: $1.48/hr; Redshift Cost: $1.086/hr
Use Duck: False
Excluded Table: catalog_returns
Excluded Query: None

Starting analysis without using DuckDB
Redshift Total: $5.543956846748194, Redshift-Calcite Total: $4.8855356129483365, BigQuery Total: $77.67235279083252
Excluding table catalog_returns and any queries that depend on it
Total Keys: 86, Keys Considered: 85
-0.8763100412252219
call_center: 9.615905582904816e-06, 0.00039923655289810124, 0.8016368263807058
catalog_page: 0.0017016949132084846, 0.0016825017192764866, -0.0016825017192764866
catalog_page had no query dependencies
catalog_sales: 132.3057429259643, 33.2790416407452, 0.8071410841018007
customer: 0.8535048151388764, 0.21512455770563066, 15.804200270509812
customer_address: 0.2449320713058114, 0.0632988710989206, 14.51849292992973
customer_demographics: 0.011580578982830048, 0.003928636894717771, 8.745807552198473
date_dim: 0.001992875710129738, 0.001011171682044755, 62.98734128131214
household_demographics: 3.5176053643226624e-05, 0.00034666296582766006, 7.212010726589547
income_band: 5.122274160385132e-07, 0.0003479403403683962, 0.012830497363082125
inventory: 5.1357166497036815, 1.3862293056582913, -0.22036527547235352
item: 0.03489831369370222, 0.009500421473537137, 47.324223764948094
promotion: 7.638614624738693e-05, 0.000467234418455808, 2.3169193841770648
reason: 1.4491379261016846e-06, 0.00035848352949666666, 3.079224460729352
ship_mode: 1.3029202818870544e-06, 0.0003489395248237816, 0.9214580985431529
store: 9.930133819580078e-05, 0.00047697866045100197, 27.490314356703337
store_returns: 20.850121902301908, 5.222365098371764, -0.5448878264326451
store_sales: 174.69669486396015, 44.10077865721565, 21.287015196720155
time_dim: 0.0012146271765232086, 0.0009548053821935547, 4.046119841905732
warehouse: 2.907589077949524e-06, 0.0003197368464842149, 1.7699375836581015
web_page: 7.394980639219284e-05, 0.00035908101610416995, 0.3302169136197163
web_returns: 6.285572262480855, 1.5665561657935707, -0.8379019327301114
web_sales: 67.01082486007363, 16.852173682764565, 14.568724458869898
web_site: 1.0454095900058746e-05, 0.0003314855166579888, 0.6662129163241083
call_center: 9.615905582904816e-06, 0.00039923633232429045, 0.8016368266012796
catalog_sales: 132.3057429259643, 33.2760067542585, -1.9080533021724513
customer: 0.8535048151388764, 0.2151049796421807, 14.763364146379287
customer_address: 0.2449320713058114, 0.06329325274088923, 12.827388127375258
customer_demographics: 0.011580578982830048, 0.003928371254376802, 8.556561731473433
date_dim: 0.001992875710129738, 0.0010111259685977904, 57.90641888912013
household_demographics: 3.5176053643226624e-05, 0.00034666215894409256, 7.19883228969298
income_band: 5.122274160385132e-07, 0.0003479403286187017, -0.0003479403286187017
income_band had no query dependencies
item: 0.03489831369370222, 0.009499620960888968, 42.62420233584529
promotion: 7.638614624738693e-05, 0.00046723266627727146, 2.316919385929243
reason: 1.4491379261016846e-06, 0.0003584834962557127, 2.374539902666661
ship_mode: 1.3029202818870544e-06, 0.00034893949493683136, 0.9214580985730397
store: 9.930133819580078e-05, 0.00047697638263385857, 23.354632434179482
store_sales: 174.69669486396015, 44.09677138869662, 16.50708658079806
time_dim: 0.0012146271765232086, 0.0009547775205488302, 4.046119869767377
warehouse: 2.907589077949524e-06, 0.0003197367797886762, 0.9214873012881879
web_page: 7.394980639219284e-05, 0.00035907931981145314, 0.1541492666540776
web_sales: 67.01082486007363, 16.850636559414266, 13.85557898943484
web_site: 1.0454095900058746e-05, 0.0003314852768574051, 0.12759797244048177
call_center: 9.615905582904816e-06, 0.00039923532092374874, -0.00039923532092374874
call_center had no query dependencies
customer: 0.8535048151388764, 0.21501520804189236, 7.1844677109012745
customer_address: 0.2449320713058114, 0.06326749079600848, 6.6666979216168745
customer_demographics: 0.011580578982830048, 0.003927153209570124, 4.80580258447913
date_dim: 0.001992875710129738, 0.0010109163580150488, 26.538465646644653
household_demographics: 3.5176053643226624e-05, 0.000346658459128261, 7.198832293392796
item: 0.03489831369370222, 0.009495950357733509, 16.465460470585203
promotion: 7.638614624738693e-05, 0.0004672246319856461, 1.9055253465876174
reason: 1.4491379261016846e-06, 0.00035848334383544703, 2.3745399028190812
ship_mode: 1.3029202818870544e-06, 0.0003489393578957313, 0.12758051835944345
store: 9.930133819580078e-05, 0.0004769659381233151, 22.825339781407003
store_sales: 174.69669486396015, 44.078396797733745, -9.847155984903218
time_dim: 0.0012146271765232086, 0.0009546497661138743, 2.7917921083479853
warehouse: 2.907589077949524e-06, 0.0003197364739685802, 0.1276097212433706
web_page: 7.394980639219284e-05, 0.0003590715417739505, 0.1541492744321151
web_sales: 67.01082486007363, 16.843588363695122, -12.94446477023798
web_site: 1.0454095900058746e-05, 0.00033148417729604135, 0.12759797354004315
customer: 0.8535048151388764, 0.21489104785751714, -0.21489104785751714
customer had no query dependencies
customer_address: 0.2449320713058114, 0.06323186028684986, -0.06323186028684986
customer_address had no query dependencies
customer_demographics: 0.011580578982830048, 0.003925468571362845, -0.003925468571362845
customer_demographics had no query dependencies
date_dim: 0.001992875710129738, 0.0010106264524266822, -0.0010106264524266822
date_dim had no query dependencies
household_demographics: 3.5176053643226624e-05, 0.00034665334203316263, -0.00034665334203316263
household_demographics had no query dependencies
item: 0.03489831369370222, 0.009490873665738645, -0.009490873665738645
item had no query dependencies
promotion: 7.638614624738693e-05, 0.0004672135200178709, -0.0004672135200178709
promotion had no query dependencies
reason: 1.4491379261016846e-06, 0.00035848313302792856, -0.00035848313302792856
reason had no query dependencies
ship_mode: 1.3029202818870544e-06, 0.00034893916835863724, -0.00034893916835863724
ship_mode had no query dependencies
store: 9.930133819580078e-05, 0.00047695149266004366, -0.00047695149266004366
store had no query dependencies
time_dim: 0.0012146271765232086, 0.0009544730731046384, -0.0009544730731046384
time_dim had no query dependencies
warehouse: 2.907589077949524e-06, 0.00031973605099873913, -0.00031973605099873913
warehouse had no query dependencies
web_page: 7.394980639219284e-05, 0.00035906078422292875, -0.00035906078422292875
web_page had no query dependencies
web_site: 1.0454095900058746e-05, 0.00033148265652843537, -0.00033148265652843537
web_site had no query dependencies
{}
{}
STARTING PHASE 2: 0b0
----
[]
Function: 77.67235279083252, 0, 77.67235279083252, 0.0, 0, 0.0, 0
{77.67235279083252: []}
[]
{}
Best Cost: $77.67235279083252;
[]
{}
{}
{}
[]
0
Optimal Subset: 0b0
Function: 77.67235279083252, 0, 77.67235279083252, 0.0, 0, 0.0, 0
77.67235279083252
Real: 77.67235279083252, 0, 77.67235279083252, 0.0, 0, 0.0, 0
Num Redshift Qs: 0; Num GCP Qs: 86
Redshift Qs: $0; GCP Qs: $77.67235279083252; Movement Cost: $0.0
Load Cost: $0, Storage Cost: $0.0, API Cost: $0
Final cost: $77.67235279083252, BQ Baseline: $77.67235279083252, Diff: $0.0, %: 0.0%
