Egress: $0.24/GB
Benchmark: tpcds
Data Path: parquet_1000/real_data_rs1
BigQuery Cost: $5.0/TB; DuckDB Cost: $1.48/hr; Redshift Cost: $1.086/hr
Use Duck: False
Excluded Table: reason
Excluded Query: None

Starting analysis without using DuckDB
Redshift Total: $6.518237254185677, Redshift-Calcite Total: $5.568674344225723, BigQuery Total: $92.01372623443604
Excluding table reason and any queries that depend on it
Total Keys: 96, Keys Considered: 95
-0.8764426936967439
call_center: 9.615905582904816e-06, 0.00039923679949961524, 1.1867291362114536
catalog_page: 0.0017016949132084846, 0.0016825453595283957, 6.4759622198732725
catalog_returns: 13.009788101539016, 3.257318992885777, 13.409268799842566
catalog_sales: 132.3057429259643, 33.28243464374797, 17.374435917959033
customer: 0.8535048151388764, 0.21514644597999122, 18.531621701841836
customer_address: 0.2449320713058114, 0.06330515242303425, 17.433165110444975
customer_demographics: 0.011580578982830048, 0.003928933880611154, 11.652638670289235
date_dim: 0.001992875710129738, 0.0010112227896771151, 79.47786137427092
household_demographics: 3.5176053643226624e-05, 0.00034666386792346485, 10.294909789426036
income_band: 5.122274160385132e-07, 0.00034794035350455433, 2.691910598790694
inventory: 5.1357166497036815, 1.3863610119744982, 0.16153246132683297
item: 0.03489831369370222, 0.009501316446654218, 56.49129124914826
promotion: 7.638614624738693e-05, 0.0004672363773913603, 9.295669671063429
ship_mode: 1.3029202818870544e-06, 0.0003489395582373911, 0.9214580985097393
store: 9.930133819580078e-05, 0.00047698120705050117, 38.974798185590195
store_returns: 20.850121902301908, 5.222899803250464, 14.538781435969039
store_sales: 174.69669486396015, 44.10525878330192, 33.94430391404862
time_dim: 0.0012146271765232086, 0.0009548365315115362, 4.046119810756413
warehouse: 2.907589077949524e-06, 0.00031973692104982527, 2.4120384905369505
web_page: 7.394980639219284e-05, 0.00035908291255937734, 2.4819082278212354
web_returns: 6.285572262480855, 1.5667173603501263, 11.919609999325044
web_sales: 67.01082486007363, 16.85389218662494, 27.27714234391854
web_site: 1.0454095900058746e-05, 0.0003314857847550343, 7.143857681288813
{}
{}
STARTING PHASE 2: 0b111111111101111111111111
----
[0, 1, 2, 3, 4, 5, 6, 7, 8, 9, 10, 11, 12, 14, 15, 16, 17, 18, 19, 20, 21, 22, 23]
Function: 111.80724372126208, 5.430387901334364, 0.00011920928955078125, 101.30962914707604, 4.904487604304552, 0.1260634461502978, 0.03655641310727597
-0.8764426936967439
call_center: 9.615905582904816e-06, 0.00039923679949961524, 1.1867291362114536
catalog_page: 0.0017016949132084846, 0.0016825453595283957, 6.4759622198732725
catalog_returns: 13.009788101539016, 3.257318992885777, 13.409268799842566
catalog_sales: 132.3057429259643, 33.28243464374797, 17.374435917959033
customer: 0.8535048151388764, 0.21514644597999122, 18.531621701841836
customer_address: 0.2449320713058114, 0.06330515242303425, 17.433165110444975
customer_demographics: 0.011580578982830048, 0.003928933880611154, 11.652638670289235
date_dim: 0.001992875710129738, 0.0010112227896771151, 79.47786137427092
household_demographics: 3.5176053643226624e-05, 0.00034666386792346485, 10.294909789426036
income_band: 5.122274160385132e-07, 0.00034794035350455433, 2.691910598790694
inventory: 5.1357166497036815, 1.3863610119744982, 0.16153246132683297
item: 0.03489831369370222, 0.009501316446654218, 56.49129124914826
promotion: 7.638614624738693e-05, 0.0004672363773913603, 9.295669671063429
ship_mode: 1.3029202818870544e-06, 0.0003489395582373911, 0.9214580985097393
store: 9.930133819580078e-05, 0.00047698120705050117, 38.974798185590195
store_returns: 20.850121902301908, 5.222899803250464, 14.538781435969039
store_sales: 174.69669486396015, 44.10525878330192, 33.94430391404862
time_dim: 0.0012146271765232086, 0.0009548365315115362, 4.046119810756413
warehouse: 2.907589077949524e-06, 0.00031973692104982527, 2.4120384905369505
web_page: 7.394980639219284e-05, 0.00035908291255937734, 2.4819082278212354
web_returns: 6.285572262480855, 1.5667173603501263, 11.919609999325044
web_sales: 67.01082486007363, 16.85389218662494, 27.27714234391854
web_site: 1.0454095900058746e-05, 0.0003314857847550343, 7.143857681288813
call_center: 9.615905582904816e-06, 0.00039923669603355894, 1.1867291363149197
catalog_page: 0.0017016949132084846, 0.0016825270494836195, 6.4759622381833175
catalog_returns: 13.009788101539016, 3.2571790090374266, 13.027379340575525
catalog_sales: 132.3057429259643, 33.28101104892006, 16.860481246194524
customer: 0.8535048151388764, 0.21513726236472586, 18.531630885457098
customer_address: 0.2449320713058114, 0.06330251698165287, 17.433167745886355
customer_demographics: 0.011580578982830048, 0.003928809274891254, 11.270609351779559
date_dim: 0.001992875710129738, 0.0010112013465599014, 77.9299679224127
household_demographics: 3.5176053643226624e-05, 0.0003466634894331066, 9.912880346689132
income_band: 5.122274160385132e-07, 0.0003479403479930453, 2.6919105987962055
item: 0.03489831369370222, 0.009500940944746452, 54.94339815134884
promotion: 7.638614624738693e-05, 0.0004672355554850672, 8.913640228769943
ship_mode: 1.3029202818870544e-06, 0.00034893954421811625, 0.9214580985237585
store: 9.930133819580078e-05, 0.0004769801385793348, 38.97479818665867
store_returns: 20.850121902301908, 5.22267545829729, 14.539005780922214
store_sales: 174.69669486396015, 44.103379066626275, 33.76211870645197
time_dim: 0.0012146271765232086, 0.0009548234622605113, 4.046119823825665
warehouse: 2.907589077949524e-06, 0.0003197368897644957, 1.181558765016233
web_page: 7.394980639219284e-05, 0.0003590821168678255, 2.481908228616927
web_returns: 6.285572262480855, 1.5666497283035843, 11.919677631371584
web_sales: 67.01082486007363, 16.85317115772948, 27.277863372814
web_site: 1.0454095900058746e-05, 0.00033148567227014495, 7.143857681401297
Function: 111.95938577756786, 5.211304064455032, 1.7670965194702148, 100.0721354226912, 4.752692174946865, 0.12005490881580508, 0.036102687188741565
hiya: 0b111111111101101111111111, 111.95938577756786
call_center: 9.615905582904816e-06, 0.00039923669603355894, 1.1867291363149197
catalog_page: 0.0017016949132084846, 0.0016825270494836195, 6.4759622381833175
catalog_returns: 13.009788101539016, 3.2571790090374266, 13.027379340575525
catalog_sales: 132.3057429259643, 33.28101104892006, 16.860481246194524
customer: 0.8535048151388764, 0.21513726236472586, 18.531630885457098
customer_address: 0.2449320713058114, 0.06330251698165287, 17.433167745886355
customer_demographics: 0.011580578982830048, 0.003928809274891254, 11.270609351779559
date_dim: 0.001992875710129738, 0.0010112013465599014, 77.9299679224127
household_demographics: 3.5176053643226624e-05, 0.0003466634894331066, 9.912880346689132
income_band: 5.122274160385132e-07, 0.0003479403479930453, 2.6919105987962055
item: 0.03489831369370222, 0.009500940944746452, 54.94339815134884
promotion: 7.638614624738693e-05, 0.0004672355554850672, 8.913640228769943
ship_mode: 1.3029202818870544e-06, 0.00034893954421811625, 0.9214580985237585
store: 9.930133819580078e-05, 0.0004769801385793348, 38.97479818665867
store_returns: 20.850121902301908, 5.22267545829729, 14.539005780922214
store_sales: 174.69669486396015, 44.103379066626275, 33.76211870645197
time_dim: 0.0012146271765232086, 0.0009548234622605113, 4.046119823825665
warehouse: 2.907589077949524e-06, 0.0003197368897644957, 1.181558765016233
web_page: 7.394980639219284e-05, 0.0003590821168678255, 2.481908228616927
web_returns: 6.285572262480855, 1.5666497283035843, 11.919677631371584
web_sales: 67.01082486007363, 16.85317115772948, 27.277863372814
web_site: 1.0454095900058746e-05, 0.00033148567227014495, 7.143857681401297
call_center: 9.615905582904816e-06, 0.0003992366909239531, 0.9323263970296329
catalog_page: 0.0017016949132084846, 0.0016825261452536248, 6.475962239087548
catalog_returns: 13.009788101539016, 3.2571720960235053, 13.027386253589444
catalog_sales: 132.3057429259643, 33.28094074558878, 16.066673969175163
customer: 0.8535048151388764, 0.21513680883768738, 18.531631338984138
customer_address: 0.2449320713058114, 0.06330238683204509, 17.433167876035963
customer_demographics: 0.011580578982830048, 0.003928803121316491, 11.270609357933132
date_dim: 0.001992875710129738, 0.0010112002876051037, 77.00816088540367
household_demographics: 3.5176053643226624e-05, 0.0003466634707415994, 9.912880346707823
income_band: 5.122274160385132e-07, 0.0003479403477208629, 2.6919105987964778
item: 0.03489831369370222, 0.009500922400821945, 54.94339816989276
promotion: 7.638614624738693e-05, 0.00046723551489574413, 8.913640228810532
store: 9.930133819580078e-05, 0.0004769800858135612, 38.97479818671143
store_returns: 20.850121902301908, 5.222664379163499, 14.539016860056003
store_sales: 174.69669486396015, 44.103286238005694, 33.76221153507255
time_dim: 0.0012146271765232086, 0.0009548228168438054, 3.5066449834108404
warehouse: 2.907589077949524e-06, 0.00031973688821948943, 0.2597517269498014
web_page: 7.394980639219284e-05, 0.00035908207757310087, 2.4819082286562217
web_returns: 6.285572262480855, 1.5666463883376898, 11.91968097133748
web_sales: 67.01082486007363, 16.85313555017296, 26.610494681592943
web_site: 1.0454095900058746e-05, 0.00033148566671514974, 7.015928223689513
Function: 112.88062319207441, 5.193327052535216, 2.706880569458008, 100.07213510874169, 4.752353548592726, 0.11983422567060982, 0.03609268707616926
hiya: 0b111111111001101111111111, 112.88062319207441
call_center: 9.615905582904816e-06, 0.0003992366909239531, 0.9323263970296329
catalog_page: 0.0017016949132084846, 0.0016825261452536248, 6.475962239087548
catalog_returns: 13.009788101539016, 3.2571720960235053, 13.027386253589444
catalog_sales: 132.3057429259643, 33.28094074558878, 16.066673969175163
customer: 0.8535048151388764, 0.21513680883768738, 18.531631338984138
customer_address: 0.2449320713058114, 0.06330238683204509, 17.433167876035963
customer_demographics: 0.011580578982830048, 0.003928803121316491, 11.270609357933132
date_dim: 0.001992875710129738, 0.0010112002876051037, 77.00816088540367
household_demographics: 3.5176053643226624e-05, 0.0003466634707415994, 9.912880346707823
income_band: 5.122274160385132e-07, 0.0003479403477208629, 2.6919105987964778
item: 0.03489831369370222, 0.009500922400821945, 54.94339816989276
promotion: 7.638614624738693e-05, 0.00046723551489574413, 8.913640228810532
store: 9.930133819580078e-05, 0.0004769800858135612, 38.97479818671143
store_returns: 20.850121902301908, 5.222664379163499, 14.539016860056003
store_sales: 174.69669486396015, 44.103286238005694, 33.76221153507255
time_dim: 0.0012146271765232086, 0.0009548228168438054, 3.5066449834108404
warehouse: 2.907589077949524e-06, 0.00031973688821948943, 0.2597517269498014
web_page: 7.394980639219284e-05, 0.00035908207757310087, 2.4819082286562217
web_returns: 6.285572262480855, 1.5666463883376898, 11.91968097133748
web_sales: 67.01082486007363, 16.85313555017296, 26.610494681592943
web_site: 1.0454095900058746e-05, 0.00033148566671514974, 7.015928223689513
call_center: 9.615905582904816e-06, 0.00039923668616845736, 0.9323263970343884
catalog_page: 0.0017016949132084846, 0.001682525303689321, 6.475962239929112
catalog_returns: 13.009788101539016, 3.2571656621009604, 12.76732122367397
catalog_sales: 132.3057429259643, 33.28087531447679, 15.80666793644913
customer: 0.8535048151388764, 0.21513638674135271, 18.531631761080472
customer_address: 0.2449320713058114, 0.06330226570217247, 17.433167997165835
customer_demographics: 0.011580578982830048, 0.003928797394201829, 11.270609363660247
date_dim: 0.001992875710129738, 0.0010111993020388624, 76.74808942255122
household_demographics: 3.5176053643226624e-05, 0.00034666345334546635, 9.912880346725219
income_band: 5.122274160385132e-07, 0.0003479403474675435, 2.691910598796731
item: 0.03489831369370222, 0.009500905142043747, 54.68332672331352
promotion: 7.638614624738693e-05, 0.00046723547711937573, 8.913640228848308
store: 9.930133819580078e-05, 0.00047698003670460464, 38.974798186760545
store_returns: 20.850121902301908, 5.22265406784495, 14.539027171374553
store_sales: 174.69669486396015, 44.10319984267051, 33.76229793040773
time_dim: 0.0012146271765232086, 0.0009548222161562989, 3.506644984011528
web_page: 7.394980639219284e-05, 0.00035908204100161155, 2.4819082286927934
web_returns: 6.285572262480855, 1.5666432798408587, 11.91968407983431
web_sales: 67.01082486007363, 16.85310241032061, 26.610527821445295
web_site: 1.0454095900058746e-05, 0.0003314856615451314, 7.015928223694683
Function: 113.14016952740938, 5.176589777664741, 2.983689308166504, 100.07213440813388, 4.752044510616064, 0.11962883600325026, 0.03608268682495356
hiya: 0b111101111001101111111111, 113.14016952740938
call_center: 9.615905582904816e-06, 0.00039923668616845736, 0.9323263970343884
catalog_page: 0.0017016949132084846, 0.001682525303689321, 6.475962239929112
catalog_returns: 13.009788101539016, 3.2571656621009604, 12.76732122367397
catalog_sales: 132.3057429259643, 33.28087531447679, 15.80666793644913
customer: 0.8535048151388764, 0.21513638674135271, 18.531631761080472
customer_address: 0.2449320713058114, 0.06330226570217247, 17.433167997165835
customer_demographics: 0.011580578982830048, 0.003928797394201829, 11.270609363660247
date_dim: 0.001992875710129738, 0.0010111993020388624, 76.74808942255122
household_demographics: 3.5176053643226624e-05, 0.00034666345334546635, 9.912880346725219
income_band: 5.122274160385132e-07, 0.0003479403474675435, 2.691910598796731
item: 0.03489831369370222, 0.009500905142043747, 54.68332672331352
promotion: 7.638614624738693e-05, 0.00046723547711937573, 8.913640228848308
store: 9.930133819580078e-05, 0.00047698003670460464, 38.974798186760545
store_returns: 20.850121902301908, 5.22265406784495, 14.539027171374553
store_sales: 174.69669486396015, 44.10319984267051, 33.76229793040773
time_dim: 0.0012146271765232086, 0.0009548222161562989, 3.506644984011528
web_page: 7.394980639219284e-05, 0.00035908204100161155, 2.4819082286927934
web_returns: 6.285572262480855, 1.5666432798408587, 11.91968407983431
web_sales: 67.01082486007363, 16.85310241032061, 26.610527821445295
web_site: 1.0454095900058746e-05, 0.0003314856615451314, 7.015928223694683
catalog_page: 0.0017016949132084846, 0.001682515796752866, 6.475962249436049
catalog_returns: 13.009788101539016, 3.2570929797253982, 12.382301595972182
catalog_sales: 132.3057429259643, 33.2801361559585, 14.896470980429314
customer: 0.8535048151388764, 0.2151316184271393, 18.50984701021224
customer_address: 0.2449320713058114, 0.06330089732901721, 17.04807705546164
customer_demographics: 0.011580578982830048, 0.0039287326964539265, 11.248819909175552
date_dim: 0.001992875710129738, 0.0010111881683493907, 75.81536379996435
household_demographics: 3.5176053643226624e-05, 0.0003466632568258058, 9.891090827739296
income_band: 5.122274160385132e-07, 0.0003479403446058593, 2.6919105987995926
item: 0.03489831369370222, 0.009500710174045609, 54.13569359463832
promotion: 7.638614624738693e-05, 0.0004672350503694144, 8.913640229275059
store: 9.930133819580078e-05, 0.0004769794819332971, 38.974798187315315
store_returns: 20.850121902301908, 5.222537583519548, 14.539143655699954
store_sales: 174.69669486396015, 44.10222385669084, 33.763273916387405
time_dim: 0.0012146271765232086, 0.0009548154303433462, 3.5066449907973407
web_page: 7.394980639219284e-05, 0.000359081627862861, 2.4819082291059322
web_returns: 6.285572262480855, 1.5666081639480987, 11.91971919572707
web_sales: 67.01082486007363, 16.852728037894156, 26.61090219387175
web_site: 1.0454095900058746e-05, 0.00033148560314075784, 7.015928223753087
Function: 114.0701756902784, 4.984408871468307, 4.108595848083496, 100.0721320911013, 4.751657585347891, 0.1173086082832778, 0.03607268599413931
hiya: 0b111101111001101111111110, 114.0701756902784
catalog_page: 0.0017016949132084846, 0.001682515796752866, 6.475962249436049
catalog_returns: 13.009788101539016, 3.2570929797253982, 12.382301595972182
catalog_sales: 132.3057429259643, 33.2801361559585, 14.896470980429314
customer: 0.8535048151388764, 0.2151316184271393, 18.50984701021224
customer_address: 0.2449320713058114, 0.06330089732901721, 17.04807705546164
customer_demographics: 0.011580578982830048, 0.0039287326964539265, 11.248819909175552
date_dim: 0.001992875710129738, 0.0010111881683493907, 75.81536379996435
household_demographics: 3.5176053643226624e-05, 0.0003466632568258058, 9.891090827739296
income_band: 5.122274160385132e-07, 0.0003479403446058593, 2.6919105987995926
item: 0.03489831369370222, 0.009500710174045609, 54.13569359463832
promotion: 7.638614624738693e-05, 0.0004672350503694144, 8.913640229275059
store: 9.930133819580078e-05, 0.0004769794819332971, 38.974798187315315
store_returns: 20.850121902301908, 5.222537583519548, 14.539143655699954
store_sales: 174.69669486396015, 44.10222385669084, 33.763273916387405
time_dim: 0.0012146271765232086, 0.0009548154303433462, 3.5066449907973407
web_page: 7.394980639219284e-05, 0.000359081627862861, 2.4819082291059322
web_returns: 6.285572262480855, 1.5666081639480987, 11.91971919572707
web_sales: 67.01082486007363, 16.852728037894156, 26.61090219387175
web_site: 1.0454095900058746e-05, 0.00033148560314075784, 7.015928223753087
catalog_page: 0.0017016949132084846, 0.0016825143248933297, 6.475962250907908
catalog_returns: 13.009788101539016, 3.257081727073389, 10.054553883864285
catalog_sales: 132.3057429259643, 33.280021719776116, 12.568826451851791
customer: 0.8535048151388764, 0.21513088019892238, 18.509847748440457
customer_address: 0.2449320713058114, 0.06330068547811366, 17.048077267312543
customer_demographics: 0.011580578982830048, 0.0039287226799783045, 11.248819919192028
date_dim: 0.001992875710129738, 0.0010111864446366993, 73.48760483692814
household_demographics: 3.5176053643226624e-05, 0.00034666322640072216, 9.736582481795832
income_band: 5.122274160385132e-07, 0.0003479403441628146, 2.691910598800036
item: 0.03489831369370222, 0.009500679989189664, 54.135693624823176
promotion: 7.638614624738693e-05, 0.0004672349843001813, 8.913640229341127
store: 9.930133819580078e-05, 0.00047697939604385796, 36.6470392226413
store_returns: 20.850121902301908, 5.222519549469778, 12.211402724989819
store_sales: 174.69669486396015, 44.10207275498964, 31.435666053328696
time_dim: 0.0012146271765232086, 0.0009548143797669008, 3.3521366458740283
web_returns: 6.285572262480855, 1.5666027273217065, 9.591965667593557
web_sales: 67.01082486007363, 16.852670077727, 24.128692843305107
web_site: 1.0454095900058746e-05, 0.0003314855940986195, 7.015928223762129
Function: 116.5517246324184, 4.954926914623976, 6.620345115661621, 100.0721142722792, 4.751326278950771, 0.11694937129794739, 0.036062679604876045
hiya: 0b111001111001101111111110, 116.5517246324184
catalog_page: 0.0017016949132084846, 0.0016825143248933297, 6.475962250907908
catalog_returns: 13.009788101539016, 3.257081727073389, 10.054553883864285
catalog_sales: 132.3057429259643, 33.280021719776116, 12.568826451851791
customer: 0.8535048151388764, 0.21513088019892238, 18.509847748440457
customer_address: 0.2449320713058114, 0.06330068547811366, 17.048077267312543
customer_demographics: 0.011580578982830048, 0.0039287226799783045, 11.248819919192028
date_dim: 0.001992875710129738, 0.0010111864446366993, 73.48760483692814
household_demographics: 3.5176053643226624e-05, 0.00034666322640072216, 9.736582481795832
income_band: 5.122274160385132e-07, 0.0003479403441628146, 2.691910598800036
item: 0.03489831369370222, 0.009500679989189664, 54.135693624823176
promotion: 7.638614624738693e-05, 0.0004672349843001813, 8.913640229341127
store: 9.930133819580078e-05, 0.00047697939604385796, 36.6470392226413
store_returns: 20.850121902301908, 5.222519549469778, 12.211402724989819
store_sales: 174.69669486396015, 44.10207275498964, 31.435666053328696
time_dim: 0.0012146271765232086, 0.0009548143797669008, 3.3521366458740283
web_returns: 6.285572262480855, 1.5666027273217065, 9.591965667593557
web_sales: 67.01082486007363, 16.852670077727, 24.128692843305107
web_site: 1.0454095900058746e-05, 0.0003314855940986195, 7.015928223762129
catalog_page: 0.0017016949132084846, 0.0016825064409031177, 6.475962258791898
catalog_returns: 13.009788101539016, 3.2570214524370513, 7.375534057059877
catalog_sales: 132.3057429259643, 33.27940874433962, 9.890359325847527
customer: 0.8535048151388764, 0.21512692589221546, 15.817593163602966
customer_address: 0.2449320713058114, 0.06329955070240399, 14.355819862944054
customer_demographics: 0.011580578982830048, 0.003928669026899459, 8.55656143370091
date_dim: 0.001992875710129738, 0.001011177211599408, 70.80852474472044
household_demographics: 3.5176053643226624e-05, 0.00034666306342928676, 7.044323942814606
item: 0.03489831369370222, 0.0095005183045296, 51.45661368506709
promotion: 7.638614624738693e-05, 0.0004672346304014744, 6.2345601282542775
store: 9.930133819580078e-05, 0.0004769789359785594, 33.96795912166061
store_returns: 20.850121902301908, 5.222422950393341, 9.519240784922061
store_sales: 174.69669486396015, 44.10126338133419, 28.7573953255434
time_dim: 0.0012146271765232086, 0.0009548087523722976, 3.352136651501423
web_returns: 6.285572262480855, 1.566573606126239, 9.591994788789025
web_sales: 67.01082486007363, 16.852359615091668, 24.12900330594044
web_site: 1.0454095900058746e-05, 0.00033148554566456173, 7.015928223810564
Function: 119.24171109590208, 4.795570501680773, 9.471960067749023, 100.07211414885373, 4.750988461729685, 0.11502523632823586, 0.0360526795606196
hiya: 0b111001111001100111111110, 119.24171109590208
catalog_page: 0.0017016949132084846, 0.0016825064409031177, 6.475962258791898
catalog_returns: 13.009788101539016, 3.2570214524370513, 7.375534057059877
catalog_sales: 132.3057429259643, 33.27940874433962, 9.890359325847527
customer: 0.8535048151388764, 0.21512692589221546, 15.817593163602966
customer_address: 0.2449320713058114, 0.06329955070240399, 14.355819862944054
customer_demographics: 0.011580578982830048, 0.003928669026899459, 8.55656143370091
date_dim: 0.001992875710129738, 0.001011177211599408, 70.80852474472044
household_demographics: 3.5176053643226624e-05, 0.00034666306342928676, 7.044323942814606
item: 0.03489831369370222, 0.0095005183045296, 51.45661368506709
promotion: 7.638614624738693e-05, 0.0004672346304014744, 6.2345601282542775
store: 9.930133819580078e-05, 0.0004769789359785594, 33.96795912166061
store_returns: 20.850121902301908, 5.222422950393341, 9.519240784922061
store_sales: 174.69669486396015, 44.10126338133419, 28.7573953255434
time_dim: 0.0012146271765232086, 0.0009548087523722976, 3.352136651501423
web_returns: 6.285572262480855, 1.566573606126239, 9.591994788789025
web_sales: 67.01082486007363, 16.852359615091668, 24.12900330594044
web_site: 1.0454095900058746e-05, 0.00033148554566456173, 7.015928223810564
catalog_page: 0.0017016949132084846, 0.001682503093435434, 6.475962262139366
catalog_returns: 13.009788101539016, 3.2569958603964904, 7.375559649100438
catalog_sales: 132.3057429259643, 33.27914848076631, 9.175766541307254
customer: 0.8535048151388764, 0.21512524693098434, 15.817594842564198
customer_address: 0.2449320713058114, 0.06329906888736946, 14.355820344759088
customer_demographics: 0.011580578982830048, 0.003928646246309589, 8.5565614564815
date_dim: 0.001992875710129738, 0.0010111732913390926, 70.09367170052711
household_demographics: 3.5176053643226624e-05, 0.00034666299423315655, 4.406085530743592
item: 0.03489831369370222, 0.00950044965475202, 50.74176070560327
promotion: 7.638614624738693e-05, 0.00046723448013943035, 6.2345601284045395
store: 9.930133819580078e-05, 0.0004769787406391845, 31.329720709715733
store_returns: 20.850121902301908, 5.22238193533904, 9.519281799976362
store_sales: 174.69669486396015, 44.100919728934485, 25.404647517689327
web_returns: 6.285572262480855, 1.5665612415420478, 9.592007153373217
web_sales: 67.01082486007363, 16.852227795592807, 23.41428207732572
web_site: 1.0454095900058746e-05, 0.00033148552509991886, 7.015928223831128
Function: 122.59302961632511, 4.728418698689939, 12.892203330993652, 100.07182147431365, 4.750335604850451, 0.11420793286059211, 0.036042574616831545
hiya: 0b111000111001100111111110, 122.59302961632511
catalog_page: 0.0017016949132084846, 0.001682503093435434, 6.475962262139366
catalog_returns: 13.009788101539016, 3.2569958603964904, 7.375559649100438
catalog_sales: 132.3057429259643, 33.27914848076631, 9.175766541307254
customer: 0.8535048151388764, 0.21512524693098434, 15.817594842564198
customer_address: 0.2449320713058114, 0.06329906888736946, 14.355820344759088
customer_demographics: 0.011580578982830048, 0.003928646246309589, 8.5565614564815
date_dim: 0.001992875710129738, 0.0010111732913390926, 70.09367170052711
household_demographics: 3.5176053643226624e-05, 0.00034666299423315655, 4.406085530743592
item: 0.03489831369370222, 0.00950044965475202, 50.74176070560327
promotion: 7.638614624738693e-05, 0.00046723448013943035, 6.2345601284045395
store: 9.930133819580078e-05, 0.0004769787406391845, 31.329720709715733
store_returns: 20.850121902301908, 5.22238193533904, 9.519281799976362
store_sales: 174.69669486396015, 44.100919728934485, 25.404647517689327
web_returns: 6.285572262480855, 1.5665612415420478, 9.592007153373217
web_sales: 67.01082486007363, 16.852227795592807, 23.41428207732572
web_site: 1.0454095900058746e-05, 0.00033148552509991886, 7.015928223831128
catalog_page: 0.0017016949132084846, 0.0016824966132689579, 6.475962268619532
catalog_returns: 13.009788101539016, 3.256946318265251, 7.375609191231677
catalog_sales: 132.3057429259643, 33.27864465177012, 9.176270370303442
customer: 0.8535048151388764, 0.2151219967283496, 12.361919357725608
customer_address: 0.2449320713058114, 0.06329813616988578, 11.734283580214603
customer_demographics: 0.011580578982830048, 0.003928602146700947, 7.605808041884507
date_dim: 0.001992875710129738, 0.0010111657023369348, 65.68723951437832
item: 0.03489831369370222, 0.00950031675967152, 50.74176083849835
promotion: 7.638614624738693e-05, 0.00046723418925594687, 6.234560128695423
store: 9.930133819580078e-05, 0.00047697836249313856, 26.923288516356063
store_returns: 20.850121902301908, 5.222302536699526, 9.519361198615876
store_sales: 174.69669486396015, 44.10025447239714, 20.998880580488873
web_returns: 6.285572262480855, 1.566537305668265, 9.592031089247
web_sales: 67.01082486007363, 16.851972613951588, 23.414537258966938
web_site: 1.0454095900058746e-05, 0.0003314854852900321, 7.0159282238709375
Function: 126.99753359484623, 4.597487840059601, 17.429566383361816, 100.0718129983504, 4.750007396821578, 0.11262640467522164, 0.036032571577620506
hiya: 0b111000111001100011111110, 126.99753359484623
catalog_page: 0.0017016949132084846, 0.0016824966132689579, 6.475962268619532
catalog_returns: 13.009788101539016, 3.256946318265251, 7.375609191231677
catalog_sales: 132.3057429259643, 33.27864465177012, 9.176270370303442
customer: 0.8535048151388764, 0.2151219967283496, 12.361919357725608
customer_address: 0.2449320713058114, 0.06329813616988578, 11.734283580214603
customer_demographics: 0.011580578982830048, 0.003928602146700947, 7.605808041884507
date_dim: 0.001992875710129738, 0.0010111657023369348, 65.68723951437832
item: 0.03489831369370222, 0.00950031675967152, 50.74176083849835
promotion: 7.638614624738693e-05, 0.00046723418925594687, 6.234560128695423
store: 9.930133819580078e-05, 0.00047697836249313856, 26.923288516356063
store_returns: 20.850121902301908, 5.222302536699526, 9.519361198615876
store_sales: 174.69669486396015, 44.10025447239714, 20.998880580488873
web_returns: 6.285572262480855, 1.566537305668265, 9.592031089247
web_sales: 67.01082486007363, 16.851972613951588, 23.414537258966938
web_site: 1.0454095900058746e-05, 0.0003314854852900321, 7.0159282238709375
catalog_page: 0.0017016949132084846, 0.0016824919551828277, 2.5583215289884587
catalog_returns: 13.009788101539016, 3.256910706292129, 3.4580040589156376
catalog_sales: 132.3057429259643, 33.27828248841095, 4.847597741997539
customer: 0.8535048151388764, 0.2151196604112398, 11.252839637906586
customer_address: 0.2449320713058114, 0.06329746571205264, 10.625202194536305
customer_demographics: 0.011580578982830048, 0.003928570446932722, 6.397503511124886
date_dim: 0.001992875710129738, 0.001011160247195339, 59.452212156948775
item: 0.03489831369370222, 0.009500221231765948, 44.506733571141574
store: 9.930133819580078e-05, 0.0004769780906734472, 21.896565716202584
store_returns: 20.850121902301908, 5.222245463211857, 5.601777527814386
store_sales: 174.69669486396015, 44.099776271372384, 15.175725466004863
web_returns: 6.285572262480855, 1.5665201000359579, 5.674407550590145
web_sales: 67.01082486007363, 16.851789183777694, 19.49707994485166
web_site: 1.0454095900058746e-05, 0.0003314854566738103, 3.098287479610395
Function: 133.23095682027105, 4.5035748114037535, 23.758506774902344, 100.0717945924719, 4.749568522622188, 0.11148955389301252, 0.03602256497785747
hiya: 0b111000111000100011111110, 133.23095682027105
catalog_page: 0.0017016949132084846, 0.0016824919551828277, 2.5583215289884587
catalog_returns: 13.009788101539016, 3.256910706292129, 3.4580040589156376
catalog_sales: 132.3057429259643, 33.27828248841095, 4.847597741997539
customer: 0.8535048151388764, 0.2151196604112398, 11.252839637906586
customer_address: 0.2449320713058114, 0.06329746571205264, 10.625202194536305
customer_demographics: 0.011580578982830048, 0.003928570446932722, 6.397503511124886
date_dim: 0.001992875710129738, 0.001011160247195339, 59.452212156948775
item: 0.03489831369370222, 0.009500221231765948, 44.506733571141574
store: 9.930133819580078e-05, 0.0004769780906734472, 21.896565716202584
store_returns: 20.850121902301908, 5.222245463211857, 5.601777527814386
store_sales: 174.69669486396015, 44.099776271372384, 15.175725466004863
web_returns: 6.285572262480855, 1.5665201000359579, 5.674407550590145
web_sales: 67.01082486007363, 16.851789183777694, 19.49707994485166
web_site: 1.0454095900058746e-05, 0.0003314854566738103, 3.098287479610395
catalog_returns: 13.009788101539016, 3.2568956976747203, 0.8980150465894048
catalog_sales: 132.3057429259643, 33.27812985515812, 2.2877463543067478
customer: 0.8535048151388764, 0.21511867577358645, 11.25284062254424
customer_address: 0.2449320713058114, 0.06329718314851504, 10.625202477099842
customer_demographics: 0.011580578982830048, 0.003928557087108721, 6.397503524484709
date_dim: 0.001992875710129738, 0.001011157948133368, 56.8922081383042
item: 0.03489831369370222, 0.009500180971660685, 44.50673361140168
store: 9.930133819580078e-05, 0.0004769779761154097, 19.3365616953735
store_returns: 20.850121902301908, 5.222221409668471, 3.04179756041413
store_sales: 174.69669486396015, 44.09957473420396, 12.615922982229641
web_returns: 6.285572262480855, 1.5665128487457334, 3.114410780936728
web_sales: 67.01082486007363, 16.85171187738156, 16.937153230304162
web_site: 1.0454095900058746e-05, 0.00033148544461354267, 0.5382834586788134
Function: 135.78879760495334, 4.465073812205794, 26.357011795043945, 100.07138455490177, 4.748305041293701, 0.1110099835567262, 0.03601241795141697
hiya: 0b111000111000100011111100, 135.78879760495334
catalog_returns: 13.009788101539016, 3.2568956976747203, 0.8980150465894048
catalog_sales: 132.3057429259643, 33.27812985515812, 2.2877463543067478
customer: 0.8535048151388764, 0.21511867577358645, 11.25284062254424
customer_address: 0.2449320713058114, 0.06329718314851504, 10.625202477099842
customer_demographics: 0.011580578982830048, 0.003928557087108721, 6.397503524484709
date_dim: 0.001992875710129738, 0.001011157948133368, 56.8922081383042
item: 0.03489831369370222, 0.009500180971660685, 44.50673361140168
store: 9.930133819580078e-05, 0.0004769779761154097, 19.3365616953735
store_returns: 20.850121902301908, 5.222221409668471, 3.04179756041413
store_sales: 174.69669486396015, 44.09957473420396, 12.615922982229641
web_returns: 6.285572262480855, 1.5665128487457334, 3.114410780936728
web_sales: 67.01082486007363, 16.85171187738156, 16.937153230304162
web_site: 1.0454095900058746e-05, 0.00033148544461354267, 0.5382834586788134
catalog_returns: 13.009788101539016, 3.256869291268303, 0.8980414529958223
catalog_sales: 132.3057429259643, 33.27786130972204, 2.2880148997428265
customer: 0.8535048151388764, 0.21511694338602935, 11.252842354931797
customer_address: 0.2449320713058114, 0.06329668600161541, 10.086588030123314
customer_demographics: 0.011580578982830048, 0.003928533581616335, 6.397503547990202
date_dim: 0.001992875710129738, 0.001011153903126214, 56.353593198225774
item: 0.03489831369370222, 0.009500110137374415, 44.50673368223597
store: 9.930133819580078e-05, 0.0004769777745601289, 19.336561695575057
store_returns: 20.850121902301908, 5.222179089471669, 3.041839880610932
store_sales: 174.69669486396015, 44.09922014642064, 12.616277570012961
web_returns: 6.285572262480855, 1.5665000907073676, 2.575808594851667
web_sales: 67.01082486007363, 16.851575863246527, 16.398674300315765
Function: 136.32623809349684, 4.395430508953733, 26.965270042419434, 100.07138203590026, 4.747986068529686, 0.11016702064555949, 0.036002417048183084
hiya: 0b11000111000100011111100, 136.32623809349684
catalog_returns: 13.009788101539016, 3.256869291268303, 0.8980414529958223
catalog_sales: 132.3057429259643, 33.27786130972204, 2.2880148997428265
customer: 0.8535048151388764, 0.21511694338602935, 11.252842354931797
customer_address: 0.2449320713058114, 0.06329668600161541, 10.086588030123314
customer_demographics: 0.011580578982830048, 0.003928533581616335, 6.397503547990202
date_dim: 0.001992875710129738, 0.001011153903126214, 56.353593198225774
item: 0.03489831369370222, 0.009500110137374415, 44.50673368223597
store: 9.930133819580078e-05, 0.0004769777745601289, 19.336561695575057
store_returns: 20.850121902301908, 5.222179089471669, 3.041839880610932
store_sales: 174.69669486396015, 44.09922014642064, 12.616277570012961
web_returns: 6.285572262480855, 1.5665000907073676, 2.575808594851667
web_sales: 67.01082486007363, 16.851575863246527, 16.398674300315765
catalog_sales: 132.3057429259643, 33.276044759082, -1.7909688571953737
customer: 0.8535048151388764, 0.21510522481143138, 11.226280374523203
customer_address: 0.2449320713058114, 0.06329332309762456, 10.060017694044113
customer_demographics: 0.011580578982830048, 0.003928374580898013, 6.39750370699092
date_dim: 0.001992875710129738, 0.0010111265410513207, 52.198682481323736
item: 0.03489831369370222, 0.009499630985429271, 42.57848753489795
store: 9.930133819580078e-05, 0.00047697641115816713, 19.33656169693846
store_returns: 20.850121902301908, 5.22189281843423, -1.086210893632563
store_sales: 174.69669486396015, 44.09682157032069, 8.537875838534674
web_returns: 6.285572262480855, 1.5664137901427517, -1.5524421498646508
web_sales: 67.01082486007363, 16.850655808273117, 12.318794047710938
customer: 0.8535048151388764, 0.21500673319549665, 2.619715394570318
customer_address: 0.2449320713058114, 0.06326505875151983, 2.9360806002632613
customer_demographics: 0.011580578982830048, 0.003927038220613633, 3.0581387256880106
date_dim: 0.001992875710129738, 0.0010108965698249536, 20.098111443758075
item: 0.03489831369370222, 0.009495603836140688, 14.559468245887194
store: 9.930133819580078e-05, 0.00047696495211412904, 14.671587120378847
store_sales: 174.69669486396015, 44.07666215297422, -21.17098290340425
web_sales: 67.01082486007363, 16.842922982038843, -13.22623719227293
customer: 0.8535048151388764, 0.21489097193758697, -0.21489097193758697
customer had no query dependencies
customer_address: 0.2449320713058114, 0.06323183849994787, -0.06323183849994787
customer_address had no query dependencies
customer_demographics: 0.011580578982830048, 0.00392546754126116, -0.00392546754126116
customer_demographics had no query dependencies
date_dim: 0.001992875710129738, 0.0010106262751588073, -0.0010106262751588073
date_dim had no query dependencies
item: 0.03489831369370222, 0.009490870561505967, -0.009490870561505967
item had no query dependencies
store: 9.930133819580078e-05, 0.0004769514838271109, -0.0004769514838271109
store had no query dependencies
Function: 92.01372623443604, 0, 92.01372623443604, 0.0, 0, 0.0, 0
hiya: 0b0, 92.01372623443604
{111.80724372126208: [0, 1, 2, 3, 4, 5, 6, 7, 8, 9, 10, 11, 12, 14, 15, 16, 17, 18, 19, 20, 21, 22, 23], 111.95938577756786: [0, 1, 2, 3, 4, 5, 6, 7, 8, 9, 11, 12, 14, 15, 16, 17, 18, 19, 20, 21, 22, 23], 112.88062319207441: [0, 1, 2, 3, 4, 5, 6, 7, 8, 9, 11, 12, 15, 16, 17, 18, 19, 20, 21, 22, 23], 113.14016952740938: [0, 1, 2, 3, 4, 5, 6, 7, 8, 9, 11, 12, 15, 16, 17, 18, 20, 21, 22, 23], 114.0701756902784: [1, 2, 3, 4, 5, 6, 7, 8, 9, 11, 12, 15, 16, 17, 18, 20, 21, 22, 23], 116.5517246324184: [1, 2, 3, 4, 5, 6, 7, 8, 9, 11, 12, 15, 16, 17, 18, 21, 22, 23], 119.24171109590208: [1, 2, 3, 4, 5, 6, 7, 8, 11, 12, 15, 16, 17, 18, 21, 22, 23], 122.59302961632511: [1, 2, 3, 4, 5, 6, 7, 8, 11, 12, 15, 16, 17, 21, 22, 23], 126.99753359484623: [1, 2, 3, 4, 5, 6, 7, 11, 12, 15, 16, 17, 21, 22, 23], 133.23095682027105: [1, 2, 3, 4, 5, 6, 7, 11, 15, 16, 17, 21, 22, 23], 135.78879760495334: [2, 3, 4, 5, 6, 7, 11, 15, 16, 17, 21, 22, 23], 136.32623809349684: [2, 3, 4, 5, 6, 7, 11, 15, 16, 17, 21, 22], 92.01372623443604: []}
[]
{}
Best Cost: $92.01372623443604;
[]
{}
{}
{}
[]
0
Optimal Subset: 0b0
Function: 92.01372623443604, 0, 92.01372623443604, 0.0, 0, 0.0, 0
92.01372623443604
Real: 92.01372623443604, 0, 92.01372623443604, 0.0, 0, 0.0, 0
Num Redshift Qs: 0; Num GCP Qs: 96
Redshift Qs: $0; GCP Qs: $92.01372623443604; Movement Cost: $0.0
Load Cost: $0, Storage Cost: $0.0, API Cost: $0
Final cost: $92.01372623443604, BQ Baseline: $92.01372623443604, Diff: $0.0, %: 0.0%
