Egress: $0.24/GB
Benchmark: tpcds
Data Path: parquet_1000/real_data_rs1
BigQuery Cost: $5.0/TB; DuckDB Cost: $1.48/hr; Redshift Cost: $1.086/hr
Use Duck: False
Excluded Table: web_sales
Excluded Query: None

Starting analysis without using DuckDB
Redshift Total: $3.4031661968616653, Redshift-Calcite Total: $2.9418624704953045, BigQuery Total: $48.173699378967285
Excluding table web_sales and any queries that depend on it
Total Keys: 63, Keys Considered: 62
-0.8759388347523814
call_center: 9.615905582904816e-06, 0.00039923586282367477, 1.1867291371481292
catalog_page: 0.0017016949132084846, 0.0016823795990943357, -0.0016823795990943357
catalog_page had no query dependencies
catalog_returns: 13.009788101539016, 3.2560517221746745, 0.5243320329827164
catalog_sales: 132.3057429259643, 33.269546870971645, -22.30597230222754
customer: 0.8535048151388764, 0.21506330691227016, 11.699075619132035
customer_address: 0.2449320713058114, 0.06328129382996933, 11.986410212317017
customer_demographics: 0.011580578982830048, 0.00392780582775987, 10.643648908768194
date_dim: 0.001992875710129738, 0.0010110286656069456, 35.50133538382539
household_demographics: 3.5176053643226624e-05, 0.00034666044145854733, 10.140401446878611
income_band: 5.122274160385132e-07, 0.00034794030360898364, 2.6919105988405896
inventory: 5.1357166497036815, 1.3858607468479724, 0.16203272645335898
item: 0.03489831369370222, 0.00949791703611304, 27.74655844076604
promotion: 7.638614624738693e-05, 0.00046722893669170264, 5.37802893421497
reason: 1.4491379261016846e-06, 0.0003584834255009468, 2.9031568121714164
ship_mode: 1.3029202818870544e-06, 0.00034893943132120313, 0.25405379985907517
store: 9.930133819580078e-05, 0.00047697153420444964, 29.64010180205334
store_returns: 20.850121902301908, 5.220868813306319, 2.183225297776234
store_sales: 174.69669486396015, 44.08824174943484, -5.065750769082676
time_dim: 0.0012146271765232086, 0.0009547182158684448, 2.637283693924342
warehouse: 2.907589077949524e-06, 0.00031973663782442223, 1.7446341920425952
web_page: 7.394980639219284e-05, 0.0003590757091811977, -0.0003590757091811977
web_page had no query dependencies
web_returns: 6.285572262480855, 1.566105088915066, -1.5045967109342775
web_site: 1.0454095900058746e-05, 0.0003314847664317963, -0.0003314847664317963
web_site had no query dependencies
-0.8749827694323326
call_center: 9.615905582904816e-06, 0.0003992340854941406, 0.021390285096949478
catalog_returns: 13.009788101539016, 3.2536470936738717, -3.205283875508236
customer: 0.8535048151388764, 0.2149055516907372, -0.08893602175482093
customer_address: 0.2449320713058114, 0.06323602248236353, -0.0016943666132769458
customer_demographics: 0.011580578982830048, 0.003925665363206522, 0.031042291522687622
date_dim: 0.001992875710129738, 0.001010660317891077, 0.9602307143511838
household_demographics: 3.5176053643226624e-05, 0.00034665393978915225, 0.03462130294610499
income_band: 5.122274160385132e-07, 0.0003479402089328341, 0.012830497494517687
inventory: 5.1357166497036815, 1.384911500747149, -0.53646121831054
item: 0.03489831369370222, 0.009491466702019748, 0.8389588157345894
promotion: 7.638614624738693e-05, 0.0004672148180678712, -0.0004672148180678712
promotion had no query dependencies
reason: 1.4491379261016846e-06, 0.00035848315765351285, -0.00035848315765351285
reason had no query dependencies
ship_mode: 1.3029202818870544e-06, 0.00034893919049950646, -0.00034893919049950646
ship_mode had no query dependencies
store: 9.930133819580078e-05, 0.00047695318011396564, 0.06395092088671571
store_returns: 20.850121902301908, 5.217015038211737, -5.139408726441457
time_dim: 0.0012146271765232086, 0.0009544937135857233, -0.0009544937135857233
time_dim had no query dependencies
warehouse: 2.907589077949524e-06, 0.0003197361004081699, 0.848130546336201
call_center: 9.615905582904816e-06, 0.0003992339176007741, -0.0003992339176007741
call_center had no query dependencies
customer_demographics: 0.011580578982830048, 0.003925463166712881, -0.003925463166712881
customer_demographics had no query dependencies
date_dim: 0.001992875710129738, 0.0010106255223526633, -0.0010106255223526633
date_dim had no query dependencies
household_demographics: 3.5176053643226624e-05, 0.0003466533256165174, -0.0003466533256165174
household_demographics had no query dependencies
income_band: 5.122274160385132e-07, 0.0003479401999893618, -0.0003479401999893618
income_band had no query dependencies
item: 0.03489831369370222, 0.009490857378714471, -0.009490857378714471
item had no query dependencies
store: 9.930133819580078e-05, 0.0004769514463161627, -0.0004769514463161627
store had no query dependencies
warehouse: 2.907589077949524e-06, 0.0003197360496417689, -0.0003197360496417689
warehouse had no query dependencies
{}
{}
STARTING PHASE 2: 0b0
----
[]
Function: 48.173699378967285, 0, 48.173699378967285, 0.0, 0, 0.0, 0
{48.173699378967285: []}
[]
{}
Best Cost: $48.173699378967285;
[]
{}
{}
{}
[]
0
Optimal Subset: 0b0
Function: 48.173699378967285, 0, 48.173699378967285, 0.0, 0, 0.0, 0
48.173699378967285
Real: 48.173699378967285, 0, 48.173699378967285, 0.0, 0, 0.0, 0
Num Redshift Qs: 0; Num GCP Qs: 63
Redshift Qs: $0; GCP Qs: $48.173699378967285; Movement Cost: $0.0
Load Cost: $0, Storage Cost: $0.0, API Cost: $0
Final cost: $48.173699378967285, BQ Baseline: $48.173699378967285, Diff: $0.0, %: 0.0%
