Egress: $0.24/GB
Benchmark: tpcds
Data Path: parquet_1000/real_data_rs1
BigQuery Cost: $5.0/TB; DuckDB Cost: $1.48/hr; Redshift Cost: $1.086/hr
Use Duck: False
Excluded Table: web_returns
Excluded Query: None

Starting analysis without using DuckDB
Redshift Total: $6.052557060769402, Redshift-Calcite Total: $5.165241546133359, BigQuery Total: $81.0332202911377
Excluding table web_returns and any queries that depend on it
Total Keys: 88, Keys Considered: 87
-0.8763747001700696
call_center: 9.615905582904816e-06, 0.0003992366730993573, 1.1867291363378538
catalog_page: 0.0017016949132084846, 0.001682522990894037, -0.001682522990894037
catalog_page had no query dependencies
catalog_returns: 13.009788101539016, 3.257147980331841, 0.4756990371228631
catalog_sales: 132.3057429259643, 33.28069549605228, 4.4899710280837795
customer: 0.8535048151388764, 0.21513522673206079, 18.517661280811662
customer_address: 0.2449320713058114, 0.06330193281186704, 16.880581745654613
customer_demographics: 0.011580578982830048, 0.00392878165488907, 11.652638822514955
date_dim: 0.001992875710129738, 0.0010111965934960394, 65.9915340407919
household_demographics: 3.5176053643226624e-05, 0.0003466634055372427, 10.294909789888422
income_band: 5.122274160385132e-07, 0.00034794034677136865, 2.6919105987974272
inventory: 5.1357166497036815, 1.3862935034175792, 0.16159996988375203
item: 0.03489831369370222, 0.009500857711300019, 50.64540433710449
promotion: 7.638614624738693e-05, 0.000467235373301989, 5.3780289277783595
reason: 1.4491379261016846e-06, 0.00035848354761125787, 2.903156812049306
ship_mode: 1.3029202818870544e-06, 0.00034893954111061523, 0.921458098526866
store: 9.930133819580078e-05, 0.00047697990174288803, 30.16939445690279
store_returns: 20.850121902301908, 5.222625730178055, 2.1339316432018105
store_sales: 174.69669486396015, 44.10296241016197, 23.963911545214593
time_dim: 0.0012146271765232086, 0.0009548205653409947, 4.046119826722584
warehouse: 2.907589077949524e-06, 0.00031973688282981505, 2.4120384905751706
web_page: 7.394980639219284e-05, 0.0003590819404954855, 0.15414926403339355
web_sales: 67.01082486007363, 16.853011335052937, 13.853204213796172
web_site: 1.0454095900058746e-05, 0.00033148564733683617, 0.12759797207000234
-0.8763745105633273
call_center: 9.615905582904816e-06, 0.00039923667274687754, 1.1867291363382064
catalog_returns: 13.009788101539016, 3.257147503446248, 0.4756995140084559
catalog_sales: 132.3057429259643, 33.28069064626517, 4.48997587787089
customer: 0.8535048151388764, 0.21513519544606702, 18.51766131209766
customer_address: 0.2449320713058114, 0.06330192383365962, 16.88058175463282
customer_demographics: 0.011580578982830048, 0.003928781230392435, 11.652638822939451
date_dim: 0.001992875710129738, 0.001011196520445371, 65.99153404086495
household_demographics: 3.5176053643226624e-05, 0.0003466634042478325, 10.294909789889712
income_band: 5.122274160385132e-07, 0.0003479403467525925, 2.691910598797446
inventory: 5.1357166497036815, 1.3862933151632235, 0.16160015813810769
item: 0.03489831369370222, 0.009500856432070652, 50.64540433838372
promotion: 7.638614624738693e-05, 0.0004672353705019855, 5.378028927781159
reason: 1.4491379261016846e-06, 0.0003584835475581384, 2.903156812049359
ship_mode: 1.3029202818870544e-06, 0.0003489395410628555, 0.9214580985269137
store: 9.930133819580078e-05, 0.00047697989810290735, 30.16939445690643
store_returns: 20.850121902301908, 5.22262496589791, 2.1339324074819555
store_sales: 174.69669486396015, 44.102956006496036, 23.96391794888053
time_dim: 0.0012146271765232086, 0.000954820520817733, 4.046119826767107
warehouse: 2.907589077949524e-06, 0.0003197368827232347, 2.412038490575277
web_page: 7.394980639219284e-05, 0.0003590819377847882, 0.15414926403610427
web_sales: 67.01082486007363, 16.853008878710323, 13.853206670138785
web_site: 1.0454095900058746e-05, 0.0003314856469536318, 0.12759797207038556
{}
{}
STARTING PHASE 2: 0b110111111111111111111101
----
[0, 2, 3, 4, 5, 6, 7, 8, 9, 10, 11, 12, 13, 14, 15, 16, 17, 18, 19, 20, 22, 23]
Function: 109.83002387310371, 5.032694022114276, 0.00011920928955078125, 99.79465844227417, 4.847829940476021, 0.11871906618714247, 0.036003192762562634
-0.8763745105633273
call_center: 9.615905582904816e-06, 0.00039923667274687754, 1.1867291363382064
catalog_returns: 13.009788101539016, 3.257147503446248, 0.4756995140084559
catalog_sales: 132.3057429259643, 33.28069064626517, 4.48997587787089
customer: 0.8535048151388764, 0.21513519544606702, 18.51766131209766
customer_address: 0.2449320713058114, 0.06330192383365962, 16.88058175463282
customer_demographics: 0.011580578982830048, 0.003928781230392435, 11.652638822939451
date_dim: 0.001992875710129738, 0.001011196520445371, 65.99153404086495
household_demographics: 3.5176053643226624e-05, 0.0003466634042478325, 10.294909789889712
income_band: 5.122274160385132e-07, 0.0003479403467525925, 2.691910598797446
inventory: 5.1357166497036815, 1.3862933151632235, 0.16160015813810769
item: 0.03489831369370222, 0.009500856432070652, 50.64540433838372
promotion: 7.638614624738693e-05, 0.0004672353705019855, 5.378028927781159
reason: 1.4491379261016846e-06, 0.0003584835475581384, 2.903156812049359
ship_mode: 1.3029202818870544e-06, 0.0003489395410628555, 0.9214580985269137
store: 9.930133819580078e-05, 0.00047697989810290735, 30.16939445690643
store_returns: 20.850121902301908, 5.22262496589791, 2.1339324074819555
store_sales: 174.69669486396015, 44.102956006496036, 23.96391794888053
time_dim: 0.0012146271765232086, 0.000954820520817733, 4.046119826767107
warehouse: 2.907589077949524e-06, 0.0003197368827232347, 2.412038490575277
web_page: 7.394980639219284e-05, 0.0003590819377847882, 0.15414926403610427
web_sales: 67.01082486007363, 16.853008878710323, 13.853206670138785
web_site: 1.0454095900058746e-05, 0.0003314856469536318, 0.12759797207038556
-0.8763740102751962
call_center: 9.615905582904816e-06, 0.00039923667181683976, 1.1867291363391363
catalog_returns: 13.009788101539016, 3.2571462451565965, 0.4757007722981075
catalog_sales: 132.3057429259643, 33.28067784982715, 4.489988674308911
customer: 0.8535048151388764, 0.21513511289620008, 18.517661394647526
customer_address: 0.2449320713058114, 0.06330190014415074, 16.88058177832233
customer_demographics: 0.011580578982830048, 0.003928780110334017, 11.65263882405951
date_dim: 0.001992875710129738, 0.0010111963276970449, 65.86360458334038
household_demographics: 3.5176053643226624e-05, 0.0003466634008456507, 10.294909789893113
income_band: 5.122274160385132e-07, 0.0003479403467030505, 2.691910598797495
inventory: 5.1357166497036815, 1.386292818443441, 0.1616006548578901
item: 0.03489831369370222, 0.009500853056751498, 50.64540434175904
promotion: 7.638614624738693e-05, 0.00046723536311401757, 5.378028927788547
reason: 1.4491379261016846e-06, 0.0003584835474179797, 2.9031568120494993
ship_mode: 1.3029202818870544e-06, 0.00034893954093683877, 0.7935286408097005
store: 9.930133819580078e-05, 0.0004769798884986121, 30.169394456916034
store_returns: 20.850121902301908, 5.22262294930145, 2.133934424078415
store_sales: 174.69669486396015, 44.10293911006071, 23.963934845315855
time_dim: 0.0012146271765232086, 0.0009548204033405847, 4.046119826884584
warehouse: 2.907589077949524e-06, 0.00031973688244201653, 2.2841090328582188
web_page: 7.394980639219284e-05, 0.00035908193063245985, 0.15414926404325657
web_sales: 67.01082486007363, 16.853002397511183, 13.725283693620586
Function: 109.95758177840317, 5.029679227817455, 0.13106346130371094, 99.79465592327264, 4.847510967712005, 0.11867900643801285, 0.03599319185932875
hiya: 0b10111111111111111111101, 109.95758177840317
-0.8763740102751962
call_center: 9.615905582904816e-06, 0.00039923667181683976, 1.1867291363391363
catalog_returns: 13.009788101539016, 3.2571462451565965, 0.4757007722981075
catalog_sales: 132.3057429259643, 33.28067784982715, 4.489988674308911
customer: 0.8535048151388764, 0.21513511289620008, 18.517661394647526
customer_address: 0.2449320713058114, 0.06330190014415074, 16.88058177832233
customer_demographics: 0.011580578982830048, 0.003928780110334017, 11.65263882405951
date_dim: 0.001992875710129738, 0.0010111963276970449, 65.86360458334038
household_demographics: 3.5176053643226624e-05, 0.0003466634008456507, 10.294909789893113
income_band: 5.122274160385132e-07, 0.0003479403467030505, 2.691910598797495
inventory: 5.1357166497036815, 1.386292818443441, 0.1616006548578901
item: 0.03489831369370222, 0.009500853056751498, 50.64540434175904
promotion: 7.638614624738693e-05, 0.00046723536311401757, 5.378028927788547
reason: 1.4491379261016846e-06, 0.0003584835474179797, 2.9031568120494993
ship_mode: 1.3029202818870544e-06, 0.00034893954093683877, 0.7935286408097005
store: 9.930133819580078e-05, 0.0004769798884986121, 30.169394456916034
store_returns: 20.850121902301908, 5.22262294930145, 2.133934424078415
store_sales: 174.69669486396015, 44.10293911006071, 23.963934845315855
time_dim: 0.0012146271765232086, 0.0009548204033405847, 4.046119826884584
warehouse: 2.907589077949524e-06, 0.00031973688244201653, 2.2841090328582188
web_page: 7.394980639219284e-05, 0.00035908193063245985, 0.15414926404325657
web_sales: 67.01082486007363, 16.853002397511183, 13.725283693620586
-0.8763735660955116
call_center: 9.615905582904816e-06, 0.0003992366709911078, 1.1867291363399621
catalog_returns: 13.009788101539016, 3.2571451279869783, 0.4757018894677256
catalog_sales: 132.3057429259643, 33.280666488538614, 4.490000035597447
customer: 0.8535048151388764, 0.21513503960448763, 18.517661467939238
customer_address: 0.2449320713058114, 0.06330187911147393, 16.880581799355006
customer_demographics: 0.011580578982830048, 0.003928779115892685, 11.652638825053952
date_dim: 0.001992875710129738, 0.0010111961565658796, 65.8636045835115
household_demographics: 3.5176053643226624e-05, 0.0003466633978250313, 10.140401443922245
income_band: 5.122274160385132e-07, 0.0003479403466590648, 2.6919105987975396
inventory: 5.1357166497036815, 1.386292377431907, 0.16160109586942428
item: 0.03489831369370222, 0.009500850059982028, 50.64540434475581
promotion: 7.638614624738693e-05, 0.00046723535655462695, 5.378028927795107
reason: 1.4491379261016846e-06, 0.00035848354729354007, 2.9031568120496236
ship_mode: 1.3029202818870544e-06, 0.00034893954082495507, 0.7935286408098124
store: 9.930133819580078e-05, 0.00047697987997146027, 30.169394456924564
store_returns: 20.850121902301908, 5.222621158870849, 2.133936214509016
store_sales: 174.69669486396015, 44.102924108598856, 23.96394984677771
time_dim: 0.0012146271765232086, 0.0009548202990387644, 3.891611481014997
warehouse: 2.907589077949524e-06, 0.0003197368821923376, 2.2841090328584683
web_sales: 67.01082486007363, 16.852996643193197, 13.570781101964684
Function: 110.11169540728721, 5.027050656677087, 0.28820037841796875, 99.79463810445054, 4.847179661314885, 0.11864342095667971, 0.03598318547006548
hiya: 0b10011111111111111111101, 110.11169540728721
-0.8763735660955116
call_center: 9.615905582904816e-06, 0.0003992366709911078, 1.1867291363399621
catalog_returns: 13.009788101539016, 3.2571451279869783, 0.4757018894677256
catalog_sales: 132.3057429259643, 33.280666488538614, 4.490000035597447
customer: 0.8535048151388764, 0.21513503960448763, 18.517661467939238
customer_address: 0.2449320713058114, 0.06330187911147393, 16.880581799355006
customer_demographics: 0.011580578982830048, 0.003928779115892685, 11.652638825053952
date_dim: 0.001992875710129738, 0.0010111961565658796, 65.8636045835115
household_demographics: 3.5176053643226624e-05, 0.0003466633978250313, 10.140401443922245
income_band: 5.122274160385132e-07, 0.0003479403466590648, 2.6919105987975396
inventory: 5.1357166497036815, 1.386292377431907, 0.16160109586942428
item: 0.03489831369370222, 0.009500850059982028, 50.64540434475581
promotion: 7.638614624738693e-05, 0.00046723535655462695, 5.378028927795107
reason: 1.4491379261016846e-06, 0.00035848354729354007, 2.9031568120496236
ship_mode: 1.3029202818870544e-06, 0.00034893954082495507, 0.7935286408098124
store: 9.930133819580078e-05, 0.00047697987997146027, 30.169394456924564
store_returns: 20.850121902301908, 5.222621158870849, 2.133936214509016
store_sales: 174.69669486396015, 44.102924108598856, 23.96394984677771
time_dim: 0.0012146271765232086, 0.0009548202990387644, 3.891611481014997
warehouse: 2.907589077949524e-06, 0.0003197368821923376, 2.2841090328584683
web_sales: 67.01082486007363, 16.852996643193197, 13.570781101964684
call_center: 9.615905582904816e-06, 0.0003992365675250515, 1.1867291364434283
catalog_returns: 13.009788101539016, 3.257005144138628, 0.09381243020068242
catalog_sales: 132.3057429259643, 33.2792428937107, 3.976045363832938
customer: 0.8535048151388764, 0.21512585598922226, 18.517670651554504
customer_address: 0.2449320713058114, 0.06329924367009256, 16.88058443479639
customer_demographics: 0.011580578982830048, 0.003928654510172785, 11.270609506544279
date_dim: 0.001992875710129738, 0.001011174713448666, 64.31571113165329
household_demographics: 3.5176053643226624e-05, 0.0003466630193346731, 9.758372001185343
income_band: 5.122274160385132e-07, 0.00034794034114755577, 2.6919105988030507
item: 0.03489831369370222, 0.00950047455807426, 49.09751124695639
promotion: 7.638614624738693e-05, 0.00046723453464833387, 4.9959994855016205
reason: 1.4491379261016846e-06, 0.00035848353170097995, 2.9031568120652165
ship_mode: 1.3029202818870544e-06, 0.00034893952680568023, 0.7935286408238317
store: 9.930133819580078e-05, 0.0004769788115002939, 30.169394457993032
store_returns: 20.850121902301908, 5.222396813917674, 2.134160559462191
store_sales: 174.69669486396015, 44.10104439192321, 23.78176463918105
time_dim: 0.0012146271765232086, 0.0009548072297877395, 3.891611494084248
warehouse: 2.907589077949524e-06, 0.000319736850907008, 1.0536293073377514
web_sales: 67.01082486007363, 16.85227561429774, 13.571502130860143
Function: 110.26397374938473, 4.807966819797755, 2.055177688598633, 98.55714438006568, 4.695384231957197, 0.11277116941394891, 0.03552945955153108
hiya: 0b10011111111101111111101, 110.26397374938473
call_center: 9.615905582904816e-06, 0.0003992365675250515, 1.1867291364434283
catalog_returns: 13.009788101539016, 3.257005144138628, 0.09381243020068242
catalog_sales: 132.3057429259643, 33.2792428937107, 3.976045363832938
customer: 0.8535048151388764, 0.21512585598922226, 18.517670651554504
customer_address: 0.2449320713058114, 0.06329924367009256, 16.88058443479639
customer_demographics: 0.011580578982830048, 0.003928654510172785, 11.270609506544279
date_dim: 0.001992875710129738, 0.001011174713448666, 64.31571113165329
household_demographics: 3.5176053643226624e-05, 0.0003466630193346731, 9.758372001185343
income_band: 5.122274160385132e-07, 0.00034794034114755577, 2.6919105988030507
item: 0.03489831369370222, 0.00950047455807426, 49.09751124695639
promotion: 7.638614624738693e-05, 0.00046723453464833387, 4.9959994855016205
reason: 1.4491379261016846e-06, 0.00035848353170097995, 2.9031568120652165
ship_mode: 1.3029202818870544e-06, 0.00034893952680568023, 0.7935286408238317
store: 9.930133819580078e-05, 0.0004769788115002939, 30.169394457993032
store_returns: 20.850121902301908, 5.222396813917674, 2.134160559462191
store_sales: 174.69669486396015, 44.10104439192321, 23.78176463918105
time_dim: 0.0012146271765232086, 0.0009548072297877395, 3.891611494084248
warehouse: 2.907589077949524e-06, 0.000319736850907008, 1.0536293073377514
web_sales: 67.01082486007363, 16.85227561429774, 13.571502130860143
call_center: 9.615905582904816e-06, 0.0003992364447517121, 0.8016368264888521
catalog_sales: 132.3057429259643, 33.277553648975854, 0.6752802523941099
customer: 0.8535048151388764, 0.21511495866546854, 15.790238229271866
customer_address: 0.2449320713058114, 0.06329611644218318, 13.789841451523005
customer_demographics: 0.011580578982830048, 0.003928506652403042, 8.569740033778857
date_dim: 0.001992875710129738, 0.0010111492689386537, 60.9648935827585
household_demographics: 3.5176053643226624e-05, 0.0003466625702161232, 7.05750238101127
income_band: 5.122274160385132e-07, 0.0003479403346075716, 0.012830497368842949
item: 0.03489831369370222, 0.009500028985634557, 46.158360127250056
promotion: 7.638614624738693e-05, 0.0004672335593702204, 2.3169193850361505
reason: 1.4491379261016846e-06, 0.00035848351319877015, 2.9031568120837186
ship_mode: 1.3029202818870544e-06, 0.00034893951017033863, 0.793528640840467
store: 9.930133819580078e-05, 0.00047697754364706997, 27.49031435782014
store_returns: 20.850121902301908, 5.222130605075447, -0.5446533331363286
store_sales: 174.69669486396015, 44.09881391072513, 21.10491501893837
time_dim: 0.0012146271765232086, 0.0009547917217491816, 3.8916115095922863
warehouse: 2.907589077949524e-06, 0.00031973681378367965, 0.7935578435368537
web_sales: 67.01082486007363, 16.851420037808243, 13.572357707349639
call_center: 9.615905582904816e-06, 0.0003992363305685207, 0.8016368266030354
catalog_sales: 132.3057429259643, 33.27598259653195, -1.9080291444458943
customer: 0.8535048151388764, 0.2151048238006013, 14.763364302220861
customer_address: 0.2449320713058114, 0.06329320801870353, 12.82738817209744
customer_demographics: 0.011580578982830048, 0.003928369139877051, 8.556561733587932
date_dim: 0.001992875710129738, 0.001011125604718299, 57.77848943176665
household_demographics: 3.5176053643226624e-05, 0.00034666215252129136, 7.044323943725514
income_band: 5.122274160385132e-07, 0.000347940328525174, -0.000347940328525174
income_band had no query dependencies
item: 0.03489831369370222, 0.009499614588800344, 42.62420234221738
promotion: 7.638614624738693e-05, 0.00046723265232991295, 2.3169193859431907
reason: 1.4491379261016846e-06, 0.0003584834959911144, 2.3745399026669256
ship_mode: 1.3029202818870544e-06, 0.0003489394946989309, 0.7935286408559384
store: 9.930133819580078e-05, 0.00047697636450241154, 23.354632434197615
store_sales: 174.69669486396015, 44.096739490799436, 16.507118478695233
time_dim: 0.0012146271765232086, 0.0009547772987698617, 3.8916115240152656
warehouse: 2.907589077949524e-06, 0.00031973677925777906, 0.7935578435713796
web_sales: 67.01082486007363, 16.85062432389714, 13.573153421260741
call_center: 9.615905582904816e-06, 0.000399235319167979, -0.000399235319167979
call_center had no query dependencies
customer: 0.8535048151388764, 0.21501505220031297, 7.184467866742854
customer_address: 0.2449320713058114, 0.06326744607382279, 6.6666979663390595
customer_demographics: 0.011580578982830048, 0.003927151095070374, 4.80580258659363
date_dim: 0.001992875710129738, 0.0010109159941355571, 26.410536189291193
household_demographics: 3.5176053643226624e-05, 0.0003466584527054598, 7.0443239474253305
item: 0.03489831369370222, 0.009495943985644885, 16.465460476957293
promotion: 7.638614624738693e-05, 0.00046722461803828756, 1.9055253466015647
reason: 1.4491379261016846e-06, 0.0003584833435708487, 2.374539902819346
ship_mode: 1.3029202818870544e-06, 0.00034893935765783086, -0.00034893935765783086
ship_mode had no query dependencies
store: 9.930133819580078e-05, 0.00047696591999186804, 22.82533978142514
store_sales: 174.69669486396015, 44.078364899836565, -9.847124087006037
time_dim: 0.0012146271765232086, 0.0009546495443349058, 2.6372837625958754
warehouse: 2.907589077949524e-06, 0.00031973647343768304, -0.00031973647343768304
warehouse had no query dependencies
web_sales: 67.01082486007363, 16.843576128177997, -13.226890338412083
customer: 0.8535048151388764, 0.2148910157181803, -0.2148910157181803
customer had no query dependencies
customer_address: 0.2449320713058114, 0.0632318510637568, -0.0632318510637568
customer_address had no query dependencies
customer_demographics: 0.011580578982830048, 0.003925468135287825, -0.003925468135287825
customer_demographics had no query dependencies
date_dim: 0.001992875710129738, 0.0010106263773835159, -0.0010106263773835159
date_dim had no query dependencies
household_demographics: 3.5176053643226624e-05, 0.0003466533407085831, -0.0003466533407085831
household_demographics had no query dependencies
item: 0.03489831369370222, 0.009490872351617576, -0.009490872351617576
item had no query dependencies
promotion: 7.638614624738693e-05, 0.0004672135171414957, -0.0004672135171414957
promotion had no query dependencies
reason: 1.4491379261016846e-06, 0.00035848313297336023, -0.00035848313297336023
reason had no query dependencies
store: 9.930133819580078e-05, 0.00047695148892078047, -0.00047695148892078047
store had no query dependencies
time_dim: 0.0012146271765232086, 0.0009544730273669796, -0.0009544730273669796
time_dim had no query dependencies
Function: 81.0332202911377, 0, 81.0332202911377, 0.0, 0, 0.0, 0
hiya: 0b0, 81.0332202911377
{109.83002387310371: [0, 2, 3, 4, 5, 6, 7, 8, 9, 10, 11, 12, 13, 14, 15, 16, 17, 18, 19, 20, 22, 23], 109.95758177840317: [0, 2, 3, 4, 5, 6, 7, 8, 9, 10, 11, 12, 13, 14, 15, 16, 17, 18, 19, 20, 22], 110.11169540728721: [0, 2, 3, 4, 5, 6, 7, 8, 9, 10, 11, 12, 13, 14, 15, 16, 17, 18, 19, 22], 110.26397374938473: [0, 2, 3, 4, 5, 6, 7, 8, 9, 11, 12, 13, 14, 15, 16, 17, 18, 19, 22], 81.0332202911377: []}
[]
{}
Best Cost: $81.0332202911377;
[]
{}
{}
{}
[]
0
Optimal Subset: 0b0
Function: 81.0332202911377, 0, 81.0332202911377, 0.0, 0, 0.0, 0
81.0332202911377
Real: 81.0332202911377, 0, 81.0332202911377, 0.0, 0, 0.0, 0
Num Redshift Qs: 0; Num GCP Qs: 88
Redshift Qs: $0; GCP Qs: $81.0332202911377; Movement Cost: $0.0
Load Cost: $0, Storage Cost: $0.0, API Cost: $0
Final cost: $81.0332202911377, BQ Baseline: $81.0332202911377, Diff: $0.0, %: 0.0%
