Egress: $0.24/GB
Benchmark: tpcds
Data Path: parquet_1000/real_data_rs1
BigQuery Cost: $5.0/TB; DuckDB Cost: $1.48/hr; Redshift Cost: $1.086/hr
Use Duck: False
Excluded Table: web_site
Excluded Query: None

Starting analysis without using DuckDB
Redshift Total: $6.500193975419604, Redshift-Calcite Total: $5.559616307556628, BigQuery Total: $87.93986797332764
Excluding table web_site and any queries that depend on it
Total Keys: 94, Keys Considered: 93
-0.8764413096482384
call_center: 9.615905582904816e-06, 0.00039923679692666314, 1.1867291362140264
catalog_page: 0.0017016949132084846, 0.0016825449042015951, -0.0016825449042015951
catalog_page had no query dependencies
catalog_returns: 13.009788101539016, 3.2573155118239567, 6.931627515671585
catalog_sales: 132.3057429259643, 33.28239924236659, 10.89682655410762
customer: 0.8535048151388764, 0.21514621760555483, 18.53162193021627
customer_address: 0.2449320713058114, 0.06330508688594208, 17.07061788052057
customer_demographics: 0.011580578982830048, 0.003928930781966424, 11.828706322049811
date_dim: 0.001992875710129738, 0.0010112222564383343, 72.5097398563925
household_demographics: 3.5176053643226624e-05, 0.0003466638585113194, 10.294909789435449
income_band: 5.122274160385132e-07, 0.0003479403533674963, 2.6919105987908307
inventory: 5.1357166497036815, 1.3863596377978393, 0.16153383550349187
item: 0.03489831369370222, 0.009501307108824391, 52.57365051419692
promotion: 7.638614624738693e-05, 0.00046723635695252645, 5.378028926794709
reason: 1.4491379261016846e-06, 0.0003584835662723027, 3.0792244606925765
ship_mode: 1.3029202818870544e-06, 0.00034893955788876545, 0.7935286407927487
store: 9.930133819580078e-05, 0.0004769811804801916, 32.49715342038396
store_returns: 20.850121902301908, 5.222894224330752, 8.589759159089954
store_sales: 174.69669486396015, 44.105212039266604, 30.370221188448056
time_dim: 0.0012146271765232086, 0.0009548362065106787, 4.0461198110814145
warehouse: 2.907589077949524e-06, 0.0003197369202718343, 2.284109032820389
web_page: 7.394980639219284e-05, 0.0003590828927724411, 2.6579758765029537
web_returns: 6.285572262480855, 1.5667156785037004, 5.07941962047717
web_sales: 67.01082486007363, 16.853874256369497, 20.309038755762355
-0.876441120041496
call_center: 9.615905582904816e-06, 0.00039923679657418343, 1.186729136214379
catalog_returns: 13.009788101539016, 3.257315034938364, 6.931627992557178
catalog_sales: 132.3057429259643, 33.28239439257948, 10.89683140389473
customer: 0.8535048151388764, 0.21514618631956106, 18.531621961502264
customer_address: 0.2449320713058114, 0.06330507790773467, 17.070617889498777
customer_demographics: 0.011580578982830048, 0.003928930357469788, 11.828706322474309
date_dim: 0.001992875710129738, 0.0010112221833876662, 72.50973985646554
household_demographics: 3.5176053643226624e-05, 0.0003466638572219092, 10.294909789436739
income_band: 5.122274160385132e-07, 0.00034794035334872016, 2.69191059879085
inventory: 5.1357166497036815, 1.3863594495434834, 0.16153402375784776
item: 0.03489831369370222, 0.009501305829595024, 52.57365051547615
promotion: 7.638614624738693e-05, 0.00046723635415252295, 5.3780289267975085
reason: 1.4491379261016846e-06, 0.00035848356621918324, 3.0792244606926293
ship_mode: 1.3029202818870544e-06, 0.0003489395578410057, 0.7935286407927964
store: 9.930133819580078e-05, 0.0004769811768402109, 32.497153420387605
store_returns: 20.850121902301908, 5.2228934600506065, 8.589759923370101
store_sales: 174.69669486396015, 44.10520563560067, 30.37022759211399
time_dim: 0.0012146271765232086, 0.0009548361619874169, 4.046119811125937
warehouse: 2.907589077949524e-06, 0.000319736920165254, 2.2841090328204956
web_page: 7.394980639219284e-05, 0.0003590828900617438, 2.6579758765056645
web_returns: 6.285572262480855, 1.5667154481003434, 5.079419850880527
web_sales: 67.01082486007363, 16.85387180002688, 20.309041212104972
{}
{}
STARTING PHASE 2: 0b11111111111111111111101
----
[0, 2, 3, 4, 5, 6, 7, 8, 9, 10, 11, 12, 13, 14, 15, 16, 17, 18, 19, 20, 21, 22]
Function: 111.79620658529102, 5.4211358630406865, 0.00011920928955078125, 101.30921693968625, 4.903253285425902, 0.12593502254581185, 0.03654626530280709
-0.876441120041496
call_center: 9.615905582904816e-06, 0.00039923679657418343, 1.186729136214379
catalog_returns: 13.009788101539016, 3.257315034938364, 6.931627992557178
catalog_sales: 132.3057429259643, 33.28239439257948, 10.89683140389473
customer: 0.8535048151388764, 0.21514618631956106, 18.531621961502264
customer_address: 0.2449320713058114, 0.06330507790773467, 17.070617889498777
customer_demographics: 0.011580578982830048, 0.003928930357469788, 11.828706322474309
date_dim: 0.001992875710129738, 0.0010112221833876662, 72.50973985646554
household_demographics: 3.5176053643226624e-05, 0.0003466638572219092, 10.294909789436739
income_band: 5.122274160385132e-07, 0.00034794035334872016, 2.69191059879085
inventory: 5.1357166497036815, 1.3863594495434834, 0.16153402375784776
item: 0.03489831369370222, 0.009501305829595024, 52.57365051547615
promotion: 7.638614624738693e-05, 0.00046723635415252295, 5.3780289267975085
reason: 1.4491379261016846e-06, 0.00035848356621918324, 3.0792244606926293
ship_mode: 1.3029202818870544e-06, 0.0003489395578410057, 0.7935286407927964
store: 9.930133819580078e-05, 0.0004769811768402109, 32.497153420387605
store_returns: 20.850121902301908, 5.2228934600506065, 8.589759923370101
store_sales: 174.69669486396015, 44.10520563560067, 30.37022759211399
time_dim: 0.0012146271765232086, 0.0009548361619874169, 4.046119811125937
warehouse: 2.907589077949524e-06, 0.000319736920165254, 2.2841090328204956
web_page: 7.394980639219284e-05, 0.0003590828900617438, 2.6579758765056645
web_returns: 6.285572262480855, 1.5667154481003434, 5.079419850880527
web_sales: 67.01082486007363, 16.85387180002688, 20.309041212104972
call_center: 9.615905582904816e-06, 0.00039923669310812707, 1.1867291363178452
catalog_returns: 13.009788101539016, 3.257175051090014, 6.549738533290135
catalog_sales: 132.3057429259643, 33.280970797751564, 10.382876732130214
customer: 0.8535048151388764, 0.2151370027042957, 18.53163114511753
customer_address: 0.2449320713058114, 0.06330244246635329, 17.07062052494016
customer_demographics: 0.011580578982830048, 0.0039288057517498885, 11.446677003964634
date_dim: 0.001992875710129738, 0.0010112007402704524, 70.96184640460736
household_demographics: 3.5176053643226624e-05, 0.000346663478731551, 9.912880346699835
income_band: 5.122274160385132e-07, 0.0003479403478372111, 2.6919105987963614
item: 0.03489831369370222, 0.009500930327687257, 51.025757417676736
promotion: 7.638614624738693e-05, 0.0004672355322462298, 4.995999484504022
reason: 1.4491379261016846e-06, 0.00035848355062662306, 3.079224460708222
ship_mode: 1.3029202818870544e-06, 0.00034893954382173085, 0.7935286408068156
store: 9.930133819580078e-05, 0.00047698010836904454, 32.497153421456076
store_returns: 20.850121902301908, 5.222669115097432, 8.589984268323276
store_sales: 174.69669486396015, 44.10332591892502, 30.188042384517345
time_dim: 0.0012146271765232086, 0.000954823092736392, 4.046119824195189
warehouse: 2.907589077949524e-06, 0.0003197368888799244, 1.0536293072997784
web_page: 7.394980639219284e-05, 0.000359082094370192, 2.657975877301356
web_returns: 6.285572262480855, 1.5666478160538013, 5.079487482927069
web_sales: 67.01082486007363, 16.85315077113142, 20.30976224100043
Function: 111.94835022243473, 5.202052026161352, 1.7670965194702148, 100.0717232153014, 4.751457856068214, 0.11992806604927099, 0.0360925393842727
hiya: 0b11111111111101111111101, 111.94835022243473
call_center: 9.615905582904816e-06, 0.00039923669310812707, 1.1867291363178452
catalog_returns: 13.009788101539016, 3.257175051090014, 6.549738533290135
catalog_sales: 132.3057429259643, 33.280970797751564, 10.382876732130214
customer: 0.8535048151388764, 0.2151370027042957, 18.53163114511753
customer_address: 0.2449320713058114, 0.06330244246635329, 17.07062052494016
customer_demographics: 0.011580578982830048, 0.0039288057517498885, 11.446677003964634
date_dim: 0.001992875710129738, 0.0010112007402704524, 70.96184640460736
household_demographics: 3.5176053643226624e-05, 0.000346663478731551, 9.912880346699835
income_band: 5.122274160385132e-07, 0.0003479403478372111, 2.6919105987963614
item: 0.03489831369370222, 0.009500930327687257, 51.025757417676736
promotion: 7.638614624738693e-05, 0.0004672355322462298, 4.995999484504022
reason: 1.4491379261016846e-06, 0.00035848355062662306, 3.079224460708222
ship_mode: 1.3029202818870544e-06, 0.00034893954382173085, 0.7935286408068156
store: 9.930133819580078e-05, 0.00047698010836904454, 32.497153421456076
store_returns: 20.850121902301908, 5.222669115097432, 8.589984268323276
store_sales: 174.69669486396015, 44.10332591892502, 30.188042384517345
time_dim: 0.0012146271765232086, 0.000954823092736392, 4.046119824195189
warehouse: 2.907589077949524e-06, 0.0003197368888799244, 1.0536293072997784
web_page: 7.394980639219284e-05, 0.000359082094370192, 2.657975877301356
web_returns: 6.285572262480855, 1.5666478160538013, 5.079487482927069
web_sales: 67.01082486007363, 16.85315077113142, 20.30976224100043
call_center: 9.615905582904816e-06, 0.00039923668883957357, 0.9323263970317173
catalog_returns: 13.009788101539016, 3.2571692759733715, 6.549744308406778
catalog_sales: 132.3057429259643, 33.28091206650307, 9.589057883028069
customer: 0.8535048151388764, 0.21513662382880408, 18.53163152399302
customer_address: 0.2449320713058114, 0.06330233373965688, 17.070620633666856
customer_demographics: 0.011580578982830048, 0.003928800611067051, 11.446677009105317
date_dim: 0.001992875710129738, 0.0010111998556219407, 70.16796882514136
household_demographics: 3.5176053643226624e-05, 0.00034666346311670697, 9.91288034671545
income_band: 5.122274160385132e-07, 0.00034794034760983055, 2.691910598796589
item: 0.03489831369370222, 0.009500914836133464, 51.025757433168295
promotion: 7.638614624738693e-05, 0.0004672354983379985, 4.995999484537931
reason: 1.4491379261016846e-06, 0.00035848354998334277, 3.0792244607088652
store: 9.930133819580078e-05, 0.00047698006428863323, 32.49715342150015
store_returns: 20.850121902301908, 5.222659859613403, 8.589993523807305
store_sales: 174.69669486396015, 44.103248370099315, 30.188119933343053
time_dim: 0.0012146271765232086, 0.0009548225535566938, 3.506644983674127
warehouse: 2.907589077949524e-06, 0.0003197368875892296, 0.2597517269504317
web_page: 7.394980639219284e-05, 0.00035908206154346535, 2.657975877334183
web_returns: 6.285572262480855, 1.5666450258536306, 5.07949027312724
web_sales: 67.01082486007363, 16.85312102465693, 19.770317146414683
Function: 112.74169450485225, 5.187089808538357, 2.5759363174438477, 100.07172290135189, 4.751119229714076, 0.11974370853237495, 0.03608253927170039
hiya: 0b11111111011101111111101, 112.74169450485225
call_center: 9.615905582904816e-06, 0.00039923668883957357, 0.9323263970317173
catalog_returns: 13.009788101539016, 3.2571692759733715, 6.549744308406778
catalog_sales: 132.3057429259643, 33.28091206650307, 9.589057883028069
customer: 0.8535048151388764, 0.21513662382880408, 18.53163152399302
customer_address: 0.2449320713058114, 0.06330233373965688, 17.070620633666856
customer_demographics: 0.011580578982830048, 0.003928800611067051, 11.446677009105317
date_dim: 0.001992875710129738, 0.0010111998556219407, 70.16796882514136
household_demographics: 3.5176053643226624e-05, 0.00034666346311670697, 9.91288034671545
income_band: 5.122274160385132e-07, 0.00034794034760983055, 2.691910598796589
item: 0.03489831369370222, 0.009500914836133464, 51.025757433168295
promotion: 7.638614624738693e-05, 0.0004672354983379985, 4.995999484537931
reason: 1.4491379261016846e-06, 0.00035848354998334277, 3.0792244607088652
store: 9.930133819580078e-05, 0.00047698006428863323, 32.49715342150015
store_returns: 20.850121902301908, 5.222659859613403, 8.589993523807305
store_sales: 174.69669486396015, 44.103248370099315, 30.188119933343053
time_dim: 0.0012146271765232086, 0.0009548225535566938, 3.506644983674127
warehouse: 2.907589077949524e-06, 0.0003197368875892296, 0.2597517269504317
web_page: 7.394980639219284e-05, 0.00035908206154346535, 2.657975877334183
web_returns: 6.285572262480855, 1.5666450258536306, 5.07949027312724
web_sales: 67.01082486007363, 16.85312102465693, 19.770317146414683
call_center: 9.615905582904816e-06, 0.0003992366840840778, 0.9323263970364728
catalog_returns: 13.009788101539016, 3.257162842050826, 6.2896792784913025
catalog_sales: 132.3057429259643, 33.28084663539108, 9.329051850302044
customer: 0.8535048151388764, 0.21513620173246942, 18.531631946089355
customer_address: 0.2449320713058114, 0.06330221260978425, 17.070620754796728
customer_demographics: 0.011580578982830048, 0.003928794883952387, 11.446677014832431
date_dim: 0.001992875710129738, 0.0010111988700556994, 69.9078973622889
household_demographics: 3.5176053643226624e-05, 0.00034666344572057393, 9.912880346732846
income_band: 5.122274160385132e-07, 0.00034794034735651115, 2.691910598796842
item: 0.03489831369370222, 0.009500897577355264, 50.76568598658904
promotion: 7.638614624738693e-05, 0.0004672354605616301, 4.995999484575707
reason: 1.4491379261016846e-06, 0.0003584835492666792, 3.079224460709582
store: 9.930133819580078e-05, 0.00047698001517967664, 32.497153421549264
store_returns: 20.850121902301908, 5.222649548294853, 8.590003835125856
store_sales: 174.69669486396015, 44.10316197476414, 30.188206328678227
time_dim: 0.0012146271765232086, 0.0009548219528691873, 3.5066449842748146
web_page: 7.394980639219284e-05, 0.000359082024971976, 2.6579758773707542
web_returns: 6.285572262480855, 1.5666419173567994, 5.079493381624071
web_sales: 67.01082486007363, 16.853087884804577, 19.770350286267036
Function: 113.00124084103386, 5.170352533667883, 2.8527450561523438, 100.07172220074408, 4.750810191737414, 0.11953831971166332, 0.03607253902048469
hiya: 0b11101111011101111111101, 113.00124084103386
call_center: 9.615905582904816e-06, 0.0003992366840840778, 0.9323263970364728
catalog_returns: 13.009788101539016, 3.257162842050826, 6.2896792784913025
catalog_sales: 132.3057429259643, 33.28084663539108, 9.329051850302044
customer: 0.8535048151388764, 0.21513620173246942, 18.531631946089355
customer_address: 0.2449320713058114, 0.06330221260978425, 17.070620754796728
customer_demographics: 0.011580578982830048, 0.003928794883952387, 11.446677014832431
date_dim: 0.001992875710129738, 0.0010111988700556994, 69.9078973622889
household_demographics: 3.5176053643226624e-05, 0.00034666344572057393, 9.912880346732846
income_band: 5.122274160385132e-07, 0.00034794034735651115, 2.691910598796842
item: 0.03489831369370222, 0.009500897577355264, 50.76568598658904
promotion: 7.638614624738693e-05, 0.0004672354605616301, 4.995999484575707
reason: 1.4491379261016846e-06, 0.0003584835492666792, 3.079224460709582
store: 9.930133819580078e-05, 0.00047698001517967664, 32.497153421549264
store_returns: 20.850121902301908, 5.222649548294853, 8.590003835125856
store_sales: 174.69669486396015, 44.10316197476414, 30.188206328678227
time_dim: 0.0012146271765232086, 0.0009548219528691873, 3.5066449842748146
web_page: 7.394980639219284e-05, 0.000359082024971976, 2.6579758773707542
web_returns: 6.285572262480855, 1.5666419173567994, 5.079493381624071
web_sales: 67.01082486007363, 16.853087884804577, 19.770350286267036
catalog_returns: 13.009788101539016, 3.257090159675264, 5.904659650789514
catalog_sales: 132.3057429259643, 33.280107476872786, 8.41885489428222
customer: 0.8535048151388764, 0.21513143341825602, 18.509847195221123
customer_address: 0.2449320713058114, 0.06330084423662899, 16.685529813092533
customer_demographics: 0.011580578982830048, 0.003928730186204485, 11.424887560347734
date_dim: 0.001992875710129738, 0.001011187736366228, 68.97517173970203
household_demographics: 3.5176053643226624e-05, 0.00034666324920091336, 9.891090827746922
income_band: 5.122274160385132e-07, 0.00034794034449482696, 2.6919105987997036
item: 0.03489831369370222, 0.009500702609357125, 50.21805285791384
promotion: 7.638614624738693e-05, 0.0004672350338116688, 4.995999485002457
reason: 1.4491379261016846e-06, 0.00035848354117071435, 3.079224460717678
store: 9.930133819580078e-05, 0.0004769794604083691, 32.497153422104034
store_returns: 20.850121902301908, 5.222533063969452, 8.590120319451255
store_sales: 174.69669486396015, 44.10218598878447, 30.1891823146579
time_dim: 0.0012146271765232086, 0.0009548151670562345, 3.5066449910606274
web_page: 7.394980639219284e-05, 0.0003590816118332255, 2.657975877783893
web_returns: 6.285572262480855, 1.5666068014640393, 5.079528497516831
web_sales: 67.01082486007363, 16.852713512378124, 19.77072465869349
Function: 113.93124701346221, 4.978171627471446, 3.977651596069336, 100.0717198837115, 4.75042326646924, 0.1172181015510201, 0.036062538189670444
hiya: 0b11101111011101111111100, 113.93124701346221
catalog_returns: 13.009788101539016, 3.257090159675264, 5.904659650789514
catalog_sales: 132.3057429259643, 33.280107476872786, 8.41885489428222
customer: 0.8535048151388764, 0.21513143341825602, 18.509847195221123
customer_address: 0.2449320713058114, 0.06330084423662899, 16.685529813092533
customer_demographics: 0.011580578982830048, 0.003928730186204485, 11.424887560347734
date_dim: 0.001992875710129738, 0.001011187736366228, 68.97517173970203
household_demographics: 3.5176053643226624e-05, 0.00034666324920091336, 9.891090827746922
income_band: 5.122274160385132e-07, 0.00034794034449482696, 2.6919105987997036
item: 0.03489831369370222, 0.009500702609357125, 50.21805285791384
promotion: 7.638614624738693e-05, 0.0004672350338116688, 4.995999485002457
reason: 1.4491379261016846e-06, 0.00035848354117071435, 3.079224460717678
store: 9.930133819580078e-05, 0.0004769794604083691, 32.497153422104034
store_returns: 20.850121902301908, 5.222533063969452, 8.590120319451255
store_sales: 174.69669486396015, 44.10218598878447, 30.1891823146579
time_dim: 0.0012146271765232086, 0.0009548151670562345, 3.5066449910606274
web_page: 7.394980639219284e-05, 0.0003590816118332255, 2.657975877783893
web_returns: 6.285572262480855, 1.5666068014640393, 5.079528497516831
web_sales: 67.01082486007363, 16.852713512378124, 19.77072465869349
catalog_returns: 13.009788101539016, 3.257068101354444, 3.5769227443504295
catalog_sales: 132.3057429259643, 33.27988315019651, 6.0913202561986
customer: 0.8535048151388764, 0.2151299862860747, 18.509848642353305
customer_address: 0.2449320713058114, 0.0633004289500643, 16.509462579717166
customer_demographics: 0.011580578982830048, 0.003928710551132453, 11.248819931320876
date_dim: 0.001992875710129738, 0.0010111843574109808, 66.47134512965916
household_demographics: 3.5176053643226624e-05, 0.0003466631895593058, 9.736582481832675
income_band: 5.122274160385132e-07, 0.0003479403436263365, 2.6919105988005723
item: 0.03489831369370222, 0.00950064343866245, 50.218052917084535
promotion: 7.638614624738693e-05, 0.00046723490429763614, 4.995999485131971
reason: 1.4491379261016846e-06, 0.0003584835387136759, 2.9031568120582034
store: 9.930133819580078e-05, 0.00047697929204123206, 30.169394457512496
store_returns: 20.850121902301908, 5.222497712227019, 6.2623967064337815
store_sales: 174.69669486396015, 44.10188978751574, 27.861719551166722
time_dim: 0.0012146271765232086, 0.0009548131076348414, 3.3521366471461604
web_returns: 6.285572262480855, 1.5665961441675158, 2.5757125413915185
web_sales: 67.01082486007363, 16.85259989436516, 17.112503317310722
Function: 116.58851866003606, 4.920060664015611, 6.694097518920898, 100.0717020648894, 4.75009196007212, 0.11651392033761868, 0.03605253180040717
hiya: 0b11001111011101111111100, 116.58851866003606
catalog_returns: 13.009788101539016, 3.257068101354444, 3.5769227443504295
catalog_sales: 132.3057429259643, 33.27988315019651, 6.0913202561986
customer: 0.8535048151388764, 0.2151299862860747, 18.509848642353305
customer_address: 0.2449320713058114, 0.0633004289500643, 16.509462579717166
customer_demographics: 0.011580578982830048, 0.003928710551132453, 11.248819931320876
date_dim: 0.001992875710129738, 0.0010111843574109808, 66.47134512965916
household_demographics: 3.5176053643226624e-05, 0.0003466631895593058, 9.736582481832675
income_band: 5.122274160385132e-07, 0.0003479403436263365, 2.6919105988005723
item: 0.03489831369370222, 0.00950064343866245, 50.218052917084535
promotion: 7.638614624738693e-05, 0.00046723490429763614, 4.995999485131971
reason: 1.4491379261016846e-06, 0.0003584835387136759, 2.9031568120582034
store: 9.930133819580078e-05, 0.00047697929204123206, 30.169394457512496
store_returns: 20.850121902301908, 5.222497712227019, 6.2623967064337815
store_sales: 174.69669486396015, 44.10188978751574, 27.861719551166722
time_dim: 0.0012146271765232086, 0.0009548131076348414, 3.3521366471461604
web_returns: 6.285572262480855, 1.5665961441675158, 2.5757125413915185
web_sales: 67.01082486007363, 16.85259989436516, 17.112503317310722
catalog_returns: 13.009788101539016, 3.2569202527238783, -0.551266452299938
catalog_sales: 132.3057429259643, 33.27837957283193, 2.0120235259849366
customer: 0.8535048151388764, 0.2151202867031826, 18.495886701658097
customer_address: 0.2449320713058114, 0.06329764544036824, 16.495493722948762
customer_demographics: 0.011580578982830048, 0.003928578944627382, 11.248820062927381
date_dim: 0.001992875710129738, 0.0010111617095444414, 62.32903646674799
household_demographics: 3.5176053643226624e-05, 0.0003466627898040354, 9.73658248223243
income_band: 5.122274160385132e-07, 0.00034794033780517156, 2.6919105988063934
item: 0.03489831369370222, 0.009500246839744129, 48.28980668719349
promotion: 7.638614624738693e-05, 0.0004672340362137728, 4.995999486000055
reason: 1.4491379261016846e-06, 0.0003584835222450712, 2.903156812074672
store: 9.930133819580078e-05, 0.00047697816353961845, 30.169394458640998
store_returns: 20.850121902301908, 5.222260762789695, 2.1342966105901713
store_sales: 174.69669486396015, 44.09990446178266, 23.782904569321573
time_dim: 0.0012146271765232086, 0.0009547993041075821, 3.3521366609496877
web_sales: 67.01082486007363, 16.85183835554444, 13.0324645485532
catalog_sales: 132.3057429259643, 33.277189752069724, -0.665866754693603
customer: 0.8535048151388764, 0.2151126111652412, 15.790240576772097
customer_address: 0.2449320713058114, 0.06329544277510728, 13.789842125190082
customer_demographics: 0.011580578982830048, 0.003928474800899321, 8.569740065630361
date_dim: 0.001992875710129738, 0.0010111437876852388, 59.623382684245904
household_demographics: 3.5176053643226624e-05, 0.0003466624734670569, 7.057502381108019
income_band: 5.122274160385132e-07, 0.00034794033319872895, 0.012830497370251793
item: 0.03489831369370222, 0.009499933000470938, 45.61072689959202
promotion: 7.638614624738693e-05, 0.00046723334927592156, 2.3169193852462446
reason: 1.4491379261016846e-06, 0.0003584835092130262, 2.9031568120877043
store: 9.930133819580078e-05, 0.00047697727052627457, 27.490314358093265
store_returns: 20.850121902301908, 5.222073258397328, -0.5445959864582095
store_sales: 174.69669486396015, 44.09833342072245, 21.105395508941037
time_dim: 0.0012146271765232086, 0.0009547883810093023, 3.3521366718727856
web_sales: 67.01082486007363, 16.85123572961946, 13.03306717447818
customer: 0.8535048151388764, 0.21501503494701785, 7.18446788399615
customer_address: 0.2449320713058114, 0.0632674411226084, 6.666697971290274
customer_demographics: 0.011580578982830048, 0.0039271508609731035, 4.805802586827727
date_dim: 0.001992875710129738, 0.0010109159538502861, 26.410536189331484
household_demographics: 3.5176053643226624e-05, 0.0003466584519943884, 7.044323947426041
income_band: 5.122274160385132e-07, 0.0003479402746387616, -0.0003479402746387616
income_band had no query dependencies
item: 0.03489831369370222, 0.009495943280187932, 16.46546047766275
promotion: 7.638614624738693e-05, 0.0004672246164941689, 1.905525346603109
reason: 1.4491379261016846e-06, 0.0003584833435415549, 2.374539902819375
store: 9.930133819580078e-05, 0.000476965917984527, 22.82533978142715
store_sales: 174.69669486396015, 44.07836136840524, -9.847120555574712
time_dim: 0.0012146271765232086, 0.000954649519781651, 2.6372837626204286
web_sales: 67.01082486007363, 16.843574773578094, -13.22688898381218
customer: 0.8535048151388764, 0.2148910157181803, -0.2148910157181803
customer had no query dependencies
customer_address: 0.2449320713058114, 0.0632318510637568, -0.0632318510637568
customer_address had no query dependencies
customer_demographics: 0.011580578982830048, 0.003925468135287825, -0.003925468135287825
customer_demographics had no query dependencies
date_dim: 0.001992875710129738, 0.0010106263773835159, -0.0010106263773835159
date_dim had no query dependencies
household_demographics: 3.5176053643226624e-05, 0.0003466533407085831, -0.0003466533407085831
household_demographics had no query dependencies
item: 0.03489831369370222, 0.009490872351617576, -0.009490872351617576
item had no query dependencies
promotion: 7.638614624738693e-05, 0.0004672135171414957, -0.0004672135171414957
promotion had no query dependencies
reason: 1.4491379261016846e-06, 0.00035848313297336023, -0.00035848313297336023
reason had no query dependencies
store: 9.930133819580078e-05, 0.00047695148892078047, -0.00047695148892078047
store had no query dependencies
time_dim: 0.0012146271765232086, 0.0009544730273669796, -0.0009544730273669796
time_dim had no query dependencies
Function: 87.93986797332764, 0, 87.93986797332764, 0.0, 0, 0.0, 0
hiya: 0b0, 87.93986797332764
{111.79620658529102: [0, 2, 3, 4, 5, 6, 7, 8, 9, 10, 11, 12, 13, 14, 15, 16, 17, 18, 19, 20, 21, 22], 111.94835022243473: [0, 2, 3, 4, 5, 6, 7, 8, 9, 11, 12, 13, 14, 15, 16, 17, 18, 19, 20, 21, 22], 112.74169450485225: [0, 2, 3, 4, 5, 6, 7, 8, 9, 11, 12, 13, 15, 16, 17, 18, 19, 20, 21, 22], 113.00124084103386: [0, 2, 3, 4, 5, 6, 7, 8, 9, 11, 12, 13, 15, 16, 17, 18, 20, 21, 22], 113.93124701346221: [2, 3, 4, 5, 6, 7, 8, 9, 11, 12, 13, 15, 16, 17, 18, 20, 21, 22], 116.58851866003606: [2, 3, 4, 5, 6, 7, 8, 9, 11, 12, 13, 15, 16, 17, 18, 21, 22], 87.93986797332764: []}
[]
{}
Best Cost: $87.93986797332764;
[]
{}
{}
{}
[]
0
Optimal Subset: 0b0
Function: 87.93986797332764, 0, 87.93986797332764, 0.0, 0, 0.0, 0
87.93986797332764
Real: 87.93986797332764, 0, 87.93986797332764, 0.0, 0, 0.0, 0
Num Redshift Qs: 0; Num GCP Qs: 94
Redshift Qs: $0; GCP Qs: $87.93986797332764; Movement Cost: $0.0
Load Cost: $0, Storage Cost: $0.0, API Cost: $0
Final cost: $87.93986797332764, BQ Baseline: $87.93986797332764, Diff: $0.0, %: 0.0%
