Egress: $0.12/GB
Benchmark: tpcds
Data Path: parquet_1000/internal_rs1
BigQuery Cost: $5/TB; DuckDB Cost: $1.48/hr; Redshift Cost: $1.086/hr
Use Duck: False
Excluded Table: catalog_sales
Excluded Query: None

Starting analysis without using DuckDB
Redshift Total: $2.869223801921209, Redshift-Calcite Total: $2.7213369148763027, BigQuery Total: $20.856728553771973
!!!!!!: 18.73866412626544
Excluding table catalog_sales and any queries that depend on it
Total Keys: 60, Keys Considered: 58
-0.7052311801542193
call_center: 9.615905582904816e-06, 0.0003980814136166768, 0.021391437768826942
catalog_page: 0.0017016949132084846, 0.0014780805524607593, -0.0014780805524607593
catalog_page had no query dependencies
catalog_returns: 13.009788101539016, 1.6941458332759916, -1.6196510974394063
customer: 0.8535048151388764, 0.11259475119374217, 6.358160844822904
customer_address: 0.2449320713058114, 0.0338756769539002, 6.365556050318372
customer_demographics: 0.011580578982830048, 0.0025374853729633116, 3.407157224928992
date_dim: 0.001992875710129738, 0.0007717715552527376, 16.451387877942807
household_demographics: 3.5176053643226624e-05, 0.00034243733767662854, 5.052908666041255
income_band: 5.122274160385132e-07, 0.0003478788075253179, 0.012830558895925203
inventory: 5.1357166497036815, 0.7692860558321921, -0.29960558880834265
item: 0.03489831369370222, 0.005308157660679479, 8.389548445477766
promotion: 7.638614624738693e-05, 0.00045805830526228253, 1.3991906713616065
reason: 1.4491379261016846e-06, 0.0003583094474897033, 0.8777342325896794
ship_mode: 1.3029202818870544e-06, 0.0003487830076465697, 0.12758067470969262
store: 9.930133819580078e-05, 0.0004650497916139463, 11.926669148685653
store_returns: 20.850121902301908, 2.7176821411415104, -1.15188463272454
store_sales: 174.69669486396015, 23.114818174082586, -5.766143249064438
time_dim: 0.0012146271765232086, 0.0008088946770820172, 0.6120577212251034
warehouse: 2.907589077949524e-06, 0.0003193875636913232, 0.41322561290519855
web_page: 7.394980639219284e-05, 0.00035019757548790414, 0.25146183526834026
web_returns: 6.285572262480855, 0.8114830877538254, -0.2819742840409011
web_sales: 67.01082486007363, 8.802298878030795, -6.403649246964076
web_site: 1.0454095900058746e-05, 0.00033022968726970894, 0.43049925973894576
call_center: 9.615905582904816e-06, 0.0003980800136207485, -0.0003980800136207485
call_center had no query dependencies
customer: 0.8535048151388764, 0.11247048798673569, -0.11247048798673569
customer had no query dependencies
customer_address: 0.2449320713058114, 0.03384001688012048, -0.03384001688012048
customer_address had no query dependencies
customer_demographics: 0.011580578982830048, 0.002535799336917734, -0.002535799336917734
customer_demographics had no query dependencies
date_dim: 0.001992875710129738, 0.0007714814091135319, -0.0007714814091135319
date_dim had no query dependencies
household_demographics: 3.5176053643226624e-05, 0.000342432216335591, -0.000342432216335591
household_demographics had no query dependencies
income_band: 5.122274160385132e-07, 0.0003478787329492636, -0.0003478787329492636
income_band had no query dependencies
item: 0.03489831369370222, 0.0053030767562700625, -0.0053030767562700625
item had no query dependencies
promotion: 7.638614624738693e-05, 0.0004580471840742878, -0.0004580471840742878
promotion had no query dependencies
reason: 1.4491379261016846e-06, 0.00035830923650726604, -0.00035830923650726604
reason had no query dependencies
ship_mode: 1.3029202818870544e-06, 0.00034878281795220614, -0.00034878281795220614
ship_mode had no query dependencies
store: 9.930133819580078e-05, 0.00046503533416446816, -0.00046503533416446816
store had no query dependencies
time_dim: 0.0012146271765232086, 0.0008087178374607347, -0.0008087178374607347
time_dim had no query dependencies
warehouse: 2.907589077949524e-06, 0.00031938714037052046, -0.00031938714037052046
warehouse had no query dependencies
web_page: 7.394980639219284e-05, 0.0003501868090107422, -0.0003501868090107422
web_page had no query dependencies
web_site: 1.0454095900058746e-05, 0.00033022816524023725, -0.00033022816524023725
web_site had no query dependencies
{}
{}
STARTING PHASE 2: 0b0
----
[]
Function: 20.856728553771973, 0, 20.856728553771973, 0.0, 0, 0.0, 0
{20.856728553771973: []}
[]
{}
Best Cost: $20.856728553771973;
[]
{}
{}
{}
[]
0
Optimal Subset: 0b0
Function: 20.856728553771973, 0, 20.856728553771973, 0.0, 0, 0.0, 0
20.856728553771973
Real: 20.856728553771973, 0, 20.856728553771973, 0.0, 0, 0.0, 0
Num Redshift Qs: 0; Num GCP Qs: 60
Redshift Qs: $0; GCP Qs: $20.856728553771973; Movement Cost: $0.0
Load Cost: $0, Storage Cost: $0.0, API Cost: $0
Final cost: $20.856728553771973, BQ Baseline: $20.856728553771973, Diff: $0.0, %: 0.0%
