Egress: $0.12/GB
Benchmark: tpcds
Data Path: parquet_1000/internal_rs1
BigQuery Cost: $5/TB; DuckDB Cost: $1.48/hr; Redshift Cost: $1.086/hr
Use Duck: False
Excluded Table: income_band
Excluded Query: None

Starting analysis without using DuckDB
Redshift Total: $6.545120865504345, Redshift-Calcite Total: $5.660875758498115, BigQuery Total: $43.309359550476074
!!!!!!: 38.57701458040198
Excluding table income_band and any queries that depend on it
Total Keys: 97, Keys Considered: 94
-0.7057104357618037
call_center: 9.615905582904816e-06, 0.00039808230455490865, 0.6645983708455585
catalog_page: 0.0017016949132084846, 0.0014782382188442337, 2.0554330751706953
catalog_returns: 13.009788101539016, 1.6953512233984027, 5.201373348687534
catalog_sales: 132.3057429259643, 17.397678907873114, 2.4538499839668653
customer: 0.8535048151388764, 0.11267383059654022, 9.931357901061045
customer_address: 0.2449320713058114, 0.03389837053638667, 10.877982526202384
customer_demographics: 0.011580578982830048, 0.00253855834320762, 5.6359508338722035
date_dim: 0.001992875710129738, 0.000771956200281345, 36.302916585137766
household_demographics: 3.5176053643226624e-05, 0.00034244059682791343, 5.4217501314508825
inventory: 5.1357166497036815, 0.7697618931073837, 0.2152873037657248
item: 0.03489831369370222, 0.005311391078648079, 20.268305359719175
promotion: 7.638614624738693e-05, 0.0004580653826339858, 3.448044434587166
reason: 1.4491379261016846e-06, 0.0003583095817560363, 0.877734232455413
ship_mode: 1.3029202818870544e-06, 0.0003487831283654643, 0.921443949824865
store: 9.930133819580078e-05, 0.000465058992136758, 17.8556835430139
store_returns: 20.850121902301908, 2.7196139582315317, 7.3391867215292415
store_sales: 174.69669486396015, 23.131004269410457, 10.661303205065646
time_dim: 0.0012146271765232086, 0.0008090072153946758, 1.8663568876311238
warehouse: 2.907589077949524e-06, 0.00031938783308688346, 1.8491802580819445
web_page: 7.394980639219284e-05, 0.0003502044271264922, 1.0094537948855924
web_returns: 6.285572262480855, 0.8120654620907295, 5.638787416729769
web_sales: 67.01082486007363, 8.808507602242944, 7.726770836600153
web_site: 1.0454095900058746e-05, 0.0003302306558684162, 2.4874105721598863
{}
{}
STARTING PHASE 2: 0b111111111111110111111111
----
[0, 1, 2, 3, 4, 5, 6, 7, 8, 10, 11, 12, 13, 14, 15, 16, 17, 18, 19, 20, 21, 22, 23]
Function: 60.63010627372767, 3.32884632047693, 1.403498649597168, 50.8562777225199, 4.904497922297319, 0.10042924564813697, 0.036556413188225036
-0.7057104357618037
call_center: 9.615905582904816e-06, 0.00039808230455490865, 0.6645983708455585
catalog_page: 0.0017016949132084846, 0.0014782382188442337, 2.0554330751706953
catalog_returns: 13.009788101539016, 1.6953512233984027, 5.201373348687534
catalog_sales: 132.3057429259643, 17.397678907873114, 2.4538499839668653
customer: 0.8535048151388764, 0.11267383059654022, 9.931357901061045
customer_address: 0.2449320713058114, 0.03389837053638667, 10.877982526202384
customer_demographics: 0.011580578982830048, 0.00253855834320762, 5.6359508338722035
date_dim: 0.001992875710129738, 0.000771956200281345, 36.302916585137766
household_demographics: 3.5176053643226624e-05, 0.00034244059682791343, 5.4217501314508825
inventory: 5.1357166497036815, 0.7697618931073837, 0.2152873037657248
item: 0.03489831369370222, 0.005311391078648079, 20.268305359719175
promotion: 7.638614624738693e-05, 0.0004580653826339858, 3.448044434587166
reason: 1.4491379261016846e-06, 0.0003583095817560363, 0.877734232455413
ship_mode: 1.3029202818870544e-06, 0.0003487831283654643, 0.921443949824865
store: 9.930133819580078e-05, 0.000465058992136758, 17.8556835430139
store_returns: 20.850121902301908, 2.7196139582315317, 7.3391867215292415
store_sales: 174.69669486396015, 23.131004269410457, 10.661303205065646
time_dim: 0.0012146271765232086, 0.0008090072153946758, 1.8663568876311238
warehouse: 2.907589077949524e-06, 0.00031938783308688346, 1.8491802580819445
web_page: 7.394980639219284e-05, 0.0003502044271264922, 1.0094537948855924
web_returns: 6.285572262480855, 0.8120654620907295, 5.638787416729769
web_sales: 67.01082486007363, 8.808507602242944, 7.726770836600153
web_site: 1.0454095900058746e-05, 0.0003302306558684162, 2.4874105721598863
call_center: 9.615905582904816e-06, 0.0003980822010888523, 0.6645983709490246
catalog_page: 0.0017016949132084846, 0.0014782199087994576, 2.0554330934807403
catalog_returns: 13.009788101539016, 1.6952112395500527, 4.819493426163655
catalog_sales: 132.3057429259643, 17.3962553130452, 1.939904848945524
customer: 0.8535048151388764, 0.11266464698127486, 9.93136708467631
customer_address: 0.2449320713058114, 0.03389573509500529, 10.877985161643766
customer_demographics: 0.011580578982830048, 0.00253843373748772, 5.253931052105694
date_dim: 0.001992875710129738, 0.0007719347571641311, 35.31786740970778
household_demographics: 3.5176053643226624e-05, 0.0003424402183375552, 5.039730225457144
item: 0.03489831369370222, 0.005311015576740312, 19.283256538347977
promotion: 7.638614624738693e-05, 0.00045806456072769274, 3.0660245290368433
reason: 1.4491379261016846e-06, 0.0003583095661634762, 0.8777342324710057
ship_mode: 1.3029202818870544e-06, 0.0003487831143461894, 0.9214439498388843
store: 9.930133819580078e-05, 0.00046505792366559166, 17.85568354408237
store_returns: 20.850121902301908, 2.719389613278357, 7.339411066482416
store_sales: 174.69669486396015, 23.129124552734808, 10.479117997468997
time_dim: 0.0012146271765232086, 0.0008089941461436508, 1.866356900700375
warehouse: 2.907589077949524e-06, 0.0003193878018015539, 1.1815448089894498
web_page: 7.394980639219284e-05, 0.0003502036314349404, 1.009453795681284
web_returns: 6.285572262480855, 0.8119978300441876, 5.6388550487763105
web_sales: 67.01082486007363, 8.807786573347485, 7.727491865495612
web_site: 1.0454095900058746e-05, 0.00033023054338352686, 2.4874105722723714
Function: 60.836003172462256, 3.109762483597597, 2.6076316833496094, 50.23506999609949, 4.7527024929396315, 0.09473382920623616, 0.03610268726969064
hiya: 0b111111111111100111111111, 60.836003172462256
call_center: 9.615905582904816e-06, 0.0003980822010888523, 0.6645983709490246
catalog_page: 0.0017016949132084846, 0.0014782199087994576, 2.0554330934807403
catalog_returns: 13.009788101539016, 1.6952112395500527, 4.819493426163655
catalog_sales: 132.3057429259643, 17.3962553130452, 1.939904848945524
customer: 0.8535048151388764, 0.11266464698127486, 9.93136708467631
customer_address: 0.2449320713058114, 0.03389573509500529, 10.877985161643766
customer_demographics: 0.011580578982830048, 0.00253843373748772, 5.253931052105694
date_dim: 0.001992875710129738, 0.0007719347571641311, 35.31786740970778
household_demographics: 3.5176053643226624e-05, 0.0003424402183375552, 5.039730225457144
item: 0.03489831369370222, 0.005311015576740312, 19.283256538347977
promotion: 7.638614624738693e-05, 0.00045806456072769274, 3.0660245290368433
reason: 1.4491379261016846e-06, 0.0003583095661634762, 0.8777342324710057
ship_mode: 1.3029202818870544e-06, 0.0003487831143461894, 0.9214439498388843
store: 9.930133819580078e-05, 0.00046505792366559166, 17.85568354408237
store_returns: 20.850121902301908, 2.719389613278357, 7.339411066482416
store_sales: 174.69669486396015, 23.129124552734808, 10.479117997468997
time_dim: 0.0012146271765232086, 0.0008089941461436508, 1.866356900700375
warehouse: 2.907589077949524e-06, 0.0003193878018015539, 1.1815448089894498
web_page: 7.394980639219284e-05, 0.0003502036314349404, 1.009453795681284
web_returns: 6.285572262480855, 0.8119978300441876, 5.6388550487763105
web_sales: 67.01082486007363, 8.807786573347485, 7.727491865495612
web_site: 1.0454095900058746e-05, 0.00033023054338352686, 2.4874105722723714
catalog_page: 0.0017016949132084846, 0.0014782100944446693, 2.055433103295095
catalog_returns: 13.009788101539016, 1.6951362069016283, 4.538984548698108
catalog_sales: 132.3057429259643, 17.395492252938762, 1.2974609750842916
customer: 0.8535048151388764, 0.11265972447783182, 9.90958248799731
customer_address: 0.2449320713058114, 0.033894322473842615, 10.597402664150955
customer_demographics: 0.011580578982830048, 0.002538366947659585, 5.232141599713079
date_dim: 0.001992875710129738, 0.0007719232634532925, 34.652870968051374
household_demographics: 3.5176053643226624e-05, 0.0003424400154631928, 5.0179407064775745
item: 0.03489831369370222, 0.005310814304215229, 19.15324693587475
promotion: 7.638614624738693e-05, 0.00045806412017825325, 3.0660245294773927
reason: 1.4491379261016846e-06, 0.00035830955780571846, 0.8777342324793634
ship_mode: 1.3029202818870544e-06, 0.0003487831068317273, 0.6670412105560024
store: 9.930133819580078e-05, 0.00046505735095508027, 17.855683544655083
store_returns: 20.850121902301908, 2.7192693622908624, 7.339531317469911
store_sales: 174.69669486396015, 23.128117007063477, 10.480125543140328
time_dim: 0.0012146271765232086, 0.0008089871409031971, 1.8663569077056155
warehouse: 2.907589077949524e-06, 0.0003193877850323254, 0.9271420697158227
web_page: 7.394980639219284e-05, 0.00035020320493684673, 1.0094537961077819
web_returns: 6.285572262480855, 0.8119615786363985, 5.6388913001841
web_sales: 67.01082486007363, 8.80740009513407, 7.727878343709026
web_site: 1.0454095900058746e-05, 0.00033023048309057697, 2.487410572332664
Function: 61.49820628192531, 2.911354662760895, 3.471035957336426, 50.23506883297558, 4.752315567671458, 0.0923385747420788, 0.03609268643887639
hiya: 0b111111111111100111111110, 61.49820628192531
catalog_page: 0.0017016949132084846, 0.0014782100944446693, 2.055433103295095
catalog_returns: 13.009788101539016, 1.6951362069016283, 4.538984548698108
catalog_sales: 132.3057429259643, 17.395492252938762, 1.2974609750842916
customer: 0.8535048151388764, 0.11265972447783182, 9.90958248799731
customer_address: 0.2449320713058114, 0.033894322473842615, 10.597402664150955
customer_demographics: 0.011580578982830048, 0.002538366947659585, 5.232141599713079
date_dim: 0.001992875710129738, 0.0007719232634532925, 34.652870968051374
household_demographics: 3.5176053643226624e-05, 0.0003424400154631928, 5.0179407064775745
item: 0.03489831369370222, 0.005310814304215229, 19.15324693587475
promotion: 7.638614624738693e-05, 0.00045806412017825325, 3.0660245294773927
reason: 1.4491379261016846e-06, 0.00035830955780571846, 0.8777342324793634
ship_mode: 1.3029202818870544e-06, 0.0003487831068317273, 0.6670412105560024
store: 9.930133819580078e-05, 0.00046505735095508027, 17.855683544655083
store_returns: 20.850121902301908, 2.7192693622908624, 7.339531317469911
store_sales: 174.69669486396015, 23.128117007063477, 10.480125543140328
time_dim: 0.0012146271765232086, 0.0008089871409031971, 1.8663569077056155
warehouse: 2.907589077949524e-06, 0.0003193877850323254, 0.9271420697158227
web_page: 7.394980639219284e-05, 0.00035020320493684673, 1.0094537961077819
web_returns: 6.285572262480855, 0.8119615786363985, 5.6388913001841
web_sales: 67.01082486007363, 8.80740009513407, 7.727878343709026
web_site: 1.0454095900058746e-05, 0.00033023048309057697, 2.487410572332664
catalog_page: 0.0017016949132084846, 0.001478209497633008, 2.0554331038919065
catalog_returns: 13.009788101539016, 1.6951316441605695, 4.538989111439167
catalog_sales: 132.3057429259643, 17.39544585119564, 0.7580468408819208
customer: 0.8535048151388764, 0.11265942514002297, 9.909582787335118
customer_address: 0.2449320713058114, 0.03389423657224225, 10.597402750052556
customer_demographics: 0.011580578982830048, 0.0025383628861650556, 5.232141603774573
date_dim: 0.001992875710129738, 0.000771922564519862, 33.98548097508747
household_demographics: 3.5176053643226624e-05, 0.0003424400031263874, 5.017940706489911
item: 0.03489831369370222, 0.005310802064817668, 19.153246948114152
promotion: 7.638614624738693e-05, 0.00045806409338840833, 3.0660245295041824
reason: 1.4491379261016846e-06, 0.0003583095572974826, 0.8777342324798717
store: 9.930133819580078e-05, 0.00046505731612851047, 17.85568354468991
store_returns: 20.850121902301908, 2.719262049819165, 7.339538629941609
store_sales: 174.69669486396015, 23.128055738134556, 10.480186812069249
time_dim: 0.0012146271765232086, 0.0008089867149139923, 1.32689637218611
warehouse: 2.907589077949524e-06, 0.00031938778401258735, 0.25975207605400835
web_page: 7.394980639219284e-05, 0.00035020317900146523, 1.0094537961337173
web_returns: 6.285572262480855, 0.8119593741855331, 5.638893504634965
web_sales: 67.01082486007363, 8.807376593364513, 7.060511851815745
web_site: 1.0454095900058746e-05, 0.0003302304794241581, 2.3594811146189913
Function: 62.16510183576033, 2.899604565481346, 4.150176048278809, 50.23506867537651, 4.75197694131732, 0.09219291898004969, 0.036082686326304084
hiya: 0b111111111011100111111110, 62.16510183576033
catalog_page: 0.0017016949132084846, 0.001478209497633008, 2.0554331038919065
catalog_returns: 13.009788101539016, 1.6951316441605695, 4.538989111439167
catalog_sales: 132.3057429259643, 17.39544585119564, 0.7580468408819208
customer: 0.8535048151388764, 0.11265942514002297, 9.909582787335118
customer_address: 0.2449320713058114, 0.03389423657224225, 10.597402750052556
customer_demographics: 0.011580578982830048, 0.0025383628861650556, 5.232141603774573
date_dim: 0.001992875710129738, 0.000771922564519862, 33.98548097508747
household_demographics: 3.5176053643226624e-05, 0.0003424400031263874, 5.017940706489911
item: 0.03489831369370222, 0.005310802064817668, 19.153246948114152
promotion: 7.638614624738693e-05, 0.00045806409338840833, 3.0660245295041824
reason: 1.4491379261016846e-06, 0.0003583095572974826, 0.8777342324798717
store: 9.930133819580078e-05, 0.00046505731612851047, 17.85568354468991
store_returns: 20.850121902301908, 2.719262049819165, 7.339538629941609
store_sales: 174.69669486396015, 23.128055738134556, 10.480186812069249
time_dim: 0.0012146271765232086, 0.0008089867149139923, 1.32689637218611
warehouse: 2.907589077949524e-06, 0.00031938778401258735, 0.25975207605400835
web_page: 7.394980639219284e-05, 0.00035020317900146523, 1.0094537961337173
web_returns: 6.285572262480855, 0.8119593741855331, 5.638893504634965
web_sales: 67.01082486007363, 8.807376593364513, 7.060511851815745
web_site: 1.0454095900058746e-05, 0.0003302304794241581, 2.3594811146189913
catalog_page: 0.0017016949132084846, 0.001478208656068704, 2.055433104733471
catalog_returns: 13.009788101539016, 1.6951252102380245, 4.278924081523692
catalog_sales: 132.3057429259643, 17.395380420083647, 0.49804080815588847
customer: 0.8535048151388764, 0.11265900304368831, 9.909583209431453
customer_address: 0.2449320713058114, 0.03389411544236963, 10.597402871182428
customer_demographics: 0.011580578982830048, 0.002538357159050392, 5.232141609501688
date_dim: 0.001992875710129738, 0.0007719215789536206, 33.72540951223502
household_demographics: 3.5176053643226624e-05, 0.00034243998573025436, 5.017940706507307
item: 0.03489831369370222, 0.0053107848060394685, 18.89317550153491
promotion: 7.638614624738693e-05, 0.0004580640556120399, 3.066024529541959
reason: 1.4491379261016846e-06, 0.00035830955658081905, 0.8777342324805884
store: 9.930133819580078e-05, 0.00046505726701955393, 17.85568354473902
store_returns: 20.850121902301908, 2.7192517385006156, 7.339548941260158
store_sales: 174.69669486396015, 23.12796934279938, 10.480273207404426
time_dim: 0.0012146271765232086, 0.0008089861142264857, 1.3268963727867975
web_page: 7.394980639219284e-05, 0.0003502031424299759, 1.0094537961702887
web_returns: 6.285572262480855, 0.8119562656887019, 5.638896613131797
web_sales: 67.01082486007363, 8.80734345351216, 7.060544991668097
web_site: 1.0454095900058746e-05, 0.00033023047425413974, 2.3594811146241614
Function: 62.424648520203796, 2.8828672906108705, 4.426984786987305, 50.23506832367938, 4.751667903340658, 0.09198752951049984, 0.03607268607508839
hiya: 0b111101111011100111111110, 62.424648520203796
catalog_page: 0.0017016949132084846, 0.001478208656068704, 2.055433104733471
catalog_returns: 13.009788101539016, 1.6951252102380245, 4.278924081523692
catalog_sales: 132.3057429259643, 17.395380420083647, 0.49804080815588847
customer: 0.8535048151388764, 0.11265900304368831, 9.909583209431453
customer_address: 0.2449320713058114, 0.03389411544236963, 10.597402871182428
customer_demographics: 0.011580578982830048, 0.002538357159050392, 5.232141609501688
date_dim: 0.001992875710129738, 0.0007719215789536206, 33.72540951223502
household_demographics: 3.5176053643226624e-05, 0.00034243998573025436, 5.017940706507307
item: 0.03489831369370222, 0.0053107848060394685, 18.89317550153491
promotion: 7.638614624738693e-05, 0.0004580640556120399, 3.066024529541959
reason: 1.4491379261016846e-06, 0.00035830955658081905, 0.8777342324805884
store: 9.930133819580078e-05, 0.00046505726701955393, 17.85568354473902
store_returns: 20.850121902301908, 2.7192517385006156, 7.339548941260158
store_sales: 174.69669486396015, 23.12796934279938, 10.480273207404426
time_dim: 0.0012146271765232086, 0.0008089861142264857, 1.3268963727867975
web_page: 7.394980639219284e-05, 0.0003502031424299759, 1.0094537961702887
web_returns: 6.285572262480855, 0.8119562656887019, 5.638896613131797
web_sales: 67.01082486007363, 8.80734345351216, 7.060544991668097
web_site: 1.0454095900058746e-05, 0.00033023047425413974, 2.3594811146241614
catalog_page: 0.0017016949132084846, 0.001478069935084211, -0.001478069935084211
catalog_page had no query dependencies
catalog_returns: 13.009788101539016, 1.6940646613702555, -1.6413594447161137
customer: 0.8535048151388764, 0.11258942592542427, 6.323198213205327
customer_address: 0.2449320713058114, 0.033874148750454566, 6.330589621635924
customer_demographics: 0.011580578982830048, 0.002537413118314871, 3.372189340297747
date_dim: 0.001992875710129738, 0.0007717591211133017, 15.83198844645332
household_demographics: 3.5176053643226624e-05, 0.00034243711820285323, 5.017940709374835
item: 0.03489831369370222, 0.0053079399198056555, 7.919868196194791
promotion: 7.638614624738693e-05, 0.0004580578286665829, 1.3991906718382021
reason: 1.4491379261016846e-06, 0.0003583094384481043, 0.8777342325987211
store: 9.930133819580078e-05, 0.00046504917204360434, 11.926669149305223
store_returns: 20.850121902301908, 2.7175520510803635, -1.1649329803668436
store_sales: 174.69669486396015, 23.113728189869374, -5.949118189123521
time_dim: 0.0012146271765232086, 0.0008088870986647588, 0.6120577288035207
web_page: 7.394980639219284e-05, 0.0003501971140932475, 0.25146183572973496
web_returns: 6.285572262480855, 0.8114438702142925, -0.28193506650136824
web_sales: 67.01082486007363, 8.801880777726902, -6.531160604377522
web_site: 1.0454095900058746e-05, 0.0003302296220435208, 0.3025698020868327
customer: 0.8535048151388764, 0.11247045400355742, -0.11247045400355742
customer had no query dependencies
customer_address: 0.2449320713058114, 0.03384000712789636, -0.03384000712789636
customer_address had no query dependencies
customer_demographics: 0.011580578982830048, 0.0025357988758249865, -0.0025357988758249865
customer_demographics had no query dependencies
date_dim: 0.001992875710129738, 0.0007714813297651213, -0.0007714813297651213
date_dim had no query dependencies
household_demographics: 3.5176053643226624e-05, 0.00034243221493501997, -0.00034243221493501997
household_demographics had no query dependencies
item: 0.03489831369370222, 0.005303075366757555, -0.005303075366757555
item had no query dependencies
promotion: 7.638614624738693e-05, 0.0004580471810328943, -0.0004580471810328943
promotion had no query dependencies
reason: 1.4491379261016846e-06, 0.00035830923644956713, -0.00035830923644956713
reason had no query dependencies
store: 9.930133819580078e-05, 0.0004650353302106825, -0.0004650353302106825
store had no query dependencies
time_dim: 0.0012146271765232086, 0.0008087177890990954, -0.0008087177890990954
time_dim had no query dependencies
web_page: 7.394980639219284e-05, 0.00035018680606635407, -0.00035018680606635407
web_page had no query dependencies
web_site: 1.0454095900058746e-05, 0.0003302281648239966, -0.0003302281648239966
web_site had no query dependencies
Function: 43.309359550476074, 0, 43.309359550476074, 0.0, 0, 0.0, 0
hiya: 0b0, 43.309359550476074
{60.63010627372767: [0, 1, 2, 3, 4, 5, 6, 7, 8, 10, 11, 12, 13, 14, 15, 16, 17, 18, 19, 20, 21, 22, 23], 60.836003172462256: [0, 1, 2, 3, 4, 5, 6, 7, 8, 11, 12, 13, 14, 15, 16, 17, 18, 19, 20, 21, 22, 23], 61.49820628192531: [1, 2, 3, 4, 5, 6, 7, 8, 11, 12, 13, 14, 15, 16, 17, 18, 19, 20, 21, 22, 23], 62.16510183576033: [1, 2, 3, 4, 5, 6, 7, 8, 11, 12, 13, 15, 16, 17, 18, 19, 20, 21, 22, 23], 62.424648520203796: [1, 2, 3, 4, 5, 6, 7, 8, 11, 12, 13, 15, 16, 17, 18, 20, 21, 22, 23], 43.309359550476074: []}
[]
{}
Best Cost: $43.309359550476074;
[]
{}
{}
{}
[]
0
Optimal Subset: 0b0
Function: 43.309359550476074, 0, 43.309359550476074, 0.0, 0, 0.0, 0
43.309359550476074
Real: 43.309359550476074, 0, 43.309359550476074, 0.0, 0, 0.0, 0
Num Redshift Qs: 0; Num GCP Qs: 97
Redshift Qs: $0; GCP Qs: $43.309359550476074; Movement Cost: $0.0
Load Cost: $0, Storage Cost: $0.0, API Cost: $0
Final cost: $43.309359550476074, BQ Baseline: $43.309359550476074, Diff: $0.0, %: 0.0%
