Egress: $0.12/GB
Benchmark: tpcds
Data Path: parquet_1000/internal_rs1
BigQuery Cost: $5/TB; DuckDB Cost: $1.48/hr; Redshift Cost: $1.086/hr
Use Duck: False
Excluded Table: store_returns
Excluded Query: None

Starting analysis without using DuckDB
Redshift Total: $5.687897002485993, Redshift-Calcite Total: $4.992700759756565, BigQuery Total: $32.589735984802246
!!!!!!: 28.518213900641207
Excluding table store_returns and any queries that depend on it
Total Keys: 83, Keys Considered: 80
-0.7055796835716831
call_center: 9.615905582904816e-06, 0.0003980820614860259, 0.6645983710886273
catalog_page: 0.0017016949132084846, 0.0014781952037503645, -0.0014781952037503645
catalog_page had no query dependencies
catalog_returns: 13.009788101539016, 1.6950223646517122, -0.7670689328296507
catalog_sales: 132.3057429259643, 17.394334510527127, -6.048987227734399
customer: 0.8535048151388764, 0.1126522558774433, 9.491895462590668
customer_address: 0.2449320713058114, 0.03389217919388629, 10.462487250663449
customer_demographics: 0.011580578982830048, 0.002538265611714953, 5.635951126603697
date_dim: 0.001992875710129738, 0.0007719058247792055, 27.188234332067935
household_demographics: 3.5176053643226624e-05, 0.00034243970765486737, 5.421750132340055
income_band: 5.122274160385132e-07, 0.00034787884203651807, -0.00034787884203651807
income_band had no query dependencies
inventory: 5.1357166497036815, 0.7696320735186557, 0.21541712335445284
item: 0.03489831369370222, 0.0053105089262553305, 15.058721372651716
promotion: 7.638614624738693e-05, 0.0004580634517606985, 2.1926046199632547
reason: 1.4491379261016846e-06, 0.000358309545125026, 0.3491173230580435
ship_mode: 1.3029202818870544e-06, 0.00034878309543051345, 0.9214439498578
store: 9.930133819580078e-05, 0.00046505648201796367, 11.47936763560269
store_sales: 174.69669486396015, 23.126588322303895, 0.6783280838757761
time_dim: 0.0012146271765232086, 0.0008089765122988337, 1.86635691833422
warehouse: 2.907589077949524e-06, 0.000319387759589445, 1.8491802581554417
web_page: 7.394980639219284e-05, 0.0003502025578385024, 0.2514618302859897
web_returns: 6.285572262480855, 0.8119065766884201, -0.32982483813179675
web_sales: 67.01082486007363, 8.806813716400516, 1.8071206473350028
web_site: 1.0454095900058746e-05, 0.00033023039161193113, 0.4304992590346035
-0.7051242726963584
call_center: 9.615905582904816e-06, 0.0003980812148752537, -0.0003980812148752537
call_center had no query dependencies
customer: 0.8535048151388764, 0.11257711096629673, 5.87513880205646
customer_address: 0.2449320713058114, 0.03387061470074136, 5.427731798749739
customer_demographics: 0.011580578982830048, 0.002537246025693579, 3.1963173619633
date_dim: 0.001992875710129738, 0.0007717303665210824, 15.333737815496548
household_demographics: 3.5176053643226624e-05, 0.000342436610658367, 5.017940709882379
inventory: 5.1357166497036815, 0.7691799109010925, -0.29949944387724303
item: 0.03489831369370222, 0.005307436382743959, 7.926620634717965
promotion: 7.638614624738693e-05, 0.0004580567265143135, 1.3991906729403545
reason: 1.4491379261016846e-06, 0.00035830941753893774, 0.17324517775856146
ship_mode: 1.3029202818870544e-06, 0.0003487829807178287, 0.12758067473662135
store: 9.930133819580078e-05, 0.00046504773925506055, 10.950094054614794
store_sales: 174.69669486396015, 23.111207544855066, -7.243742079086095
time_dim: 0.0012146271765232086, 0.000808869573181869, 0.6120577463290037
warehouse: 2.907589077949524e-06, 0.00031938750359730646, 0.4132256129652926
web_page: 7.394980639219284e-05, 0.00035019604709417843, 0.07558969136966595
web_sales: 67.01082486007363, 8.80091389909351, -6.881036445162735
web_site: 1.0454095900058746e-05, 0.0003302294712045783, 0.1275992282461346
customer: 0.8535048151388764, 0.11247047004085196, -0.11247047004085196
customer had no query dependencies
customer_address: 0.2449320713058114, 0.0338400117301525, -0.0338400117301525
customer_address had no query dependencies
customer_demographics: 0.011580578982830048, 0.0025357990934232392, -0.0025357990934232392
customer_demographics had no query dependencies
date_dim: 0.001992875710129738, 0.0007714813672111136, -0.0007714813672111136
date_dim had no query dependencies
household_demographics: 3.5176053643226624e-05, 0.00034243221559597547, -0.00034243221559597547
household_demographics had no query dependencies
item: 0.03489831369370222, 0.005303076022494378, -0.005303076022494378
item had no query dependencies
promotion: 7.638614624738693e-05, 0.0004580471824681845, -0.0004580471824681845
promotion had no query dependencies
reason: 1.4491379261016846e-06, 0.00035830923647679633, -0.00035830923647679633
reason had no query dependencies
ship_mode: 1.3029202818870544e-06, 0.0003487828179248108, -0.0003487828179248108
ship_mode had no query dependencies
store: 9.930133819580078e-05, 0.00046503533207654756, -0.00046503533207654756
store had no query dependencies
time_dim: 0.0012146271765232086, 0.0008087178119218535, -0.0008087178119218535
time_dim had no query dependencies
warehouse: 2.907589077949524e-06, 0.0003193871403093852, -0.0003193871403093852
warehouse had no query dependencies
web_page: 7.394980639219284e-05, 0.0003501868074558656, -0.0003501868074558656
web_page had no query dependencies
web_site: 1.0454095900058746e-05, 0.0003302281650204283, -0.0003302281650204283
web_site had no query dependencies
{}
{}
STARTING PHASE 2: 0b0
----
[]
Function: 32.589735984802246, 0, 32.589735984802246, 0.0, 0, 0.0, 0
{32.589735984802246: []}
[]
{}
Best Cost: $32.589735984802246;
[]
{}
{}
{}
[]
0
Optimal Subset: 0b0
Function: 32.589735984802246, 0, 32.589735984802246, 0.0, 0, 0.0, 0
32.589735984802246
Real: 32.589735984802246, 0, 32.589735984802246, 0.0, 0, 0.0, 0
Num Redshift Qs: 0; Num GCP Qs: 83
Redshift Qs: $0; GCP Qs: $32.589735984802246; Movement Cost: $0.0
Load Cost: $0, Storage Cost: $0.0, API Cost: $0
Final cost: $32.589735984802246, BQ Baseline: $32.589735984802246, Diff: $0.0, %: 0.0%
