    i_item_id     |        agg1         |        agg2        |        agg3        |        agg4        
------------------+---------------------+--------------------+--------------------+--------------------
 AAAAAAAAAAAABAAA | 35.5714285714285714 |  63.66142857142857 |             340.25 | 38.019999999999996
 AAAAAAAAAAAACAAA | 37.0909090909090909 |  71.35727272727273 |  488.7490909090909 |  42.24909090909091
 AAAAAAAAAAABAAAA | 66.0000000000000000 | 101.85799999999999 |                  0 |  57.09400000000001
 AAAAAAAAAAABBAAA | 42.5833333333333333 | 48.712500000000006 |           385.3625 | 21.430000000000003
 AAAAAAAAAAABDAAA | 27.8888888888888889 |  96.38555555555556 |  477.8166666666667 |  53.71111111111111
 AAAAAAAAAAACAAAA | 59.4000000000000000 |             44.124 |                  0 |             11.576
 AAAAAAAAAAACCAAA | 41.8750000000000000 |  90.20625000000001 |           89.65875 |           54.94125
 AAAAAAAAAAADBAAA | 44.0000000000000000 |  81.96444444444444 | 26.917777777777776 |  35.86333333333334
 AAAAAAAAAAADCAAA | 68.3333333333333333 |  73.74499999999999 |                  0 |  56.26499999999999
 AAAAAAAAAAAEAAAA | 68.0000000000000000 | 57.330000000000005 |                  0 | 13.196666666666667
 AAAAAAAAAAAEBAAA | 66.5454545454545455 |  61.16090909090909 |             229.54 |  31.60090909090909
 AAAAAAAAAAAFAAAA | 65.1428571428571429 |               42.6 | 118.56428571428572 |              28.82
 AAAAAAAAAAAFCAAA | 42.1428571428571429 |  96.70142857142856 |                  0 |  28.99857142857143
 AAAAAAAAAAAGBAAA | 47.5714285714285714 |  64.12428571428572 |                  0 |              27.77
 AAAAAAAAAAAGCAAA | 57.0000000000000000 |             58.398 | 264.16999999999996 |              31.72
 AAAAAAAAAAAHAAAA | 47.3750000000000000 |           69.01125 |          242.15375 |           28.18625
 AAAAAAAAAAAHBAAA | 48.0000000000000000 |              55.09 |           69.09125 |           17.19125
 AAAAAAAAAAAIAAAA | 54.2857142857142857 |  69.80285714285715 |              20.71 |              30.94
 AAAAAAAAAAAICAAA | 52.0000000000000000 | 21.099999999999998 |                  0 |               6.05
 AAAAAAAAAAAJBAAA | 44.1538461538461538 |              92.82 | 290.47769230769234 | 31.553076923076922
 AAAAAAAAAAAJCAAA | 89.0000000000000000 |  82.96666666666667 |            1546.61 | 54.403333333333336
 AAAAAAAAAAAKAAAA | 45.8000000000000000 |  94.85799999999999 | 14.952000000000002 | 30.114000000000004
 AAAAAAAAAAAKBAAA | 54.2222222222222222 |  86.70333333333332 |  553.4255555555555 | 35.925555555555555
 AAAAAAAAAAALAAAA | 45.4000000000000000 |  66.13699999999999 |  76.31500000000001 |             41.077
 AAAAAAAAAAALCAAA | 69.2500000000000000 |             69.875 |                  0 |            55.6275
 AAAAAAAAAAAMBAAA | 40.8333333333333333 |  82.09166666666668 |  81.75333333333333 |  48.38666666666666
 AAAAAAAAAAAMCAAA | 49.5555555555555556 |  36.67222222222222 |                  0 |  20.02333333333333
 AAAAAAAAAAANAAAA | 42.7500000000000000 |           67.39375 |          297.78875 |           40.01875
 AAAAAAAAAAANBAAA | 45.2500000000000000 |             94.675 |            1080.09 | 54.654999999999994
 AAAAAAAAAAAOAAAA | 48.2222222222222222 |  70.69222222222223 | 295.80111111111114 |  41.88111111111111
 AAAAAAAAAAAOCAAA | 41.5000000000000000 |            82.2325 | 210.20499999999998 |              36.92
 AAAAAAAAAAAPBAAA | 55.0000000000000000 |  58.26222222222221 | 177.06888888888886 | 36.371111111111105
 AAAAAAAAAAAPCAAA | 43.0000000000000000 |             54.299 | 50.955999999999996 | 18.156000000000002
 AAAAAAAAAABAAAAA | 46.3333333333333333 |  65.31222222222223 |  6.472222222222222 | 41.416666666666664
 AAAAAAAAAABABAAA | 58.6666666666666667 |  79.12333333333333 | 13.573333333333332 |  47.99333333333334
 AAAAAAAAAABADAAA | 31.2500000000000000 |          107.83125 |             36.345 |  58.10249999999999
 AAAAAAAAAABBAAAA | 53.6250000000000000 |           51.44625 |          228.87625 |           38.56375
 AAAAAAAAAABBCAAA | 33.0000000000000000 |  76.01400000000001 |             43.052 |             32.388
 AAAAAAAAAABBDAAA | 47.1111111111111111 |  58.62555555555556 | 5.9670000000000005 | 32.154444444444444
 AAAAAAAAAABCBAAA | 58.0000000000000000 |  76.79142857142857 |                  0 |  40.74857142857143
 AAAAAAAAAABCCAAA | 59.1666666666666667 |  86.34499999999998 |            132.455 |  43.27833333333333
 AAAAAAAAAABDAAAA | 57.6666666666666667 |  97.19200000000001 | 214.60777777777778 | 56.949999999999996
 AAAAAAAAAABDBAAA | 64.2500000000000000 |  68.95666666666665 | 61.053333333333335 | 37.934999999999995
 AAAAAAAAAABEAAAA | 48.5000000000000000 |            128.075 |             40.045 |             64.165
 AAAAAAAAAABECAAA | 57.0000000000000000 |  58.50600000000001 |                  0 |               18.2
 AAAAAAAAAABFBAAA | 47.6666666666666667 |   81.0311111111111 | 106.15555555555557 | 45.123333333333335
 AAAAAAAAAABFCAAA | 54.2857142857142857 |              71.76 | 201.41857142857143 |  32.72285714285714
 AAAAAAAAAABGAAAA | 55.0000000000000000 |  79.04909090909092 | 195.36272727272728 |  34.18909090909091
 AAAAAAAAAABGBAAA | 36.0000000000000000 | 109.90599999999999 | 15.312000000000001 |             77.186
 AAAAAAAAAABHAAAA | 56.8750000000000000 |  97.70000000000002 |            440.185 |  49.97874999999999
 AAAAAAAAAABHCAAA | 59.0000000000000000 |  85.27000000000001 |                  0 |              43.14
 AAAAAAAAAABIBAAA | 59.6666666666666667 |             106.48 |                  0 | 20.326666666666664
 AAAAAAAAAABICAAA | 53.5000000000000000 |             60.115 |  95.05333333333334 | 22.686666666666667
 AAAAAAAAAABJAAAA | 38.5454545454545455 |   64.7690909090909 |  89.46545454545455 |  19.88090909090909
 AAAAAAAAAABJBAAA | 45.8571428571428571 | 100.54428571428572 |                  0 | 62.055714285714295
 AAAAAAAAAABKAAAA | 35.6666666666666667 |  96.19666666666666 |                  0 |  33.42222222222222
 AAAAAAAAAABKCAAA | 30.7142857142857143 |  59.49285714285714 | 222.41857142857143 |              31.01
 AAAAAAAAAABLBAAA | 59.8571428571428571 | 52.814285714285724 |                  0 | 31.592857142857138
 AAAAAAAAAABLCAAA | 59.7777777777777778 |  78.88333333333333 |              42.84 | 34.437777777777775
 AAAAAAAAAABMAAAA | 73.0000000000000000 |  72.17375000000001 | 379.70624999999995 |              40.66
 AAAAAAAAAABMBAAA | 75.0000000000000000 |             73.478 |  401.8033333333333 | 33.047999999999995
 AAAAAAAAAABNAAAA | 58.2222222222222222 |  85.02000000000001 |   579.928888888889 | 32.375555555555565
 AAAAAAAAAABNCAAA | 62.5000000000000000 |           78.51125 |          825.36625 |              50.64
 AAAAAAAAAABOBAAA | 54.5000000000000000 | 28.215000000000003 |                  0 |               9.08
 AAAAAAAAAABOCAAA | 44.3333333333333333 | 63.663333333333334 |  8.871666666666668 | 22.121666666666666
 AAAAAAAAAABPAAAA | 59.5000000000000000 |              77.32 |  413.6891666666667 | 24.419166666666666
 AAAAAAAAAABPBAAA | 43.5000000000000000 |            77.5375 |                  0 |             23.215
 AAAAAAAAAACAAAAA | 54.0000000000000000 |  59.96857142857142 |  153.6042857142857 | 27.138571428571428
 AAAAAAAAAACACAAA | 61.5000000000000000 | 117.02000000000001 |                  0 |              59.97
 AAAAAAAAAACADAAA | 63.2500000000000000 |            32.5225 |              0.675 |             15.785
 AAAAAAAAAACBBAAA | 72.2500000000000000 |            62.5275 |            76.5675 |           34.93125
 AAAAAAAAAACBCAAA | 61.6666666666666667 |              52.69 |               1.93 | 19.673333333333336
 AAAAAAAAAACCAAAA | 78.2500000000000000 |  84.04500000000002 |                  0 | 59.497499999999995
 AAAAAAAAAACCBAAA | 71.3750000000000000 |              59.06 |                  0 |           24.12125
 AAAAAAAAAACDAAAA | 48.5384615384615385 |  69.17538461538462 |                  0 |  42.27692307692309
 AAAAAAAAAACDCAAA | 65.2500000000000000 | 109.67750000000001 |            611.895 |  80.43499999999999
 AAAAAAAAAACEBAAA | 52.1250000000000000 |  70.88166666666667 |  858.8585714285715 |              47.44
 AAAAAAAAAACECAAA | 54.6000000000000000 |             95.672 |            718.978 |  60.54299999999999
 AAAAAAAAAACFAAAA | 45.8333333333333333 |  91.05666666666667 | 308.37333333333333 |  32.25666666666667
 AAAAAAAAAACFBAAA | 54.2500000000000000 |  72.52714285714286 |           77.76625 |            36.2425
 AAAAAAAAAACGAAAA | 63.0000000000000000 | 47.370000000000005 |                  0 |             28.635
 AAAAAAAAAACGCAAA | 56.6666666666666667 |             91.438 | 17.481666666666666 |  47.72833333333333
 AAAAAAAAAACHBAAA | 53.2857142857142857 | 60.480000000000004 |  166.0142857142857 |  29.83428571428572
 AAAAAAAAAACHCAAA | 51.5000000000000000 |   61.1409090909091 |           551.5225 |              39.85
 AAAAAAAAAACIAAAA | 51.3750000000000000 |           49.66375 |            35.7475 |           36.27375
 AAAAAAAAAACIBAAA | 41.0000000000000000 | 59.307500000000005 |                  0 |            31.9825
 AAAAAAAAAACJAAAA | 51.5000000000000000 |            109.835 |                  0 |  64.88833333333332
 AAAAAAAAAACJCAAA | 51.6666666666666667 |  85.10000000000001 | 335.16333333333336 |  38.51333333333333
 AAAAAAAAAACKBAAA | 53.5000000000000000 |  80.01400000000001 |             16.392 |             44.766
 AAAAAAAAAACKCAAA | 48.8333333333333333 | 59.828333333333326 | 230.09833333333333 |               34.2
 AAAAAAAAAACLAAAA | 46.8181818181818182 |  79.16636363636364 |  140.3709090909091 | 35.809999999999995
 AAAAAAAAAACLBAAA | 42.5000000000000000 |              55.06 |                  0 | 12.334999999999999
 AAAAAAAAAACMAAAA | 57.7142857142857143 |  88.78857142857143 |                  0 | 35.339999999999996
 AAAAAAAAAACMCAAA | 29.3333333333333333 |              60.41 |                  0 | 18.669999999999998
 AAAAAAAAAACNBAAA | 34.4000000000000000 |             85.916 |             27.956 |              45.32
 AAAAAAAAAACNCAAA | 56.0000000000000000 |  70.27222222222223 |  283.2577777777778 | 25.254444444444445
 AAAAAAAAAACOAAAA | 56.5000000000000000 |  81.28666666666666 |  74.91666666666667 |  39.77833333333333
 AAAAAAAAAACOBAAA | 36.5555555555555556 |  82.81000000000002 | 200.55444444444444 |             34.424
 AAAAAAAAAACPAAAA | 65.2222222222222222 |   96.8588888888889 | 501.90111111111105 | 25.165555555555557
 AAAAAAAAAACPCAAA | 45.5000000000000000 |             44.765 | 113.30499999999999 | 12.717499999999998
(100 rows)

