 i_category | i_class |    i_brand    |       i_product_name        | d_year | d_qoy | d_moy |    s_store_id    | sumsales | rk 
------------+---------+---------------+-----------------------------+--------+-------+-------+------------------+----------+----
 Books      | arts    | amalgmaxi #11 | ableeingableableable        |   2000 |     1 |     1 | AAAAAAAACCBAAAAA |          |  1
 Books      | arts    | amalgmaxi #11 | barationn stn stableought   |   2000 |     1 |     1 | AAAAAAAAEDAAAAAA |          |  1
 Books      | arts    | amalgmaxi #11 | barn stantibaranti          |   2000 |     1 |     1 | AAAAAAAABMAAAAAA |          |  1
 Books      | arts    | amalgmaxi #11 | callyableeingn stn st       |   2000 |     1 |     1 | AAAAAAAANFBAAAAA |          |  1
 Books      | arts    | amalgmaxi #11 | callyesecallyeseoughtought  |   2000 |     1 |     1 | AAAAAAAAGHAAAAAA |          |  1
 Books      | arts    | amalgmaxi #11 | eingn stationation          |   2000 |     1 |     1 | AAAAAAAAMBAAAAAA |          |  1
 Books      | arts    | amalgmaxi #12 | antiantiableationbarought   |   2000 |     1 |     1 | AAAAAAAAHPAAAAAA |          |  1
 Books      | arts    | amalgmaxi #12 | antiantiableationbarought   |   2000 |     1 |     2 | AAAAAAAAGHAAAAAA |          |  1
 Books      | arts    | amalgmaxi #12 | antiantiableationbarought   |   2000 |     1 |     2 | AAAAAAAAODAAAAAA |          |  1
 Books      | arts    | amalgmaxi #12 | antiantiableationbarought   |   2000 |     2 |     4 | AAAAAAAAPBAAAAAA |          |  1
 Books      | arts    | amalgmaxi #12 | antiantiableationbarought   |   2000 |     2 |     6 | AAAAAAAABDAAAAAA |          |  1
 Books      | arts    | amalgmaxi #12 | antiantiableationbarought   |   2000 |     3 |     7 | AAAAAAAAPNAAAAAA |          |  1
 Books      | arts    | amalgmaxi #12 | antiantiableationbarought   |   2000 |     3 |     8 | AAAAAAAAGKAAAAAA |          |  1
 Books      | arts    | amalgmaxi #12 | antiantiableationbarought   |   2000 |     3 |     9 | AAAAAAAAGEBAAAAA |          |  1
 Books      | arts    | amalgmaxi #12 | antiantiableationbarought   |   2000 |     4 |    10 | AAAAAAAABPAAAAAA |          |  1
 Books      | arts    | amalgmaxi #12 | antiantiableationbarought   |   2000 |     4 |    10 | AAAAAAAAKIBAAAAA |          |  1
 Books      | arts    | amalgmaxi #12 | antiantiableationbarought   |   2000 |     4 |    12 | AAAAAAAAFCAAAAAA |          |  1
 Books      | arts    | amalgmaxi #12 | antiantianticallyationought |   2000 |     1 |     1 | AAAAAAAAPEAAAAAA |          |  1
 Books      | arts    | amalgmaxi #12 | antiantianticallyationought |   2000 |     2 |     5 | AAAAAAAAAFAAAAAA |          |  1
 Books      | arts    | amalgmaxi #12 | antiantianticallyationought |   2000 |     2 |     6 | AAAAAAAAILAAAAAA |          |  1
 Books      | arts    | amalgmaxi #12 | antiantianticallyationought |   2000 |     3 |     8 | AAAAAAAAFBBAAAAA |          |  1
 Books      | arts    | amalgmaxi #12 | antiantianticallyationought |   2000 |     3 |     8 | AAAAAAAAPNAAAAAA |          |  1
 Books      | arts    | amalgmaxi #12 | antiantianticallyationought |   2000 |     3 |     9 | AAAAAAAALLAAAAAA |          |  1
 Books      | arts    | amalgmaxi #12 | antiantianticallyationought |   2000 |     4 |    11 | AAAAAAAAEABAAAAA |          |  1
 Books      | arts    | amalgmaxi #12 | antiantianticallyationought |   2000 |     4 |    12 | AAAAAAAACCAAAAAA |          |  1
 Books      | arts    | amalgmaxi #12 | antiantianticallyationought |   2000 |     4 |    12 | AAAAAAAAPDBAAAAA |          |  1
 Books      | arts    | amalgmaxi #12 | antiantiationeingcallyought |   2000 |     2 |     6 | AAAAAAAAEABAAAAA |          |  1
 Books      | arts    | amalgmaxi #12 | antiantiationeingcallyought |   2000 |     3 |     7 | AAAAAAAACCBAAAAA |          |  1
 Books      | arts    | amalgmaxi #12 | antiantiationeingcallyought |   2000 |     3 |     8 | AAAAAAAABMAAAAAA |          |  1
 Books      | arts    | amalgmaxi #12 | antiantiationeingcallyought |   2000 |     3 |     8 | AAAAAAAAEKAAAAAA |          |  1
 Books      | arts    | amalgmaxi #12 | antiantiationeingcallyought |   2000 |     3 |     8 | AAAAAAAAOIBAAAAA |          |  1
 Books      | arts    | amalgmaxi #12 | antiantiationeingcallyought |   2000 |     4 |    11 | AAAAAAAAICAAAAAA |          |  1
 Books      | arts    | amalgmaxi #12 | antiantiationeingcallyought |   2000 |     4 |    11 | AAAAAAAAMEAAAAAA |          |  1
 Books      | arts    | amalgmaxi #12 | antiantiationeingcallyought |   2000 |     4 |    11 | AAAAAAAAOOAAAAAA |          |  1
 Books      | arts    | amalgmaxi #12 | antiantiationeingcallyought |   2000 |     4 |    12 | AAAAAAAAHFBAAAAA |          |  1
 Books      | arts    | amalgmaxi #12 | antiantiationeingcallyought |   2000 |     4 |    12 | AAAAAAAAKDBAAAAA |          |  1
 Books      | arts    | amalgmaxi #12 | antianticallyesecally       |   2000 |     1 |     1 | AAAAAAAALEBAAAAA |          |  1
 Books      | arts    | amalgmaxi #12 | antianticallyesecally       |   2000 |     1 |     2 | AAAAAAAAABAAAAAA |          |  1
 Books      | arts    | amalgmaxi #12 | antianticallyesecally       |   2000 |     1 |     2 | AAAAAAAAAEAAAAAA |          |  1
 Books      | arts    | amalgmaxi #12 | antianticallyesecally       |   2000 |     1 |     2 | AAAAAAAABDAAAAAA |          |  1
 Books      | arts    | amalgmaxi #12 | antianticallyesecally       |   2000 |     1 |     2 | AAAAAAAAIIAAAAAA |          |  1
 Books      | arts    | amalgmaxi #12 | antianticallyesecally       |   2000 |     1 |     2 | AAAAAAAAKKAAAAAA |          |  1
 Books      | arts    | amalgmaxi #12 | antianticallyesecally       |   2000 |     1 |     3 | AAAAAAAAHIBAAAAA |          |  1
 Books      | arts    | amalgmaxi #12 | antianticallyesecally       |   2000 |     3 |     8 | AAAAAAAAMKAAAAAA |          |  1
 Books      | arts    | amalgmaxi #12 | antianticallyesecally       |   2000 |     3 |     9 | AAAAAAAAMBAAAAAA |          |  1
 Books      | arts    | amalgmaxi #12 | antianticallyesecally       |   2000 |     4 |    10 | AAAAAAAADABAAAAA |          |  1
 Books      | arts    | amalgmaxi #12 | antianticallyesecally       |   2000 |     4 |    10 | AAAAAAAAHFBAAAAA |          |  1
 Books      | arts    | amalgmaxi #12 | antianticallyesecally       |   2000 |     4 |    11 | AAAAAAAANDAAAAAA |          |  1
 Books      | arts    | amalgmaxi #12 | antianticallyesecally       |   2000 |     4 |    11 | AAAAAAAAOFBAAAAA |          |  1
 Books      | arts    | amalgmaxi #12 | antianticallyesecally       |   2000 |     4 |    12 | AAAAAAAALFAAAAAA |          |  1
 Books      | arts    | amalgmaxi #12 | antiantieseprically         |   2000 |     2 |     4 | AAAAAAAAOMAAAAAA |          |  1
 Books      | arts    | amalgmaxi #12 | antiantieseprically         |   2000 |     3 |     8 | AAAAAAAAEDAAAAAA |          |  1
 Books      | arts    | amalgmaxi #12 | antiantieseprically         |   2000 |     3 |     9 | AAAAAAAAEJAAAAAA |          |  1
 Books      | arts    | amalgmaxi #12 | antiantieseprically         |   2000 |     3 |     9 | AAAAAAAAFEBAAAAA |          |  1
 Books      | arts    | amalgmaxi #12 | antiantieseprically         |   2000 |     4 |    10 | AAAAAAAAPABAAAAA |          |  1
 Books      | arts    | amalgmaxi #12 | antiantipripribarought      |   2000 |     2 |     5 | AAAAAAAAIHBAAAAA |          |  1
 Books      | arts    | amalgmaxi #12 | antiantipripribarought      |   2000 |     2 |     6 | AAAAAAAAILAAAAAA |          |  1
 Books      | arts    | amalgmaxi #12 | antiantipripribarought      |   2000 |     3 |     7 | AAAAAAAAMNAAAAAA |          |  1
 Books      | arts    | amalgmaxi #12 | antiantipripribarought      |   2000 |     3 |     9 | AAAAAAAAJGBAAAAA |          |  1
 Books      | arts    | amalgmaxi #12 | antiantipripribarought      |   2000 |     4 |    10 | AAAAAAAAEPAAAAAA |          |  1
 Books      | arts    | amalgmaxi #12 | antiantipripribarought      |   2000 |     4 |    12 | AAAAAAAAAEBAAAAA |          |  1
 Books      | arts    | amalgmaxi #12 | antiationableeingation      |   2000 |     1 |     2 | AAAAAAAAOCAAAAAA |          |  1
 Books      | arts    | amalgmaxi #12 | antiationableeingation      |   2000 |     1 |     3 | AAAAAAAAEAAAAAAA |          |  1
 Books      | arts    | amalgmaxi #12 | antiationableeingation      |   2000 |     4 |    10 | AAAAAAAAEGBAAAAA |          |  1
 Books      | arts    | amalgmaxi #12 | antiationableeingation      |   2000 |     4 |    12 | AAAAAAAAMIAAAAAA |          |  1
 Books      | arts    | amalgmaxi #12 | antiationableeingation      |   2000 |     4 |    12 | AAAAAAAAOGAAAAAA |          |  1
 Books      | arts    | amalgmaxi #12 | antiationablepri            |   2000 |     1 |     2 | AAAAAAAADHAAAAAA |          |  1
 Books      | arts    | amalgmaxi #12 | antiationablepri            |   2000 |     1 |     2 | AAAAAAAAMCAAAAAA |          |  1
 Books      | arts    | amalgmaxi #12 | antiationablepri            |   2000 |     1 |     3 | AAAAAAAAGCAAAAAA |          |  1
 Books      | arts    | amalgmaxi #12 | antiationablepri            |   2000 |     2 |     5 | AAAAAAAAIIBAAAAA |          |  1
 Books      | arts    | amalgmaxi #12 | antiationablepri            |   2000 |     3 |     9 | AAAAAAAAFBBAAAAA |          |  1
 Books      | arts    | amalgmaxi #12 | antiationablepri            |   2000 |     4 |    10 | AAAAAAAAMLAAAAAA |          |  1
 Books      | arts    | amalgmaxi #12 | antiationablepri            |   2000 |     4 |    11 | AAAAAAAADABAAAAA |          |  1
 Books      | arts    | amalgmaxi #12 | antiationablepri            |   2000 |     4 |    11 | AAAAAAAAGOAAAAAA |          |  1
 Books      | arts    | amalgmaxi #12 | antiationbarationation      |   2000 |     1 |     3 | AAAAAAAANMAAAAAA |          |  1
 Books      | arts    | amalgmaxi #12 | antiationbarationation      |   2000 |     2 |     6 | AAAAAAAAPKAAAAAA |          |  1
 Books      | arts    | amalgmaxi #12 | antiationbarationation      |   2000 |     3 |     8 | AAAAAAAAGBBAAAAA |          |  1
 Books      | arts    | amalgmaxi #12 | antiationbarationation      |   2000 |     3 |     9 | AAAAAAAALOAAAAAA |          |  1
 Books      | arts    | amalgmaxi #12 | antiationbarationation      |   2000 |     4 |    10 | AAAAAAAAEAAAAAAA |          |  1
 Books      | arts    | amalgmaxi #12 | antiationbarationation      |   2000 |     4 |    11 | AAAAAAAAIIAAAAAA |          |  1
 Books      | arts    | amalgmaxi #12 | antiationbarationation      |   2000 |     4 |    11 | AAAAAAAAMOAAAAAA |          |  1
 Books      | arts    | amalgmaxi #12 | antiationeseantieing        |   2000 |     1 |     1 | AAAAAAAAJNAAAAAA |          |  1
 Books      | arts    | amalgmaxi #12 | antiationeseantieing        |   2000 |     2 |     5 | AAAAAAAAOFBAAAAA |          |  1
 Books      | arts    | amalgmaxi #12 | antiationeseantieing        |   2000 |     3 |     8 | AAAAAAAANGAAAAAA |          |  1
 Books      | arts    | amalgmaxi #12 | antiationeseantieing        |   2000 |     3 |     9 | AAAAAAAAKBAAAAAA |          |  1
 Books      | arts    | amalgmaxi #12 | antiationeseantieing        |   2000 |     4 |    11 | AAAAAAAAMLAAAAAA |          |  1
 Books      | arts    | amalgmaxi #12 | antiationeseantieing        |   2000 |     4 |    12 | AAAAAAAAEIBAAAAA |          |  1
 Books      | arts    | amalgmaxi #12 | antiationpriesecallyought   |   2000 |     2 |     4 | AAAAAAAAIEBAAAAA |          |  1
 Books      | arts    | amalgmaxi #12 | antiationpriesecallyought   |   2000 |     3 |     8 | AAAAAAAAMEBAAAAA |          |  1
 Books      | arts    | amalgmaxi #12 | antiationpriesecallyought   |   2000 |     3 |     8 | AAAAAAAAMLAAAAAA |          |  1
 Books      | arts    | amalgmaxi #12 | antiationpriesecallyought   |   2000 |     3 |     8 | AAAAAAAANMAAAAAA |          |  1
 Books      | arts    | amalgmaxi #12 | antiationpriesecallyought   |   2000 |     3 |     9 | AAAAAAAADGBAAAAA |          |  1
 Books      | arts    | amalgmaxi #12 | antiationpriesecallyought   |   2000 |     3 |     9 | AAAAAAAAHGAAAAAA |          |  1
 Books      | arts    | amalgmaxi #12 | antiationpriesecallyought   |   2000 |     4 |    10 | AAAAAAAAAEAAAAAA |          |  1
 Books      | arts    | amalgmaxi #12 | antiationpriesecallyought   |   2000 |     4 |    10 | AAAAAAAAIJAAAAAA |          |  1
 Books      | arts    | amalgmaxi #12 | antiationpriesecallyought   |   2000 |     4 |    12 | AAAAAAAAKBAAAAAA |          |  1
 Books      | arts    | amalgmaxi #12 | antin stantibarpriought     |   2000 |     1 |     1 | AAAAAAAAICBAAAAA |          |  1
 Books      | arts    | amalgmaxi #12 | antin stantibarpriought     |   2000 |     2 |     6 | AAAAAAAAEABAAAAA |          |  1
 Books      | arts    | amalgmaxi #12 | antin stantibarpriought     |   2000 |     3 |     8 | AAAAAAAACAAAAAAA |          |  1
 Books      | arts    | amalgmaxi #12 | antin stantibarpriought     |   2000 |     3 |     8 | AAAAAAAAOPAAAAAA |          |  1
(100 rows)

