Data Starting In: gcp
Egress: $0.0/GB
Benchmark: tpcds
Data Path: parquet_1000/batch_rs4
BigQuery Cost: $6.25/TB; DuckDB Cost: $1.48/hr; Redshift Cost: $4.344/hr
Use Duck: False
Using calcite profiles: False
Excluded Table: store_sales
Excluded Query: None

Starting analysis without using DuckDB
Redshift Total: $1.2607957740259172, BigQuery Total: $13.549596071243286
01: $0.04251913135846455
02: $0.25014779800891873
12: $0.1233327794043223
15: $0.25032848659515383
16: $0.7151701463317871
18: $3.9372784649689994
20: $0.25383286993821463
21: $0.13902823099136352
22: $0.6999924237171808
26: $0.6572775177415212
30: $0.012125212178230286
32: $0.5117330439758301
37: $0.16629489990234375
39: $0.27900081528663634
40: $0.41604152888298035
41: $-0.001439128564198812
45: $0.15160362540721894
57: $0.27304382418314616
62: $0.1538115687449773
66: $0.8382468031756083
72: $0.3371178349939982
81: $0.022080078539848325
83: $0.06329148495833078
84: $0.014300001715024312
85: $0.3001966362142563
86: $0.3697533963696162
90: $0.18988620407740275
91: $0.03386976528962453
92: $0.24658876627922058
94: $0.3080027531592051
95: $0.31277829689025877
99: $0.22156503650188447
!!!!!!: 12.290239425781568
Excluding table store_sales and any queries that depend on it
Total Keys: 32, Keys Considered: 31
[0, 1, 2, 3, 4, 5, 6, 7, 8, 9, 10, 11, 12, 13, 14, 15, 16, 18, 19, 20, 21, 22, 23]
{'01': 98448, '72': 531916, '83': 2164868, '85': 7348448, '94': 14680224, '84': 66416, '21': 527488, '15': 184, '99': 540809, '39': 527488, '22': 527488, '16': 173, '40': 526476, '66': 4997256, '91': 501, '81': 180, '45': 4196528, '90': 5505280, '12': 4196480, '62': 13123712, '20': 2184, '26': 6344, '30': 2097328, '18': 2296, '86': 4196480, '32': 2184, '37': 3208, '02': 4194440, '95': 14680224, '92': 4196480, '57': 2185}
call_center: 0.0015696637957664855, 1.2420791085106757
catalog_page: 0.0022853137215134117, -0.0022853137215134117
catalog_page had no query dependencies
catalog_returns: 0.13469366739333066, 1.4528771716032387
catalog_sales: 1.771720359169313, 7.0563578960310736
customer: 0.014239887439332634, 4.449864878613232
customer_address: 0.01804982215135331, 6.039683645138253
customer_demographics: 0.003679698771926614, 5.2763605221514975
date_dim: 0.002849331173239612, 12.083203888815902
household_demographics: 0.0020465205170775145, 0.5731272855589723
income_band: 0.0019052422778241822, 0.01239475943720013
inventory: 0.12933501615366655, 1.492099188737856
item: 0.0057621566629723455, 8.61944935033795
promotion: 0.005425067132453306, 0.9889702856030661
reason: 0.0019628791434434466, 0.29823375707081284
ship_mode: 0.0022938377185213175, 1.2113295707039486
store: 0.002436481427608434, 0.04008264993085612
store_returns: 0.3350868547535758, -0.21497623672175614
time_dim: 0.0025357223382419724, 1.025597284914769
warehouse: 0.0023640718556336864, 3.0824401704389963
web_page: 0.003958717042260466, 0.4861241232493986
web_returns: 0.07157741670038283, 0.9248169666998984
web_sales: 1.0760557793873178, 2.168292848343687
web_site: 0.0030121764980602936, 0.7715804422963809
['catalog_page', 'store_returns']
2
call_center: 0.0015696635818615863, 1.2420791087245806
catalog_returns: 0.13446898883101033, 1.3898103652072282
household_demographics: 0.002046519916550246, 0.5588272844444753
income_band: 0.0019052422660943715, -0.0019052422660943715
income_band had no query dependencies
promotion: 0.005425065768565572, 0.9889702869669538
reason: 0.001962879112158036, 0.29823375710209826
ship_mode: 0.0022938376876618007, 1.2113295707348082
store: 0.0024364796208449263, -0.0024364796208449263
store had no query dependencies
time_dim: 0.0025357014931616266, 1.0255973057598493
web_page: 0.003958715753276712, 0.48612412453838233
web_returns: 0.07146836328897001, 0.8616345351529805
web_sales: 1.0749925178005648, 2.1693561099304404
web_site: 0.0030121762720351814, 0.771580442522406
['income_band', 'store']
2
reason: 0.001962879103198186, 0.2982337571110581
time_dim: 0.002535695523324819, 1.0255973117296862
web_page: 0.003958715384123773, 0.48612412490753526
web_returns: 0.07143713140793853, 0.861665767034012
web_sales: 1.0746880095880054, 2.1696606181429994
web_site: 0.003012176207303695, 0.7715804425871375
[]
0
reason: 0.001962879102962585, 0.2982337571112937
time_dim: 0.002535695366346591, 1.0255973118866644
web_page: 0.0039587153744168125, 0.4861241249172422
web_returns: 0.0714363101584639, 0.8616665882834866
web_sales: 1.0746800024747185, 2.1696686252562865
web_site: 0.003012176205601566, 0.7715804425888396
[]
0
{'39': 527488, '22': 527488, '18': 2296, '72': 4356, '21': 0, '15': 0, '99': 16385, '16': 5, '40': 4, '20': 0, '26': 4096, '32': 0, '37': 0, '57': 1, '91': 0, '81': 0}
{}
{'39': 527488, '22': 527488, '18': 2296, '72': 4356, '21': 0, '15': 0, '99': 16385, '16': 5, '40': 4, '20': 0, '26': 4096, '32': 0, '37': 0, '57': 1, '91': 0, '81': 0}
STARTING PHASE 2: 0b111101000010000000000000
----
[13, 18, 20, 21, 22, 23]
Function: 4.813685158354588, 1.2294900563097, 0.1499772071838379, 0.1815934308855406, 3.229933803612391, 0.006128828263801508, 0.016561832099315523
reason: 0.001962879102962585, 0.2982337571112937
time_dim: 0.002535695366346591, 1.0255973118866644
web_page: 0.0039587153744168125, 0.4861241249172422
web_returns: 0.0714363101584639, 0.8616665882834866
web_sales: 1.0746800024747185, 2.1696686252562865
web_site: 0.003012176205601566, 0.7715804425888396
time_dim: 0.0025356951334218007, 1.0255973121195892
web_page: 0.0039587153600135925, 0.18592748871738915
web_returns: 0.07143509158590065, 0.5614711706417935
web_sales: 1.0746681214947438, 1.8694838700220051
web_site: 0.003012176203075941, 0.7715804425913653
[]
0
Function: 5.111878569286366, 1.2020876439094546, 0.47757625579833984, 0.18159342931203232, 3.2279809246683118, 0.006088483640774107, 0.01655183195745349
hiya: 0b111101000000000000000000, 5.111878569286366
time_dim: 0.0025356951334218007, 1.0255973121195892
web_page: 0.0039587153600135925, 0.18592748871738915
web_returns: 0.07143509158590065, 0.5614711706417935
web_sales: 1.0746681214947438, 1.8694838700220051
web_site: 0.003012176203075941, 0.7715804425913653
time_dim: 0.0025356950502374025, 0.8357111081253709
web_returns: 0.07143465639724943, 0.5614716058304448
web_sales: 1.0746638784420062, 1.6796019089973402
web_site: 0.0030121762021739647, 0.7715804425922672
[]
0
Function: 5.297791583441698, 1.1955527015940348, 0.6739974021911621, 0.18159336448224103, 3.224032215840021, 0.006074073221613698, 0.016541826112625006
hiya: 0b111001000000000000000000, 5.297791583441698
time_dim: 0.0025356950502374025, 0.8357111081253709
web_returns: 0.07143465639724943, 0.5614716058304448
web_sales: 1.0746638784420062, 1.6796019089973402
web_site: 0.0030121762021739647, 0.7715804425922672
time_dim: 0.002535693797107941, 0.8357111093785003
web_sales: 1.0745999590712318, 1.0588847783186504
web_site: 0.0030121761885861676, 0.15079939255639113
[]
0
Function: 5.853442038081989, 1.1084944595797857, 1.3939619064331055, 0.1761084932577408, 3.1531597353363034, 0.005680114274216325, 0.016037329200837017
hiya: 0b110001000000000000000000, 5.853442038081989
time_dim: 0.002535693797107941, 0.8357111093785003
web_sales: 1.0745999590712318, 1.0588847783186504
web_site: 0.0030121761885861676, 0.15079939255639113
time_dim: 0.0025356936949813224, 0.835711109480627
web_sales: 1.0745947498175819, 0.9050784188273233
[]
0
Function: 6.004224264098492, 1.098625713307063, 1.5576422214508057, 0.17610848188974584, 3.1501575602785743, 0.00566295899636503, 0.01602732817593813
hiya: 0b10001000000000000000000, 6.004224264098492
time_dim: 0.0025356936949813224, 0.835711109480627
web_sales: 1.0745947498175819, 0.9050784188273233
web_sales: 1.0745764078862936, 0.06684995758300327
[]
0
Function: 6.8398738985531695, 1.055832420199712, 2.4386823177337646, 0.17610743348071506, 3.147631970774332, 0.005602522709619436, 0.016017233655026556
hiya: 0b10000000000000000000000, 6.8398738985531695
web_sales: 1.0745764078862936, 0.06684995758300327
Function: 6.850931447171478, 0.9517422470490138, 3.6841988563537598, 0.12263040047693842, 2.0783617608404157, 0.002812252084872905, 0.01118593036647737
hiya: 0b0, 6.850931447171478
{4.813685158354588: [13, 18, 20, 21, 22, 23], 5.111878569286366: [18, 20, 21, 22, 23], 5.297791583441698: [18, 21, 22, 23], 5.853442038081989: [18, 22, 23], 6.004224264098492: [18, 22], 6.8398738985531695: [22], 6.850931447171478: []}
Best Cost: $4.813685158354588;
[13, 18, 20, 21, 22, 23, 3, 4, 5, 6, 7, 10, 11, 19, 0, 2, 8, 12, 14]
{'72': 531916, '85': 7348448, '94': 14680224, '21': 527488, '15': 184, '99': 540809, '39': 527488, '22': 527488, '16': 173, '40': 526476, '66': 4997256, '91': 501, '81': 180, '45': 4196528, '90': 5505280, '12': 4196480, '62': 13123712, '20': 2184, '26': 6344, '30': 2097328, '18': 2296, '86': 4196480, '32': 2184, '37': 3208, '02': 4194440, '95': 14680224, '92': 4196480, '57': 2185}
['01', '41', '83', '84']
Excluding table store_sales and any queries that depend on it
[13, 18, 20, 21, 22, 23, 3, 4, 5, 6, 7, 10, 11, 19, 0, 2, 8, 12, 14]
dict_keys(['72', '85', '94', '21', '15', '99', '39', '22', '16', '40', '66', '91', '81', '45', '90', '12', '62', '20', '26', '30', '18', '86', '32', '37', '02', '95', '92', '57'])
19
Optimal Subset: 0b111111000111110111111101
dict_keys(['72', '85', '94', '21', '15', '99', '39', '22', '16', '40', '66', '91', '81', '45', '90', '12', '62', '20', '26', '30', '18', '86', '32', '37', '02', '95', '92', '57'])
Function: 4.813685158354588, 1.2294900563097, 0.1499772071838379, 0.1815934308855406, 3.229933803612391, 0.006128828263801508, 0.016561832099315523
Real: 4.813685158354588, 1.2294900563097, 0.1499772071838379, 0.1815934308855406, 3.229933803612391, 0.006128828263801508, 0.016561832099315523
outputs_noduck_GCP_0.0_4.344_6.25.json
Num GCP Qs: 28; Num Redshift Qs: 4
PLAN TYPE IS: multi
Moved Qs: $1.2294900563097; Stayed Qs: $0.1499772071838379; Migration Cost: $3.4342178948610482
Movement Cost: $0.1815934308855406, Load Cost: $3.229933803612391, Storage Cost: $0.006128828263801508, API Cost: $0.016561832099315523
Final cost: $4.813685158354588, Baseline: $13.549596071243286, Diff: $8.735910912888698, %: 64.47358922698207%
