Data Starting In: gcp
Egress: $0.0/GB
Benchmark: tpcds
Data Path: parquet_2000/batch_rs8
BigQuery Cost: $6.25/TB; DuckDB Cost: $1.48/hr; Redshift Cost: $8.688/hr
Use Duck: False
Using calcite profiles: False
Excluded Table: catalog_returns
Excluded Query: None

Starting analysis without using DuckDB
Redshift Total: $10.038976880089445, BigQuery Total: $208.5636556148529
01: $0.09135617610295613
02: $0.5439178594080607
03: $0.9788349722735087
04: $8.444030512132645
06: $0.7141929688707988
07: $2.6221228846041362
08: $0.9579996981779735
09: $8.541056930046082
10: $0.8703867371749878
11: $3.593498433939616
12: $0.2389854053338369
13: $3.3642222308540344
14: $31.470830434716543
15: $0.4801401446024577
17: $2.0638121649551393
18: $8.042140771875381
19: $1.417793015387853
20: $0.5145466201623281
21: $0.0036748615519205724
22: $-0.0009164847183227506
23: $2.513639189500809
24: $3.0669893040084837
25: $2.42890007768631
26: $1.3674889662106833
27: $8.007735689058304
28: $10.119274417511622
29: $2.0609908128611245
30: $-0.014764147567749034
31: $3.6576817435773212
32: $1.0034308623027801
33: $2.2238480685234068
34: $1.1522493207263946
35: $0.8586125310675303
36: $5.126866803070704
37: $0.13002236076037088
38: $0.8137931013806661
39: $-0.003884168135325116
41: $-0.018211133505503338
42: $0.984411880273819
43: $0.9974538797442118
44: $1.9030214290301004
45: $0.2881769174448649
46: $2.359196290372213
47: $1.1105599638430277
48: $2.1419420219484966
50: $1.2361908173306784
51: $1.218067363761266
52: $0.9827531170177459
53: $1.2302071810436248
54: $1.5285631408659617
55: $0.9864775767421723
56: $2.2392421195062
57: $0.48211799839019776
58: $1.739850949859619
59: $0.9182437569491069
60: $2.2406149949042002
61: $3.2601225111929577
62: $0.2687723776404063
63: $1.230120708958308
65: $1.2133188222344717
66: $1.7073755603122711
67: $13.014583652944564
68: $2.898014662167231
69: $0.7339706393369039
70: $3.9032720463371278
71: $2.182429477367401
73: $1.240141652765274
74: $1.5683838714059193
76: $2.168916556510925
79: $2.3994553823248546
82: $0.25799143071492514
84: $0.022878762760162354
85: $0.6016115298080444
86: $0.7629906395339966
87: $0.8081602010186513
88: $5.922236060743332
89: $1.2316483820819855
90: $0.3841438028653463
92: $0.5124131259028117
93: $1.581067689558665
94: $0.6810611327139536
95: $0.6406015023072561
96: $0.7377381561851502
97: $1.037017860511144
98: $0.9815802054913839
99: $0.5382787955506643
!!!!!!: 198.5624546686905
Excluding table catalog_returns and any queries that depend on it
Total Keys: 86, Keys Considered: 82
[0, 1, 3, 4, 5, 6, 7, 8, 9, 10, 11, 12, 13, 14, 15, 16, 17, 18, 19, 20, 21, 22, 23]
{'59': 163968, '93': 204800, '89': 166016, '09': 139264, '17': 231560, '07': 137408, '10': 4325624, '44': 133120, '65': 166016, '25': 231560, '92': 4196480, '56': 4327592, '79': 164240, '50': 229504, '11': 4325520, '88': 426240, '74': 4325520, '95': 14680224, '90': 5505280, '54': 4360376, '57': 2185, '45': 4196528, '14': 4327560, '34': 164240, '43': 163968, '69': 4325624, '42': 133248, '71': 4589704, '24': 231472, '66': 4997256, '03': 133248, '01': 98448, '63': 166016, '68': 164272, '61': 170160, '19': 166064, '31': 4325536, '37': 3208, '27': 166080, '60': 4327592, '36': 166016, '94': 14680224, '47': 166016, '53': 166016, '55': 133248, '33': 4327592, '12': 4196480, '58': 4327560, '98': 133248, '20': 2184, '84': 66416, '15': 184, '87': 4325528, '48': 164064, '67': 166016, '35': 4325624, '18': 2296, '02': 4194440, '96': 426240, '46': 164272, '52': 133248, '70': 163968, '29': 231560, '51': 4325504, '23': 4327576, '06': 133296, '99': 540809, '85': 7348448, '38': 4325528, '28': 131072, '32': 2184, '26': 6344, '82': 134272, '04': 4325528, '97': 131208, '21': 527488, '62': 13123712, '76': 4327560, '08': 164016, '86': 4196480, '73': 164240, '13': 164320}
call_center: 0.007384595337714242, 1.0130121986031477
catalog_page: 0.006788444544956271, -0.006788444544956271
catalog_page had no query dependencies
catalog_sales: 4.121789584228668, 79.1152799252267
customer: 0.027280830827444667, 50.0966051057761
customer_address: 0.032940307008219996, 45.25706313244044
customer_demographics: 0.009294538188090536, 28.62381822651057
date_dim: 0.007482358177499301, 166.276565757804
household_demographics: 0.006404561688421968, 20.473871760075564
income_band: 0.005611237114581681, 0.01726752564558067
inventory: 0.04488395347970923, 0.34680469954750737
item: 0.008128890100248145, 118.52083012546944
promotion: 0.007834764282399714, 7.241899597725377
reason: 0.005305682690643832, 10.718430466722149
ship_mode: 0.005743803921990066, 2.5086829295813518
store: 0.006274752533689717, 78.30564963038816
store_returns: 0.8026584090763412, 11.749527396187178
store_sales: 6.464929330210066, 172.79139916493966
time_dim: 0.007156983429237689, 10.926766074044265
warehouse: 0.006540558879400266, 2.5115610361758622
web_page: 0.0062327121935165505, 0.9795226204798743
web_returns: 0.16449107819589576, 1.7587830866333585
web_sales: 2.4539734254738694, 75.05059649434753
web_site: 0.007700362873956243, 1.5827346497876598
['catalog_page']
1
call_center: 0.007384595002828377, 1.0130121989380336
household_demographics: 0.006404559949451192, 20.473871761814536
income_band: 0.0056112370806152, 0.017267525679547154
inventory: 0.044870334408628545, 0.3468183186185881
promotion: 0.007834762905806583, 7.24189959910197
ship_mode: 0.005743803832628931, 2.508682929670713
store_returns: 0.8006239209690198, 11.7515618842945
time_dim: 0.007156923067306699, 10.926766134406195
warehouse: 0.0065405587487243795, 2.511561036306538
web_page: 0.006232711641214375, 0.9795226210321764
web_returns: 0.16386623943135525, 1.759407925397899
web_site: 0.00770036237324612, 1.58273465028837
[]
0
income_band: 0.005611237061078936, 0.01726752569908342
[]
0
{'09': 139264, '14': 4327560, '27': 166080, '67': 166016, '18': 2296, '28': 131072, '59': 0, '93': 65536, '89': 0, '17': 65536, '07': 4096, '10': 0, '44': 0, '65': 0, '25': 65536, '92': 0, '56': 0, '79': 256, '50': 65536, '11': 0, '88': 262400, '74': 0, '95': 10485760, '90': 1310976, '54': 0, '57': 1, '45': 0, '34': 256, '43': 0, '69': 0, '42': 0, '71': 262144, '24': 65536, '66': 802816, '03': 0, '63': 0, '68': 256, '61': 4096, '19': 0, '31': 0, '37': 1024, '60': 0, '36': 0, '94': 10485760, '47': 0, '53': 0, '55': 0, '33': 0, '12': 0, '58': 0, '98': 0, '20': 0, '15': 0, '87': 0, '48': 0, '35': 0, '02': 0, '96': 262400, '46': 256, '52': 0, '70': 0, '29': 65536, '51': 0, '23': 0, '06': 0, '99': 540673, '85': 3145728, '38': 0, '32': 0, '26': 4096, '82': 1024, '04': 0, '97': 0, '62': 8929280, '76': 0, '08': 0, '86': 0, '73': 256, '13': 256, '01': 0, '84': 512, '21': 0}
{}
{'09': 139264, '14': 4327560, '27': 166080, '67': 166016, '18': 2296, '28': 131072, '59': 0, '93': 65536, '89': 0, '17': 65536, '07': 4096, '10': 0, '44': 0, '65': 0, '25': 65536, '92': 0, '56': 0, '79': 256, '50': 65536, '11': 0, '88': 262400, '74': 0, '95': 10485760, '90': 1310976, '54': 0, '57': 1, '45': 0, '34': 256, '43': 0, '69': 0, '42': 0, '71': 262144, '24': 65536, '66': 802816, '03': 0, '63': 0, '68': 256, '61': 4096, '19': 0, '31': 0, '37': 1024, '60': 0, '36': 0, '94': 10485760, '47': 0, '53': 0, '55': 0, '33': 0, '12': 0, '58': 0, '98': 0, '20': 0, '15': 0, '87': 0, '48': 0, '35': 0, '02': 0, '96': 262400, '46': 256, '52': 0, '70': 0, '29': 65536, '51': 0, '23': 0, '06': 0, '99': 540673, '85': 3145728, '38': 0, '32': 0, '26': 4096, '82': 1024, '04': 0, '97': 0, '62': 8929280, '76': 0, '08': 0, '86': 0, '73': 256, '13': 256, '01': 0, '84': 512, '21': 0}
STARTING PHASE 2: 0b0
----
[]
Function: 24.84785380340866, 9.915298732112252, 0.08590221405029297, 0.6366264669533895, 14.094568400360744, 0.057841962024394886, 0.05761602790758909
{24.84785380340866: []}
Best Cost: $24.84785380340866;
[3, 4, 5, 6, 7, 11, 13, 15, 17, 22, 0, 8, 10, 12, 14, 16, 18, 19, 20, 21, 23, 9]
{'59': 163968, '93': 204800, '89': 166016, '09': 139264, '17': 231560, '07': 137408, '10': 4325624, '44': 133120, '65': 166016, '25': 231560, '92': 4196480, '56': 4327592, '79': 164240, '50': 229504, '11': 4325520, '88': 426240, '74': 4325520, '95': 14680224, '90': 5505280, '54': 4360376, '57': 2185, '45': 4196528, '14': 4327560, '34': 164240, '43': 163968, '69': 4325624, '42': 133248, '71': 4589704, '24': 231472, '66': 4997256, '03': 133248, '01': 98448, '63': 166016, '68': 164272, '61': 170160, '19': 166064, '31': 4325536, '37': 3208, '27': 166080, '60': 4327592, '36': 166016, '94': 14680224, '47': 166016, '53': 166016, '55': 133248, '33': 4327592, '12': 4196480, '58': 4327560, '98': 133248, '20': 2184, '84': 66416, '15': 184, '87': 4325528, '48': 164064, '67': 166016, '35': 4325624, '18': 2296, '02': 4194440, '96': 426240, '46': 164272, '52': 133248, '70': 163968, '29': 231560, '51': 4325504, '23': 4327576, '06': 133296, '99': 540809, '85': 7348448, '38': 4325528, '28': 131072, '32': 2184, '26': 6344, '82': 134272, '04': 4325528, '97': 131208, '21': 527488, '62': 13123712, '76': 4327560, '08': 164016, '86': 4196480, '73': 164240, '13': 164320}
['39', '30', '41', '22']
Excluding table catalog_returns and any queries that depend on it
[3, 4, 5, 6, 7, 11, 13, 15, 17, 22, 0, 8, 10, 12, 14, 16, 18, 19, 20, 21, 23, 9]
dict_keys(['59', '93', '89', '09', '17', '07', '10', '44', '65', '25', '92', '56', '79', '50', '11', '88', '74', '95', '90', '54', '57', '45', '14', '34', '43', '69', '42', '71', '24', '66', '03', '01', '63', '68', '61', '19', '31', '37', '27', '60', '36', '94', '47', '53', '55', '33', '12', '58', '98', '20', '84', '15', '87', '48', '67', '35', '18', '02', '96', '46', '52', '70', '29', '51', '23', '06', '99', '85', '38', '28', '32', '26', '82', '04', '97', '21', '62', '76', '08', '86', '73', '13'])
22
Optimal Subset: 0b111111111111111111111001
dict_keys(['59', '93', '89', '09', '17', '07', '10', '44', '65', '25', '92', '56', '79', '50', '11', '88', '74', '95', '90', '54', '57', '45', '14', '34', '43', '69', '42', '71', '24', '66', '03', '01', '63', '68', '61', '19', '31', '37', '27', '60', '36', '94', '47', '53', '55', '33', '12', '58', '98', '20', '84', '15', '87', '48', '67', '35', '18', '02', '96', '46', '52', '70', '29', '51', '23', '06', '99', '85', '38', '28', '32', '26', '82', '04', '97', '21', '62', '76', '08', '86', '73', '13'])
Function: 24.84785380340866, 9.915298732112252, 0.08590221405029297, 0.6366264669533895, 14.094568400360744, 0.057841962024394886, 0.05761602790758909
Real: 24.84785380340866, 9.915298732112252, 0.08590221405029297, 0.6366264669533895, 14.094568400360744, 0.057841962024394886, 0.05761602790758909
outputs_noduck_GCP_0.0_8.688_6.25.json
Num GCP Qs: 82; Num Redshift Qs: 4
PLAN TYPE IS: move
Moved Qs: $9.915298732112252; Stayed Qs: $0.08590221405029297; Migration Cost: $14.846652857246116
Movement Cost: $0.6366264669533895, Load Cost: $14.094568400360744, Storage Cost: $0.057841962024394886, API Cost: $0.05761602790758909
Final cost: $24.84785380340866, Baseline: $208.5636556148529, Diff: $183.71580181144424, %: 88.08620143804234%
