Data Starting In: gcp
Egress: $0.0/GB
Benchmark: tpcds
Data Path: parquet_2000/batch_rs8
BigQuery Cost: $6.25/TB; DuckDB Cost: $1.48/hr; Redshift Cost: $8.688/hr
Use Duck: False
Using calcite profiles: False
Excluded Table: promotion
Excluded Query: None

Starting analysis without using DuckDB
Redshift Total: $11.588610280466082, BigQuery Total: $223.4243631362915
01: $0.09135617610295613
02: $0.5439178594080607
03: $0.9788349722735087
04: $8.444030512132645
05: $3.0146482326221467
06: $0.7141929688707988
08: $0.9579996981779735
09: $8.541056930046082
10: $0.8703867371749878
11: $3.593498433939616
12: $0.2389854053338369
13: $3.3642222308540344
14: $31.470830434716543
15: $0.4801401446024577
16: $1.3080162305323282
17: $2.0638121649551393
18: $8.042140771875381
19: $1.417793015387853
20: $0.5145466201623281
21: $0.0036748615519205724
22: $-0.0009164847183227506
23: $2.513639189500809
24: $3.0669893040084837
25: $2.42890007768631
27: $8.007735689058304
28: $10.119274417511622
29: $2.0609908128611245
30: $-0.014764147567749034
31: $3.6576817435773212
32: $1.0034308623027801
33: $2.2238480685234068
34: $1.1522493207263946
35: $0.8586125310675303
36: $5.126866803070704
37: $0.13002236076037088
38: $0.8137931013806661
39: $-0.003884168135325116
40: $0.8318176609230041
41: $-0.018211133505503338
42: $0.984411880273819
43: $0.9974538797442118
44: $1.9030214290301004
45: $0.2881769174448649
46: $2.359196290372213
47: $1.1105599638430277
48: $2.1419420219484966
49: $3.6732972191556295
50: $1.2361908173306784
51: $1.218067363761266
52: $0.9827531170177459
53: $1.2302071810436248
54: $1.5285631408659617
55: $0.9864775767421723
56: $2.2392421195062
57: $0.48211799839019776
58: $1.739850949859619
59: $0.9182437569491069
60: $2.2406149949042002
62: $0.2687723776404063
63: $1.230120708958308
65: $1.2133188222344717
66: $1.7073755603122711
67: $13.014583652944564
68: $2.898014662167231
69: $0.7339706393369039
70: $3.9032720463371278
71: $2.182429477367401
73: $1.240141652765274
74: $1.5683838714059193
75: $5.634023525533676
76: $2.168916556510925
77: $2.858893439645767
78: $3.059550409294764
79: $2.3994553823248546
81: $0.007207273232142125
82: $0.25799143071492514
83: $0.10952350557645162
84: $0.022878762760162354
85: $0.6016115298080444
86: $0.7629906395339966
87: $0.8081602010186513
88: $5.922236060743332
89: $1.2316483820819855
90: $0.3841438028653463
91: $0.06383098655382792
92: $0.5124131259028117
93: $1.581067689558665
94: $0.6810611327139536
95: $0.6406015023072561
96: $0.7377381561851502
97: $1.037017860511144
98: $0.9815802054913839
99: $0.5382787955506643
!!!!!!: 211.87352878975233
Excluding table promotion and any queries that depend on it
Total Keys: 93, Keys Considered: 89
[0, 1, 2, 3, 4, 5, 6, 7, 8, 9, 10, 11, 13, 14, 15, 16, 17, 18, 19, 20, 21, 22, 23]
{'23': 4327576, '93': 204800, '01': 98448, '79': 164240, '21': 527488, '12': 4196480, '82': 134272, '09': 139264, '04': 4325528, '55': 133248, '10': 4325624, '54': 4360376, '20': 2184, '96': 426240, '11': 4325520, '99': 540809, '65': 166016, '43': 163968, '90': 5505280, '37': 3208, '33': 4327592, '38': 4325528, '25': 231560, '06': 133296, '35': 4325624, '88': 426240, '08': 164016, '27': 166080, '31': 4325536, '74': 4325520, '51': 4325504, '67': 166016, '15': 184, '70': 163968, '13': 164320, '97': 131208, '69': 4325624, '91': 501, '03': 133248, '48': 164064, '63': 166016, '94': 14680224, '46': 164272, '36': 166016, '49': 6488204, '81': 180, '18': 2296, '98': 133248, '52': 133248, '76': 4327560, '73': 164240, '47': 166016, '92': 4196480, '95': 14680224, '53': 166016, '78': 6488204, '45': 4196528, '19': 166064, '32': 2184, '62': 13123712, '77': 7569548, '16': 173, '50': 229504, '68': 164272, '24': 231472, '40': 526476, '34': 164240, '86': 4196480, '17': 231560, '28': 131072, '58': 4327560, '60': 4327592, '66': 4997256, '84': 66416, '14': 4327560, '75': 6490252, '29': 231560, '83': 2164868, '59': 163968, '56': 4327592, '05': 14909582, '87': 4325528, '57': 2185, '89': 166016, '71': 4589704, '44': 133120, '85': 7348448, '42': 133248, '02': 4194440}
call_center: 0.007384595379593777, 2.3848594156474245
catalog_page: 0.006788449050241961, 3.0078597835719045
catalog_returns: 0.36510906836381823, 20.195699414705917
catalog_sales: 4.123287102962444, 98.12654015798954
customer: 0.02728478792114081, 46.90751689727543
customer_address: 0.03294114247344515, 43.37599427610058
customer_demographics: 0.009294600674504301, 24.69803729976317
date_dim: 0.00748237032490382, 179.58763986671843
household_demographics: 0.006404561905890953, 20.537702746411924
income_band: 0.0056112371188293975, 0.017267525641332958
inventory: 0.0448856566282593, 0.3468029963989573
item: 0.008128923504296413, 117.84646042209076
reason: 0.0053056826992292335, 10.718430466713563
ship_mode: 0.005743803933165225, 2.5086829295701767
store: 0.006274752692082658, 80.91906879130474
store_returns: 0.8029128343194143, 30.09920930277254
store_sales: 6.466922027661764, 185.14757389794272
time_dim: 0.007156990977868182, 10.926766066495633
warehouse: 0.006540558895742089, 3.3433786970825246
web_page: 0.0062327122625853324, 3.838416060056572
web_returns: 0.16456921812405637, 20.10864127853363
web_sales: 2.454727794524164, 93.29025495154923
web_site: 0.007700362936573121, 4.59738288234719
[]
0
call_center: 0.007384595044857108, 2.3848594159821612
catalog_page: 0.0067884130401884455, 3.007859819581958
catalog_returns: 0.3638206994841843, 20.196987783585552
household_demographics: 0.006404560167694908, 20.53770274815012
income_band: 0.00561123708487805, 0.017267525675284303
inventory: 0.04487204362463237, 0.34681660940258424
ship_mode: 0.0057438038438439015, 2.508682929659498
store_returns: 0.8008792526000843, 30.10124288449187
time_dim: 0.007156930642829131, 10.926766126830673
warehouse: 0.0065405587651244206, 3.343378697213142
web_page: 0.006232711710529215, 3.838416060608628
web_returns: 0.16394465773241504, 20.10926583892527
web_site: 0.007700362436086071, 4.597382882847676
[]
0
income_band: 0.005611237061284014, 0.01726752569887834
[]
0
{'09': 139264, '27': 166080, '67': 166016, '18': 2296, '28': 131072, '14': 4327560, '23': 0, '93': 65536, '79': 256, '12': 0, '82': 1024, '04': 0, '55': 0, '10': 0, '54': 0, '20': 0, '96': 262400, '11': 0, '99': 540673, '65': 0, '43': 0, '90': 1310976, '37': 1024, '33': 0, '38': 0, '25': 65536, '06': 0, '35': 0, '88': 262400, '08': 0, '31': 0, '74': 0, '51': 0, '15': 0, '70': 0, '13': 256, '97': 0, '69': 0, '03': 0, '48': 0, '63': 0, '94': 10485760, '46': 256, '36': 0, '49': 2162692, '98': 0, '52': 0, '76': 0, '73': 256, '47': 0, '92': 0, '95': 10485760, '53': 0, '78': 2162692, '45': 0, '19': 0, '32': 0, '62': 8929280, '77': 3211268, '16': 5, '50': 65536, '68': 256, '24': 65536, '40': 524292, '34': 256, '86': 0, '17': 65536, '58': 0, '60': 0, '66': 802816, '75': 2162692, '29': 65536, '59': 0, '56': 0, '05': 10551302, '87': 0, '57': 1, '89': 0, '71': 262144, '44': 0, '85': 3145728, '42': 0, '02': 0, '01': 0, '21': 0, '91': 0, '81': 0, '84': 512, '83': 0}
{}
{'09': 139264, '27': 166080, '67': 166016, '18': 2296, '28': 131072, '14': 4327560, '23': 0, '93': 65536, '79': 256, '12': 0, '82': 1024, '04': 0, '55': 0, '10': 0, '54': 0, '20': 0, '96': 262400, '11': 0, '99': 540673, '65': 0, '43': 0, '90': 1310976, '37': 1024, '33': 0, '38': 0, '25': 65536, '06': 0, '35': 0, '88': 262400, '08': 0, '31': 0, '74': 0, '51': 0, '15': 0, '70': 0, '13': 256, '97': 0, '69': 0, '03': 0, '48': 0, '63': 0, '94': 10485760, '46': 256, '36': 0, '49': 2162692, '98': 0, '52': 0, '76': 0, '73': 256, '47': 0, '92': 0, '95': 10485760, '53': 0, '78': 2162692, '45': 0, '19': 0, '32': 0, '62': 8929280, '77': 3211268, '16': 5, '50': 65536, '68': 256, '24': 65536, '40': 524292, '34': 256, '86': 0, '17': 65536, '58': 0, '60': 0, '66': 802816, '75': 2162692, '29': 65536, '59': 0, '56': 0, '05': 10551302, '87': 0, '57': 1, '89': 0, '71': 262144, '44': 0, '85': 3145728, '42': 0, '02': 0, '01': 0, '21': 0, '91': 0, '81': 0, '84': 512, '83': 0}
STARTING PHASE 2: 0b0
----
[]
Function: 26.78853793321852, 11.464932132488887, 0.08590221405029297, 0.659014351345327, 14.454406874987285, 0.06463791865326399, 0.05964444169346393
{26.78853793321852: []}
Best Cost: $26.78853793321852;
[3, 4, 5, 6, 7, 11, 13, 15, 17, 22, 0, 1, 2, 8, 10, 14, 16, 18, 19, 20, 21, 23, 9]
{'23': 4327576, '93': 204800, '01': 98448, '79': 164240, '21': 527488, '12': 4196480, '82': 134272, '09': 139264, '04': 4325528, '55': 133248, '10': 4325624, '54': 4360376, '20': 2184, '96': 426240, '11': 4325520, '99': 540809, '65': 166016, '43': 163968, '90': 5505280, '37': 3208, '33': 4327592, '38': 4325528, '25': 231560, '06': 133296, '35': 4325624, '88': 426240, '08': 164016, '27': 166080, '31': 4325536, '74': 4325520, '51': 4325504, '67': 166016, '15': 184, '70': 163968, '13': 164320, '97': 131208, '69': 4325624, '91': 501, '03': 133248, '48': 164064, '63': 166016, '94': 14680224, '46': 164272, '36': 166016, '49': 6488204, '81': 180, '18': 2296, '98': 133248, '52': 133248, '76': 4327560, '73': 164240, '47': 166016, '92': 4196480, '95': 14680224, '53': 166016, '78': 6488204, '45': 4196528, '19': 166064, '32': 2184, '62': 13123712, '77': 7569548, '16': 173, '50': 229504, '68': 164272, '24': 231472, '40': 526476, '34': 164240, '86': 4196480, '17': 231560, '28': 131072, '58': 4327560, '60': 4327592, '66': 4997256, '84': 66416, '14': 4327560, '75': 6490252, '29': 231560, '83': 2164868, '59': 163968, '56': 4327592, '05': 14909582, '87': 4325528, '57': 2185, '89': 166016, '71': 4589704, '44': 133120, '85': 7348448, '42': 133248, '02': 4194440}
['22', '39', '30', '41']
Excluding table promotion and any queries that depend on it
[3, 4, 5, 6, 7, 11, 13, 15, 17, 22, 0, 1, 2, 8, 10, 14, 16, 18, 19, 20, 21, 23, 9]
dict_keys(['23', '93', '01', '79', '21', '12', '82', '09', '04', '55', '10', '54', '20', '96', '11', '99', '65', '43', '90', '37', '33', '38', '25', '06', '35', '88', '08', '27', '31', '74', '51', '67', '15', '70', '13', '97', '69', '91', '03', '48', '63', '94', '46', '36', '49', '81', '18', '98', '52', '76', '73', '47', '92', '95', '53', '78', '45', '19', '32', '62', '77', '16', '50', '68', '24', '40', '34', '86', '17', '28', '58', '60', '66', '84', '14', '75', '29', '83', '59', '56', '05', '87', '57', '89', '71', '44', '85', '42', '02'])
23
Optimal Subset: 0b111111111110111111111111
dict_keys(['23', '93', '01', '79', '21', '12', '82', '09', '04', '55', '10', '54', '20', '96', '11', '99', '65', '43', '90', '37', '33', '38', '25', '06', '35', '88', '08', '27', '31', '74', '51', '67', '15', '70', '13', '97', '69', '91', '03', '48', '63', '94', '46', '36', '49', '81', '18', '98', '52', '76', '73', '47', '92', '95', '53', '78', '45', '19', '32', '62', '77', '16', '50', '68', '24', '40', '34', '86', '17', '28', '58', '60', '66', '84', '14', '75', '29', '83', '59', '56', '05', '87', '57', '89', '71', '44', '85', '42', '02'])
Function: 26.78853793321852, 11.464932132488887, 0.08590221405029297, 0.659014351345327, 14.454406874987285, 0.06463791865326399, 0.05964444169346393
Real: 26.78853793321852, 11.464932132488887, 0.08590221405029297, 0.659014351345327, 14.454406874987285, 0.06463791865326399, 0.05964444169346393
outputs_noduck_GCP_0.0_8.688_6.25.json
Num GCP Qs: 89; Num Redshift Qs: 4
PLAN TYPE IS: move
Moved Qs: $11.464932132488887; Stayed Qs: $0.08590221405029297; Migration Cost: $15.237703586679341
Movement Cost: $0.659014351345327, Load Cost: $14.454406874987285, Storage Cost: $0.06463791865326399, API Cost: $0.05964444169346393
Final cost: $26.78853793321852, Baseline: $223.4243631362915, Diff: $196.63582520307298, %: 88.0100193384563%
