Data Starting In: gcp
Egress: $0.0/GB
Benchmark: tpcds
Data Path: parquet_2000/batch_rs8
BigQuery Cost: $6.25/TB; DuckDB Cost: $1.48/hr; Redshift Cost: $8.688/hr
Use Duck: False
Using calcite profiles: False
Excluded Table: date_dim
Excluded Query: None

Starting analysis without using DuckDB
Redshift Total: $0.9766956120618185, BigQuery Total: $33.23689103126526
09: $8.541056930046082
24: $3.0669893040084837
28: $10.119274417511622
41: $-0.018211133505503338
44: $1.9030214290301004
84: $0.022878762760162354
88: $5.922236060743332
90: $0.3841438028653463
93: $1.581067689558665
96: $0.7377381561851502
!!!!!!: 32.278406552708944
Excluding table date_dim and any queries that depend on it
Total Keys: 10, Keys Considered: 9
[0, 1, 2, 3, 4, 5, 6, 8, 9, 10, 11, 12, 13, 14, 15, 16, 17, 18, 19, 20, 21, 22, 23]
{'88': 426240, '24': 231472, '90': 5505280, '96': 426240, '44': 133120, '09': 139264, '93': 204800, '84': 66416, '28': 131072}
call_center: 0.007384595148346409, -0.007384595148346409
call_center had no query dependencies
catalog_page: 0.006788424173283762, -0.006788424173283762
catalog_page had no query dependencies
catalog_returns: 0.36421901973476606, -0.36421901973476606
catalog_returns had no query dependencies
catalog_sales: 4.115018213149689, -4.115018213149689
catalog_sales had no query dependencies
customer: 0.027262937929541955, 3.0626051288391043
customer_address: 0.03293652926244924, 3.056931537506197
customer_demographics: 0.009294255641578455, 0.013584507118583899
household_demographics: 0.006404560705086563, 7.060592221848904
income_band: 0.005611237095374663, 0.01726752566478769
inventory: 0.04487625230671214, -0.04487625230671214
inventory had no query dependencies
item: 0.008128739056256997, 4.961881993982327
promotion: 0.007834763503977913, -0.007834763503977913
promotion had no query dependencies
reason: 0.0053056826518229905, 10.116818936952924
ship_mode: 0.005743803871459045, -0.005743803871459045
ship_mode had no query dependencies
store: 0.006274751817480058, 9.720688769119485
store_returns: 0.8015079675534075, 3.8694277887739035
store_sales: 6.455918896090453, 25.415465090992985
time_dim: 0.007156949296390431, 7.036961070497439
warehouse: 0.006540558805507003, -0.006540558805507003
warehouse had no query dependencies
web_page: 0.006232711881206367, 0.3779110909841399
web_returns: 0.16413775076317244, -0.16413775076317244
web_returns had no query dependencies
web_sales: 2.4505623744767577, -2.0664185716114116
web_site: 0.007700362590819805, -0.007700362590819805
web_site had no query dependencies
['call_center', 'catalog_page', 'catalog_returns', 'catalog_sales', 'inventory', 'promotion', 'ship_mode', 'warehouse', 'web_returns', 'web_sales', 'web_site']
11
customer: 0.02723349118459937, 3.0626345755840467
customer_address: 0.03293031214117722, 3.056937754627469
customer_demographics: 0.009293790648421903, 0.013584972111740451
household_demographics: 0.006404559086789346, 6.676448420601855
income_band: 0.00561123706376524, 0.017267525696397112
item: 0.008128490479759965, 4.961882242558824
store: 0.006274750638797696, 9.720688770298167
store_returns: 0.7996146600365716, 3.8713210962907394
time_dim: 0.007156893123195188, 6.652817323805287
web_page: 0.006232711367230465, -0.006232711367230465
web_page had no query dependencies
['web_page']
1
customer_demographics: 0.009293750139653688, 0.013585012620508666
income_band: 0.005611237061011525, 0.01726752569915083
[]
0
{'09': 139264, '28': 131072, '88': 295168, '24': 100400, '96': 295168, '44': 2048, '93': 65536, '84': 576}
{}
{'09': 139264, '28': 131072, '88': 295168, '24': 100400, '96': 295168, '44': 2048, '93': 65536, '84': 576}
STARTING PHASE 2: 0b0
----
[]
Function: 9.012751860128315, 0.9497561863136293, 0.3928720951080322, 0.3127768864460522, 7.319250658696491, 0.009787157401738286, 0.028308876162371033
{9.012751860128315: []}
Best Cost: $9.012751860128315;
[17, 13, 4, 5, 8, 11, 15, 16, 18, 9, 6]
{'88': 426240, '24': 231472, '96': 426240, '44': 133120, '09': 139264, '93': 204800, '84': 66416, '28': 131072}
['90', '41']
Excluding table date_dim and any queries that depend on it
[17, 13, 4, 5, 8, 11, 15, 16, 18, 9, 6]
dict_keys(['88', '24', '96', '44', '09', '93', '84', '28'])
11
Optimal Subset: 0b1111010101101110000
dict_keys(['88', '24', '96', '44', '09', '93', '84', '28'])
Function: 9.012751860128315, 0.9497561863136293, 0.3928720951080322, 0.3127768864460522, 7.319250658696491, 0.009787157401738286, 0.028308876162371033
Real: 9.012751860128315, 0.9497561863136293, 0.3928720951080322, 0.3127768864460522, 7.319250658696491, 0.009787157401738286, 0.028308876162371033
outputs_noduck_GCP_0.0_8.688_6.25.json
Num GCP Qs: 8; Num Redshift Qs: 2
PLAN TYPE IS: multi
Moved Qs: $0.9497561863136293; Stayed Qs: $0.3928720951080322; Migration Cost: $7.670123578706653
Movement Cost: $0.3127768864460522, Load Cost: $7.319250658696491, Storage Cost: $0.009787157401738286, API Cost: $0.028308876162371033
Final cost: $9.012751860128315, Baseline: $33.23689103126526, Diff: $24.224139171136944, %: 72.88328847710153%
