Data Starting In: gcp
Egress: $0.0/GB
Benchmark: tpcds
Data Path: parquet_2000/batch_rs8
BigQuery Cost: $6.25/TB; DuckDB Cost: $1.48/hr; Redshift Cost: $8.688/hr
Use Duck: False
Using calcite profiles: False
Excluded Table: call_center
Excluded Query: None

Starting analysis without using DuckDB
Redshift Total: $14.654885963951743, BigQuery Total: $241.86689853668213
01: $0.09135617610295613
02: $0.5439178594080607
03: $0.9788349722735087
04: $8.444030512132645
05: $3.0146482326221467
06: $0.7141929688707988
07: $2.6221228846041362
08: $0.9579996981779735
09: $8.541056930046082
10: $0.8703867371749878
11: $3.593498433939616
12: $0.2389854053338369
13: $3.3642222308540344
14: $31.470830434716543
15: $0.4801401446024577
17: $2.0638121649551393
18: $8.042140771875381
19: $1.417793015387853
20: $0.5145466201623281
21: $0.0036748615519205724
22: $-0.0009164847183227506
23: $2.513639189500809
24: $3.0669893040084837
25: $2.42890007768631
26: $1.3674889662106833
27: $8.007735689058304
28: $10.119274417511622
29: $2.0609908128611245
30: $-0.014764147567749034
31: $3.6576817435773212
32: $1.0034308623027801
33: $2.2238480685234068
34: $1.1522493207263946
35: $0.8586125310675303
36: $5.126866803070704
37: $0.13002236076037088
38: $0.8137931013806661
39: $-0.003884168135325116
40: $0.8318176609230041
41: $-0.018211133505503338
42: $0.984411880273819
43: $0.9974538797442118
44: $1.9030214290301004
45: $0.2881769174448649
46: $2.359196290372213
47: $1.1105599638430277
48: $2.1419420219484966
49: $3.6732972191556295
50: $1.2361908173306784
51: $1.218067363761266
52: $0.9827531170177459
53: $1.2302071810436248
54: $1.5285631408659617
55: $0.9864775767421723
56: $2.2392421195062
58: $1.739850949859619
59: $0.9182437569491069
60: $2.2406149949042002
61: $3.2601225111929577
62: $0.2687723776404063
63: $1.230120708958308
64: $6.445536791156133
65: $1.2133188222344717
66: $1.7073755603122711
67: $13.014583652944564
68: $2.898014662167231
69: $0.7339706393369039
70: $3.9032720463371278
71: $2.182429477367401
72: $0.6461190176963806
73: $1.240141652765274
74: $1.5683838714059193
75: $5.634023525533676
76: $2.168916556510925
77: $2.858893439645767
78: $3.059550409294764
79: $2.3994553823248546
80: $3.427113557071686
81: $0.007207273232142125
82: $0.25799143071492514
83: $0.10952350557645162
84: $0.022878762760162354
85: $0.6016115298080444
86: $0.7629906395339966
87: $0.8081602010186513
88: $5.922236060743332
89: $1.2316483820819855
90: $0.3841438028653463
92: $0.5124131259028117
93: $1.581067689558665
94: $0.6810611327139536
95: $0.6406015023072561
96: $0.7377381561851502
97: $1.037017860511144
98: $0.9815802054913839
!!!!!!: 227.24978850665732
Excluding table call_center and any queries that depend on it
Total Keys: 95, Keys Considered: 91
[1, 2, 3, 4, 5, 6, 7, 8, 9, 10, 11, 12, 13, 14, 15, 16, 17, 18, 19, 20, 21, 22, 23]
{'48': 164064, '20': 2184, '23': 4327576, '13': 164320, '06': 133296, '90': 5505280, '38': 4325528, '52': 133248, '45': 4196528, '69': 4325624, '80': 14915726, '46': 164272, '74': 4325520, '11': 4325520, '64': 236540, '65': 166016, '61': 170160, '66': 4997256, '01': 98448, '10': 4325624, '54': 4360376, '84': 66416, '58': 4327560, '26': 6344, '89': 166016, '02': 4194440, '82': 134272, '05': 14909582, '34': 164240, '12': 4196480, '88': 426240, '03': 133248, '72': 531916, '87': 4325528, '28': 131072, '14': 4327560, '50': 229504, '32': 2184, '67': 166016, '49': 6488204, '63': 166016, '73': 164240, '71': 4589704, '55': 133248, '83': 2164868, '96': 426240, '35': 4325624, '42': 133248, '86': 4196480, '70': 163968, '68': 164272, '43': 163968, '78': 6488204, '76': 4327560, '15': 184, '36': 166016, '40': 526476, '75': 6490252, '77': 7569548, '19': 166064, '24': 231472, '60': 4327592, '94': 14680224, '62': 13123712, '33': 4327592, '81': 180, '27': 166080, '17': 231560, '47': 166016, '08': 164016, '98': 133248, '85': 7348448, '51': 4325504, '29': 231560, '25': 231560, '31': 4325536, '09': 139264, '92': 4196480, '53': 166016, '79': 164240, '93': 204800, '37': 3208, '07': 137408, '18': 2296, '97': 131208, '04': 4325528, '95': 14680224, '44': 133120, '56': 4327592, '21': 527488, '59': 163968}
catalog_page: 0.006788456311777128, 6.434973333382056
catalog_returns: 0.365368871808016, 29.342361760099767
catalog_sales: 4.125700775634839, 107.68197179297884
customer: 0.027291165890712114, 56.5493388351011
customer_address: 0.032942489060661204, 51.7098050147763
customer_demographics: 0.009294701388936717, 35.715473872162235
date_dim: 0.007482389903863112, 194.96389956404448
household_demographics: 0.006404562256403392, 27.565527568360103
income_band: 0.005611237125675789, 6.46280431679062
inventory: 0.04488840173122171, 0.9929192689923756
item: 0.008128977344316331, 135.13284609779254
promotion: 0.007834764732021602, 17.760668963199954
reason: 0.005305682713067023, 10.718430466699726
ship_mode: 0.0057438039511771375, 1.9704041340015002
store: 0.0062747529473774375, 94.05184165047022
store_returns: 0.8033229121652016, 39.97144957315457
store_sales: 6.470133820125545, 200.8992578495039
time_dim: 0.007157003144609555, 10.926766054328892
warehouse: 0.006540558922081534, 3.4512189192019007
web_page: 0.006232712373909102, 3.8384160599452484
web_returns: 0.16469516259805206, 23.535628891131324
web_sales: 2.4559436724431034, 96.71615263070198
web_site: 0.007700363037497834, 8.02449643931795
[]
0
catalog_page: 0.006788420301723613, 6.434973369392109
catalog_returns: 0.36408050292838207, 29.3436501289794
household_demographics: 0.006404560518207348, 27.5655275700983
income_band: 0.00561123709172444, 6.462804316824571
inventory: 0.04487478872759477, 0.9929328819960025
promotion: 0.007834763356041762, 17.760668964575935
ship_mode: 0.005743803861855814, 1.9704041340908216
store_returns: 0.8012893304458715, 39.973483154873904
time_dim: 0.007156942809570504, 10.92676611466393
warehouse: 0.006540558791463865, 3.4512189193325185
web_page: 0.006232711821852984, 3.8384160604973045
web_returns: 0.16407060220641073, 23.536253451522963
web_site: 0.0077003625370107845, 8.024496439818439
[]
0
{'28': 131072, '14': 4327560, '67': 166016, '27': 166080, '09': 139264, '18': 2296, '48': 0, '20': 0, '23': 0, '13': 256, '06': 0, '90': 1310976, '38': 0, '52': 0, '45': 0, '69': 0, '80': 10555398, '46': 256, '74': 0, '11': 0, '64': 70404, '65': 0, '61': 4096, '66': 802816, '10': 0, '54': 0, '58': 0, '26': 4096, '89': 0, '02': 0, '82': 1024, '05': 10551302, '34': 256, '12': 0, '88': 262400, '03': 0, '72': 529668, '87': 0, '50': 65536, '32': 0, '49': 2162692, '63': 0, '73': 256, '71': 262144, '55': 0, '96': 262400, '35': 0, '42': 0, '86': 0, '70': 0, '68': 256, '43': 0, '78': 2162692, '76': 0, '15': 0, '36': 0, '40': 524292, '75': 2162692, '77': 3211268, '19': 0, '24': 65536, '60': 0, '94': 10485760, '62': 8929280, '33': 0, '17': 65536, '47': 0, '08': 0, '98': 0, '85': 3145728, '51': 0, '29': 65536, '25': 65536, '31': 0, '92': 0, '53': 0, '79': 256, '93': 65536, '37': 1024, '07': 4096, '97': 0, '04': 0, '95': 10485760, '44': 0, '56': 0, '59': 0}
{}
{'28': 131072, '14': 4327560, '67': 166016, '27': 166080, '09': 139264, '18': 2296, '48': 0, '20': 0, '23': 0, '13': 256, '06': 0, '90': 1310976, '38': 0, '52': 0, '45': 0, '69': 0, '80': 10555398, '46': 256, '74': 0, '11': 0, '64': 70404, '65': 0, '61': 4096, '66': 802816, '10': 0, '54': 0, '58': 0, '26': 4096, '89': 0, '02': 0, '82': 1024, '05': 10551302, '34': 256, '12': 0, '88': 262400, '03': 0, '72': 529668, '87': 0, '50': 65536, '32': 0, '49': 2162692, '63': 0, '73': 256, '71': 262144, '55': 0, '96': 262400, '35': 0, '42': 0, '86': 0, '70': 0, '68': 256, '43': 0, '78': 2162692, '76': 0, '15': 0, '36': 0, '40': 524292, '75': 2162692, '77': 3211268, '19': 0, '24': 65536, '60': 0, '94': 10485760, '62': 8929280, '33': 0, '17': 65536, '47': 0, '08': 0, '98': 0, '85': 3145728, '51': 0, '29': 65536, '25': 65536, '31': 0, '92': 0, '53': 0, '79': 256, '93': 65536, '37': 1024, '07': 4096, '97': 0, '04': 0, '95': 10485760, '44': 0, '56': 0, '59': 0}
STARTING PHASE 2: 0b0
----
[]
Function: 29.862911637073353, 14.531207815974552, 0.08590221405029297, 0.659014369438441, 14.454857040656409, 0.07228575362898061, 0.059644443324676166
{29.862911637073353: []}
Best Cost: $29.862911637073353;
[3, 4, 5, 6, 7, 11, 13, 15, 17, 22, 1, 2, 8, 9, 10, 12, 14, 16, 18, 19, 20, 21, 23]
{'48': 164064, '20': 2184, '23': 4327576, '13': 164320, '06': 133296, '90': 5505280, '38': 4325528, '52': 133248, '45': 4196528, '69': 4325624, '80': 14915726, '46': 164272, '74': 4325520, '11': 4325520, '64': 236540, '65': 166016, '61': 170160, '66': 4997256, '01': 98448, '10': 4325624, '54': 4360376, '84': 66416, '58': 4327560, '26': 6344, '89': 166016, '02': 4194440, '82': 134272, '05': 14909582, '34': 164240, '12': 4196480, '88': 426240, '03': 133248, '72': 531916, '87': 4325528, '28': 131072, '14': 4327560, '50': 229504, '32': 2184, '67': 166016, '49': 6488204, '63': 166016, '73': 164240, '71': 4589704, '55': 133248, '83': 2164868, '96': 426240, '35': 4325624, '42': 133248, '86': 4196480, '70': 163968, '68': 164272, '43': 163968, '78': 6488204, '76': 4327560, '15': 184, '36': 166016, '40': 526476, '75': 6490252, '77': 7569548, '19': 166064, '24': 231472, '60': 4327592, '94': 14680224, '62': 13123712, '33': 4327592, '81': 180, '27': 166080, '17': 231560, '47': 166016, '08': 164016, '98': 133248, '85': 7348448, '51': 4325504, '29': 231560, '25': 231560, '31': 4325536, '09': 139264, '92': 4196480, '53': 166016, '79': 164240, '93': 204800, '37': 3208, '07': 137408, '18': 2296, '97': 131208, '04': 4325528, '95': 14680224, '44': 133120, '56': 4327592, '21': 527488, '59': 163968}
['22', '30', '39', '41']
Excluding table call_center and any queries that depend on it
[3, 4, 5, 6, 7, 11, 13, 15, 17, 22, 1, 2, 8, 9, 10, 12, 14, 16, 18, 19, 20, 21, 23]
dict_keys(['48', '20', '23', '13', '06', '90', '38', '52', '45', '69', '80', '46', '74', '11', '64', '65', '61', '66', '01', '10', '54', '84', '58', '26', '89', '02', '82', '05', '34', '12', '88', '03', '72', '87', '28', '14', '50', '32', '67', '49', '63', '73', '71', '55', '83', '96', '35', '42', '86', '70', '68', '43', '78', '76', '15', '36', '40', '75', '77', '19', '24', '60', '94', '62', '33', '81', '27', '17', '47', '08', '98', '85', '51', '29', '25', '31', '09', '92', '53', '79', '93', '37', '07', '18', '97', '04', '95', '44', '56', '21', '59'])
23
Optimal Subset: 0b111111111111111111111110
dict_keys(['48', '20', '23', '13', '06', '90', '38', '52', '45', '69', '80', '46', '74', '11', '64', '65', '61', '66', '01', '10', '54', '84', '58', '26', '89', '02', '82', '05', '34', '12', '88', '03', '72', '87', '28', '14', '50', '32', '67', '49', '63', '73', '71', '55', '83', '96', '35', '42', '86', '70', '68', '43', '78', '76', '15', '36', '40', '75', '77', '19', '24', '60', '94', '62', '33', '81', '27', '17', '47', '08', '98', '85', '51', '29', '25', '31', '09', '92', '53', '79', '93', '37', '07', '18', '97', '04', '95', '44', '56', '21', '59'])
Function: 29.862911637073353, 14.531207815974552, 0.08590221405029297, 0.659014369438441, 14.454857040656409, 0.07228575362898061, 0.059644443324676166
Real: 29.862911637073353, 14.531207815974552, 0.08590221405029297, 0.659014369438441, 14.454857040656409, 0.07228575362898061, 0.059644443324676166
outputs_noduck_GCP_0.0_8.688_6.25.json
Num GCP Qs: 91; Num Redshift Qs: 4
PLAN TYPE IS: move
Moved Qs: $14.531207815974552; Stayed Qs: $0.08590221405029297; Migration Cost: $15.245801607048508
Movement Cost: $0.659014369438441, Load Cost: $14.454857040656409, Storage Cost: $0.07228575362898061, API Cost: $0.059644443324676166
Final cost: $29.862911637073353, Baseline: $241.86689853668213, Diff: $212.00398689960878, %: 87.65316303398819%
