Data Starting In: gcp
Egress: $0.0/GB
Benchmark: tpcds
Data Path: parquet_1000/batch_rs1
BigQuery Cost: $6.25/TB; DuckDB Cost: $1.48/hr; Redshift Cost: $1.086/hr
Use Duck: False
Using calcite profiles: False
Excluded Table: customer_demographics
Excluded Query: None

Starting analysis without using DuckDB
Redshift Total: $5.910351438162725, BigQuery Total: $103.97772192955017
01: $0.037222000787258146
02: $0.1979243566441536
03: $0.4866440628564358
04: $3.61400268015186
05: $1.5044740550923348
06: $0.37089640181660655
08: $0.4827552439717452
09: $4.248445393978358
11: $1.651202303194205
12: $0.12269529073079427
14: $15.676966815438668
15: $0.2284794372812907
16: $0.562377244142294
17: $1.0243916837350526
19: $0.7141877862731616
20: $0.24317620974938076
21: $0.1387422318736712
22: $0.6777517994610468
23: $1.3768837107972303
24: $1.5006963644893965
25: $1.2151110610580445
28: $5.05564576346914
29: $1.008115198913018
30: $0.009960597354968388
31: $1.8245650356054306
32: $0.5059927403712272
33: $1.1204768265342713
34: $0.6207235123666127
36: $2.580908335088094
37: $0.1680234264612198
38: $0.3558731983145078
39: $0.27729525789340337
40: $0.41494580126245817
41: $-0.0020452812047799434
42: $0.4939140515724818
43: $0.4999059917163849
44: $0.9402832753022512
45: $0.1519291462512811
46: $1.2265638447797298
47: $0.533098953530391
49: $1.8524754285796483
50: $0.636143891582489
51: $0.5666715289783477
52: $0.49561849385698636
53: $0.6177303631850084
54: $0.7773916800669829
55: $0.4950001102173328
56: $1.1193761416093508
57: $0.2881193407158057
58: $0.8547409833705425
59: $0.46271400184750555
60: $1.1203978869223594
61: $1.6410273874457677
62: $0.15670985938986143
63: $0.6185007683968544
65: $0.5998246012810866
66: $0.8397971375628313
67: $6.3270267018338044
68: $1.4742584558578333
70: $1.96793873002251
71: $1.1012624587861697
73: $0.6243884922528267
74: $1.1435399415040015
75: $2.824817998680671
76: $1.0871748799737295
77: $1.4439764900155863
78: $1.7110126293476422
79: $1.227616963657538
80: $2.012618472306331
81: $0.019239308624267575
82: $0.23054074777682623
83: $0.05543757183273633
86: $0.3798482982075214
87: $0.3817145547032356
88: $2.9330518760355315
89: $0.6237626295518875
90: $0.19219698321262996
92: $0.25097833294153216
93: $0.7894184744238854
94: $0.3066015665193399
95: $0.3133311781525612
96: $0.36783203990538915
97: $0.5135906607317925
98: $0.5017486539173126
99: $0.2590039864985148
!!!!!!: 98.06941577259224
Excluding table customer_demographics and any queries that depend on it
Total Keys: 85, Keys Considered: 84
[0, 1, 2, 3, 4, 5, 7, 8, 9, 10, 11, 12, 13, 14, 15, 16, 17, 18, 19, 20, 21, 22, 23]
{'03': 133248, '23': 4327576, '31': 4325536, '74': 4325520, '28': 131072, '73': 164240, '58': 4327560, '06': 133296, '71': 4589704, '47': 166016, '36': 166016, '30': 2097328, '60': 4327592, '51': 4325504, '37': 3208, '52': 133248, '61': 170160, '39': 527488, '92': 4196480, '01': 98448, '50': 229504, '75': 6490252, '82': 134272, '42': 133248, '55': 133248, '14': 4327560, '99': 540809, '02': 4194440, '80': 14915726, '29': 231560, '15': 184, '24': 231472, '49': 6488204, '66': 4997256, '68': 164272, '05': 14909582, '79': 164240, '34': 164240, '96': 426240, '77': 7569548, '87': 4325528, '95': 14680224, '53': 166016, '45': 4196528, '59': 163968, '25': 231560, '09': 139264, '40': 526476, '21': 527488, '88': 426240, '76': 4327560, '12': 4196480, '43': 163968, '67': 166016, '78': 6488204, '93': 204800, '94': 14680224, '20': 2184, '81': 180, '62': 13123712, '22': 527488, '56': 4327592, '38': 4325528, '54': 4360376, '63': 166016, '57': 2185, '83': 2164868, '32': 2184, '90': 5505280, '89': 166016, '17': 231560, '70': 163968, '86': 4196480, '98': 133248, '11': 4325520, '44': 133120, '46': 164272, '08': 164016, '19': 166064, '97': 131208, '16': 173, '33': 4327592, '04': 4325528, '65': 166016}
call_center: 0.00024082754774794728, 1.1092597438088667
catalog_page: 0.0005953050206849076, 3.516497222377981
catalog_returns: 0.1333801909296138, 12.267994808954358
catalog_sales: 1.4924994275359509, 45.912185748282255
customer: 0.010679878873831065, 19.619873133068477
customer_address: 0.005376580195296159, 14.95913495350334
date_dim: 0.0009392641042259819, 82.04090633767146
household_demographics: 0.0008263374549767369, 8.665805830613115
income_band: 0.0006905004219240673, -0.0006905004219240673
income_band had no query dependencies
inventory: 0.12794242899761857, 1.3644110344685487
item: 0.0018198856148803704, 55.7642510487213
promotion: 0.0017639685640396105, 3.6518818911880593
reason: 0.0005364609636203486, 5.037327407438623
ship_mode: 0.0007108840765826939, 1.2548000993746249
store: 0.0008100610951380052, 37.303147515951025
store_returns: 0.2587362207889173, 17.357175100055176
store_sales: 2.2029841796272662, 89.06865248904293
time_dim: 0.0007269398651029786, 5.433413555637448
warehouse: 0.0009695899496963662, 2.763276483992091
web_page: 0.0017170946504629365, 1.6344563785777533
web_returns: 0.07097182267590631, 11.963734165205915
web_sales: 0.8917451742184404, 47.141882675367185
web_site: 0.0008463066716881313, 4.29288882478874
['income_band']
1
call_center: 0.00024082567659416385, 1.1092597456800204
catalog_page: 0.0005950266961063238, 3.5164975007025596
catalog_returns: 0.13141479348711801, 12.269960206396854
customer: 0.010553814838762617, 19.619999197103546
customer_address: 0.005349983333984624, 14.959161550364653
promotion: 0.0017639566332998155, 3.6518819031187992
ship_mode: 0.0007108838066360846, 1.2548000996445714
store_returns: 0.2556438022817617, 17.360267518562335
web_page: 0.001717083374952951, 1.6344563898532634
web_returns: 0.0700178674179026, 11.964688120463919
web_site: 0.000846304694511614, 4.292888826765917
[]
0
{'28': 131072, '36': 166016, '39': 527488, '14': 4327560, '09': 139264, '21': 527488, '88': 426240, '67': 166016, '22': 527488, '03': 0, '23': 16, '31': 32, '74': 16, '73': 16, '58': 0, '06': 48, '71': 0, '47': 0, '60': 32, '51': 0, '37': 0, '52': 0, '61': 4144, '92': 0, '50': 65536, '75': 2162692, '82': 0, '42': 0, '55': 0, '99': 16385, '02': 0, '80': 10555398, '29': 65536, '15': 48, '24': 65584, '49': 2162692, '66': 16384, '68': 48, '05': 10551302, '79': 16, '34': 16, '96': 0, '77': 3211268, '87': 16, '95': 10485792, '53': 0, '45': 48, '59': 0, '25': 65536, '40': 4, '76': 0, '12': 0, '43': 0, '78': 2162692, '93': 65536, '94': 10485792, '20': 0, '62': 8404992, '56': 32, '38': 16, '54': 48, '63': 0, '57': 1, '32': 0, '90': 1048576, '89': 0, '17': 65536, '70': 0, '86': 0, '98': 0, '11': 16, '44': 0, '46': 48, '08': 48, '19': 48, '97': 0, '16': 37, '33': 32, '04': 16, '65': 0}
{}
{'28': 131072, '36': 166016, '39': 527488, '14': 4327560, '09': 139264, '21': 527488, '88': 426240, '67': 166016, '22': 527488, '03': 0, '23': 16, '31': 32, '74': 16, '73': 16, '58': 0, '06': 48, '71': 0, '47': 0, '60': 32, '51': 0, '37': 0, '52': 0, '61': 4144, '92': 0, '50': 65536, '75': 2162692, '82': 0, '42': 0, '55': 0, '99': 16385, '02': 0, '80': 10555398, '29': 65536, '15': 48, '24': 65584, '49': 2162692, '66': 16384, '68': 48, '05': 10551302, '79': 16, '34': 16, '96': 0, '77': 3211268, '87': 16, '95': 10485792, '53': 0, '45': 48, '59': 0, '25': 65536, '40': 4, '76': 0, '12': 0, '43': 0, '78': 2162692, '93': 65536, '94': 10485792, '20': 0, '62': 8404992, '56': 32, '38': 16, '54': 48, '63': 0, '57': 1, '32': 0, '90': 1048576, '89': 0, '17': 65536, '70': 0, '86': 0, '98': 0, '11': 16, '44': 0, '46': 48, '08': 48, '19': 48, '97': 0, '16': 37, '33': 32, '04': 16, '65': 0}
STARTING PHASE 2: 0b0
----
[]
Function: 11.454216432290796, 5.9081571453460064, 0.00014901161193847656, 0.33909843165373116, 5.06339039028724, 0.11262951826678554, 0.03079193512509465
{11.454216432290796: []}
Best Cost: $11.454216432290796;
[3, 7, 8, 10, 11, 13, 15, 17, 18, 19, 22, 0, 1, 2, 4, 5, 12, 14, 16, 20, 21, 23]
{'03': 133248, '23': 4327576, '31': 4325536, '74': 4325520, '28': 131072, '73': 164240, '58': 4327560, '06': 133296, '71': 4589704, '47': 166016, '36': 166016, '30': 2097328, '60': 4327592, '51': 4325504, '37': 3208, '52': 133248, '61': 170160, '39': 527488, '92': 4196480, '01': 98448, '50': 229504, '75': 6490252, '82': 134272, '42': 133248, '55': 133248, '14': 4327560, '99': 540809, '02': 4194440, '80': 14915726, '29': 231560, '15': 184, '24': 231472, '49': 6488204, '66': 4997256, '68': 164272, '05': 14909582, '79': 164240, '34': 164240, '96': 426240, '77': 7569548, '87': 4325528, '95': 14680224, '53': 166016, '45': 4196528, '59': 163968, '25': 231560, '09': 139264, '40': 526476, '21': 527488, '88': 426240, '76': 4327560, '12': 4196480, '43': 163968, '67': 166016, '78': 6488204, '93': 204800, '94': 14680224, '20': 2184, '81': 180, '62': 13123712, '22': 527488, '56': 4327592, '38': 4325528, '54': 4360376, '63': 166016, '57': 2185, '83': 2164868, '32': 2184, '90': 5505280, '89': 166016, '17': 231560, '70': 163968, '86': 4196480, '98': 133248, '11': 4325520, '44': 133120, '46': 164272, '08': 164016, '19': 166064, '97': 131208, '16': 173, '33': 4327592, '04': 4325528, '65': 166016}
['41']
Excluding table customer_demographics and any queries that depend on it
[3, 7, 8, 10, 11, 13, 15, 17, 18, 19, 22, 0, 1, 2, 4, 5, 12, 14, 16, 20, 21, 23]
dict_keys(['03', '23', '31', '74', '28', '73', '58', '06', '71', '47', '36', '30', '60', '51', '37', '52', '61', '39', '92', '01', '50', '75', '82', '42', '55', '14', '99', '02', '80', '29', '15', '24', '49', '66', '68', '05', '79', '34', '96', '77', '87', '95', '53', '45', '59', '25', '09', '40', '21', '88', '76', '12', '43', '67', '78', '93', '94', '20', '81', '62', '22', '56', '38', '54', '63', '57', '83', '32', '90', '89', '17', '70', '86', '98', '11', '44', '46', '08', '19', '97', '16', '33', '04', '65'])
22
Optimal Subset: 0b111111111111110110111111
dict_keys(['03', '23', '31', '74', '28', '73', '58', '06', '71', '47', '36', '30', '60', '51', '37', '52', '61', '39', '92', '01', '50', '75', '82', '42', '55', '14', '99', '02', '80', '29', '15', '24', '49', '66', '68', '05', '79', '34', '96', '77', '87', '95', '53', '45', '59', '25', '09', '40', '21', '88', '76', '12', '43', '67', '78', '93', '94', '20', '81', '62', '22', '56', '38', '54', '63', '57', '83', '32', '90', '89', '17', '70', '86', '98', '11', '44', '46', '08', '19', '97', '16', '33', '04', '65'])
Function: 11.454216432290796, 5.9081571453460064, 0.00014901161193847656, 0.33909843165373116, 5.06339039028724, 0.11262951826678554, 0.03079193512509465
Real: 11.454216432290796, 5.9081571453460064, 0.00014901161193847656, 0.33909843165373116, 5.06339039028724, 0.11262951826678554, 0.03079193512509465
outputs_noduck_GCP_0.0_1.086_6.25.json
Num GCP Qs: 84; Num Redshift Qs: 1
PLAN TYPE IS: move
Moved Qs: $5.9081571453460064; Stayed Qs: $0.00014901161193847656; Migration Cost: $5.545910275332851
Movement Cost: $0.33909843165373116, Load Cost: $5.06339039028724, Storage Cost: $0.11262951826678554, API Cost: $0.03079193512509465
Final cost: $11.454216432290796, Baseline: $103.97772192955017, Diff: $92.52350549725938, %: 88.98397058549564%
