Data Starting In: gcp
Egress: $0.0/GB
Benchmark: tpcds
Data Path: parquet_1000/batch_rs1
BigQuery Cost: $6.25/TB; DuckDB Cost: $1.48/hr; Redshift Cost: $1.086/hr
Use Duck: False
Using calcite profiles: False
Excluded Table: time_dim
Excluded Query: None

Starting analysis without using DuckDB
Redshift Total: $6.792965189448199, BigQuery Total: $118.34206581115723
01: $0.037222000787258146
02: $0.1979243566441536
03: $0.4866440628564358
04: $3.61400268015186
05: $1.5044740550923348
06: $0.37089640181660655
07: $1.3374056270329158
08: $0.4827552439717452
09: $4.248445393978358
10: $0.42569488468090694
11: $1.651202303194205
12: $0.12269529073079427
13: $1.6977783234190942
14: $15.676966815438668
15: $0.2284794372812907
16: $0.562377244142294
17: $1.0243916837350526
18: $4.111526602065563
19: $0.7141877862731616
20: $0.24317620974938076
21: $0.1387422318736712
22: $0.6777517994610468
23: $1.3768837107972303
24: $1.5006963644893965
25: $1.2151110610580445
26: $0.6627730558645726
27: $4.039140143409967
28: $5.05564576346914
29: $1.008115198913018
30: $0.009960597354968388
31: $1.8245650356054306
32: $0.5059927403712272
33: $1.1204768265342713
34: $0.6207235123666127
35: $0.40358817291935284
36: $2.580908335088094
37: $0.1680234264612198
38: $0.3558731983145078
39: $0.27729525789340337
40: $0.41494580126245817
41: $-0.0020452812047799434
42: $0.4939140515724818
43: $0.4999059917163849
44: $0.9402832753022512
45: $0.1519291462512811
46: $1.2265638447797298
47: $0.533098953530391
48: $1.1001106623999277
49: $1.8524754285796483
50: $0.636143891582489
51: $0.5666715289783477
52: $0.49561849385698636
53: $0.6177303631850084
54: $0.7773916800669829
55: $0.4950001102173328
56: $1.1193761416093508
57: $0.2881193407158057
58: $0.8547409833705425
59: $0.46271400184750555
60: $1.1203978869223594
61: $1.6410273874457677
62: $0.15670985938986143
63: $0.6185007683968544
64: $3.938947785137097
65: $0.5998246012810866
67: $6.3270267018338044
68: $1.4742584558578333
69: $0.3942645421270529
70: $1.96793873002251
72: $0.44518852136810616
73: $0.6243884922528267
74: $1.1435399415040015
75: $2.824817998680671
76: $1.0871748799737295
77: $1.4439764900155863
78: $1.7110126293476422
79: $1.227616963657538
80: $2.012618472306331
81: $0.019239308624267575
82: $0.23054074777682623
83: $0.05543757183273633
84: $0.012719620297749836
85: $0.31475607653776805
86: $0.3798482982075214
87: $0.3817145547032356
89: $0.6237626295518875
91: $0.03197660856405894
92: $0.25097833294153216
93: $0.7894184744238854
94: $0.3066015665193399
95: $0.3133311781525612
97: $0.5135906607317925
98: $0.5017486539173126
99: $0.2590039864985148
!!!!!!: 111.55114590291383
Excluding table time_dim and any queries that depend on it
Total Keys: 94, Keys Considered: 93
[0, 1, 2, 3, 4, 5, 6, 7, 8, 9, 10, 11, 12, 13, 14, 15, 16, 17, 19, 20, 21, 22, 23]
{'08': 164016, '74': 4325520, '19': 166064, '81': 180, '18': 2296, '73': 164240, '75': 6490252, '98': 133248, '14': 4327560, '69': 4325624, '70': 163968, '21': 527488, '59': 163968, '26': 6344, '22': 527488, '36': 166016, '46': 164272, '95': 14680224, '15': 184, '78': 6488204, '54': 4360376, '45': 4196528, '17': 231560, '79': 164240, '57': 2185, '93': 204800, '09': 139264, '85': 7348448, '13': 164320, '20': 2184, '47': 166016, '31': 4325536, '76': 4327560, '30': 2097328, '80': 14915726, '24': 231472, '32': 2184, '91': 501, '10': 4325624, '65': 166016, '51': 4325504, '77': 7569548, '33': 4327592, '11': 4325520, '02': 4194440, '60': 4327592, '23': 4327576, '40': 526476, '53': 166016, '48': 164064, '39': 527488, '07': 137408, '12': 4196480, '64': 236540, '42': 133248, '05': 14909582, '37': 3208, '82': 134272, '50': 229504, '52': 133248, '43': 163968, '99': 540809, '84': 66416, '92': 4196480, '97': 131208, '03': 133248, '16': 173, '55': 133248, '89': 166016, '44': 133120, '58': 4327560, '27': 166080, '68': 164272, '94': 14680224, '25': 231560, '62': 13123712, '34': 164240, '87': 4325528, '06': 133296, '38': 4325528, '49': 6488204, '86': 4196480, '67': 166016, '61': 170160, '28': 131072, '72': 531916, '29': 231560, '56': 4327592, '63': 166016, '01': 98448, '83': 2164868, '04': 4325528, '35': 4325624}
call_center: 0.00024082783547468088, 1.141236352085199
catalog_page: 0.0005953478185685362, 3.516497179580097
catalog_returns: 0.13368240948126195, 16.68380550547197
catalog_sales: 1.4953205325890746, 54.35028861104279
customer: 0.010699263701179228, 28.938571964032906
customer_address: 0.005380669986363431, 27.39049414186084
customer_demographics: 0.0015499066703740622, 18.91432071915376
date_dim: 0.0009393092251914831, 99.00299770172788
household_demographics: 0.0008263382627551002, 11.299335789437892
income_band: 0.0006905004377020141, 3.9509769049971446
inventory: 0.12807423836455575, 1.8094677464697178
item: 0.001820670027465044, 69.19796954040079
promotion: 0.0017639703986257471, 10.036196878756163
reason: 0.00053646100570283, 5.352083483934308
ship_mode: 0.0007108841180922999, 0.41500296177028395
store: 0.0008100635254430807, 44.77824051194587
store_returns: 0.2592117410181161, 21.30836698526083
store_sales: 2.2067212176301414, 97.99969921743929
warehouse: 0.000969590041308711, 2.368667867705753
web_page: 0.0017170963842945898, 1.7570154701690597
web_returns: 0.07111851207835351, 12.278343552341235
web_sales: 0.8931753835515115, 46.54549956273758
web_site: 0.0008463069757179476, 4.292888824484711
[]
0
call_center: 0.00024082589875998108, 1.1412363540219135
catalog_page: 0.0005950597421381391, 3.516497467656528
catalog_returns: 0.13164814904179095, 16.685839765911442
household_demographics: 0.0008263328255257858, 11.299335794875121
income_band: 0.0006905003314992252, 3.950976905103347
promotion: 0.001763958049860325, 10.036196891104929
ship_mode: 0.0007108838386873834, 0.41500296204968884
store_returns: 0.25601097129318656, 21.31156775498576
web_page: 0.0017170847137167194, 1.7570154818396375
web_returns: 0.07013113242657278, 12.279330931993016
web_site: 0.0008463049292657216, 4.292888826531163
[]
0
{'18': 2296, '14': 4327560, '21': 527488, '22': 527488, '36': 166016, '09': 139264, '39': 527488, '27': 166080, '67': 166016, '28': 131072, '08': 0, '74': 0, '19': 0, '73': 256, '75': 2162692, '98': 0, '69': 0, '70': 0, '59': 0, '26': 4096, '46': 256, '95': 10485760, '15': 0, '78': 2162692, '54': 0, '45': 0, '17': 65536, '79': 256, '57': 1, '93': 65536, '85': 3145728, '13': 256, '20': 0, '47': 0, '31': 0, '76': 0, '80': 10555398, '24': 65536, '32': 0, '10': 0, '65': 0, '51': 0, '77': 3211268, '33': 0, '11': 0, '02': 0, '60': 0, '23': 0, '40': 4, '53': 0, '48': 0, '07': 4096, '12': 0, '64': 70404, '42': 0, '05': 10551302, '37': 0, '82': 0, '50': 65536, '52': 0, '43': 0, '99': 16385, '92': 0, '97': 0, '03': 0, '16': 5, '55': 0, '89': 0, '44': 0, '58': 0, '68': 256, '94': 10485760, '25': 65536, '62': 8404992, '34': 256, '87': 0, '06': 0, '38': 0, '49': 2162692, '86': 0, '61': 4096, '72': 4356, '29': 65536, '56': 0, '63': 0, '04': 0, '35': 0}
{}
{'18': 2296, '14': 4327560, '21': 527488, '22': 527488, '36': 166016, '09': 139264, '39': 527488, '27': 166080, '67': 166016, '28': 131072, '08': 0, '74': 0, '19': 0, '73': 256, '75': 2162692, '98': 0, '69': 0, '70': 0, '59': 0, '26': 4096, '46': 256, '95': 10485760, '15': 0, '78': 2162692, '54': 0, '45': 0, '17': 65536, '79': 256, '57': 1, '93': 65536, '85': 3145728, '13': 256, '20': 0, '47': 0, '31': 0, '76': 0, '80': 10555398, '24': 65536, '32': 0, '10': 0, '65': 0, '51': 0, '77': 3211268, '33': 0, '11': 0, '02': 0, '60': 0, '23': 0, '40': 4, '53': 0, '48': 0, '07': 4096, '12': 0, '64': 70404, '42': 0, '05': 10551302, '37': 0, '82': 0, '50': 65536, '52': 0, '43': 0, '99': 16385, '92': 0, '97': 0, '03': 0, '16': 5, '55': 0, '89': 0, '44': 0, '58': 0, '68': 256, '94': 10485760, '25': 65536, '62': 8404992, '34': 256, '87': 0, '06': 0, '38': 0, '49': 2162692, '86': 0, '61': 4096, '72': 4356, '29': 65536, '56': 0, '63': 0, '04': 0, '35': 0}
STARTING PHASE 2: 0b0
----
[]
Function: 12.347427211775658, 6.79077089663148, 0.00014901161193847656, 0.3391060624049666, 5.064890402783949, 0.12170821525623904, 0.030802623087084292
{12.347427211775658: []}
Best Cost: $12.347427211775658;
[3, 4, 5, 6, 7, 10, 11, 13, 15, 17, 19, 22, 0, 1, 2, 8, 9, 12, 14, 16, 20, 21, 23]
{'08': 164016, '74': 4325520, '19': 166064, '81': 180, '18': 2296, '73': 164240, '75': 6490252, '98': 133248, '14': 4327560, '69': 4325624, '70': 163968, '21': 527488, '59': 163968, '26': 6344, '22': 527488, '36': 166016, '46': 164272, '95': 14680224, '15': 184, '78': 6488204, '54': 4360376, '45': 4196528, '17': 231560, '79': 164240, '57': 2185, '93': 204800, '09': 139264, '85': 7348448, '13': 164320, '20': 2184, '47': 166016, '31': 4325536, '76': 4327560, '30': 2097328, '80': 14915726, '24': 231472, '32': 2184, '91': 501, '10': 4325624, '65': 166016, '51': 4325504, '77': 7569548, '33': 4327592, '11': 4325520, '02': 4194440, '60': 4327592, '23': 4327576, '40': 526476, '53': 166016, '48': 164064, '39': 527488, '07': 137408, '12': 4196480, '64': 236540, '42': 133248, '05': 14909582, '37': 3208, '82': 134272, '50': 229504, '52': 133248, '43': 163968, '99': 540809, '84': 66416, '92': 4196480, '97': 131208, '03': 133248, '16': 173, '55': 133248, '89': 166016, '44': 133120, '58': 4327560, '27': 166080, '68': 164272, '94': 14680224, '25': 231560, '62': 13123712, '34': 164240, '87': 4325528, '06': 133296, '38': 4325528, '49': 6488204, '86': 4196480, '67': 166016, '61': 170160, '28': 131072, '72': 531916, '29': 231560, '56': 4327592, '63': 166016, '01': 98448, '83': 2164868, '04': 4325528, '35': 4325624}
['41']
Excluding table time_dim and any queries that depend on it
[3, 4, 5, 6, 7, 10, 11, 13, 15, 17, 19, 22, 0, 1, 2, 8, 9, 12, 14, 16, 20, 21, 23]
dict_keys(['08', '74', '19', '81', '18', '73', '75', '98', '14', '69', '70', '21', '59', '26', '22', '36', '46', '95', '15', '78', '54', '45', '17', '79', '57', '93', '09', '85', '13', '20', '47', '31', '76', '30', '80', '24', '32', '91', '10', '65', '51', '77', '33', '11', '02', '60', '23', '40', '53', '48', '39', '07', '12', '64', '42', '05', '37', '82', '50', '52', '43', '99', '84', '92', '97', '03', '16', '55', '89', '44', '58', '27', '68', '94', '25', '62', '34', '87', '06', '38', '49', '86', '67', '61', '28', '72', '29', '56', '63', '01', '83', '04', '35'])
23
Optimal Subset: 0b111110111111111111111111
dict_keys(['08', '74', '19', '81', '18', '73', '75', '98', '14', '69', '70', '21', '59', '26', '22', '36', '46', '95', '15', '78', '54', '45', '17', '79', '57', '93', '09', '85', '13', '20', '47', '31', '76', '30', '80', '24', '32', '91', '10', '65', '51', '77', '33', '11', '02', '60', '23', '40', '53', '48', '39', '07', '12', '64', '42', '05', '37', '82', '50', '52', '43', '99', '84', '92', '97', '03', '16', '55', '89', '44', '58', '27', '68', '94', '25', '62', '34', '87', '06', '38', '49', '86', '67', '61', '28', '72', '29', '56', '63', '01', '83', '04', '35'])
Function: 12.347427211775658, 6.79077089663148, 0.00014901161193847656, 0.3391060624049666, 5.064890402783949, 0.12170821525623904, 0.030802623087084292
Real: 12.347427211775658, 6.79077089663148, 0.00014901161193847656, 0.3391060624049666, 5.064890402783949, 0.12170821525623904, 0.030802623087084292
outputs_noduck_GCP_0.0_1.086_6.25.json
Num GCP Qs: 93; Num Redshift Qs: 1
PLAN TYPE IS: move
Moved Qs: $6.79077089663148; Stayed Qs: $0.00014901161193847656; Migration Cost: $5.55650730353224
Movement Cost: $0.3391060624049666, Load Cost: $5.064890402783949, Storage Cost: $0.12170821525623904, API Cost: $0.030802623087084292
Final cost: $12.347427211775658, Baseline: $118.34206581115723, Diff: $105.99463859938157, %: 89.56632442813792%
