Data Starting In: gcp
Egress: $0.0/GB
Benchmark: tpcds
Data Path: parquet_1000/batch_rs1
BigQuery Cost: $6.25/TB; DuckDB Cost: $1.48/hr; Redshift Cost: $1.086/hr
Use Duck: False
Using calcite profiles: False
Excluded Table: store
Excluded Query: None

Starting analysis without using DuckDB
Redshift Total: $4.850372172876199, BigQuery Total: $73.75367879867554
02: $0.1979243566441536
03: $0.4866440628564358
04: $3.61400268015186
06: $0.37089640181660655
07: $1.3374056270329158
09: $4.248445393978358
10: $0.42569488468090694
11: $1.651202303194205
12: $0.12269529073079427
14: $15.676966815438668
15: $0.2284794372812907
16: $0.562377244142294
18: $4.111526602065563
20: $0.24317620974938076
21: $0.1387422318736712
22: $0.6777517994610468
23: $1.3768837107972303
26: $0.6627730558645726
28: $5.05564576346914
30: $0.009960597354968388
31: $1.8245650356054306
32: $0.5059927403712272
33: $1.1204768265342713
35: $0.40358817291935284
37: $0.1680234264612198
38: $0.3558731983145078
39: $0.27729525789340337
40: $0.41494580126245817
41: $-0.0020452812047799434
42: $0.4939140515724818
44: $0.9402832753022512
45: $0.1519291462512811
49: $1.8524754285796483
51: $0.5666715289783477
52: $0.49561849385698636
55: $0.4950001102173328
56: $1.1193761416093508
57: $0.2881193407158057
58: $0.8547409833705425
60: $1.1203978869223594
62: $0.15670985938986143
66: $0.8397971375628313
69: $0.3942645421270529
71: $1.1012624587861697
72: $0.44518852136810616
74: $1.1435399415040015
75: $2.824817998680671
76: $1.0871748799737295
78: $1.7110126293476422
81: $0.019239308624267575
82: $0.23054074777682623
83: $0.05543757183273633
84: $0.012719620297749836
85: $0.31475607653776805
86: $0.3798482982075214
87: $0.3817145547032356
90: $0.19219698321262996
91: $0.03197660856405894
92: $0.25097833294153216
93: $0.7894184744238854
94: $0.3066015665193399
95: $0.3133311781525612
97: $0.5135906607317925
98: $0.5017486539173126
99: $0.2590039864985148
!!!!!!: 68.9053519070041
Excluding table store and any queries that depend on it
Total Keys: 65, Keys Considered: 64
[0, 1, 2, 3, 4, 5, 6, 7, 8, 9, 10, 11, 12, 13, 14, 16, 17, 18, 19, 20, 21, 22, 23]
{'55': 133248, '35': 4325624, '39': 527488, '86': 4196480, '21': 527488, '49': 6488204, '42': 133248, '95': 14680224, '26': 6344, '31': 4325536, '10': 4325624, '83': 2164868, '30': 2097328, '18': 2296, '97': 131208, '51': 4325504, '58': 4327560, '16': 173, '14': 4327560, '11': 4325520, '28': 131072, '74': 4325520, '44': 133120, '75': 6490252, '85': 7348448, '56': 4327592, '78': 6488204, '62': 13123712, '76': 4327560, '87': 4325528, '81': 180, '71': 4589704, '57': 2185, '22': 527488, '07': 137408, '15': 184, '23': 4327576, '32': 2184, '33': 4327592, '06': 133296, '94': 14680224, '02': 4194440, '20': 2184, '90': 5505280, '99': 540809, '38': 4325528, '82': 134272, '60': 4327592, '69': 4325624, '98': 133248, '37': 3208, '45': 4196528, '09': 139264, '03': 133248, '04': 4325528, '12': 4196480, '84': 66416, '66': 4997256, '72': 531916, '40': 526476, '91': 501, '93': 204800, '52': 133248, '92': 4196480}
call_center: 0.00024082720276138046, 1.141236352717912
catalog_page: 0.0005952537056932288, -0.0005952537056932288
catalog_page had no query dependencies
catalog_returns: 0.13301782856147318, 7.784453283840409
catalog_sales: 1.4891169008768537, 43.37252541277955
customer: 0.010656636316729352, 14.67283507433141
customer_address: 0.005371676504347158, 12.836785601502129
customer_demographics: 0.0015493962744014553, 8.138344315183648
date_dim: 0.0009392100038412681, 57.66570318631627
household_demographics: 0.0008263364864442657, 0.6812553969561006
income_band: 0.0006905004030061877, 0.012029119894743649
inventory: 0.12778438855276164, 1.8097575962815118
item: 0.001818945098157517, 40.52675380841432
promotion: 0.0017639663643567206, 2.443603237901238
reason: 0.0005364609131631296, 5.352083484026848
ship_mode: 0.0007108840268123572, 1.254800099424395
store_returns: 0.2581660683763285, 6.987715654786005
store_sales: 2.1985034423159107, 54.3673508768556
time_dim: 0.0007269062460847677, 2.1325296733155463
warehouse: 0.0009695898398524602, 3.2084650054700408
web_page: 0.0017170925715854475, 0.5052359671788125
web_returns: 0.0707959409540132, 7.317597106051322
web_sales: 0.8900303422266838, 42.94344048614279
web_site: 0.0008463063071540429, 0.7757962977546085
['catalog_page']
1
call_center: 0.00024082547819939486, 1.141236354442474
catalog_returns: 0.13120640624765106, 7.786264706154231
household_demographics: 0.0008263316448230483, 0.6812554017977218
income_band: 0.0006905003084371258, 0.01202911998931271
promotion: 0.0017639553683068544, 2.443603248897288
ship_mode: 0.0007108837780141746, 1.2548000996731934
store_returns: 0.255315919207301, 6.9905658039550325
time_dim: 0.0007267381871329831, 2.132529841374498
web_page: 0.0017170821794327224, 0.5052359775709653
web_returns: 0.06991672141125167, 7.318476325594083
web_site: 0.0008463044848754624, 0.775796299576887
[]
0
income_band: 0.000690500226981122, 0.012029120070768715
[]
0
{'39': 527488, '21': 527488, '18': 2296, '14': 4327560, '28': 131072, '22': 527488, '09': 139264, '55': 0, '35': 0, '86': 0, '49': 2162692, '42': 0, '95': 10485760, '26': 4096, '31': 0, '10': 0, '97': 0, '51': 0, '58': 0, '16': 5, '11': 0, '74': 0, '44': 0, '75': 2162692, '85': 3145728, '56': 0, '78': 2162692, '62': 8404992, '76': 0, '87': 0, '71': 262144, '57': 1, '07': 4096, '15': 0, '23': 0, '32': 0, '33': 0, '06': 0, '94': 10485760, '02': 0, '20': 0, '90': 1310976, '99': 16385, '38': 0, '82': 0, '60': 0, '69': 0, '98': 0, '37': 0, '45': 0, '03': 0, '04': 0, '12': 0, '66': 278528, '72': 4356, '40': 4, '93': 65536, '52': 0, '92': 0, '83': 0, '30': 0, '81': 0, '84': 512, '91': 0}
{}
{'39': 527488, '21': 527488, '18': 2296, '14': 4327560, '28': 131072, '22': 527488, '09': 139264, '55': 0, '35': 0, '86': 0, '49': 2162692, '42': 0, '95': 10485760, '26': 4096, '31': 0, '10': 0, '97': 0, '51': 0, '58': 0, '16': 5, '11': 0, '74': 0, '44': 0, '75': 2162692, '85': 3145728, '56': 0, '78': 2162692, '62': 8404992, '76': 0, '87': 0, '71': 262144, '57': 1, '07': 4096, '15': 0, '23': 0, '32': 0, '33': 0, '06': 0, '94': 10485760, '02': 0, '20': 0, '90': 1310976, '99': 16385, '38': 0, '82': 0, '60': 0, '69': 0, '98': 0, '37': 0, '45': 0, '03': 0, '04': 0, '12': 0, '66': 278528, '72': 4356, '40': 4, '93': 65536, '52': 0, '92': 0, '83': 0, '30': 0, '81': 0, '84': 512, '91': 0}
STARTING PHASE 2: 0b0
----
[]
Function: 10.384205956085369, 4.84817788005948, 0.00014901161193847656, 0.33910541968439545, 5.064222247967719, 0.10175883162020191, 0.030792565141633147
{10.384205956085369: []}
Best Cost: $10.384205956085369;
[3, 4, 5, 6, 7, 10, 11, 13, 17, 19, 22, 0, 2, 8, 12, 14, 16, 18, 20, 21, 23, 9]
{'55': 133248, '35': 4325624, '39': 527488, '86': 4196480, '21': 527488, '49': 6488204, '42': 133248, '95': 14680224, '26': 6344, '31': 4325536, '10': 4325624, '83': 2164868, '30': 2097328, '18': 2296, '97': 131208, '51': 4325504, '58': 4327560, '16': 173, '14': 4327560, '11': 4325520, '28': 131072, '74': 4325520, '44': 133120, '75': 6490252, '85': 7348448, '56': 4327592, '78': 6488204, '62': 13123712, '76': 4327560, '87': 4325528, '81': 180, '71': 4589704, '57': 2185, '22': 527488, '07': 137408, '15': 184, '23': 4327576, '32': 2184, '33': 4327592, '06': 133296, '94': 14680224, '02': 4194440, '20': 2184, '90': 5505280, '99': 540809, '38': 4325528, '82': 134272, '60': 4327592, '69': 4325624, '98': 133248, '37': 3208, '45': 4196528, '09': 139264, '03': 133248, '04': 4325528, '12': 4196480, '84': 66416, '66': 4997256, '72': 531916, '40': 526476, '91': 501, '93': 204800, '52': 133248, '92': 4196480}
['41']
Excluding table store and any queries that depend on it
[3, 4, 5, 6, 7, 10, 11, 13, 17, 19, 22, 0, 2, 8, 12, 14, 16, 18, 20, 21, 23, 9]
dict_keys(['55', '35', '39', '86', '21', '49', '42', '95', '26', '31', '10', '83', '30', '18', '97', '51', '58', '16', '14', '11', '28', '74', '44', '75', '85', '56', '78', '62', '76', '87', '81', '71', '57', '22', '07', '15', '23', '32', '33', '06', '94', '02', '20', '90', '99', '38', '82', '60', '69', '98', '37', '45', '09', '03', '04', '12', '84', '66', '72', '40', '91', '93', '52', '92'])
22
Optimal Subset: 0b111111110111111111111101
dict_keys(['55', '35', '39', '86', '21', '49', '42', '95', '26', '31', '10', '83', '30', '18', '97', '51', '58', '16', '14', '11', '28', '74', '44', '75', '85', '56', '78', '62', '76', '87', '81', '71', '57', '22', '07', '15', '23', '32', '33', '06', '94', '02', '20', '90', '99', '38', '82', '60', '69', '98', '37', '45', '09', '03', '04', '12', '84', '66', '72', '40', '91', '93', '52', '92'])
Function: 10.384205956085369, 4.84817788005948, 0.00014901161193847656, 0.33910541968439545, 5.064222247967719, 0.10175883162020191, 0.030792565141633147
Real: 10.384205956085369, 4.84817788005948, 0.00014901161193847656, 0.33910541968439545, 5.064222247967719, 0.10175883162020191, 0.030792565141633147
outputs_noduck_GCP_0.0_1.086_6.25.json
Num GCP Qs: 64; Num Redshift Qs: 1
PLAN TYPE IS: move
Moved Qs: $4.84817788005948; Stayed Qs: $0.00014901161193847656; Migration Cost: $5.53587906441395
Movement Cost: $0.33910541968439545, Load Cost: $5.064222247967719, Storage Cost: $0.10175883162020191, API Cost: $0.030792565141633147
Final cost: $10.384205956085369, Baseline: $73.75367879867554, Diff: $63.36947284259017, %: 85.92042305519296%
