Data Starting In: gcp
Egress: $0.0/GB
Benchmark: tpcds
Data Path: parquet_1000/batch_rs1
BigQuery Cost: $6.25/TB; DuckDB Cost: $1.48/hr; Redshift Cost: $1.086/hr
Use Duck: False
Using calcite profiles: False
Excluded Table: item
Excluded Query: None

Starting analysis without using DuckDB
Redshift Total: $3.6201254684146247, BigQuery Total: $50.30435919761658
01: $0.037222000787258146
02: $0.1979243566441536
04: $3.61400268015186
05: $1.5044740550923348
08: $0.4827552439717452
09: $4.248445393978358
10: $0.42569488468090694
11: $1.651202303194205
13: $1.6977783234190942
15: $0.2284794372812907
16: $0.562377244142294
28: $5.05564576346914
30: $0.009960597354968388
31: $1.8245650356054306
34: $0.6207235123666127
35: $0.40358817291935284
38: $0.3558731983145078
43: $0.4999059917163849
46: $1.2265638447797298
48: $1.1001106623999277
49: $1.8524754285796483
50: $0.636143891582489
51: $0.5666715289783477
59: $0.46271400184750555
62: $0.15670985938986143
66: $0.8397971375628313
68: $1.4742584558578333
69: $0.3942645421270529
70: $1.96793873002251
73: $0.6243884922528267
74: $1.1435399415040015
77: $1.4439764900155863
78: $1.7110126293476422
79: $1.227616963657538
81: $0.019239308624267575
84: $0.012719620297749836
85: $0.31475607653776805
87: $0.3817145547032356
88: $2.9330518760355315
90: $0.19219698321262996
91: $0.03197660856405894
93: $0.7894184744238854
94: $0.3066015665193399
95: $0.3133311781525612
96: $0.36783203990538915
97: $0.5135906607317925
99: $0.2590039864985148
!!!!!!: 46.68423372920195
Excluding table item and any queries that depend on it
Total Keys: 47, Keys Considered: 47
[0, 1, 2, 3, 4, 5, 6, 7, 8, 9, 10, 12, 13, 14, 15, 16, 17, 18, 19, 20, 21, 22, 23]
{'88': 426240, '11': 4325520, '31': 4325536, '50': 229504, '09': 139264, '51': 4325504, '94': 14680224, '30': 2097328, '08': 164016, '66': 4997256, '69': 4325624, '87': 4325528, '74': 4325520, '77': 7569548, '16': 173, '70': 163968, '90': 5505280, '73': 164240, '15': 184, '05': 14909582, '01': 98448, '84': 66416, '13': 164320, '48': 164064, '97': 131208, '34': 164240, '49': 6488204, '38': 4325528, '46': 164272, '91': 501, '79': 164240, '04': 4325528, '95': 14680224, '68': 164272, '10': 4325624, '99': 540809, '85': 7348448, '35': 4325624, '02': 4194440, '59': 163968, '93': 204800, '78': 6488204, '28': 131072, '96': 426240, '62': 13123712, '43': 163968, '81': 180}
call_center: 0.00024082680247023883, 0.8531170124023975
catalog_page: 0.0005951941644282109, 1.5038788609279066
catalog_returns: 0.1325973761149648, 6.992934388250866
catalog_sales: 1.485192123542787, 13.203057335250216
customer: 0.010629667760235283, 14.355154695630768
customer_address: 0.005365986705853435, 10.823654816529517
customer_demographics: 0.001549073368297803, 4.3793398175776135
date_dim: 0.000939147230658648, 33.08398443064861
household_demographics: 0.0008263353626469764, 10.408280384986348
income_band: 0.000690500381055595, 0.012029119916694241
inventory: 0.127601012745753, -0.127601012745753
inventory had no query dependencies
promotion: 0.0017639638120440805, -0.0017639638120440805
promotion had no query dependencies
reason: 0.0005364608546171463, 5.352083484085394
ship_mode: 0.0007108839690633696, 1.2548000994821442
store: 0.0008100548000948753, 18.306644520910197
store_returns: 0.25750451519688083, 7.729938074929714
store_sales: 2.193304400885677, 41.00863336674673
time_dim: 0.0007268672376233525, 4.332151169478759
warehouse: 0.0009695897123995482, 1.254541393738808
web_page: 0.001717090159444444, 1.9492124596065397
web_returns: 0.07059186374631224, 7.385996157853537
web_sales: 0.88804060662035, 18.70633199661291
web_site: 0.000846305884181729, 2.2802703532699153
['inventory', 'promotion']
2
call_center: 0.00024082593293615402, 0.8531170132719316
catalog_page: 0.0005950648256694926, 1.5038789902666654
catalog_returns: 0.13168404655243035, 6.9938477178134
catalog_sales: 1.476666509777576, 13.211582949015426
customer: 0.010571085202066191, 14.355213278188936
customer_address: 0.005353627017588243, 10.823667176217784
customer_demographics: 0.0015483719341812044, 4.3793405190117305
date_dim: 0.0009390108713535767, 33.08398456700792
income_band: 0.0006905003333733293, 0.012029119964376507
ship_mode: 0.0007108838436178931, 1.2548000996075896
store_returns: 0.2560674535719673, 7.731375136554627
warehouse: 0.0009695894355394339, 1.254541394015668
web_page: 0.001717084919661192, 1.949212464846323
web_returns: 0.0701485561894633, 7.386439465410386
web_sales: 0.8837183952359624, 18.710654207997298
web_site: 0.0008463049653783743, 2.2802703541887186
[]
0
call_center: 0.00024082452838277172, 0.8531170146764849
catalog_page: 0.0005948559055199653, 1.5038791991868148
catalog_returns: 0.13020875058807152, 6.995323013777759
income_band: 0.0006905002563524412, 0.012029120041397395
ship_mode: 0.0007108836409865399, 1.254800099810221
warehouse: 0.0009695889883288912, 1.2545413944628785
web_page: 0.0017170764558695852, 1.9492124733101146
web_returns: 0.06943248405469721, 7.387155537545151
web_site: 0.000846303481240625, 2.2802703556728563
[]
0
{'88': 426240, '09': 139264, '28': 131072, '11': 4194448, '31': 4194464, '50': 65664, '08': 176, '74': 4194448, '70': 128, '73': 144, '13': 224, '48': 224, '34': 144, '46': 176, '79': 144, '04': 4194456, '68': 176, '59': 128, '93': 65536, '96': 0, '43': 128, '51': 0, '94': 10485760, '66': 540672, '69': 0, '87': 0, '77': 3145732, '16': 5, '90': 1048576, '15': 0, '05': 10485766, '01': 0, '84': 512, '97': 0, '49': 2097156, '38': 0, '95': 10485760, '10': 0, '99': 540673, '85': 3145728, '35': 0, '02': 0, '78': 2097156, '62': 8929280}
{}
{'88': 426240, '09': 139264, '28': 131072, '11': 4194448, '31': 4194464, '50': 65664, '08': 176, '74': 4194448, '70': 128, '73': 144, '13': 224, '48': 224, '34': 144, '46': 176, '79': 144, '04': 4194456, '68': 176, '59': 128, '93': 65536, '96': 0, '43': 128, '51': 0, '94': 10485760, '66': 540672, '69': 0, '87': 0, '77': 3145732, '16': 5, '90': 1048576, '15': 0, '05': 10485766, '01': 0, '84': 512, '97': 0, '49': 2097156, '38': 0, '95': 10485760, '10': 0, '99': 540673, '85': 3145728, '35': 0, '02': 0, '78': 2097156, '62': 8929280}
STARTING PHASE 2: 0b0
----
[]
Function: 9.007368737450756, 3.6201254684146247, 0, 0.3341492211765532, 4.936204438353379, 0.08655387798308267, 0.030335731523117422
{9.007368737450756: []}
Best Cost: $9.007368737450756;
[8, 13, 15, 17, 18, 3, 4, 5, 6, 7, 16, 22, 0, 1, 2, 9, 14, 19, 20, 21, 23]
{'88': 426240, '11': 4325520, '31': 4325536, '50': 229504, '09': 139264, '51': 4325504, '94': 14680224, '30': 2097328, '08': 164016, '66': 4997256, '69': 4325624, '87': 4325528, '74': 4325520, '77': 7569548, '16': 173, '70': 163968, '90': 5505280, '73': 164240, '15': 184, '05': 14909582, '01': 98448, '84': 66416, '13': 164320, '48': 164064, '97': 131208, '34': 164240, '49': 6488204, '38': 4325528, '46': 164272, '91': 501, '79': 164240, '04': 4325528, '95': 14680224, '68': 164272, '10': 4325624, '99': 540809, '85': 7348448, '35': 4325624, '02': 4194440, '59': 163968, '93': 204800, '78': 6488204, '28': 131072, '96': 426240, '62': 13123712, '43': 163968, '81': 180}
[]
Excluding table item and any queries that depend on it
[8, 13, 15, 17, 18, 3, 4, 5, 6, 7, 16, 22, 0, 1, 2, 9, 14, 19, 20, 21, 23]
dict_keys(['88', '11', '31', '50', '09', '51', '94', '30', '08', '66', '69', '87', '74', '77', '16', '70', '90', '73', '15', '05', '01', '84', '13', '48', '97', '34', '49', '38', '46', '91', '79', '04', '95', '68', '10', '99', '85', '35', '02', '59', '93', '78', '28', '96', '62', '43', '81'])
21
Optimal Subset: 0b111111111110001111111111
dict_keys(['88', '11', '31', '50', '09', '51', '94', '30', '08', '66', '69', '87', '74', '77', '16', '70', '90', '73', '15', '05', '01', '84', '13', '48', '97', '34', '49', '38', '46', '91', '79', '04', '95', '68', '10', '99', '85', '35', '02', '59', '93', '78', '28', '96', '62', '43', '81'])
Function: 9.007368737450756, 3.6201254684146247, 0, 0.3341492211765532, 4.936204438353379, 0.08655387798308267, 0.030335731523117422
Real: 9.007368737450756, 3.6201254684146247, 0, 0.3341492211765532, 4.936204438353379, 0.08655387798308267, 0.030335731523117422
outputs_noduck_GCP_0.0_1.086_6.25.json
Num GCP Qs: 47; Num Redshift Qs: 0
PLAN TYPE IS: move
Moved Qs: $3.6201254684146247; Stayed Qs: $0; Migration Cost: $5.387243269036134
Movement Cost: $0.3341492211765532, Load Cost: $4.936204438353379, Storage Cost: $0.08655387798308267, API Cost: $0.030335731523117422
Final cost: $9.007368737450756, Baseline: $50.30435919761658, Diff: $41.29699046016582, %: 82.0942580700292%
