Data Starting In: aws
Egress: $0.115/GB
Benchmark: tpcds
Data Path: parquet_2000/internal_rs1
BigQuery Cost: $5.0/TB; DuckDB Cost: $1.48/hr; Redshift Cost: $1.086/hr
Use Duck: False
Excluded Table: store
Excluded Query: None

Starting analysis without using DuckDB
Redshift Total: $7.504176987695695, BigQuery Total: $59.824090003967285
!!!!!!: 0.0018052862119674684
Excluding table store and any queries that depend on it
Total Keys: 65, Keys Considered: 1
call_center: 0.005376658596463561, -0.005376658596463561
call_center had no query dependencies
catalog_page: 0.0050679115935602275, -0.0050679115935602275
catalog_page had no query dependencies
catalog_returns: 2.9348436858259532, -2.9348436858259532
catalog_returns had no query dependencies
catalog_sales: 28.20423051044704, -28.20423051044704
catalog_sales had no query dependencies
customer: 0.08807903666538208, -0.08807903666538208
customer had no query dependencies
customer_address: 0.030275165205934672, -0.030275165205934672
customer_address had no query dependencies
customer_demographics: 0.007031394912638922, -0.007031394912638922
customer_demographics had no query dependencies
date_dim: 0.005557444008759289, -0.005557444008759289
date_dim had no query dependencies
household_demographics: 0.004389535528522379, -0.004389535528522379
household_demographics had no query dependencies
income_band: 0.0034144182939066375, -0.0034144182939066375
income_band had no query dependencies
inventory: 0.036360297736217975, -0.036360297736217975
inventory had no query dependencies
item: 0.006149855306791808, -0.00434456909482434
promotion: 0.004807538534464905, -0.004807538534464905
promotion had no query dependencies
reason: 0.00473481025887232, -0.00473481025887232
reason had no query dependencies
ship_mode: 0.004709155836408142, -0.004709155836408142
ship_mode had no query dependencies
store_returns: 4.628181841127839, -4.628181841127839
store_returns had no query dependencies
store_sales: 37.747764451500224, -37.747764451500224
store_sales had no query dependencies
time_dim: 0.001936307452924564, -0.001936307452924564
time_dim had no query dependencies
warehouse: 0.00044574586403650694, -0.00044574586403650694
warehouse had no query dependencies
web_page: 0.001554318222361231, -0.001554318222361231
web_page had no query dependencies
web_returns: 1.430839772552766, -1.430839772552766
web_returns had no query dependencies
web_sales: 14.060340130607113, -14.060340130607113
web_sales had no query dependencies
web_site: 0.0006161386751685877, -0.0006161386751685877
web_site had no query dependencies
{}
{}
STARTING PHASE 2: 0b0
----
[]
Function: 7.504176987695695, 0, 7.504176987695695, 0.0, 0, 0.0, 0
{7.504176987695695: []}
[]
{}
Best Cost: $7.504176987695695;
[]
{}
{}
{}
[]
0
Optimal Subset: 0b0
Function: 7.504176987695695, 0, 7.504176987695695, 0.0, 0, 0.0, 0
7.504176987695695
Real: 7.504176987695695, 0, 7.504176987695695, 0.0, 0, 0.0, 0
Num Redshift Qs: 0; Num GCP Qs: 65
Moved Qs: $0; Stayed Qs: $7.504176987695695; Movement Cost: $0.0
Load Cost: $0, Storage Cost: $0.0, API Cost: $0
Final cost: $7.504176987695695, Baseline: $7.504176987695695, Diff: $0.0, %: 0.0%
