Data Starting In: aws
Egress: $0.115/GB
Benchmark: tpcds
Data Path: parquet_2000/internal_rs1
BigQuery Cost: $5.0/TB; DuckDB Cost: $1.48/hr; Redshift Cost: $1.086/hr
Use Duck: False
Excluded Table: customer_demographics
Excluded Query: None

Starting analysis without using DuckDB
Redshift Total: $11.562447913808423, BigQuery Total: $92.20648765563965
!!!!!!: 0.17545875899751978
Excluding table customer_demographics and any queries that depend on it
Total Keys: 85, Keys Considered: 2
call_center: 0.005376658637129362, -0.005376658637129362
call_center had no query dependencies
catalog_page: 0.005067916315633704, -0.005067916315633704
catalog_page had no query dependencies
catalog_returns: 2.93500936912192, -2.93500936912192
catalog_returns had no query dependencies
catalog_sales: 28.205769837198673, -28.205769837198673
catalog_sales had no query dependencies
customer: 0.08808363434591635, -0.08808363434591635
customer had no query dependencies
customer_address: 0.030276480177064923, -0.030276480177064923
customer_address had no query dependencies
date_dim: 0.005557458156390202, 0.16809601462916213
household_demographics: 0.00438953577761527, -0.00438953577761527
household_demographics had no query dependencies
income_band: 0.003414418298258499, -0.003414418298258499
income_band had no query dependencies
inventory: 0.0363620492450231, -0.0363620492450231
inventory had no query dependencies
item: 0.0061498940516060575, 0.1693088649459137
promotion: 0.004807538719019492, -0.004807538719019492
promotion had no query dependencies
reason: 0.004734810267681702, -0.004734810267681702
reason had no query dependencies
ship_mode: 0.004709155847608077, -0.004709155847608077
ship_mode had no query dependencies
store: 0.005282238697247766, 0.16837123408830457
store_returns: 4.628443326021704, -4.628443326021704
store_returns had no query dependencies
store_sales: 37.74981263819205, -37.576159165406494
time_dim: 0.001936316035667092, -0.001936316035667092
time_dim had no query dependencies
warehouse: 0.0004457458805524486, -0.0004457458805524486
warehouse had no query dependencies
web_page: 0.0015543182979607913, -0.0015543182979607913
web_page had no query dependencies
web_returns: 1.4309200828927955, -1.4309200828927955
web_returns had no query dependencies
web_sales: 14.06111549258489, -14.06111549258489
web_sales had no query dependencies
web_site: 0.0006161387380163353, -0.0006161387380163353
web_site had no query dependencies
date_dim: 0.005556875095832477, -0.005556875095832477
date_dim had no query dependencies
item: 0.006148297277337307, -0.004343011065369839
store: 0.005282231747717461, -0.005282231747717461
store had no query dependencies
{}
{}
STARTING PHASE 2: 0b0
----
[]
Function: 11.562447913808423, 0, 11.562447913808423, 0.0, 0, 0.0, 0
{11.562447913808423: []}
[]
{}
Best Cost: $11.562447913808423;
[]
{}
{}
{}
[]
0
Optimal Subset: 0b0
Function: 11.562447913808423, 0, 11.562447913808423, 0.0, 0, 0.0, 0
11.562447913808423
Real: 11.562447913808423, 0, 11.562447913808423, 0.0, 0, 0.0, 0
Num Redshift Qs: 0; Num GCP Qs: 85
Moved Qs: $0; Stayed Qs: $11.562447913808423; Movement Cost: $0.0
Load Cost: $0, Storage Cost: $0.0, API Cost: $0
Final cost: $11.562447913808423, Baseline: $11.562447913808423, Diff: $0.0, %: 0.0%
