Data Starting In: aws
Egress: $0.115/GB
Benchmark: tpcds
Data Path: parquet_2000/internal_rs1
BigQuery Cost: $5.0/TB; DuckDB Cost: $1.48/hr; Redshift Cost: $1.086/hr
Use Duck: False
Excluded Table: web_page
Excluded Query: None

Starting analysis without using DuckDB
Redshift Total: $13.027314822007021, BigQuery Total: $107.87771701812744
!!!!!!: 0.17545875899751978
Excluding table web_page and any queries that depend on it
Total Keys: 96, Keys Considered: 2
call_center: 0.005376658637807289, -0.005376658637807289
call_center had no query dependencies
catalog_page: 0.00506791639435387, -0.00506791639435387
catalog_page had no query dependencies
catalog_returns: 2.9350121311748114, -2.9350121311748114
catalog_returns had no query dependencies
catalog_sales: 28.205795498819416, -28.205795498819416
catalog_sales had no query dependencies
customer: 0.08808371099236847, -0.08808371099236847
customer had no query dependencies
customer_address: 0.030276502098525327, -0.030276502098525327
customer_address had no query dependencies
customer_demographics: 0.007031482632125426, -0.007031482632125426
customer_demographics had no query dependencies
date_dim: 0.005557458392240803, 0.1680960143933115
household_demographics: 0.004389535781767817, -0.004389535781767817
household_demographics had no query dependencies
income_band: 0.0034144182983310476, -0.0034144182983310476
income_band had no query dependencies
inventory: 0.03636207844386255, -0.03636207844386255
inventory had no query dependencies
item: 0.006149894697508384, 0.1693088643000114
promotion: 0.004807538722096142, -0.004807538722096142
promotion had no query dependencies
reason: 0.004734810267828561, -0.004734810267828561
reason had no query dependencies
ship_mode: 0.004709155847794787, -0.004709155847794787
ship_mode had no query dependencies
store: 0.005282238700058882, 0.16837123408549343
store_returns: 4.628447685152194, -4.628447685152194
store_returns had no query dependencies
store_sales: 37.74984678285305, -37.576193310067495
time_dim: 0.00193631617874723, -0.00193631617874723
time_dim had no query dependencies
warehouse: 0.00044574588082778056, -0.00044574588082778056
warehouse had no query dependencies
web_returns: 1.430921421720621, -1.430921421720621
web_returns had no query dependencies
web_sales: 14.06112841839482, -14.06112841839482
web_sales had no query dependencies
web_site: 0.00061613873906405, -0.00061613873906405
web_site had no query dependencies
date_dim: 0.005556875095832477, -0.005556875095832477
date_dim had no query dependencies
item: 0.006148297277337307, -0.004343011065369839
store: 0.005282231747717461, -0.005282231747717461
store had no query dependencies
{}
{}
STARTING PHASE 2: 0b0
----
[]
Function: 13.027314822007021, 0, 13.027314822007021, 0.0, 0, 0.0, 0
{13.027314822007021: []}
[]
{}
Best Cost: $13.027314822007021;
[]
{}
{}
{}
[]
0
Optimal Subset: 0b0
Function: 13.027314822007021, 0, 13.027314822007021, 0.0, 0, 0.0, 0
13.027314822007021
Real: 13.027314822007021, 0, 13.027314822007021, 0.0, 0, 0.0, 0
Num Redshift Qs: 0; Num GCP Qs: 96
Moved Qs: $0; Stayed Qs: $13.027314822007021; Movement Cost: $0.0
Load Cost: $0, Storage Cost: $0.0, API Cost: $0
Final cost: $13.027314822007021, Baseline: $13.027314822007021, Diff: $0.0, %: 0.0%
