Data Starting In: aws
Egress: $0.115/GB
Benchmark: tpcds
Data Path: parquet_2000/internal_rs1
BigQuery Cost: $5.0/TB; DuckDB Cost: $1.48/hr; Redshift Cost: $1.086/hr
Use Duck: False
Excluded Table: store_returns
Excluded Query: None

Starting analysis without using DuckDB
Redshift Total: $9.909869112800363, BigQuery Total: $80.93514442443848
!!!!!!: 0.17545875899751978
Excluding table store_returns and any queries that depend on it
Total Keys: 83, Keys Considered: 2
call_center: 0.005376658575905265, -0.005376658575905265
call_center had no query dependencies
catalog_page: 0.005067909206350766, -0.005067909206350766
catalog_page had no query dependencies
catalog_returns: 2.93475992585615, -2.93475992585615
catalog_returns had no query dependencies
catalog_sales: 28.203452315146894, -28.203452315146894
catalog_sales had no query dependencies
customer: 0.08807671234185588, -0.08807671234185588
customer had no query dependencies
customer_address: 0.030274500431966247, -0.030274500431966247
customer_address had no query dependencies
customer_demographics: 0.007031351293853418, -0.007031351293853418
customer_demographics had no query dependencies
date_dim: 0.005557436856528697, 0.1680960359290236
household_demographics: 0.0043895354025953025, -0.0043895354025953025
household_demographics had no query dependencies
income_band: 0.003414418291706586, -0.003414418291706586
income_band had no query dependencies
inventory: 0.036359412273843685, -0.036359412273843685
inventory had no query dependencies
item: 0.00614983571963637, 0.1693089232778834
promotion: 0.0048075384411646925, -0.0048075384411646925
promotion had no query dependencies
reason: 0.004734810254418801, -0.004734810254418801
reason had no query dependencies
ship_mode: 0.004709155830746097, -0.004709155830746097
ship_mode had no query dependencies
store: 0.005282238443373566, 0.16837123434217877
store_sales: 37.746729005805726, -37.57307553302017
time_dim: 0.0019363031139823018, -0.0019363031139823018
time_dim had no query dependencies
warehouse: 0.0004457458556869943, -0.0004457458556869943
warehouse had no query dependencies
web_page: 0.0015543181841424303, -0.0015543181841424303
web_page had no query dependencies
web_returns: 1.4307991722519542, -1.4307991722519542
web_returns had no query dependencies
web_sales: 14.059948152070797, -14.059948152070797
web_sales had no query dependencies
web_site: 0.0006161386433963719, -0.0006161386433963719
web_site had no query dependencies
date_dim: 0.005556875095832477, -0.005556875095832477
date_dim had no query dependencies
item: 0.006148297277337307, -0.004343011065369839
store: 0.005282231747717461, -0.005282231747717461
store had no query dependencies
{}
{}
STARTING PHASE 2: 0b0
----
[]
Function: 9.909869112800363, 0, 9.909869112800363, 0.0, 0, 0.0, 0
{9.909869112800363: []}
[]
{}
Best Cost: $9.909869112800363;
[]
{}
{}
{}
[]
0
Optimal Subset: 0b0
Function: 9.909869112800363, 0, 9.909869112800363, 0.0, 0, 0.0, 0
9.909869112800363
Real: 9.909869112800363, 0, 9.909869112800363, 0.0, 0, 0.0, 0
Num Redshift Qs: 0; Num GCP Qs: 83
Moved Qs: $0; Stayed Qs: $9.909869112800363; Movement Cost: $0.0
Load Cost: $0, Storage Cost: $0.0, API Cost: $0
Final cost: $9.909869112800363, Baseline: $9.909869112800363, Diff: $0.0, %: 0.0%
