Egress: $0.12/GB
Benchmark: tpcds
Data Path: parquet_2000/real_data_rs1
BigQuery Cost: $5/TB; DuckDB Cost: $1.48/hr; Redshift Cost: $1.086/hr
Use Duck: True
Excluded Table: item
Excluded Query: None

Starting analysis using DuckDB
Duck Total: $24.249357111440766, Duck-Calcite Total: $29.918359082391515, Redshift Total: $5.682164324798584, Redshift-Calcite Total: $4.5214348474256205, BigQuery Total: $81.9957685470581
Excluding table item and any queries that depend on it
Total Keys: 44, Keys Considered: 44

Round 0
call_center: 5.735084414482117e-06, 0.005366685138344766, 0.523440957528154
catalog_page: 0.0006659524515271187, 0.005060993611117204, -0.005060993611117204
catalog_page had no query dependencies
catalog_returns: 23.366260116919875, 3.0429723731392624, -1.3148948715125854
catalog_sales: 217.0907397372648, 29.20891306739002, -22.591142380110455
customer: 0.6484093563631177, 0.09106986505160729, 6.667279539560112
customer_address: 0.18544994108378887, 0.03112342464029789, 4.1491014890709845
customer_demographics: 0.012168197892606258, 0.007077709142665069, 1.807908342811631
date_dim: 0.0019952356815338135, 0.0055566779283682515, 13.631008943904508
household_demographics: 3.512948751449585e-05, 0.004379698107242585, 3.179070108339654
income_band: 6.137415766716003e-07, 0.00340442113429308, 0.01537329881439606
inventory: 0.24701470416039228, 0.03749347793370485, -0.03749347793370485
inventory had no query dependencies
promotion: 2.6027671992778778e-05, 0.004797658990124861, -0.004797658990124861
promotion had no query dependencies
reason: 1.2423843145370483e-06, 0.004724816008607547, 2.811722327401042
ship_mode: 1.5795230865478516e-06, 0.004699163146416346, 0.8453582505154609
store: 2.3781321942806244e-05, 0.0052723485882083575, 4.75269519096093
store_returns: 36.877127600833774, 4.798838612390558, -2.352936305869221
store_sales: 288.85508783441037, 39.08457129193097, -23.294832876575814
time_dim: 0.0012104213237762451, 0.0019319092639287314, 1.7007197866401407
warehouse: 2.3292377591133118e-06, 0.0004357566437125206, 0.8496216570181647
web_page: 1.0661780834197998e-05, 0.0015443675649166107, 0.537581238129139
web_returns: 11.326140539720654, 1.4832469742856422, 0.8369283039807613
web_sales: 109.34904180746526, 14.56639579027444, -5.463076348159477
web_site: 8.863396942615509e-06, 0.0006061796948313715, 0.7712709061520961

Round 1
call_center: 5.735084414482117e-06, 0.005366685138344766, -0.005366685138344766
call_center had no query dependencies
customer: 0.6484093563631177, 0.09106986505160729, -0.07119515072647067
customer_address: 0.18544994108378887, 0.03112342464029789, -0.011248710315161281
customer_demographics: 0.012168197892606258, 0.007077709142665069, -0.007077709142665069
customer_demographics had no query dependencies
date_dim: 0.0019952356815338135, 0.0055566779283682515, 0.014318036396768359
household_demographics: 3.512948751449585e-05, 0.004379698107242585, -0.004379698107242585
household_demographics had no query dependencies
income_band: 6.137415766716003e-07, 0.00340442113429308, -0.00340442113429308
income_band had no query dependencies
reason: 1.2423843145370483e-06, 0.004724816008607547, -0.004724816008607547
reason had no query dependencies
ship_mode: 1.5795230865478516e-06, 0.004699163146416346, -0.004699163146416346
ship_mode had no query dependencies
store: 2.3781321942806244e-05, 0.0052723485882083575, -0.0052723485882083575
store had no query dependencies
time_dim: 0.0012104213237762451, 0.0019319092639287314, -0.0019319092639287314
time_dim had no query dependencies
warehouse: 2.3292377591133118e-06, 0.0004357566437125206, -0.0004357566437125206
warehouse had no query dependencies
web_page: 1.0661780834197998e-05, 0.0015443675649166107, -0.0015443675649166107
web_page had no query dependencies
web_returns: 11.326140539720654, 1.4832469742856422, -1.4633722599605057
web_site: 8.863396942615509e-06, 0.0006061796948313715, -0.0006061796948313715
web_site had no query dependencies

Round 2
date_dim: 0.0019952356815338135, 0.0055566779283682515, -0.0055566779283682515
date_dim had no query dependencies
[]
0
Optimal Subset: 0b0
Num Redshift Qs: 0; Num GCP Qs: 44
Num BigQuery Qs: 1; Num DuckDB Qs: 43
Redshift Qs: $0; GCP Qs: $22.747695166246096; Movement Cost: $0.0
Final cost: $22.747695166246096, BQ Baseline: $24.249357111440766, Diff: $1.5016619451946696, %: 6.1925845633498895%
