Egress: $0.12/GB
Benchmark: tpcds
Data Path: parquet_2000/real_data_rs1
BigQuery Cost: $5/TB; DuckDB Cost: $1.48/hr; Redshift Cost: $1.086/hr
Use Duck: True
Excluded Table: catalog_page
Excluded Query: None

Starting analysis using DuckDB
Duck Total: $44.36729368022282, Duck-Calcite Total: $51.53081231617133, Redshift Total: $11.079530237454573, Redshift-Calcite Total: $10.738421971246002, BigQuery Total: $191.91696643829346
Excluding table catalog_page and any queries that depend on it
Total Keys: 88, Keys Considered: 85

Round 0
call_center: 5.735084414482117e-06, 0.005366685138344766, 0.7299714676105313
catalog_returns: 23.366260116919875, 3.0429723731392624, -1.1893881922329137
catalog_sales: 217.0907397372648, 29.20891306739002, -15.446096062581038
customer: 0.6484093563631177, 0.09106986505160729, 10.926301363660395
customer_address: 0.18544994108378887, 0.03112342464029789, 5.329572019349403
customer_demographics: 0.012168197892606258, 0.007077709142665069, 2.7128843564429217
date_dim: 0.0019952356815338135, 0.0055566779283682515, 23.842088189534216
household_demographics: 3.512948751449585e-05, 0.004379698107242585, 3.179070108339654
income_band: 6.137415766716003e-07, 0.00340442113429308, 0.01537329881439606
inventory: 0.24701470416039228, 0.03749347793370485, 0.18117427186273866
item: 0.005464168265461922, 0.006165143392284711, 11.311529052974583
promotion: 2.6027671992778778e-05, 0.004797658990124861, 0.7540771713271075
reason: 1.2423843145370483e-06, 0.004724816008607547, 2.811722327401042
ship_mode: 1.5795230865478516e-06, 0.004699163146416346, 0.8453582505154609
store: 2.3781321942806244e-05, 0.0052723485882083575, 7.4392003954943995
store_returns: 36.877127600833774, 4.798838612390558, -0.8648287108574308
store_sales: 288.85508783441037, 39.08457129193097, -13.02479416414224
time_dim: 0.0012104213237762451, 0.0019319092639287314, 2.057113588968118
warehouse: 2.3292377591133118e-06, 0.0004357566437125206, 0.92804347940488
web_page: 1.0661780834197998e-05, 0.0015443675649166107, 0.5375812381291389
web_returns: 11.326140539720654, 1.4832469742856422, 0.8907438499940108
web_sales: 109.34904180746526, 14.56639579027444, 0.5585805310096692
web_site: 8.863396942615509e-06, 0.0006061796948313715, 0.7712709061520961

Round 1
call_center: 5.735084414482117e-06, 0.005366685138344766, -0.005366685138344766
call_center had no query dependencies
customer: 0.6484093563631177, 0.09106986505160729, 0.01151951920181514
customer_address: 0.18544994108378887, 0.03112342464029789, 0.9174971088942555
customer_demographics: 0.012168197892606258, 0.007077709142665069, 0.21790888380034104
date_dim: 0.0019952356815338135, 0.0055566779283682515, 1.3388153462391432
household_demographics: 3.512948751449585e-05, 0.004379698107242585, 0.06424075182199476
income_band: 6.137415766716003e-07, 0.00340442113429308, -0.00340442113429308
income_band had no query dependencies
inventory: 0.24701470416039228, 0.03749347793370485, -0.030762788813412184
item: 0.005464168265461922, 0.006165143392284711, 0.3214684876601564
promotion: 2.6027671992778778e-05, 0.004797658990124861, -0.004797658990124861
promotion had no query dependencies
reason: 1.2423843145370483e-06, 0.004724816008607547, 0.22026177693439855
ship_mode: 1.5795230865478516e-06, 0.004699163146416346, 0.14613336636238625
store: 2.3781321942806244e-05, 0.0052723485882083575, -0.0052723485882083575
store had no query dependencies
time_dim: 0.0012104213237762451, 0.0019319092639287314, 0.06668854066530862
warehouse: 2.3292377591133118e-06, 0.0004357566437125206, 0.15712746198538277
web_page: 1.0661780834197998e-05, 0.0015443675649166107, 0.2920626753073269
web_returns: 11.326140539720654, 1.4832469742856422, -0.6173411106793746
web_sales: 109.34904180746526, 14.56639579027444, -13.180008719623121
web_site: 8.863396942615509e-06, 0.0006061796948313715, 0.7712709061520961

Round 2
customer: 0.6484093563631177, 0.09106986505160729, -0.09106986505160729
customer had no query dependencies
customer_address: 0.18544994108378887, 0.03112342464029789, -0.03112342464029789
customer_address had no query dependencies
customer_demographics: 0.012168197892606258, 0.007077709142665069, -0.007077709142665069
customer_demographics had no query dependencies
date_dim: 0.0019952356815338135, 0.0055566779283682515, -0.0055566779283682515
date_dim had no query dependencies
household_demographics: 3.512948751449585e-05, 0.004379698107242585, -0.004379698107242585
household_demographics had no query dependencies
item: 0.005464168265461922, 0.006165143392284711, -0.006165143392284711
item had no query dependencies
reason: 1.2423843145370483e-06, 0.004724816008607547, -0.004724816008607547
reason had no query dependencies
ship_mode: 1.5795230865478516e-06, 0.004699163146416346, -0.004699163146416346
ship_mode had no query dependencies
time_dim: 0.0012104213237762451, 0.0019319092639287314, -0.0019319092639287314
time_dim had no query dependencies
warehouse: 2.3292377591133118e-06, 0.0004357566437125206, -0.0004357566437125206
warehouse had no query dependencies
web_page: 1.0661780834197998e-05, 0.0015443675649166107, -0.0015443675649166107
web_page had no query dependencies
web_site: 8.863396942615509e-06, 0.0006061796948313715, -0.0006061796948313715
web_site had no query dependencies
[]
0
Optimal Subset: 0b0
Num Redshift Qs: 0; Num GCP Qs: 88
Num BigQuery Qs: 1; Num DuckDB Qs: 87
Redshift Qs: $0; GCP Qs: $39.35002892682024; Movement Cost: $0.0
Final cost: $39.35002892682024, BQ Baseline: $44.36729368022282, Diff: $5.017264753402586, %: 11.308475990364684%
