Egress: $0.12/GB
Benchmark: tpcds
Data Path: parquet_2000/real_data_rs1
BigQuery Cost: $5/TB; DuckDB Cost: $1.48/hr; Redshift Cost: $1.086/hr
Use Duck: True
Excluded Table: customer_demographics
Excluded Query: None

Starting analysis using DuckDB
Duck Total: $41.898635009368256, Duck-Calcite Total: $47.97607532747057, Redshift Total: $10.222348906712929, Redshift-Calcite Total: $9.805316225297851, BigQuery Total: $178.12086582183838
Excluding table customer_demographics and any queries that depend on it
Total Keys: 77, Keys Considered: 74

Round 0
call_center: 5.735084414482117e-06, 0.005366685138344766, 0.7275391103553109
catalog_page: 0.0006659524515271187, 0.005060993611117204, 1.1104061874024405
catalog_returns: 23.366260116919875, 3.0429723731392624, -0.0763533684745763
catalog_sales: 217.0907397372648, 29.20891306739002, -15.186053707990546
customer: 0.6484093563631177, 0.09106986505160729, 10.228951961578163
customer_address: 0.18544994108378887, 0.03112342464029789, 3.473998893444471
date_dim: 0.0019952356815338135, 0.0055566779283682515, 22.25637102491087
household_demographics: 3.512948751449585e-05, 0.004379698107242585, 2.5526717378715675
income_band: 6.137415766716003e-07, 0.00340442113429308, -0.00340442113429308
income_band had no query dependencies
inventory: 0.24701470416039228, 0.03749347793370485, 0.18117427186273866
item: 0.005464168265461922, 0.006165143392284711, 11.522020220356849
promotion: 2.6027671992778778e-05, 0.004797658990124861, 1.200486765590873
reason: 1.2423843145370483e-06, 0.004724816008607547, 2.5867357344580357
ship_mode: 1.5795230865478516e-06, 0.004699163146416346, 0.8453582505154609
store: 2.3781321942806244e-05, 0.0052723485882083575, 7.4260990926974015
store_returns: 36.877127600833774, 4.798838612390558, 0.23186075020743768
store_sales: 288.85508783441037, 39.08457129193097, -14.163219803071986
time_dim: 0.0012104213237762451, 0.0019319092639287314, 2.0571135889681176
warehouse: 2.3292377591133118e-06, 0.0004357566437125206, 0.92804347940488
web_page: 1.0661780834197998e-05, 0.0015443675649166107, 0.3125946451861329
web_returns: 11.326140539720654, 1.4832469742856422, 1.7812244380645619
web_sales: 109.34904180746526, 14.56639579027444, 0.8135088681525371
web_site: 8.863396942615509e-06, 0.0006061796948313715, 1.8867380871656538

Round 1
call_center: 5.735084414482117e-06, 0.005366685138344766, -0.005366685138344766
call_center had no query dependencies
catalog_page: 0.0006659524515271187, 0.005060993611117204, -0.005060993611117204
catalog_page had no query dependencies
customer: 0.6484093563631177, 0.09106986505160729, 0.01151951920181514
customer_address: 0.18544994108378887, 0.03112342464029789, 0.6925105159512494
date_dim: 0.0019952356815338135, 0.0055566779283682515, 1.1138287532961368
household_demographics: 3.512948751449585e-05, 0.004379698107242585, 0.06424075182199476
inventory: 0.24701470416039228, 0.03749347793370485, -0.030762788813412184
item: 0.005464168265461922, 0.006165143392284711, 0.32146848766015645
promotion: 2.6027671992778778e-05, 0.004797658990124861, -0.004797658990124861
promotion had no query dependencies
reason: 1.2423843145370483e-06, 0.004724816008607547, -0.004724816008607547
reason had no query dependencies
ship_mode: 1.5795230865478516e-06, 0.004699163146416346, 0.14613336636238625
store: 2.3781321942806244e-05, 0.0052723485882083575, -0.0052723485882083575
store had no query dependencies
store_returns: 36.877127600833774, 4.798838612390558, -4.798838612390558
store_returns had no query dependencies
time_dim: 0.0012104213237762451, 0.0019319092639287314, 0.06668854066530862
warehouse: 2.3292377591133118e-06, 0.0004357566437125206, 0.15712746198538274
web_page: 1.0661780834197998e-05, 0.0015443675649166107, 0.06707608236432075
web_returns: 11.326140539720654, 1.4832469742856422, -0.8423277036223807
web_sales: 109.34904180746526, 14.56639579027444, -13.404995312566127
web_site: 8.863396942615509e-06, 0.0006061796948313715, 0.7712709061520961

Round 2
customer: 0.6484093563631177, 0.09106986505160729, -0.09106986505160729
customer had no query dependencies
customer_address: 0.18544994108378887, 0.03112342464029789, -0.03112342464029789
customer_address had no query dependencies
date_dim: 0.0019952356815338135, 0.0055566779283682515, -0.0055566779283682515
date_dim had no query dependencies
household_demographics: 3.512948751449585e-05, 0.004379698107242585, -0.004379698107242585
household_demographics had no query dependencies
item: 0.005464168265461922, 0.006165143392284711, -0.006165143392284711
item had no query dependencies
ship_mode: 1.5795230865478516e-06, 0.004699163146416346, -0.004699163146416346
ship_mode had no query dependencies
time_dim: 0.0012104213237762451, 0.0019319092639287314, -0.0019319092639287314
time_dim had no query dependencies
warehouse: 2.3292377591133118e-06, 0.0004357566437125206, -0.0004357566437125206
warehouse had no query dependencies
web_page: 1.0661780834197998e-05, 0.0015443675649166107, -0.0015443675649166107
web_page had no query dependencies
web_site: 8.863396942615509e-06, 0.0006061796948313715, -0.0006061796948313715
web_site had no query dependencies
[]
0
Optimal Subset: 0b0
Num Redshift Qs: 0; Num GCP Qs: 77
Num BigQuery Qs: 1; Num DuckDB Qs: 76
Redshift Qs: $0; GCP Qs: $36.9287273199982; Movement Cost: $0.0
Final cost: $36.9287273199982, BQ Baseline: $41.898635009368256, Diff: $4.969907689370054, %: 11.861741291234942%
