Egress: $0.12/GB
Benchmark: tpcds
Data Path: parquet_2000/real_data_rs1
BigQuery Cost: $5/TB; DuckDB Cost: $1.48/hr; Redshift Cost: $1.086/hr
Use Duck: True
Excluded Table: customer
Excluded Query: None

Starting analysis using DuckDB
Duck Total: $29.99947082225482, Duck-Calcite Total: $34.339970220488965, Redshift Total: $6.363240176823933, Redshift-Calcite Total: $6.463059031527042, BigQuery Total: $157.74724960327148
Excluding table customer and any queries that depend on it
Total Keys: 64, Keys Considered: 61

Round 0
call_center: 5.735084414482117e-06, 0.005366685138344766, 0.7275391103553109
catalog_page: 0.0006659524515271187, 0.005060993611117204, 1.1104061874024405
catalog_returns: 23.366260116919875, 3.0429723731392624, -0.09219999474558582
catalog_sales: 217.0907397372648, 29.20891306739002, -20.92443872873521
customer_address: 0.18544994108378887, 0.03112342464029789, 2.632720845031804
customer_demographics: 0.012168197892606258, 0.007077709142665069, 2.01553495436069
date_dim: 0.0019952356815338135, 0.0055566779283682515, 14.615167837358186
household_demographics: 3.512948751449585e-05, 0.004379698107242585, 1.8750815888788963
income_band: 6.137415766716003e-07, 0.00340442113429308, -0.00340442113429308
income_band had no query dependencies
inventory: 0.24701470416039228, 0.03749347793370485, 0.18117427186273866
item: 0.005464168265461922, 0.006165143392284711, 8.167974409887856
promotion: 2.6027671992778778e-05, 0.004797658990124861, 1.779727108773225
reason: 1.2423843145370483e-06, 0.004724816008607547, 2.811722327401042
ship_mode: 1.5795230865478516e-06, 0.004699163146416346, 0.8453582505154609
store: 2.3781321942806244e-05, 0.0052723485882083575, 6.183514927332632
store_returns: 36.877127600833774, 4.798838612390558, -0.42434522536628716
store_sales: 288.85508783441037, 39.08457129193097, -22.527298639580703
time_dim: 0.0012104213237762451, 0.0019319092639287314, 2.0571135889681176
warehouse: 2.3292377591133118e-06, 0.0004357566437125206, 0.92804347940488
web_page: 1.0661780834197998e-05, 0.0015443675649166107, 0.537581238129139
web_returns: 11.326140539720654, 1.4832469742856422, 1.9863363166824315
web_sales: 109.34904180746526, 14.56639579027444, -6.655485965181755
web_site: 8.863396942615509e-06, 0.0006061796948313715, 1.8867380871656536

Round 1
call_center: 5.735084414482117e-06, 0.005366685138344766, -0.005366685138344766
call_center had no query dependencies
catalog_page: 0.0006659524515271187, 0.005060993611117204, -0.005060993611117204
catalog_page had no query dependencies
customer_address: 0.18544994108378887, 0.03112342464029789, -0.03112342464029789
customer_address had no query dependencies
customer_demographics: 0.012168197892606258, 0.007077709142665069, -0.007077709142665069
customer_demographics had no query dependencies
date_dim: 0.0019952356815338135, 0.0055566779283682515, 0.0011740111919244112
household_demographics: 3.512948751449585e-05, 0.004379698107242585, -0.004379698107242585
household_demographics had no query dependencies
inventory: 0.24701470416039228, 0.03749347793370485, -0.030762788813412184
item: 0.005464168265461922, 0.006165143392284711, 0.0005655457280079514
promotion: 2.6027671992778778e-05, 0.004797658990124861, -0.004797658990124861
promotion had no query dependencies
reason: 1.2423843145370483e-06, 0.004724816008607547, -0.004724816008607547
reason had no query dependencies
ship_mode: 1.5795230865478516e-06, 0.004699163146416346, -0.004699163146416346
ship_mode had no query dependencies
store: 2.3781321942806244e-05, 0.0052723485882083575, -0.0052723485882083575
store had no query dependencies
time_dim: 0.0012104213237762451, 0.0019319092639287314, -0.0019319092639287314
time_dim had no query dependencies
warehouse: 2.3292377591133118e-06, 0.0004357566437125206, 0.006294932476580142
web_page: 1.0661780834197998e-05, 0.0015443675649166107, -0.0015443675649166107
web_page had no query dependencies
web_returns: 11.326140539720654, 1.4832469742856422, -1.4832469742856422
web_returns had no query dependencies
web_site: 8.863396942615509e-06, 0.0006061796948313715, -0.0006061796948313715
web_site had no query dependencies

Round 2
date_dim: 0.0019952356815338135, 0.0055566779283682515, -0.0055566779283682515
date_dim had no query dependencies
item: 0.005464168265461922, 0.006165143392284711, -0.006165143392284711
item had no query dependencies
warehouse: 2.3292377591133118e-06, 0.0004357566437125206, -0.0004357566437125206
warehouse had no query dependencies
[]
0
Optimal Subset: 0b0
Num Redshift Qs: 0; Num GCP Qs: 64
Num BigQuery Qs: 1; Num DuckDB Qs: 63
Redshift Qs: $0; GCP Qs: $25.239344240315752; Movement Cost: $0.0
Final cost: $25.239344240315752, BQ Baseline: $29.99947082225482, Diff: $4.760126581939069, %: 15.867368495072967%
