Egress: $0.12/GB
Benchmark: tpcds
Data Path: parquet_2000/real_data_rs1
BigQuery Cost: $5/TB; DuckDB Cost: $1.48/hr; Redshift Cost: $1.086/hr
Use Duck: True
Excluded Table: warehouse
Excluded Query: None

Starting analysis using DuckDB
Duck Total: $44.74572399917707, Duck-Calcite Total: $51.843768900203706, Redshift Total: $11.155757963414198, Redshift-Calcite Total: $10.912108254621826, BigQuery Total: $199.35386180877686
Excluding table warehouse and any queries that depend on it
Total Keys: 82, Keys Considered: 80

Round 0
call_center: 5.735084414482117e-06, 0.005366685138344766, 0.4591252856395642
catalog_page: 0.0006659524515271187, 0.005060993611117204, 1.1104061874024405
catalog_returns: 23.366260116919875, 3.0429723731392624, -0.1456121444857783
catalog_sales: 217.0907397372648, 29.20891306739002, -15.101544898986983
customer: 0.6484093563631177, 0.09106986505160729, 10.926301363660398
customer_address: 0.18544994108378887, 0.03112342464029789, 5.329572019349403
customer_demographics: 0.012168197892606258, 0.007077709142665069, 2.7128843564429217
date_dim: 0.0019952356815338135, 0.0055566779283682515, 24.029076134499178
household_demographics: 3.512948751449585e-05, 0.004379698107242585, 3.1790701083396544
income_band: 6.137415766716003e-07, 0.00340442113429308, 0.01537329881439606
inventory: 0.24701470416039228, 0.03749347793370485, 0.17444358274244598
item: 0.005464168265461922, 0.006165143392284711, 12.348574411601422
promotion: 2.6027671992778778e-05, 0.004797658990124861, 1.8695443523406652
reason: 1.2423843145370483e-06, 0.004724816008607547, 2.811722327401042
ship_mode: 1.5795230865478516e-06, 0.004699163146416346, -0.004699163146416346
ship_mode had no query dependencies
store: 2.3781321942806244e-05, 0.0052723485882083575, 8.55466757650796
store_returns: 36.877127600833774, 4.798838612390558, 0.25063847015612684
store_sales: 288.85508783441037, 39.08457129193097, -11.909326983128686
time_dim: 0.0012104213237762451, 0.0019319092639287314, 1.6287348867860105
web_page: 1.0661780834197998e-05, 0.0015443675649166107, 0.537581238129139
web_returns: 11.326140539720654, 1.4832469742856422, 2.006211031007568
web_sales: 109.34904180746526, 14.56639579027444, 1.094836480332317
web_site: 8.863396942615509e-06, 0.0006061796948313715, 1.7359055576568512

Round 1
call_center: 5.735084414482117e-06, 0.005366685138344766, -0.005366685138344766
call_center had no query dependencies
catalog_page: 0.0006659524515271187, 0.005060993611117204, -0.005060993611117204
catalog_page had no query dependencies
customer: 0.6484093563631177, 0.09106986505160729, 0.03029723915050428
customer_address: 0.18544994108378887, 0.03112342464029789, 0.9362748288429447
customer_demographics: 0.012168197892606258, 0.007077709142665069, 0.2366866037490302
date_dim: 0.0019952356815338135, 0.0055566779283682515, 1.1812521276100478
household_demographics: 3.512948751449585e-05, 0.004379698107242585, 0.0830184717706839
income_band: 6.137415766716003e-07, 0.00340442113429308, 0.01537329881439606
inventory: 0.24701470416039228, 0.03749347793370485, -0.03749347793370485
inventory had no query dependencies
item: 0.005464168265461922, 0.006165143392284711, 0.3147377985398637
promotion: 2.6027671992778778e-05, 0.004797658990124861, -0.004797658990124861
promotion had no query dependencies
reason: 1.2423843145370483e-06, 0.004724816008607547, 0.22026177693439855
store: 2.3781321942806244e-05, 0.0052723485882083575, -0.0052723485882083575
store had no query dependencies
store_returns: 36.877127600833774, 4.798838612390558, -4.780060892441869
time_dim: 0.0012104213237762451, 0.0019319092639287314, 0.06668854066530862
web_page: 1.0661780834197998e-05, 0.0015443675649166107, 0.2920626753073269
web_returns: 11.326140539720654, 1.4832469742856422, -0.6173411106793747
web_sales: 109.34904180746526, 14.56639579027444, -13.330841249131923
web_site: 8.863396942615509e-06, 0.0006061796948313715, 0.6204383766432935

Round 2
customer: 0.6484093563631177, 0.09106986505160729, -0.09106986505160729
customer had no query dependencies
customer_address: 0.18544994108378887, 0.03112342464029789, -0.03112342464029789
customer_address had no query dependencies
customer_demographics: 0.012168197892606258, 0.007077709142665069, -0.007077709142665069
customer_demographics had no query dependencies
date_dim: 0.0019952356815338135, 0.0055566779283682515, -0.0055566779283682515
date_dim had no query dependencies
household_demographics: 3.512948751449585e-05, 0.004379698107242585, -0.004379698107242585
household_demographics had no query dependencies
income_band: 6.137415766716003e-07, 0.00340442113429308, -0.00340442113429308
income_band had no query dependencies
item: 0.005464168265461922, 0.006165143392284711, -0.006165143392284711
item had no query dependencies
reason: 1.2423843145370483e-06, 0.004724816008607547, -0.004724816008607547
reason had no query dependencies
time_dim: 0.0012104213237762451, 0.0019319092639287314, -0.0019319092639287314
time_dim had no query dependencies
web_page: 1.0661780834197998e-05, 0.0015443675649166107, -0.0015443675649166107
web_page had no query dependencies
web_site: 8.863396942615509e-06, 0.0006061796948313715, -0.0006061796948313715
web_site had no query dependencies
[]
0
Optimal Subset: 0b0
Num Redshift Qs: 0; Num GCP Qs: 82
Num BigQuery Qs: 1; Num DuckDB Qs: 81
Redshift Qs: $0; GCP Qs: $39.73006231440438; Movement Cost: $0.0
Final cost: $39.73006231440438, BQ Baseline: $44.74572399917707, Diff: $5.015661684772695, %: 11.209253614635756%
