Egress: $0.12/GB
Benchmark: tpcds
Data Path: parquet_2000/internal2024_rs1
BigQuery Cost: $6.25/TB; DuckDB Cost: $1.48/hr; Redshift Cost: $1.086/hr
Use Duck: True
Using calcite profiles: False
Excluded Table: date_dim
Excluded Query: None

Starting analysis using DuckDB
Excluding table date_dim and any queries that depend on it
9
23
Total Keys: 10, Keys Considered: 9
4.088391851953904
4.088391851953904
0.0
['000', '001', '002', '003', '004', '005', '006', '008', '009', '0010', '0011', '0012', '0013', '0014', '0015', '0016', '0017', '0018', '0019', '0020', '0021', '0022', '0023']
['source', '09', '24', '28', '44', '84', '88', '90', '93', '96']
[]
Costs: 5.712083048813581, 0, 5.712083048813581, 0.0, 0, 0.0, 0
Runtime: 1374.9110000000003
Optimal Subset: 0b0
4.088391851953904
