Egress: $0.12/GB
Benchmark: tpcds
Data Path: parquet_2000/real_data_rs1
BigQuery Cost: $5/TB; DuckDB Cost: $1.48/hr; Redshift Cost: $1.086/hr
Use Duck: False
Excluded Table: customer_address
Excluded Query: None

Starting analysis without using DuckDB
Excluding table customer_address and any queries that depend on it
69
23
Total Keys: 70, Keys Considered: 69
h
107.65020222847377
93.50798053813415
182.29236397229442
88.78438343416028
['009']
['source']
Optimal Subset: 0b111111111111110111011111
h
93.50798053813415
