Egress: $0.12/GB
Benchmark: tpcds
Data Path: parquet_2000/real_data_rs1
BigQuery Cost: $5/TB; DuckDB Cost: $1.48/hr; Redshift Cost: $1.086/hr
Use Duck: False
Excluded Table: customer
Excluded Query: None

Starting analysis without using DuckDB
Excluding table customer and any queries that depend on it
69
23
Total Keys: 70, Keys Considered: 69
h
107.59112423193473
93.38824668500786
177.71490721233133
84.32666052732347
['009']
['source']
Optimal Subset: 0b111111111111110111101111
h
93.38824668500787
