Egress: $0.12/GB
Benchmark: tpcds
Data Path: parquet_2000/real_data_rs1
BigQuery Cost: $5/TB; DuckDB Cost: $1.48/hr; Redshift Cost: $1.086/hr
Use Duck: False
Excluded Table: store_sales
Excluded Query: None

Starting analysis without using DuckDB
Excluding table store_sales and any queries that depend on it
31
23
Total Keys: 32, Keys Considered: 31
h
95.15967723269038
20.25586440426111
20.255864404261107
-3.552713678800501e-15
['000', '001', '002', '003', '004', '005', '006', '007', '008', '009', '0010', '0011', '0012', '0013', '0014', '0015', '0016', '0018', '0019', '0020', '0021', '0022', '0023']
['source', '01', '02', '12', '15', '16', '18', '20', '21', '22', '26', '30', '32', '37', '39', '40', '45', '57', '62', '66', '72', '81', '83', '84', '85', '86', '90', '91', '92', '94', '95', '99']
Optimal Subset: 0b0
h
20.255864404261114
