Egress: $0.12/GB
Benchmark: tpcds
Data Path: parquet_2000/real_data_rs1
BigQuery Cost: $5/TB; DuckDB Cost: $1.48/hr; Redshift Cost: $1.086/hr
Use Duck: False
Excluded Table: web_site
Excluded Query: None

Starting analysis without using DuckDB
Excluding table web_site and any queries that depend on it
93
23
Total Keys: 94, Keys Considered: 93
h
106.88707004818278
93.56684505724651
207.74472406733673
114.17787901009022
['001']
['source']
Optimal Subset: 0b11111111111111111111101
h
93.5668450572465
