Egress: $0.12/GB
Benchmark: tpcds
Data Path: parquet_2000/real_data_rs1
BigQuery Cost: $5/TB; DuckDB Cost: $1.48/hr; Redshift Cost: $1.086/hr
Use Duck: False
Excluded Table: item
Excluded Query: None

Starting analysis without using DuckDB
Excluding table item and any queries that depend on it
47
23
Total Keys: 47, Keys Considered: 47
h
93.42350416081929
87.11936144927733
87.68398729924759
0.5646258499702554
['000', '001', '002', '003', '009', '0010', '0012', '0014', '0016', '0019', '0020', '0021', '0022', '0023']
['source', '01', '02', '04', '05', '10', '11', '15', '16', '30', '31', '35', '38', '49', '50', '51', '62', '66', '69', '74', '77', '78', '81', '84', '85', '87', '90', '91', '93', '94', '95', '97', '99']
Optimal Subset: 0b1101010000111110000
h
87.11936144927735
