Egress: $0.12/GB
Benchmark: tpcds
Data Path: parquet_2000/internal2024_rs8
BigQuery Cost: $6.25/TB; DuckDB Cost: $1.48/hr; Redshift Cost: $8.688/hr
Use Duck: False
Using calcite profiles: False
Excluded Table: call_center
Excluded Query: None

Starting analysis without using DuckDB
Excluding table call_center and any queries that depend on it
91
23
Total Keys: 95, Keys Considered: 91
97.76586178020983
121.49830387416519
23.732442093955356
[]
['source']
['catalog_page', 'catalog_returns', 'catalog_sales', 'customer', 'customer_address', 'customer_demographics', 'date_dim', 'household_demographics', 'income_band', 'inventory', 'item', 'promotion', 'reason', 'ship_mode', 'store', 'store_returns', 'store_sales', 'time_dim', 'warehouse', 'web_page', 'web_returns', 'web_sales', 'web_site']
Costs: 112.34883026970732, 14.531207815974554, 0.05176067352294922, 83.17907454259976, 14.454857040656409, 0.07228575362898061, 0.05964444332467615
Runtime: 13729.968275231775
Optimal Subset: 0b111111111111111111111110
97.76586178020983
