Egress: $0.12/GB
Benchmark: tpcds
Data Path: parquet_2000/internal2024_rs8
BigQuery Cost: $6.25/TB; DuckDB Cost: $1.48/hr; Redshift Cost: $8.688/hr
Use Duck: False
Using calcite profiles: False
Excluded Table: web_page
Excluded Query: None

Starting analysis without using DuckDB
Excluding table web_page and any queries that depend on it
92
23
Total Keys: 96, Keys Considered: 92
97.76744984444538
120.09023304765698
22.3227832032116
[]
['source']
['call_center', 'catalog_page', 'catalog_returns', 'catalog_sales', 'customer', 'customer_address', 'customer_demographics', 'date_dim', 'household_demographics', 'income_band', 'inventory', 'item', 'promotion', 'reason', 'ship_mode', 'store', 'store_returns', 'store_sales', 'time_dim', 'warehouse', 'web_returns', 'web_sales', 'web_site']
Costs: 112.52436306944772, 14.70515255147934, 0.05176067352294922, 83.17907406597243, 14.456008924484253, 0.07272241100452254, 0.05964444298422336
Runtime: 13802.522113170475
Optimal Subset: 0b111011111111111111111111
97.76744984444541
