Egress: $0.12/GB
Benchmark: tpcds
Data Path: parquet_1000/real_data_rs1
BigQuery Cost: $5/TB; DuckDB Cost: $1.48/hr; Redshift Cost: $1.086/hr
Use Duck: False
Excluded Table: ship_mode
Excluded Query: None

Starting analysis without using DuckDB
Redshift Total: $6.6178985559392, Redshift-Calcite Total: $5.8022551595215015, BigQuery Total: $94.33101177215576
Excluding table ship_mode and any queries that depend on it
Total Keys: 96, Keys Considered: 95
-0.25575334263809263
call_center: 9.615905582904816e-06, 0.0003980829353315245, 0.9323275507852252
catalog_page: 0.0017016949132084846, 0.001478349845289532, 6.476166415387512
catalog_returns: 13.009788101539016, 1.6962046292519362, 14.970383163476408
catalog_sales: 132.3057429259643, 17.406357795998566, 32.45663518535779
customer: 0.8535048151388764, 0.11272981813450575, 18.63403832968732
customer_address: 0.2449320713058114, 0.03391443739787119, 17.638623474132068
customer_demographics: 0.011580578982830048, 0.002539317996924815, 11.83009593483485
date_dim: 0.001992875710129738, 0.000772086927375677, 78.73236112072715
household_demographics: 3.5176053643226624e-05, 0.0003424429042790301, 10.294914010389682
income_band: 5.122274160385132e-07, 0.0003478788885851887, 2.6919106602556133
inventory: 5.1357166497036815, 0.7700987818112379, 0.7777946914900933
item: 0.03489831369370222, 0.005313680310797919, 56.49547888528411
promotion: 7.638614624738693e-05, 0.000458070393352364, 9.29567883704747
reason: 1.4491379261016846e-06, 0.0003583096768154469, 3.079224634582033
store: 9.930133819580078e-05, 0.0004650655060278851, 38.974810101291204
store_returns: 20.850121902301908, 2.7209816681388284, 17.56931648051468
store_sales: 174.69669486396015, 23.142463885879703, 57.81061410706779
time_dim: 0.0012146271765232086, 0.000809086891553443, 3.5067907193361303
warehouse: 2.907589077949524e-06, 0.0003193880238166263, 1.490231801366207
web_page: 7.394980639219284e-05, 0.00035020927802776366, 2.6579847501176985
web_returns: 6.285572262480855, 0.8124777781192261, 12.849917230217875
web_sales: 67.01082486007363, 8.812903325658219, 34.82679455476961
web_site: 1.0454095900058746e-05, 0.0003302313416279816, 7.0159294780146
{}
{}
STARTING PHASE 2: 0b111111111011111111111111
----
[0, 1, 2, 3, 4, 5, 6, 7, 8, 9, 10, 11, 12, 13, 15, 16, 17, 18, 19, 20, 21, 22, 23]
Function: 61.515357134912286, 5.589897532863221, 0.00011920928955078125, 50.85627762687901, 4.904497113164266, 0.12800923959632704, 0.03655641311990917
-0.25575334263809263
call_center: 9.615905582904816e-06, 0.0003980829353315245, 0.9323275507852252
catalog_page: 0.0017016949132084846, 0.001478349845289532, 6.476166415387512
catalog_returns: 13.009788101539016, 1.6962046292519362, 14.970383163476408
catalog_sales: 132.3057429259643, 17.406357795998566, 32.45663518535779
customer: 0.8535048151388764, 0.11272981813450575, 18.63403832968732
customer_address: 0.2449320713058114, 0.03391443739787119, 17.638623474132068
customer_demographics: 0.011580578982830048, 0.002539317996924815, 11.83009593483485
date_dim: 0.001992875710129738, 0.000772086927375677, 78.73236112072715
household_demographics: 3.5176053643226624e-05, 0.0003424429042790301, 10.294914010389682
income_band: 5.122274160385132e-07, 0.0003478788885851887, 2.6919106602556133
inventory: 5.1357166497036815, 0.7700987818112379, 0.7777946914900933
item: 0.03489831369370222, 0.005313680310797919, 56.49547888528411
promotion: 7.638614624738693e-05, 0.000458070393352364, 9.29567883704747
reason: 1.4491379261016846e-06, 0.0003583096768154469, 3.079224634582033
store: 9.930133819580078e-05, 0.0004650655060278851, 38.974810101291204
store_returns: 20.850121902301908, 2.7209816681388284, 17.56931648051468
store_sales: 174.69669486396015, 23.142463885879703, 57.81061410706779
time_dim: 0.0012146271765232086, 0.000809086891553443, 3.5067907193361303
warehouse: 2.907589077949524e-06, 0.0003193880238166263, 1.490231801366207
web_page: 7.394980639219284e-05, 0.00035020927802776366, 2.6579847501176985
web_returns: 6.285572262480855, 0.8124777781192261, 12.849917230217875
web_sales: 67.01082486007363, 8.812903325658219, 34.82679455476961
web_site: 1.0454095900058746e-05, 0.0003302313416279816, 7.0159294780146
call_center: 9.615905582904816e-06, 0.0003980828318654681, 0.9323275508886912
catalog_page: 0.0017016949132084846, 0.001478331535244756, 6.476166433697556
catalog_returns: 13.009788101539016, 1.6960646454035861, 14.588493704209364
catalog_sales: 132.3057429259643, 17.40493420117065, 31.942680513593285
customer: 0.8535048151388764, 0.11272063451924039, 18.634047513302583
customer_address: 0.2449320713058114, 0.033911801956489816, 17.63862610957345
customer_demographics: 0.011580578982830048, 0.0025391933912049147, 11.448066616325177
date_dim: 0.001992875710129738, 0.0007720654842584631, 77.18446766886895
household_demographics: 3.5176053643226624e-05, 0.0003424425257886719, 9.91288456765278
income_band: 5.122274160385132e-07, 0.00034787888307367964, 2.691910660261125
item: 0.03489831369370222, 0.005313304808890152, 54.94758578748469
promotion: 7.638614624738693e-05, 0.00045806957144607093, 8.913649394753984
reason: 1.4491379261016846e-06, 0.00035830966122288673, 3.079224634597626
store: 9.930133819580078e-05, 0.0004650644375567187, 38.974810102359676
store_returns: 20.850121902301908, 2.7207573231856537, 17.569540825467854
store_sales: 174.69669486396015, 23.140584169204057, 57.62842889947112
time_dim: 0.0012146271765232086, 0.0008090738223024181, 3.5067907324053813
warehouse: 2.907589077949524e-06, 0.0003193879925312967, 0.25975207584548965
web_page: 7.394980639219284e-05, 0.0003502084823362118, 2.65798475091339
web_returns: 6.285572262480855, 0.812410146072684, 12.849984862264415
web_sales: 67.01082486007363, 8.812182296762758, 34.827515583665075
web_site: 1.0454095900058746e-05, 0.00033023122914309225, 7.0159294781270845
Function: 62.28376142137974, 5.370813695983888, 1.7670965194702148, 50.2350699004586, 4.7527016838065785, 0.12197693445907976, 0.03610268720137477
hiya: 0b111111111011101111111111, 62.28376142137974
call_center: 9.615905582904816e-06, 0.0003980828318654681, 0.9323275508886912
catalog_page: 0.0017016949132084846, 0.001478331535244756, 6.476166433697556
catalog_returns: 13.009788101539016, 1.6960646454035861, 14.588493704209364
catalog_sales: 132.3057429259643, 17.40493420117065, 31.942680513593285
customer: 0.8535048151388764, 0.11272063451924039, 18.634047513302583
customer_address: 0.2449320713058114, 0.033911801956489816, 17.63862610957345
customer_demographics: 0.011580578982830048, 0.0025391933912049147, 11.448066616325177
date_dim: 0.001992875710129738, 0.0007720654842584631, 77.18446766886895
household_demographics: 3.5176053643226624e-05, 0.0003424425257886719, 9.91288456765278
income_band: 5.122274160385132e-07, 0.00034787888307367964, 2.691910660261125
item: 0.03489831369370222, 0.005313304808890152, 54.94758578748469
promotion: 7.638614624738693e-05, 0.00045806957144607093, 8.913649394753984
reason: 1.4491379261016846e-06, 0.00035830966122288673, 3.079224634597626
store: 9.930133819580078e-05, 0.0004650644375567187, 38.974810102359676
store_returns: 20.850121902301908, 2.7207573231856537, 17.569540825467854
store_sales: 174.69669486396015, 23.140584169204057, 57.62842889947112
time_dim: 0.0012146271765232086, 0.0008090738223024181, 3.5067907324053813
warehouse: 2.907589077949524e-06, 0.0003193879925312967, 0.25975207584548965
web_page: 7.394980639219284e-05, 0.0003502084823362118, 2.65798475091339
web_returns: 6.285572262480855, 0.812410146072684, 12.849984862264415
web_sales: 67.01082486007363, 8.812182296762758, 34.827515583665075
web_site: 1.0454095900058746e-05, 0.00033023122914309225, 7.0159294781270845
call_center: 9.615905582904816e-06, 0.00039808282710997243, 0.9323275508934468
catalog_page: 0.0017016949132084846, 0.001478330693680452, 6.476166434539121
catalog_returns: 13.009788101539016, 1.696058211481041, 14.328428674293889
catalog_sales: 132.3057429259643, 17.404868770058663, 31.682674480867256
customer: 0.8535048151388764, 0.11272021242290572, 18.634047935398918
customer_address: 0.2449320713058114, 0.03391168082661719, 17.638626230703323
customer_demographics: 0.011580578982830048, 0.0025391876640902516, 11.448066622052291
date_dim: 0.001992875710129738, 0.0007720644986922218, 76.9243962060165
household_demographics: 3.5176053643226624e-05, 0.0003424425083925389, 9.912884567670176
income_band: 5.122274160385132e-07, 0.00034787888282036025, 2.691910660261378
item: 0.03489831369370222, 0.005313287550111953, 54.687514340905444
promotion: 7.638614624738693e-05, 0.00045806953366970247, 8.91364939479176
reason: 1.4491379261016846e-06, 0.0003583096605062232, 3.0792246345983423
store: 9.930133819580078e-05, 0.0004650643884477622, 38.97481010240878
store_returns: 20.850121902301908, 2.7207470118671044, 17.569551136786405
store_sales: 174.69669486396015, 23.14049777386888, 57.6285152948063
time_dim: 0.0012146271765232086, 0.0008090732216149115, 3.506790733006069
web_page: 7.394980639219284e-05, 0.0003502084457647225, 2.6579847509499617
web_returns: 6.285572262480855, 0.8124070375758529, 12.849987970761248
web_sales: 67.01082486007363, 8.812149156910404, 34.827548723517424
web_site: 1.0454095900058746e-05, 0.0003302312239730739, 7.0159294781322545
Function: 62.54330810560967, 5.354076421113413, 2.043905258178711, 50.235069548761466, 4.752392645829916, 0.12177154477600234, 0.036092686950159075
hiya: 0b111101111011101111111111, 62.54330810560967
call_center: 9.615905582904816e-06, 0.00039808282710997243, 0.9323275508934468
catalog_page: 0.0017016949132084846, 0.001478330693680452, 6.476166434539121
catalog_returns: 13.009788101539016, 1.696058211481041, 14.328428674293889
catalog_sales: 132.3057429259643, 17.404868770058663, 31.682674480867256
customer: 0.8535048151388764, 0.11272021242290572, 18.634047935398918
customer_address: 0.2449320713058114, 0.03391168082661719, 17.638626230703323
customer_demographics: 0.011580578982830048, 0.0025391876640902516, 11.448066622052291
date_dim: 0.001992875710129738, 0.0007720644986922218, 76.9243962060165
household_demographics: 3.5176053643226624e-05, 0.0003424425083925389, 9.912884567670176
income_band: 5.122274160385132e-07, 0.00034787888282036025, 2.691910660261378
item: 0.03489831369370222, 0.005313287550111953, 54.687514340905444
promotion: 7.638614624738693e-05, 0.00045806953366970247, 8.91364939479176
reason: 1.4491379261016846e-06, 0.0003583096605062232, 3.0792246345983423
store: 9.930133819580078e-05, 0.0004650643884477622, 38.97481010240878
store_returns: 20.850121902301908, 2.7207470118671044, 17.569551136786405
store_sales: 174.69669486396015, 23.14049777386888, 57.6285152948063
time_dim: 0.0012146271765232086, 0.0008090732216149115, 3.506790733006069
web_page: 7.394980639219284e-05, 0.0003502084457647225, 2.6579847509499617
web_returns: 6.285572262480855, 0.8124070375758529, 12.849987970761248
web_sales: 67.01082486007363, 8.812149156910404, 34.827548723517424
web_site: 1.0454095900058746e-05, 0.0003302312239730739, 7.0159294781322545
catalog_page: 0.0017016949132084846, 0.001478321186743997, 6.476166444046057
catalog_returns: 13.009788101539016, 1.6959855291054788, 13.943409046592102
catalog_sales: 132.3057429259643, 17.404129611540373, 30.772477524847435
customer: 0.8535048151388764, 0.11271544410869232, 18.61226318453069
customer_address: 0.2449320713058114, 0.033910312453461926, 17.253535288999128
customer_demographics: 0.011580578982830048, 0.0025391229663423494, 11.426277167567598
date_dim: 0.001992875710129738, 0.0007720533650027502, 75.99167058342962
household_demographics: 3.5176053643226624e-05, 0.0003424423118728783, 9.891095048684251
income_band: 5.122274160385132e-07, 0.00034787887995867605, 2.6919106602642398
item: 0.03489831369370222, 0.005313092582113815, 54.139881212230236
promotion: 7.638614624738693e-05, 0.00045806910691974115, 8.91364939521851
reason: 1.4491379261016846e-06, 0.0003583096524102584, 3.0792246346064385
store: 9.930133819580078e-05, 0.00046506383367645463, 38.97481010296355
store_returns: 20.850121902301908, 2.7206305275417035, 17.569667621111805
store_sales: 174.69669486396015, 23.139521787889212, 57.62949128078597
time_dim: 0.0012146271765232086, 0.0008090664358019588, 3.5067907397918816
web_page: 7.394980639219284e-05, 0.000350208032625972, 2.6579847513631005
web_returns: 6.285572262480855, 0.8123719216830929, 12.850023086654007
web_sales: 67.01082486007363, 8.811774784483953, 34.82792309594388
web_site: 1.0454095900058746e-05, 0.00033023116556870035, 7.015929478190659
Function: 63.47331542232964, 5.161895514916978, 3.168811798095703, 50.235068385637554, 4.752005720561743, 0.11945131699832247, 0.036082686119344835
hiya: 0b111101111011101111111110, 63.47331542232964
catalog_page: 0.0017016949132084846, 0.001478321186743997, 6.476166444046057
catalog_returns: 13.009788101539016, 1.6959855291054788, 13.943409046592102
catalog_sales: 132.3057429259643, 17.404129611540373, 30.772477524847435
customer: 0.8535048151388764, 0.11271544410869232, 18.61226318453069
customer_address: 0.2449320713058114, 0.033910312453461926, 17.253535288999128
customer_demographics: 0.011580578982830048, 0.0025391229663423494, 11.426277167567598
date_dim: 0.001992875710129738, 0.0007720533650027502, 75.99167058342962
household_demographics: 3.5176053643226624e-05, 0.0003424423118728783, 9.891095048684251
income_band: 5.122274160385132e-07, 0.00034787887995867605, 2.6919106602642398
item: 0.03489831369370222, 0.005313092582113815, 54.139881212230236
promotion: 7.638614624738693e-05, 0.00045806910691974115, 8.91364939521851
reason: 1.4491379261016846e-06, 0.0003583096524102584, 3.0792246346064385
store: 9.930133819580078e-05, 0.00046506383367645463, 38.97481010296355
store_returns: 20.850121902301908, 2.7206305275417035, 17.569667621111805
store_sales: 174.69669486396015, 23.139521787889212, 57.62949128078597
time_dim: 0.0012146271765232086, 0.0008090664358019588, 3.5067907397918816
web_page: 7.394980639219284e-05, 0.000350208032625972, 2.6579847513631005
web_returns: 6.285572262480855, 0.8123719216830929, 12.850023086654007
web_sales: 67.01082486007363, 8.811774784483953, 34.82792309594388
web_site: 1.0454095900058746e-05, 0.00033023116556870035, 7.015929478190659
catalog_page: 0.0017016949132084846, 0.0014783183014908292, 6.476166446931311
catalog_returns: 13.009788101539016, 1.6959634707846585, 11.615672140153016
catalog_sales: 132.3057429259643, 17.4039052848641, 28.4449428867638
customer: 0.8535048151388764, 0.11271399697651097, 18.61226463166287
customer_address: 0.2449320713058114, 0.033909897166897233, 17.07746805562376
customer_demographics: 0.011580578982830048, 0.0025391033312703176, 11.250209538540737
date_dim: 0.001992875710129738, 0.0007720499860475032, 73.48784397338673
household_demographics: 3.5176053643226624e-05, 0.0003424422522312708, 9.736586702770005
income_band: 5.122274160385132e-07, 0.0003478788790901856, 2.6919106602651084
item: 0.03489831369370222, 0.005313033411419139, 54.13988127140093
promotion: 7.638614624738693e-05, 0.00045806897740570857, 8.913649395348024
reason: 1.4491379261016846e-06, 0.00035830964995321995, 2.903156985946964
store: 9.930133819580078e-05, 0.0004650636653093176, 36.647051138372014
store_returns: 20.850121902301908, 2.720595175799271, 15.241944008094329
store_sales: 174.69669486396015, 23.13922558662048, 55.302028517294815
time_dim: 0.0012146271765232086, 0.0008090643763805656, 3.352282395877414
web_returns: 6.285572262480855, 0.8123612643865693, 10.346207130528695
web_sales: 67.01082486007363, 8.811661166470987, 32.16970175456113
web_site: 1.0454095900058746e-05, 0.0003302311478435999, 7.015929478208384
Function: 66.13059593957972, 5.103784551461141, 5.885257720947266, 50.23505944079223, 4.751674414164623, 0.11874713248438298, 0.03607267973008156
hiya: 0b111001111011101111111110, 66.13059593957972
catalog_page: 0.0017016949132084846, 0.0014783183014908292, 6.476166446931311
catalog_returns: 13.009788101539016, 1.6959634707846585, 11.615672140153016
catalog_sales: 132.3057429259643, 17.4039052848641, 28.4449428867638
customer: 0.8535048151388764, 0.11271399697651097, 18.61226463166287
customer_address: 0.2449320713058114, 0.033909897166897233, 17.07746805562376
customer_demographics: 0.011580578982830048, 0.0025391033312703176, 11.250209538540737
date_dim: 0.001992875710129738, 0.0007720499860475032, 73.48784397338673
household_demographics: 3.5176053643226624e-05, 0.0003424422522312708, 9.736586702770005
income_band: 5.122274160385132e-07, 0.0003478788790901856, 2.6919106602651084
item: 0.03489831369370222, 0.005313033411419139, 54.13988127140093
promotion: 7.638614624738693e-05, 0.00045806897740570857, 8.913649395348024
reason: 1.4491379261016846e-06, 0.00035830964995321995, 2.903156985946964
store: 9.930133819580078e-05, 0.0004650636653093176, 36.647051138372014
store_returns: 20.850121902301908, 2.720595175799271, 15.241944008094329
store_sales: 174.69669486396015, 23.13922558662048, 55.302028517294815
time_dim: 0.0012146271765232086, 0.0008090643763805656, 3.352282395877414
web_returns: 6.285572262480855, 0.8123612643865693, 10.346207130528695
web_sales: 67.01082486007363, 8.811661166470987, 32.16970175456113
web_site: 1.0454095900058746e-05, 0.0003302311478435999, 7.015929478208384
catalog_page: 0.0017016949132084846, 0.0014783104175006172, 6.476166454815301
catalog_returns: 13.009788101539016, 1.6959031961483206, 8.936652313348608
catalog_sales: 132.3057429259643, 17.403292309427602, 25.76647576075956
customer: 0.8535048151388764, 0.11271004266980408, 15.920010046825379
customer_address: 0.2449320713058114, 0.03390876239118757, 14.385210651255269
customer_demographics: 0.011580578982830048, 0.0025390496781914724, 8.55795105304962
date_dim: 0.001992875710129738, 0.0007720407530102118, 70.80876388117905
household_demographics: 3.5176053643226624e-05, 0.00034244208925983535, 7.044328163788776
item: 0.03489831369370222, 0.005312871726759076, 51.460801331644845
promotion: 7.638614624738693e-05, 0.0004580686235070017, 6.234569294261173
reason: 1.4491379261016846e-06, 0.0003583096432393318, 2.903156985953678
store: 9.930133819580078e-05, 0.000465063205244019, 33.96797103739133
store_returns: 20.850121902301908, 2.720498576722833, 12.54978206802657
store_sales: 174.69669486396015, 23.138416212965033, 52.62375778950952
time_dim: 0.0012146271765232086, 0.0008090587489859624, 3.3522824015048087
web_returns: 6.285572262480855, 0.8123321431911018, 10.346236251724163
web_sales: 67.01082486007363, 8.811350703835652, 32.170012217196465
web_site: 1.0454095900058746e-05, 0.00033023109940954207, 7.015929478256818
Function: 68.82058246452175, 4.944428138517937, 8.736872673034668, 50.23505937883405, 4.7513365969435375, 0.11682299750574025, 0.03606267968582511
hiya: 0b111001111011100111111110, 68.82058246452175
catalog_page: 0.0017016949132084846, 0.0014783104175006172, 6.476166454815301
catalog_returns: 13.009788101539016, 1.6959031961483206, 8.936652313348608
catalog_sales: 132.3057429259643, 17.403292309427602, 25.76647576075956
customer: 0.8535048151388764, 0.11271004266980408, 15.920010046825379
customer_address: 0.2449320713058114, 0.03390876239118757, 14.385210651255269
customer_demographics: 0.011580578982830048, 0.0025390496781914724, 8.55795105304962
date_dim: 0.001992875710129738, 0.0007720407530102118, 70.80876388117905
household_demographics: 3.5176053643226624e-05, 0.00034244208925983535, 7.044328163788776
item: 0.03489831369370222, 0.005312871726759076, 51.460801331644845
promotion: 7.638614624738693e-05, 0.0004580686235070017, 6.234569294261173
reason: 1.4491379261016846e-06, 0.0003583096432393318, 2.903156985953678
store: 9.930133819580078e-05, 0.000465063205244019, 33.96797103739133
store_returns: 20.850121902301908, 2.720498576722833, 12.54978206802657
store_sales: 174.69669486396015, 23.138416212965033, 52.62375778950952
time_dim: 0.0012146271765232086, 0.0008090587489859624, 3.3522824015048087
web_returns: 6.285572262480855, 0.8123321431911018, 10.346236251724163
web_sales: 67.01082486007363, 8.811350703835652, 32.170012217196465
web_site: 1.0454095900058746e-05, 0.00033023109940954207, 7.015929478256818
catalog_page: 0.0017016949132084846, 0.0014783030513180995, 6.476166462181483
catalog_returns: 13.009788101539016, 1.6958468802523696, 8.936708629244558
catalog_sales: 132.3057429259643, 17.402719593223914, 25.767048476963247
customer: 0.8535048151388764, 0.1127063480755503, 15.920013741419632
customer_address: 0.2449320713058114, 0.03390770214570663, 14.38521171150075
customer_demographics: 0.011580578982830048, 0.002538999548959854, 8.557951103178851
date_dim: 0.001992875710129738, 0.0007720321263838395, 70.80876388980568
household_demographics: 3.5176053643226624e-05, 0.0003424419369920996, 7.044328163941044
item: 0.03489831369370222, 0.005312720661285334, 51.460801482710316
promotion: 7.638614624738693e-05, 0.000458068292851788, 6.234569294591829
store: 9.930133819580078e-05, 0.0004650627753950633, 33.96797103782118
store_returns: 20.850121902301908, 2.7204083221171125, 12.02125541319829
store_sales: 174.69669486396015, 23.137659997658975, 49.72099870921866
time_dim: 0.0012146271765232086, 0.0008090534911895127, 3.352282406762605
web_returns: 6.285572262480855, 0.8123049346285363, 10.346263460286728
web_sales: 67.01082486007363, 8.811060631882832, 32.170302289149284
web_site: 1.0454095900058746e-05, 0.0003302310541565547, 7.015929478302072
Function: 71.7219416883168, 4.795570501680773, 11.78924560546875, 50.23505920354874, 4.750988461729685, 0.11502523632823586, 0.0360526795606196
hiya: 0b111001111001100111111110, 71.7219416883168
catalog_page: 0.0017016949132084846, 0.0014783030513180995, 6.476166462181483
catalog_returns: 13.009788101539016, 1.6958468802523696, 8.936708629244558
catalog_sales: 132.3057429259643, 17.402719593223914, 25.767048476963247
customer: 0.8535048151388764, 0.1127063480755503, 15.920013741419632
customer_address: 0.2449320713058114, 0.03390770214570663, 14.38521171150075
customer_demographics: 0.011580578982830048, 0.002538999548959854, 8.557951103178851
date_dim: 0.001992875710129738, 0.0007720321263838395, 70.80876388980568
household_demographics: 3.5176053643226624e-05, 0.0003424419369920996, 7.044328163941044
item: 0.03489831369370222, 0.005312720661285334, 51.460801482710316
promotion: 7.638614624738693e-05, 0.000458068292851788, 6.234569294591829
store: 9.930133819580078e-05, 0.0004650627753950633, 33.96797103782118
store_returns: 20.850121902301908, 2.7204083221171125, 12.02125541319829
store_sales: 174.69669486396015, 23.137659997658975, 49.72099870921866
time_dim: 0.0012146271765232086, 0.0008090534911895127, 3.352282406762605
web_returns: 6.285572262480855, 0.8123049346285363, 10.346263460286728
web_sales: 67.01082486007363, 8.811060631882832, 32.170302289149284
web_site: 1.0454095900058746e-05, 0.0003302310541565547, 7.015929478302072
catalog_page: 0.0017016949132084846, 0.0014782997038504159, 6.476166465528951
catalog_returns: 13.009788101539016, 1.6958212882118089, 8.93673422128512
catalog_sales: 132.3057429259643, 17.402459329650597, 25.05245569242298
customer: 0.8535048151388764, 0.11270466911431916, 15.920015420380864
customer_address: 0.2449320713058114, 0.03390722033067209, 14.385212193315784
customer_demographics: 0.011580578982830048, 0.002538976768369983, 8.557951125959441
date_dim: 0.001992875710129738, 0.0007720282061235241, 70.09391084561234
household_demographics: 3.5176053643226624e-05, 0.0003424418677959694, 4.406089751870029
item: 0.03489831369370222, 0.005312652011507752, 50.74594850324652
promotion: 7.638614624738693e-05, 0.00045806814258974395, 6.234569294742091
store: 9.930133819580078e-05, 0.0004650625800556884, 31.329732625876318
store_returns: 20.850121902301908, 2.720367307062812, 12.02129642825259
store_sales: 174.69669486396015, 23.13731634525927, 46.36825090136459
web_returns: 6.285572262480855, 0.8122925700443452, 10.346275824870919
web_sales: 67.01082486007363, 8.81092881238397, 31.455581060534563
web_site: 1.0454095900058746e-05, 0.0003302310335919118, 7.015929478322636
Function: 75.07340596400104, 4.728418698689939, 15.209488868713379, 50.234912284269846, 4.750335604850451, 0.11420793286059211, 0.036042574616831545
hiya: 0b111000111001100111111110, 75.07340596400104
catalog_page: 0.0017016949132084846, 0.0014782997038504159, 6.476166465528951
catalog_returns: 13.009788101539016, 1.6958212882118089, 8.93673422128512
catalog_sales: 132.3057429259643, 17.402459329650597, 25.05245569242298
customer: 0.8535048151388764, 0.11270466911431916, 15.920015420380864
customer_address: 0.2449320713058114, 0.03390722033067209, 14.385212193315784
customer_demographics: 0.011580578982830048, 0.002538976768369983, 8.557951125959441
date_dim: 0.001992875710129738, 0.0007720282061235241, 70.09391084561234
household_demographics: 3.5176053643226624e-05, 0.0003424418677959694, 4.406089751870029
item: 0.03489831369370222, 0.005312652011507752, 50.74594850324652
promotion: 7.638614624738693e-05, 0.00045806814258974395, 6.234569294742091
store: 9.930133819580078e-05, 0.0004650625800556884, 31.329732625876318
store_returns: 20.850121902301908, 2.720367307062812, 12.02129642825259
store_sales: 174.69669486396015, 23.13731634525927, 46.36825090136459
web_returns: 6.285572262480855, 0.8122925700443452, 10.346275824870919
web_sales: 67.01082486007363, 8.81092881238397, 31.455581060534563
web_site: 1.0454095900058746e-05, 0.0003302310335919118, 7.015929478322636
catalog_page: 0.0017016949132084846, 0.0014782932236839397, 6.476166472009117
catalog_returns: 13.009788101539016, 1.6957717460805697, 8.936783763416358
catalog_sales: 132.3057429259643, 17.401955500654417, 25.05295952141916
customer: 0.8535048151388764, 0.11270141891168443, 12.464339935542275
customer_address: 0.2449320713058114, 0.03390628761318841, 11.7636754287713
customer_demographics: 0.011580578982830048, 0.0025389326687613413, 7.607197711362446
date_dim: 0.001992875710129738, 0.0007720206171213664, 65.68747865946351
item: 0.03489831369370222, 0.005312519116427253, 50.74594863614159
promotion: 7.638614624738693e-05, 0.00045806785170626047, 6.234569295032974
store: 9.930133819580078e-05, 0.00046506220190964246, 26.92330043251664
store_returns: 20.850121902301908, 2.7202879084232974, 12.021375826892104
store_sales: 174.69669486396015, 23.136651088721926, 41.962483964164086
web_returns: 6.285572262480855, 0.8122686341705623, 10.346299760744701
web_sales: 67.01082486007363, 8.810673630742752, 31.45583624217578
web_site: 1.0454095900058746e-05, 0.00033023099378202503, 7.0159294783624455
Function: 79.47791416364859, 4.597487840059601, 19.746851921081543, 50.23490802943303, 4.750007396821578, 0.11262640467522164, 0.036032571577620506
hiya: 0b111000111001100011111110, 79.47791416364859
catalog_page: 0.0017016949132084846, 0.0014782932236839397, 6.476166472009117
catalog_returns: 13.009788101539016, 1.6957717460805697, 8.936783763416358
catalog_sales: 132.3057429259643, 17.401955500654417, 25.05295952141916
customer: 0.8535048151388764, 0.11270141891168443, 12.464339935542275
customer_address: 0.2449320713058114, 0.03390628761318841, 11.7636754287713
customer_demographics: 0.011580578982830048, 0.0025389326687613413, 7.607197711362446
date_dim: 0.001992875710129738, 0.0007720206171213664, 65.68747865946351
item: 0.03489831369370222, 0.005312519116427253, 50.74594863614159
promotion: 7.638614624738693e-05, 0.00045806785170626047, 6.234569295032974
store: 9.930133819580078e-05, 0.00046506220190964246, 26.92330043251664
store_returns: 20.850121902301908, 2.7202879084232974, 12.021375826892104
store_sales: 174.69669486396015, 23.136651088721926, 41.962483964164086
web_returns: 6.285572262480855, 0.8122686341705623, 10.346299760744701
web_sales: 67.01082486007363, 8.810673630742752, 31.45583624217578
web_site: 1.0454095900058746e-05, 0.00033023099378202503, 7.0159294783624455
catalog_page: 0.0017016949132084846, 0.0014782885655978096, 2.558525732378044
catalog_returns: 13.009788101539016, 1.6957361341074475, 5.019178631100321
catalog_sales: 132.3057429259643, 17.401593337295242, 20.724286893113263
customer: 0.8535048151388764, 0.11269908259457463, 11.355260215723256
customer_address: 0.2449320713058114, 0.03390561715535527, 10.654594043093002
customer_demographics: 0.011580578982830048, 0.0025389009689931164, 6.398893180602824
date_dim: 0.001992875710129738, 0.0007720151619797706, 59.45245130203397
item: 0.03489831369370222, 0.005312423588521681, 44.510921368784814
store: 9.930133819580078e-05, 0.0004650619300899511, 21.896577632363172
store_returns: 20.850121902301908, 2.720230834935629, 8.103792156090613
store_sales: 174.69669486396015, 23.136172887697168, 36.13932884968007
web_returns: 6.285572262480855, 0.812251428538255, 6.428676222087848
web_sales: 67.01082486007363, 8.810490200568855, 27.538378928060517
web_site: 1.0454095900058746e-05, 0.0003302309651658032, 3.098288734101903
Function: 85.71134655541096, 4.5035748114037535, 26.07579231262207, 50.234898789892085, 4.749568522622188, 0.11148955389301252, 0.03602256497785747
hiya: 0b111000111000100011111110, 85.71134655541096
catalog_page: 0.0017016949132084846, 0.0014782885655978096, 2.558525732378044
catalog_returns: 13.009788101539016, 1.6957361341074475, 5.019178631100321
catalog_sales: 132.3057429259643, 17.401593337295242, 20.724286893113263
customer: 0.8535048151388764, 0.11269908259457463, 11.355260215723256
customer_address: 0.2449320713058114, 0.03390561715535527, 10.654594043093002
customer_demographics: 0.011580578982830048, 0.0025389009689931164, 6.398893180602824
date_dim: 0.001992875710129738, 0.0007720151619797706, 59.45245130203397
item: 0.03489831369370222, 0.005312423588521681, 44.510921368784814
store: 9.930133819580078e-05, 0.0004650619300899511, 21.896577632363172
store_returns: 20.850121902301908, 2.720230834935629, 8.103792156090613
store_sales: 174.69669486396015, 23.136172887697168, 36.13932884968007
web_returns: 6.285572262480855, 0.812251428538255, 6.428676222087848
web_sales: 67.01082486007363, 8.810490200568855, 27.538378928060517
web_site: 1.0454095900058746e-05, 0.0003302309651658032, 3.098288734101903
catalog_returns: 13.009788101539016, 1.695721125490039, 2.459189618774087
catalog_sales: 132.3057429259643, 17.401440704042415, 18.164435505422446
customer: 0.8535048151388764, 0.11269809795692129, 11.355261200360909
customer_address: 0.2449320713058114, 0.03390533459181768, 10.65459432565654
customer_demographics: 0.011580578982830048, 0.0025388876091691154, 6.398893193962649
date_dim: 0.001992875710129738, 0.0007720128629177995, 56.89244728338939
item: 0.03489831369370222, 0.005312383328416417, 44.51092140904492
store: 9.930133819580078e-05, 0.0004650618155319136, 19.33657361153409
store_returns: 20.850121902301908, 2.720206781392242, 5.543812188690358
store_sales: 174.69669486396015, 23.135971350528745, 33.57952636590484
web_returns: 6.285572262480855, 0.8122441772480308, 3.868679452434431
web_sales: 67.01082486007363, 8.810412894172725, 24.978452213513005
web_site: 1.0454095900058746e-05, 0.0003302309531055356, 0.5382847131703214
Function: 88.26939154348285, 4.465073812205794, 28.674297332763672, 50.234692955711544, 4.748305041293701, 0.1110099835567262, 0.03601241795141697
hiya: 0b111000111000100011111100, 88.26939154348285
catalog_returns: 13.009788101539016, 1.695721125490039, 2.459189618774087
catalog_sales: 132.3057429259643, 17.401440704042415, 18.164435505422446
customer: 0.8535048151388764, 0.11269809795692129, 11.355261200360909
customer_address: 0.2449320713058114, 0.03390533459181768, 10.65459432565654
customer_demographics: 0.011580578982830048, 0.0025388876091691154, 6.398893193962649
date_dim: 0.001992875710129738, 0.0007720128629177995, 56.89244728338939
item: 0.03489831369370222, 0.005312383328416417, 44.51092140904492
store: 9.930133819580078e-05, 0.0004650618155319136, 19.33657361153409
store_returns: 20.850121902301908, 2.720206781392242, 5.543812188690358
store_sales: 174.69669486396015, 23.135971350528745, 33.57952636590484
web_returns: 6.285572262480855, 0.8122441772480308, 3.868679452434431
web_sales: 67.01082486007363, 8.810412894172725, 24.978452213513005
web_site: 1.0454095900058746e-05, 0.0003302309531055356, 0.5382847131703214
catalog_returns: 13.009788101539016, 1.6956947190836216, 2.4592160251805044
catalog_sales: 132.3057429259643, 17.401172158606332, 18.16470405085853
customer: 0.8535048151388764, 0.11269636556936417, 11.355262932748465
customer_address: 0.2449320713058114, 0.03390483744491805, 10.115979878680013
customer_demographics: 0.011580578982830048, 0.002538864103676729, 6.3988932174681405
date_dim: 0.001992875710129738, 0.0007720088179106456, 56.35383234331097
item: 0.03489831369370222, 0.005312312494130149, 44.5109214798792
store: 9.930133819580078e-05, 0.0004650616139766328, 19.336573611735645
store_returns: 20.850121902301908, 2.7201644611954405, 5.5438545088871605
store_sales: 174.69669486396015, 23.13561676274543, 33.57988095368816
web_returns: 6.285572262480855, 0.812231419209665, 3.3300772663493685
web_sales: 67.01082486007363, 8.810276880037689, 24.43997328352461
Function: 88.80683328651784, 4.395430508953733, 29.28255558013916, 50.234691691201526, 4.747986068529686, 0.11016702064555949, 0.036002417048183084
hiya: 0b11000111000100011111100, 88.80683328651784
catalog_returns: 13.009788101539016, 1.6956947190836216, 2.4592160251805044
catalog_sales: 132.3057429259643, 17.401172158606332, 18.16470405085853
customer: 0.8535048151388764, 0.11269636556936417, 11.355262932748465
customer_address: 0.2449320713058114, 0.03390483744491805, 10.115979878680013
customer_demographics: 0.011580578982830048, 0.002538864103676729, 6.3988932174681405
date_dim: 0.001992875710129738, 0.0007720088179106456, 56.35383234331097
item: 0.03489831369370222, 0.005312312494130149, 44.5109214798792
store: 9.930133819580078e-05, 0.0004650616139766328, 19.336573611735645
store_returns: 20.850121902301908, 2.7201644611954405, 5.5438545088871605
store_sales: 174.69669486396015, 23.13561676274543, 33.57988095368816
web_returns: 6.285572262480855, 0.812231419209665, 3.3300772663493685
web_sales: 67.01082486007363, 8.810276880037689, 24.43997328352461
catalog_sales: 132.3057429259643, 17.39935560796629, 14.085720293920339
customer: 0.8535048151388764, 0.11268464699476619, 11.32870095233987
customer_address: 0.2449320713058114, 0.0339014745409272, 10.089409542600812
customer_demographics: 0.011580578982830048, 0.0025387051029584075, 6.398893376468859
date_dim: 0.001992875710129738, 0.0007719814558357522, 52.19892162640892
item: 0.03489831369370222, 0.0053118333421850045, 42.5826753325412
store: 9.930133819580078e-05, 0.00046506025057467103, 19.336573613099045
store_returns: 20.850121902301908, 2.7198781901580014, 1.4158037346436658
store_sales: 174.69669486396015, 23.13321818664548, 29.501479222209866
web_returns: 6.285572262480855, 0.8121451186450491, -0.7981734783669482
web_sales: 67.01082486007363, 8.809356825064283, 20.36009303091977
catalog_sales: 132.3057429259643, 17.399088072982927, 14.0859878289037
customer: 0.8535048151388764, 0.11268292112564314, 11.314731037930894
customer_address: 0.2449320713058114, 0.0339009792646363, 10.075438397599001
customer_demographics: 0.011580578982830048, 0.0025386816859098577, 6.398893399885908
date_dim: 0.001992875710129738, 0.0007719774260486987, 52.184949990160604
item: 0.03489831369370222, 0.005311762774426063, 42.58267540310896
store: 9.930133819580078e-05, 0.0004650600497777799, 19.336573613299844
store_returns: 20.850121902301908, 2.719836029198901, 1.4158458956027662
store_sales: 174.69669486396015, 23.132864933065395, 29.50183247578995
web_sales: 67.01082486007363, 8.809221322708016, 20.36022853327604
Function: 90.44306017340408, 4.038155514345567, 33.80871295928955, 47.90075706050363, 4.562308720499277, 0.09881062085333522, 0.03431529791273177
hiya: 0b10000111000100011111000, 90.44306017340408
catalog_sales: 132.3057429259643, 17.399088072982927, 14.0859878289037
customer: 0.8535048151388764, 0.11268292112564314, 11.314731037930894
customer_address: 0.2449320713058114, 0.0339009792646363, 10.075438397599001
customer_demographics: 0.011580578982830048, 0.0025386816859098577, 6.398893399885908
date_dim: 0.001992875710129738, 0.0007719774260486987, 52.184949990160604
item: 0.03489831369370222, 0.005311762774426063, 42.58267540310896
store: 9.930133819580078e-05, 0.0004650600497777799, 19.336573613299844
store_returns: 20.850121902301908, 2.719836029198901, 1.4158458956027662
store_sales: 174.69669486396015, 23.132864933065395, 29.50183247578995
web_sales: 67.01082486007363, 8.809221322708016, 20.36022853327604
catalog_sales: 132.3057429259643, 17.397604917012988, 11.502590535589722
customer: 0.8535048151388764, 0.11267335328124009, 10.301034981562873
customer_address: 0.2449320713058114, 0.033898233560211426, 9.126163393157832
customer_demographics: 0.011580578982830048, 0.002538551866867434, 6.39889352970495
date_dim: 0.001992875710129738, 0.0007719550857825737, 48.998545837844794
item: 0.03489831369370222, 0.005311371562063311, 39.0485175948918
store: 9.930133819580078e-05, 0.0004650589366033302, 15.200891689611344
store_sales: 174.69669486396015, 23.130906571771426, 25.432536786349075
web_sales: 67.01082486007363, 8.80847012700975, 20.360979728974307
Function: 91.83471913118795, 3.8625667253410816, 38.1199836730957, 45.378761065404355, 4.351501192896366, 0.08940262707008025, 0.03250384738037288
hiya: 0b10000101000100011111000, 91.83471913118795
catalog_sales: 132.3057429259643, 17.397604917012988, 11.502590535589722
customer: 0.8535048151388764, 0.11267335328124009, 10.301034981562873
customer_address: 0.2449320713058114, 0.033898233560211426, 9.126163393157832
customer_demographics: 0.011580578982830048, 0.002538551866867434, 6.39889352970495
date_dim: 0.001992875710129738, 0.0007719550857825737, 48.998545837844794
item: 0.03489831369370222, 0.005311371562063311, 39.0485175948918
store: 9.930133819580078e-05, 0.0004650589366033302, 15.200891689611344
store_sales: 174.69669486396015, 23.130906571771426, 25.432536786349075
web_sales: 67.01082486007363, 8.80847012700975, 20.360979728974307
catalog_sales: 132.3057429259643, 17.3969980157125, 8.163831119227009
customer: 0.8535048151388764, 0.11266943815880606, 6.961672579022113
customer_address: 0.2449320713058114, 0.033897110029294936, 5.115979497971699
date_dim: 0.001992875710129738, 0.0007719459442378951, 42.59711376541454
item: 0.03489831369370222, 0.005311211479579383, 34.32689526403023
store: 9.930133819580078e-05, 0.0004650584810969405, 12.138825926158226
store_sales: 174.69669486396015, 23.130105218413973, 21.36228148622402
web_sales: 67.01082486007363, 8.808162740830928, 19.35229622557923
Function: 98.2318807136684, 3.705590069730282, 44.67839241027832, 45.377360297871554, 4.350366070781152, 0.08767901818874636, 0.03249284681834876
hiya: 0b10000101000100010111000, 98.2318807136684
catalog_sales: 132.3057429259643, 17.3969980157125, 8.163831119227009
customer: 0.8535048151388764, 0.11266943815880606, 6.961672579022113
customer_address: 0.2449320713058114, 0.033897110029294936, 5.115979497971699
date_dim: 0.001992875710129738, 0.0007719459442378951, 42.59711376541454
item: 0.03489831369370222, 0.005311211479579383, 34.32689526403023
store: 9.930133819580078e-05, 0.0004650584810969405, 12.138825926158226
store_sales: 174.69669486396015, 23.130105218413973, 21.36228148622402
web_sales: 67.01082486007363, 8.808162740830928, 19.35229622557923
catalog_sales: 132.3057429259643, 17.396730390445814, 5.342749094453627
customer: 0.8535048151388764, 0.11266771170726499, 5.085213135923634
date_dim: 0.001992875710129738, 0.0007719419130909351, 37.4472371614447
item: 0.03489831369370222, 0.00531114088800639, 30.755583745674027
store: 9.930133819580078e-05, 0.00046505828023228775, 10.808156437935029
store_sales: 174.69669486396015, 23.129751845623662, 16.458401897220195
web_sales: 67.01082486007363, 8.808027192747547, 15.453258850638909
Function: 103.34686713765628, 3.6402843733489516, 49.893574714660645, 45.347733722746526, 4.345949216484229, 0.08686342572853045, 0.03246168468738794
hiya: 0b10000101000100010011000, 103.34686713765628
catalog_sales: 132.3057429259643, 17.396730390445814, 5.342749094453627
customer: 0.8535048151388764, 0.11266771170726499, 5.085213135923634
date_dim: 0.001992875710129738, 0.0007719419130909351, 37.4472371614447
item: 0.03489831369370222, 0.00531114088800639, 30.755583745674027
store: 9.930133819580078e-05, 0.00046505828023228775, 10.808156437935029
store_sales: 174.69669486396015, 23.129751845623662, 16.458401897220195
web_sales: 67.01082486007363, 8.808027192747547, 15.453258850638909
catalog_sales: 132.3057429259643, 17.39019521850641, 1.78813586504603
date_dim: 0.001992875710129738, 0.00077184347605312, 32.24935641225085
item: 0.03489831369370222, 0.005309417104326711, 29.751931132171553
store: 9.930133819580078e-05, 0.0004650533752954001, 10.808156442839966
store_sales: 174.69669486396015, 23.121122795115852, 11.269150100097114
web_sales: 67.01082486007363, 8.804717228625226, 10.258687967130335
Function: 108.41278631777021, 1.9476870868245764, 56.78405284881592, 45.24449520281535, 4.335983578434388, 0.06818965900860598, 0.03237794187135994
hiya: 0b10000101000100010001000, 108.41278631777021
catalog_sales: 132.3057429259643, 17.39019521850641, 1.78813586504603
date_dim: 0.001992875710129738, 0.00077184347605312, 32.24935641225085
item: 0.03489831369370222, 0.005309417104326711, 29.751931132171553
store: 9.930133819580078e-05, 0.0004650533752954001, 10.808156442839966
store_sales: 174.69669486396015, 23.121122795115852, 11.269150100097114
web_sales: 67.01082486007363, 8.804717228625226, 10.258687967130335
date_dim: 0.001992875710129738, 0.0007717363963889347, 13.07102543577806
item: 0.03489831369370222, 0.00530754197498876, 11.273268481134762
store: 9.930133819580078e-05, 0.0004650480397123062, 10.808156448175549
store_sales: 174.69669486396015, 23.111736126732456, -7.136917223960191
web_sales: 67.01082486007363, 8.801116654547112, -8.048165408899841
date_dim: 0.001992875710129738, 0.0007714802927617135, -0.0007714802927617135
date_dim had no query dependencies
item: 0.03489831369370222, 0.005303057207235592, -0.005303057207235592
item had no query dependencies
store: 9.930133819580078e-05, 0.0004650352785387064, -0.0004650352785387064
store had no query dependencies
Function: 94.33101177215576, 0, 94.33101177215576, 0.0, 0, 0.0, 0
hiya: 0b0, 94.33101177215576
{61.515357134912286: [0, 1, 2, 3, 4, 5, 6, 7, 8, 9, 10, 11, 12, 13, 15, 16, 17, 18, 19, 20, 21, 22, 23], 62.28376142137974: [0, 1, 2, 3, 4, 5, 6, 7, 8, 9, 11, 12, 13, 15, 16, 17, 18, 19, 20, 21, 22, 23], 62.54330810560967: [0, 1, 2, 3, 4, 5, 6, 7, 8, 9, 11, 12, 13, 15, 16, 17, 18, 20, 21, 22, 23], 63.47331542232964: [1, 2, 3, 4, 5, 6, 7, 8, 9, 11, 12, 13, 15, 16, 17, 18, 20, 21, 22, 23], 66.13059593957972: [1, 2, 3, 4, 5, 6, 7, 8, 9, 11, 12, 13, 15, 16, 17, 18, 21, 22, 23], 68.82058246452175: [1, 2, 3, 4, 5, 6, 7, 8, 11, 12, 13, 15, 16, 17, 18, 21, 22, 23], 71.7219416883168: [1, 2, 3, 4, 5, 6, 7, 8, 11, 12, 15, 16, 17, 18, 21, 22, 23], 75.07340596400104: [1, 2, 3, 4, 5, 6, 7, 8, 11, 12, 15, 16, 17, 21, 22, 23], 79.47791416364859: [1, 2, 3, 4, 5, 6, 7, 11, 12, 15, 16, 17, 21, 22, 23], 85.71134655541096: [1, 2, 3, 4, 5, 6, 7, 11, 15, 16, 17, 21, 22, 23], 88.26939154348285: [2, 3, 4, 5, 6, 7, 11, 15, 16, 17, 21, 22, 23], 88.80683328651784: [2, 3, 4, 5, 6, 7, 11, 15, 16, 17, 21, 22], 90.44306017340408: [3, 4, 5, 6, 7, 11, 15, 16, 17, 22], 91.83471913118795: [3, 4, 5, 6, 7, 11, 15, 17, 22], 98.2318807136684: [3, 4, 5, 7, 11, 15, 17, 22], 103.34686713765628: [3, 4, 7, 11, 15, 17, 22], 108.41278631777021: [3, 7, 11, 15, 17, 22], 94.33101177215576: []}
[0, 1, 2, 3, 4, 5, 6, 7, 8, 9, 10, 11, 12, 13, 15, 16, 17, 18, 19, 20, 21, 22, 23]
{'23': 4327576, '32': 2184, '38': 4325528, '42': 133248, '60': 4327592, '61': 170160, '43': 163968, '46': 164272, '18': 2296, '11': 4325520, '90': 5505280, '12': 4196480, '93': 204800, '49': 6488204, '14': 4327560, '16': 173, '03': 133248, '33': 4327592, '28': 131072, '34': 164240, '40': 526476, '77': 7569548, '48': 164064, '82': 134272, '76': 4327560, '51': 4325504, '95': 14680224, '74': 4325520, '06': 133296, '37': 3208, '88': 426240, '09': 139264, '36': 166016, '56': 4327592, '30': 2097328, '04': 4325528, '26': 6344, '87': 4325528, '97': 131208, '50': 229504, '65': 166016, '78': 6488204, '10': 4325624, '84': 66416, '39': 527488, '64': 236540, '20': 2184, '44': 133120, '13': 164320, '69': 4325624, '59': 163968, '81': 180, '29': 231560, '75': 6490252, '35': 4325624, '15': 184, '70': 163968, '67': 166016, '91': 501, '01': 98448, '79': 164240, '02': 4194440, '57': 2185, '63': 166016, '24': 231472, '55': 133248, '71': 4589704, '53': 166016, '85': 7348448, '58': 4327560, '72': 531916, '96': 426240, '17': 231560, '07': 137408, '25': 231560, '31': 4325536, '68': 164272, '27': 166080, '05': 14909582, '83': 2164868, '80': 14915726, '86': 4196480, '45': 4196528, '21': 527488, '08': 164016, '22': 527488, '47': 166016, '19': 166064, '98': 133248, '73': 164240, '94': 14680224, '92': 4196480, '54': 4360376, '89': 166016, '52': 133248}
Best Cost: $61.515357134912286;
[0, 1, 2, 3, 4, 5, 6, 7, 8, 9, 10, 11, 12, 13, 15, 16, 17, 18, 19, 20, 21, 22, 23]
{}
{'23': 4327576, '32': 2184, '38': 4325528, '42': 133248, '60': 4327592, '61': 170160, '43': 163968, '46': 164272, '18': 2296, '11': 4325520, '90': 5505280, '12': 4196480, '93': 204800, '49': 6488204, '14': 4327560, '16': 173, '03': 133248, '33': 4327592, '28': 131072, '34': 164240, '40': 526476, '77': 7569548, '48': 164064, '82': 134272, '76': 4327560, '51': 4325504, '95': 14680224, '74': 4325520, '06': 133296, '37': 3208, '88': 426240, '09': 139264, '36': 166016, '56': 4327592, '30': 2097328, '04': 4325528, '26': 6344, '87': 4325528, '97': 131208, '50': 229504, '65': 166016, '78': 6488204, '10': 4325624, '84': 66416, '39': 527488, '64': 236540, '20': 2184, '44': 133120, '13': 164320, '69': 4325624, '59': 163968, '81': 180, '29': 231560, '75': 6490252, '35': 4325624, '15': 184, '70': 163968, '67': 166016, '91': 501, '01': 98448, '79': 164240, '02': 4194440, '57': 2185, '63': 166016, '24': 231472, '55': 133248, '71': 4589704, '53': 166016, '85': 7348448, '58': 4327560, '72': 531916, '96': 426240, '17': 231560, '07': 137408, '25': 231560, '31': 4325536, '68': 164272, '27': 166080, '05': 14909582, '83': 2164868, '80': 14915726, '86': 4196480, '45': 4196528, '21': 527488, '08': 164016, '22': 527488, '47': 166016, '19': 166064, '98': 133248, '73': 164240, '94': 14680224, '92': 4196480, '54': 4360376, '89': 166016, '52': 133248}
{'23': 4327576, '32': 2184, '38': 4325528, '42': 133248, '60': 4327592, '61': 170160, '43': 163968, '46': 164272, '18': 2296, '11': 4325520, '90': 5505280, '12': 4196480, '93': 204800, '49': 6488204, '14': 4327560, '16': 173, '03': 133248, '33': 4327592, '28': 131072, '34': 164240, '40': 526476, '77': 7569548, '48': 164064, '82': 134272, '76': 4327560, '51': 4325504, '95': 14680224, '74': 4325520, '06': 133296, '37': 3208, '88': 426240, '09': 139264, '36': 166016, '56': 4327592, '30': 2097328, '04': 4325528, '26': 6344, '87': 4325528, '97': 131208, '50': 229504, '65': 166016, '78': 6488204, '10': 4325624, '84': 66416, '39': 527488, '64': 236540, '20': 2184, '44': 133120, '13': 164320, '69': 4325624, '59': 163968, '81': 180, '29': 231560, '75': 6490252, '35': 4325624, '15': 184, '70': 163968, '67': 166016, '91': 501, '01': 98448, '79': 164240, '02': 4194440, '57': 2185, '63': 166016, '24': 231472, '55': 133248, '71': 4589704, '53': 166016, '85': 7348448, '58': 4327560, '72': 531916, '96': 426240, '17': 231560, '07': 137408, '25': 231560, '31': 4325536, '68': 164272, '27': 166080, '05': 14909582, '83': 2164868, '80': 14915726, '86': 4196480, '45': 4196528, '21': 527488, '08': 164016, '22': 527488, '47': 166016, '19': 166064, '98': 133248, '73': 164240, '94': 14680224, '92': 4196480, '54': 4360376, '89': 166016, '52': 133248}
[0, 1, 2, 3, 4, 5, 6, 7, 8, 9, 10, 11, 12, 13, 15, 16, 17, 18, 19, 20, 21, 22, 23]
23
Optimal Subset: 0b111111111011111111111111
Function: 61.515357134912286, 5.589897532863221, 0.00011920928955078125, 50.85627762687901, 4.904497113164266, 0.12800923959632704, 0.03655641311990917
61.515357134912286
Real: 61.515357134912286, 5.589897532863221, 0.00011920928955078125, 50.85627762687901, 4.904497113164266, 0.12800923959632704, 0.03655641311990917
Num Redshift Qs: 95; Num GCP Qs: 1
Redshift Qs: $5.589897532863221; GCP Qs: $0.00011920928955078125; Movement Cost: $50.85627762687901
Load Cost: $4.904497113164266, Storage Cost: $0.12800923959632704, API Cost: $0.03655641311990917
Final cost: $61.515357134912286, BQ Baseline: $94.33101177215576, Diff: $32.815654637243476, %: 34.78776917659423%
