Egress: $0.12/GB
Benchmark: tpcds
Data Path: parquet_1000/real_data_rs4
BigQuery Cost: $5/TB; DuckDB Cost: $1.48/hr; Redshift Cost: $4.344/hr
Use Duck: True
Excluded Table: item
Excluded Query: None

Starting analysis using DuckDB
Duck Total: $13.034762937336497, Duck-Calcite Total: $15.62842921229998, Redshift Total: $3.6707418770297378, Redshift-Calcite Total: $3.0671296285565703, BigQuery Total: $33.85058403015137
Excluding table item and any queries that depend on it
Total Keys: 46, Keys Considered: 42

Round 0
call_center: 9.615905582904816e-06, 0.0012266203682621323, 0.30955271141386687
catalog_page: 0.0017016949132084846, 0.004862341954012712, 0.16761436719036757
catalog_returns: 13.009788101539016, 1.6995430703018108, -0.8463207226798933
catalog_sales: 132.3057429259643, 17.473707369865078, -14.38211429045177
customer: 0.8535048151388764, 0.11653765265752872, 2.598123305384616
customer_address: 0.2449320713058114, 0.04971728206366301, 1.972351536730163
customer_demographics: 0.011580578982830048, 0.0059468230589230855, 0.6547939834041065
date_dim: 0.001992875710129738, 0.001932227444847425, 6.3514791340417975
household_demographics: 3.5176053643226624e-05, 0.001271984027425448, 1.4412704926494098
income_band: 5.122274160385132e-07, 0.0011115778269370398, 0.0030993164313501773
inventory: 5.1357166497036815, 0.830242019427518, -0.830242019427518
inventory had no query dependencies
promotion: 7.638614624738693e-05, 0.004882572557032109, -0.004882572557032109
promotion had no query dependencies
reason: 1.4491379261016846e-06, 0.0013572035205364227, 1.2251144959255058
ship_mode: 1.3029202818870544e-06, 0.0013198829987645148, 0.3471124557492137
store: 9.930133819580078e-05, 0.0014100221252441407, 2.560723802613682
store_returns: 20.850121902301908, 2.8357913452873627, -1.8550482370762693
store_sales: 174.69669486396015, 23.496577628226877, -16.152088204921686
time_dim: 0.0012146271765232086, 0.001782668683131536, 0.7752890686062972
warehouse: 2.907589077949524e-06, 0.0014393301194906235, 0.3469930086284876
web_page: 7.394980639219284e-05, 0.0014203952955206237, 0.22725167623715264
web_returns: 6.285572262480855, 0.8134213526910543, 0.3044655895970265
web_sales: 67.01082486007363, 8.818474529063403, -4.724954148418605
web_site: 1.0454095900058746e-05, 0.001764462866485119, 0.6546171622634264

Round 1
call_center: 9.615905582904816e-06, 0.0012266203682621323, -0.0012266203682621323
call_center had no query dependencies
catalog_page: 0.0017016949132084846, 0.004862341954012712, -0.004862341954012712
catalog_page had no query dependencies
customer: 0.8535048151388764, 0.11653765265752872, -0.11653765265752872
customer had no query dependencies
customer_address: 0.2449320713058114, 0.04971728206366301, -0.04971728206366301
customer_address had no query dependencies
customer_demographics: 0.011580578982830048, 0.0059468230589230855, -0.0059468230589230855
customer_demographics had no query dependencies
date_dim: 0.001992875710129738, 0.001932227444847425, -0.001932227444847425
date_dim had no query dependencies
household_demographics: 3.5176053643226624e-05, 0.001271984027425448, -0.001271984027425448
household_demographics had no query dependencies
income_band: 5.122274160385132e-07, 0.0011115778269370398, -0.0011115778269370398
income_band had no query dependencies
reason: 1.4491379261016846e-06, 0.0013572035205364227, -0.0013572035205364227
reason had no query dependencies
ship_mode: 1.3029202818870544e-06, 0.0013198829987645148, -0.0013198829987645148
ship_mode had no query dependencies
store: 9.930133819580078e-05, 0.0014100221252441407, -0.0014100221252441407
store had no query dependencies
time_dim: 0.0012146271765232086, 0.001782668683131536, -0.001782668683131536
time_dim had no query dependencies
warehouse: 2.907589077949524e-06, 0.0014393301194906235, -0.0014393301194906235
warehouse had no query dependencies
web_page: 7.394980639219284e-05, 0.0014203952955206237, -0.0014203952955206237
web_page had no query dependencies
web_returns: 6.285572262480855, 0.8134213526910543, -0.8134213526910543
web_returns had no query dependencies
web_site: 1.0454095900058746e-05, 0.001764462866485119, -0.001764462866485119
web_site had no query dependencies
[]
0
Optimal Subset: 0b0
Num Redshift Qs: 0; Num GCP Qs: 46
Num BigQuery Qs: 2; Num DuckDB Qs: 44
Redshift Qs: $0; GCP Qs: $11.661086643428272; Movement Cost: $0.0
Final cost: $11.661086643428272, BQ Baseline: $13.034762937336497, Diff: $1.3736762939082254, %: 10.538559853463052%
