Egress: $0.24/GB
Benchmark: tpcds
Data Path: parquet_1000/real_data_rs4
BigQuery Cost: $5.0/TB; DuckDB Cost: $1.48/hr; Redshift Cost: $4.344/hr
Use Duck: False
Excluded Table: web_page
Excluded Query: None

Starting analysis without using DuckDB
Redshift Total: $9.011149626212124, Redshift-Calcite Total: $8.064813561162946, BigQuery Total: $92.55434989929199
Excluding table web_page and any queries that depend on it
Total Keys: 96, Keys Considered: 93
-0.9180881611158428
call_center: 9.615905582904816e-06, 0.001237776055312473, 1.2291859127458171
catalog_page: 0.0017016949132084846, 0.005076860057676503, 6.25497837910159
catalog_returns: 13.009788101539016, 3.2631336927400523, 10.327152379051595
catalog_sales: 132.3057429259643, 33.37487534889942, 13.720630492160268
customer: 0.8535048151388764, 0.21912607896956146, 17.58169640982635
customer_address: 0.2449320713058114, 0.0791644287349546, 16.529602430146355
customer_demographics: 0.011580578982830048, 0.007348634266980087, 10.911582313245011
date_dim: 0.001992875710129738, 0.002181741095566924, 74.67213249874811
household_demographics: 3.5176053643226624e-05, 0.0012862116593761862, 9.893949215121008
income_band: 5.122274160385132e-07, 0.001121639388959092, 2.5824093671522927
inventory: 5.1357166497036815, 1.4474878247409178, 0.0897039175028489
item: 0.03489831369370222, 0.012483836289447041, 55.44980244339366
promotion: 7.638614624738693e-05, 0.004901753021553357, 8.895386344320302
reason: 1.4491379261016846e-06, 0.0013673776850933554, 2.9276638694681885
ship_mode: 1.3029202818870544e-06, 0.0013300395901624255, 0.9035070017656065
store: 9.930133819580078e-05, 0.0014319566507701002, 35.607690596621474
store_returns: 20.850121902301908, 5.341672027228588, 11.867602899837573
store_sales: 174.69669486396015, 44.49249968777696, 32.15010277466096
time_dim: 0.0012146271765232086, 0.0019386485793355254, 3.861483367755198
warehouse: 2.907589077949524e-06, 0.0014496795679139808, 2.3348406731056164
web_returns: 6.285572262480855, 1.5688624876061374, 9.014943765746027
web_sales: 67.01082486007363, 16.87217659745452, 23.590504360182337
web_site: 1.0454095900058746e-05, 0.0017757192913897266, 6.941457069570204
{}
{}
STARTING PHASE 2: 0b111011111111111111111111
----
[0, 1, 2, 3, 4, 5, 6, 7, 8, 9, 10, 11, 12, 13, 14, 15, 16, 17, 18, 19, 21, 22, 23]
Function: 115.04991482715319, 7.867136765643754, 0.07592201232910156, 101.30961167743581, 5.719256713830631, 0.0414312510706835, 0.03655640684321821
-0.9180881611158428
call_center: 9.615905582904816e-06, 0.001237776055312473, 1.2291859127458171
catalog_page: 0.0017016949132084846, 0.005076860057676503, 6.25497837910159
catalog_returns: 13.009788101539016, 3.2631336927400523, 10.327152379051595
catalog_sales: 132.3057429259643, 33.37487534889942, 13.720630492160268
customer: 0.8535048151388764, 0.21912607896956146, 17.58169640982635
customer_address: 0.2449320713058114, 0.0791644287349546, 16.529602430146355
customer_demographics: 0.011580578982830048, 0.007348634266980087, 10.911582313245011
date_dim: 0.001992875710129738, 0.002181741095566924, 74.67213249874811
household_demographics: 3.5176053643226624e-05, 0.0012862116593761862, 9.893949215121008
income_band: 5.122274160385132e-07, 0.001121639388959092, 2.5824093671522927
inventory: 5.1357166497036815, 1.4474878247409178, 0.0897039175028489
item: 0.03489831369370222, 0.012483836289447041, 55.44980244339366
promotion: 7.638614624738693e-05, 0.004901753021553357, 8.895386344320302
reason: 1.4491379261016846e-06, 0.0013673776850933554, 2.9276638694681885
ship_mode: 1.3029202818870544e-06, 0.0013300395901624255, 0.9035070017656065
store: 9.930133819580078e-05, 0.0014319566507701002, 35.607690596621474
store_returns: 20.850121902301908, 5.341672027228588, 11.867602899837573
store_sales: 174.69669486396015, 44.49249968777696, 32.15010277466096
time_dim: 0.0012146271765232086, 0.0019386485793355254, 3.861483367755198
warehouse: 2.907589077949524e-06, 0.0014496795679139808, 2.3348406731056164
web_returns: 6.285572262480855, 1.5688624876061374, 9.014943765746027
web_sales: 67.01082486007363, 16.87217659745452, 23.590504360182337
web_site: 1.0454095900058746e-05, 0.0017757192913897266, 6.941457069570204
call_center: 9.615905582904816e-06, 0.0012377760243642666, 1.2291859127767653
catalog_page: 0.0017016949132084846, 0.005076854580875081, 6.254978384578391
catalog_returns: 13.009788101539016, 3.2630918215295184, 9.981552969779518
catalog_sales: 132.3057429259643, 33.37444953092501, 13.241013826509267
customer: 0.8535048151388764, 0.21912333201630385, 17.58169915677961
customer_address: 0.2449320713058114, 0.07916364043600277, 16.529603218445306
customer_demographics: 0.011580578982830048, 0.0073485969955920435, 10.565941070033789
date_dim: 0.001992875710129738, 0.0021817346816178436, 73.13494076291832
household_demographics: 3.5176053643226624e-05, 0.0012862115461642002, 9.54830793475161
income_band: 5.122274160385132e-07, 0.0011216393873105192, 2.582409367153941
item: 0.03489831369370222, 0.012483723971350193, 53.91261081346799
promotion: 7.638614624738693e-05, 0.004901752775709199, 8.549745064083536
reason: 1.4491379261016846e-06, 0.0013673776804293933, 2.9276638694728527
ship_mode: 1.3029202818870544e-06, 0.001330039585969056, 0.9035070017697999
store: 9.930133819580078e-05, 0.0014319563311747919, 35.60769059694107
store_returns: 20.850121902301908, 5.341604922381299, 11.867670004684863
store_sales: 174.69669486396015, 44.49193743710592, 31.96512928165201
time_dim: 0.0012146271765232086, 0.001938644670131945, 3.8614833716644017
warehouse: 2.907589077949524e-06, 0.0014496795585560824, 1.11758587769401
web_returns: 6.285572262480855, 1.5688422578746863, 9.014963995477478
web_sales: 67.01082486007363, 16.871960927196568, 23.590720030440288
web_site: 1.0454095900058746e-05, 0.0017757192577438558, 6.94145706960385
Function: 115.13336037010265, 7.637351197706857, 1.8428993225097656, 100.07211795305096, 5.5053006923675545, 0.03958852354281918, 0.036102680924683814
hiya: 0b111011111111101111111111, 115.13336037010265
call_center: 9.615905582904816e-06, 0.0012377760243642666, 1.2291859127767653
catalog_page: 0.0017016949132084846, 0.005076854580875081, 6.254978384578391
catalog_returns: 13.009788101539016, 3.2630918215295184, 9.981552969779518
catalog_sales: 132.3057429259643, 33.37444953092501, 13.241013826509267
customer: 0.8535048151388764, 0.21912333201630385, 17.58169915677961
customer_address: 0.2449320713058114, 0.07916364043600277, 16.529603218445306
customer_demographics: 0.011580578982830048, 0.0073485969955920435, 10.565941070033789
date_dim: 0.001992875710129738, 0.0021817346816178436, 73.13494076291832
household_demographics: 3.5176053643226624e-05, 0.0012862115461642002, 9.54830793475161
income_band: 5.122274160385132e-07, 0.0011216393873105192, 2.582409367153941
item: 0.03489831369370222, 0.012483723971350193, 53.91261081346799
promotion: 7.638614624738693e-05, 0.004901752775709199, 8.549745064083536
reason: 1.4491379261016846e-06, 0.0013673776804293933, 2.9276638694728527
ship_mode: 1.3029202818870544e-06, 0.001330039585969056, 0.9035070017697999
store: 9.930133819580078e-05, 0.0014319563311747919, 35.60769059694107
store_returns: 20.850121902301908, 5.341604922381299, 11.867670004684863
store_sales: 174.69669486396015, 44.49193743710592, 31.96512928165201
time_dim: 0.0012146271765232086, 0.001938644670131945, 3.8614833716644017
warehouse: 2.907589077949524e-06, 0.0014496795585560824, 1.11758587769401
web_returns: 6.285572262480855, 1.5688422578746863, 9.014963995477478
web_sales: 67.01082486007363, 16.871960927196568, 23.590720030440288
web_site: 1.0454095900058746e-05, 0.0017757192577438558, 6.94145706960385
call_center: 9.615905582904816e-06, 0.0012377760218348882, 0.9787487613361312
catalog_page: 0.0017016949132084846, 0.005076854133259369, 6.254978385026007
catalog_returns: 13.009788101539016, 3.26308839942047, 9.981556391888567
catalog_sales: 132.3057429259643, 33.374414729076086, 12.462231566881485
customer: 0.8535048151388764, 0.21912310750945346, 17.58169938128646
customer_address: 0.2449320713058114, 0.07916357600879988, 16.52960328287251
customer_demographics: 0.011580578982830048, 0.007348593949423742, 10.565941073079959
date_dim: 0.001992875710129738, 0.002181734157409613, 72.23010372208675
household_demographics: 3.5176053643226624e-05, 0.0012862115369114521, 9.548307934760864
income_band: 5.122274160385132e-07, 0.0011216393871757823, 2.582409367154076
item: 0.03489831369370222, 0.012483714791659169, 53.912610822647686
promotion: 7.638614624738693e-05, 0.004901752755616502, 8.549745064103629
reason: 1.4491379261016846e-06, 0.0013673776800482104, 2.9276638694732338
store: 9.930133819580078e-05, 0.0014319563050544581, 35.60769059696719
store_returns: 20.850121902301908, 5.341599437942177, 11.867675489123984
store_sales: 174.69669486396015, 44.49189148469412, 31.965175234063807
time_dim: 0.0012146271765232086, 0.0019386443506350692, 3.333103461950355
warehouse: 2.907589077949524e-06, 0.0014496795577912671, 0.2127488363390059
web_returns: 6.285572262480855, 1.5688406045108079, 9.014965648841358
web_sales: 67.01082486007363, 16.871943300595095, 22.93633776712915
web_site: 1.0454095900058746e-05, 0.0017757192549939988, 6.815437089727538
Function: 116.0367581273363, 7.602404189074833, 2.7826833724975586, 100.07211763910145, 5.503980965719223, 0.039479280131118996, 0.0360926808121115
hiya: 0b111011111011101111111111, 116.0367581273363
call_center: 9.615905582904816e-06, 0.0012377760218348882, 0.9787487613361312
catalog_page: 0.0017016949132084846, 0.005076854133259369, 6.254978385026007
catalog_returns: 13.009788101539016, 3.26308839942047, 9.981556391888567
catalog_sales: 132.3057429259643, 33.374414729076086, 12.462231566881485
customer: 0.8535048151388764, 0.21912310750945346, 17.58169938128646
customer_address: 0.2449320713058114, 0.07916357600879988, 16.52960328287251
customer_demographics: 0.011580578982830048, 0.007348593949423742, 10.565941073079959
date_dim: 0.001992875710129738, 0.002181734157409613, 72.23010372208675
household_demographics: 3.5176053643226624e-05, 0.0012862115369114521, 9.548307934760864
income_band: 5.122274160385132e-07, 0.0011216393871757823, 2.582409367154076
item: 0.03489831369370222, 0.012483714791659169, 53.912610822647686
promotion: 7.638614624738693e-05, 0.004901752755616502, 8.549745064103629
reason: 1.4491379261016846e-06, 0.0013673776800482104, 2.9276638694732338
store: 9.930133819580078e-05, 0.0014319563050544581, 35.60769059696719
store_returns: 20.850121902301908, 5.341599437942177, 11.867675489123984
store_sales: 174.69669486396015, 44.49189148469412, 31.965175234063807
time_dim: 0.0012146271765232086, 0.0019386443506350692, 3.333103461950355
warehouse: 2.907589077949524e-06, 0.0014496795577912671, 0.2127488363390059
web_returns: 6.285572262480855, 1.5688406045108079, 9.014965648841358
web_sales: 67.01082486007363, 16.871943300595095, 22.93633776712915
web_site: 1.0454095900058746e-05, 0.0017757192549939988, 6.815437089727538
call_center: 9.615905582904816e-06, 0.001237776017367856, 0.9787487613405982
catalog_page: 0.0017016949132084846, 0.0050768533427434925, 6.254978385816522
catalog_returns: 13.009788101539016, 3.263082355773063, 9.767363919639177
catalog_sales: 132.3057429259643, 33.37435326694819, 12.248094513112576
customer: 0.8535048151388764, 0.21912271101704925, 17.581699777778862
customer_address: 0.2449320713058114, 0.07916346222654101, 16.529603396654768
customer_demographics: 0.011580578982830048, 0.007348588569709976, 10.565941078459671
date_dim: 0.001992875710129738, 0.0021817332316268084, 72.01590520711574
household_demographics: 3.5176053643226624e-05, 0.0012862115205705506, 9.548307934777204
income_band: 5.122274160385132e-07, 0.001121639386937829, 2.582409367154314
item: 0.03489831369370222, 0.012483698579780742, 53.69841232296277
promotion: 7.638614624738693e-05, 0.004901752720131609, 8.549745064139113
reason: 1.4491379261016846e-06, 0.0013673776793750188, 2.927663869473907
store: 9.930133819580078e-05, 0.0014319562589244004, 35.60769059701332
store_returns: 20.850121902301908, 5.341589752097628, 11.867685174968534
store_sales: 174.69669486396015, 44.491810330011305, 31.965256388746624
time_dim: 0.0012146271765232086, 0.0019386437863846504, 3.333103462514605
web_returns: 6.285572262480855, 1.568837684572204, 9.014968568779961
web_sales: 67.01082486007363, 16.871912170972173, 22.93636889675207
web_site: 1.0454095900058746e-05, 0.0017757192501375884, 6.815437089732393
Function: 116.24931403076967, 7.539793966263135, 3.0594921112060547, 100.07211693849364, 5.5025419845104215, 0.0392863497355385, 0.0360826805608958
hiya: 0b111001111011101111111111, 116.24931403076967
call_center: 9.615905582904816e-06, 0.001237776017367856, 0.9787487613405982
catalog_page: 0.0017016949132084846, 0.0050768533427434925, 6.254978385816522
catalog_returns: 13.009788101539016, 3.263082355773063, 9.767363919639177
catalog_sales: 132.3057429259643, 33.37435326694819, 12.248094513112576
customer: 0.8535048151388764, 0.21912271101704925, 17.581699777778862
customer_address: 0.2449320713058114, 0.07916346222654101, 16.529603396654768
customer_demographics: 0.011580578982830048, 0.007348588569709976, 10.565941078459671
date_dim: 0.001992875710129738, 0.0021817332316268084, 72.01590520711574
household_demographics: 3.5176053643226624e-05, 0.0012862115205705506, 9.548307934777204
income_band: 5.122274160385132e-07, 0.001121639386937829, 2.582409367154314
item: 0.03489831369370222, 0.012483698579780742, 53.69841232296277
promotion: 7.638614624738693e-05, 0.004901752720131609, 8.549745064139113
reason: 1.4491379261016846e-06, 0.0013673776793750188, 2.927663869473907
store: 9.930133819580078e-05, 0.0014319562589244004, 35.60769059701332
store_returns: 20.850121902301908, 5.341589752097628, 11.867685174968534
store_sales: 174.69669486396015, 44.491810330011305, 31.965256388746624
time_dim: 0.0012146271765232086, 0.0019386437863846504, 3.333103462514605
web_returns: 6.285572262480855, 1.568837684572204, 9.014968568779961
web_sales: 67.01082486007363, 16.871912170972173, 22.93636889675207
web_site: 1.0454095900058746e-05, 0.0017757192501375884, 6.815437089732393
catalog_page: 0.0017016949132084846, 0.0050768515389691075, 6.254978387620297
catalog_returns: 13.009788101539016, 3.2630685655675737, 9.339462430968045
catalog_sales: 132.3057429259643, 33.374213024588514, 11.286369385303573
customer: 0.8535048151388764, 0.21912180631309136, 17.563579515293544
customer_address: 0.2449320713058114, 0.07916320260174407, 16.101688377402947
customer_demographics: 0.011580578982830048, 0.007348576294447489, 10.547819923545653
date_dim: 0.001992875710129738, 0.0021817311192045812, 71.03591867187018
household_demographics: 3.5176053643226624e-05, 0.0012862114832843932, 9.530186767625208
income_band: 5.122274160385132e-07, 0.0011216393863948747, 2.582409367154857
item: 0.03489831369370222, 0.012483661588023973, 53.14634110147318
promotion: 7.638614624738693e-05, 0.004901752639163292, 8.549745064220081
reason: 1.4491379261016846e-06, 0.0013673776778389516, 2.927663869475443
store: 9.930133819580078e-05, 0.0014319561536662788, 35.60769059711858
store_returns: 20.850121902301908, 5.341567651240699, 11.867707275825463
store_sales: 174.69669486396015, 44.491625153796164, 31.965441564961765
time_dim: 0.0012146271765232086, 0.0019386424988957053, 3.333103463802094
web_returns: 6.285572262480855, 1.5688310219476909, 9.014975231404474
web_sales: 67.01082486007363, 16.871841140372933, 22.936439927351312
web_site: 1.0454095900058746e-05, 0.0017757192390563835, 6.815437089743475
Function: 117.22762256099792, 7.394873963704109, 4.184398651123047, 100.07211462146105, 5.50131651805083, 0.03884612692879186, 0.03607267973008156
hiya: 0b111001111011101111111110, 117.22762256099792
catalog_page: 0.0017016949132084846, 0.0050768515389691075, 6.254978387620297
catalog_returns: 13.009788101539016, 3.2630685655675737, 9.339462430968045
catalog_sales: 132.3057429259643, 33.374213024588514, 11.286369385303573
customer: 0.8535048151388764, 0.21912180631309136, 17.563579515293544
customer_address: 0.2449320713058114, 0.07916320260174407, 16.101688377402947
customer_demographics: 0.011580578982830048, 0.007348576294447489, 10.547819923545653
date_dim: 0.001992875710129738, 0.0021817311192045812, 71.03591867187018
household_demographics: 3.5176053643226624e-05, 0.0012862114832843932, 9.530186767625208
income_band: 5.122274160385132e-07, 0.0011216393863948747, 2.582409367154857
item: 0.03489831369370222, 0.012483661588023973, 53.14634110147318
promotion: 7.638614624738693e-05, 0.004901752639163292, 8.549745064220081
reason: 1.4491379261016846e-06, 0.0013673776778389516, 2.927663869475443
store: 9.930133819580078e-05, 0.0014319561536662788, 35.60769059711858
store_returns: 20.850121902301908, 5.341567651240699, 11.867707275825463
store_sales: 174.69669486396015, 44.491625153796164, 31.965441564961765
time_dim: 0.0012146271765232086, 0.0019386424988957053, 3.333103463802094
web_returns: 6.285572262480855, 1.5688310219476909, 9.014975231404474
web_sales: 67.01082486007363, 16.871841140372933, 22.936439927351312
web_site: 1.0454095900058746e-05, 0.0017757192390563835, 6.815437089743475
catalog_page: 0.0017016949132084846, 0.005076848216472132, 6.254978390942794
catalog_returns: 13.009788101539016, 3.2630431644329283, 6.763605519095971
catalog_sales: 132.3057429259643, 33.37395470247256, 8.710745394412804
customer: 0.8535048151388764, 0.21912013987620854, 14.980050175189175
customer_address: 0.2449320713058114, 0.07916272438084809, 13.518157849082593
customer_demographics: 0.011580578982830048, 0.007348553683791287, 7.964288939615058
date_dim: 0.001992875710129738, 0.0021817272281877674, 68.46003636275448
household_demographics: 3.5176053643226624e-05, 0.0012862114146044371, 6.946655761152637
item: 0.03489831369370222, 0.01248359345034501, 50.57045885660414
promotion: 7.638614624738693e-05, 0.00490175249002214, 5.973862751362504
reason: 1.4491379261016846e-06, 0.001367377675009563, 2.9276638694782724
store: 9.930133819580078e-05, 0.001431955959784054, 33.03180828430574
store_returns: 20.850121902301908, 5.341526942141543, 9.284216978383371
store_sales: 174.69669486396015, 44.491284064899574, 29.389900340851653
time_dim: 0.0012146271765232086, 0.001938640127380642, 3.3331034661736094
web_returns: 6.285572262480855, 1.5688187495981247, 9.01498750375404
web_sales: 67.01082486007363, 16.871710304192383, 22.93657076353186
web_site: 1.0454095900058746e-05, 0.0017757192186451441, 6.815437089763886
Function: 119.80922105245935, 7.12679001815796, 7.036013603210449, 100.07211449803559, 5.5002050016911825, 0.03803525167833556, 0.03606267968582511
hiya: 0b111001111011100111111110, 119.80922105245935
catalog_page: 0.0017016949132084846, 0.005076848216472132, 6.254978390942794
catalog_returns: 13.009788101539016, 3.2630431644329283, 6.763605519095971
catalog_sales: 132.3057429259643, 33.37395470247256, 8.710745394412804
customer: 0.8535048151388764, 0.21912013987620854, 14.980050175189175
customer_address: 0.2449320713058114, 0.07916272438084809, 13.518157849082593
customer_demographics: 0.011580578982830048, 0.007348553683791287, 7.964288939615058
date_dim: 0.001992875710129738, 0.0021817272281877674, 68.46003636275448
household_demographics: 3.5176053643226624e-05, 0.0012862114146044371, 6.946655761152637
item: 0.03489831369370222, 0.01248359345034501, 50.57045885660414
promotion: 7.638614624738693e-05, 0.00490175249002214, 5.973862751362504
reason: 1.4491379261016846e-06, 0.001367377675009563, 2.9276638694782724
store: 9.930133819580078e-05, 0.001431955959784054, 33.03180828430574
store_returns: 20.850121902301908, 5.341526942141543, 9.284216978383371
store_sales: 174.69669486396015, 44.491284064899574, 29.389900340851653
time_dim: 0.0012146271765232086, 0.001938640127380642, 3.3331034661736094
web_returns: 6.285572262480855, 1.5688187495981247, 9.01498750375404
web_sales: 67.01082486007363, 16.871710304192383, 22.93657076353186
web_site: 1.0454095900058746e-05, 0.0017757192186451441, 6.815437089763886
catalog_page: 0.0017016949132084846, 0.005076846677400485, 6.254978392481866
catalog_returns: 13.009788101539016, 3.2630313979312753, 6.763617285597624
catalog_sales: 132.3057429259643, 33.37383504058947, 8.710865056295894
customer: 0.8535048151388764, 0.2191193679369779, 14.980050947128406
customer_address: 0.2449320713058114, 0.07916250285582406, 13.518158070607617
customer_demographics: 0.011580578982830048, 0.007348543209915719, 7.964288950088934
date_dim: 0.001992875710129738, 0.002181725425762151, 68.46003636455691
household_demographics: 3.5176053643226624e-05, 0.0012862113827899996, 6.946655761184451
item: 0.03489831369370222, 0.012483561887104892, 50.57045888816739
promotion: 7.638614624738693e-05, 0.004901752420935872, 5.973862751431591
store: 9.930133819580078e-05, 0.0014319558699724944, 33.031808284395545
store_returns: 20.850121902301908, 5.3415080845712355, 8.75440461300624
store_sales: 174.69669486396015, 44.491126063175585, 26.461027095422367
time_dim: 0.0012146271765232086, 0.0019386390288298762, 3.33310346727216
web_returns: 6.285572262480855, 1.568813064709498, 9.014993188642666
web_sales: 67.01082486007363, 16.871649697288156, 22.93663137043609
web_site: 1.0454095900058746e-05, 0.0017757192091900987, 6.815437089773341
Function: 122.73650930093537, 7.00344833287716, 10.088386535644531, 100.07211414885373, 5.498847972067197, 0.03765963193213516, 0.0360526795606196
hiya: 0b111001111001100111111110, 122.73650930093537
catalog_page: 0.0017016949132084846, 0.005076846677400485, 6.254978392481866
catalog_returns: 13.009788101539016, 3.2630313979312753, 6.763617285597624
catalog_sales: 132.3057429259643, 33.37383504058947, 8.710865056295894
customer: 0.8535048151388764, 0.2191193679369779, 14.980050947128406
customer_address: 0.2449320713058114, 0.07916250285582406, 13.518158070607617
customer_demographics: 0.011580578982830048, 0.007348543209915719, 7.964288950088934
date_dim: 0.001992875710129738, 0.002181725425762151, 68.46003636455691
household_demographics: 3.5176053643226624e-05, 0.0012862113827899996, 6.946655761184451
item: 0.03489831369370222, 0.012483561887104892, 50.57045888816739
promotion: 7.638614624738693e-05, 0.004901752420935872, 5.973862751431591
store: 9.930133819580078e-05, 0.0014319558699724944, 33.031808284395545
store_returns: 20.850121902301908, 5.3415080845712355, 8.75440461300624
store_sales: 174.69669486396015, 44.491126063175585, 26.461027095422367
time_dim: 0.0012146271765232086, 0.0019386390288298762, 3.33310346727216
web_returns: 6.285572262480855, 1.568813064709498, 9.014993188642666
web_sales: 67.01082486007363, 16.871649697288156, 22.93663137043609
web_site: 1.0454095900058746e-05, 0.0017757192091900987, 6.815437089773341
catalog_page: 0.0017016949132084846, 0.005076845605617089, 6.254978393553649
catalog_returns: 13.009788101539016, 3.2630232039390656, 6.763625479589834
catalog_sales: 132.3057429259643, 33.37375171008337, 8.035212128632182
customer: 0.8535048151388764, 0.21911883037158855, 14.980051484693796
customer_address: 0.2449320713058114, 0.07916234858955405, 13.518158224873888
customer_demographics: 0.011580578982830048, 0.007348535916086394, 7.964288957382763
date_dim: 0.001992875710129738, 0.002181724170583518, 67.78430010764227
household_demographics: 3.5176053643226624e-05, 0.0012862113606349646, 4.287349913075426
item: 0.03489831369370222, 0.012483539906999734, 49.89472265197767
promotion: 7.638614624738693e-05, 0.004901752372825366, 5.973862751479701
store: 9.930133819580078e-05, 0.0014319558074292473, 30.372502436326908
store_returns: 20.850121902301908, 5.341494952479067, 8.75441774509841
store_sales: 174.69669486396015, 44.49101603345445, 23.1260950188425
web_returns: 6.285572262480855, 1.568809105849465, 9.0149971475027
web_sales: 67.01082486007363, 16.871607491667852, 22.260937317886572
web_site: 1.0454095900058746e-05, 0.0017757192026057655, 6.815437089779926
Function: 126.06935002982591, 6.918247175933521, 13.50862979888916, 100.07182147431365, 5.497211058645248, 0.037397947427507544, 0.036042574616831545
hiya: 0b111000111001100111111110, 126.06935002982591
catalog_page: 0.0017016949132084846, 0.005076845605617089, 6.254978393553649
catalog_returns: 13.009788101539016, 3.2630232039390656, 6.763625479589834
catalog_sales: 132.3057429259643, 33.37375171008337, 8.035212128632182
customer: 0.8535048151388764, 0.21911883037158855, 14.980051484693796
customer_address: 0.2449320713058114, 0.07916234858955405, 13.518158224873888
customer_demographics: 0.011580578982830048, 0.007348535916086394, 7.964288957382763
date_dim: 0.001992875710129738, 0.002181724170583518, 67.78430010764227
household_demographics: 3.5176053643226624e-05, 0.0012862113606349646, 4.287349913075426
item: 0.03489831369370222, 0.012483539906999734, 49.89472265197767
promotion: 7.638614624738693e-05, 0.004901752372825366, 5.973862751479701
store: 9.930133819580078e-05, 0.0014319558074292473, 30.372502436326908
store_returns: 20.850121902301908, 5.341494952479067, 8.75441774509841
store_sales: 174.69669486396015, 44.49101603345445, 23.1260950188425
web_returns: 6.285572262480855, 1.568809105849465, 9.0149971475027
web_sales: 67.01082486007363, 16.871607491667852, 22.260937317886572
web_site: 1.0454095900058746e-05, 0.0017757192026057655, 6.815437089779926
catalog_page: 0.0017016949132084846, 0.005076842520102207, 6.254978396639164
catalog_returns: 13.009788101539016, 3.2629996145785407, 6.763649068950358
catalog_sales: 132.3057429259643, 33.37351181318074, 8.03545202553481
customer: 0.8535048151388764, 0.219117282795822, 11.59291155206212
customer_address: 0.2449320713058114, 0.07916190447848252, 10.983966065573284
customer_demographics: 0.011580578982830048, 0.0073485149181692425, 7.062794334152064
date_dim: 0.001992875710129738, 0.002181720557099329, 63.49566398681969
item: 0.03489831369370222, 0.012483476629343173, 49.894722715255334
promotion: 7.638614624738693e-05, 0.0049017522343219305, 5.973862751618205
store: 9.930133819580078e-05, 0.0014319556273759636, 26.083866312070906
store_returns: 20.850121902301908, 5.341457147017617, 8.754455550559861
store_sales: 174.69669486396015, 44.49069927323626, 18.837775654624636
web_returns: 6.285572262480855, 1.5687977088436837, 9.01500854450848
web_sales: 67.01082486007363, 16.871485987574598, 22.261058821979827
web_site: 1.0454095900058746e-05, 0.0017757191836503886, 6.8154370897988805
Function: 130.3559468731502, 6.66952024800142, 18.045992851257324, 100.0718129983504, 5.49594329574426, 0.0366449082191967, 0.036032571577620506
hiya: 0b111000111001100011111110, 130.3559468731502
catalog_page: 0.0017016949132084846, 0.005076842520102207, 6.254978396639164
catalog_returns: 13.009788101539016, 3.2629996145785407, 6.763649068950358
catalog_sales: 132.3057429259643, 33.37351181318074, 8.03545202553481
customer: 0.8535048151388764, 0.219117282795822, 11.59291155206212
customer_address: 0.2449320713058114, 0.07916190447848252, 10.983966065573284
customer_demographics: 0.011580578982830048, 0.0073485149181692425, 7.062794334152064
date_dim: 0.001992875710129738, 0.002181720557099329, 63.49566398681969
item: 0.03489831369370222, 0.012483476629343173, 49.894722715255334
promotion: 7.638614624738693e-05, 0.0049017522343219305, 5.973862751618205
store: 9.930133819580078e-05, 0.0014319556273759636, 26.083866312070906
store_returns: 20.850121902301908, 5.341457147017617, 8.754455550559861
store_sales: 174.69669486396015, 44.49069927323626, 18.837775654624636
web_returns: 6.285572262480855, 1.5687977088436837, 9.01500854450848
web_sales: 67.01082486007363, 16.871485987574598, 22.261058821979827
web_site: 1.0454095900058746e-05, 0.0017757191836503886, 6.8154370897988805
catalog_page: 0.0017016949132084846, 0.005076838137969623, 2.501518763999278
catalog_returns: 13.009788101539016, 3.2629661123238725, 3.01022293418301
catalog_sales: 132.3057429259643, 33.37317110504168, 3.8847133407606975
customer: 0.8535048151388764, 0.21911508488641296, 10.52762943967992
customer_address: 0.2449320713058114, 0.07916127373979828, 9.91868238602036
customer_demographics: 0.011580578982830048, 0.007348485096353294, 5.902773807434978
date_dim: 0.001992875710129738, 0.0021817154251303037, 57.51689948809914
item: 0.03489831369370222, 0.012483386760685533, 43.91595830127147
store: 9.930133819580078e-05, 0.0014319553716593682, 21.265122365013
store_returns: 20.850121902301908, 5.341403454667796, 5.001049605887662
store_sales: 174.69669486396015, 44.49024940171527, 13.257080778184275
web_returns: 6.285572262480855, 1.568781522504519, 5.261565093825628
web_sales: 67.01082486007363, 16.87131342413986, 18.507771748392546
web_site: 1.0454095900058746e-05, 0.0017757191567294441, 3.0619774528037826
Function: 136.32874006939127, 6.319344360313417, 24.37493324279785, 100.0717945924719, 5.491069889524778, 0.03557541930546428, 0.03602256497785747
hiya: 0b111000111000100011111110, 136.32874006939127
catalog_page: 0.0017016949132084846, 0.005076838137969623, 2.501518763999278
catalog_returns: 13.009788101539016, 3.2629661123238725, 3.01022293418301
catalog_sales: 132.3057429259643, 33.37317110504168, 3.8847133407606975
customer: 0.8535048151388764, 0.21911508488641296, 10.52762943967992
customer_address: 0.2449320713058114, 0.07916127373979828, 9.91868238602036
customer_demographics: 0.011580578982830048, 0.007348485096353294, 5.902773807434978
date_dim: 0.001992875710129738, 0.0021817154251303037, 57.51689948809914
item: 0.03489831369370222, 0.012483386760685533, 43.91595830127147
store: 9.930133819580078e-05, 0.0014319553716593682, 21.265122365013
store_returns: 20.850121902301908, 5.341403454667796, 5.001049605887662
store_sales: 174.69669486396015, 44.49024940171527, 13.257080778184275
web_returns: 6.285572262480855, 1.568781522504519, 5.261565093825628
web_sales: 67.01082486007363, 16.87131342413986, 18.507771748392546
web_site: 1.0454095900058746e-05, 0.0017757191567294441, 3.0619774528037826
catalog_returns: 13.009788101539016, 3.262957000262735, 0.503636444106899
catalog_sales: 132.3057429259643, 33.37307843804288, 1.3782104056222337
customer: 0.8535048151388764, 0.21911448709127626, 10.527630037475056
customer_address: 0.2449320713058114, 0.07916110218927103, 9.918682557570886
customer_demographics: 0.011580578982830048, 0.007348476985310833, 5.902773815546021
date_dim: 0.001992875710129738, 0.002181714029319306, 55.010303887357715
item: 0.03489831369370222, 0.01248336231789173, 43.915958325714264
store: 9.930133819580078e-05, 0.0014319553021086685, 18.758526762945305
store_returns: 20.850121902301908, 5.3413888512335195, 2.4944686071846913
store_sales: 174.69669486396015, 44.49012704407564, 10.750607533686647
web_returns: 6.285572262480855, 1.5687771200870242, 2.754973894105875
web_sales: 67.01082486007363, 16.871266489729535, 16.001223080665618
web_site: 1.0454095900058746e-05, 0.0017757191494073908, 0.5553818506738577
Function: 138.82996632226573, 6.227434942309064, 26.973438262939453, 100.07138455490177, 5.486411750960349, 0.03528439320369256, 0.03601241795141697
hiya: 0b111000111000100011111100, 138.82996632226573
catalog_returns: 13.009788101539016, 3.262957000262735, 0.503636444106899
catalog_sales: 132.3057429259643, 33.37307843804288, 1.3782104056222337
customer: 0.8535048151388764, 0.21911448709127626, 10.527630037475056
customer_address: 0.2449320713058114, 0.07916110218927103, 9.918682557570886
customer_demographics: 0.011580578982830048, 0.007348476985310833, 5.902773815546021
date_dim: 0.001992875710129738, 0.002181714029319306, 55.010303887357715
item: 0.03489831369370222, 0.01248336231789173, 43.915958325714264
store: 9.930133819580078e-05, 0.0014319553021086685, 18.758526762945305
store_returns: 20.850121902301908, 5.3413888512335195, 2.4944686071846913
store_sales: 174.69669486396015, 44.49012704407564, 10.750607533686647
web_returns: 6.285572262480855, 1.5687771200870242, 2.754973894105875
web_sales: 67.01082486007363, 16.871266489729535, 16.001223080665618
web_site: 1.0454095900058746e-05, 0.0017757191494073908, 0.5553818506738577
catalog_sales: 132.3057429259643, 33.37228951588176, -2.367013974938615
customer: 0.8535048151388764, 0.21910939775162708, 10.527635126814706
customer_address: 0.2449320713058114, 0.0791596416907715, 9.918684018069385
customer_demographics: 0.011580578982830048, 0.007348407931804945, 5.902773884599527
date_dim: 0.001992875710129738, 0.00218170214605727, 51.24371045487135
item: 0.03489831369370222, 0.012483154223727033, 42.049969095525775
store: 9.930133819580078e-05, 0.001431954709987536, 18.75852676353743
store_returns: 20.850121902301908, 5.341264524633123, -1.2720005105845473
store_sales: 174.69669486396015, 44.4890853501098, 7.005635924930523
web_returns: 6.285572262480855, 1.5687396400264952, -1.01158207020323
web_sales: 67.01082486007363, 16.870866912783, 12.255609354890172
web_site: 1.0454095900058746e-05, 0.001775719087070959, 0.5553818507361942
customer: 0.8535048151388764, 0.21908014385680064, 2.164675109510623
customer_address: 0.2449320713058114, 0.07915124663906643, 2.7341304980445167
customer_demographics: 0.011580578982830048, 0.007348011007225746, 2.9335174860017337
date_dim: 0.001992875710129738, 0.00218163384020194, 19.109559863712988
item: 0.03489831369370222, 0.012481958083318324, 14.036242693223151
store: 9.930133819580078e-05, 0.001431951306432158, 14.193997577425865
store_sales: 174.69669486396015, 44.483097617354886, -22.52229726612617
web_sales: 67.01082486007363, 16.86857011540363, -13.684620539720356
web_site: 1.0454095900058746e-05, 0.0017757187287566103, -0.0017757187287566103
web_site had no query dependencies
customer: 0.8535048151388764, 0.21904225918081333, -0.21904225918081333
customer had no query dependencies
customer_address: 0.2449320713058114, 0.07914037479394533, -0.07914037479394533
customer_address had no query dependencies
customer_demographics: 0.011580578982830048, 0.007347496977925937, -0.007347496977925937
customer_demographics had no query dependencies
date_dim: 0.001992875710129738, 0.002181545382059441, -0.002181545382059441
date_dim had no query dependencies
item: 0.03489831369370222, 0.012480409045417966, -0.012480409045417966
item had no query dependencies
store: 9.930133819580078e-05, 0.0014319468987253052, -0.0014319468987253052
store had no query dependencies
Function: 92.55434989929199, 0, 92.55434989929199, 0.0, 0, 0.0, 0
hiya: 0b0, 92.55434989929199
{115.04991482715319: [0, 1, 2, 3, 4, 5, 6, 7, 8, 9, 10, 11, 12, 13, 14, 15, 16, 17, 18, 19, 21, 22, 23], 115.13336037010265: [0, 1, 2, 3, 4, 5, 6, 7, 8, 9, 11, 12, 13, 14, 15, 16, 17, 18, 19, 21, 22, 23], 116.0367581273363: [0, 1, 2, 3, 4, 5, 6, 7, 8, 9, 11, 12, 13, 15, 16, 17, 18, 19, 21, 22, 23], 116.24931403076967: [0, 1, 2, 3, 4, 5, 6, 7, 8, 9, 11, 12, 13, 15, 16, 17, 18, 21, 22, 23], 117.22762256099792: [1, 2, 3, 4, 5, 6, 7, 8, 9, 11, 12, 13, 15, 16, 17, 18, 21, 22, 23], 119.80922105245935: [1, 2, 3, 4, 5, 6, 7, 8, 11, 12, 13, 15, 16, 17, 18, 21, 22, 23], 122.73650930093537: [1, 2, 3, 4, 5, 6, 7, 8, 11, 12, 15, 16, 17, 18, 21, 22, 23], 126.06935002982591: [1, 2, 3, 4, 5, 6, 7, 8, 11, 12, 15, 16, 17, 21, 22, 23], 130.3559468731502: [1, 2, 3, 4, 5, 6, 7, 11, 12, 15, 16, 17, 21, 22, 23], 136.32874006939127: [1, 2, 3, 4, 5, 6, 7, 11, 15, 16, 17, 21, 22, 23], 138.82996632226573: [2, 3, 4, 5, 6, 7, 11, 15, 16, 17, 21, 22, 23], 92.55434989929199: []}
[]
{}
Best Cost: $92.55434989929199;
[]
{}
{}
{}
[]
0
Optimal Subset: 0b0
Function: 92.55434989929199, 0, 92.55434989929199, 0.0, 0, 0.0, 0
92.55434989929199
Real: 92.55434989929199, 0, 92.55434989929199, 0.0, 0, 0.0, 0
Num Redshift Qs: 0; Num GCP Qs: 96
Redshift Qs: $0; GCP Qs: $92.55434989929199; Movement Cost: $0.0
Load Cost: $0, Storage Cost: $0.0, API Cost: $0
Final cost: $92.55434989929199, BQ Baseline: $92.55434989929199, Diff: $0.0, %: 0.0%
