Egress: $0.24/GB
Benchmark: tpcds
Data Path: parquet_1000/real_data_rs4
BigQuery Cost: $5.0/TB; DuckDB Cost: $1.48/hr; Redshift Cost: $4.344/hr
Use Duck: False
Excluded Table: catalog_returns
Excluded Query: None

Starting analysis without using DuckDB
Redshift Total: $7.329590078457196, Redshift-Calcite Total: $6.478135465868313, BigQuery Total: $77.67235279083252
Excluding table catalog_returns and any queries that depend on it
Total Keys: 86, Keys Considered: 84
-0.9180254246962449
call_center: 9.615905582904816e-06, 0.0012377759386851997, 0.8012706339858218
catalog_page: 0.0017016949132084846, 0.005076839418534814, -0.005076839418534814
catalog_page had no query dependencies
catalog_sales: 132.3057429259643, 33.3732706682053, 0.17065040989967173
customer: 0.8535048151388764, 0.2191157271687333, 14.987703281431184
customer_address: 0.2449320713058114, 0.07916145805690615, 13.66895909761256
customer_demographics: 0.011580578982830048, 0.007348493811009624, 8.115088981693866
date_dim: 0.001992875710129738, 0.0021817169248158504, 61.22499773979873
household_demographics: 3.5176053643226624e-05, 0.0012862112327406304, 7.102584836918911
income_band: 5.122274160385132e-07, 0.001121639382746501, 0.006527054151786681
inventory: 5.1357166497036815, 1.4474255357943007, -0.25587507403314413
item: 0.03489831369370222, 0.012483413022482182, 46.69463168196984
promotion: 7.638614624738693e-05, 0.004901752095097926, 2.2204031147354097
reason: 1.4491379261016846e-06, 0.0013673776675173712, 3.070815158157258
ship_mode: 1.3029202818870544e-06, 0.0013300395743598536, 0.903507001781409
store: 9.930133819580078e-05, 0.001431955446385946, 26.771753045659878
store_returns: 20.850121902301908, 5.341419144871808, -0.7346752143412605
store_sales: 174.69669486396015, 44.49038086506092, 19.57027074248908
time_dim: 0.0012146271765232086, 0.0019386338476335024, 4.009763764536778
warehouse: 2.907589077949524e-06, 0.001449679532649056, 1.7750008767614742
web_page: 7.394980639219284e-05, 0.0014392820517727127, 0.2899923886695992
web_returns: 6.285572262480855, 1.5687862525445442, -0.8684773940497856
web_sales: 67.01082486007363, 16.871363851351653, 13.876680235125303
web_site: 1.0454095900058746e-05, 0.0017757191645963956, 0.6814018305377301
call_center: 9.615905582904816e-06, 0.0012377758669846668, 0.8012706340575223
catalog_sales: 132.3057429259643, 33.372284136861545, -2.4669182818321254
customer: 0.8535048151388764, 0.21910936305154866, 13.94751541036338
customer_address: 0.2449320713058114, 0.07915963173281704, 11.967610926489316
customer_demographics: 0.011580578982830048, 0.007348407460985107, 7.964289085837863
date_dim: 0.001992875710129738, 0.0021817020650349464, 56.25726686577205
household_demographics: 3.5176053643226624e-05, 0.0012862109704520955, 7.094936143646668
income_band: 5.122274160385132e-07, 0.0011216393789271022, -0.0011216393789271022
income_band had no query dependencies
item: 0.03489831369370222, 0.012483152804901738, 42.00553501507547
promotion: 7.638614624738693e-05, 0.004901751525528338, 2.2204031153049795
reason: 1.4491379261016846e-06, 0.0013673776567119445, 2.3978326465491318
ship_mode: 1.3029202818870544e-06, 0.0013300395646446918, 0.9035070017911241
store: 9.930133819580078e-05, 0.0014319547059503425, 22.70248903235174
store_sales: 174.69669486396015, 44.4890782476437, 14.8260954754627
time_dim: 0.0012146271765232086, 0.001938624790824976, 4.009763773593587
warehouse: 2.907589077949524e-06, 0.0014496795109687594, 0.9033873618448001
web_page: 7.394980639219284e-05, 0.0014392815003695745, 0.14684110054950886
web_sales: 67.01082486007363, 16.870864188391955, 13.176871039590242
web_site: 1.0454095900058746e-05, 0.0017757190866459374, 0.12424426079241545
call_center: 9.615905582904816e-06, 0.0012377755735133876, -0.0012377755735133876
call_center had no query dependencies
customer: 0.8535048151388764, 0.21908331463127487, 6.617097729235201
customer_address: 0.2449320713058114, 0.07915215656288391, 6.333606501823983
customer_demographics: 0.011580578982830048, 0.007348054029132107, 4.597412887856181
date_dim: 0.001992875710129738, 0.002181641243744744, 25.351901071563905
household_demographics: 3.5176053643226624e-05, 0.001286209896901469, 7.094936144720219
item: 0.03489831369370222, 0.012482087730720766, 15.863927674515093
promotion: 7.638614624738693e-05, 0.004901749194272081, 1.8227833617450717
reason: 1.4491379261016846e-06, 0.0013673776124851834, 2.397832646593358
ship_mode: 1.3029202818870544e-06, 0.0013300395248803992, 0.12468994035418099
store: 9.930133819580078e-05, 0.001431951675337105, 22.207223859915818
store_sales: 174.69669486396015, 44.48374661641263, -11.348119157471487
time_dim: 0.0012146271765232086, 0.0019385877211815377, 2.805647642459877
warehouse: 2.907589077949524e-06, 0.0014496794222310031, 0.12457030045683037
web_page: 7.394980639219284e-05, 0.0014392792434688494, 0.14684110280640958
web_sales: 67.01082486007363, 16.86881906093879, -13.410569123326574
web_site: 1.0454095900058746e-05, 0.0017757187675936266, 0.12424426111146776
customer: 0.8535048151388764, 0.21904235246168383, -0.21904235246168383
customer had no query dependencies
customer_address: 0.2449320713058114, 0.07914040156295285, -0.07914040156295285
customer_address had no query dependencies
customer_demographics: 0.011580578982830048, 0.00734749824358545, -0.00734749824358545
customer_demographics had no query dependencies
date_dim: 0.001992875710129738, 0.002181545599863931, -0.002181545599863931
date_dim had no query dependencies
household_demographics: 3.5176053643226624e-05, 0.0012862082087007124, -0.0012862082087007124
household_demographics had no query dependencies
item: 0.03489831369370222, 0.01248041285950902, -0.01248041285950902
item had no query dependencies
promotion: 7.638614624738693e-05, 0.00490174552827955, -0.00490174552827955
promotion had no query dependencies
reason: 1.4491379261016846e-06, 0.0013673775429368545, -0.0013673775429368545
reason had no query dependencies
ship_mode: 1.3029202818870544e-06, 0.001330039462349479, -0.001330039462349479
ship_mode had no query dependencies
store: 9.930133819580078e-05, 0.001431946909578103, -0.001431946909578103
store had no query dependencies
time_dim: 0.0012146271765232086, 0.0019385294277032678, -0.0019385294277032678
time_dim had no query dependencies
warehouse: 2.907589077949524e-06, 0.001449679282687377, -0.001449679282687377
warehouse had no query dependencies
web_page: 7.394980639219284e-05, 0.0014392756944033294, -0.0014392756944033294
web_page had no query dependencies
web_site: 1.0454095900058746e-05, 0.0017757182658712676, -0.0017757182658712676
web_site had no query dependencies
{}
{}
STARTING PHASE 2: 0b0
----
[]
Function: 77.67235279083252, 0, 77.67235279083252, 0.0, 0, 0.0, 0
{77.67235279083252: []}
[]
{}
Best Cost: $77.67235279083252;
[]
{}
{}
{}
[]
0
Optimal Subset: 0b0
Function: 77.67235279083252, 0, 77.67235279083252, 0.0, 0, 0.0, 0
77.67235279083252
Real: 77.67235279083252, 0, 77.67235279083252, 0.0, 0, 0.0, 0
Num Redshift Qs: 0; Num GCP Qs: 86
Redshift Qs: $0; GCP Qs: $77.67235279083252; Movement Cost: $0.0
Load Cost: $0, Storage Cost: $0.0, API Cost: $0
Final cost: $77.67235279083252, BQ Baseline: $77.67235279083252, Diff: $0.0, %: 0.0%
