Egress: $0.24/GB
Benchmark: tpcds
Data Path: parquet_1000/real_data_rs4
BigQuery Cost: $5.0/TB; DuckDB Cost: $1.48/hr; Redshift Cost: $4.344/hr
Use Duck: False
Excluded Table: customer_address
Excluded Query: None

Starting analysis without using DuckDB
Redshift Total: $7.276703562696776, Redshift-Calcite Total: $6.403922712658244, BigQuery Total: $76.7768144607544
Excluding table customer_address and any queries that depend on it
Total Keys: 70, Keys Considered: 69
-0.9180308203712729
call_center: 9.615905582904816e-06, 0.0012377759487157826, 0.8012706339757912
catalog_page: 0.0017016949132084846, 0.0050768411936138215, 6.254978397965652
catalog_returns: 13.009788101539016, 3.262989473317217, 9.59174365810101
catalog_sales: 132.3057429259643, 33.37340867951683, 7.370653488523438
customer: 0.8535048151388764, 0.21911661748019165, 6.589150564827052
customer_demographics: 0.011580578982830048, 0.007348505890990873, 3.7846228288064148
date_dim: 0.001992875710129738, 0.00218171900363257, 61.332651452421224
household_demographics: 3.5176053643226624e-05, 0.0012862112694336204, 4.906384820418621
income_band: 5.122274160385132e-07, 0.001121639383280818, -0.001121639383280818
income_band had no query dependencies
inventory: 5.1357166497036815, 1.4474308929842064, 0.08976084925956007
item: 0.03489831369370222, 0.012483449425754908, 45.34803559563472
promotion: 7.638614624738693e-05, 0.004901752174778157, 5.2542197218687505
reason: 1.4491379261016846e-06, 0.0013673776690290018, 2.927663869484253
ship_mode: 1.3029202818870544e-06, 0.001330039575718961, 0.9035070017800498
store: 9.930133819580078e-05, 0.0014319555499695668, 28.811846022339406
store_returns: 20.850121902301908, 5.3414408941368485, 10.559155232479947
store_sales: 174.69669486396015, 44.49056309539684, 21.138577663975852
time_dim: 0.0012146271765232086, 0.0019386351146404056, 4.009763763269772
warehouse: 2.907589077949524e-06, 0.0014496795356820325, 2.3348406731378484
web_page: 7.394980639219284e-05, 0.0014392821289115395, 2.4150857514308877
web_returns: 6.285572262480855, 1.5687928091765728, 10.726100525862247
web_sales: 67.01082486007363, 16.871433751959298, 20.932625224152115
web_site: 1.0454095900058746e-05, 0.0017757191755013151, 6.384299499862826
-0.9180307786708156
call_center: 9.615905582904816e-06, 0.0012377759486382612, 0.8012706339758687
catalog_page: 0.0017016949132084846, 0.0050768411798951295, 6.254978397979371
catalog_returns: 13.009788101539016, 3.262989368435149, 9.591743762983079
catalog_sales: 132.3057429259643, 33.37340761289685, 7.3706545551434175
customer: 0.8535048151388764, 0.2191166105994224, 6.589150571707822
customer_demographics: 0.011580578982830048, 0.0073485057976307765, 3.7846228288997747
date_dim: 0.001992875710129738, 0.0021817189875664414, 61.33265145243729
household_demographics: 3.5176053643226624e-05, 0.0012862112691500386, 4.9063848204189044
inventory: 5.1357166497036815, 1.4474308515811811, 0.0897608906625853
item: 0.03489831369370222, 0.012483449144412332, 45.348035595916066
promotion: 7.638614624738693e-05, 0.004901752174162349, 5.254219721869366
reason: 1.4491379261016846e-06, 0.0013673776690173193, 2.9276638694842645
ship_mode: 1.3029202818870544e-06, 0.0013300395757084573, 0.9035070017800604
store: 9.930133819580078e-05, 0.0014319555491690212, 28.811846022340205
store_returns: 20.850121902301908, 5.341440726047723, 10.559155400569072
store_sales: 174.69669486396015, 44.49056168703027, 21.138579072342417
time_dim: 0.0012146271765232086, 0.001938635104848347, 4.0097637632795635
warehouse: 2.907589077949524e-06, 0.001449679535658592, 2.334840673137872
web_page: 7.394980639219284e-05, 0.0014392821283153723, 2.415085751431484
web_returns: 6.285572262480855, 1.5687927585036632, 10.726100576535156
web_sales: 67.01082486007363, 16.871433211732676, 20.932625764378738
web_site: 1.0454095900058746e-05, 0.0017757191754170364, 6.384299499862911
{}
{}
STARTING PHASE 2: 0b111111111111110111011111
----
[0, 1, 2, 3, 4, 6, 7, 8, 10, 11, 12, 13, 14, 15, 16, 17, 18, 19, 20, 21, 22, 23]
Function: 113.38087828046234, 6.3576459554672216, 0.00011920928955078125, 101.25061094915071, 5.699231285282771, 0.0367456302148045, 0.036525251057264216
-0.9180307786708156
call_center: 9.615905582904816e-06, 0.0012377759486382612, 0.8012706339758687
catalog_page: 0.0017016949132084846, 0.0050768411798951295, 6.254978397979371
catalog_returns: 13.009788101539016, 3.262989368435149, 9.591743762983079
catalog_sales: 132.3057429259643, 33.37340761289685, 7.3706545551434175
customer: 0.8535048151388764, 0.2191166105994224, 6.589150571707822
customer_demographics: 0.011580578982830048, 0.0073485057976307765, 3.7846228288997747
date_dim: 0.001992875710129738, 0.0021817189875664414, 61.33265145243729
household_demographics: 3.5176053643226624e-05, 0.0012862112691500386, 4.9063848204189044
inventory: 5.1357166497036815, 1.4474308515811811, 0.0897608906625853
item: 0.03489831369370222, 0.012483449144412332, 45.348035595916066
promotion: 7.638614624738693e-05, 0.004901752174162349, 5.254219721869366
reason: 1.4491379261016846e-06, 0.0013673776690173193, 2.9276638694842645
ship_mode: 1.3029202818870544e-06, 0.0013300395757084573, 0.9035070017800604
store: 9.930133819580078e-05, 0.0014319555491690212, 28.811846022340205
store_returns: 20.850121902301908, 5.341440726047723, 10.559155400569072
store_sales: 174.69669486396015, 44.49056168703027, 21.138579072342417
time_dim: 0.0012146271765232086, 0.001938635104848347, 4.0097637632795635
warehouse: 2.907589077949524e-06, 0.001449679535658592, 2.334840673137872
web_page: 7.394980639219284e-05, 0.0014392821283153723, 2.415085751431484
web_returns: 6.285572262480855, 1.5687927585036632, 10.726100576535156
web_sales: 67.01082486007363, 16.871433211732676, 20.932625764378738
web_site: 1.0454095900058746e-05, 0.0017757191754170364, 6.384299499862911
call_center: 9.615905582904816e-06, 0.001237775917690055, 0.801270634006817
catalog_page: 0.0017016949132084846, 0.005076835703093707, 6.254978403456172
catalog_returns: 13.009788101539016, 3.2629474972246153, 9.246144353711001
catalog_sales: 132.3057429259643, 33.37298179492244, 6.8910378894924165
customer: 0.8535048151388764, 0.21911386364616478, 6.589153318661079
customer_demographics: 0.011580578982830048, 0.007348468526242733, 3.438981585688553
date_dim: 0.001992875710129738, 0.0021817125736173612, 59.795459716607475
household_demographics: 3.5176053643226624e-05, 0.0012862111559380526, 4.560743540049506
item: 0.03489831369370222, 0.012483336826315484, 43.810843965990394
promotion: 7.638614624738693e-05, 0.00490175192831819, 4.9085784416326
reason: 1.4491379261016846e-06, 0.0013673776643533572, 2.9276638694889288
ship_mode: 1.3029202818870544e-06, 0.0013300395715150877, 0.9035070017842537
store: 9.930133819580078e-05, 0.0014319552295737129, 28.8118460226598
store_returns: 20.850121902301908, 5.341373621200433, 10.559222505416361
store_sales: 174.69669486396015, 44.48999943635923, 20.95360557933347
time_dim: 0.0012146271765232086, 0.0019386311956447664, 4.009763767188767
warehouse: 2.907589077949524e-06, 0.0014496795263006937, 1.1175858777262655
web_page: 7.394980639219284e-05, 0.0014392818903124248, 2.415085751669487
web_returns: 6.285572262480855, 1.568772528772212, 10.726120806266607
web_sales: 67.01082486007363, 16.87121754147472, 20.932841434636693
web_site: 1.0454095900058746e-05, 0.0017757191417711656, 6.3842994998965565
Function: 113.46438158463411, 6.127860387530327, 1.7670965194702148, 100.01311722476586, 5.485275263819695, 0.034960663909274214, 0.03607152513872981
hiya: 0b111111111111100111011111, 113.46438158463411
call_center: 9.615905582904816e-06, 0.001237775917690055, 0.801270634006817
catalog_page: 0.0017016949132084846, 0.005076835703093707, 6.254978403456172
catalog_returns: 13.009788101539016, 3.2629474972246153, 9.246144353711001
catalog_sales: 132.3057429259643, 33.37298179492244, 6.8910378894924165
customer: 0.8535048151388764, 0.21911386364616478, 6.589153318661079
customer_demographics: 0.011580578982830048, 0.007348468526242733, 3.438981585688553
date_dim: 0.001992875710129738, 0.0021817125736173612, 59.795459716607475
household_demographics: 3.5176053643226624e-05, 0.0012862111559380526, 4.560743540049506
item: 0.03489831369370222, 0.012483336826315484, 43.810843965990394
promotion: 7.638614624738693e-05, 0.00490175192831819, 4.9085784416326
reason: 1.4491379261016846e-06, 0.0013673776643533572, 2.9276638694889288
ship_mode: 1.3029202818870544e-06, 0.0013300395715150877, 0.9035070017842537
store: 9.930133819580078e-05, 0.0014319552295737129, 28.8118460226598
store_returns: 20.850121902301908, 5.341373621200433, 10.559222505416361
store_sales: 174.69669486396015, 44.48999943635923, 20.95360557933347
time_dim: 0.0012146271765232086, 0.0019386311956447664, 4.009763767188767
warehouse: 2.907589077949524e-06, 0.0014496795263006937, 1.1175858777262655
web_page: 7.394980639219284e-05, 0.0014392818903124248, 2.415085751669487
web_returns: 6.285572262480855, 1.568772528772212, 10.726120806266607
web_sales: 67.01082486007363, 16.87121754147472, 20.932841434636693
web_site: 1.0454095900058746e-05, 0.0017757191417711656, 6.3842994998965565
catalog_page: 0.0017016949132084846, 0.0050768346442859385, 6.25497840451498
catalog_returns: 13.009788101539016, 3.2629394024335934, 9.246152448502023
catalog_sales: 132.3057429259643, 33.37289947326342, 6.088611801226925
customer: 0.8535048151388764, 0.21911333258885157, 6.589153849718392
customer_demographics: 0.011580578982830048, 0.0073484613207167055, 3.438981592894079
date_dim: 0.001992875710129738, 0.0021817113336346436, 58.99295130792295
household_demographics: 3.5176053643226624e-05, 0.0012862111340512393, 4.560743540071393
item: 0.03489831369370222, 0.012483315112314137, 43.258772729223054
promotion: 7.638614624738693e-05, 0.004901751880790138, 4.908578441680128
reason: 1.4491379261016846e-06, 0.0013673776634516922, 2.9276638694898303
ship_mode: 1.3029202818870544e-06, 0.0013300395707044005, 0.6530698503419009
store: 9.930133819580078e-05, 0.0014319551677876505, 28.811846022721586
store_returns: 20.850121902301908, 5.341360648092934, 10.559235478523862
store_sales: 174.69669486396015, 44.48989073872126, 20.95371427697144
time_dim: 0.0012146271765232086, 0.0019386304398943202, 4.009763767944518
warehouse: 2.907589077949524e-06, 0.0014496795244915693, 0.8671487262849109
web_page: 7.394980639219284e-05, 0.001439281844300282, 2.415085751715499
web_returns: 6.285572262480855, 1.5687686178404183, 10.726124717198402
web_sales: 67.01082486007363, 16.87117584681996, 20.932883129291454
web_site: 1.0454095900058746e-05, 0.001775719135266546, 6.384299499903062
Function: 114.26539395342499, 6.043299095306397, 2.6541662216186523, 100.01311490773328, 5.484049797360103, 0.034702407098646505, 0.03606152430791557
hiya: 0b111111111111100111011110, 114.26539395342499
catalog_page: 0.0017016949132084846, 0.0050768346442859385, 6.25497840451498
catalog_returns: 13.009788101539016, 3.2629394024335934, 9.246152448502023
catalog_sales: 132.3057429259643, 33.37289947326342, 6.088611801226925
customer: 0.8535048151388764, 0.21911333258885157, 6.589153849718392
customer_demographics: 0.011580578982830048, 0.0073484613207167055, 3.438981592894079
date_dim: 0.001992875710129738, 0.0021817113336346436, 58.99295130792295
household_demographics: 3.5176053643226624e-05, 0.0012862111340512393, 4.560743540071393
item: 0.03489831369370222, 0.012483315112314137, 43.258772729223054
promotion: 7.638614624738693e-05, 0.004901751880790138, 4.908578441680128
reason: 1.4491379261016846e-06, 0.0013673776634516922, 2.9276638694898303
ship_mode: 1.3029202818870544e-06, 0.0013300395707044005, 0.6530698503419009
store: 9.930133819580078e-05, 0.0014319551677876505, 28.811846022721586
store_returns: 20.850121902301908, 5.341360648092934, 10.559235478523862
store_sales: 174.69669486396015, 44.48989073872126, 20.95371427697144
time_dim: 0.0012146271765232086, 0.0019386304398943202, 4.009763767944518
warehouse: 2.907589077949524e-06, 0.0014496795244915693, 0.8671487262849109
web_page: 7.394980639219284e-05, 0.001439281844300282, 2.415085751715499
web_returns: 6.285572262480855, 1.5687686178404183, 10.726124717198402
web_sales: 67.01082486007363, 16.87117584681996, 20.932883129291454
web_site: 1.0454095900058746e-05, 0.001775719135266546, 6.384299499903062
catalog_page: 0.0017016949132084846, 0.005076834322469371, 6.2549784048367965
catalog_returns: 13.009788101539016, 3.262936942083433, 9.246154908852183
catalog_sales: 132.3057429259643, 33.37287445222132, 5.560256912235488
customer: 0.8535048151388764, 0.2191131711780205, 6.5891540111292235
customer_demographics: 0.011580578982830048, 0.007348459130651876, 3.4389815950841434
date_dim: 0.001992875710129738, 0.0021817109567513282, 58.33855141838723
household_demographics: 3.5176053643226624e-05, 0.001286211127398909, 4.560743540078046
item: 0.03489831369370222, 0.012483308512508588, 43.25877273582286
promotion: 7.638614624738693e-05, 0.004901751866344348, 4.908578441694574
reason: 1.4491379261016846e-06, 0.0013673776631776382, 2.9276638694901043
store: 9.930133819580078e-05, 0.0014319551490082467, 28.811846022740365
store_returns: 20.850121902301908, 5.341356705015586, 10.559239421601209
store_sales: 174.69669486396015, 44.48985770090097, 20.953747314791727
time_dim: 0.0012146271765232086, 0.0019386302101897204, 3.4813838581406786
warehouse: 2.907589077949524e-06, 0.0014496795239416996, 0.21274883637285547
web_page: 7.394980639219284e-05, 0.0014392818303152412, 2.4150857517294844
web_returns: 6.285572262480855, 1.5687674291424467, 10.726125905896373
web_sales: 67.01082486007363, 16.871163174046778, 20.27849591215203
web_site: 1.0454095900058746e-05, 0.0017757191332895164, 6.258279520025977
Function: 114.91838530757144, 6.018544589161873, 3.3333206176757812, 100.01311459378378, 5.4827300707117725, 0.03462391204289131, 0.03605152419534326
hiya: 0b111111111011100111011110, 114.91838530757144
catalog_page: 0.0017016949132084846, 0.005076834322469371, 6.2549784048367965
catalog_returns: 13.009788101539016, 3.262936942083433, 9.246154908852183
catalog_sales: 132.3057429259643, 33.37287445222132, 5.560256912235488
customer: 0.8535048151388764, 0.2191131711780205, 6.5891540111292235
customer_demographics: 0.011580578982830048, 0.007348459130651876, 3.4389815950841434
date_dim: 0.001992875710129738, 0.0021817109567513282, 58.33855141838723
household_demographics: 3.5176053643226624e-05, 0.001286211127398909, 4.560743540078046
item: 0.03489831369370222, 0.012483308512508588, 43.25877273582286
promotion: 7.638614624738693e-05, 0.004901751866344348, 4.908578441694574
reason: 1.4491379261016846e-06, 0.0013673776631776382, 2.9276638694901043
store: 9.930133819580078e-05, 0.0014319551490082467, 28.811846022740365
store_returns: 20.850121902301908, 5.341356705015586, 10.559239421601209
store_sales: 174.69669486396015, 44.48985770090097, 20.953747314791727
time_dim: 0.0012146271765232086, 0.0019386302101897204, 3.4813838581406786
warehouse: 2.907589077949524e-06, 0.0014496795239416996, 0.21274883637285547
web_page: 7.394980639219284e-05, 0.0014392818303152412, 2.4150857517294844
web_returns: 6.285572262480855, 1.5687674291424467, 10.726125905896373
web_sales: 67.01082486007363, 16.871163174046778, 20.27849591215203
web_site: 1.0454095900058746e-05, 0.0017757191332895164, 6.258279520025977
catalog_page: 0.0017016949132084846, 0.0050768335319534945, 6.2549784056273126
catalog_returns: 13.009788101539016, 3.262930898436026, 9.031962436602793
catalog_sales: 132.3057429259643, 33.37281299009342, 5.3461198584665865
customer: 0.8535048151388764, 0.2191127746856163, 6.589154407621628
customer_demographics: 0.011580578982830048, 0.00734845375093811, 3.4389816004638574
date_dim: 0.001992875710129738, 0.0021817100309685237, 58.12435290341622
household_demographics: 3.5176053643226624e-05, 0.0012862111110580074, 4.5607435400943865
item: 0.03489831369370222, 0.012483292300630161, 43.04457423613794
promotion: 7.638614624738693e-05, 0.004901751830859455, 4.908578441730059
reason: 1.4491379261016846e-06, 0.0013673776625044466, 2.9276638694907775
store: 9.930133819580078e-05, 0.001431955102878189, 28.811846022786497
store_returns: 20.850121902301908, 5.341347019171037, 10.559249107445758
store_sales: 174.69669486396015, 44.48977654621815, 20.953828469474544
time_dim: 0.0012146271765232086, 0.0019386296459393015, 3.481383858704929
web_page: 7.394980639219284e-05, 0.0014392817959621408, 2.4150857517638373
web_returns: 6.285572262480855, 1.568764509203843, 10.726128825834977
web_sales: 67.01082486007363, 16.871132044423856, 20.278527041774954
web_site: 1.0454095900058746e-05, 0.0017757191284331062, 6.258279520030833
Function: 115.13094132479128, 5.955934366350174, 3.6101293563842773, 100.01311389317596, 5.481291089502971, 0.03443109543377113, 0.03604152394412756
hiya: 0b111101111011100111011110, 115.13094132479128
catalog_page: 0.0017016949132084846, 0.0050768335319534945, 6.2549784056273126
catalog_returns: 13.009788101539016, 3.262930898436026, 9.031962436602793
catalog_sales: 132.3057429259643, 33.37281299009342, 5.3461198584665865
customer: 0.8535048151388764, 0.2191127746856163, 6.589154407621628
customer_demographics: 0.011580578982830048, 0.00734845375093811, 3.4389816004638574
date_dim: 0.001992875710129738, 0.0021817100309685237, 58.12435290341622
household_demographics: 3.5176053643226624e-05, 0.0012862111110580074, 4.5607435400943865
item: 0.03489831369370222, 0.012483292300630161, 43.04457423613794
promotion: 7.638614624738693e-05, 0.004901751830859455, 4.908578441730059
reason: 1.4491379261016846e-06, 0.0013673776625044466, 2.9276638694907775
store: 9.930133819580078e-05, 0.001431955102878189, 28.811846022786497
store_returns: 20.850121902301908, 5.341347019171037, 10.559249107445758
store_sales: 174.69669486396015, 44.48977654621815, 20.953828469474544
time_dim: 0.0012146271765232086, 0.0019386296459393015, 3.481383858704929
web_page: 7.394980639219284e-05, 0.0014392817959621408, 2.4150857517638373
web_returns: 6.285572262480855, 1.568764509203843, 10.726128825834977
web_sales: 67.01082486007363, 16.871132044423856, 20.278527041774954
web_site: 1.0454095900058746e-05, 0.0017757191284331062, 6.258279520030833
catalog_page: 0.0017016949132084846, 0.00507683233924392, 6.2549784068200225
catalog_returns: 13.009788101539016, 3.2629217799396906, 6.763726903589209
catalog_sales: 132.3057429259643, 33.37272025765054, 3.0779679393995423
customer: 0.8535048151388764, 0.21911217646829959, 6.589155005838944
customer_demographics: 0.011580578982830048, 0.0073484456341673995, 3.438981608580628
date_dim: 0.001992875710129738, 0.0021817086341717642, 55.8561082533031
household_demographics: 3.5176053643226624e-05, 0.001286211086403285, 4.412463158069163
item: 0.03489831369370222, 0.01248326784057416, 43.044574260598
promotion: 7.638614624738693e-05, 0.004901751777320782, 4.908578441783598
reason: 1.4491379261016846e-06, 0.001367377661488753, 2.927663869491793
store: 9.930133819580078e-05, 0.0014319550332783707, 26.543601371346174
store_returns: 20.850121902301908, 5.3413324054233975, 8.291019069683477
store_sales: 174.69669486396015, 44.48965410216607, 18.68570626201671
time_dim: 0.0012146271765232086, 0.0019386287946131023, 3.3331034775063766
web_returns: 6.285572262480855, 1.5687601036772354, 8.457888579851664
web_sales: 67.01082486007363, 16.87108507686711, 17.8620489757719
web_site: 1.0454095900058746e-05, 0.0017757191211058819, 6.25827952003816
Function: 117.54573608947314, 5.860710132331849, 6.121878623962402, 100.01309607435387, 5.479879568184217, 0.03414017308595093, 0.03603151755486429
hiya: 0b111001111011100111011110, 117.54573608947314
catalog_page: 0.0017016949132084846, 0.00507683233924392, 6.2549784068200225
catalog_returns: 13.009788101539016, 3.2629217799396906, 6.763726903589209
catalog_sales: 132.3057429259643, 33.37272025765054, 3.0779679393995423
customer: 0.8535048151388764, 0.21911217646829959, 6.589155005838944
customer_demographics: 0.011580578982830048, 0.0073484456341673995, 3.438981608580628
date_dim: 0.001992875710129738, 0.0021817086341717642, 55.8561082533031
household_demographics: 3.5176053643226624e-05, 0.001286211086403285, 4.412463158069163
item: 0.03489831369370222, 0.01248326784057416, 43.044574260598
promotion: 7.638614624738693e-05, 0.004901751777320782, 4.908578441783598
reason: 1.4491379261016846e-06, 0.001367377661488753, 2.927663869491793
store: 9.930133819580078e-05, 0.0014319550332783707, 26.543601371346174
store_returns: 20.850121902301908, 5.3413324054233975, 8.291019069683477
store_sales: 174.69669486396015, 44.48965410216607, 18.68570626201671
time_dim: 0.0012146271765232086, 0.0019386287946131023, 3.3331034775063766
web_returns: 6.285572262480855, 1.5687601036772354, 8.457888579851664
web_sales: 67.01082486007363, 16.87108507686711, 17.8620489757719
web_site: 1.0454095900058746e-05, 0.0017757191211058819, 6.25827952003816
catalog_page: 0.0017016949132084846, 0.005076830800172272, 6.254978408359094
catalog_returns: 13.009788101539016, 3.2629100134380375, 6.763738670090861
catalog_sales: 132.3057429259643, 33.37260059576745, 3.0780876012826326
customer: 0.8535048151388764, 0.21911140452906894, 6.589155777778175
customer_demographics: 0.011580578982830048, 0.007348435160291831, 3.4389816190545037
date_dim: 0.001992875710129738, 0.002181706831746148, 55.85610825510552
household_demographics: 3.5176053643226624e-05, 0.0012862110545888471, 4.412463158100977
item: 0.03489831369370222, 0.01248323627733404, 43.044574292161236
promotion: 7.638614624738693e-05, 0.004901751708234513, 4.908578441852684
store: 9.930133819580078e-05, 0.001431954943466811, 26.543601371435987
store_returns: 20.850121902301908, 5.341313547853089, 7.761206704306348
store_sales: 174.69669486396015, 44.489496100442075, 15.756833016587422
time_dim: 0.0012146271765232086, 0.0019386276960623365, 3.3331034786049276
web_returns: 6.285572262480855, 1.5687544187886087, 8.45789426474029
web_sales: 67.01082486007363, 16.871024469962883, 17.862109582676126
web_site: 1.0454095900058746e-05, 0.0017757191116508366, 6.258279520047616
Function: 120.47302455948773, 5.737368447051049, 9.174251556396484, 100.01309572517201, 5.478522538560232, 0.03376477487829538, 0.03602151742965877
hiya: 0b111001111001100111011110, 120.47302455948773
catalog_page: 0.0017016949132084846, 0.005076830800172272, 6.254978408359094
catalog_returns: 13.009788101539016, 3.2629100134380375, 6.763738670090861
catalog_sales: 132.3057429259643, 33.37260059576745, 3.0780876012826326
customer: 0.8535048151388764, 0.21911140452906894, 6.589155777778175
customer_demographics: 0.011580578982830048, 0.007348435160291831, 3.4389816190545037
date_dim: 0.001992875710129738, 0.002181706831746148, 55.85610825510552
household_demographics: 3.5176053643226624e-05, 0.0012862110545888471, 4.412463158100977
item: 0.03489831369370222, 0.01248323627733404, 43.044574292161236
promotion: 7.638614624738693e-05, 0.004901751708234513, 4.908578441852684
store: 9.930133819580078e-05, 0.001431954943466811, 26.543601371435987
store_returns: 20.850121902301908, 5.341313547853089, 7.761206704306348
store_sales: 174.69669486396015, 44.489496100442075, 15.756833016587422
time_dim: 0.0012146271765232086, 0.0019386276960623365, 3.3331034786049276
web_returns: 6.285572262480855, 1.5687544187886087, 8.45789426474029
web_sales: 67.01082486007363, 16.871024469962883, 17.862109582676126
web_site: 1.0454095900058746e-05, 0.0017757191116508366, 6.258279520047616
catalog_page: 0.0017016949132084846, 0.0050767749018276334, -0.0050767749018276334
catalog_page had no query dependencies
catalog_returns: 13.009788101539016, 3.26248265973713, -3.241902518089473
customer: 0.8535048151388764, 0.21908336806616538, 2.859980603432642
customer_demographics: 0.011580578982830048, 0.007348054754150829, 3.0413622435694805
date_dim: 0.001992875710129738, 0.0021816413685115795, 19.40542012351866
household_demographics: 3.5176053643226624e-05, 0.0012862098991037164, 4.412463159256462
item: 0.03489831369370222, 0.012482089915579642, 13.99873297802577
promotion: 7.638614624738693e-05, 0.004901749199054345, 0.7574990514486812
store: 9.930133819580078e-05, 0.0014319516815540073, 17.779392115605894
store_returns: 20.850121902301908, 5.340628649937013, -4.748330959591567
store_sales: 174.69669486396015, 44.483757553549246, -19.548584994098782
time_dim: 0.0012146271765232086, 0.0019385877972250105, 2.6573672603339547
web_returns: 6.285572262480855, 1.5685479463581793, -1.5479678047105225
web_sales: 67.01082486007363, 16.86882325624739, -14.824250857425875
web_site: 1.0454095900058746e-05, 0.0017757187682481202, -0.0017757187682481202
web_site had no query dependencies
customer: 0.8535048151388764, 0.21904218150725865, -0.21904218150725865
customer had no query dependencies
customer_demographics: 0.011580578982830048, 0.0073474959240306115, -0.0073474959240306115
customer_demographics had no query dependencies
date_dim: 0.001992875710129738, 0.002181545200696972, -0.002181545200696972
date_dim had no query dependencies
household_demographics: 3.5176053643226624e-05, 0.0012862082016550556, -0.0012862082016550556
household_demographics had no query dependencies
item: 0.03489831369370222, 0.012480405869482658, -0.012480405869482658
item had no query dependencies
promotion: 7.638614624738693e-05, 0.004901745512979637, -0.004901745512979637
promotion had no query dependencies
store: 9.930133819580078e-05, 0.0014319468896883463, -0.0014319468896883463
store had no query dependencies
time_dim: 0.0012146271765232086, 0.0019385291844171292, -0.0019385291844171292
time_dim had no query dependencies
Function: 76.7768144607544, 0, 76.7768144607544, 0.0, 0, 0.0, 0
hiya: 0b0, 76.7768144607544
{113.38087828046234: [0, 1, 2, 3, 4, 6, 7, 8, 10, 11, 12, 13, 14, 15, 16, 17, 18, 19, 20, 21, 22, 23], 113.46438158463411: [0, 1, 2, 3, 4, 6, 7, 8, 11, 12, 13, 14, 15, 16, 17, 18, 19, 20, 21, 22, 23], 114.26539395342499: [1, 2, 3, 4, 6, 7, 8, 11, 12, 13, 14, 15, 16, 17, 18, 19, 20, 21, 22, 23], 114.91838530757144: [1, 2, 3, 4, 6, 7, 8, 11, 12, 13, 15, 16, 17, 18, 19, 20, 21, 22, 23], 115.13094132479128: [1, 2, 3, 4, 6, 7, 8, 11, 12, 13, 15, 16, 17, 18, 20, 21, 22, 23], 117.54573608947314: [1, 2, 3, 4, 6, 7, 8, 11, 12, 13, 15, 16, 17, 18, 21, 22, 23], 120.47302455948773: [1, 2, 3, 4, 6, 7, 8, 11, 12, 15, 16, 17, 18, 21, 22, 23], 76.7768144607544: []}
[]
{}
Best Cost: $76.7768144607544;
[]
{}
{}
{}
[]
0
Optimal Subset: 0b0
Function: 76.7768144607544, 0, 76.7768144607544, 0.0, 0, 0.0, 0
76.7768144607544
Real: 76.7768144607544, 0, 76.7768144607544, 0.0, 0, 0.0, 0
Num Redshift Qs: 0; Num GCP Qs: 70
Redshift Qs: $0; GCP Qs: $76.7768144607544; Movement Cost: $0.0
Load Cost: $0, Storage Cost: $0.0, API Cost: $0
Final cost: $76.7768144607544, BQ Baseline: $76.7768144607544, Diff: $0.0, %: 0.0%
