Egress: $0.24/GB
Benchmark: tpcds
Data Path: parquet_1000/real_data_rs4
BigQuery Cost: $5.0/TB; DuckDB Cost: $1.48/hr; Redshift Cost: $4.344/hr
Use Duck: False
Excluded Table: customer_demographics
Excluded Query: None

Starting analysis without using DuckDB
Redshift Total: $7.712108393460914, Redshift-Calcite Total: $6.878759844551086, BigQuery Total: $82.86781311035156
Excluding table customer_demographics and any queries that depend on it
Total Keys: 85, Keys Considered: 82
-0.9180436183858055
call_center: 9.615905582904816e-06, 0.0012377759725073466, 1.2110647456393422
catalog_page: 0.0017016949132084846, 0.0050768454039279735, 6.254978393755338
catalog_returns: 13.009788101539016, 3.2630216619866035, 9.65586430063636
catalog_sales: 132.3057429259643, 33.37373602887745, 9.701614318789282
customer: 0.8535048151388764, 0.2191187292120738, 12.010794790330937
customer_address: 0.2449320713058114, 0.0791623195595954, 9.402644926507135
date_dim: 0.001992875710129738, 0.0021817239343829295, 66.02909491344177
household_demographics: 3.5176053643226624e-05, 0.001286211356465811, 6.193441499032036
income_band: 5.122274160385132e-07, 0.001121639384548165, -0.001121639384548165
income_band had no query dependencies
inventory: 5.1357166497036815, 1.4474435997157846, -0.25589313795462787
item: 0.03489831369370222, 0.012483535770764746, 46.963268012524246
promotion: 7.638614624738693e-05, 0.004901752363771889, 4.813842194949855
reason: 1.4491379261016846e-06, 0.0013673776726144424, 2.9276638694806674
ship_mode: 1.3029202818870544e-06, 0.0013300395789426316, 0.9035070017768263
store: 9.930133819580078e-05, 0.0014319557956598056, 31.457692794742215
store_returns: 20.850121902301908, 5.3414924812707305, 11.552496090764109
store_sales: 174.69669486396015, 44.49099532796742, 26.38863281925004
time_dim: 0.0012146271765232086, 0.001938638119857117, 4.009763760264555
warehouse: 2.907589077949524e-06, 0.0014496795428759562, 1.9891993926480442
web_page: 7.394980639219284e-05, 0.0014392823118773072, 2.415085751247922
web_returns: 6.285572262480855, 1.5688083608677978, 11.28324254399429
web_sales: 67.01082486007363, 16.871599549378125, 25.1570307299801
web_site: 1.0454095900058746e-05, 0.00177571920136672, 6.941457069660227
call_center: 9.615905582904816e-06, 0.0012377759550913979, 1.211064745656758
catalog_page: 0.0017016949132084846, 0.005076842321885303, 6.254978396837381
catalog_returns: 13.009788101539016, 3.2629980991718166, 9.655887863451145
catalog_sales: 132.3057429259643, 33.373496401937224, 9.567452742586703
customer: 0.8535048151388764, 0.21911718337783562, 12.010796336165175
customer_address: 0.2449320713058114, 0.07916187594829394, 9.402645370118435
date_dim: 0.001992875710129738, 0.0021817203249650907, 64.83754445529001
household_demographics: 3.5176053643226624e-05, 0.0012862112927563309, 6.193441499095746
item: 0.03489831369370222, 0.012483472564316223, 45.771717613969535
promotion: 7.638614624738693e-05, 0.004901752225424316, 4.813842195088202
reason: 1.4491379261016846e-06, 0.001367377669989821, 2.9276638694832924
ship_mode: 1.3029202818870544e-06, 0.0013300395765828339, 0.9035070017791861
store: 9.930133819580078e-05, 0.0014319556158091406, 31.457692794922064
store_returns: 20.850121902301908, 5.341454718352778, 11.55253385368206
store_sales: 174.69669486396015, 44.49067892420797, 26.203413479329498
time_dim: 0.0012146271765232086, 0.0019386359199723092, 4.0097637624644396
warehouse: 2.907589077949524e-06, 0.0014496795376098457, 1.1175858777149563
web_page: 7.394980639219284e-05, 0.0014392821779423363, 2.415085751381857
web_returns: 6.285572262480855, 1.5687969766873722, 11.283253928174716
web_sales: 67.01082486007363, 16.871478182016673, 25.15715209734155
web_site: 1.0454095900058746e-05, 0.001775719182432674, 6.94145706967916
{}
{}
STARTING PHASE 2: 0b111111111111100110111111
----
[0, 1, 2, 3, 4, 5, 7, 8, 11, 12, 13, 14, 15, 16, 17, 18, 19, 20, 21, 22, 23]
Function: 113.59355443650705, 6.648360063354174, 1.3021183013916016, 100.06934521143684, 5.501043543745677, 0.03659562987108779, 0.03609168670766652
call_center: 9.615905582904816e-06, 0.0012377759550913979, 1.211064745656758
catalog_page: 0.0017016949132084846, 0.005076842321885303, 6.254978396837381
catalog_returns: 13.009788101539016, 3.2629980991718166, 9.655887863451145
catalog_sales: 132.3057429259643, 33.373496401937224, 9.567452742586703
customer: 0.8535048151388764, 0.21911718337783562, 12.010796336165175
customer_address: 0.2449320713058114, 0.07916187594829394, 9.402645370118435
date_dim: 0.001992875710129738, 0.0021817203249650907, 64.83754445529001
household_demographics: 3.5176053643226624e-05, 0.0012862112927563309, 6.193441499095746
item: 0.03489831369370222, 0.012483472564316223, 45.771717613969535
promotion: 7.638614624738693e-05, 0.004901752225424316, 4.813842195088202
reason: 1.4491379261016846e-06, 0.001367377669989821, 2.9276638694832924
ship_mode: 1.3029202818870544e-06, 0.0013300395765828339, 0.9035070017791861
store: 9.930133819580078e-05, 0.0014319556158091406, 31.457692794922064
store_returns: 20.850121902301908, 5.341454718352778, 11.55253385368206
store_sales: 174.69669486396015, 44.49067892420797, 26.203413479329498
time_dim: 0.0012146271765232086, 0.0019386359199723092, 4.0097637624644396
warehouse: 2.907589077949524e-06, 0.0014496795376098457, 1.1175858777149563
web_page: 7.394980639219284e-05, 0.0014392821779423363, 2.415085751381857
web_returns: 6.285572262480855, 1.5687969766873722, 11.283253928174716
web_sales: 67.01082486007363, 16.871478182016673, 25.15715209734155
web_site: 1.0454095900058746e-05, 0.001775719182432674, 6.94145706967916
call_center: 9.615905582904816e-06, 0.0012377759525620195, 0.9606275942161239
catalog_page: 0.0017016949132084846, 0.005076841874269591, 6.254978397284996
catalog_returns: 13.009788101539016, 3.262994677062768, 9.655891285560195
catalog_sales: 132.3057429259643, 33.3734616000883, 8.78867048295892
customer: 0.8535048151388764, 0.21911695887098523, 12.010796560672025
customer_address: 0.2449320713058114, 0.07916181152109106, 9.402645434545638
date_dim: 0.001992875710129738, 0.0021817198007568605, 63.932707414458456
household_demographics: 3.5176053643226624e-05, 0.001286211283503583, 6.193441499104998
item: 0.03489831369370222, 0.012483463384625198, 45.77171762314923
promotion: 7.638614624738693e-05, 0.0049017522053316194, 4.813842195108295
reason: 1.4491379261016846e-06, 0.0013673776696086382, 2.9276638694836734
store: 9.930133819580078e-05, 0.0014319555896888068, 31.457692794948187
store_returns: 20.850121902301908, 5.341449233913656, 11.552539338121182
store_sales: 174.69669486396015, 44.490632971796174, 26.203459431741294
time_dim: 0.0012146271765232086, 0.0019386356004754337, 3.481383852750393
warehouse: 2.907589077949524e-06, 0.0014496795368450302, 0.21274883635995215
web_page: 7.394980639219284e-05, 0.0014392821584904975, 2.415085751401309
web_returns: 6.285572262480855, 1.5687953233234935, 11.283255581538594
web_sales: 67.01082486007363, 16.8714605554152, 24.50276983403042
web_site: 1.0454095900058746e-05, 0.001775719179682817, 6.815437089802848
Function: 114.49695219677696, 6.613413054722151, 2.2419023513793945, 100.06934489748735, 5.499723817097347, 0.03648638949562503, 0.036081686595094205
hiya: 0b111111111011100110111111, 114.49695219677696
call_center: 9.615905582904816e-06, 0.0012377759525620195, 0.9606275942161239
catalog_page: 0.0017016949132084846, 0.005076841874269591, 6.254978397284996
catalog_returns: 13.009788101539016, 3.262994677062768, 9.655891285560195
catalog_sales: 132.3057429259643, 33.3734616000883, 8.78867048295892
customer: 0.8535048151388764, 0.21911695887098523, 12.010796560672025
customer_address: 0.2449320713058114, 0.07916181152109106, 9.402645434545638
date_dim: 0.001992875710129738, 0.0021817198007568605, 63.932707414458456
household_demographics: 3.5176053643226624e-05, 0.001286211283503583, 6.193441499104998
item: 0.03489831369370222, 0.012483463384625198, 45.77171762314923
promotion: 7.638614624738693e-05, 0.0049017522053316194, 4.813842195108295
reason: 1.4491379261016846e-06, 0.0013673776696086382, 2.9276638694836734
store: 9.930133819580078e-05, 0.0014319555896888068, 31.457692794948187
store_returns: 20.850121902301908, 5.341449233913656, 11.552539338121182
store_sales: 174.69669486396015, 44.490632971796174, 26.203459431741294
time_dim: 0.0012146271765232086, 0.0019386356004754337, 3.481383852750393
warehouse: 2.907589077949524e-06, 0.0014496795368450302, 0.21274883635995215
web_page: 7.394980639219284e-05, 0.0014392821584904975, 2.415085751401309
web_returns: 6.285572262480855, 1.5687953233234935, 11.283255581538594
web_sales: 67.01082486007363, 16.8714605554152, 24.50276983403042
web_site: 1.0454095900058746e-05, 0.001775719179682817, 6.815437089802848
call_center: 9.615905582904816e-06, 0.0012377759480949873, 0.960627594220591
catalog_page: 0.0017016949132084846, 0.005076841083753714, 6.2549783980755125
catalog_returns: 13.009788101539016, 3.262988633415361, 9.441698813310804
catalog_sales: 132.3057429259643, 33.37340013796041, 8.574533429190012
customer: 0.8535048151388764, 0.21911656237858101, 12.01079695716443
customer_address: 0.2449320713058114, 0.07916169773883219, 9.402645548327897
date_dim: 0.001992875710129738, 0.0021817188749740555, 63.71850889948744
household_demographics: 3.5176053643226624e-05, 0.0012862112671626815, 6.19344149912134
item: 0.03489831369370222, 0.012483447172746772, 45.55751912346431
promotion: 7.638614624738693e-05, 0.004901752169846727, 4.8138421951437795
reason: 1.4491379261016846e-06, 0.0013673776689354467, 2.9276638694843466
store: 9.930133819580078e-05, 0.0014319555435587492, 31.457692794994315
store_returns: 20.850121902301908, 5.341439548069107, 11.552549023965732
store_sales: 174.69669486396015, 44.49055181711336, 26.20354058642411
time_dim: 0.0012146271765232086, 0.001938635036225015, 3.4813838533146435
web_page: 7.394980639219284e-05, 0.001439282124137397, 2.415085751435662
web_returns: 6.285572262480855, 1.5687924033848897, 11.283258501477198
web_sales: 67.01082486007363, 16.87142942579228, 24.502800963653343
web_site: 1.0454095900058746e-05, 0.0017757191748264069, 6.815437089807705
Function: 114.7095081055769, 6.550802831910452, 2.5187110900878906, 100.06934419687954, 5.498284835888545, 0.03629346446658939, 0.03607168634387851
hiya: 0b111101111011100110111111, 114.7095081055769
call_center: 9.615905582904816e-06, 0.0012377759480949873, 0.960627594220591
catalog_page: 0.0017016949132084846, 0.005076841083753714, 6.2549783980755125
catalog_returns: 13.009788101539016, 3.262988633415361, 9.441698813310804
catalog_sales: 132.3057429259643, 33.37340013796041, 8.574533429190012
customer: 0.8535048151388764, 0.21911656237858101, 12.01079695716443
customer_address: 0.2449320713058114, 0.07916169773883219, 9.402645548327897
date_dim: 0.001992875710129738, 0.0021817188749740555, 63.71850889948744
household_demographics: 3.5176053643226624e-05, 0.0012862112671626815, 6.19344149912134
item: 0.03489831369370222, 0.012483447172746772, 45.55751912346431
promotion: 7.638614624738693e-05, 0.004901752169846727, 4.8138421951437795
reason: 1.4491379261016846e-06, 0.0013673776689354467, 2.9276638694843466
store: 9.930133819580078e-05, 0.0014319555435587492, 31.457692794994315
store_returns: 20.850121902301908, 5.341439548069107, 11.552549023965732
store_sales: 174.69669486396015, 44.49055181711336, 26.20354058642411
time_dim: 0.0012146271765232086, 0.001938635036225015, 3.4813838533146435
web_page: 7.394980639219284e-05, 0.001439282124137397, 2.415085751435662
web_returns: 6.285572262480855, 1.5687924033848897, 11.283258501477198
web_sales: 67.01082486007363, 16.87142942579228, 24.502800963653343
web_site: 1.0454095900058746e-05, 0.0017757191748264069, 6.815437089807705
catalog_page: 0.0017016949132084846, 0.00507683934011014, 6.254978399819156
catalog_returns: 13.009788101539016, 3.262975302921599, 9.031918032117222
catalog_sales: 132.3057429259643, 33.37326457073464, 7.612803626247107
customer: 0.8535048151388764, 0.2191156878339285, 12.010797831709082
customer_address: 0.2449320713058114, 0.07916144676891453, 8.992851687610473
date_dim: 0.001992875710129738, 0.002181716832971756, 62.75664353136076
household_demographics: 3.5176053643226624e-05, 0.0012862112311194992, 6.193441499157383
item: 0.03489831369370222, 0.01248341141415106, 45.005447900741565
promotion: 7.638614624738693e-05, 0.004901752091577578, 4.8138421952220485
reason: 1.4491379261016846e-06, 0.0013673776674505858, 2.9276638694858312
store: 9.930133819580078e-05, 0.0014319554418095232, 31.457692795096065
store_returns: 20.850121902301908, 5.341418183968647, 11.552570388066192
store_sales: 174.69669486396015, 44.490372813951815, 26.203719589585653
time_dim: 0.0012146271765232086, 0.0019386337916559354, 3.4813838545592124
web_page: 7.394980639219284e-05, 0.0014392820483646461, 2.415085751511435
web_returns: 6.285572262480855, 1.5687859628663214, 11.283264941995766
web_sales: 67.01082486007363, 16.8713607630765, 24.502869626369122
web_site: 1.0454095900058746e-05, 0.0017757191641146058, 6.815437089818417
Function: 115.66971015575893, 6.4107547499307, 3.620624542236328, 100.06934187984695, 5.497059369428953, 0.03586792880294153, 0.03606168551306427
hiya: 0b111101111011100110111110, 115.66971015575893
catalog_page: 0.0017016949132084846, 0.00507683934011014, 6.254978399819156
catalog_returns: 13.009788101539016, 3.262975302921599, 9.031918032117222
catalog_sales: 132.3057429259643, 33.37326457073464, 7.612803626247107
customer: 0.8535048151388764, 0.2191156878339285, 12.010797831709082
customer_address: 0.2449320713058114, 0.07916144676891453, 8.992851687610473
date_dim: 0.001992875710129738, 0.002181716832971756, 62.75664353136076
household_demographics: 3.5176053643226624e-05, 0.0012862112311194992, 6.193441499157383
item: 0.03489831369370222, 0.01248341141415106, 45.005447900741565
promotion: 7.638614624738693e-05, 0.004901752091577578, 4.8138421952220485
reason: 1.4491379261016846e-06, 0.0013673776674505858, 2.9276638694858312
store: 9.930133819580078e-05, 0.0014319554418095232, 31.457692795096065
store_returns: 20.850121902301908, 5.341418183968647, 11.552570388066192
store_sales: 174.69669486396015, 44.490372813951815, 26.203719589585653
time_dim: 0.0012146271765232086, 0.0019386337916559354, 3.4813838545592124
web_page: 7.394980639219284e-05, 0.0014392820483646461, 2.415085751511435
web_returns: 6.285572262480855, 1.5687859628663214, 11.283264941995766
web_sales: 67.01082486007363, 16.8713607630765, 24.502869626369122
web_site: 1.0454095900058746e-05, 0.0017757191641146058, 6.815437089818417
catalog_page: 0.0017016949132084846, 0.005076838147400566, 6.254978401011866
catalog_returns: 13.009788101539016, 3.2629661844252635, 6.763682499103638
catalog_sales: 132.3057429259643, 33.37317183829175, 5.344651707180063
customer: 0.8535048151388764, 0.2191150896166118, 12.0107984299264
customer_address: 0.2449320713058114, 0.07916127509723338, 8.992851859282155
date_dim: 0.001992875710129738, 0.0021817154361749966, 60.48839888124763
household_demographics: 3.5176053643226624e-05, 0.0012862112064647767, 6.045161117132158
item: 0.03489831369370222, 0.012483386954095059, 45.00544792520162
promotion: 7.638614624738693e-05, 0.004901752038038904, 4.813842195275587
reason: 1.4491379261016846e-06, 0.0013673776664348922, 2.9276638694868473
store: 9.930133819580078e-05, 0.0014319553722097048, 29.18944814365575
store_returns: 20.850121902301908, 5.341403570221008, 9.284340350303907
store_sales: 174.69669486396015, 44.49025036989973, 23.93559738212781
time_dim: 0.0012146271765232086, 0.0019386329403297362, 3.33310347336066
web_returns: 6.285572262480855, 1.5687815573397137, 9.015024696012452
web_sales: 67.01082486007363, 16.87131379551975, 22.08639156036607
web_site: 1.0454095900058746e-05, 0.0017757191567873815, 6.8154370898257435
Function: 118.08450475663349, 6.315530515912372, 6.132373809814453, 100.06932406102486, 5.4956478481102, 0.0355768426478084, 0.03605167912380099
hiya: 0b111001111011100110111110, 118.08450475663349
catalog_page: 0.0017016949132084846, 0.005076838147400566, 6.254978401011866
catalog_returns: 13.009788101539016, 3.2629661844252635, 6.763682499103638
catalog_sales: 132.3057429259643, 33.37317183829175, 5.344651707180063
customer: 0.8535048151388764, 0.2191150896166118, 12.0107984299264
customer_address: 0.2449320713058114, 0.07916127509723338, 8.992851859282155
date_dim: 0.001992875710129738, 0.0021817154361749966, 60.48839888124763
household_demographics: 3.5176053643226624e-05, 0.0012862112064647767, 6.045161117132158
item: 0.03489831369370222, 0.012483386954095059, 45.00544792520162
promotion: 7.638614624738693e-05, 0.004901752038038904, 4.813842195275587
reason: 1.4491379261016846e-06, 0.0013673776664348922, 2.9276638694868473
store: 9.930133819580078e-05, 0.0014319553722097048, 29.18944814365575
store_returns: 20.850121902301908, 5.341403570221008, 9.284340350303907
store_sales: 174.69669486396015, 44.49025036989973, 23.93559738212781
time_dim: 0.0012146271765232086, 0.0019386329403297362, 3.33310347336066
web_returns: 6.285572262480855, 1.5687815573397137, 9.015024696012452
web_sales: 67.01082486007363, 16.87131379551975, 22.08639156036607
web_site: 1.0454095900058746e-05, 0.0017757191567873815, 6.8154370898257435
catalog_page: 0.0017016949132084846, 0.005076836608328918, 6.254978402550937
catalog_returns: 13.009788101539016, 3.2629544179236105, 6.76369426560529
catalog_sales: 132.3057429259643, 33.37305217640867, 5.344771369063146
customer: 0.8535048151388764, 0.21911431767738115, 12.01079920186563
customer_address: 0.2449320713058114, 0.07916105357220934, 8.992852080807179
date_dim: 0.001992875710129738, 0.0021817136337493803, 60.48839888305006
household_demographics: 3.5176053643226624e-05, 0.0012862111746503389, 6.045161117163973
item: 0.03489831369370222, 0.01248335539085494, 45.00544795676486
promotion: 7.638614624738693e-05, 0.004901751968952635, 4.813842195344674
store: 9.930133819580078e-05, 0.0014319552823981452, 29.189448143745558
store_returns: 20.850121902301908, 5.341384712650699, 8.754527984926778
store_sales: 174.69669486396015, 44.49009236817573, 21.0067241366985
time_dim: 0.0012146271765232086, 0.0019386318417789704, 3.333103474459211
web_returns: 6.285572262480855, 1.568775872451087, 9.015030380901077
web_sales: 67.01082486007363, 16.871253188615526, 22.086452167270295
web_site: 1.0454095900058746e-05, 0.0017757191473323363, 6.815437089835199
Function: 121.01179301559199, 6.192188830631573, 9.184746742248535, 100.069323711843, 5.494290818486214, 0.03520123338405824, 0.03604167899859548
hiya: 0b111001111001100110111110, 121.01179301559199
catalog_page: 0.0017016949132084846, 0.005076836608328918, 6.254978402550937
catalog_returns: 13.009788101539016, 3.2629544179236105, 6.76369426560529
catalog_sales: 132.3057429259643, 33.37305217640867, 5.344771369063146
customer: 0.8535048151388764, 0.21911431767738115, 12.01079920186563
customer_address: 0.2449320713058114, 0.07916105357220934, 8.992852080807179
date_dim: 0.001992875710129738, 0.0021817136337493803, 60.48839888305006
household_demographics: 3.5176053643226624e-05, 0.0012862111746503389, 6.045161117163973
item: 0.03489831369370222, 0.01248335539085494, 45.00544795676486
promotion: 7.638614624738693e-05, 0.004901751968952635, 4.813842195344674
store: 9.930133819580078e-05, 0.0014319552823981452, 29.189448143745558
store_returns: 20.850121902301908, 5.341384712650699, 8.754527984926778
store_sales: 174.69669486396015, 44.49009236817573, 21.0067241366985
time_dim: 0.0012146271765232086, 0.0019386318417789704, 3.333103474459211
web_returns: 6.285572262480855, 1.568775872451087, 9.015030380901077
web_sales: 67.01082486007363, 16.871253188615526, 22.086452167270295
web_site: 1.0454095900058746e-05, 0.0017757191473323363, 6.815437089835199
catalog_page: 0.0017016949132084846, 0.0050768355365455224, 6.2549784036227205
catalog_returns: 13.009788101539016, 3.262946223931401, 6.7637024595975
catalog_sales: 132.3057429259643, 33.37296884590256, 4.669118441399441
customer: 0.8535048151388764, 0.2191137801119918, 12.01079973943102
customer_address: 0.2449320713058114, 0.07916089930593934, 8.992852235073448
date_dim: 0.001992875710129738, 0.0021817123785707474, 59.81266262613542
household_demographics: 3.5176053643226624e-05, 0.0012862111524953041, 3.385855269054948
item: 0.03489831369370222, 0.012483333410749782, 44.329711720575155
promotion: 7.638614624738693e-05, 0.004901751920842129, 4.813842195392784
store: 9.930133819580078e-05, 0.0014319552198548981, 26.53014229567692
store_returns: 20.850121902301908, 5.341371580558531, 8.754541117018945
store_sales: 174.69669486396015, 44.4899823384546, 17.67179206011862
web_returns: 6.285572262480855, 1.568771913591054, 9.015034339761112
web_sales: 67.01082486007363, 16.87121098299522, 21.41075811472079
web_site: 1.0454095900058746e-05, 0.001775719140748003, 6.815437089841783
Function: 124.3446337589634, 6.106987673687934, 12.604990005493164, 100.06903103730292, 5.492653905064265, 0.03493956336031085, 0.036031574054807426
hiya: 0b111000111001100110111110, 124.3446337589634
catalog_page: 0.0017016949132084846, 0.0050768355365455224, 6.2549784036227205
catalog_returns: 13.009788101539016, 3.262946223931401, 6.7637024595975
catalog_sales: 132.3057429259643, 33.37296884590256, 4.669118441399441
customer: 0.8535048151388764, 0.2191137801119918, 12.01079973943102
customer_address: 0.2449320713058114, 0.07916089930593934, 8.992852235073448
date_dim: 0.001992875710129738, 0.0021817123785707474, 59.81266262613542
household_demographics: 3.5176053643226624e-05, 0.0012862111524953041, 3.385855269054948
item: 0.03489831369370222, 0.012483333410749782, 44.329711720575155
promotion: 7.638614624738693e-05, 0.004901751920842129, 4.813842195392784
store: 9.930133819580078e-05, 0.0014319552198548981, 26.53014229567692
store_returns: 20.850121902301908, 5.341371580558531, 8.754541117018945
store_sales: 174.69669486396015, 44.4899823384546, 17.67179206011862
web_returns: 6.285572262480855, 1.568771913591054, 9.015034339761112
web_sales: 67.01082486007363, 16.87121098299522, 21.41075811472079
web_site: 1.0454095900058746e-05, 0.001775719140748003, 6.815437089841783
catalog_page: 0.0017016949132084846, 0.005076833685518836, 6.254978405473747
catalog_returns: 13.009788101539016, 3.262932072472891, 6.76371661105601
catalog_sales: 132.3057429259643, 33.37282492970523, 4.6692623575967716
customer: 0.8535048151388764, 0.21911285170809428, 8.623659187627473
customer_address: 0.2449320713058114, 0.07916063287992087, 7.360154542316408
date_dim: 0.001992875710129738, 0.0021817102108107724, 56.42552114809574
item: 0.03489831369370222, 0.012483295449944084, 44.32971175853596
promotion: 7.638614624738693e-05, 0.004901751837752738, 4.813842195475874
store: 9.930133819580078e-05, 0.0014319551118393981, 23.143000815577494
store_returns: 20.850121902301908, 5.341348900739865, 8.754563796837612
store_sales: 174.69669486396015, 44.4897923112989, 14.284840607066883
web_returns: 6.285572262480855, 1.568765076430111, 9.015041176922054
web_sales: 67.01082486007363, 16.87113809165369, 21.410831006062317
web_site: 1.0454095900058746e-05, 0.0017757191293765108, 6.815437089853154
Function: 127.73003725416332, 5.958281490015983, 16.14083766937256, 100.06902256133966, 5.491386142163276, 0.034487820256224454, 0.03602157101559639
hiya: 0b111000111001100010111110, 127.73003725416332
catalog_page: 0.0017016949132084846, 0.005076833685518836, 6.254978405473747
catalog_returns: 13.009788101539016, 3.262932072472891, 6.76371661105601
catalog_sales: 132.3057429259643, 33.37282492970523, 4.6692623575967716
customer: 0.8535048151388764, 0.21911285170809428, 8.623659187627473
customer_address: 0.2449320713058114, 0.07916063287992087, 7.360154542316408
date_dim: 0.001992875710129738, 0.0021817102108107724, 56.42552114809574
item: 0.03489831369370222, 0.012483295449944084, 44.32971175853596
promotion: 7.638614624738693e-05, 0.004901751837752738, 4.813842195475874
store: 9.930133819580078e-05, 0.0014319551118393981, 23.143000815577494
store_returns: 20.850121902301908, 5.341348900739865, 8.754563796837612
store_sales: 174.69669486396015, 44.4897923112989, 14.284840607066883
web_returns: 6.285572262480855, 1.568765076430111, 9.015041176922054
web_sales: 67.01082486007363, 16.87113809165369, 21.410831006062317
web_site: 1.0454095900058746e-05, 0.0017757191293765108, 6.815437089853154
catalog_page: 0.0017016949132084846, 0.005076776216663069, -0.005076776216663069
catalog_page had no query dependencies
catalog_returns: 13.009788101539016, 3.262492711909394, -3.2419125702617375
customer: 0.8535048151388764, 0.21908402753712394, 4.262501077772362
customer_address: 0.2449320713058114, 0.07915236114697431, 4.695407709736458
date_dim: 0.001992875710129738, 0.002181642908331428, 18.383433928096217
item: 0.03489831369370222, 0.012482116880189537, 13.829189934107692
promotion: 7.638614624738693e-05, 0.004901749258075037, 1.0603825610335331
store: 9.930133819580078e-05, 0.0014319517582804036, 13.883526384372496
store_returns: 20.850121902301908, 5.340644760039304, -3.7549546242758174
store_sales: 174.69669486396015, 44.483892535092146, -22.87271647269737
web_returns: 6.285572262480855, 1.568552802982643, -0.9908150915117211
web_sales: 67.01082486007363, 16.868875032982704, -13.127767887476164
web_site: 1.0454095900058746e-05, 0.0017757187763256055, 0.5553818510469395
customer: 0.8535048151388764, 0.2190422720535806, -0.2190422720535806
customer had no query dependencies
customer_address: 0.2449320713058114, 0.0791403784880704, -0.0791403784880704
customer_address had no query dependencies
date_dim: 0.001992875710129738, 0.0021815454121164772, -0.0021815454121164772
date_dim had no query dependencies
item: 0.03489831369370222, 0.012480409571762822, -0.012480409571762822
item had no query dependencies
promotion: 7.638614624738693e-05, 0.004901745521083264, -0.004901745521083264
promotion had no query dependencies
store: 9.930133819580078e-05, 0.0014319469002229922, -0.0014319469002229922
store had no query dependencies
web_site: 1.0454095900058746e-05, 0.0017757182648863944, -0.0017757182648863944
web_site had no query dependencies
Function: 82.86781311035156, 0, 82.86781311035156, 0.0, 0, 0.0, 0
hiya: 0b0, 82.86781311035156
{113.59355443650705: [0, 1, 2, 3, 4, 5, 7, 8, 11, 12, 13, 14, 15, 16, 17, 18, 19, 20, 21, 22, 23], 114.49695219677696: [0, 1, 2, 3, 4, 5, 7, 8, 11, 12, 13, 15, 16, 17, 18, 19, 20, 21, 22, 23], 114.7095081055769: [0, 1, 2, 3, 4, 5, 7, 8, 11, 12, 13, 15, 16, 17, 18, 20, 21, 22, 23], 115.66971015575893: [1, 2, 3, 4, 5, 7, 8, 11, 12, 13, 15, 16, 17, 18, 20, 21, 22, 23], 118.08450475663349: [1, 2, 3, 4, 5, 7, 8, 11, 12, 13, 15, 16, 17, 18, 21, 22, 23], 121.01179301559199: [1, 2, 3, 4, 5, 7, 8, 11, 12, 15, 16, 17, 18, 21, 22, 23], 124.3446337589634: [1, 2, 3, 4, 5, 7, 8, 11, 12, 15, 16, 17, 21, 22, 23], 127.73003725416332: [1, 2, 3, 4, 5, 7, 11, 12, 15, 16, 17, 21, 22, 23], 82.86781311035156: []}
[]
{}
Best Cost: $82.86781311035156;
[]
{}
{}
{}
[]
0
Optimal Subset: 0b0
Function: 82.86781311035156, 0, 82.86781311035156, 0.0, 0, 0.0, 0
82.86781311035156
Real: 82.86781311035156, 0, 82.86781311035156, 0.0, 0, 0.0, 0
Num Redshift Qs: 0; Num GCP Qs: 85
Redshift Qs: $0; GCP Qs: $82.86781311035156; Movement Cost: $0.0
Load Cost: $0, Storage Cost: $0.0, API Cost: $0
Final cost: $82.86781311035156, BQ Baseline: $82.86781311035156, Diff: $0.0, %: 0.0%
