Egress: $0.12/GB
Benchmark: tpcds
Data Path: parquet_2000/real_data_rs4
BigQuery Cost: $5/TB; DuckDB Cost: $1.48/hr; Redshift Cost: $4.344/hr
Use Duck: True
Excluded Table: web_sales
Excluded Query: None

Starting analysis using DuckDB
Duck Total: $23.628513754235367, Duck-Calcite Total: $26.381699809969803, Redshift Total: $4.712668620589575, Redshift-Calcite Total: $5.456262426927885, BigQuery Total: $99.89949703216553
Excluding table web_sales and any queries that depend on it
Total Keys: 59, Keys Considered: 56
-0.0709467601996831
call_center: 5.735084414482117e-06, 0.0016639786417466016, 0.7176210650635431
catalog_page: 0.0006659524515271187, 0.0016514609916958565, -0.0016514609916958565
catalog_page had no query dependencies
catalog_returns: 23.366260116919875, 3.0598063338023063, -2.6695304000444366
catalog_sales: 217.0907397372648, 29.107638076719066, -25.753211335978445
customer: 0.6484093563631177, 0.09322678070356263, 2.6260181561038096
customer_address: 0.18544994108378887, 0.03918912039206431, 3.1609335729770147
customer_demographics: 0.012168197892606258, 0.008661175064528273, 1.8592639327123035
date_dim: 0.0019952356815338135, 0.005559197056328108, 10.181874127899864
household_demographics: 3.512948751449585e-05, 0.0015011232334363493, 3.2348489948372388
income_band: 6.137415766716003e-07, 0.0014422194108894596, 0.012374153571771468
inventory: 0.24701470416039228, 0.05384845908536538, 0.19914639306172222
item: 0.005464168265461922, 0.00663283196061516, 6.445887970425876
promotion: 2.6027671992778778e-05, 0.0015120710231583724, 0.7687789159492154
reason: 1.2423843145370483e-06, 0.0015798680048916464, 2.631036274174272
ship_mode: 1.5795230865478516e-06, 0.0017056554217314433, 0.27128157475042214
store: 2.3781321942806244e-05, 0.0015298692545292248, 8.587215150163239
store_returns: 36.877127600833774, 4.859407771011234, -1.6995720867578883
store_sales: 288.85508783441037, 39.65488176523186, -25.053562846540796
time_dim: 0.0012104213237762451, 0.0146863699622375, 1.3227359463717379
warehouse: 2.3292377591133118e-06, 0.017706205924559036, 0.35178425372313465
web_page: 1.0661780834197998e-05, 0.014096260970774894, -0.014096260970774894
web_page had no query dependencies
web_returns: 11.326140539720654, 1.5165424490313315, -1.4600115366352222
web_site: 8.863396942615509e-06, 0.018448465179753615, -0.018448465179753615
web_site had no query dependencies
-0.07092372820314513
call_center: 5.735084414482117e-06, 0.0016639781226791164, -0.0016639781226791164
call_center had no query dependencies
customer: 0.6484093563631177, 0.09316809486920113, -0.09316809486920113
customer had no query dependencies
customer_address: 0.18544994108378887, 0.03917233580310366, -0.03917233580310366
customer_address had no query dependencies
customer_demographics: 0.012168197892606258, 0.0086600737527736, -0.0086600737527736
customer_demographics had no query dependencies
date_dim: 0.0019952356815338135, 0.00555901647276686, 0.017656094541803842
household_demographics: 3.512948751449585e-05, 0.0015011200539583464, -0.0015011200539583464
household_demographics had no query dependencies
income_band: 6.137415766716003e-07, 0.0014422193553413152, -0.0014422193553413152
income_band had no query dependencies
inventory: 0.24701470416039228, 0.05382610243077526, -0.03061099141620456
item: 0.005464168265461922, 0.006632337413041774, 0.01658277360152893
promotion: 2.6027671992778778e-05, 0.0015120686674618784, -0.0015120686674618784
promotion had no query dependencies
reason: 1.2423843145370483e-06, 0.0015798678924466925, -0.0015798678924466925
reason had no query dependencies
ship_mode: 1.5795230865478516e-06, 0.0017056552787729413, -0.0017056552787729413
ship_mode had no query dependencies
store: 2.3781321942806244e-05, 0.0015298671021439967, -0.0015298671021439967
store had no query dependencies
time_dim: 0.0012104213237762451, 0.014686260410170402, -0.014686260410170402
time_dim had no query dependencies
warehouse: 2.3292377591133118e-06, 0.017706205713745822, 0.00550890530082488
date_dim: 0.0019952356815338135, 0.005559015091504593, -0.005559015091504593
date_dim had no query dependencies
item: 0.005464168265461922, 0.006632333630305971, -0.006632333630305971
item had no query dependencies
warehouse: 2.3292377591133118e-06, 0.017706205712133338, -0.017706205712133338
warehouse had no query dependencies
{}
{}
STARTING PHASE 2: 0b0
----
[]
Function: 20.203406967695873, 0, 20.203406967695873, 0.0, 0, 0.0, 0
{20.203406967695873: []}
[]
{}
Best Cost: $20.203406967695873;
[]
{}
{}
{}
[]
0
Optimal Subset: 0b0
Function: 20.203406967695873, 0, 20.203406967695873, 0.0, 0, 0.0, 0
20.203406967695873
Real: 20.203406967695873, 0, 20.203406967695873, 0.0, 0, 0.0, 0
Num Redshift Qs: 0; Num GCP Qs: 59
Num BigQuery Qs: 3; Num DuckDB Qs: 56
Redshift Qs: $0; GCP Qs: $20.203406967695873; Movement Cost: $0.0
Load Cost: $0, Storage Cost: $0.0, API Cost: $0
Final cost: $20.203406967695873, BQ Baseline: $99.89949703216553, Diff: $79.69609006446966, %: 79.77626758101614%
