Egress: $0.12/GB
Benchmark: tpcds
Data Path: parquet_2000/real_data_rs4
BigQuery Cost: $5/TB; DuckDB Cost: $1.48/hr; Redshift Cost: $4.344/hr
Use Duck: True
Excluded Table: reason
Excluded Query: None

Starting analysis using DuckDB
Duck Total: $44.78930130216282, Duck-Calcite Total: $51.80524728909067, Redshift Total: $10.393935226291024, Redshift-Calcite Total: $10.979109287355742, BigQuery Total: $202.0195722579956
Excluding table reason and any queries that depend on it
Total Keys: 89, Keys Considered: 85
-0.07095951578660087
call_center: 5.735084414482117e-06, 0.0016639789292167049, 0.7176210647760731
catalog_page: 0.0006659524515271187, 0.0016514943724460242, 2.718233268712594
catalog_returns: 23.366260116919875, 3.0609775635042538, 1.4503481376847547
catalog_sales: 217.0907397372648, 29.11851971208244, -11.796770270474767
customer: 0.6484093563631177, 0.09325928210915314, 10.903008156138227
customer_address: 0.18544994108378887, 0.03919841603792869, 5.168776990645281
customer_demographics: 0.012168197892606258, 0.008661784993319602, 2.4155563466415715
date_dim: 0.0019952356815338135, 0.0055592970671677075, 27.674992293867408
household_demographics: 3.512948751449585e-05, 0.0015011249942957674, 3.3114128194270123
income_band: 6.137415766716003e-07, 0.0014422194416531487, 0.012374153541007779
inventory: 0.24701470416039228, 0.05386084065421221, 0.1991340114928754
item: 0.005464168265461922, 0.006633105851093864, 13.580037974983352
promotion: 2.6027671992778778e-05, 0.001512072327790879, 1.6860366409530843
ship_mode: 1.5795230865478516e-06, 0.0017056555009047618, 0.8494790896057813
store: 2.3781321942806244e-05, 0.0015298704465638282, 11.514966054156464
store_returns: 36.877127600833774, 4.861256230582961, 1.7788132636994032
store_sales: 288.85508783441037, 39.66936057599308, -12.170002166715168
time_dim: 0.0012104213237762451, 0.014686430634394669, 2.174905655528684
warehouse: 2.3292377591133118e-06, 0.01770620604131167, 0.9299817685409145
web_page: 1.0661780834197998e-05, 0.014096261505194793, 0.270333706945662
web_returns: 11.326140539720654, 1.5171101698451106, 3.353390352605207
web_sales: 109.34904180746526, 14.725724713828983, 2.8439573785000345
web_site: 8.863396942615509e-06, 0.018448465624029835, 3.5530197754587824
-0.07092886241765282
call_center: 5.735084414482117e-06, 0.0016639782383878786, 0.003788078896978477
catalog_page: 0.0006659524515271187, 0.0016514141540713428, -0.0016514141540713428
catalog_page had no query dependencies
catalog_returns: 23.366260116919875, 3.0581629430239756, -2.9961619271155335
customer: 0.6484093563631177, 0.09318117691624286, 0.031042648235927603
customer_address: 0.18544994108378887, 0.039176077366715197, 0.7388664869718481
customer_demographics: 0.012168197892606258, 0.00866031925345258, 0.010608110864574702
date_dim: 0.0019952356815338135, 0.005559056727841512, 1.2931396790024974
household_demographics: 3.512948751449585e-05, 0.001501120762716793, 0.09433113570594276
income_band: 6.137415766716003e-07, 0.001442219367723919, 0.012374153614937008
inventory: 0.24701470416039228, 0.05383108610034776, -0.030615975085777056
item: 0.005464168265461922, 0.0066324476559085545, 0.3959116031276469
promotion: 2.6027671992778778e-05, 0.0015120691925857466, -0.0015120691925857466
promotion had no query dependencies
ship_mode: 1.5795230865478516e-06, 0.0017056553106407654, 0.15695798006406053
store: 2.3781321942806244e-05, 0.0015298675819464074, 0.03757123585473187
store_returns: 36.877127600833774, 4.856814136808444, -4.747365747992995
time_dim: 0.0012104213237762451, 0.014686284831145428, 0.06187754151948684
warehouse: 2.3292377591133118e-06, 0.01770620576073959, 0.1641725406285324
web_page: 1.0661780834197998e-05, 0.014096260220912819, 0.062467566129719446
web_returns: 11.326140539720654, 1.5157458613521773, -0.7662951063329968
web_sales: 109.34904180746526, 14.712552898954458, -13.461607567233179
web_site: 8.863396942615509e-06, 0.018448464556375086, 0.8331350134413974
call_center: 5.735084414482117e-06, 0.0016639781226276806, -0.0016639781226276806
call_center had no query dependencies
customer: 0.6484093563631177, 0.09316808905385819, -0.09316808905385819
customer had no query dependencies
customer_address: 0.18544994108378887, 0.03917233413987195, -0.03917233413987195
customer_address had no query dependencies
customer_demographics: 0.012168197892606258, 0.008660073643641547, -0.008660073643641547
customer_demographics had no query dependencies
date_dim: 0.0019952356815338135, 0.005559016454872332, -0.005559016454872332
date_dim had no query dependencies
household_demographics: 3.512948751449585e-05, 0.001501120053643283, -0.001501120053643283
household_demographics had no query dependencies
income_band: 6.137415766716003e-07, 0.001442219355335811, -0.001442219355335811
income_band had no query dependencies
item: 0.005464168265461922, 0.006632337364035676, -0.006632337364035676
item had no query dependencies
ship_mode: 1.5795230865478516e-06, 0.0017056552787587751, -0.0017056552787587751
ship_mode had no query dependencies
store: 2.3781321942806244e-05, 0.0015298671019307107, -0.0015298671019307107
store had no query dependencies
time_dim: 0.0012104213237762451, 0.014686260399314583, -0.014686260399314583
time_dim had no query dependencies
warehouse: 2.3292377591133118e-06, 0.017706205713724932, -0.017706205713724932
warehouse had no query dependencies
web_page: 1.0661780834197998e-05, 0.014096260005709384, -0.014096260005709384
web_page had no query dependencies
web_site: 8.863396942615509e-06, 0.018448464377471253, -0.018448464377471253
web_site had no query dependencies
{}
{}
STARTING PHASE 2: 0b0
----
[]
Function: 40.48235081039237, 0, 40.48235081039237, 0.0, 0, 0.0, 0
{40.48235081039237: []}
[]
{}
Best Cost: $40.48235081039237;
[]
{}
{}
{}
[]
0
Optimal Subset: 0b0
Function: 40.48235081039237, 0, 40.48235081039237, 0.0, 0, 0.0, 0
40.48235081039237
Real: 40.48235081039237, 0, 40.48235081039237, 0.0, 0, 0.0, 0
Num Redshift Qs: 0; Num GCP Qs: 89
Num BigQuery Qs: 4; Num DuckDB Qs: 85
Redshift Qs: $0; GCP Qs: $40.48235081039237; Movement Cost: $0.0
Load Cost: $0, Storage Cost: $0.0, API Cost: $0
Final cost: $40.48235081039237, BQ Baseline: $202.0195722579956, Diff: $161.53722144760323, %: 79.96117388136379%
