Egress: $0.12/GB
Benchmark: tpcds
Data Path: parquet_2000/real_data_rs4
BigQuery Cost: $5/TB; DuckDB Cost: $1.48/hr; Redshift Cost: $4.344/hr
Use Duck: False
Excluded Table: web_sales
Excluded Query: None

Starting analysis without using DuckDB
Excluding table web_sales and any queries that depend on it
62
23
Total Keys: 63, Keys Considered: 62
h
106.9198475343142
71.6007844387065
113.43918060969355
41.83839617098705
['000', '001', '002', '003', '009', '0014', '0016', '0020', '0021', '0023']
['source', '01', '15', '16', '17', '18', '20', '24', '25', '26', '29', '30', '32', '37', '40', '50', '57', '64', '72', '81', '83', '84', '91', '93', '97', '99']
Optimal Subset: 0b11101011110111110000
h
71.60078443870648
