Egress: $0.12/GB
Benchmark: tpcds
Data Path: parquet_2000/real_data_rs4
BigQuery Cost: $5/TB; DuckDB Cost: $1.48/hr; Redshift Cost: $4.344/hr
Use Duck: False
Excluded Table: customer_address
Excluded Query: None

Starting analysis without using DuckDB
Excluding table customer_address and any queries that depend on it
69
23
Total Keys: 70, Keys Considered: 69
h
107.58063264282406
93.86297644342281
183.02548046548208
89.16250402205927
['009']
['source']
Optimal Subset: 0b111111111111110111011111
h
93.86297644342284
