Egress: $0.12/GB
Benchmark: tpcds
Data Path: parquet_1000/internal_rs4
BigQuery Cost: $5/TB; DuckDB Cost: $1.48/hr; Redshift Cost: $4.344/hr
Use Duck: True
Excluded Table: warehouse
Excluded Query: None

Starting analysis using DuckDB
Duck Total: $48.6777844274627, Duck-Calcite Total: $50.70004511183101, Redshift Total: $7.958597943499882, Redshift-Calcite Total: $7.162553806977272, BigQuery Total: $39.93284225463867
!!!!!!: 12.600141378090226
Excluding table warehouse and any queries that depend on it
Total Keys: 89, Keys Considered: 80
call_center: 9.615905582904816e-06, 0.0012366219789662401, 0.22834506547934755
catalog_page: 0.0017016949132084846, 0.004872626994975693, 0.6825016322125095
catalog_returns: 13.009788101539016, 1.7017322638222594, 0.38385175941698924
catalog_sales: 132.3057429259643, 17.495879131106083, -11.363807275081388
customer: 0.8535048151388764, 0.11669061825760657, 3.282476673726697
customer_address: 0.2449320713058114, 0.049768309202504454, 3.3657867505904586
customer_demographics: 0.011580578982830048, 0.005958762853982425, 1.0523965467668535
date_dim: 0.001992875710129738, 0.0019425612598028017, 11.131848591498448
household_demographics: 3.5176053643226624e-05, 0.0012819899195604756, 1.2537221164593977
income_band: 5.122274160385132e-07, 0.0011215779127372587, 0.006527115621795924
inventory: 5.1357166497036815, 0.8311122732885758, -0.7041762502270636
item: 0.03489831369370222, 0.008295430110739025, 6.446576159272817
promotion: 7.638614624738693e-05, 0.004892585352028742, 1.0310320237622437
reason: 1.4491379261016846e-06, 0.0013672037632730418, 0.4331823326619713
ship_mode: 1.3029202818870544e-06, 0.0013298832170090713, -0.0013298832170090713
ship_mode had no query dependencies
store: 9.930133819580078e-05, 0.001420038758630563, 4.984726252206026
store_returns: 20.850121902301908, 2.839293827270577, 0.08491519272400305
store_sales: 174.69669486396015, 23.525850049914304, -12.190421260735464
time_dim: 0.0012146271765232086, 0.0017928721382264368, 0.5608738592309617
web_page: 7.394980639219284e-05, 0.001430407682420216, 0.24104672357247528
web_returns: 6.285572262480855, 0.8144842121411701, 1.3524300551783042
web_sales: 67.01082486007363, 8.829709120439931, -2.6597815803144087
web_site: 1.0454095900058746e-05, 0.001774464617589585, 0.940107762922914
call_center: 9.615905582904816e-06, 0.0012366212414668838, 0.005400253160883082
catalog_page: 0.0017016949132084846, 0.004872496482161019, -0.004872496482161019
catalog_page had no query dependencies
catalog_returns: 13.009788101539016, 1.7007344680068868, -1.6940975936045368
customer: 0.8535048151388764, 0.11662515804209043, -0.10233959010520728
customer_address: 0.2449320713058114, 0.0497495239468268, -0.035463956009943655
customer_demographics: 0.011580578982830048, 0.0059578746724718214, 0.008327693264411327
date_dim: 0.001992875710129738, 0.0019424084146504744, 0.004694465987699492
household_demographics: 3.5176053643226624e-05, 0.0012819872217056873, 0.013003580715177461
income_band: 5.122274160385132e-07, 0.0011215778734515785, 0.0065271156610816035
item: 0.03489831369370222, 0.00829275355743198, -0.00829275355743198
item had no query dependencies
promotion: 7.638614624738693e-05, 0.004892579493533855, -0.004892579493533855
promotion had no query dependencies
reason: 1.4491379261016846e-06, 0.0013672036521302816, -0.0013672036521302816
reason had no query dependencies
store: 9.930133819580078e-05, 0.0014200311426372095, -0.0014200311426372095
store had no query dependencies
store_returns: 20.850121902301908, 2.8376947109574013, -2.8300460174228683
time_dim: 0.0012146271765232086, 0.0017927789814505915, -0.0017927789814505915
time_dim had no query dependencies
web_page: 7.394980639219284e-05, 0.0014304020107823083, -0.0014304020107823083
web_page had no query dependencies
web_returns: 6.285572262480855, 0.8140021352885899, -0.8140021352885899
web_returns had no query dependencies
web_site: 1.0454095900058746e-05, 0.0017744638158045704, -0.0017744638158045704
web_site had no query dependencies
call_center: 9.615905582904816e-06, 0.001236621199763698, -0.001236621199763698
call_center had no query dependencies
customer_demographics: 0.011580578982830048, 0.005957824448701134, -0.005957824448701134
customer_demographics had no query dependencies
date_dim: 0.001992875710129738, 0.001942399771755087, -0.001942399771755087
date_dim had no query dependencies
household_demographics: 3.5176053643226624e-05, 0.0012819870691507887, -0.0012819870691507887
household_demographics had no query dependencies
income_band: 5.122274160385132e-07, 0.0011215778712301014, -0.0011215778712301014
income_band had no query dependencies
{}
{}
STARTING PHASE 2: 0b0
----
[]
Function: 18.97286630530363, 0, 18.97286630530363, 0.0, 0, 0.0, 0
{18.97286630530363: []}
[]
{}
Best Cost: $18.97286630530363;
[]
{}
{}
{}
[]
0
Optimal Subset: 0b0
Function: 18.97286630530363, 0, 18.97286630530363, 0.0, 0, 0.0, 0
18.97286630530363
Real: 18.97286630530363, 0, 18.97286630530363, 0.0, 0, 0.0, 0
Num Redshift Qs: 0; Num GCP Qs: 89
Num BigQuery Qs: 18; Num DuckDB Qs: 71
Redshift Qs: $0; GCP Qs: $18.97286630530363; Movement Cost: $0.0
Load Cost: $0, Storage Cost: $0.0, API Cost: $0
Final cost: $18.97286630530363, BQ Baseline: $39.93284225463867, Diff: $20.959975949335043, %: 52.48806437488254%
