Egress: $0.12/GB
Benchmark: tpcds
Data Path: parquet_1000/internal_rs4
BigQuery Cost: $5/TB; DuckDB Cost: $1.48/hr; Redshift Cost: $4.344/hr
Use Duck: True
Excluded Table: time_dim
Excluded Query: None

Starting analysis using DuckDB
Duck Total: $48.312872278557904, Duck-Calcite Total: $50.39625639759433, Redshift Total: $8.031051235520048, Redshift-Calcite Total: $7.174830065716108, BigQuery Total: $39.54146862030029
!!!!!!: 12.454790241797323
Excluding table time_dim and any queries that depend on it
Total Keys: 91, Keys Considered: 82
-0.7475815426999265
call_center: 9.615905582904816e-06, 0.0012366219798326007, 0.33388681485942645
catalog_page: 0.0017016949132084846, 0.004872627148292654, 0.6825016320591926
catalog_returns: 13.009788101539016, 1.701733435960204, 0.48900002817739563
catalog_sales: 132.3057429259643, 17.495891051406428, -11.358738967075297
customer: 0.8535048151388764, 0.11669069515550622, 3.2824765968287966
customer_address: 0.2449320713058114, 0.04976833127005639, 3.3657867285229064
customer_demographics: 0.011580578982830048, 0.005958763897353458, 1.0523965457234825
date_dim: 0.001992875710129738, 0.0019425614393541687, 11.343553224422319
household_demographics: 3.5176053643226624e-05, 0.0012819899227297191, 0.8966663470598984
income_band: 5.122274160385132e-07, 0.0011215779127834087, 0.006527115621749773
inventory: 5.1357166497036815, 0.8311127359992911, -0.5528182783555209
item: 0.03489831369370222, 0.00829543325495916, 6.49747306963635
promotion: 7.638614624738693e-05, 0.0048925853589108755, 1.0310320237553616
reason: 1.4491379261016846e-06, 0.0013672037634036042, 0.43318233266184075
ship_mode: 1.3029202818870544e-06, 0.00132988321712646, 0.15947783637854246
store: 9.930133819580078e-05, 0.0014200387675772782, 4.6625062989938915
store_returns: 20.850121902301908, 2.839295705796103, 0.08491331419847725
store_sales: 174.69669486396015, 23.52586578949617, -12.718267915493373
warehouse: 2.907589077949524e-06, 0.0014493306067858295, 0.4158662644694926
web_page: 7.394980639219284e-05, 0.0014304076890828436, 0.20621090737267003
web_returns: 6.285572262480855, 0.8144847784499905, 1.3524294888694839
web_sales: 67.01082486007363, 8.829715157888804, -2.84496842571456
web_site: 1.0454095900058746e-05, 0.0017744646185314638, 0.9953737331366957
call_center: 9.615905582904816e-06, 0.001236621241545122, 0.005400253160804844
catalog_page: 0.0017016949132084846, 0.004872496496006567, -0.004872496496006567
catalog_page had no query dependencies
catalog_returns: 13.009788101539016, 1.7007345738587882, -1.6940976994564383
customer: 0.8535048151388764, 0.11662516498648544, -0.10233959704960228
customer_address: 0.2449320713058114, 0.04974952593967444, -0.03546395800279129
customer_demographics: 0.011580578982830048, 0.005957874766695209, 0.008327693170187939
date_dim: 0.001992875710129738, 0.0019424084308651646, 0.0046944659714848016
household_demographics: 3.5176053643226624e-05, 0.001281987221991891, 0.013003580714891258
income_band: 5.122274160385132e-07, 0.0011215778734557462, 0.006527115661077436
item: 0.03489831369370222, 0.008292753841376102, -0.008292753841376102
item had no query dependencies
promotion: 7.638614624738693e-05, 0.0048925794941553575, -0.0048925794941553575
promotion had no query dependencies
reason: 1.4491379261016846e-06, 0.0013672036521420723, -0.0013672036521420723
reason had no query dependencies
ship_mode: 1.3029202818870544e-06, 0.0013298831170911881, -0.0013298831170911881
ship_mode had no query dependencies
store: 9.930133819580078e-05, 0.0014200311434451579, -0.0014200311434451579
store had no query dependencies
store_returns: 20.850121902301908, 2.837694880600829, -2.830046187066296
warehouse: 2.907589077949524e-06, 0.0014493303835477172, -0.0014493303835477172
warehouse had no query dependencies
web_page: 7.394980639219284e-05, 0.0014304020113839883, -0.0014304020113839883
web_page had no query dependencies
web_returns: 6.285572262480855, 0.8140021864300666, -0.8140021864300666
web_returns had no query dependencies
web_site: 1.0454095900058746e-05, 0.0017744638158896284, -0.0017744638158896284
web_site had no query dependencies
call_center: 9.615905582904816e-06, 0.001236621199763698, -0.001236621199763698
call_center had no query dependencies
customer_demographics: 0.011580578982830048, 0.005957824448701134, -0.005957824448701134
customer_demographics had no query dependencies
date_dim: 0.001992875710129738, 0.001942399771755087, -0.001942399771755087
date_dim had no query dependencies
household_demographics: 3.5176053643226624e-05, 0.0012819870691507887, -0.0012819870691507887
household_demographics had no query dependencies
income_band: 5.122274160385132e-07, 0.0011215778712301014, -0.0011215778712301014
income_band had no query dependencies
{}
{}
STARTING PHASE 2: 0b0
----
[]
Function: 18.840135153224228, 0, 18.840135153224228, 0.0, 0, 0.0, 0
{18.840135153224228: []}
[]
{}
Best Cost: $18.840135153224228;
[]
{}
{}
{}
[]
0
Optimal Subset: 0b0
Function: 18.840135153224228, 0, 18.840135153224228, 0.0, 0, 0.0, 0
18.840135153224228
Real: 18.840135153224228, 0, 18.840135153224228, 0.0, 0, 0.0, 0
Num Redshift Qs: 0; Num GCP Qs: 91
Num BigQuery Qs: 18; Num DuckDB Qs: 73
Redshift Qs: $0; GCP Qs: $18.840135153224228; Movement Cost: $0.0
Load Cost: $0, Storage Cost: $0.0, API Cost: $0
Final cost: $18.840135153224228, BQ Baseline: $39.54146862030029, Diff: $20.701333467076065, %: 52.353476462551406%
