Egress: $0.12/GB
Benchmark: tpcds
Data Path: parquet_1000/internal_rs4
BigQuery Cost: $5/TB; DuckDB Cost: $1.48/hr; Redshift Cost: $4.344/hr
Use Duck: True
Excluded Table: inventory
Excluded Query: None

Starting analysis using DuckDB
Duck Total: $44.13544474837251, Duck-Calcite Total: $51.265385676545534, Redshift Total: $8.070129469806355, Redshift-Calcite Total: $7.2544158899068805, BigQuery Total: $40.8237886428833
!!!!!!: 12.940592194397274
Excluding table inventory and any queries that depend on it
Total Keys: 91, Keys Considered: 82
call_center: 9.615905582904816e-06, 0.00123662197055131, 0.33388681486870775
catalog_page: 0.0017016949132084846, 0.004872625505813402, 0.6825016337016718
catalog_returns: 13.009788101539016, 1.7017208788873317, 0.48901258525026803
catalog_sales: 132.3057429259643, 17.495763349645078, -10.998085781237886
customer: 0.8535048151388764, 0.11668987135099247, 3.2824774206333105
customer_address: 0.2449320713058114, 0.049768094861143024, 3.3657869649318193
customer_demographics: 0.011580578982830048, 0.005958752719756017, 1.05239655690108
date_dim: 0.001992875710129738, 0.0019425595158266429, 11.472299409549466
household_demographics: 3.5176053643226624e-05, 0.0012819898887777236, 1.2537221164901804
income_band: 5.122274160385132e-07, 0.0011215779122890057, 0.006527115622244176
item: 0.03489831369370222, 0.008295399571038656, 6.424789607649357
promotion: 7.638614624738693e-05, 0.004892585285182818, 1.0310320238290895
reason: 1.4491379261016846e-06, 0.0013672037620048934, 0.43318233266323947
ship_mode: 1.3029202818870544e-06, 0.001329883215868879, 0.36090751525433157
store: 9.930133819580078e-05, 0.0014200386717314326, 4.984726252292925
store_returns: 20.850121902301908, 2.83927558121774, 0.08493343877684056
store_sales: 174.69669486396015, 23.525697171905254, -12.270689249016595
time_dim: 0.0012146271765232086, 0.001792871075299719, 0.7623035391684199
warehouse: 2.907589077949524e-06, 0.001449330603979419, 0.46593750876457235
web_page: 7.394980639219284e-05, 0.001430407617706346, 0.24104672363718915
web_returns: 6.285572262480855, 0.8144787116033724, 1.3524355557161019
web_sales: 67.01082486007363, 8.829650478909835, -2.4030272896950597
web_site: 1.0454095900058746e-05, 0.00177446460844115, 0.9953737331467861
call_center: 9.615905582904816e-06, 0.0012366212416592866, 0.005400253160690679
catalog_page: 0.0017016949132084846, 0.004872496516209879, -0.004872496516209879
catalog_page had no query dependencies
catalog_returns: 13.009788101539016, 1.700734728317032, -1.694097853914682
customer: 0.8535048151388764, 0.11662517511969081, -0.10233960718280766
customer_address: 0.2449320713058114, 0.04974952884762169, -0.03546396091073854
customer_demographics: 0.011580578982830048, 0.005957874904185218, 0.00832769303269793
date_dim: 0.001992875710129738, 0.00194240845452551, 0.004694465947824456
household_demographics: 3.5176053643226624e-05, 0.0012819872224095175, 0.01300358071447363
income_band: 5.122274160385132e-07, 0.0011215778734618277, 0.006527115661071355
item: 0.03489831369370222, 0.008292754255705083, -0.008292754255705083
item had no query dependencies
promotion: 7.638614624738693e-05, 0.004892579495062249, -0.004892579495062249
promotion had no query dependencies
reason: 1.4491379261016846e-06, 0.001367203652159277, -0.001367203652159277
reason had no query dependencies
ship_mode: 1.3029202818870544e-06, 0.001329883117106657, -0.001329883117106657
ship_mode had no query dependencies
store: 9.930133819580078e-05, 0.0014200311446241093, -0.0014200311446241093
store had no query dependencies
store_returns: 20.850121902301908, 2.8376951281431553, -2.8300464346086223
time_dim: 0.0012146271765232086, 0.001792779005753814, -0.001792779005753814
time_dim had no query dependencies
warehouse: 2.907589077949524e-06, 0.0014493303835822376, -0.0014493303835822376
warehouse had no query dependencies
web_page: 7.394980639219284e-05, 0.0014304020122619546, -0.0014304020122619546
web_page had no query dependencies
web_returns: 6.285572262480855, 0.8140022610552983, -0.8140022610552983
web_returns had no query dependencies
web_site: 1.0454095900058746e-05, 0.0017744638160137442, -0.0017744638160137442
web_site had no query dependencies
call_center: 9.615905582904816e-06, 0.001236621199763698, -0.001236621199763698
call_center had no query dependencies
customer_demographics: 0.011580578982830048, 0.005957824448701134, -0.005957824448701134
customer_demographics had no query dependencies
date_dim: 0.001992875710129738, 0.001942399771755087, -0.001942399771755087
date_dim had no query dependencies
household_demographics: 3.5176053643226624e-05, 0.0012819870691507887, -0.0012819870691507887
household_demographics had no query dependencies
income_band: 5.122274160385132e-07, 0.0011215778712301014, -0.0011215778712301014
income_band had no query dependencies
{}
{}
STARTING PHASE 2: 0b0
----
[]
Function: 19.405179204540282, 0, 19.405179204540282, 0.0, 0, 0.0, 0
{19.405179204540282: []}
[]
{}
Best Cost: $19.405179204540282;
[]
{}
{}
{}
[]
0
Optimal Subset: 0b0
Function: 19.405179204540282, 0, 19.405179204540282, 0.0, 0, 0.0, 0
19.405179204540282
Real: 19.405179204540282, 0, 19.405179204540282, 0.0, 0, 0.0, 0
Num Redshift Qs: 0; Num GCP Qs: 91
Num BigQuery Qs: 18; Num DuckDB Qs: 73
Redshift Qs: $0; GCP Qs: $19.405179204540282; Movement Cost: $0.0
Load Cost: $0, Storage Cost: $0.0, API Cost: $0
Final cost: $19.405179204540282, BQ Baseline: $40.8237886428833, Diff: $21.41860943834302, %: 52.4660011977523%
