Egress: $0.12/GB
Benchmark: tpcds
Data Path: parquet_1000/internal_rs4
BigQuery Cost: $5/TB; DuckDB Cost: $1.48/hr; Redshift Cost: $4.344/hr
Use Duck: True
Excluded Table: call_center
Excluded Query: None

Starting analysis using DuckDB
Duck Total: $48.961114206719394, Duck-Calcite Total: $50.821842797790595, Redshift Total: $7.996143496236803, Redshift-Calcite Total: $7.1342493716112765, BigQuery Total: $40.623745918273926
!!!!!!: 12.883763215201776
Excluding table call_center and any queries that depend on it
Total Keys: 92, Keys Considered: 83
-0.7475800115247432
catalog_page: 0.0017016949132084846, 0.004872626644563851, 0.6825016325629213
catalog_returns: 13.009788101539016, 1.7017295848556737, 0.26996123715852005
catalog_sales: 132.3057429259643, 17.495851886798825, -11.280145724057212
customer: 0.8535048151388764, 0.11669044250448417, 3.275839975077469
customer_address: 0.2449320713058114, 0.0497682587662614, 3.146744158903296
customer_demographics: 0.011580578982830048, 0.005958760469317595, 1.0457596747491684
date_dim: 0.001992875710129738, 0.001942560849431211, 11.415470429020372
household_demographics: 3.5176053643226624e-05, 0.0012819899123170469, 1.247085242064291
income_band: 5.122274160385132e-07, 0.001121577912631781, 0.006527115621901401
inventory: 5.1357166497036815, 0.8311112157453483, -0.552816758101578
item: 0.03489831369370222, 0.008295422924502359, 6.692544996604757
promotion: 7.638614624738693e-05, 0.0048925853362993595, 1.031032023777973
reason: 1.4491379261016846e-06, 0.0013672037629746364, 0.43318233266226974
ship_mode: 1.3029202818870544e-06, 0.0013298832167407749, 0.25536576587251436
store: 9.930133819580078e-05, 0.0014200387381825001, 4.984726252226472
store_returns: 20.850121902301908, 2.8392895338278668, 0.08491948616671374
store_sales: 174.69669486396015, 23.525814076491482, -12.19038528731264
time_dim: 0.0012146271765232086, 0.001792871888111247, 0.7623035383556083
warehouse: 2.907589077949524e-06, 0.0014493306059251369, 0.5117541939639395
web_page: 7.394980639219284e-05, 0.0014304076671925227, 0.241046723587703
web_returns: 6.285572262480855, 0.8144829178204684, 1.352431349499006
web_sales: 67.01082486007363, 8.82969532161713, -2.403072132402353
web_site: 1.0454095900058746e-05, 0.0017744646154368847, 0.9953737331397904
catalog_page: 0.0017016949132084846, 0.0048724964409539665, -0.0048724964409539665
catalog_page had no query dependencies
catalog_returns: 13.009788101539016, 1.700734152970969, -1.700734152970969
catalog_returns had no query dependencies
customer: 0.8535048151388764, 0.11662513737421554, -0.10897644383968236
customer_address: 0.2449320713058114, 0.04974951801572329, -0.04210082448119011
customer_demographics: 0.011580578982830048, 0.00595787439204463, 0.0016908191424885519
date_dim: 0.001992875710129738, 0.0019424083663923918, -0.0019424083663923918
date_dim had no query dependencies
household_demographics: 3.5176053643226624e-05, 0.0012819872208538884, 0.006366706313679294
income_band: 5.122274160385132e-07, 0.0011215778734391748, 0.006527115661094008
item: 0.03489831369370222, 0.008292752712358855, -0.008292752712358855
item had no query dependencies
promotion: 7.638614624738693e-05, 0.0048925794916841415, -0.0048925794916841415
promotion had no query dependencies
reason: 1.4491379261016846e-06, 0.0013672036520951903, -0.0013672036520951903
reason had no query dependencies
ship_mode: 1.3029202818870544e-06, 0.0013298831170490365, -0.0013298831170490365
ship_mode had no query dependencies
store: 9.930133819580078e-05, 0.0014200311402325979, -0.0014200311402325979
store had no query dependencies
store_returns: 20.850121902301908, 2.837694206065451, -2.830045512530918
time_dim: 0.0012146271765232086, 0.0017927789520380303, -0.0017927789520380303
time_dim had no query dependencies
warehouse: 2.907589077949524e-06, 0.001449330383453652, -0.001449330383453652
warehouse had no query dependencies
web_page: 7.394980639219284e-05, 0.0014304020089915916, -0.0014304020089915916
web_page had no query dependencies
web_returns: 6.285572262480855, 0.8140019830815738, -0.8140019830815738
web_returns had no query dependencies
web_site: 1.0454095900058746e-05, 0.0017744638155514213, -0.0017744638155514213
web_site had no query dependencies
customer_demographics: 0.011580578982830048, 0.005957824203562143, -0.005957824203562143
customer_demographics had no query dependencies
household_demographics: 3.5176053643226624e-05, 0.001281987068406178, -0.001281987068406178
household_demographics had no query dependencies
income_band: 5.122274160385132e-07, 0.0011215778712192585, -0.0011215778712192585
income_band had no query dependencies
{}
{}
STARTING PHASE 2: 0b0
----
[]
Function: 19.227883547599617, 0, 19.227883547599617, 0.0, 0, 0.0, 0
{19.227883547599617: []}
[]
{}
Best Cost: $19.227883547599617;
[]
{}
{}
{}
[]
0
Optimal Subset: 0b0
Function: 19.227883547599617, 0, 19.227883547599617, 0.0, 0, 0.0, 0
19.227883547599617
Real: 19.227883547599617, 0, 19.227883547599617, 0.0, 0, 0.0, 0
Num Redshift Qs: 0; Num GCP Qs: 92
Num BigQuery Qs: 19; Num DuckDB Qs: 73
Redshift Qs: $0; GCP Qs: $19.227883547599617; Movement Cost: $0.0
Load Cost: $0, Storage Cost: $0.0, API Cost: $0
Final cost: $19.227883547599617, BQ Baseline: $40.623745918273926, Diff: $21.39586237067431, %: 52.66836400000653%
