Egress: $0.12/GB
Benchmark: tpcds
Data Path: parquet_2000/internal_rs4
BigQuery Cost: $5/TB; DuckDB Cost: $1.48/hr; Redshift Cost: $4.344/hr
Use Duck: False
Excluded Table: promotion
Excluded Query: None

Starting analysis without using DuckDB
Redshift Total: $12.774731907003723, Redshift-Calcite Total: $12.91909997121017, BigQuery Total: $98.26773166656494
!!!!!!: 86.93756272487163
Excluding table promotion and any queries that depend on it
Total Keys: 93, Keys Considered: 91
-0.08012084175943693
call_center: 5.735084414482117e-06, 0.0016639790252462904, 1.9342107591991011
catalog_page: 0.0006659524515271187, 0.0016515055233085475, 2.2917134644009827
catalog_returns: 23.366260116919875, 3.0613688135907315, 10.793607754589988
catalog_sales: 217.0907397372648, 29.122154729850394, 14.946525791435931
customer: 0.6484093563631177, 0.09327013922601653, 22.709597087520862
customer_address: 0.18544994108378887, 0.039201521254815054, 25.48486454137997
customer_demographics: 0.012168197892606258, 0.008661988740451319, 9.7280541208167
date_dim: 0.0019952356815338135, 0.0055593304758573756, 80.50370514433254
household_demographics: 3.512948751449585e-05, 0.0015011255825120656, 12.16962356000378
income_band: 6.137415766716003e-07, 0.0014422194519297803, 0.012374153530731147
inventory: 0.24701470416039228, 0.053864976725790645, 0.2714891150424741
item: 0.005464168265461922, 0.006633197344396416, 40.398018164780666
reason: 1.2423843145370483e-06, 0.0015798680879687142, 2.499225411014357
ship_mode: 1.5795230865478516e-06, 0.0017056555273526632, 2.105747441975038
store: 2.3781321942806244e-05, 0.0015298708447638062, 39.0237250527707
store_returns: 36.877127600833774, 4.861873709772642, 16.175642042727258
store_sales: 288.85508783441037, 39.67419723267366, 37.868727192538884
time_dim: 0.0012104213237762451, 0.014686450901970448, 4.422109158009545
warehouse: 2.3292377591133118e-06, 0.01770620608031297, 2.760780674891278
web_page: 1.0661780834197998e-05, 0.014096261683718128, 2.833869844328944
web_returns: 11.326140539720654, 1.5172998173729326, 12.010417445286137
web_sales: 109.34904180746526, 14.727555679582567, 24.464320053773903
web_site: 8.863396942615509e-06, 0.018448465772440612, 3.3899997794080075
{}
{}
STARTING PHASE 2: 0b111111111110111111111111
----
[0, 1, 2, 3, 4, 5, 6, 7, 8, 9, 10, 11, 13, 14, 15, 16, 17, 18, 19, 20, 21, 22, 23]
Function: 105.23712326627032, 11.299594143109328, 0.030574798583984375, 83.21532544546065, 10.523067937390008, 0.1088906045428399, 0.059670337183502335
-0.08012084175943693
call_center: 5.735084414482117e-06, 0.0016639790252462904, 1.9342107591991011
catalog_page: 0.0006659524515271187, 0.0016515055233085475, 2.2917134644009827
catalog_returns: 23.366260116919875, 3.0613688135907315, 10.793607754589988
catalog_sales: 217.0907397372648, 29.122154729850394, 14.946525791435931
customer: 0.6484093563631177, 0.09327013922601653, 22.709597087520862
customer_address: 0.18544994108378887, 0.039201521254815054, 25.48486454137997
customer_demographics: 0.012168197892606258, 0.008661988740451319, 9.7280541208167
date_dim: 0.0019952356815338135, 0.0055593304758573756, 80.50370514433254
household_demographics: 3.512948751449585e-05, 0.0015011255825120656, 12.16962356000378
income_band: 6.137415766716003e-07, 0.0014422194519297803, 0.012374153530731147
inventory: 0.24701470416039228, 0.053864976725790645, 0.2714891150424741
item: 0.005464168265461922, 0.006633197344396416, 40.398018164780666
reason: 1.2423843145370483e-06, 0.0015798680879687142, 2.499225411014357
ship_mode: 1.5795230865478516e-06, 0.0017056555273526632, 2.105747441975038
store: 2.3781321942806244e-05, 0.0015298708447638062, 39.0237250527707
store_returns: 36.877127600833774, 4.861873709772642, 16.175642042727258
store_sales: 288.85508783441037, 39.67419723267366, 37.868727192538884
time_dim: 0.0012104213237762451, 0.014686450901970448, 4.422109158009545
warehouse: 2.3292377591133118e-06, 0.01770620608031297, 2.760780674891278
web_page: 1.0661780834197998e-05, 0.014096261683718128, 2.833869844328944
web_returns: 11.326140539720654, 1.5172998173729326, 12.010417445286137
web_sales: 109.34904180746526, 14.727555679582567, 24.464320053773903
web_site: 8.863396942615509e-06, 0.018448465772440612, 3.3899997794080075
-0.08012082210818192
call_center: 5.735084414482117e-06, 0.001663979024803414, 1.934210759199544
catalog_page: 0.0006659524515271187, 0.0016515054718821696, 2.291713464452409
catalog_returns: 23.366260116919875, 3.061367009194453, 10.793609558986269
catalog_sales: 217.0907397372648, 29.122137965604814, 14.94654255568151
customer: 0.6484093563631177, 0.09327008915435664, 22.69578076460986
customer_address: 0.18544994108378887, 0.03920150693394463, 25.471048182718175
customer_demographics: 0.012168197892606258, 0.008661987800795128, 9.714237748773696
date_dim: 0.0019952356815338135, 0.005559330321780694, 80.50370514448662
household_demographics: 3.512948751449585e-05, 0.0015011255797992857, 12.155807187023832
inventory: 0.24701470416039228, 0.0538649576507478, 0.27148913411751696
item: 0.005464168265461922, 0.006633196922440792, 40.39801816520262
reason: 1.2423843145370483e-06, 0.0015798680878727745, 2.4992254110144527
ship_mode: 1.5795230865478516e-06, 0.0017056555272306887, 2.10574744197516
store: 2.3781321942806244e-05, 0.001529870842927358, 39.023725052772534
store_returns: 36.877127600833774, 4.861870862036142, 16.161828517481094
store_sales: 288.85508783441037, 39.67417492662028, 37.868749498592265
time_dim: 0.0012104213237762451, 0.014686450808498933, 4.422109158103016
warehouse: 2.3292377591133118e-06, 0.0177062060801331, 2.760780674891458
web_page: 1.0661780834197998e-05, 0.0140962616828948, 2.8338698443297674
web_returns: 11.326140539720654, 1.517298942742344, 12.010418319916727
web_sales: 109.34904180746526, 14.727547235398383, 24.464328497958086
web_site: 8.863396942615509e-06, 0.01844846577175616, 3.389999779408692
Function: 105.24944429283133, 11.290379281350777, 0.05360603332519531, 83.2153253712235, 10.521635791737237, 0.10883747806412784, 0.05966033713047506
hiya: 0b111111111110110111111111, 105.24944429283133
-0.08012082210818192
call_center: 5.735084414482117e-06, 0.001663979024803414, 1.934210759199544
catalog_page: 0.0006659524515271187, 0.0016515054718821696, 2.291713464452409
catalog_returns: 23.366260116919875, 3.061367009194453, 10.793609558986269
catalog_sales: 217.0907397372648, 29.122137965604814, 14.94654255568151
customer: 0.6484093563631177, 0.09327008915435664, 22.69578076460986
customer_address: 0.18544994108378887, 0.03920150693394463, 25.471048182718175
customer_demographics: 0.012168197892606258, 0.008661987800795128, 9.714237748773696
date_dim: 0.0019952356815338135, 0.005559330321780694, 80.50370514448662
household_demographics: 3.512948751449585e-05, 0.0015011255797992857, 12.155807187023832
inventory: 0.24701470416039228, 0.0538649576507478, 0.27148913411751696
item: 0.005464168265461922, 0.006633196922440792, 40.39801816520262
reason: 1.2423843145370483e-06, 0.0015798680878727745, 2.4992254110144527
ship_mode: 1.5795230865478516e-06, 0.0017056555272306887, 2.10574744197516
store: 2.3781321942806244e-05, 0.001529870842927358, 39.023725052772534
store_returns: 36.877127600833774, 4.861870862036142, 16.161828517481094
store_sales: 288.85508783441037, 39.67417492662028, 37.868749498592265
time_dim: 0.0012104213237762451, 0.014686450808498933, 4.422109158103016
warehouse: 2.3292377591133118e-06, 0.0177062060801331, 2.760780674891458
web_page: 1.0661780834197998e-05, 0.0140962616828948, 2.8338698443297674
web_returns: 11.326140539720654, 1.517298942742344, 12.010418319916727
web_sales: 109.34904180746526, 14.727547235398383, 24.464328497958086
web_site: 8.863396942615509e-06, 0.01844846577175616, 3.389999779408692
call_center: 5.735084414482117e-06, 0.0016639790232427217, 1.9342107592011049
catalog_page: 0.0006659524515271187, 0.0016515052906560849, 2.291713464633635
catalog_returns: 23.366260116919875, 3.0613606505185085, 10.793615917662212
catalog_sales: 217.0907397372648, 29.122078888557073, 14.840698384187103
customer: 0.6484093563631177, 0.09326991270228618, 22.69578094106193
customer_address: 0.18544994108378887, 0.03920145646732852, 25.471048233184792
customer_demographics: 0.012168197892606258, 0.008661984489455321, 9.714237752085037
date_dim: 0.0019952356815338135, 0.005559329778815877, 80.17835105326131
household_demographics: 3.512948751449585e-05, 0.0015011255702394749, 12.155807187033393
item: 0.005464168265461922, 0.006633195435473039, 40.07266407492133
reason: 1.2423843145370483e-06, 0.0015798680875346838, 2.4992254110147907
ship_mode: 1.5795230865478516e-06, 0.0017056555268008522, 2.10574744197559
store: 2.3781321942806244e-05, 0.0015298708364557309, 39.02372505277901
store_returns: 36.877127600833774, 4.8618608266388215, 16.161838552878415
store_sales: 288.85508783441037, 39.67409632029265, 37.659090379342544
time_dim: 0.0012104213237762451, 0.014686450479106172, 4.422109158432409
warehouse: 2.3292377591133118e-06, 0.017706206079499243, 2.751067557243331
web_page: 1.0661780834197998e-05, 0.014096261679993404, 2.8338698443326686
web_returns: 11.326140539720654, 1.5172958605521678, 12.010421402106903
web_sales: 109.34904180746526, 14.727517478170732, 24.464358255185736
web_site: 8.863396942615509e-06, 0.01844846576934416, 3.3899997794111036
Function: 105.52050955486264, 11.277012097789452, 0.39232730865478516, 83.18544688429942, 10.497483018784523, 0.10861125027442763, 0.0596289950600356
hiya: 0b111111111110100111111111, 105.52050955486264
call_center: 5.735084414482117e-06, 0.0016639790232427217, 1.9342107592011049
catalog_page: 0.0006659524515271187, 0.0016515052906560849, 2.291713464633635
catalog_returns: 23.366260116919875, 3.0613606505185085, 10.793615917662212
catalog_sales: 217.0907397372648, 29.122078888557073, 14.840698384187103
customer: 0.6484093563631177, 0.09326991270228618, 22.69578094106193
customer_address: 0.18544994108378887, 0.03920145646732852, 25.471048233184792
customer_demographics: 0.012168197892606258, 0.008661984489455321, 9.714237752085037
date_dim: 0.0019952356815338135, 0.005559329778815877, 80.17835105326131
household_demographics: 3.512948751449585e-05, 0.0015011255702394749, 12.155807187033393
item: 0.005464168265461922, 0.006633195435473039, 40.07266407492133
reason: 1.2423843145370483e-06, 0.0015798680875346838, 2.4992254110147907
ship_mode: 1.5795230865478516e-06, 0.0017056555268008522, 2.10574744197559
store: 2.3781321942806244e-05, 0.0015298708364557309, 39.02372505277901
store_returns: 36.877127600833774, 4.8618608266388215, 16.161838552878415
store_sales: 288.85508783441037, 39.67409632029265, 37.659090379342544
time_dim: 0.0012104213237762451, 0.014686450479106172, 4.422109158432409
warehouse: 2.3292377591133118e-06, 0.017706206079499243, 2.751067557243331
web_page: 1.0661780834197998e-05, 0.014096261679993404, 2.8338698443326686
web_returns: 11.326140539720654, 1.5172958605521678, 12.010421402106903
web_sales: 109.34904180746526, 14.727517478170732, 24.464358255185736
web_site: 8.863396942615509e-06, 0.01844846576934416, 3.3899997794111036
catalog_page: 0.0006659524515271187, 0.0016515047450236615, 2.291713465179267
catalog_returns: 23.366260116919875, 3.0613415059247715, 9.805725352878659
catalog_sales: 217.0907397372648, 29.121901020383238, 12.953164574688866
customer: 0.6484093563631177, 0.09326938144338379, 22.647618411768555
customer_address: 0.18544994108378887, 0.039201304523296274, 24.483138675751537
customer_demographics: 0.012168197892606258, 0.008661974519729571, 9.666074701502483
date_dim: 0.0019952356815338135, 0.0055593281440666125, 78.24247631667171
household_demographics: 3.512948751449585e-05, 0.0015011255414569583, 12.107644126509895
item: 0.005464168265461922, 0.006633190958535736, 39.623267209784935
reason: 1.2423843145370483e-06, 0.0015798680865167654, 2.4992254110158085
ship_mode: 1.5795230865478516e-06, 0.001705655525506707, 1.607179282743155
store: 2.3781321942806244e-05, 0.0015298708169710661, 39.02372505279849
store_returns: 36.877127600833774, 4.861830612234694, 16.16186876728254
store_sales: 288.85508783441037, 39.673859653693974, 37.65932704594122
time_dim: 0.0012104213237762451, 0.014686449487376027, 4.422109159424139
warehouse: 2.3292377591133118e-06, 0.01770620607759084, 2.2524993980115102
web_page: 1.0661780834197998e-05, 0.014096261671257925, 2.8338698443414043
web_returns: 11.326140539720654, 1.5172865807462357, 12.010430681912835
web_sales: 109.34904180746526, 14.72742788561418, 24.46444784774229
web_site: 8.863396942615509e-06, 0.018448465762082145, 3.389999779418366
Function: 107.45415684154459, 11.16570093818665, 2.4395132064819336, 83.18544619059318, 10.49582972937266, 0.10804778234563975, 0.059618994564524304
hiya: 0b111111111110100111111110, 107.45415684154459
catalog_page: 0.0006659524515271187, 0.0016515047450236615, 2.291713465179267
catalog_returns: 23.366260116919875, 3.0613415059247715, 9.805725352878659
catalog_sales: 217.0907397372648, 29.121901020383238, 12.953164574688866
customer: 0.6484093563631177, 0.09326938144338379, 22.647618411768555
customer_address: 0.18544994108378887, 0.039201304523296274, 24.483138675751537
customer_demographics: 0.012168197892606258, 0.008661974519729571, 9.666074701502483
date_dim: 0.0019952356815338135, 0.0055593281440666125, 78.24247631667171
household_demographics: 3.512948751449585e-05, 0.0015011255414569583, 12.107644126509895
item: 0.005464168265461922, 0.006633190958535736, 39.623267209784935
reason: 1.2423843145370483e-06, 0.0015798680865167654, 2.4992254110158085
ship_mode: 1.5795230865478516e-06, 0.001705655525506707, 1.607179282743155
store: 2.3781321942806244e-05, 0.0015298708169710661, 39.02372505279849
store_returns: 36.877127600833774, 4.861830612234694, 16.16186876728254
store_sales: 288.85508783441037, 39.673859653693974, 37.65932704594122
time_dim: 0.0012104213237762451, 0.014686449487376027, 4.422109159424139
warehouse: 2.3292377591133118e-06, 0.01770620607759084, 2.2524993980115102
web_page: 1.0661780834197998e-05, 0.014096261671257925, 2.8338698443414043
web_returns: 11.326140539720654, 1.5172865807462357, 12.010430681912835
web_sales: 109.34904180746526, 14.72742788561418, 24.46444784774229
web_site: 8.863396942615509e-06, 0.018448465762082145, 3.389999779418366
catalog_page: 0.0006659524515271187, 0.001651504434348709, 2.2917134654899423
catalog_returns: 23.366260116919875, 3.061330605279035, 9.805736253524394
catalog_sales: 217.0907397372648, 29.12179974490164, 11.595092377219213
customer: 0.6484093563631177, 0.09326907895249949, 22.64761871425944
customer_address: 0.18544994108378887, 0.0392012180086337, 24.483138762266197
customer_demographics: 0.012168197892606258, 0.008661968843116635, 9.666074707179096
date_dim: 0.0019952356815338135, 0.0055593272132647975, 76.63359137933386
household_demographics: 3.512948751449585e-05, 0.0015011255250686234, 12.107644126526283
item: 0.005464168265461922, 0.006633188409434501, 39.62326721233404
reason: 1.2423843145370483e-06, 0.0015798680859371778, 2.499225411016388
store: 2.3781321942806244e-05, 0.001529870805876789, 39.02372505280959
store_returns: 36.877127600833774, 4.861813408604258, 16.161885970912977
store_sales: 288.85508783441037, 39.67372489926748, 37.659461800367716
time_dim: 0.0012104213237762451, 0.014686448922699697, 3.0639356870375614
warehouse: 2.3292377591133118e-06, 0.017706206076504222, 0.6436144597439355
web_page: 1.0661780834197998e-05, 0.014096261666284074, 2.833869844346378
web_returns: 11.326140539720654, 1.5172812969633382, 12.010435965695732
web_sales: 109.34904180746526, 14.727376872950606, 22.855613922137202
web_site: 8.863396942615509e-06, 0.01844846575794726, 3.1392883141050927
Function: 109.0610152930676, 11.103076133718496, 4.11102294921875, 83.1854459995367, 10.494134263774553, 0.1077269523910657, 0.059608994428053515
hiya: 0b111111111010100111111110, 109.0610152930676
catalog_page: 0.0006659524515271187, 0.001651504434348709, 2.2917134654899423
catalog_returns: 23.366260116919875, 3.061330605279035, 9.805736253524394
catalog_sales: 217.0907397372648, 29.12179974490164, 11.595092377219213
customer: 0.6484093563631177, 0.09326907895249949, 22.64761871425944
customer_address: 0.18544994108378887, 0.0392012180086337, 24.483138762266197
customer_demographics: 0.012168197892606258, 0.008661968843116635, 9.666074707179096
date_dim: 0.0019952356815338135, 0.0055593272132647975, 76.63359137933386
household_demographics: 3.512948751449585e-05, 0.0015011255250686234, 12.107644126526283
item: 0.005464168265461922, 0.006633188409434501, 39.62326721233404
reason: 1.2423843145370483e-06, 0.0015798680859371778, 2.499225411016388
store: 2.3781321942806244e-05, 0.001529870805876789, 39.02372505280959
store_returns: 36.877127600833774, 4.861813408604258, 16.161885970912977
store_sales: 288.85508783441037, 39.67372489926748, 37.659461800367716
time_dim: 0.0012104213237762451, 0.014686448922699697, 3.0639356870375614
warehouse: 2.3292377591133118e-06, 0.017706206076504222, 0.6436144597439355
web_page: 1.0661780834197998e-05, 0.014096261666284074, 2.833869844346378
web_returns: 11.326140539720654, 1.5172812969633382, 12.010435965695732
web_sales: 109.34904180746526, 14.727376872950606, 22.855613922137202
web_site: 8.863396942615509e-06, 0.01844846575794726, 3.1392883141050927
catalog_page: 0.0006659524515271187, 0.0016515043162850318, 2.291713465608006
catalog_returns: 23.366260116919875, 3.0613264627811922, 9.144419730201797
catalog_sales: 217.0907397372648, 29.12176125787305, 10.933810198427363
customer: 0.6484093563631177, 0.09326896399895762, 22.64761882921298
customer_address: 0.18544994108378887, 0.039201185131058205, 24.483138795143773
customer_demographics: 0.012168197892606258, 0.008661966685872246, 9.666074709336339
date_dim: 0.0019952356815338135, 0.00555932685953855, 75.97227071386715
household_demographics: 3.512948751449585e-05, 0.0015011255188406767, 12.107644126532511
item: 0.005464168265461922, 0.006633187440716994, 38.96194654748231
reason: 1.2423843145370483e-06, 0.0015798680857169213, 2.4992254110166083
store: 2.3781321942806244e-05, 0.0015298708016607066, 39.0237250528138
store_returns: 36.877127600833774, 4.861806870826248, 16.16189250869099
store_sales: 288.85508783441037, 39.67367368946443, 37.65951301017076
time_dim: 0.0012104213237762451, 0.014686448708109612, 3.0639356872521515
web_page: 1.0661780834197998e-05, 0.014096261664393895, 2.833869844348268
web_returns: 11.326140539720654, 1.5172792890034628, 12.010437973655607
web_sales: 109.34904180746526, 14.727357486956972, 22.855633308130837
web_site: 8.863396942615509e-06, 0.01844846575637591, 3.139288314106664
Function: 109.7045078278608, 11.09632886741003, 4.779090881347656, 83.18544571779599, 10.476438337772686, 0.1076050293076265, 0.059598994226807374
hiya: 0b111101111010100111111110, 109.7045078278608
catalog_page: 0.0006659524515271187, 0.0016515043162850318, 2.291713465608006
catalog_returns: 23.366260116919875, 3.0613264627811922, 9.144419730201797
catalog_sales: 217.0907397372648, 29.12176125787305, 10.933810198427363
customer: 0.6484093563631177, 0.09326896399895762, 22.64761882921298
customer_address: 0.18544994108378887, 0.039201185131058205, 24.483138795143773
customer_demographics: 0.012168197892606258, 0.008661966685872246, 9.666074709336339
date_dim: 0.0019952356815338135, 0.00555932685953855, 75.97227071386715
household_demographics: 3.512948751449585e-05, 0.0015011255188406767, 12.107644126532511
item: 0.005464168265461922, 0.006633187440716994, 38.96194654748231
reason: 1.2423843145370483e-06, 0.0015798680857169213, 2.4992254110166083
store: 2.3781321942806244e-05, 0.0015298708016607066, 39.0237250528138
store_returns: 36.877127600833774, 4.861806870826248, 16.16189250869099
store_sales: 288.85508783441037, 39.67367368946443, 37.65951301017076
time_dim: 0.0012104213237762451, 0.014686448708109612, 3.0639356872521515
web_page: 1.0661780834197998e-05, 0.014096261664393895, 2.833869844348268
web_returns: 11.326140539720654, 1.5172792890034628, 12.010437973655607
web_sales: 109.34904180746526, 14.727357486956972, 22.855633308130837
web_site: 8.863396942615509e-06, 0.01844846575637591, 3.139288314106664
catalog_returns: 23.366260116919875, 3.0612971200692174, 6.851084102989483
catalog_sales: 217.0907397372648, 29.121488641244774, 8.640717845131341
customer: 0.6484093563631177, 0.09326814974417787, 22.647619643467763
customer_address: 0.18544994108378887, 0.03920095224808166, 24.483139028026752
customer_demographics: 0.012168197892606258, 0.008661951405381306, 9.66607472461683
date_dim: 0.0019952356815338135, 0.005559324353976016, 73.67890574644841
household_demographics: 3.512948751449585e-05, 0.0015011254747260246, 12.107644126576625
item: 0.005464168265461922, 0.00663318057896356, 38.96194655434407
reason: 1.2423843145370483e-06, 0.0015798680841567691, 2.499225411018169
store: 2.3781321942806244e-05, 0.0015298707717967715, 36.73036008291937
store_returns: 36.877127600833774, 4.861760561535492, 13.868573848057453
store_sales: 288.85508783441037, 39.6733109531257, 35.36651077658521
time_dim: 0.0012104213237762451, 0.014686447188095537, 3.0639356887721654
web_page: 1.0661780834197998e-05, 0.014096261651005122, 2.833869844361657
web_returns: 11.326140539720654, 1.5172650659451736, 9.717087226789607
web_sales: 109.34904180746526, 14.72722016941354, 20.562405655749977
web_site: 8.863396942615509e-06, 0.018448465745245498, 0.8459233441935031
Function: 111.99535703628727, 10.924750905205414, 7.2440338134765625, 83.18536516529737, 10.47487690948804, 0.10674130613136322, 0.05958893668851555
hiya: 0b111101111010100111111100, 111.99535703628727
catalog_returns: 23.366260116919875, 3.0612971200692174, 6.851084102989483
catalog_sales: 217.0907397372648, 29.121488641244774, 8.640717845131341
customer: 0.6484093563631177, 0.09326814974417787, 22.647619643467763
customer_address: 0.18544994108378887, 0.03920095224808166, 24.483139028026752
customer_demographics: 0.012168197892606258, 0.008661951405381306, 9.66607472461683
date_dim: 0.0019952356815338135, 0.005559324353976016, 73.67890574644841
household_demographics: 3.512948751449585e-05, 0.0015011254747260246, 12.107644126576625
item: 0.005464168265461922, 0.00663318057896356, 38.96194655434407
reason: 1.2423843145370483e-06, 0.0015798680841567691, 2.499225411018169
store: 2.3781321942806244e-05, 0.0015298707717967715, 36.73036008291937
store_returns: 36.877127600833774, 4.861760561535492, 13.868573848057453
store_sales: 288.85508783441037, 39.6733109531257, 35.36651077658521
time_dim: 0.0012104213237762451, 0.014686447188095537, 3.0639356887721654
web_page: 1.0661780834197998e-05, 0.014096261651005122, 2.833869844361657
web_returns: 11.326140539720654, 1.5172650659451736, 9.717087226789607
web_sales: 109.34904180746526, 14.72722016941354, 20.562405655749977
web_site: 8.863396942615509e-06, 0.018448465745245498, 0.8459233441935031
catalog_returns: 23.366260116919875, 3.061278844739879, 6.851102378318821
catalog_sales: 217.0907397372648, 29.12131884921365, 8.640887637162464
customer: 0.6484093563631177, 0.09326764260720026, 22.64762015060474
customer_address: 0.18544994108378887, 0.039200807203100894, 23.618767363132985
customer_demographics: 0.012168197892606258, 0.0086619418883331, 9.666074734133879
date_dim: 0.0019952356815338135, 0.005559322793452894, 72.81453393807017
household_demographics: 3.512948751449585e-05, 0.0015011254472503844, 12.107644126604102
item: 0.005464168265461922, 0.006633176305302559, 38.96194655861773
reason: 1.2423843145370483e-06, 0.0015798680831850694, 2.4992254110191405
store: 2.3781321942806244e-05, 0.001529870753196812, 36.73036008293797
store_returns: 36.877127600833774, 4.861731719022887, 13.868602690570057
store_sales: 288.85508783441037, 39.67308503242487, 35.366736697286036
time_dim: 0.0012104213237762451, 0.014686446241395115, 3.063935689718866
web_page: 1.0661780834197998e-05, 0.01409626164266628, 2.833869844369996
web_returns: 11.326140539720654, 1.5172562074908271, 8.852724275305206
web_sales: 109.34904180746526, 14.727134644826299, 19.698119370398473
Function: 112.84074248983592, 10.83535303130627, 8.197803497314453, 83.18536409319564, 10.456439509491918, 0.10620342260491779, 0.059578935922718054
hiya: 0b11101111010100111111100, 112.84074248983592
catalog_returns: 23.366260116919875, 3.061278844739879, 6.851102378318821
catalog_sales: 217.0907397372648, 29.12131884921365, 8.640887637162464
customer: 0.6484093563631177, 0.09326764260720026, 22.64762015060474
customer_address: 0.18544994108378887, 0.039200807203100894, 23.618767363132985
customer_demographics: 0.012168197892606258, 0.0086619418883331, 9.666074734133879
date_dim: 0.0019952356815338135, 0.005559322793452894, 72.81453393807017
household_demographics: 3.512948751449585e-05, 0.0015011254472503844, 12.107644126604102
item: 0.005464168265461922, 0.006633176305302559, 38.96194655861773
reason: 1.2423843145370483e-06, 0.0015798680831850694, 2.4992254110191405
store: 2.3781321942806244e-05, 0.001529870753196812, 36.73036008293797
store_returns: 36.877127600833774, 4.861731719022887, 13.868602690570057
store_sales: 288.85508783441037, 39.67308503242487, 35.366736697286036
time_dim: 0.0012104213237762451, 0.014686446241395115, 3.063935689718866
web_page: 1.0661780834197998e-05, 0.01409626164266628, 2.833869844369996
web_returns: 11.326140539720654, 1.5172562074908271, 8.852724275305206
web_sales: 109.34904180746526, 14.727134644826299, 19.698119370398473
catalog_returns: 23.366260116919875, 3.0612236104695336, 6.851157612589167
catalog_sales: 217.0907397372648, 29.120805679859714, 8.641400806516401
customer: 0.6484093563631177, 0.093266109866509, 22.64762168334543
customer_address: 0.18544994108378887, 0.03920036882776269, 23.155416533674614
customer_demographics: 0.012168197892606258, 0.008661913124571648, 9.20272349506393
date_dim: 0.0019952356815338135, 0.005559318077020462, 72.35118267495291
household_demographics: 3.512948751449585e-05, 0.001501125364209641, 12.107644126687143
item: 0.005464168265461922, 0.006633163388843285, 38.96194657153419
store: 2.3781321942806244e-05, 0.0015298706969813988, 36.73036008299418
store_returns: 36.877127600833774, 4.861644547125233, 12.617127345779998
store_sales: 288.85508783441037, 39.67240222311212, 33.32996549533018
time_dim: 0.0012104213237762451, 0.014686443380143965, 3.063935692580117
web_page: 1.0661780834197998e-05, 0.014096261617463458, 2.370518576561489
web_returns: 11.326140539720654, 1.517229434224356, 8.389399780737966
web_sales: 109.34904180746526, 14.726876160391607, 19.23502658699946
Function: 115.3383422365902, 10.511007820601467, 11.022953987121582, 83.18536394291891, 10.454869790794053, 0.10457775933881265, 0.05956893581537605
hiya: 0b11101111000100111111100, 115.3383422365902
catalog_returns: 23.366260116919875, 3.0612236104695336, 6.851157612589167
catalog_sales: 217.0907397372648, 29.120805679859714, 8.641400806516401
customer: 0.6484093563631177, 0.093266109866509, 22.64762168334543
customer_address: 0.18544994108378887, 0.03920036882776269, 23.155416533674614
customer_demographics: 0.012168197892606258, 0.008661913124571648, 9.20272349506393
date_dim: 0.0019952356815338135, 0.005559318077020462, 72.35118267495291
household_demographics: 3.512948751449585e-05, 0.001501125364209641, 12.107644126687143
item: 0.005464168265461922, 0.006633163388843285, 38.96194657153419
store: 2.3781321942806244e-05, 0.0015298706969813988, 36.73036008299418
store_returns: 36.877127600833774, 4.861644547125233, 12.617127345779998
store_sales: 288.85508783441037, 39.67240222311212, 33.32996549533018
time_dim: 0.0012104213237762451, 0.014686443380143965, 3.063935692580117
web_page: 1.0661780834197998e-05, 0.014096261617463458, 2.370518576561489
web_returns: 11.326140539720654, 1.517229434224356, 8.389399780737966
web_sales: 109.34904180746526, 14.726876160391607, 19.23502658699946
catalog_returns: 23.366260116919875, 3.0611996644506365, 4.617074881487538
catalog_sales: 217.0907397372648, 29.120583202709746, 6.4075166065458475
customer: 0.6484093563631177, 0.0932654453689547, 22.647622347842987
customer_address: 0.18544994108378887, 0.03920017877647628, 23.155416723725903
customer_demographics: 0.012168197892606258, 0.008661900654458963, 9.202723507534042
date_dim: 0.0019952356815338135, 0.005559316032279407, 70.11707599987713
household_demographics: 3.512948751449585e-05, 0.001501125328208528, 11.957135965664717
item: 0.005464168265461922, 0.006633157789099214, 38.961946577133936
store: 2.3781321942806244e-05, 0.0015298706726100198, 34.49625340589803
store_returns: 36.877127600833774, 4.861606755010021, 10.383058460774686
store_sales: 288.85508783441037, 39.67210620101199, 31.096154840309786
time_dim: 0.0012104213237762451, 0.014686442139689919, 2.913427532762145
web_returns: 11.326140539720654, 1.5172178270619756, 6.155304710779821
web_sales: 109.34904180746526, 14.726764098204143, 16.850523811007967
Function: 117.7081560202358, 10.38379709725698, 13.53477954864502, 83.18536265328765, 10.440784811132747, 0.1038729750192195, 0.05955893489419818
hiya: 0b11001111000100111111100, 117.7081560202358
catalog_returns: 23.366260116919875, 3.0611996644506365, 4.617074881487538
catalog_sales: 217.0907397372648, 29.120583202709746, 6.4075166065458475
customer: 0.6484093563631177, 0.0932654453689547, 22.647622347842987
customer_address: 0.18544994108378887, 0.03920017877647628, 23.155416723725903
customer_demographics: 0.012168197892606258, 0.008661900654458963, 9.202723507534042
date_dim: 0.0019952356815338135, 0.005559316032279407, 70.11707599987713
household_demographics: 3.512948751449585e-05, 0.001501125328208528, 11.957135965664717
item: 0.005464168265461922, 0.006633157789099214, 38.961946577133936
store: 2.3781321942806244e-05, 0.0015298706726100198, 34.49625340589803
store_returns: 36.877127600833774, 4.861606755010021, 10.383058460774686
store_sales: 288.85508783441037, 39.67210620101199, 31.096154840309786
time_dim: 0.0012104213237762451, 0.014686442139689919, 2.913427532762145
web_returns: 11.326140539720654, 1.5172178270619756, 6.155304710779821
web_sales: 109.34904180746526, 14.726764098204143, 16.850523811007967
catalog_returns: 23.366260116919875, 3.061185963350578, 4.617088582587596
catalog_sales: 217.0907397372648, 29.120455908828227, 4.675068459405452
customer: 0.6484093563631177, 0.09326506516598572, 22.647622728045953
customer_address: 0.18544994108378887, 0.03920007003557441, 23.155416832466805
customer_demographics: 0.012168197892606258, 0.008661893519483318, 9.20272351466902
date_dim: 0.0019952356815338135, 0.005559314862347909, 68.38450056002513
household_demographics: 3.512948751449585e-05, 0.0015011253076099118, 10.7615974318054
item: 0.005464168265461922, 0.006633154585115531, 37.229371139316
store: 2.3781321942806244e-05, 0.001529870658665543, 33.30071487203206
store_returns: 36.877127600833774, 4.861585131643141, 10.383080084141566
store_sales: 288.85508783441037, 39.67193682720373, 28.1682102392162
web_returns: 11.326140539720654, 1.517211185837234, 6.155311352004563
web_sales: 109.34904180746526, 14.726699980020248, 15.11801248816994
Function: 120.62117914095823, 10.31748339118958, 16.529207229614258, 83.18521624274172, 10.426253906954127, 0.10346954014474348, 0.059548830313795806
hiya: 0b11000111000100111111100, 120.62117914095823
catalog_returns: 23.366260116919875, 3.061185963350578, 4.617088582587596
catalog_sales: 217.0907397372648, 29.120455908828227, 4.675068459405452
customer: 0.6484093563631177, 0.09326506516598572, 22.647622728045953
customer_address: 0.18544994108378887, 0.03920007003557441, 23.155416832466805
customer_demographics: 0.012168197892606258, 0.008661893519483318, 9.20272351466902
date_dim: 0.0019952356815338135, 0.005559314862347909, 68.38450056002513
household_demographics: 3.512948751449585e-05, 0.0015011253076099118, 10.7615974318054
item: 0.005464168265461922, 0.006633154585115531, 37.229371139316
store: 2.3781321942806244e-05, 0.001529870658665543, 33.30071487203206
store_returns: 36.877127600833774, 4.861585131643141, 10.383080084141566
store_sales: 288.85508783441037, 39.67193682720373, 28.1682102392162
web_returns: 11.326140539720654, 1.517211185837234, 6.155311352004563
web_sales: 109.34904180746526, 14.726699980020248, 15.11801248816994
catalog_sales: 217.0907397372648, 29.118194146358732, -2.9018261735333617
customer: 0.6484093563631177, 0.09325830970534808, 22.64187747541021
customer_address: 0.18544994108378887, 0.03919813792314427, 23.149666756482855
customer_demographics: 0.012168197892606258, 0.008661766744967977, 9.202723641443534
date_dim: 0.0019952356815338135, 0.005559294074961088, 60.70622603487433
household_demographics: 3.512948751449585e-05, 0.0015011249416129258, 10.761597432171397
item: 0.005464168265461922, 0.006633097656613077, 34.99736529152547
store: 2.3781321942806244e-05, 0.0015298704108995557, 33.300714872279826
store_returns: 36.877127600833774, 4.861200926847988, 2.710941751094924
store_sales: 288.85508783441037, 39.66892738701491, 20.59206328399671
web_returns: 11.326140539720654, 1.517093184306501, -1.517093184306501
web_returns had no query dependencies
web_sales: 109.34904180746526, 14.725560725719792, 7.539995347062085
customer: 0.6484093563631177, 0.09322311568512953, 13.703774279318505
customer_address: 0.18544994108378887, 0.03918807216929297, 13.270172652899754
customer_demographics: 0.012168197892606258, 0.008661106285956316, 6.281412209800178
date_dim: 0.0019952356815338135, 0.005559185778613683, 34.48985817034531
household_demographics: 3.512948751449585e-05, 0.0015011230348731762, 10.761597434078137
item: 0.005464168265461922, 0.006632801075376973, 16.349837285947405
store: 2.3781321942806244e-05, 0.001529869120109537, 26.784643214644603
store_returns: 36.877127600833774, 4.859199329613695, -2.5937705740887416
store_sales: 288.85508783441037, 39.653249063280505, -2.971820329953914
web_sales: 109.34904180746526, 14.719625536243443, -10.345999958253229
customer: 0.6484093563631177, 0.09316776206168932, -0.09316776206168932
customer had no query dependencies
customer_address: 0.18544994108378887, 0.03917224061765815, -0.03917224061765815
customer_address had no query dependencies
customer_demographics: 0.012168197892606258, 0.008660067507231915, -0.008660067507231915
customer_demographics had no query dependencies
date_dim: 0.0019952356815338135, 0.005559015448677038, -0.005559015448677038
date_dim had no query dependencies
household_demographics: 3.512948751449585e-05, 0.0015011200359275187, -0.0015011200359275187
household_demographics had no query dependencies
item: 0.005464168265461922, 0.006632334608461262, -0.006632334608461262
item had no query dependencies
store: 2.3781321942806244e-05, 0.0015298670899378147, -0.0015298670899378147
store had no query dependencies
Function: 98.26773166656494, 0, 98.26773166656494, 0.0, 0, 0.0, 0
hiya: 0b0, 98.26773166656494
{105.23712326627032: [0, 1, 2, 3, 4, 5, 6, 7, 8, 9, 10, 11, 13, 14, 15, 16, 17, 18, 19, 20, 21, 22, 23], 105.24944429283133: [0, 1, 2, 3, 4, 5, 6, 7, 8, 10, 11, 13, 14, 15, 16, 17, 18, 19, 20, 21, 22, 23], 105.52050955486264: [0, 1, 2, 3, 4, 5, 6, 7, 8, 11, 13, 14, 15, 16, 17, 18, 19, 20, 21, 22, 23], 107.45415684154459: [1, 2, 3, 4, 5, 6, 7, 8, 11, 13, 14, 15, 16, 17, 18, 19, 20, 21, 22, 23], 109.0610152930676: [1, 2, 3, 4, 5, 6, 7, 8, 11, 13, 15, 16, 17, 18, 19, 20, 21, 22, 23], 109.7045078278608: [1, 2, 3, 4, 5, 6, 7, 8, 11, 13, 15, 16, 17, 18, 20, 21, 22, 23], 111.99535703628727: [2, 3, 4, 5, 6, 7, 8, 11, 13, 15, 16, 17, 18, 20, 21, 22, 23], 112.84074248983592: [2, 3, 4, 5, 6, 7, 8, 11, 13, 15, 16, 17, 18, 20, 21, 22], 115.3383422365902: [2, 3, 4, 5, 6, 7, 8, 11, 15, 16, 17, 18, 20, 21, 22], 117.7081560202358: [2, 3, 4, 5, 6, 7, 8, 11, 15, 16, 17, 18, 21, 22], 120.62117914095823: [2, 3, 4, 5, 6, 7, 8, 11, 15, 16, 17, 21, 22], 98.26773166656494: []}
[]
{}
Best Cost: $98.26773166656494;
[]
{}
{}
{}
[]
0
Optimal Subset: 0b0
Function: 98.26773166656494, 0, 98.26773166656494, 0.0, 0, 0.0, 0
98.26773166656494
Real: 98.26773166656494, 0, 98.26773166656494, 0.0, 0, 0.0, 0
Num Redshift Qs: 0; Num GCP Qs: 93
Redshift Qs: $0; GCP Qs: $98.26773166656494; Movement Cost: $0.0
Load Cost: $0, Storage Cost: $0.0, API Cost: $0
Final cost: $98.26773166656494, BQ Baseline: $98.26773166656494, Diff: $0.0, %: 0.0%
