Egress: $0.12/GB
Benchmark: tpcds
Data Path: parquet_2000/internal_rs4
BigQuery Cost: $5/TB; DuckDB Cost: $1.48/hr; Redshift Cost: $4.344/hr
Use Duck: False
Excluded Table: call_center
Excluded Query: None

Starting analysis without using DuckDB
Redshift Total: $14.0519329665947, Redshift-Calcite Total: $14.199492031189601, BigQuery Total: $108.86501789093018
!!!!!!: 96.25445688925743
Excluding table call_center and any queries that depend on it
Total Keys: 95, Keys Considered: 93
-0.08012320470301632
catalog_page: 0.0006659524515271187, 0.0016515117070168936, 5.276283443846991
catalog_returns: 23.366260116919875, 3.0615857812396547, 16.440476357146117
catalog_sales: 217.0907397372648, 29.12417052814966, 20.79273785734647
customer: 0.6484093563631177, 0.09327616003777187, 27.129927071891373
customer_address: 0.18544994108378887, 0.03920324325215261, 28.96545217573988
customer_demographics: 0.012168197892606258, 0.00866210172837815, 16.54482099648768
date_dim: 0.0019952356815338135, 0.005559349002638842, 89.82059929019154
household_demographics: 3.512948751449585e-05, 0.0015011259087072835, 15.771885793077931
income_band: 6.137415766716003e-07, 0.001442219457628684, 3.0776043514903364
inventory: 0.24701470416039228, 0.0538672703833697, 0.8566819173722149
item: 0.005464168265461922, 0.006633248081987111, 51.2013901470399
promotion: 2.6027671992778778e-05, 0.0015120730052844804, 11.251256829604857
reason: 1.2423843145370483e-06, 0.0015798680995048869, 2.4992254110028207
ship_mode: 1.5795230865478516e-06, 0.001705655542019341, 1.6071792827266422
store: 2.3781321942806244e-05, 0.001529871065585516, 46.47679410391414
store_returns: 36.877127600833774, 4.862216132720712, 22.225099803374214
store_sales: 288.85508783441037, 39.67687939956616, 47.43267456996966
time_dim: 0.0012104213237762451, 0.014686462141350115, 4.422109146770164
warehouse: 2.3292377591133118e-06, 0.01770620610194113, 2.8474076116232405
web_page: 1.0661780834197998e-05, 0.014096261782718203, 2.833869844229944
web_returns: 11.326140539720654, 1.5174049863675423, 14.994882261921248
web_sales: 109.34904180746526, 14.728571041236263, 27.447874677749923
web_site: 8.863396942615509e-06, 0.018448465854741775, 6.374569764955424
{}
{}
STARTING PHASE 2: 0b111111111111111111111110
----
[1, 2, 3, 4, 5, 6, 7, 8, 9, 10, 11, 12, 13, 14, 15, 16, 17, 18, 19, 20, 21, 22, 23]
Function: 106.52375156303783, 12.57998620308876, 0.030574798583984375, 83.21532790001824, 10.52291359105269, 0.11527873135737368, 0.0596703389367819
-0.08012320470301632
catalog_page: 0.0006659524515271187, 0.0016515117070168936, 5.276283443846991
catalog_returns: 23.366260116919875, 3.0615857812396547, 16.440476357146117
catalog_sales: 217.0907397372648, 29.12417052814966, 20.79273785734647
customer: 0.6484093563631177, 0.09327616003777187, 27.129927071891373
customer_address: 0.18544994108378887, 0.03920324325215261, 28.96545217573988
customer_demographics: 0.012168197892606258, 0.00866210172837815, 16.54482099648768
date_dim: 0.0019952356815338135, 0.005559349002638842, 89.82059929019154
household_demographics: 3.512948751449585e-05, 0.0015011259087072835, 15.771885793077931
income_band: 6.137415766716003e-07, 0.001442219457628684, 3.0776043514903364
inventory: 0.24701470416039228, 0.0538672703833697, 0.8566819173722149
item: 0.005464168265461922, 0.006633248081987111, 51.2013901470399
promotion: 2.6027671992778778e-05, 0.0015120730052844804, 11.251256829604857
reason: 1.2423843145370483e-06, 0.0015798680995048869, 2.4992254110028207
ship_mode: 1.5795230865478516e-06, 0.001705655542019341, 1.6071792827266422
store: 2.3781321942806244e-05, 0.001529871065585516, 46.47679410391414
store_returns: 36.877127600833774, 4.862216132720712, 22.225099803374214
store_sales: 288.85508783441037, 39.67687939956616, 47.43267456996966
time_dim: 0.0012104213237762451, 0.014686462141350115, 4.422109146770164
warehouse: 2.3292377591133118e-06, 0.01770620610194113, 2.8474076116232405
web_page: 1.0661780834197998e-05, 0.014096261782718203, 2.833869844229944
web_returns: 11.326140539720654, 1.5174049863675423, 14.994882261921248
web_sales: 109.34904180746526, 14.728571041236263, 27.447874677749923
web_site: 8.863396942615509e-06, 0.018448465854741775, 6.374569764955424
catalog_page: 0.0006659524515271187, 0.001651510190942019, 5.276283445363067
catalog_returns: 23.366260116919875, 3.0615325867513765, 15.855334455647075
catalog_sales: 217.0907397372648, 29.123676309958448, 20.102133731008216
customer: 0.6484093563631177, 0.09327468390065219, 27.12992854802849
customer_address: 0.18544994108378887, 0.03920282106586059, 28.965452597926173
customer_demographics: 0.012168197892606258, 0.008662074026852234, 15.959625928201888
date_dim: 0.0019952356815338135, 0.005559344460382591, 88.91005010697819
household_demographics: 3.512948751449585e-05, 0.0015011258287332054, 15.186690697170585
income_band: 6.137415766716003e-07, 0.00144221945623147, 3.077604351491734
item: 0.005464168265461922, 0.00663323564252811, 50.29084097172378
promotion: 2.6027671992778778e-05, 0.0015120729460311516, 10.666061733676791
reason: 1.2423843145370483e-06, 0.0015798680966765352, 2.499225411005649
ship_mode: 1.5795230865478516e-06, 0.0017056555384234759, 1.6071792827302382
store: 2.3781321942806244e-05, 0.0015298710114461183, 46.476794103968274
store_returns: 36.877127600833774, 4.862132180050405, 22.22518375604452
store_sales: 288.85508783441037, 39.67622180615981, 47.22359443779866
time_dim: 0.0012104213237762451, 0.014686459385763958, 4.42210914952575
warehouse: 2.3292377591133118e-06, 0.0177062060966385, 2.252499397992463
web_page: 1.0661780834197998e-05, 0.014096261758446114, 2.8338698442542163
web_returns: 11.326140539720654, 1.517379201828332, 14.994908046460457
web_sales: 109.34904180746526, 14.728322102540314, 27.448123616445873
web_site: 8.863396942615509e-06, 0.018448465834563797, 6.374569764975601
Function: 107.37863112846466, 12.290259969701767, 1.2308502197265625, 83.18544941309416, 10.498760818099976, 0.11367171097584626, 0.05963899686634245
hiya: 0b111111111111101111111110, 107.37863112846466
catalog_page: 0.0006659524515271187, 0.001651510190942019, 5.276283445363067
catalog_returns: 23.366260116919875, 3.0615325867513765, 15.855334455647075
catalog_sales: 217.0907397372648, 29.123676309958448, 20.102133731008216
customer: 0.6484093563631177, 0.09327468390065219, 27.12992854802849
customer_address: 0.18544994108378887, 0.03920282106586059, 28.965452597926173
customer_demographics: 0.012168197892606258, 0.008662074026852234, 15.959625928201888
date_dim: 0.0019952356815338135, 0.005559344460382591, 88.91005010697819
household_demographics: 3.512948751449585e-05, 0.0015011258287332054, 15.186690697170585
income_band: 6.137415766716003e-07, 0.00144221945623147, 3.077604351491734
item: 0.005464168265461922, 0.00663323564252811, 50.29084097172378
promotion: 2.6027671992778778e-05, 0.0015120729460311516, 10.666061733676791
reason: 1.2423843145370483e-06, 0.0015798680966765352, 2.499225411005649
ship_mode: 1.5795230865478516e-06, 0.0017056555384234759, 1.6071792827302382
store: 2.3781321942806244e-05, 0.0015298710114461183, 46.476794103968274
store_returns: 36.877127600833774, 4.862132180050405, 22.22518375604452
store_sales: 288.85508783441037, 39.67622180615981, 47.22359443779866
time_dim: 0.0012104213237762451, 0.014686459385763958, 4.42210914952575
warehouse: 2.3292377591133118e-06, 0.0177062060966385, 2.252499397992463
web_page: 1.0661780834197998e-05, 0.014096261758446114, 2.8338698442542163
web_returns: 11.326140539720654, 1.517379201828332, 14.994908046460457
web_sales: 109.34904180746526, 14.728322102540314, 27.448123616445873
web_site: 8.863396942615509e-06, 0.018448465834563797, 6.374569764975601
catalog_page: 0.0006659524515271187, 0.0016515098802670665, 5.276283445673742
catalog_returns: 23.366260116919875, 3.0615216861056402, 15.85534535629281
catalog_sales: 217.0907397372648, 29.12357503447685, 18.744061533538563
customer: 0.6484093563631177, 0.09327438140976788, 27.129928850519377
customer_address: 0.18544994108378887, 0.039202734551198014, 28.965452684440837
customer_demographics: 0.012168197892606258, 0.008662068350239296, 15.9596259338785
date_dim: 0.0019952356815338135, 0.005559343529580776, 87.30116516964033
household_demographics: 3.512948751449585e-05, 0.0015011258123448705, 15.186690697186974
income_band: 6.137415766716003e-07, 0.0014422194559451519, 3.07760435149202
item: 0.005464168265461922, 0.006633233093426875, 50.29084097427288
promotion: 2.6027671992778778e-05, 0.001512072933888925, 10.666061733688935
reason: 1.2423843145370483e-06, 0.0015798680960969476, 2.4992254110062286
store: 2.3781321942806244e-05, 0.001529871000351841, 46.47679410397937
store_returns: 36.877127600833774, 4.862114976419968, 22.225200959674957
store_sales: 288.85508783441037, 39.676087051733305, 47.223729192225164
time_dim: 0.0012104213237762451, 0.014686458821087626, 3.0639356771391735
warehouse: 2.3292377591133118e-06, 0.017706206095551884, 0.6436144597248878
web_page: 1.0661780834197998e-05, 0.014096261753472263, 2.83386984425919
web_returns: 11.326140539720654, 1.5173739180454346, 14.994913330243355
web_sales: 109.34904180746526, 14.72827108987674, 25.839289690840786
web_site: 8.863396942615509e-06, 0.018448465830428917, 6.123858299662328
Function: 108.98548957996233, 12.227635165233613, 2.902359962463379, 83.18544922203769, 10.497065352501869, 0.11335088099592691, 0.059628996729871646
hiya: 0b111111111011101111111110, 108.98548957996233
catalog_page: 0.0006659524515271187, 0.0016515098802670665, 5.276283445673742
catalog_returns: 23.366260116919875, 3.0615216861056402, 15.85534535629281
catalog_sales: 217.0907397372648, 29.12357503447685, 18.744061533538563
customer: 0.6484093563631177, 0.09327438140976788, 27.129928850519377
customer_address: 0.18544994108378887, 0.039202734551198014, 28.965452684440837
customer_demographics: 0.012168197892606258, 0.008662068350239296, 15.9596259338785
date_dim: 0.0019952356815338135, 0.005559343529580776, 87.30116516964033
household_demographics: 3.512948751449585e-05, 0.0015011258123448705, 15.186690697186974
income_band: 6.137415766716003e-07, 0.0014422194559451519, 3.07760435149202
item: 0.005464168265461922, 0.006633233093426875, 50.29084097427288
promotion: 2.6027671992778778e-05, 0.001512072933888925, 10.666061733688935
reason: 1.2423843145370483e-06, 0.0015798680960969476, 2.4992254110062286
store: 2.3781321942806244e-05, 0.001529871000351841, 46.47679410397937
store_returns: 36.877127600833774, 4.862114976419968, 22.225200959674957
store_sales: 288.85508783441037, 39.676087051733305, 47.223729192225164
time_dim: 0.0012104213237762451, 0.014686458821087626, 3.0639356771391735
warehouse: 2.3292377591133118e-06, 0.017706206095551884, 0.6436144597248878
web_page: 1.0661780834197998e-05, 0.014096261753472263, 2.83386984425919
web_returns: 11.326140539720654, 1.5173739180454346, 14.994913330243355
web_sales: 109.34904180746526, 14.72827108987674, 25.839289690840786
web_site: 8.863396942615509e-06, 0.018448465830428917, 6.123858299662328
catalog_page: 0.0006659524515271187, 0.0016515097622033892, 5.2762834457918055
catalog_returns: 23.366260116919875, 3.061517543607797, 15.194028832970217
catalog_sales: 217.0907397372648, 29.12353654744826, 18.082779354746712
customer: 0.6484093563631177, 0.09327426645622602, 27.129928965472917
customer_address: 0.18544994108378887, 0.03920270167362252, 28.96545271731841
customer_demographics: 0.012168197892606258, 0.008662066192994908, 15.959625936035744
date_dim: 0.0019952356815338135, 0.005559343175854528, 86.63984450417362
household_demographics: 3.512948751449585e-05, 0.0015011258061169235, 15.186690697193201
income_band: 6.137415766716003e-07, 0.0014422194558363446, 3.0776043514921287
item: 0.005464168265461922, 0.006633232124709368, 49.62952030942116
promotion: 2.6027671992778778e-05, 0.0015120729292745973, 10.666061733693548
reason: 1.2423843145370483e-06, 0.001579868095876691, 2.499225411006449
store: 2.3781321942806244e-05, 0.0015298709961357587, 46.476794103983586
store_returns: 36.877127600833774, 4.862108438641958, 22.225207497452967
store_sales: 288.85508783441037, 39.676035841930265, 47.223780402028204
time_dim: 0.0012104213237762451, 0.014686458606497541, 3.0639356773537636
web_page: 1.0661780834197998e-05, 0.014096261751582084, 2.83386984426108
web_returns: 11.326140539720654, 1.517371910085559, 14.99491533820323
web_sales: 109.34904180746526, 14.728251703883107, 25.83930907683442
web_site: 8.863396942615509e-06, 0.018448465828857563, 6.123858299663899
Function: 109.62898211473174, 12.220887898925147, 3.570427894592285, 83.18544894029696, 10.479369426500002, 0.11322895788871691, 0.059618996528625505
hiya: 0b111101111011101111111110, 109.62898211473174
catalog_page: 0.0006659524515271187, 0.0016515097622033892, 5.2762834457918055
catalog_returns: 23.366260116919875, 3.061517543607797, 15.194028832970217
catalog_sales: 217.0907397372648, 29.12353654744826, 18.082779354746712
customer: 0.6484093563631177, 0.09327426645622602, 27.129928965472917
customer_address: 0.18544994108378887, 0.03920270167362252, 28.96545271731841
customer_demographics: 0.012168197892606258, 0.008662066192994908, 15.959625936035744
date_dim: 0.0019952356815338135, 0.005559343175854528, 86.63984450417362
household_demographics: 3.512948751449585e-05, 0.0015011258061169235, 15.186690697193201
income_band: 6.137415766716003e-07, 0.0014422194558363446, 3.0776043514921287
item: 0.005464168265461922, 0.006633232124709368, 49.62952030942116
promotion: 2.6027671992778778e-05, 0.0015120729292745973, 10.666061733693548
reason: 1.2423843145370483e-06, 0.001579868095876691, 2.499225411006449
store: 2.3781321942806244e-05, 0.0015298709961357587, 46.476794103983586
store_returns: 36.877127600833774, 4.862108438641958, 22.225207497452967
store_sales: 288.85508783441037, 39.676035841930265, 47.223780402028204
time_dim: 0.0012104213237762451, 0.014686458606497541, 3.0639356773537636
web_page: 1.0661780834197998e-05, 0.014096261751582084, 2.83386984426108
web_returns: 11.326140539720654, 1.517371910085559, 14.99491533820323
web_sales: 109.34904180746526, 14.728251703883107, 25.83930907683442
web_site: 8.863396942615509e-06, 0.018448465828857563, 6.123858299663899
catalog_page: 0.0006659524515271187, 0.0016515081879935002, 5.276283447366015
catalog_returns: 23.366260116919875, 3.061462309337452, 15.194084067240562
catalog_sales: 217.0907397372648, 29.123023378094324, 18.08329252410065
customer: 0.6484093563631177, 0.09327273371553477, 27.12993049821361
customer_address: 0.18544994108378887, 0.039202263298284315, 28.50210188786004
customer_demographics: 0.012168197892606258, 0.008662037429233457, 15.496274696965793
date_dim: 0.0019952356815338135, 0.005559338459422096, 86.17649324105633
household_demographics: 3.512948751449585e-05, 0.0015011257230761802, 15.186690697276243
income_band: 6.137415766716003e-07, 0.001442219454385553, 3.0776043514935796
item: 0.005464168265461922, 0.006633219208250094, 49.62952032233762
promotion: 2.6027671992778778e-05, 0.0015120728677491559, 10.666061733755074
store: 2.3781321942806244e-05, 0.0015298709399203458, 46.476794104039804
store_returns: 36.877127600833774, 4.862021266744305, 20.973732152662905
store_sales: 288.85508783441037, 39.67535303261751, 45.187009200072325
time_dim: 0.0012104213237762451, 0.014686455745246392, 3.063935680215015
web_page: 1.0661780834197998e-05, 0.014096261726379263, 2.3705185764525734
web_returns: 11.326140539720654, 1.517345136819088, 14.531590843635993
web_sales: 109.34904180746526, 14.727993219448415, 25.376216293435405
web_site: 8.863396942615509e-06, 0.018448465807905847, 6.1238582996848505
Function: 112.1265818598152, 11.896542688220343, 6.395578384399414, 83.18544879002023, 10.477799707802136, 0.11160329295178231, 0.0596089964212835
hiya: 0b111101111001101111111110, 112.1265818598152
catalog_page: 0.0006659524515271187, 0.0016515081879935002, 5.276283447366015
catalog_returns: 23.366260116919875, 3.061462309337452, 15.194084067240562
catalog_sales: 217.0907397372648, 29.123023378094324, 18.08329252410065
customer: 0.6484093563631177, 0.09327273371553477, 27.12993049821361
customer_address: 0.18544994108378887, 0.039202263298284315, 28.50210188786004
customer_demographics: 0.012168197892606258, 0.008662037429233457, 15.496274696965793
date_dim: 0.0019952356815338135, 0.005559338459422096, 86.17649324105633
household_demographics: 3.512948751449585e-05, 0.0015011257230761802, 15.186690697276243
income_band: 6.137415766716003e-07, 0.001442219454385553, 3.0776043514935796
item: 0.005464168265461922, 0.006633219208250094, 49.62952032233762
promotion: 2.6027671992778778e-05, 0.0015120728677491559, 10.666061733755074
store: 2.3781321942806244e-05, 0.0015298709399203458, 46.476794104039804
store_returns: 36.877127600833774, 4.862021266744305, 20.973732152662905
store_sales: 288.85508783441037, 39.67535303261751, 45.187009200072325
time_dim: 0.0012104213237762451, 0.014686455745246392, 3.063935680215015
web_page: 1.0661780834197998e-05, 0.014096261726379263, 2.3705185764525734
web_returns: 11.326140539720654, 1.517345136819088, 14.531590843635993
web_sales: 109.34904180746526, 14.727993219448415, 25.376216293435405
web_site: 8.863396942615509e-06, 0.018448465807905847, 6.1238582996848505
catalog_page: 0.0006659524515271187, 0.0016515075055175753, 5.276283448048491
catalog_returns: 23.366260116919875, 3.0614383633185542, 12.960001336138934
catalog_sales: 217.0907397372648, 29.122800900944355, 15.849408324130096
customer: 0.6484093563631177, 0.09327206921798047, 27.129931162711163
customer_address: 0.18544994108378887, 0.03920207324699791, 28.502102077911328
customer_demographics: 0.012168197892606258, 0.008662024959120771, 15.496274709435907
date_dim: 0.0019952356815338135, 0.005559336414681043, 83.94238656598057
household_demographics: 3.512948751449585e-05, 0.001501125687075067, 15.036182536253818
income_band: 6.137415766716003e-07, 0.0014422194537565835, 3.077604351494209
item: 0.005464168265461922, 0.006633213608506023, 49.62952032793736
promotion: 2.6027671992778778e-05, 0.0015120728410756906, 10.666061733781747
store: 2.3781321942806244e-05, 0.0015298709155489665, 44.24268742694365
store_returns: 36.877127600833774, 4.861983474629093, 18.73966326765759
store_sales: 288.85508783441037, 39.675057010517385, 42.95319854505194
time_dim: 0.0012104213237762451, 0.014686454504792347, 2.913427520397043
web_returns: 11.326140539720654, 1.5173335296567076, 12.297495773677845
web_sales: 109.34904180746526, 14.727881157260951, 22.99171351744392
web_site: 8.863396942615509e-06, 0.018448465798822533, 6.123858299693934
Function: 114.49639564263305, 11.769331964875857, 8.907403945922852, 83.18544750038899, 10.46371472814083, 0.11089850780441168, 0.05959899550010563
hiya: 0b111001111001101111111110, 114.49639564263305
catalog_page: 0.0006659524515271187, 0.0016515075055175753, 5.276283448048491
catalog_returns: 23.366260116919875, 3.0614383633185542, 12.960001336138934
catalog_sales: 217.0907397372648, 29.122800900944355, 15.849408324130096
customer: 0.6484093563631177, 0.09327206921798047, 27.129931162711163
customer_address: 0.18544994108378887, 0.03920207324699791, 28.502102077911328
customer_demographics: 0.012168197892606258, 0.008662024959120771, 15.496274709435907
date_dim: 0.0019952356815338135, 0.005559336414681043, 83.94238656598057
household_demographics: 3.512948751449585e-05, 0.001501125687075067, 15.036182536253818
income_band: 6.137415766716003e-07, 0.0014422194537565835, 3.077604351494209
item: 0.005464168265461922, 0.006633213608506023, 49.62952032793736
promotion: 2.6027671992778778e-05, 0.0015120728410756906, 10.666061733781747
store: 2.3781321942806244e-05, 0.0015298709155489665, 44.24268742694365
store_returns: 36.877127600833774, 4.861983474629093, 18.73966326765759
store_sales: 288.85508783441037, 39.675057010517385, 42.95319854505194
time_dim: 0.0012104213237762451, 0.014686454504792347, 2.913427520397043
web_returns: 11.326140539720654, 1.5173335296567076, 12.297495773677845
web_sales: 109.34904180746526, 14.727881157260951, 22.99171351744392
web_site: 8.863396942615509e-06, 0.018448465798822533, 6.123858299693934
catalog_page: 0.0006659524515271187, 0.001651507115027992, 5.2762834484389805
catalog_returns: 23.366260116919875, 3.0614246622184957, 12.960015037238993
catalog_sales: 217.0907397372648, 29.122673607062836, 14.116960176989693
customer: 0.6484093563631177, 0.09327168901501148, 27.129931542914132
customer_address: 0.18544994108378887, 0.03920196450609603, 28.50210218665223
customer_demographics: 0.012168197892606258, 0.008662017824145126, 15.496274716570882
date_dim: 0.0019952356815338135, 0.005559335244749544, 82.20981112612859
household_demographics: 3.512948751449585e-05, 0.001501125666476451, 13.840644002394502
income_band: 6.137415766716003e-07, 0.0014422194533967084, 3.0776043514945686
item: 0.005464168265461922, 0.006633210404522341, 47.89694489011942
promotion: 2.6027671992778778e-05, 0.0015120728258140384, 10.666061733797008
store: 2.3781321942806244e-05, 0.0015298709016044899, 43.04714889307767
store_returns: 36.877127600833774, 4.861961851262213, 18.73968489102447
store_sales: 288.85508783441037, 39.67488763670912, 40.02525394395837
web_returns: 11.326140539720654, 1.517326888431966, 12.297502414902585
web_sales: 109.34904180746526, 14.727817039077056, 21.259202194605894
web_site: 8.863396942615509e-06, 0.01844846579362537, 6.1238582996991315
Function: 117.40941875057902, 11.703018258808456, 11.90183162689209, 83.18530108984304, 10.44918382396221, 0.11049506015352496, 0.059588890919703257
hiya: 0b111000111001101111111110, 117.40941875057902
catalog_page: 0.0006659524515271187, 0.001651507115027992, 5.2762834484389805
catalog_returns: 23.366260116919875, 3.0614246622184957, 12.960015037238993
catalog_sales: 217.0907397372648, 29.122673607062836, 14.116960176989693
customer: 0.6484093563631177, 0.09327168901501148, 27.129931542914132
customer_address: 0.18544994108378887, 0.03920196450609603, 28.50210218665223
customer_demographics: 0.012168197892606258, 0.008662017824145126, 15.496274716570882
date_dim: 0.0019952356815338135, 0.005559335244749544, 82.20981112612859
household_demographics: 3.512948751449585e-05, 0.001501125666476451, 13.840644002394502
income_band: 6.137415766716003e-07, 0.0014422194533967084, 3.0776043514945686
item: 0.005464168265461922, 0.006633210404522341, 47.89694489011942
promotion: 2.6027671992778778e-05, 0.0015120728258140384, 10.666061733797008
store: 2.3781321942806244e-05, 0.0015298709016044899, 43.04714889307767
store_returns: 36.877127600833774, 4.861961851262213, 18.73968489102447
store_sales: 288.85508783441037, 39.67488763670912, 40.02525394395837
web_returns: 11.326140539720654, 1.517326888431966, 12.297502414902585
web_sales: 109.34904180746526, 14.727817039077056, 21.259202194605894
web_site: 8.863396942615509e-06, 0.01844846579362537, 6.1238582996991315
catalog_page: 0.0006659524515271187, 0.001651504644691907, 5.276283450909316
catalog_returns: 23.366260116919875, 3.061337985586544, 9.894871515905638
catalog_sales: 217.0907397372648, 29.121868313701633, 11.052535272385597
customer: 0.6484093563631177, 0.09326928375465512, 24.050887377226523
customer_address: 0.18544994108378887, 0.039201276583586894, 25.423056303626772
customer_demographics: 0.012168197892606258, 0.008661972686480605, 12.41722819076058
date_dim: 0.0019952356815338135, 0.005559327843466328, 79.14458093556455
household_demographics: 3.512948751449585e-05, 0.0015011255361643838, 10.761597431576847
item: 0.005464168265461922, 0.006633190135309412, 44.831714712423334
promotion: 2.6027671992778778e-05, 0.0015120727292649572, 7.600831535928254
store: 2.3781321942806244e-05, 0.0015298708133881951, 39.98191869520058
store_returns: 36.877127600833774, 4.8618250563621945, 15.660775114976522
store_sales: 288.85508783441037, 39.673816135064854, 36.961095247637346
web_returns: 11.326140539720654, 1.5172848743608187, 12.297544428973733
web_sales: 109.34904180746526, 14.727411411192938, 21.25960782249001
web_site: 8.863396942615509e-06, 0.018448465760746793, 6.12385829973201
Function: 120.48447202418339, 11.19300690739314, 15.490889549255371, 83.18530101560587, 10.447751678309439, 0.1079439827528904, 0.05957889086667598
hiya: 0b111000111001100111111110, 120.48447202418339
catalog_page: 0.0006659524515271187, 0.001651504644691907, 5.276283450909316
catalog_returns: 23.366260116919875, 3.061337985586544, 9.894871515905638
catalog_sales: 217.0907397372648, 29.121868313701633, 11.052535272385597
customer: 0.6484093563631177, 0.09326928375465512, 24.050887377226523
customer_address: 0.18544994108378887, 0.039201276583586894, 25.423056303626772
customer_demographics: 0.012168197892606258, 0.008661972686480605, 12.41722819076058
date_dim: 0.0019952356815338135, 0.005559327843466328, 79.14458093556455
household_demographics: 3.512948751449585e-05, 0.0015011255361643838, 10.761597431576847
item: 0.005464168265461922, 0.006633190135309412, 44.831714712423334
promotion: 2.6027671992778778e-05, 0.0015120727292649572, 7.600831535928254
store: 2.3781321942806244e-05, 0.0015298708133881951, 39.98191869520058
store_returns: 36.877127600833774, 4.8618250563621945, 15.660775114976522
store_sales: 288.85508783441037, 39.673816135064854, 36.961095247637346
web_returns: 11.326140539720654, 1.5172848743608187, 12.297544428973733
web_sales: 109.34904180746526, 14.727411411192938, 21.25960782249001
web_site: 8.863396942615509e-06, 0.018448465760746793, 6.12385829973201
catalog_returns: 23.366260116919875, 3.0612302713998627, 4.617044274538311
catalog_sales: 217.0907397372648, 29.1208675650859, 5.775601065447322
customer: 0.6484093563631177, 0.09326629470608219, 24.050890366275095
customer_address: 0.18544994108378887, 0.03920042169326752, 25.423057158517093
customer_demographics: 0.012168197892606258, 0.008661916593313243, 12.417228246853748
date_dim: 0.0019952356815338135, 0.00555931864579466, 73.86664598920824
household_demographics: 3.512948751449585e-05, 0.0015011253742238696, 10.761597431738787
item: 0.005464168265461922, 0.006633164946492816, 41.84714475198243
promotion: 2.6027671992778778e-05, 0.0015120726092821483, 4.616261550418519
store: 2.3781321942806244e-05, 0.0015298707037606492, 34.7039837397562
store_returns: 36.877127600833774, 4.8616550595468375, 10.383010156237871
store_sales: 288.85508783441037, 39.67248456592631, 31.684491861221886
web_returns: 11.326140539720654, 1.5172326629238848, 7.019661684856661
web_sales: 109.34904180746526, 14.726907332104382, 15.982176946024552
web_site: 8.863396942615509e-06, 0.018448465719888153, 0.8459233442188605
Function: 125.75758458275553, 10.558990797883672, 21.402840614318848, 83.18522046310726, 10.446190250024793, 0.10477362409255815, 0.059568833328384176
hiya: 0b111000111001100111111100, 125.75758458275553
catalog_returns: 23.366260116919875, 3.0612302713998627, 4.617044274538311
catalog_sales: 217.0907397372648, 29.1208675650859, 5.775601065447322
customer: 0.6484093563631177, 0.09326629470608219, 24.050890366275095
customer_address: 0.18544994108378887, 0.03920042169326752, 25.423057158517093
customer_demographics: 0.012168197892606258, 0.008661916593313243, 12.417228246853748
date_dim: 0.0019952356815338135, 0.00555931864579466, 73.86664598920824
household_demographics: 3.512948751449585e-05, 0.0015011253742238696, 10.761597431738787
item: 0.005464168265461922, 0.006633164946492816, 41.84714475198243
promotion: 2.6027671992778778e-05, 0.0015120726092821483, 4.616261550418519
store: 2.3781321942806244e-05, 0.0015298707037606492, 34.7039837397562
store_returns: 36.877127600833774, 4.8616550595468375, 10.383010156237871
store_sales: 288.85508783441037, 39.67248456592631, 31.684491861221886
web_returns: 11.326140539720654, 1.5172326629238848, 7.019661684856661
web_sales: 109.34904180746526, 14.726907332104382, 15.982176946024552
web_site: 8.863396942615509e-06, 0.018448465719888153, 0.8459233442188605
catalog_returns: 23.366260116919875, 3.0612119960705244, 4.617062549867649
catalog_sales: 217.0907397372648, 29.120697773054776, 5.775770857478445
customer: 0.6484093563631177, 0.0932657875691046, 24.050890873412072
customer_address: 0.18544994108378887, 0.039200276648286764, 24.558685493623326
customer_demographics: 0.012168197892606258, 0.008661907076265036, 12.417228256370796
date_dim: 0.0019952356815338135, 0.0055593170852715375, 73.00227418083
household_demographics: 3.512948751449585e-05, 0.0015011253467482294, 10.761597431766264
item: 0.005464168265461922, 0.0066331606728318145, 41.847144756256085
promotion: 2.6027671992778778e-05, 0.0015120725889252629, 4.616261550438876
store: 2.3781321942806244e-05, 0.0015298706851606897, 34.7039837397748
store_returns: 36.877127600833774, 4.861626217034233, 10.383038998750475
store_sales: 288.85508783441037, 39.67225864522549, 31.684717781922707
web_returns: 11.326140539720654, 1.5172238044695383, 6.155298733372258
web_sales: 109.34904180746526, 14.72682180751714, 15.117890660673048
Function: 126.60297003726518, 10.46959292398453, 22.35661029815674, 83.18521939100553, 10.427752850028671, 0.10423574152712414, 0.05955883256258668
hiya: 0b11000111001100111111100, 126.60297003726518
catalog_returns: 23.366260116919875, 3.0612119960705244, 4.617062549867649
catalog_sales: 217.0907397372648, 29.120697773054776, 5.775770857478445
customer: 0.6484093563631177, 0.0932657875691046, 24.050890873412072
customer_address: 0.18544994108378887, 0.039200276648286764, 24.558685493623326
customer_demographics: 0.012168197892606258, 0.008661907076265036, 12.417228256370796
date_dim: 0.0019952356815338135, 0.0055593170852715375, 73.00227418083
household_demographics: 3.512948751449585e-05, 0.0015011253467482294, 10.761597431766264
item: 0.005464168265461922, 0.0066331606728318145, 41.847144756256085
promotion: 2.6027671992778778e-05, 0.0015120725889252629, 4.616261550438876
store: 2.3781321942806244e-05, 0.0015298706851606897, 34.7039837397748
store_returns: 36.877127600833774, 4.861626217034233, 10.383038998750475
store_sales: 288.85508783441037, 39.67225864522549, 31.684717781922707
web_returns: 11.326140539720654, 1.5172238044695383, 6.155298733372258
web_sales: 109.34904180746526, 14.72682180751714, 15.117890660673048
catalog_returns: 23.366260116919875, 3.061185963350578, 4.617088582587596
catalog_sales: 217.0907397372648, 29.120455908828227, 4.675068459405452
customer: 0.6484093563631177, 0.09326506516598572, 22.64762272804595
customer_address: 0.18544994108378887, 0.03920007003557441, 23.155416832466805
customer_demographics: 0.012168197892606258, 0.008661893519483318, 9.20272351466902
date_dim: 0.0019952356815338135, 0.005559314862347909, 68.38450056002512
household_demographics: 3.512948751449585e-05, 0.0015011253076099118, 10.7615974318054
item: 0.005464168265461922, 0.006633154585115531, 37.229371139316
store: 2.3781321942806244e-05, 0.001529870658665543, 33.30071487203206
store_returns: 36.877127600833774, 4.861585131643141, 10.383080084141568
store_sales: 288.85508783441037, 39.67193682720373, 28.1682102392162
web_returns: 11.326140539720654, 1.517211185837234, 6.155311352004563
web_sales: 109.34904180746526, 14.726699980020248, 15.11801248816994
Function: 131.21846536532342, 10.317483391189576, 27.126493453979492, 83.18521624274172, 10.426253906954127, 0.10346954014474348, 0.059548830313795806
hiya: 0b11000111000100111111100, 131.21846536532342
catalog_returns: 23.366260116919875, 3.061185963350578, 4.617088582587596
catalog_sales: 217.0907397372648, 29.120455908828227, 4.675068459405452
customer: 0.6484093563631177, 0.09326506516598572, 22.64762272804595
customer_address: 0.18544994108378887, 0.03920007003557441, 23.155416832466805
customer_demographics: 0.012168197892606258, 0.008661893519483318, 9.20272351466902
date_dim: 0.0019952356815338135, 0.005559314862347909, 68.38450056002512
household_demographics: 3.512948751449585e-05, 0.0015011253076099118, 10.7615974318054
item: 0.005464168265461922, 0.006633154585115531, 37.229371139316
store: 2.3781321942806244e-05, 0.001529870658665543, 33.30071487203206
store_returns: 36.877127600833774, 4.861585131643141, 10.383080084141568
store_sales: 288.85508783441037, 39.67193682720373, 28.1682102392162
web_returns: 11.326140539720654, 1.517211185837234, 6.155311352004563
web_sales: 109.34904180746526, 14.726699980020248, 15.11801248816994
catalog_sales: 217.0907397372648, 29.118194146358732, -2.9018261735333617
customer: 0.6484093563631177, 0.09325830970534808, 22.641877475410208
customer_address: 0.18544994108378887, 0.03919813792314427, 23.149666756482855
customer_demographics: 0.012168197892606258, 0.008661766744967977, 9.202723641443534
date_dim: 0.0019952356815338135, 0.005559294074961088, 60.70622603487433
household_demographics: 3.512948751449585e-05, 0.0015011249416129258, 10.761597432171397
item: 0.005464168265461922, 0.006633097656613077, 34.99736529152548
store: 2.3781321942806244e-05, 0.0015298704108995557, 33.300714872279826
store_returns: 36.877127600833774, 4.861200926847988, 2.710941751094924
store_sales: 288.85508783441037, 39.66892738701491, 20.5920632839967
web_returns: 11.326140539720654, 1.517093184306501, -1.517093184306501
web_returns had no query dependencies
web_sales: 109.34904180746526, 14.725560725719792, 7.539995347062085
customer: 0.6484093563631177, 0.09322311568512953, 13.703774279318505
customer_address: 0.18544994108378887, 0.03918807216929297, 13.270172652899754
customer_demographics: 0.012168197892606258, 0.008661106285956316, 6.281412209800178
date_dim: 0.0019952356815338135, 0.005559185778613683, 34.48985817034531
household_demographics: 3.512948751449585e-05, 0.0015011230348731762, 10.761597434078137
item: 0.005464168265461922, 0.006632801075376973, 16.349837285947405
store: 2.3781321942806244e-05, 0.001529869120109537, 26.784643214644596
store_returns: 36.877127600833774, 4.859199329613695, -2.5937705740887416
store_sales: 288.85508783441037, 39.653249063280505, -2.971820329953921
web_sales: 109.34904180746526, 14.719625536243443, -10.34599995825323
customer: 0.6484093563631177, 0.09316776206168932, -0.09316776206168932
customer had no query dependencies
customer_address: 0.18544994108378887, 0.03917224061765815, -0.03917224061765815
customer_address had no query dependencies
customer_demographics: 0.012168197892606258, 0.008660067507231915, -0.008660067507231915
customer_demographics had no query dependencies
date_dim: 0.0019952356815338135, 0.005559015448677038, -0.005559015448677038
date_dim had no query dependencies
household_demographics: 3.512948751449585e-05, 0.0015011200359275187, -0.0015011200359275187
household_demographics had no query dependencies
item: 0.005464168265461922, 0.006632334608461262, -0.006632334608461262
item had no query dependencies
store: 2.3781321942806244e-05, 0.0015298670899378147, -0.0015298670899378147
store had no query dependencies
Function: 108.86501789093018, 0, 108.86501789093018, 0.0, 0, 0.0, 0
hiya: 0b0, 108.86501789093018
{106.52375156303783: [1, 2, 3, 4, 5, 6, 7, 8, 9, 10, 11, 12, 13, 14, 15, 16, 17, 18, 19, 20, 21, 22, 23], 107.37863112846466: [1, 2, 3, 4, 5, 6, 7, 8, 9, 11, 12, 13, 14, 15, 16, 17, 18, 19, 20, 21, 22, 23], 108.98548957996233: [1, 2, 3, 4, 5, 6, 7, 8, 9, 11, 12, 13, 15, 16, 17, 18, 19, 20, 21, 22, 23], 109.62898211473174: [1, 2, 3, 4, 5, 6, 7, 8, 9, 11, 12, 13, 15, 16, 17, 18, 20, 21, 22, 23], 112.1265818598152: [1, 2, 3, 4, 5, 6, 7, 8, 9, 11, 12, 15, 16, 17, 18, 20, 21, 22, 23], 114.49639564263305: [1, 2, 3, 4, 5, 6, 7, 8, 9, 11, 12, 15, 16, 17, 18, 21, 22, 23], 117.40941875057902: [1, 2, 3, 4, 5, 6, 7, 8, 9, 11, 12, 15, 16, 17, 21, 22, 23], 120.48447202418339: [1, 2, 3, 4, 5, 6, 7, 8, 11, 12, 15, 16, 17, 21, 22, 23], 125.75758458275553: [2, 3, 4, 5, 6, 7, 8, 11, 12, 15, 16, 17, 21, 22, 23], 126.60297003726518: [2, 3, 4, 5, 6, 7, 8, 11, 12, 15, 16, 17, 21, 22], 131.21846536532342: [2, 3, 4, 5, 6, 7, 8, 11, 15, 16, 17, 21, 22], 108.86501789093018: []}
[1, 2, 3, 4, 5, 6, 7, 8, 9, 10, 11, 12, 13, 14, 15, 16, 17, 18, 19, 20, 21, 22, 23]
{'44': 133120, '89': 166016, '94': 14680224, '54': 4360376, '40': 526476, '63': 166016, '78': 6488204, '72': 531916, '34': 164240, '73': 164240, '74': 4325520, '04': 4325528, '22': 527488, '92': 4196480, '61': 170160, '06': 133296, '59': 163968, '86': 4196480, '08': 164016, '84': 66416, '23': 4327576, '55': 133248, '36': 166016, '05': 14909582, '95': 14680224, '35': 4325624, '90': 5505280, '27': 166080, '21': 527488, '79': 164240, '13': 164320, '10': 4325624, '42': 133248, '03': 133248, '70': 163968, '62': 13123712, '64': 236540, '52': 133248, '45': 4196528, '18': 2296, '11': 4325520, '33': 4327592, '75': 6490252, '82': 134272, '53': 166016, '96': 426240, '38': 4325528, '83': 2164868, '39': 527488, '43': 163968, '56': 4327592, '60': 4327592, '87': 4325528, '01': 98448, '09': 139264, '29': 231560, '77': 7569548, '80': 14915726, '51': 4325504, '88': 426240, '76': 4327560, '98': 133248, '71': 4589704, '93': 204800, '37': 3208, '48': 164064, '15': 184, '14': 4327560, '46': 164272, '97': 131208, '65': 166016, '81': 180, '31': 4325536, '02': 4194440, '67': 166016, '07': 137408, '26': 6344, '32': 2184, '85': 7348448, '47': 166016, '12': 4196480, '58': 4327560, '19': 166064, '66': 4997256, '68': 164272, '69': 4325624, '28': 131072, '24': 231472, '49': 6488204, '17': 231560, '20': 2184, '25': 231560, '50': 229504}
Best Cost: $106.52375156303783;
[1, 2, 3, 4, 5, 6, 7, 8, 9, 10, 11, 12, 13, 14, 15, 16, 17, 18, 19, 20, 21, 22, 23]
{}
{'44': 133120, '89': 166016, '94': 14680224, '54': 4360376, '40': 526476, '63': 166016, '78': 6488204, '72': 531916, '34': 164240, '73': 164240, '74': 4325520, '04': 4325528, '22': 527488, '92': 4196480, '61': 170160, '06': 133296, '59': 163968, '86': 4196480, '08': 164016, '84': 66416, '23': 4327576, '55': 133248, '36': 166016, '05': 14909582, '95': 14680224, '35': 4325624, '90': 5505280, '27': 166080, '21': 527488, '79': 164240, '13': 164320, '10': 4325624, '42': 133248, '03': 133248, '70': 163968, '62': 13123712, '64': 236540, '52': 133248, '45': 4196528, '18': 2296, '11': 4325520, '33': 4327592, '75': 6490252, '82': 134272, '53': 166016, '96': 426240, '38': 4325528, '83': 2164868, '39': 527488, '43': 163968, '56': 4327592, '60': 4327592, '87': 4325528, '01': 98448, '09': 139264, '29': 231560, '77': 7569548, '80': 14915726, '51': 4325504, '88': 426240, '76': 4327560, '98': 133248, '71': 4589704, '93': 204800, '37': 3208, '48': 164064, '15': 184, '14': 4327560, '46': 164272, '97': 131208, '65': 166016, '81': 180, '31': 4325536, '02': 4194440, '67': 166016, '07': 137408, '26': 6344, '32': 2184, '85': 7348448, '47': 166016, '12': 4196480, '58': 4327560, '19': 166064, '66': 4997256, '68': 164272, '69': 4325624, '28': 131072, '24': 231472, '49': 6488204, '17': 231560, '20': 2184, '25': 231560, '50': 229504}
{'44': 133120, '89': 166016, '94': 14680224, '54': 4360376, '40': 526476, '63': 166016, '78': 6488204, '72': 531916, '34': 164240, '73': 164240, '74': 4325520, '04': 4325528, '22': 527488, '92': 4196480, '61': 170160, '06': 133296, '59': 163968, '86': 4196480, '08': 164016, '84': 66416, '23': 4327576, '55': 133248, '36': 166016, '05': 14909582, '95': 14680224, '35': 4325624, '90': 5505280, '27': 166080, '21': 527488, '79': 164240, '13': 164320, '10': 4325624, '42': 133248, '03': 133248, '70': 163968, '62': 13123712, '64': 236540, '52': 133248, '45': 4196528, '18': 2296, '11': 4325520, '33': 4327592, '75': 6490252, '82': 134272, '53': 166016, '96': 426240, '38': 4325528, '83': 2164868, '39': 527488, '43': 163968, '56': 4327592, '60': 4327592, '87': 4325528, '01': 98448, '09': 139264, '29': 231560, '77': 7569548, '80': 14915726, '51': 4325504, '88': 426240, '76': 4327560, '98': 133248, '71': 4589704, '93': 204800, '37': 3208, '48': 164064, '15': 184, '14': 4327560, '46': 164272, '97': 131208, '65': 166016, '81': 180, '31': 4325536, '02': 4194440, '67': 166016, '07': 137408, '26': 6344, '32': 2184, '85': 7348448, '47': 166016, '12': 4196480, '58': 4327560, '19': 166064, '66': 4997256, '68': 164272, '69': 4325624, '28': 131072, '24': 231472, '49': 6488204, '17': 231560, '20': 2184, '25': 231560, '50': 229504}
[1, 2, 3, 4, 5, 6, 7, 8, 9, 10, 11, 12, 13, 14, 15, 16, 17, 18, 19, 20, 21, 22, 23]
23
Optimal Subset: 0b111111111111111111111110
Function: 106.52375156303783, 12.57998620308876, 0.030574798583984375, 83.21532790001824, 10.52291359105269, 0.11527873135737368, 0.0596703389367819
106.52375156303783
Real: 106.52375156303783, 12.57998620308876, 0.030574798583984375, 83.21532790001824, 10.52291359105269, 0.11527873135737368, 0.0596703389367819
Num Redshift Qs: 93; Num GCP Qs: 2
Redshift Qs: $12.57998620308876; GCP Qs: $0.030574798583984375; Movement Cost: $83.21532790001824
Load Cost: $10.52291359105269, Storage Cost: $0.11527873135737368, API Cost: $0.0596703389367819
Final cost: $106.52375156303783, BQ Baseline: $108.86501789093018, Diff: $2.341266327892342, %: 2.1506140110480785%
