Egress: $0.12/GB
Benchmark: tpcds
Data Path: parquet_1000/std_setup
BigQuery Cost: $5/TB; DuckDB Cost: $1.48/hr; Redshift Cost: $1.086/hr
Use Duck: False
Excluded Table: web_returns
Excluded Query: None

Starting analysis without using DuckDB
Redshift Total: $14.773811625717482, Redshift-Calcite Total: $14.773811625717482, BigQuery Total: $32.24806308746338
Excluding table web_returns and any queries that depend on it
Total Keys: 53, Keys Considered: 51

Round 0
call_center: 9.615905582904816e-06, 1.1539086699485779e-06, 0.5646775867624083
catalog_page: 0.0017016949132084846, 0.00020420338958501816, -0.00020420338958501816
catalog_page had no query dependencies
catalog_returns: 13.009788101539016, 1.561174572184682, -1.4123903096467256
catalog_sales: 132.3057429259643, 15.876689151115714, -13.037179603072701
customer: 0.8535048151388764, 0.10242057781666516, 2.6295500493453936
customer_address: 0.2449320713058114, 0.029391848556697367, 3.156533868289292
customer_demographics: 0.011580578982830048, 0.0013896694779396057, 2.7076891590797905
date_dim: 0.001992875710129738, 0.00023914508521556853, 14.516364755641815
household_demographics: 3.5176053643226624e-05, 4.2211264371871945e-06, 4.566976716732383
income_band: 5.122274160385132e-07, 6.146728992462158e-08, 0.0018927641230821607
inventory: 5.1357166497036815, 0.6162859979644417, 0.10700586242129417
item: 0.03489831369370222, 0.004187797643244266, 7.724789724093776
promotion: 7.638614624738693e-05, 9.16633754968643e-06, 0.3818456135794521
reason: 1.4491379261016846e-06, 1.7389655113220215e-07, 0.17327952936212218
ship_mode: 1.3029202818870544e-06, 1.5635043382644653e-07, 0.15711602802207064
store: 9.930133819580078e-05, 1.1916160583496093e-05, 11.406628942821026
store_returns: 20.850121902301908, 2.502014628276229, -2.009460345922907
store_sales: 174.69669486396015, 20.963603383675217, -5.610573001875675
time_dim: 0.0012146271765232086, 0.00014575526118278502, 2.8498458935419717
warehouse: 2.907589077949524e-06, 3.4891068935394286e-07, 1.0187266234081982
web_page: 7.394980639219284e-05, 8.87397676706314e-06, 0.1175990046502153
web_sales: 67.01082486007363, 8.041298983208835, -4.5177231861532725
web_site: 1.0454095900058746e-05, 1.2544915080070496e-06, 0.002486628875235708

Round 1
call_center: 9.615905582904816e-06, 1.1539086699485779e-06, -1.1539086699485779e-06
call_center had no query dependencies
customer: 0.8535048151388764, 0.10242057781666516, -0.10242057781666516
customer had no query dependencies
customer_address: 0.2449320713058114, 0.029391848556697367, -0.029391848556697367
customer_address had no query dependencies
customer_demographics: 0.011580578982830048, 0.0013896694779396057, -0.0013896694779396057
customer_demographics had no query dependencies
date_dim: 0.001992875710129738, 0.00023914508521556853, 0.7155505222080151
household_demographics: 3.5176053643226624e-05, 4.2211264371871945e-06, -4.2211264371871945e-06
household_demographics had no query dependencies
income_band: 5.122274160385132e-07, 6.146728992462158e-08, -6.146728992462158e-08
income_band had no query dependencies
inventory: 5.1357166497036815, 0.6162859979644417, 0.09950366932878896
item: 0.03489831369370222, 0.004187797643244266, 0.7116018696499864
promotion: 7.638614624738693e-05, 9.16633754968643e-06, -9.16633754968643e-06
promotion had no query dependencies
reason: 1.4491379261016846e-06, 1.7389655113220215e-07, -1.7389655113220215e-07
reason had no query dependencies
ship_mode: 1.3029202818870544e-06, 1.5635043382644653e-07, -1.5635043382644653e-07
ship_mode had no query dependencies
store: 9.930133819580078e-05, 1.1916160583496093e-05, -1.1916160583496093e-05
store had no query dependencies
time_dim: 0.0012146271765232086, 0.00014575526118278502, -0.00014575526118278502
time_dim had no query dependencies
warehouse: 2.907589077949524e-06, 3.4891068935394286e-07, 0.7157893183825413
web_page: 7.394980639219284e-05, 8.87397676706314e-06, -8.87397676706314e-06
web_page had no query dependencies
web_site: 1.0454095900058746e-05, 1.2544915080070496e-06, -1.2544915080070496e-06
web_site had no query dependencies

Round 2
date_dim: 0.001992875710129738, 0.00023914508521556853, 0.7155505222080151
inventory: 5.1357166497036815, 0.6162859979644417, 0.09950366932878896
item: 0.03489831369370222, 0.004187797643244266, 0.7116018696499864
warehouse: 2.907589077949524e-06, 3.4891068935394286e-07, 0.7157893183825413
[7, 10, 11, 19]
4
Optimal Subset: 0b10000000110010000000
Num Redshift Qs: 3; Num GCP Qs: 50
Redshift Qs: $0.18477452643235523; GCP Qs: $31.347498893737793; Movement Cost: $0.620713289603591
Final cost: $32.15298670977374, BQ Baseline: $32.24806308746338, Diff: $0.09507637768963662, %: 0.294828180631407%
