Egress: $0.12/GB
Benchmark: tpcds
Data Path: parquet_1000/std_setup
BigQuery Cost: $5/TB; DuckDB Cost: $1.48/hr; Redshift Cost: $1.086/hr
Use Duck: False
Excluded Table: store_returns
Excluded Query: None

Starting analysis without using DuckDB
Redshift Total: $14.150757692738775, Redshift-Calcite Total: $14.150757692738775, BigQuery Total: $31.132454872131348
Number of keys: 50
Excluding table store_returns and any queries that depend on it
store_returns; 16
Optimal Subset: 0b10000000110010000000
Cost of new plan by subset (527488, 0b10000000110010000000): $31.037378494441707
found 8192 plans cheaper than baseline over 8388608 total plans considered
date_dim
inventory
item
warehouse
Num Redshift Qs: 3; Num GCP Qs: 47
Redshift Qs: $0.18477452643235523; GCP Qs: $30.23189067840576; Movement Cost: $0.620713289603591
Final cost: $31.037378494441707, BQ Baseline: $31.132454872131348, Diff: $0.09507637768964017, %: 0.30539312778302335%
Cost of Second Cheapest plan by subset (528000, 0b10000000111010000000): $31.037378555908997
Cost of Third Cheapest plan by subset (543872, 0b10000100110010000000): $31.037378650792142
