Egress: $0.12/GB
Benchmark: tpcds
Data Path: parquet_1000/std_setup
BigQuery Cost: $5/TB; DuckDB Cost: $1.48/hr; Redshift Cost: $1.086/hr
Use Duck: False
Excluded Table: catalog_returns
Excluded Query: None

Starting analysis without using DuckDB
Redshift Total: $14.622794061778393, Redshift-Calcite Total: $14.622794061778393, BigQuery Total: $31.948261260986328
Number of keys: 51
Excluding table catalog_returns and any queries that depend on it
catalog_returns; 2
Optimal Subset: 0b10000000110010000000
Cost of new plan by subset (527488, 0b10000000110010000000): $31.853184883296688
found 8192 plans cheaper than baseline over 8388608 total plans considered
date_dim
inventory
item
warehouse
Num Redshift Qs: 3; Num GCP Qs: 48
Redshift Qs: $0.18477452643235523; GCP Qs: $31.047697067260742; Movement Cost: $0.620713289603591
Final cost: $31.853184883296688, BQ Baseline: $31.948261260986328, Diff: $0.09507637768964017, %: 0.2975948422136601%
Cost of Second Cheapest plan by subset (528000, 0b10000000111010000000): $31.853184944763978
Cost of Third Cheapest plan by subset (543872, 0b10000100110010000000): $31.853185039647123
