Egress: $0.12/GB
Benchmark: tpcds
Data Path: parquet_1000/std_setup
BigQuery Cost: $5/TB; DuckDB Cost: $1.48/hr; Redshift Cost: $1.086/hr
Use Duck: False
Excluded Table: inventory
Excluded Query: None

Starting analysis without using DuckDB
Redshift Total: $15.817772087517978, Redshift-Calcite Total: $15.817772087517978, BigQuery Total: $34.583210945129395
Number of keys: 51
Excluding table inventory and any queries that depend on it
inventory; 10
Optimal Subset: 0b0
Cost of new plan by subset (0, 0b0): $34.583210945129395
found 0 plans cheaper than baseline over 8388608 total plans considered
Num Redshift Qs: 0; Num GCP Qs: 51
Redshift Qs: $0; GCP Qs: $34.583210945129395; Movement Cost: $0.0
Final cost: $34.583210945129395, BQ Baseline: $34.583210945129395, Diff: $0.0, %: 0.0%
Cost of Second Cheapest plan by subset (512, 0b1000000000): $34.583211006596684
Cost of Third Cheapest plan by subset (16384, 0b100000000000000): $34.583211101479826
