Egress: $0.12/GB
Benchmark: tpcds
Data Path: parquet_1000/std_setup
BigQuery Cost: $5/TB; DuckDB Cost: $1.48/hr; Redshift Cost: $1.086/hr
Use Duck: False
Excluded Table: web_returns
Excluded Query: None

Starting analysis without using DuckDB
Redshift Total: $14.773811625717482, Redshift-Calcite Total: $14.773811625717482, BigQuery Total: $32.24806308746338
Number of keys: 53
Excluding table web_returns and any queries that depend on it
web_returns; 21
Optimal Subset: 0b10000000110010000000
Cost of new plan by subset (527488, 0b10000000110010000000): $32.15298670977374
found 8192 plans cheaper than baseline over 8388608 total plans considered
date_dim
inventory
item
warehouse
Num Redshift Qs: 3; Num GCP Qs: 50
Redshift Qs: $0.18477452643235523; GCP Qs: $31.347498893737793; Movement Cost: $0.620713289603591
Final cost: $32.15298670977374, BQ Baseline: $32.24806308746338, Diff: $0.09507637768963662, %: 0.294828180631407%
Cost of Second Cheapest plan by subset (528000, 0b10000000111010000000): $32.15298677124103
Cost of Third Cheapest plan by subset (543872, 0b10000100110010000000): $32.152986866124174
