Data Starting In: gcp
Egress: $0.0/GB
Benchmark: tpcds
Data Path: parquet_1000/batch_rs8
BigQuery Cost: $6.25/TB; DuckDB Cost: $1.48/hr; Redshift Cost: $8.688/hr
Use Duck: False
Using calcite profiles: False
Excluded Table: time_dim
Excluded Query: None

Starting analysis without using DuckDB
Redshift Total: $12.175585801976526, BigQuery Total: $118.34206581115723
01: $-0.053216558179855364
02: $-0.031875375076929724
03: $0.46225074385325116
04: $4.086595410804748
05: $1.3774780998261769
06: $0.3156157429854075
07: $1.340530101292928
08: $0.48762544854164125
09: $4.267598117723465
10: $0.31066071114857996
11: $1.7474326745287576
12: $0.10837940103848775
13: $1.6847769363244374
14: $15.371164026819866
15: $0.18220076550165812
16: $0.5690129777526856
17: $1.0109230725765228
18: $3.9880419502385456
19: $0.6867483040714264
20: $0.23164465132395426
21: $0.13040914547920227
22: $0.7010737974611918
23: $0.9690291706689198
24: $1.4329938850339254
25: $1.1922297933006287
26: $0.6698881686592102
27: $4.0225541106828056
28: $5.065755438566208
29: $1.0155870588302611
30: $-0.06070611572265626
31: $1.7965831590811412
32: $0.48596438729286195
33: $1.0948081830120087
34: $0.6039280316289266
35: $0.38853899744351705
36: $2.5501932117144266
37: $0.14639244778315225
38: $0.3879267294565837
39: $0.27702829706509907
40: $0.4028677000713348
41: $-0.03124770300547282
42: $0.4782423514938354
43: $0.49939987057685853
44: $0.933021643184026
45: $0.11165965701738993
46: $1.2257707875823975
47: $0.4219892735958099
48: $1.067886776456833
49: $1.7678878890864054
50: $0.6567250735632578
51: $0.5606309763081868
52: $0.49541739279111224
53: $0.6035668335342407
54: $0.7208397585646311
55: $0.49871100074450175
56: $1.0958423399066926
57: $0.2027771442572276
58: $0.8274850143432617
59: $0.4599690491803487
60: $1.1121361897977193
61: $1.6261143863296508
62: $0.09473403954188028
63: $0.6001995995076498
64: $3.720520873673757
65: $0.5388176846758524
67: $5.390935244779587
68: $1.4640650397332509
69: $0.1580370307509104
70: $1.9079043164030711
72: $0.2915280825424194
73: $0.6070841459401448
74: $0.8040276591714223
75: $2.740938346967697
76: $1.0589388700771332
77: $1.2807744638061522
78: $1.4438266993649802
79: $1.2055793523947398
80: $1.6337554561456045
81: $-0.055518914477030445
82: $0.23191760928789776
83: $0.018545273780822748
84: $-0.0002394650332132979
85: $0.3062816962369283
86: $0.3294791894944509
87: $0.32915039021492004
89: $0.5879451856454213
91: $0.024519525286356605
92: $0.21465586846033732
93: $0.7695970211982727
94: $0.29105015072186785
95: $0.2871878468354543
97: $0.4526963858763377
98: $0.4373975418567657
99: $0.24868929240544635
!!!!!!: 106.39928414067587
Excluding table time_dim and any queries that depend on it
Total Keys: 94, Keys Considered: 88
[0, 1, 2, 3, 4, 5, 6, 7, 8, 9, 10, 11, 12, 13, 14, 15, 16, 17, 19, 20, 21, 22, 23]
{'60': 4327592, '89': 166016, '33': 4327592, '17': 231560, '48': 164064, '63': 166016, '67': 166016, '07': 137408, '38': 4325528, '20': 2184, '16': 173, '31': 4325536, '09': 139264, '91': 501, '32': 2184, '27': 166080, '53': 166016, '68': 164272, '25': 231560, '45': 4196528, '14': 4327560, '85': 7348448, '23': 4327576, '39': 527488, '78': 6488204, '80': 14915726, '34': 164240, '59': 163968, '70': 163968, '03': 133248, '46': 164272, '36': 166016, '76': 4327560, '12': 4196480, '08': 164016, '13': 164320, '64': 236540, '49': 6488204, '82': 134272, '05': 14909582, '28': 131072, '18': 2296, '65': 166016, '69': 4325624, '95': 14680224, '75': 6490252, '19': 166064, '52': 133248, '40': 526476, '72': 531916, '06': 133296, '97': 131208, '79': 164240, '74': 4325520, '54': 4360376, '44': 133120, '47': 166016, '37': 3208, '56': 4327592, '51': 4325504, '21': 527488, '98': 133248, '15': 184, '29': 231560, '86': 4196480, '87': 4325528, '43': 163968, '93': 204800, '99': 540809, '26': 6344, '61': 170160, '77': 7569548, '73': 164240, '42': 133248, '50': 229504, '55': 133248, '11': 4325520, '10': 4325624, '58': 4327560, '94': 14680224, '62': 13123712, '57': 2185, '83': 2164868, '04': 4325528, '35': 4325624, '92': 4196480, '22': 527488, '24': 231472}
call_center: 0.0066910218474828835, 1.0383079178542332
catalog_page: 0.0070014830565502985, 3.004232072915231
catalog_returns: 0.18251175335914965, 15.089143634945243
catalog_sales: 2.103046149077482, 50.863732381215016
customer: 0.02852132109214595, 27.55618510762006
customer_address: 0.03374567525634621, 26.115773444772472
customer_demographics: 0.00909528723884695, 17.964669673498385
date_dim: 0.006898430411594845, 93.92341960455839
household_demographics: 0.006123466134619619, 10.821649308971809
income_band: 0.005805388759211487, 3.7147154849145454
inventory: 0.15145375706008854, 1.626895622558874
item: 0.012847102543320233, 65.51684806116762
promotion: 0.009100235601513278, 9.273236833042057
reason: 0.0054824572283797375, 5.337994377930286
ship_mode: 0.005665830221556726, 0.33775750172576996
store: 0.007441963238088635, 42.27743916138236
store_returns: 0.3226633078721682, 19.739119699282302
store_sales: 3.2847429668918386, 92.80052971753607
warehouse: 0.006188464020469822, 2.1401418905461043
web_page: 0.006228968886641882, 1.5808271911564387
web_returns: 0.10022870046843904, 11.047497222303651
web_sales: 1.2438795602702826, 43.56403653637254
web_site: 0.00692448265234148, 3.6772811104186425
[]
0
call_center: 0.0066910214629446714, 1.0383079182387713
catalog_page: 0.007001425858453274, 3.004232130113328
catalog_returns: 0.18210784726440776, 15.089547541039984
household_demographics: 0.006123465055047891, 10.82164931005138
income_band: 0.005805388738124731, 3.714715484935632
promotion: 0.009100233149643538, 9.273236835493927
ship_mode: 0.005665830166080374, 0.3377575017812463
store_returns: 0.3220277892459983, 19.739755217908474
web_page: 0.0062289665694275085, 1.580827193473653
web_returns: 0.10003265445022021, 11.047693268321868
web_site: 0.006924482246014684, 3.677281110824969
[]
0
{'67': 166016, '09': 139264, '27': 166080, '14': 4327560, '39': 527488, '28': 131072, '18': 2296, '22': 527488, '60': 0, '89': 0, '33': 0, '17': 65536, '48': 0, '63': 0, '07': 4096, '38': 0, '20': 0, '16': 5, '31': 0, '32': 0, '53': 0, '68': 256, '25': 65536, '45': 0, '85': 3145728, '23': 0, '78': 2162692, '80': 10555398, '34': 256, '59': 0, '70': 0, '03': 0, '46': 256, '36': 0, '76': 0, '12': 0, '08': 0, '13': 256, '64': 70404, '49': 2162692, '82': 0, '05': 10551302, '65': 0, '69': 0, '95': 10485760, '75': 2162692, '19': 0, '52': 0, '40': 4, '72': 4356, '06': 0, '97': 0, '79': 256, '74': 0, '54': 0, '44': 0, '47': 0, '37': 0, '56': 0, '51': 0, '21': 0, '98': 0, '15': 0, '29': 65536, '86': 0, '87': 0, '43': 0, '93': 65536, '99': 16385, '26': 4096, '61': 4096, '77': 3211268, '73': 256, '42': 0, '50': 65536, '55': 0, '11': 0, '10': 0, '58': 0, '94': 10485760, '62': 8404992, '57': 1, '04': 0, '35': 0, '92': 0, '24': 65536}
{}
{'67': 166016, '09': 139264, '27': 166080, '14': 4327560, '39': 527488, '28': 131072, '18': 2296, '22': 527488, '60': 0, '89': 0, '33': 0, '17': 65536, '48': 0, '63': 0, '07': 4096, '38': 0, '20': 0, '16': 5, '31': 0, '32': 0, '53': 0, '68': 256, '25': 65536, '45': 0, '85': 3145728, '23': 0, '78': 2162692, '80': 10555398, '34': 256, '59': 0, '70': 0, '03': 0, '46': 256, '36': 0, '76': 0, '12': 0, '08': 0, '13': 256, '64': 70404, '49': 2162692, '82': 0, '05': 10551302, '65': 0, '69': 0, '95': 10485760, '75': 2162692, '19': 0, '52': 0, '40': 4, '72': 4356, '06': 0, '97': 0, '79': 256, '74': 0, '54': 0, '44': 0, '47': 0, '37': 0, '56': 0, '51': 0, '21': 0, '98': 0, '15': 0, '29': 65536, '86': 0, '87': 0, '43': 0, '93': 65536, '99': 16385, '26': 4096, '61': 4096, '77': 3211268, '73': 256, '42': 0, '50': 65536, '55': 0, '11': 0, '10': 0, '58': 0, '94': 10485760, '62': 8404992, '57': 1, '04': 0, '35': 0, '92': 0, '24': 65536}
STARTING PHASE 2: 0b0
----
[]
Function: 19.83417550607489, 11.501290066630048, 0.44149160385131836, 0.3391060624049666, 7.497105859877268, 0.024379290224205145, 0.030802623087084292
{19.83417550607489: []}
Best Cost: $19.83417550607489;
[3, 4, 5, 6, 7, 10, 11, 13, 15, 17, 19, 22, 0, 1, 2, 8, 9, 12, 14, 16, 20, 21, 23]
{'60': 4327592, '89': 166016, '33': 4327592, '17': 231560, '48': 164064, '63': 166016, '67': 166016, '07': 137408, '38': 4325528, '20': 2184, '16': 173, '31': 4325536, '09': 139264, '91': 501, '32': 2184, '27': 166080, '53': 166016, '68': 164272, '25': 231560, '45': 4196528, '14': 4327560, '85': 7348448, '23': 4327576, '39': 527488, '78': 6488204, '80': 14915726, '34': 164240, '59': 163968, '70': 163968, '03': 133248, '46': 164272, '36': 166016, '76': 4327560, '12': 4196480, '08': 164016, '13': 164320, '64': 236540, '49': 6488204, '82': 134272, '05': 14909582, '28': 131072, '18': 2296, '65': 166016, '69': 4325624, '95': 14680224, '75': 6490252, '19': 166064, '52': 133248, '40': 526476, '72': 531916, '06': 133296, '97': 131208, '79': 164240, '74': 4325520, '54': 4360376, '44': 133120, '47': 166016, '37': 3208, '56': 4327592, '51': 4325504, '21': 527488, '98': 133248, '15': 184, '29': 231560, '86': 4196480, '87': 4325528, '43': 163968, '93': 204800, '99': 540809, '26': 6344, '61': 170160, '77': 7569548, '73': 164240, '42': 133248, '50': 229504, '55': 133248, '11': 4325520, '10': 4325624, '58': 4327560, '94': 14680224, '62': 13123712, '57': 2185, '83': 2164868, '04': 4325528, '35': 4325624, '92': 4196480, '22': 527488, '24': 231472}
['02', '30', '84', '81', '01', '41']
Excluding table time_dim and any queries that depend on it
[3, 4, 5, 6, 7, 10, 11, 13, 15, 17, 19, 22, 0, 1, 2, 8, 9, 12, 14, 16, 20, 21, 23]
dict_keys(['60', '89', '33', '17', '48', '63', '67', '07', '38', '20', '16', '31', '09', '91', '32', '27', '53', '68', '25', '45', '14', '85', '23', '39', '78', '80', '34', '59', '70', '03', '46', '36', '76', '12', '08', '13', '64', '49', '82', '05', '28', '18', '65', '69', '95', '75', '19', '52', '40', '72', '06', '97', '79', '74', '54', '44', '47', '37', '56', '51', '21', '98', '15', '29', '86', '87', '43', '93', '99', '26', '61', '77', '73', '42', '50', '55', '11', '10', '58', '94', '62', '57', '83', '04', '35', '92', '22', '24'])
23
Optimal Subset: 0b111110111111111111111111
dict_keys(['60', '89', '33', '17', '48', '63', '67', '07', '38', '20', '16', '31', '09', '91', '32', '27', '53', '68', '25', '45', '14', '85', '23', '39', '78', '80', '34', '59', '70', '03', '46', '36', '76', '12', '08', '13', '64', '49', '82', '05', '28', '18', '65', '69', '95', '75', '19', '52', '40', '72', '06', '97', '79', '74', '54', '44', '47', '37', '56', '51', '21', '98', '15', '29', '86', '87', '43', '93', '99', '26', '61', '77', '73', '42', '50', '55', '11', '10', '58', '94', '62', '57', '83', '04', '35', '92', '22', '24'])
Function: 19.83417550607489, 11.501290066630048, 0.44149160385131836, 0.3391060624049666, 7.497105859877268, 0.024379290224205145, 0.030802623087084292
Real: 19.83417550607489, 11.501290066630048, 0.44149160385131836, 0.3391060624049666, 7.497105859877268, 0.024379290224205145, 0.030802623087084292
outputs_noduck_GCP_0.0_8.688_6.25.json
Num GCP Qs: 88; Num Redshift Qs: 6
PLAN TYPE IS: move
Moved Qs: $11.501290066630048; Stayed Qs: $0.44149160385131836; Migration Cost: $7.891393835593525
Movement Cost: $0.3391060624049666, Load Cost: $7.497105859877268, Storage Cost: $0.024379290224205145, API Cost: $0.030802623087084292
Final cost: $19.83417550607489, Baseline: $118.34206581115723, Diff: $98.50789030508234, %: 83.2399617413093%
