Data Starting In: gcp
Egress: $0.0/GB
Benchmark: tpcds
Data Path: parquet_1000/batch_rs8
BigQuery Cost: $6.25/TB; DuckDB Cost: $1.48/hr; Redshift Cost: $8.688/hr
Use Duck: False
Using calcite profiles: False
Excluded Table: web_page
Excluded Query: None

Starting analysis without using DuckDB
Redshift Total: $12.285501964699424, BigQuery Total: $121.92205786705017
01: $-0.053216558179855364
02: $-0.031875375076929724
03: $0.46225074385325116
04: $4.086595410804748
05: $1.3774780998261769
06: $0.3156157429854075
07: $1.340530101292928
08: $0.48762544854164125
09: $4.267598117723465
10: $0.31066071114857996
11: $1.7474326745287576
12: $0.10837940103848775
13: $1.6847769363244374
14: $15.371164026819866
15: $0.18220076550165812
16: $0.5690129777526856
17: $1.0109230725765228
18: $3.9880419502385456
19: $0.6867483040714264
20: $0.23164465132395426
21: $0.13040914547920227
22: $0.7010737974611918
23: $0.9690291706689198
24: $1.4329938850339254
25: $1.1922297933006287
26: $0.6698881686592102
27: $4.0225541106828056
28: $5.065755438566208
29: $1.0155870588302611
30: $-0.06070611572265626
31: $1.7965831590811412
32: $0.48596438729286195
33: $1.0948081830120087
34: $0.6039280316289266
35: $0.38853899744351705
36: $2.5501932117144266
37: $0.14639244778315225
38: $0.3879267294565837
39: $0.27702829706509907
40: $0.4028677000713348
41: $-0.03124770300547282
42: $0.4782423514938354
43: $0.49939987057685853
44: $0.933021643184026
45: $0.11165965701738993
46: $1.2257707875823975
47: $0.4219892735958099
48: $1.067886776456833
49: $1.7678878890864054
50: $0.6567250735632578
51: $0.5606309763081868
52: $0.49541739279111224
53: $0.6035668335342407
54: $0.7208397585646311
55: $0.49871100074450175
56: $1.0958423399066926
57: $0.2027771442572276
58: $0.8274850143432617
59: $0.4599690491803487
60: $1.1121361897977193
61: $1.6261143863296508
62: $0.09473403954188028
63: $0.6001995995076498
64: $3.720520873673757
65: $0.5388176846758524
66: $0.7691510609022776
67: $5.390935244779587
68: $1.4640650397332509
69: $0.1580370307509104
70: $1.9079043164030711
71: $1.018561050154368
72: $0.2915280825424194
73: $0.6070841459401448
74: $0.8040276591714223
75: $2.740938346967697
76: $1.0589388700771332
78: $1.4438266993649802
79: $1.2055793523947398
80: $1.6337554561456045
81: $-0.055518914477030445
82: $0.23191760928789776
83: $0.018545273780822748
84: $-0.0002394650332132979
86: $0.3294791894944509
87: $0.32915039021492004
88: $2.910070013548533
89: $0.5879451856454213
91: $0.024519525286356605
92: $0.21465586846033732
93: $0.7695970211982727
94: $0.29105015072186785
95: $0.2871878468354543
96: $0.3593499286079407
97: $0.4526963858763377
98: $0.4373975418567657
99: $0.24868929240544635
!!!!!!: 109.8693600338459
Excluding table web_page and any queries that depend on it
Total Keys: 96, Keys Considered: 90
[0, 1, 2, 3, 4, 5, 6, 7, 8, 9, 10, 11, 12, 13, 14, 15, 16, 17, 18, 19, 21, 22, 23]
{'91': 501, '69': 4325624, '27': 166080, '75': 6490252, '50': 229504, '47': 166016, '51': 4325504, '48': 164064, '99': 540809, '79': 164240, '65': 166016, '82': 134272, '22': 527488, '95': 14680224, '21': 527488, '97': 131208, '80': 14915726, '08': 164016, '23': 4327576, '44': 133120, '88': 426240, '62': 13123712, '58': 4327560, '04': 4325528, '05': 14909582, '36': 166016, '57': 2185, '70': 163968, '59': 163968, '74': 4325520, '49': 6488204, '09': 139264, '89': 166016, '16': 173, '93': 204800, '55': 133248, '39': 527488, '35': 4325624, '31': 4325536, '71': 4589704, '06': 133296, '61': 170160, '54': 4360376, '34': 164240, '15': 184, '43': 163968, '98': 133248, '72': 531916, '53': 166016, '18': 2296, '68': 164272, '42': 133248, '52': 133248, '76': 4327560, '28': 131072, '07': 137408, '86': 4196480, '10': 4325624, '13': 164320, '45': 4196528, '12': 4196480, '96': 426240, '25': 231560, '37': 3208, '32': 2184, '14': 4327560, '03': 133248, '56': 4327592, '60': 4327592, '78': 6488204, '46': 164272, '40': 526476, '33': 4327592, '24': 231472, '73': 164240, '29': 231560, '11': 4325520, '17': 231560, '26': 6344, '38': 4325528, '92': 4196480, '94': 14680224, '63': 166016, '64': 236540, '67': 166016, '83': 2164868, '19': 166064, '66': 4997256, '20': 2184, '87': 4325528}
call_center: 0.006691021851998196, 1.0383079178497179
catalog_page: 0.007001483728180028, 3.0042320722436013
catalog_returns: 0.18251649609282777, 13.808364428405412
catalog_sales: 2.103090420846611, 51.3706257566964
customer: 0.028521625299392683, 27.556184803412815
customer_address: 0.0337457394376803, 25.80949168435421
customer_demographics: 0.009095290881250903, 17.658387973619046
date_dim: 0.006898431119680836, 94.12407555486382
household_demographics: 0.006123466147296133, 14.091069251115607
income_band: 0.005805388759459092, 3.714715484914298
inventory: 0.15145582555231132, 1.6268935540666511
item: 0.012847114853153506, 66.53540909901213
promotion: 0.009100235630303547, 9.273236833013268
reason: 0.005482457229040141, 5.031712681692698
ship_mode: 0.005665830222208139, 1.1069085626273962
store: 0.0074419632762275575, 44.266084639694526
store_returns: 0.3226707702393636, 18.458337773108948
store_sales: 3.28480161245114, 95.80767760048143
time_dim: 0.007223131336994458, 5.049908921876125
warehouse: 0.0061884640219075, 2.9092929514469446
web_returns: 0.10023100247394273, 9.460438760255068
web_sales: 1.2439020046302787, 43.76467004302609
web_site: 0.006924482657112638, 3.6772811104138707
[]
0
call_center: 0.006691021467459984, 1.038307918234256
catalog_page: 0.007001426530083004, 3.0042321294416983
catalog_returns: 0.18211258999808588, 13.808768334500153
household_demographics: 0.006123465067724405, 14.09106925219518
income_band: 0.005805388738372335, 3.7147154849353847
promotion: 0.009100233178433807, 9.273236835465138
ship_mode: 0.0056658301667317865, 1.1069085626828725
store_returns: 0.32203525161319363, 18.458973291735116
time_dim: 0.0072230938636596185, 5.04990895934946
web_returns: 0.1000349564557239, 9.460634806273285
web_site: 0.006924482250785842, 3.6772811108201977
[]
0
{'27': 166080, '22': 527488, '09': 139264, '39': 527488, '18': 2296, '28': 131072, '14': 4327560, '67': 166016, '69': 0, '75': 2162692, '50': 65536, '47': 0, '51': 0, '48': 0, '99': 16385, '79': 256, '65': 0, '82': 0, '95': 10485760, '21': 0, '97': 0, '80': 10555398, '08': 0, '23': 0, '44': 0, '88': 262400, '62': 8404992, '58': 0, '04': 0, '05': 10551302, '36': 0, '57': 1, '70': 0, '59': 0, '74': 0, '49': 2162692, '89': 0, '16': 5, '93': 65536, '55': 0, '35': 0, '31': 0, '71': 262144, '06': 0, '61': 4096, '54': 0, '34': 256, '15': 0, '43': 0, '98': 0, '72': 4356, '53': 0, '68': 256, '42': 0, '52': 0, '76': 0, '07': 4096, '86': 0, '10': 0, '13': 256, '45': 0, '12': 0, '96': 262400, '25': 65536, '37': 0, '32': 0, '03': 0, '56': 0, '60': 0, '78': 2162692, '46': 256, '40': 4, '33': 0, '24': 65536, '73': 256, '29': 65536, '11': 0, '17': 65536, '26': 4096, '38': 0, '92': 0, '94': 10485760, '63': 0, '64': 70404, '19': 0, '66': 278528, '20': 0, '87': 0}
{}
{'27': 166080, '22': 527488, '09': 139264, '39': 527488, '18': 2296, '28': 131072, '14': 4327560, '67': 166016, '69': 0, '75': 2162692, '50': 65536, '47': 0, '51': 0, '48': 0, '99': 16385, '79': 256, '65': 0, '82': 0, '95': 10485760, '21': 0, '97': 0, '80': 10555398, '08': 0, '23': 0, '44': 0, '88': 262400, '62': 8404992, '58': 0, '04': 0, '05': 10551302, '36': 0, '57': 1, '70': 0, '59': 0, '74': 0, '49': 2162692, '89': 0, '16': 5, '93': 65536, '55': 0, '35': 0, '31': 0, '71': 262144, '06': 0, '61': 4096, '54': 0, '34': 256, '15': 0, '43': 0, '98': 0, '72': 4356, '53': 0, '68': 256, '42': 0, '52': 0, '76': 0, '07': 4096, '86': 0, '10': 0, '13': 256, '45': 0, '12': 0, '96': 262400, '25': 65536, '37': 0, '32': 0, '03': 0, '56': 0, '60': 0, '78': 2162692, '46': 256, '40': 4, '33': 0, '24': 65536, '73': 256, '29': 65536, '11': 0, '17': 65536, '26': 4096, '38': 0, '92': 0, '94': 10485760, '63': 0, '64': 70404, '19': 0, '66': 278528, '20': 0, '87': 0}
STARTING PHASE 2: 0b0
----
[]
Function: 19.945229137926837, 11.611206229352948, 0.44149160385131836, 0.33910704598420605, 7.498099862499237, 0.024521684475955454, 0.03080271176316738
{19.945229137926837: []}
Best Cost: $19.945229137926837;
[3, 4, 5, 6, 7, 10, 11, 13, 15, 17, 19, 22, 0, 1, 2, 8, 9, 12, 14, 16, 18, 21, 23]
{'91': 501, '69': 4325624, '27': 166080, '75': 6490252, '50': 229504, '47': 166016, '51': 4325504, '48': 164064, '99': 540809, '79': 164240, '65': 166016, '82': 134272, '22': 527488, '95': 14680224, '21': 527488, '97': 131208, '80': 14915726, '08': 164016, '23': 4327576, '44': 133120, '88': 426240, '62': 13123712, '58': 4327560, '04': 4325528, '05': 14909582, '36': 166016, '57': 2185, '70': 163968, '59': 163968, '74': 4325520, '49': 6488204, '09': 139264, '89': 166016, '16': 173, '93': 204800, '55': 133248, '39': 527488, '35': 4325624, '31': 4325536, '71': 4589704, '06': 133296, '61': 170160, '54': 4360376, '34': 164240, '15': 184, '43': 163968, '98': 133248, '72': 531916, '53': 166016, '18': 2296, '68': 164272, '42': 133248, '52': 133248, '76': 4327560, '28': 131072, '07': 137408, '86': 4196480, '10': 4325624, '13': 164320, '45': 4196528, '12': 4196480, '96': 426240, '25': 231560, '37': 3208, '32': 2184, '14': 4327560, '03': 133248, '56': 4327592, '60': 4327592, '78': 6488204, '46': 164272, '40': 526476, '33': 4327592, '24': 231472, '73': 164240, '29': 231560, '11': 4325520, '17': 231560, '26': 6344, '38': 4325528, '92': 4196480, '94': 14680224, '63': 166016, '64': 236540, '67': 166016, '83': 2164868, '19': 166064, '66': 4997256, '20': 2184, '87': 4325528}
['81', '02', '30', '41', '01', '84']
Excluding table web_page and any queries that depend on it
[3, 4, 5, 6, 7, 10, 11, 13, 15, 17, 19, 22, 0, 1, 2, 8, 9, 12, 14, 16, 18, 21, 23]
dict_keys(['91', '69', '27', '75', '50', '47', '51', '48', '99', '79', '65', '82', '22', '95', '21', '97', '80', '08', '23', '44', '88', '62', '58', '04', '05', '36', '57', '70', '59', '74', '49', '09', '89', '16', '93', '55', '39', '35', '31', '71', '06', '61', '54', '34', '15', '43', '98', '72', '53', '18', '68', '42', '52', '76', '28', '07', '86', '10', '13', '45', '12', '96', '25', '37', '32', '14', '03', '56', '60', '78', '46', '40', '33', '24', '73', '29', '11', '17', '26', '38', '92', '94', '63', '64', '67', '83', '19', '66', '20', '87'])
23
Optimal Subset: 0b111011111111111111111111
dict_keys(['91', '69', '27', '75', '50', '47', '51', '48', '99', '79', '65', '82', '22', '95', '21', '97', '80', '08', '23', '44', '88', '62', '58', '04', '05', '36', '57', '70', '59', '74', '49', '09', '89', '16', '93', '55', '39', '35', '31', '71', '06', '61', '54', '34', '15', '43', '98', '72', '53', '18', '68', '42', '52', '76', '28', '07', '86', '10', '13', '45', '12', '96', '25', '37', '32', '14', '03', '56', '60', '78', '46', '40', '33', '24', '73', '29', '11', '17', '26', '38', '92', '94', '63', '64', '67', '83', '19', '66', '20', '87'])
Function: 19.945229137926837, 11.611206229352948, 0.44149160385131836, 0.33910704598420605, 7.498099862499237, 0.024521684475955454, 0.03080271176316738
Real: 19.945229137926837, 11.611206229352948, 0.44149160385131836, 0.33910704598420605, 7.498099862499237, 0.024521684475955454, 0.03080271176316738
outputs_noduck_GCP_0.0_8.688_6.25.json
Num GCP Qs: 90; Num Redshift Qs: 6
PLAN TYPE IS: move
Moved Qs: $11.611206229352948; Stayed Qs: $0.44149160385131836; Migration Cost: $7.892531304722565
Movement Cost: $0.33910704598420605, Load Cost: $7.498099862499237, Storage Cost: $0.024521684475955454, API Cost: $0.03080271176316738
Final cost: $19.945229137926837, Baseline: $121.92205786705017, Diff: $101.97682872912333, %: 83.64100025306651%
