Data Starting In: gcp
Egress: $0.0/GB
Benchmark: tpcds
Data Path: parquet_1000/batch_rs8
BigQuery Cost: $6.25/TB; DuckDB Cost: $1.48/hr; Redshift Cost: $8.688/hr
Use Duck: False
Using calcite profiles: False
Excluded Table: income_band
Excluded Query: None

Starting analysis without using DuckDB
Redshift Total: $12.08718559963226, BigQuery Total: $119.74686980247498
01: $-0.053216558179855364
02: $-0.031875375076929724
03: $0.46225074385325116
04: $4.086595410804748
05: $1.3774780998261769
06: $0.3156157429854075
07: $1.340530101292928
08: $0.48762544854164125
09: $4.267598117723465
10: $0.31066071114857996
11: $1.7474326745287576
12: $0.10837940103848775
13: $1.6847769363244374
14: $15.371164026819866
15: $0.18220076550165812
16: $0.5690129777526856
17: $1.0109230725765228
18: $3.9880419502385456
19: $0.6867483040714264
20: $0.23164465132395426
21: $0.13040914547920227
22: $0.7010737974611918
23: $0.9690291706689198
24: $1.4329938850339254
25: $1.1922297933006287
26: $0.6698881686592102
27: $4.0225541106828056
28: $5.065755438566208
29: $1.0155870588302611
30: $-0.06070611572265626
31: $1.7965831590811412
32: $0.48596438729286195
33: $1.0948081830120087
34: $0.6039280316289266
35: $0.38853899744351705
36: $2.5501932117144266
37: $0.14639244778315225
38: $0.3879267294565837
39: $0.27702829706509907
40: $0.4028677000713348
41: $-0.03124770300547282
42: $0.4782423514938354
43: $0.49939987057685853
44: $0.933021643184026
45: $0.11165965701738993
46: $1.2257707875823975
47: $0.4219892735958099
48: $1.067886776456833
49: $1.7678878890864054
50: $0.6567250735632578
51: $0.5606309763081868
52: $0.49541739279111224
53: $0.6035668335342407
54: $0.7208397585646311
55: $0.49871100074450175
56: $1.0958423399066926
57: $0.2027771442572276
58: $0.8274850143432617
59: $0.4599690491803487
60: $1.1121361897977193
61: $1.6261143863296508
62: $0.09473403954188028
63: $0.6001995995076498
65: $0.5388176846758524
66: $0.7691510609022776
67: $5.390935244779587
68: $1.4640650397332509
69: $0.1580370307509104
70: $1.9079043164030711
71: $1.018561050154368
72: $0.2915280825424194
73: $0.6070841459401448
74: $0.8040276591714223
75: $2.740938346967697
76: $1.0589388700771332
77: $1.2807744638061522
78: $1.4438266993649802
79: $1.2055793523947398
80: $1.6337554561456045
81: $-0.055518914477030445
82: $0.23191760928789776
83: $0.018545273780822748
85: $0.3062816962369283
86: $0.3294791894944509
87: $0.32915039021492004
88: $2.910070013548533
89: $0.5879451856454213
90: $0.15635354908943175
91: $0.024519525286356605
92: $0.21465586846033732
93: $0.7695970211982727
94: $0.29105015072186785
95: $0.2871878468354543
96: $0.3593499286079407
97: $0.4526963858763377
98: $0.4373975418567657
99: $0.24868929240544635
!!!!!!: 107.89224886930468
Excluding table income_band and any queries that depend on it
Total Keys: 97, Keys Considered: 92
[0, 1, 2, 3, 4, 5, 6, 7, 8, 10, 11, 12, 13, 14, 15, 16, 17, 18, 19, 20, 21, 22, 23]
{'63': 166016, '24': 231472, '29': 231560, '11': 4325520, '31': 4325536, '28': 131072, '37': 3208, '38': 4325528, '97': 131208, '46': 164272, '83': 2164868, '71': 4589704, '27': 166080, '10': 4325624, '94': 14680224, '98': 133248, '70': 163968, '22': 527488, '47': 166016, '23': 4327576, '17': 231560, '04': 4325528, '33': 4327592, '75': 6490252, '45': 4196528, '14': 4327560, '21': 527488, '05': 14909582, '07': 137408, '15': 184, '91': 501, '96': 426240, '77': 7569548, '19': 166064, '61': 170160, '18': 2296, '72': 531916, '48': 164064, '93': 204800, '52': 133248, '87': 4325528, '78': 6488204, '51': 4325504, '25': 231560, '49': 6488204, '59': 163968, '57': 2185, '58': 4327560, '90': 5505280, '42': 133248, '66': 4997256, '56': 4327592, '54': 4360376, '85': 7348448, '95': 14680224, '09': 139264, '26': 6344, '03': 133248, '86': 4196480, '39': 527488, '60': 4327592, '06': 133296, '69': 4325624, '34': 164240, '62': 13123712, '32': 2184, '73': 164240, '92': 4196480, '13': 164320, '89': 166016, '79': 164240, '44': 133120, '43': 163968, '50': 229504, '55': 133248, '99': 540809, '82': 134272, '74': 4325520, '80': 14915726, '65': 166016, '67': 166016, '88': 426240, '36': 166016, '35': 4325624, '76': 4327560, '20': 2184, '53': 166016, '68': 164272, '12': 4196480, '08': 164016, '40': 526476, '16': 173}
call_center: 0.006691021844653457, 1.0383079178570627
catalog_page: 0.007001482635687541, 3.0042320733360937
catalog_returns: 0.18250878142403604, 11.3686257332066
catalog_sales: 2.103018407096982, 48.93095136057841
customer: 0.02852113046702134, 23.83566442457143
customer_address: 0.033745635038452196, 22.395252611316604
customer_demographics: 0.009095284956410503, 14.244148802107057
date_dim: 0.006898429967887532, 91.99061084238498
household_demographics: 0.006123466126676146, 10.526901926551904
inventory: 0.1514524608825913, 1.626896918736371
item: 0.012847094829620029, 62.81488824536192
promotion: 0.009100235583472456, 5.55271595938634
reason: 0.00548245722796591, 5.337994377930701
ship_mode: 0.005665830221148532, 1.1069085626284558
store: 0.007441963214189676, 41.82633822988896
store_returns: 0.3226586317354496, 16.018603501745257
store_sales: 3.2847062178756015, 93.36802658518938
time_dim: 0.007223130621247975, 5.2062624716813035
warehouse: 0.006188464019568931, 2.9092929514492827
web_page: 0.006228968869591853, 1.7371807402629205
web_returns: 0.10022725796471599, 11.047498664807371
web_sales: 1.2438654959803388, 45.50811626080856
web_site: 0.006924482649351733, 3.677281110421632
[]
0
call_center: 0.0066910214601152455, 1.0383079182416008
catalog_page: 0.007001425437590516, 3.004232130534191
catalog_returns: 0.18210487532929415, 11.36902963930134
household_demographics: 0.006123465047104418, 10.526901927631476
promotion: 0.009100233131602716, 5.55271596183821
ship_mode: 0.00566583016567218, 1.1069085626839321
store_returns: 0.3220231131092797, 16.01923902037143
time_dim: 0.007223093147913136, 5.206262509154638
web_page: 0.006228966552377479, 1.7371807425801349
web_returns: 0.10003121194649715, 11.04769471082559
web_site: 0.006924482243024937, 3.677281110827959
[]
0
{'28': 131072, '27': 166080, '22': 527488, '14': 4327560, '18': 2296, '09': 139264, '39': 527488, '67': 166016, '63': 0, '24': 65536, '29': 65536, '11': 0, '31': 0, '37': 0, '38': 0, '97': 0, '46': 256, '71': 262144, '10': 0, '94': 10485760, '98': 0, '70': 0, '47': 0, '23': 0, '17': 65536, '04': 0, '33': 0, '75': 2162692, '45': 0, '21': 0, '05': 10551302, '07': 4096, '15': 0, '96': 262400, '77': 3211268, '19': 0, '61': 4096, '72': 4356, '48': 0, '93': 65536, '52': 0, '87': 0, '78': 2162692, '51': 0, '25': 65536, '49': 2162692, '59': 0, '57': 1, '58': 0, '90': 1310976, '42': 0, '66': 278528, '56': 0, '54': 0, '85': 3145728, '95': 10485760, '26': 4096, '03': 0, '86': 0, '60': 0, '06': 0, '69': 0, '34': 256, '62': 8404992, '32': 0, '73': 256, '92': 0, '13': 256, '89': 0, '79': 256, '44': 0, '43': 0, '50': 65536, '55': 0, '99': 16385, '82': 0, '74': 0, '80': 10555398, '65': 0, '88': 262400, '36': 0, '35': 0, '76': 0, '20': 0, '53': 0, '68': 256, '12': 0, '08': 0, '40': 4, '16': 5}
{}
{'28': 131072, '27': 166080, '22': 527488, '14': 4327560, '18': 2296, '09': 139264, '39': 527488, '67': 166016, '63': 0, '24': 65536, '29': 65536, '11': 0, '31': 0, '37': 0, '38': 0, '97': 0, '46': 256, '71': 262144, '10': 0, '94': 10485760, '98': 0, '70': 0, '47': 0, '23': 0, '17': 65536, '04': 0, '33': 0, '75': 2162692, '45': 0, '21': 0, '05': 10551302, '07': 4096, '15': 0, '96': 262400, '77': 3211268, '19': 0, '61': 4096, '72': 4356, '48': 0, '93': 65536, '52': 0, '87': 0, '78': 2162692, '51': 0, '25': 65536, '49': 2162692, '59': 0, '57': 1, '58': 0, '90': 1310976, '42': 0, '66': 278528, '56': 0, '54': 0, '85': 3145728, '95': 10485760, '26': 4096, '03': 0, '86': 0, '60': 0, '06': 0, '69': 0, '34': 256, '62': 8404992, '32': 0, '73': 256, '92': 0, '13': 256, '89': 0, '79': 256, '44': 0, '43': 0, '50': 65536, '55': 0, '99': 16385, '82': 0, '74': 0, '80': 10555398, '65': 0, '88': 262400, '36': 0, '35': 0, '76': 0, '20': 0, '53': 0, '68': 256, '12': 0, '08': 0, '40': 4, '16': 5}
STARTING PHASE 2: 0b0
----
[]
Function: 19.74734437462702, 11.430372953052519, 0.42424798011779785, 0.33910711022404333, 7.498523432216644, 0.024290181461208527, 0.030802717554807662
{19.74734437462702: []}
Best Cost: $19.74734437462702;
[3, 4, 5, 6, 7, 10, 11, 13, 15, 17, 19, 22, 0, 1, 2, 8, 12, 14, 16, 18, 20, 21, 23]
{'63': 166016, '24': 231472, '29': 231560, '11': 4325520, '31': 4325536, '28': 131072, '37': 3208, '38': 4325528, '97': 131208, '46': 164272, '83': 2164868, '71': 4589704, '27': 166080, '10': 4325624, '94': 14680224, '98': 133248, '70': 163968, '22': 527488, '47': 166016, '23': 4327576, '17': 231560, '04': 4325528, '33': 4327592, '75': 6490252, '45': 4196528, '14': 4327560, '21': 527488, '05': 14909582, '07': 137408, '15': 184, '91': 501, '96': 426240, '77': 7569548, '19': 166064, '61': 170160, '18': 2296, '72': 531916, '48': 164064, '93': 204800, '52': 133248, '87': 4325528, '78': 6488204, '51': 4325504, '25': 231560, '49': 6488204, '59': 163968, '57': 2185, '58': 4327560, '90': 5505280, '42': 133248, '66': 4997256, '56': 4327592, '54': 4360376, '85': 7348448, '95': 14680224, '09': 139264, '26': 6344, '03': 133248, '86': 4196480, '39': 527488, '60': 4327592, '06': 133296, '69': 4325624, '34': 164240, '62': 13123712, '32': 2184, '73': 164240, '92': 4196480, '13': 164320, '89': 166016, '79': 164240, '44': 133120, '43': 163968, '50': 229504, '55': 133248, '99': 540809, '82': 134272, '74': 4325520, '80': 14915726, '65': 166016, '67': 166016, '88': 426240, '36': 166016, '35': 4325624, '76': 4327560, '20': 2184, '53': 166016, '68': 164272, '12': 4196480, '08': 164016, '40': 526476, '16': 173}
['01', '30', '41', '81', '02']
Excluding table income_band and any queries that depend on it
[3, 4, 5, 6, 7, 10, 11, 13, 15, 17, 19, 22, 0, 1, 2, 8, 12, 14, 16, 18, 20, 21, 23]
dict_keys(['63', '24', '29', '11', '31', '28', '37', '38', '97', '46', '83', '71', '27', '10', '94', '98', '70', '22', '47', '23', '17', '04', '33', '75', '45', '14', '21', '05', '07', '15', '91', '96', '77', '19', '61', '18', '72', '48', '93', '52', '87', '78', '51', '25', '49', '59', '57', '58', '90', '42', '66', '56', '54', '85', '95', '09', '26', '03', '86', '39', '60', '06', '69', '34', '62', '32', '73', '92', '13', '89', '79', '44', '43', '50', '55', '99', '82', '74', '80', '65', '67', '88', '36', '35', '76', '20', '53', '68', '12', '08', '40', '16'])
23
Optimal Subset: 0b111111111111110111111111
dict_keys(['63', '24', '29', '11', '31', '28', '37', '38', '97', '46', '83', '71', '27', '10', '94', '98', '70', '22', '47', '23', '17', '04', '33', '75', '45', '14', '21', '05', '07', '15', '91', '96', '77', '19', '61', '18', '72', '48', '93', '52', '87', '78', '51', '25', '49', '59', '57', '58', '90', '42', '66', '56', '54', '85', '95', '09', '26', '03', '86', '39', '60', '06', '69', '34', '62', '32', '73', '92', '13', '89', '79', '44', '43', '50', '55', '99', '82', '74', '80', '65', '67', '88', '36', '35', '76', '20', '53', '68', '12', '08', '40', '16'])
Function: 19.74734437462702, 11.430372953052519, 0.42424798011779785, 0.33910711022404333, 7.498523432216644, 0.024290181461208527, 0.030802717554807662
Real: 19.74734437462702, 11.430372953052519, 0.42424798011779785, 0.33910711022404333, 7.498523432216644, 0.024290181461208527, 0.030802717554807662
outputs_noduck_GCP_0.0_8.688_6.25.json
Num GCP Qs: 92; Num Redshift Qs: 5
PLAN TYPE IS: move
Moved Qs: $11.430372953052519; Stayed Qs: $0.42424798011779785; Migration Cost: $7.892723441456704
Movement Cost: $0.33910711022404333, Load Cost: $7.498523432216644, Storage Cost: $0.024290181461208527, API Cost: $0.030802717554807662
Final cost: $19.74734437462702, Baseline: $119.74686980247498, Diff: $99.99952542784796, %: 83.50909346757817%
