Data Starting In: gcp
Egress: $0.0/GB
Benchmark: tpcds
Data Path: parquet_1000/batch_rs8
BigQuery Cost: $6.25/TB; DuckDB Cost: $1.48/hr; Redshift Cost: $8.688/hr
Use Duck: False
Using calcite profiles: False
Excluded Table: warehouse
Excluded Query: None

Starting analysis without using DuckDB
Redshift Total: $11.863513011627202, BigQuery Total: $120.3279972076416
01: $-0.053216558179855364
02: $-0.031875375076929724
03: $0.46225074385325116
04: $4.086595410804748
05: $1.3774780998261769
06: $0.3156157429854075
07: $1.340530101292928
08: $0.48762544854164125
09: $4.267598117723465
10: $0.31066071114857996
11: $1.7474326745287576
12: $0.10837940103848775
13: $1.6847769363244374
14: $15.371164026819866
15: $0.18220076550165812
16: $0.5690129777526856
17: $1.0109230725765228
18: $3.9880419502385456
19: $0.6867483040714264
20: $0.23164465132395426
23: $0.9690291706689198
24: $1.4329938850339254
25: $1.1922297933006287
26: $0.6698881686592102
27: $4.0225541106828056
28: $5.065755438566208
29: $1.0155870588302611
30: $-0.06070611572265626
31: $1.7965831590811412
32: $0.48596438729286195
33: $1.0948081830120087
34: $0.6039280316289266
35: $0.38853899744351705
36: $2.5501932117144266
37: $0.14639244778315225
38: $0.3879267294565837
41: $-0.03124770300547282
42: $0.4782423514938354
43: $0.49939987057685853
44: $0.933021643184026
45: $0.11165965701738993
46: $1.2257707875823975
47: $0.4219892735958099
48: $1.067886776456833
49: $1.7678878890864054
50: $0.6567250735632578
51: $0.5606309763081868
52: $0.49541739279111224
53: $0.6035668335342407
54: $0.7208397585646311
55: $0.49871100074450175
56: $1.0958423399066926
57: $0.2027771442572276
58: $0.8274850143432617
59: $0.4599690491803487
60: $1.1121361897977193
61: $1.6261143863296508
63: $0.6001995995076498
64: $3.720520873673757
65: $0.5388176846758524
67: $5.390935244779587
68: $1.4640650397332509
69: $0.1580370307509104
70: $1.9079043164030711
71: $1.018561050154368
73: $0.6070841459401448
74: $0.8040276591714223
75: $2.740938346967697
76: $1.0589388700771332
77: $1.2807744638061522
78: $1.4438266993649802
79: $1.2055793523947398
80: $1.6337554561456045
81: $-0.055518914477030445
82: $0.23191760928789776
83: $0.018545273780822748
84: $-0.0002394650332132979
85: $0.3062816962369283
86: $0.3294791894944509
87: $0.32915039021492004
88: $2.910070013548533
89: $0.5879451856454213
90: $0.15635354908943175
91: $0.024519525286356605
92: $0.21465586846033732
93: $0.7695970211982727
94: $0.29105015072186785
95: $0.2871878468354543
96: $0.3593499286079407
97: $0.4526963858763377
98: $0.4373975418567657
!!!!!!: 108.69728832750953
Excluding table warehouse and any queries that depend on it
Total Keys: 91, Keys Considered: 85
[0, 1, 2, 3, 4, 5, 6, 7, 8, 9, 10, 11, 12, 13, 14, 15, 16, 17, 18, 20, 21, 22, 23]
{'87': 4325528, '56': 4327592, '45': 4196528, '16': 173, '77': 7569548, '88': 426240, '71': 4589704, '75': 6490252, '04': 4325528, '11': 4325520, '46': 164272, '79': 164240, '26': 6344, '80': 14915726, '47': 166016, '03': 133248, '31': 4325536, '61': 170160, '67': 166016, '86': 4196480, '33': 4327592, '38': 4325528, '28': 131072, '52': 133248, '24': 231472, '23': 4327576, '93': 204800, '10': 4325624, '96': 426240, '82': 134272, '34': 164240, '68': 164272, '85': 7348448, '57': 2185, '92': 4196480, '09': 139264, '05': 14909582, '91': 501, '37': 3208, '97': 131208, '13': 164320, '60': 4327592, '36': 166016, '20': 2184, '53': 166016, '29': 231560, '78': 6488204, '15': 184, '74': 4325520, '58': 4327560, '90': 5505280, '43': 163968, '49': 6488204, '83': 2164868, '89': 166016, '42': 133248, '98': 133248, '27': 166080, '63': 166016, '50': 229504, '70': 163968, '14': 4327560, '59': 163968, '35': 4325624, '18': 2296, '08': 164016, '07': 137408, '55': 133248, '12': 4196480, '94': 14680224, '48': 164064, '54': 4360376, '95': 14680224, '32': 2184, '76': 4327560, '19': 166064, '25': 231560, '73': 164240, '69': 4325624, '17': 231560, '51': 4325504, '65': 166016, '44': 133120, '06': 133296, '64': 236540}
call_center: 0.006691021834820066, 0.7896186254614497
catalog_page: 0.007001481173020833, 3.0042320747987605
catalog_returns: 0.1824984527587771, 14.394761152931862
catalog_sales: 2.1029219925996085, 50.93933251282806
customer: 0.028520467968337227, 27.556185960743875
customer_address: 0.03374549526515673, 26.11577362476366
customer_demographics: 0.00909527702402937, 17.673141601170776
date_dim: 0.00689842842582684, 92.79565030213192
household_demographics: 0.006123466099069395, 13.955894717710844
income_band: 0.005805388758517101, 3.71471548491524
inventory: 0.1514479561464602, 0.22686210092458983
item: 0.012847068021421233, 64.73250212322462
promotion: 0.009100235520773374, 8.981708750580378
reason: 0.005482457226527693, 5.337994377932139
ship_mode: 0.005665830219729893, -0.005665830219729893
ship_mode had no query dependencies
store: 0.0074419631311312155, 45.54685910364577
store_returns: 0.32264238028680603, 19.73914062686766
store_sales: 3.284578500320272, 97.08867517641843
time_dim: 0.007223129662981841, 4.437111411737292
web_page: 0.006228968810336169, 1.7371807403221762
web_returns: 0.1002222446863231, 11.047503678085764
web_sales: 1.2438166169377685, 44.644280039406965
web_site: 0.006924482638961166, 3.582547070890142
['ship_mode']
1
call_center: 0.006691021456716552, 0.7896186258395532
catalog_page: 0.0070014249320521785, 3.0042321310397293
catalog_returns: 0.18210130545500905, 14.39515830023563
household_demographics: 0.0061234650375627565, 13.95589471877235
income_band: 0.0058053887377832025, 3.7147154849359736
inventory: 0.1512747446265022, 0.22703531244454783
promotion: 0.009100233109932167, 8.981708752991219
store_returns: 0.3220174961561542, 19.73976551099831
time_dim: 0.0072230928167096795, 4.437111448583564
web_page: 0.006228966531897064, 1.7371807426006152
web_returns: 0.10002947921790444, 11.047696443554184
web_site: 0.006924482239433668, 3.582547071289669
[]
0
{'67': 166016, '28': 131072, '09': 139264, '27': 166080, '14': 4327560, '18': 2296, '87': 0, '56': 0, '45': 0, '16': 5, '77': 3211268, '88': 262400, '71': 262144, '75': 2162692, '04': 0, '11': 0, '46': 256, '79': 256, '26': 4096, '80': 10555398, '47': 0, '03': 0, '31': 0, '61': 4096, '86': 0, '33': 0, '38': 0, '52': 0, '24': 65536, '23': 0, '93': 65536, '10': 0, '96': 262400, '82': 1024, '34': 256, '68': 256, '85': 3145728, '57': 1, '92': 0, '05': 10551302, '97': 0, '13': 256, '60': 0, '36': 0, '20': 0, '53': 0, '29': 65536, '78': 2162692, '15': 0, '74': 0, '58': 0, '90': 1310976, '43': 0, '49': 2162692, '89': 0, '42': 0, '98': 0, '63': 0, '50': 65536, '70': 0, '59': 0, '35': 0, '08': 0, '07': 4096, '55': 0, '12': 0, '94': 10485760, '48': 0, '54': 0, '95': 10485760, '32': 0, '76': 0, '19': 0, '25': 65536, '73': 256, '69': 0, '17': 65536, '51': 0, '65': 0, '44': 0, '06': 0, '64': 70404}
{}
{'67': 166016, '28': 131072, '09': 139264, '27': 166080, '14': 4327560, '18': 2296, '87': 0, '56': 0, '45': 0, '16': 5, '77': 3211268, '88': 262400, '71': 262144, '75': 2162692, '04': 0, '11': 0, '46': 256, '79': 256, '26': 4096, '80': 10555398, '47': 0, '03': 0, '31': 0, '61': 4096, '86': 0, '33': 0, '38': 0, '52': 0, '24': 65536, '23': 0, '93': 65536, '10': 0, '96': 262400, '82': 1024, '34': 256, '68': 256, '85': 3145728, '57': 1, '92': 0, '05': 10551302, '97': 0, '13': 256, '60': 0, '36': 0, '20': 0, '53': 0, '29': 65536, '78': 2162692, '15': 0, '74': 0, '58': 0, '90': 1310976, '43': 0, '49': 2162692, '89': 0, '42': 0, '98': 0, '63': 0, '50': 65536, '70': 0, '59': 0, '35': 0, '08': 0, '07': 4096, '55': 0, '12': 0, '94': 10485760, '48': 0, '54': 0, '95': 10485760, '32': 0, '76': 0, '19': 0, '25': 65536, '73': 256, '69': 0, '17': 65536, '51': 0, '65': 0, '44': 0, '06': 0, '64': 70404}
STARTING PHASE 2: 0b0
----
[]
Function: 19.517066203518738, 11.189217276280727, 0.44149160385131836, 0.33910710583642745, 7.492484527444838, 0.023972972946191405, 0.03079271715923548
{19.517066203518738: []}
Best Cost: $19.517066203518738;
[3, 4, 5, 6, 7, 11, 13, 15, 17, 22, 0, 1, 2, 8, 9, 10, 12, 16, 18, 20, 21, 23]
{'87': 4325528, '56': 4327592, '45': 4196528, '16': 173, '77': 7569548, '88': 426240, '71': 4589704, '75': 6490252, '04': 4325528, '11': 4325520, '46': 164272, '79': 164240, '26': 6344, '80': 14915726, '47': 166016, '03': 133248, '31': 4325536, '61': 170160, '67': 166016, '86': 4196480, '33': 4327592, '38': 4325528, '28': 131072, '52': 133248, '24': 231472, '23': 4327576, '93': 204800, '10': 4325624, '96': 426240, '82': 134272, '34': 164240, '68': 164272, '85': 7348448, '57': 2185, '92': 4196480, '09': 139264, '05': 14909582, '91': 501, '37': 3208, '97': 131208, '13': 164320, '60': 4327592, '36': 166016, '20': 2184, '53': 166016, '29': 231560, '78': 6488204, '15': 184, '74': 4325520, '58': 4327560, '90': 5505280, '43': 163968, '49': 6488204, '83': 2164868, '89': 166016, '42': 133248, '98': 133248, '27': 166080, '63': 166016, '50': 229504, '70': 163968, '14': 4327560, '59': 163968, '35': 4325624, '18': 2296, '08': 164016, '07': 137408, '55': 133248, '12': 4196480, '94': 14680224, '48': 164064, '54': 4360376, '95': 14680224, '32': 2184, '76': 4327560, '19': 166064, '25': 231560, '73': 164240, '69': 4325624, '17': 231560, '51': 4325504, '65': 166016, '44': 133120, '06': 133296, '64': 236540}
['41', '30', '81', '01', '84', '02']
Excluding table warehouse and any queries that depend on it
[3, 4, 5, 6, 7, 11, 13, 15, 17, 22, 0, 1, 2, 8, 9, 10, 12, 16, 18, 20, 21, 23]
dict_keys(['87', '56', '45', '16', '77', '88', '71', '75', '04', '11', '46', '79', '26', '80', '47', '03', '31', '61', '67', '86', '33', '38', '28', '52', '24', '23', '93', '10', '96', '82', '34', '68', '85', '57', '92', '09', '05', '91', '37', '97', '13', '60', '36', '20', '53', '29', '78', '15', '74', '58', '90', '43', '49', '83', '89', '42', '98', '27', '63', '50', '70', '14', '59', '35', '18', '08', '07', '55', '12', '94', '48', '54', '95', '32', '76', '19', '25', '73', '69', '17', '51', '65', '44', '06', '64'])
22
Optimal Subset: 0b111101111011111111111111
dict_keys(['87', '56', '45', '16', '77', '88', '71', '75', '04', '11', '46', '79', '26', '80', '47', '03', '31', '61', '67', '86', '33', '38', '28', '52', '24', '23', '93', '10', '96', '82', '34', '68', '85', '57', '92', '09', '05', '91', '37', '97', '13', '60', '36', '20', '53', '29', '78', '15', '74', '58', '90', '43', '49', '83', '89', '42', '98', '27', '63', '50', '70', '14', '59', '35', '18', '08', '07', '55', '12', '94', '48', '54', '95', '32', '76', '19', '25', '73', '69', '17', '51', '65', '44', '06', '64'])
Function: 19.517066203518738, 11.189217276280727, 0.44149160385131836, 0.33910710583642745, 7.492484527444838, 0.023972972946191405, 0.03079271715923548
Real: 19.517066203518738, 11.189217276280727, 0.44149160385131836, 0.33910710583642745, 7.492484527444838, 0.023972972946191405, 0.03079271715923548
outputs_noduck_GCP_0.0_8.688_6.25.json
Num GCP Qs: 85; Num Redshift Qs: 6
PLAN TYPE IS: move
Moved Qs: $11.189217276280727; Stayed Qs: $0.44149160385131836; Migration Cost: $7.886357323386692
Movement Cost: $0.33910710583642745, Load Cost: $7.492484527444838, Storage Cost: $0.023972972946191405, API Cost: $0.03079271715923548
Final cost: $19.517066203518738, Baseline: $120.3279972076416, Diff: $100.81093100412286, %: 83.7801121464363%
