Data Starting In: gcp
Egress: $0.0/GB
Benchmark: tpcds
Data Path: parquet_1000/batch_rs8
BigQuery Cost: $6.25/TB; DuckDB Cost: $1.48/hr; Redshift Cost: $8.688/hr
Use Duck: False
Using calcite profiles: False
Excluded Table: item
Excluded Query: None

Starting analysis without using DuckDB
Redshift Total: $5.44140209699313, BigQuery Total: $50.30435919761658
01: $-0.053216558179855364
02: $-0.031875375076929724
04: $4.086595410804748
05: $1.3774780998261769
08: $0.48762544854164125
09: $4.267598117723465
10: $0.31066071114857996
11: $1.7474326745287576
13: $1.6847769363244374
15: $0.18220076550165812
16: $0.5690129777526856
28: $5.065755438566208
30: $-0.06070611572265626
31: $1.7965831590811412
34: $0.6039280316289266
35: $0.38853899744351705
38: $0.3879267294565837
43: $0.49939987057685853
46: $1.2257707875823975
48: $1.067886776456833
49: $1.7678878890864054
50: $0.6567250735632578
51: $0.5606309763081868
59: $0.4599690491803487
62: $0.09473403954188028
66: $0.7691510609022776
68: $1.4640650397332509
69: $0.1580370307509104
70: $1.9079043164030711
73: $0.6070841459401448
74: $0.8040276591714223
77: $1.2807744638061522
78: $1.4438266993649802
79: $1.2055793523947398
81: $-0.055518914477030445
84: $-0.0002394650332132979
85: $0.3062816962369283
87: $0.32915039021492004
88: $2.910070013548533
90: $0.15635354908943175
91: $0.024519525286356605
93: $0.7695970211982727
94: $0.29105015072186785
95: $0.2871878468354543
96: $0.3593499286079407
97: $0.4526963858763377
99: $0.24868929240544635
!!!!!!: 45.06451352911313
Excluding table item and any queries that depend on it
Total Keys: 47, Keys Considered: 42
[0, 1, 2, 3, 4, 5, 6, 7, 8, 9, 10, 12, 13, 14, 15, 16, 17, 18, 19, 20, 21, 22, 23]
{'68': 164272, '15': 184, '90': 5505280, '09': 139264, '93': 204800, '59': 163968, '87': 4325528, '38': 4325528, '78': 6488204, '88': 426240, '95': 14680224, '97': 131208, '99': 540809, '05': 14909582, '16': 173, '35': 4325624, '73': 164240, '11': 4325520, '50': 229504, '31': 4325536, '77': 7569548, '34': 164240, '96': 426240, '10': 4325624, '13': 164320, '62': 13123712, '74': 4325520, '46': 164272, '04': 4325528, '66': 4997256, '85': 7348448, '08': 164016, '51': 4325504, '91': 501, '43': 163968, '28': 131072, '69': 4325624, '94': 14680224, '48': 164064, '49': 6488204, '79': 164240, '70': 163968}
call_center: 0.006691021574373989, 0.8355307738701145
catalog_page: 0.007001442432995672, 1.3704766573931813
catalog_returns: 0.18222488889761634, 6.281274766225141
catalog_sales: 2.10036836911467, 11.65225853522671
customer: 0.02850292110303601, 13.984639779025517
customer_address: 0.03374179324544417, 10.210456056152214
customer_demographics: 0.009095066927878804, 3.9316066067196846
date_dim: 0.0068983875829815725, 31.52889107279631
household_demographics: 0.006123465367880106, 10.23537384476828
income_band: 0.005805388744235133, -0.005805388744235133
income_band had no query dependencies
inventory: 0.15132864421421827, -0.15132864421421827
inventory had no query dependencies
promotion: 0.00910023386013254, -0.00910023386013254
promotion had no query dependencies
reason: 0.005482457188435239, 5.33799437797023
ship_mode: 0.005665830182155999, 1.1069085626674484
store: 0.007441960931254217, 17.790945373183458
store_returns: 0.3222119462540497, 6.974077300591196
store_sales: 3.281195787578794, 38.85413683726035
time_dim: 0.007223104282453291, 4.18770144786573
warehouse: 0.006188463933511805, 1.1063859289160924
web_page: 0.006228967240896838, 1.7371807418916154
web_returns: 0.10008946356118703, 6.654397382316778
web_sales: 1.2425220121383957, 17.10178722218193
web_site: 0.006924482363757775, 2.043525654561621
['income_band', 'inventory', 'promotion']
3
call_center: 0.006691021422504458, 0.8355307740219841
catalog_page: 0.007001419843177806, 1.370476679982999
catalog_returns: 0.18206537021447916, 6.281434284908278
catalog_sales: 2.0988793176960465, 11.653747586645334
customer: 0.028492689295244737, 13.984650010833308
customer_address: 0.03373963454909082, 10.210458214848567
customer_demographics: 0.009094944418051927, 3.9316067292295114
date_dim: 0.006898363766981663, 31.52889109661231
household_demographics: 0.006123464941514021, 10.235373845194646
ship_mode: 0.005665830160246167, 1.1069085626893582
store: 0.007441959648477024, 17.790945374466233
store_returns: 0.3219609545119702, 6.974328292333275
time_dim: 0.007223089482733494, 4.18770146266545
warehouse: 0.006188463885156466, 1.106385928964448
web_page: 0.006228966325736136, 1.737180742806776
web_returns: 0.1000120371418592, 6.654474808736106
web_sales: 1.2417671110637336, 17.10254212325659
web_site: 0.00692448220328306, 2.043525654722096
[]
0
call_center: 0.006691021216298989, 0.8355307742281896
catalog_page: 0.0070013891711664215, 1.3704767106550104
catalog_returns: 0.18184877887699114, 6.281650876245767
ship_mode: 0.005665830130497427, 1.1069085627191069
warehouse: 0.006188463819500535, 1.106385929030104
web_page: 0.006228965083148893, 1.7371807440493634
web_returns: 0.09990690906915123, 6.654579936808814
web_site: 0.0069244819853936405, 2.0435256549399856
[]
0
{'09': 139264, '28': 131072, '68': 33200, '93': 65536, '59': 32896, '88': 295168, '73': 33168, '11': 4194448, '50': 98432, '31': 4194464, '34': 33168, '96': 295168, '13': 33248, '46': 33200, '04': 4194456, '08': 32944, '43': 32896, '48': 32992, '79': 33168, '70': 32896, '15': 0, '90': 1048576, '87': 0, '38': 0, '78': 2097156, '95': 10485760, '97': 0, '99': 540673, '05': 10485766, '16': 5, '35': 0, '77': 3145732, '10': 0, '62': 8929280, '74': 0, '66': 540672, '85': 3145728, '51': 0, '69': 0, '94': 10485760, '49': 2097156}
{}
{'09': 139264, '28': 131072, '68': 33200, '93': 65536, '59': 32896, '88': 295168, '73': 33168, '11': 4194448, '50': 98432, '31': 4194464, '34': 33168, '96': 295168, '13': 33248, '46': 33200, '04': 4194456, '08': 32944, '43': 32896, '48': 32992, '79': 33168, '70': 32896, '15': 0, '90': 1048576, '87': 0, '38': 0, '78': 2097156, '95': 10485760, '97': 0, '99': 540673, '05': 10485766, '16': 5, '35': 0, '77': 3145732, '10': 0, '62': 8929280, '74': 0, '66': 540672, '85': 3145728, '51': 0, '69': 0, '94': 10485760, '49': 2097156}
STARTING PHASE 2: 0b0
----
[]
Function: 12.945607412136027, 4.798503076264064, 0.4413425922393799, 0.3341492205865991, 7.325955759751001, 0.015331031825053881, 0.03032573146992921
{12.945607412136027: []}
Best Cost: $12.945607412136027;
[17, 13, 3, 4, 5, 6, 7, 8, 15, 16, 18, 22, 0, 1, 2, 14, 19, 20, 21, 23]
{'68': 164272, '15': 184, '90': 5505280, '09': 139264, '93': 204800, '59': 163968, '87': 4325528, '38': 4325528, '78': 6488204, '88': 426240, '95': 14680224, '97': 131208, '99': 540809, '05': 14909582, '16': 173, '35': 4325624, '73': 164240, '11': 4325520, '50': 229504, '31': 4325536, '77': 7569548, '34': 164240, '96': 426240, '10': 4325624, '13': 164320, '62': 13123712, '74': 4325520, '46': 164272, '04': 4325528, '66': 4997256, '85': 7348448, '08': 164016, '51': 4325504, '91': 501, '43': 163968, '28': 131072, '69': 4325624, '94': 14680224, '48': 164064, '49': 6488204, '79': 164240, '70': 163968}
['01', '02', '84', '81', '30']
Excluding table item and any queries that depend on it
[17, 13, 3, 4, 5, 6, 7, 8, 15, 16, 18, 22, 0, 1, 2, 14, 19, 20, 21, 23]
dict_keys(['68', '15', '90', '09', '93', '59', '87', '38', '78', '88', '95', '97', '99', '05', '16', '35', '73', '11', '50', '31', '77', '34', '96', '10', '13', '62', '74', '46', '04', '66', '85', '08', '51', '91', '43', '28', '69', '94', '48', '49', '79', '70'])
20
Optimal Subset: 0b111111111110000111111111
dict_keys(['68', '15', '90', '09', '93', '59', '87', '38', '78', '88', '95', '97', '99', '05', '16', '35', '73', '11', '50', '31', '77', '34', '96', '10', '13', '62', '74', '46', '04', '66', '85', '08', '51', '91', '43', '28', '69', '94', '48', '49', '79', '70'])
Function: 12.945607412136027, 4.798503076264064, 0.4413425922393799, 0.3341492205865991, 7.325955759751001, 0.015331031825053881, 0.03032573146992921
Real: 12.945607412136027, 4.798503076264064, 0.4413425922393799, 0.3341492205865991, 7.325955759751001, 0.015331031825053881, 0.03032573146992921
outputs_noduck_GCP_0.0_8.688_6.25.json
Num GCP Qs: 42; Num Redshift Qs: 5
PLAN TYPE IS: move
Moved Qs: $4.798503076264064; Stayed Qs: $0.4413425922393799; Migration Cost: $7.705761743632583
Movement Cost: $0.3341492205865991, Load Cost: $7.325955759751001, Storage Cost: $0.015331031825053881, API Cost: $0.03032573146992921
Final cost: $12.945607412136027, Baseline: $50.30435919761658, Diff: $37.35875178548055, %: 74.26543619951451%
