Data Starting In: gcp
Egress: $0.0/GB
Benchmark: tpcds
Data Path: parquet_1000/batch_rs8
BigQuery Cost: $6.25/TB; DuckDB Cost: $1.48/hr; Redshift Cost: $8.688/hr
Use Duck: False
Using calcite profiles: False
Excluded Table: reason
Excluded Query: None

Starting analysis without using DuckDB
Redshift Total: $12.362439865948357, BigQuery Total: $118.39892864227295
01: $-0.053216558179855364
02: $-0.031875375076929724
03: $0.46225074385325116
04: $4.086595410804748
05: $1.3774780998261769
06: $0.3156157429854075
07: $1.340530101292928
08: $0.48762544854164125
10: $0.31066071114857996
11: $1.7474326745287576
12: $0.10837940103848775
13: $1.6847769363244374
14: $15.371164026819866
15: $0.18220076550165812
16: $0.5690129777526856
17: $1.0109230725765228
18: $3.9880419502385456
19: $0.6867483040714264
20: $0.23164465132395426
21: $0.13040914547920227
22: $0.7010737974611918
23: $0.9690291706689198
24: $1.4329938850339254
25: $1.1922297933006287
26: $0.6698881686592102
27: $4.0225541106828056
28: $5.065755438566208
29: $1.0155870588302611
30: $-0.06070611572265626
31: $1.7965831590811412
32: $0.48596438729286195
33: $1.0948081830120087
34: $0.6039280316289266
35: $0.38853899744351705
36: $2.5501932117144266
37: $0.14639244778315225
38: $0.3879267294565837
39: $0.27702829706509907
40: $0.4028677000713348
41: $-0.03124770300547282
42: $0.4782423514938354
43: $0.49939987057685853
44: $0.933021643184026
45: $0.11165965701738993
46: $1.2257707875823975
47: $0.4219892735958099
48: $1.067886776456833
49: $1.7678878890864054
50: $0.6567250735632578
51: $0.5606309763081868
52: $0.49541739279111224
53: $0.6035668335342407
54: $0.7208397585646311
55: $0.49871100074450175
56: $1.0958423399066926
57: $0.2027771442572276
58: $0.8274850143432617
59: $0.4599690491803487
60: $1.1121361897977193
61: $1.6261143863296508
62: $0.09473403954188028
63: $0.6001995995076498
64: $3.720520873673757
65: $0.5388176846758524
66: $0.7691510609022776
67: $5.390935244779587
68: $1.4640650397332509
69: $0.1580370307509104
70: $1.9079043164030711
71: $1.018561050154368
72: $0.2915280825424194
73: $0.6070841459401448
74: $0.8040276591714223
75: $2.740938346967697
76: $1.0589388700771332
77: $1.2807744638061522
78: $1.4438266993649802
79: $1.2055793523947398
80: $1.6337554561456045
81: $-0.055518914477030445
82: $0.23191760928789776
83: $0.018545273780822748
84: $-0.0002394650332132979
86: $0.3294791894944509
87: $0.32915039021492004
88: $2.910070013548533
89: $0.5879451856454213
90: $0.15635354908943175
91: $0.024519525286356605
92: $0.21465586846033732
94: $0.29105015072186785
95: $0.2871878468354543
96: $0.3593499286079407
97: $0.4526963858763377
98: $0.4373975418567657
99: $0.24868929240544635
!!!!!!: 106.2692929078198
Excluding table reason and any queries that depend on it
Total Keys: 96, Keys Considered: 90
[0, 1, 2, 3, 4, 5, 6, 7, 8, 9, 10, 11, 12, 14, 15, 16, 17, 18, 19, 20, 21, 22, 23]
{'43': 163968, '20': 2184, '04': 4325528, '66': 4997256, '21': 527488, '67': 166016, '22': 527488, '83': 2164868, '05': 14909582, '32': 2184, '50': 229504, '63': 166016, '23': 4327576, '68': 164272, '12': 4196480, '28': 131072, '57': 2185, '73': 164240, '48': 164064, '87': 4325528, '40': 526476, '15': 184, '56': 4327592, '88': 426240, '39': 527488, '78': 6488204, '86': 4196480, '77': 7569548, '07': 137408, '29': 231560, '44': 133120, '31': 4325536, '42': 133248, '06': 133296, '90': 5505280, '26': 6344, '99': 540809, '38': 4325528, '11': 4325520, '98': 133248, '52': 133248, '69': 4325624, '65': 166016, '27': 166080, '70': 163968, '95': 14680224, '61': 170160, '37': 3208, '46': 164272, '97': 131208, '45': 4196528, '59': 163968, '25': 231560, '47': 166016, '75': 6490252, '62': 13123712, '96': 426240, '18': 2296, '91': 501, '60': 4327592, '53': 166016, '49': 6488204, '08': 164016, '92': 4196480, '58': 4327560, '17': 231560, '80': 14915726, '10': 4325624, '64': 236540, '71': 4589704, '72': 531916, '79': 164240, '51': 4325504, '54': 4360376, '14': 4327560, '89': 166016, '94': 14680224, '74': 4325520, '35': 4325624, '24': 231472, '16': 173, '36': 166016, '19': 166064, '55': 133248, '34': 164240, '13': 164320, '03': 133248, '33': 4327592, '76': 4327560, '82': 134272}
call_center: 0.00669102185516084, 1.0383079178465553
catalog_page: 0.00700148419860719, 3.004232071773174
catalog_returns: 0.18251981802848263, 15.089135570275907
catalog_sales: 2.1031214299604155, 52.65136921138875
customer: 0.02852183837416516, 27.55618459033804
customer_address: 0.03374578439197808, 25.809491639399905
customer_demographics: 0.009095293432486619, 17.65838797106781
date_dim: 0.006898431615642925, 95.40485001817409
household_demographics: 0.006123466156175097, 14.24742280019616
income_band: 0.00580538875963252, 3.7147154849141244
inventory: 0.15145727437877576, 1.6268921052401866
item: 0.012847123475285136, 66.53540909039
promotion: 0.00910023565046901, 9.273236832993101
ship_mode: 0.005665830222664405, 1.10690856262694
store: 0.007441963302941063, 45.54685910347398
store_returns: 0.3226759970780052, 18.96950998887819
store_sales: 3.284842689346379, 92.05121584847065
time_dim: 0.007223131645194826, 5.206262470657356
warehouse: 0.0061884640229144874, 2.9092929514459374
web_page: 0.006228968932908992, 1.430899043962675
web_returns: 0.10023261485926296, 10.741211611675899
web_sales: 1.243917725251503, 45.20178233530045
web_site: 0.006924482660454483, 3.677281110410529
[]
0
call_center: 0.006691021475322443, 1.0383079182263937
catalog_page: 0.00700142769958361, 3.0042321282721978
catalog_returns: 0.18212084846204438, 15.089534539842345
household_demographics: 0.0061234650897978625, 14.247422801262537
income_band: 0.005805388738803486, 3.7147154849349535
promotion: 0.009100233228565948, 9.273236835415004
ship_mode: 0.005665830167866083, 1.1069085626817383
store_returns: 0.3220482457416247, 18.97013774021457
time_dim: 0.007223094629857973, 5.206262507672693
web_page: 0.006228966644015543, 1.4308990462515683
web_returns: 0.10003896490966095, 10.7414052616255
web_site: 0.006924482259093801, 3.6772811108118897
[]
0
{'67': 166016, '22': 527488, '28': 131072, '39': 527488, '27': 166080, '18': 2296, '14': 4327560, '43': 0, '20': 0, '04': 0, '66': 278528, '21': 0, '05': 10551302, '32': 0, '50': 65536, '63': 0, '23': 0, '68': 256, '12': 0, '57': 1, '73': 256, '48': 0, '87': 0, '40': 4, '15': 0, '56': 0, '88': 262400, '78': 2162692, '86': 0, '77': 3211268, '07': 4096, '29': 65536, '44': 0, '31': 0, '42': 0, '06': 0, '90': 1310976, '26': 4096, '99': 16385, '38': 0, '11': 0, '98': 0, '52': 0, '69': 0, '65': 0, '70': 0, '95': 10485760, '61': 4096, '37': 0, '46': 256, '97': 0, '45': 0, '59': 0, '25': 65536, '47': 0, '75': 2162692, '62': 8404992, '96': 262400, '60': 0, '53': 0, '49': 2162692, '08': 0, '92': 0, '58': 0, '17': 65536, '80': 10555398, '10': 0, '64': 70404, '71': 262144, '72': 4356, '79': 256, '51': 0, '54': 0, '89': 0, '94': 10485760, '74': 0, '35': 0, '24': 65536, '16': 5, '36': 0, '19': 0, '55': 0, '34': 256, '13': 256, '03': 0, '33': 0, '76': 0, '82': 0}
{}
{'67': 166016, '22': 527488, '28': 131072, '39': 527488, '27': 166080, '18': 2296, '14': 4327560, '43': 0, '20': 0, '04': 0, '66': 278528, '21': 0, '05': 10551302, '32': 0, '50': 65536, '63': 0, '23': 0, '68': 256, '12': 0, '57': 1, '73': 256, '48': 0, '87': 0, '40': 4, '15': 0, '56': 0, '88': 262400, '78': 2162692, '86': 0, '77': 3211268, '07': 4096, '29': 65536, '44': 0, '31': 0, '42': 0, '06': 0, '90': 1310976, '26': 4096, '99': 16385, '38': 0, '11': 0, '98': 0, '52': 0, '69': 0, '65': 0, '70': 0, '95': 10485760, '61': 4096, '37': 0, '46': 256, '97': 0, '45': 0, '59': 0, '25': 65536, '47': 0, '75': 2162692, '62': 8404992, '96': 262400, '60': 0, '53': 0, '49': 2162692, '08': 0, '92': 0, '58': 0, '17': 65536, '80': 10555398, '10': 0, '64': 70404, '71': 262144, '72': 4356, '79': 256, '51': 0, '54': 0, '89': 0, '94': 10485760, '74': 0, '35': 0, '24': 65536, '16': 5, '36': 0, '19': 0, '55': 0, '34': 256, '13': 256, '03': 0, '33': 0, '76': 0, '82': 0}
STARTING PHASE 2: 0b0
----
[]
Function: 20.02301330129319, 11.688144130601883, 0.44149160385131836, 0.3391071092404891, 7.498846363906859, 0.02462137622651026, 0.030802717466133826
{20.02301330129319: []}
Best Cost: $20.02301330129319;
[3, 4, 5, 6, 7, 10, 11, 15, 17, 19, 22, 0, 1, 2, 8, 9, 12, 14, 16, 18, 20, 21, 23]
{'43': 163968, '20': 2184, '04': 4325528, '66': 4997256, '21': 527488, '67': 166016, '22': 527488, '83': 2164868, '05': 14909582, '32': 2184, '50': 229504, '63': 166016, '23': 4327576, '68': 164272, '12': 4196480, '28': 131072, '57': 2185, '73': 164240, '48': 164064, '87': 4325528, '40': 526476, '15': 184, '56': 4327592, '88': 426240, '39': 527488, '78': 6488204, '86': 4196480, '77': 7569548, '07': 137408, '29': 231560, '44': 133120, '31': 4325536, '42': 133248, '06': 133296, '90': 5505280, '26': 6344, '99': 540809, '38': 4325528, '11': 4325520, '98': 133248, '52': 133248, '69': 4325624, '65': 166016, '27': 166080, '70': 163968, '95': 14680224, '61': 170160, '37': 3208, '46': 164272, '97': 131208, '45': 4196528, '59': 163968, '25': 231560, '47': 166016, '75': 6490252, '62': 13123712, '96': 426240, '18': 2296, '91': 501, '60': 4327592, '53': 166016, '49': 6488204, '08': 164016, '92': 4196480, '58': 4327560, '17': 231560, '80': 14915726, '10': 4325624, '64': 236540, '71': 4589704, '72': 531916, '79': 164240, '51': 4325504, '54': 4360376, '14': 4327560, '89': 166016, '94': 14680224, '74': 4325520, '35': 4325624, '24': 231472, '16': 173, '36': 166016, '19': 166064, '55': 133248, '34': 164240, '13': 164320, '03': 133248, '33': 4327592, '76': 4327560, '82': 134272}
['41', '01', '81', '02', '30', '84']
Excluding table reason and any queries that depend on it
[3, 4, 5, 6, 7, 10, 11, 15, 17, 19, 22, 0, 1, 2, 8, 9, 12, 14, 16, 18, 20, 21, 23]
dict_keys(['43', '20', '04', '66', '21', '67', '22', '83', '05', '32', '50', '63', '23', '68', '12', '28', '57', '73', '48', '87', '40', '15', '56', '88', '39', '78', '86', '77', '07', '29', '44', '31', '42', '06', '90', '26', '99', '38', '11', '98', '52', '69', '65', '27', '70', '95', '61', '37', '46', '97', '45', '59', '25', '47', '75', '62', '96', '18', '91', '60', '53', '49', '08', '92', '58', '17', '80', '10', '64', '71', '72', '79', '51', '54', '14', '89', '94', '74', '35', '24', '16', '36', '19', '55', '34', '13', '03', '33', '76', '82'])
23
Optimal Subset: 0b111111111101111111111111
dict_keys(['43', '20', '04', '66', '21', '67', '22', '83', '05', '32', '50', '63', '23', '68', '12', '28', '57', '73', '48', '87', '40', '15', '56', '88', '39', '78', '86', '77', '07', '29', '44', '31', '42', '06', '90', '26', '99', '38', '11', '98', '52', '69', '65', '27', '70', '95', '61', '37', '46', '97', '45', '59', '25', '47', '75', '62', '96', '18', '91', '60', '53', '49', '08', '92', '58', '17', '80', '10', '64', '71', '72', '79', '51', '54', '14', '89', '94', '74', '35', '24', '16', '36', '19', '55', '34', '13', '03', '33', '76', '82'])
Function: 20.02301330129319, 11.688144130601883, 0.44149160385131836, 0.3391071092404891, 7.498846363906859, 0.02462137622651026, 0.030802717466133826
Real: 20.02301330129319, 11.688144130601883, 0.44149160385131836, 0.3391071092404891, 7.498846363906859, 0.02462137622651026, 0.030802717466133826
outputs_noduck_GCP_0.0_8.688_6.25.json
Num GCP Qs: 90; Num Redshift Qs: 6
PLAN TYPE IS: move
Moved Qs: $11.688144130601883; Stayed Qs: $0.44149160385131836; Migration Cost: $7.893377566839992
Movement Cost: $0.3391071092404891, Load Cost: $7.498846363906859, Storage Cost: $0.02462137622651026, API Cost: $0.030802717466133826
Final cost: $20.02301330129319, Baseline: $118.39892864227295, Diff: $98.37591534097976, %: 83.08851817249958%
