15792        gs://arachne-tpcds/sample_0.5/call_center_0.5.parquet
983367       gs://arachne-tpcds/sample_0.5/catalog_page_0.5.parquet
7190704920   gs://arachne-tpcds/sample_0.5/catalog_returns_0.5.parquet
75603465658  gs://arachne-tpcds/sample_0.5/catalog_sales_0.5.parquet
395784709    gs://arachne-tpcds/sample_0.5/customer_0.5.parquet
77487492     gs://arachne-tpcds/sample_0.5/customer_address_0.5.parquet
6482461      gs://arachne-tpcds/sample_0.5/customer_demographics_0.5.parquet
1442080      gs://arachne-tpcds/sample_0.5/date_dim_0.5.parquet
25192        gs://arachne-tpcds/sample_0.5/household_demographics_0.5.parquet
1431         gs://arachne-tpcds/sample_0.5/income_band_0.5.parquet
2863625456   gs://arachne-tpcds/sample_0.5/inventory_0.5.parquet
16780368     gs://arachne-tpcds/sample_0.5/item_0.5.parquet
49620        gs://arachne-tpcds/sample_0.5/promotion_0.5.parquet
2078         gs://arachne-tpcds/sample_0.5/reason_0.5.parquet
2803         gs://arachne-tpcds/sample_0.5/ship_mode_0.5.parquet
60543        gs://arachne-tpcds/sample_0.5/store_0.5.parquet
11171633249  gs://arachne-tpcds/sample_0.5/store_returns_0.5.parquet
100362293613  gs://arachne-tpcds/sample_0.5/store_sales_0.5.parquet
849589       gs://arachne-tpcds/sample_0.5/time_dim_0.5.parquet
6015         gs://arachne-tpcds/sample_0.5/warehouse_0.5.parquet
38294        gs://arachne-tpcds/sample_0.5/web_page_0.5.parquet
3596196190   gs://arachne-tpcds/sample_0.5/web_returns_0.5.parquet
37346962870  gs://arachne-tpcds/sample_0.5/web_sales_0.5.parquet
14814        gs://arachne-tpcds/sample_0.5/web_site_0.5.parquet
