13296        gs://arachne-tpcds/sample_0.15/call_center_0.15.parquet
301102       gs://arachne-tpcds/sample_0.15/catalog_page_0.15.parquet
2365562388   gs://arachne-tpcds/sample_0.15/catalog_returns_0.15.parquet
27207486215  gs://arachne-tpcds/sample_0.15/catalog_sales_0.15.parquet
128046478    gs://arachne-tpcds/sample_0.15/customer_0.15.parquet
26211989     gs://arachne-tpcds/sample_0.15/customer_address_0.15.parquet
2060422      gs://arachne-tpcds/sample_0.15/customer_demographics_0.15.parquet
539848       gs://arachne-tpcds/sample_0.15/date_dim_0.15.parquet
9255         gs://arachne-tpcds/sample_0.15/household_demographics_0.15.parquet
1329         gs://arachne-tpcds/sample_0.15/income_band_0.15.parquet
888816810    gs://arachne-tpcds/sample_0.15/inventory_0.15.parquet
5563282      gs://arachne-tpcds/sample_0.15/item_0.15.parquet
20279        gs://arachne-tpcds/sample_0.15/promotion_0.15.parquet
1542         gs://arachne-tpcds/sample_0.15/reason_0.15.parquet
2372         gs://arachne-tpcds/sample_0.15/ship_mode_0.15.parquet
29937        gs://arachne-tpcds/sample_0.15/store_0.15.parquet
3711283717   gs://arachne-tpcds/sample_0.15/store_returns_0.15.parquet
37011505718  gs://arachne-tpcds/sample_0.15/store_sales_0.15.parquet
261688       gs://arachne-tpcds/sample_0.15/time_dim_0.15.parquet
5330         gs://arachne-tpcds/sample_0.15/warehouse_0.15.parquet
16658        gs://arachne-tpcds/sample_0.15/web_page_0.15.parquet
1173759357   gs://arachne-tpcds/sample_0.15/web_returns_0.15.parquet
13776012854  gs://arachne-tpcds/sample_0.15/web_sales_0.15.parquet
11567        gs://arachne-tpcds/sample_0.15/web_site_0.15.parquet
