13922        gs://arachne-tpcds/sample_0.25/call_center_0.25.parquet
494733       gs://arachne-tpcds/sample_0.25/catalog_page_0.25.parquet
3778898414   gs://arachne-tpcds/sample_0.25/catalog_returns_0.25.parquet
42133244663  gs://arachne-tpcds/sample_0.25/catalog_sales_0.25.parquet
204683713    gs://arachne-tpcds/sample_0.25/customer_0.25.parquet
41217945     gs://arachne-tpcds/sample_0.25/customer_address_0.25.parquet
3313456      gs://arachne-tpcds/sample_0.25/customer_demographics_0.25.parquet
811676       gs://arachne-tpcds/sample_0.25/date_dim_0.25.parquet
13881        gs://arachne-tpcds/sample_0.25/household_demographics_0.25.parquet
1356         gs://arachne-tpcds/sample_0.25/income_band_0.25.parquet
1439134747   gs://arachne-tpcds/sample_0.25/inventory_0.25.parquet
8928997      gs://arachne-tpcds/sample_0.25/item_0.25.parquet
28934        gs://arachne-tpcds/sample_0.25/promotion_0.25.parquet
1773         gs://arachne-tpcds/sample_0.25/reason_0.25.parquet
2457         gs://arachne-tpcds/sample_0.25/ship_mode_0.25.parquet
39521        gs://arachne-tpcds/sample_0.25/store_0.25.parquet
5908836671   gs://arachne-tpcds/sample_0.25/store_returns_0.25.parquet
56549001803  gs://arachne-tpcds/sample_0.25/store_sales_0.25.parquet
425134       gs://arachne-tpcds/sample_0.25/time_dim_0.25.parquet
5488         gs://arachne-tpcds/sample_0.25/warehouse_0.25.parquet
23213        gs://arachne-tpcds/sample_0.25/web_page_0.25.parquet
1875546822   gs://arachne-tpcds/sample_0.25/web_returns_0.25.parquet
21007971093  gs://arachne-tpcds/sample_0.25/web_sales_0.25.parquet
13076        gs://arachne-tpcds/sample_0.25/web_site_0.25.parquet
