Egress: $0.12/GB
Benchmark: tpcds
Data Path: parquet_1000/internal2024_rs4
BigQuery Cost: $6.25/TB; DuckDB Cost: $1.48/hr; Redshift Cost: $4.344/hr
Use Duck: True
Using calcite profiles: False
Excluded Table: catalog_returns
Excluded Query: None

Starting analysis using DuckDB
Excluding table catalog_returns and any queries that depend on it
19
23
Total Keys: 84, Keys Considered: 19
0.1613168839443461
0.16131688394434612
2.7755575615628914e-17
['000', '001', '003', '004', '005', '006', '007', '008', '009', '0010', '0011', '0012', '0013', '0014', '0015', '0016', '0017', '0018', '0019', '0020', '0021', '0022', '0023']
['source', '15', '20', '21', '22', '32', '33', '37', '39', '43', '56', '60', '61', '62', '65', '66', '82', '84', '90', '95']
[]
Costs: 1.725024642785327, 0, 1.725024642785327, 0.0, 0, 0.0, 0
Runtime: 6858.371
Optimal Subset: 0b0
0.1613168839443461
