Egress: $0.12/GB
Benchmark: tpcds
Data Path: parquet_1000/internal2024_rs4
BigQuery Cost: $6.25/TB; DuckDB Cost: $1.48/hr; Redshift Cost: $4.344/hr
Use Duck: True
Using calcite profiles: False
Excluded Table: store
Excluded Query: None

Starting analysis using DuckDB
Excluding table store and any queries that depend on it
20
23
Total Keys: 63, Keys Considered: 20
0.17420529929263578
0.17420529929263578
0.0
['000', '001', '002', '003', '004', '005', '006', '007', '008', '009', '0010', '0011', '0012', '0013', '0014', '0016', '0017', '0018', '0019', '0020', '0021', '0022', '0023']
['source', '15', '16', '20', '21', '22', '32', '33', '37', '39', '40', '56', '60', '62', '66', '82', '83', '84', '90', '91', '95']
[]
Costs: 1.313338843407577, 0, 1.313338843407577, 0.0, 0, 0.0, 0
Runtime: 8973.043000000003
Optimal Subset: 0b0
0.17420529929263578
