Egress: $0.12/GB
Benchmark: tpcds
Data Path: parquet_2000/internal2024_rs4
BigQuery Cost: $6.25/TB; DuckDB Cost: $1.48/hr; Redshift Cost: $4.344/hr
Use Duck: True
Using calcite profiles: False
Excluded Table: web_page
Excluded Query: None

Starting analysis using DuckDB
Excluding table web_page and any queries that depend on it
86
23
Total Keys: 89, Keys Considered: 86
29.54568674891813
29.54568674891814
1.0658141036401503e-14
['000', '001', '002', '003', '004', '005', '006', '007', '008', '009', '0010', '0011', '0012', '0013', '0014', '0015', '0016', '0017', '0018', '0019', '0021', '0022', '0023']
['source', '01', '02', '03', '04', '05', '07', '08', '09', '10', '11', '12', '13', '14', '15', '16', '17', '19', '20', '21', '22', '23', '24', '25', '26', '27', '28', '29', '30', '31', '32', '33', '34', '35', '36', '37', '38', '39', '40', '42', '43', '44', '45', '46', '47', '48', '49', '50', '51', '52', '53', '55', '56', '57', '58', '59', '60', '61', '62', '63', '65', '66', '68', '69', '70', '71', '73', '74', '79', '80', '81', '82', '83', '84', '86', '87', '88', '89', '91', '92', '93', '94', '95', '96', '97', '98', '99']
[]
Costs: 39.04686589277343, 0, 39.04686589277343, 0.0, 0, 0.0, 0
Runtime: 15964.989000000007
Optimal Subset: 0b0
29.545686748918133
