Egress: $0.24/GB
Benchmark: tpcds
Data Path: parquet_1000/real_data_rs4
BigQuery Cost: $5.0/TB; DuckDB Cost: $1.48/hr; Redshift Cost: $4.344/hr
Use Duck: False
Excluded Table: ship_mode
Excluded Query: None

Starting analysis without using DuckDB
Redshift Total: $9.1114616721805, Redshift-Calcite Total: $8.186636153151198, BigQuery Total: $94.33101177215576
Excluding table ship_mode and any queries that depend on it
Total Keys: 96, Keys Considered: 93

Round 0
call_center: 9.615905582904816e-06, 0.979986537357966, 0.001227787092158803, 0.9787587502658073
catalog_page: 0.0017016949132084846, 6.260055239159266, 0.0050688132692524495, 6.254986425890014
catalog_returns: 13.009788101539016, 15.858530723301568, 3.278069430950673, 12.580461292350895
catalog_sales: 132.3057429259643, 48.58493343109289, 33.52839165010176, 15.056541780991132
customer: 0.8535048151388764, 17.80082248879592, 0.22010656507195503, 17.580715923723965
customer_address: 0.2449320713058114, 16.751918147552807, 0.07943870672203593, 16.67247944083077
customer_demographics: 0.011580578982830048, 11.062082236183484, 0.007352075534258123, 11.054730160649225
date_dim: 0.001992875710129738, 76.18087313866931, 0.0021740541974000884, 76.17869908447192
household_demographics: 3.5176053643226624e-05, 10.04351580883026, 0.0012762524880331554, 10.042239556342228
income_band: 5.122274160385132e-07, 2.583531006541252, 0.0011116399835028382, 2.582419366557749
inventory: 5.1357166497036815, 1.5371917422437669, 1.4534468346161193, 0.08374490762764752
item: 0.03489831369370222, 55.46228627968311, 0.012514398047877101, 55.449771881635236
promotion: 7.638614624738693e-05, 8.900288097341855, 0.00489184180666383, 8.895396255535191
reason: 1.4491379261016846e-06, 3.0721825358247754, 0.0013573793694689482, 3.0708251564553066
store: 9.930133819580078e-05, 37.877367204782175, 0.0014220720726402967, 37.87594513270953
store_returns: 20.850121902301908, 19.477519578576086, 5.365947423404342, 14.111572155171743
store_sales: 174.69669486396015, 78.91084711394785, 44.69917892875389, 34.211668185193965
time_dim: 0.0012146271765232086, 3.4833224883508684, 0.0019300856579741068, 3.481392402692894
warehouse: 2.907589077949524e-06, 1.4314533113177617, 0.0014396830080403782, 1.4300136283097213
web_page: 7.394980639219284e-05, 2.559676322231293, 0.0014293704434641726, 2.5582469517878286
web_returns: 6.285572262480855, 12.995202193533581, 1.5762920502518143, 11.418910143281767
web_sales: 67.01082486007363, 42.36795738995553, 16.95185790408418, 25.41609948587135
web_site: 1.0454095900058746e-05, 6.817212808982531, 0.0017657317238515336, 6.815447077258679
STARTING PHASE 2: 0b111111111011111111111111
----
[0, 1, 2, 3, 4, 5, 6, 7, 8, 9, 10, 11, 12, 13, 15, 16, 17, 18, 19, 20, 21, 22, 23]
Function: 115.17221850601584, 7.988959357632003, 0.07592201232910156, 101.30962918230841, 5.719348508501053, 0.04180303212535211, 0.03655641311990917

Round 0
catalog_page: 0.0017016949132084846, 6.260055239159266, 0.005068675301537131, 6.254986563857729
catalog_returns: 13.009788101539016, 15.430615444424948, 3.2770146409720327, 12.153600803452916
catalog_sales: 132.3057429259643, 47.62306806092421, 33.5176647442778, 14.10540331664641
customer: 0.8535048151388764, 17.782701321606638, 0.22003736576457944, 17.56266395584206
customer_address: 0.2449320713058114, 16.32400286867619, 0.07941884845130587, 16.244584020224885
customer_demographics: 0.011580578982830048, 11.043961068994204, 0.0073511366197606225, 11.036609932374443
date_dim: 0.001992875710129738, 75.20088660131134, 0.0021738926217225053, 75.19871270868961
household_demographics: 3.5176053643226624e-05, 10.02539464164098, 0.0012762496360767222, 10.024118392004905
income_band: 5.122274160385132e-07, 2.583531006541252, 0.0011116399419731577, 2.5824193665992787
inventory: 5.1357166497036815, 1.5371917422437669, 1.453030447937646, 0.08416129430612096
item: 0.03489831369370222, 54.91021502120177, 0.012511568609667328, 54.897703452592104
promotion: 7.638614624738693e-05, 8.900288097341855, 0.004891835613531326, 8.895396261728324
reason: 1.4491379261016846e-06, 3.0721825358247754, 0.0013573792519777062, 3.0708251565727975
store: 9.930133819580078e-05, 37.877367204782175, 0.0014220640216208967, 37.87594514076056
store_returns: 20.850121902301908, 19.477519578576086, 5.364256965461113, 14.113262613114973
store_sales: 174.69669486396015, 78.91084711394785, 44.685015106744956, 34.2258320072029
time_dim: 0.0012146271765232086, 3.4833224883508684, 0.0019299871800770357, 3.4813925011707916
warehouse: 2.907589077949524e-06, 1.4314533113177617, 0.0014396827723028092, 1.4300136285454588
web_page: 7.394980639219284e-05, 2.559676322231293, 0.001429364447861931, 2.558246957783431
web_returns: 6.285572262480855, 12.995202193533581, 1.5757824371373856, 11.419419756396195
web_sales: 67.01082486007363, 42.36795738995553, 16.946424891188723, 25.421532498766805
web_site: 1.0454095900058746e-05, 6.817212808982531, 0.0017657308762685055, 6.815447078106263
Function: 116.15052159232357, 7.844039355072975, 1.2008285522460938, 101.30962686527583, 5.718123042041461, 0.04135736539811036, 0.03654641228909493
hiya: 0b111111111011111111111110, 116.15052159232357

Round 0
call_center: 9.615905582904816e-06, 0.979986537357966, 0.0012277860260765047, 0.9787587513318895
catalog_returns: 13.009788101539016, 9.598475484142304, 3.2766266410595946, 6.321848843082709
catalog_sales: 132.3057429259643, 42.32487819193363, 33.51371889855998, 8.811159293373649
customer: 0.8535048151388764, 17.80082248879592, 0.22001191109991047, 17.58081057769601
customer_address: 0.2449320713058114, 16.751918147552807, 0.07941154367266703, 16.67250660388014
customer_demographics: 0.011580578982830048, 11.062082236183484, 0.007350791244140647, 11.054731444939343
date_dim: 0.001992875710129738, 69.92081789951004, 0.0021738331868112683, 69.91864406632322
household_demographics: 3.5176053643226624e-05, 10.04351580883026, 0.001276248586996935, 10.042239560243264
income_band: 5.122274160385132e-07, 2.583531006541252, 0.001111639926696645, 2.582419366614555
inventory: 5.1357166497036815, 1.5371917422437669, 1.4528772819064362, 0.0843144603373307
item: 0.03489831369370222, 51.708826642661094, 0.012510527813110787, 51.69631611484798
promotion: 7.638614624738693e-05, 5.146828460319837, 0.004891833335414432, 5.141936626984422
reason: 1.4491379261016846e-06, 3.0721825358247754, 0.0013573792087590631, 3.0708251566160163
store: 9.930133819580078e-05, 31.6173119656229, 0.001422061060088378, 31.61588990456281
store_returns: 20.850121902301908, 13.217464339416821, 5.363635137848759, 7.853829201568063
store_sales: 174.69669486396015, 72.65079187478857, 44.67980500633584, 27.970986868452727
time_dim: 0.0012146271765232086, 3.4833224883508684, 0.0019299509554103111, 3.481392537395458
warehouse: 2.907589077949524e-06, 1.4314533113177617, 0.0014396826855877683, 1.4300136286321738
web_page: 7.394980639219284e-05, 2.559676322231293, 0.0014293622424056867, 2.558246959988887
web_returns: 6.285572262480855, 6.735146954374313, 1.5755949781666145, 5.159551976207698
web_sales: 67.01082486007363, 36.10790215079626, 16.944426380992002, 19.163475769804254
web_site: 1.0454095900058746e-05, 0.5571575698232651, 0.00176573056448877, 0.5553918392587763
Function: 121.42616963508515, 7.657289247364999, 6.667647361755371, 101.30921914473828, 5.714690369936626, 0.04077724519639857, 0.03654626609346867
hiya: 0b111111111011111111111101, 121.42616963508515

Round 0
call_center: 9.615905582904816e-06, 0.5520712584813435, 0.001227783938778984, 0.5508434745425645
catalog_page: 0.0017016949132084846, 0, 0.005068255226086254, -0.005068255226086254
catalog_page had no query dependencies
catalog_sales: 132.3057429259643, 32.765104016628264, 33.484871354341955, -0.7197673377136908
customer: 0.8535048151388764, 15.206819008599913, 0.2198258154902226, 14.98699319310969
customer_address: 0.2449320713058114, 13.748120555669466, 0.07935813942428638, 13.66876241624518
customer_demographics: 0.011580578982830048, 8.122437475504876, 0.007348266249708134, 8.115089209255167
date_dim: 0.001992875710129738, 60.32234241536776, 0.0021733986662160346, 60.32016901670154
household_demographics: 3.5176053643226624e-05, 7.103871048151652, 0.0012762409173165382, 7.102594807234336
income_band: 5.122274160385132e-07, 0.007648693534533182, 0.0011116398150121277, 0.006537053719521055
inventory: 5.1357166497036815, 1.1915504617611568, 1.451757505773767, -0.2602070440126103
item: 0.03489831369370222, 46.70711509499232, 0.012502918690293068, 46.69461217630202
promotion: 7.638614624738693e-05, 2.2253048668305078, 0.004891816680410025, 2.2204130501500976
reason: 1.4491379261016846e-06, 3.0721825358247754, 0.0013573788927934106, 3.070825156931982
store: 9.930133819580078e-05, 26.77318500110626, 0.0014220394087247927, 26.771762961697537
store_returns: 20.850121902301908, 4.606743930530548, 5.359089040300564, -0.7523451097700153
store_sales: 174.69669486396015, 64.06065160754999, 44.64171466710808, 19.418936940441903
time_dim: 0.0012146271765232086, 3.4833224883508684, 0.0019296861217726453, 3.4813928022290956
warehouse: 2.907589077949524e-06, 0.8716135149383545, 0.0014396820516258356, 0.8701738328867287
web_page: 7.394980639219284e-05, 0.29143167072137194, 0.0014293461186134565, 0.2900023246027585
web_returns: 6.285572262480855, 0.7003088584947587, 1.5742244909922296, -0.873915632497471
web_sales: 67.01082486007363, 30.09364419656436, 16.929815543317943, 13.163828653246416
web_site: 1.0454095900058746e-05, 0.5571575698232651, 0.0017657282851093034, 0.5553918415381558

Round 1
call_center: 9.615905582904816e-06, 0, 0.0012277786253614643, -0.0012277786253614643
call_center had no query dependencies
customer: 0.8535048151388764, 7.876375279051463, 0.21934428311656068, 7.657030995934902
customer_address: 0.2449320713058114, 7.41379979733944, 0.0792199530665883, 7.334579844272851
customer_demographics: 0.011580578982830048, 4.612409635419846, 0.007341732691153958, 4.605067902728692
date_dim: 0.001992875710129738, 25.799780281626386, 0.002172274320864854, 25.79760800730552
household_demographics: 3.5176053643226624e-05, 7.103871048151652, 0.0012762210716070514, 7.102594827080045
income_band: 5.122274160385132e-07, 0.007648693534533182, 0.0011116395260224476, 0.006537054008510734
item: 0.03489831369370222, 16.869802207663856, 0.012483175521097888, 16.857319032142758
promotion: 7.638614624738693e-05, 1.8276851109393437, 0.004891773466155527, 1.8227933374731882
reason: 1.4491379261016846e-06, 2.929031247153282, 0.0013573780729665412, 2.9276738690803157
store: 9.930133819580078e-05, 23.773765805706976, 0.0014219832305627613, 23.77234382247641
store_returns: 20.850121902301908, 2.102589910597801, 5.347293413495493, -3.2447035028976914
store_sales: 174.69669486396015, 35.19141557977199, 44.54288277411722, -9.351467194345226
time_dim: 0.0012146271765232086, 2.8075862301810584, 0.0019289989656519904, 2.8056572312154064
warehouse: 2.907589077949524e-06, 0, 0.0014396804067032865, -0.0014396804067032865
warehouse had no query dependencies
web_page: 7.394980639219284e-05, 0.14828038204987842, 0.0014293042826797099, 0.14685107776719872
web_sales: 67.01082486007363, 3.3322299577331544, 16.891876478879, -13.559646521145844
web_site: 1.0454095900058746e-05, 0, 0.001765722366384697, -0.001765722366384697
web_site had no query dependencies

Round 2
customer: 0.8535048151388764, 0.04680178976694742, 0.21896228607966164, -0.17216049631271424
customer_address: 0.2449320713058114, 0.007648693534533182, 0.07911033057375545, -0.07146163703922227
customer_demographics: 0.011580578982830048, 0.007648693534533182, 0.007336549654364298, 0.0003121438801688839
date_dim: 0.001992875710129738, 0.03915309623241424, 0.002171382383757207, 0.03698171384865703
household_demographics: 3.5176053643226624e-05, 0.007648693534533182, 0.0012762053281126702, 0.006372488206420512
income_band: 5.122274160385132e-07, 0.007648693534533182, 0.0011116392967684917, 0.00653705423776469
item: 0.03489831369370222, 0, 0.012467556332796535, -0.012467556332796535
item had no query dependencies
promotion: 7.638614624738693e-05, 0, 0.004891739278555166, -0.004891739278555166
promotion had no query dependencies
reason: 1.4491379261016846e-06, 0, 0.001357377424386259, -0.001357377424386259
reason had no query dependencies
store: 9.930133819580078e-05, 0.03915309623241424, 0.001421938786974069, 0.03773115744544017
store_returns: 20.850121902301908, 0.04680178976694742, 5.337961673774297, -5.2911598840073495
time_dim: 0.0012146271765232086, 0, 0.0019284330290755439, -0.0019284330290755439
time_dim had no query dependencies
web_page: 7.394980639219284e-05, 0, 0.0014292698261497375, -0.0014292698261497375
web_page had no query dependencies

Round 3
customer_demographics: 0.011580578982830048, 0, 0.007336492919633754, -0.007336492919633754
customer_demographics had no query dependencies
date_dim: 0.001992875710129738, 0, 0.002171372620405427, -0.002171372620405427
date_dim had no query dependencies
household_demographics: 3.5176053643226624e-05, 0, 0.0012762051557807057, -0.0012762051557807057
household_demographics had no query dependencies
income_band: 5.122274160385132e-07, 0, 0.0011116392942590245, -0.0011116392942590245
income_band had no query dependencies
store: 9.930133819580078e-05, 0, 0.0014219382930498149, -0.0014219382930498149
store had no query dependencies
store_returns: 20.850121902301908, 0, 5.3378579653943365, -5.3378579653943365
store_returns had no query dependencies

Round 4
store_returns: 20.850121902301908, 0, 5.337856448966751, -5.337856448966751
store_returns had no query dependencies
Function: 99.69066103847791, 0, 94.33101177215576, 5.024010623375497, 0.3337767170111338, 5.047540316044241e-05, 0.0018114505323588849
hiya: 0b10000000000000000, 99.69066103847791

Round 0
call_center: 9.615905582904816e-06, 0.018121167189280193, 0.0012277798731375822, 0.01689338731614261
catalog_page: 0.0017016949132084846, 0, 0.00506753574301389, -0.00506753574301389
catalog_page had no query dependencies
catalog_returns: 13.009788101539016, 0.038701308836936954, 3.2683024947455857, -3.2296011859086486
customer: 0.8535048151388764, 7.894496446240743, 0.219455920737161, 7.675040525503582
customer_address: 0.2449320713058114, 8.132229823023478, 0.07925198994929157, 8.052977833074186
customer_demographics: 0.011580578982830048, 4.7736820912806195, 0.007343247419905203, 4.766338843860714
date_dim: 0.001992875710129738, 27.595939707576438, 0.0021725349871182654, 27.59376717258932
household_demographics: 3.5176053643226624e-05, 7.121992215340932, 0.001276225672601517, 7.120715989668331
income_band: 5.122274160385132e-07, 0.007648693534533182, 0.0011116395930213078, 0.006537053941511875
inventory: 5.1357166497036815, 1.0571492586183548, 1.4495317718256493, -0.39238251320729445
item: 0.03489831369370222, 17.947531607929864, 0.012487794343134113, 17.93504381358673
promotion: 7.638614624738693e-05, 1.8276851109393437, 0.004891783575928127, 1.8227933273634156
reason: 1.4491379261016846e-06, 3.0721825358247754, 0.0013573782647612006, 3.070825157560014
store: 9.930133819580078e-05, 23.773765805706976, 0.0014219963731808578, 23.772343809333794
store_returns: 20.850121902301908, 2.1231700522454577, 5.35005294518363, -3.226882892938172
store_sales: 174.69669486396015, 35.37695132345199, 44.5660040329544, -9.189052709502413
time_dim: 0.0012146271765232086, 2.8075862301810584, 0.0019291597226105634, 2.8056570704584476
warehouse: 2.907589077949524e-06, 0.8716135149383545, 0.0014396807915252187, 0.8701738341468293
web_page: 7.394980639219284e-05, 0.29143167072137194, 0.00142931407000062, 0.2900023566513713
web_returns: 6.285572262480855, 0.7208890001424154, 1.5715004287975685, -0.850611428655153
web_sales: 67.01082486007363, 4.0325388162279125, 16.900774169356815, -12.868235353128902
web_site: 1.0454095900058746e-05, 0.5571575698232651, 0.0017657237544784824, 0.5553918460687867

Round 1
call_center: 9.615905582904816e-06, 0, 0.0012277743320420363, -0.0012277743320420363
call_center had no query dependencies
customer: 0.8535048151388764, 0.04680178976694742, 0.21896320940767158, -0.17216141964072418
customer_address: 0.2449320713058114, 0.007648693534533182, 0.07911059554313576, -0.07146190200860258
customer_demographics: 0.011580578982830048, 0.007648693534533182, 0.007336562182322848, 0.00031213135221033403
date_dim: 0.001992875710129738, 0.03915309623241424, 0.0021713845396653295, 0.03698171169274891
household_demographics: 3.5176053643226624e-05, 0.007648693534533182, 0.0012762053661663929, 0.006372488168366789
income_band: 5.122274160385132e-07, 0.007648693534533182, 0.0011116392973226233, 0.006537054237210559
item: 0.03489831369370222, 0, 0.012467594086058098, -0.012467594086058098
item had no query dependencies
promotion: 7.638614624738693e-05, 0, 0.00489173936119028, -0.00489173936119028
promotion had no query dependencies
reason: 1.4491379261016846e-06, 0, 0.0013573774259539476, -0.0013573774259539476
reason had no query dependencies
store: 9.930133819580078e-05, 0.03915309623241424, 0.0014219388943990132, 0.03773115733801523
store_returns: 20.850121902301908, 0.04680178976694742, 5.33798422959498, -5.291182439828033
time_dim: 0.0012146271765232086, 0, 0.001928434343068475, -0.001928434343068475
time_dim had no query dependencies
warehouse: 2.907589077949524e-06, 0, 0.0014396790551029859, -0.0014396790551029859
warehouse had no query dependencies
web_page: 7.394980639219284e-05, 0, 0.001429269906921006, -0.001429269906921006
web_page had no query dependencies
web_site: 1.0454095900058746e-05, 0, 0.001765717447843315, -0.001765717447843315
web_site had no query dependencies

Round 2
customer_demographics: 0.011580578982830048, 0, 0.007336492919633754, -0.007336492919633754
customer_demographics had no query dependencies
date_dim: 0.001992875710129738, 0, 0.002171372620405427, -0.002171372620405427
date_dim had no query dependencies
household_demographics: 3.5176053643226624e-05, 0, 0.0012762051557807057, -0.0012762051557807057
household_demographics had no query dependencies
income_band: 5.122274160385132e-07, 0, 0.0011116392942590245, -0.0011116392942590245
income_band had no query dependencies
store: 9.930133819580078e-05, 0, 0.0014219382930498149, -0.0014219382930498149
store had no query dependencies
store_returns: 20.850121902301908, 0, 5.3378579653943365, -5.3378579653943365
store_returns had no query dependencies

Round 3
store_returns: 20.850121902301908, 0, 5.337856448966751, -5.337856448966751
store_returns had no query dependencies
Function: 99.69066103847791, 0, 94.33101177215576, 5.024010623375497, 0.3337767170111338, 5.047540316044241e-05, 0.0018114505323588849
hiya: 0b10000000000000000, 99.69066103847791

Round 0
call_center: 9.615905582904816e-06, 0.9618653701686859, 0.0012277817495997038, 0.9606375884190862
catalog_page: 0.0017016949132084846, 6.260055239159266, 0.00506786781429092, 6.254987371344975
catalog_returns: 13.009788101539016, 13.26452724310557, 3.2708412441508026, 9.993685998954767
catalog_sales: 132.3057429259643, 38.67860738853771, 33.45488310276029, 5.223724285777422
customer_address: 0.2449320713058114, 5.759362841064135, 0.07930259835348955, 5.6800602427106455
customer_demographics: 0.011580578982830048, 5.491173266930581, 0.007345640224648515, 5.483827626705932
date_dim: 0.001992875710129738, 59.38109178882598, 0.002172946759488118, 59.37891884206649
household_demographics: 3.5176053643226624e-05, 4.054722154892286, 0.0012762329407552194, 4.05344592195153
income_band: 5.122274160385132e-07, 0, 0.001111639698858865, -0.001111639698858865
income_band had no query dependencies
inventory: 5.1357166497036815, 1.5371917422437669, 1.4505929249146212, 0.08659881732914565
item: 0.03489831369370222, 45.95410646734874, 0.012495005109596106, 45.94161146223914
promotion: 7.638614624738693e-05, 5.259121474043528, 0.004891799359001955, 5.2542296746845265
reason: 1.4491379261016846e-06, 3.0721825358247754, 0.0013573785641852714, 3.07082515726059
store: 9.930133819580078e-05, 28.575732004194254, 0.0014220168910421326, 28.574309987303213
store_returns: 20.850121902301908, 15.861443030384383, 5.354361043307257, 10.507081987077125
store_sales: 174.69669486396015, 63.5092865441799, 44.602100248932125, 18.907186295247776
time_dim: 0.0012146271765232086, 3.4833224883508684, 0.0019294106915537957, 3.4813930776593147
warehouse: 2.907589077949524e-06, 1.4314533113177617, 0.00143968139229768, 1.430013629925464
web_page: 7.394980639219284e-05, 2.559676322231293, 0.00142932934967254, 2.5582469928816205
web_returns: 6.285572262480855, 12.995202193533581, 1.5727991675865693, 11.422403025947013
web_sales: 67.01082486007363, 35.92850660696348, 16.914620093625032, 19.01388651333845
web_site: 1.0454095900058746e-05, 6.817212808982531, 0.0017657259145268092, 6.815447083068005

Round 1
call_center: 9.615905582904816e-06, 0.9618653701686859, 0.0012277814099368786, 0.960637588758749
catalog_page: 0.0017016949132084846, 6.260055239159266, 0.005067807705287472, 6.254987431453979
catalog_returns: 13.009788101539016, 13.26452724310557, 3.2703816991455397, 9.99414554396003
catalog_sales: 132.3057429259643, 38.67860738853771, 33.450209664357246, 5.228397724180468
customer_address: 0.2449320713058114, 5.759362841064135, 0.079293946613037, 5.680068894451098
customer_demographics: 0.011580578982830048, 5.491173266930581, 0.007345231163625531, 5.483828035766955
date_dim: 0.001992875710129738, 59.38109178882598, 0.0021728763650995585, 59.378918912460875
household_demographics: 3.5176053643226624e-05, 4.054722154892286, 0.001276231698230773, 4.0534459231940545
inventory: 5.1357166497036815, 1.5371917422437669, 1.4504114744896819, 0.08678026775408498
item: 0.03489831369370222, 45.95410646734874, 0.012493772114421079, 45.94161269523432
promotion: 7.638614624738693e-05, 5.259121474043528, 0.004891796660196775, 5.254229677383331
reason: 1.4491379261016846e-06, 3.0721825358247754, 0.001357378512985661, 3.07082515731179
store: 9.930133819580078e-05, 28.575732004194254, 0.0014220133826184321, 28.574309990811635
store_returns: 20.850121902301908, 15.861443030384383, 5.353624385945245, 10.507818644439137
store_sales: 174.69669486396015, 63.5092865441799, 44.59592802571953, 18.91335851846037
time_dim: 0.0012146271765232086, 3.4833224883508684, 0.0019293677774616922, 3.4813931205734066
warehouse: 2.907589077949524e-06, 1.4314533113177617, 0.0014396812895694124, 1.4300136300281923
web_page: 7.394980639219284e-05, 2.559676322231293, 0.0014293267369458829, 2.558246995494347
web_returns: 6.285572262480855, 12.995202193533581, 1.5725770915189419, 11.422625102014639
web_sales: 67.01082486007363, 35.92850660696348, 16.912252528691887, 19.016254078271594
web_site: 1.0454095900058746e-05, 6.817212808982531, 0.0017657255451722922, 6.815447083437359
Function: 132.74243684625796, 4.87015370311737, 20.99555015563965, 101.1039699611351, 5.7041199173005435, 0.032180438805668746, 0.03646267025962473
hiya: 0b111111111011110111101111, 132.74243684625796

Round 0
call_center: 9.615905582904816e-06, 0.5520712584813435, 0.0012277839783309363, 0.5508434745030126
catalog_page: 0.0017016949132084846, 6.260055239159266, 0.005068262225464049, 6.254986976933802
catalog_returns: 13.009788101539016, 12.854733131418229, 3.2738565941688735, 9.580876537249356
catalog_sales: 132.3057429259643, 39.965245106563565, 33.4855483312182, 6.479696775345367
customer: 0.8535048151388764, 6.808267182307242, 0.21983018267044346, 6.588436999636799
customer_demographics: 0.011580578982830048, 3.7919713346974055, 0.007348323797560643, 3.784623010899845
date_dim: 0.001992875710129738, 60.429996130069085, 0.0021734085694961386, 60.42782272149959
household_demographics: 3.5176053643226624e-05, 4.907671031688054, 0.0012762410921183637, 4.906394790595935
income_band: 5.122274160385132e-07, 0, 0.0011116398175575607, -0.0011116398175575607
income_band had no query dependencies
inventory: 5.1357166497036815, 1.5371917422437669, 1.4517830269039904, 0.08540871533977645
item: 0.03489831369370222, 45.36051904506048, 0.01250309211193392, 45.34801595294854
promotion: 7.638614624738693e-05, 5.259121474043528, 0.004891817059998877, 5.254229656983529
reason: 1.4491379261016846e-06, 2.929031247153282, 0.001357378899994672, 2.9276738682532875
store: 9.930133819580078e-05, 28.813277977889374, 0.0014220399021870602, 28.811855937987186
store_returns: 20.850121902301908, 15.900596126616795, 5.359192651678009, 10.541403474938786
store_sales: 174.69669486396015, 65.62914075937272, 44.642582794655475, 20.986557964717242
time_dim: 0.0012146271765232086, 3.4833224883508684, 0.001929692157669962, 3.4813927961931985
warehouse: 2.907589077949524e-06, 1.4314533113177617, 0.0014396820660746389, 1.430013629251687
web_page: 7.394980639219284e-05, 2.4165250335597994, 0.001429346486095303, 2.415095687073704
web_returns: 6.285572262480855, 12.294893335038822, 1.5742557261477457, 10.720637608891076
web_sales: 67.01082486007363, 37.14965908619881, 16.930148542995354, 20.219510543203455
web_site: 1.0454095900058746e-05, 6.260055239159266, 0.0017657283370592768, 6.258289510822207

Round 1
call_center: 9.615905582904816e-06, 0.5520712584813435, 0.0012277835373621462, 0.5508434749439813
catalog_page: 0.0017016949132084846, 6.260055239159266, 0.005068184188680005, 6.254987054970586
catalog_returns: 13.009788101539016, 12.854733131418229, 3.273259987799153, 9.581473143619075
catalog_sales: 132.3057429259643, 39.965245106563565, 33.479481018794345, 6.485764087769219
customer: 0.8535048151388764, 6.808267182307242, 0.21979104241655734, 6.588476139890685
customer_demographics: 0.011580578982830048, 3.7919713346974055, 0.00734779273224795, 3.7846235419651575
date_dim: 0.001992875710129738, 60.429996130069085, 0.0021733171796646175, 60.427822812889424
household_demographics: 3.5176053643226624e-05, 4.907671031688054, 0.0012762394790054137, 4.906394792209048
inventory: 5.1357166497036815, 1.5371917422437669, 1.4515474704224431, 0.08564427182132373
item: 0.03489831369370222, 45.36051904506048, 0.012501491454314678, 45.34801755360616
promotion: 7.638614624738693e-05, 5.259121474043528, 0.004891813556446583, 5.2542296604870815
reason: 1.4491379261016846e-06, 2.929031247153282, 0.0013573788335280315, 2.927673868319754
store: 9.930133819580078e-05, 28.813277977889374, 0.0014220353475989796, 28.811855942541776
store_returns: 20.850121902301908, 15.900596126616795, 5.3582363330782625, 10.542359793538534
store_sales: 174.69669486396015, 65.62914075937272, 44.63457009816404, 20.994570661208677
time_dim: 0.0012146271765232086, 3.4833224883508684, 0.0019296364471774233, 3.481392851903691
warehouse: 2.907589077949524e-06, 1.4314533113177617, 0.0014396819327141947, 1.4300136293850474
web_page: 7.394980639219284e-05, 2.4165250335597994, 0.0014293430942889803, 2.4150956904655105
web_returns: 6.285572262480855, 12.294893335038822, 1.5739674300076643, 10.720925905031157
web_sales: 67.01082486007363, 37.14965908619881, 16.927075002298647, 20.222584083900163
web_site: 1.0454095900058746e-05, 6.260055239159266, 0.0017657278575682503, 6.258289511301697
Function: 131.83847206261092, 6.3226989468351995, 18.49410057067871, 101.25061063520121, 5.697911558634441, 0.036635100316664046, 0.0365152509446919
hiya: 0b111111111011110111011111, 131.83847206261092

Round 0
call_center: 9.615905582904816e-06, 0.9618653701686859, 0.0012277844775510829, 0.9606375856911348
catalog_page: 0.0017016949132084846, 6.260055239159266, 0.005068350570797375, 6.254986888588468
catalog_returns: 13.009788101539016, 12.91888596262296, 3.274532011399898, 9.644353951223062
catalog_sales: 132.3057429259643, 42.29653328619003, 33.49241712706931, 8.804116159120717
customer: 0.8535048151388764, 12.22991351954301, 0.21987449329675096, 12.010039026246258
customer_address: 0.2449320713058114, 9.48180724606673, 0.07937210859677157, 9.402435137469958
date_dim: 0.001992875710129738, 65.12643959602038, 0.0021735122597142703, 65.12426608376066
household_demographics: 3.5176053643226624e-05, 6.194727710388501, 0.0012762429223442313, 6.193451467466157
income_band: 5.122274160385132e-07, 0, 0.001111639844208983, -0.001111639844208983
income_band had no query dependencies
inventory: 5.1357166497036815, 1.1915504617611568, 1.4520502405475524, -0.26049977878639563
item: 0.03489831369370222, 46.97575154829502, 0.012504907886867065, 46.96324664040816
promotion: 7.638614624738693e-05, 4.818743947313626, 0.004891821034404369, 4.8138521262792215
reason: 1.4491379261016846e-06, 2.929031247153282, 0.001357378975393969, 2.927673868177888
store: 9.930133819580078e-05, 31.45912475053787, 0.0014220450688802796, 31.45770270546899
store_returns: 20.850121902301908, 16.893988572034836, 5.360277492883675, 11.53371107915116
store_sales: 174.69669486396015, 70.87962814721742, 44.65167234213967, 26.227955805077748
time_dim: 0.0012146271765232086, 3.4833224883508684, 0.0019297553552674047, 3.481392732995601
warehouse: 2.907589077949524e-06, 1.0858120308351515, 0.0014396822173578041, 1.0843723486177936
web_page: 7.394980639219284e-05, 2.4165250335597994, 0.001429350333736938, 2.4150956832260624
web_returns: 6.285572262480855, 12.852050904862088, 1.574582767295202, 11.277468137566885
web_sales: 67.01082486007363, 41.37423038944562, 16.933635146305136, 24.440595243140486
web_site: 1.0454095900058746e-05, 6.817212808982531, 0.001765728880990581, 6.81544708010154

Round 1
call_center: 9.615905582904816e-06, 0.9618653701686859, 0.0012277835019032482, 0.9606375866667827
catalog_page: 0.0017016949132084846, 6.260055239159266, 0.005068177913636466, 6.25498706124563
catalog_returns: 13.009788101539016, 12.91888596262296, 3.273212013872607, 9.645673948750353
catalog_sales: 132.3057429259643, 42.162132083047226, 33.47899313798159, 8.683138945065636
customer: 0.8535048151388764, 12.22991351954301, 0.21978789509571026, 12.0101256244473
customer_address: 0.2449320713058114, 9.48180724606673, 0.07934725732894503, 9.402459988737785
date_dim: 0.001992875710129738, 63.93488913425922, 0.0021733100588029997, 63.93271582420042
household_demographics: 3.5176053643226624e-05, 6.194727710388501, 0.001276239353315784, 6.193451471035186
item: 0.03489831369370222, 45.78420108653387, 0.01250131260140118, 45.77169977393247
promotion: 7.638614624738693e-05, 4.818743947313626, 0.004891813164969651, 4.813852134148656
reason: 1.4491379261016846e-06, 2.929031247153282, 0.0013573788261012389, 2.927673868327181
store: 9.930133819580078e-05, 31.45912475053787, 0.001422034838682308, 31.457702715699188
store_returns: 20.850121902301908, 16.893988572034836, 5.358129476767618, 11.535859095267217
store_sales: 174.69669486396015, 70.69409240353741, 44.63367478232932, 26.06041762120809
time_dim: 0.0012146271765232086, 3.4833224883508684, 0.0019296302222460056, 3.4813928581286224
warehouse: 2.907589077949524e-06, 0.21419851589679717, 0.0014396819178128795, 0.2127588339789843
web_page: 7.394980639219284e-05, 2.4165250335597994, 0.0014293427152982233, 2.415095690844501
web_returns: 6.285572262480855, 12.852050904862088, 1.5739352166198768, 11.278115688242211
web_sales: 67.01082486007363, 41.37423038944562, 16.926731573634232, 24.44749881581139
web_site: 1.0454095900058746e-05, 6.817212808982531, 0.0017657278039912916, 6.81544708117854
Function: 125.96015085858116, 6.613413054722149, 13.705101013183594, 100.06934489748735, 5.499723817097347, 0.03648638949562503, 0.036081686595094205
hiya: 0b111111111011100110111111, 125.96015085858116

Round 0
call_center: 9.615905582904816e-06, 0, 0.0012277750734693412, -0.0012277750734693412
call_center had no query dependencies
catalog_page: 0.0017016949132084846, 0, 0.005066686361646671, -0.005066686361646671
catalog_page had no query dependencies
catalog_returns: 13.009788101539016, 0, 3.261808809232904, -3.261808809232904
catalog_returns had no query dependencies
catalog_sales: 132.3057429259643, 0, 33.3630258793439, -33.3630258793439
catalog_sales had no query dependencies
customer: 0.8535048151388764, 1.001041138952573, 0.2190397899004497, 0.7820013490521234
customer_address: 0.2449320713058114, 1.001041138952573, 0.07913257200815983, 0.9219085669444133
customer_demographics: 0.011580578982830048, 0.007648693534533182, 0.00733760124669534, 0.0003110922878378419
household_demographics: 3.5176053643226624e-05, 2.8152349237155914, 0.0012762085218965035, 2.813958715193695
income_band: 5.122274160385132e-07, 0.007648693534533182, 0.001111639343275802, 0.00653705419125738
inventory: 5.1357166497036815, 0, 1.4470277626441455, -1.4470277626441455
inventory had no query dependencies
item: 0.03489831369370222, 2.1371579778464636, 0.01247077905512887, 2.1246871987913347
promotion: 7.638614624738693e-05, 0, 0.0048917463325160405, -0.0048917463325160405
promotion had no query dependencies
reason: 1.4491379261016846e-06, 2.929031247153282, 0.0013573775582084602, 2.9276738695950737
store: 9.930133819580078e-05, 3.6526982935492196, 0.0014219479570630035, 3.6512763455921564
store_returns: 20.850121902301908, 1.5308723619000117, 5.33988710071831, -3.8090147388182984
store_sales: 174.69669486396015, 9.929328187940916, 44.48082757993825, -34.55149939199733
time_dim: 0.0012146271765232086, 2.8075862301810584, 0.0019285675097200229, 2.8056576626713383
warehouse: 2.907589077949524e-06, 0, 0.0014396793738789108, -0.0014396793738789108
warehouse had no query dependencies
web_page: 7.394980639219284e-05, 0.14828038204987842, 0.0014292780144689763, 0.14685110403540944
web_returns: 6.285572262480855, 0, 1.5684357872431776, -1.5684357872431776
web_returns had no query dependencies
web_sales: 67.01082486007363, 0.14828038204987842, 16.86810186047477, -16.71982147842489
web_site: 1.0454095900058746e-05, 0, 0.0017657186573997487, -0.0017657186573997487
web_site had no query dependencies

Round 1
customer: 0.8535048151388764, 0.007648693534533182, 0.21895873638952854, -0.21131004285499536
customer_address: 0.2449320713058114, 0.007648693534533182, 0.07910931191171468, -0.0714606183771815
customer_demographics: 0.011580578982830048, 0.007648693534533182, 0.0073365014912301, 0.00031219204330308267
household_demographics: 3.5176053643226624e-05, 0.007648693534533182, 0.001276205181385006, 0.0063724883531481764
income_band: 5.122274160385132e-07, 0.007648693534533182, 0.0011116392946318697, 0.006537054239901313
item: 0.03489831369370222, 0, 0.012467410763651692, -0.012467410763651692
item had no query dependencies
reason: 1.4491379261016846e-06, 0, 0.0013573774182903389, -0.0013573774182903389
reason had no query dependencies
store: 9.930133819580078e-05, 0, 0.0014219383692546659, -0.0014219383692546659
store had no query dependencies
store_returns: 20.850121902301908, 0.007648693534533182, 5.3378739659887335, -5.3302252724542
time_dim: 0.0012146271765232086, 0, 0.0019284279196445085, -0.0019284279196445085
time_dim had no query dependencies
web_page: 7.394980639219284e-05, 0, 0.001429269515073678, -0.001429269515073678
web_page had no query dependencies

Round 2
customer_demographics: 0.011580578982830048, 0, 0.007336492919633754, -0.007336492919633754
customer_demographics had no query dependencies
household_demographics: 3.5176053643226624e-05, 0, 0.001276205155348749, -0.001276205155348749
household_demographics had no query dependencies
income_band: 5.122274160385132e-07, 0, 0.0011116392942527344, -0.0011116392942527344
income_band had no query dependencies
store_returns: 20.850121902301908, 0, 5.337857497929205, -5.337857497929205
store_returns had no query dependencies

Round 3
store_returns: 20.850121902301908, 0, 5.337856448966751, -5.337856448966751
store_returns had no query dependencies
Function: 99.69066103847791, 0, 94.33101177215576, 5.024010623375497, 0.3337767170111338, 5.047540316044241e-05, 0.0018114505323588849
hiya: 0b10000000000000000, 99.69066103847791

Round 0
call_center: 9.615905582904816e-06, 0.9618653701686859, 0.001227785356494551, 0.9606375848121913
catalog_page: 0.0017016949132084846, 6.260055239159266, 0.005068506114507277, 6.254986733044759
catalog_returns: 13.009788101539016, 12.91888596262296, 3.2757211732706044, 9.643164789352356
catalog_sales: 132.3057429259643, 45.66340983760357, 33.50451055576585, 12.15889928183772
customer: 0.8535048151388764, 11.812028834857935, 0.2199525080480064, 11.592076326809929
customer_address: 0.2449320713058114, 11.616073370410602, 0.07939449665396642, 11.536678873756635
customer_demographics: 0.011580578982830048, 7.213294137741724, 0.007349985247827335, 7.205944152493897
date_dim: 0.001992875710129738, 68.95259225355463, 0.002173694484724124, 68.9504185590699
income_band: 5.122274160385132e-07, 0, 0.001111639891041437, -0.001111639891041437
income_band had no query dependencies
inventory: 5.1357166497036815, 1.1915504617611568, 1.45251979411912, -0.26096933235796316
item: 0.03489831369370222, 52.54076268619379, 0.012508098605700338, 52.52825458758809
promotion: 7.638614624738693e-05, 5.978764503852526, 0.0048918280183153275, 5.973872675834211
reason: 1.4491379261016846e-06, 3.0721825358247754, 0.0013573791078872381, 3.070825156716888
store: 9.930133819580078e-05, 28.353542919208206, 0.0014220541479049204, 28.3521208650603
store_returns: 20.850121902301908, 16.893988572034836, 5.3621837992231045, 11.531804772811732
store_sales: 174.69669486396015, 69.38702282837387, 44.667644690812594, 24.71937813756128
time_dim: 0.0012146271765232086, 0.67573625816981, 0.0019298664074472191, 0.6738063917623628
warehouse: 2.907589077949524e-06, 1.0858120308351515, 0.001439682483195842, 1.0843723483519556
web_page: 7.394980639219284e-05, 2.4113959401814142, 0.0014293570948957163, 2.4099665830865185
web_returns: 6.285572262480855, 12.995202193533581, 1.5751574510455923, 11.420044742487988
web_sales: 67.01082486007363, 42.219677007905645, 16.939761880759722, 25.279915127145923
web_site: 1.0454095900058746e-05, 6.817212808982531, 0.001765729836798388, 6.8154470791457324

Round 1
call_center: 9.615905582904816e-06, 0.9618653701686859, 0.0012277843009427644, 0.9606375858677432
catalog_page: 0.0017016949132084846, 6.260055239159266, 0.005068319317009105, 6.254986919842257
catalog_returns: 13.009788101539016, 12.91888596262296, 3.274293070118704, 9.644592892504257
catalog_sales: 132.3057429259643, 45.529008634460766, 33.489987164069355, 12.039021470391411
customer: 0.8535048151388764, 11.812028834857935, 0.21985881759685158, 11.592170017261084
customer_address: 0.2449320713058114, 11.616073370410602, 0.07936761010821307, 11.53670576030239
customer_demographics: 0.011580578982830048, 7.213294137741724, 0.007348714031016028, 7.205945423710708
date_dim: 0.001992875710129738, 67.76104179179347, 0.0021734757238910675, 67.75886831606958
item: 0.03489831369370222, 51.34921222443263, 0.012504213330576648, 51.33670801110205
promotion: 7.638614624738693e-05, 5.978764503852526, 0.004891819514145286, 5.973872684338381
reason: 1.4491379261016846e-06, 3.0721825358247754, 0.0013573789465528086, 3.0708251568782226
store: 9.930133819580078e-05, 28.353542919208206, 0.0014220430925564462, 28.35212087611565
store_returns: 20.850121902301908, 16.893988572034836, 5.359862527752399, 11.534126044282438
store_sales: 174.69669486396015, 69.20148708469387, 44.64819547820297, 24.553291606490895
time_dim: 0.0012146271765232086, 0.67573625816981, 0.001929731181407505, 0.6738065269884025
warehouse: 2.907589077949524e-06, 0.21419851589679717, 0.001439682159490129, 0.21275883373730703
web_page: 7.394980639219284e-05, 2.4113959401814142, 0.0014293488619665925, 2.4099665913194475
web_returns: 6.285572262480855, 12.995202193533581, 1.5744576700256863, 11.420744523507896
web_sales: 67.01082486007363, 42.219677007905645, 16.932301477568554, 25.28737553033709
web_site: 1.0454095900058746e-05, 6.817212808982531, 0.0017657286729301535, 6.8154470803096014
Function: 124.94939322020741, 7.1862524958992, 12.11369514465332, 100.07212685853484, 5.503013207777341, 0.038222829224813175, 0.03608268411790729
hiya: 0b111111111011100011111111, 124.94939322020741

Round 0
call_center: 9.615905582904816e-06, 0.979986537357966, 0.0012277861236407437, 0.9787587512343253
catalog_page: 0.0017016949132084846, 6.260055239159266, 0.005068641873824255, 6.254986597285442
catalog_returns: 13.009788101539016, 13.282648410294852, 3.2767590796150197, 10.005889330679832
catalog_sales: 132.3057429259643, 46.00905111808618, 33.515065759963925, 12.493985358122252
customer: 0.8535048151388764, 15.217291482254659, 0.2200205997075867, 14.997270882547072
customer_address: 0.2449320713058114, 14.168387141011555, 0.0794140370606798, 14.088973103950876
customer_demographics: 0.011580578982830048, 8.478551229642232, 0.007350909133466707, 8.471200320508766
date_dim: 0.001992875710129738, 73.6049908256626, 0.002173853474119419, 73.60281697218848
household_demographics: 3.5176053643226624e-05, 7.45998480228901, 0.0012762489450862209, 7.458708553343923
inventory: 5.1357166497036815, 1.5371917422437669, 1.4529295216696263, 0.08426222057414057
item: 0.03489831369370222, 52.8864039666764, 0.012510882793684569, 52.87389308388271
promotion: 7.638614624738693e-05, 6.324405784335136, 0.0048918341124032086, 6.319513950222733
reason: 1.4491379261016846e-06, 3.0721825358247754, 0.0013573792234994834, 3.070825156601276
store: 9.930133819580078e-05, 35.30148489177545, 0.0014220620701671548, 35.30006282970528
store_returns: 20.850121902301908, 16.893988572034836, 5.3638472222578, 11.530141349777036
store_sales: 174.69669486396015, 76.33496480094114, 44.68158199572062, 31.653382805220517
time_dim: 0.0012146271765232086, 3.4833224883508684, 0.0019299633104213822, 3.481392525040447
warehouse: 2.907589077949524e-06, 1.4314533113177617, 0.0014396827151633416, 1.4300136286025984
web_page: 7.394980639219284e-05, 2.559676322231293, 0.0014293629946123673, 2.5582469592366803
web_returns: 6.285572262480855, 12.995202193533581, 1.5756589140939452, 11.419543279439637
web_sales: 67.01082486007363, 42.36795738995553, 16.945108005361224, 25.422849384594304
web_site: 1.0454095900058746e-05, 6.817212808982531, 0.0017657306708263138, 6.8154470783117045
Function: 117.7538069700068, 7.72087541208585, 2.927536964416504, 101.30962905888295, 5.7182369921414065, 0.040982129404434686, 0.03654641307565272
hiya: 0b111111111011110111111111, 117.7538069700068

Round 0
call_center: 9.615905582904816e-06, 0.979986537357966, 0.0012277861824043456, 0.9787587511755617
catalog_page: 0.0017016949132084846, 6.260055239159266, 0.00506865227302394, 6.254986586886242
catalog_returns: 13.009788101539016, 15.512889442818958, 3.2768385835162688, 12.23605085930269
catalog_sales: 132.3057429259643, 48.10489094746748, 33.515874291404884, 14.589016656062597
customer: 0.8535048151388764, 17.80082248879592, 0.2200258155467694, 17.58079667324915
customer_address: 0.2449320713058114, 16.751918147552807, 0.07941553386101644, 16.67250261369179
customer_demographics: 0.011580578982830048, 10.716440955700874, 0.00735097990335171, 10.709089975797522
date_dim: 0.001992875710129738, 74.64368139642554, 0.0021738656527492644, 74.64150753077278
household_demographics: 3.5176053643226624e-05, 9.69787452834765, 0.0012762491600500213, 9.6965982791876
income_band: 5.122274160385132e-07, 2.583531006541252, 0.0011116399350413416, 2.5824193666062105
item: 0.03489831369370222, 53.92509453743936, 0.012511042185843048, 53.912583495253514
promotion: 7.638614624738693e-05, 8.554646816859245, 0.004891834461284041, 8.54975498239796
reason: 1.4491379261016846e-06, 3.0721825358247754, 0.0013573792301181764, 3.0708251565946574
store: 9.930133819580078e-05, 37.877367204782175, 0.0014220625237092593, 37.875945142258466
store_returns: 20.850121902301908, 19.477519578576086, 5.363942451670996, 14.113577126905088
store_sales: 174.69669486396015, 78.72531137026785, 44.68237989339321, 34.042931476874635
time_dim: 0.0012146271765232086, 3.4833224883508684, 0.0019299688580260348, 3.4813925194928426
warehouse: 2.907589077949524e-06, 0.21419851589679717, 0.0014396827284432641, 0.2127588331683539
web_page: 7.394980639219284e-05, 2.559676322231293, 0.0014293633323656286, 2.5582469588989274
web_returns: 6.285572262480855, 12.995202193533581, 1.5756876223845229, 11.419514571149058
web_sales: 67.01082486007363, 42.36795738995553, 16.945414065995262, 25.422543323960266
web_site: 1.0454095900058746e-05, 6.817212808982531, 0.0017657307185736327, 6.815447078263958
Function: 115.25565950752578, 7.759173789695103, 1.8428993225097656, 100.07213545792355, 5.505392487037977, 0.03995576315800191, 0.03610268720137477
hiya: 0b111111111011101111111111, 115.25565950752578

Round 0
call_center: 9.615905582904816e-06, 0.4279152788766225, 0.0012277793809145005, 0.426687499495708
catalog_page: 0.0017016949132084846, 2.5065956021372475, 0.00506744863592789, 2.5015281535013196
catalog_returns: 13.009788101539016, 7.103359538610777, 3.2676365441558546, 3.835722994454922
catalog_sales: 132.3057429259643, 11.07017875933965, 33.42229224037443, -22.352113481034785
customer: 0.8535048151388764, 8.292642676461538, 0.21942211740488482, 8.073220559056653
customer_address: 0.2449320713058114, 6.650150912930171, 0.07924228933595633, 6.570908623594215
customer_demographics: 0.011580578982830048, 2.5755475047953924, 0.007342788767355899, 2.5682047160280366
date_dim: 0.001992875710129738, 22.855744836832685, 0.0021724560586358246, 22.85357238077405
household_demographics: 3.5176053643226624e-05, 7.121992215340932, 0.001276224279442617, 7.1207159910614894
income_band: 5.122274160385132e-07, 0.007648693534533182, 0.0011116395727343766, 0.006537053961798806
inventory: 5.1357166497036815, 0, 1.449328370118586, -1.449328370118586
inventory had no query dependencies
promotion: 7.638614624738693e-05, 0, 0.004891780548363322, -0.004891780548363322
promotion had no query dependencies
reason: 1.4491379261016846e-06, 3.0721825358247754, 0.0013573782073246208, 3.070825157617451
store: 9.930133819580078e-05, 15.815872371466954, 0.0014219924373724503, 15.814450379029582
store_returns: 20.850121902301908, 7.784641724913915, 5.349226550629715, 2.4354151742842003
store_sales: 174.69669486396015, 29.049226269323036, 44.55907992968542, -15.509853660362381
time_dim: 0.0012146271765232086, 2.8075862301810584, 0.0019291115808640345, 2.805657118600194
warehouse: 2.907589077949524e-06, 0, 0.0014396806762829294, -0.0014396806762829294
warehouse had no query dependencies
web_page: 7.394980639219284e-05, 2.559676322231293, 0.0014293111390001419, 2.5582470110922926
web_returns: 6.285572262480855, 7.375753118228912, 1.5712513001492905, 5.804501818079622
web_sales: 67.01082486007363, 13.644631242488222, 16.898118195402457, -3.253486952914235
web_site: 1.0454095900058746e-05, 3.0637531719605127, 0.0017657233401304053, 3.0619874486203824

Round 1
call_center: 9.615905582904816e-06, 0.018121167189280193, 0.001227774337478613, 0.01689339285180158
catalog_page: 0.0017016949132084846, 0, 0.005066556115808941, -0.005066556115808941
catalog_page had no query dependencies
catalog_returns: 13.009788101539016, 0.018121167189280193, 3.260813054508116, -3.242691887318836
customer: 0.8535048151388764, 0.06492295695622761, 0.2189645773535882, -0.15404162039736058
customer_address: 0.2449320713058114, 0.025769860723813376, 0.07911098810545159, -0.05334112738163821
customer_demographics: 0.011580578982830048, 0.025769860723813376, 0.007336580742974705, 0.01843327998083867
date_dim: 0.001992875710129738, 0.057274263421694435, 0.0021713877337260325, 0.0551028756879684
household_demographics: 3.5176053643226624e-05, 0.025769860723813376, 0.001276205422544445, 0.02449365530126893
income_band: 5.122274160385132e-07, 0.007648693534533182, 0.0011116392981435905, 0.0065370542363895915
reason: 1.4491379261016846e-06, 0, 0.0013573774281823092, -0.0013573774281823092
reason had no query dependencies
store: 9.930133819580078e-05, 0.03915309623241424, 0.0014219390470962075, 0.03773115718531803
store_returns: 20.850121902301908, 0.04680178976694742, 5.338016291147975, -5.2912145013810274
time_dim: 0.0012146271765232086, 0, 0.0019284362108193578, -0.0019284362108193578
time_dim had no query dependencies
web_page: 7.394980639219284e-05, 0, 0.0014292700198629555, -0.0014292700198629555
web_page had no query dependencies
web_returns: 6.285572262480855, 0, 1.5677562631672493, -1.5677562631672493
web_returns had no query dependencies
web_site: 1.0454095900058746e-05, 0, 0.0017657174682947716, -0.0017657174682947716
web_site had no query dependencies

Round 2
call_center: 9.615905582904816e-06, 0, 0.0012277742770175496, -0.0012277742770175496
call_center had no query dependencies
customer_demographics: 0.011580578982830048, 0, 0.007336493022564912, -0.007336493022564912
customer_demographics had no query dependencies
date_dim: 0.001992875710129738, 0, 0.002171372638118618, -0.002171372638118618
date_dim had no query dependencies
household_demographics: 3.5176053643226624e-05, 0, 0.0012762051560933595, -0.0012762051560933595
household_demographics had no query dependencies
income_band: 5.122274160385132e-07, 0, 0.0011116392942635773, -0.0011116392942635773
income_band had no query dependencies
store: 9.930133819580078e-05, 0, 0.0014219382939324305, -0.0014219382939324305
store had no query dependencies
store_returns: 20.850121902301908, 0, 5.337858150715572, -5.337858150715572
store_returns had no query dependencies

Round 3
store_returns: 20.850121902301908, 0, 5.337856448966751, -5.337856448966751
store_returns had no query dependencies
Function: 99.69066103847791, 0, 94.33101177215576, 5.024010623375497, 0.3337767170111338, 5.047540316044241e-05, 0.0018114505323588849
hiya: 0b10000000000000000, 99.69066103847791

Round 0
call_center: 9.615905582904816e-06, 0.979986537357966, 0.0012277852963592957, 0.9787587520616068
catalog_page: 0.0017016949132084846, 2.5065956021372475, 0.005068495472570655, 2.501527106664677
catalog_returns: 13.009788101539016, 9.183547492790222, 3.2756398135983296, 5.907907679191892
catalog_sales: 132.3057429259643, 41.512330444690384, 33.50368315167591, 8.008647293014477
customer: 0.8535048151388764, 14.159655865497584, 0.2199471704612984, 13.939708695036286
customer_address: 0.2449320713058114, 13.11075152425448, 0.07939296491548647, 13.031358559338994
customer_demographics: 0.011580578982830048, 6.9805380861552555, 0.007349912826039721, 6.973188173329215
date_dim: 0.001992875710129738, 67.28058504132747, 0.002173682021822085, 67.27841135930565
household_demographics: 3.5176053643226624e-05, 7.121992215340932, 0.0012762459187985412, 7.120715969422133
income_band: 5.122274160385132e-07, 0.007648693534533182, 0.0011116398878428162, 0.006537053646690366
inventory: 5.1357166497036815, 1.1915504617611568, 1.4524877239687013, -0.26093726220754454
item: 0.03489831369370222, 46.561998182341256, 0.012507880682040243, 46.54949030165922
reason: 1.4491379261016846e-06, 3.0721825358247754, 0.001357379098786827, 3.0708251567259888
store: 9.930133819580078e-05, 30.48274094446182, 0.0014220535243045038, 30.481318890937516
store_returns: 20.850121902301908, 13.148177628547352, 5.3620528629745134, 7.786124765572838
store_sales: 174.69669486396015, 70.75382005297976, 44.66654761665764, 26.087272436322124
time_dim: 0.0012146271765232086, 3.4833224883508684, 0.0019298587797351764, 3.481392629571133
warehouse: 2.907589077949524e-06, 1.0858120308351515, 0.0014396824649365336, 1.084372348370215
web_page: 7.394980639219284e-05, 2.559676322231293, 0.001429356630499859, 2.558246965600793
web_returns: 6.285572262480855, 9.241742556511563, 1.5751179784105567, 7.666624578101006
web_sales: 67.01082486007363, 38.61449775293351, 16.93934106086892, 21.67515669206459
web_site: 1.0454095900058746e-05, 3.0637531719605127, 0.0017657297711479276, 3.061987442189365

Round 1
call_center: 9.615905582904816e-06, 0.979986537357966, 0.0012277847447371907, 0.9787587526132289
catalog_page: 0.0017016949132084846, 2.5065956021372475, 0.005068397853836576, 2.501527204283411
catalog_returns: 13.009788101539016, 9.183547492790222, 3.274893499417535, 5.9086539933726865
catalog_sales: 132.3057429259643, 41.377929241547584, 33.496093354565026, 7.881835886982557
customer: 0.8535048151388764, 14.159655865497584, 0.21989820865331636, 13.939757656844268
customer_address: 0.2449320713058114, 13.11075152425448, 0.079378914242507, 13.031372610011973
customer_demographics: 0.011580578982830048, 6.9805380861552555, 0.007349248499284416, 6.973188837655971
date_dim: 0.001992875710129738, 66.08903457956632, 0.002173567699329557, 66.08686101186699
household_demographics: 3.5176053643226624e-05, 7.121992215340932, 0.0012762439009034415, 7.1207159714400285
income_band: 5.122274160385132e-07, 0.007648693534533182, 0.0011116398584585876, 0.006537053676074595
item: 0.03489831369370222, 45.3704477205801, 0.012505824563964162, 45.357941896016136
reason: 1.4491379261016846e-06, 3.0721825358247754, 0.001357379013407381, 3.070825156811368
store: 9.930133819580078e-05, 30.48274094446182, 0.0014220476737273602, 30.481318896788093
store_returns: 20.850121902301908, 13.148177628547352, 5.360824427901459, 7.787353200645892
store_sales: 174.69669486396015, 70.56828430929976, 44.65625494076235, 25.912029368537404
time_dim: 0.0012146271765232086, 3.4833224883508684, 0.001929787217054089, 3.481392701133814
warehouse: 2.907589077949524e-06, 0.21419851589679717, 0.0014396822936289307, 0.21275883360316825
web_page: 7.394980639219284e-05, 2.559676322231293, 0.0014293522735691782, 2.5582469699577235
web_returns: 6.285572262480855, 9.241742556511563, 1.5747476488049252, 7.666994907706638
web_sales: 67.01082486007363, 38.61449775293351, 16.935392956972063, 21.679104795961447
web_site: 1.0454095900058746e-05, 3.0637531719605127, 0.0017657291552197272, 3.061987442805293
Function: 123.80354599933028, 7.1470601619132355, 11.009659767150879, 100.07211705204506, 5.500519080818495, 0.03809725680101272, 0.036092680601611735
hiya: 0b111111111010101111111111, 123.80354599933028

Round 0
call_center: 9.615905582904816e-06, 0.979986537357966, 0.0012277862512949536, 0.9787587511066711
catalog_page: 0.0017016949132084846, 6.260055239159266, 0.00506866446436632, 6.254986574694899
catalog_returns: 13.009788101539016, 15.858530723301568, 3.276931788696473, 12.581598934605095
catalog_sales: 132.3057429259643, 48.58493343109289, 33.51682216084866, 15.06811127024423
customer: 0.8535048151388764, 17.80082248879592, 0.22003193025590062, 17.58079055854002
customer_address: 0.2449320713058114, 16.608766858881314, 0.07941728861195209, 16.52934957026936
customer_demographics: 0.011580578982830048, 10.91893094751199, 0.007351062869341819, 10.911579884642649
date_dim: 0.001992875710129738, 76.03772184999782, 0.0021738799301793225, 76.03554797006764
household_demographics: 3.5176053643226624e-05, 10.04351580883026, 0.0012762494120595385, 10.042239559418201
income_band: 5.122274160385132e-07, 2.583531006541252, 0.0011116399387110594, 2.5824193666025406
inventory: 5.1357166497036815, 1.5371917422437669, 1.4529977413472128, 0.08419400089655404
item: 0.03489831369370222, 55.46228627968311, 0.012511346361258656, 55.449774933321855
promotion: 7.638614624738693e-05, 8.900288097341855, 0.0048918351270694415, 8.895396262214787
store: 9.930133819580078e-05, 37.877367204782175, 0.0014220633882472272, 37.87594514139393
store_returns: 20.850121902301908, 18.947688355628646, 5.364123977140323, 13.583564378488322
store_sales: 174.69669486396015, 75.98181586679458, 44.68390083891447, 31.29791502788011
time_dim: 0.0012146271765232086, 3.4833224883508684, 0.0019299794328211995, 3.4813925089180473
warehouse: 2.907589077949524e-06, 1.4314533113177617, 0.0014396827537573355, 1.4300136285640044
web_page: 7.394980639219284e-05, 2.4165250335597994, 0.0014293639761879225, 2.4150956695836117
web_returns: 6.285572262480855, 12.852050904862088, 1.5757423458753628, 11.276308558986726
web_sales: 67.01082486007363, 42.22480610128403, 16.945997476082248, 25.278808625201783
web_site: 1.0454095900058746e-05, 6.817212808982531, 0.0017657308095891517, 6.815447078172942
Function: 118.24246571759153, 7.8040723057492585, 3.332991600036621, 101.30962883312655, 5.717991478877068, 0.04123508680732357, 0.03654641299470365
hiya: 0b111111111001111111111111, 118.24246571759153

Round 0
call_center: 9.615905582904816e-06, 0.979986537357966, 0.0012277818780582596, 0.9787587554799078
catalog_page: 0.0017016949132084846, 0, 0.005067890547175428, -0.005067890547175428
catalog_page had no query dependencies
catalog_returns: 13.009788101539016, 4.754348519625664, 3.271015041467874, 1.4833334781577898
catalog_sales: 132.3057429259643, 34.481332032017704, 33.45665057068322, 1.024681461334481
customer: 0.8535048151388764, 8.499187288208006, 0.2196437631151175, 8.279543525092889
customer_address: 0.2449320713058114, 7.68782892066002, 0.07930589547143489, 7.608523025188585
customer_demographics: 0.011580578982830048, 4.643839781939189, 0.007345796114951398, 4.636493985824237
date_dim: 0.001992875710129738, 41.95620422743638, 0.0021729735862986363, 41.95403125385008
household_demographics: 3.5176053643226624e-05, 0.5196915232563019, 0.0012762334142726198, 0.5184152898420292
income_band: 5.122274160385132e-07, 0.007648693534533182, 0.001111639705754141, 0.006537053828779041
inventory: 5.1357166497036815, 1.5371917422437669, 1.4506620586276449, 0.08652968361612201
item: 0.03489831369370222, 33.400791446367904, 0.012495474888240155, 33.388295971479664
promotion: 7.638614624738693e-05, 1.5056618370215098, 0.004891800387263106, 1.5007700366342467
reason: 1.4491379261016846e-06, 3.0721825358247754, 0.0013573785836926337, 3.070825157241083
store_returns: 20.850121902301908, 4.304073360851606, 5.354641502803893, -1.0505681419522865
store_sales: 174.69669486396015, 41.07263300539811, 44.604450131936886, -3.531817126538776
time_dim: 0.0012146271765232086, 0.8240166402196885, 0.001929427029766499, 0.822087213189922
warehouse: 2.907589077949524e-06, 1.4314533113177617, 0.001439681431408289, 1.4300136298863533
web_page: 7.394980639219284e-05, 0.29143167072137194, 0.0014293303443873708, 0.2900023403769846
web_returns: 6.285572262480855, 4.466902302864392, 1.572883716177751, 2.8940185866866415
web_sales: 67.01082486007363, 33.3443923238198, 16.915521470715174, 16.428870853104623
web_site: 1.0454095900058746e-05, 0.5571575698232651, 0.001765726055147113, 0.555391843768118

Round 1
call_center: 9.615905582904816e-06, 0.979986537357966, 0.0012277756752655483, 0.9787587616827005
catalog_returns: 13.009788101539016, 1.0083352169036863, 3.2626225666578716, -2.2542873497541853
catalog_sales: 132.3057429259643, 5.051037640597025, 33.37130155453796, -28.320263913940934
customer: 0.8535048151388764, 2.3601088227955502, 0.21909317631036998, 2.1410156464851804
customer_address: 0.2449320713058114, 3.4702117929776506, 0.07914789241846029, 3.3910639005591903
customer_demographics: 0.011580578982830048, 3.030863269453049, 0.0073383256076195265, 3.0235249438454295
date_dim: 0.001992875710129738, 7.160201116429966, 0.0021716880035461583, 7.15802942842642
household_demographics: 3.5176053643226624e-05, 0.5196915232563019, 0.0012762107225775814, 0.5184153125337243
income_band: 5.122274160385132e-07, 0.007648693534533182, 0.0011116393753217272, 0.006537054159211455
inventory: 5.1357166497036815, 1.3516559985637666, 1.4473490628833985, -0.09569306431963187
item: 0.03489831369370222, 5.600665435058276, 0.01247296236026506, 5.588192472698011
promotion: 7.638614624738693e-05, 0.7432610363737742, 0.004891751111379194, 0.738369285262395
reason: 1.4491379261016846e-06, 0.14315128867149352, 0.0013573776488692956, 0.14179391102262423
store_returns: 20.850121902301908, 0.02822883518218994, 5.341191312725098, -5.312962477542908
time_dim: 0.0012146271765232086, 0.14828038204987842, 0.0019286211722076743, 0.14635176087767074
warehouse: 2.907589077949524e-06, 1.4314533113177617, 0.0014396795023368162, 1.4300136318154248
web_page: 7.394980639219284e-05, 0.29143167072137194, 0.001429281281587191, 0.29000238943978474
web_returns: 6.285572262480855, 0.7208890001424154, 1.5687134851659954, -0.84782448502358
web_sales: 67.01082486007363, 1.6417220303567248, 16.87106241300569, -15.229340382648964
web_site: 1.0454095900058746e-05, 0.5571575698232651, 0.0017657191192639345, 0.5553918507040012

Round 2
call_center: 9.615905582904816e-06, 0, 0.0012277742834474416, -0.0012277742834474416
call_center had no query dependencies
customer: 0.8535048151388764, 0.007648693534533182, 0.21895889616642827, -0.2113102026318951
customer_address: 0.2449320713058114, 0.007648693534533182, 0.07910935776322753, -0.07146066422869435
customer_demographics: 0.011580578982830048, 0.007648693534533182, 0.007336503659125317, 0.00031218987540786516
date_dim: 0.001992875710129738, 0, 0.002171374468540301, -0.002171374468540301
date_dim had no query dependencies
household_demographics: 3.5176053643226624e-05, 0.007648693534533182, 0.001276205188401953, 0.0063724883461312295
income_band: 5.122274160385132e-07, 0.007648693534533182, 0.0011116392947340492, 0.006537054239799133
item: 0.03489831369370222, 0, 0.012467417725194897, -0.012467417725194897
item had no query dependencies
promotion: 7.638614624738693e-05, 0, 0.004891738975167998, -0.004891738975167998
promotion had no query dependencies
reason: 1.4491379261016846e-06, 0, 0.0013573774186306361, -0.0013573774186306361
reason had no query dependencies
store_returns: 20.850121902301908, 0.007648693534533182, 5.337878650740013, -5.330229957205479
time_dim: 0.0012146271765232086, 0, 0.0019284281925554415, -0.0019284281925554415
time_dim had no query dependencies
warehouse: 2.907589077949524e-06, 0, 0.0014396790403798142, -0.0014396790403798142
warehouse had no query dependencies
web_page: 7.394980639219284e-05, 0, 0.0014292695324610424, -0.0014292695324610424
web_page had no query dependencies
web_site: 1.0454095900058746e-05, 0, 0.001765717394906863, -0.001765717394906863
web_site had no query dependencies

Round 3
customer_demographics: 0.011580578982830048, 0, 0.007336492919633754, -0.007336492919633754
customer_demographics had no query dependencies
household_demographics: 3.5176053643226624e-05, 0, 0.001276205155348749, -0.001276205155348749
household_demographics had no query dependencies
income_band: 5.122274160385132e-07, 0, 0.0011116392942527344, -0.0011116392942527344
income_band had no query dependencies
store_returns: 20.850121902301908, 0, 5.337857497929205, -5.337857497929205
store_returns had no query dependencies

Round 4
store_returns: 20.850121902301908, 0, 5.337856448966751, -5.337856448966751
store_returns had no query dependencies
Function: 99.69066103847791, 0, 94.33101177215576, 5.024010623375497, 0.3337767170111338, 5.047540316044241e-05, 0.0018114505323588849
hiya: 0b10000000000000000, 99.69066103847791

Round 0
call_center: 9.615905582904816e-06, 0.979986537357966, 0.0012277840294291143, 0.9787587533285369
catalog_page: 0.0017016949132084846, 0, 0.005068271268139079, -0.005068271268139079
catalog_page had no query dependencies
catalog_returns: 13.009788101539016, 0.9877550752560296, 3.273925727175672, -2.286170651919642
catalog_sales: 132.3057429259643, 31.230583904762266, 33.48625139369345, -2.2556674889311843
customer: 0.8535048151388764, 14.184745940604206, 0.2198347181289557, 13.96491122247525
customer_address: 0.2449320713058114, 13.174994695593515, 0.07936069423324153, 13.095634001360274
customer_demographics: 0.011580578982830048, 8.478551229642232, 0.0073483870430641595, 8.471202842599167
date_dim: 0.001992875710129738, 58.23422592199325, 0.0021734194532721505, 58.23205250253998
household_demographics: 3.5176053643226624e-05, 7.45998480228901, 0.0012762412842268263, 7.458708561004783
income_band: 5.122274160385132e-07, 0, 0.0011116398203550098, -0.0011116398203550098
income_band had no query dependencies
inventory: 5.1357166497036815, 1.5371917422437669, 1.451811074809532, 0.08538066743423478
item: 0.03489831369370222, 43.76940842602093, 0.01250328270356364, 43.75690514331737
promotion: 7.638614624738693e-05, 2.570946147313118, 0.004891817477169753, 2.566054329835948
reason: 1.4491379261016846e-06, 2.542351312877337, 0.00135737890790891, 2.540993933969428
store: 9.930133819580078e-05, 22.703920987057682, 0.001422040444505639, 22.702498946613176
store_sales: 174.69669486396015, 59.50070946678638, 44.6431139553453, 14.857595511441083
time_dim: 0.0012146271765232086, 3.4833224883508684, 0.0019296958507118334, 3.4813927925001567
warehouse: 2.907589077949524e-06, 1.4314533113177617, 0.0014396820749150866, 1.4300136292428465
web_page: 7.394980639219284e-05, 0.29143167072137194, 0.0014293467109377377, 0.2900023240104342
web_returns: 6.285572262480855, 0.7003088584947587, 1.5742748372643096, -0.873965978769551
web_sales: 67.01082486007363, 30.09364419656436, 16.93035228763967, 13.163291908924688
web_site: 1.0454095900058746e-05, 0.5571575698232651, 0.0017657283688446795, 0.5553918414544204

Round 1
call_center: 9.615905582904816e-06, 0, 0.0012277782289281435, -0.0012277782289281435
call_center had no query dependencies
customer: 0.8535048151388764, 6.836181043866476, 0.21930909581721933, 6.616871948049257
customer_address: 0.2449320713058114, 6.412758658386867, 0.07920985529331454, 6.333548803093552
customer_demographics: 0.011580578982830048, 4.604760941885313, 0.007341255260573618, 4.597419686624739
date_dim: 0.001992875710129738, 26.28521199154695, 0.0021721921609134174, 26.28303979938604
household_demographics: 3.5176053643226624e-05, 7.096222354617119, 0.0012762196214098091, 7.094946134995709
inventory: 5.1357166497036815, 1.0571492586183548, 1.4486482542282773, -0.3914989956099224
item: 0.03489831369370222, 16.93355902086417, 0.012481790648543841, 16.921077230215626
promotion: 7.638614624738693e-05, 1.8276851109393437, 0.004891770434918018, 1.8227933405044257
reason: 1.4491379261016846e-06, 2.3992000242058436, 0.0013573780154602858, 2.3978426461903832
store: 9.930133819580078e-05, 22.208655811591143, 0.001421979289979871, 22.207233832301164
store_sales: 174.69669486396015, 33.32116320262114, 44.535527353575745, -11.214364150954601
time_dim: 0.0012146271765232086, 2.8075862301810584, 0.001928947825052614, 2.8056572823560058
warehouse: 2.907589077949524e-06, 0.8716135149383545, 0.0014396802842823074, 0.8701738346540722
web_page: 7.394980639219284e-05, 0.14828038204987842, 0.0014293011691009134, 0.1468510808807775
web_sales: 67.01082486007363, 3.3322299577331544, 16.88905505859935, -13.556825100866195
web_site: 1.0454095900058746e-05, 0, 0.0017657219262259877, -0.0017657219262259877
web_site had no query dependencies

Round 2
customer: 0.8535048151388764, 0, 0.21895831786502146, -0.21895831786502146
customer had no query dependencies
customer_address: 0.2449320713058114, 0, 0.07910919180685692, -0.07910919180685692
customer_address had no query dependencies
customer_demographics: 0.011580578982830048, 0, 0.0073364958125789375, -0.0073364958125789375
customer_demographics had no query dependencies
date_dim: 0.001992875710129738, 0, 0.002171373118245837, -0.002171373118245837
date_dim had no query dependencies
household_demographics: 3.5176053643226624e-05, 0, 0.0012762051645680379, -0.0012762051645680379
household_demographics had no query dependencies
item: 0.03489831369370222, 0, 0.012467393798122913, -0.012467393798122913
item had no query dependencies
promotion: 7.638614624738693e-05, 0, 0.004891738922795931, -0.004891738922795931
promotion had no query dependencies
reason: 1.4491379261016846e-06, 0, 0.0013573774176370746, -0.0013573774176370746
reason had no query dependencies
store: 9.930133819580078e-05, 0, 0.001421938324490101, -0.001421938324490101
store had no query dependencies
time_dim: 0.0012146271765232086, 0, 0.0019284244316437685, -0.0019284244316437685
time_dim had no query dependencies
warehouse: 2.907589077949524e-06, 0, 0.0014396790313768988, -0.0014396790313768988
warehouse had no query dependencies
web_page: 7.394980639219284e-05, 0, 0.0014292693034865097, -0.0014292693034865097
web_page had no query dependencies
Function: 94.33101177215576, 0, 94.33101177215576, 0.0, 0, 0.0, 0
hiya: 0b0, 94.33101177215576

Round 0
call_center: 9.615905582904816e-06, 0.979986537357966, 0.001227775881318509, 0.9787587614766475
catalog_page: 0.0017016949132084846, 0, 0.005066829324034129, -0.005066829324034129
catalog_page had no query dependencies
catalog_returns: 13.009788101539016, 1.0083352169036863, 3.262901784450068, -2.2545665675463815
catalog_sales: 132.3057429259643, 5.051037640597025, 33.374141117884136, -28.323103477287113
customer: 0.8535048151388764, 2.3992619190279645, 0.21911149434355023, 2.180150424684414
customer_address: 0.2449320713058114, 3.4702117929776506, 0.07915314918295595, 3.3910586437946946
customer_demographics: 0.011580578982830048, 3.030863269453049, 0.007338574151536668, 3.023524695301512
date_dim: 0.001992875710129738, 7.19935421266238, 0.002171730774908118, 7.197182481887472
household_demographics: 3.5176053643226624e-05, 0.5196915232563019, 0.001276211477530695, 0.5184153117787712
income_band: 5.122274160385132e-07, 0.007648693534533182, 0.0011116393863152196, 0.006537054148217963
inventory: 5.1357166497036815, 1.3516559985637666, 1.4474592863131026, -0.095803287749336
item: 0.03489831369370222, 5.600665435058276, 0.012473711352487291, 5.588191723705789
promotion: 7.638614624738693e-05, 0.7432610363737742, 0.004891752750788764, 0.7383692836229854
reason: 1.4491379261016846e-06, 0.14315128867149352, 0.0013573776799708855, 0.14179391099152264
store: 9.930133819580078e-05, 0.03915309623241424, 0.001421956300762766, 0.037731139931651475
store_returns: 20.850121902301908, 0.06738193141460418, 5.341639012226513, -5.274257080811909
time_dim: 0.0012146271765232086, 0.14828038204987842, 0.001928647253013527, 0.1463517347968649
warehouse: 2.907589077949524e-06, 1.4314533113177617, 0.0014396795647693616, 1.4300136317529923
web_page: 7.394980639219284e-05, 0.29143167072137194, 0.0014292828694575932, 0.29000238785191434
web_returns: 6.285572262480855, 0.7208890001424154, 1.5688484506871183, -0.8479594505447029
web_sales: 67.01082486007363, 1.6417220303567248, 16.872501287704832, -15.230779257348107
web_site: 1.0454095900058746e-05, 0.5571575698232651, 0.0017657193437371317, 0.555391850479528

Round 1
call_center: 9.615905582904816e-06, 0, 0.0012277743320420363, -0.0012277743320420363
call_center had no query dependencies
customer: 0.8535048151388764, 0.04680178976694742, 0.21896320940767158, -0.17216141964072418
customer_address: 0.2449320713058114, 0.007648693534533182, 0.07911059554313576, -0.07146190200860258
customer_demographics: 0.011580578982830048, 0.007648693534533182, 0.007336562182322848, 0.00031213135221033403
date_dim: 0.001992875710129738, 0.03915309623241424, 0.0021713845396653295, 0.03698171169274891
household_demographics: 3.5176053643226624e-05, 0.007648693534533182, 0.0012762053661663929, 0.006372488168366789
income_band: 5.122274160385132e-07, 0.007648693534533182, 0.0011116392973226233, 0.006537054237210559
item: 0.03489831369370222, 0, 0.012467594086058098, -0.012467594086058098
item had no query dependencies
promotion: 7.638614624738693e-05, 0, 0.00489173936119028, -0.00489173936119028
promotion had no query dependencies
reason: 1.4491379261016846e-06, 0, 0.0013573774259539476, -0.0013573774259539476
reason had no query dependencies
store: 9.930133819580078e-05, 0.03915309623241424, 0.0014219388943990132, 0.03773115733801523
store_returns: 20.850121902301908, 0.04680178976694742, 5.33798422959498, -5.291182439828033
time_dim: 0.0012146271765232086, 0, 0.001928434343068475, -0.001928434343068475
time_dim had no query dependencies
warehouse: 2.907589077949524e-06, 0, 0.0014396790551029859, -0.0014396790551029859
warehouse had no query dependencies
web_page: 7.394980639219284e-05, 0, 0.001429269906921006, -0.001429269906921006
web_page had no query dependencies
web_site: 1.0454095900058746e-05, 0, 0.001765717447843315, -0.001765717447843315
web_site had no query dependencies

Round 2
customer_demographics: 0.011580578982830048, 0, 0.007336492919633754, -0.007336492919633754
customer_demographics had no query dependencies
date_dim: 0.001992875710129738, 0, 0.002171372620405427, -0.002171372620405427
date_dim had no query dependencies
household_demographics: 3.5176053643226624e-05, 0, 0.0012762051557807057, -0.0012762051557807057
household_demographics had no query dependencies
income_band: 5.122274160385132e-07, 0, 0.0011116392942590245, -0.0011116392942590245
income_band had no query dependencies
store: 9.930133819580078e-05, 0, 0.0014219382930498149, -0.0014219382930498149
store had no query dependencies
store_returns: 20.850121902301908, 0, 5.3378579653943365, -5.3378579653943365
store_returns had no query dependencies

Round 3
store_returns: 20.850121902301908, 0, 5.337856448966751, -5.337856448966751
store_returns had no query dependencies
Function: 99.69066103847791, 0, 94.33101177215576, 5.024010623375497, 0.3337767170111338, 5.047540316044241e-05, 0.0018114505323588849
hiya: 0b10000000000000000, 99.69066103847791

Round 0
call_center: 9.615905582904816e-06, 0.979986537357966, 0.001227786390660135, 0.9787587509673059
catalog_page: 0.0017016949132084846, 6.260055239159266, 0.00506868912736015, 6.254986550031906
catalog_returns: 13.009788101539016, 15.858530723301568, 3.2771203420741553, 12.581410381227412
catalog_sales: 132.3057429259643, 47.909197172923086, 33.5187396935956, 14.390457479327488
customer: 0.8535048151388764, 17.80082248879592, 0.22004430026642705, 17.580778188529493
customer_address: 0.2449320713058114, 16.751918147552807, 0.07942083845988097, 16.672497309092925
customer_demographics: 0.011580578982830048, 11.062082236183484, 0.007351230708915046, 11.054731005474569
date_dim: 0.001992875710129738, 75.5051368804995, 0.0021739088133128147, 75.50296297168619
household_demographics: 3.5176053643226624e-05, 7.235929578649203, 0.0012762499218728941, 7.23465332872733
income_band: 5.122274160385132e-07, 2.583531006541252, 0.0011116399461348705, 2.5824193665951167
inventory: 5.1357166497036815, 1.5371917422437669, 1.4530721742829042, 0.08411956796086262
item: 0.03489831369370222, 54.78655002151331, 0.012511852149275417, 54.77403816936403
promotion: 7.638614624738693e-05, 8.900288097341855, 0.004891836234148648, 8.895396261107706
reason: 1.4491379261016846e-06, 3.0721825358247754, 0.0013573792637515702, 3.070825156561024
store: 9.930133819580078e-05, 35.218061356650985, 0.001422064828418118, 35.21663929182257
store_returns: 20.850121902301908, 19.477519578576086, 5.364426367210569, 14.113093211365516
store_sales: 174.69669486396015, 75.57580500764686, 44.68643447138335, 30.889370536263513
warehouse: 2.907589077949524e-06, 1.4314533113177617, 0.0014396827958916844, 1.4300136285218699
web_page: 7.394980639219284e-05, 2.4113959401814142, 0.0014293650478066663, 2.4099665751336077
web_returns: 6.285572262480855, 12.995202193533581, 1.575833431131445, 11.419368762402136
web_sales: 67.01082486007363, 41.54394074973584, 16.946968540909406, 24.596972208826433
web_site: 1.0454095900058746e-05, 6.817212808982531, 0.0017657309610811657, 6.8154470780214504
Function: 118.65330936399968, 7.894901665623984, 3.6533021926879883, 101.30933650776832, 5.717711595079104, 0.04151109466415675, 0.03654630817612112
hiya: 0b111110111011111111111111, 118.65330936399968

Round 0
call_center: 9.615905582904816e-06, 0.979986537357966, 0.0012277860950759788, 0.97875875126289
catalog_page: 0.0017016949132084846, 6.260055239159266, 0.005068636818812569, 6.254986602340454
catalog_returns: 13.009788101539016, 15.298690926922161, 3.276720433068939, 12.021970493853221
catalog_sales: 132.3057429259643, 48.025093634713485, 33.51467273588461, 14.510420898828876
customer: 0.8535048151388764, 17.80082248879592, 0.22001806430786222, 17.580804424488058
customer_address: 0.2449320713058114, 16.751918147552807, 0.07941330947169016, 16.672504838081117
customer_demographics: 0.011580578982830048, 10.716440955700874, 0.007350874732492932, 10.70909008096838
date_dim: 0.001992875710129738, 74.74941982735155, 0.002173847554133454, 74.74724597979741
household_demographics: 3.5176053643226624e-05, 9.69787452834765, 0.0012762488405931294, 9.696598279507057
income_band: 5.122274160385132e-07, 2.583531006541252, 0.0011116399303894675, 2.5824193666108624
inventory: 5.1357166497036815, 0.31993694682280227, 1.4529143070432209, -1.1329773602204187
item: 0.03489831369370222, 54.03083296836535, 0.01251077940698292, 54.01832218895837
promotion: 7.638614624738693e-05, 8.554646816859245, 0.004891833886108271, 8.549754982973138
reason: 1.4491379261016846e-06, 3.0721825358247754, 0.0013573792192063938, 3.070825156605569
store: 9.930133819580078e-05, 37.877367204782175, 0.0014220617759856675, 37.87594514300619
store_returns: 20.850121902301908, 19.477519578576086, 5.363785453504405, 14.11373412507168
store_sales: 174.69669486396015, 78.91084711394785, 44.68106445452279, 34.22978265942506
time_dim: 0.0012146271765232086, 3.4833224883508684, 0.0019299597120728026, 3.4813925286387954
web_page: 7.394980639219284e-05, 2.559676322231293, 0.0014293627747633134, 2.5582469594565294
web_returns: 6.285572262480855, 12.995202193533581, 1.5756402274038461, 11.419561966129734
web_sales: 67.01082486007363, 42.36795738995553, 16.94490878555034, 25.42304860440519
web_site: 1.0454095900058746e-05, 6.817212808982531, 0.0017657306397468127, 6.8154470783427845

Round 1
call_center: 9.615905582904816e-06, 0.979986537357966, 0.0012277855495502826, 0.9787587518084158
catalog_page: 0.0017016949132084846, 6.260055239159266, 0.005068540278939687, 6.254986698880327
catalog_returns: 13.009788101539016, 15.298690926922161, 3.2759823669915313, 12.02270855993063
catalog_sales: 132.3057429259643, 47.890692431570685, 33.50716681957469, 14.383525611995992
customer: 0.8535048151388764, 17.80082248879592, 0.2199696436152236, 17.580852845180697
customer_address: 0.2449320713058114, 16.751918147552807, 0.07939941408371849, 16.67251873346909
customer_demographics: 0.011580578982830048, 10.716440955700874, 0.0073502177477336676, 10.70909073795314
date_dim: 0.001992875710129738, 74.42948288052874, 0.0021737344951084604, 74.42730914603364
household_demographics: 3.5176053643226624e-05, 9.69787452834765, 0.001276246844999371, 9.696598281502652
income_band: 5.122274160385132e-07, 2.583531006541252, 0.0011116399013299872, 2.5824193666399218
item: 0.03489831369370222, 53.71089602154255, 0.012508745414163388, 53.698387276128386
promotion: 7.638614624738693e-05, 8.554646816859245, 0.004891829434062985, 8.549754987425182
reason: 1.4491379261016846e-06, 3.0721825358247754, 0.00135737913474569, 3.0708251566900295
store: 9.930133819580078e-05, 37.877367204782175, 0.001422055988364792, 37.87594514879381
store_returns: 20.850121902301908, 19.477519578576086, 5.362570237244735, 14.11494934133135
store_sales: 174.69669486396015, 78.72531137026785, 44.67088253495877, 34.054428835309075
time_dim: 0.0012146271765232086, 3.4833224883508684, 0.001929888919455797, 3.4813925994314125
web_page: 7.394980639219284e-05, 2.559676322231293, 0.0014293584647162285, 2.558246963766577
web_returns: 6.285572262480855, 12.995202193533581, 1.5752738828016184, 11.419928310731963
web_sales: 67.01082486007363, 42.36795738995553, 16.941003165989674, 25.426954223965854
web_site: 1.0454095900058746e-05, 6.817212808982531, 0.001765730030446427, 6.815447078952085
Function: 115.46821541092146, 7.696563566883404, 2.1197080612182617, 100.07213475731574, 5.503953505829175, 0.0397628327247325, 0.036092686950159075
hiya: 0b111101111011101111111111, 115.46821541092146

Round 0
call_center: 9.615905582904816e-06, 0.979986537357966, 0.001227786294437322, 0.9787587510635287
catalog_page: 0.0017016949132084846, 6.260055239159266, 0.005068672099128119, 6.254986567060138
catalog_returns: 13.009788101539016, 13.590286071791649, 3.2769901579331897, 10.31329591385846
catalog_sales: 132.3057429259643, 46.316688779582975, 33.517415758927854, 12.799273020655122
customer: 0.8535048151388764, 17.80082248879592, 0.2200357595592071, 17.580786729236713
customer_address: 0.2449320713058114, 16.608766858881314, 0.0794183875151731, 16.52934847136614
customer_demographics: 0.011580578982830048, 10.91893094751199, 0.007351114826341479, 10.911579832685648
date_dim: 0.001992875710129738, 73.7694771984879, 0.0021738888713421734, 73.76730330961657
household_demographics: 3.5176053643226624e-05, 9.895235426780381, 0.0012762495698791269, 9.893959177210503
income_band: 5.122274160385132e-07, 2.583531006541252, 0.0011116399410092, 2.5824193666002424
inventory: 5.1357166497036815, 1.5371917422437669, 1.4530207830646102, 0.08417095917915662
item: 0.03489831369370222, 55.46228627968311, 0.0125115029347491, 55.44977477674836
promotion: 7.638614624738693e-05, 8.900288097341855, 0.004891835469780716, 8.895396261872074
reason: 1.4491379261016846e-06, 2.929031247153282, 0.0013573792492505826, 2.9276738679040313
store: 9.930133819580078e-05, 35.60912255327225, 0.0014220638347463297, 35.607700489437505
store_returns: 20.850121902301908, 17.20927492706617, 5.364217727747137, 11.845057199319031
store_sales: 174.69669486396015, 76.64260246243794, 44.68468634612774, 31.957916116310194
time_dim: 0.0012146271765232086, 3.33504210630099, 0.0019299848942777504, 3.333112121406712
warehouse: 2.907589077949524e-06, 1.4314533113177617, 0.0014396827668310356, 1.4300136285509306
web_returns: 6.285572262480855, 10.583806253352167, 1.5757705440084324, 9.008035709343734
web_sales: 67.01082486007363, 39.80828106772423, 16.946298097899575, 22.861982969824655
web_site: 1.0454095900058746e-05, 6.817212808982531, 0.001765730856487982, 6.815447078126043
Function: 117.72997310634186, 7.832189757011733, 2.792367935180664, 101.30961136348631, 5.717936987182299, 0.0413206567502033, 0.0365464067306459
hiya: 0b111011111011111111111111, 117.72997310634186

Round 0
call_center: 9.615905582904816e-06, 0.979986537357966, 0.00122778467157967, 0.9787587526863863
catalog_page: 0.0017016949132084846, 0, 0.005068384907392788, -0.005068384907392788
catalog_page had no query dependencies
catalog_returns: 13.009788101539016, 3.563637388262748, 3.2747945213404246, 0.2888428669223235
catalog_sales: 132.3057429259643, 36.310620237701734, 33.495086776446826, 2.8155334612549083
customer: 0.8535048151388764, 17.80082248879592, 0.21989171521431894, 17.5809307735816
customer_address: 0.2449320713058114, 16.05160928905805, 0.07937705080666536, 15.972232238251385
customer_demographics: 0.011580578982830048, 10.91893094751199, 0.007349160394587353, 10.911581787117402
date_dim: 0.001992875710129738, 63.18567094513575, 0.002173552537591013, 63.183497392598156
household_demographics: 3.5176053643226624e-05, 10.04351580883026, 0.001276243633285082, 10.042239565196976
income_band: 5.122274160385132e-07, 2.583531006541252, 0.0011116398545615769, 2.58241936668669
inventory: 5.1357166497036815, 1.5371917422437669, 1.4521540381708309, 0.08503770407293598
item: 0.03489831369370222, 49.84283720437845, 0.012505613214334467, 49.83033159116411
promotion: 7.638614624738693e-05, 5.146828460319837, 0.004891822578239626, 5.141936637741597
reason: 1.4491379261016846e-06, 2.929031247153282, 0.001357379004682398, 2.9276738681485996
store: 9.930133819580078e-05, 29.34906731411298, 0.001422047075852937, 29.347645267037127
store_returns: 20.850121902301908, 7.182626243537268, 5.360698893293032, 1.821927350244236
store_sales: 174.69669486396015, 66.6365339205567, 44.655203125272436, 21.981330795284265
time_dim: 0.0012146271765232086, 3.4833224883508684, 0.0019297799040154551, 3.481392708446853
warehouse: 2.907589077949524e-06, 1.4314533113177617, 0.0014396822761228913, 1.4300136290416388
web_page: 7.394980639219284e-05, 0.14828038204987842, 0.001429351828331494, 0.14685103022154694
web_sales: 67.01082486007363, 29.393335338069598, 16.934960747790587, 12.45837459027901
web_site: 1.0454095900058746e-05, 0, 0.0017657290877924683, -0.0017657290877924683
web_site had no query dependencies

Round 1
call_center: 9.615905582904816e-06, 0.979986537357966, 0.0012277837266194771, 0.9787587536313466
catalog_returns: 13.009788101539016, 3.563637388262748, 3.273515602955105, 0.290121785307643
catalog_sales: 132.3057429259643, 36.310620237701734, 33.48208055022771, 2.828539687474027
customer: 0.8535048151388764, 17.80082248879592, 0.21980781200301985, 17.5810146767929
customer_address: 0.2449320713058114, 16.05160928905805, 0.07935297292571124, 15.972256316132338
customer_demographics: 0.011580578982830048, 10.91893094751199, 0.007348021973633976, 10.911582925538356
date_dim: 0.001992875710129738, 63.18567094513575, 0.0021733566292975455, 63.18349758850645
household_demographics: 3.5176053643226624e-05, 10.04351580883026, 0.001276240175327014, 10.042239568654933
income_band: 5.122274160385132e-07, 2.583531006541252, 0.0011116398042074086, 2.5824193667370445
inventory: 5.1357166497036815, 1.5371917422437669, 1.451649175032874, 0.08554256721089293
item: 0.03489831369370222, 49.84283720437845, 0.012502182559303718, 49.830335021819145
promotion: 7.638614624738693e-05, 5.146828460319837, 0.004891815069151387, 5.141936645250685
reason: 1.4491379261016846e-06, 2.929031247153282, 0.0013573788622258782, 2.927673868291056
store: 9.930133819580078e-05, 29.34906731411298, 0.0014220373141023142, 29.347645276798875
store_returns: 20.850121902301908, 7.182626243537268, 5.3586492362172296, 1.823977007320038
store_sales: 174.69669486396015, 66.6365339205567, 44.63802968530768, 21.998504235249023
time_dim: 0.0012146271765232086, 3.4833224883508684, 0.0019296605009156322, 3.4813928278499526
warehouse: 2.907589077949524e-06, 1.4314533113177617, 0.0014396819902943213, 1.4300136293274672
web_page: 7.394980639219284e-05, 0.14828038204987842, 0.0014293445587459906, 0.14685103749113243
web_sales: 67.01082486007363, 29.393335338069598, 16.928373294154902, 12.464962043914696
Function: 126.58182975386106, 6.774514372515679, 14.285569190979004, 99.79465560932313, 5.653774480368297, 0.03733290892819605, 0.03598319174675644
hiya: 0b10111111011111111111101, 126.58182975386106

Round 0
call_center: 9.615905582904816e-06, 0.979986537357966, 0.0012277803208333808, 0.9787587570371327
catalog_page: 0.0017016949132084846, 0, 0.005067614970254276, -0.005067614970254276
catalog_page had no query dependencies
catalog_returns: 13.009788101539016, 3.584217529910405, 3.2689082023852474, 0.3153093275251577
catalog_sales: 132.3057429259643, 10.249514857365291, 33.435224632929526, -23.185709775564234
customer: 0.8535048151388764, 11.361371705803869, 0.21950554431495642, 11.141866161488913
customer_address: 0.2449320713058114, 11.533619843796094, 0.07926623053174577, 11.454353613264349
customer_demographics: 0.011580578982830048, 10.068355235673588, 0.0073439207257282955, 10.061011314947859
date_dim: 0.001992875710129738, 33.96119613076368, 0.0021726508547983115, 33.959023479908886
household_demographics: 3.5176053643226624e-05, 9.895235426780381, 0.00127622771777057, 9.89395919906261
income_band: 5.122274160385132e-07, 2.583531006541252, 0.0011116396228026946, 2.582419366918449
inventory: 5.1357166497036815, 1.5371917422437669, 1.4498303672526247, 0.08736137499114216
item: 0.03489831369370222, 26.73896013221581, 0.012489823364123558, 26.726470308851685
promotion: 7.638614624738693e-05, 5.146828460319837, 0.004891788017090969, 5.141936672302745
reason: 1.4491379261016846e-06, 2.929031247153282, 0.001357378349015451, 2.9276738688042667
store: 9.930133819580078e-05, 28.853802138646444, 0.0014220021466546493, 28.85238013649979
store_returns: 20.850121902301908, 7.203206385184925, 5.351265191005693, 1.8519411941792319
store_sales: 174.69669486396015, 38.184611754349085, 44.57616106414441, -6.391549309795323
time_dim: 0.0012146271765232086, 2.6593058481311798, 0.0019292303421842524, 2.6573766177889957
warehouse: 2.907589077949524e-06, 1.4314533113177617, 0.0014396809605751997, 1.4300136303571864
web_page: 7.394980639219284e-05, 0, 0.0014293183695123573, -0.0014293183695123573
web_page had no query dependencies
web_returns: 6.285572262480855, 0.020580141647656758, 1.5718658779182102, -1.5512857362705534
web_site: 1.0454095900058746e-05, 0, 0.0017657243033616398, -0.0017657243033616398
web_site had no query dependencies

Round 1
call_center: 9.615905582904816e-06, 0.018121167189280193, 0.0012277743697846797, 0.016893392819495513
catalog_returns: 13.009788101539016, 0.018121167189280193, 3.2608563232889196, -3.2427351560996396
customer: 0.8535048151388764, 0.06492295695622761, 0.2189674159941927, -0.1540444590379651
customer_address: 0.2449320713058114, 0.025769860723813376, 0.07911180271611414, -0.05334194199230076
customer_demographics: 0.011580578982830048, 0.025769860723813376, 0.007336619258400911, 0.018433241465412465
date_dim: 0.001992875710129738, 0.9288877783600489, 0.0021713943617588335, 0.92671638399829
household_demographics: 3.5176053643226624e-05, 0.025769860723813376, 0.0012762055395352018, 0.024493655184278176
income_band: 5.122274160385132e-07, 0.007648693534533182, 0.001111639299847189, 0.006537054234685993
inventory: 5.1357166497036815, 0.8716135149383545, 1.4465923368073323, -0.5749788218689779
item: 0.03489831369370222, 0.8716135149383545, 0.012467820241689595, 0.8591456946966649
promotion: 7.638614624738693e-05, 0, 0.004891739856204375, -0.004891739856204375
promotion had no query dependencies
reason: 1.4491379261016846e-06, 0, 0.0013573774353449657, -0.0013573774353449657
reason had no query dependencies
store: 9.930133819580078e-05, 0.03915309623241424, 0.0014219395379131109, 0.037731156694501125
store_returns: 20.850121902301908, 0.04680178976694742, 5.338119347083091, -5.291317557316144
time_dim: 0.0012146271765232086, 0, 0.001928442214359293, -0.001928442214359293
time_dim had no query dependencies
warehouse: 2.907589077949524e-06, 0.8716135149383545, 0.001439679073945376, 0.8701738358644091

Round 2
call_center: 9.615905582904816e-06, 0, 0.0012277742770175496, -0.0012277742770175496
call_center had no query dependencies
customer_demographics: 0.011580578982830048, 0, 0.007336493022564912, -0.007336493022564912
customer_demographics had no query dependencies
date_dim: 0.001992875710129738, 0, 0.002171372638118618, -0.002171372638118618
date_dim had no query dependencies
household_demographics: 3.5176053643226624e-05, 0, 0.0012762051560933595, -0.0012762051560933595
household_demographics had no query dependencies
income_band: 5.122274160385132e-07, 0, 0.0011116392942635773, -0.0011116392942635773
income_band had no query dependencies
item: 0.03489831369370222, 0, 0.012467385671700663, -0.012467385671700663
item had no query dependencies
store: 9.930133819580078e-05, 0, 0.0014219382968794518, -0.0014219382968794518
store had no query dependencies
store_returns: 20.850121902301908, 0, 5.3378587694962745, -5.3378587694962745
store_returns had no query dependencies
warehouse: 2.907589077949524e-06, 0, 0.0014396790375728167, -0.0014396790375728167
warehouse had no query dependencies

Round 3
store_returns: 20.850121902301908, 0, 5.337856448966751, -5.337856448966751
store_returns had no query dependencies
Function: 99.69066103847791, 0, 94.33101177215576, 5.024010623375497, 0.3337767170111338, 5.047540316044241e-05, 0.0018114505323588849
hiya: 0b10000000000000000, 99.69066103847791

Round 0
call_center: 9.615905582904816e-06, 0.979986537357966, 0.0012277859476695315, 0.9787587514102966
catalog_page: 0.0017016949132084846, 0, 0.005068610732782556, -0.005068610732782556
catalog_page had no query dependencies
catalog_returns: 13.009788101539016, 9.598475484142304, 3.2765210003032625, 6.321954483839042
catalog_sales: 132.3057429259643, 42.32487819193363, 33.51264456294123, 8.812233628992395
customer: 0.8535048151388764, 17.80082248879592, 0.2200049805570376, 17.580817508238884
customer_address: 0.2449320713058114, 16.194760577729543, 0.07940955480020725, 16.115351022929335
customer_demographics: 0.011580578982830048, 11.062082236183484, 0.00735069720870264, 11.054731538974782
date_dim: 0.001992875710129738, 69.36366032968677, 0.0021738170044648952, 69.3614865126823
household_demographics: 3.5176053643226624e-05, 10.04351580883026, 0.0012762483013639267, 10.042239560528897
income_band: 5.122274160385132e-07, 2.583531006541252, 0.001111639922537308, 2.5824193666187143
inventory: 5.1357166497036815, 1.5371917422437669, 1.4528355793831556, 0.08435616286061132
item: 0.03489831369370222, 51.708826642661094, 0.012510244435378227, 51.69631639822572
promotion: 7.638614624738693e-05, 5.146828460319837, 0.004891832715151427, 5.141936627604685
reason: 1.4491379261016846e-06, 3.0721825358247754, 0.001357379196991921, 3.0708251566277833
store: 9.930133819580078e-05, 31.6173119656229, 0.0014220602537517652, 31.615889905369148
store_returns: 20.850121902301908, 13.217464339416821, 5.363465832812413, 7.853998506604408
store_sales: 174.69669486396015, 72.65079187478857, 44.678386452026565, 27.972405422762
time_dim: 0.0012146271765232086, 3.4833224883508684, 0.0019299410925184186, 3.4813925472583502
warehouse: 2.907589077949524e-06, 1.4314533113177617, 0.0014396826619778595, 1.4300136286557839
web_page: 7.394980639219284e-05, 2.559676322231293, 0.0014293616419260005, 2.5582469605893667
web_returns: 6.285572262480855, 6.177989384551049, 1.5755439387028964, 4.6024454458481525
web_sales: 67.01082486007363, 35.55074458097299, 16.943882246516836, 18.606862334456153

Round 1
call_center: 9.615905582904816e-06, 0.979986537357966, 0.0012277854171853506, 0.9787587519407807
catalog_returns: 13.009788101539016, 9.598475484142304, 3.275802845024423, 6.322672639117881
catalog_sales: 132.3057429259643, 42.32487819193363, 33.50534113363389, 8.819537058299737
customer: 0.8535048151388764, 17.80082248879592, 0.21995786610876814, 17.58086462268715
customer_address: 0.2449320713058114, 16.194760577729543, 0.0793960342679286, 16.115364543461613
customer_demographics: 0.011580578982830048, 11.062082236183484, 0.007350057947412323, 11.05473217823607
date_dim: 0.001992875710129738, 69.36366032968677, 0.002173706995431687, 69.36148662269133
household_demographics: 3.5176053643226624e-05, 10.04351580883026, 0.0012762463596052744, 10.042239562470655
income_band: 5.122274160385132e-07, 2.583531006541252, 0.001111639894261765, 2.58241936664699
inventory: 5.1357166497036815, 1.5371917422437669, 1.4525520819123419, 0.084639660331425
item: 0.03489831369370222, 51.708826642661094, 0.012508318008290704, 51.6963183246528
promotion: 7.638614624738693e-05, 5.146828460319837, 0.004891828498548226, 5.141936631821288
reason: 1.4491379261016846e-06, 3.0721825358247754, 0.0013573791169978393, 3.0708251567077776
store: 9.930133819580078e-05, 31.6173119656229, 0.0014220547722035904, 31.615889910850697
store_returns: 20.850121902301908, 13.217464339416821, 5.362314882082723, 7.8551494573340985
store_sales: 174.69669486396015, 72.65079187478857, 44.6687429933758, 27.982048881412766
time_dim: 0.0012146271765232086, 3.4833224883508684, 0.0019298740437001108, 3.4813926143071683
warehouse: 2.907589077949524e-06, 1.4314533113177617, 0.0014396825014755955, 1.4300136288162861
web_page: 7.394980639219284e-05, 2.559676322231293, 0.0014293575598115637, 2.5582469646714814
web_returns: 6.285572262480855, 6.177989384551049, 1.5751969678786526, 4.602792416672396
web_sales: 67.01082486007363, 35.55074458097299, 16.94018317184805, 18.610561409124937
Function: 121.98139026959691, 7.606188569812775, 7.275905609130859, 101.30921662573675, 5.712927161561649, 0.04061603816464245, 0.036536265190234785
hiya: 0b11111111011111111111101, 121.98139026959691
{116.15052159232357: [1, 2, 3, 4, 5, 6, 7, 8, 9, 10, 11, 12, 13, 15, 16, 17, 18, 19, 20, 21, 22, 23], 121.42616963508515: [0, 2, 3, 4, 5, 6, 7, 8, 9, 10, 11, 12, 13, 15, 16, 17, 18, 19, 20, 21, 22, 23], 99.69066103847791: [16], 132.74243684625796: [0, 1, 2, 3, 5, 6, 7, 8, 10, 11, 12, 13, 15, 16, 17, 18, 19, 20, 21, 22, 23], 131.83847206261092: [0, 1, 2, 3, 4, 6, 7, 8, 10, 11, 12, 13, 15, 16, 17, 18, 19, 20, 21, 22, 23], 125.96015085858116: [0, 1, 2, 3, 4, 5, 7, 8, 11, 12, 13, 15, 16, 17, 18, 19, 20, 21, 22, 23], 124.94939322020741: [0, 1, 2, 3, 4, 5, 6, 7, 11, 12, 13, 15, 16, 17, 18, 19, 20, 21, 22, 23], 117.7538069700068: [0, 1, 2, 3, 4, 5, 6, 7, 8, 10, 11, 12, 13, 15, 16, 17, 18, 19, 20, 21, 22, 23], 115.25565950752578: [0, 1, 2, 3, 4, 5, 6, 7, 8, 9, 11, 12, 13, 15, 16, 17, 18, 19, 20, 21, 22, 23], 123.80354599933028: [0, 1, 2, 3, 4, 5, 6, 7, 8, 9, 11, 13, 15, 16, 17, 18, 19, 20, 21, 22, 23], 118.24246571759153: [0, 1, 2, 3, 4, 5, 6, 7, 8, 9, 10, 11, 12, 15, 16, 17, 18, 19, 20, 21, 22, 23], 94.33101177215576: [], 118.65330936399968: [0, 1, 2, 3, 4, 5, 6, 7, 8, 9, 10, 11, 12, 13, 15, 16, 17, 19, 20, 21, 22, 23], 115.46821541092146: [0, 1, 2, 3, 4, 5, 6, 7, 8, 9, 11, 12, 13, 15, 16, 17, 18, 20, 21, 22, 23], 117.72997310634186: [0, 1, 2, 3, 4, 5, 6, 7, 8, 9, 10, 11, 12, 13, 15, 16, 17, 18, 19, 21, 22, 23], 126.58182975386106: [0, 2, 3, 4, 5, 6, 7, 8, 9, 10, 11, 12, 13, 15, 16, 17, 18, 19, 20, 22], 121.98139026959691: [0, 2, 3, 4, 5, 6, 7, 8, 9, 10, 11, 12, 13, 15, 16, 17, 18, 19, 20, 21, 22]}
NEW ENTRY: 94.33101177215576, 0b11111111011111111111101
{115.17221850601584: [0, 1, 2, 3, 4, 5, 6, 7, 8, 9, 10, 11, 12, 13, 15, 16, 17, 18, 19, 20, 21, 22, 23], 94.33101177215576: []}
[0, 1, 2, 3, 4, 5, 6, 7, 8, 9, 10, 11, 12, 13, 15, 16, 17, 18, 19, 20, 21, 22, 23]
----
Best Cost: $94.33101177215576;
[]
[]
0
Optimal Subset: 0b0
Function: 94.33101177215576, 0, 94.33101177215576, 0.0, 0, 0.0, 0
94.33101177215576
Real: 94.33101177215576, 0, 94.33101177215576, 0.0, 0, 0.0, 0
Num Redshift Qs: 0; Num GCP Qs: 96
Redshift Qs: $0; GCP Qs: $94.33101177215576; Movement Cost: $0.0
Load Cost: $0, Storage Cost: $0.0, API Cost: $0
Final cost: $94.33101177215576, BQ Baseline: $94.33101177215576, Diff: $0.0, %: 0.0%
