Egress: $0.24/GB
Benchmark: tpcds
Data Path: parquet_1000/real_data_rs4
BigQuery Cost: $5.0/TB; DuckDB Cost: $1.48/hr; Redshift Cost: $4.344/hr
Use Duck: False
Excluded Table: household_demographics
Excluded Query: None

Starting analysis without using DuckDB
Redshift Total: $8.328209809830984, Redshift-Calcite Total: $7.45352212735176, BigQuery Total: $84.45921897888184
Excluding table household_demographics and any queries that depend on it
Total Keys: 86, Keys Considered: 83

Round 0
call_center: 9.615905582904816e-06, 1.2123025216118493, 0.001227785916165864, 1.2110747356956835
catalog_page: 0.0017016949132084846, 6.260055239159266, 0.005068605157683005, 6.254986634001583
catalog_returns: 13.009788101539016, 12.91888596262296, 3.2764783775844406, 9.64240758503852
catalog_sales: 132.3057429259643, 46.44222689908027, 33.51221110234716, 12.930015796733109
customer: 0.8535048151388764, 11.81202883485794, 0.22000218430121354, 11.592026650556727
customer_address: 0.2449320713058114, 11.616073370410602, 0.07940875235279427, 11.536664618057808
customer_demographics: 0.011580578982830048, 7.213294137741725, 0.00735065926836434, 7.205943478473361
date_dim: 0.001992875710129738, 69.85742929491042, 0.0021738104753976748, 69.85525548443502
income_band: 5.122274160385132e-07, 0, 0.0011116399208544367, -0.0011116399208544367
income_band had no query dependencies
inventory: 5.1357166497036815, 1.1915504617611565, 1.452818706505044, -0.26126824474388743
item: 0.03489831369370222, 52.54076268619377, 0.012510129780494903, 52.52825255641328
promotion: 7.638614624738693e-05, 5.978764503852528, 0.004891832464192463, 5.973872671388335
reason: 1.4491379261016846e-06, 3.0721825358247754, 0.0013573791922309247, 3.0708251566325444
ship_mode: 1.3029202818870544e-06, 0.9048370413557688, 0.001320040945242673, 0.9035170004105262
store: 9.930133819580078e-05, 28.35354291920821, 0.0014220599284577571, 28.35212085927975
store_returns: 20.850121902301908, 16.893988572034836, 5.363397531419452, 11.530591040615384
store_sales: 174.69669486396015, 69.3870228283739, 44.67781417587102, 24.70920865250288
time_dim: 0.0012146271765232086, 1.2041161682033539, 0.0019299371136098792, 1.202186231089744
warehouse: 2.907589077949524e-06, 1.9906490721909202, 0.0014396826524531007, 1.989209389538467
web_page: 7.394980639219284e-05, 2.4113959401814142, 0.0014293613996792256, 2.409966578781735
web_returns: 6.285572262480855, 12.995202193533581, 1.5755233482553637, 11.419678845278217
web_sales: 67.01082486007363, 42.87407689781824, 16.943662730645283, 25.93041416717296
web_site: 1.0454095900058746e-05, 6.943232788861593, 0.0017657304453546753, 6.941467058416238

Round 1
call_center: 9.615905582904816e-06, 1.2123025216118493, 0.0012277848533230758, 1.2110747367585262
catalog_page: 0.0017016949132084846, 6.260055239159266, 0.005068417069920446, 6.254986822089346
catalog_returns: 13.009788101539016, 12.91888596262296, 3.275040410110724, 9.643845552512236
catalog_sales: 132.3057429259643, 46.30782569593747, 33.497587393380606, 12.810238302556861
customer: 0.8535048151388764, 11.81202883485794, 0.2199078467029951, 11.592120988154946
customer_address: 0.2449320713058114, 11.616073370410602, 0.07938168009388744, 11.536691690316715
customer_demographics: 0.011580578982830048, 7.213294137741725, 0.0073493792708905804, 7.205944758470834
date_dim: 0.001992875710129738, 68.66587883314926, 0.002173590203520227, 68.66370524294574
item: 0.03489831369370222, 51.34921222443263, 0.01250621804466375, 51.33670600638796
promotion: 7.638614624738693e-05, 5.978764503852528, 0.004891823902104681, 5.973872679950423
reason: 1.4491379261016846e-06, 3.0721825358247754, 0.0013573790297977252, 3.0708251567949776
ship_mode: 1.3029202818870544e-06, 0.9048370413557688, 0.0013200407991989414, 0.9035170005565699
store: 9.930133819580078e-05, 28.35354291920821, 0.001422048797816715, 28.352120870410392
store_returns: 20.850121902301908, 16.893988572034836, 5.361060450904761, 11.532928121130075
store_sales: 174.69669486396015, 69.20148708469391, 44.65823250419252, 24.54325458050139
time_dim: 0.0012146271765232086, 1.2041161682033539, 0.0019298009666117865, 1.202186367236742
warehouse: 2.907589077949524e-06, 1.119035557252566, 0.0014396823265427866, 1.1175958749260233
web_page: 7.394980639219284e-05, 2.4113959401814142, 0.0014293531106796507, 2.4099665870707345
web_returns: 6.285572262480855, 12.995202193533581, 1.574818801369395, 11.420383392164187
web_sales: 67.01082486007363, 42.87407689781824, 16.936151518299006, 25.937925379519235
web_site: 1.0454095900058746e-05, 6.943232788861593, 0.001765729273559904, 6.9414670595880335
STARTING PHASE 2: 0b111111111111100011111111
----
[0, 1, 2, 3, 4, 5, 6, 7, 11, 12, 13, 14, 15, 16, 17, 18, 19, 20, 21, 22, 23]
Function: 114.17420266970595, 7.221199504531225, 1.3021183013916016, 100.07212717248433, 5.504332934425673, 0.038332072642635925, 0.0360926842304796

Round 0
catalog_page: 0.0017016949132084846, 6.260055239159266, 0.00506829084207608, 6.25498694831719
catalog_returns: 13.009788101539016, 12.509091850935619, 3.274075373725551, 9.235016477210067
catalog_sales: 132.3057429259643, 45.09552317432562, 33.48777325537202, 11.607749918953601
customer: 0.8535048151388764, 11.81202883485794, 0.2198445356640219, 11.592184299193919
customer_address: 0.2449320713058114, 11.206279258723262, 0.07936351159192098, 11.12691574713134
customer_demographics: 0.011580578982830048, 7.213294137741725, 0.007348520249975514, 7.205945617491749
date_dim: 0.001992875710129738, 67.45357631153742, 0.0021734423765489962, 67.45140286916087
item: 0.03489831369370222, 50.797140965951286, 0.012503629367412993, 50.78463733658387
promotion: 7.638614624738693e-05, 5.978764503852528, 0.0048918182359547115, 5.973872685616573
reason: 1.4491379261016846e-06, 3.0721825358247754, 0.0013573789223039817, 3.0708251569024716
ship_mode: 1.3029202818870544e-06, 0.6543998899126053, 0.001320040702551289, 0.653079849210054
store: 9.930133819580078e-05, 28.35354291920821, 0.0014220414318701132, 28.35212087777634
store_returns: 20.850121902301908, 16.893988572034836, 5.359513836454626, 11.53447473558021
store_sales: 174.69669486396015, 69.20148708469391, 44.645273902130945, 24.556213182562963
time_dim: 0.0012146271765232086, 1.2041161682033539, 0.0019297108683403452, 1.2021864573350136
warehouse: 2.907589077949524e-06, 0.8685984058094025, 0.0014396821108644657, 0.8671587236985381
web_page: 7.394980639219284e-05, 2.4113959401814142, 0.0014293476252518107, 2.4099665925561626
web_returns: 6.285572262480855, 12.995202193533581, 1.5743525519664388, 11.420849641567143
web_sales: 67.01082486007363, 42.87407689781824, 16.931180808270085, 25.942896089548157
web_site: 1.0454095900058746e-05, 6.943232788861593, 0.0017657284980989326, 6.941467060363494
Function: 115.3848111574151, 7.0709589200639735, 2.664661407470703, 100.07212485545175, 5.50310746796608, 0.03787582306292768, 0.03608268339966536
hiya: 0b111111111111100011111110, 115.3848111574151

Round 0
call_center: 9.615905582904816e-06, 1.2123025216118493, 0.001227783887051076, 1.2110747377247981
catalog_returns: 13.009788101539016, 6.658830723463695, 3.273732658029736, 3.3850980654339593
catalog_sales: 132.3057429259643, 40.0477704567782, 33.484287936903094, 6.563482519875109
customer: 0.8535048151388764, 11.81202883485794, 0.2198220518622629, 11.592206782995678
customer_address: 0.2449320713058114, 11.616073370410602, 0.0793570593680577, 11.536716311042545
customer_demographics: 0.011580578982830048, 7.213294137741725, 0.007348215183808943, 7.205945922557916
date_dim: 0.001992875710129738, 62.40582359398999, 0.002173389878400653, 62.40365020411159
item: 0.03489831369370222, 47.59575258741061, 0.012502710044225948, 47.583249877366384
promotion: 7.638614624738693e-05, 2.2253048668305078, 0.004891816223721226, 2.2204130506067865
reason: 1.4491379261016846e-06, 3.0721825358247754, 0.0013573788841294695, 3.070825156940646
ship_mode: 1.3029202818870544e-06, 0.9048370413557688, 0.0013200406682285753, 0.9035170006875403
store: 9.930133819580078e-05, 22.09348768004894, 0.0014220388159837552, 22.092065641232956
store_returns: 20.850121902301908, 10.63393333287557, 5.358964583539836, 5.274968749335733
store_sales: 174.69669486396015, 62.94143184553464, 44.640671882569244, 18.300759962965394
time_dim: 0.0012146271765232086, 1.2041161682033539, 0.001929678871524201, 1.2021864893318297
warehouse: 2.907589077949524e-06, 1.119035557252566, 0.001439682034270104, 1.117595875218296
web_page: 7.394980639219284e-05, 2.4113959401814142, 0.00142934567719861, 2.4099665945042155
web_returns: 6.285572262480855, 6.735146954374313, 1.574186971692977, 5.160959982681336
web_sales: 67.01082486007363, 36.61402165865897, 16.92941554804526, 19.68460611061371
web_site: 1.0454095900058746e-05, 0.6831775497023265, 0.0017657282227076102, 0.6814118214796189
Function: 120.42816633892585, 6.889529394264222, 7.893843650817871, 100.0717171349142, 5.499674795861244, 0.037318825864268934, 0.0360825372040391
hiya: 0b111111111111100011111101, 120.42816633892585

Round 0
call_center: 9.615905582904816e-06, 0.802508409924507, 0.0012277826338696278, 0.8012806272906374
catalog_page: 0.0017016949132084846, 0, 0.00506802430060609, -0.00506802430060609
catalog_page had no query dependencies
catalog_sales: 132.3057429259643, 33.409519874962164, 33.46691703892597, -0.05739716396380601
customer: 0.8535048151388764, 11.81202883485794, 0.21970999213802964, 11.59231884271991
customer_address: 0.2449320713058114, 11.206279258723262, 0.0793249013533874, 11.126954357369874
customer_demographics: 0.011580578982830048, 7.213294137741725, 0.00734669472784401, 7.205947443013881
date_dim: 0.001992875710129738, 55.7469928705263, 0.002173128226563959, 55.74481974229973
item: 0.03489831369370222, 45.515564633231165, 0.012498128118805778, 45.50306650511236
promotion: 7.638614624738693e-05, 2.2253048668305078, 0.004891806194708697, 2.2204130606357992
reason: 1.4491379261016846e-06, 3.0721825358247754, 0.0013573786938669268, 3.0708251571309084
ship_mode: 1.3029202818870544e-06, 0.9048370413557688, 0.0013200404971634742, 0.9035170008586053
store: 9.930133819580078e-05, 19.825243028539024, 0.0014220257783530625, 19.82382100276067
store_returns: 20.850121902301908, 4.599095236996015, 5.35622709586647, -0.757131858870455
store_sales: 174.69669486396015, 56.927173891302736, 44.61773532368442, 12.309438567618315
time_dim: 0.0012146271765232086, 1.2041161682033539, 0.0019295193987432242, 1.2021866488046107
warehouse: 2.907589077949524e-06, 0.9048370413557688, 0.0014396816525222515, 0.9033973597032465
web_page: 7.394980639219284e-05, 0.14315128867149352, 0.001429335968061925, 0.1417219527034316
web_returns: 6.285572262480855, 0.7003088584947585, 1.5733617162499047, -0.8730528577551462
web_sales: 67.01082486007363, 30.599763704427076, 16.920617455262104, 13.679146249164972
web_site: 1.0454095900058746e-05, 0.6831775497023265, 0.0017657268501516704, 0.6814118228521748

Round 1
call_center: 9.615905582904816e-06, 0, 0.0012277780266858453, -0.0012277780266858453
call_center had no query dependencies
customer: 0.8535048151388764, 4.481585105309486, 0.21929114485316709, 4.2622939604563195
customer_address: 0.2449320713058114, 4.871958500393232, 0.07920470386741832, 4.792753796525814
customer_demographics: 0.011580578982830048, 3.703266297656695, 0.0073410116971474515, 3.6959252859595475
date_dim: 0.001992875710129738, 21.637164137069387, 0.0021721502466329136, 21.634991986822754
item: 0.03489831369370222, 16.869802207663856, 0.012481002188550175, 16.857321205475305
promotion: 7.638614624738693e-05, 1.8276851109393437, 0.00489176870912058, 1.8227933422302232
reason: 1.4491379261016846e-06, 2.929031247153282, 0.0013573779827198132, 2.927673869170562
ship_mode: 1.3029202818870544e-06, 0.12601997987906138, 0.0013200398577709216, 0.12469994002129046
store: 9.930133819580078e-05, 16.82582383313974, 0.0014219770474084342, 16.824401856092333
store_returns: 20.850121902301908, 2.094941217063268, 5.345995147794318, -3.25105393073105
store_sales: 174.69669486396015, 28.243473607204752, 44.53200500908001, -16.288531401875257
time_dim: 0.0012146271765232086, 0, 0.0019289233349765256, -0.0019289233349765256
time_dim had no query dependencies
warehouse: 2.907589077949524e-06, 0.12601997987906138, 0.00143968022565767, 0.12458029965340371
web_page: 7.394980639219284e-05, 0, 0.001429299678078466, -0.001429299678078466
web_page had no query dependencies
web_sales: 67.01082486007363, 3.309969555562337, 16.88770394425638, -13.577734388694044
web_site: 1.0454095900058746e-05, 0.12601997987906138, 0.0017657217154439396, 0.12425425816361745

Round 2
customer: 0.8535048151388764, 0.03915309623241424, 0.21896152426019208, -0.17980842802777786
customer_address: 0.2449320713058114, 0, 0.07911011195282053, -0.07911011195282053
customer_address had no query dependencies
customer_demographics: 0.011580578982830048, 0, 0.007336539317796324, -0.007336539317796324
customer_demographics had no query dependencies
date_dim: 0.001992875710129738, 0.03915309623241424, 0.0021713806049605444, 0.03698171562745369
item: 0.03489831369370222, 0, 0.012467524581102028, -0.012467524581102028
item had no query dependencies
promotion: 7.638614624738693e-05, 0, 0.004891739209056404, -0.004891739209056404
promotion had no query dependencies
reason: 1.4491379261016846e-06, 0, 0.0013573774230677832, -0.0013573774230677832
reason had no query dependencies
ship_mode: 1.3029202818870544e-06, 0, 0.0013200393545876375, -0.0013200393545876375
ship_mode had no query dependencies
store: 9.930133819580078e-05, 0.03915309623241424, 0.001421938697576777, 0.03773115753483746
store_returns: 20.850121902301908, 0.03915309623241424, 5.337942903186981, -5.298789806954567
warehouse: 2.907589077949524e-06, 0, 0.0014396790493054197, -0.0014396790493054197
warehouse had no query dependencies
web_site: 1.0454095900058746e-05, 0, 0.0017657174268914198, -0.0017657174268914198
web_site had no query dependencies

Round 3
date_dim: 0.001992875710129738, 0, 0.0021713725545352185, -0.0021713725545352185
date_dim had no query dependencies
store: 9.930133819580078e-05, 0, 0.0014219382880539986, -0.0014219382880539986
store had no query dependencies
store_returns: 20.850121902301908, 0, 5.337856916431883, -5.337856916431883
store_returns had no query dependencies

Round 4
store_returns: 20.850121902301908, 0, 5.337856448966751, -5.337856448966751
store_returns had no query dependencies
Function: 89.81886824520399, 0, 84.45921897888184, 5.024010623375497, 0.3337767170111338, 5.047540316044241e-05, 0.0018114505323588849
hiya: 0b10000000000000000, 89.81886824520399

Round 0
call_center: 9.615905582904816e-06, 0, 0.0012277788922579616, -0.0012277788922579616
call_center had no query dependencies
catalog_page: 0.0017016949132084846, 0, 0.0050673621600011995, -0.0050673621600011995
catalog_page had no query dependencies
catalog_returns: 13.009788101539016, 0.020580141647656758, 3.2669754189016182, -3.2463952772539617
customer: 0.8535048151388764, 4.481585105309486, 0.2193688581644242, 4.262216247145062
customer_address: 0.2449320713058114, 5.57226735888799, 0.07922700541974306, 5.493040353468246
customer_demographics: 0.011580578982830048, 3.8464175863281884, 0.007342066131900562, 3.839075520196288
date_dim: 0.001992875710129738, 22.358053137211805, 0.002172331701930659, 22.355880805509873
item: 0.03489831369370222, 16.890382349311512, 0.012484179749433631, 16.87789816956208
promotion: 7.638614624738693e-05, 1.8276851109393437, 0.004891775664231148, 1.8227933352751127
reason: 1.4491379261016846e-06, 3.0721825358247754, 0.001357378114666704, 3.0708251577101087
ship_mode: 1.3029202818870544e-06, 0.12601997987906138, 0.001320039976404405, 0.12469993990265697
store: 9.930133819580078e-05, 16.82582383313974, 0.0014219860889928126, 16.824401847050748
store_returns: 20.850121902301908, 2.1155213587109247, 5.347893592869732, -3.2323722341588073
store_sales: 174.69669486396015, 28.243473607204752, 44.547911490663644, -16.304437883458892
time_dim: 0.0012146271765232086, 0, 0.0019290339291971512, -0.0019290339291971512
time_dim had no query dependencies
warehouse: 2.907589077949524e-06, 0.12601997987906138, 0.0014396804903994396, 0.12458029938866194
web_page: 7.394980639219284e-05, 0.14315128867149352, 0.0014293064113554432, 0.14172198226013807
web_returns: 6.285572262480855, 0.7208890001424153, 1.570849460660655, -0.8499604605182396
web_sales: 67.01082486007363, 4.010278414057096, 16.893834162943623, -12.883555748886527
web_site: 1.0454095900058746e-05, 0.6831775497023265, 0.0017657226717953077, 0.6814118270305312

Round 1
customer: 0.8535048151388764, 0.03915309623241424, 0.2189617914597896, -0.17980869522737536
customer_address: 0.2449320713058114, 0, 0.07911018863165083, -0.07911018863165083
customer_address had no query dependencies
customer_demographics: 0.011580578982830048, 0, 0.007336542943231107, -0.007336542943231107
customer_demographics had no query dependencies
date_dim: 0.001992875710129738, 0.03915309623241424, 0.002171381228853437, 0.0369817150035608
item: 0.03489831369370222, 0, 0.012467535506424543, -0.012467535506424543
item had no query dependencies
promotion: 7.638614624738693e-05, 0, 0.004891739232969974, -0.004891739232969974
promotion had no query dependencies
reason: 1.4491379261016846e-06, 0, 0.0013573774235214526, -0.0013573774235214526
reason had no query dependencies
ship_mode: 1.3029202818870544e-06, 0, 0.0013200393549955317, -0.0013200393549955317
ship_mode had no query dependencies
store: 9.930133819580078e-05, 0.03915309623241424, 0.0014219387286642144, 0.03773115750375002
store_returns: 20.850121902301908, 0.03915309623241424, 5.337949430559859, -5.298796334327445
warehouse: 2.907589077949524e-06, 0, 0.0014396790502156742, -0.0014396790502156742
warehouse had no query dependencies
web_page: 7.394980639219284e-05, 0, 0.0014292697826201683, -0.0014292697826201683
web_page had no query dependencies
web_site: 1.0454095900058746e-05, 0, 0.0017657174302712218, -0.0017657174302712218
web_site had no query dependencies

Round 2
date_dim: 0.001992875710129738, 0, 0.0021713725545352185, -0.0021713725545352185
date_dim had no query dependencies
store: 9.930133819580078e-05, 0, 0.0014219382880539986, -0.0014219382880539986
store had no query dependencies
store_returns: 20.850121902301908, 0, 5.337856916431883, -5.337856916431883
store_returns had no query dependencies

Round 3
store_returns: 20.850121902301908, 0, 5.337856448966751, -5.337856448966751
store_returns had no query dependencies
Function: 89.81886824520399, 0, 84.45921897888184, 5.024010623375497, 0.3337767170111338, 5.047540316044241e-05, 0.0018114505323588849
hiya: 0b10000000000000000, 89.81886824520399

Round 0
call_center: 9.615905582904816e-06, 1.2123025216118493, 0.001227780587510819, 1.2110747410243385
catalog_page: 0.0017016949132084846, 6.260055239159266, 0.005067662163275869, 6.25498757699599
catalog_returns: 13.009788101539016, 12.91888596262296, 3.2692690022007866, 9.649616960422174
catalog_sales: 132.3057429259643, 38.97738196638902, 33.438893861611035, 5.538488104777983
customer_address: 0.2449320713058114, 4.8578681968355175, 0.07927299814214055, 4.778595198693377
customer_demographics: 0.011580578982830048, 4.244037342219353, 0.007344240703615569, 4.236693101515737
date_dim: 0.001992875710129738, 57.847242443709355, 0.0021727059190710277, 57.84506973779028
item: 0.03489831369370222, 44.41691472510497, 0.012490732866162273, 44.404423992238804
promotion: 7.638614624738693e-05, 4.913480193560919, 0.004891790007827724, 4.908588403553091
reason: 1.4491379261016846e-06, 3.0721825358247754, 0.001357378386782144, 3.0708251574379934
ship_mode: 1.3029202818870544e-06, 0.9048370413557688, 0.0013200402210634672, 0.9035170011347053
store: 9.930133819580078e-05, 25.01493151183446, 0.0014220047355459446, 25.013509507098917
store_returns: 20.850121902301908, 15.861443030384383, 5.351808775816146, 10.509634254568237
store_sales: 174.69669486396015, 59.762950308140105, 44.58071559242052, 15.182234715719588
time_dim: 0.0012146271765232086, 1.2041161682033539, 0.0019292620088040744, 1.2021869061945498
warehouse: 2.907589077949524e-06, 1.119035557252566, 0.0014396810363791334, 1.117595876216187
web_page: 7.394980639219284e-05, 2.4113959401814142, 0.0014293202974623078, 2.409966619883952
web_returns: 6.285572262480855, 12.995202193533581, 1.5720297494592448, 11.423172444074336
web_sales: 67.01082486007363, 36.434626114826195, 16.90641728547627, 19.528208829349925
web_site: 1.0454095900058746e-05, 6.943232788861593, 0.00176572463483889, 6.941467064226754
Function: 125.758142689358, 4.5240558998139715, 15.811290740966797, 99.86646807473649, 5.49021585958481, 0.03010317284147812, 0.0360089414144516
hiya: 0b111111111111100011101111, 125.758142689358

Round 0
call_center: 9.615905582904816e-06, 0.802508409924507, 0.0012277826617943528, 0.8012806272627127
catalog_page: 0.0017016949132084846, 6.260055239159266, 0.005068029242352037, 6.254987209916914
catalog_returns: 13.009788101539016, 12.509091850935619, 3.2720753930293585, 9.237016457906261
catalog_sales: 132.3057429259643, 40.26401968441486, 33.46743403617936, 6.796585648235499
customer: 0.8535048151388764, 5.053823661282857, 0.21971332728913814, 4.834110333993719
customer_demographics: 0.011580578982830048, 3.4463300542147954, 0.007346738272852672, 3.4389833159419427
date_dim: 0.001992875710129738, 58.043197908156706, 0.0021731357201262573, 58.04102477243658
item: 0.03489831369370222, 43.82332730281671, 0.012498259342587796, 43.81082904347412
promotion: 7.638614624738693e-05, 4.913480193560919, 0.004891806481934009, 4.908588387078985
reason: 1.4491379261016846e-06, 2.929031247153282, 0.0013573786993159398, 2.927673868453966
ship_mode: 1.3029202818870544e-06, 0.9048370413557688, 0.001320040502062683, 0.9035170008537061
store: 9.930133819580078e-05, 24.39952860873381, 0.0014220261517435156, 24.398106582582066
store_returns: 20.850121902301908, 15.900596126616797, 5.35630549598275, 10.544290630634048
store_sales: 174.69669486396015, 61.02985564653714, 44.61839221390574, 16.4114634326314
time_dim: 0.0012146271765232086, 1.2041161682033539, 0.0019295239659545011, 1.2021866442373994
warehouse: 2.907589077949524e-06, 1.119035557252566, 0.0014396816634552965, 1.1175958755891109
web_page: 7.394980639219284e-05, 2.268244651509921, 0.0014293362461261707, 2.266815315263795
web_returns: 6.285572262480855, 12.294893335038822, 1.5733853511043472, 10.721507983934474
web_sales: 67.01082486007363, 37.65577859406153, 16.9208694277199, 20.73490916634163
web_site: 1.0454095900058746e-05, 6.386075219038327, 0.0017657268894609051, 6.384309492148866
Function: 125.70717438431546, 6.011130563845635, 14.128260612487793, 100.0131087488026, 5.4840075009187075, 0.034605436161221255, 0.03606152209951878
hiya: 0b111111111111100011011111, 125.70717438431546

Round 0
call_center: 9.615905582904816e-06, 1.2123025216118493, 0.0012277832717520875, 1.2110747383400973
catalog_page: 0.0017016949132084846, 6.260055239159266, 0.005068137184549021, 6.254987101974717
catalog_returns: 13.009788101539016, 12.91888596262296, 3.2729006320890064, 9.645985330533954
catalog_sales: 132.3057429259643, 42.94094914452394, 33.475826476242645, 9.465122668281296
customer: 0.8535048151388764, 8.842772039335568, 0.21976746694964244, 8.623004572385925
customer_address: 0.2449320713058114, 7.849109286883673, 0.0793413950209175, 7.769767891862755
date_dim: 0.001992875710129738, 61.45258469540754, 0.002173262360470923, 61.450411433047066
item: 0.03489831369370222, 45.78420108653387, 0.01250047700947588, 45.771700609524395
promotion: 7.638614624738693e-05, 4.818743947313626, 0.004891811336008871, 4.813852135977617
reason: 1.4491379261016846e-06, 2.929031247153282, 0.0013573787914036325, 2.9276738683618784
ship_mode: 1.3029202818870544e-06, 0.9048370413557688, 0.0013200405848587515, 0.90351700077091
store: 9.930133819580078e-05, 25.41267742219925, 0.001422032461999409, 25.41125538973725
store_returns: 20.850121902301908, 16.893988572034836, 5.357630448969335, 11.5363581230655
store_sales: 174.69669486396015, 64.6476450751988, 44.62949358341769, 20.018151491781104
time_dim: 0.0012146271765232086, 1.2041161682033539, 0.0019296011513020334, 1.2021865670520517
warehouse: 2.907589077949524e-06, 1.119035557252566, 0.0014396818482225056, 1.1175958754043436
web_page: 7.394980639219284e-05, 2.268244651509921, 0.001429340945380079, 2.2668153105645406
web_returns: 6.285572262480855, 12.852050904862088, 1.5737847774377083, 11.278266127424379
web_sales: 67.01082486007363, 41.88034989730835, 16.925127733400217, 24.955222163908132
web_site: 1.0454095900058746e-05, 6.943232788861593, 0.0017657275537824688, 6.941467061307811
Function: 121.37779569165332, 6.448415379943848, 9.288196563720703, 100.0693367354736, 5.499775780844689, 0.03598954800201869, 0.03608168366845548
hiya: 0b111111111111100010111111, 121.37779569165332

Round 0
call_center: 9.615905582904816e-06, 0, 0.0012277749210201322, -0.0012277749210201322
call_center had no query dependencies
catalog_page: 0.0017016949132084846, 0, 0.005066659383215841, -0.005066659383215841
catalog_page had no query dependencies
catalog_returns: 13.009788101539016, 0, 3.261602553889671, -3.261602553889671
catalog_returns had no query dependencies
catalog_sales: 132.3057429259643, 0, 33.360928322780644, -33.360928322780644
catalog_sales had no query dependencies
customer: 0.8535048151388764, 0.99339244541804, 0.21902625855564808, 0.7743661868623919
customer_address: 0.2449320713058114, 0.99339244541804, 0.07912868888969227, 0.9142637565283477
customer_demographics: 0.011580578982830048, 0, 0.007337417649831633, -0.007337417649831633
customer_demographics had no query dependencies
item: 0.03489831369370222, 2.1371579778464636, 0.012470171024265819, 2.1246878068221977
promotion: 7.638614624738693e-05, 0, 0.004891745001645591, -0.004891745001645591
promotion had no query dependencies
reason: 1.4491379261016846e-06, 2.929031247153282, 0.001357377532960232, 2.927673869620322
ship_mode: 1.3029202818870544e-06, 0, 0.0013200394533919666, -0.0013200394533919666
ship_mode had no query dependencies
store: 9.930133819580078e-05, 0.99339244541804, 0.0014219462278932825, 0.9919704991901467
store_returns: 20.850121902301908, 1.5232236683654785, 5.33952403008775, -3.8163003617222717
store_sales: 174.69669486396015, 7.270022339809735, 44.477785523903364, -37.20776318409363
time_dim: 0.0012146271765232086, 0, 0.0019285463589825383, -0.0019285463589825383
time_dim had no query dependencies
warehouse: 2.907589077949524e-06, 0, 0.0014396793232480222, -0.0014396793232480222
warehouse had no query dependencies
web_page: 7.394980639219284e-05, 0, 0.0014292767267545465, -0.0014292767267545465
web_page had no query dependencies
web_returns: 6.285572262480855, 0, 1.5683263343250862, -1.5683263343250862
web_returns had no query dependencies
web_sales: 67.01082486007363, 0, 16.866934977012395, -16.866934977012395
web_sales had no query dependencies
web_site: 1.0454095900058746e-05, 0, 0.0017657184753588373, -0.0017657184753588373
web_site had no query dependencies

Round 1
customer: 0.8535048151388764, 0, 0.21895831786502146, -0.21895831786502146
customer had no query dependencies
customer_address: 0.2449320713058114, 0, 0.07910919180685692, -0.07910919180685692
customer_address had no query dependencies
item: 0.03489831369370222, 0, 0.012467391895197107, -0.012467391895197107
item had no query dependencies
reason: 1.4491379261016846e-06, 0, 0.0013573774175068341, -0.0013573774175068341
reason had no query dependencies
store: 9.930133819580078e-05, 0, 0.001421938315565459, -0.001421938315565459
store had no query dependencies
store_returns: 20.850121902301908, 0, 5.33786269296329, -5.33786269296329
store_returns had no query dependencies

Round 2
store_returns: 20.850121902301908, 0, 5.337856448966751, -5.337856448966751
store_returns had no query dependencies
Function: 89.81886824520399, 0, 84.45921897888184, 5.024010623375497, 0.3337767170111338, 5.047540316044241e-05, 0.0018114505323588849
hiya: 0b10000000000000000, 89.81886824520399

Round 0
call_center: 9.615905582904816e-06, 0.6602312631305058, 0.0012277785318873442, 0.6590034845986185
catalog_page: 0.0017016949132084846, 2.5065956021372475, 0.005067298386408426, 2.501528303750839
catalog_returns: 13.009788101539016, 7.085238371421497, 3.2664878573992473, 3.8187505140222493
catalog_sales: 132.3057429259643, 11.848995820816357, 33.410610431759565, -21.56161461094321
customer: 0.8535048151388764, 4.8797313355302805, 0.21934675801623077, 4.6603845775140496
customer_address: 0.2449320713058114, 4.090188448794683, 0.07922066329375013, 4.010967785500933
customer_demographics: 0.011580578982830048, 1.6482829998429616, 0.007341766271247, 1.6409412335717146
date_dim: 0.001992875710129738, 19.453824586563112, 0.002172280099587305, 19.451652306463526
promotion: 7.638614624738693e-05, 0, 0.004891773684066562, -0.004891773684066562
promotion had no query dependencies
reason: 1.4491379261016846e-06, 3.0721825358247754, 0.001357378077100578, 3.0708251577476746
ship_mode: 1.3029202818870544e-06, 0.9048370413557688, 0.0013200399426286915, 0.9035170014131402
store: 9.930133819580078e-05, 8.867930398899714, 0.0014219835147957515, 8.866508415384919
store_returns: 20.850121902301908, 7.776993031379382, 5.347353093381015, 2.429639937998367
store_sales: 174.69669486396015, 22.101284296755786, 44.54338281333998, -22.442098516584196
time_dim: 0.0012146271765232086, 0.5283799100335439, 0.0019290024423132392, 0.5264509075912307
warehouse: 2.907589077949524e-06, 0.9048370413557688, 0.00143968041502576, 0.9033973609407431
web_page: 7.394980639219284e-05, 2.4113959401814142, 0.0014293044943483036, 2.409966635687066
web_returns: 6.285572262480855, 7.375753118228912, 1.5706865192346966, 5.805066598994216
web_sales: 67.01082486007363, 14.150750750350952, 16.892097035614338, -2.7413462852633863
web_site: 1.0454095900058746e-05, 3.189773151839574, 0.001765722400792888, 3.1880074294387812

Round 1
call_center: 9.615905582904816e-06, 0, 0.0012277743251834848, -0.0012277743251834848
call_center had no query dependencies
catalog_page: 0.0017016949132084846, 0, 0.005066553939980855, -0.005066553939980855
catalog_page had no query dependencies
catalog_returns: 13.009788101539016, 0, 3.260796419879827, -3.260796419879827
catalog_returns had no query dependencies
customer: 0.8535048151388764, 0.03915309623241424, 0.21896348604178265, -0.17981038980936842
customer_address: 0.2449320713058114, 0, 0.07911067492940825, -0.07911067492940825
customer_address had no query dependencies
customer_demographics: 0.011580578982830048, 0, 0.007336565935767605, -0.007336565935767605
customer_demographics had no query dependencies
date_dim: 0.001992875710129738, 0.03915309623241424, 0.0021713851855871694, 0.03698171104682707
reason: 1.4491379261016846e-06, 0, 0.001357377426304399, -0.001357377426304399
reason had no query dependencies
ship_mode: 1.3029202818870544e-06, 0, 0.0013200393574976795, -0.0013200393574976795
ship_mode had no query dependencies
store: 9.930133819580078e-05, 0.03915309623241424, 0.0014219389193640057, 0.03773115731305023
store_returns: 20.850121902301908, 0.03915309623241424, 5.33798947144922, -5.298836375216807
time_dim: 0.0012146271765232086, 0, 0.0019284346484335297, -0.0019284346484335297
time_dim had no query dependencies
warehouse: 2.907589077949524e-06, 0, 0.0014396790558339723, -0.0014396790558339723
warehouse had no query dependencies
web_page: 7.394980639219284e-05, 0, 0.001429269925512461, -0.001429269925512461
web_page had no query dependencies
web_returns: 6.285572262480855, 0, 1.5677482435809906, -1.5677482435809906
web_returns had no query dependencies
web_site: 1.0454095900058746e-05, 0, 0.0017657174549566823, -0.0017657174549566823
web_site had no query dependencies

Round 2
date_dim: 0.001992875710129738, 0, 0.0021713725545352185, -0.0021713725545352185
date_dim had no query dependencies
store: 9.930133819580078e-05, 0, 0.0014219382880539986, -0.0014219382880539986
store had no query dependencies
store_returns: 20.850121902301908, 0, 5.337856916431883, -5.337856916431883
store_returns had no query dependencies

Round 3
store_returns: 20.850121902301908, 0, 5.337856448966751, -5.337856448966751
store_returns had no query dependencies
Function: 89.81886824520399, 0, 84.45921897888184, 5.024010623375497, 0.3337767170111338, 5.047540316044241e-05, 0.0018114505323588849
hiya: 0b10000000000000000, 89.81886824520399

Round 0
call_center: 9.615905582904816e-06, 1.2123025216118493, 0.0012277838612378264, 1.2110747377506115
catalog_page: 0.0017016949132084846, 2.5065956021372475, 0.005068241503884785, 2.5015273606333626
catalog_returns: 13.009788101539016, 9.165426325600942, 3.273698173671013, 5.891728151929929
catalog_sales: 132.3057429259643, 42.15674630302429, 33.483937241052814, 8.672809061971478
customer: 0.8535048151388764, 10.746744524566333, 0.21981978952209352, 10.52692473504424
customer_address: 0.2449320713058114, 10.550789060118994, 0.0793564101395427, 10.471432649979452
customer_demographics: 0.011580578982830048, 6.053273581202825, 0.0073481844877794035, 6.045925396715046
date_dim: 0.001992875710129738, 62.68711432929673, 0.002173384595990183, 62.68494094470074
item: 0.03489831369370222, 45.3704477205801, 0.012502617541107614, 45.35794510303899
reason: 1.4491379261016846e-06, 3.0721825358247754, 0.0013573788802370942, 3.0708251569445384
ship_mode: 1.3029202818870544e-06, 0.9048370413557688, 0.0013200406647289396, 0.9035170006910399
store: 9.930133819580078e-05, 23.53479897189458, 0.0014220385492609731, 23.53337693334532
store_returns: 20.850121902301908, 13.140528935012817, 5.35890858024095, 7.781620354771867
store_sales: 174.69669486396015, 63.620342336732534, 44.640202648323864, 18.98013968840867
time_dim: 0.0012146271765232086, 1.2041161682033539, 0.0019296756090430934, 1.2021864925943109
warehouse: 2.907589077949524e-06, 1.119035557252566, 0.0014396820264603377, 1.1175958752261057
web_page: 7.394980639219284e-05, 2.4113959401814142, 0.0014293454785698858, 2.409966594702844
web_returns: 6.285572262480855, 9.24174255651156, 1.5741700886846313, 7.667572467826929
web_sales: 67.01082486007363, 39.12061726079622, 16.929235557382814, 22.19138170341341
web_site: 1.0454095900058746e-05, 3.189773151839574, 0.001765728194627973, 3.188007423644946
Function: 120.14699586227908, 6.871023616843225, 7.631058692932129, 100.07210876660585, 5.49945952820619, 0.03726258006098528, 0.03608267763071656
hiya: 0b111111111110100011111111, 120.14699586227908

Round 0
call_center: 9.615905582904816e-06, 1.2123025216118493, 0.0012277840917951203, 1.2110747375200541
catalog_page: 0.0017016949132084846, 6.260055239159266, 0.00506828230484429, 6.254986956854422
catalog_returns: 13.009788101539016, 12.91888596262296, 3.2740101049304773, 9.644875857692483
catalog_sales: 132.3057429259643, 46.30782569593747, 33.48710949080071, 12.820716205136755
customer: 0.8535048151388764, 11.81202883485794, 0.21984025371642685, 11.592188581141514
customer_address: 0.2449320713058114, 11.472922081739108, 0.07936228279241678, 11.393559798946692
customer_demographics: 0.011580578982830048, 7.070142849070232, 0.007348462151378476, 7.062794386918853
date_dim: 0.001992875710129738, 68.52272754447777, 0.0021734323784925085, 68.52055411209928
item: 0.03489831369370222, 51.34921222443263, 0.012503454286092137, 51.33670877014654
promotion: 7.638614624738693e-05, 5.978764503852528, 0.004891817852733118, 5.973872685999795
ship_mode: 1.3029202818870544e-06, 0.9048370413557688, 0.0013200406960018453, 0.9035170006597669
store: 9.930133819580078e-05, 28.35354291920821, 0.0014220409327079411, 28.3521208782755
store_returns: 20.850121902301908, 16.364157349087396, 5.3594090282785665, 11.00474832080883
store_sales: 174.69669486396015, 66.27245583754062, 44.644395746979704, 21.628060090560915
time_dim: 0.0012146271765232086, 1.2041161682033539, 0.0019297047627233343, 1.2021864634406305
warehouse: 2.907589077949524e-06, 1.119035557252566, 0.0014396820962487664, 1.1175958751563173
web_page: 7.394980639219284e-05, 2.268244651509921, 0.0014293472535252393, 2.2668153042563954
web_returns: 6.285572262480855, 12.852050904862088, 1.574320956018587, 11.2777299488435
web_sales: 67.01082486007363, 42.73092560914675, 16.930843962166126, 25.800081646980626
web_site: 1.0454095900058746e-05, 6.943232788861593, 0.0017657284455488934, 6.941467060416044
Function: 117.2444568187697, 7.036312452648481, 4.559187889099121, 100.07212682330247, 5.502975904801687, 0.037771064812670486, 0.036082684105274085
hiya: 0b111111111101100011111111, 117.2444568187697

Round 0
call_center: 9.615905582904816e-06, 0.9618653701686859, 0.0012277843009427644, 0.9606375858677432
catalog_page: 0.0017016949132084846, 6.260055239159266, 0.005068319317009105, 6.254986919842257
catalog_returns: 13.009788101539016, 12.91888596262296, 3.274293070118704, 9.644592892504257
catalog_sales: 132.3057429259643, 45.52900863446076, 33.489987164069355, 12.039021470391404
customer: 0.8535048151388764, 11.81202883485794, 0.21985881759685158, 11.59217001726109
customer_address: 0.2449320713058114, 11.616073370410602, 0.07936761010821307, 11.53670576030239
customer_demographics: 0.011580578982830048, 7.213294137741725, 0.007348714031016028, 7.205945423710709
date_dim: 0.001992875710129738, 67.76104179179349, 0.0021734757238910675, 67.7588683160696
item: 0.03489831369370222, 51.34921222443263, 0.012504213330576648, 51.33670801110205
promotion: 7.638614624738693e-05, 5.978764503852528, 0.004891819514145286, 5.9738726843383825
reason: 1.4491379261016846e-06, 3.0721825358247754, 0.0013573789465528086, 3.0708251568782226
store: 9.930133819580078e-05, 28.35354291920821, 0.0014220430925564462, 28.352120876115652
store_returns: 20.850121902301908, 16.893988572034836, 5.359862527752399, 11.534126044282438
store_sales: 174.69669486396015, 69.20148708469391, 44.64819547820297, 24.553291606490937
time_dim: 0.0012146271765232086, 0.67573625816981, 0.001929731181407505, 0.6738065269884025
warehouse: 2.907589077949524e-06, 0.21419851589679717, 0.001439682159490129, 0.21275883373730703
web_page: 7.394980639219284e-05, 2.4113959401814142, 0.0014293488619665925, 2.4099665913194475
web_returns: 6.285572262480855, 12.995202193533581, 1.5744576700256863, 11.420744523507896
web_sales: 67.01082486007363, 42.21967700790564, 16.932301477568554, 25.287375530337084
web_site: 1.0454095900058746e-05, 6.81721280898253, 0.0017657286729301535, 6.815447080309601
Function: 115.07760042693349, 7.1862524958992005, 2.2419023513793945, 100.07212685853484, 5.503013207777341, 0.038222829224813175, 0.03608268411790729
hiya: 0b111111111011100011111111, 115.07760042693349

Round 0
call_center: 9.615905582904816e-06, 1.2123025216118493, 0.0012277808875564176, 1.2110747407242928
catalog_page: 0.0017016949132084846, 0, 0.005067715261350131, -0.005067715261350131
catalog_page had no query dependencies
catalog_returns: 13.009788101539016, 4.3905860719537735, 3.26967494729082, 1.1209111246629533
catalog_sales: 132.3057429259643, 34.780106609868994, 33.4430222045406, 1.3370844053283975
customer: 0.8535048151388764, 8.473417427484193, 0.21955584647697338, 8.25386158100722
customer_address: 0.2449320713058114, 7.662059059936206, 0.07928066584894075, 7.582778394087265
customer_demographics: 0.011580578982830048, 4.272428640732766, 0.007344603238761511, 4.265084037494004
date_dim: 0.001992875710129738, 41.30572835935911, 0.0021727683069263748, 41.30355559105218
item: 0.03489831369370222, 31.863599704124127, 0.012491825373304349, 31.851107878750824
promotion: 7.638614624738693e-05, 1.1600205565388997, 0.00489179239912981, 1.1551287641397698
reason: 1.4491379261016846e-06, 3.0721825358247754, 0.0013573784321480476, 3.0708251573926275
ship_mode: 1.3029202818870544e-06, 0.9048370413557688, 0.0013200402618519628, 0.9035170010939169
store_returns: 20.850121902301908, 4.296424667317073, 5.352461286673482, -1.0560366193564095
store_sales: 174.69669486396015, 40.88709726171811, 44.58618277820838, -3.699085516490271
time_dim: 0.0012146271765232086, 1.2041161682033539, 0.0019293000209281287, 1.2021868681824257
warehouse: 2.907589077949524e-06, 1.119035557252566, 0.0014396811273730112, 1.1175958761251932
web_page: 7.394980639219284e-05, 0.14315128867149352, 0.0014293226117438162, 0.1417219660597497
web_returns: 6.285572262480855, 4.466902302864392, 1.5722264583401357, 2.8946758445242566
web_sales: 67.01082486007363, 33.85051183168252, 16.90851440946361, 16.941997422218908
web_site: 1.0454095900058746e-05, 0.6831775497023265, 0.0017657249620029762, 0.6814118247403235

Round 1
call_center: 9.615905582904816e-06, 1.2123025216118493, 0.001227775270252344, 1.211074746341597
catalog_returns: 13.009788101539016, 0.6445727692317962, 3.262074606206166, -2.6175018369743697
catalog_sales: 132.3057429259643, 5.349812218448322, 33.3657289568837, -28.01591673843538
customer: 0.8535048151388764, 2.3343389620717367, 0.2190572274632107, 2.115281734608526
customer_address: 0.2449320713058114, 3.444441932253838, 0.07913757610220806, 3.36530435615163
customer_demographics: 0.011580578982830048, 2.6594521282466252, 0.007337837844157053, 2.6521142904024684
date_dim: 0.001992875710129738, 6.695260992032688, 0.002171604065432348, 6.693089387967256
item: 0.03489831369370222, 4.24900943649451, 0.012471437717081106, 4.236537998777429
promotion: 7.638614624738693e-05, 0.39761975589116416, 0.004891747774208859, 0.3927280081169553
reason: 1.4491379261016846e-06, 0.14315128867149352, 0.0013573775855591232, 0.1417939110859344
ship_mode: 1.3029202818870544e-06, 0.9048370413557688, 0.001320039500683643, 0.9035170018550852
store_returns: 20.850121902301908, 0.020580141647656758, 5.3402806087963866, -5.31970046714873
time_dim: 0.0012146271765232086, 0.5283799100335439, 0.0019285681190050715, 0.5264513419145388
warehouse: 2.907589077949524e-06, 1.119035557252566, 0.0014396793753374247, 1.1175958778772286
web_page: 7.394980639219284e-05, 0.14315128867149352, 0.0014292780515639074, 0.14172201061992962
web_returns: 6.285572262480855, 0.7208890001424153, 1.5684389402314158, -0.8475499400890005
web_sales: 67.01082486007363, 2.147841538219452, 16.868135474652416, -14.720293936432963
web_site: 1.0454095900058746e-05, 0.6831775497023265, 0.0017657186626437646, 0.6814118310396827

Round 2
call_center: 9.615905582904816e-06, 0, 0.0012277742770175496, -0.0012277742770175496
call_center had no query dependencies
customer: 0.8535048151388764, 0, 0.21895832545119134, -0.21895832545119134
customer had no query dependencies
customer_address: 0.2449320713058114, 0, 0.07910919398387604, -0.07910919398387604
customer_address had no query dependencies
customer_demographics: 0.011580578982830048, 0, 0.007336495915510096, -0.007336495915510096
customer_demographics had no query dependencies
date_dim: 0.001992875710129738, 0, 0.0021713731359590278, -0.0021713731359590278
date_dim had no query dependencies
item: 0.03489831369370222, 0, 0.012467393787417009, -0.012467393787417009
item had no query dependencies
promotion: 7.638614624738693e-05, 0, 0.004891738922772498, -0.004891738922772498
promotion had no query dependencies
reason: 1.4491379261016846e-06, 0, 0.0013573774176366298, -0.0013573774176366298
reason had no query dependencies
ship_mode: 1.3029202818870544e-06, 0, 0.0013200393497044861, -0.0013200393497044861
ship_mode had no query dependencies
store_returns: 20.850121902301908, 0, 5.337864548605031, -5.337864548605031
store_returns had no query dependencies
time_dim: 0.0012146271765232086, 0, 0.0019284273710333192, -0.0019284273710333192
time_dim had no query dependencies
warehouse: 2.907589077949524e-06, 0, 0.0014396790384132447, -0.0014396790384132447
warehouse had no query dependencies
web_page: 7.394980639219284e-05, 0, 0.001429269482444541, -0.001429269482444541
web_page had no query dependencies
web_site: 1.0454095900058746e-05, 0, 0.0017657173878361575, -0.0017657173878361575
web_site had no query dependencies

Round 3
store_returns: 20.850121902301908, 0, 5.337856448966751, -5.337856448966751
store_returns had no query dependencies
Function: 89.81886824520399, 0, 84.45921897888184, 5.024010623375497, 0.3337767170111338, 5.047540316044241e-05, 0.0018114505323588849
hiya: 0b10000000000000000, 89.81886824520399

Round 0
call_center: 9.615905582904816e-06, 1.2123025216118493, 0.0012277824458607253, 1.2110747391659886
catalog_page: 0.0017016949132084846, 0, 0.005067991029294273, -0.005067991029294273
catalog_page had no query dependencies
catalog_returns: 13.009788101539016, 0.6239926275841394, 3.2717832467813053, -2.647790619197166
catalog_sales: 132.3057429259643, 31.52935848261356, 33.46446299421541, -1.9351045116018497
customer: 0.8535048151388764, 10.779483293207488, 0.21969416108693007, 10.559789132120557
customer_address: 0.2449320713058114, 10.622680924992563, 0.07932035828336836, 10.543360566709195
customer_demographics: 0.011580578982830048, 7.213294137741725, 0.007346479927957251, 7.205947657813768
date_dim: 0.001992875710129738, 53.29511392947991, 0.0021730912621360583, 53.292940838217774
item: 0.03489831369370222, 42.232216683777175, 0.012497480814915309, 42.21971920296226
promotion: 7.638614624738693e-05, 2.2253048668305078, 0.004891804777876639, 2.2204130620526312
reason: 1.4491379261016846e-06, 2.542351312877337, 0.0013573786669879026, 2.540993934210349
ship_mode: 1.3029202818870544e-06, 0.9048370413557688, 0.0013200404729965367, 0.9035170008827723
store: 9.930133819580078e-05, 15.755979014490448, 0.0014220239364834781, 15.754556990553965
store_sales: 174.69669486396015, 52.36723175053914, 44.61407208176491, 7.753159668774231
time_dim: 0.0012146271765232086, 1.2041161682033539, 0.0019294939290387567, 1.202186674274315
warehouse: 2.907589077949524e-06, 1.119035557252566, 0.001439681591552568, 1.1175958756610136
web_page: 7.394980639219284e-05, 0.14315128867149352, 0.0014293344173970373, 0.14172195425409648
web_returns: 6.285572262480855, 0.7003088584947585, 1.5732299131163767, -0.8729210546216182
web_sales: 67.01082486007363, 30.599763704427076, 16.919212294947656, 13.68055140947942
web_site: 1.0454095900058746e-05, 0.6831775497023265, 0.0017657266309381223, 0.6814118230713884

Round 1
call_center: 9.615905582904816e-06, 0, 0.0012277776310447943, -0.0012277776310447943
call_center had no query dependencies
customer: 0.8535048151388764, 3.449039563659032, 0.21925602787545181, 3.22978353578358
customer_address: 0.2449320713058114, 3.8785660549751917, 0.07919462627448945, 3.7993714287007023
customer_demographics: 0.011580578982830048, 3.703266297656695, 0.007340535220709525, 3.6959257624359854
date_dim: 0.001992875710129738, 21.065446588371596, 0.002172068250877693, 21.063274520120718
item: 0.03489831369370222, 15.876409762245812, 0.012479566316973889, 15.863930195928837
promotion: 7.638614624738693e-05, 1.8276851109393437, 0.004891765566255364, 1.8227933453730885
reason: 1.4491379261016846e-06, 2.3992000242058436, 0.0013573779230958447, 2.3978426462827476
ship_mode: 1.3029202818870544e-06, 0.12601997987906138, 0.0013200398041629962, 0.12469994007489839
store: 9.930133819580078e-05, 15.260713839023909, 0.001421972961710476, 15.259291866062199
store_sales: 174.69669486396015, 26.187685486373905, 44.5243942936637, -18.336708807289792
time_dim: 0.0012146271765232086, 0, 0.001928870419368794, -0.001928870419368794
time_dim had no query dependencies
warehouse: 2.907589077949524e-06, 0.12601997987906138, 0.0014396800989876547, 0.12458029978007373
web_page: 7.394980639219284e-05, 0, 0.0014292964564323325, -0.0014292964564323325
web_page had no query dependencies
web_sales: 67.01082486007363, 3.309969555562337, 16.88478459699443, -13.574815041432092
web_site: 1.0454095900058746e-05, 0.12601997987906138, 0.001765721260008026, 0.12425425861905336

Round 2
customer: 0.8535048151388764, 0, 0.21895831786502146, -0.21895831786502146
customer had no query dependencies
customer_address: 0.2449320713058114, 0, 0.07910919180685692, -0.07910919180685692
customer_address had no query dependencies
customer_demographics: 0.011580578982830048, 0, 0.0073364958125789375, -0.0073364958125789375
customer_demographics had no query dependencies
date_dim: 0.001992875710129738, 0, 0.002171373118245837, -0.002171373118245837
date_dim had no query dependencies
item: 0.03489831369370222, 0, 0.012467393477231838, -0.012467393477231838
item had no query dependencies
promotion: 7.638614624738693e-05, 0, 0.004891738922093558, -0.004891738922093558
promotion had no query dependencies
reason: 1.4491379261016846e-06, 0, 0.0013573774176237495, -0.0013573774176237495
reason had no query dependencies
ship_mode: 1.3029202818870544e-06, 0, 0.0013200393496929056, -0.0013200393496929056
ship_mode had no query dependencies
store: 9.930133819580078e-05, 0, 0.0014219383245275268, -0.0014219383245275268
store had no query dependencies
warehouse: 2.907589077949524e-06, 0, 0.0014396790313434744, -0.0014396790313434744
warehouse had no query dependencies
web_site: 1.0454095900058746e-05, 0, 0.0017657173623101144, -0.0017657173623101144
web_site had no query dependencies
Function: 84.45921897888184, 0, 84.45921897888184, 0.0, 0, 0.0, 0
hiya: 0b0, 84.45921897888184

Round 0
call_center: 9.615905582904816e-06, 1.2123025216118493, 0.0012277754408191845, 1.21107474617103
catalog_page: 0.0017016949132084846, 0, 0.0050667513703298896, -0.0050667513703298896
catalog_page had no query dependencies
catalog_returns: 13.009788101539016, 0.6445727692317962, 3.262305813241597, -2.617733044009801
catalog_sales: 132.3057429259643, 5.349812218448322, 33.36808026486456, -28.01826804641624
customer: 0.8535048151388764, 2.373492058304151, 0.21907239575930396, 2.154419662544847
customer_address: 0.2449320713058114, 3.444441932253838, 0.07914192898002949, 3.3653000032738083
customer_demographics: 0.011580578982830048, 2.6594521282466252, 0.007338043651608666, 2.6521140845950164
date_dim: 0.001992875710129738, 6.734414088265103, 0.0021716394823723725, 6.73224244878273
item: 0.03489831369370222, 4.24900943649451, 0.012472057922082731, 4.236537378572427
promotion: 7.638614624738693e-05, 0.39761975589116416, 0.004891749131726312, 0.39272800675943786
reason: 1.4491379261016846e-06, 0.14315128867149352, 0.0013573776113128774, 0.14179391106018063
ship_mode: 1.3029202818870544e-06, 0.9048370413557688, 0.00132003952383885, 0.90351700183193
store: 9.930133819580078e-05, 0.03915309623241424, 0.0014219515969629718, 0.03773114463545127
store_returns: 20.850121902301908, 0.059733237880071, 5.340651363913823, -5.280918126033752
time_dim: 0.0012146271765232086, 0.5283799100335439, 0.0019285897174035644, 0.5264513203161403
warehouse: 2.907589077949524e-06, 1.119035557252566, 0.0014396794270399296, 1.1175958778255262
web_page: 7.394980639219284e-05, 0.14315128867149352, 0.001429279366533157, 0.14172200930496034
web_returns: 6.285572262480855, 0.7208890001424153, 1.568550709749755, -0.8476617096073398
web_sales: 67.01082486007363, 2.147841538219452, 16.869327055514958, -14.721485517295505
web_site: 1.0454095900058746e-05, 0.6831775497023265, 0.0017657188485376203, 0.6814118308537889

Round 1
call_center: 9.615905582904816e-06, 0, 0.0012277743221731138, -0.0012277743221731138
call_center had no query dependencies
customer: 0.8535048151388764, 0.03915309623241424, 0.21896233344515462, -0.1798092372127404
customer_address: 0.2449320713058114, 0, 0.07911034416633055, -0.07911034416633055
customer_address had no query dependencies
customer_demographics: 0.011580578982830048, 0, 0.0073365502970318295, -0.0073365502970318295
customer_demographics had no query dependencies
date_dim: 0.001992875710129738, 0.03915309623241424, 0.0021713824943524122, 0.036981713738061826
item: 0.03489831369370222, 0, 0.012467557667254745, -0.012467557667254745
item had no query dependencies
promotion: 7.638614624738693e-05, 0, 0.004891739281476055, -0.004891739281476055
promotion had no query dependencies
reason: 1.4491379261016846e-06, 0, 0.0013573774244416718, -0.0013573774244416718
reason had no query dependencies
ship_mode: 1.3029202818870544e-06, 0, 0.0013200393558229012, -0.0013200393558229012
ship_mode had no query dependencies
store: 9.930133819580078e-05, 0.03915309623241424, 0.001421938791721705, 0.03773115744069253
store_returns: 20.850121902301908, 0.03915309623241424, 5.337962670626849, -5.2988095743944355
time_dim: 0.0012146271765232086, 0, 0.0019284330871473484, -0.0019284330871473484
time_dim had no query dependencies
warehouse: 2.907589077949524e-06, 0, 0.0014396790520965468, -0.0014396790520965468
warehouse had no query dependencies
web_page: 7.394980639219284e-05, 0, 0.0014292698304571114, -0.0014292698304571114
web_page had no query dependencies
web_site: 1.0454095900058746e-05, 0, 0.0017657174370338089, -0.0017657174370338089
web_site had no query dependencies

Round 2
date_dim: 0.001992875710129738, 0, 0.0021713725545352185, -0.0021713725545352185
date_dim had no query dependencies
store: 9.930133819580078e-05, 0, 0.0014219382880539986, -0.0014219382880539986
store had no query dependencies
store_returns: 20.850121902301908, 0, 5.337856916431883, -5.337856916431883
store_returns had no query dependencies

Round 3
store_returns: 20.850121902301908, 0, 5.337856448966751, -5.337856448966751
store_returns had no query dependencies
Function: 89.81886824520399, 0, 84.45921897888184, 5.024010623375497, 0.3337767170111338, 5.047540316044241e-05, 0.0018114505323588849
hiya: 0b10000000000000000, 89.81886824520399

Round 0
call_center: 9.615905582904816e-06, 1.2123025216118493, 0.00122778426230135, 1.2110747373495478
catalog_page: 0.0017016949132084846, 6.260055239159266, 0.005068312478766128, 6.2549869266805
catalog_returns: 13.009788101539016, 12.91888596262296, 3.2742407904230744, 9.644645172199887
catalog_sales: 132.3057429259643, 45.10370952773412, 33.48945549484336, 11.614254032890756
customer: 0.8535048151388764, 11.81202883485794, 0.21985538779679598, 11.592173447061144
customer_address: 0.2449320713058114, 11.616073370410602, 0.07936662585127992, 11.536706744559321
customer_demographics: 0.011580578982830048, 7.213294137741725, 0.007348667494582098, 7.205945470247143
date_dim: 0.001992875710129738, 67.46176266494591, 0.002173467715541144, 67.45958919723037
item: 0.03489831369370222, 50.673475966262814, 0.012504073092072864, 50.66097189317074
promotion: 7.638614624738693e-05, 5.978764503852528, 0.004891819207188367, 5.97387268464534
reason: 1.4491379261016846e-06, 3.0721825358247754, 0.001357378940729463, 3.070825156884046
ship_mode: 1.3029202818870544e-06, 0.3764571313222249, 0.001320040719117644, 0.3751370906031073
store: 9.930133819580078e-05, 28.35354291920821, 0.0014220426944655756, 28.352120876513744
store_returns: 20.850121902301908, 16.893988572034836, 5.359778941334208, 11.534209630700627
store_sales: 174.69669486396015, 68.52575082652409, 44.64749513356893, 23.878255692955157
warehouse: 2.907589077949524e-06, 0.5906556472190221, 0.001439682147799324, 0.5892159650712228
web_page: 7.394980639219284e-05, 2.4113959401814142, 0.0014293485646299545, 2.4099665916167843
web_returns: 6.285572262480855, 12.995202193533581, 1.5744323970599288, 11.420769796473653
web_sales: 67.01082486007363, 41.66996072961489, 16.932032041117687, 24.737928688497206
web_site: 1.0454095900058746e-05, 6.943232788861593, 0.0017657286308964298, 6.941467060230696
Function: 115.37618538901928, 7.158550078252157, 2.5688838958740234, 100.07183449794425, 5.5026960210037235, 0.03813831665843501, 0.03608257928669155
hiya: 0b111110111111100011111111, 115.37618538901928

Round 0
call_center: 9.615905582904816e-06, 0.9618653701686859, 0.001227784213609319, 0.9606375859550765
catalog_page: 0.0017016949132084846, 6.260055239159266, 0.005068303861898945, 6.254986935297367
catalog_returns: 13.009788101539016, 12.704687446726163, 3.2741749127999604, 9.430512533926203
catalog_sales: 132.3057429259643, 45.31481011856396, 33.48878553866881, 11.826024579895154
customer: 0.8535048151388764, 11.81202883485794, 0.2198510659071465, 11.592177768950794
customer_address: 0.2449320713058114, 11.616073370410602, 0.07936538558952037, 11.536707984821081
customer_demographics: 0.011580578982830048, 7.213294137741725, 0.007348608854040706, 7.205945528887685
date_dim: 0.001992875710129738, 67.5468432758967, 0.002173457624222675, 67.54466981827248
item: 0.03489831369370222, 51.13501370853583, 0.012503896377591514, 51.122509812158235
promotion: 7.638614624738693e-05, 5.978764503852528, 0.004891818820392078, 5.973872685032136
reason: 1.4491379261016846e-06, 3.0721825358247754, 0.001357378933391468, 3.070825156891384
ship_mode: 1.3029202818870544e-06, 0, 0.0013200407125200507, -0.0013200407125200507
ship_mode had no query dependencies
store: 9.930133819580078e-05, 28.35354291920821, 0.0014220421916337016, 28.352120877016574
store_returns: 20.850121902301908, 16.893988572034836, 5.359673362637473, 11.534315209397363
store_sales: 174.69669486396015, 69.20148708469391, 44.6466105224643, 24.55487656222961
time_dim: 0.0012146271765232086, 0.67573625816981, 0.0019297201615635676, 0.6738065380082464
web_page: 7.394980639219284e-05, 2.4113959401814142, 0.0014293481902767143, 2.4099665919911377
web_returns: 6.285572262480855, 12.995202193533581, 1.5744005778509516, 11.42080161568263
web_sales: 67.01082486007363, 42.21967700790564, 16.931692814814827, 25.28798419309081
web_site: 1.0454095900058746e-05, 6.81721280898253, 0.0017657285779750652, 6.815447080404556

Round 1
call_center: 9.615905582904816e-06, 0.9618653701686859, 0.0012277837167797305, 0.9606375864519061
catalog_page: 0.0017016949132084846, 6.260055239159266, 0.0050682159396147515, 6.254987023219651
catalog_returns: 13.009788101539016, 12.704687446726163, 3.2735027298617134, 9.43118471686445
catalog_sales: 132.3057429259643, 45.31481011856396, 33.481949634630034, 11.832860483933928
customer: 0.8535048151388764, 11.81202883485794, 0.21980696746603665, 11.592221867391904
customer_address: 0.2449320713058114, 11.616073370410602, 0.07935273056715751, 11.536720639843445
customer_demographics: 0.011580578982830048, 7.213294137741725, 0.007348010514732908, 7.2059461272269925
date_dim: 0.001992875710129738, 67.5468432758967, 0.002173354657361113, 67.54466992123935
item: 0.03489831369370222, 51.13501370853583, 0.012502093269742609, 51.122511615266085
promotion: 7.638614624738693e-05, 5.978764503852528, 0.004891814873712561, 5.973872688978815
reason: 1.4491379261016846e-06, 3.0721825358247754, 0.0013573788585181663, 3.070825156966257
store: 9.930133819580078e-05, 28.35354291920821, 0.0014220370600335076, 28.352120882148174
store_returns: 20.850121902301908, 16.893988572034836, 5.358595889850696, 11.53539268218414
store_sales: 174.69669486396015, 69.20148708469391, 44.637582712673165, 24.563904372020744
time_dim: 0.0012146271765232086, 0.67573625816981, 0.0019296573932145423, 0.6738066007765955
web_page: 7.394980639219284e-05, 2.4113959401814142, 0.0014293443687688906, 2.4099665958126453
web_returns: 6.285572262480855, 12.995202193533581, 1.5740757580204545, 11.421126435513127
web_sales: 67.01082486007363, 42.21967700790564, 16.928229893084943, 25.291447114820695
web_site: 1.0454095900058746e-05, 6.81721280898253, 0.0017657280377382312, 6.815447080944792
Function: 115.29015633035787, 7.123642273087501, 2.5187110900878906, 100.072126157927, 5.50157422656854, 0.038029898820254905, 0.036072683866691595
hiya: 0b111101111011100011111111, 115.29015633035787

Round 0
call_center: 9.615905582904816e-06, 1.2123025216118493, 0.001227784143369216, 1.21107473746848
catalog_page: 0.0017016949132084846, 6.260055239159266, 0.0050682914317409225, 6.2549869477275255
catalog_returns: 13.009788101539016, 10.65064131111304, 3.2740798818277868, 7.376561429285253
catalog_sales: 132.3057429259643, 44.03958104442755, 33.487819101454285, 10.551761942973265
customer: 0.8535048151388764, 11.81202883485794, 0.21984483141726058, 11.59218400344068
customer_address: 0.2449320713058114, 11.472922081739108, 0.07936359646484971, 11.393558485274259
customer_demographics: 0.011580578982830048, 7.070142849070232, 0.0073485242628336485, 7.062794324807398
date_dim: 0.001992875710129738, 66.25448289296784, 0.0021734430671126992, 66.25230944990074
item: 0.03489831369370222, 51.34921222443263, 0.012503641460243773, 51.336708582972385
promotion: 7.638614624738693e-05, 5.978764503852528, 0.0048918182624237486, 5.973872685590104
reason: 1.4491379261016846e-06, 2.929031247153282, 0.0013573789228061314, 2.927673868230476
ship_mode: 1.3029202818870544e-06, 0.9048370413557688, 0.001320040703002772, 0.9035170006527661
store: 9.930133819580078e-05, 26.08529826769829, 0.0014220414662796349, 26.083876226232007
store_returns: 20.850121902301908, 14.625743920524915, 5.3595210613594775, 9.266222859165438
store_sales: 174.69669486396015, 66.93324243318398, 44.64533443736446, 22.287907995819516
time_dim: 0.0012146271765232086, 1.2041161682033539, 0.0019297112892283294, 1.2021864569141256
warehouse: 2.907589077949524e-06, 1.119035557252566, 0.0014396821118719922, 1.117595875140694
web_returns: 6.285572262480855, 10.583806253352165, 1.5743546656691725, 9.009451587682992
web_sales: 67.01082486007363, 40.46268095763683, 16.93120334256892, 23.531477615067907
web_site: 1.0454095900058746e-05, 6.943232788861593, 0.0017657285016144202, 6.941467060359979
Function: 116.58370945846487, 7.073286438975335, 3.8614273071289062, 100.07210935366223, 5.502921413106919, 0.03788226775026479, 0.036082677841216326
hiya: 0b111011111111100011111111, 116.58370945846487

Round 0
call_center: 9.615905582904816e-06, 1.2123025216118493, 0.0012277826556903169, 1.211074738956159
catalog_page: 0.0017016949132084846, 0, 0.00506802816214108, -0.00506802816214108
catalog_page had no query dependencies
catalog_returns: 13.009788101539016, 0.6239926275841394, 3.272067134606797, -2.648074507022658
catalog_sales: 132.3057429259643, 34.03351250254631, 33.46735005043541, 0.5661624521109019
customer: 0.8535048151388764, 11.81202883485794, 0.21971278549680712, 11.592316049361134
customer_address: 0.2449320713058114, 10.915764511915844, 0.07932570296942885, 10.836438808946415
customer_demographics: 0.011580578982830048, 7.070142849070232, 0.007346732628874415, 7.0627961164413575
date_dim: 0.001992875710129738, 55.670676639615685, 0.0021731347488667726, 55.66850350486682
item: 0.03489831369370222, 45.72976314912796, 0.012498242334342874, 45.717264906793616
promotion: 7.638614624738693e-05, 2.2253048668305078, 0.004891806444706013, 2.220413060385802
reason: 1.4491379261016846e-06, 2.929031247153282, 0.0013573786986096795, 2.927673868454672
ship_mode: 1.3029202818870544e-06, 0.9048370413557688, 0.0013200405014276843, 0.9035170008543412
store: 9.930133819580078e-05, 19.825243028539024, 0.0014220261033474383, 19.823821002435675
store_returns: 20.850121902301908, 4.599095236996015, 5.3562953343462, -0.7572000973501849
store_sales: 174.69669486396015, 56.927173891302736, 44.61830707270955, 12.308866818593188
time_dim: 0.0012146271765232086, 1.2041161682033539, 0.0019295233739867433, 1.2021866448293672
warehouse: 2.907589077949524e-06, 1.119035557252566, 0.0014396816620382371, 1.1175958755905278
web_page: 7.394980639219284e-05, 0, 0.0014293362100855633, -0.0014293362100855633
web_page had no query dependencies
web_sales: 67.01082486007363, 29.89945484593232, 16.920808019152844, 12.978646826779475
web_site: 1.0454095900058746e-05, 0.12601997987906138, 0.0017657268798807954, 0.12425425299918058

Round 1
call_center: 9.615905582904816e-06, 0.802508409924507, 0.001227781246783721, 0.8012806286777233
catalog_sales: 132.3057429259643, 33.409519874962164, 33.447827582109625, -0.038307707147460235
customer: 0.8535048151388764, 11.81202883485794, 0.21958684598465175, 11.592441988873288
customer_address: 0.2449320713058114, 10.5059704002285, 0.0792895618428361, 10.426680838385664
customer_demographics: 0.011580578982830048, 7.070142849070232, 0.007345023848277394, 7.0627978252219545
date_dim: 0.001992875710129738, 55.04668401203155, 0.002172840688669023, 55.044511171342876
item: 0.03489831369370222, 45.515564633231165, 0.012493092888758418, 45.503071540342404
promotion: 7.638614624738693e-05, 2.2253048668305078, 0.0048917951734936856, 2.2204130716570143
reason: 1.4491379261016846e-06, 2.929031247153282, 0.0013573784847810985, 2.927673868668501
ship_mode: 1.3029202818870544e-06, 0.9048370413557688, 0.0013200403091743523, 0.9035170010465945
store: 9.930133819580078e-05, 19.825243028539024, 0.0014220114508676082, 19.823821017088157
store_returns: 20.850121902301908, 4.599095236996015, 5.353218779727902, -0.7541235427318869
store_sales: 174.69669486396015, 56.927173891302736, 44.59252957721558, 12.334644314087157
time_dim: 0.0012146271765232086, 1.2041161682033539, 0.0019293441488068162, 1.202186824054547
warehouse: 2.907589077949524e-06, 0.9048370413557688, 0.0014396812330068555, 0.903397360122762
web_sales: 67.01082486007363, 29.89945484593232, 16.910919503027074, 12.988535342905244
web_site: 1.0454095900058746e-05, 0.12601997987906138, 0.0017657253372121878, 0.1242542545418492

Round 2
call_center: 9.615905582904816e-06, 0, 0.0012277778061171218, -0.0012277778061171218
call_center had no query dependencies
customer: 0.8535048151388764, 4.481585105309486, 0.21927156724128616, 4.2623135380682005
customer_address: 0.2449320713058114, 4.871958500393232, 0.07919908563897465, 4.792759414754257
customer_demographics: 0.011580578982830048, 3.703266297656695, 0.007340746062933489, 3.6959255515937617
date_dim: 0.001992875710129738, 21.637164137069387, 0.002172104534240332, 21.63499203253515
item: 0.03489831369370222, 16.869802207663856, 0.012480201694365872, 16.85732200596949
promotion: 7.638614624738693e-05, 1.8276851109393437, 0.004891766956982457, 1.8227933439823611
reason: 1.4491379261016846e-06, 2.929031247153282, 0.001357377949479626, 2.9276738692038022
ship_mode: 1.3029202818870544e-06, 0.12601997987906138, 0.0013200398278846606, 0.12469994005117672
store: 9.930133819580078e-05, 16.82582383313974, 0.0014219747696438288, 16.824401858370095
store_returns: 20.850121902301908, 2.094941217063268, 5.345516889690752, -3.250575672627484
store_sales: 174.69669486396015, 28.243473607204752, 44.52799783298884, -16.284524225784086
time_dim: 0.0012146271765232086, 0, 0.0019288954739744314, -0.0019288954739744314
time_dim had no query dependencies
warehouse: 2.907589077949524e-06, 0.12601997987906138, 0.0014396801589636697, 0.12458029972009771
web_sales: 67.01082486007363, 3.309969555562337, 16.886166170322866, -13.57619661476053
web_site: 1.0454095900058746e-05, 0.12601997987906138, 0.001765721475541861, 0.12425425840351952

Round 3
customer: 0.8535048151388764, 0.03915309623241424, 0.21896152426019208, -0.17980842802777786
customer_address: 0.2449320713058114, 0, 0.07911011195282053, -0.07911011195282053
customer_address had no query dependencies
customer_demographics: 0.011580578982830048, 0, 0.007336539317796324, -0.007336539317796324
customer_demographics had no query dependencies
date_dim: 0.001992875710129738, 0.03915309623241424, 0.0021713806049605444, 0.03698171562745369
item: 0.03489831369370222, 0, 0.012467524581102028, -0.012467524581102028
item had no query dependencies
promotion: 7.638614624738693e-05, 0, 0.004891739209056404, -0.004891739209056404
promotion had no query dependencies
reason: 1.4491379261016846e-06, 0, 0.0013573774230677832, -0.0013573774230677832
reason had no query dependencies
ship_mode: 1.3029202818870544e-06, 0, 0.0013200393545876375, -0.0013200393545876375
ship_mode had no query dependencies
store: 9.930133819580078e-05, 0.03915309623241424, 0.001421938697576777, 0.03773115753483746
store_returns: 20.850121902301908, 0.03915309623241424, 5.337942903186981, -5.298789806954567
warehouse: 2.907589077949524e-06, 0, 0.0014396790493054197, -0.0014396790493054197
warehouse had no query dependencies
web_site: 1.0454095900058746e-05, 0, 0.0017657174268914198, -0.0017657174268914198
web_site had no query dependencies

Round 4
date_dim: 0.001992875710129738, 0, 0.0021713725545352185, -0.0021713725545352185
date_dim had no query dependencies
store: 9.930133819580078e-05, 0, 0.0014219382880539986, -0.0014219382880539986
store had no query dependencies
store_returns: 20.850121902301908, 0, 5.337856916431883, -5.337856916431883
store_returns had no query dependencies

Round 5
store_returns: 20.850121902301908, 0, 5.337856448966751, -5.337856448966751
store_returns had no query dependencies
Function: 89.81886824520399, 0, 84.45921897888184, 5.024010623375497, 0.3337767170111338, 5.047540316044241e-05, 0.0018114505323588849
hiya: 0b10000000000000000, 89.81886824520399

Round 0
call_center: 9.615905582904816e-06, 1.2123025216118493, 0.0012277786782907327, 1.2110747429335584
catalog_page: 0.0017016949132084846, 0, 0.005067324294930436, -0.005067324294930436
catalog_page had no query dependencies
catalog_returns: 13.009788101539016, 0.6445727692317962, 3.2666859330817695, -2.6221131638499733
catalog_sales: 132.3057429259643, 7.444027212176325, 33.412624803563865, -25.968597591387542
customer: 0.8535048151388764, 5.372578051865895, 0.21935975273585842, 5.153218299130037
customer_address: 0.2449320713058114, 6.397775066653887, 0.07922439241576325, 6.318550674238124
customer_demographics: 0.011580578982830048, 6.219567137231827, 0.007341942587038474, 6.212225194644788
date_dim: 0.001992875710129738, 25.791801935331026, 0.0021723104413740725, 25.789629624889653
item: 0.03489831369370222, 22.625886076965337, 0.012483807444442767, 22.613402269520893
promotion: 7.638614624738693e-05, 2.2253048668305078, 0.004891774849322332, 2.2204130919811855
reason: 1.4491379261016846e-06, 2.929031247153282, 0.0013573780992068947, 2.927673869054075
ship_mode: 1.3029202818870544e-06, 0.25043715144316353, 0.0013200399625044863, 0.24911711148065904
store: 9.930133819580078e-05, 19.32997785307249, 0.0014219850296183071, 19.32855586804287
store_returns: 20.850121902301908, 4.619675378643672, 5.347671157925955, -0.7279957792822831
store_sales: 174.69669486396015, 28.475251725095116, 44.54604777736345, -16.07079605226833
time_dim: 0.0012146271765232086, 0, 0.0019290209712140283, -0.0019290209712140283
time_dim had no query dependencies
warehouse: 2.907589077949524e-06, 0.4646356673399607, 0.0014396804593804645, 0.4631959868805802
web_page: 7.394980639219284e-05, 0, 0.0014293056224381837, -0.0014293056224381837
web_page had no query dependencies
web_returns: 6.285572262480855, 0.020580141647656758, 1.570782404414204, -1.5502022627665473
web_site: 1.0454095900058746e-05, 0, 0.00176572250134021, -0.00176572250134021
web_site had no query dependencies

Round 1
call_center: 9.615905582904816e-06, 0, 0.0012277743131420009, -0.0012277743131420009
call_center had no query dependencies
customer: 0.8535048151388764, 0.03915309623241424, 0.21896153184636197, -0.17980843561394771
customer_address: 0.2449320713058114, 0, 0.07911011412983965, -0.07911011412983965
customer_address had no query dependencies
customer_demographics: 0.011580578982830048, 0, 0.007336539420727483, -0.007336539420727483
customer_demographics had no query dependencies
date_dim: 0.001992875710129738, 0.03915309623241424, 0.0021713806226737356, 0.036981715609740506
item: 0.03489831369370222, 0, 0.012467524891287197, -0.012467524891287197
item had no query dependencies
promotion: 7.638614624738693e-05, 0, 0.004891739209735344, -0.004891739209735344
promotion had no query dependencies
reason: 1.4491379261016846e-06, 0, 0.0013573774230806635, -0.0013573774230806635
reason had no query dependencies
ship_mode: 1.3029202818870544e-06, 0, 0.0013200393545992181, -0.0013200393545992181
ship_mode had no query dependencies
store: 9.930133819580078e-05, 0.03915309623241424, 0.0014219386984593927, 0.03773115753395485
store_returns: 20.850121902301908, 0.03915309623241424, 5.337943088508217, -5.298789992275803
warehouse: 2.907589077949524e-06, 0, 0.001439679049331263, -0.001439679049331263
warehouse had no query dependencies

Round 2
date_dim: 0.001992875710129738, 0, 0.0021713725545352185, -0.0021713725545352185
date_dim had no query dependencies
store: 9.930133819580078e-05, 0, 0.0014219382880539986, -0.0014219382880539986
store had no query dependencies
store_returns: 20.850121902301908, 0, 5.337856916431883, -5.337856916431883
store_returns had no query dependencies

Round 3
store_returns: 20.850121902301908, 0, 5.337856448966751, -5.337856448966751
store_returns had no query dependencies
Function: 89.81886824520399, 0, 84.45921897888184, 5.024010623375497, 0.3337767170111338, 5.047540316044241e-05, 0.0018114505323588849
hiya: 0b10000000000000000, 89.81886824520399

Round 0
call_center: 9.615905582904816e-06, 1.2123025216118493, 0.0012277838089032643, 1.211074737802946
catalog_page: 0.0017016949132084846, 0, 0.005068232242410948, -0.005068232242410948
catalog_page had no query dependencies
catalog_returns: 13.009788101539016, 6.658830723463695, 3.2736273679048393, 3.385203355558856
catalog_sales: 132.3057429259643, 40.0477704567782, 33.483217167103575, 6.5645532896746275
customer: 0.8535048151388764, 11.81202883485794, 0.2198151443225025, 11.592213690535438
customer_address: 0.2449320713058114, 11.058915800587338, 0.07935507709684947, 10.979560723490488
customer_demographics: 0.011580578982830048, 7.213294137741725, 0.007348121460483247, 7.205946016281242
date_dim: 0.001992875710129738, 61.72264604428767, 0.0021733737497649838, 61.72047267053791
item: 0.03489831369370222, 47.59575258741061, 0.012502427607050275, 47.583250159803555
promotion: 7.638614624738693e-05, 2.2253048668305078, 0.004891815605516931, 2.2204130512249907
reason: 1.4491379261016846e-06, 3.0721825358247754, 0.0013573788724013836, 3.070825156952374
ship_mode: 1.3029202818870544e-06, 0.7788170614767074, 0.0013200406576838503, 0.7774970208190235
store: 9.930133819580078e-05, 22.09348768004894, 0.001422038012323448, 22.09206564203662
store_returns: 20.850121902301908, 10.63393333287557, 5.358795840442557, 5.2751374924330126
store_sales: 174.69669486396015, 62.94143184553464, 44.639258036572855, 18.302173808961783
time_dim: 0.0012146271765232086, 1.2041161682033539, 0.0019296690413681586, 1.2021864991619857
warehouse: 2.907589077949524e-06, 0.9930155773735045, 0.0014396820107385588, 0.991575895362766
web_page: 7.394980639219284e-05, 2.4113959401814142, 0.0014293450787119712, 2.409966595102702
web_returns: 6.285572262480855, 6.177989384551049, 1.574136101633957, 4.6038532829170915
web_sales: 67.01082486007363, 35.93084410895665, 16.928873219602718, 19.00197088935393

Round 1
call_center: 9.615905582904816e-06, 1.2123025216118493, 0.0012277833323089786, 1.2110747382795404
catalog_returns: 13.009788101539016, 6.658830723463695, 3.2729821226719746, 3.3858486007917206
catalog_sales: 132.3057429259643, 40.0477704567782, 33.47665521165609, 6.571115245122115
customer: 0.8535048151388764, 11.81202883485794, 0.219772813124723, 11.592256021733217
customer_address: 0.2449320713058114, 11.058915800587338, 0.07934292922402077, 10.979572871363317
customer_demographics: 0.011580578982830048, 7.213294137741725, 0.0073475470996001825, 7.2059465906421245
date_dim: 0.001992875710129738, 61.72264604428767, 0.002173274909296437, 61.720472769378375
item: 0.03489831369370222, 47.59575258741061, 0.012500696758679023, 47.58325189065193
promotion: 7.638614624738693e-05, 2.2253048668305078, 0.004891811817000443, 2.2204130550135073
reason: 1.4491379261016846e-06, 3.0721825358247754, 0.0013573788005286267, 3.0708251570242466
ship_mode: 1.3029202818870544e-06, 0.7788170614767074, 0.001320040593063036, 0.7774970208836444
store: 9.930133819580078e-05, 22.09348768004894, 0.0014220330872843478, 22.092065646961657
store_returns: 20.850121902301908, 10.63393333287557, 5.357761738913992, 5.276171593961577
store_sales: 174.69669486396015, 62.94143184553464, 44.63059362108211, 18.310838224452525
time_dim: 0.0012146271765232086, 1.2041161682033539, 0.0019296087996186972, 1.202186559403735
warehouse: 2.907589077949524e-06, 0.9930155773735045, 0.0014396818665311376, 0.9915758955069734
web_page: 7.394980639219284e-05, 2.4113959401814142, 0.0014293414110304015, 2.4099665987703838
web_returns: 6.285572262480855, 6.177989384551049, 1.573824356699563, 4.604165027851486
web_sales: 67.01082486007363, 35.93084410895665, 16.92554969004529, 19.005294418911358
Function: 121.10939408962054, 6.833504444576898, 8.63304615020752, 100.07171461591268, 5.497911587486267, 0.03714475513634857, 0.036072536300805216
hiya: 0b11111111111100011111101, 121.10939408962054
{115.3848111574151: [1, 2, 3, 4, 5, 6, 7, 11, 12, 13, 14, 15, 16, 17, 18, 19, 20, 21, 22, 23], 120.42816633892585: [0, 2, 3, 4, 5, 6, 7, 11, 12, 13, 14, 15, 16, 17, 18, 19, 20, 21, 22, 23], 89.81886824520399: [16], 125.758142689358: [0, 1, 2, 3, 5, 6, 7, 11, 12, 13, 14, 15, 16, 17, 18, 19, 20, 21, 22, 23], 125.70717438431546: [0, 1, 2, 3, 4, 6, 7, 11, 12, 13, 14, 15, 16, 17, 18, 19, 20, 21, 22, 23], 121.37779569165332: [0, 1, 2, 3, 4, 5, 7, 11, 12, 13, 14, 15, 16, 17, 18, 19, 20, 21, 22, 23], 120.14699586227908: [0, 1, 2, 3, 4, 5, 6, 7, 11, 13, 14, 15, 16, 17, 18, 19, 20, 21, 22, 23], 117.2444568187697: [0, 1, 2, 3, 4, 5, 6, 7, 11, 12, 14, 15, 16, 17, 18, 19, 20, 21, 22, 23], 115.07760042693349: [0, 1, 2, 3, 4, 5, 6, 7, 11, 12, 13, 15, 16, 17, 18, 19, 20, 21, 22, 23], 84.45921897888184: [], 115.37618538901928: [0, 1, 2, 3, 4, 5, 6, 7, 11, 12, 13, 14, 15, 16, 17, 19, 20, 21, 22, 23], 115.29015633035787: [0, 1, 2, 3, 4, 5, 6, 7, 11, 12, 13, 15, 16, 17, 18, 20, 21, 22, 23], 116.58370945846487: [0, 1, 2, 3, 4, 5, 6, 7, 11, 12, 13, 14, 15, 16, 17, 18, 19, 21, 22, 23], 121.10939408962054: [0, 2, 3, 4, 5, 6, 7, 11, 12, 13, 14, 15, 16, 17, 18, 19, 20, 21, 22]}
NEW ENTRY: 84.45921897888184, 0b11111111111100011111101
{114.17420266970595: [0, 1, 2, 3, 4, 5, 6, 7, 11, 12, 13, 14, 15, 16, 17, 18, 19, 20, 21, 22, 23], 84.45921897888184: []}
[0, 1, 2, 3, 4, 5, 6, 7, 11, 12, 13, 14, 15, 16, 17, 18, 19, 20, 21, 22, 23]
----
Best Cost: $84.45921897888184;
[]
[]
0
Optimal Subset: 0b0
Function: 84.45921897888184, 0, 84.45921897888184, 0.0, 0, 0.0, 0
84.45921897888184
Real: 84.45921897888184, 0, 84.45921897888184, 0.0, 0, 0.0, 0
Num Redshift Qs: 0; Num GCP Qs: 86
Redshift Qs: $0; GCP Qs: $84.45921897888184; Movement Cost: $0.0
Load Cost: $0, Storage Cost: $0.0, API Cost: $0
Final cost: $84.45921897888184, BQ Baseline: $84.45921897888184, Diff: $0.0, %: 0.0%
