Egress: $0.24/GB
Benchmark: tpcds
Data Path: parquet_1000/real_data_rs4
BigQuery Cost: $5.0/TB; DuckDB Cost: $1.48/hr; Redshift Cost: $4.344/hr
Use Duck: False
Excluded Table: store_sales
Excluded Query: None

Starting analysis without using DuckDB
Redshift Total: $1.3583714919662473, Redshift-Calcite Total: $1.2267680728801096, BigQuery Total: $9.416570663452148
Excluding table store_sales and any queries that depend on it
Total Keys: 32, Keys Considered: 29

Round 0
call_center: 9.615905582904816e-06, 1.2304236888011295, 0.001227776010300002, 1.2291959127908294
catalog_page: 0.0017016949132084846, 0, 0.0050668521494610765, -0.0050668521494610765
catalog_page had no query dependencies
catalog_returns: 13.009788101539016, 1.0083352169036865, 3.2630762892720617, -2.2547410723683754
catalog_sales: 132.3057429259643, 5.8298547020737335, 33.37591578092537, -27.546061078851636
customer: 0.8535048151388764, 2.399261919027964, 0.21912294270110028, 2.1801389763268637
customer_address: 0.2449320713058114, 3.4702117929776506, 0.07915643454219241, 3.3910553584354584
customer_demographics: 0.011580578982830048, 3.0308632694530484, 0.007338729485878643, 3.0235245399671697
date_dim: 0.001992875710129738, 8.104191254018147, 0.002171757506044577, 8.102019496512103
household_demographics: 3.5176053643226624e-05, 0.5196915232563019, 0.0012762119493593621, 0.5184153113069425
income_band: 5.122274160385132e-07, 0.007648693534533182, 0.0011116393931859046, 0.006537054141347278
inventory: 5.1357166497036815, 1.3516559985637664, 1.4475281734704317, -0.09587217490666533
item: 0.03489831369370222, 5.600665435058276, 0.01247417945573167, 5.588191255602545
promotion: 7.638614624738693e-05, 0.7432610363737742, 0.004891753775382765, 0.7383692825983914
reason: 1.4491379261016846e-06, 0.14315128867149352, 0.0013573776994086776, 0.14179391097208482
ship_mode: 1.3029202818870544e-06, 0.9048370413557687, 0.0013200396030458067, 0.9035170017527229
store: 9.930133819580078e-05, 0.03915309623241424, 0.0014219576336767287, 0.03773113859873751
store_returns: 20.850121902301908, 0.06738193141460418, 5.3419188817540375, -5.274536950339433
time_dim: 0.0012146271765232086, 0.6766602920834224, 0.0019286635568574854, 0.6747316285265649
warehouse: 2.907589077949524e-06, 2.3362903526735304, 0.0014396796037976984, 2.3348506730697327
web_page: 7.394980639219284e-05, 0.29143167072137194, 0.0014292838620799612, 0.29000238685929197
web_returns: 6.285572262480855, 0.7208890001424153, 1.5689328214235374, -0.8480438212811221
web_sales: 67.01082486007363, 2.2961219202693304, 16.873400768675758, -14.577278848406428
web_site: 1.0454095900058746e-05, 0.6831775497023265, 0.0017657194840616291, 0.6814118302182648

Round 1
call_center: 9.615905582904816e-06, 0, 0.0012277743354810666, -0.0012277743354810666
call_center had no query dependencies
customer: 0.8535048151388764, 0.04680178976694742, 0.2189635146549516, -0.1721617248880042
customer_address: 0.2449320713058114, 0.007648693534533182, 0.0791106831405895, -0.07146198960605632
customer_demographics: 0.011580578982830048, 0.007648693534533182, 0.007336566323998646, 0.00031212721053453657
date_dim: 0.001992875710129738, 0.03915309623241424, 0.002171385252396973, 0.03698171098001726
household_demographics: 3.5176053643226624e-05, 0.007648693534533182, 0.0012762053787467491, 0.006372488155786433
income_band: 5.122274160385132e-07, 0.007648693534533182, 0.0011116392975058162, 0.006537054237027366
item: 0.03489831369370222, 0, 0.012467606567083563, -0.012467606567083563
item had no query dependencies
promotion: 7.638614624738693e-05, 0, 0.004891739388509005, -0.004891739388509005
promotion had no query dependencies
reason: 1.4491379261016846e-06, 0, 0.0013573774264722168, -0.0013573774264722168
reason had no query dependencies
ship_mode: 1.3029202818870544e-06, 0, 0.0013200393576485647, -0.0013200393576485647
ship_mode had no query dependencies
store: 9.930133819580078e-05, 0.03915309623241424, 0.001421938930863627, 0.03773115730155061
store_returns: 20.850121902301908, 0.04680178976694742, 5.337991886003868, -5.291190096236921
time_dim: 0.0012146271765232086, 0, 0.0019284347890937957, -0.0019284347890937957
time_dim had no query dependencies
warehouse: 2.907589077949524e-06, 0, 0.0014396790561706867, -0.0014396790561706867
warehouse had no query dependencies
web_page: 7.394980639219284e-05, 0, 0.0014292699340762406, -0.0014292699340762406
web_page had no query dependencies
web_site: 1.0454095900058746e-05, 0, 0.0017657174516821814, -0.0017657174516821814
web_site had no query dependencies

Round 2
customer_demographics: 0.011580578982830048, 0, 0.007336492919633754, -0.007336492919633754
customer_demographics had no query dependencies
date_dim: 0.001992875710129738, 0, 0.002171372620405427, -0.002171372620405427
date_dim had no query dependencies
household_demographics: 3.5176053643226624e-05, 0, 0.0012762051557807057, -0.0012762051557807057
household_demographics had no query dependencies
income_band: 5.122274160385132e-07, 0, 0.0011116392942590245, -0.0011116392942590245
income_band had no query dependencies
store: 9.930133819580078e-05, 0, 0.0014219382930498149, -0.0014219382930498149
store had no query dependencies
store_returns: 20.850121902301908, 0, 5.3378579653943365, -5.3378579653943365
store_returns had no query dependencies

Round 3
store_returns: 20.850121902301908, 0, 5.337856448966751, -5.337856448966751
store_returns had no query dependencies
STARTING PHASE 2: 0b10000000000000000
----
[16]
Function: 14.776219929774296, 0, 9.416570663452148, 5.024010623375497, 0.3337767170111338, 5.047540316044241e-05, 0.0018114505323588849
Function: 9.416570663452148, 0, 9.416570663452148, 0.0, 0, 0.0, 0
hiya: 0b0, 9.416570663452148
{9.416570663452148: []}
NEW ENTRY: 9.416570663452148, 0b0
{14.776219929774296: [16], 9.416570663452148: []}
[16]
----
Best Cost: $9.416570663452148;
[]
[]
0
Optimal Subset: 0b0
Function: 9.416570663452148, 0, 9.416570663452148, 0.0, 0, 0.0, 0
9.416570663452148
Real: 9.416570663452148, 0, 9.416570663452148, 0.0, 0, 0.0, 0
Num Redshift Qs: 0; Num GCP Qs: 32
Redshift Qs: $0; GCP Qs: $9.416570663452148; Movement Cost: $0.0
Load Cost: $0, Storage Cost: $0.0, API Cost: $0
Final cost: $9.416570663452148, BQ Baseline: $9.416570663452148, Diff: $0.0, %: 0.0%
