Egress: $0.24/GB
Benchmark: tpcds
Data Path: parquet_1000/real_data_rs4
BigQuery Cost: $5.0/TB; DuckDB Cost: $1.48/hr; Redshift Cost: $4.344/hr
Use Duck: False
Excluded Table: warehouse
Excluded Query: None

Starting analysis without using DuckDB
Redshift Total: $8.748663238383935, Redshift-Calcite Total: $7.899635351467133, BigQuery Total: $92.61285781860352
Excluding table warehouse and any queries that depend on it
Total Keys: 91, Keys Considered: 88

Round 0
call_center: 9.615905582904816e-06, 0.9799865373579659, 0.001227786632260453, 0.9787587507257055
catalog_page: 0.0017016949132084846, 6.260055239159266, 0.005068731882567, 6.2549865072766995
catalog_returns: 13.009788101539016, 15.298690926922161, 3.277447213934117, 12.021243712988044
catalog_sales: 132.3057429259643, 48.025093634713464, 33.52206388488421, 14.503029749829253
customer: 0.8535048151388764, 17.800822488795916, 0.22006574463617645, 17.58075674415974
customer_address: 0.2449320713058114, 16.751918147552804, 0.07942699239575503, 16.672491155157047
customer_demographics: 0.011580578982830048, 10.716440955700874, 0.007351521671793304, 10.70908943402908
date_dim: 0.001992875710129738, 74.74941982735157, 0.002173958884458091, 74.74724586846712
household_demographics: 3.5176053643226624e-05, 9.69787452834765, 0.001276250805673767, 9.696598277541977
income_band: 5.122274160385132e-07, 2.583531006541252, 0.0011116399590046211, 2.582419366582247
inventory: 5.1357166497036815, 0.31993694682280227, 1.4532012095323967, -1.1332642627095946
item: 0.03489831369370222, 54.03083296836534, 0.012512728971912156, 54.018320239393425
promotion: 7.638614624738693e-05, 8.554646816859247, 0.004891838153356055, 8.549754978705892
reason: 1.4491379261016846e-06, 3.0721825358247754, 0.0013573793001612647, 3.0708251565246143
ship_mode: 1.3029202818870544e-06, 0, 0.0013200410422828691, -0.0013200410422828691
ship_mode had no query dependencies
store: 9.930133819580078e-05, 37.87736720478217, 0.0014220673243218731, 37.87594513745785
store_returns: 20.850121902301908, 19.477519578576086, 5.364950427595834, 14.112569150980253
store_sales: 174.69669486396015, 78.9108471139479, 44.690825410565566, 34.22002170338233
time_dim: 0.0012146271765232086, 3.483322488350868, 0.0019300275778242847, 3.4813924607730438
web_page: 7.394980639219284e-05, 2.559676322231293, 0.0014293669066148642, 2.558246955324678
web_returns: 6.285572262480855, 12.99520219353358, 1.5759914257742877, 11.419210767759292
web_sales: 67.01082486007363, 42.36795738995552, 16.948652930317124, 25.419304459638397
web_site: 1.0454095900058746e-05, 6.817212808982531, 0.0017657312238561493, 6.815447077758675

Round 1
call_center: 9.615905582904816e-06, 0.9799865373579659, 0.0012277855495502826, 0.9787587518084157
catalog_page: 0.0017016949132084846, 6.260055239159266, 0.005068540278939687, 6.254986698880327
catalog_returns: 13.009788101539016, 15.298690926922161, 3.2759823669915313, 12.02270855993063
catalog_sales: 132.3057429259643, 47.89069243157066, 33.50716681957469, 14.383525611995971
customer: 0.8535048151388764, 17.800822488795916, 0.2199696436152236, 17.580852845180694
customer_address: 0.2449320713058114, 16.751918147552804, 0.07939941408371849, 16.672518733469087
customer_demographics: 0.011580578982830048, 10.716440955700874, 0.0073502177477336676, 10.70909073795314
date_dim: 0.001992875710129738, 74.42948288052877, 0.0021737344951084604, 74.42730914603366
household_demographics: 3.5176053643226624e-05, 9.69787452834765, 0.001276246844999371, 9.696598281502652
income_band: 5.122274160385132e-07, 2.583531006541252, 0.0011116399013299872, 2.5824193666399218
item: 0.03489831369370222, 53.71089602154254, 0.012508745414163388, 53.69838727612837
promotion: 7.638614624738693e-05, 8.554646816859247, 0.004891829434062985, 8.549754987425183
reason: 1.4491379261016846e-06, 3.0721825358247754, 0.00135737913474569, 3.0708251566900295
store: 9.930133819580078e-05, 37.87736720478217, 0.001422055988364792, 37.875945148793804
store_returns: 20.850121902301908, 19.477519578576086, 5.362570237244735, 14.11494934133135
store_sales: 174.69669486396015, 78.72531137026789, 44.67088253495877, 34.05442883530912
time_dim: 0.0012146271765232086, 3.483322488350868, 0.001929888919455797, 3.481392599431412
web_page: 7.394980639219284e-05, 2.559676322231293, 0.0014293584647162285, 2.558246963766577
web_returns: 6.285572262480855, 12.99520219353358, 1.5752738828016184, 11.419928310731962
web_sales: 67.01082486007363, 42.36795738995552, 16.941003165989674, 25.426954223965847
web_site: 1.0454095900058746e-05, 6.817212808982531, 0.001765730030446427, 6.815447078952085
STARTING PHASE 2: 0b111101111011101111111111
----
[0, 1, 2, 3, 4, 5, 6, 7, 8, 9, 11, 12, 13, 15, 16, 17, 18, 20, 21, 22, 23]
Function: 113.75006145736921, 7.696563566883404, 0.4015541076660156, 100.07213475731574, 5.503953505829175, 0.0397628327247325, 0.036092686950159075

Round 0
catalog_page: 0.0017016949132084846, 6.260055239159266, 0.005068409497365832, 6.254986829661901
catalog_returns: 13.009788101539016, 14.870775648045539, 3.274982516460019, 11.59579313158552
catalog_sales: 132.3057429259643, 46.92882706140198, 33.49699863187216, 13.431828429529823
customer: 0.8535048151388764, 17.782701321606634, 0.21990404860042362, 17.56279727300621
customer_address: 0.2449320713058114, 16.324002868676182, 0.07938059014440693, 16.244622278531775
customer_demographics: 0.011580578982830048, 10.698319788511593, 0.007349327737230742, 10.690970460774363
date_dim: 0.001992875710129738, 73.44949634317081, 0.0021735813352089708, 73.4473227618356
household_demographics: 3.5176053643226624e-05, 9.67975336115837, 0.0012762441415890113, 9.678477117016781
income_band: 5.122274160385132e-07, 2.583531006541252, 0.001111639861963408, 2.5824193666792885
item: 0.03489831369370222, 53.1588247630612, 0.012506063349150243, 53.14631869971205
promotion: 7.638614624738693e-05, 8.554646816859247, 0.004891823563503961, 8.549754993295743
reason: 1.4491379261016846e-06, 3.0721825358247754, 0.0013573790233740585, 3.0708251568014013
store: 9.930133819580078e-05, 37.87736720478217, 0.001422048356688165, 37.87594515642548
store_returns: 20.850121902301908, 19.477519578576086, 5.360967827943107, 14.11655175063298
store_sales: 174.69669486396015, 78.72531137026789, 44.65745644516777, 34.06785492510012
time_dim: 0.0012146271765232086, 3.483322488350868, 0.001929795570846384, 3.4813926927800214
web_page: 7.394980639219284e-05, 2.559676322231293, 0.0014293527813989716, 2.5582469694498937
web_returns: 6.285572262480855, 12.99520219353358, 1.574790813229812, 11.420411380303767
web_sales: 67.01082486007363, 42.36795738995552, 16.93585313523356, 25.43210425472196
web_site: 1.0454095900058746e-05, 6.817212808982531, 0.0017657292270103326, 6.815447079755521
Function: 114.72836998750805, 7.551643564324378, 1.5264606475830078, 100.07213244028316, 5.502728039369583, 0.03932260982856788, 0.036082686119344835
hiya: 0b111101111011101111111110, 114.72836998750805

Round 0
call_center: 9.615905582904816e-06, 0.9799865373579659, 0.001227784550124606, 0.9787587528078413
catalog_returns: 13.009788101539016, 9.038635687762895, 3.2746297598209813, 5.764005927941914
catalog_sales: 132.3057429259643, 41.6306371924114, 33.49341119994508, 8.13722599246632
customer: 0.8535048151388764, 17.800822488795916, 0.21988090606438526, 17.58094158273153
customer_address: 0.2449320713058114, 16.751918147552804, 0.07937394888218252, 16.67254419867062
customer_demographics: 0.011580578982830048, 10.716440955700874, 0.0073490137331833115, 10.70909194196769
date_dim: 0.001992875710129738, 68.16942764136951, 0.0021735272989608753, 68.16725411407054
household_demographics: 3.5176053643226624e-05, 9.69787452834765, 0.0012762431878004976, 9.69659828515985
income_band: 5.122274160385132e-07, 2.583531006541252, 0.00111163984807451, 2.5824193666931774
item: 0.03489831369370222, 49.95743638452052, 0.012505117091474822, 49.94493126742905
promotion: 7.638614624738693e-05, 4.801187179837227, 0.004891821492315714, 4.796295358344912
reason: 1.4491379261016846e-06, 3.0721825358247754, 0.001357378984081103, 3.0708251568406943
store: 9.930133819580078e-05, 31.617311965622907, 0.00142204566416112, 31.615889919958747
store_returns: 20.850121902301908, 13.217464339416821, 5.360402482922236, 7.857061856494585
store_sales: 174.69669486396015, 72.4652561311086, 44.65271959484782, 27.812536536260787
time_dim: 0.0012146271765232086, 3.483322488350868, 0.001929762636582034, 3.481392725714286
web_page: 7.394980639219284e-05, 2.559676322231293, 0.001429350776271374, 2.5582469714550213
web_returns: 6.285572262480855, 6.735146954374313, 1.5746203817571058, 5.160526572617208
web_sales: 67.01082486007363, 36.10790215079625, 16.934036156111972, 19.173865994684277
web_site: 1.0454095900058746e-05, 0.5571575698232651, 0.0017657289435505479, 0.5553918408797146
Function: 120.00402512064993, 7.364893456616401, 6.993279457092285, 100.0717247197456, 5.499295367264748, 0.03874958000716631, 0.03608253992371858
hiya: 0b111101111011101111111101, 120.00402512064993

Round 0
call_center: 9.615905582904816e-06, 0.5520712584813435, 0.001227783012110431, 0.5508434754692331
catalog_page: 0.0017016949132084846, 0, 0.005068091236626356, -0.005068091236626356
catalog_page had no query dependencies
catalog_sales: 132.3057429259643, 32.63070281348546, 33.472121273727964, -0.841418460242501
customer: 0.8535048151388764, 15.206819008599915, 0.21974356467512732, 14.987075443924788
customer_address: 0.2449320713058114, 13.748120555669464, 0.07933453573494503, 13.668786019934519
customer_demographics: 0.011580578982830048, 8.122437475504874, 0.007347150248903314, 8.11509032525597
date_dim: 0.001992875710129738, 59.1307919536066, 0.0021732066161553503, 59.12861874699044
household_demographics: 3.5176053643226624e-05, 7.103871048151653, 0.0012762375274597588, 7.102594810624193
income_band: 5.122274160385132e-07, 0.007648693534533182, 0.001111639765649638, 0.006537053768883545
item: 0.03489831369370222, 45.51556463323116, 0.012499501443149895, 45.503065131788006
promotion: 7.638614624738693e-05, 2.2253048668305078, 0.004891809200669247, 2.2204130576298384
reason: 1.4491379261016846e-06, 3.0721825358247754, 0.0013573787508936476, 3.0708251570738816
store: 9.930133819580078e-05, 26.773185001106267, 0.001422029685125617, 26.77176297142114
store_returns: 20.850121902301908, 4.6067439305305475, 5.357047393814983, -0.7503034632844354
store_sales: 174.69669486396015, 63.87511586386998, 44.6246083453905, 19.25050751847948
time_dim: 0.0012146271765232086, 3.483322488350868, 0.0019295671853310332, 3.481392921165537
web_page: 7.394980639219284e-05, 0.29143167072137194, 0.0014293388766675698, 0.29000233184470436
web_returns: 6.285572262480855, 0.7003088584947585, 1.5736089413861807, -0.8733000828914221
web_sales: 67.01082486007363, 30.09364419656435, 16.923253135772356, 13.170391060791996
web_site: 1.0454095900058746e-05, 0.5571575698232651, 0.0017657272613338468, 0.5553918425619313

Round 1
call_center: 9.615905582904816e-06, 0, 0.0012277783837868024, -0.0012277783837868024
call_center had no query dependencies
customer: 0.8535048151388764, 7.876375279051462, 0.21932284102404015, 7.6570524380274225
customer_address: 0.2449320713058114, 7.413799797339441, 0.07921379978421539, 7.334585997555226
customer_demographics: 0.011580578982830048, 4.612409635419846, 0.007341441759173744, 4.6050681936606725
date_dim: 0.001992875710129738, 25.799780281626383, 0.0021722242550367525, 25.797608057371345
household_demographics: 3.5176053643226624e-05, 7.103871048151653, 0.0012762201879000315, 7.102594827963753
income_band: 5.122274160385132e-07, 0.007648693534533182, 0.0011116395131540637, 0.006537054021379119
item: 0.03489831369370222, 16.869802207663852, 0.012482298791573043, 16.85731990887228
promotion: 7.638614624738693e-05, 1.8276851109393437, 0.004891771547151924, 1.8227933393921918
reason: 1.4491379261016846e-06, 2.929031247153282, 0.0013573780365607132, 2.9276738691167212
store: 9.930133819580078e-05, 23.77376580570698, 0.0014219807358744558, 23.772343824971106
store_returns: 20.850121902301908, 2.102589910597801, 5.346769608315998, -3.2441796977181965
store_sales: 174.69669486396015, 35.191415579772006, 44.538493973224874, -9.347078393452868
time_dim: 0.0012146271765232086, 2.8075862301810584, 0.0019289684512977243, 2.8056572617297606
web_page: 7.394980639219284e-05, 0.14828038204987842, 0.0014293024241110162, 0.1468510796257674
web_sales: 67.01082486007363, 3.332229957733154, 16.890192306501728, -13.557962348768573
web_site: 1.0454095900058746e-05, 0, 0.0017657221036435715, -0.0017657221036435715
web_site had no query dependencies

Round 2
customer: 0.8535048151388764, 0.04680178976694742, 0.21896228607966164, -0.17216049631271424
customer_address: 0.2449320713058114, 0.007648693534533182, 0.07911033057375545, -0.07146163703922227
customer_demographics: 0.011580578982830048, 0.007648693534533182, 0.007336549654364298, 0.0003121438801688839
date_dim: 0.001992875710129738, 0.03915309623241424, 0.002171382383757207, 0.03698171384865703
household_demographics: 3.5176053643226624e-05, 0.007648693534533182, 0.0012762053281126702, 0.006372488206420512
income_band: 5.122274160385132e-07, 0.007648693534533182, 0.0011116392967684917, 0.00653705423776469
item: 0.03489831369370222, 0, 0.012467556332796535, -0.012467556332796535
item had no query dependencies
promotion: 7.638614624738693e-05, 0, 0.004891739278555166, -0.004891739278555166
promotion had no query dependencies
reason: 1.4491379261016846e-06, 0, 0.001357377424386259, -0.001357377424386259
reason had no query dependencies
store: 9.930133819580078e-05, 0.03915309623241424, 0.001421938786974069, 0.03773115744544017
store_returns: 20.850121902301908, 0.04680178976694742, 5.337961673774297, -5.2911598840073495
time_dim: 0.0012146271765232086, 0, 0.0019284330290755439, -0.0019284330290755439
time_dim had no query dependencies
web_page: 7.394980639219284e-05, 0, 0.0014292698261497375, -0.0014292698261497375
web_page had no query dependencies

Round 3
customer_demographics: 0.011580578982830048, 0, 0.007336492919633754, -0.007336492919633754
customer_demographics had no query dependencies
date_dim: 0.001992875710129738, 0, 0.002171372620405427, -0.002171372620405427
date_dim had no query dependencies
household_demographics: 3.5176053643226624e-05, 0, 0.0012762051557807057, -0.0012762051557807057
household_demographics had no query dependencies
income_band: 5.122274160385132e-07, 0, 0.0011116392942590245, -0.0011116392942590245
income_band had no query dependencies
store: 9.930133819580078e-05, 0, 0.0014219382930498149, -0.0014219382930498149
store had no query dependencies
store_returns: 20.850121902301908, 0, 5.3378579653943365, -5.3378579653943365
store_returns had no query dependencies

Round 4
store_returns: 20.850121902301908, 0, 5.337856448966751, -5.337856448966751
store_returns had no query dependencies
Function: 97.97250708492567, 0, 92.61285781860352, 5.024010623375497, 0.3337767170111338, 5.047540316044241e-05, 0.0018114505323588849
hiya: 0b10000000000000000, 97.97250708492567

Round 0
call_center: 9.615905582904816e-06, 0.018121167189280193, 0.001227779319172456, 0.016893387870107735
catalog_page: 0.0017016949132084846, 0, 0.005067437709643089, -0.005067437709643089
catalog_page had no query dependencies
catalog_returns: 13.009788101539016, 0.038701308836936954, 3.2675530105865307, -3.2288517017495937
customer: 0.8535048151388764, 7.894496446240742, 0.2194067509633237, 7.675089695277419
customer_address: 0.2449320713058114, 8.13222982302348, 0.07923787959591337, 8.052991943427566
customer_demographics: 0.011580578982830048, 4.7736820912806195, 0.007342580271414192, 4.766339511009205
date_dim: 0.001992875710129738, 26.538790448958082, 0.0021724201790396056, 26.536618028779042
household_demographics: 3.5176053643226624e-05, 7.121992215340933, 0.001276223646135384, 7.120715991694798
income_band: 5.122274160385132e-07, 0.007648693534533182, 0.0011116395635122696, 0.006537053971020912
item: 0.03489831369370222, 16.89038234931151, 0.012485729721699266, 16.87789661958981
promotion: 7.638614624738693e-05, 1.8276851109393437, 0.004891779056842298, 1.8227933318825014
reason: 1.4491379261016846e-06, 3.0721825358247754, 0.0013573781790286563, 3.070825157645747
store: 9.930133819580078e-05, 23.77376580570698, 0.0014219904984078488, 23.772343815208572
store_returns: 20.850121902301908, 2.123170052245458, 5.348819429748572, -3.2256493775031134
store_sales: 174.69669486396015, 35.191415579772006, 44.555668790283974, -9.364253210511968
time_dim: 0.0012146271765232086, 2.8075862301810584, 0.0019290878639721773, 2.805657142317086
web_page: 7.394980639219284e-05, 0.29143167072137194, 0.0014293096942794492, 0.2900023610270925
web_returns: 6.285572262480855, 0.7208890001424153, 1.571128502041276, -0.8502395018988607
web_sales: 67.01082486007363, 4.0325388162279125, 16.896809038150632, -12.86427022192272
web_site: 1.0454095900058746e-05, 0.5571575698232651, 0.0017657231358939184, 0.5553918466873712

Round 1
call_center: 9.615905582904816e-06, 0, 0.0012277743286030058, -0.0012277743286030058
call_center had no query dependencies
customer: 0.8535048151388764, 0.04680178976694742, 0.21896290416039155, -0.17216111439344411
customer_address: 0.2449320713058114, 0.007648693534533182, 0.07911050794568203, -0.07146181441114885
customer_demographics: 0.011580578982830048, 0.007648693534533182, 0.007336558040647052, 0.0003121354938861306
date_dim: 0.001992875710129738, 0.03915309623241424, 0.0021713838269336854, 0.03698171240548055
household_demographics: 3.5176053643226624e-05, 0.007648693534533182, 0.0012762053535860366, 0.006372488180947145
income_band: 5.122274160385132e-07, 0.007648693534533182, 0.0011116392971394305, 0.006537054237393752
item: 0.03489831369370222, 0, 0.012467581605032634, -0.012467581605032634
item had no query dependencies
promotion: 7.638614624738693e-05, 0, 0.004891739333871555, -0.004891739333871555
promotion had no query dependencies
reason: 1.4491379261016846e-06, 0, 0.0013573774254356781, -0.0013573774254356781
reason had no query dependencies
store: 9.930133819580078e-05, 0.03915309623241424, 0.0014219388588849037, 0.037731157373529334
store_returns: 20.850121902301908, 0.04680178976694742, 5.337976772761831, -5.2911749829948835
time_dim: 0.0012146271765232086, 0, 0.0019284339086694706, -0.0019284339086694706
time_dim had no query dependencies
web_page: 7.394980639219284e-05, 0, 0.0014292698797018083, -0.0014292698797018083
web_page had no query dependencies
web_site: 1.0454095900058746e-05, 0, 0.0017657174439954062, -0.0017657174439954062
web_site had no query dependencies

Round 2
customer_demographics: 0.011580578982830048, 0, 0.007336492919633754, -0.007336492919633754
customer_demographics had no query dependencies
date_dim: 0.001992875710129738, 0, 0.002171372620405427, -0.002171372620405427
date_dim had no query dependencies
household_demographics: 3.5176053643226624e-05, 0, 0.0012762051557807057, -0.0012762051557807057
household_demographics had no query dependencies
income_band: 5.122274160385132e-07, 0, 0.0011116392942590245, -0.0011116392942590245
income_band had no query dependencies
store: 9.930133819580078e-05, 0, 0.0014219382930498149, -0.0014219382930498149
store had no query dependencies
store_returns: 20.850121902301908, 0, 5.3378579653943365, -5.3378579653943365
store_returns had no query dependencies

Round 3
store_returns: 20.850121902301908, 0, 5.337856448966751, -5.337856448966751
store_returns had no query dependencies
Function: 97.97250708492567, 0, 92.61285781860352, 5.024010623375497, 0.3337767170111338, 5.047540316044241e-05, 0.0018114505323588849
hiya: 0b10000000000000000, 97.97250708492567

Round 0
call_center: 9.615905582904816e-06, 0.9618653701686859, 0.0012277806624184232, 0.9606375895062674
catalog_page: 0.0017016949132084846, 6.260055239159266, 0.005067675419426104, 6.2549875637398396
catalog_returns: 13.009788101539016, 12.704687446726162, 3.2693703480438403, 9.435317098682322
catalog_sales: 132.3057429259643, 37.984366389015506, 33.43992451921691, 4.544441869798597
customer_address: 0.2449320713058114, 5.759362841064136, 0.07927490615532751, 5.6800879349088085
customer_demographics: 0.011580578982830048, 5.1455319864479705, 0.007344330915964217, 5.138187655532006
date_dim: 0.001992875710129738, 57.629701530685416, 0.002172721443510578, 57.62752880924191
household_demographics: 3.5176053643226624e-05, 3.7090808744096755, 0.0012762289637250049, 3.7078046454459503
income_band: 5.122274160385132e-07, 0, 0.0011116396409460608, -0.0011116396409460608
income_band had no query dependencies
item: 0.03489831369370222, 44.20271620920816, 0.012491005325169828, 44.190225203882996
promotion: 7.638614624738693e-05, 4.913480193560918, 0.004891790604191599, 4.908588402956727
reason: 1.4491379261016846e-06, 3.0721825358247754, 0.001357378398095891, 3.0708251574266794
store: 9.930133819580078e-05, 28.57573200419426, 0.0014220055098633883, 28.5743099986844
store_returns: 20.850121902301908, 15.86144303038438, 5.351971357845581, 10.5094716725388
store_sales: 174.69669486396015, 63.32375080049991, 44.58207781674322, 18.741672983756686
time_dim: 0.0012146271765232086, 3.483322488350868, 0.0019292714800461272, 3.481393216870822
web_page: 7.394980639219284e-05, 2.559676322231293, 0.001429320873325482, 2.5582470013579672
web_returns: 6.285572262480855, 12.99520219353358, 1.5720786965731224, 11.423123496960457
web_sales: 67.01082486007363, 35.928506606963474, 16.906939113296954, 19.02156749366652
web_site: 1.0454095900058746e-05, 6.817212808982531, 0.001765724716247201, 6.815447084266284

Round 1
call_center: 9.615905582904816e-06, 0.9618653701686859, 0.0012277803431483794, 0.9606375898255375
catalog_page: 0.0017016949132084846, 6.260055239159266, 0.005067618919265552, 6.2549876202400005
catalog_returns: 13.009788101539016, 12.704687446726162, 3.2689383933433995, 9.435749053382763
catalog_sales: 132.3057429259643, 37.984366389015506, 33.43553166615073, 4.548834722864775
customer_address: 0.2449320713058114, 5.759362841064136, 0.07926677385073781, 5.680096067213398
customer_demographics: 0.011580578982830048, 5.1455319864479705, 0.007343946414273151, 5.138188040033698
date_dim: 0.001992875710129738, 57.629701530685416, 0.0021726552754820394, 57.627528875409936
household_demographics: 3.5176053643226624e-05, 3.7090808744096755, 0.0012762277957996248, 3.7078046466138757
item: 0.03489831369370222, 44.20271620920816, 0.012489846340048237, 44.19022636286812
promotion: 7.638614624738693e-05, 4.913480193560918, 0.004891788067381145, 4.908588405493537
reason: 1.4491379261016846e-06, 3.0721825358247754, 0.001357378349969517, 3.0708251574748058
store: 9.930133819580078e-05, 28.57573200419426, 0.001422002212031449, 28.57431000198223
store_returns: 20.850121902301908, 15.86144303038438, 5.351278918053784, 10.510164112330596
store_sales: 174.69669486396015, 63.32375080049991, 44.576276078816406, 18.747474721683503
time_dim: 0.0012146271765232086, 3.483322488350868, 0.001929231141855628, 3.4813932572090125
web_page: 7.394980639219284e-05, 2.559676322231293, 0.0014293184174267212, 2.5582470038138663
web_returns: 6.285572262480855, 12.99520219353358, 1.5718699505346505, 11.423332242998928
web_sales: 67.01082486007363, 35.928506606963474, 16.904713660523498, 19.023792946439976
web_site: 1.0454095900058746e-05, 6.817212808982531, 0.0017657243690630444, 6.815447084613468
Function: 131.3203996811956, 4.5777579123687735, 21.321182250976562, 99.86647553614243, 5.488724914628666, 0.030260122989295483, 0.03599894408987463
hiya: 0b111101111011100111101111, 131.3203996811956

Round 0
call_center: 9.615905582904816e-06, 0.5520712584813435, 0.0012277826885377257, 0.5508434757928058
catalog_page: 0.0017016949132084846, 6.260055239159266, 0.0050680339750380395, 6.254987205184228
catalog_returns: 13.009788101539016, 12.29489333503882, 3.2721115753329957, 9.022781759705824
catalog_sales: 132.3057429259643, 39.27100410704135, 33.467801999633195, 5.803202107408154
customer: 0.8535048151388764, 6.808267182307243, 0.21971570102267907, 6.588551481284564
customer_demographics: 0.011580578982830048, 3.4463300542147954, 0.007346770480296927, 3.4389832837344985
date_dim: 0.001992875710129738, 58.67860587192852, 0.002173141262632676, 58.67643273066589
household_demographics: 3.5176053643226624e-05, 4.562029751205444, 0.0012762363739111417, 4.560753514831533
income_band: 5.122274160385132e-07, 0, 0.001111639748851869, -0.001111639748851869
income_band had no query dependencies
item: 0.03489831369370222, 43.609128786919904, 0.012498357002619212, 43.59663042991728
promotion: 7.638614624738693e-05, 4.913480193560918, 0.004891806695694292, 4.908588386865224
reason: 1.4491379261016846e-06, 2.929031247153282, 0.0013573787033712317, 2.9276738684499106
store: 9.930133819580078e-05, 28.81327797788938, 0.0014220264286795555, 28.8118559514607
store_returns: 20.850121902301908, 15.900596126616795, 5.356363643740865, 10.54423248287593
store_sales: 174.69669486396015, 65.44360501569268, 44.61887941590888, 20.824725599783804
time_dim: 0.0012146271765232086, 3.483322488350868, 0.0019295273533614233, 3.4813929609975065
web_page: 7.394980639219284e-05, 2.4165250335597994, 0.0014293364515889136, 2.4150956971082107
web_returns: 6.285572262480855, 12.29489333503882, 1.573402814989391, 10.721490520049429
web_sales: 67.01082486007363, 37.14965908619881, 16.92105561114015, 20.22860347505866
web_site: 1.0454095900058746e-05, 6.260055239159266, 0.00176572691850665, 6.25828951224076

Round 1
call_center: 9.615905582904816e-06, 0.5520712584813435, 0.0012277822679617168, 0.5508434762133818
catalog_page: 0.0017016949132084846, 6.260055239159266, 0.005067959547096892, 6.254987279612169
catalog_returns: 13.009788101539016, 12.29489333503882, 3.2715425592680973, 9.023350775770723
catalog_sales: 132.3057429259643, 39.27100410704135, 33.4620152725462, 5.808988834495146
customer: 0.8535048151388764, 6.808267182307243, 0.21967837082579256, 6.588588811481451
customer_demographics: 0.011580578982830048, 3.4463300542147954, 0.007346263974316151, 3.438983790240479
date_dim: 0.001992875710129738, 58.67860587192852, 0.002173054099161176, 58.67643281782936
household_demographics: 3.5176053643226624e-05, 4.562029751205444, 0.0012762348353972577, 4.560753516370047
item: 0.03489831369370222, 43.609128786919904, 0.012496830355053404, 43.59663195656485
promotion: 7.638614624738693e-05, 4.913480193560918, 0.004891803354136724, 4.9085883902067815
reason: 1.4491379261016846e-06, 2.929031247153282, 0.0013573786399778281, 2.9276738685133044
store: 9.930133819580078e-05, 28.81327797788938, 0.0014220220846832361, 28.8118559558047
store_returns: 20.850121902301908, 15.900596126616795, 5.355451542711333, 10.545144583905461
store_sales: 174.69669486396015, 65.44360501569268, 44.61123720470322, 20.83236781098946
time_dim: 0.0012146271765232086, 3.483322488350868, 0.0019294742187704892, 3.4813930141320975
web_page: 7.394980639219284e-05, 2.4165250335597994, 0.001429333216610487, 2.4150957003431888
web_returns: 6.285572262480855, 12.29489333503882, 1.5731278488784652, 10.721765486160354
web_sales: 67.01082486007363, 37.14965908619881, 16.918124182603137, 20.231534903595673
web_site: 1.0454095900058746e-05, 6.260055239159266, 0.0017657264611859842, 6.25828951269808
Function: 130.416378781353, 6.030303156086604, 18.819732666015625, 100.01311621020854, 5.4825165559625635, 0.034658668304732396, 0.03605152477494181
hiya: 0b111101111011100111011111, 130.416378781353

Round 0
call_center: 9.615905582904816e-06, 0.9618653701686859, 0.0012277834145698026, 0.9606375867541161
catalog_page: 0.0017016949132084846, 6.260055239159266, 0.005068162458526306, 6.25498707670074
catalog_returns: 13.009788101539016, 12.704687446726162, 3.2730938565538636, 9.431593590172298
catalog_sales: 132.3057429259643, 41.94793356715042, 33.47779151258104, 8.47014205456938
customer: 0.8535048151388764, 12.229913519543011, 0.2197801434060052, 12.010133376137006
customer_address: 0.2449320713058114, 9.481807246066728, 0.07934503281025235, 9.402462213256475
date_dim: 0.001992875710129738, 63.720690618362404, 0.002173291959134607, 63.71851732640327
household_demographics: 3.5176053643226624e-05, 6.194727710388502, 0.0012762390338403127, 6.193451471354662
income_band: 5.122274160385132e-07, 0, 0.001111639787585283, -0.001111639787585283
income_band had no query dependencies
item: 0.03489831369370222, 45.57000257063706, 0.012500995929758625, 45.5575015747073
promotion: 7.638614624738693e-05, 4.818743947313626, 0.004891812471832251, 4.8138521348417935
reason: 1.4491379261016846e-06, 2.929031247153282, 0.001357378812951581, 2.9276738683403303
store: 9.930133819580078e-05, 31.459124750537878, 0.0014220339376096044, 31.45770271660027
store_returns: 20.850121902301908, 16.893988572034836, 5.357940280166079, 11.536048291868756
store_sales: 174.69669486396015, 70.69409240353743, 44.6320895627741, 26.062002840763327
time_dim: 0.0012146271765232086, 3.483322488350868, 0.0019296192005678107, 3.4813928691503
web_page: 7.394980639219284e-05, 2.4165250335597994, 0.0014293420434966704, 2.415095691516303
web_returns: 6.285572262480855, 12.852050904862086, 1.573878114953045, 11.278172789909041
web_sales: 67.01082486007363, 41.37423038944562, 16.92612280968475, 24.448107579760872
web_site: 1.0454095900058746e-05, 6.817212808982531, 0.001765727709020416, 6.81544708127351

Round 1
call_center: 9.615905582904816e-06, 0.9618653701686859, 0.00122778295769219, 0.9606375872109937
catalog_page: 0.0017016949132084846, 6.260055239159266, 0.005068081606410745, 6.254987157552855
catalog_returns: 13.009788101539016, 12.704687446726162, 3.272475726427922, 9.43221172029824
catalog_sales: 132.3057429259643, 41.94793356715042, 33.47150530984666, 8.476428257303759
customer: 0.8535048151388764, 12.229913519543011, 0.2197395910899524, 12.010173928453058
customer_address: 0.2449320713058114, 9.481807246066728, 0.07933339542685287, 9.402473850639876
date_dim: 0.001992875710129738, 63.720690618362404, 0.0021731972722339385, 63.71851742109017
household_demographics: 3.5176053643226624e-05, 6.194727710388502, 0.0012762373625311186, 6.193451473025971
item: 0.03489831369370222, 45.57000257063706, 0.012499337535396044, 45.55750323310166
promotion: 7.638614624738693e-05, 4.818743947313626, 0.004891808841904587, 4.813852138471722
reason: 1.4491379261016846e-06, 2.929031247153282, 0.0013573787440874466, 2.9276738684091947
store: 9.930133819580078e-05, 31.459124750537878, 0.0014220292187346207, 31.457702721319144
store_returns: 20.850121902301908, 16.893988572034836, 5.356949466543239, 11.537039105491598
store_sales: 174.69669486396015, 70.69409240353743, 44.623787843199146, 26.07030456033828
time_dim: 0.0012146271765232086, 3.483322488350868, 0.0019295614805622005, 3.481392926870306
web_page: 7.394980639219284e-05, 2.4165250335597994, 0.0014293385293457257, 2.4150956950304536
web_returns: 6.285572262480855, 12.852050904862086, 1.5735794197869353, 11.278471485075151
web_sales: 67.01082486007363, 41.37423038944562, 16.92293840441075, 24.45129198503487
web_site: 1.0454095900058746e-05, 6.817212808982531, 0.001765727212233842, 6.815447081770297
Function: 124.45455281382885, 6.550802831910452, 12.263755798339844, 100.06934419687954, 5.498284835888545, 0.03629346446658939, 0.03607168634387851
hiya: 0b111101111011100110111111, 124.45455281382885

Round 0
call_center: 9.615905582904816e-06, 0, 0.001227775001064633, -0.001227775001064633
call_center had no query dependencies
catalog_page: 0.0017016949132084846, 0, 0.005066673548425617, -0.005066673548425617
catalog_page had no query dependencies
catalog_returns: 13.009788101539016, 0, 3.261710849669461, -3.261710849669461
catalog_returns had no query dependencies
catalog_sales: 132.3057429259643, 0, 33.362029659212034, -33.362029659212034
catalog_sales had no query dependencies
customer: 0.8535048151388764, 1.001041138952573, 0.2190333632808587, 0.7820077756717143
customer_address: 0.2449320713058114, 1.001041138952573, 0.07913072774762375, 0.9219104112049493
customer_demographics: 0.011580578982830048, 0.007648693534533182, 0.007337514048621649, 0.0003111794859115332
household_demographics: 3.5176053643226624e-05, 2.8152349237155914, 0.001276208257032016, 2.8139587154585595
income_band: 5.122274160385132e-07, 0.007648693534533182, 0.0011116393394188927, 0.00653705419511429
item: 0.03489831369370222, 2.1371579778464636, 0.012470462126242076, 2.1246875157202214
promotion: 7.638614624738693e-05, 0, 0.00489174563881558, -0.00489174563881558
promotion had no query dependencies
reason: 1.4491379261016846e-06, 2.929031247153282, 0.0013573775450481202, 2.927673869608234
store: 9.930133819580078e-05, 3.6526982935492196, 0.0014219470552583246, 3.6512763464939613
store_returns: 20.850121902301908, 1.5308723619000117, 5.339697750425284, -3.808825388525272
store_sales: 174.69669486396015, 9.929328187940916, 44.47924107264979, -34.549912884708874
time_dim: 0.0012146271765232086, 2.8075862301810584, 0.0019285564790885055, 2.80565767370197
web_page: 7.394980639219284e-05, 0.14828038204987842, 0.0014292773421223208, 0.1468511047077561
web_returns: 6.285572262480855, 0, 1.5683786392438133, -1.5683786392438133
web_returns had no query dependencies
web_sales: 67.01082486007363, 0.14828038204987842, 16.86749260257166, -16.71921222052178
web_site: 1.0454095900058746e-05, 0, 0.0017657185623518132, -0.0017657185623518132
web_site had no query dependencies

Round 1
customer: 0.8535048151388764, 0.007648693534533182, 0.21895873638952854, -0.21131004285499536
customer_address: 0.2449320713058114, 0.007648693534533182, 0.07910931191171468, -0.0714606183771815
customer_demographics: 0.011580578982830048, 0.007648693534533182, 0.0073365014912301, 0.00031219204330308267
household_demographics: 3.5176053643226624e-05, 0.007648693534533182, 0.001276205181385006, 0.0063724883531481764
income_band: 5.122274160385132e-07, 0.007648693534533182, 0.0011116392946318697, 0.006537054239901313
item: 0.03489831369370222, 0, 0.012467410763651692, -0.012467410763651692
item had no query dependencies
reason: 1.4491379261016846e-06, 0, 0.0013573774182903389, -0.0013573774182903389
reason had no query dependencies
store: 9.930133819580078e-05, 0, 0.0014219383692546659, -0.0014219383692546659
store had no query dependencies
store_returns: 20.850121902301908, 0.007648693534533182, 5.3378739659887335, -5.3302252724542
time_dim: 0.0012146271765232086, 0, 0.0019284279196445085, -0.0019284279196445085
time_dim had no query dependencies
web_page: 7.394980639219284e-05, 0, 0.001429269515073678, -0.001429269515073678
web_page had no query dependencies

Round 2
customer_demographics: 0.011580578982830048, 0, 0.007336492919633754, -0.007336492919633754
customer_demographics had no query dependencies
household_demographics: 3.5176053643226624e-05, 0, 0.001276205155348749, -0.001276205155348749
household_demographics had no query dependencies
income_band: 5.122274160385132e-07, 0, 0.0011116392942527344, -0.0011116392942527344
income_band had no query dependencies
store_returns: 20.850121902301908, 0, 5.337857497929205, -5.337857497929205
store_returns had no query dependencies

Round 3
store_returns: 20.850121902301908, 0, 5.337856448966751, -5.337856448966751
store_returns had no query dependencies
Function: 97.97250708492567, 0, 92.61285781860352, 5.024010623375497, 0.3337767170111338, 5.047540316044241e-05, 0.0018114505323588849
hiya: 0b10000000000000000, 97.97250708492567

Round 0
call_center: 9.615905582904816e-06, 0.9618653701686859, 0.001227784213609319, 0.9606375859550765
catalog_page: 0.0017016949132084846, 6.260055239159266, 0.005068303861898945, 6.254986935297367
catalog_returns: 13.009788101539016, 12.704687446726162, 3.2741749127999604, 9.430512533926201
catalog_sales: 132.3057429259643, 45.31481011856395, 33.48878553866881, 11.82602457989514
customer: 0.8535048151388764, 11.812028834857939, 0.2198510659071465, 11.592177768950792
customer_address: 0.2449320713058114, 11.6160733704106, 0.07936538558952037, 11.53670798482108
customer_demographics: 0.011580578982830048, 7.213294137741725, 0.007348608854040706, 7.205945528887685
date_dim: 0.001992875710129738, 67.54684327589672, 0.002173457624222675, 67.5446698182725
income_band: 5.122274160385132e-07, 0, 0.001111639830161352, -0.001111639830161352
income_band had no query dependencies
item: 0.03489831369370222, 51.13501370853582, 0.012503896658934092, 51.12250981187689
promotion: 7.638614624738693e-05, 5.978764503852526, 0.004891818821007887, 5.973872685031518
reason: 1.4491379261016846e-06, 3.0721825358247754, 0.0013573789334031506, 3.0708251568913725
store: 9.930133819580078e-05, 28.353542919208213, 0.0014220421914837426, 28.35212087701673
store_returns: 20.850121902301908, 16.893988572034836, 5.35967333115086, 11.534315240883975
store_sales: 174.69669486396015, 69.20148708469388, 44.64661025864775, 24.554876826046133
time_dim: 0.0012146271765232086, 0.67573625816981, 0.0019297201597293099, 0.6738065380100806
web_page: 7.394980639219284e-05, 2.4113959401814142, 0.0014293481901650397, 2.409966591991249
web_returns: 6.285572262480855, 12.99520219353358, 1.5744005683588544, 11.420801625174725
web_sales: 67.01082486007363, 42.219677007905645, 16.931692713619068, 25.287984294286577
web_site: 1.0454095900058746e-05, 6.817212808982531, 0.001765728577959278, 6.815447080404572

Round 1
call_center: 9.615905582904816e-06, 0.9618653701686859, 0.0012277837167797305, 0.9606375864519061
catalog_page: 0.0017016949132084846, 6.260055239159266, 0.0050682159396147515, 6.254987023219651
catalog_returns: 13.009788101539016, 12.704687446726162, 3.2735027298617134, 9.431184716864449
catalog_sales: 132.3057429259643, 45.31481011856395, 33.481949634630034, 11.832860483933914
customer: 0.8535048151388764, 11.812028834857939, 0.21980696746603665, 11.592221867391903
customer_address: 0.2449320713058114, 11.6160733704106, 0.07935273056715751, 11.536720639843443
customer_demographics: 0.011580578982830048, 7.213294137741725, 0.007348010514732908, 7.2059461272269925
date_dim: 0.001992875710129738, 67.54684327589672, 0.002173354657361113, 67.54466992123936
item: 0.03489831369370222, 51.13501370853582, 0.012502093269742609, 51.12251161526608
promotion: 7.638614624738693e-05, 5.978764503852526, 0.004891814873712561, 5.973872688978814
reason: 1.4491379261016846e-06, 3.0721825358247754, 0.0013573788585181663, 3.070825156966257
store: 9.930133819580078e-05, 28.353542919208213, 0.0014220370600335076, 28.352120882148178
store_returns: 20.850121902301908, 16.893988572034836, 5.358595889850696, 11.53539268218414
store_sales: 174.69669486396015, 69.20148708469388, 44.637582712673165, 24.563904372020716
time_dim: 0.0012146271765232086, 0.67573625816981, 0.0019296573932145423, 0.6738066007765955
web_page: 7.394980639219284e-05, 2.4113959401814142, 0.0014293443687688906, 2.4099665958126453
web_returns: 6.285572262480855, 12.99520219353358, 1.5740757580204545, 11.421126435513125
web_sales: 67.01082486007363, 42.219677007905645, 16.928229893084943, 25.291447114820702
web_site: 1.0454095900058746e-05, 6.817212808982531, 0.0017657280377382312, 6.815447080944793
Function: 123.44379517007955, 7.123642273087502, 10.67234992980957, 100.072126157927, 5.50157422656854, 0.038029898820254905, 0.036072683866691595
hiya: 0b111101111011100011111111, 123.44379517007955

Round 0
call_center: 9.615905582904816e-06, 0.9799865373579659, 0.0012277846388193687, 0.9787587527191466
catalog_page: 0.0017016949132084846, 6.260055239159266, 0.005068379109910954, 6.254986860049355
catalog_returns: 13.009788101539016, 12.722808613915442, 3.2747501984658562, 9.448058415449585
catalog_sales: 132.3057429259643, 45.31481011856395, 33.49463602576567, 11.820174092798275
customer: 0.8535048151388764, 15.217291482254664, 0.21988880742008202, 14.997402674834582
customer_address: 0.2449320713058114, 14.168387141011552, 0.07937621635083952, 14.089010924660712
customer_demographics: 0.011580578982830048, 8.132909949159622, 0.0073491209408663785, 8.125560828218756
date_dim: 0.001992875710129738, 71.85360056752205, 0.002173545748089182, 71.85142702177396
household_demographics: 3.5176053643226624e-05, 7.1143435218064, 0.0012762435134442513, 7.113067278292956
item: 0.03489831369370222, 51.13501370853582, 0.012505439882697063, 51.12250826865313
promotion: 7.638614624738693e-05, 5.978764503852526, 0.004891822198847776, 5.9738726816536785
reason: 1.4491379261016846e-06, 3.0721825358247754, 0.001357378997484874, 3.0708251568272904
store: 9.930133819580078e-05, 35.30148489177545, 0.0014220465826467698, 35.300062845192805
store_returns: 20.850121902301908, 16.893988572034836, 5.360595335688469, 11.533393236346367
store_sales: 174.69669486396015, 76.14942905726116, 44.65433544827132, 31.49509360898984
time_dim: 0.0012146271765232086, 3.483322488350868, 0.0019297738712506865, 3.4813927144796173
web_page: 7.394980639219284e-05, 2.559676322231293, 0.0014293514602685608, 2.5582469707710245
web_returns: 6.285572262480855, 12.99520219353358, 1.5746785200262179, 11.420523673507361
web_sales: 67.01082486007363, 42.36795738995552, 16.934655971334273, 25.433301418621248
web_site: 1.0454095900058746e-05, 6.817212808982531, 0.0017657290402454892, 6.8154470799422855
Function: 116.33165994866637, 7.428479621337254, 3.253169059753418, 100.07213463389027, 5.502841989469529, 0.03895195730998659, 0.036082686905902626
hiya: 0b111101111011100111111111, 116.33165994866637

Round 0
call_center: 9.615905582904816e-06, 0.4279152788766225, 0.0012277789169238685, 0.4266874999596986
catalog_page: 0.0017016949132084846, 2.5065956021372475, 0.005067366525044907, 2.5015282356122026
catalog_returns: 13.009788101539016, 7.103359538610776, 3.267008790508507, 3.836350748102269
catalog_sales: 132.3057429259643, 11.070178759339651, 33.41590816923979, -22.34572940990014
customer: 0.8535048151388764, 8.292642676461536, 0.2193809337394361, 8.073261742722101
customer_address: 0.2449320713058114, 6.650150912930171, 0.07923047077289329, 6.570920442157277
customer_demographics: 0.011580578982830048, 2.575547504795392, 0.0073422299764948845, 2.5682052748188973
date_dim: 0.001992875710129738, 22.855744836832685, 0.0021723598975772447, 22.853572476935106
household_demographics: 3.5176053643226624e-05, 7.121992215340933, 0.001276222582113206, 7.12071599275882
income_band: 5.122274160385132e-07, 0.007648693534533182, 0.0011116395480181686, 0.006537053986515014
promotion: 7.638614624738693e-05, 0, 0.004891776744010476, -0.004891776744010476
promotion had no query dependencies
reason: 1.4491379261016846e-06, 3.0721825358247754, 0.001357378135151429, 3.070825157689624
store: 9.930133819580078e-05, 15.815872371466956, 0.0014219874917462203, 15.81445038397521
store_returns: 20.850121902301908, 7.784641724913915, 5.348188126458904, 2.436453598455011
store_sales: 174.69669486396015, 29.049226269323032, 44.550379296118024, -15.501153026794992
time_dim: 0.0012146271765232086, 2.8075862301810584, 0.0019290510872983597, 2.80565717909376
web_page: 7.394980639219284e-05, 2.559676322231293, 0.0014293074552155117, 2.5582470147760774
web_returns: 6.285572262480855, 7.3757531182289116, 1.5709381864898688, 5.804814931739043
web_sales: 67.01082486007363, 13.644631242488224, 16.8947800737937, -3.250148831305477
web_site: 1.0454095900058746e-05, 3.0637531719605127, 0.0017657228193631487, 3.0619874491411494

Round 1
call_center: 9.615905582904816e-06, 0.018121167189280193, 0.001227774337478613, 0.01689339285180158
catalog_page: 0.0017016949132084846, 0, 0.005066556115808941, -0.005066556115808941
catalog_page had no query dependencies
catalog_returns: 13.009788101539016, 0.018121167189280193, 3.260813054508116, -3.242691887318836
customer: 0.8535048151388764, 0.06492295695622761, 0.2189645773535882, -0.15404162039736058
customer_address: 0.2449320713058114, 0.025769860723813376, 0.07911098810545159, -0.05334112738163821
customer_demographics: 0.011580578982830048, 0.025769860723813376, 0.007336580742974705, 0.01843327998083867
date_dim: 0.001992875710129738, 0.057274263421694435, 0.0021713877337260325, 0.0551028756879684
household_demographics: 3.5176053643226624e-05, 0.025769860723813376, 0.001276205422544445, 0.02449365530126893
income_band: 5.122274160385132e-07, 0.007648693534533182, 0.0011116392981435905, 0.0065370542363895915
reason: 1.4491379261016846e-06, 0, 0.0013573774281823092, -0.0013573774281823092
reason had no query dependencies
store: 9.930133819580078e-05, 0.03915309623241424, 0.0014219390470962075, 0.03773115718531803
store_returns: 20.850121902301908, 0.04680178976694742, 5.338016291147975, -5.2912145013810274
time_dim: 0.0012146271765232086, 0, 0.0019284362108193578, -0.0019284362108193578
time_dim had no query dependencies
web_page: 7.394980639219284e-05, 0, 0.0014292700198629555, -0.0014292700198629555
web_page had no query dependencies
web_returns: 6.285572262480855, 0, 1.5677562631672493, -1.5677562631672493
web_returns had no query dependencies
web_site: 1.0454095900058746e-05, 0, 0.0017657174682947716, -0.0017657174682947716
web_site had no query dependencies

Round 2
call_center: 9.615905582904816e-06, 0, 0.0012277742770175496, -0.0012277742770175496
call_center had no query dependencies
customer_demographics: 0.011580578982830048, 0, 0.007336493022564912, -0.007336493022564912
customer_demographics had no query dependencies
date_dim: 0.001992875710129738, 0, 0.002171372638118618, -0.002171372638118618
date_dim had no query dependencies
household_demographics: 3.5176053643226624e-05, 0, 0.0012762051560933595, -0.0012762051560933595
household_demographics had no query dependencies
income_band: 5.122274160385132e-07, 0, 0.0011116392942635773, -0.0011116392942635773
income_band had no query dependencies
store: 9.930133819580078e-05, 0, 0.0014219382939324305, -0.0014219382939324305
store had no query dependencies
store_returns: 20.850121902301908, 0, 5.337858150715572, -5.337858150715572
store_returns had no query dependencies

Round 3
store_returns: 20.850121902301908, 0, 5.337856448966751, -5.337856448966751
store_returns had no query dependencies
Function: 97.97250708492567, 0, 92.61285781860352, 5.024010623375497, 0.3337767170111338, 5.047540316044241e-05, 0.0018114505323588849
hiya: 0b10000000000000000, 97.97250708492567

Round 0
call_center: 9.615905582904816e-06, 0.9799865373579659, 0.0012277841589409051, 0.9787587531990251
catalog_page: 0.0017016949132084846, 2.5065956021372475, 0.005068294187411106, 2.5015273079498366
catalog_returns: 13.009788101539016, 8.969348976893423, 3.2741009494615287, 5.695248027431894
catalog_sales: 132.3057429259643, 41.163730725650765, 33.488033353132494, 7.675697372518272
customer: 0.8535048151388764, 14.159655865497587, 0.2198462135555938, 13.939809651941994
customer_address: 0.2449320713058114, 13.110751524254477, 0.07936399309999316, 13.031387531154484
customer_demographics: 0.011580578982830048, 6.980538086155256, 0.007348543016051966, 6.973189543139204
date_dim: 0.001992875710129738, 65.87483606366952, 0.0021734462943117303, 65.87266261737521
household_demographics: 3.5176053643226624e-05, 7.121992215340933, 0.0012762417579953826, 7.1207159735829375
income_band: 5.122274160385132e-07, 0.007648693534533182, 0.001111639827253943, 0.00653705370727924
item: 0.03489831369370222, 45.15624920468329, 0.01250369857568774, 45.14374550610761
reason: 1.4491379261016846e-06, 3.0721825358247754, 0.0013573789251266042, 3.070825156899649
store: 9.930133819580078e-05, 30.482740944461828, 0.0014220416243381924, 30.48131890283749
store_returns: 20.850121902301908, 13.14817762854735, 5.359554248628176, 7.788623379919174
store_sales: 174.69669486396015, 70.56828430929978, 44.64561250318011, 25.922671806119673
time_dim: 0.0012146271765232086, 3.483322488350868, 0.0019297132225579601, 3.48139277512831
web_page: 7.394980639219284e-05, 2.559676322231293, 0.0014293477678111782, 2.5582469744634815
web_returns: 6.285572262480855, 9.24174255651156, 1.5743646692017639, 7.667377887309797
web_sales: 67.01082486007363, 38.6144977529335, 16.931309990769346, 21.683187762164156
web_site: 1.0454095900058746e-05, 3.0637531719605127, 0.0017657285182521875, 3.0619874434422605
Function: 122.29794794922225, 7.084449939101537, 9.568314552307129, 100.07211635143724, 5.499080099609693, 0.03790432641623961, 0.03608268035039604
hiya: 0b111101111010101111111111, 122.29794794922225

Round 0
call_center: 9.615905582904816e-06, 0.9799865373579659, 0.0012277847548686504, 0.9787587526030973
catalog_page: 0.0017016949132084846, 6.260055239159266, 0.005068399646767377, 6.254986839512498
catalog_returns: 13.009788101539016, 15.298690926922161, 3.274907206721722, 12.023783720200438
catalog_sales: 132.3057429259643, 47.89069243157066, 33.4962327538427, 14.394459677727966
customer: 0.8535048151388764, 17.800822488795916, 0.21989910791854922, 17.580923380877366
customer_address: 0.2449320713058114, 16.60876685888131, 0.0793791723065416, 16.52938768657477
customer_demographics: 0.011580578982830048, 10.57328966702938, 0.0073492607007528445, 10.565940406328627
date_dim: 0.001992875710129738, 74.28633159185728, 0.002173569799052731, 74.28415802205822
household_demographics: 3.5176053643226624e-05, 9.69787452834765, 0.0012762439379654493, 9.696598284409685
income_band: 5.122274160385132e-07, 2.583531006541252, 0.001111639858998278, 2.5824193666822537
item: 0.03489831369370222, 53.71089602154254, 0.012505861333341013, 53.6983901602092
promotion: 7.638614624738693e-05, 8.554646816859247, 0.004891823121327607, 8.549754993737919
store: 9.930133819580078e-05, 37.87736720478217, 0.001422047780885306, 37.87594515700128
store_returns: 20.850121902301908, 18.94768835562865, 5.360846927660965, 13.586841427967684
store_sales: 174.69669486396015, 75.79628012311458, 44.65644345925828, 31.139836663856308
time_dim: 0.0012146271765232086, 3.483322488350868, 0.001929788527781167, 3.4813926998230866
web_page: 7.394980639219284e-05, 2.4165250335597994, 0.0014293523525980034, 2.4150956812072013
web_returns: 6.285572262480855, 12.852050904862086, 1.5747543660827157, 11.277296538779371
web_sales: 67.01082486007363, 42.224806101284024, 16.93546457023284, 25.289341531051186
web_site: 1.0454095900058746e-05, 6.817212808982531, 0.001765729166391831, 6.815447079816139
Function: 116.82031560638546, 7.51167651500066, 3.658623695373535, 100.07213440813388, 5.50259647620519, 0.0392018248472539, 0.03608268682495356
hiya: 0b111101111001101111111111, 116.82031560638546

Round 0
call_center: 9.615905582904816e-06, 0.9799865373579659, 0.0012277807791989286, 0.978758756578767
catalog_page: 0.0017016949132084846, 0, 0.0050676960856847475, -0.0050676960856847475
catalog_page had no query dependencies
catalog_returns: 13.009788101539016, 4.194508723246257, 3.2695283456048143, 0.9249803776414423
catalog_sales: 132.3057429259643, 33.78709103249549, 33.441531308237764, 0.3455597242577255
customer: 0.8535048151388764, 8.499187288208006, 0.21954622869965545, 8.27964105950835
customer_address: 0.2449320713058114, 7.687828920660019, 0.07927790581516232, 7.608551014844856
customer_demographics: 0.011580578982830048, 4.29819850145658, 0.007344472742216098, 4.290854028714364
date_dim: 0.001992875710129738, 40.20481396929582, 0.002172745850070289, 40.20264122344575
household_demographics: 3.5176053643226624e-05, 0.1740502427736918, 0.001276229394522796, 0.172774013379169
income_band: 5.122274160385132e-07, 0.007648693534533182, 0.0011116396472192615, 0.006537053887313921
item: 0.03489831369370222, 31.649401188227333, 0.012491432721506011, 31.636909755505826
promotion: 7.638614624738693e-05, 1.1600205565388997, 0.004891791539685483, 1.1551287649992141
reason: 1.4491379261016846e-06, 3.0721825358247754, 0.0013573784158433454, 3.0708251574089322
store_returns: 20.850121902301908, 4.304073360851606, 5.352226495881323, -1.0481531350297164
store_sales: 174.69669486396015, 40.88709726171811, 44.58421553909261, -3.6971182773745
time_dim: 0.0012146271765232086, 0.8240166402196885, 0.0019292863431530877, 0.8220873538765354
web_page: 7.394980639219284e-05, 0.29143167072137194, 0.0014293217782318625, 0.2900023489431401
web_returns: 6.285572262480855, 4.466902302864392, 1.5721556116419204, 2.8947466912224717
web_sales: 67.01082486007363, 33.3443923238198, 16.9077591089933, 16.436633214826497
web_site: 1.0454095900058746e-05, 0.5571575698232651, 0.0017657248441715128, 0.5553918449790937

Round 1
call_center: 9.615905582904816e-06, 0.9799865373579659, 0.0012277751727306039, 0.9787587621852353
catalog_returns: 13.009788101539016, 0.44849542052427926, 3.2619426646887604, -2.813447244164481
catalog_sales: 132.3057429259643, 4.3567966410748165, 33.36438715021115, -29.007590509136335
customer: 0.8535048151388764, 2.3601088227955502, 0.2190485714636246, 2.1410602513319255
customer_address: 0.2449320713058114, 3.470211792977651, 0.07913509207180748, 3.3910767009058436
customer_demographics: 0.011580578982830048, 2.6852219889704387, 0.007337720397266182, 2.6778842685731727
date_dim: 0.001992875710129738, 5.594346601969401, 0.002171583854261871, 5.59217501811514
household_demographics: 3.5176053643226624e-05, 0.1740502427736918, 0.001276208884248782, 0.172774033889443
income_band: 5.122274160385132e-07, 0.007648693534533182, 0.0011116393485523113, 0.006537054185980871
item: 0.03489831369370222, 4.034810920597712, 0.012471084390685968, 4.022339836207026
promotion: 7.638614624738693e-05, 0.39761975589116416, 0.004891747000840783, 0.3927280088903234
reason: 1.4491379261016846e-06, 0.14315128867149352, 0.001357377570887392, 0.14179391110060613
store_returns: 20.850121902301908, 0.02822883518218994, 5.340069313106533, -5.311840477924344
time_dim: 0.0012146271765232086, 0.14828038204987842, 0.0019285558099409624, 0.14635182623993745
web_page: 7.394980639219284e-05, 0.29143167072137194, 0.0014292773013827981, 0.2900023934199891
web_returns: 6.285572262480855, 0.7208890001424153, 1.5683751764732454, -0.8474861763308301
web_sales: 67.01082486007363, 1.6417220303567253, 16.867455685787892, -15.225733655431167
web_site: 1.0454095900058746e-05, 0.5571575698232651, 0.0017657185565925707, 0.5553918512666726

Round 2
call_center: 9.615905582904816e-06, 0, 0.001227774283018782, -0.001227774283018782
call_center had no query dependencies
customer: 0.8535048151388764, 0.007648693534533182, 0.21895885811874582, -0.21131016458421265
customer_address: 0.2449320713058114, 0.007648693534533182, 0.07910934684460409, -0.07146065331007091
customer_demographics: 0.011580578982830048, 0.007648693534533182, 0.007336503142884303, 0.0003121903916488795
date_dim: 0.001992875710129738, 0, 0.002171374379701549, -0.002171374379701549
date_dim had no query dependencies
household_demographics: 3.5176053643226624e-05, 0.007648693534533182, 0.001276205186833869, 0.006372488347699313
income_band: 5.122274160385132e-07, 0.007648693534533182, 0.001111639294711215, 0.0065370542398219674
item: 0.03489831369370222, 0, 0.012467416169491947, -0.012467416169491947
item had no query dependencies
promotion: 7.638614624738693e-05, 0, 0.0048917389717628434, -0.0048917389717628434
promotion had no query dependencies
reason: 1.4491379261016846e-06, 0, 0.0013573774185660363, -0.0013573774185660363
reason had no query dependencies
store_returns: 20.850121902301908, 0.007648693534533182, 5.3378777212797415, -5.330229027745208
time_dim: 0.0012146271765232086, 0, 0.001928428138409585, -0.001928428138409585
time_dim had no query dependencies
web_page: 7.394980639219284e-05, 0, 0.0014292695283926909, -0.0014292695283926909
web_page had no query dependencies
web_site: 1.0454095900058746e-05, 0, 0.0017657173943317304, -0.0017657173943317304
web_site had no query dependencies

Round 3
customer_demographics: 0.011580578982830048, 0, 0.007336492919633754, -0.007336492919633754
customer_demographics had no query dependencies
household_demographics: 3.5176053643226624e-05, 0, 0.001276205155348749, -0.001276205155348749
household_demographics had no query dependencies
income_band: 5.122274160385132e-07, 0, 0.0011116392942527344, -0.0011116392942527344
income_band had no query dependencies
store_returns: 20.850121902301908, 0, 5.337857497929205, -5.337857497929205
store_returns had no query dependencies

Round 4
store_returns: 20.850121902301908, 0, 5.337856448966751, -5.337856448966751
store_returns had no query dependencies
Function: 97.97250708492567, 0, 92.61285781860352, 5.024010623375497, 0.3337767170111338, 5.047540316044241e-05, 0.0018114505323588849
hiya: 0b10000000000000000, 97.97250708492567

Round 0
call_center: 9.615905582904816e-06, 0.9799865373579659, 0.0012277827349906146, 0.9787587546229753
catalog_page: 0.0017016949132084846, 0, 0.005068042195651703, -0.005068042195651703
catalog_page had no query dependencies
catalog_returns: 13.009788101539016, 0.4279152788766225, 3.272174423520994, -2.8442591446443712
catalog_sales: 132.3057429259643, 30.53634290524006, 33.46844114733796, -2.9320982420979043
customer: 0.8535048151388764, 14.18474594060421, 0.2197198241667811, 13.965026116437429
customer_address: 0.2449320713058114, 13.174994695593512, 0.07932772287135019, 13.095666972722162
customer_demographics: 0.011580578982830048, 8.132909949159622, 0.0073468281314095175, 8.125563121028213
date_dim: 0.001992875710129738, 56.48283566385269, 0.0021731511836825747, 56.48066251266901
household_demographics: 3.5176053643226624e-05, 7.1143435218064, 0.00127623654902662, 7.113067285257373
income_band: 5.122274160385132e-07, 0, 0.0011116397514018693, -0.0011116397514018693
income_band had no query dependencies
item: 0.03489831369370222, 42.01801816788037, 0.012498530735436454, 42.005519637144936
promotion: 7.638614624738693e-05, 2.2253048668305078, 0.004891807075964254, 2.2204130597545437
reason: 1.4491379261016846e-06, 2.542351312877337, 0.0013573787105854145, 2.5409939341667513
store: 9.930133819580078e-05, 22.70392098705769, 0.0014220269230272593, 22.702498960134662
store_sales: 174.69669486396015, 59.31517372310638, 44.619326183443064, 14.695847539663319
time_dim: 0.0012146271765232086, 3.483322488350868, 0.0019295304596364964, 3.4813929578912317
web_page: 7.394980639219284e-05, 0.29143167072137194, 0.0014293366407073893, 0.29000233408066456
web_returns: 6.285572262480855, 0.7003088584947585, 1.5734188896473738, -0.8731100311526152
web_sales: 67.01082486007363, 30.09364419656435, 16.92122698393578, 13.17241721262857
web_site: 1.0454095900058746e-05, 0.5571575698232651, 0.0017657269452418475, 0.5553918428780233

Round 1
call_center: 9.615905582904816e-06, 0, 0.0012277777300772792, -0.0012277777300772792
call_center had no query dependencies
customer: 0.8535048151388764, 6.836181043866476, 0.21926481796829247, 6.6169162258981835
customer_address: 0.2449320713058114, 6.412758658386867, 0.07919714878591322, 6.333561509600954
customer_demographics: 0.011580578982830048, 4.604760941885313, 0.007340654487013126, 4.597420287398299
date_dim: 0.001992875710129738, 25.228062732928592, 0.002172088775146802, 25.225890644153445
household_demographics: 3.5176053643226624e-05, 7.09622235461712, 0.0012762177965577855, 7.094946136820562
item: 0.03489831369370222, 15.876409762245812, 0.012479926049331555, 15.86392983619648
promotion: 7.638614624738693e-05, 1.8276851109393437, 0.004891766353644941, 1.8227933445856987
reason: 1.4491379261016846e-06, 2.3992000242058436, 0.0013573779380335808, 2.39784264626781
store: 9.930133819580078e-05, 22.20865581159115, 0.0014219739843597025, 22.20723383760679
store_sales: 174.69669486396015, 33.135627458941144, 44.52619339771497, -11.390565938773825
time_dim: 0.0012146271765232086, 2.8075862301810584, 0.0019288829281382115, 2.8056573472529203
web_page: 7.394980639219284e-05, 0.14828038204987842, 0.001429297217228435, 0.14685108483265
web_sales: 67.01082486007363, 3.332229957733154, 16.885474004808533, -13.553244047075378
web_site: 1.0454095900058746e-05, 0, 0.0017657213675598344, -0.0017657213675598344
web_site had no query dependencies

Round 2
customer: 0.8535048151388764, 0, 0.21895831786502146, -0.21895831786502146
customer had no query dependencies
customer_address: 0.2449320713058114, 0, 0.07910919180685692, -0.07910919180685692
customer_address had no query dependencies
customer_demographics: 0.011580578982830048, 0, 0.0073364958125789375, -0.0073364958125789375
customer_demographics had no query dependencies
date_dim: 0.001992875710129738, 0, 0.002171373118245837, -0.002171373118245837
date_dim had no query dependencies
household_demographics: 3.5176053643226624e-05, 0, 0.0012762051645680379, -0.0012762051645680379
household_demographics had no query dependencies
item: 0.03489831369370222, 0, 0.012467393798122913, -0.012467393798122913
item had no query dependencies
promotion: 7.638614624738693e-05, 0, 0.004891738922795931, -0.004891738922795931
promotion had no query dependencies
reason: 1.4491379261016846e-06, 0, 0.0013573774176370746, -0.0013573774176370746
reason had no query dependencies
store: 9.930133819580078e-05, 0, 0.001421938324490101, -0.001421938324490101
store had no query dependencies
time_dim: 0.0012146271765232086, 0, 0.0019284244316437685, -0.0019284244316437685
time_dim had no query dependencies
web_page: 7.394980639219284e-05, 0, 0.0014292693027147052, -0.0014292693027147052
web_page had no query dependencies
Function: 92.61285781860352, 0, 92.61285781860352, 0.0, 0, 0.0, 0
hiya: 0b0, 92.61285781860352

Round 0
call_center: 9.615905582904816e-06, 0.9799865373579659, 0.0012277753324616955, 0.9787587620255043
catalog_page: 0.0017016949132084846, 0, 0.005066732194664507, -0.005066732194664507
catalog_page had no query dependencies
catalog_returns: 13.009788101539016, 0.44849542052427926, 3.262159211555591, -2.8136637910313116
catalog_sales: 132.3057429259643, 4.3567966410748165, 33.366589368561726, -29.00979272748691
customer: 0.8535048151388764, 2.399261919027964, 0.21906277798198606, 2.180199141045978
customer_address: 0.2449320713058114, 3.470211792977651, 0.07913916894625107, 3.3910726240313998
customer_demographics: 0.011580578982830048, 2.6852219889704387, 0.007337913155063253, 2.6778840758153755
date_dim: 0.001992875710129738, 5.633499698201816, 0.0021716170255162864, 5.631328081176299
household_demographics: 3.5176053643226624e-05, 0.1740502427736918, 0.0012762094697513395, 0.17277403330394045
income_band: 5.122274160385132e-07, 0.007648693534533182, 0.001111639357078295, 0.006537054177454887
item: 0.03489831369370222, 4.034810920597712, 0.012471665270284395, 4.022339255327427
promotion: 7.638614624738693e-05, 0.39761975589116416, 0.0048917482722819865, 0.39272800761888216
reason: 1.4491379261016846e-06, 0.14315128867149352, 0.001357377595008175, 0.14179391107648534
store: 9.930133819580078e-05, 0.03915309623241424, 0.0014219504787421782, 0.03773114575367206
store_returns: 20.850121902301908, 0.06738193141460418, 5.340416573121663, -5.273034641707059
time_dim: 0.0012146271765232086, 0.14828038204987842, 0.0019285760396285235, 0.1463518060102499
web_page: 7.394980639219284e-05, 0.29143167072137194, 0.0014292785330212033, 0.2900023921883507
web_returns: 6.285572262480855, 0.7208890001424153, 1.5684798630515397, -0.8475908629091244
web_sales: 67.01082486007363, 1.6417220303567253, 16.86857175504465, -15.226849724687924
web_site: 1.0454095900058746e-05, 0.5571575698232651, 0.001765718730706157, 0.555391851092559

Round 1
call_center: 9.615905582904816e-06, 0, 0.0012277743286030058, -0.0012277743286030058
call_center had no query dependencies
customer: 0.8535048151388764, 0.04680178976694742, 0.21896290416039155, -0.17216111439344411
customer_address: 0.2449320713058114, 0.007648693534533182, 0.07911050794568203, -0.07146181441114885
customer_demographics: 0.011580578982830048, 0.007648693534533182, 0.007336558040647052, 0.0003121354938861306
date_dim: 0.001992875710129738, 0.03915309623241424, 0.0021713838269336854, 0.03698171240548055
household_demographics: 3.5176053643226624e-05, 0.007648693534533182, 0.0012762053535860366, 0.006372488180947145
income_band: 5.122274160385132e-07, 0.007648693534533182, 0.0011116392971394305, 0.006537054237393752
item: 0.03489831369370222, 0, 0.012467581605032634, -0.012467581605032634
item had no query dependencies
promotion: 7.638614624738693e-05, 0, 0.004891739333871555, -0.004891739333871555
promotion had no query dependencies
reason: 1.4491379261016846e-06, 0, 0.0013573774254356781, -0.0013573774254356781
reason had no query dependencies
store: 9.930133819580078e-05, 0.03915309623241424, 0.0014219388588849037, 0.037731157373529334
store_returns: 20.850121902301908, 0.04680178976694742, 5.337976772761831, -5.2911749829948835
time_dim: 0.0012146271765232086, 0, 0.0019284339086694706, -0.0019284339086694706
time_dim had no query dependencies
web_page: 7.394980639219284e-05, 0, 0.0014292698797018083, -0.0014292698797018083
web_page had no query dependencies
web_site: 1.0454095900058746e-05, 0, 0.0017657174439954062, -0.0017657174439954062
web_site had no query dependencies

Round 2
customer_demographics: 0.011580578982830048, 0, 0.007336492919633754, -0.007336492919633754
customer_demographics had no query dependencies
date_dim: 0.001992875710129738, 0, 0.002171372620405427, -0.002171372620405427
date_dim had no query dependencies
household_demographics: 3.5176053643226624e-05, 0, 0.0012762051557807057, -0.0012762051557807057
household_demographics had no query dependencies
income_band: 5.122274160385132e-07, 0, 0.0011116392942590245, -0.0011116392942590245
income_band had no query dependencies
store: 9.930133819580078e-05, 0, 0.0014219382930498149, -0.0014219382930498149
store had no query dependencies
store_returns: 20.850121902301908, 0, 5.3378579653943365, -5.3378579653943365
store_returns had no query dependencies

Round 3
store_returns: 20.850121902301908, 0, 5.337856448966751, -5.337856448966751
store_returns had no query dependencies
Function: 97.97250708492567, 0, 92.61285781860352, 5.024010623375497, 0.3337767170111338, 5.047540316044241e-05, 0.0018114505323588849
hiya: 0b10000000000000000, 97.97250708492567

Round 0
call_center: 9.615905582904816e-06, 0.9799865373579659, 0.0012277848815642697, 0.9787587524764017
catalog_page: 0.0017016949132084846, 6.260055239159266, 0.005068422067670858, 6.254986817091595
catalog_returns: 13.009788101539016, 15.298690926922161, 3.275078618883252, 12.02361230803891
catalog_sales: 132.3057429259643, 47.21495617340085, 33.49797596543083, 13.716980207970018
customer: 0.8535048151388764, 17.800822488795916, 0.21991035338266415, 17.58091213541325
customer_address: 0.2449320713058114, 16.751918147552804, 0.07938239944102239, 16.67253574811178
customer_demographics: 0.011580578982830048, 10.716440955700874, 0.007349413282183051, 10.70909154241869
date_dim: 0.001992875710129738, 73.75374662235896, 0.002173596056446815, 73.75157302630251
household_demographics: 3.5176053643226624e-05, 6.890288298166594, 0.0012762444014321362, 6.889012053765161
income_band: 5.122274160385132e-07, 2.583531006541252, 0.0011116398657471972, 2.5824193666755044
item: 0.03489831369370222, 53.03515976337273, 0.012506321140628978, 53.022653442232105
promotion: 7.638614624738693e-05, 8.554646816859247, 0.004891824127763248, 8.549754992731483
reason: 1.4491379261016846e-06, 3.0721825358247754, 0.0013573790340787421, 3.0708251567906966
store: 9.930133819580078e-05, 35.218061356650985, 0.0014220490902204222, 35.21663930756076
store_returns: 20.850121902301908, 19.477519578576086, 5.3611218463809065, 14.116397732195178
store_sales: 174.69669486396015, 75.39026926396686, 44.65874691781622, 30.73152234615064
web_page: 7.394980639219284e-05, 2.4113959401814142, 0.0014293533267832146, 2.409966586854631
web_returns: 6.285572262480855, 12.99520219353358, 1.5748371697010068, 11.420365023832572
web_sales: 67.01082486007363, 41.54394074973584, 16.936347344072892, 24.607593405662946
web_site: 1.0454095900058746e-05, 6.817212808982531, 0.0017657293041099147, 6.815447079678421
Function: 117.23115588437001, 7.602505874875386, 3.9789342880249023, 100.07184208277566, 5.502316592407226, 0.039474464280465554, 0.036082582006371024
hiya: 0b111100111011101111111111, 117.23115588437001

Round 0
call_center: 9.615905582904816e-06, 0.9799865373579659, 0.0012277847940889853, 0.9787587525638769
catalog_page: 0.0017016949132084846, 6.260055239159266, 0.005068406587459921, 6.254986832571806
catalog_returns: 13.009788101539016, 13.03044627541224, 3.2749602696641924, 9.755486005748047
catalog_sales: 132.3057429259643, 45.62244778006074, 33.49677238846015, 12.125675391600588
customer: 0.8535048151388764, 17.800822488795916, 0.2199025891033733, 17.580919899692542
customer_address: 0.2449320713058114, 16.60876685888131, 0.0793801713094698, 16.52938668757184
customer_demographics: 0.011580578982830048, 10.57328966702938, 0.007349307934388899, 10.565940359094991
date_dim: 0.001992875710129738, 72.01808694034735, 0.0021735779273825955, 72.01591336241997
household_demographics: 3.5176053643226624e-05, 9.549594146297771, 0.0012762440814378024, 9.548317902216333
income_band: 5.122274160385132e-07, 2.583531006541252, 0.0011116398610874969, 2.5824193666801643
item: 0.03489831369370222, 53.71089602154254, 0.01250600367287778, 53.69839001786966
promotion: 7.638614624738693e-05, 8.554646816859247, 0.00489182343288331, 8.549754993426363
reason: 1.4491379261016846e-06, 2.929031247153282, 0.0013573790208960261, 2.927673868132386
store: 9.930133819580078e-05, 35.60912255327225, 0.0014220481868824327, 35.60770050508537
store_returns: 20.850121902301908, 17.209274927066165, 5.360932174141422, 11.848342752924744
store_sales: 174.69669486396015, 76.45706671875796, 44.657157713038394, 31.799909005719563
time_dim: 0.0012146271765232086, 3.33504210630099, 0.0019297934938284809, 3.3331123128071614
web_returns: 6.285572262480855, 10.583806253352165, 1.5747800005233044, 9.00902625282886
web_sales: 67.01082486007363, 39.80828106772423, 16.93573786038637, 22.87254320733786
web_site: 1.0454095900058746e-05, 6.817212808982531, 0.001765729209026756, 6.815447079773504
Function: 116.30782195008119, 7.539793966263135, 3.118000030517578, 100.07211693849364, 5.5025419845104215, 0.0392863497355385, 0.0360826805608958
hiya: 0b111001111011101111111111, 116.30782195008119

Round 0
call_center: 9.615905582904816e-06, 0.9799865373579659, 0.001227783318763847, 0.9787587540392021
catalog_page: 0.0017016949132084846, 0, 0.005068145504064167, -0.005068145504064167
catalog_page had no query dependencies
catalog_returns: 13.009788101539016, 3.003797591883341, 3.2729642363980425, -0.2691666445147014
catalog_sales: 132.3057429259643, 35.61637923817952, 33.47647331347739, 2.139905924702127
customer: 0.8535048151388764, 17.800822488795916, 0.21977163969892952, 17.581050849096986
customer_address: 0.2449320713058114, 16.051609289058046, 0.07934259248355367, 15.972266696574492
customer_demographics: 0.011580578982830048, 10.57328966702938, 0.007347531178248784, 10.565942135851131
date_dim: 0.001992875710129738, 61.434280686995166, 0.002173272169426995, 61.43210741482574
household_demographics: 3.5176053643226624e-05, 9.69787452834765, 0.0012762386845341252, 9.696598289663116
income_band: 5.122274160385132e-07, 2.583531006541252, 0.0011116397824987485, 2.582419366758753
item: 0.03489831369370222, 48.09144694623787, 0.01250064938159175, 48.07894629685628
promotion: 7.638614624738693e-05, 4.801187179837227, 0.004891811713300501, 4.796295368123927
reason: 1.4491379261016846e-06, 2.929031247153282, 0.0013573787985613128, 2.9276738683547205
store: 9.930133819580078e-05, 29.349067314112983, 0.0014220329515248031, 29.34764528116146
store_returns: 20.850121902301908, 7.182626243537267, 5.3577332337286, 1.824893009808667
store_sales: 174.69669486396015, 66.4509981768767, 44.630354784988114, 21.82064339188858
time_dim: 0.0012146271765232086, 3.483322488350868, 0.001929607139044576, 3.4813928812118236
web_page: 7.394980639219284e-05, 0.14828038204987842, 0.0014293413091583276, 0.14685104074072008
web_sales: 67.01082486007363, 29.393335338069594, 16.925428627219556, 12.467906710850038
web_site: 1.0454095900058746e-05, 0, 0.001765727600723733, -0.001765727600723733
web_site had no query dependencies

Round 1
call_center: 9.615905582904816e-06, 0.5520712584813435, 0.0012277815682884038, 0.5508434769130551
catalog_sales: 132.3057429259643, 32.63070281348546, 33.452251181691324, -0.8215483682058604
customer: 0.8535048151388764, 15.206819008599915, 0.21961538264118477, 14.98720362595873
customer_address: 0.2449320713058114, 13.047811697174705, 0.07929775106716008, 12.968513946107544
customer_demographics: 0.011580578982830048, 7.979286186833383, 0.007345411041177802, 7.971940775792205
date_dim: 0.001992875710129738, 58.43048309511183, 0.002172907319821706, 58.42831018779201
household_demographics: 3.5176053643226624e-05, 7.103871048151653, 0.0012762322446095368, 7.102594815907044
income_band: 5.122274160385132e-07, 0.007648693534533182, 0.001111639688721716, 0.006537053845811466
item: 0.03489831369370222, 45.51556463323116, 0.012494260304785964, 45.50307037292637
promotion: 7.638614624738693e-05, 2.2253048668305078, 0.004891797728757879, 2.22041306910175
reason: 1.4491379261016846e-06, 2.929031247153282, 0.0013573785332575623, 2.9276738686200243
store: 9.930133819580078e-05, 26.773185001106267, 0.0014220147717387477, 26.77176298633453
store_returns: 20.850121902301908, 4.6067439305305475, 5.353916057018774, -0.7471721264882261
store_sales: 174.69669486396015, 63.87511586386998, 44.59837184704449, 19.27674401682549
time_dim: 0.0012146271765232086, 3.483322488350868, 0.0019293847688065951, 3.4813931035820613
web_page: 7.394980639219284e-05, 0.14828038204987842, 0.001429327770653374, 0.14685105427922504
web_sales: 67.01082486007363, 29.393335338069594, 16.913160489835963, 12.48017484823363

Round 2
call_center: 9.615905582904816e-06, 0, 0.0012277781422121404, -0.0012277781422121404
call_center had no query dependencies
customer: 0.8535048151388764, 7.876375279051462, 0.21930139893151965, 7.657073880119943
customer_address: 0.2449320713058114, 7.413799797339441, 0.07920764650184249, 7.334592150837598
customer_demographics: 0.011580578982830048, 4.612409635419846, 0.007341150827193529, 4.605068484592652
date_dim: 0.001992875710129738, 25.799780281626383, 0.0021721741892086507, 25.797608107437174
household_demographics: 3.5176053643226624e-05, 7.103871048151653, 0.0012762193041930114, 7.10259482884746
income_band: 5.122274160385132e-07, 0.007648693534533182, 0.0011116395002856796, 0.006537054034247503
item: 0.03489831369370222, 16.869802207663852, 0.012481422062048197, 16.857320785601804
promotion: 7.638614624738693e-05, 1.8276851109393437, 0.004891769628148321, 1.8227933413111954
reason: 1.4491379261016846e-06, 2.929031247153282, 0.0013573780001548852, 2.927673869153127
store: 9.930133819580078e-05, 23.77376580570698, 0.0014219782411861504, 23.772343827465793
store_returns: 20.850121902301908, 2.102589910597801, 5.346245803136503, -3.2436558925387016
store_sales: 174.69669486396015, 35.191415579772006, 44.53410517233253, -9.342689592560525
time_dim: 0.0012146271765232086, 2.8075862301810584, 0.0019289379369434583, 2.8056572922441148
web_page: 7.394980639219284e-05, 0.14828038204987842, 0.001429300566314127, 0.1468510814835643
web_sales: 67.01082486007363, 3.332229957733154, 16.88850883350774, -13.556278875774584

Round 3
customer: 0.8535048151388764, 0.04680178976694742, 0.21896228607966164, -0.17216049631271424
customer_address: 0.2449320713058114, 0.007648693534533182, 0.07911033057375545, -0.07146163703922227
customer_demographics: 0.011580578982830048, 0.007648693534533182, 0.007336549654364298, 0.0003121438801688839
date_dim: 0.001992875710129738, 0.03915309623241424, 0.002171382383757207, 0.03698171384865703
household_demographics: 3.5176053643226624e-05, 0.007648693534533182, 0.0012762053281126702, 0.006372488206420512
income_band: 5.122274160385132e-07, 0.007648693534533182, 0.0011116392967684917, 0.00653705423776469
item: 0.03489831369370222, 0, 0.012467556332796535, -0.012467556332796535
item had no query dependencies
promotion: 7.638614624738693e-05, 0, 0.004891739278555166, -0.004891739278555166
promotion had no query dependencies
reason: 1.4491379261016846e-06, 0, 0.001357377424386259, -0.001357377424386259
reason had no query dependencies
store: 9.930133819580078e-05, 0.03915309623241424, 0.001421938786974069, 0.03773115744544017
store_returns: 20.850121902301908, 0.04680178976694742, 5.337961673774297, -5.2911598840073495
time_dim: 0.0012146271765232086, 0, 0.0019284330290755439, -0.0019284330290755439
time_dim had no query dependencies
web_page: 7.394980639219284e-05, 0, 0.0014292698261497375, -0.0014292698261497375
web_page had no query dependencies

Round 4
customer_demographics: 0.011580578982830048, 0, 0.007336492919633754, -0.007336492919633754
customer_demographics had no query dependencies
date_dim: 0.001992875710129738, 0, 0.002171372620405427, -0.002171372620405427
date_dim had no query dependencies
household_demographics: 3.5176053643226624e-05, 0, 0.0012762051557807057, -0.0012762051557807057
household_demographics had no query dependencies
income_band: 5.122274160385132e-07, 0, 0.0011116392942590245, -0.0011116392942590245
income_band had no query dependencies
store: 9.930133819580078e-05, 0, 0.0014219382930498149, -0.0014219382930498149
store had no query dependencies
store_returns: 20.850121902301908, 0, 5.3378579653943365, -5.3378579653943365
store_returns had no query dependencies

Round 5
store_returns: 20.850121902301908, 0, 5.337856448966751, -5.337856448966751
store_returns had no query dependencies
Function: 97.97250708492567, 0, 92.61285781860352, 5.024010623375497, 0.3337767170111338, 5.047540316044241e-05, 0.0018114505323588849
hiya: 0b10000000000000000, 97.97250708492567

Round 0
call_center: 9.615905582904816e-06, 0.9799865373579659, 0.001227779363539948, 0.978758757994426
catalog_page: 0.0017016949132084846, 0, 0.005067445561210974, -0.005067445561210974
catalog_page had no query dependencies
catalog_returns: 13.009788101539016, 3.0243777335309976, 3.267613037347881, -0.24323530381688352
catalog_sales: 132.3057429259643, 9.55527385784308, 33.42205318300713, -23.86677932516405
customer: 0.8535048151388764, 11.361371705803869, 0.21942057524496358, 11.141951130558905
customer_address: 0.2449320713058114, 11.53361984379609, 0.0792418467790813, 11.454377997017009
customer_demographics: 0.011580578982830048, 9.722713955190976, 0.007342767842922369, 9.715371187348053
date_dim: 0.001992875710129738, 32.20980587262313, 0.0021724524577972663, 32.20763342016533
household_demographics: 3.5176053643226624e-05, 9.549594146297771, 0.0012762242158845688, 9.548317922081887
income_band: 5.122274160385132e-07, 2.583531006541252, 0.0011116395718088557, 2.582419366969443
item: 0.03489831369370222, 24.987569874075255, 0.012486294972309105, 24.975083579102947
promotion: 7.638614624738693e-05, 4.801187179837227, 0.00489178029407445, 4.796295399543153
reason: 1.4491379261016846e-06, 2.929031247153282, 0.0013573782025004522, 2.9276738689507815
store: 9.930133819580078e-05, 28.853802138646444, 0.001421992106799087, 28.852380146539645
store_returns: 20.850121902301908, 7.203206385184925, 5.349157140740109, 1.8540492444448153
store_sales: 174.69669486396015, 37.99907601066908, 44.558498365780814, -6.559422355111735
time_dim: 0.0012146271765232086, 2.6593058481311798, 0.0019291075373798464, 2.6573767405938
web_page: 7.394980639219284e-05, 0, 0.0014293108920500213, -0.0014293108920500213
web_page had no query dependencies
web_returns: 6.285572262480855, 0.020580141647656758, 1.5712303099276324, -1.5506501682799756
web_site: 1.0454095900058746e-05, 0, 0.0017657232462918223, -0.0017657232462918223
web_site had no query dependencies

Round 1
call_center: 9.615905582904816e-06, 0, 0.001227774321724945, -0.001227774321724945
call_center had no query dependencies
customer: 0.8535048151388764, 0.04680178976694742, 0.21896229366583153, -0.1721605038988841
customer_address: 0.2449320713058114, 0.007648693534533182, 0.07911033275077457, -0.0714616392162414
customer_demographics: 0.011580578982830048, 0.007648693534533182, 0.007336549757295458, 0.00031214377723772467
date_dim: 0.001992875710129738, 0.03915309623241424, 0.0021713824014703976, 0.03698171383094384
household_demographics: 3.5176053643226624e-05, 0.007648693534533182, 0.001276205328425324, 0.006372488206107858
income_band: 5.122274160385132e-07, 0.007648693534533182, 0.0011116392967730445, 0.006537054237760138
item: 0.03489831369370222, 0, 0.012467556642981704, -0.012467556642981704
item had no query dependencies
promotion: 7.638614624738693e-05, 0, 0.0048917392792341054, -0.0048917392792341054
promotion had no query dependencies
reason: 1.4491379261016846e-06, 0, 0.0013573774243991394, -0.0013573774243991394
reason had no query dependencies
store: 9.930133819580078e-05, 0.03915309623241424, 0.0014219387878566848, 0.03773115744455755
store_returns: 20.850121902301908, 0.04680178976694742, 5.3379618590955324, -5.291160069328585
time_dim: 0.0012146271765232086, 0, 0.001928433039871462, -0.001928433039871462
time_dim had no query dependencies

Round 2
customer_demographics: 0.011580578982830048, 0, 0.007336492919633754, -0.007336492919633754
customer_demographics had no query dependencies
date_dim: 0.001992875710129738, 0, 0.002171372620405427, -0.002171372620405427
date_dim had no query dependencies
household_demographics: 3.5176053643226624e-05, 0, 0.0012762051557807057, -0.0012762051557807057
household_demographics had no query dependencies
income_band: 5.122274160385132e-07, 0, 0.0011116392942590245, -0.0011116392942590245
income_band had no query dependencies
store: 9.930133819580078e-05, 0, 0.0014219382930498149, -0.0014219382930498149
store had no query dependencies
store_returns: 20.850121902301908, 0, 5.3378579653943365, -5.3378579653943365
store_returns had no query dependencies

Round 3
store_returns: 20.850121902301908, 0, 5.337856448966751, -5.337856448966751
store_returns had no query dependencies
Function: 97.97250708492567, 0, 92.61285781860352, 5.024010623375497, 0.3337767170111338, 5.047540316044241e-05, 0.0018114505323588849
hiya: 0b10000000000000000, 97.97250708492567

Round 0
call_center: 9.615905582904816e-06, 0.9799865373579659, 0.0012277844788455394, 0.9787587528791204
catalog_page: 0.0017016949132084846, 0, 0.005068350799873046, -0.005068350799873046
catalog_page had no query dependencies
catalog_returns: 13.009788101539016, 9.038635687762895, 3.274533762727895, 5.764101925035
catalog_sales: 132.3057429259643, 41.6306371924114, 33.492434937563225, 8.138202254848174
customer: 0.8535048151388764, 17.800822488795916, 0.2198746081923101, 17.580947880603606
customer_address: 0.2449320713058114, 16.19476057772954, 0.07937214156859175, 16.11538843616095
customer_demographics: 0.011580578982830048, 10.716440955700874, 0.007348928281989954, 10.709092027418883
date_dim: 0.001992875710129738, 67.61227007154625, 0.0021735125938577974, 67.61009655895239
household_demographics: 3.5176053643226624e-05, 9.69787452834765, 0.0012762429282421658, 9.696598285419409
income_band: 5.122274160385132e-07, 2.583531006541252, 0.0011116398442948677, 2.582419366696957
item: 0.03489831369370222, 49.95743638452052, 0.012504859582540622, 49.94493152493798
promotion: 7.638614624738693e-05, 4.801187179837227, 0.004891820928674867, 4.796295358908552
reason: 1.4491379261016846e-06, 3.0721825358247754, 0.001357378973388152, 3.070825156851387
store: 9.930133819580078e-05, 31.617311965622907, 0.0014220449314328286, 31.615889920691473
store_returns: 20.850121902301908, 13.217464339416821, 5.360248633291674, 7.857215706125148
store_sales: 174.69669486396015, 72.4652561311086, 44.65143053658278, 27.813825594525824
time_dim: 0.0012146271765232086, 3.483322488350868, 0.0019297536740472702, 3.4813927346768208
web_page: 7.394980639219284e-05, 2.559676322231293, 0.0014293502306078787, 2.558246972000685
web_returns: 6.285572262480855, 6.177989384551048, 1.5745740015500747, 4.603415383000973
web_sales: 67.01082486007363, 35.55074458097299, 16.93354169422361, 18.61720288674938

Round 1
call_center: 9.615905582904816e-06, 0.9799865373579659, 0.00122778396875414, 0.9787587533892118
catalog_returns: 13.009788101539016, 9.038635687762895, 3.273843197753877, 5.764792490009018
catalog_sales: 132.3057429259643, 41.6306371924114, 33.48541209359274, 8.145225098818656
customer: 0.8535048151388764, 17.800822488795916, 0.21982930380104024, 17.580993184994874
customer_address: 0.2449320713058114, 16.19476057772954, 0.07935914047217595, 16.115401437257365
customer_demographics: 0.011580578982830048, 10.716440955700874, 0.007348313580031554, 10.709092642120842
date_dim: 0.001992875710129738, 67.61227007154625, 0.0021734068111846096, 67.61009666473507
household_demographics: 3.5176053643226624e-05, 9.69787452834765, 0.0012762410610825795, 9.696598287286568
income_band: 5.122274160385132e-07, 2.583531006541252, 0.0011116398171056232, 2.582419366724146
item: 0.03489831369370222, 49.95743638452052, 0.012503007165506536, 49.944933377355014
promotion: 7.638614624738693e-05, 4.801187179837227, 0.0048918168740663915, 4.796295362963161
reason: 1.4491379261016846e-06, 3.0721825358247754, 0.0013573788964673069, 3.0708251569283083
store: 9.930133819580078e-05, 31.617311965622907, 0.0014220396604764153, 31.61588992596243
store_returns: 20.850121902301908, 13.217464339416821, 5.359141900132197, 7.858322439284624
store_sales: 174.69669486396015, 72.4652561311086, 44.64215756321779, 27.82309856789081
time_dim: 0.0012146271765232086, 3.483322488350868, 0.001929689201130567, 3.4813927991497375
web_page: 7.394980639219284e-05, 2.559676322231293, 0.0014293463053213383, 2.5582469759259716
web_returns: 6.285572262480855, 6.177989384551048, 1.5742403607549864, 4.603749023796062
web_sales: 67.01082486007363, 35.55074458097299, 16.92998473171452, 18.62075984925847
Function: 120.55924772433542, 7.313792779064178, 7.601537704467773, 100.07172220074408, 5.497532158889771, 0.03859034214915022, 0.03607253902048469
hiya: 0b11101111011101111111101, 120.55924772433542
{114.72836998750805: [1, 2, 3, 4, 5, 6, 7, 8, 9, 11, 12, 13, 15, 16, 17, 18, 20, 21, 22, 23], 120.00402512064993: [0, 2, 3, 4, 5, 6, 7, 8, 9, 11, 12, 13, 15, 16, 17, 18, 20, 21, 22, 23], 97.97250708492567: [16], 131.3203996811956: [0, 1, 2, 3, 5, 6, 7, 8, 11, 12, 13, 15, 16, 17, 18, 20, 21, 22, 23], 130.416378781353: [0, 1, 2, 3, 4, 6, 7, 8, 11, 12, 13, 15, 16, 17, 18, 20, 21, 22, 23], 124.45455281382885: [0, 1, 2, 3, 4, 5, 7, 8, 11, 12, 13, 15, 16, 17, 18, 20, 21, 22, 23], 123.44379517007955: [0, 1, 2, 3, 4, 5, 6, 7, 11, 12, 13, 15, 16, 17, 18, 20, 21, 22, 23], 116.33165994866637: [0, 1, 2, 3, 4, 5, 6, 7, 8, 11, 12, 13, 15, 16, 17, 18, 20, 21, 22, 23], 122.29794794922225: [0, 1, 2, 3, 4, 5, 6, 7, 8, 9, 11, 13, 15, 16, 17, 18, 20, 21, 22, 23], 116.82031560638546: [0, 1, 2, 3, 4, 5, 6, 7, 8, 9, 11, 12, 15, 16, 17, 18, 20, 21, 22, 23], 92.61285781860352: [], 117.23115588437001: [0, 1, 2, 3, 4, 5, 6, 7, 8, 9, 11, 12, 13, 15, 16, 17, 20, 21, 22, 23], 116.30782195008119: [0, 1, 2, 3, 4, 5, 6, 7, 8, 9, 11, 12, 13, 15, 16, 17, 18, 21, 22, 23], 120.55924772433542: [0, 2, 3, 4, 5, 6, 7, 8, 9, 11, 12, 13, 15, 16, 17, 18, 20, 21, 22]}
NEW ENTRY: 92.61285781860352, 0b11101111011101111111101
{113.75006145736921: [0, 1, 2, 3, 4, 5, 6, 7, 8, 9, 11, 12, 13, 15, 16, 17, 18, 20, 21, 22, 23], 92.61285781860352: []}
[0, 1, 2, 3, 4, 5, 6, 7, 8, 9, 11, 12, 13, 15, 16, 17, 18, 20, 21, 22, 23]
----
Best Cost: $92.61285781860352;
[]
[]
0
Optimal Subset: 0b0
Function: 92.61285781860352, 0, 92.61285781860352, 0.0, 0, 0.0, 0
92.61285781860352
Real: 92.61285781860352, 0, 92.61285781860352, 0.0, 0, 0.0, 0
Num Redshift Qs: 0; Num GCP Qs: 91
Redshift Qs: $0; GCP Qs: $92.61285781860352; Movement Cost: $0.0
Load Cost: $0, Storage Cost: $0.0, API Cost: $0
Final cost: $92.61285781860352, BQ Baseline: $92.61285781860352, Diff: $0.0, %: 0.0%
