Egress: $0.24/GB
Benchmark: tpcds
Data Path: parquet_1000/real_data_rs4
BigQuery Cost: $5.0/TB; DuckDB Cost: $1.48/hr; Redshift Cost: $4.344/hr
Use Duck: False
Excluded Table: catalog_sales
Excluded Query: None

Starting analysis without using DuckDB
Redshift Total: $4.404826609036128, Redshift-Calcite Total: $3.815775535380046, BigQuery Total: $41.535258293151855
Excluding table catalog_sales and any queries that depend on it
Total Keys: 60, Keys Considered: 57

Round 0
call_center: 9.615905582904816e-06, 0.018121167189280193, 0.0012277801354057315, 0.01689338705387446
catalog_page: 0.0017016949132084846, 0, 0.005067582155738244, -0.005067582155738244
catalog_page had no query dependencies
catalog_returns: 13.009788101539016, 0.038701308836936954, 3.268657329037193, -3.229956020200256
customer: 0.8535048151388764, 7.894496446240743, 0.21947919957722353, 7.675017246663519
customer_address: 0.2449320713058114, 8.132229823023478, 0.0792586703269684, 8.052971152696509
customer_demographics: 0.011580578982830048, 4.77368209128062, 0.00734356327336167, 4.7663385280072585
date_dim: 0.001992875710129738, 27.72195968745549, 0.0021725893416269897, 27.719787098113866
household_demographics: 3.5176053643226624e-05, 7.121992215340932, 0.001276226632007618, 7.120715988708925
income_band: 5.122274160385132e-07, 0.007648693534533182, 0.0011116396069920083, 0.006537053927541174
inventory: 5.1357166497036815, 1.0571492586183548, 1.4496718454659785, -0.39252258684762364
item: 0.03489831369370222, 17.947531607929864, 0.012488746174041823, 17.93504286175582
promotion: 7.638614624738693e-05, 1.8276851109393437, 0.00489178565931518, 1.8227933252800286
reason: 1.4491379261016846e-06, 3.0721825358247754, 0.0013573783042855822, 3.0708251575204897
ship_mode: 1.3029202818870544e-06, 0.12601997987906138, 0.001320040146890787, 0.1246999397321706
store: 9.930133819580078e-05, 23.77376580570698, 0.0014219990825167503, 23.772343806624463
store_returns: 20.850121902301908, 2.1231700522454577, 5.350621819527733, -3.2274517672822753
store_sales: 174.69669486396015, 35.376951323452, 44.57077045437743, -9.193819130925434
time_dim: 0.0012146271765232086, 2.8075862301810584, 0.0019291928624762013, 2.805657037318582
warehouse: 2.907589077949524e-06, 0.9976334948174157, 0.0014396808708558259, 0.9961938139465599
web_page: 7.394980639219284e-05, 0.29143167072137194, 0.0014293160876457831, 0.29000235463372614
web_returns: 6.285572262480855, 0.7208890001424153, 1.571671924236055, -0.8507829240936398
web_sales: 67.01082486007363, 4.158558796106974, 16.902602491474966, -12.744043695367992
web_site: 1.0454095900058746e-05, 0.6831775497023265, 0.0017657240397078435, 0.6814118256626186

Round 1
call_center: 9.615905582904816e-06, 0, 0.0012277743354810666, -0.0012277743354810666
call_center had no query dependencies
customer: 0.8535048151388764, 0.04680178976694742, 0.2189635146549516, -0.1721617248880042
customer_address: 0.2449320713058114, 0.007648693534533182, 0.0791106831405895, -0.07146198960605632
customer_demographics: 0.011580578982830048, 0.007648693534533182, 0.007336566323998646, 0.00031212721053453657
date_dim: 0.001992875710129738, 0.03915309623241424, 0.002171385252396973, 0.03698171098001726
household_demographics: 3.5176053643226624e-05, 0.007648693534533182, 0.0012762053787467491, 0.006372488155786433
income_band: 5.122274160385132e-07, 0.007648693534533182, 0.0011116392975058162, 0.006537054237027366
item: 0.03489831369370222, 0, 0.012467606567083563, -0.012467606567083563
item had no query dependencies
promotion: 7.638614624738693e-05, 0, 0.004891739388509005, -0.004891739388509005
promotion had no query dependencies
reason: 1.4491379261016846e-06, 0, 0.0013573774264722168, -0.0013573774264722168
reason had no query dependencies
ship_mode: 1.3029202818870544e-06, 0, 0.0013200393576485647, -0.0013200393576485647
ship_mode had no query dependencies
store: 9.930133819580078e-05, 0.03915309623241424, 0.001421938930863627, 0.03773115730155061
store_returns: 20.850121902301908, 0.04680178976694742, 5.337991886003868, -5.291190096236921
time_dim: 0.0012146271765232086, 0, 0.0019284347890937957, -0.0019284347890937957
time_dim had no query dependencies
warehouse: 2.907589077949524e-06, 0, 0.0014396790561706867, -0.0014396790561706867
warehouse had no query dependencies
web_page: 7.394980639219284e-05, 0, 0.0014292699340762406, -0.0014292699340762406
web_page had no query dependencies
web_site: 1.0454095900058746e-05, 0, 0.0017657174516821814, -0.0017657174516821814
web_site had no query dependencies

Round 2
customer_demographics: 0.011580578982830048, 0, 0.007336492919633754, -0.007336492919633754
customer_demographics had no query dependencies
date_dim: 0.001992875710129738, 0, 0.002171372620405427, -0.002171372620405427
date_dim had no query dependencies
household_demographics: 3.5176053643226624e-05, 0, 0.0012762051557807057, -0.0012762051557807057
household_demographics had no query dependencies
income_band: 5.122274160385132e-07, 0, 0.0011116392942590245, -0.0011116392942590245
income_band had no query dependencies
store: 9.930133819580078e-05, 0, 0.0014219382930498149, -0.0014219382930498149
store had no query dependencies
store_returns: 20.850121902301908, 0, 5.3378579653943365, -5.3378579653943365
store_returns had no query dependencies

Round 3
store_returns: 20.850121902301908, 0, 5.337856448966751, -5.337856448966751
store_returns had no query dependencies
STARTING PHASE 2: 0b10000000000000000
----
[16]
Function: 46.89490755947401, 0, 41.535258293151855, 5.024010623375497, 0.3337767170111338, 5.047540316044241e-05, 0.0018114505323588849
Function: 41.535258293151855, 0, 41.535258293151855, 0.0, 0, 0.0, 0
hiya: 0b0, 41.535258293151855
{41.535258293151855: []}
NEW ENTRY: 41.535258293151855, 0b0
{46.89490755947401: [16], 41.535258293151855: []}
[16]
----
Best Cost: $41.535258293151855;
[]
[]
0
Optimal Subset: 0b0
Function: 41.535258293151855, 0, 41.535258293151855, 0.0, 0, 0.0, 0
41.535258293151855
Real: 41.535258293151855, 0, 41.535258293151855, 0.0, 0, 0.0, 0
Num Redshift Qs: 0; Num GCP Qs: 60
Redshift Qs: $0; GCP Qs: $41.535258293151855; Movement Cost: $0.0
Load Cost: $0, Storage Cost: $0.0, API Cost: $0
Final cost: $41.535258293151855, BQ Baseline: $41.535258293151855, Diff: $0.0, %: 0.0%
