Egress: $0.12/GB
Benchmark: tpcds
Data Path: parquet_1000/internal2024_rs1
BigQuery Cost: $6.25/TB; DuckDB Cost: $1.48/hr; Redshift Cost: $1.086/hr
Use Duck: False
Using calcite profiles: False
Excluded Table: inventory
Excluded Query: None

Starting analysis without using DuckDB
Excluding table inventory and any queries that depend on it
92
23
Total Keys: 93, Keys Considered: 92
47.26663024865253
61.97373618718744
14.707105938534909
[]
['source']
['call_center', 'catalog_page', 'catalog_returns', 'catalog_sales', 'customer', 'customer_address', 'customer_demographics', 'date_dim', 'household_demographics', 'income_band', 'item', 'promotion', 'reason', 'ship_mode', 'store', 'store_returns', 'store_sales', 'time_dim', 'warehouse', 'web_page', 'web_returns', 'web_sales', 'web_site']
Costs: 53.927904780764415, 6.661143401893379, 0.00013113021850585938, 42.179153619102244, 4.9397558768777055, 0.11736237067307939, 0.030358381999507546
Runtime: 39327.79002111917
Optimal Subset: 0b111111111111101111111111
47.266630248652525
