Egress: $0.12/GB
Benchmark: tpcds
Data Path: parquet_1000/internal2024_rs1
BigQuery Cost: $6.25/TB; DuckDB Cost: $1.48/hr; Redshift Cost: $1.086/hr
Use Duck: False
Using calcite profiles: False
Excluded Table: call_center
Excluded Query: None

Starting analysis without using DuckDB
Excluding table call_center and any queries that depend on it
94
23
Total Keys: 95, Keys Considered: 94
48.017778504927115
62.19688710698447
14.179108602057354
[]
['source']
['catalog_page', 'catalog_returns', 'catalog_sales', 'customer', 'customer_address', 'customer_demographics', 'date_dim', 'household_demographics', 'income_band', 'inventory', 'item', 'promotion', 'reason', 'ship_mode', 'store', 'store_returns', 'store_sales', 'time_dim', 'warehouse', 'web_page', 'web_returns', 'web_sales', 'web_site']
Costs: 54.67937781189838, 6.661468176752728, 0.00013113021850585938, 42.801213541799264, 5.065376076879501, 0.1203861696103173, 0.03080271663805544
Runtime: 39758.14408040559
Optimal Subset: 0b111111111111111111111110
48.01777850492713
