Egress: $0.12/GB
Benchmark: tpcds
Data Path: parquet_1000/internal2024_rs1
BigQuery Cost: $6.25/TB; DuckDB Cost: $1.48/hr; Redshift Cost: $1.086/hr
Use Duck: False
Using calcite profiles: False
Excluded Table: date_dim
Excluded Query: None

Starting analysis without using DuckDB
Excluding table date_dim and any queries that depend on it
9
23
Total Keys: 10, Keys Considered: 9
4.018092544562816
4.018092544562817
8.881784197001252e-16
['000', '001', '002', '003', '004', '005', '006', '008', '009', '0010', '0011', '0012', '0013', '0014', '0015', '0016', '0017', '0018', '0019', '0020', '0021', '0022', '0023']
['source', '09', '24', '28', '44', '84', '88', '90', '93', '96']
[]
Costs: 4.604446887969971, 0, 4.604446887969971, 0.0, 0, 0.0, 0
Runtime: 536.8040000000001
Optimal Subset: 0b0
4.018092544562817
