Egress: $0.24/GB
Benchmark: tpcds
Data Path: parquet_2000/real_data_rs4
BigQuery Cost: $5.0/TB; DuckDB Cost: $1.48/hr; Redshift Cost: $4.344/hr
Use Duck: False
Excluded Table: store
Excluded Query: None

Starting analysis without using DuckDB
Redshift Total: $9.163422485354744, Redshift-Calcite Total: $8.44579859506766, BigQuery Total: $136.7197608947754
Excluding table store and any queries that depend on it
Total Keys: 65, Keys Considered: 64
-0.08899422630928926
call_center: 5.735084414482117e-06, 0.0016646671036663304, 3.0991804690699
catalog_page: 0.0006659524515271187, 0.0017314045234891825, -0.0017314045234891825
catalog_page had no query dependencies
catalog_returns: 23.366260116919875, 5.864783407262403, 6.56170197210447
catalog_sales: 217.0907397372648, 55.168057877600326, 35.61015137422472
customer: 0.6484093563631177, 0.17106437087480963, 25.005283692346165
customer_address: 0.18544994108378887, 0.061451255214310906, 20.403867508251565
customer_demographics: 0.012168197892606258, 0.010121893037507221, 12.673394595063183
date_dim: 0.0019952356815338135, 0.00579871293584189, 109.11418968694332
household_demographics: 3.512948751449585e-05, 0.001505340314243783, 0.953309499009118
income_band: 6.137415766716003e-07, 0.0014422930868240326, 0.012374079895836894
inventory: 0.24701470416039228, 0.08350106838229394, 0.8541277015876462
item: 0.005464168265461922, 0.0072887720483081194, 82.2298787596598
promotion: 2.6027671992778778e-05, 0.0015151954865020984, 3.7981941925025424
reason: 1.2423843145370483e-06, 0.001580017145554348, 8.5029007227722
ship_mode: 1.5795230865478516e-06, 0.0017058450338483418, 2.105761557583288
store_returns: 36.877127600833774, 9.28628211623429, 1.9919742307114738
store_sales: 288.85508783441037, 74.33017404022979, 34.713647364942574
time_dim: 0.0012104213237762451, 0.01483167366276256, 3.38357662359784
warehouse: 2.3292377591133118e-06, 0.0177064855353517, 3.3730693787526604
web_page: 1.0661780834197998e-05, 0.014097540852563957, 0.7570800032739466
web_returns: 11.326140539720654, 2.8761765704412263, 8.626072540011108
web_sales: 109.34904180746526, 27.846929429303163, 60.161377723723106
web_site: 8.863396942615509e-06, 0.01844952917652043, 1.2537754315654763
-0.08899422342735029
call_center: 5.735084414482117e-06, 0.0016646671036013808, 3.0991804690699647
catalog_returns: 23.366260116919875, 5.864783142640123, 6.561702236726751
catalog_sales: 217.0907397372648, 55.16805541905341, 35.61015383277164
customer: 0.6484093563631177, 0.1710643635315907, 25.005283699689382
customer_address: 0.18544994108378887, 0.0614512531140952, 20.40386751035178
customer_demographics: 0.012168197892606258, 0.0101218928997027, 12.673394595200987
date_dim: 0.0019952356815338135, 0.005798712913245899, 109.11418968696591
household_demographics: 3.512948751449585e-05, 0.0015053403138459425, 0.9533094990095158
income_band: 6.137415766716003e-07, 0.001442293086817082, 0.012374079895843845
inventory: 0.24701470416039228, 0.08350106558485891, 0.8541277043850812
item: 0.005464168265461922, 0.007288771986426558, 82.22987875972169
promotion: 2.6027671992778778e-05, 0.0015151954862073357, 3.7981941925028373
reason: 1.2423843145370483e-06, 0.0015800171455402781, 8.502900722772214
ship_mode: 1.5795230865478516e-06, 0.0017058450338304537, 2.1057615575833064
store_returns: 36.877127600833774, 9.28628169860179, 1.991974648343973
store_sales: 288.85508783441037, 74.33017076895352, 34.713650636218844
time_dim: 0.0012104213237762451, 0.01483167364905457, 3.3835766236115483
warehouse: 2.3292377591133118e-06, 0.017706485535325323, 3.3730693787526866
web_page: 1.0661780834197998e-05, 0.014097540852443214, 0.7570800032740674
web_returns: 11.326140539720654, 2.8761764421729827, 8.626072668279352
web_sales: 109.34904180746526, 27.846928190928143, 60.16137896209813
web_site: 8.863396942615509e-06, 0.01844952917642005, 1.2537754315655767
{}
{}
STARTING PHASE 2: 0b111111110111111111111101
----
[0, 2, 3, 4, 5, 6, 7, 8, 9, 10, 11, 12, 13, 14, 16, 17, 18, 19, 20, 21, 22, 23]
Function: 184.5787030059419, 8.13323406902949, 4.76837158203125e-05, 165.77118938592008, 10.521488440912565, 0.09308314652460223, 0.059660279839295165
-0.08899422342735029
call_center: 5.735084414482117e-06, 0.0016646671036013808, 3.0991804690699647
catalog_returns: 23.366260116919875, 5.864783142640123, 6.561702236726751
catalog_sales: 217.0907397372648, 55.16805541905341, 35.61015383277164
customer: 0.6484093563631177, 0.1710643635315907, 25.005283699689382
customer_address: 0.18544994108378887, 0.0614512531140952, 20.40386751035178
customer_demographics: 0.012168197892606258, 0.0101218928997027, 12.673394595200987
date_dim: 0.0019952356815338135, 0.005798712913245899, 109.11418968696591
household_demographics: 3.512948751449585e-05, 0.0015053403138459425, 0.9533094990095158
income_band: 6.137415766716003e-07, 0.001442293086817082, 0.012374079895843845
inventory: 0.24701470416039228, 0.08350106558485891, 0.8541277043850812
item: 0.005464168265461922, 0.007288771986426558, 82.22987875972169
promotion: 2.6027671992778778e-05, 0.0015151954862073357, 3.7981941925028373
reason: 1.2423843145370483e-06, 0.0015800171455402781, 8.502900722772214
ship_mode: 1.5795230865478516e-06, 0.0017058450338304537, 2.1057615575833064
store_returns: 36.877127600833774, 9.28628169860179, 1.991974648343973
store_sales: 288.85508783441037, 74.33017076895352, 34.713650636218844
time_dim: 0.0012104213237762451, 0.01483167364905457, 3.3835766236115483
warehouse: 2.3292377591133118e-06, 0.017706485535325323, 3.3730693787526866
web_page: 1.0661780834197998e-05, 0.014097540852443214, 0.7570800032740674
web_returns: 11.326140539720654, 2.8761764421729827, 8.626072668279352
web_sales: 109.34904180746526, 27.846928190928143, 60.16137896209813
web_site: 8.863396942615509e-06, 0.01844952917642005, 1.2537754315655767
-0.08899420377609525
call_center: 5.735084414482117e-06, 0.0016646671031585044, 3.099180469070408
catalog_returns: 23.366260116919875, 5.864781338243844, 6.561704041123029
catalog_sales: 217.0907397372648, 55.16803865480783, 35.610170597017216
customer: 0.6484093563631177, 0.17106431345993084, 24.991467376778385
customer_address: 0.18544994108378887, 0.06145123879322477, 20.390051151689992
customer_demographics: 0.012168197892606258, 0.010121891960046508, 12.659578223157979
date_dim: 0.0019952356815338135, 0.005798712759169216, 109.11418968711999
household_demographics: 3.512948751449585e-05, 0.0015053403111331628, 0.9394931260295677
inventory: 0.24701470416039228, 0.08350104650981607, 0.8541277234601241
item: 0.005464168265461922, 0.007288771564470933, 82.22987876014363
promotion: 2.6027671992778778e-05, 0.0015151954841974191, 3.7981941925048472
reason: 1.2423843145370483e-06, 0.0015800171454443384, 8.50290072277231
ship_mode: 1.5795230865478516e-06, 0.0017058450337084793, 2.105761557583428
store_returns: 36.877127600833774, 9.28627885086529, 1.978161123097813
store_sales: 288.85508783441037, 74.33014846290014, 34.713672942272225
time_dim: 0.0012104213237762451, 0.014831673555583055, 3.3835766237050198
warehouse: 2.3292377591133118e-06, 0.017706485535145453, 3.3730693787528665
web_page: 1.0661780834197998e-05, 0.014097540851619886, 0.7570800032748908
web_returns: 11.326140539720654, 2.8761755675423943, 8.626073542909939
web_sales: 109.34904180746526, 27.84691974674396, 60.1613874062823
web_site: 8.863396942615509e-06, 0.0184495291757356, 1.253775431566261
Function: 184.5910239589192, 8.12401920727094, 0.02307891845703125, 165.7711892380339, 10.520056295259794, 0.09303002011124496, 0.05965027978626789
hiya: 0b111111110111110111111101, 184.5910239589192
-0.08899420377609525
call_center: 5.735084414482117e-06, 0.0016646671031585044, 3.099180469070408
catalog_returns: 23.366260116919875, 5.864781338243844, 6.561704041123029
catalog_sales: 217.0907397372648, 55.16803865480783, 35.610170597017216
customer: 0.6484093563631177, 0.17106431345993084, 24.991467376778385
customer_address: 0.18544994108378887, 0.06145123879322477, 20.390051151689992
customer_demographics: 0.012168197892606258, 0.010121891960046508, 12.659578223157979
date_dim: 0.0019952356815338135, 0.005798712759169216, 109.11418968711999
household_demographics: 3.512948751449585e-05, 0.0015053403111331628, 0.9394931260295677
inventory: 0.24701470416039228, 0.08350104650981607, 0.8541277234601241
item: 0.005464168265461922, 0.007288771564470933, 82.22987876014363
promotion: 2.6027671992778778e-05, 0.0015151954841974191, 3.7981941925048472
reason: 1.2423843145370483e-06, 0.0015800171454443384, 8.50290072277231
ship_mode: 1.5795230865478516e-06, 0.0017058450337084793, 2.105761557583428
store_returns: 36.877127600833774, 9.28627885086529, 1.978161123097813
store_sales: 288.85508783441037, 74.33014846290014, 34.713672942272225
time_dim: 0.0012104213237762451, 0.014831673555583055, 3.3835766237050198
warehouse: 2.3292377591133118e-06, 0.017706485535145453, 3.3730693787528665
web_page: 1.0661780834197998e-05, 0.014097540851619886, 0.7570800032748908
web_returns: 11.326140539720654, 2.8761755675423943, 8.626073542909939
web_sales: 109.34904180746526, 27.84691974674396, 60.1613874062823
web_site: 8.863396942615509e-06, 0.0184495291757356, 1.253775431566261
-0.08899405609344466
call_center: 5.735084414482117e-06, 0.0016646670998302102, 3.099180469073736
catalog_returns: 23.366260116919875, 5.864767777887275, 6.561717601479598
catalog_sales: 217.0907397372648, 55.167912668542854, 35.61029658328219
customer: 0.6484093563631177, 0.1710639371625674, 24.991467753075746
customer_address: 0.18544994108378887, 0.06145113116935539, 19.92650448824529
customer_demographics: 0.012168197892606258, 0.010121884898364348, 12.19603145915109
date_dim: 0.0019952356815338135, 0.005798711601255749, 108.65064291720931
household_demographics: 3.512948751449585e-05, 0.0015053402907461444, 0.6318623529920171
inventory: 0.24701470416039228, 0.0835009031575017, 0.8541278668124385
item: 0.005464168265461922, 0.007288768393399925, 82.22987876331472
promotion: 2.6027671992778778e-05, 0.0015151954690925408, 3.798194192519952
reason: 1.2423843145370483e-06, 0.001580017144723334, 8.039353951704458
ship_mode: 1.5795230865478516e-06, 0.0017058450327918201, 2.1057615575843447
store_returns: 36.877127600833774, 9.286257449622772, 1.9781825243403315
store_sales: 288.85508783441037, 74.3299808289712, 34.713840576201164
time_dim: 0.0012104213237762451, 0.014831672853128119, 3.0759458513495366
warehouse: 2.3292377591133118e-06, 0.017706485533793705, 3.3730693787542183
web_returns: 11.326140539720654, 2.8761689945391193, 8.16253334484464
web_sales: 109.34904180746526, 27.846856287209146, 59.3902733216906
web_site: 8.863396942615509e-06, 0.018449529170591825, 1.253775431571405
Function: 185.3477046982318, 8.058090046685535, 0.8601856231689453, 165.77118666898897, 10.505971315598488, 0.09263076492480239, 0.059640278865090025
hiya: 0b111011110111110111111101, 185.3477046982318
-0.08899405609344466
call_center: 5.735084414482117e-06, 0.0016646670998302102, 3.099180469073736
catalog_returns: 23.366260116919875, 5.864767777887275, 6.561717601479598
catalog_sales: 217.0907397372648, 55.167912668542854, 35.61029658328219
customer: 0.6484093563631177, 0.1710639371625674, 24.991467753075746
customer_address: 0.18544994108378887, 0.06145113116935539, 19.92650448824529
customer_demographics: 0.012168197892606258, 0.010121884898364348, 12.19603145915109
date_dim: 0.0019952356815338135, 0.005798711601255749, 108.65064291720931
household_demographics: 3.512948751449585e-05, 0.0015053402907461444, 0.6318623529920171
inventory: 0.24701470416039228, 0.0835009031575017, 0.8541278668124385
item: 0.005464168265461922, 0.007288768393399925, 82.22987876331472
promotion: 2.6027671992778778e-05, 0.0015151954690925408, 3.798194192519952
reason: 1.2423843145370483e-06, 0.001580017144723334, 8.039353951704458
ship_mode: 1.5795230865478516e-06, 0.0017058450327918201, 2.1057615575843447
store_returns: 36.877127600833774, 9.286257449622772, 1.9781825243403315
store_sales: 288.85508783441037, 74.3299808289712, 34.713840576201164
time_dim: 0.0012104213237762451, 0.014831672853128119, 3.0759458513495366
warehouse: 2.3292377591133118e-06, 0.017706485533793705, 3.3730693787542183
web_returns: 11.326140539720654, 2.8761689945391193, 8.16253334484464
web_sales: 109.34904180746526, 27.846856287209146, 59.3902733216906
web_site: 8.863396942615509e-06, 0.018449529170591825, 1.253775431571405
-0.08899353333953658
call_center: 5.735084414482117e-06, 0.0016646670880490102, 3.0510174085332378
catalog_returns: 23.366260116919875, 5.864719778143485, 5.928397907940626
catalog_sales: 217.0907397372648, 55.1674667135704, 35.02553790552415
customer: 0.6484093563631177, 0.17106260517863756, 24.943306024507393
customer_address: 0.18544994108378887, 0.06145075021195727, 19.87834180865041
customer_demographics: 0.012168197892606258, 0.010121859902050076, 11.56266379086464
date_dim: 0.0019952356815338135, 0.005798707502576669, 108.01727522802523
inventory: 0.24701470416039228, 0.08350039573173253, 0.2689237415077236
item: 0.005464168265461922, 0.007288757168724882, 81.64467414180889
promotion: 2.6027671992778778e-05, 0.001515195415625637, 3.2129895598429346
reason: 1.2423843145370483e-06, 0.0015800171421711871, 8.03935395170701
ship_mode: 1.5795230865478516e-06, 0.0017058450295471116, 2.1057615575875896
store_returns: 36.877127600833774, 9.28618169540846, 1.9782582785546428
store_sales: 288.85508783441037, 74.32938745330307, 34.714433951869296
time_dim: 0.0012104213237762451, 0.014831670366640631, 3.075945853836024
warehouse: 2.3292377591133118e-06, 0.017706485529008907, 2.787864746028519
web_returns: 11.326140539720654, 2.8761457280068923, 8.162556611376868
web_sales: 109.34904180746526, 27.846631658793463, 59.39049795010629
web_site: 8.863396942615509e-06, 0.01844952915238434, 1.2537754315896124
Function: 185.9781537747442, 7.776350012917517, 1.7752933502197266, 165.7711782042462, 10.50448441414992, 0.09121751738093059, 0.0596302758299023
hiya: 0b111011110111110011111101, 185.9781537747442
-0.08899353333953658
call_center: 5.735084414482117e-06, 0.0016646670880490102, 3.0510174085332378
catalog_returns: 23.366260116919875, 5.864719778143485, 5.928397907940626
catalog_sales: 217.0907397372648, 55.1674667135704, 35.02553790552415
customer: 0.6484093563631177, 0.17106260517863756, 24.943306024507393
customer_address: 0.18544994108378887, 0.06145075021195727, 19.87834180865041
customer_demographics: 0.012168197892606258, 0.010121859902050076, 11.56266379086464
date_dim: 0.0019952356815338135, 0.005798707502576669, 108.01727522802523
inventory: 0.24701470416039228, 0.08350039573173253, 0.2689237415077236
item: 0.005464168265461922, 0.007288757168724882, 81.64467414180889
promotion: 2.6027671992778778e-05, 0.001515195415625637, 3.2129895598429346
reason: 1.2423843145370483e-06, 0.0015800171421711871, 8.03935395170701
ship_mode: 1.5795230865478516e-06, 0.0017058450295471116, 2.1057615575875896
store_returns: 36.877127600833774, 9.28618169540846, 1.9782582785546428
store_sales: 288.85508783441037, 74.32938745330307, 34.714433951869296
time_dim: 0.0012104213237762451, 0.014831670366640631, 3.075945853836024
warehouse: 2.3292377591133118e-06, 0.017706485529008907, 2.787864746028519
web_returns: 11.326140539720654, 2.8761457280068923, 8.162556611376868
web_sales: 109.34904180746526, 27.846631658793463, 59.39049795010629
web_site: 8.863396942615509e-06, 0.01844952915238434, 1.2537754315896124
call_center: 5.735084414482117e-06, 0.001664667086488318, 3.0510174085347987
catalog_returns: 23.366260116919875, 5.864713419467541, 5.92840426661657
catalog_sales: 217.0907397372648, 55.16740763652266, 34.91969373402974
customer: 0.6484093563631177, 0.1710624287265671, 24.943306200959462
customer_address: 0.18544994108378887, 0.06145069974534116, 19.87834185911703
customer_demographics: 0.012168197892606258, 0.010121856590710271, 11.562663794175979
date_dim: 0.0019952356815338135, 0.0057987069596118525, 107.66485109132876
item: 0.005464168265461922, 0.007288755681757129, 81.29225000605642
promotion: 2.6027671992778778e-05, 0.0015151954085427092, 3.2129895598500178
reason: 1.2423843145370483e-06, 0.0015800171418330964, 8.039353951707348
ship_mode: 1.5795230865478516e-06, 0.0017058450291172749, 2.1057615575880195
store_returns: 36.877127600833774, 9.28617166001114, 1.978268313951963
store_sales: 288.85508783441037, 74.32930884697544, 34.504774832619574
time_dim: 0.0012104213237762451, 0.01483167003724787, 3.0759458541654165
warehouse: 2.3292377591133118e-06, 0.017706485528375053, 2.7510815829092015
web_returns: 11.326140539720654, 2.876142645816716, 8.162559693567044
web_sales: 109.34904180746526, 27.846601901565812, 59.39052770733394
web_site: 8.863396942615509e-06, 0.01844952914997234, 1.2537754315920242
Function: 186.24665364435884, 7.762982829356193, 2.141084671020508, 165.7116579528229, 10.480331641197205, 0.09099761620256872, 0.05959893375946284
hiya: 0b111011110111100011111101, 186.24665364435884
call_center: 5.735084414482117e-06, 0.001664667086488318, 3.0510174085347987
catalog_returns: 23.366260116919875, 5.864713419467541, 5.92840426661657
catalog_sales: 217.0907397372648, 55.16740763652266, 34.91969373402974
customer: 0.6484093563631177, 0.1710624287265671, 24.943306200959462
customer_address: 0.18544994108378887, 0.06145069974534116, 19.87834185911703
customer_demographics: 0.012168197892606258, 0.010121856590710271, 11.562663794175979
date_dim: 0.0019952356815338135, 0.0057987069596118525, 107.66485109132876
item: 0.005464168265461922, 0.007288755681757129, 81.29225000605642
promotion: 2.6027671992778778e-05, 0.0015151954085427092, 3.2129895598500178
reason: 1.2423843145370483e-06, 0.0015800171418330964, 8.039353951707348
ship_mode: 1.5795230865478516e-06, 0.0017058450291172749, 2.1057615575880195
store_returns: 36.877127600833774, 9.28617166001114, 1.978268313951963
store_sales: 288.85508783441037, 74.32930884697544, 34.504774832619574
time_dim: 0.0012104213237762451, 0.01483167003724787, 3.0759458541654165
warehouse: 2.3292377591133118e-06, 0.017706485528375053, 2.7510815829092015
web_returns: 11.326140539720654, 2.876142645816716, 8.162559693567044
web_sales: 109.34904180746526, 27.846601901565812, 59.39052770733394
web_site: 8.863396942615509e-06, 0.01844952914997234, 1.2537754315920242
call_center: 5.735084414482117e-06, 0.0016646670815386362, 3.051017408539748
catalog_returns: 23.366260116919875, 5.864693253147603, 5.928424432936508
catalog_sales: 217.0907397372648, 55.16722027571733, 34.91988109483508
customer: 0.6484093563631177, 0.17106186911495336, 24.943306760571076
customer_address: 0.18544994108378887, 0.06145053969222074, 18.856828523745556
customer_demographics: 0.012168197892606258, 0.010121846088911072, 11.56266380467778
date_dim: 0.0019952356815338135, 0.005798705237617794, 106.39262613230875
item: 0.005464168265461922, 0.007288750965890538, 81.29225001077229
promotion: 2.6027671992778778e-05, 0.0015151953860794499, 3.212989559872481
reason: 1.2423843145370483e-06, 0.001580017140760853, 8.03935395170842
ship_mode: 1.5795230865478516e-06, 0.0017058450277540628, 1.8550500922719744
store_returns: 36.877127600833774, 9.286139833097039, 1.9783001408660645
store_sales: 288.85508783441037, 74.32905954973712, 34.50502412985789
time_dim: 0.0012104213237762451, 0.014831668992590164, 3.0759458552100742
warehouse: 2.3292377591133118e-06, 0.017706485526364796, 2.5003701175938033
web_returns: 11.326140539720654, 2.8761328707576075, 7.141055973201564
web_sales: 109.34904180746526, 27.8465075275517, 58.118397120606055
Function: 187.49983552942496, 7.662426990232467, 3.5138654708862305, 165.71165581711352, 10.461894241201083, 0.0904040769979701, 0.05958893299366534
hiya: 0b11011110111100011111101, 187.49983552942496
call_center: 5.735084414482117e-06, 0.0016646670815386362, 3.051017408539748
catalog_returns: 23.366260116919875, 5.864693253147603, 5.928424432936508
catalog_sales: 217.0907397372648, 55.16722027571733, 34.91988109483508
customer: 0.6484093563631177, 0.17106186911495336, 24.943306760571076
customer_address: 0.18544994108378887, 0.06145053969222074, 18.856828523745556
customer_demographics: 0.012168197892606258, 0.010121846088911072, 11.56266380467778
date_dim: 0.0019952356815338135, 0.005798705237617794, 106.39262613230875
item: 0.005464168265461922, 0.007288750965890538, 81.29225001077229
promotion: 2.6027671992778778e-05, 0.0015151953860794499, 3.212989559872481
reason: 1.2423843145370483e-06, 0.001580017140760853, 8.03935395170842
ship_mode: 1.5795230865478516e-06, 0.0017058450277540628, 1.8550500922719744
store_returns: 36.877127600833774, 9.286139833097039, 1.9783001408660645
store_sales: 288.85508783441037, 74.32905954973712, 34.50502412985789
time_dim: 0.0012104213237762451, 0.014831668992590164, 3.0759458552100742
warehouse: 2.3292377591133118e-06, 0.017706485526364796, 2.5003701175938033
web_returns: 11.326140539720654, 2.8761328707576075, 7.141055973201564
web_sales: 109.34904180746526, 27.8465075275517, 58.118397120606055
call_center: 5.735084414482117e-06, 0.0016646670783830146, 2.552449249309175
catalog_returns: 23.366260116919875, 5.864680396305118, 5.9284372897789925
catalog_sales: 217.0907397372648, 55.16710082564566, 33.063244607607004
customer: 0.6484093563631177, 0.17106151233997446, 24.943307117346055
customer_address: 0.18544994108378887, 0.06145043765189981, 18.856828625785877
customer_demographics: 0.012168197892606258, 0.010121839393590433, 11.562663811373099
date_dim: 0.0019952356815338135, 0.005798704139777114, 104.53587019610686
item: 0.005464168265461922, 0.0072887479593353455, 81.29225001377884
promotion: 2.6027671992778778e-05, 0.0015151953717582158, 3.212989559886802
reason: 1.2423843145370483e-06, 0.0015800171400772544, 8.039353951709105
store_returns: 36.877127600833774, 9.28611954215538, 1.9783204318077239
store_sales: 288.85508783441037, 74.32890061269087, 34.50518306690414
time_dim: 0.0012104213237762451, 0.014831668326578736, 1.7177580778100865
warehouse: 2.3292377591133118e-06, 0.017706485525083176, 0.6436141802953566
web_returns: 11.326140539720654, 2.876126638763093, 7.141062205196079
web_sales: 109.34904180746526, 27.84644736031059, 56.76026950978117
Function: 189.35450721574506, 7.588259465618132, 5.444788932800293, 165.7116554365143, 10.460198775602976, 0.09002567235216857, 0.05957893285719455
hiya: 0b11011110011100011111101, 189.35450721574506
call_center: 5.735084414482117e-06, 0.0016646670783830146, 2.552449249309175
catalog_returns: 23.366260116919875, 5.864680396305118, 5.9284372897789925
catalog_sales: 217.0907397372648, 55.16710082564566, 33.063244607607004
customer: 0.6484093563631177, 0.17106151233997446, 24.943307117346055
customer_address: 0.18544994108378887, 0.06145043765189981, 18.856828625785877
customer_demographics: 0.012168197892606258, 0.010121839393590433, 11.562663811373099
date_dim: 0.0019952356815338135, 0.005798704139777114, 104.53587019610686
item: 0.005464168265461922, 0.0072887479593353455, 81.29225001377884
promotion: 2.6027671992778778e-05, 0.0015151953717582158, 3.212989559886802
reason: 1.2423843145370483e-06, 0.0015800171400772544, 8.039353951709105
store_returns: 36.877127600833774, 9.28611954215538, 1.9783204318077239
store_sales: 288.85508783441037, 74.32890061269087, 34.50518306690414
time_dim: 0.0012104213237762451, 0.014831668326578736, 1.7177580778100865
warehouse: 2.3292377591133118e-06, 0.017706485525083176, 0.6436141802953566
web_returns: 11.326140539720654, 2.876126638763093, 7.141062205196079
web_sales: 109.34904180746526, 27.84644736031059, 56.76026950978117
call_center: 5.735084414482117e-06, 0.0016646670773662676, 2.552449249310192
catalog_returns: 23.366260116919875, 5.864676253807275, 5.2671207664563955
catalog_sales: 217.0907397372648, 55.16706233861707, 32.40196242881517
customer: 0.6484093563631177, 0.1710613973864326, 24.9433072322996
customer_address: 0.18544994108378887, 0.06145040477432431, 18.856828658663453
customer_demographics: 0.012168197892606258, 0.010121837236346043, 11.562663813530344
date_dim: 0.0019952356815338135, 0.005798703786050867, 103.87454953064015
item: 0.005464168265461922, 0.007288746990617838, 80.6309293489271
promotion: 2.6027671992778778e-05, 0.0015151953671438884, 3.2129895598914167
reason: 1.2423843145370483e-06, 0.001580017139856998, 8.039353951709325
store_returns: 36.877127600833774, 9.28611300437737, 1.9783269695857335
store_sales: 288.85508783441037, 74.32884940288783, 34.505234276707185
time_dim: 0.0012104213237762451, 0.01483166811198865, 1.7177580780246766
web_returns: 11.326140539720654, 2.876124630803217, 7.141064213155955
web_sales: 109.34904180746526, 27.846427974316956, 56.760288895774806
Function: 189.99799947121596, 7.581512199309666, 6.112856864929199, 165.71165487526503, 10.442502849601109, 0.08990374945501965, 0.05956893265594841
hiya: 0b11001110011100011111101, 189.99799947121596
call_center: 5.735084414482117e-06, 0.0016646670773662676, 2.552449249310192
catalog_returns: 23.366260116919875, 5.864676253807275, 5.2671207664563955
catalog_sales: 217.0907397372648, 55.16706233861707, 32.40196242881517
customer: 0.6484093563631177, 0.1710613973864326, 24.9433072322996
customer_address: 0.18544994108378887, 0.06145040477432431, 18.856828658663453
customer_demographics: 0.012168197892606258, 0.010121837236346043, 11.562663813530344
date_dim: 0.0019952356815338135, 0.005798703786050867, 103.87454953064015
item: 0.005464168265461922, 0.007288746990617838, 80.6309293489271
promotion: 2.6027671992778778e-05, 0.0015151953671438884, 3.2129895598914167
reason: 1.2423843145370483e-06, 0.001580017139856998, 8.039353951709325
store_returns: 36.877127600833774, 9.28611300437737, 1.9783269695857335
store_sales: 288.85508783441037, 74.32884940288783, 34.505234276707185
time_dim: 0.0012104213237762451, 0.01483166811198865, 1.7177580780246766
web_returns: 11.326140539720654, 2.876124630803217, 7.141064213155955
web_sales: 109.34904180746526, 27.846427974316956, 56.760288895774806
call_center: 5.735084414482117e-06, 0.0016646670742191106, 2.5524492493133386
catalog_returns: 23.366260116919875, 5.864663431451862, 5.2671335888118085
catalog_sales: 217.0907397372648, 55.16694320895713, 30.66949181233843
customer: 0.6484093563631177, 0.1710610415684635, 24.943307588117566
customer_address: 0.18544994108378887, 0.06145030300771537, 18.856828760430062
customer_demographics: 0.012168197892606258, 0.010121830558984869, 11.562663820207705
date_dim: 0.0019952356815338135, 0.005798702691155025, 102.14195978559837
item: 0.005464168265461922, 0.0072887439921274, 78.89833960578895
promotion: 2.6027671992778778e-05, 0.0015151953528610696, 3.2129895599056995
reason: 1.2423843145370483e-06, 0.001580017139175233, 8.039353951710005
store_returns: 36.877127600833774, 9.286092767863938, 1.9783472060991656
store_sales: 288.85508783441037, 74.32869089217277, 32.772803041285584
web_returns: 11.326140539720654, 2.876118415525345, 7.141070428433826
web_sales: 109.34904180746526, 27.846367968467877, 55.02775915548723
Function: 191.71537900050933, 7.520383607433636, 7.9065752029418945, 165.71136321416023, 10.427971945422488, 0.08952620247553467, 0.059558828075546036
hiya: 0b11000110011100011111101, 191.71537900050933
call_center: 5.735084414482117e-06, 0.0016646670742191106, 2.5524492493133386
catalog_returns: 23.366260116919875, 5.864663431451862, 5.2671335888118085
catalog_sales: 217.0907397372648, 55.16694320895713, 30.66949181233843
customer: 0.6484093563631177, 0.1710610415684635, 24.943307588117566
customer_address: 0.18544994108378887, 0.06145030300771537, 18.856828760430062
customer_demographics: 0.012168197892606258, 0.010121830558984869, 11.562663820207705
date_dim: 0.0019952356815338135, 0.005798702691155025, 102.14195978559837
item: 0.005464168265461922, 0.0072887439921274, 78.89833960578895
promotion: 2.6027671992778778e-05, 0.0015151953528610696, 3.2129895599056995
reason: 1.2423843145370483e-06, 0.001580017139175233, 8.039353951710005
store_returns: 36.877127600833774, 9.286092767863938, 1.9783472060991656
store_sales: 288.85508783441037, 74.32869089217277, 32.772803041285584
web_returns: 11.326140539720654, 2.876118415525345, 7.141070428433826
web_sales: 109.34904180746526, 27.846367968467877, 55.02775915548723
call_center: 5.735084414482117e-06, 0.001664667007156518, 2.5524492493804014
catalog_returns: 23.366260116919875, 5.864390200604192, -4.745470637615911
catalog_sales: 217.0907397372648, 55.16440468175839, 20.752571476782656
customer: 0.6484093563631177, 0.17105345946344586, 24.943315170222583
customer_address: 0.18544994108378887, 0.06144813446879005, 18.856830928968986
customer_demographics: 0.012168197892606258, 0.010121688271472525, 11.562663962495218
date_dim: 0.0019952356815338135, 0.005798679360081339, 92.12908235165406
item: 0.005464168265461922, 0.0072886800974639185, 74.32600268738888
promotion: 2.6027671992778778e-05, 0.0015151950485092886, 3.212989560210051
reason: 1.2423843145370483e-06, 0.0015800171246475457, 6.787791435036824
store_sales: 288.85508783441037, 74.32531319629386, 21.605159357722258
web_returns: 11.326140539720654, 2.8759859745200234, -2.8716745878362415
web_sales: 109.34904180746526, 27.845089307217194, 45.1095789539834
call_center: 5.735084414482117e-06, 0.0016646669855227216, 1.491328470328002
catalog_sales: 217.0907397372648, 55.16358577542817, 19.69226960403885
customer: 0.6484093563631177, 0.17105101354370217, 24.8812074455443
customer_address: 0.18544994108378887, 0.061447434917391054, 17.733600678848322
customer_demographics: 0.012168197892606258, 0.010121642370784667, 11.562664008395906
date_dim: 0.0019952356815338135, 0.005798671833684165, 91.0058514095084
item: 0.005464168265461922, 0.007288659485612914, 74.32600270800073
promotion: 2.6027671992778778e-05, 0.0015151949503281069, 3.212989560308232
reason: 1.2423843145370483e-06, 0.0015800171199610428, 6.78779143504151
store_sales: 288.85508783441037, 74.32422358159988, 21.60624897241624
web_sales: 109.34904180746526, 27.844676822453227, 45.10999143874737
Function: 185.99805875442905, 6.22272795483589, 21.591901779174805, 148.4660889677863, 9.593314545475643, 0.07068028632229945, 0.05334522083410025
hiya: 0b10000100011100011111001, 185.99805875442905
call_center: 5.735084414482117e-06, 0.0016646669855227216, 1.491328470328002
catalog_sales: 217.0907397372648, 55.16358577542817, 19.69226960403885
customer: 0.6484093563631177, 0.17105101354370217, 24.8812074455443
customer_address: 0.18544994108378887, 0.061447434917391054, 17.733600678848322
customer_demographics: 0.012168197892606258, 0.010121642370784667, 11.562664008395906
date_dim: 0.0019952356815338135, 0.005798671833684165, 91.0058514095084
item: 0.005464168265461922, 0.007288659485612914, 74.32600270800073
promotion: 2.6027671992778778e-05, 0.0015151949503281069, 3.212989560308232
reason: 1.2423843145370483e-06, 0.0015800171199610428, 6.78779143504151
store_sales: 288.85508783441037, 74.32422358159988, 21.60624897241624
web_sales: 109.34904180746526, 27.844676822453227, 45.10999143874737
catalog_sales: 217.0907397372648, 55.16346916532226, 18.19939307683122
customer: 0.6484093563631177, 0.17105066525116877, 24.881207793836836
customer_address: 0.18544994108378887, 0.061447335303113186, 17.7336007784626
customer_demographics: 0.012168197892606258, 0.010121635834647535, 11.562664014932043
date_dim: 0.0019952356815338135, 0.005798670761945019, 89.5128582732666
item: 0.005464168265461922, 0.007288656550539585, 72.83300957362226
promotion: 2.6027671992778778e-05, 0.001515194936347365, 3.212989560322213
reason: 1.2423843145370483e-06, 0.0015800171192936973, 6.787791435042177
store_sales: 288.85508783441037, 74.32406842333553, 21.606404130680588
web_sales: 109.34904180746526, 27.84461808570858, 45.11005017549202
Function: 187.48905625568165, 6.15032192222754, 23.15730094909668, 148.46608758586996, 9.59166125606378, 0.0703493220850952, 0.05333522033858896
hiya: 0b10000100011100011111000, 187.48905625568165
catalog_sales: 217.0907397372648, 55.16346916532226, 18.19939307683122
customer: 0.6484093563631177, 0.17105066525116877, 24.881207793836836
customer_address: 0.18544994108378887, 0.061447335303113186, 17.7336007784626
customer_demographics: 0.012168197892606258, 0.010121635834647535, 11.562664014932043
date_dim: 0.0019952356815338135, 0.005798670761945019, 89.5128582732666
item: 0.005464168265461922, 0.007288656550539585, 72.83300957362226
promotion: 2.6027671992778778e-05, 0.001515194936347365, 3.212989560322213
reason: 1.2423843145370483e-06, 0.0015800171192936973, 6.787791435042177
store_sales: 288.85508783441037, 74.32406842333553, 21.606404130680588
web_sales: 109.34904180746526, 27.84461808570858, 45.11005017549202
catalog_sales: 217.0907397372648, 55.163240118736226, 17.098677861117707
customer: 0.6484093563631177, 0.17104998113194006, 24.881208477956065
customer_address: 0.18544994108378887, 0.061447139639880674, 17.73360097412583
customer_demographics: 0.012168197892606258, 0.010121622996310031, 8.34815927251182
date_dim: 0.0019952356815338135, 0.005798668656825649, 86.29835352011317
item: 0.005464168265461922, 0.00728865078544298, 69.6185048241288
reason: 1.2423843145370483e-06, 0.0015800171179828908, 6.787791435043488
store_sales: 288.85508783441037, 74.32376366012082, 19.493148400936292
web_sales: 109.34904180746526, 27.844502714482964, 45.11016554671763
Function: 190.70139570954197, 6.006352899715104, 26.515774726867676, 148.46608131428547, 9.590162312989236, 0.069699237594664, 0.0533252180897981
hiya: 0b10000100010100011111000, 190.70139570954197
catalog_sales: 217.0907397372648, 55.163240118736226, 17.098677861117707
customer: 0.6484093563631177, 0.17104998113194006, 24.881208477956065
customer_address: 0.18544994108378887, 0.061447139639880674, 17.73360097412583
customer_demographics: 0.012168197892606258, 0.010121622996310031, 8.34815927251182
date_dim: 0.0019952356815338135, 0.005798668656825649, 86.29835352011317
item: 0.005464168265461922, 0.00728865078544298, 69.6185048241288
reason: 1.2423843145370483e-06, 0.0015800171179828908, 6.787791435043488
store_sales: 288.85508783441037, 74.32376366012082, 19.493148400936292
web_sales: 109.34904180746526, 27.844502714482964, 45.11016554671763
catalog_sales: 217.0907397372648, 55.16289960810801, 17.09901837174592
customer: 0.6484093563631177, 0.17104896409050593, 24.8812094949975
customer_address: 0.18544994108378887, 0.06144684875839942, 17.733601265007312
customer_demographics: 0.012168197892606258, 0.010121603910278477, 8.348159291597852
date_dim: 0.0019952356815338135, 0.005798665527263531, 86.29835352324272
item: 0.005464168265461922, 0.007288642214799335, 69.61850483269944
store_sales: 288.85508783441037, 74.32331058585545, 12.704230023040182
web_sales: 109.34904180746526, 27.84433119859534, 45.110337062605254
Function: 197.48822070390446, 5.791663606637316, 33.519835472106934, 148.46608101492262, 9.58859259429137, 0.06873279796377803, 0.053315217982456094
hiya: 0b10000100000100011111000, 197.48822070390446
catalog_sales: 217.0907397372648, 55.16289960810801, 17.09901837174592
customer: 0.6484093563631177, 0.17104896409050593, 24.8812094949975
customer_address: 0.18544994108378887, 0.06144684875839942, 17.733601265007312
customer_demographics: 0.012168197892606258, 0.010121603910278477, 8.348159291597852
date_dim: 0.0019952356815338135, 0.005798665527263531, 86.29835352324272
item: 0.005464168265461922, 0.007288642214799335, 69.61850483269944
store_sales: 288.85508783441037, 74.32331058585545, 12.704230023040182
web_sales: 109.34904180746526, 27.84433119859534, 45.110337062605254
catalog_sales: 217.0907397372648, 55.16196877596039, 8.741668308385421
customer: 0.6484093563631177, 0.17104618386932077, 16.522931379710553
customer_address: 0.18544994108378887, 0.06144605359427983, 9.375321164663307
date_dim: 0.0019952356815338135, 0.005798656972179529, 77.94007263628968
item: 0.005464168265461922, 0.007288618785778422, 63.16395708921567
store_sales: 288.85508783441037, 74.32207204568518, 10.80173543461511
web_sales: 109.34904180746526, 27.843862336572258, 43.20707279603296
Function: 205.8337264926023, 5.2076789915863655, 42.462100982666016, 148.46314898623876, 9.5814037665987, 0.06608959886230138, 0.05330416665015817
hiya: 0b10000100000100010111000, 205.8337264926023
catalog_sales: 217.0907397372648, 55.16196877596039, 8.741668308385421
customer: 0.6484093563631177, 0.17104618386932077, 16.522931379710553
customer_address: 0.18544994108378887, 0.06144605359427983, 9.375321164663307
date_dim: 0.0019952356815338135, 0.005798656972179529, 77.94007263628968
item: 0.005464168265461922, 0.007288618785778422, 63.16395708921567
store_sales: 288.85508783441037, 74.32207204568518, 10.80173543461511
web_sales: 109.34904180746526, 27.843862336572258, 43.20707279603296
customer: 0.6484093563631177, 0.1710158815964651, 4.913325228025855
customer_address: 0.18544994108378887, 0.06143738691687821, 3.6234628062880017
date_dim: 0.0019952356815338135, 0.005798563728342993, 14.036435645187685
item: 0.005464168265461922, 0.00728836342746799, 8.983907065055224
store_sales: 288.85508783441037, 74.30857291029886, -50.581791028038225
web_sales: 109.34904180746526, 27.83875210108778, -18.27381468685489
customer: 0.6484093563631177, 0.17097683688996937, -0.17097683688996937
customer had no query dependencies
customer_address: 0.18544994108378887, 0.06142621983785905, -0.06142621983785905
customer_address had no query dependencies
date_dim: 0.0019952356815338135, 0.005798443582958274, -0.005798443582958274
date_dim had no query dependencies
item: 0.005464168265461922, 0.007288034396364298, -0.007288034396364298
item had no query dependencies
Function: 136.7197608947754, 0, 136.7197608947754, 0.0, 0, 0.0, 0
hiya: 0b0, 136.7197608947754
{184.5787030059419: [0, 2, 3, 4, 5, 6, 7, 8, 9, 10, 11, 12, 13, 14, 16, 17, 18, 19, 20, 21, 22, 23], 184.5910239589192: [0, 2, 3, 4, 5, 6, 7, 8, 10, 11, 12, 13, 14, 16, 17, 18, 19, 20, 21, 22, 23], 185.3477046982318: [0, 2, 3, 4, 5, 6, 7, 8, 10, 11, 12, 13, 14, 16, 17, 18, 19, 21, 22, 23], 185.9781537747442: [0, 2, 3, 4, 5, 6, 7, 10, 11, 12, 13, 14, 16, 17, 18, 19, 21, 22, 23], 186.24665364435884: [0, 2, 3, 4, 5, 6, 7, 11, 12, 13, 14, 16, 17, 18, 19, 21, 22, 23], 187.49983552942496: [0, 2, 3, 4, 5, 6, 7, 11, 12, 13, 14, 16, 17, 18, 19, 21, 22], 189.35450721574506: [0, 2, 3, 4, 5, 6, 7, 11, 12, 13, 16, 17, 18, 19, 21, 22], 189.99799947121596: [0, 2, 3, 4, 5, 6, 7, 11, 12, 13, 16, 17, 18, 21, 22], 191.71537900050933: [0, 2, 3, 4, 5, 6, 7, 11, 12, 13, 16, 17, 21, 22], 185.99805875442905: [0, 3, 4, 5, 6, 7, 11, 12, 13, 17, 22], 187.48905625568165: [3, 4, 5, 6, 7, 11, 12, 13, 17, 22], 190.70139570954197: [3, 4, 5, 6, 7, 11, 13, 17, 22], 197.48822070390446: [3, 4, 5, 6, 7, 11, 17, 22], 205.8337264926023: [3, 4, 5, 7, 11, 17, 22], 136.7197608947754: []}
[]
{}
Best Cost: $136.7197608947754;
[]
{}
{}
{}
[]
0
Optimal Subset: 0b0
Function: 136.7197608947754, 0, 136.7197608947754, 0.0, 0, 0.0, 0
136.7197608947754
Real: 136.7197608947754, 0, 136.7197608947754, 0.0, 0, 0.0, 0
Num Redshift Qs: 0; Num GCP Qs: 65
Redshift Qs: $0; GCP Qs: $136.7197608947754; Movement Cost: $0.0
Load Cost: $0, Storage Cost: $0.0, API Cost: $0
Final cost: $136.7197608947754, BQ Baseline: $136.7197608947754, Diff: $0.0, %: 0.0%
