Egress: $0.24/GB
Benchmark: tpcds
Data Path: parquet_2000/real_data_rs4
BigQuery Cost: $5.0/TB; DuckDB Cost: $1.48/hr; Redshift Cost: $4.344/hr
Use Duck: False
Excluded Table: customer_address
Excluded Query: None

Starting analysis without using DuckDB
Redshift Total: $11.739256800297103, Redshift-Calcite Total: $11.753166074234645, BigQuery Total: $193.4046506881714
Excluding table customer_address and any queries that depend on it
Total Keys: 70, Keys Considered: 69
-0.08899834318312624
call_center: 5.735084414482117e-06, 0.00166466719644749, 1.9898966293508062
catalog_page: 0.0006659524515271187, 0.0017314152971476518, 17.25730457632864
catalog_returns: 23.366260116919875, 5.865161422397901, 29.596847121681567
catalog_sales: 217.0907397372648, 55.171569932374446, 49.94472847745944
customer: 0.6484093563631177, 0.17107486072425396, 19.388870051370816
customer_demographics: 0.012168197892606258, 0.010122089892414771, 10.15685224615158
date_dim: 0.0019952356815338135, 0.005798745214404345, 158.16894081734154
household_demographics: 3.512948751449585e-05, 0.0015053408825622865, 10.186316046351171
income_band: 6.137415766716003e-07, 0.001442293096753033, -0.001442293096753033
income_band had no query dependencies
inventory: 0.24701470416039228, 0.0835050645415593, 0.854123705428381
item: 0.005464168265461922, 0.007288860446635319, 112.66768082484879
promotion: 2.6027671992778778e-05, 0.0015151959075730746, 13.676832895667731
reason: 1.2423843145370483e-06, 0.0015800171656534172, 8.039353951683529
ship_mode: 1.5795230865478516e-06, 0.001705845059401581, 2.1057615575577353
store: 2.3781321942806244e-05, 0.001532724441974368, 74.90278736247592
store_returns: 36.877127600833774, 9.286878707743458, 32.71178786684277
store_sales: 288.85508783441037, 74.33484708566455, 98.73376255855133
time_dim: 0.0012104213237762451, 0.014831693244740096, 8.781643137773708
warehouse: 2.3292377591133118e-06, 0.017706485573033687, 3.3730693787149786
web_page: 1.0661780834197998e-05, 0.014097541025048323, 7.237103028660251
web_returns: 11.326140539720654, 2.8763598026970243, 31.339123442831514
web_sales: 109.34904180746526, 27.848698458349684, 72.49650124440114
web_site: 8.863396942615509e-06, 0.018449529319910864, 17.491297927623286
-0.08899834053980514
call_center: 5.735084414482117e-06, 0.0016646671963879182, 1.9898966293508658
catalog_page: 0.0006659524515271187, 0.001731415290230209, 17.257304576335557
catalog_returns: 23.366260116919875, 5.86516117968573, 29.59684736439374
catalog_sales: 217.0907397372648, 55.1715676773895, 49.94473073244439
customer: 0.6484093563631177, 0.1710748539890365, 19.388870058106033
customer_demographics: 0.012168197892606258, 0.010122089766020144, 10.156852246277975
date_dim: 0.0019952356815338135, 0.005798745193679249, 158.16894081736226
household_demographics: 3.512948751449585e-05, 0.0015053408821973863, 10.186316046351537
inventory: 0.24701470416039228, 0.08350506197574539, 0.8541237079941949
item: 0.005464168265461922, 0.007288860389877407, 112.66768082490555
promotion: 2.6027671992778778e-05, 0.0015151959073027175, 13.676832895668001
reason: 1.2423843145370483e-06, 0.0015800171656405121, 8.039353951683541
ship_mode: 1.5795230865478516e-06, 0.001705845059385174, 2.1057615575577517
store: 2.3781321942806244e-05, 0.0015327244417273444, 74.90278736247616
store_returns: 36.877127600833774, 9.28687832468996, 32.711788249896266
store_sales: 288.85508783441037, 74.33484408524235, 98.73376555897353
time_dim: 0.0012104213237762451, 0.014831693232167096, 8.781643137786281
warehouse: 2.3292377591133118e-06, 0.017706485573009495, 3.373069378715003
web_page: 1.0661780834197998e-05, 0.014097541024937574, 7.237103028660362
web_returns: 11.326140539720654, 2.8763596850490933, 31.339123560479447
web_sales: 109.34904180746526, 27.848697322509235, 72.4965023802416
web_site: 8.863396942615509e-06, 0.0184495293198188, 17.491297927623375
{}
{}
STARTING PHASE 2: 0b111111111111110111011111
----
[0, 1, 2, 3, 4, 6, 7, 8, 10, 11, 12, 13, 14, 15, 16, 17, 18, 19, 20, 21, 22, 23]
Function: 186.7759124446424, 10.379122538973492, 4.76837158203125e-05, 165.7266697264141, 10.5062425821654, 0.10418559686922016, 0.059644316504356275
-0.08899834053980514
call_center: 5.735084414482117e-06, 0.0016646671963879182, 1.9898966293508658
catalog_page: 0.0006659524515271187, 0.001731415290230209, 17.257304576335557
catalog_returns: 23.366260116919875, 5.86516117968573, 29.59684736439374
catalog_sales: 217.0907397372648, 55.1715676773895, 49.94473073244439
customer: 0.6484093563631177, 0.1710748539890365, 19.388870058106033
customer_demographics: 0.012168197892606258, 0.010122089766020144, 10.156852246277975
date_dim: 0.0019952356815338135, 0.005798745193679249, 158.16894081736226
household_demographics: 3.512948751449585e-05, 0.0015053408821973863, 10.186316046351537
inventory: 0.24701470416039228, 0.08350506197574539, 0.8541237079941949
item: 0.005464168265461922, 0.007288860389877407, 112.66768082490555
promotion: 2.6027671992778778e-05, 0.0015151959073027175, 13.676832895668001
reason: 1.2423843145370483e-06, 0.0015800171656405121, 8.039353951683541
ship_mode: 1.5795230865478516e-06, 0.001705845059385174, 2.1057615575577517
store: 2.3781321942806244e-05, 0.0015327244417273444, 74.90278736247616
store_returns: 36.877127600833774, 9.28687832468996, 32.711788249896266
store_sales: 288.85508783441037, 74.33484408524235, 98.73376555897353
time_dim: 0.0012104213237762451, 0.014831693232167096, 8.781643137786281
warehouse: 2.3292377591133118e-06, 0.017706485573009495, 3.373069378715003
web_page: 1.0661780834197998e-05, 0.014097541024937574, 7.237103028660362
web_returns: 11.326140539720654, 2.8763596850490933, 31.339123560479447
web_sales: 109.34904180746526, 27.848697322509235, 72.4965023802416
web_site: 8.863396942615509e-06, 0.0184495293198188, 17.491297927623375
call_center: 5.735084414482117e-06, 0.0016646671833317047, 1.989896629363922
catalog_page: 0.0006659524515271187, 0.0017314137741553345, 17.25730457785163
catalog_returns: 23.366260116919875, 5.865107985197452, 29.01169592615153
catalog_sales: 217.0907397372648, 55.17107345919829, 49.25411706936297
customer: 0.6484093563631177, 0.1710733778519168, 19.38887153424315
customer_demographics: 0.012168197892606258, 0.010122062064494229, 9.571647641249015
date_dim: 0.0019952356815338135, 0.005798740651422998, 157.2313120519346
household_demographics: 3.512948751449585e-05, 0.0015053408022233082, 9.601111413701027
item: 0.005464168265461922, 0.007288847950418405, 111.73005206737508
promotion: 2.6027671992778778e-05, 0.0015151958480493887, 13.09162826299677
reason: 1.2423843145370483e-06, 0.0015800171628121604, 8.039353951686369
ship_mode: 1.5795230865478516e-06, 0.0017058450557893086, 2.1057615575613475
store: 2.3781321942806244e-05, 0.0015327243875879466, 74.9027873625303
store_returns: 36.877127600833774, 9.286794372019653, 32.71187220256657
store_sales: 288.85508783441037, 74.334186491836, 98.52468542680253
time_dim: 0.0012104213237762451, 0.01483169047658094, 8.781643140541867
warehouse: 2.3292377591133118e-06, 0.017706485567706865, 2.7510815828698694
web_page: 1.0661780834197998e-05, 0.014097541000665485, 7.2371030286846345
web_returns: 11.326140539720654, 2.876333900509883, 31.339149345018654
web_sales: 109.34904180746526, 27.848448383813288, 72.49675131893754
web_site: 8.863396942615509e-06, 0.018449529299640822, 17.491297927643554
Function: 187.62823422286584, 10.089396305586499, 1.227402687072754, 165.6671494749908, 10.482089809212683, 0.10258297156919716, 0.059612974433916825
hiya: 0b111111111111100111011111, 187.62823422286584
call_center: 5.735084414482117e-06, 0.0016646671833317047, 1.989896629363922
catalog_page: 0.0006659524515271187, 0.0017314137741553345, 17.25730457785163
catalog_returns: 23.366260116919875, 5.865107985197452, 29.01169592615153
catalog_sales: 217.0907397372648, 55.17107345919829, 49.25411706936297
customer: 0.6484093563631177, 0.1710733778519168, 19.38887153424315
customer_demographics: 0.012168197892606258, 0.010122062064494229, 9.571647641249015
date_dim: 0.0019952356815338135, 0.005798740651422998, 157.2313120519346
household_demographics: 3.512948751449585e-05, 0.0015053408022233082, 9.601111413701027
item: 0.005464168265461922, 0.007288847950418405, 111.73005206737508
promotion: 2.6027671992778778e-05, 0.0015151958480493887, 13.09162826299677
reason: 1.2423843145370483e-06, 0.0015800171628121604, 8.039353951686369
ship_mode: 1.5795230865478516e-06, 0.0017058450557893086, 2.1057615575613475
store: 2.3781321942806244e-05, 0.0015327243875879466, 74.9027873625303
store_returns: 36.877127600833774, 9.286794372019653, 32.71187220256657
store_sales: 288.85508783441037, 74.334186491836, 98.52468542680253
time_dim: 0.0012104213237762451, 0.01483169047658094, 8.781643140541867
warehouse: 2.3292377591133118e-06, 0.017706485567706865, 2.7510815828698694
web_page: 1.0661780834197998e-05, 0.014097541000665485, 7.2371030286846345
web_returns: 11.326140539720654, 2.876333900509883, 31.339149345018654
web_sales: 109.34904180746526, 27.848448383813288, 72.49675131893754
web_site: 8.863396942615509e-06, 0.018449529299640822, 17.491297927643554
catalog_page: 0.0006659524515271187, 0.0017314133067923916, 17.257304578318994
catalog_returns: 23.366260116919875, 5.865091586843388, 29.01171232450559
catalog_sales: 217.0907397372648, 55.170921105728105, 47.26270812628591
customer: 0.6484093563631177, 0.17107292280065273, 19.388871989294415
customer_demographics: 0.012168197892606258, 0.010122053524898403, 9.571647649788611
date_dim: 0.0019952356815338135, 0.00579873925117405, 155.23975075678757
household_demographics: 3.512948751449585e-05, 0.0015053407775695651, 9.60111141372568
item: 0.005464168265461922, 0.007288844115685528, 110.2370589338963
promotion: 2.6027671992778778e-05, 0.0015151958297832658, 13.091628263015036
reason: 1.2423843145370483e-06, 0.0015800171619402598, 8.039353951687241
ship_mode: 1.5795230865478516e-06, 0.0017058450546808053, 1.607193398328727
store: 2.3781321942806244e-05, 0.0015327243708983037, 74.90278736254699
store_returns: 36.877127600833774, 9.28676849178926, 32.711898082796964
store_sales: 288.85508783441037, 74.3339837744144, 98.52488814422412
time_dim: 0.0012104213237762451, 0.014831689627111776, 8.781643141391337
warehouse: 2.3292377591133118e-06, 0.017706485566072214, 2.252513423637775
web_page: 1.0661780834197998e-05, 0.014097540993183087, 7.2371030286921165
web_returns: 11.326140539720654, 2.876325951866762, 31.339157293661778
web_sales: 109.34904180746526, 27.84837164306423, 72.4968280596866
web_site: 8.863396942615509e-06, 0.018449529293420523, 17.491297927649775
Function: 189.61764833764562, 9.994289587607385, 3.314070701599121, 165.6671480930744, 10.48043651980082, 0.10210046162548092, 0.05960297393840553
hiya: 0b111111111111100111011110, 189.61764833764562
catalog_page: 0.0006659524515271187, 0.0017314133067923916, 17.257304578318994
catalog_returns: 23.366260116919875, 5.865091586843388, 29.01171232450559
catalog_sales: 217.0907397372648, 55.170921105728105, 47.26270812628591
customer: 0.6484093563631177, 0.17107292280065273, 19.388871989294415
customer_demographics: 0.012168197892606258, 0.010122053524898403, 9.571647649788611
date_dim: 0.0019952356815338135, 0.00579873925117405, 155.23975075678757
household_demographics: 3.512948751449585e-05, 0.0015053407775695651, 9.60111141372568
item: 0.005464168265461922, 0.007288844115685528, 110.2370589338963
promotion: 2.6027671992778778e-05, 0.0015151958297832658, 13.091628263015036
reason: 1.2423843145370483e-06, 0.0015800171619402598, 8.039353951687241
ship_mode: 1.5795230865478516e-06, 0.0017058450546808053, 1.607193398328727
store: 2.3781321942806244e-05, 0.0015327243708983037, 74.90278736254699
store_returns: 36.877127600833774, 9.28676849178926, 32.711898082796964
store_sales: 288.85508783441037, 74.3339837744144, 98.52488814422412
time_dim: 0.0012104213237762451, 0.014831689627111776, 8.781643141391337
warehouse: 2.3292377591133118e-06, 0.017706485566072214, 2.252513423637775
web_page: 1.0661780834197998e-05, 0.014097540993183087, 7.2371030286921165
web_returns: 11.326140539720654, 2.876325951866762, 31.339157293661778
web_sales: 109.34904180746526, 27.84837164306423, 72.4968280596866
web_site: 8.863396942615509e-06, 0.018449529293420523, 17.491297927649775
catalog_page: 0.0006659524515271187, 0.001731412996117439, 17.257304578629668
catalog_returns: 23.366260116919875, 5.865080686197652, 29.01172322515133
catalog_sales: 217.0907397372648, 55.17081983024651, 45.90462162370151
customer: 0.6484093563631177, 0.17107262030976841, 19.3888722917853
customer_demographics: 0.012168197892606258, 0.010122047848285467, 9.571647655465224
date_dim: 0.0019952356815338135, 0.005798738320372235, 153.63085151433495
household_demographics: 3.512948751449585e-05, 0.00150534076118123, 9.60111141374207
item: 0.005464168265461922, 0.007288841566584294, 110.23705893644541
promotion: 2.6027671992778778e-05, 0.0015151958176410389, 13.091628263027179
reason: 1.2423843145370483e-06, 0.0015800171613606726, 8.03935395168782
store: 2.3781321942806244e-05, 0.0015327243598040267, 74.90278736255809
store_returns: 36.877127600833774, 9.286751288158824, 32.7119152864274
store_sales: 288.85508783441037, 74.3338490199879, 98.52502289865063
time_dim: 0.0012104213237762451, 0.014831689062435444, 7.423455363890013
warehouse: 2.3292377591133118e-06, 0.017706485564985597, 0.6436141802554541
web_page: 1.0661780834197998e-05, 0.014097540988209235, 7.23710302869709
web_returns: 11.326140539720654, 2.876320668083865, 31.339162577444675
web_sales: 109.34904180746526, 27.848320630400657, 70.88797982896676
web_site: 8.863396942615509e-06, 0.01844952928928564, 17.240586462336502
Function: 191.22452099125672, 9.931664783139231, 4.985594749450684, 165.66714771247513, 10.478741054202713, 0.1017797181870235, 0.05959297380193474
hiya: 0b111111111011100111011110, 191.22452099125672
catalog_page: 0.0006659524515271187, 0.001731412996117439, 17.257304578629668
catalog_returns: 23.366260116919875, 5.865080686197652, 29.01172322515133
catalog_sales: 217.0907397372648, 55.17081983024651, 45.90462162370151
customer: 0.6484093563631177, 0.17107262030976841, 19.3888722917853
customer_demographics: 0.012168197892606258, 0.010122047848285467, 9.571647655465224
date_dim: 0.0019952356815338135, 0.005798738320372235, 153.63085151433495
household_demographics: 3.512948751449585e-05, 0.00150534076118123, 9.60111141374207
item: 0.005464168265461922, 0.007288841566584294, 110.23705893644541
promotion: 2.6027671992778778e-05, 0.0015151958176410389, 13.091628263027179
reason: 1.2423843145370483e-06, 0.0015800171613606726, 8.03935395168782
store: 2.3781321942806244e-05, 0.0015327243598040267, 74.90278736255809
store_returns: 36.877127600833774, 9.286751288158824, 32.7119152864274
store_sales: 288.85508783441037, 74.3338490199879, 98.52502289865063
time_dim: 0.0012104213237762451, 0.014831689062435444, 7.423455363890013
warehouse: 2.3292377591133118e-06, 0.017706485564985597, 0.6436141802554541
web_page: 1.0661780834197998e-05, 0.014097540988209235, 7.23710302869709
web_returns: 11.326140539720654, 2.876320668083865, 31.339162577444675
web_sales: 109.34904180746526, 27.848320630400657, 70.88797982896676
web_site: 8.863396942615509e-06, 0.01844952928928564, 17.240586462336502
catalog_page: 0.0006659524515271187, 0.001731412878053762, 17.257304578747732
catalog_returns: 23.366260116919875, 5.865076543699809, 28.35040670182873
catalog_sales: 217.0907397372648, 55.17078134321792, 45.24333944490966
customer: 0.6484093563631177, 0.17107250535622656, 19.388872406738844
customer_demographics: 0.012168197892606258, 0.010122045691041078, 9.571647657622469
date_dim: 0.0019952356815338135, 0.005798737966645988, 152.96953084886826
household_demographics: 3.512948751449585e-05, 0.0015053407549532832, 9.601111413748297
item: 0.005464168265461922, 0.007288840597866787, 109.57573827159366
promotion: 2.6027671992778778e-05, 0.0015151958130267115, 13.091628263031792
reason: 1.2423843145370483e-06, 0.0015800171611404156, 8.03935395168804
store: 2.3781321942806244e-05, 0.0015327243555879444, 74.90278736256231
store_returns: 36.877127600833774, 9.286744750380814, 32.71192182420541
store_sales: 288.85508783441037, 74.33379781018486, 98.52507410845367
time_dim: 0.0012104213237762451, 0.01483168884784536, 7.423455364104603
web_page: 1.0661780834197998e-05, 0.014097540986319058, 7.23710302869898
web_returns: 11.326140539720654, 2.876318660123989, 31.33916458540455
web_sales: 109.34904180746526, 27.848301244407022, 70.8879992149604
web_site: 8.863396942615509e-06, 0.01844952928771429, 17.240586462338072
Function: 191.8680132794344, 9.924917516830764, 5.65366268157959, 165.6671471512259, 10.461045128200846, 0.10165782799659516, 0.0595829736006886
hiya: 0b111101111011100111011110, 191.8680132794344
catalog_page: 0.0006659524515271187, 0.001731412878053762, 17.257304578747732
catalog_returns: 23.366260116919875, 5.865076543699809, 28.35040670182873
catalog_sales: 217.0907397372648, 55.17078134321792, 45.24333944490966
customer: 0.6484093563631177, 0.17107250535622656, 19.388872406738844
customer_demographics: 0.012168197892606258, 0.010122045691041078, 9.571647657622469
date_dim: 0.0019952356815338135, 0.005798737966645988, 152.96953084886826
household_demographics: 3.512948751449585e-05, 0.0015053407549532832, 9.601111413748297
item: 0.005464168265461922, 0.007288840597866787, 109.57573827159366
promotion: 2.6027671992778778e-05, 0.0015151958130267115, 13.091628263031792
reason: 1.2423843145370483e-06, 0.0015800171611404156, 8.03935395168804
store: 2.3781321942806244e-05, 0.0015327243555879444, 74.90278736256231
store_returns: 36.877127600833774, 9.286744750380814, 32.71192182420541
store_sales: 288.85508783441037, 74.33379781018486, 98.52507410845367
time_dim: 0.0012104213237762451, 0.01483168884784536, 7.423455364104603
web_page: 1.0661780834197998e-05, 0.014097540986319058, 7.23710302869898
web_returns: 11.326140539720654, 2.876318660123989, 31.33916458540455
web_sales: 109.34904180746526, 27.848301244407022, 70.8879992149604
web_site: 8.863396942615509e-06, 0.01844952928771429, 17.240586462338072
catalog_page: 0.0006659524515271187, 0.0017314121955778368, 17.25730457943021
catalog_returns: 23.366260116919875, 5.865052597680911, 21.406860851220266
catalog_sales: 217.0907397372648, 55.17055886606795, 38.299992125432254
customer: 0.6484093563631177, 0.17107184085867225, 19.388873071236397
customer_demographics: 0.012168197892606258, 0.010122033220928393, 9.571647670092581
date_dim: 0.0019952356815338135, 0.005798735921904934, 146.02596105428566
household_demographics: 3.512948751449585e-05, 0.0015053407189521701, 9.293480640726361
item: 0.005464168265461922, 0.007288834998122716, 109.57573827719341
promotion: 2.6027671992778778e-05, 0.0015151957863532462, 13.091628263058466
reason: 1.2423843145370483e-06, 0.0015800171598672058, 8.039353951689314
store: 2.3781321942806244e-05, 0.0015327243312165653, 67.9592175659593
store_returns: 36.877127600833774, 9.2867069582656, 25.768389819693265
store_sales: 288.85508783441037, 74.33350178808473, 91.58180033392642
time_dim: 0.0012104213237762451, 0.014831687607391314, 7.11582459228712
web_returns: 11.326140539720654, 2.8763070529616086, 24.39560639593957
web_sales: 109.34904180746526, 27.84818918221956, 63.63691070746256
web_site: 8.863396942615509e-06, 0.018449529278630975, 17.240586462347157
Function: 199.10441170454928, 9.79770679348628, 13.032073974609375, 165.66714458218095, 10.44696014853954, 0.10095323305362704, 0.059572972679510734
hiya: 0b111001111011100111011110, 199.10441170454928
catalog_page: 0.0006659524515271187, 0.0017314121955778368, 17.25730457943021
catalog_returns: 23.366260116919875, 5.865052597680911, 21.406860851220266
catalog_sales: 217.0907397372648, 55.17055886606795, 38.299992125432254
customer: 0.6484093563631177, 0.17107184085867225, 19.388873071236397
customer_demographics: 0.012168197892606258, 0.010122033220928393, 9.571647670092581
date_dim: 0.0019952356815338135, 0.005798735921904934, 146.02596105428566
household_demographics: 3.512948751449585e-05, 0.0015053407189521701, 9.293480640726361
item: 0.005464168265461922, 0.007288834998122716, 109.57573827719341
promotion: 2.6027671992778778e-05, 0.0015151957863532462, 13.091628263058466
reason: 1.2423843145370483e-06, 0.0015800171598672058, 8.039353951689314
store: 2.3781321942806244e-05, 0.0015327243312165653, 67.9592175659593
store_returns: 36.877127600833774, 9.2867069582656, 25.768389819693265
store_sales: 288.85508783441037, 74.33350178808473, 91.58180033392642
time_dim: 0.0012104213237762451, 0.014831687607391314, 7.11582459228712
web_returns: 11.326140539720654, 2.8763070529616086, 24.39560639593957
web_sales: 109.34904180746526, 27.84818918221956, 63.63691070746256
web_site: 8.863396942615509e-06, 0.018449529278630975, 17.240586462347157
catalog_page: 0.0006659524515271187, 0.0017314118050882536, 17.257304579820698
catalog_returns: 23.366260116919875, 5.865038896580852, 21.406874552320325
catalog_sales: 217.0907397372648, 55.17043157218643, 36.56752967317712
customer: 0.6484093563631177, 0.17107146065570328, 19.388873451439366
customer_demographics: 0.012168197892606258, 0.010122026085952748, 9.571647677227558
date_dim: 0.0019952356815338135, 0.005798734751973436, 144.2933713093189
household_demographics: 3.512948751449585e-05, 0.001505340698353554, 3.8954141069891137
item: 0.005464168265461922, 0.007288831794139033, 107.84314853426073
promotion: 2.6027671992778778e-05, 0.001515195771091594, 13.091628263073728
reason: 1.2423843145370483e-06, 0.0015800171591387182, 8.039353951690043
store: 2.3781321942806244e-05, 0.0015327243172720884, 62.5611510322154
store_returns: 36.877127600833774, 9.28668533489872, 25.768411443060145
store_sales: 288.85508783441037, 74.33333241427647, 84.4513134278402
web_returns: 11.326140539720654, 2.876300411736867, 24.39561303716431
web_sales: 109.34904180746526, 27.848125064035667, 61.904385079509794
web_site: 8.863396942615509e-06, 0.01844952927343381, 17.240586462352354
Function: 206.21983199312587, 9.731393087418876, 20.22904396057129, 165.66685292107616, 10.432429244360923, 0.10054991159952774, 0.05956286809910836
hiya: 0b111000111011100111011110, 206.21983199312587
catalog_page: 0.0006659524515271187, 0.0017314118050882536, 17.257304579820698
catalog_returns: 23.366260116919875, 5.865038896580852, 21.406874552320325
catalog_sales: 217.0907397372648, 55.17043157218643, 36.56752967317712
customer: 0.6484093563631177, 0.17107146065570328, 19.388873451439366
customer_demographics: 0.012168197892606258, 0.010122026085952748, 9.571647677227558
date_dim: 0.0019952356815338135, 0.005798734751973436, 144.2933713093189
household_demographics: 3.512948751449585e-05, 0.001505340698353554, 3.8954141069891137
item: 0.005464168265461922, 0.007288831794139033, 107.84314853426073
promotion: 2.6027671992778778e-05, 0.001515195771091594, 13.091628263073728
reason: 1.2423843145370483e-06, 0.0015800171591387182, 8.039353951690043
store: 2.3781321942806244e-05, 0.0015327243172720884, 62.5611510322154
store_returns: 36.877127600833774, 9.28668533489872, 25.768411443060145
store_sales: 288.85508783441037, 74.33333241427647, 84.4513134278402
web_returns: 11.326140539720654, 2.876300411736867, 24.39561303716431
web_sales: 109.34904180746526, 27.848125064035667, 61.904385079509794
web_site: 8.863396942615509e-06, 0.01844952927343381, 17.240586462352354
catalog_page: 0.0006659524515271187, 0.0017314111347103078, 17.257304580491077
catalog_returns: 23.366260116919875, 5.865015375043508, 21.40689807385767
catalog_sales: 217.0907397372648, 55.170213038800405, 36.567748206563145
customer: 0.6484093563631177, 0.17107080793743282, 15.49195465647017
customer_demographics: 0.012168197892606258, 0.01012201383689279, 9.571647689476617
date_dim: 0.0019952356815338135, 0.005798732743478693, 140.39645186363998
item: 0.005464168265461922, 0.007288826293659398, 107.84314853976122
promotion: 2.6027671992778778e-05, 0.0015151957448909586, 13.091628263099928
reason: 1.2423843145370483e-06, 0.0015800171578880776, 8.039353951691293
store: 2.3781321942806244e-05, 0.001532724293332731, 58.66423158455187
store_returns: 36.877127600833774, 9.286648212709304, 25.768448565249564
store_sales: 288.85508783441037, 74.33304163964237, 80.55468475478682
web_returns: 11.326140539720654, 2.876289010330037, 24.39562443857114
web_sales: 109.34904180746526, 27.848014988330025, 61.90449515521544
web_site: 8.863396942615509e-06, 0.018449529264511513, 17.240586462361275
Function: 210.11455396438288, 9.594088978587788, 24.263267517089844, 165.6668444563334, 10.430942342912354, 0.09985780439558124, 0.059552865063920636
hiya: 0b111000111011100011011110, 210.11455396438288
catalog_page: 0.0006659524515271187, 0.0017314111347103078, 17.257304580491077
catalog_returns: 23.366260116919875, 5.865015375043508, 21.40689807385767
catalog_sales: 217.0907397372648, 55.170213038800405, 36.567748206563145
customer: 0.6484093563631177, 0.17107080793743282, 15.49195465647017
customer_demographics: 0.012168197892606258, 0.01012201383689279, 9.571647689476617
date_dim: 0.0019952356815338135, 0.005798732743478693, 140.39645186363998
item: 0.005464168265461922, 0.007288826293659398, 107.84314853976122
promotion: 2.6027671992778778e-05, 0.0015151957448909586, 13.091628263099928
reason: 1.2423843145370483e-06, 0.0015800171578880776, 8.039353951691293
store: 2.3781321942806244e-05, 0.001532724293332731, 58.66423158455187
store_returns: 36.877127600833774, 9.286648212709304, 25.768448565249564
store_sales: 288.85508783441037, 74.33304163964237, 80.55468475478682
web_returns: 11.326140539720654, 2.876289010330037, 24.39562443857114
web_sales: 109.34904180746526, 27.848014988330025, 61.90449515521544
web_site: 8.863396942615509e-06, 0.018449529264511513, 17.240586462361275
catalog_page: 0.0006659524515271187, 0.0017314098469748563, 17.25730458177881
catalog_returns: 23.366260116919875, 5.864970192295921, 21.406943256605256
catalog_sales: 217.0907397372648, 55.16979325591484, 36.56816798944871
customer: 0.6484093563631177, 0.17106955412462177, 15.491955910282982
customer_demographics: 0.012168197892606258, 0.010121990307555565, 9.571647713005955
date_dim: 0.0019952356815338135, 0.005798728885341801, 140.39645186749812
item: 0.005464168265461922, 0.007288815727735101, 107.84314855032714
promotion: 2.6027671992778778e-05, 0.001515195694561906, 13.091628263150257
store: 2.3781321942806244e-05, 0.001532724247347389, 58.66423158459786
store_returns: 36.877127600833774, 9.286576904338183, 24.516957356932977
store_sales: 288.85508783441037, 74.33248308784772, 72.5143093377323
web_returns: 11.326140539720654, 2.8762671092578684, 24.39564633964331
web_sales: 109.34904180746526, 27.847803542847092, 61.904706600698375
web_site: 8.863396942615509e-06, 0.018449529247372587, 17.240586462378413
Function: 218.15257844936212, 9.32905370915572, 32.569236755371094, 165.66684415697054, 10.429372624214489, 0.09852833869370808, 0.05954286495657863
hiya: 0b111000111001100011011110, 218.15257844936212
catalog_page: 0.0006659524515271187, 0.0017314098469748563, 17.25730458177881
catalog_returns: 23.366260116919875, 5.864970192295921, 21.406943256605256
catalog_sales: 217.0907397372648, 55.16979325591484, 36.56816798944871
customer: 0.6484093563631177, 0.17106955412462177, 15.491955910282982
customer_demographics: 0.012168197892606258, 0.010121990307555565, 9.571647713005955
date_dim: 0.0019952356815338135, 0.005798728885341801, 140.39645186749812
item: 0.005464168265461922, 0.007288815727735101, 107.84314855032714
promotion: 2.6027671992778778e-05, 0.001515195694561906, 13.091628263150257
store: 2.3781321942806244e-05, 0.001532724247347389, 58.66423158459786
store_returns: 36.877127600833774, 9.286576904338183, 24.516957356932977
store_sales: 288.85508783441037, 74.33248308784772, 72.5143093377323
web_returns: 11.326140539720654, 2.8762671092578684, 24.39564633964331
web_sales: 109.34904180746526, 27.847803542847092, 61.904706600698375
web_site: 8.863396942615509e-06, 0.018449529247372587, 17.240586462378413
catalog_page: 0.0006659524515271187, 0.0017314078342033792, 17.257304583791583
catalog_returns: 23.366260116919875, 5.864899570224059, 21.40701387867712
catalog_sales: 217.0907397372648, 55.16913712191027, 35.46787986115373
customer: 0.6484093563631177, 0.1710675943753109, 15.491957870032293
date_dim: 0.0019952356815338135, 0.005798722854951102, 130.81468217021495
item: 0.005464168265461922, 0.007288799212859294, 98.2613788635285
promotion: 2.6027671992778778e-05, 0.0015151956158959959, 9.877123507970364
store: 2.3781321942806244e-05, 0.001532724175470836, 52.29696663661478
store_returns: 36.877127600833774, 9.286465447085613, 24.51706881418555
store_sales: 288.85508783441037, 74.33161005362363, 64.03435693094245
web_returns: 11.326140539720654, 2.8762328771853367, 24.39568057171584
web_sales: 109.34904180746526, 27.847473046830615, 61.90503709671485
web_site: 8.863396942615509e-06, 0.018449529220583898, 17.240586462405204
Function: 227.72213654105167, 8.91953045897802, 42.560529708862305, 165.66391212828665, 10.422183796521823, 0.09644863477857196, 0.059531813624280706
hiya: 0b111000111001100010011110, 227.72213654105167
catalog_page: 0.0006659524515271187, 0.0017314078342033792, 17.257304583791583
catalog_returns: 23.366260116919875, 5.864899570224059, 21.40701387867712
catalog_sales: 217.0907397372648, 55.16913712191027, 35.46787986115373
customer: 0.6484093563631177, 0.1710675943753109, 15.491957870032293
date_dim: 0.0019952356815338135, 0.005798722854951102, 130.81468217021495
item: 0.005464168265461922, 0.007288799212859294, 98.2613788635285
promotion: 2.6027671992778778e-05, 0.0015151956158959959, 9.877123507970364
store: 2.3781321942806244e-05, 0.001532724175470836, 52.29696663661478
store_returns: 36.877127600833774, 9.286465447085613, 24.51706881418555
store_sales: 288.85508783441037, 74.33161005362363, 64.03435693094245
web_returns: 11.326140539720654, 2.8762328771853367, 24.39568057171584
web_sales: 109.34904180746526, 27.847473046830615, 61.90503709671485
web_site: 8.863396942615509e-06, 0.018449529220583898, 17.240586462405204
catalog_page: 0.0006659524515271187, 0.0017314055933291828, 7.378665882446196
catalog_returns: 23.366260116919875, 5.864820944716722, 11.528453800598193
catalog_sales: 217.0907397372648, 55.16840662976198, 25.58997164971577
customer: 0.6484093563631177, 0.17106541253215965, 15.491960051875443
date_dim: 0.0019952356815338135, 0.005798716141150223, 120.93604347334254
item: 0.005464168265461922, 0.007288780826390946, 88.38274017832872
store: 2.3781321942806244e-05, 0.0015327240954486805, 42.41832793310855
store_returns: 36.877127600833774, 9.286341358641323, 14.638554199043575
store_sales: 288.85508783441037, 74.33063808045743, 54.15669020052236
web_returns: 11.326140539720654, 2.876194765671485, 14.51707997964343
web_sales: 109.34904180746526, 27.847105096467743, 52.02676634349146
web_site: 8.863396942615509e-06, 0.01844952919075931, 7.361947758848766
Function: 237.59694657364187, 8.457092311673167, 52.90160655975342, 165.6639058567022, 10.420684853447279, 0.09413518069031235, 0.05952181137548985
hiya: 0b111000111000100010011110, 237.59694657364187
catalog_page: 0.0006659524515271187, 0.0017314055933291828, 7.378665882446196
catalog_returns: 23.366260116919875, 5.864820944716722, 11.528453800598193
catalog_sales: 217.0907397372648, 55.16840662976198, 25.58997164971577
customer: 0.6484093563631177, 0.17106541253215965, 15.491960051875443
date_dim: 0.0019952356815338135, 0.005798716141150223, 120.93604347334254
item: 0.005464168265461922, 0.007288780826390946, 88.38274017832872
store: 2.3781321942806244e-05, 0.0015327240954486805, 42.41832793310855
store_returns: 36.877127600833774, 9.286341358641323, 14.638554199043575
store_sales: 288.85508783441037, 74.33063808045743, 54.15669020052236
web_returns: 11.326140539720654, 2.876194765671485, 14.51707997964343
web_sales: 109.34904180746526, 27.847105096467743, 52.02676634349146
web_site: 8.863396942615509e-06, 0.01844952919075931, 7.361947758848766
catalog_page: 0.0006659524515271187, 0.0017314046755312078, -0.0017314046755312078
catalog_page had no query dependencies
catalog_returns: 23.366260116919875, 5.864788741957845, 4.148088715317545
catalog_sales: 217.0907397372648, 55.16810744107235, 18.20987355036587
customer: 0.6484093563631177, 0.17106451891161228, 15.491960945495991
date_dim: 0.0019952356815338135, 0.005798713391369418, 113.55564618805278
item: 0.005464168265461922, 0.0072887732958194194, 88.38274018585928
store: 2.3781321942806244e-05, 0.0015327240626738946, 35.037930645101795
store_returns: 36.877127600833774, 9.28629053556385, 7.25820773408152
store_sales: 288.85508783441037, 74.33023998804997, 46.776691004890324
web_returns: 11.326140539720654, 2.876179156285517, 7.136698300989874
web_sales: 109.34904180746526, 27.846954394523614, 44.64651975739606
catalog_returns: 23.366260116919875, 5.864788477335565, 4.148088979939826
catalog_sales: 217.0907397372648, 55.16810498252544, 18.20987600891278
customer: 0.6484093563631177, 0.1710645115683934, 15.491960952839209
date_dim: 0.0019952356815338135, 0.005798713368773426, 113.55564618807537
item: 0.005464168265461922, 0.007288773233937858, 88.38274018592116
store: 2.3781321942806244e-05, 0.0015327240624045716, 35.03793064510206
store_returns: 36.877127600833774, 9.286290117931351, 7.258208151714019
store_sales: 288.85508783441037, 74.3302367167737, 46.776694276166594
web_returns: 11.326140539720654, 2.8761790280172734, 7.136698429258117
web_sales: 109.34904180746526, 27.846953156148594, 44.64652099577108
Function: 244.9562069718524, 8.285514349468551, 60.45358180999756, 165.66374325420006, 10.400686025166511, 0.09317977994829998, 0.05950175307140053
hiya: 0b11000111000100010011100, 244.9562069718524
catalog_returns: 23.366260116919875, 5.864788477335565, 4.148088979939826
catalog_sales: 217.0907397372648, 55.16810498252544, 18.20987600891278
customer: 0.6484093563631177, 0.1710645115683934, 15.491960952839209
date_dim: 0.0019952356815338135, 0.005798713368773426, 113.55564618807537
item: 0.005464168265461922, 0.007288773233937858, 88.38274018592116
store: 2.3781321942806244e-05, 0.0015327240624045716, 35.03793064510206
store_returns: 36.877127600833774, 9.286290117931351, 7.258208151714019
store_sales: 288.85508783441037, 74.3302367167737, 46.776694276166594
web_returns: 11.326140539720654, 2.8761790280172734, 7.136698429258117
web_sales: 109.34904180746526, 27.846953156148594, 44.64652099577108
catalog_sales: 217.0907397372648, 55.165922683017286, 8.292599445666426
customer: 0.6484093563631177, 0.17105799344872977, 15.491967470958873
date_dim: 0.0019952356815338135, 0.005798693311714099, 103.54276875085704
item: 0.005464168265461922, 0.007288718305516071, 83.81040325855487
store: 2.3781321942806244e-05, 0.0015327238233433973, 35.03793064534112
store_returns: 36.877127600833774, 9.285919411481492, -2.75429859911151
store_sales: 288.85508783441037, 74.32733300785976, 36.86013912232602
web_returns: 11.326140539720654, 2.876065172258345, -2.876065172258345
web_returns had no query dependencies
web_sales: 109.34904180746526, 27.84585392750143, 34.728161361663744
catalog_sales: 217.0907397372648, 55.16450365692709, 2.9872664023660107
customer: 0.6484093563631177, 0.17105375508372664, 15.336912418458613
date_dim: 0.0019952356815338135, 0.005798680269741458, 97.01114795152901
item: 0.005464168265461922, 0.007288682588666337, 78.50365122488111
store: 2.3781321942806244e-05, 0.0015327236678954203, 28.506309833126586
store_sales: 288.85508783441037, 74.32544488998602, 30.485465718695053
web_sales: 109.34904180746526, 27.84513916120854, 34.72887612795664
Function: 243.39464212568393, 6.832962333774569, 78.45063209533691, 148.41846900782613, 9.566028625219662, 0.07326191769666875, 0.053288145829954746
hiya: 0b10000101000100010011000, 243.39464212568393
catalog_sales: 217.0907397372648, 55.16450365692709, 2.9872664023660107
customer: 0.6484093563631177, 0.17105375508372664, 15.336912418458613
date_dim: 0.0019952356815338135, 0.005798680269741458, 97.01114795152901
item: 0.005464168265461922, 0.007288682588666337, 78.50365122488111
store: 2.3781321942806244e-05, 0.0015327236678954203, 28.506309833126586
store_sales: 288.85508783441037, 74.32544488998602, 30.485465718695053
web_sales: 109.34904180746526, 27.84513916120854, 34.72887612795664
customer: 0.6484093563631177, 0.1710236962366734, 4.11716979797198
date_dim: 0.0019952356815338135, 0.005798587774956184, 38.85937798473068
item: 0.005464168265461922, 0.007288429281713634, 29.685604449098104
store: 2.3781321942806244e-05, 0.001532722565445075, 28.506309834229036
store_sales: 288.85508783441037, 74.31205419655979, -25.536165935489535
web_sales: 109.34904180746526, 27.840069977534906, -21.390049156313236
customer: 0.6484093563631177, 0.1709767645824354, -0.1709767645824354
customer had no query dependencies
date_dim: 0.0019952356815338135, 0.0057984433604590605, -0.0057984433604590605
date_dim had no query dependencies
item: 0.005464168265461922, 0.007288033787026187, -0.007288033787026187
item had no query dependencies
store: 2.3781321942806244e-05, 0.001532720844160877, -0.001532720844160877
store had no query dependencies
Function: 193.4046506881714, 0, 193.4046506881714, 0.0, 0, 0.0, 0
hiya: 0b0, 193.4046506881714
{186.7759124446424: [0, 1, 2, 3, 4, 6, 7, 8, 10, 11, 12, 13, 14, 15, 16, 17, 18, 19, 20, 21, 22, 23], 187.62823422286584: [0, 1, 2, 3, 4, 6, 7, 8, 11, 12, 13, 14, 15, 16, 17, 18, 19, 20, 21, 22, 23], 189.61764833764562: [1, 2, 3, 4, 6, 7, 8, 11, 12, 13, 14, 15, 16, 17, 18, 19, 20, 21, 22, 23], 191.22452099125672: [1, 2, 3, 4, 6, 7, 8, 11, 12, 13, 15, 16, 17, 18, 19, 20, 21, 22, 23], 191.8680132794344: [1, 2, 3, 4, 6, 7, 8, 11, 12, 13, 15, 16, 17, 18, 20, 21, 22, 23], 199.10441170454928: [1, 2, 3, 4, 6, 7, 8, 11, 12, 13, 15, 16, 17, 18, 21, 22, 23], 206.21983199312587: [1, 2, 3, 4, 6, 7, 8, 11, 12, 13, 15, 16, 17, 21, 22, 23], 210.11455396438288: [1, 2, 3, 4, 6, 7, 11, 12, 13, 15, 16, 17, 21, 22, 23], 218.15257844936212: [1, 2, 3, 4, 6, 7, 11, 12, 15, 16, 17, 21, 22, 23], 227.72213654105167: [1, 2, 3, 4, 7, 11, 12, 15, 16, 17, 21, 22, 23], 237.59694657364187: [1, 2, 3, 4, 7, 11, 15, 16, 17, 21, 22, 23], 244.9562069718524: [2, 3, 4, 7, 11, 15, 16, 17, 21, 22], 243.39464212568393: [3, 4, 7, 11, 15, 17, 22], 193.4046506881714: []}
[0, 1, 2, 3, 4, 6, 7, 8, 10, 11, 12, 13, 14, 15, 16, 17, 18, 19, 20, 21, 22, 23]
{'26': 6344, '40': 526476, '93': 204800, '86': 4196480, '59': 163968, '42': 133248, '29': 231560, '36': 166016, '49': 6488204, '65': 166016, '80': 14915726, '50': 229504, '58': 4327560, '12': 4196480, '63': 166016, '05': 14909582, '44': 133120, '62': 13123712, '79': 164240, '28': 131072, '32': 2184, '71': 4589704, '20': 2184, '22': 527488, '03': 133248, '83': 2164868, '78': 6488204, '67': 166016, '51': 4325504, '38': 4325528, '34': 164240, '75': 6490252, '77': 7569548, '82': 134272, '74': 4325520, '14': 4327560, '52': 133248, '73': 164240, '09': 139264, '99': 540809, '89': 166016, '04': 4325528, '47': 166016, '70': 163968, '27': 166080, '88': 426240, '96': 426240, '53': 166016, '11': 4325520, '37': 3208, '07': 137408, '66': 4997256, '92': 4196480, '97': 131208, '57': 2185, '21': 527488, '39': 527488, '72': 531916, '01': 98448, '23': 4327576, '43': 163968, '25': 231560, '98': 133248, '76': 4327560, '90': 5505280, '87': 4325528, '17': 231560, '55': 133248, '02': 4194440}
Best Cost: $186.7759124446424;
[0, 1, 2, 3, 4, 6, 7, 8, 10, 11, 12, 13, 14, 15, 16, 17, 18, 19, 20, 21, 22, 23]
{}
{'26': 6344, '40': 526476, '93': 204800, '86': 4196480, '59': 163968, '42': 133248, '29': 231560, '36': 166016, '49': 6488204, '65': 166016, '80': 14915726, '50': 229504, '58': 4327560, '12': 4196480, '63': 166016, '05': 14909582, '44': 133120, '62': 13123712, '79': 164240, '28': 131072, '32': 2184, '71': 4589704, '20': 2184, '22': 527488, '03': 133248, '83': 2164868, '78': 6488204, '67': 166016, '51': 4325504, '38': 4325528, '34': 164240, '75': 6490252, '77': 7569548, '82': 134272, '74': 4325520, '14': 4327560, '52': 133248, '73': 164240, '09': 139264, '99': 540809, '89': 166016, '04': 4325528, '47': 166016, '70': 163968, '27': 166080, '88': 426240, '96': 426240, '53': 166016, '11': 4325520, '37': 3208, '07': 137408, '66': 4997256, '92': 4196480, '97': 131208, '57': 2185, '21': 527488, '39': 527488, '72': 531916, '01': 98448, '23': 4327576, '43': 163968, '25': 231560, '98': 133248, '76': 4327560, '90': 5505280, '87': 4325528, '17': 231560, '55': 133248, '02': 4194440}
{'26': 6344, '40': 526476, '93': 204800, '86': 4196480, '59': 163968, '42': 133248, '29': 231560, '36': 166016, '49': 6488204, '65': 166016, '80': 14915726, '50': 229504, '58': 4327560, '12': 4196480, '63': 166016, '05': 14909582, '44': 133120, '62': 13123712, '79': 164240, '28': 131072, '32': 2184, '71': 4589704, '20': 2184, '22': 527488, '03': 133248, '83': 2164868, '78': 6488204, '67': 166016, '51': 4325504, '38': 4325528, '34': 164240, '75': 6490252, '77': 7569548, '82': 134272, '74': 4325520, '14': 4327560, '52': 133248, '73': 164240, '09': 139264, '99': 540809, '89': 166016, '04': 4325528, '47': 166016, '70': 163968, '27': 166080, '88': 426240, '96': 426240, '53': 166016, '11': 4325520, '37': 3208, '07': 137408, '66': 4997256, '92': 4196480, '97': 131208, '57': 2185, '21': 527488, '39': 527488, '72': 531916, '01': 98448, '23': 4327576, '43': 163968, '25': 231560, '98': 133248, '76': 4327560, '90': 5505280, '87': 4325528, '17': 231560, '55': 133248, '02': 4194440}
[0, 1, 2, 3, 4, 6, 7, 8, 10, 11, 12, 13, 14, 15, 16, 17, 18, 19, 20, 21, 22, 23]
22
Optimal Subset: 0b111111111111110111011111
Function: 186.7759124446424, 10.379122538973492, 4.76837158203125e-05, 165.7266697264141, 10.5062425821654, 0.10418559686922016, 0.059644316504356275
186.7759124446424
Real: 186.7759124446424, 10.379122538973492, 4.76837158203125e-05, 165.7266697264141, 10.5062425821654, 0.10418559686922016, 0.059644316504356275
Num Redshift Qs: 69; Num GCP Qs: 1
Redshift Qs: $10.379122538973492; GCP Qs: $4.76837158203125e-05; Movement Cost: $165.7266697264141
Load Cost: $10.5062425821654, Storage Cost: $0.10418559686922016, API Cost: $0.059644316504356275
Final cost: $186.7759124446424, BQ Baseline: $193.4046506881714, Diff: $6.628738243529, %: 3.427393405454657%
