Egress: $0.24/GB
Benchmark: tpcds
Data Path: parquet_2000/real_data_rs4
BigQuery Cost: $5.0/TB; DuckDB Cost: $1.48/hr; Redshift Cost: $4.344/hr
Use Duck: False
Excluded Table: web_page
Excluded Query: None

Starting analysis without using DuckDB
Redshift Total: $13.940253112174673, Redshift-Calcite Total: $14.124282526175183, BigQuery Total: $231.70127391815186
Excluding table web_page and any queries that depend on it
Total Keys: 96, Keys Considered: 95
-0.08900236717087705
call_center: 5.735084414482117e-06, 0.0016646672871352948, 3.099180468886431
catalog_page: 0.0006659524515271187, 0.0017314258277277537, 17.25730456579806
catalog_returns: 23.366260116919875, 5.865530908647683, 30.453140391450418
catalog_sales: 217.0907397372648, 55.17500274716323, 66.011521304778
customer: 0.6484093563631177, 0.17108511389871178, 48.081226590840224
customer_address: 0.18544994108378887, 0.06145718787478659, 43.30898593654189
customer_demographics: 0.012168197892606258, 0.010122282305825538, 29.554948540940813
date_dim: 0.0019952356815338135, 0.005798776764688631, 192.17652474129693
household_demographics: 3.512948751449585e-05, 0.0015053414380582252, 23.440766220999954
income_band: 6.137415766716003e-07, 0.0014422931064580124, 6.645524008981644
inventory: 0.24701470416039228, 0.08350897053833518, 0.854119799431605
item: 0.005464168265461922, 0.007288946850494152, 139.29434594801168
promotion: 2.6027671992778778e-05, 0.0015151963191437268, 22.924542051627913
reason: 1.2423843145370483e-06, 0.0015800171852990053, 8.039353951663882
ship_mode: 1.5795230865478516e-06, 0.0017058450843782805, 2.1057615575327584
store: 2.3781321942806244e-05, 0.001532724818023912, 91.32788869749184
store_returns: 36.877127600833774, 9.28746183878419, 34.820074240563734
store_sales: 288.85508783441037, 74.33941469651029, 125.87876884010669
time_dim: 0.0012104213237762451, 0.014831712384903448, 8.474012345575606
warehouse: 2.3292377591133118e-06, 0.017706485609865485, 3.3730693786781463
web_returns: 11.326140539720654, 2.8765389008142064, 25.421199430195337
web_sales: 109.34904180746526, 27.850427574056372, 77.85511483646354
web_site: 8.863396942615509e-06, 0.018449529460066085, 18.512811422907713
{}
{}
STARTING PHASE 2: 0b111011111111111111111111
----
[0, 1, 2, 3, 4, 5, 6, 7, 8, 9, 10, 11, 12, 13, 14, 15, 16, 17, 18, 19, 21, 22, 23]
Function: 189.0131556748792, 12.55650321422259, 4.76837158203125e-05, 165.7713530139756, 10.510481900803248, 0.11509952365075954, 0.05967033851111533
-0.08900236717087705
call_center: 5.735084414482117e-06, 0.0016646672871352948, 3.099180468886431
catalog_page: 0.0006659524515271187, 0.0017314258277277537, 17.25730456579806
catalog_returns: 23.366260116919875, 5.865530908647683, 30.453140391450418
catalog_sales: 217.0907397372648, 55.17500274716323, 66.011521304778
customer: 0.6484093563631177, 0.17108511389871178, 48.081226590840224
customer_address: 0.18544994108378887, 0.06145718787478659, 43.30898593654189
customer_demographics: 0.012168197892606258, 0.010122282305825538, 29.554948540940813
date_dim: 0.0019952356815338135, 0.005798776764688631, 192.17652474129693
household_demographics: 3.512948751449585e-05, 0.0015053414380582252, 23.440766220999954
income_band: 6.137415766716003e-07, 0.0014422931064580124, 6.645524008981644
inventory: 0.24701470416039228, 0.08350897053833518, 0.854119799431605
item: 0.005464168265461922, 0.007288946850494152, 139.29434594801168
promotion: 2.6027671992778778e-05, 0.0015151963191437268, 22.924542051627913
reason: 1.2423843145370483e-06, 0.0015800171852990053, 8.039353951663882
ship_mode: 1.5795230865478516e-06, 0.0017058450843782805, 2.1057615575327584
store: 2.3781321942806244e-05, 0.001532724818023912, 91.32788869749184
store_returns: 36.877127600833774, 9.28746183878419, 34.820074240563734
store_sales: 288.85508783441037, 74.33941469651029, 125.87876884010669
time_dim: 0.0012104213237762451, 0.014831712384903448, 8.474012345575606
warehouse: 2.3292377591133118e-06, 0.017706485609865485, 3.3730693786781463
web_returns: 11.326140539720654, 2.8765389008142064, 25.421199430195337
web_sales: 109.34904180746526, 27.850427574056372, 77.85511483646354
web_site: 8.863396942615509e-06, 0.018449529460066085, 18.512811422907713
call_center: 5.735084414482117e-06, 0.0016646672740790814, 3.0991804688994873
catalog_page: 0.0006659524515271187, 0.0017314243116528791, 17.257304567314133
catalog_returns: 23.366260116919875, 5.865477714159405, 29.86798895320821
catalog_sales: 217.0907397372648, 55.17450852897202, 65.32090764169655
customer: 0.6484093563631177, 0.1710836377615921, 48.081228066977346
customer_address: 0.18544994108378887, 0.061456765688494557, 43.30898635872818
customer_demographics: 0.012168197892606258, 0.010122254604299623, 28.969743935911854
date_dim: 0.0019952356815338135, 0.0057987722224323805, 191.23889597586924
household_demographics: 3.512948751449585e-05, 0.001505341358084147, 22.855561588349442
income_band: 6.137415766716003e-07, 0.0014422931050607983, 6.645524008983041
item: 0.005464168265461922, 0.00728893441103515, 138.35671719048122
promotion: 2.6027671992778778e-05, 0.001515196259890398, 22.33933741895668
reason: 1.2423843145370483e-06, 0.0015800171824706536, 8.03935395166671
ship_mode: 1.5795230865478516e-06, 0.0017058450807824154, 2.105761557536354
store: 2.3781321942806244e-05, 0.001532724763884514, 91.32788869754597
store_returns: 36.877127600833774, 9.287377886113882, 34.82015819323404
store_sales: 288.85508783441037, 74.33875710310393, 125.66968870793569
time_dim: 0.0012104213237762451, 0.014831709629317291, 8.474012348331192
warehouse: 2.3292377591133118e-06, 0.017706485604562856, 2.7510815828330135
web_returns: 11.326140539720654, 2.876513116274996, 25.421225214734548
web_sales: 109.34904180746526, 27.85017863536042, 77.85536377515949
web_site: 8.863396942615509e-06, 0.018449529439888108, 18.512811422927893
Function: 189.86547312237659, 12.266776980835596, 1.227402687072754, 165.71183276255232, 10.486329127850533, 0.11349256762472959, 0.059638996440675864
hiya: 0b111011111111101111111111, 189.86547312237659
call_center: 5.735084414482117e-06, 0.0016646672740790814, 3.0991804688994873
catalog_page: 0.0006659524515271187, 0.0017314243116528791, 17.257304567314133
catalog_returns: 23.366260116919875, 5.865477714159405, 29.86798895320821
catalog_sales: 217.0907397372648, 55.17450852897202, 65.32090764169655
customer: 0.6484093563631177, 0.1710836377615921, 48.081228066977346
customer_address: 0.18544994108378887, 0.061456765688494557, 43.30898635872818
customer_demographics: 0.012168197892606258, 0.010122254604299623, 28.969743935911854
date_dim: 0.0019952356815338135, 0.0057987722224323805, 191.23889597586924
household_demographics: 3.512948751449585e-05, 0.001505341358084147, 22.855561588349442
income_band: 6.137415766716003e-07, 0.0014422931050607983, 6.645524008983041
item: 0.005464168265461922, 0.00728893441103515, 138.35671719048122
promotion: 2.6027671992778778e-05, 0.001515196259890398, 22.33933741895668
reason: 1.2423843145370483e-06, 0.0015800171824706536, 8.03935395166671
ship_mode: 1.5795230865478516e-06, 0.0017058450807824154, 2.105761557536354
store: 2.3781321942806244e-05, 0.001532724763884514, 91.32788869754597
store_returns: 36.877127600833774, 9.287377886113882, 34.82015819323404
store_sales: 288.85508783441037, 74.33875710310393, 125.66968870793569
time_dim: 0.0012104213237762451, 0.014831709629317291, 8.474012348331192
warehouse: 2.3292377591133118e-06, 0.017706485604562856, 2.7510815828330135
web_returns: 11.326140539720654, 2.876513116274996, 25.421225214734548
web_sales: 109.34904180746526, 27.85017863536042, 77.85536377515949
web_site: 8.863396942615509e-06, 0.018449529439888108, 18.512811422927893
call_center: 5.735084414482117e-06, 0.0016646672704593293, 2.600612309669378
catalog_page: 0.0006659524515271187, 0.001731423891330776, 17.257304567734455
catalog_returns: 23.366260116919875, 5.865462966326321, 29.868003701041296
catalog_sales: 217.0907397372648, 55.17437151012614, 63.464288723242724
customer: 0.6484093563631177, 0.17108322851197708, 48.08122847622696
customer_address: 0.18544994108378887, 0.061456648640033966, 43.30898647577664
customer_demographics: 0.012168197892606258, 0.01012224692422799, 28.969743943591926
date_dim: 0.0019952356815338135, 0.0057987709631207645, 189.13142857451146
household_demographics: 3.512948751449585e-05, 0.0015053413359118434, 22.855561588371614
income_band: 6.137415766716003e-07, 0.0014422931046734295, 6.645524008983428
item: 0.005464168265461922, 0.007288930962274368, 138.35671719393
promotion: 2.6027671992778778e-05, 0.00151519624346279, 22.33933741897311
reason: 1.2423843145370483e-06, 0.0015800171816865113, 8.039353951667495
store: 2.3781321942806244e-05, 0.0015327247488747108, 91.327888697561
store_returns: 36.877127600833774, 9.287354610770727, 34.820181468577196
store_sales: 288.85508783441037, 74.33857478952018, 125.66987102151944
time_dim: 0.0012104213237762451, 0.01483170886534858, 7.1158245710291625
warehouse: 2.3292377591133118e-06, 0.017706485603092736, 0.643614180217347
web_returns: 11.326140539720654, 2.87650596767572, 25.421232363333825
web_sales: 109.34904180746526, 27.850109618692443, 76.24653354844406
web_site: 8.863396942615509e-06, 0.018449529434293892, 18.26209995761608
Function: 191.97080061759016, 12.181451490996677, 3.4201955795288086, 165.71183238195306, 10.484633662252426, 0.11305850655496745, 0.059628996304205074
hiya: 0b111011111011101111111111, 191.97080061759016
call_center: 5.735084414482117e-06, 0.0016646672704593293, 2.600612309669378
catalog_page: 0.0006659524515271187, 0.001731423891330776, 17.257304567734455
catalog_returns: 23.366260116919875, 5.865462966326321, 29.868003701041296
catalog_sales: 217.0907397372648, 55.17437151012614, 63.464288723242724
customer: 0.6484093563631177, 0.17108322851197708, 48.08122847622696
customer_address: 0.18544994108378887, 0.061456648640033966, 43.30898647577664
customer_demographics: 0.012168197892606258, 0.01012224692422799, 28.969743943591926
date_dim: 0.0019952356815338135, 0.0057987709631207645, 189.13142857451146
household_demographics: 3.512948751449585e-05, 0.0015053413359118434, 22.855561588371614
income_band: 6.137415766716003e-07, 0.0014422931046734295, 6.645524008983428
item: 0.005464168265461922, 0.007288930962274368, 138.35671719393
promotion: 2.6027671992778778e-05, 0.00151519624346279, 22.33933741897311
reason: 1.2423843145370483e-06, 0.0015800171816865113, 8.039353951667495
store: 2.3781321942806244e-05, 0.0015327247488747108, 91.327888697561
store_returns: 36.877127600833774, 9.287354610770727, 34.820181468577196
store_sales: 288.85508783441037, 74.33857478952018, 125.66987102151944
time_dim: 0.0012104213237762451, 0.01483170886534858, 7.1158245710291625
warehouse: 2.3292377591133118e-06, 0.017706485603092736, 0.643614180217347
web_returns: 11.326140539720654, 2.87650596767572, 25.421232363333825
web_sales: 109.34904180746526, 27.850109618692443, 76.24653354844406
web_site: 8.863396942615509e-06, 0.018449529434293892, 18.26209995761608
call_center: 5.735084414482117e-06, 0.0016646672694425823, 2.6006123096703946
catalog_page: 0.0006659524515271187, 0.0017314237732670987, 17.25730456785252
catalog_returns: 23.366260116919875, 5.865458823828478, 29.2066871777187
catalog_sales: 217.0907397372648, 55.17433302309755, 62.80300654445086
customer: 0.6484093563631177, 0.17108311355843522, 48.0812285911805
customer_address: 0.18544994108378887, 0.06145661576245848, 43.308986508654215
customer_demographics: 0.012168197892606258, 0.010122244766983602, 28.969743945749173
date_dim: 0.0019952356815338135, 0.005798770609394517, 188.47010790904469
household_demographics: 3.512948751449585e-05, 0.0015053413296838964, 22.855561588377842
income_band: 6.137415766716003e-07, 0.001442293104564622, 6.6455240089835375
item: 0.005464168265461922, 0.0072889299935568605, 137.69539652907824
promotion: 2.6027671992778778e-05, 0.0015151962388484624, 22.339337418977724
reason: 1.2423843145370483e-06, 0.0015800171814662547, 8.039353951667715
store: 2.3781321942806244e-05, 0.0015327247446586287, 91.3278886975652
store_returns: 36.877127600833774, 9.28734807299272, 34.8201880063552
store_sales: 288.85508783441037, 74.33852357971715, 125.66992223132247
time_dim: 0.0012104213237762451, 0.014831708650758495, 7.115824571243753
web_returns: 11.326140539720654, 2.876503959715844, 25.4212343712937
web_sales: 109.34904180746526, 27.850090232698808, 76.2465529344377
web_site: 8.863396942615509e-06, 0.01844952943272254, 18.26209995761765
Function: 192.6142928728529, 12.174704224688211, 4.088263511657715, 165.71183182070382, 10.466937736250559, 0.11293658344962108, 0.059618996102958934
hiya: 0b111001111011101111111111, 192.6142928728529
call_center: 5.735084414482117e-06, 0.0016646672694425823, 2.6006123096703946
catalog_page: 0.0006659524515271187, 0.0017314237732670987, 17.25730456785252
catalog_returns: 23.366260116919875, 5.865458823828478, 29.2066871777187
catalog_sales: 217.0907397372648, 55.17433302309755, 62.80300654445086
customer: 0.6484093563631177, 0.17108311355843522, 48.0812285911805
customer_address: 0.18544994108378887, 0.06145661576245848, 43.308986508654215
customer_demographics: 0.012168197892606258, 0.010122244766983602, 28.969743945749173
date_dim: 0.0019952356815338135, 0.005798770609394517, 188.47010790904469
household_demographics: 3.512948751449585e-05, 0.0015053413296838964, 22.855561588377842
income_band: 6.137415766716003e-07, 0.001442293104564622, 6.6455240089835375
item: 0.005464168265461922, 0.0072889299935568605, 137.69539652907824
promotion: 2.6027671992778778e-05, 0.0015151962388484624, 22.339337418977724
reason: 1.2423843145370483e-06, 0.0015800171814662547, 8.039353951667715
store: 2.3781321942806244e-05, 0.0015327247446586287, 91.3278886975652
store_returns: 36.877127600833774, 9.28734807299272, 34.8201880063552
store_sales: 288.85508783441037, 74.33852357971715, 125.66992223132247
time_dim: 0.0012104213237762451, 0.014831708650758495, 7.115824571243753
web_returns: 11.326140539720654, 2.876503959715844, 25.4212343712937
web_sales: 109.34904180746526, 27.850090232698808, 76.2465529344377
web_site: 8.863396942615509e-06, 0.01844952943272254, 18.26209995761765
catalog_page: 0.0006659524515271187, 0.0017314233372818261, 17.257304568288504
catalog_returns: 23.366260116919875, 5.865443526422088, 28.09741863549878
catalog_sales: 217.0907397372648, 55.174190898287996, 60.24903475287288
customer: 0.6484093563631177, 0.17108268905826354, 48.033065955128386
customer_address: 0.18544994108378887, 0.06145649435222425, 42.199702790438145
customer_demographics: 0.012168197892606258, 0.010122236800716547, 28.92158089316316
date_dim: 0.0019952356815338135, 0.005798769303155054, 185.86783093341114
household_demographics: 3.512948751449585e-05, 0.0015053413066853489, 22.807398527848562
income_band: 6.137415766716003e-07, 0.0014422931041628182, 6.645524008983939
item: 0.005464168265461922, 0.007288926416279105, 136.20240339534203
promotion: 2.6027671992778778e-05, 0.0015151962218086848, 22.339337418994763
reason: 1.2423843145370483e-06, 0.0015800171806528915, 8.039353951668529
store: 2.3781321942806244e-05, 0.0015327247290894898, 91.32788869758078
store_returns: 36.877127600833774, 9.287323930301309, 34.82021214904661
store_sales: 288.85508783441037, 74.33833447227572, 125.6701113387639
time_dim: 0.0012104213237762451, 0.014831707858320732, 7.115824572036191
web_returns: 11.326140539720654, 2.876496544726291, 25.421241786283254
web_sales: 109.34904180746526, 27.85001864414666, 76.24662452298985
web_site: 8.863396942615509e-06, 0.018449529426919856, 18.26209995762345
Function: 195.21445494108542, 12.086093750456172, 6.77915096282959, 165.71183043878742, 10.465284446838696, 0.11248634656609796, 0.05960899560744764
hiya: 0b111001111011101111111110, 195.21445494108542
catalog_page: 0.0006659524515271187, 0.0017314233372818261, 17.257304568288504
catalog_returns: 23.366260116919875, 5.865443526422088, 28.09741863549878
catalog_sales: 217.0907397372648, 55.174190898287996, 60.24903475287288
customer: 0.6484093563631177, 0.17108268905826354, 48.033065955128386
customer_address: 0.18544994108378887, 0.06145649435222425, 42.199702790438145
customer_demographics: 0.012168197892606258, 0.010122236800716547, 28.92158089316316
date_dim: 0.0019952356815338135, 0.005798769303155054, 185.86783093341114
household_demographics: 3.512948751449585e-05, 0.0015053413066853489, 22.807398527848562
income_band: 6.137415766716003e-07, 0.0014422931041628182, 6.645524008983939
item: 0.005464168265461922, 0.007288926416279105, 136.20240339534203
promotion: 2.6027671992778778e-05, 0.0015151962218086848, 22.339337418994763
reason: 1.2423843145370483e-06, 0.0015800171806528915, 8.039353951668529
store: 2.3781321942806244e-05, 0.0015327247290894898, 91.32788869758078
store_returns: 36.877127600833774, 9.287323930301309, 34.82021214904661
store_sales: 288.85508783441037, 74.33833447227572, 125.6701113387639
time_dim: 0.0012104213237762451, 0.014831707858320732, 7.115824572036191
web_returns: 11.326140539720654, 2.876496544726291, 25.421241786283254
web_sales: 109.34904180746526, 27.85001864414666, 76.24662452298985
web_site: 8.863396942615509e-06, 0.018449529426919856, 18.26209995762345
catalog_page: 0.0006659524515271187, 0.0017314208669457411, 17.25730457075884
catalog_returns: 23.366260116919875, 5.865356849790136, 21.46435538302529
catalog_sales: 217.0907397372648, 55.17338560492679, 53.616690117128655
customer: 0.6484093563631177, 0.17108028379790718, 41.386102058300644
customer_address: 0.18544994108378887, 0.06145580642971511, 35.552737176272544
customer_demographics: 0.012168197892606258, 0.010122191663052026, 22.274614636212725
date_dim: 0.0019952356815338135, 0.005798761901871838, 179.23468101170693
household_demographics: 3.512948751449585e-05, 0.0015053411763732815, 16.160432225890773
item: 0.005464168265461922, 0.007288906147066176, 129.56925348650577
promotion: 2.6027671992778778e-05, 0.0015151961252596036, 15.706187489985872
reason: 1.2423843145370483e-06, 0.0015800171760442937, 8.039353951673137
store: 2.3781321942806244e-05, 0.001532724640873195, 84.69473876856355
store_returns: 36.877127600833774, 9.287187135401291, 28.173382641858538
store_sales: 288.85508783441037, 74.33726297063146, 119.03803291130271
time_dim: 0.0012104213237762451, 0.014831703368289248, 7.115824576526222
web_returns: 11.326140539720654, 2.876454530655144, 25.4212838003544
web_sales: 109.34904180746526, 27.84961301626254, 76.24703015087397
web_site: 8.863396942615509e-06, 0.018449529394041278, 18.262099957656332
Function: 201.85742786768452, 11.576082399040857, 13.936128616333008, 165.71183029090128, 10.463852301185925, 0.1099352646690464, 0.059598995554420366
hiya: 0b111001111011100111111110, 201.85742786768452
catalog_page: 0.0006659524515271187, 0.0017314208669457411, 17.25730457075884
catalog_returns: 23.366260116919875, 5.865356849790136, 21.46435538302529
catalog_sales: 217.0907397372648, 55.17338560492679, 53.616690117128655
customer: 0.6484093563631177, 0.17108028379790718, 41.386102058300644
customer_address: 0.18544994108378887, 0.06145580642971511, 35.552737176272544
customer_demographics: 0.012168197892606258, 0.010122191663052026, 22.274614636212725
date_dim: 0.0019952356815338135, 0.005798761901871838, 179.23468101170693
household_demographics: 3.512948751449585e-05, 0.0015053411763732815, 16.160432225890773
item: 0.005464168265461922, 0.007288906147066176, 129.56925348650577
promotion: 2.6027671992778778e-05, 0.0015151961252596036, 15.706187489985872
reason: 1.2423843145370483e-06, 0.0015800171760442937, 8.039353951673137
store: 2.3781321942806244e-05, 0.001532724640873195, 84.69473876856355
store_returns: 36.877127600833774, 9.287187135401291, 28.173382641858538
store_sales: 288.85508783441037, 74.33726297063146, 119.03803291130271
time_dim: 0.0012104213237762451, 0.014831703368289248, 7.115824576526222
web_returns: 11.326140539720654, 2.876454530655144, 25.4212838003544
web_sales: 109.34904180746526, 27.84961301626254, 76.24703015087397
web_site: 8.863396942615509e-06, 0.018449529394041278, 18.262099957656332
catalog_page: 0.0006659524515271187, 0.001731420476456158, 17.25730457114933
catalog_returns: 23.366260116919875, 5.865343148690077, 21.464369084125348
catalog_sales: 217.0907397372648, 55.173258311045274, 51.88422766487351
customer: 0.6484093563631177, 0.17107990359493822, 41.38610243850361
customer_address: 0.18544994108378887, 0.06145569768881324, 35.55273728501344
customer_demographics: 0.012168197892606258, 0.01012218452807638, 22.2746146433477
date_dim: 0.0019952356815338135, 0.005798760731940339, 177.5020912667402
household_demographics: 3.512948751449585e-05, 0.0015053411557746654, 10.762365692153525
item: 0.005464168265461922, 0.007288902943082493, 127.83666374357307
promotion: 2.6027671992778778e-05, 0.0015151961099979514, 15.706187490001135
reason: 1.2423843145370483e-06, 0.0015800171753158061, 8.039353951673865
store: 2.3781321942806244e-05, 0.0015327246269287184, 79.29667223481965
store_returns: 36.877127600833774, 9.287165512034411, 28.173404265225415
store_sales: 288.85508783441037, 74.3370935968232, 111.90754600521646
web_returns: 11.326140539720654, 2.876447889430402, 25.421290441579142
web_sales: 109.34904180746526, 27.84954889807865, 74.51450452292119
web_site: 8.863396942615509e-06, 0.018449529388844116, 18.26209995766153
Function: 208.97284803175933, 11.509768692973454, 21.133098602294922, 165.71153862979648, 10.449321397007305, 0.10953181871314731, 0.05958889097401799
hiya: 0b111000111011100111111110, 208.97284803175933
catalog_page: 0.0006659524515271187, 0.001731420476456158, 17.25730457114933
catalog_returns: 23.366260116919875, 5.865343148690077, 21.464369084125348
catalog_sales: 217.0907397372648, 55.173258311045274, 51.88422766487351
customer: 0.6484093563631177, 0.17107990359493822, 41.38610243850361
customer_address: 0.18544994108378887, 0.06145569768881324, 35.55273728501344
customer_demographics: 0.012168197892606258, 0.01012218452807638, 22.2746146433477
date_dim: 0.0019952356815338135, 0.005798760731940339, 177.5020912667402
household_demographics: 3.512948751449585e-05, 0.0015053411557746654, 10.762365692153525
item: 0.005464168265461922, 0.007288902943082493, 127.83666374357307
promotion: 2.6027671992778778e-05, 0.0015151961099979514, 15.706187490001135
reason: 1.2423843145370483e-06, 0.0015800171753158061, 8.039353951673865
store: 2.3781321942806244e-05, 0.0015327246269287184, 79.29667223481965
store_returns: 36.877127600833774, 9.287165512034411, 28.173404265225415
store_sales: 288.85508783441037, 74.3370935968232, 111.90754600521646
web_returns: 11.326140539720654, 2.876447889430402, 25.421290441579142
web_sales: 109.34904180746526, 27.84954889807865, 74.51450452292119
web_site: 8.863396942615509e-06, 0.018449529388844116, 18.26209995766153
catalog_page: 0.0006659524515271187, 0.0017314191887207065, 17.257304572437064
catalog_returns: 23.366260116919875, 5.865297965942491, 21.464414266872932
catalog_sales: 217.0907397372648, 55.1728385281597, 51.88464744775908
customer: 0.6484093563631177, 0.17107864978212717, 41.386103692316425
customer_address: 0.18544994108378887, 0.06145533908894163, 35.55273764361331
customer_demographics: 0.012168197892606258, 0.010122160998739157, 22.274614666877035
date_dim: 0.0019952356815338135, 0.0057987568738034475, 177.50209127059833
household_demographics: 3.512948751449585e-05, 0.0015053410878456618, 10.762365692221454
item: 0.005464168265461922, 0.007288892377158196, 127.836663754139
promotion: 2.6027671992778778e-05, 0.0015151960596688988, 15.706187490051462
store: 2.3781321942806244e-05, 0.0015327245809433762, 79.29667223486564
store_returns: 36.877127600833774, 9.28709420366329, 26.921913056908824
store_sales: 288.85508783441037, 74.33653504502854, 103.86717058816188
web_returns: 11.326140539720654, 2.8764259883582337, 25.421312342651312
web_sales: 109.34904180746526, 27.849337452595716, 74.51471596840412
web_site: 8.863396942615509e-06, 0.018449529371705187, 18.262099957678668
Function: 217.01087215805333, 11.244733423541387, 29.439067840576172, 165.71153833043363, 10.447751678309439, 0.1082019943260458, 0.05957889086667598
hiya: 0b111000111001100111111110, 217.01087215805333
catalog_page: 0.0006659524515271187, 0.0017314191887207065, 17.257304572437064
catalog_returns: 23.366260116919875, 5.865297965942491, 21.464414266872932
catalog_sales: 217.0907397372648, 55.1728385281597, 51.88464744775908
customer: 0.6484093563631177, 0.17107864978212717, 41.386103692316425
customer_address: 0.18544994108378887, 0.06145533908894163, 35.55273764361331
customer_demographics: 0.012168197892606258, 0.010122160998739157, 22.274614666877035
date_dim: 0.0019952356815338135, 0.0057987568738034475, 177.50209127059833
household_demographics: 3.512948751449585e-05, 0.0015053410878456618, 10.762365692221454
item: 0.005464168265461922, 0.007288892377158196, 127.836663754139
promotion: 2.6027671992778778e-05, 0.0015151960596688988, 15.706187490051462
store: 2.3781321942806244e-05, 0.0015327245809433762, 79.29667223486564
store_returns: 36.877127600833774, 9.28709420366329, 26.921913056908824
store_sales: 288.85508783441037, 74.33653504502854, 103.86717058816188
web_returns: 11.326140539720654, 2.8764259883582337, 25.421312342651312
web_sales: 109.34904180746526, 27.849337452595716, 74.51471596840412
web_site: 8.863396942615509e-06, 0.018449529371705187, 18.262099957678668
catalog_page: 0.0006659524515271187, 0.0017314167745596258, 17.257304574851226
catalog_returns: 23.366260116919875, 5.865213260321779, 21.464498972493644
catalog_sales: 217.0907397372648, 55.17205154702672, 51.88543442889206
customer: 0.6484093563631177, 0.17107629921696474, 33.24393103475787
customer_address: 0.18544994108378887, 0.06145466680966835, 28.685786730270745
customer_demographics: 0.012168197892606258, 0.010122116887497123, 19.652918685802693
date_dim: 0.0019952356815338135, 0.005798749640824099, 166.73822024452204
item: 0.005464168265461922, 0.007288872568863574, 127.8366637739473
promotion: 2.6027671992778778e-05, 0.0015151959653153266, 15.706187490145817
store: 2.3781321942806244e-05, 0.0015327244947331044, 68.53280120164256
store_returns: 36.877127600833774, 9.28696051945504, 26.922046741117075
store_sales: 288.85508783441037, 74.33548790914165, 93.1043466907395
web_returns: 11.326140539720654, 2.876384929679613, 25.42135340132993
web_sales: 109.34904180746526, 27.848941048617743, 74.51511237238209
web_site: 8.863396942615509e-06, 0.018449529339574264, 18.2620999577108
Function: 227.7707447504798, 10.746406962343851, 40.70126533508301, 165.71152986569084, 10.446264776860874, 0.1057089226697128, 0.05956888783148826
hiya: 0b111000111001100011111110, 227.7707447504798
catalog_page: 0.0006659524515271187, 0.0017314167745596258, 17.257304574851226
catalog_returns: 23.366260116919875, 5.865213260321779, 21.464498972493644
catalog_sales: 217.0907397372648, 55.17205154702672, 51.88543442889206
customer: 0.6484093563631177, 0.17107629921696474, 33.24393103475787
customer_address: 0.18544994108378887, 0.06145466680966835, 28.685786730270745
customer_demographics: 0.012168197892606258, 0.010122116887497123, 19.652918685802693
date_dim: 0.0019952356815338135, 0.005798749640824099, 166.73822024452204
item: 0.005464168265461922, 0.007288872568863574, 127.8366637739473
promotion: 2.6027671992778778e-05, 0.0015151959653153266, 15.706187490145817
store: 2.3781321942806244e-05, 0.0015327244947331044, 68.53280120164256
store_returns: 36.877127600833774, 9.28696051945504, 26.922046741117075
store_sales: 288.85508783441037, 74.33548790914165, 93.1043466907395
web_returns: 11.326140539720654, 2.876384929679613, 25.42135340132993
web_sales: 109.34904180746526, 27.848941048617743, 74.51511237238209
web_site: 8.863396942615509e-06, 0.018449529339574264, 18.2620999577108
catalog_page: 0.0006659524515271187, 0.0017314137989773533, 7.378665874240547
catalog_returns: 23.366260116919875, 5.865108856127126, 11.585964673102037
catalog_sales: 217.0907397372648, 55.17108155081271, 40.90682145922026
customer: 0.6484093563631177, 0.1710734020200527, 30.62937470468847
customer_address: 0.18544994108378887, 0.061453838189613176, 26.07122833162449
customer_demographics: 0.012168197892606258, 0.010122062518038981, 16.438413984913588
date_dim: 0.0019952356815338135, 0.005798740725791337, 151.03051756732597
item: 0.005464168265461922, 0.007288848154084129, 112.12896111225093
store: 2.3781321942806244e-05, 0.001532724388474347, 56.03960327089625
store_returns: 36.877127600833774, 9.286795746539347, 17.04357281044651
store_sales: 288.85508783441037, 74.33419725832007, 78.4988789177495
web_returns: 11.326140539720654, 2.876334322668664, 15.542765304754617
web_sales: 109.34904180746526, 27.84845245957573, 64.63696225783785
web_site: 8.863396942615509e-06, 0.018449529299971186, 8.383461254164141
Function: 243.47385937884587, 10.131859282244045, 57.023515701293945, 165.71152359410638, 10.44476583378633, 0.10263608183244596, 0.0595588855826974
hiya: 0b111000111000100011111110, 243.47385937884587
catalog_page: 0.0006659524515271187, 0.0017314137989773533, 7.378665874240547
catalog_returns: 23.366260116919875, 5.865108856127126, 11.585964673102037
catalog_sales: 217.0907397372648, 55.17108155081271, 40.90682145922026
customer: 0.6484093563631177, 0.1710734020200527, 30.62937470468847
customer_address: 0.18544994108378887, 0.061453838189613176, 26.07122833162449
customer_demographics: 0.012168197892606258, 0.010122062518038981, 16.438413984913588
date_dim: 0.0019952356815338135, 0.005798740725791337, 151.03051756732597
item: 0.005464168265461922, 0.007288848154084129, 112.12896111225093
store: 2.3781321942806244e-05, 0.001532724388474347, 56.03960327089625
store_returns: 36.877127600833774, 9.286795746539347, 17.04357281044651
store_sales: 288.85508783441037, 74.33419725832007, 78.4988789177495
web_returns: 11.326140539720654, 2.876334322668664, 15.542765304754617
web_sales: 109.34904180746526, 27.84845245957573, 64.63696225783785
web_site: 8.863396942615509e-06, 0.018449529299971186, 8.383461254164141
catalog_returns: 23.366260116919875, 5.865079513415151, 4.205596727774489
catalog_sales: 217.0907397372648, 55.170808934184436, 33.526696787809016
customer: 0.6484093563631177, 0.17107258776527293, 30.62937551894325
customer_address: 0.18544994108378887, 0.06145360530663662, 26.071228564507468
customer_demographics: 0.012168197892606258, 0.01012204723754804, 16.43841400019408
date_dim: 0.0019952356815338135, 0.0057987382202288025, 143.650120281792
item: 0.005464168265461922, 0.007288841292330695, 112.12896111911269
store: 2.3781321942806244e-05, 0.0015327243586104116, 48.65920598288659
store_returns: 36.877127600833774, 9.286749437248591, 9.663221831697737
store_sales: 288.85508783441037, 74.33383452198134, 71.1188443660487
web_returns: 11.326140539720654, 2.876320099610375, 8.162382239773386
web_sales: 109.34904180746526, 27.848315142032295, 57.25670228734177
web_site: 8.863396942615509e-06, 0.018449529288840773, 1.0030639661357479
Function: 250.85166099748395, 9.960281320039432, 64.57549095153809, 165.7113631273136, 10.443204405501683, 0.10177236504675129, 0.05954882804440558
hiya: 0b111000111000100011111100, 250.85166099748395
catalog_returns: 23.366260116919875, 5.865079513415151, 4.205596727774489
catalog_sales: 217.0907397372648, 55.170808934184436, 33.526696787809016
customer: 0.6484093563631177, 0.17107258776527293, 30.62937551894325
customer_address: 0.18544994108378887, 0.06145360530663662, 26.071228564507468
customer_demographics: 0.012168197892606258, 0.01012204723754804, 16.43841400019408
date_dim: 0.0019952356815338135, 0.0057987382202288025, 143.650120281792
item: 0.005464168265461922, 0.007288841292330695, 112.12896111911269
store: 2.3781321942806244e-05, 0.0015327243586104116, 48.65920598288659
store_returns: 36.877127600833774, 9.286749437248591, 9.663221831697737
store_sales: 288.85508783441037, 74.33383452198134, 71.1188443660487
web_returns: 11.326140539720654, 2.876320099610375, 8.162382239773386
web_sales: 109.34904180746526, 27.848315142032295, 57.25670228734177
web_site: 8.863396942615509e-06, 0.018449529288840773, 1.0030639661357479
catalog_returns: 23.366260116919875, 5.865061238085812, 4.205615003103827
catalog_sales: 217.0907397372648, 55.17063914215331, 33.52686657984014
customer: 0.6484093563631177, 0.17107208062829535, 30.629376026080227
customer_address: 0.18544994108378887, 0.061453460261655865, 25.04971521412786
customer_demographics: 0.012168197892606258, 0.010122037720499834, 16.438414009711128
date_dim: 0.0019952356815338135, 0.00579873665970568, 142.62860678792794
item: 0.005464168265461922, 0.007288837018669694, 112.12896112338636
store: 2.3781321942806244e-05, 0.0015327243400104522, 48.65920598290519
store_returns: 36.877127600833774, 9.286720594735986, 9.663250674210342
store_sales: 288.85508783441037, 74.33360860128052, 71.11907028674953
web_returns: 11.326140539720654, 2.8763112411560283, 7.140877602803146
web_sales: 109.34904180746526, 27.848229617445057, 56.235274316504416
Function: 251.85418707395831, 9.870883446140288, 65.68640232086182, 165.7113609916042, 10.424767005505561, 0.1012344825678303, 0.059538827278608084
hiya: 0b11000111000100011111100, 251.85418707395831
catalog_returns: 23.366260116919875, 5.865061238085812, 4.205615003103827
catalog_sales: 217.0907397372648, 55.17063914215331, 33.52686657984014
customer: 0.6484093563631177, 0.17107208062829535, 30.629376026080227
customer_address: 0.18544994108378887, 0.061453460261655865, 25.04971521412786
customer_demographics: 0.012168197892606258, 0.010122037720499834, 16.438414009711128
date_dim: 0.0019952356815338135, 0.00579873665970568, 142.62860678792794
item: 0.005464168265461922, 0.007288837018669694, 112.12896112338636
store: 2.3781321942806244e-05, 0.0015327243400104522, 48.65920598290519
store_returns: 36.877127600833774, 9.286720594735986, 9.663250674210342
store_sales: 288.85508783441037, 74.33360860128052, 71.11907028674953
web_returns: 11.326140539720654, 2.8763112411560283, 7.140877602803146
web_sales: 109.34904180746526, 27.848229617445057, 56.235274316504416
catalog_sales: 217.0907397372648, 55.16837737968382, 23.609669479555123
customer: 0.6484093563631177, 0.1710653251676577, 30.571583997626615
customer_address: 0.18544994108378887, 0.061451528149225734, 24.99191836232604
customer_demographics: 0.012168197892606258, 0.010121910945984495, 16.438414136485644
date_dim: 0.0019952356815338135, 0.005798715872318859, 132.5579305675257
item: 0.005464168265461922, 0.00728878009016724, 107.55662419802016
store: 2.3781321942806244e-05, 0.001532724092244465, 48.65920598315296
store_returns: 36.877127600833774, 9.286336389940834, -0.34924257826989447
store_sales: 288.85508783441037, 74.3305991610917, 61.20262086418384
web_returns: 11.326140539720654, 2.8761932396252954, -2.8718818529415135
web_sales: 109.34904180746526, 27.8470903631446, 46.31695470805036
catalog_sales: 217.0907397372648, 55.166684455916375, 18.30461033393197
customer: 0.6484093563631177, 0.1710602687216216, 28.006745377222646
customer_address: 0.18544994108378887, 0.061450081967719734, 22.58213542252281
customer_demographics: 0.012168197892606258, 0.010121816055564736, 16.43841423137606
date_dim: 0.0019952356815338135, 0.00579870031300983, 126.02199838403122
item: 0.005464168265461922, 0.007288737479320103, 99.84439917193944
store: 2.3781321942806244e-05, 0.0015327239067922196, 39.72211217166747
store_sales: 288.85508783441037, 74.32834660234998, 52.42283890211988
web_sales: 109.34904180746526, 27.846237634041334, 46.31780743715363
Function: 252.75836375818878, 8.193911350223223, 86.37545585632324, 148.4660867452303, 9.590109605558713, 0.07947498081612626, 0.05332522003716231
hiya: 0b10000101000100011111000, 252.75836375818878
catalog_sales: 217.0907397372648, 55.166684455916375, 18.30461033393197
customer: 0.6484093563631177, 0.1710602687216216, 28.006745377222646
customer_address: 0.18544994108378887, 0.061450081967719734, 22.58213542252281
customer_demographics: 0.012168197892606258, 0.010121816055564736, 16.43841423137606
date_dim: 0.0019952356815338135, 0.00579870031300983, 126.02199838403122
item: 0.005464168265461922, 0.007288737479320103, 99.84439917193944
store: 2.3781321942806244e-05, 0.0015327239067922196, 39.72211217166747
store_sales: 288.85508783441037, 74.32834660234998, 52.42283890211988
web_sales: 109.34904180746526, 27.846237634041334, 46.31780743715363
catalog_sales: 217.0907397372648, 55.16521140424711, 9.947802490093089
customer: 0.6484093563631177, 0.1710558689923383, 19.648468881443808
customer_address: 0.18544994108378887, 0.06144882361213253, 12.500865581501724
date_dim: 0.0019952356815338135, 0.005798686774499367, 109.57346235013812
item: 0.005464168265461922, 0.00728870040264795, 87.02258649404837
store: 2.3781321942806244e-05, 0.0015327237454259815, 31.631857019905326
store_sales: 288.85508783441037, 74.32638659949669, 42.43081062445434
web_sales: 109.34904180746526, 27.845495654955712, 44.4148162876439
Function: 269.1925855859056, 7.265561983531316, 103.75234127044678, 148.46315471654646, 9.582920777866047, 0.07529266881014424, 0.05331416870486439
hiya: 0b10000101000100010111000, 269.1925855859056
catalog_sales: 217.0907397372648, 55.16521140424711, 9.947802490093089
customer: 0.6484093563631177, 0.1710558689923383, 19.648468881443808
customer_address: 0.18544994108378887, 0.06144882361213253, 12.500865581501724
date_dim: 0.0019952356815338135, 0.005798686774499367, 109.57346235013812
item: 0.005464168265461922, 0.00728870040264795, 87.02258649404837
store: 2.3781321942806244e-05, 0.0015327237454259815, 31.631857019905326
store_sales: 288.85508783441037, 74.32638659949669, 42.43081062445434
web_sales: 109.34904180746526, 27.845495654955712, 44.4148162876439
customer: 0.6484093563631177, 0.1710252715310627, 6.829486214953147
customer_address: 0.18544994108378887, 0.06144007250862795, 5.539630497558143
date_dim: 0.0019952356815338135, 0.005798592622331601, 44.46044854995007
item: 0.005464168265461922, 0.007288442556774406, 31.633159662381097
store: 2.3781321942806244e-05, 0.0015327226232212045, 30.422480211033157
store_sales: 288.85508783441037, 74.3127559628047, -20.161961146887677
web_sales: 109.34904180746526, 27.84033563830976, -18.27539822407687
customer: 0.6484093563631177, 0.1709768440243001, -0.1709768440243001
customer had no query dependencies
customer_address: 0.18544994108378887, 0.06142622187833117, -0.06142622187833117
customer_address had no query dependencies
date_dim: 0.0019952356815338135, 0.005798443604911491, -0.005798443604911491
date_dim had no query dependencies
item: 0.005464168265461922, 0.007288034456485551, -0.007288034456485551
item had no query dependencies
store: 2.3781321942806244e-05, 0.0015327208470745188, -0.0015327208470745188
store had no query dependencies
Function: 231.70127391815186, 0, 231.70127391815186, 0.0, 0, 0.0, 0
hiya: 0b0, 231.70127391815186
{189.0131556748792: [0, 1, 2, 3, 4, 5, 6, 7, 8, 9, 10, 11, 12, 13, 14, 15, 16, 17, 18, 19, 21, 22, 23], 189.86547312237659: [0, 1, 2, 3, 4, 5, 6, 7, 8, 9, 11, 12, 13, 14, 15, 16, 17, 18, 19, 21, 22, 23], 191.97080061759016: [0, 1, 2, 3, 4, 5, 6, 7, 8, 9, 11, 12, 13, 15, 16, 17, 18, 19, 21, 22, 23], 192.6142928728529: [0, 1, 2, 3, 4, 5, 6, 7, 8, 9, 11, 12, 13, 15, 16, 17, 18, 21, 22, 23], 195.21445494108542: [1, 2, 3, 4, 5, 6, 7, 8, 9, 11, 12, 13, 15, 16, 17, 18, 21, 22, 23], 201.85742786768452: [1, 2, 3, 4, 5, 6, 7, 8, 11, 12, 13, 15, 16, 17, 18, 21, 22, 23], 208.97284803175933: [1, 2, 3, 4, 5, 6, 7, 8, 11, 12, 13, 15, 16, 17, 21, 22, 23], 217.01087215805333: [1, 2, 3, 4, 5, 6, 7, 8, 11, 12, 15, 16, 17, 21, 22, 23], 227.7707447504798: [1, 2, 3, 4, 5, 6, 7, 11, 12, 15, 16, 17, 21, 22, 23], 243.47385937884587: [1, 2, 3, 4, 5, 6, 7, 11, 15, 16, 17, 21, 22, 23], 250.85166099748395: [2, 3, 4, 5, 6, 7, 11, 15, 16, 17, 21, 22, 23], 251.85418707395831: [2, 3, 4, 5, 6, 7, 11, 15, 16, 17, 21, 22], 252.75836375818878: [3, 4, 5, 6, 7, 11, 15, 17, 22], 269.1925855859056: [3, 4, 5, 7, 11, 15, 17, 22], 231.70127391815186: []}
[0, 1, 2, 3, 4, 5, 6, 7, 8, 9, 10, 11, 12, 13, 14, 15, 16, 17, 18, 19, 21, 22, 23]
{'47': 166016, '55': 133248, '66': 4997256, '54': 4360376, '52': 133248, '33': 4327592, '59': 163968, '18': 2296, '27': 166080, '70': 163968, '23': 4327576, '07': 137408, '20': 2184, '03': 133248, '21': 527488, '86': 4196480, '56': 4327592, '37': 3208, '05': 14909582, '36': 166016, '53': 166016, '75': 6490252, '39': 527488, '28': 131072, '76': 4327560, '95': 14680224, '64': 236540, '16': 173, '01': 98448, '80': 14915726, '30': 2097328, '02': 4194440, '31': 4325536, '93': 204800, '72': 531916, '12': 4196480, '98': 133248, '96': 426240, '45': 4196528, '88': 426240, '84': 66416, '44': 133120, '48': 164064, '15': 184, '35': 4325624, '51': 4325504, '91': 501, '81': 180, '73': 164240, '29': 231560, '17': 231560, '61': 170160, '25': 231560, '99': 540809, '34': 164240, '26': 6344, '79': 164240, '42': 133248, '63': 166016, '68': 164272, '09': 139264, '69': 4325624, '10': 4325624, '87': 4325528, '89': 166016, '08': 164016, '06': 133296, '50': 229504, '22': 527488, '67': 166016, '40': 526476, '04': 4325528, '38': 4325528, '57': 2185, '24': 231472, '78': 6488204, '13': 164320, '46': 164272, '49': 6488204, '74': 4325520, '94': 14680224, '60': 4327592, '62': 13123712, '19': 166064, '43': 163968, '14': 4327560, '82': 134272, '83': 2164868, '92': 4196480, '58': 4327560, '32': 2184, '71': 4589704, '97': 131208, '11': 4325520, '65': 166016}
Best Cost: $189.0131556748792;
[0, 1, 2, 3, 4, 5, 6, 7, 8, 9, 10, 11, 12, 13, 14, 15, 16, 17, 18, 19, 21, 22, 23]
{}
{'47': 166016, '55': 133248, '66': 4997256, '54': 4360376, '52': 133248, '33': 4327592, '59': 163968, '18': 2296, '27': 166080, '70': 163968, '23': 4327576, '07': 137408, '20': 2184, '03': 133248, '21': 527488, '86': 4196480, '56': 4327592, '37': 3208, '05': 14909582, '36': 166016, '53': 166016, '75': 6490252, '39': 527488, '28': 131072, '76': 4327560, '95': 14680224, '64': 236540, '16': 173, '01': 98448, '80': 14915726, '30': 2097328, '02': 4194440, '31': 4325536, '93': 204800, '72': 531916, '12': 4196480, '98': 133248, '96': 426240, '45': 4196528, '88': 426240, '84': 66416, '44': 133120, '48': 164064, '15': 184, '35': 4325624, '51': 4325504, '91': 501, '81': 180, '73': 164240, '29': 231560, '17': 231560, '61': 170160, '25': 231560, '99': 540809, '34': 164240, '26': 6344, '79': 164240, '42': 133248, '63': 166016, '68': 164272, '09': 139264, '69': 4325624, '10': 4325624, '87': 4325528, '89': 166016, '08': 164016, '06': 133296, '50': 229504, '22': 527488, '67': 166016, '40': 526476, '04': 4325528, '38': 4325528, '57': 2185, '24': 231472, '78': 6488204, '13': 164320, '46': 164272, '49': 6488204, '74': 4325520, '94': 14680224, '60': 4327592, '62': 13123712, '19': 166064, '43': 163968, '14': 4327560, '82': 134272, '83': 2164868, '92': 4196480, '58': 4327560, '32': 2184, '71': 4589704, '97': 131208, '11': 4325520, '65': 166016}
{'47': 166016, '55': 133248, '66': 4997256, '54': 4360376, '52': 133248, '33': 4327592, '59': 163968, '18': 2296, '27': 166080, '70': 163968, '23': 4327576, '07': 137408, '20': 2184, '03': 133248, '21': 527488, '86': 4196480, '56': 4327592, '37': 3208, '05': 14909582, '36': 166016, '53': 166016, '75': 6490252, '39': 527488, '28': 131072, '76': 4327560, '95': 14680224, '64': 236540, '16': 173, '01': 98448, '80': 14915726, '30': 2097328, '02': 4194440, '31': 4325536, '93': 204800, '72': 531916, '12': 4196480, '98': 133248, '96': 426240, '45': 4196528, '88': 426240, '84': 66416, '44': 133120, '48': 164064, '15': 184, '35': 4325624, '51': 4325504, '91': 501, '81': 180, '73': 164240, '29': 231560, '17': 231560, '61': 170160, '25': 231560, '99': 540809, '34': 164240, '26': 6344, '79': 164240, '42': 133248, '63': 166016, '68': 164272, '09': 139264, '69': 4325624, '10': 4325624, '87': 4325528, '89': 166016, '08': 164016, '06': 133296, '50': 229504, '22': 527488, '67': 166016, '40': 526476, '04': 4325528, '38': 4325528, '57': 2185, '24': 231472, '78': 6488204, '13': 164320, '46': 164272, '49': 6488204, '74': 4325520, '94': 14680224, '60': 4327592, '62': 13123712, '19': 166064, '43': 163968, '14': 4327560, '82': 134272, '83': 2164868, '92': 4196480, '58': 4327560, '32': 2184, '71': 4589704, '97': 131208, '11': 4325520, '65': 166016}
[0, 1, 2, 3, 4, 5, 6, 7, 8, 9, 10, 11, 12, 13, 14, 15, 16, 17, 18, 19, 21, 22, 23]
23
Optimal Subset: 0b111011111111111111111111
Function: 189.0131556748792, 12.55650321422259, 4.76837158203125e-05, 165.7713530139756, 10.510481900803248, 0.11509952365075954, 0.05967033851111533
189.0131556748792
Real: 189.0131556748792, 12.55650321422259, 4.76837158203125e-05, 165.7713530139756, 10.510481900803248, 0.11509952365075954, 0.05967033851111533
Num Redshift Qs: 95; Num GCP Qs: 1
Redshift Qs: $12.55650321422259; GCP Qs: $4.76837158203125e-05; Movement Cost: $165.7713530139756
Load Cost: $10.510481900803248, Storage Cost: $0.11509952365075954, API Cost: $0.05967033851111533
Final cost: $189.0131556748792, BQ Baseline: $231.70127391815186, Diff: $42.68811824327267, %: 18.423773646731085%
