Egress: $0.24/GB
Benchmark: tpcds
Data Path: parquet_1000/real_data_rs1
BigQuery Cost: $5.0/TB; DuckDB Cost: $1.48/hr; Redshift Cost: $1.086/hr
Use Duck: False
Excluded Table: customer_demographics
Excluded Query: None

Starting analysis without using DuckDB
Redshift Total: $5.887320223162575, Redshift-Calcite Total: $5.2306489091118165, BigQuery Total: $82.86781311035156
Excluding table customer_demographics and any queries that depend on it
Total Keys: 85, Keys Considered: 84

Round 0
call_center: 9.615905582904816e-06, 1.1653388538285094, 0.0003892654085398676, 1.1649495884199697
catalog_page: 0.0017016949132084846, 6.477644765232801, 0.0016776082688573606, 6.475967156963944
catalog_returns: 13.009788101539016, 13.58368872898976, 3.2960649603748062, 10.287623768614953
catalog_sales: 132.3057429259643, 43.84500065211178, 33.68223449969969, 10.16276615241209
customer: 0.8535048151388764, 12.693353771831989, 0.21771586754004738, 12.475637904291942
customer_address: 0.2449320713058114, 9.821483727127712, 0.0640354058372411, 9.75744832129047
date_dim: 0.001992875710129738, 67.83548343059418, 0.0010072458491936504, 67.83447618474499
household_demographics: 3.5176053643226624e-05, 6.248425493155321, 0.00033677018069102666, 6.2480887229746305
income_band: 5.122274160385132e-07, 0, 0.0003379419016171244, -0.0003379419016171244
income_band had no query dependencies
inventory: 5.1357166497036815, 1.165864030185938, 1.4018953821063076, -0.23603135192036961
item: 0.03489831369370222, 47.50975596763532, 0.009596944944757284, 47.50015902269056
promotion: 7.638614624738693e-05, 5.026722800425291, 0.0004574675801914887, 5.0262653328450995
reason: 1.4491379261016846e-06, 2.9035152955969172, 0.0003484879528724842, 2.9031668076440447
ship_mode: 1.3029202818870544e-06, 0.9218070380679766, 0.0003389435018949164, 0.9214680945660817
store: 9.930133819580078e-05, 32.28337584275126, 0.00046728177197250686, 32.28290856097929
store_returns: 20.850121902301908, 17.598039609509307, 5.286126392384334, 12.311913217124973
store_sales: 174.69669486396015, 72.4552772642441, 44.645785453051325, 27.80949181119278
time_dim: 0.0012146271765232086, 4.047074647287925, 0.0009485947854872182, 4.046126052502438
warehouse: 2.907589077949524e-06, 2.0303287843426068, 0.00030974591762925876, 2.0300190384249777
web_page: 7.394980639219284e-05, 2.482267310733795, 0.00034931172665798285, 2.4819179990071367
web_returns: 6.285572262480855, 13.486327359675165, 1.5861662246435553, 11.90016113503161
web_sales: 67.01082486007363, 43.12204364096961, 17.062783330065464, 26.059260310904143
web_site: 1.0454095900058746e-05, 7.144189167073568, 0.0003215183746996363, 7.143867648698868

Round 1
call_center: 9.615905582904816e-06, 1.1653388538285094, 0.00038926224439620046, 1.1649495915841133
catalog_page: 0.0017016949132084846, 6.477644765232801, 0.0016770483208486619, 6.475967716911953
catalog_returns: 13.009788101539016, 13.58368872898976, 3.291784049099522, 10.291904679890237
catalog_sales: 132.3057429259643, 43.71165182863475, 33.63869888311193, 10.072952945522822
customer: 0.8535048151388764, 12.693353771831989, 0.21743501912359967, 12.475918752708388
customer_address: 0.2449320713058114, 9.821483727127712, 0.0639548101766855, 9.757528916951026
date_dim: 0.001992875710129738, 66.66961940040825, 0.0010065900872372566, 66.66861281032101
household_demographics: 3.5176053643226624e-05, 6.248425493155321, 0.0003367586059010696, 6.2480887345494205
item: 0.03489831369370222, 46.34389193744938, 0.009585307516558901, 46.33430662993282
promotion: 7.638614624738693e-05, 5.026722800425291, 0.00045744210794947414, 5.026265358317342
reason: 1.4491379261016846e-06, 2.9035152955969172, 0.0003484874696331302, 2.903166808127284
ship_mode: 1.3029202818870544e-06, 0.9218070380679766, 0.00033894306741428896, 0.9214680950005623
store: 9.930133819580078e-05, 32.28337584275126, 0.00046724865827528354, 32.28290859409299
store_returns: 20.850121902301908, 17.598039609509307, 5.279173569428612, 12.318866040080696
store_sales: 174.69669486396015, 72.27121233997181, 44.587529909221395, 27.683682430750416
time_dim: 0.0012146271765232086, 4.047074647287925, 0.0009481897476771206, 4.046126457540248
warehouse: 2.907589077949524e-06, 1.1818785019059974, 0.0003097449480448994, 1.1815687569579525
web_page: 7.394980639219284e-05, 2.482267310733795, 0.0003492870668543681, 2.4819180236669407
web_returns: 6.285572262480855, 13.486327359675165, 1.5840701951181066, 11.902257164557058
web_sales: 67.01082486007363, 43.12204364096961, 17.040437446259503, 26.081606194710105
web_site: 1.0454095900058746e-05, 7.144189167073568, 0.0003215148886059676, 7.143867652184962
STARTING PHASE 2: 0b111111111111100110111111
----
[0, 1, 2, 3, 4, 5, 7, 8, 11, 12, 13, 14, 15, 16, 17, 18, 19, 20, 21, 22, 23]
Function: 111.17773193003353, 4.97719482694626, 1.2263154983520508, 100.06934521143684, 4.751567370824416, 0.11721733576630537, 0.03609168670766652

Round 0
catalog_page: 0.0017016949132084846, 6.477644765232801, 0.0016766078645239033, 6.4759681573682775
catalog_returns: 13.009788101539016, 13.220385938094854, 3.2884166749547123, 9.931969263140141
catalog_sales: 132.3057429259643, 42.546312974806234, 33.60445367216295, 8.941859302643287
customer: 0.8535048151388764, 12.693353771831989, 0.21721410314675688, 12.476139668685231
customer_address: 0.2449320713058114, 9.458180936232804, 0.0638914134543321, 9.394289522778472
date_dim: 0.001992875710129738, 65.50428054657974, 0.001006074263452293, 65.50327447231628
household_demographics: 3.5176053643226624e-05, 6.248425493155321, 0.0003367495011460474, 6.248088743654175
item: 0.03489831369370222, 45.796258613806174, 0.00957627465005005, 45.78668233915612
promotion: 7.638614624738693e-05, 5.026722800425291, 0.00045742233662561494, 5.026265378088665
reason: 1.4491379261016846e-06, 2.9035152955969172, 0.00034848709454711447, 2.90316680850237
ship_mode: 1.3029202818870544e-06, 0.6674042987775802, 0.00033894273017435583, 0.6670653560474059
store: 9.930133819580078e-05, 32.28337584275126, 0.0004672229557230071, 32.28290861979554
store_returns: 20.850121902301908, 17.598039609509307, 5.273776851137586, 12.32426275837172
store_sales: 174.69669486396015, 72.27121233997181, 44.542312483012964, 27.728899856958847
time_dim: 0.0012146271765232086, 4.047074647287925, 0.0009478753609924272, 4.046126771926932
warehouse: 2.907589077949524e-06, 0.9274757626156012, 0.0003097441954622894, 0.9271660184201389
web_page: 7.394980639219284e-05, 2.482267310733795, 0.00034926792613784643, 2.4819180428076573
web_returns: 6.285572262480855, 13.486327359675165, 1.5824432759587155, 11.90388408371645
web_sales: 67.01082486007363, 43.12204364096961, 17.023092773364368, 26.09895086760524
web_site: 1.0454095900058746e-05, 7.144189167073568, 0.00032151218273159313, 7.143867654890837
Function: 112.3402908537739, 4.779990574695668, 2.5888586044311523, 100.06934289440426, 4.751180445556243, 0.11483664880970963, 0.036081685876852274
hiya: 0b111111111111100110111110, 112.3402908537739

Round 0
call_center: 9.615905582904816e-06, 1.1653388538285094, 0.00038926021937039863, 1.164949593609139
catalog_returns: 13.009788101539016, 7.106043963756958, 3.2890438243705895, 3.817000139386369
catalog_sales: 132.3057429259643, 37.23400706340194, 33.61083159844012, 3.623175464961818
customer: 0.8535048151388764, 12.693353771831989, 0.21725524717170833, 12.47609852466028
customer_address: 0.2449320713058114, 9.821483727127712, 0.06390322064167829, 9.757580506486033
date_dim: 0.001992875710129738, 60.19197463517545, 0.0010061703319530072, 60.19096846484349
household_demographics: 3.5176053643226624e-05, 6.248425493155321, 0.00033675119684172845, 6.24808874195848
item: 0.03489831369370222, 42.42625119316022, 0.009577956957008265, 42.41667323620321
promotion: 7.638614624738693e-05, 1.1090820561361312, 0.00045742601889366005, 1.1086246301172376
reason: 1.4491379261016846e-06, 2.9035152955969172, 0.0003484871644042095, 2.903166808432513
ship_mode: 1.3029202818870544e-06, 0.9218070380679766, 0.0003389427929828879, 0.9214680952749937
store: 9.930133819580078e-05, 25.80573107751846, 0.00046722774264003905, 25.80526384977582
store_returns: 20.850121902301908, 11.120394844276507, 5.274781951425918, 5.845612892850589
store_sales: 174.69669486396015, 65.79356757473904, 44.550733906120286, 21.242833668618758
time_dim: 0.0012146271765232086, 4.047074647287925, 0.0009479339132700138, 4.046126713374655
warehouse: 2.907589077949524e-06, 1.1818785019059974, 0.00030974433562543254, 1.181568757570372
web_page: 7.394980639219284e-05, 2.482267310733795, 0.0003492714909597729, 2.481918039242835
web_returns: 6.285572262480855, 7.0086825944423685, 1.582746278047766, 5.425936316394603
web_sales: 67.01082486007363, 36.6443988757368, 17.0263230949761, 19.618075780760698
web_site: 1.0454095900058746e-05, 0.6665444018407662, 0.00032151268668139505, 0.6662228891540849
Function: 117.65230282767673, 4.863114242752792, 7.81804084777832, 100.06893517386673, 4.750303889495929, 0.11582713410175419, 0.036081539681226016
hiya: 0b111111111111100110111101, 117.65230282767673

Round 0
call_center: 9.615905582904816e-06, 0.8020360629336039, 0.00038925743475566376, 0.8016468054988481
catalog_page: 0.0017016949132084846, 0, 0.0016761971747173757, -0.0016761971747173757
catalog_page had no query dependencies
catalog_sales: 132.3057429259643, 30.202073536330857, 33.572024043101585, -3.369950506770728
customer: 0.8535048151388764, 12.666780072848795, 0.21700489949508672, 12.449775173353707
customer_address: 0.2449320713058114, 9.431607237249612, 0.06383137784255881, 9.367775859407052
date_dim: 0.001992875710129738, 53.08593067141849, 0.0010055857871502396, 53.08492508563134
household_demographics: 3.5176053643226624e-05, 6.248425493155321, 0.0003367408790987631, 6.248088752276223
item: 0.03489831369370222, 40.23793310283224, 0.009567720679958312, 40.228365382152276
promotion: 7.638614624738693e-05, 1.1090820561361312, 0.0004574036135200759, 1.108624652522611
reason: 1.4491379261016846e-06, 2.9035152955969172, 0.0003484867393470728, 2.90316680885757
ship_mode: 1.3029202818870544e-06, 0.9218070380679766, 0.00033894241081390704, 0.9214680956571627
store: 9.930133819580078e-05, 23.477972112758554, 0.00046719861584560064, 23.47750491414271
store_returns: 20.850121902301908, 4.664298834235668, 5.268666251217867, -0.6043674169821989
store_sales: 174.69669486396015, 59.385008302400905, 44.49949235376238, 14.885515948638528
time_dim: 0.0012146271765232086, 4.047074647287925, 0.0009475776421790833, 4.046127069645745
warehouse: 2.907589077949524e-06, 0.9218070380679766, 0.0003097434827794294, 0.9214972945851971
web_page: 7.394980639219284e-05, 0.15450834597388904, 0.00034924980020667045, 0.15415909617368237
web_returns: 6.285572262480855, 0.552586584401528, 1.5809026113405158, -1.0283160269389877
web_sales: 67.01082486007363, 30.235839603398638, 17.00666766478443, 13.229171938614208
web_site: 1.0454095900058746e-05, 0.6665444018407662, 0.00032150962031483995, 0.6662228922204514

Round 1
call_center: 9.615905582904816e-06, 0, 0.00038924359209805196, -0.00038924359209805196
call_center had no query dependencies
customer: 0.8535048151388764, 8.41318854315559, 0.21573960168972295, 8.197448941465867
customer_address: 0.2449320713058114, 6.057671002808014, 0.06346827267104783, 5.9942027301369665
date_dim: 0.001992875710129738, 22.331270550686124, 0.0010026314028073935, 22.330267919283315
household_demographics: 3.5176053643226624e-05, 6.248425493155321, 0.00033668873155057513, 6.24808880442377
item: 0.03489831369370222, 14.236076593150294, 0.009515984873734005, 14.22656060827656
promotion: 7.638614624738693e-05, 1.1090820561361312, 0.0004572903731241312, 1.108624765763007
reason: 1.4491379261016846e-06, 2.9035152955969172, 0.0003484845910392893, 2.903166811005878
ship_mode: 1.3029202818870544e-06, 0.12792945771733918, 0.00033894047926982666, 0.12759051723806936
store: 9.930133819580078e-05, 20.36379900025765, 0.00046705140429733493, 20.363331948853354
store_returns: 20.850121902301908, 2.07941838495175, 5.237756509390274, -3.158338124438524
store_sales: 174.69669486396015, 31.436501586026747, 44.240509228307246, -12.8040076422805
time_dim: 0.0012146271765232086, 2.7927467581140992, 0.0009457769902395392, 2.7918009811238598
warehouse: 2.907589077949524e-06, 0.12792945771733918, 0.0003097391723572573, 0.1276197185449819
web_page: 7.394980639219284e-05, 0.15450834597388904, 0.0003491401716186702, 0.15415920580227038
web_sales: 67.01082486007363, 3.899123593457143, 16.90721756022271, -13.008093966765566
web_site: 1.0454095900058746e-05, 0.12792945771733918, 0.00032149410549417435, 0.127607963611845

Round 2
customer: 0.8535048151388764, 0.06442787406682968, 0.21481324176313626, -0.1503853676963066
customer_address: 0.2449320713058114, 0, 0.06320243321523099, -0.06320243321523099
customer_address had no query dependencies
date_dim: 0.001992875710129738, 0.06442787406682968, 0.0010004684153657449, 0.06342740565146393
household_demographics: 3.5176053643226624e-05, 0, 0.00033665055287144814, -0.00033665055287144814
household_demographics had no query dependencies
item: 0.03489831369370222, 0, 0.009478107642419221, -0.009478107642419221
item had no query dependencies
promotion: 7.638614624738693e-05, 0, 0.0004572074666617717, -0.0004572074666617717
promotion had no query dependencies
reason: 1.4491379261016846e-06, 0, 0.000348483018203051, -0.000348483018203051
reason had no query dependencies
ship_mode: 1.3029202818870544e-06, 0, 0.00033893906513236046, -0.00033893906513236046
ship_mode had no query dependencies
store: 9.930133819580078e-05, 0.06442787406682968, 0.0004669436266038417, 0.06396093044022584
store_returns: 20.850121902301908, 0.06442787406682968, 5.215126622537677, -5.150698748470847
time_dim: 0.0012146271765232086, 0, 0.0009443843091868037, -0.0009443843091868037
time_dim had no query dependencies
warehouse: 2.907589077949524e-06, 0, 0.0003097358385406786, -0.0003097358385406786
warehouse had no query dependencies
web_page: 7.394980639219284e-05, 0, 0.00034905538140797305, -0.00034905538140797305
web_page had no query dependencies
web_site: 1.0454095900058746e-05, 0, 0.00032148189284297927, -0.00032148189284297927
web_site had no query dependencies

Round 3
date_dim: 0.001992875710129738, 0, 0.0010004531041683034, -0.0010004531041683034
date_dim had no query dependencies
store: 9.930133819580078e-05, 0, 0.00046694285631111753, -0.00046694285631111753
store had no query dependencies
store_returns: 20.850121902301908, 0, 5.214964885571268, -5.214964885571268
store_returns had no query dependencies

Round 4
store_returns: 20.850121902301908, 0, 5.214964301677145, -5.214964301677145
store_returns had no query dependencies
Function: 88.10457022938411, 0, 82.86781311035156, 5.024010623375497, 0.21080752760291102, 0.00012751752177678812, 0.0018114505323588849
hiya: 0b10000000000000000, 88.10457022938411

Round 0
call_center: 9.615905582904816e-06, 0, 0.0003892460680268886, -0.0003892460680268886
call_center had no query dependencies
catalog_page: 0.0017016949132084846, 0, 0.0016741856424316427, -0.0016741856424316427
catalog_page had no query dependencies
catalog_returns: 13.009788101539016, 0.07411043668588002, 3.2698983166340896, -3.1957878799482096
customer: 0.8535048151388764, 8.453733882416884, 0.21596261307316517, 8.23777126934372
customer_address: 0.2449320713058114, 6.636831286192735, 0.0635322707166387, 6.573299015476096
date_dim: 0.001992875710129738, 22.95796757177353, 0.0010031521192242917, 22.956964419654305
household_demographics: 3.5176053643226624e-05, 6.248425493155321, 0.00033669792266496353, 6.248088795232656
item: 0.03489831369370222, 14.283613330852981, 0.009525103417740538, 14.274088227435241
promotion: 7.638614624738693e-05, 1.1090820561361312, 0.0004573103319806582, 1.1086247458041505
reason: 1.4491379261016846e-06, 2.9035152955969172, 0.00034848496968302743, 2.9031668106272344
ship_mode: 1.3029202818870544e-06, 0.12792945771733918, 0.00033894081970850895, 0.12759051689763068
store: 9.930133819580078e-05, 20.36379900025765, 0.000467077350640479, 20.363331922907008
store_returns: 20.850121902301908, 2.1269551226544383, 5.243204416007666, -3.1162492933532278
store_sales: 174.69669486396015, 31.436501586026747, 44.28615554560196, -12.84965395957521
time_dim: 0.0012146271765232086, 2.7927467581140992, 0.0009460943589083485, 2.791800663755191
warehouse: 2.907589077949524e-06, 0.12792945771733918, 0.00030973993207817653, 0.12761971778526102
web_page: 7.394980639219284e-05, 0.15450834597388904, 0.0003491594938864961, 0.15415918648000254
web_returns: 6.285572262480855, 0.6001233221042155, 1.573226771079293, -0.9731034489750776
web_sales: 67.01082486007363, 4.437738537580571, 16.924835117815082, -12.48709658023451
web_site: 1.0454095900058746e-05, 0.6665444018407662, 0.0003214968539402199, 0.666222904986826

Round 1
customer: 0.8535048151388764, 0.06442787406682968, 0.21481324176313626, -0.1503853676963066
customer_address: 0.2449320713058114, 0, 0.06320243321523099, -0.06320243321523099
customer_address had no query dependencies
date_dim: 0.001992875710129738, 0.06442787406682968, 0.0010004684153657449, 0.06342740565146393
household_demographics: 3.5176053643226624e-05, 0, 0.00033665055287144814, -0.00033665055287144814
household_demographics had no query dependencies
item: 0.03489831369370222, 0, 0.009478107642419221, -0.009478107642419221
item had no query dependencies
promotion: 7.638614624738693e-05, 0, 0.0004572074666617717, -0.0004572074666617717
promotion had no query dependencies
reason: 1.4491379261016846e-06, 0, 0.000348483018203051, -0.000348483018203051
reason had no query dependencies
ship_mode: 1.3029202818870544e-06, 0, 0.00033893906513236046, -0.00033893906513236046
ship_mode had no query dependencies
store: 9.930133819580078e-05, 0.06442787406682968, 0.0004669436266038417, 0.06396093044022584
store_returns: 20.850121902301908, 0.06442787406682968, 5.215126622537677, -5.150698748470847
time_dim: 0.0012146271765232086, 0, 0.0009443843091868037, -0.0009443843091868037
time_dim had no query dependencies
warehouse: 2.907589077949524e-06, 0, 0.0003097358385406786, -0.0003097358385406786
warehouse had no query dependencies
web_page: 7.394980639219284e-05, 0, 0.00034905538140797305, -0.00034905538140797305
web_page had no query dependencies
web_site: 1.0454095900058746e-05, 0, 0.00032148189284297927, -0.00032148189284297927
web_site had no query dependencies

Round 2
date_dim: 0.001992875710129738, 0, 0.0010004531041683034, -0.0010004531041683034
date_dim had no query dependencies
store: 9.930133819580078e-05, 0, 0.00046694285631111753, -0.00046694285631111753
store had no query dependencies
store_returns: 20.850121902301908, 0, 5.214964885571268, -5.214964885571268
store_returns had no query dependencies

Round 3
store_returns: 20.850121902301908, 0, 5.214964301677145, -5.214964301677145
store_returns had no query dependencies
Function: 88.10457022938411, 0, 82.86781311035156, 5.024010623375497, 0.21080752760291102, 0.00012751752177678812, 0.0018114505323588849
hiya: 0b10000000000000000, 88.10457022938411

Round 0
call_center: 9.615905582904816e-06, 1.1653388538285094, 0.0003892497709670059, 1.1649496040575424
catalog_page: 0.0017016949132084846, 6.477644765232801, 0.001674840939460847, 6.475969924293341
catalog_returns: 13.009788101539016, 13.557115030006567, 3.2749081896890897, 10.282206840317478
catalog_sales: 132.3057429259643, 39.47203193921964, 33.46707632482082, 6.004955614398817
customer_address: 0.2449320713058114, 4.175333173469305, 0.0636370217194308, 4.111696151749874
date_dim: 0.001992875710129738, 54.92554337872187, 0.0010040044197334212, 54.924539374302135
household_demographics: 3.5176053643226624e-05, 2.7927467581140992, 0.00033671296653763305, 2.7924100451475615
item: 0.03489831369370222, 41.853444366905684, 0.00954002850834088, 41.843904338397344
promotion: 7.638614624738693e-05, 3.9176407442891596, 0.00045734300032570656, 3.917183401288834
reason: 1.4491379261016846e-06, 2.9035152955969172, 0.0003484855894411919, 2.903166810007476
ship_mode: 1.3029202818870544e-06, 0.9218070380679766, 0.00033894137693323397, 0.9214680966910433
store: 9.930133819580078e-05, 25.374239938937425, 0.0004671198192102304, 25.373772819118216
store_returns: 20.850121902301908, 16.584333985296883, 5.2521214645834595, 11.332212520713423
store_sales: 174.69669486396015, 59.92847542767485, 44.36086872576617, 15.56760670190868
time_dim: 0.0012146271765232086, 4.047074647287925, 0.0009466138229951911, 4.04612803346493
warehouse: 2.907589077949524e-06, 1.1818785019059974, 0.00030974117557752717, 1.18156876073042
web_page: 7.394980639219284e-05, 2.482267310733795, 0.00034919112027308793, 2.481918119613522
web_returns: 6.285572262480855, 13.472355719397065, 1.5759149449640228, 11.896440774433042
web_sales: 67.01082486007363, 37.29840530876597, 16.953493884568637, 20.344911424197335
web_site: 1.0454095900058746e-05, 7.144189167073568, 0.00032150132488199156, 7.143867665748687
Function: 123.63112860347049, 2.990472953331472, 15.906391143798828, 99.86368611368903, 4.741601732774575, 0.09296871598495587, 0.03600794389163852
hiya: 0b111111111111100110101111, 123.63112860347049

Round 0
call_center: 9.615905582904816e-06, 0.8020360629336039, 0.00038925834737624514, 0.8016468045862276
catalog_page: 0.0017016949132084846, 6.477644765232801, 0.0016763586781543259, 6.475968406554647
catalog_returns: 13.009788101539016, 13.193812239111661, 3.2865115967642375, 9.907300642347424
catalog_sales: 132.3057429259643, 40.52699938769977, 33.585079583718496, 6.941919803981271
customer: 0.8535048151388764, 7.047203218173584, 0.2170891208337403, 6.830114097339844
date_dim: 0.001992875710129738, 57.79741342342615, 0.0010057821828802947, 57.79640764124327
household_demographics: 3.5176053643226624e-05, 4.577641254589955, 0.0003367443456605264, 4.577304510244295
item: 0.03489831369370222, 40.71422054221988, 0.009571159870752164, 40.704649382349125
promotion: 7.638614624738693e-05, 3.9176407442891596, 0.00045741114129156814, 3.917183333147868
reason: 1.4491379261016846e-06, 2.9035152955969172, 0.00034848688215803657, 2.9031668087147593
ship_mode: 1.3029202818870544e-06, 0.9218070380679766, 0.0003389425392152813, 0.9214680955287613
store: 9.930133819580078e-05, 27.22356230948011, 0.000467208401884294, 27.223095101078226
store_returns: 20.850121902301908, 16.648761859363713, 5.270721008015758, 11.378040851347954
store_sales: 174.69669486396015, 63.637835333330635, 44.51670852271443, 19.121126810616204
time_dim: 0.0012146271765232086, 4.047074647287925, 0.0009476973423640299, 4.0461269499455605
warehouse: 2.907589077949524e-06, 1.1818785019059974, 0.00030974376931916536, 1.1815687581366783
web_page: 7.394980639219284e-05, 2.482267310733795, 0.00034925708787952436, 2.4819180536459156
web_returns: 6.285572262480855, 12.933740775273641, 1.5815220476390415, 11.3522187276346
web_sales: 67.01082486007363, 38.68425577382247, 17.013271508568113, 21.670984265254358
web_site: 1.0454095900058746e-05, 6.605574222950141, 0.0003215106505546015, 6.6052527122995865
Function: 120.93021315236102, 4.527601398007077, 11.497392654418945, 100.01032678775513, 4.747150516527494, 0.11168127107565842, 0.0360605245767057
hiya: 0b111111111111100110011111, 120.93021315236102

Round 0
call_center: 9.615905582904816e-06, 0, 0.0003892364101977633, -0.0003892364101977633
call_center had no query dependencies
catalog_page: 0.0017016949132084846, 0, 0.0016724765284482042, -0.0016724765284482042
catalog_page had no query dependencies
catalog_returns: 13.009788101539016, 0, 3.2568318082997676, -3.2568318082997676
catalog_returns had no query dependencies
catalog_sales: 132.3057429259643, 0, 33.2832448088529, -33.2832448088529
catalog_sales had no query dependencies
customer: 0.8535048151388764, 0.9492777501455942, 0.2151419836345009, 0.7341357665110934
customer_address: 0.2449320713058114, 0.9492777501455942, 0.06329677296124073, 0.8859809771843535
household_demographics: 3.5176053643226624e-05, 2.7927467581140992, 0.00033666410099289084, 2.7924100940131065
item: 0.03489831369370222, 2.0933493640144665, 0.009491548791812037, 2.0838578152226543
promotion: 7.638614624738693e-05, 0, 0.0004572368869258069, -0.0004572368869258069
promotion had no query dependencies
reason: 1.4491379261016846e-06, 2.9035152955969172, 0.00034848357634117554, 2.9031668120205762
ship_mode: 1.3029202818870544e-06, 0, 0.0003389395669544917, -0.0003389395669544917
ship_mode had no query dependencies
store: 9.930133819580078e-05, 3.5875161622858043, 0.0004669818726959971, 3.5870491804131084
store_returns: 20.850121902301908, 1.477894659579595, 5.22315708514991, -3.745262425570315
store_sales: 174.69669486396015, 9.840175038671095, 44.118185187533804, -34.278010148862705
time_dim: 0.0012146271765232086, 2.7927467581140992, 0.0009449264984521516, 2.791801831615647
warehouse: 2.907589077949524e-06, 0, 0.00030973713643983364, -0.00030973713643983364
warehouse had no query dependencies
web_page: 7.394980639219284e-05, 0.15450834597388904, 0.0003490883913652467, 0.1541592575825238
web_returns: 6.285572262480855, 0, 1.5671832118441609, -1.5671832118441609
web_returns had no query dependencies
web_sales: 67.01082486007363, 0.15450834597388904, 16.860404406890904, -16.705896060917016
web_site: 1.0454095900058746e-05, 0, 0.00032148680235777305, -0.00032148680235777305
web_site had no query dependencies

Round 1
customer: 0.8535048151388764, 0, 0.21480704044969087, -0.21480704044969087
customer had no query dependencies
customer_address: 0.2449320713058114, 0, 0.06320065361127322, -0.06320065361127322
customer_address had no query dependencies
household_demographics: 3.5176053643226624e-05, 0, 0.0003366502967597719, -0.0003366502967597719
household_demographics had no query dependencies
item: 0.03489831369370222, 0, 0.009477853552926751, -0.009477853552926751
item had no query dependencies
reason: 1.4491379261016846e-06, 0, 0.00034848300763363956, -0.00034848300763363956
reason had no query dependencies
store: 9.930133819580078e-05, 0, 0.0004669429013654821, -0.0004669429013654821
store had no query dependencies
store_returns: 20.850121902301908, 0, 5.214974345554502, -5.214974345554502
store_returns had no query dependencies
time_dim: 0.0012146271765232086, 0, 0.0009443754382668642, -0.0009443754382668642
time_dim had no query dependencies
web_page: 7.394980639219284e-05, 0, 0.00034905484065922144, -0.00034905484065922144
web_page had no query dependencies

Round 2
store_returns: 20.850121902301908, 0, 5.214964301677145, -5.214964301677145
store_returns had no query dependencies
Function: 88.10457022938411, 0, 82.86781311035156, 5.024010623375497, 0.21080752760291102, 0.00012751752177678812, 0.0018114505323588849
hiya: 0b10000000000000000, 88.10457022938411

Round 0
call_center: 9.615905582904816e-06, 1.1653388538285094, 0.00038926003989841335, 1.164949593788611
catalog_page: 0.0017016949132084846, 6.477644765232801, 0.0016766581981880104, 6.475968107034613
catalog_returns: 13.009788101539016, 13.58368872898976, 3.288801485592227, 10.294887243397532
catalog_sales: 132.3057429259643, 43.71165182863475, 33.60836708388687, 10.103284744747882
customer: 0.8535048151388764, 9.237675036790769, 0.21723934857961652, 9.020435688211153
customer_address: 0.2449320713058114, 8.150699488562347, 0.0638986581892787, 8.086800830373068
date_dim: 0.001992875710129738, 63.21394066536703, 0.001006133209821482, 63.21293453215721
item: 0.03489831369370222, 46.34389193744938, 0.009577306559186365, 46.33431463089019
promotion: 7.638614624738693e-05, 5.026722800425291, 0.00045742459528954043, 5.026265375830001
reason: 1.4491379261016846e-06, 2.9035152955969172, 0.0003484871373967111, 2.9031668084595204
ship_mode: 1.3029202818870544e-06, 0.9218070380679766, 0.0003389427687004392, 0.9214680952992762
store: 9.930133819580078e-05, 26.189458695569833, 0.00046722589196683344, 26.188991469677866
store_returns: 20.850121902301908, 17.598039609509307, 5.27439336892905, 12.323646240580256
store_sales: 174.69669486396015, 66.17729519279042, 44.54747809408221, 21.629817098708216
time_dim: 0.0012146271765232086, 1.2543278891738256, 0.000947911276334689, 1.253379977897491
warehouse: 2.907589077949524e-06, 1.1818785019059974, 0.00030974428143686576, 1.1815687576245606
web_page: 7.394980639219284e-05, 2.327758964759906, 0.000349270112761576, 2.3274096946471445
web_returns: 6.285572262480855, 13.486327359675165, 1.5826291342068117, 11.903698225468354
web_sales: 67.01082486007363, 42.96753529499572, 17.025074218170328, 25.942461076825392
web_site: 1.0454095900058746e-05, 7.144189167073568, 0.000321512491849024, 7.143867654581719
Function: 117.42404471099269, 4.830947926302752, 7.620987892150879, 100.0693367354736, 4.751239162795543, 0.11545131060145089, 0.03608168366845548
hiya: 0b111111111111100010111111, 117.42404471099269

Round 0
call_center: 9.615905582904816e-06, 0.617705530185302, 0.0003892431528429373, 0.6173162870324591
catalog_page: 0.0017016949132084846, 2.5600040209436417, 0.0016736697519980088, 2.5583303511916435
catalog_returns: 13.009788101539016, 7.477729894372621, 3.2659542340766965, 4.211775660295925
catalog_sales: 132.3057429259643, 11.651373222038352, 33.37601721300611, -21.724643990967756
customer: 0.8535048151388764, 8.202906201288304, 0.21574045874151934, 7.987165742546784
customer_address: 0.2449320713058114, 4.191812331898213, 0.0634685186210038, 4.128343813277208
date_dim: 0.001992875710129738, 22.419076826973356, 0.0010026334039650638, 22.418074193569392
household_demographics: 3.5176053643226624e-05, 6.248425493155321, 0.00033668876687281284, 6.248088804388448
promotion: 7.638614624738693e-05, 0, 0.0004572904473850404, -0.0004572904473850404
promotion had no query dependencies
reason: 1.4491379261016846e-06, 2.9035152955969172, 0.00034848459244810894, 2.903166811004469
ship_mode: 1.3029202818870544e-06, 0.9218070380679766, 0.00033894048053649675, 0.9214680975874401
store: 9.930133819580078e-05, 14.512516143457097, 0.00046705150083588314, 14.51204909195626
store_returns: 20.850121902301908, 8.217994039300681, 5.237776779414176, 2.980217259886505
store_sales: 174.69669486396015, 27.79069243283748, 44.240679064541155, -16.449986631703673
time_dim: 0.0012146271765232086, 3.33222159917434, 0.0009457781710730142, 3.331275821003267
warehouse: 2.907589077949524e-06, 0.9218070380679766, 0.0003097391751839506, 0.9214972988927926
web_page: 7.394980639219284e-05, 2.482267310733795, 0.0003491402435110241, 2.481918170490284
web_returns: 6.285572262480855, 7.640439988896053, 1.571590531148288, 6.068849457747765
web_sales: 67.01082486007363, 14.377307433176835, 16.90739107567112, -2.5300836424942865
web_site: 1.0454095900058746e-05, 3.2265484227844077, 0.00032149413256363875, 3.226226928651844

Round 1
call_center: 9.615905582904816e-06, 0, 0.00038923332284352086, -0.00038923332284352086
call_center had no query dependencies
catalog_page: 0.0017016949132084846, 0, 0.0016719301696092737, -0.0016719301696092737
catalog_page had no query dependencies
catalog_returns: 13.009788101539016, 0.026573698983192444, 3.252654788866544, -3.226081089883351
customer: 0.8535048151388764, 0.1049732133281231, 0.21483135452654517, -0.10985814119842208
customer_address: 0.2449320713058114, 0.04054533926129341, 0.06320763107302878, -0.022662291811735367
date_dim: 0.001992875710129738, 0.1049732133281231, 0.001000510707436745, 0.10397270262068635
household_demographics: 3.5176053643226624e-05, 0, 0.00033665129936464417, -0.00033665129936464417
household_demographics had no query dependencies
reason: 1.4491379261016846e-06, 0, 0.00034848304889132807, -0.00034848304889132807
reason had no query dependencies
ship_mode: 1.3029202818870544e-06, 0, 0.0003389390927241983, -0.0003389390927241983
ship_mode had no query dependencies
store: 9.930133819580078e-05, 0.06442787406682968, 0.0004669457295002781, 0.0639609283373294
store_returns: 20.850121902301908, 0.06442787406682968, 5.215568163888904, -5.151140289822075
time_dim: 0.0012146271765232086, 0, 0.0009444100312486349, -0.0009444100312486349
time_dim had no query dependencies
warehouse: 2.907589077949524e-06, 0, 0.0003097359001144582, -0.0003097359001144582
warehouse had no query dependencies
web_page: 7.394980639219284e-05, 0, 0.00034905694743706347, -0.00034905694743706347
web_page had no query dependencies
web_returns: 6.285572262480855, 0.013971640278100966, 1.5645105465262332, -1.5505389062481323
web_site: 1.0454095900058746e-05, 0, 0.00032148213113475095, -0.00032148213113475095
web_site had no query dependencies

Round 2
date_dim: 0.001992875710129738, 0, 0.0010004531041683034, -0.0010004531041683034
date_dim had no query dependencies
store: 9.930133819580078e-05, 0, 0.00046694285631111753, -0.00046694285631111753
store had no query dependencies
store_returns: 20.850121902301908, 0, 5.214964885571268, -5.214964885571268
store_returns had no query dependencies

Round 3
store_returns: 20.850121902301908, 0, 5.214964301677145, -5.214964301677145
store_returns had no query dependencies
Function: 88.10457022938411, 0, 82.86781311035156, 5.024010623375497, 0.21080752760291102, 0.00012751752177678812, 0.0018114505323588849
hiya: 0b10000000000000000, 88.10457022938411

Round 0
call_center: 9.615905582904816e-06, 1.1653388538285094, 0.00038926041373712046, 1.1649495934147722
catalog_page: 0.0017016949132084846, 2.5600040209436417, 0.0016767243551839186, 2.5583272965884576
catalog_returns: 13.009788101539016, 9.666047984700601, 3.289307268674447, 6.376740716026154
catalog_sales: 132.3057429259643, 39.794011084345584, 33.61351075001964, 6.1805003343259415
customer: 0.8535048151388764, 11.584271715695857, 0.21727253038801503, 11.366999185307842
customer_address: 0.2449320713058114, 8.71240167099158, 0.06390818044260001, 8.648493490548981
date_dim: 0.001992875710129738, 61.64289659998296, 0.001006210687087928, 61.641890389295874
household_demographics: 3.5176053643226624e-05, 6.248425493155321, 0.0003367519091462558, 6.248088741246175
item: 0.03489831369370222, 41.31716913702409, 0.009578663637384998, 41.3075904733867
reason: 1.4491379261016846e-06, 2.9035152955969172, 0.0003484871937303663, 2.9031668084031867
ship_mode: 1.3029202818870544e-06, 0.9218070380679766, 0.000338942819350043, 0.9214680952486265
store: 9.930133819580078e-05, 27.25665304232597, 0.0004672297521979711, 27.256185812573772
store_returns: 20.850121902301908, 13.680398865220148, 5.275203894660674, 8.405194970559474
store_sales: 174.69669486396015, 67.24448953954656, 44.55426923741846, 22.690220302128104
time_dim: 0.0012146271765232086, 4.047074647287925, 0.0009479584936404445, 4.046126688794285
warehouse: 2.907589077949524e-06, 1.1818785019059974, 0.0003097443944662176, 1.1815687575115312
web_page: 7.394980639219284e-05, 2.482267310733795, 0.0003492729874795853, 2.4819180377463153
web_returns: 6.285572262480855, 9.56868661538601, 1.5828734789679884, 7.985813136418022
web_sales: 67.01082486007363, 39.20440289668044, 17.02767919084631, 22.17672370583413
web_site: 1.0454095900058746e-05, 3.2265484227844077, 0.00032151289824059175, 3.226226909886167
Function: 116.20302735177714, 4.89795010570407, 6.332283020019531, 100.06932680555836, 4.751128496625026, 0.11625724376225392, 0.03608168010790348
hiya: 0b111111111110100110111111, 116.20302735177714

Round 0
call_center: 9.615905582904816e-06, 1.1653388538285094, 0.0003892600253318089, 1.1649495938031775
catalog_page: 0.0017016949132084846, 6.477644765232801, 0.0016766556203843446, 6.475968109612417
catalog_returns: 13.009788101539016, 13.58368872898976, 3.2887817777825608, 10.2949069512072
catalog_sales: 132.3057429259643, 43.71165182863475, 33.6081666612221, 10.10348516741265
customer: 0.8535048151388764, 12.693353771831989, 0.21723805565229787, 12.476115716179692
customer_address: 0.2449320713058114, 9.821483727127712, 0.06389828715520766, 9.757585439972503
date_dim: 0.001992875710129738, 66.66961940040825, 0.0010061301909241043, 66.66861327021732
household_demographics: 3.5176053643226624e-05, 6.248425493155321, 0.00033675048831636545, 6.248088742667004
item: 0.03489831369370222, 46.34389193744938, 0.009577254025956657, 46.33431468342342
promotion: 7.638614624738693e-05, 5.026722800425291, 0.00045742448030372757, 5.026265375944987
ship_mode: 1.3029202818870544e-06, 0.9218070380679766, 0.0003389427667259639, 0.9214680953012506
store: 9.930133819580078e-05, 32.28337584275126, 0.00046722574148331056, 32.28290861700978
store_returns: 20.850121902301908, 17.069422700075307, 5.27436177217665, 11.795060927898657
store_sales: 174.69669486396015, 69.36769704437492, 44.54721335470856, 24.82048368966636
time_dim: 0.0012146271765232086, 4.047074647287925, 0.000947909435660839, 4.046126737852264
warehouse: 2.907589077949524e-06, 1.1818785019059974, 0.00030974427703063864, 1.1815687576289668
web_page: 7.394980639219284e-05, 2.482267310733795, 0.0003492700006963452, 2.4819180407330985
web_returns: 6.285572262480855, 13.486327359675165, 1.5826196089066047, 11.903707750768561
web_sales: 67.01082486007363, 43.12204364096961, 17.024972668431136, 26.09707097253847
web_site: 1.0454095900058746e-05, 7.144189167073568, 0.00032151247600664754, 7.143867654597561
Function: 114.07909102967993, 4.828337190109095, 4.278688430786133, 100.069344862255, 4.751219235610565, 0.11541962433668548, 0.036081686582461005
hiya: 0b111111111101100110111111, 114.07909102967993

Round 0
call_center: 9.615905582904816e-06, 0.9109361145381132, 0.0003892607555803478, 0.9105468537825329
catalog_page: 0.0017016949132084846, 6.477644765232801, 0.0016767848500458943, 6.475967980382755
catalog_returns: 13.009788101539016, 13.58368872898976, 3.2897697636430956, 10.293918965346665
catalog_sales: 132.3057429259643, 42.91777424828411, 33.618214188688206, 9.299560059595905
customer: 0.8535048151388764, 12.693353771831989, 0.21730287228748627, 12.476050899544502
customer_address: 0.2449320713058114, 9.821483727127712, 0.06391688772128554, 9.757566839406426
date_dim: 0.001992875710129738, 65.74781236234027, 0.0010062815333601257, 65.7468060808069
household_demographics: 3.5176053643226624e-05, 6.248425493155321, 0.0003367531596468558, 6.248088739995675
item: 0.03489831369370222, 46.34389193744938, 0.009579904264393809, 46.334312033184986
promotion: 7.638614624738693e-05, 5.026722800425291, 0.00045743028120008686, 5.026265370144091
reason: 1.4491379261016846e-06, 2.9035152955969172, 0.00034848724526533677, 2.903166808351652
store: 9.930133819580078e-05, 32.28337584275126, 0.00046723328262646347, 32.282908609468635
store_returns: 20.850121902301908, 17.598039609509307, 5.2759451723289255, 12.322094437180382
store_sales: 174.69669486396015, 72.27121233997181, 44.560480172741855, 27.710732167229956
time_dim: 0.0012146271765232086, 3.5075998062276836, 0.000948001676889225, 3.5066518045507946
warehouse: 2.907589077949524e-06, 0.26007146383802093, 0.00030974449783879556, 0.25976171934018216
web_page: 7.394980639219284e-05, 2.482267310733795, 0.00034927561659323303, 2.481918035117202
web_returns: 6.285572262480855, 13.486327359675165, 1.5830969478940786, 11.903230411781086
web_sales: 67.01082486007363, 42.45463934219203, 17.030061605118643, 25.42457773707339
web_site: 1.0454095900058746e-05, 7.016259709356229, 0.00032151326991169607, 7.015938196086317
Function: 112.0989693507021, 4.959217815026443, 2.1660995483398438, 100.06934489748735, 4.7512287444702785, 0.11699665878307888, 0.036081686595094205
hiya: 0b111111111011100110111111, 112.0989693507021

Round 0
call_center: 9.615905582904816e-06, 1.1653388538285094, 0.00038925152651723223, 1.1649496023019923
catalog_page: 0.0017016949132084846, 0, 0.0016751516133609052, -0.0016751516133609052
catalog_page had no query dependencies
catalog_returns: 13.009788101539016, 4.7782849989970515, 3.2772833519917235, 1.501001647005328
catalog_sales: 132.3057429259643, 31.792074986141127, 33.49123103130543, -1.6991560451643046
customer: 0.8535048151388764, 5.7842178680181515, 0.21648370349049476, 5.567734164527657
customer_address: 0.2449320713058114, 4.761670193856557, 0.06368180912929941, 4.697988384727258
date_dim: 0.001992875710129738, 37.97375971994281, 0.0010043688299177264, 37.972755351112895
household_demographics: 3.5176053643226624e-05, 0.15450834597388904, 0.0003367193987060448, 0.154171626575183
item: 0.03489831369370222, 28.57303223815521, 0.009546409890210517, 28.563485828265
promotion: 7.638614624738693e-05, 0, 0.0004573569680254938, -0.0004573569680254938
promotion had no query dependencies
reason: 1.4491379261016846e-06, 2.9035152955969172, 0.0003484858544254135, 2.903166809742492
ship_mode: 1.3029202818870544e-06, 0.9218070380679766, 0.0003389416151806157, 0.9214680964527959
store_returns: 20.850121902301908, 4.656953954714934, 5.255933775888594, -0.5989798211736597
store_sales: 174.69669486396015, 40.052264371287436, 44.39281089799519, -4.3405465267077545
time_dim: 0.0012146271765232086, 1.4088362351477146, 0.0009468359097982458, 1.4078893992379165
warehouse: 2.907589077949524e-06, 1.1818785019059974, 0.00030974170721157537, 1.1815687601987859
web_page: 7.394980639219284e-05, 0.15450834597388904, 0.0003492046415217522, 0.1541591413323673
web_returns: 6.285572262480855, 4.680923629682462, 1.5770642216113142, 3.1038594080711475
web_sales: 67.01082486007363, 33.7873472477599, 16.96574638488386, 16.821600862876036
web_site: 1.0454095900058746e-05, 0.6665444018407662, 0.00032150323634649863, 0.6662228986044197

Round 1
call_center: 9.615905582904816e-06, 0, 0.00038923376715805714, -0.00038923376715805714
call_center had no query dependencies
catalog_returns: 13.009788101539016, 0.07411043668588002, 3.253255444959799, -3.179145008273919
customer: 0.8535048151388764, 0.13701016061703364, 0.2148707604618175, -0.07786059984478386
customer_address: 0.2449320713058114, 0.6756251047404607, 0.06321893947712538, 0.6124061652633352
date_dim: 0.001992875710129738, 1.2972131503510473, 0.001000602717616238, 1.2962125476334312
household_demographics: 3.5176053643226624e-05, 0.15450834597388904, 0.0003366529234272955, 0.15417169305046174
item: 0.03489831369370222, 0.5901234092489879, 0.009480459481043006, 0.5806429497679448
reason: 1.4491379261016846e-06, 0, 0.0003484831158437181, -0.0003484831158437181
reason had no query dependencies
ship_mode: 1.3029202818870544e-06, 0.12792945771733918, 0.00033893915292110933, 0.12759051856441808
store_returns: 20.850121902301908, 0.047536737702687584, 5.2165312033932105, -5.168994465690523
time_dim: 0.0012146271765232086, 0.15450834597388904, 0.0009444661332685404, 0.1535638798406205
warehouse: 2.907589077949524e-06, 0.12792945771733918, 0.00030973603441214513, 0.12761972168292704
web_page: 7.394980639219284e-05, 0.15450834597388904, 0.0003490603630806374, 0.1541592856108084
web_returns: 6.285572262480855, 0.6001233221042155, 1.5648008687806692, -0.9646775466764537
web_sales: 67.01082486007363, 1.3636394193609553, 16.835006119015485, -15.47136669965453
web_site: 1.0454095900058746e-05, 0.6665444018407662, 0.0003214828400705202, 0.6662229190006957

Round 2
customer_address: 0.2449320713058114, 0, 0.06320058279616626, -0.06320058279616626
customer_address had no query dependencies
date_dim: 0.001992875710129738, 0, 0.0010004533595374572, -0.0010004533595374572
date_dim had no query dependencies
household_demographics: 3.5176053643226624e-05, 0, 0.0003366502871225001, -0.0003366502871225001
household_demographics had no query dependencies
item: 0.03489831369370222, 0, 0.00947784399174807, -0.00947784399174807
item had no query dependencies
ship_mode: 1.3029202818870544e-06, 0, 0.000338939055259276, -0.000338939055259276
ship_mode had no query dependencies
store_returns: 20.850121902301908, 0, 5.214968359404646, -5.214968359404646
store_returns had no query dependencies
time_dim: 0.0012146271765232086, 0, 0.0009443750895427497, -0.0009443750895427497
time_dim had no query dependencies
warehouse: 2.907589077949524e-06, 0, 0.0003097358164705843, -0.0003097358164705843
warehouse had no query dependencies
web_page: 7.394980639219284e-05, 0, 0.00034905482009096487, -0.00034905482009096487
web_page had no query dependencies
web_site: 1.0454095900058746e-05, 0, 0.00032148181349102257, -0.00032148181349102257
web_site had no query dependencies

Round 3
store_returns: 20.850121902301908, 0, 5.214964301677145, -5.214964301677145
store_returns had no query dependencies
Function: 88.10457022938411, 0, 82.86781311035156, 5.024010623375497, 0.21080752760291102, 0.00012751752177678812, 0.0018114505323588849
hiya: 0b10000000000000000, 88.10457022938411

Round 0
call_center: 9.615905582904816e-06, 1.1653388538285094, 0.00038925716882134124, 1.1649495966596881
catalog_page: 0.0017016949132084846, 0, 0.0016761501132024753, -0.0016761501132024753
catalog_page had no query dependencies
catalog_returns: 13.009788101539016, 0.649947953716119, 3.2849170772014644, -2.6349691234853454
catalog_sales: 132.3057429259643, 28.24056734177987, 33.56886378575806, -5.328296443978193
customer: 0.8535048151388764, 11.679648147619565, 0.21698451266379637, 11.462663634955769
customer_address: 0.2449320713058114, 8.872205976982118, 0.06382552739071984, 8.808380449591398
date_dim: 0.001992875710129738, 50.54947445047854, 0.0010055381852853592, 50.54846891229326
household_demographics: 3.5176053643226624e-05, 6.248425493155321, 0.00033674003888291623, 6.248088753116439
item: 0.03489831369370222, 36.96384636724075, 0.009566887098212818, 36.95427948014254
promotion: 7.638614624738693e-05, 1.1090820561361312, 0.00045740178895921943, 1.108624654347172
reason: 1.4491379261016846e-06, 2.3748983861629167, 0.0003484867047329383, 2.374549899458184
ship_mode: 1.3029202818870544e-06, 0.9218070380679766, 0.00033894237969232983, 0.9214680956882842
store: 9.930133819580078e-05, 19.342290187956888, 0.0004671962439320592, 19.341822991712956
store_sales: 174.69669486396015, 54.78513734223206, 44.49425111567723, 10.290886226554832
time_dim: 0.0012146271765232086, 4.047074647287925, 0.0009475412010190384, 4.046127106086906
warehouse: 2.907589077949524e-06, 1.1818785019059974, 0.0003097433955461442, 1.1815687585104513
web_page: 7.394980639219284e-05, 0.15450834597388904, 0.000349247581569724, 0.1541590983923193
web_returns: 6.285572262480855, 0.552586584401528, 1.5807140320388027, -1.0281274476372748
web_sales: 67.01082486007363, 30.235839603398638, 17.00465721067912, 13.231182392719518
web_site: 1.0454095900058746e-05, 0.6665444018407662, 0.0003215093066717821, 0.6662228925340945

Round 1
call_center: 9.615905582904816e-06, 0, 0.0003892422044929605, -0.0003892422044929605
call_center had no query dependencies
customer: 0.8535048151388764, 7.399482918943167, 0.21561643828958063, 7.183866480653586
customer_address: 0.2449320713058114, 5.10839325266242, 0.06343292821115627, 5.044960324451264
date_dim: 0.001992875710129738, 21.729746825313967, 0.0010023438246424352, 21.728744481489326
household_demographics: 3.5176053643226624e-05, 6.248425493155321, 0.00033668365553659907, 6.248088809499785
item: 0.03489831369370222, 13.2867988430047, 0.00951094893849672, 13.277287894066204
promotion: 7.638614624738693e-05, 1.1090820561361312, 0.00045727935036558463, 1.1086247767857655
reason: 1.4491379261016846e-06, 2.3748983861629167, 0.0003484843819241782, 2.3745499017809926
ship_mode: 1.3029202818870544e-06, 0.12792945771733918, 0.0003389402912543765, 0.12759051742608482
store: 9.930133819580078e-05, 18.8129975247399, 0.00046703707480529933, 18.812530487665093
store_sales: 174.69669486396015, 29.421511075141826, 44.21423152203887, -14.792720446897047
time_dim: 0.0012146271765232086, 2.7927467581140992, 0.0009455942872056031, 2.791801163826894
warehouse: 2.907589077949524e-06, 0.12792945771733918, 0.00030973873500054713, 0.12761971898233865
web_page: 7.394980639219284e-05, 0.15450834597388904, 0.00034912904816099694, 0.15415921692572804
web_sales: 67.01082486007363, 3.899123593457143, 16.897137857376322, -12.99801426391918
web_site: 1.0454095900058746e-05, 0.12792945771733918, 0.0003214925329992764, 0.1276079651843399

Round 2
customer: 0.8535048151388764, 0, 0.21480704044969087, -0.21480704044969087
customer had no query dependencies
customer_address: 0.2449320713058114, 0, 0.06320065361127322, -0.06320065361127322
customer_address had no query dependencies
date_dim: 0.001992875710129738, 0, 0.0010004539357205018, -0.0010004539357205018
date_dim had no query dependencies
household_demographics: 3.5176053643226624e-05, 0, 0.0003366502972926505, -0.0003366502972926505
household_demographics had no query dependencies
item: 0.03489831369370222, 0, 0.009477854081597896, -0.009477854081597896
item had no query dependencies
promotion: 7.638614624738693e-05, 0, 0.00045720691166263475, -0.00045720691166263475
promotion had no query dependencies
reason: 1.4491379261016846e-06, 0, 0.0003484830076740436, -0.0003484830076740436
reason had no query dependencies
ship_mode: 1.3029202818870544e-06, 0, 0.0003389390556657272, -0.0003389390556657272
ship_mode had no query dependencies
store: 9.930133819580078e-05, 0, 0.00046694290510970043, -0.00046694290510970043
store had no query dependencies
time_dim: 0.0012146271765232086, 0, 0.0009443680555115649, -0.0009443680555115649
time_dim had no query dependencies
warehouse: 2.907589077949524e-06, 0, 0.00030973579963243617, -0.00030973579963243617
warehouse had no query dependencies
web_page: 7.394980639219284e-05, 0, 0.0003490543918400132, -0.0003490543918400132
web_page had no query dependencies
web_site: 1.0454095900058746e-05, 0, 0.0003214817529502756, -0.0003214817529502756
web_site had no query dependencies
Function: 82.86781311035156, 0, 82.86781311035156, 0.0, 0, 0.0, 0
hiya: 0b0, 82.86781311035156

Round 0
call_center: 9.615905582904816e-06, 1.1653388538285094, 0.00038923544236113533, 1.1649496183861483
catalog_page: 0.0017016949132084846, 0, 0.0016723052536106568, -0.0016723052536106568
catalog_page had no query dependencies
catalog_returns: 13.009788101539016, 0.6974846914188066, 3.2555223789030383, -2.558037687484232
catalog_sales: 132.3057429259643, 2.8769410746896265, 33.26992829456449, -30.39298721987486
customer: 0.8535048151388764, 0.3506168595349789, 0.2150560787537703, 0.1355607807812086
customer_address: 0.2449320713058114, 1.188106720486482, 0.0632721206570013, 1.1248345998294806
date_dim: 0.001992875710129738, 4.238582099107503, 0.0010010354232274131, 4.237581063684275
household_demographics: 3.5176053643226624e-05, 0.15450834597388904, 0.0003366605610715866, 0.15417168541281745
item: 0.03489831369370222, 1.8633720303150016, 0.009488036820703004, 1.8538839934942986
promotion: 7.638614624738693e-05, 0, 0.00045722919985126495, -0.00045722919985126495
promotion had no query dependencies
reason: 1.4491379261016846e-06, 0, 0.0003484834305080395, -0.0003484834305080395
reason had no query dependencies
ship_mode: 1.3029202818870544e-06, 0.9218070380679766, 0.0003389394358358816, 0.9214680986321407
store: 9.930133819580078e-05, 0.06442787406682968, 0.00046697187956469874, 0.06396090218726498
store_returns: 20.850121902301908, 0.11196461176951726, 5.221058845493307, -5.1090942337237895
time_dim: 0.0012146271765232086, 0.6939831870341301, 0.0009447298917811341, 0.6930384571423489
warehouse: 2.907589077949524e-06, 1.1818785019059974, 0.0003097366658004306, 1.181568765240197
web_page: 7.394980639219284e-05, 0.15450834597388904, 0.0003490764214163289, 0.15415926955247272
web_returns: 6.285572262480855, 0.6001233221042155, 1.5661657922920116, -0.9660424701877961
web_sales: 67.01082486007363, 2.2004475179481506, 16.84955764217781, -14.64911012422966
web_site: 1.0454095900058746e-05, 0.6665444018407662, 0.00032148511019656253, 0.6662229167305697

Round 1
call_center: 9.615905582904816e-06, 0, 0.0003892331504969304, -0.0003892331504969304
call_center had no query dependencies
customer: 0.8535048151388764, 0.06442787406682968, 0.21481280839311806, -0.15038493432628838
customer_address: 0.2449320713058114, 0, 0.06320230885012569, -0.06320230885012569
customer_address had no query dependencies
date_dim: 0.001992875710129738, 0.06442787406682968, 0.0010004674034762187, 0.06342740666335346
household_demographics: 3.5176053643226624e-05, 0, 0.00033665053501068536, -0.00033665053501068536
household_demographics had no query dependencies
item: 0.03489831369370222, 0, 0.009478089922679891, -0.009478089922679891
item had no query dependencies
ship_mode: 1.3029202818870544e-06, 0, 0.00033893906444104914, -0.00033893906444104914
ship_mode had no query dependencies
store: 9.930133819580078e-05, 0.06442787406682968, 0.000466943573915938, 0.06396093049291374
store_returns: 20.850121902301908, 0.06442787406682968, 5.215115559754082, -5.150687685687252
time_dim: 0.0012146271765232086, 0, 0.000944383664722581, -0.000944383664722581
time_dim had no query dependencies
warehouse: 2.907589077949524e-06, 0, 0.0003097358369979524, -0.0003097358369979524
warehouse had no query dependencies
web_page: 7.394980639219284e-05, 0, 0.0003490553421712382, -0.0003490553421712382
web_page had no query dependencies
web_site: 1.0454095900058746e-05, 0, 0.00032148188729618193, -0.00032148188729618193
web_site had no query dependencies

Round 2
date_dim: 0.001992875710129738, 0, 0.0010004531041683034, -0.0010004531041683034
date_dim had no query dependencies
store: 9.930133819580078e-05, 0, 0.00046694285631111753, -0.00046694285631111753
store had no query dependencies
store_returns: 20.850121902301908, 0, 5.214964885571268, -5.214964885571268
store_returns had no query dependencies

Round 3
store_returns: 20.850121902301908, 0, 5.214964301677145, -5.214964301677145
store_returns had no query dependencies
Function: 88.10457022938411, 0, 82.86781311035156, 5.024010623375497, 0.21080752760291102, 0.00012751752177678812, 0.0018114505323588849
hiya: 0b10000000000000000, 88.10457022938411

Round 0
call_center: 9.615905582904816e-06, 1.1653388538285094, 0.0003892604178048227, 1.1649495934107046
catalog_page: 0.0017016949132084846, 6.477644765232801, 0.0016767250750316883, 6.4759680401577695
catalog_returns: 13.009788101539016, 13.58368872898976, 3.28931277205045, 10.294375956939309
catalog_sales: 132.3057429259643, 42.45732393946092, 33.61356671774525, 8.84375722171567
customer: 0.8535048151388764, 12.693353771831989, 0.2172728914360107, 12.476080880395978
customer_address: 0.2449320713058114, 9.821483727127712, 0.06390828405330244, 9.757575443074408
date_dim: 0.001992875710129738, 65.41529151123443, 0.0010062115301104487, 65.41428529970432
household_demographics: 3.5176053643226624e-05, 3.4556787350412206, 0.0003367519240263636, 3.455341983117194
item: 0.03489831369370222, 45.629038889335796, 0.009578678400003777, 45.61946021093579
promotion: 7.638614624738693e-05, 5.026722800425291, 0.00045742759800291585, 5.026265372827288
reason: 1.4491379261016846e-06, 2.9035152955969172, 0.00034848719436182907, 2.9031668084025553
ship_mode: 1.3029202818870544e-06, 0.3823321970077356, 0.0003389428199177914, 0.38199325418781777
store: 9.930133819580078e-05, 29.64513743061105, 0.00046722979546859447, 29.644670200815582
store_returns: 20.850121902301908, 17.598039609509307, 5.2752129801149845, 12.322826629394322
store_sales: 174.69669486396015, 68.91812087971805, 44.55434536161796, 24.363775518100084
warehouse: 2.907589077949524e-06, 0.6424036608457565, 0.00030974439567813005, 0.6420939164500784
web_page: 7.394980639219284e-05, 2.327758964759906, 0.00034927301830261023, 2.3274096917416034
web_returns: 6.285572262480855, 13.486327359675165, 1.582876098857883, 11.903451260817283
web_sales: 67.01082486007363, 41.7132074058219, 17.027707121633764, 24.685500284188134
web_site: 1.0454095900058746e-05, 7.144189167073568, 0.00032151290259796434, 7.14386765417097
Function: 115.22289673603599, 4.898679149832329, 5.351905822753906, 100.06905253689678, 4.750914513945182, 0.1162631308439137, 0.03608158176387847
hiya: 0b111110111111100110111111, 115.22289673603599

Round 0
call_center: 9.615905582904816e-06, 0.9109361145381132, 0.00038926066219471085, 0.9105468538759185
catalog_page: 0.0017016949132084846, 6.477644765232801, 0.0016767683238995059, 6.475967996908902
catalog_returns: 13.009788101539016, 13.32361726515174, 3.2896434180443768, 10.033973847107362
catalog_sales: 132.3057429259643, 42.65770278444609, 33.61692929087331, 9.040773493572779
customer: 0.8535048151388764, 12.693353771831989, 0.21729458340714197, 12.476059188424847
customer_address: 0.2449320713058114, 9.821483727127712, 0.06391450904386564, 9.757569218083846
date_dim: 0.001992875710129738, 65.48774089850225, 0.001006262179388116, 65.48673463632286
household_demographics: 3.5176053643226624e-05, 6.248425493155321, 0.00033675281803179465, 6.248088740337289
item: 0.03489831369370222, 46.083820473611354, 0.009579565346626394, 46.07424090826473
promotion: 7.638614624738693e-05, 5.026722800425291, 0.00045742953936991204, 5.026265370885921
reason: 1.4491379261016846e-06, 2.9035152955969172, 0.0003484872311919178, 2.903166808365725
ship_mode: 1.3029202818870544e-06, 0, 0.00033894285303173364, -0.00033894285303173364
ship_mode had no query dependencies
store: 9.930133819580078e-05, 32.28337584275126, 0.0004672323192291208, 32.28290861043203
store_returns: 20.850121902301908, 17.598039609509307, 5.275742889535958, 12.322296719973348
store_sales: 174.69669486396015, 72.27121233997181, 44.55878530805354, 27.712427031918274
time_dim: 0.0012146271765232086, 3.5075998062276836, 0.0009479898928728613, 3.5066518163348106
web_page: 7.394980639219284e-05, 2.482267310733795, 0.0003492748984872473, 2.4819180358353075
web_returns: 6.285572262480855, 13.486327359675165, 1.5830359104514422, 11.903291449223723
web_sales: 67.01082486007363, 42.45463934219203, 17.029410881651053, 25.42522846054098
web_site: 1.0454095900058746e-05, 7.016259709356229, 0.0003215131683948807, 7.015938196187834

Round 1
call_center: 9.615905582904816e-06, 0.9109361145381132, 0.00038925928336602816, 0.9105468552547471
catalog_page: 0.0017016949132084846, 6.477644765232801, 0.001676524317161372, 6.47596824091564
catalog_returns: 13.009788101539016, 13.32361726515174, 3.2877779391422366, 10.035839326009503
catalog_sales: 132.3057429259643, 42.65770278444609, 33.59795791561846, 9.059744868827629
customer: 0.8535048151388764, 12.693353771831989, 0.2171721989983346, 12.476181572833655
customer_address: 0.2449320713058114, 9.821483727127712, 0.06387938813275532, 9.757604338994955
date_dim: 0.001992875710129738, 65.48774089850225, 0.0010059764201149582, 65.48673492208214
household_demographics: 3.5176053643226624e-05, 6.248425493155321, 0.0003367477741228993, 6.248088745381199
item: 0.03489831369370222, 46.083820473611354, 0.009574561262977394, 46.074245912348374
promotion: 7.638614624738693e-05, 5.026722800425291, 0.00045741858632877656, 5.026265381838962
reason: 1.4491379261016846e-06, 2.9035152955969172, 0.0003484870233994306, 2.9031668085735176
store: 9.930133819580078e-05, 32.28337584275126, 0.0004672180793935712, 32.28290862467187
store_returns: 20.850121902301908, 17.598039609509307, 5.2727529770889445, 12.325286632420362
store_sales: 174.69669486396015, 72.27121233997181, 44.5337337603996, 27.737478579572212
time_dim: 0.0012146271765232086, 3.5075998062276836, 0.0009478157150464397, 3.506651990512637
web_page: 7.394980639219284e-05, 2.482267310733795, 0.0003492642940673968, 2.4819180464397275
web_returns: 6.285572262480855, 13.486327359675165, 1.582134557891862, 11.904192801783303
web_sales: 67.01082486007363, 42.45463934219203, 17.019801513405024, 25.434837828787007
web_site: 1.0454095900058746e-05, 7.016259709356229, 0.0003215116692750386, 7.015938197686953
Function: 112.35851569178355, 4.942480540155969, 2.44290828704834, 100.06934419687954, 4.750919706493616, 0.11679127486221369, 0.03607168634387851
hiya: 0b111101111011100110111111, 112.35851569178355

Round 0
call_center: 9.615905582904816e-06, 1.1653388538285094, 0.00038926069138849945, 1.164949593137121
catalog_page: 0.0017016949132084846, 6.477644765232801, 0.0016767734902274362, 6.475967991742574
catalog_returns: 13.009788101539016, 11.255929764229855, 3.289682915624767, 7.9662468486050875
catalog_sales: 132.3057429259643, 41.38389286387484, 33.61733096972284, 7.766561894151998
customer: 0.8535048151388764, 12.693353771831989, 0.21729717463881976, 12.47605659719317
customer_address: 0.2449320713058114, 9.821483727127712, 0.06391525265506831, 9.757568474472643
date_dim: 0.001992875710129738, 64.34186043564834, 0.0010062682297378954, 64.3408541674186
household_demographics: 3.5176053643226624e-05, 6.093917147181432, 0.00033675292482592505, 6.093580394256606
item: 0.03489831369370222, 46.34389193744938, 0.009579671297541186, 46.334312266151834
promotion: 7.638614624738693e-05, 5.026722800425291, 0.00045742977127745187, 5.026265370654014
reason: 1.4491379261016846e-06, 2.9035152955969172, 0.00034848723559148537, 2.9031668083613256
ship_mode: 1.3029202818870544e-06, 0.9218070380679766, 0.00033894285698738596, 0.9214680952109892
store: 9.930133819580078e-05, 29.955616877991353, 0.00046723262070694324, 29.955149645370646
store_returns: 20.850121902301908, 15.270280644749402, 5.275806190287636, 9.994474454461766
store_sales: 174.69669486396015, 69.94345337521192, 44.55931568538909, 25.38413768982283
time_dim: 0.0012146271765232086, 3.8925663013140355, 0.0009479935804682452, 3.8916183077335673
warehouse: 2.907589077949524e-06, 1.1818785019059974, 0.00030974447845748607, 1.18156875742754
web_returns: 6.285572262480855, 11.158568394915264, 1.5830549893222066, 9.575513405593057
web_sales: 67.01082486007363, 40.63977633023581, 17.029614282521162, 23.61016204771465
web_site: 1.0454095900058746e-05, 7.144189167073568, 0.0003215132001266525, 7.143867653873442
Function: 113.65928088219292, 4.947712870101929, 3.738064765930176, 100.06932739261475, 4.751236064427296, 0.11685810880035191, 0.036081680318403246
hiya: 0b111011111111100110111111, 113.65928088219292

Round 0
call_center: 9.615905582904816e-06, 1.1653388538285094, 0.0003892578063985298, 1.164949596022111
catalog_page: 0.0017016949132084846, 0, 0.0016762629431225694, -0.0016762629431225694
catalog_page had no query dependencies
catalog_returns: 13.009788101539016, 0.649947953716119, 3.2857796838535402, -2.6358317301374212
catalog_sales: 132.3057429259643, 30.825447791063784, 33.57763624331578, -2.752188452251996
customer: 0.8535048151388764, 12.679382131553888, 0.21704110381850014, 12.462341027735388
customer_address: 0.2449320713058114, 9.268897142726184, 0.06384176747336884, 9.205055375252815
date_dim: 0.001992875710129738, 53.18329204073308, 0.0010056703217837324, 53.1822863704113
household_demographics: 3.5176053643226624e-05, 6.248425493155321, 0.0003367423712112854, 6.24808875078411
item: 0.03489831369370222, 40.49800456667026, 0.009569201011191526, 40.48843536565907
promotion: 7.638614624738693e-05, 1.1090820561361312, 0.00045740685369950306, 1.1086246492824317
reason: 1.4491379261016846e-06, 2.9035152955969172, 0.00034848680081721003, 2.9031668087961
ship_mode: 1.3029202818870544e-06, 0.9218070380679766, 0.00033894246608172325, 0.9214680956018949
store: 9.930133819580078e-05, 23.477972112758554, 0.00046720282805120237, 23.477504909930502
store_returns: 20.850121902301908, 4.664298834235668, 5.269550680389408, -0.60525184615374
store_sales: 174.69669486396015, 59.385008302400905, 44.50690271106549, 14.878105591335412
time_dim: 0.0012146271765232086, 4.047074647287925, 0.000947629164741517, 4.046127018123183
warehouse: 2.907589077949524e-06, 1.1818785019059974, 0.0003097436061147563, 1.1815687582998826
web_page: 7.394980639219284e-05, 0.15450834597388904, 0.00034925293704041703, 0.15415909303684863
web_sales: 67.01082486007363, 29.69722465927521, 17.009401788899037, 12.687822870376174
web_site: 1.0454095900058746e-05, 0.12792945771733918, 0.000321510046854817, 0.12760794767048436

Round 1
call_center: 9.615905582904816e-06, 0, 0.00038924359209805196, -0.00038924359209805196
call_center had no query dependencies
customer: 0.8535048151388764, 8.41318854315559, 0.21573960168972295, 8.197448941465867
customer_address: 0.2449320713058114, 6.057671002808014, 0.06346827267104783, 5.9942027301369665
date_dim: 0.001992875710129738, 22.331270550686124, 0.0010026314028073935, 22.330267919283315
household_demographics: 3.5176053643226624e-05, 6.248425493155321, 0.00033668873155057513, 6.24808880442377
item: 0.03489831369370222, 14.236076593150294, 0.009515984873734005, 14.22656060827656
promotion: 7.638614624738693e-05, 1.1090820561361312, 0.0004572903731241312, 1.108624765763007
reason: 1.4491379261016846e-06, 2.9035152955969172, 0.0003484845910392893, 2.903166811005878
ship_mode: 1.3029202818870544e-06, 0.12792945771733918, 0.00033894047926982666, 0.12759051723806936
store: 9.930133819580078e-05, 20.36379900025765, 0.00046705140429733493, 20.363331948853354
store_returns: 20.850121902301908, 2.07941838495175, 5.237756509390274, -3.158338124438524
store_sales: 174.69669486396015, 31.436501586026747, 44.240509228307246, -12.8040076422805
time_dim: 0.0012146271765232086, 2.7927467581140992, 0.0009457769902395392, 2.7918009811238598
warehouse: 2.907589077949524e-06, 0.12792945771733918, 0.0003097391723572573, 0.1276197185449819
web_page: 7.394980639219284e-05, 0.15450834597388904, 0.0003491401716186702, 0.15415920580227038
web_sales: 67.01082486007363, 3.899123593457143, 16.90721756022271, -13.008093966765566
web_site: 1.0454095900058746e-05, 0.12792945771733918, 0.00032149410549417435, 0.127607963611845

Round 2
customer: 0.8535048151388764, 0.06442787406682968, 0.21481324176313626, -0.1503853676963066
customer_address: 0.2449320713058114, 0, 0.06320243321523099, -0.06320243321523099
customer_address had no query dependencies
date_dim: 0.001992875710129738, 0.06442787406682968, 0.0010004684153657449, 0.06342740565146393
household_demographics: 3.5176053643226624e-05, 0, 0.00033665055287144814, -0.00033665055287144814
household_demographics had no query dependencies
item: 0.03489831369370222, 0, 0.009478107642419221, -0.009478107642419221
item had no query dependencies
promotion: 7.638614624738693e-05, 0, 0.0004572074666617717, -0.0004572074666617717
promotion had no query dependencies
reason: 1.4491379261016846e-06, 0, 0.000348483018203051, -0.000348483018203051
reason had no query dependencies
ship_mode: 1.3029202818870544e-06, 0, 0.00033893906513236046, -0.00033893906513236046
ship_mode had no query dependencies
store: 9.930133819580078e-05, 0.06442787406682968, 0.0004669436266038417, 0.06396093044022584
store_returns: 20.850121902301908, 0.06442787406682968, 5.215126622537677, -5.150698748470847
time_dim: 0.0012146271765232086, 0, 0.0009443843091868037, -0.0009443843091868037
time_dim had no query dependencies
warehouse: 2.907589077949524e-06, 0, 0.0003097358385406786, -0.0003097358385406786
warehouse had no query dependencies
web_page: 7.394980639219284e-05, 0, 0.00034905538140797305, -0.00034905538140797305
web_page had no query dependencies
web_site: 1.0454095900058746e-05, 0, 0.00032148189284297927, -0.00032148189284297927
web_site had no query dependencies

Round 3
date_dim: 0.001992875710129738, 0, 0.0010004531041683034, -0.0010004531041683034
date_dim had no query dependencies
store: 9.930133819580078e-05, 0, 0.00046694285631111753, -0.00046694285631111753
store had no query dependencies
store_returns: 20.850121902301908, 0, 5.214964885571268, -5.214964885571268
store_returns had no query dependencies

Round 4
store_returns: 20.850121902301908, 0, 5.214964301677145, -5.214964301677145
store_returns had no query dependencies
Function: 88.10457022938411, 0, 82.86781311035156, 5.024010623375497, 0.21080752760291102, 0.00012751752177678812, 0.0018114505323588849
hiya: 0b10000000000000000, 88.10457022938411

Round 0
call_center: 9.615905582904816e-06, 1.1653388538285094, 0.00038924582693652466, 1.1649496080015729
catalog_page: 0.0017016949132084846, 0, 0.0016741429774696822, -0.0016741429774696822
catalog_page had no query dependencies
catalog_returns: 13.009788101539016, 0.6974846914188066, 3.269572134713841, -2.5720874432950342
catalog_sales: 132.3057429259643, 5.027346725245715, 33.41281020516661, -28.385463479920894
customer: 0.8535048151388764, 6.869715439628362, 0.21597781046396067, 6.653737629164402
customer_address: 0.2449320713058114, 5.383695859980584, 0.063536631943828, 5.320159228036756
date_dim: 0.001992875710129738, 23.702084105412567, 0.0010031876040984674, 23.70108091780847
household_demographics: 3.5176053643226624e-05, 6.093917147181432, 0.0003366985490049963, 6.0935804486324265
item: 0.03489831369370222, 17.599155729656616, 0.009525724812373468, 17.589630004844242
promotion: 7.638614624738693e-05, 1.1090820561361312, 0.0004573116921020017, 1.1086247444440291
reason: 1.4491379261016846e-06, 2.9035152955969172, 0.0003484849954861805, 2.903166810601431
ship_mode: 1.3029202818870544e-06, 0.25440273929039636, 0.0003389408429081305, 0.2540637984474882
store: 9.930133819580078e-05, 22.94867944954157, 0.0004670791187866175, 22.948212370422784
store_returns: 20.850121902301908, 4.711835571938355, 5.24357567044591, -0.5317400985075551
store_sales: 174.69669486396015, 31.34961621695041, 44.28926617121934, -12.93964995426893
time_dim: 0.0012146271765232086, 2.6382384121402103, 0.0009461159863948548, 2.637292296153815
warehouse: 2.907589077949524e-06, 0.5144742031284173, 0.00030973998385031264, 0.514164463144567
web_page: 7.394980639219284e-05, 0, 0.00034916081062670313, -0.00034916081062670313
web_page had no query dependencies
web_returns: 6.285572262480855, 0.06150837798078855, 1.5733386911251461, -1.5118303131443576
web_site: 1.0454095900058746e-05, 0, 0.0003214968140095001, -0.0003214968140095001
web_site had no query dependencies

Round 1
call_center: 9.615905582904816e-06, 0, 0.0003892331504969304, -0.0003892331504969304
call_center had no query dependencies
customer: 0.8535048151388764, 0.06442787406682968, 0.21481280839311806, -0.15038493432628838
customer_address: 0.2449320713058114, 0, 0.06320230885012569, -0.06320230885012569
customer_address had no query dependencies
date_dim: 0.001992875710129738, 0.06442787406682968, 0.0010004674034762187, 0.06342740666335346
household_demographics: 3.5176053643226624e-05, 0, 0.00033665053501068536, -0.00033665053501068536
household_demographics had no query dependencies
item: 0.03489831369370222, 0, 0.009478089922679891, -0.009478089922679891
item had no query dependencies
promotion: 7.638614624738693e-05, 0, 0.00045720742787644207, -0.00045720742787644207
promotion had no query dependencies
reason: 1.4491379261016846e-06, 0, 0.0003484830174672462, -0.0003484830174672462
reason had no query dependencies
ship_mode: 1.3029202818870544e-06, 0, 0.0003389390644707982, -0.0003389390644707982
ship_mode had no query dependencies
store: 9.930133819580078e-05, 0.06442787406682968, 0.00046694357618324423, 0.06396093049064644
store_returns: 20.850121902301908, 0.06442787406682968, 5.215116035816257, -5.150688161749427
time_dim: 0.0012146271765232086, 0, 0.0009443836924556589, -0.0009443836924556589
time_dim had no query dependencies
warehouse: 2.907589077949524e-06, 0, 0.0003097358370643402, -0.0003097358370643402
warehouse had no query dependencies

Round 2
date_dim: 0.001992875710129738, 0, 0.0010004531041683034, -0.0010004531041683034
date_dim had no query dependencies
store: 9.930133819580078e-05, 0, 0.00046694285631111753, -0.00046694285631111753
store had no query dependencies
store_returns: 20.850121902301908, 0, 5.214964885571268, -5.214964885571268
store_returns had no query dependencies

Round 3
store_returns: 20.850121902301908, 0, 5.214964301677145, -5.214964301677145
store_returns had no query dependencies
Function: 88.10457022938411, 0, 82.86781311035156, 5.024010623375497, 0.21080752760291102, 0.00012751752177678812, 0.0018114505323588849
hiya: 0b10000000000000000, 88.10457022938411

Round 0
call_center: 9.615905582904816e-06, 1.1653388538285094, 0.0003892598139744922, 1.164949594014535
catalog_page: 0.0017016949132084846, 0, 0.0016766182171811177, -0.0016766182171811177
catalog_page had no query dependencies
catalog_returns: 13.009788101539016, 7.106043963756958, 3.2884958230297294, 3.817548140727229
catalog_sales: 132.3057429259643, 37.23400706340194, 33.605258584955116, 3.6287484784468234
customer: 0.8535048151388764, 12.693353771831989, 0.21721929564202344, 12.476134476189966
customer_address: 0.2449320713058114, 9.282868783004284, 0.06389290355561604, 9.218975879448669
date_dim: 0.001992875710129738, 59.52543023333468, 0.0010060863875756818, 59.524424146947105
household_demographics: 3.5176053643226624e-05, 6.248425493155321, 0.00033674971514775987, 6.2480887434401735
item: 0.03489831369370222, 42.42625119316022, 0.009576486962066868, 42.41667470619815
promotion: 7.638614624738693e-05, 1.1090820561361312, 0.0004574228013385208, 1.1086246333347927
reason: 1.4491379261016846e-06, 2.9035152955969172, 0.0003484871033632824, 2.903166808493554
ship_mode: 1.3029202818870544e-06, 0.7938775803506374, 0.0003389427381009747, 0.7935386376125364
store: 9.930133819580078e-05, 25.80573107751846, 0.0004672235598458186, 25.805263853958614
store_returns: 20.850121902301908, 11.120394844276507, 5.273903697708765, 5.846491146567742
store_sales: 174.69669486396015, 65.79356757473904, 44.54337529103124, 21.250192283707804
time_dim: 0.0012146271765232086, 4.047074647287925, 0.0009478827504596603, 4.0461267645374654
warehouse: 2.907589077949524e-06, 1.0539490441886583, 0.0003097442131512845, 1.053639299975507
web_page: 7.394980639219284e-05, 2.482267310733795, 0.00034926837602871155, 2.481918042357766
web_returns: 6.285572262480855, 6.470067650318941, 1.5824815157010599, 4.887586134617881
web_sales: 67.01082486007363, 35.97785447389603, 17.023500449319705, 18.954354024576325

Round 1
call_center: 9.615905582904816e-06, 1.1653388538285094, 0.00038925847755682044, 1.1649495953509525
catalog_returns: 13.009788101539016, 7.106043963756958, 3.2866872469927295, 3.819356716764229
catalog_sales: 132.3057429259643, 37.23400706340194, 33.58686589520907, 3.647141168192867
customer: 0.8535048151388764, 12.693353771831989, 0.21710064433547818, 12.476253127496511
customer_address: 0.2449320713058114, 9.282868783004284, 0.06385885394071077, 9.219009929063574
date_dim: 0.001992875710129738, 59.52543023333468, 0.0010058093448424774, 59.52442442398984
household_demographics: 3.5176053643226624e-05, 6.248425493155321, 0.0003367448250936561, 6.248088748330227
item: 0.03489831369370222, 42.42625119316022, 0.009571635518416477, 42.4166795576418
promotion: 7.638614624738693e-05, 1.1090820561361312, 0.00045741218239895133, 1.1086246439537322
reason: 1.4491379261016846e-06, 2.9035152955969172, 0.0003484869019091075, 2.903166808695008
ship_mode: 1.3029202818870544e-06, 0.7938775803506374, 0.0003389425569734743, 0.793538637793664
store: 9.930133819580078e-05, 25.80573107751846, 0.0004672097553150068, 25.805263867763145
store_returns: 20.850121902301908, 11.120394844276507, 5.271005185408125, 5.8493896588683825
store_sales: 174.69669486396015, 65.79356757473904, 44.51908955681265, 21.27447801792639
time_dim: 0.0012146271765232086, 4.047074647287925, 0.0009477138971633419, 4.046126933390761
warehouse: 2.907589077949524e-06, 1.0539490441886583, 0.0003097438089482421, 1.05363930037971
web_page: 7.394980639219284e-05, 2.482267310733795, 0.0003492580957807369, 2.4819180526380142
web_returns: 6.285572262480855, 6.470067650318941, 1.5816077170439233, 4.888459933275017
web_sales: 67.01082486007363, 35.97785447389603, 17.01418483471356, 18.96366963918247
Function: 118.31763647074276, 4.79045614520391, 8.557243347167969, 100.06893265486521, 4.749984916731914, 0.11494786799577075, 0.03607153877799213
hiya: 0b11111111111100110111101, 118.31763647074276
{112.3402908537739: [1, 2, 3, 4, 5, 7, 8, 11, 12, 13, 14, 15, 16, 17, 18, 19, 20, 21, 22, 23], 117.65230282767673: [0, 2, 3, 4, 5, 7, 8, 11, 12, 13, 14, 15, 16, 17, 18, 19, 20, 21, 22, 23], 88.10457022938411: [16], 123.63112860347049: [0, 1, 2, 3, 5, 7, 8, 11, 12, 13, 14, 15, 16, 17, 18, 19, 20, 21, 22, 23], 120.93021315236102: [0, 1, 2, 3, 4, 7, 8, 11, 12, 13, 14, 15, 16, 17, 18, 19, 20, 21, 22, 23], 117.42404471099269: [0, 1, 2, 3, 4, 5, 7, 11, 12, 13, 14, 15, 16, 17, 18, 19, 20, 21, 22, 23], 116.20302735177714: [0, 1, 2, 3, 4, 5, 7, 8, 11, 13, 14, 15, 16, 17, 18, 19, 20, 21, 22, 23], 114.07909102967993: [0, 1, 2, 3, 4, 5, 7, 8, 11, 12, 14, 15, 16, 17, 18, 19, 20, 21, 22, 23], 112.0989693507021: [0, 1, 2, 3, 4, 5, 7, 8, 11, 12, 13, 15, 16, 17, 18, 19, 20, 21, 22, 23], 82.86781311035156: [], 115.22289673603599: [0, 1, 2, 3, 4, 5, 7, 8, 11, 12, 13, 14, 15, 16, 17, 19, 20, 21, 22, 23], 112.35851569178355: [0, 1, 2, 3, 4, 5, 7, 8, 11, 12, 13, 15, 16, 17, 18, 20, 21, 22, 23], 113.65928088219292: [0, 1, 2, 3, 4, 5, 7, 8, 11, 12, 13, 14, 15, 16, 17, 18, 19, 21, 22, 23], 118.31763647074276: [0, 2, 3, 4, 5, 7, 8, 11, 12, 13, 14, 15, 16, 17, 18, 19, 20, 21, 22]}
NEW ENTRY: 82.86781311035156, 0b11111111111100110111101
{111.17773193003353: [0, 1, 2, 3, 4, 5, 7, 8, 11, 12, 13, 14, 15, 16, 17, 18, 19, 20, 21, 22, 23], 82.86781311035156: []}
[0, 1, 2, 3, 4, 5, 7, 8, 11, 12, 13, 14, 15, 16, 17, 18, 19, 20, 21, 22, 23]
----
Best Cost: $82.86781311035156;
[]
[]
0
Optimal Subset: 0b0
Function: 82.86781311035156, 0, 82.86781311035156, 0.0, 0, 0.0, 0
82.86781311035156
Real: 82.86781311035156, 0, 82.86781311035156, 0.0, 0, 0.0, 0
Num Redshift Qs: 0; Num GCP Qs: 85
Redshift Qs: $0; GCP Qs: $82.86781311035156; Movement Cost: $0.0
Load Cost: $0, Storage Cost: $0.0, API Cost: $0
Final cost: $82.86781311035156, BQ Baseline: $82.86781311035156, Diff: $0.0, %: 0.0%
