Egress: $0.24/GB
Benchmark: tpcds
Data Path: parquet_1000/real_data_rs1
BigQuery Cost: $5.0/TB; DuckDB Cost: $1.48/hr; Redshift Cost: $1.086/hr
Use Duck: False
Excluded Table: customer
Excluded Query: None

Starting analysis without using DuckDB
Redshift Total: $3.938713313739699, Redshift-Calcite Total: $3.5559092432932076, BigQuery Total: $74.27536487579346
Excluding table customer and any queries that depend on it
Total Keys: 70, Keys Considered: 69

Round 0
call_center: 9.615905582904816e-06, 1.1653388538285094, 0.0003892546397540061, 1.1649495991887555
catalog_page: 0.0017016949132084846, 6.477644765232801, 0.0016757025525455738, 6.475969062680256
catalog_returns: 13.009788101539016, 13.939144473121962, 3.2814953890576737, 10.657649084064289
catalog_sales: 132.3057429259643, 40.39880425318797, 33.53406621731252, 6.8647380358754475
customer_address: 0.2449320713058114, 5.972972981881698, 0.06376103729699895, 5.909211944584699
customer_demographics: 0.011580578982830048, 5.779220876841942, 0.003940961661461382, 5.77527991518048
date_dim: 0.001992875710129738, 61.870628285749746, 0.0010050135309764795, 61.86962327221877
household_demographics: 3.5176053643226624e-05, 4.125529659926096, 0.00033673077826118275, 4.125192929147835
income_band: 5.122274160385132e-07, 0, 0.00033794132784597234, -0.00033794132784597234
income_band had no query dependencies
inventory: 5.1357166497036815, 1.5478934733013312, 1.3961426129912606, 0.15175086031007057
item: 0.03489831369370222, 47.00088946552117, 0.009557853625107485, 46.991331611896065
promotion: 7.638614624738693e-05, 5.507974749863942, 0.0004573820163076294, 5.507517367847635
reason: 1.4491379261016846e-06, 3.0795829442588487, 0.0003484863296217339, 3.079234457929227
ship_mode: 1.3029202818870544e-06, 0.9218070380679766, 0.00033894204242974956, 0.9214680960255468
store: 9.930133819580078e-05, 29.38705916154266, 0.000467170539653744, 29.386591991003005
store_returns: 20.850121902301908, 16.58433398529688, 5.2627711441286795, 11.3215628411682
store_sales: 174.69669486396015, 64.92227008963584, 44.45009908262585, 20.472171007009997
time_dim: 0.0012146271765232086, 4.047074647287925, 0.0009472342217754716, 4.0461274130661495
warehouse: 2.907589077949524e-06, 2.412358227458, 0.00030974266069555545, 2.4120484847973045
web_page: 7.394980639219284e-05, 2.6583349593957264, 0.000349228891838367, 2.657985730503888
web_returns: 6.285572262480855, 13.648423368058996, 1.5791254456348296, 12.069297922424166
web_sales: 67.01082486007363, 37.4744729574279, 16.987721205356713, 20.486751752071186
web_site: 1.0454095900058746e-05, 7.144189167073567, 0.00032150666455203243, 7.143867660409016

Round 1
call_center: 9.615905582904816e-06, 1.1653388538285094, 0.00038925370261779093, 1.1649496001258917
catalog_page: 0.0017016949132084846, 6.477644765232801, 0.001675536710658237, 6.475969228522143
catalog_returns: 13.009788101539016, 13.939144473121962, 3.2802274956204522, 10.658916977501509
catalog_sales: 132.3057429259643, 40.39880425318797, 33.521172111593565, 6.877632141594404
customer_address: 0.2449320713058114, 5.972972981881698, 0.06373716698002299, 5.909235814901675
customer_demographics: 0.011580578982830048, 5.779220876841942, 0.003939833054294458, 5.775281043787647
date_dim: 0.001992875710129738, 61.870628285749746, 0.0010048193115153822, 61.86962346643823
household_demographics: 3.5176053643226624e-05, 4.125529659926096, 0.00033672735011252934, 4.125192932575984
inventory: 5.1357166497036815, 1.5478934733013312, 1.3956420517050792, 0.15225142159625205
item: 0.03489831369370222, 47.00088946552117, 0.009554452202096914, 46.99133501331907
promotion: 7.638614624738693e-05, 5.507974749863942, 0.00045737457120303737, 5.507517375292739
reason: 1.4491379261016846e-06, 3.0795829442588487, 0.00034848618837906155, 3.0792344580704696
ship_mode: 1.3029202818870544e-06, 0.9218070380679766, 0.0003389419154384265, 0.9214680961525382
store: 9.930133819580078e-05, 29.38705916154266, 0.0004671608610813154, 29.386592000681578
store_returns: 20.850121902301908, 16.58433398529688, 5.260738951827522, 11.323595033469358
store_sales: 174.69669486396015, 64.92227008963584, 44.433071974582845, 20.489198115053
time_dim: 0.0012146271765232086, 4.047074647287925, 0.0009471158360888807, 4.046127531451836
warehouse: 2.907589077949524e-06, 2.412358227458, 0.00030974237730248147, 2.412048485080698
web_page: 7.394980639219284e-05, 2.6583349593957264, 0.00034922168419574854, 2.6579857377115306
web_returns: 6.285572262480855, 13.648423368058996, 1.5785128117317744, 12.06991055632722
web_sales: 67.01082486007363, 37.4744729574279, 16.981189882277985, 20.493283075149915
web_site: 1.0454095900058746e-05, 7.144189167073567, 0.0003215056456259416, 7.143867661427941
STARTING PHASE 2: 0b111111111111110111101111
----
[0, 1, 2, 3, 5, 6, 7, 8, 10, 11, 12, 13, 14, 15, 16, 17, 18, 19, 20, 21, 22, 23]
Function: 109.49477988776489, 3.3592117462547626, 0.00011920928955078125, 101.1039702750846, 4.894532284247478, 0.10047370251631788, 0.036472670372197036

Round 0
catalog_page: 0.0017016949132084846, 6.477644765232801, 0.0016751663971706066, 6.475969598835631
catalog_returns: 13.009788101539016, 13.575841682227056, 3.2773963770880883, 10.298445305138967
catalog_sales: 132.3057429259643, 39.23346539935946, 33.49238046350426, 5.7410849358551985
customer_address: 0.2449320713058114, 5.609670190986792, 0.06368386620980045, 5.545986324776992
customer_demographics: 0.011580578982830048, 5.779220876841942, 0.003937312952389807, 5.775283563889552
date_dim: 0.001992875710129738, 60.705289431921244, 0.0010043856328642302, 60.70428504628838
household_demographics: 3.5176053643226624e-05, 4.125529659926096, 0.00033671969529320504, 4.125192940230803
inventory: 5.1357166497036815, 1.5478934733013312, 1.3945244452943932, 0.15336902800693797
item: 0.03489831369370222, 46.45325614187796, 0.009546857823012844, 46.44370928405495
promotion: 7.638614624738693e-05, 5.507974749863942, 0.0004573579484700175, 5.5075173919154725
reason: 1.4491379261016846e-06, 3.0795829442588487, 0.00034848587302563637, 3.079234458385823
ship_mode: 1.3029202818870544e-06, 0.6674042987775802, 0.00033894163190408087, 0.6670653571456762
store: 9.930133819580078e-05, 29.38705916154266, 0.0004671392516702581, 29.386592022290987
store_returns: 20.850121902301908, 16.58433398529688, 5.256201662975548, 11.32813232232133
store_sales: 174.69669486396015, 64.92227008963584, 44.39505544068453, 20.527214648951315
time_dim: 0.0012146271765232086, 4.047074647287925, 0.000946851515603218, 4.046127795772322
warehouse: 2.907589077949524e-06, 2.1579554881676035, 0.0003097417445689382, 2.1576457464230345
web_page: 7.394980639219284e-05, 2.6583349593957264, 0.000349205591645608, 2.657985753804081
web_returns: 6.285572262480855, 13.648423368058996, 1.5771449800668822, 12.071278387992114
web_sales: 67.01082486007363, 37.4744729574279, 16.96660735513383, 20.507865602294068
web_site: 1.0454095900058746e-05, 7.144189167073567, 0.0003215033706630897, 7.143867663702904
Function: 110.657314197829, 3.1620074940041705, 1.3626623153686523, 101.10396795805201, 4.894145358979304, 0.0980684018834769, 0.036462669541382796
hiya: 0b111111111111110111101110, 110.657314197829

Round 0
call_center: 9.615905582904816e-06, 1.1653388538285094, 0.00038925209714324097, 1.1649496017313663
catalog_returns: 13.009788101539016, 7.46149970788916, 3.2780549005170285, 4.1834448073721315
catalog_sales: 132.3057429259643, 33.92115948795517, 33.49907745432533, 0.42208203362984165
customer_address: 0.2449320713058114, 5.972972981881698, 0.06369626406795115, 5.909276717813747
customer_demographics: 0.011580578982830048, 5.779220876841942, 0.003937899132773481, 5.7752829777091685
date_dim: 0.001992875710129738, 55.39298352051695, 0.0010044865073239712, 55.39197903400962
household_demographics: 3.5176053643226624e-05, 4.125529659926096, 0.0003367214758183974, 4.125192938450278
inventory: 5.1357166497036815, 1.5478934733013312, 1.394784402621279, 0.1531090706800522
item: 0.03489831369370222, 43.08324872123201, 0.009548624289693042, 43.07370009694232
promotion: 7.638614624738693e-05, 1.5903340055747828, 0.0004573618149485918, 1.5898766437598342
reason: 1.4491379261016846e-06, 3.0795829442588487, 0.0003484859463774288, 3.079234458312471
ship_mode: 1.3029202818870544e-06, 0.9218070380679766, 0.0003389416978546963, 0.921468096370122
store: 9.930133819580078e-05, 22.90941439630986, 0.00046714427805940575, 22.9089472520318
store_returns: 20.850121902301908, 10.106689220064082, 5.257257044789745, 4.849432175274337
store_sales: 174.69669486396015, 58.44462532440304, 44.4038981570784, 14.04072716732464
time_dim: 0.0012146271765232086, 4.047074647287925, 0.0009469129970391127, 4.046127734290886
warehouse: 2.907589077949524e-06, 2.412358227458, 0.0003097418917439355, 2.412048485566256
web_page: 7.394980639219284e-05, 2.6583349593957264, 0.00034920933480265984, 2.6579857500609236
web_returns: 6.285572262480855, 7.170778602826197, 1.5774631402526464, 5.593315462573551
web_sales: 67.01082486007363, 30.9968281921951, 16.96999927803208, 14.02682891416302
web_site: 1.0454095900058746e-05, 0.6665444018407662, 0.0003215038998236744, 0.6662228979409426
Function: 115.96933648972814, 3.2451311620612944, 6.59184455871582, 101.10356023751447, 4.89326880291899, 0.09906920517178083, 0.03646252334575654
hiya: 0b111111111111110111101101, 115.96933648972814

Round 0
call_center: 9.615905582904816e-06, 0.8020360629336039, 0.0003892483680454381, 0.8016468145655584
catalog_page: 0.0017016949132084846, 0, 0.0016745926690847597, -0.0016745926690847597
catalog_page had no query dependencies
catalog_sales: 132.3057429259643, 26.507196517768698, 33.4472747075395, -6.9400781897708015
customer_address: 0.2449320713058114, 5.609670190986792, 0.06360036381608768, 5.5460698271707045
customer_demographics: 0.011580578982830048, 5.397191433726549, 0.003933364894218043, 5.393258068832331
date_dim: 0.001992875710129738, 47.93148381262779, 0.001003706220440693, 47.93048010640735
household_demographics: 3.5176053643226624e-05, 3.743500216810703, 0.0003367077030511727, 3.743163509107652
inventory: 5.1357166497036815, 1.1658640301859378, 1.392773573587824, -0.22690954340188618
item: 0.03489831369370222, 40.51290118778864, 0.00953496026825643, 40.50336622752039
promotion: 7.638614624738693e-05, 1.2083045624593893, 0.0004573319068576466, 1.2078472305525316
reason: 1.4491379261016846e-06, 3.0795829442588487, 0.0003484853789846355, 3.079234458879864
ship_mode: 1.3029202818870544e-06, 0.9218070380679766, 0.00033894118771169, 0.9214680968802649
store: 9.930133819580078e-05, 20.58165543154995, 0.0004671053977964309, 20.581188326152155
store_returns: 20.850121902301908, 3.6505932100232443, 5.2490934264805755, -1.5985002164573312
store_sales: 174.69669486396015, 52.03606605206489, 44.33549773508445, 7.700568316980437
time_dim: 0.0012146271765232086, 4.047074647287925, 0.0009464374241526067, 4.046128209863772
warehouse: 2.907589077949524e-06, 1.7702573205045857, 0.00030974075331186577, 1.7699475797512738
web_page: 7.394980639219284e-05, 0.33057599463582044, 0.0003491803806317321, 0.3302268142551887
web_returns: 6.285572262480855, 0.7146825927853584, 1.5750020988714002, -0.8603195060860418
web_sales: 67.01082486007363, 24.588268919856944, 16.943761983147017, 7.644506936709927
web_site: 1.0454095900058746e-05, 0.6665444018407662, 0.0003214998066462294, 0.66622290203412

Round 1
call_center: 9.615905582904816e-06, 0, 0.00038924223795191434, -0.00038924223795191434
call_center had no query dependencies
customer_address: 0.2449320713058114, 2.752109436229467, 0.06343370964764347, 2.6886757265818235
customer_demographics: 0.011580578982830048, 4.8097297376887, 0.003925485355412869, 4.805804252333288
date_dim: 0.001992875710129738, 19.677089495364825, 0.0010023502483847934, 19.67608714511644
household_demographics: 3.5176053643226624e-05, 3.743500216810703, 0.0003366837689214452, 3.743163533041782
item: 0.03489831369370222, 14.46673360104799, 0.0095110614280889, 14.4572225396199
promotion: 7.638614624738693e-05, 0.7969105150834719, 0.0004572795965851159, 0.7964532354868867
reason: 1.4491379261016846e-06, 2.9035152955969172, 0.00034848438659526164, 2.903166811210322
ship_mode: 1.3029202818870544e-06, 0.12792945771733918, 0.0003389402954541488, 0.12759051742188504
store: 9.930133819580078e-05, 17.99677498226603, 0.0004670373948885886, 17.99630794487114
store_returns: 20.850121902301908, 1.0657127607393264, 5.234814979241261, -4.169102218501934
store_sales: 174.69669486396015, 27.993935475982436, 44.21586306089952, -16.221927584917086
time_dim: 0.0012146271765232086, 2.7927467581140992, 0.0009456056309316035, 2.7918011524831674
warehouse: 2.907589077949524e-06, 0.12792945771733918, 0.0003097387621552942, 0.1276197189551839
web_page: 7.394980639219284e-05, 0.15450834597388904, 0.0003491297387978917, 0.15415921623509116
web_sales: 67.01082486007363, 2.165926325817505, 16.89776368927846, -14.731837363460954
web_site: 1.0454095900058746e-05, 0.12792945771733918, 0.00032149263063285626, 0.12760796508670633

Round 2
customer_address: 0.2449320713058114, 0, 0.06320058279616626, -0.06320058279616626
customer_address had no query dependencies
customer_demographics: 0.011580578982830048, 0, 0.003914462936412543, -0.003914462936412543
customer_demographics had no query dependencies
date_dim: 0.001992875710129738, 0, 0.001000453425166784, -0.001000453425166784
date_dim had no query dependencies
household_demographics: 3.5176053643226624e-05, 0, 0.0003366502882809169, -0.0003366502882809169
household_demographics had no query dependencies
item: 0.03489831369370222, 0, 0.009477845141018355, -0.009477845141018355
item had no query dependencies
promotion: 7.638614624738693e-05, 0, 0.0004572068920933105, -0.0004572068920933105
promotion had no query dependencies
reason: 1.4491379261016846e-06, 0, 0.0003484830073027898, -0.0003484830073027898
reason had no query dependencies
ship_mode: 1.3029202818870544e-06, 0, 0.0003389390553319328, -0.0003389390553319328
ship_mode had no query dependencies
store: 9.930133819580078e-05, 0, 0.00046694287966974593, -0.00046694287966974593
store had no query dependencies
store_returns: 20.850121902301908, 0, 5.2149697901401115, -5.2149697901401115
store_returns had no query dependencies
time_dim: 0.0012146271765232086, 0, 0.0009443751728904723, -0.0009443751728904723
time_dim had no query dependencies
warehouse: 2.907589077949524e-06, 0, 0.000309735816670103, -0.000309735816670103
warehouse had no query dependencies
web_page: 7.394980639219284e-05, 0, 0.0003490548251654009, -0.0003490548251654009
web_page had no query dependencies
web_site: 1.0454095900058746e-05, 0, 0.0003214818142083827, -0.0003214818142083827
web_site had no query dependencies

Round 3
store_returns: 20.850121902301908, 0, 5.214964301677145, -5.214964301677145
store_returns had no query dependencies
Function: 79.512121994826, 0, 74.27536487579346, 5.024010623375497, 0.21080752760291102, 0.00012751752177678812, 0.0018114505323588849
hiya: 0b10000000000000000, 79.512121994826

Round 0
call_center: 9.615905582904816e-06, 0, 0.00038924533981691634, -0.00038924533981691634
call_center had no query dependencies
catalog_page: 0.0017016949132084846, 0, 0.001674056773528469, -0.001674056773528469
catalog_page had no query dependencies
catalog_returns: 13.009788101539016, 0.047536737702687584, 3.268913088841402, -3.221376351138715
customer_address: 0.2449320713058114, 3.4667920290148255, 0.06351365126091688, 3.403278377753909
customer_demographics: 0.011580578982830048, 4.985797386350631, 0.003929265057113801, 4.981868121293518
date_dim: 0.001992875710129738, 21.47182403256178, 0.0010030006887230952, 21.470821031873058
household_demographics: 3.5176053643226624e-05, 3.743500216810703, 0.0003366952497800434, 3.7431635215609234
inventory: 5.1357166497036815, 1.032515206708908, 1.3909553914651038, -0.35844018475619577
item: 0.03489831369370222, 15.546785545459585, 0.00952260532455551, 15.53726294013503
promotion: 7.638614624738693e-05, 0.7969105150834719, 0.00045730486410295364, 0.7964532102193689
reason: 1.4491379261016846e-06, 3.0795829442588487, 0.00034848486595074945, 3.079234459392898
ship_mode: 1.3029202818870544e-06, 0.12792945771733918, 0.00033894072644279115, 0.12759051699089638
store: 9.930133819580078e-05, 17.99677498226603, 0.0004670702424461293, 17.996307912023582
store_returns: 20.850121902301908, 1.113249498442014, 5.241711921330464, -4.12846242288845
store_sales: 174.69669486396015, 28.178000400254735, 44.273650396306856, -16.09564999605212
time_dim: 0.0012146271765232086, 2.7927467581140992, 0.0009460074133929103, 2.7918007507007063
warehouse: 2.907589077949524e-06, 0.9763797401539485, 0.00030973972394696066, 0.9760700004300015
web_page: 7.394980639219284e-05, 0.33057599463582044, 0.0003491542004070173, 0.3302268404354134
web_returns: 6.285572262480855, 0.762219330488046, 1.5727768368684103, -0.8105575063803643
web_sales: 67.01082486007363, 2.8806089186028636, 16.920038344928706, -14.039429426325842
web_site: 1.0454095900058746e-05, 0.6665444018407662, 0.00032149610561449984, 0.6662229057351517

Round 1
customer_address: 0.2449320713058114, 0, 0.06320058279616626, -0.06320058279616626
customer_address had no query dependencies
customer_demographics: 0.011580578982830048, 0, 0.003914462936412543, -0.003914462936412543
customer_demographics had no query dependencies
date_dim: 0.001992875710129738, 0, 0.001000453425166784, -0.001000453425166784
date_dim had no query dependencies
household_demographics: 3.5176053643226624e-05, 0, 0.0003366502882809169, -0.0003366502882809169
household_demographics had no query dependencies
item: 0.03489831369370222, 0, 0.009477845141018355, -0.009477845141018355
item had no query dependencies
promotion: 7.638614624738693e-05, 0, 0.0004572068920933105, -0.0004572068920933105
promotion had no query dependencies
reason: 1.4491379261016846e-06, 0, 0.0003484830073027898, -0.0003484830073027898
reason had no query dependencies
ship_mode: 1.3029202818870544e-06, 0, 0.0003389390553319328, -0.0003389390553319328
ship_mode had no query dependencies
store: 9.930133819580078e-05, 0, 0.00046694287966974593, -0.00046694287966974593
store had no query dependencies
store_returns: 20.850121902301908, 0, 5.2149697901401115, -5.2149697901401115
store_returns had no query dependencies
time_dim: 0.0012146271765232086, 0, 0.0009443751728904723, -0.0009443751728904723
time_dim had no query dependencies
warehouse: 2.907589077949524e-06, 0, 0.000309735816670103, -0.000309735816670103
warehouse had no query dependencies
web_page: 7.394980639219284e-05, 0, 0.0003490548251654009, -0.0003490548251654009
web_page had no query dependencies
web_site: 1.0454095900058746e-05, 0, 0.0003214818142083827, -0.0003214818142083827
web_site had no query dependencies

Round 2
store_returns: 20.850121902301908, 0, 5.214964301677145, -5.214964301677145
store_returns had no query dependencies
Function: 79.512121994826, 0, 74.27536487579346, 5.024010623375497, 0.21080752760291102, 0.00012751752177678812, 0.0018114505323588849
hiya: 0b10000000000000000, 79.512121994826

Round 0
call_center: 9.615905582904816e-06, 0.8020360629336039, 0.0003892509006888465, 0.801646812032915
catalog_page: 0.0017016949132084846, 6.477644765232801, 0.0016750408625874683, 6.475969724370214
catalog_returns: 13.009788101539016, 13.575841682227056, 3.2764366408196377, 10.299405041407418
catalog_sales: 132.3057429259643, 37.8926233003211, 33.48262022613381, 4.410003074187287
customer_demographics: 0.011580578982830048, 3.9815810684295494, 0.003936457165392099, 3.9776446112641572
date_dim: 0.001992875710129738, 55.89765530386805, 0.0010042383624105419, 55.89665106550564
household_demographics: 3.5176053643226624e-05, 3.1747762012294927, 0.0003367170958368753, 3.174439484133656
inventory: 5.1357166497036815, 1.5478934733013312, 1.3941449237230412, 0.15374854957828998
item: 0.03489831369370222, 44.858011303549205, 0.00954427889123877, 44.848467024657964
promotion: 7.638614624738693e-05, 5.507974749863942, 0.0004573523036511479, 5.507517397560291
reason: 1.4491379261016846e-06, 2.9035152955969172, 0.0003484857659365697, 2.9031668098309806
ship_mode: 1.3029202818870544e-06, 0.9218070380679766, 0.00033894153562027344, 0.9214680965323563
store: 9.930133819580078e-05, 27.765487001792195, 0.0004671319134539039, 27.765019869878742
store_returns: 20.850121902301908, 16.58433398529688, 5.254660870995193, 11.329673114301688
store_sales: 174.69669486396015, 60.02728249143441, 44.38214562328863, 15.645136868145784
time_dim: 0.0012146271765232086, 4.047074647287925, 0.0009467617565206823, 4.046127885531404
warehouse: 2.907589077949524e-06, 2.412358227458, 0.0003097415297025717, 2.4120484859282976
web_page: 7.394980639219284e-05, 2.482267310733795, 0.00034920012686851117, 2.4819181106069266
web_returns: 6.285572262480855, 12.93374077527364, 1.5766804859320587, 11.35706028934158
web_sales: 67.01082486007363, 33.486374926191566, 16.961655358113134, 16.52471956807843
web_site: 1.0454095900058746e-05, 6.605574222950141, 0.0003215025981214614, 6.605252720352019
Function: 115.40030152283164, 3.0409049353508166, 6.291399002075195, 101.04495185140287, 4.890115429950555, 0.09648879581097099, 0.036441508241236216
hiya: 0b111111111111110111001111, 115.40030152283164

Round 0
call_center: 9.615905582904816e-06, 1.1653388538285094, 0.00038925095868937826, 1.16494960286982
catalog_page: 0.0017016949132084846, 6.477644765232801, 0.0016750511267491785, 6.475969714106052
catalog_returns: 13.009788101539016, 13.557115030006566, 3.2765151123293386, 10.280599917677227
catalog_sales: 132.3057429259643, 39.60538076269666, 33.48341825845443, 6.121962504242234
customer_address: 0.2449320713058114, 4.175333173469304, 0.0636672748555797, 4.111665898613724
date_dim: 0.001992875710129738, 56.09140740890781, 0.0010042505726355912, 56.09040315833518
household_demographics: 3.5176053643226624e-05, 2.7927467581140992, 0.00033671731135835977, 2.792410040802741
inventory: 5.1357166497036815, 1.1658640301859378, 1.394176389938302, -0.2283123597523642
item: 0.03489831369370222, 43.01930839709162, 0.00954449271102787, 43.00976390438059
promotion: 7.638614624738693e-05, 3.9176407442891596, 0.0004573527716642967, 3.9171833915174954
reason: 1.4491379261016846e-06, 2.9035152955969172, 0.0003484857748153473, 2.903166809822102
ship_mode: 1.3029202818870544e-06, 0.9218070380679766, 0.0003389415436031847, 0.9214680965243734
store: 9.930133819580078e-05, 25.374239938937425, 0.00046713252186700305, 25.37377280641556
store_returns: 20.850121902301908, 16.58433398529688, 5.254788618390296, 11.329545366906583
store_sales: 174.69669486396015, 60.11254035194715, 44.38321597903075, 15.729324372916402
time_dim: 0.0012146271765232086, 4.047074647287925, 0.0009467691984655568, 4.046127878089459
warehouse: 2.907589077949524e-06, 2.0303287843426068, 0.0003097415475171885, 2.0300190427950895
web_page: 7.394980639219284e-05, 2.482267310733795, 0.00034920057995435784, 2.4819181101538406
web_returns: 6.285572262480855, 13.472355719397065, 1.5767189972408668, 11.895636722156198
web_sales: 67.01082486007363, 37.29840530876597, 16.962065929253182, 20.33633937951279
web_site: 1.0454095900058746e-05, 7.144189167073567, 0.0003215026621730543, 7.1438676644113945

Round 1
call_center: 9.615905582904816e-06, 1.1653388538285094, 0.0003892497709670059, 1.1649496040575424
catalog_page: 0.0017016949132084846, 6.477644765232801, 0.001674840939460847, 6.475969924293341
catalog_returns: 13.009788101539016, 13.557115030006566, 3.2749081896890897, 10.282206840317476
catalog_sales: 132.3057429259643, 39.472031939219626, 33.46707632482082, 6.004955614398803
customer_address: 0.2449320713058114, 4.175333173469304, 0.0636370217194308, 4.111696151749873
date_dim: 0.001992875710129738, 54.92554337872187, 0.0010040044197334212, 54.924539374302135
household_demographics: 3.5176053643226624e-05, 2.7927467581140992, 0.00033671296653763305, 2.7924100451475615
item: 0.03489831369370222, 41.85344436690568, 0.00954002850834088, 41.84390433839734
promotion: 7.638614624738693e-05, 3.9176407442891596, 0.00045734300032570656, 3.917183401288834
reason: 1.4491379261016846e-06, 2.9035152955969172, 0.0003484855894411919, 2.903166810007476
ship_mode: 1.3029202818870544e-06, 0.9218070380679766, 0.00033894137693323397, 0.9214680966910433
store: 9.930133819580078e-05, 25.374239938937425, 0.0004671198192102304, 25.373772819118216
store_returns: 20.850121902301908, 16.58433398529688, 5.2521214645834595, 11.33221252071342
store_sales: 174.69669486396015, 59.92847542767486, 44.36086872576617, 15.567606701908694
time_dim: 0.0012146271765232086, 4.047074647287925, 0.0009466138229951911, 4.04612803346493
warehouse: 2.907589077949524e-06, 1.1818785019059974, 0.00030974117557752717, 1.18156876073042
web_page: 7.394980639219284e-05, 2.482267310733795, 0.00034919112027308793, 2.481918119613522
web_returns: 6.285572262480855, 13.472355719397065, 1.5759149449640228, 11.896440774433042
web_sales: 67.01082486007363, 37.29840530876597, 16.953493884568637, 20.344911424197335
web_site: 1.0454095900058746e-05, 7.144189167073567, 0.00032150132488199156, 7.143867665748686
Function: 115.03868036891238, 2.9904729533314707, 7.313942909240723, 99.86368611368903, 4.741601732774575, 0.09296871598495587, 0.03600794389163852
hiya: 0b111111111111100110101111, 115.03868036891238

Round 0
call_center: 9.615905582904816e-06, 0, 0.00038923588265045916, -0.00038923588265045916
call_center had no query dependencies
catalog_page: 0.0017016949132084846, 0, 0.0016723831701517707, -0.0016723831701517707
catalog_page had no query dependencies
catalog_returns: 13.009788101539016, 0, 3.256118065992204, -3.256118065992204
catalog_returns had no query dependencies
catalog_sales: 132.3057429259643, 0, 33.27598625817376, -33.27598625817376
catalog_sales had no query dependencies
customer_address: 0.2449320713058114, 0, 0.06328326469577672, -0.06328326469577672
customer_address had no query dependencies
customer_demographics: 0.011580578982830048, 0, 0.003918372200984489, -0.003918372200984489
customer_demographics had no query dependencies
household_demographics: 3.5176053643226624e-05, 2.7927467581140992, 0.0003366621621543605, 2.792410095951945
inventory: 5.1357166497036815, 0, 1.386124586058607, -1.386124586058607
inventory had no query dependencies
item: 0.03489831369370222, 1.1440716138688722, 0.009489778949198745, 1.1345818349196735
promotion: 7.638614624738693e-05, 0, 0.0004572330130579209, -0.0004572330130579209
promotion had no query dependencies
reason: 1.4491379261016846e-06, 2.9035152955969172, 0.00034848350284919893, 2.903166812094068
ship_mode: 1.3029202818870544e-06, 0, 0.00033893950087783667, -0.00033893950087783667
ship_mode had no query dependencies
store: 9.930133819580078e-05, 2.6382384121402103, 0.00046697683670080724, 2.6377714353035095
store_returns: 20.850121902301908, 0.5286169094340006, 5.222099686372453, -4.693482776938453
store_sales: 174.69669486396015, 8.890897288525503, 44.10932557163129, -35.21842828310579
time_dim: 0.0012146271765232086, 2.7927467581140992, 0.0009448648995177406, 2.7918018932145814
warehouse: 2.907589077949524e-06, 0, 0.00030973698898356693, -0.00030973698898356693
warehouse had no query dependencies
web_page: 7.394980639219284e-05, 0.15450834597388904, 0.0003490846410545656, 0.15415926133283447
web_returns: 6.285572262480855, 0, 1.5668644436155093, -1.5668644436155093
web_returns had no query dependencies
web_sales: 67.01082486007363, 0.15450834597388904, 16.857006001614646, -16.70249765564076
web_site: 1.0454095900058746e-05, 0, 0.000321486272185898, -0.000321486272185898
web_site had no query dependencies

Round 1
household_demographics: 3.5176053643226624e-05, 0, 0.00033665028208212564, -0.00033665028208212564
household_demographics had no query dependencies
item: 0.03489831369370222, 0, 0.009477838991170929, -0.009477838991170929
item had no query dependencies
reason: 1.4491379261016846e-06, 0, 0.0003484830070289687, -0.0003484830070289687
reason had no query dependencies
store: 9.930133819580078e-05, 0, 0.0004669428599307626, -0.0004669428599307626
store had no query dependencies
store_returns: 20.850121902301908, 0, 5.214965645581584, -5.214965645581584
store_returns had no query dependencies
time_dim: 0.0012146271765232086, 0, 0.0009443749314485545, -0.0009443749314485545
time_dim had no query dependencies
web_page: 7.394980639219284e-05, 0, 0.0003490548098027442, -0.0003490548098027442
web_page had no query dependencies

Round 2
store_returns: 20.850121902301908, 0, 5.214964301677145, -5.214964301677145
store_returns had no query dependencies
Function: 79.512121994826, 0, 74.27536487579346, 5.024010623375497, 0.21080752760291102, 0.00012751752177678812, 0.0018114505323588849
hiya: 0b10000000000000000, 79.512121994826

Round 0
call_center: 9.615905582904816e-06, 1.1653388538285094, 0.0003892511509355786, 1.1649496026775739
catalog_page: 0.0017016949132084846, 6.477644765232801, 0.001675085147921538, 6.47596968008488
catalog_returns: 13.009788101539016, 13.557115030006566, 3.2767752107993573, 10.280339819207208
catalog_sales: 132.3057429259643, 40.01677481007258, 33.48606338388162, 6.530711426190962
customer_address: 0.2449320713058114, 5.022219523185093, 0.06367217166531311, 4.95854735151978
customer_demographics: 0.011580578982830048, 4.446437975029945, 0.003936760025223586, 4.442501215004722
date_dim: 0.001992875710129738, 60.537845383937764, 0.0010042904808756582, 60.536841093456886
inventory: 5.1357166497036815, 1.1658640301859378, 1.3942791860919184, -0.2284151559059806
item: 0.03489831369370222, 46.61886002240578, 0.009545191233290702, 46.60931483117248
promotion: 7.638614624738693e-05, 5.125945306748549, 0.0004573543006041817, 5.125487952447945
reason: 1.4491379261016846e-06, 3.0795829442588487, 0.00034848580382119303, 3.0792344584550273
ship_mode: 1.3029202818870544e-06, 0.9218070380679766, 0.00033894156968234805, 0.9214680964982942
store: 9.930133819580078e-05, 25.798067290705838, 0.00046713450947580466, 25.797600156196363
store_returns: 20.850121902301908, 16.58433398529688, 5.255205953005927, 11.329128032290953
store_sales: 174.69669486396015, 61.33327821879903, 44.386712696140826, 16.946565522658204
time_dim: 0.0012146271765232086, 1.2543278891738256, 0.0009467935103601453, 1.2533810956634654
warehouse: 2.907589077949524e-06, 2.0303287843426068, 0.0003097416057152928, 2.0300190427368916
web_page: 7.394980639219284e-05, 2.5038266134218374, 0.0003492020601286307, 2.503477411361709
web_returns: 6.285572262480855, 13.648423368058996, 1.5768448088258769, 12.071578559233119
web_sales: 67.01082486007363, 37.319964611454004, 16.96340721334577, 20.356557398108233
web_site: 1.0454095900058746e-05, 7.144189167073567, 0.00032150287142152363, 7.143867664202146

Round 1
call_center: 9.615905582904816e-06, 1.1653388538285094, 0.0003892499540586253, 1.164949603874451
catalog_page: 0.0017016949132084846, 6.477644765232801, 0.0016748733405773798, 6.475969891892224
catalog_returns: 13.009788101539016, 13.557115030006566, 3.275155902517679, 10.281959127488886
catalog_sales: 132.3057429259643, 39.88342598659555, 33.46959549189433, 6.413830494701216
customer_address: 0.2449320713058114, 5.022219523185093, 0.06364168534774832, 4.958577837837345
customer_demographics: 0.011580578982830048, 4.446437975029945, 0.003935318608399026, 4.442502656421546
date_dim: 0.001992875710129738, 59.37198135375182, 0.0010040424307063102, 59.37097731132111
item: 0.03489831369370222, 45.45299599221984, 0.009540693806542218, 45.4434552984133
promotion: 7.638614624738693e-05, 5.125945306748549, 0.00045734445654408297, 5.125487962292005
reason: 1.4491379261016846e-06, 3.0795829442588487, 0.0003484856170674224, 3.0792344586417815
ship_mode: 1.3029202818870544e-06, 0.9218070380679766, 0.00033894140177198487, 0.9214680966662047
store: 9.930133819580078e-05, 25.798067290705838, 0.00046712171228169145, 25.797600168993554
store_returns: 20.850121902301908, 16.58433398529688, 5.2525189493651325, 11.331815035931747
store_sales: 174.69669486396015, 61.14921329452674, 44.36419912728336, 16.785014167243382
time_dim: 0.0012146271765232086, 1.2543278891738256, 0.000946636978534537, 1.2533812521952912
warehouse: 2.907589077949524e-06, 1.1818785019059974, 0.0003097412310075345, 1.1815687606749898
web_page: 7.394980639219284e-05, 2.5038266134218374, 0.0003491925300453083, 2.5034774208917923
web_returns: 6.285572262480855, 13.648423368058996, 1.5760347725281083, 12.072388595530887
web_sales: 67.01082486007363, 37.319964611454004, 16.95477137269144, 20.365193238762565
web_site: 1.0454095900058746e-05, 7.144189167073567, 0.00032150152417790195, 7.143867665549389
Function: 113.3889858887386, 3.02328800777793, 5.627436637878418, 99.86646807473649, 4.742408646860917, 0.09337558007038406, 0.0360089414144516
hiya: 0b111111111111100011101111, 113.3889858887386

Round 0
call_center: 9.615905582904816e-06, 1.1653388538285094, 0.00038925148198423255, 1.1649496023465251
catalog_page: 0.0017016949132084846, 6.477644765232801, 0.001675143732503678, 6.4759696215002975
catalog_returns: 13.009788101539016, 13.557115030006566, 3.277223101307662, 10.279891928698904
catalog_sales: 132.3057429259643, 39.88342598659555, 33.490618299456585, 6.392807687138962
customer_address: 0.2449320713058114, 5.972972981881698, 0.06368060398942639, 5.909292377892272
customer_demographics: 0.011580578982830048, 5.397191433726549, 0.003937158712071258, 5.393254275014478
date_dim: 0.001992875710129738, 60.32273481244843, 0.0010043590899957938, 60.321730453358434
household_demographics: 3.5176053643226624e-05, 3.743500216810703, 0.00033671922678763834, 3.7431634975839154
item: 0.03489831369370222, 45.45299599221984, 0.009546239329222078, 45.443449752890615
promotion: 7.638614624738693e-05, 5.125945306748549, 0.00045735659469809694, 5.125487950153851
reason: 1.4491379261016846e-06, 3.0795829442588487, 0.00034848584734293957, 3.0792344584115057
ship_mode: 1.3029202818870544e-06, 0.9218070380679766, 0.0003389416088127616, 0.9214680964591638
store: 9.930133819580078e-05, 29.38705916154266, 0.00046713749177831524, 29.38659202405088
store_returns: 20.850121902301908, 16.58433398529688, 5.255832141655794, 11.328501843641085
store_sales: 174.69669486396015, 64.73820516536354, 44.391959336328625, 20.346245829034913
time_dim: 0.0012146271765232086, 4.047074647287925, 0.0009468299890798057, 4.046127817298845
warehouse: 2.907589077949524e-06, 1.1818785019059974, 0.00030974169303848867, 1.181568760212959
web_page: 7.394980639219284e-05, 2.6583349593957264, 0.00034920428105230874, 2.657985755114674
web_returns: 6.285572262480855, 13.648423368058996, 1.5770335824947852, 12.071389785564211
web_sales: 67.01082486007363, 37.4744729574279, 16.965419739610233, 20.509053217817666
web_site: 1.0454095900058746e-05, 7.144189167073567, 0.0003215031853878509, 7.143867663888179
Function: 109.64724120908058, 3.14012790937543, 1.7670965194702148, 99.86647655069976, 4.74273685488979, 0.0947844301917408, 0.03601894445366264
hiya: 0b111111111111100111101111, 109.64724120908058

Round 0
call_center: 9.615905582904816e-06, 0.617705530185302, 0.0003892405874937762, 0.6173162895978083
catalog_page: 0.0017016949132084846, 2.5600040209436417, 0.0016732157706667232, 2.5583308051729747
catalog_returns: 13.009788101539016, 7.451156195389429, 3.262483458630266, 4.188672736759163
catalog_sales: 132.3057429259643, 8.944700333126384, 33.34072044103832, -24.396020107911937
customer_address: 0.2449320713058114, 3.830094819909731, 0.06340310437274507, 3.766691715536986
customer_demographics: 0.011580578982830048, 1.7976398084123928, 0.00392403831419298, 1.7937157700981998
date_dim: 0.001992875710129738, 16.01381043409745, 0.0010021012303259426, 16.012808332867124
household_demographics: 3.5176053643226624e-05, 3.743500216810703, 0.000336679373528119, 3.7431635374371752
inventory: 5.1357166497036815, 0, 1.388637452898994, -1.388637452898994
inventory had no query dependencies
promotion: 7.638614624738693e-05, 0, 0.0004572703857718268, -0.0004572703857718268
promotion had no query dependencies
reason: 1.4491379261016846e-06, 3.0795829442588487, 0.00034848421185495175, 3.079234460046994
ship_mode: 1.3029202818870544e-06, 0.9218070380679766, 0.0003389401383450913, 0.9214680979296315
store: 9.930133819580078e-05, 12.315132776376405, 0.0004670254209099234, 12.314665750955495
store_returns: 20.850121902301908, 8.153566165233851, 5.232300824655221, 2.92126534057863
store_sales: 174.69669486396015, 21.463510429478884, 44.194797740580725, -22.73128731110184
time_dim: 0.0012146271765232086, 3.33222159917434, 0.0009454591684552451, 3.3312761400058846
warehouse: 2.907589077949524e-06, 0.9218070380679766, 0.0003097384115516647, 0.9214972996564249
web_page: 7.394980639219284e-05, 2.6583349593957264, 0.0003491208217639411, 2.6579858385739623
web_returns: 6.285572262480855, 7.8025359972798825, 1.5699397250040954, 6.232596272275787
web_sales: 67.01082486007363, 10.359148571494021, 16.889791742342833, -6.530643170848812
web_site: 1.0454095900058746e-05, 3.2265484227844077, 0.00032149138696068916, 3.226226931397447

Round 1
call_center: 9.615905582904816e-06, 0, 0.0003892330856210574, -0.0003892330856210574
call_center had no query dependencies
catalog_page: 0.0017016949132084846, 0, 0.0016718881891368289, -0.0016718881891368289
catalog_page had no query dependencies
catalog_returns: 13.009788101539016, 0, 3.25233384000158, -3.25233384000158
catalog_returns had no query dependencies
customer_address: 0.2449320713058114, 0, 0.06320151783281348, -0.06320151783281348
customer_address had no query dependencies
customer_demographics: 0.011580578982830048, 0, 0.003914507145673042, -0.003914507145673042
customer_demographics had no query dependencies
date_dim: 0.001992875710129738, 0, 0.0010004610330386827, -0.0010004610330386827
date_dim had no query dependencies
household_demographics: 3.5176053643226624e-05, 0, 0.00033665042256671743, -0.00033665042256671743
household_demographics had no query dependencies
reason: 1.4491379261016846e-06, 0, 0.00034848301277013203, -0.00034848301277013203
reason had no query dependencies
ship_mode: 1.3029202818870544e-06, 0, 0.00033893906024762163, -0.00033893906024762163
ship_mode had no query dependencies
store: 9.930133819580078e-05, 0, 0.00046694325431621283, -0.00046694325431621283
store had no query dependencies
store_returns: 20.850121902301908, 0, 5.21504845397937, -5.21504845397937
store_returns had no query dependencies
time_dim: 0.0012146271765232086, 0, 0.0009443797554649734, -0.0009443797554649734
time_dim had no query dependencies
warehouse: 2.907589077949524e-06, 0, 0.00030973582763992475, -0.00030973582763992475
warehouse had no query dependencies
web_page: 7.394980639219284e-05, 0, 0.0003490551041650015, -0.0003490551041650015
web_page had no query dependencies
web_returns: 6.285572262480855, 0, 1.5643538724210548, -1.5643538724210548
web_returns had no query dependencies
web_site: 1.0454095900058746e-05, 0, 0.0003214818705560714, -0.0003214818705560714
web_site had no query dependencies

Round 2
store_returns: 20.850121902301908, 0, 5.214964301677145, -5.214964301677145
store_returns had no query dependencies
Function: 79.512121994826, 0, 74.27536487579346, 5.024010623375497, 0.21080752760291102, 0.00012751752177678812, 0.0018114505323588849
hiya: 0b10000000000000000, 79.512121994826

Round 0
call_center: 9.615905582904816e-06, 1.1653388538285094, 0.0003892513067242193, 1.1649496025217851
catalog_page: 0.0017016949132084846, 2.5600040209436417, 0.0016751127173204997, 2.558328908226321
catalog_returns: 13.009788101539016, 9.639474285717407, 3.276985984208735, 6.362488301508671
catalog_sales: 132.3057429259643, 35.6877400184075, 33.488206887857174, 2.1995331305503285
customer_address: 0.2449320713058114, 5.972972981881698, 0.06367613984429743, 5.909296842037401
customer_demographics: 0.011580578982830048, 4.18888687126716, 0.003936947643814737, 4.184949923623345
date_dim: 0.001992875710129738, 56.36265353588581, 0.0010043227677357218, 56.36164921311808
household_demographics: 3.5176053643226624e-05, 3.743500216810703, 0.0003367185856669893, 3.7431634982250364
inventory: 5.1357166497036815, 1.1658640301859378, 1.394362439462556, -0.22849840927661824
item: 0.03489831369370222, 41.49291471565723, 0.009545756958084873, 41.483368958699145
reason: 1.4491379261016846e-06, 3.0795829442588487, 0.000348485827294228, 3.0792344584315545
ship_mode: 1.3029202818870544e-06, 0.9218070380679766, 0.0003389415907869598, 0.9214680964771896
store: 9.930133819580078e-05, 25.4694184172535, 0.00046713611795195104, 25.46895128113555
store_returns: 20.850121902301908, 12.666693241007723, 5.25554368182548, 7.411149559182243
store_sales: 174.69669486396015, 60.20771883026321, 44.38954242101307, 15.818176409250142
time_dim: 0.0012146271765232086, 4.047074647287925, 0.0009468131848063882, 4.046127834103118
warehouse: 2.907589077949524e-06, 2.0303287843426068, 0.0003097416528122178, 2.0300190426897946
web_page: 7.394980639219284e-05, 2.6583349593957264, 0.0003492032579624341, 2.657985756137764
web_returns: 6.285572262480855, 9.730782623769837, 1.5769466220867474, 8.15383600168309
web_sales: 67.01082486007363, 33.55683221313874, 16.96449265001052, 16.59233956312822
web_site: 1.0454095900058746e-05, 3.2265484227844077, 0.0003215030407562395, 3.2262269197436515

Round 1
call_center: 9.615905582904816e-06, 1.1653388538285094, 0.00038925010242875927, 1.1649496037260807
catalog_page: 0.0017016949132084846, 2.5600040209436417, 0.0016748995971478196, 2.558329121346494
catalog_returns: 13.009788101539016, 9.639474285717407, 3.275356639098039, 6.364117646619368
catalog_sales: 132.3057429259643, 35.55439119493047, 33.471636924252, 2.082754270678464
customer_address: 0.2449320713058114, 5.972972981881698, 0.06364546456582863, 5.9093275173158695
customer_demographics: 0.011580578982830048, 4.18888687126716, 0.0039354972927715505, 4.184951373974388
date_dim: 0.001992875710129738, 55.19678950569987, 0.0010040731800968468, 55.19578543251977
household_demographics: 3.5176053643226624e-05, 3.743500216810703, 0.00033671418022006197, 3.743163502630483
item: 0.03489831369370222, 40.32705068547129, 0.00954123260788423, 40.317509452863405
reason: 1.4491379261016846e-06, 3.0795829442588487, 0.00034848563942247227, 3.079234458619426
ship_mode: 1.3029202818870544e-06, 0.9218070380679766, 0.00033894142187141594, 0.9214680966461052
store: 9.930133819580078e-05, 25.4694184172535, 0.00046712324414855376, 25.46895129400935
store_returns: 20.850121902301908, 12.666693241007723, 5.25284059267223, 7.413852648335492
store_sales: 174.69669486396015, 60.023653905990905, 44.36689407664329, 15.656759829347614
time_dim: 0.0012146271765232086, 4.047074647287925, 0.0009466557159166865, 4.046127991572008
warehouse: 2.907589077949524e-06, 1.1818785019059974, 0.0003097412758613042, 1.1815687606301362
web_page: 7.394980639219284e-05, 2.6583349593957264, 0.0003491936708281008, 2.657985765724898
web_returns: 6.285572262480855, 9.730782623769837, 1.5761317365774785, 8.154650887192359
web_sales: 67.01082486007363, 33.55683221313874, 16.955805111650875, 16.601027101487865
web_site: 1.0454095900058746e-05, 3.2265484227844077, 0.00032150168544746156, 3.2262269210989603
Function: 114.77162878425877, 3.0498800169662643, 6.98328971862793, 99.86645814482127, 4.7422979806904, 0.09369398529900844, 0.0360089378538996
hiya: 0b111111111110100111101111, 114.77162878425877

Round 0
call_center: 9.615905582904816e-06, 1.1653388538285094, 0.0003892517256803811, 1.1649496021028292
catalog_page: 0.0017016949132084846, 6.477644765232801, 0.0016751868586026971, 6.475969578374198
catalog_returns: 13.009788101539016, 13.939144473121962, 3.277552808710282, 10.66159166441168
catalog_sales: 132.3057429259643, 40.39880425318797, 33.49397132738536, 6.904832925802609
customer_address: 0.2449320713058114, 5.796905333219766, 0.0636868113093626, 5.733218521910404
customer_demographics: 0.011580578982830048, 5.603153228180011, 0.003937452198989528, 5.599215775981021
date_dim: 0.001992875710129738, 61.69456063708782, 0.001004409595497421, 61.69355622749232
household_demographics: 3.5176053643226624e-05, 4.125529659926096, 0.0003367201182552926, 4.125192939807841
inventory: 5.1357166497036815, 1.5478934733013312, 1.3945861979132959, 0.15330727538803535
item: 0.03489831369370222, 47.00088946552117, 0.00954727744551402, 46.991342188075656
promotion: 7.638614624738693e-05, 5.507974749863942, 0.00045735886694837224, 5.507517390996994
ship_mode: 1.3029202818870544e-06, 0.9218070380679766, 0.0003389416475574281, 0.9214680964204192
store: 9.930133819580078e-05, 29.38705916154266, 0.00046714044468133283, 29.38659202109798
store_returns: 20.850121902301908, 16.05571707586288, 5.25645215734744, 10.79926491851544
store_sales: 174.69669486396015, 62.018754794038934, 44.39715425521697, 17.621600538821966
time_dim: 0.0012146271765232086, 4.047074647287925, 0.0009468661081928006, 4.046127781179732
warehouse: 2.907589077949524e-06, 2.412358227458, 0.0003097417795008538, 2.412048485678499
web_page: 7.394980639219284e-05, 2.482267310733795, 0.0003492064800821548, 2.4819181042537126
web_returns: 6.285572262480855, 13.472355719397065, 1.5772204952357265, 11.895135224161338
web_sales: 67.01082486007363, 37.29840530876597, 16.96741242642128, 20.33099288234469
web_site: 1.0454095900058746e-05, 7.144189167073567, 0.00032150349625910293, 7.143867663577308
Function: 112.57183954551905, 3.181725102806092, 3.2571887969970703, 101.10396992590273, 4.894184149033626, 0.09830890053254616, 0.03646267024699152
hiya: 0b111111111101110111101111, 112.57183954551905

Round 0
call_center: 9.615905582904816e-06, 0.9109361145381132, 0.0003892526601636876, 0.9105468618779495
catalog_page: 0.0017016949132084846, 6.477644765232801, 0.0016753522310135858, 6.4759694130017875
catalog_returns: 13.009788101539016, 13.939144473121962, 3.27881711290888, 10.660327360213081
catalog_sales: 132.3057429259643, 39.60492667283733, 33.506828931596466, 6.0980977412408635
customer_address: 0.2449320713058114, 5.972972981881698, 0.06371061405262839, 5.909262367829069
customer_demographics: 0.011580578982830048, 5.779220876841942, 0.003938577611218837, 5.775282299230723
date_dim: 0.001992875710129738, 60.94882124768178, 0.0010046032651489123, 60.947816644416626
household_demographics: 3.5176053643226624e-05, 4.125529659926096, 0.00033672353669931057, 4.125192936389397
inventory: 5.1357166497036815, 1.5478934733013312, 1.395085291985571, 0.15280818131576024
item: 0.03489831369370222, 47.00088946552117, 0.009550668898486396, 46.991338796622685
promotion: 7.638614624738693e-05, 5.507974749863942, 0.0004573662902303397, 5.507517383573712
reason: 1.4491379261016846e-06, 3.0795829442588487, 0.0003484860312789565, 3.0792344582275697
store: 9.930133819580078e-05, 29.38705916154266, 0.00046715009491193004, 29.386592011447746
store_returns: 20.850121902301908, 16.58433398529688, 5.258478398765654, 11.325855586531226
store_sales: 174.69669486396015, 64.92227008963584, 44.41413150266026, 20.508138586975583
time_dim: 0.0012146271765232086, 3.507599806227684, 0.0009469841472097564, 3.5066528220804742
warehouse: 2.907589077949524e-06, 1.4905511893900236, 0.0003097420620640659, 1.4902414473279595
web_page: 7.394980639219284e-05, 2.6583349593957264, 0.0003492136666185829, 2.657985745729108
web_returns: 6.285572262480855, 13.648423368058996, 1.5778313351586337, 12.070592032900363
web_sales: 67.01082486007363, 36.807068658650316, 16.973924623780906, 19.83314403486941
web_site: 1.0454095900058746e-05, 7.016259709356229, 0.00032150451220146534, 7.015938204844027
Function: 110.4160150268958, 3.341234734334946, 0.9399032592773438, 101.1039699611351, 4.89419365789334, 0.10025074399544251, 0.03646267025962473
hiya: 0b111111111011110111101111, 110.4160150268958

Round 0
call_center: 9.615905582904816e-06, 1.1653388538285094, 0.00038924371916418773, 1.1649496101093453
catalog_page: 0.0017016949132084846, 0, 0.0016737699719911049, -0.0016737699719911049
catalog_page had no query dependencies
catalog_returns: 13.009788101539016, 5.133740743129254, 3.266720435387871, 1.8670203077413827
catalog_sales: 132.3057429259643, 29.00852007391135, 33.383809256421, -4.375289182509654
customer_address: 0.2449320713058114, 4.351400822131236, 0.06348287288897418, 4.287917949242262
customer_demographics: 0.011580578982830048, 1.7664016542367142, 0.003927809831730922, 1.7624738444049832
date_dim: 0.001992875710129738, 35.121807536347305, 0.0010027502622701, 35.12080478608503
household_demographics: 3.5176053643226624e-05, 0.5365377890892824, 0.00033669082952729034, 0.5362010982597551
inventory: 5.1357166497036815, 1.5478934733013312, 1.3903100329524591, 0.15758344034887206
item: 0.03489831369370222, 29.928963080354926, 0.00951821997284019, 29.919444860382086
promotion: 7.638614624738693e-05, 1.5903340055747828, 0.00045729526535499083, 1.5898767103094278
reason: 1.4491379261016846e-06, 3.0795829442588487, 0.00034848468385084784, 3.0792344595749976
ship_mode: 1.3029202818870544e-06, 0.9218070380679766, 0.0003389405627167228, 0.9214680975052598
store_returns: 20.850121902301908, 4.6569539547149335, 5.239091609280034, -0.5821376545651002
store_sales: 174.69669486396015, 35.535210928093186, 44.25169561556901, -8.716484687475827
time_dim: 0.0012146271765232086, 1.4088362351477146, 0.0009458547666965343, 1.407890380381018
warehouse: 2.907589077949524e-06, 2.412358227458, 0.00030973935853947123, 2.412048488099461
web_page: 7.394980639219284e-05, 0.33057599463582044, 0.0003491449068609304, 0.3302268497289595
web_returns: 6.285572262480855, 4.843019638066291, 1.5719869057197866, 3.2710327323465047
web_sales: 67.01082486007363, 28.66906922743519, 16.911616846353642, 11.75745238108155
web_site: 1.0454095900058746e-05, 0.6665444018407662, 0.00032149479180954504, 0.6662229070489567

Round 1
call_center: 9.615905582904816e-06, 0, 0.000389234030668885, -0.000389234030668885
call_center had no query dependencies
catalog_returns: 13.009788101539016, 0.047536737702687584, 3.2536119605269707, -3.2060752228242833
customer_address: 0.2449320713058114, 0.7146825927853584, 0.06322558069265556, 0.6514570120927028
customer_demographics: 0.011580578982830048, 0.17606764866193136, 0.003915644856416548, 0.17215200380551482
date_dim: 0.001992875710129738, 2.1847209208325546, 0.0010006568191137355, 2.183720264013441
household_demographics: 3.5176053643226624e-05, 0.15450834597388904, 0.00033665387836752007, 0.15417169209552153
inventory: 5.1357166497036815, 0.8484502824366092, 1.3849151501613748, -0.5364648677247655
item: 0.03489831369370222, 1.342108870329857, 0.009481560568744194, 1.3326273097611128
promotion: 7.638614624738693e-05, 0, 0.0004572150244978768, -0.0004572150244978768
promotion had no query dependencies
reason: 1.4491379261016846e-06, 0.17606764866193136, 0.000348483161584377, 0.175719165500347
ship_mode: 1.3029202818870544e-06, 0.12792945771733918, 0.00033893919404654756, 0.12759051852329265
store_returns: 20.850121902301908, 0.047536737702687584, 5.2171893176399315, -5.169652579937244
time_dim: 0.0012146271765232086, 0.15450834597388904, 0.0009445044718189369, 0.15356384150207011
warehouse: 2.907589077949524e-06, 0.9763797401539485, 0.0003097361261874261, 0.976070004027761
web_page: 7.394980639219284e-05, 0.33057599463582044, 0.00034906269723586954, 0.33022693193858454
web_returns: 6.285572262480855, 0.762219330488046, 1.5649992668847241, -0.8027799363966781
web_sales: 67.01082486007363, 1.4432422466671466, 16.837121251902072, -15.393879005234925
web_site: 1.0454095900058746e-05, 0.6665444018407662, 0.0003214831700441041, 0.6662229186707221

Round 2
customer_address: 0.2449320713058114, 0, 0.06320058279616626, -0.06320058279616626
customer_address had no query dependencies
customer_demographics: 0.011580578982830048, 0, 0.003914462936412543, -0.003914462936412543
customer_demographics had no query dependencies
date_dim: 0.001992875710129738, 0, 0.001000453425166784, -0.001000453425166784
date_dim had no query dependencies
household_demographics: 3.5176053643226624e-05, 0, 0.0003366502882809169, -0.0003366502882809169
household_demographics had no query dependencies
item: 0.03489831369370222, 0, 0.009477845141018355, -0.009477845141018355
item had no query dependencies
reason: 1.4491379261016846e-06, 0, 0.00034848300728433857, -0.00034848300728433857
reason had no query dependencies
ship_mode: 1.3029202818870544e-06, 0, 0.0003389390553153433, -0.0003389390553153433
ship_mode had no query dependencies
store_returns: 20.850121902301908, 0, 5.214969256627345, -5.214969256627345
store_returns had no query dependencies
time_dim: 0.0012146271765232086, 0, 0.0009443751418106011, -0.0009443751418106011
time_dim had no query dependencies
warehouse: 2.907589077949524e-06, 0, 0.00030973581659570366, -0.00030973581659570366
warehouse had no query dependencies
web_page: 7.394980639219284e-05, 0, 0.0003490548232731738, -0.0003490548232731738
web_page had no query dependencies
web_site: 1.0454095900058746e-05, 0, 0.00032148181394088337, -0.00032148181394088337
web_site had no query dependencies

Round 3
store_returns: 20.850121902301908, 0, 5.214964301677145, -5.214964301677145
store_returns had no query dependencies
Function: 79.512121994826, 0, 74.27536487579346, 5.024010623375497, 0.21080752760291102, 0.00012751752177678812, 0.0018114505323588849
hiya: 0b10000000000000000, 79.512121994826

Round 0
call_center: 9.615905582904816e-06, 1.1653388538285094, 0.00038924969264235725, 1.1649496041358671
catalog_page: 0.0017016949132084846, 0, 0.0016748270786075923, -0.0016748270786075923
catalog_page had no query dependencies
catalog_returns: 13.009788101539016, 1.0054036978483198, 3.274802220774009, -2.269398522925689
catalog_sales: 132.3057429259643, 24.9277197663331, 33.465998651923506, -8.538278885590405
customer_address: 0.2449320713058114, 5.972972981881698, 0.0636350266688072, 5.909337955212891
customer_demographics: 0.011580578982830048, 5.779220876841942, 0.003935003780875673, 5.775285873061066
date_dim: 0.001992875710129738, 45.814911209886866, 0.0010039882527481008, 45.81390722163412
household_demographics: 3.5176053643226624e-05, 4.125529659926096, 0.0003367126811757613, 4.12519294724492
inventory: 5.1357166497036815, 1.5478934733013312, 1.393500381591728, 0.15439309170960325
item: 0.03489831369370222, 38.57012164545814, 0.009539899087012485, 38.56058174637113
promotion: 7.638614624738693e-05, 1.5903340055747828, 0.0004573427170456431, 1.5898766628577372
reason: 1.4491379261016846e-06, 2.550966034824848, 0.00034848558406702526, 2.550617549240781
ship_mode: 1.3029202818870544e-06, 0.9218070380679766, 0.0003389413721013193, 0.9214680966958753
store: 9.930133819580078e-05, 17.4596791309607, 0.0004671194509485656, 17.459212011509752
store_sales: 174.69669486396015, 48.38547284204166, 44.35915242870255, 4.026320413339107
time_dim: 0.0012146271765232086, 4.047074647287925, 0.0009466018899642996, 4.0461280453979604
warehouse: 2.907589077949524e-06, 2.412358227458, 0.000309741147012095, 2.4120484863109883
web_page: 7.394980639219284e-05, 0.33057599463582044, 0.00034919039375770844, 0.33022680424206274
web_returns: 6.285572262480855, 0.7146825927853584, 1.5758531927412596, -0.8611705999559012
web_sales: 67.01082486007363, 24.588268919856944, 16.95283554079157, 7.6354333790653754
web_site: 1.0454095900058746e-05, 0.6665444018407662, 0.0003215012221763616, 0.6662229006185899

Round 1
call_center: 9.615905582904816e-06, 0, 0.00038924233734275495, -0.00038924233734275495
call_center had no query dependencies
customer_address: 0.2449320713058114, 2.752109436229467, 0.06343624128694114, 2.6886731949425258
customer_demographics: 0.011580578982830048, 4.8097297376887, 0.003925605053289453, 4.80580413263541
date_dim: 0.001992875710129738, 20.17250885076841, 0.0010023708469223235, 20.171506479921486
household_demographics: 3.5176053643226624e-05, 3.743500216810703, 0.00033668413250421026, 3.743163532678199
inventory: 5.1357166497036815, 1.032515206708908, 1.3893322651424431, -0.35681705843353506
item: 0.03489831369370222, 15.499248807756898, 0.009511575827518132, 15.489737231929379
promotion: 7.638614624738693e-05, 0.7969105150834719, 0.0004572807225131586, 0.7964532343609587
reason: 1.4491379261016846e-06, 2.3748983861629167, 0.00034848440795548345, 2.3745499017549614
ship_mode: 1.3029202818870544e-06, 0.12792945771733918, 0.00033894031465912973, 0.12759051740268004
store: 9.930133819580078e-05, 17.4596791309607, 0.00046703885858543476, 17.459212092102117
store_sales: 174.69669486396015, 27.112287639515408, 44.21736965189375, -17.10508201237834
time_dim: 0.0012146271765232086, 2.7927467581140992, 0.0009456161059229416, 2.7918011420081763
warehouse: 2.907589077949524e-06, 0.9763797401539485, 0.0003097387872304539, 0.976070001366718
web_page: 7.394980639219284e-05, 0.15450834597388904, 0.0003491303765438572, 0.1541592155973452
web_sales: 67.01082486007363, 2.165926325817505, 16.898341593201188, -14.732415267383683
web_site: 1.0454095900058746e-05, 0.12792945771733918, 0.0003214927207893801, 0.1276079649965498

Round 2
customer_address: 0.2449320713058114, 0, 0.06320058279616626, -0.06320058279616626
customer_address had no query dependencies
customer_demographics: 0.011580578982830048, 0, 0.003914462936412543, -0.003914462936412543
customer_demographics had no query dependencies
date_dim: 0.001992875710129738, 0, 0.001000453425166784, -0.001000453425166784
date_dim had no query dependencies
household_demographics: 3.5176053643226624e-05, 0, 0.0003366502882809169, -0.0003366502882809169
household_demographics had no query dependencies
item: 0.03489831369370222, 0, 0.009477845141018355, -0.009477845141018355
item had no query dependencies
promotion: 7.638614624738693e-05, 0, 0.0004572068920933105, -0.0004572068920933105
promotion had no query dependencies
reason: 1.4491379261016846e-06, 0, 0.0003484830073027898, -0.0003484830073027898
reason had no query dependencies
ship_mode: 1.3029202818870544e-06, 0, 0.0003389390553319328, -0.0003389390553319328
ship_mode had no query dependencies
store: 9.930133819580078e-05, 0, 0.00046694287966974593, -0.00046694287966974593
store had no query dependencies
time_dim: 0.0012146271765232086, 0, 0.0009443677443369053, -0.0009443677443369053
time_dim had no query dependencies
warehouse: 2.907589077949524e-06, 0, 0.00030973579888754255, -0.00030973579888754255
warehouse had no query dependencies
web_page: 7.394980639219284e-05, 0, 0.0003490543728948535, -0.0003490543728948535
web_page had no query dependencies
web_site: 1.0454095900058746e-05, 0, 0.0003214817502720466, -0.0003214817502720466
web_site had no query dependencies
Function: 74.27536487579346, 0, 74.27536487579346, 0.0, 0, 0.0, 0
hiya: 0b0, 74.27536487579346

Round 0
call_center: 9.615905582904816e-06, 1.1653388538285094, 0.0003892365982621407, 1.1649496172302474
catalog_page: 0.0017016949132084846, 0, 0.001672509809577237, -0.001672509809577237
catalog_page had no query dependencies
catalog_returns: 13.009788101539016, 1.0529404355510075, 3.2570862489948276, -2.2041458134438203
catalog_sales: 132.3057429259643, 3.654534563806852, 33.285832396362224, -29.631297832555372
customer_address: 0.2449320713058114, 1.077985383680264, 0.06330149243833369, 1.0146838912419303
customer_demographics: 0.011580578982830048, 0.9694911391532421, 0.003919234022840787, 0.9655719051304014
date_dim: 0.001992875710129738, 5.8392554846394065, 0.0010012744706661392, 5.83825421016874
household_demographics: 3.5176053643226624e-05, 0.5365377890892824, 0.0003366647804744752, 0.536201124308808
inventory: 5.1357166497036815, 1.3638285490290323, 1.386506861749444, -0.022678312720411764
item: 0.03489831369370222, 3.542129805364211, 0.009492376595814837, 3.532637428768396
promotion: 7.638614624738693e-05, 0.7934234904913108, 0.00045723869884022137, 0.7929662517924706
reason: 1.4491379261016846e-06, 0.17606764866193136, 0.00034848361071539163, 0.17571916505121596
ship_mode: 1.3029202818870544e-06, 0.9218070380679766, 0.00033893959786035824, 0.9214680984701162
store: 9.930133819580078e-05, 0, 0.00046698422816927193, -0.00046698422816927193
store had no query dependencies
store_returns: 20.850121902301908, 0.047536737702687584, 5.223651659601876, -5.176114921899188
time_dim: 0.0012146271765232086, 0.6939831870341301, 0.0009448809365805217, 0.6930383060975496
warehouse: 2.907589077949524e-06, 2.412358227458, 0.00030973702737327984, 2.4120484904306267
web_page: 7.394980639219284e-05, 0.33057599463582044, 0.00034908561743456984, 0.33022690901838586
web_returns: 6.285572262480855, 0.762219330488046, 1.566947433786433, -0.8047281032983871
web_sales: 67.01082486007363, 2.2800503452543417, 16.85789076430238, -14.577840419048037
web_site: 1.0454095900058746e-05, 0.6665444018407662, 0.00032148641021425395, 0.666222915430552

Round 1
call_center: 9.615905582904816e-06, 0, 0.0003892330856210574, -0.0003892330856210574
call_center had no query dependencies
customer_address: 0.2449320713058114, 0, 0.06320058554562938, -0.06320058554562938
customer_address had no query dependencies
customer_demographics: 0.011580578982830048, 0, 0.003914463066409298, -0.003914463066409298
customer_demographics had no query dependencies
date_dim: 0.001992875710129738, 0, 0.0010004534475376327, -0.0010004534475376327
date_dim had no query dependencies
household_demographics: 3.5176053643226624e-05, 0, 0.0003366502886757826, -0.0003366502886757826
household_demographics had no query dependencies
item: 0.03489831369370222, 0, 0.009477845532766262, -0.009477845532766262
item had no query dependencies
promotion: 7.638614624738693e-05, 0, 0.00045720689295077635, -0.00045720689295077635
promotion had no query dependencies
reason: 1.4491379261016846e-06, 0, 0.00034848300731905694, -0.00034848300731905694
reason had no query dependencies
ship_mode: 1.3029202818870544e-06, 0, 0.0003389390553465586, -0.0003389390553465586
ship_mode had no query dependencies
store_returns: 20.850121902301908, 0, 5.214969756153632, -5.214969756153632
store_returns had no query dependencies
time_dim: 0.0012146271765232086, 0, 0.0009443751709105846, -0.0009443751709105846
time_dim had no query dependencies
warehouse: 2.907589077949524e-06, 0, 0.00030973581666536354, -0.00030973581666536354
warehouse had no query dependencies
web_page: 7.394980639219284e-05, 0, 0.00034905482504485997, -0.00034905482504485997
web_page had no query dependencies
web_site: 1.0454095900058746e-05, 0, 0.00032148181419134215, -0.00032148181419134215
web_site had no query dependencies

Round 2
store_returns: 20.850121902301908, 0, 5.214964301677145, -5.214964301677145
store_returns had no query dependencies
Function: 79.512121994826, 0, 74.27536487579346, 5.024010623375497, 0.21080752760291102, 0.00012751752177678812, 0.0018114505323588849
hiya: 0b10000000000000000, 79.512121994826

Round 0
call_center: 9.615905582904816e-06, 1.1653388538285094, 0.00038925230549938624, 1.16494960152301
catalog_page: 0.0017016949132084846, 6.477644765232801, 0.0016752894672486698, 6.475969475765552
catalog_returns: 13.009788101539016, 13.939144473121962, 3.278337271736602, 10.66080720138536
catalog_sales: 132.3057429259643, 39.144476364014146, 33.50194908710636, 5.642527276907785
customer_address: 0.2449320713058114, 5.972972981881698, 0.06370158020124614, 5.909271401680452
customer_demographics: 0.011580578982830048, 5.779220876841942, 0.003938150483693668, 5.775282726358248
date_dim: 0.001992875710129738, 60.61630039657594, 0.0010045297617367515, 60.6152958668142
household_demographics: 3.5176053643226624e-05, 1.332782901811997, 0.0003367222392977938, 1.3324461795726992
inventory: 5.1357166497036815, 1.5478934733013312, 1.3948958708913572, 0.15299760240997395
item: 0.03489831369370222, 46.28603641740759, 0.009549381740876862, 46.27648703566671
promotion: 7.638614624738693e-05, 5.507974749863942, 0.00045736347287331013, 5.507517386391069
reason: 1.4491379261016846e-06, 3.0795829442588487, 0.0003484859778302734, 3.0792344582810185
ship_mode: 1.3029202818870544e-06, 0.3823321970077356, 0.00033894172613395694, 0.3819932552816016
store: 9.930133819580078e-05, 26.748820749402448, 0.0004671464333473899, 26.7483536029691
store_returns: 20.850121902301908, 16.58433398529688, 5.2577095866992565, 11.326624398597623
store_sales: 174.69669486396015, 61.56917862938206, 44.40768986516767, 17.16148876421439
warehouse: 2.907589077949524e-06, 1.872883386397759, 0.00030974195479669244, 1.8725736444429624
web_page: 7.394980639219284e-05, 2.5038266134218374, 0.00034921093844713676, 2.5034774024833903
web_returns: 6.285572262480855, 13.648423368058996, 1.5775994465357186, 12.070823921523278
web_sales: 67.01082486007363, 36.06563672228018, 16.971452446666667, 19.094184275613515
web_site: 1.0454095900058746e-05, 7.144189167073567, 0.0003215041265268122, 7.143867662947041
Function: 113.53993488365857, 3.280696069140832, 4.125709533691406, 101.10367760054453, 4.893879427368244, 0.09950968748515644, 0.036462565428408984
hiya: 0b111110111111110111101111, 113.53993488365857

Round 0
call_center: 9.615905582904816e-06, 0.9109361145381132, 0.00038925132675841554, 0.9105468632113548
catalog_page: 0.0017016949132084846, 6.477644765232801, 0.001675116262705756, 6.4759696489700955
catalog_returns: 13.009788101539016, 13.297043566168545, 3.2770130893675757, 10.020030476800969
catalog_sales: 132.3057429259643, 38.96282576588392, 33.4884825394012, 5.474343226482723
customer_address: 0.2449320713058114, 5.972972981881698, 0.06367665014643657, 5.909296331735262
customer_demographics: 0.011580578982830048, 5.397191433726549, 0.003936971771297087, 5.3932544619552525
date_dim: 0.001992875710129738, 59.45827005829176, 0.001004326919779725, 59.45726573137198
household_demographics: 3.5176053643226624e-05, 3.743500216810703, 0.0003367186589543106, 3.7431634981517488
inventory: 5.1357166497036815, 0.3174137477493286, 1.3943731394381793, -1.0769593916888507
item: 0.03489831369370222, 45.51033827613115, 0.00954582966675073, 45.5007924464644
promotion: 7.638614624738693e-05, 5.125945306748549, 0.00045735569802046017, 5.125487951050529
reason: 1.4491379261016846e-06, 3.0795829442588487, 0.0003484858303318763, 3.079234458428517
ship_mode: 1.3029202818870544e-06, 0, 0.00033894159351811014, -0.00033894159351811014
ship_mode had no query dependencies
store: 9.930133819580078e-05, 29.38705916154266, 0.00046713632610504026, 29.386592025216554
store_returns: 20.850121902301908, 16.58433398529688, 5.255587387352151, 11.328746597944729
store_sales: 174.69669486396015, 64.92227008963584, 44.38990861604505, 20.532361473590797
time_dim: 0.0012146271765232086, 3.507599806227684, 0.0009468157308788144, 3.5066529904968053
web_page: 7.394980639219284e-05, 2.6583349593957264, 0.00034920341231123287, 2.657985755983415
web_returns: 6.285572262480855, 13.648423368058996, 1.5769597413980168, 12.071463626660979
web_sales: 67.01082486007363, 36.807068658650316, 16.964632515695463, 19.842436142954853
web_site: 1.0454095900058746e-05, 7.016259709356229, 0.0003215030625761363, 7.015938206293653

Round 1
call_center: 9.615905582904816e-06, 0.9109361145381132, 0.00038924954594567624, 0.9105468649921675
catalog_page: 0.0017016949132084846, 6.477644765232801, 0.001674801118182577, 6.4759699641146184
catalog_returns: 13.009788101539016, 13.297043566168545, 3.2746037482829347, 10.02243981788561
catalog_sales: 132.3057429259643, 38.82947694240689, 33.463980244692195, 5.365496697714697
customer_address: 0.2449320713058114, 5.972972981881698, 0.06363129007617735, 5.909341691805521
customer_demographics: 0.011580578982830048, 5.397191433726549, 0.0039348271118676255, 5.393256606614681
date_dim: 0.001992875710129738, 59.14085631054243, 0.0010039578501770902, 59.13985235269225
household_demographics: 3.5176053643226624e-05, 3.743500216810703, 0.00033671214454296307, 3.7431635046661604
item: 0.03489831369370222, 45.192924528381816, 0.009539213003903169, 45.18338531537791
promotion: 7.638614624738693e-05, 5.125945306748549, 0.00045734121533283294, 5.125487965533216
reason: 1.4491379261016846e-06, 3.0795829442588487, 0.0003484855555777102, 3.079234458703271
store: 9.930133819580078e-05, 29.38705916154266, 0.00046711749775917564, 29.3865920440449
store_returns: 20.850121902301908, 16.58433398529688, 5.2516340337153355, 11.332699951581544
store_sales: 174.69669486396015, 64.73820516536354, 44.35678469393005, 20.381420471433486
time_dim: 0.0012146271765232086, 3.507599806227684, 0.0009465854276322347, 3.506653220800052
web_page: 7.394980639219284e-05, 2.6583349593957264, 0.0003491893908231374, 2.6579857700049034
web_returns: 6.285572262480855, 13.648423368058996, 1.5757679454900706, 12.072655422568925
web_sales: 67.01082486007363, 36.807068658650316, 16.95192671524941, 19.855141943400906
web_site: 1.0454095900058746e-05, 7.016259709356229, 0.0003215010803940541, 7.015938208275835
Function: 110.82802583479874, 3.1054136225851385, 2.983689308166504, 99.86647553614243, 4.74208919055899, 0.0943592332558177, 0.03599894408987463
hiya: 0b111101111011100111101111, 110.82802583479874

Round 0
call_center: 9.615905582904816e-06, 1.1653388538285094, 0.0003892524250399062, 1.1649496014034695
catalog_page: 0.0017016949132084846, 6.477644765232801, 0.0016753106219379434, 6.475969454610864
catalog_returns: 13.009788101539016, 11.611385508362053, 3.278499003444599, 8.332886504917454
catalog_sales: 132.3057429259643, 38.07104528842806, 33.503593851311145, 4.567451437116915
customer_address: 0.2449320713058114, 5.796905333219766, 0.06370462508421629, 5.73320070813555
customer_demographics: 0.011580578982830048, 5.603153228180011, 0.003938294448130588, 5.59921493373188
date_dim: 0.001992875710129738, 59.366801672327924, 0.0010045545362519018, 59.36579711779167
household_demographics: 3.5176053643226624e-05, 3.9710213139522073, 0.0003367226765903301, 3.970684591275617
inventory: 5.1357166497036815, 1.5478934733013312, 1.3949597157610094, 0.1529337575403218
item: 0.03489831369370222, 47.00088946552117, 0.009549815580677776, 46.99133964994049
promotion: 7.638614624738693e-05, 5.507974749863942, 0.00045736442247078273, 5.507517385441472
reason: 1.4491379261016846e-06, 2.9035152955969172, 0.00034848599584529023, 2.903166809601072
ship_mode: 1.3029202818870544e-06, 0.9218070380679766, 0.00033894174233126324, 0.9214680963256453
store: 9.930133819580078e-05, 27.05930019678275, 0.0004671476678159998, 27.058833049114934
store_returns: 20.850121902301908, 14.256575020536976, 5.257968785834622, 8.998606234702354
store_sales: 174.69669486396015, 62.59451112487594, 44.40986161420933, 18.18464951066661
time_dim: 0.0012146271765232086, 3.8925663013140364, 0.0009469544596271879, 3.891619346854409
warehouse: 2.907589077949524e-06, 2.412358227458, 0.00030974199099757533, 2.4120484854670026
web_returns: 6.285572262480855, 11.14459675463716, 1.5776776445186667, 9.566919110118492
web_sales: 67.01082486007363, 34.81613799803217, 16.972286119579955, 17.843851878452213
web_site: 1.0454095900058746e-05, 7.144189167073567, 0.0003215042565848529, 7.143867662816983
Function: 112.15204427401312, 3.3011007827989265, 2.7165651321411133, 101.1039524562625, 4.894200977850358, 0.09976226097728134, 0.03646266398293376
hiya: 0b111011111111110111101111, 112.15204427401312

Round 0
call_center: 9.615905582904816e-06, 1.1653388538285094, 0.00038924947756549717, 1.164949604350944
catalog_page: 0.0017016949132084846, 0, 0.001674789017169113, -0.001674789017169113
catalog_page had no query dependencies
catalog_returns: 13.009788101539016, 1.0054036978483198, 3.274511233684837, -2.2691075358365174
catalog_sales: 132.3057429259643, 27.51260021561702, 33.46303939826662, -5.950439182649603
customer_address: 0.2449320713058114, 5.258290389096339, 0.06362954832666066, 5.194660840769679
customer_demographics: 0.011580578982830048, 5.603153228180011, 0.003934744760594724, 5.599218483419416
date_dim: 0.001992875710129738, 48.22220491769075, 0.00100394367853233, 48.22120097401222
household_demographics: 3.5176053643226624e-05, 4.125529659926096, 0.00033671189440065175, 4.125192948031696
inventory: 5.1357166497036815, 1.5478934733013312, 1.393385512139048, 0.15450796116228327
item: 0.03489831369370222, 41.15500209474205, 0.009539118524051775, 41.145462976218
promotion: 7.638614624738693e-05, 1.5903340055747828, 0.00045734100853339247, 1.5898766645662494
reason: 1.4491379261016846e-06, 2.9035152955969172, 0.0003484855516544737, 2.9031668100452626
ship_mode: 1.3029202818870544e-06, 0.9218070380679766, 0.0003389413429591859, 0.9214680967250174
store: 9.930133819580078e-05, 20.58165543154995, 0.00046711722989722123, 20.581188314320055
store_returns: 20.850121902301908, 3.6505932100232443, 5.251577791226531, -1.6009845812032863
store_sales: 174.69669486396015, 52.03606605206489, 44.35631345558664, 7.679752596478252
time_dim: 0.0012146271765232086, 4.047074647287925, 0.00094658215121708, 4.046128065136708
warehouse: 2.907589077949524e-06, 2.412358227458, 0.00030974109976124553, 2.412048486358239
web_page: 7.394980639219284e-05, 0.15450834597388904, 0.0003491891920090867, 0.15415915678187997
web_sales: 67.01082486007363, 23.873586327071585, 16.95163818763251, 6.921948139439074
web_site: 1.0454095900058746e-05, 0.12792945771733918, 0.0003215010353819925, 0.12760795668195718

Round 1
call_center: 9.615905582904816e-06, 0, 0.0003892430628424462, -0.0003892430628424462
call_center had no query dependencies
customer_address: 0.2449320713058114, 2.752109436229467, 0.06345472089248431, 2.6886547153369826
customer_demographics: 0.011580578982830048, 4.8097297376887, 0.003926478783423785, 4.805803258905277
date_dim: 0.001992875710129738, 20.709604702073733, 0.001002521205169912, 20.708602180868564
household_demographics: 3.5176053643226624e-05, 3.743500216810703, 0.00033668678646288716, 3.7431635300242405
inventory: 5.1357166497036815, 1.032515206708908, 1.3897197440763451, -0.35720453736743707
item: 0.03489831369370222, 15.499248807756898, 0.009514208831304622, 15.489734598925592
promotion: 7.638614624738693e-05, 0.7969105150834719, 0.0004572864856859603, 0.7964532285977859
reason: 1.4491379261016846e-06, 2.9035152955969172, 0.00034848451728986793, 2.903166811079627
ship_mode: 1.3029202818870544e-06, 0.12792945771733918, 0.0003389404129617029, 0.12759051730437748
store: 9.930133819580078e-05, 17.99677498226603, 0.00046704635066089056, 17.996307935915368
store_returns: 20.850121902301908, 1.0657127607393264, 5.236695406510597, -4.170982645771271
store_sales: 174.69669486396015, 28.178000400254735, 44.23161857688281, -16.053618176628074
time_dim: 0.0012146271765232086, 2.7927467581140992, 0.0009457151755220627, 2.791801042938577
warehouse: 2.907589077949524e-06, 0.9763797401539485, 0.00030973902438444646, 0.976070001129564
web_page: 7.394980639219284e-05, 0.15450834597388904, 0.0003491364081705291, 0.15415920956571852
web_sales: 67.01082486007363, 2.165926325817505, 16.90380725022252, -14.737880924405015
web_site: 1.0454095900058746e-05, 0.12792945771733918, 0.00032149357346509, 0.1276079641438741

Round 2
customer_address: 0.2449320713058114, 0, 0.06320058279616626, -0.06320058279616626
customer_address had no query dependencies
customer_demographics: 0.011580578982830048, 0, 0.003914462936412543, -0.003914462936412543
customer_demographics had no query dependencies
date_dim: 0.001992875710129738, 0, 0.001000453425166784, -0.001000453425166784
date_dim had no query dependencies
household_demographics: 3.5176053643226624e-05, 0, 0.0003366502882809169, -0.0003366502882809169
household_demographics had no query dependencies
item: 0.03489831369370222, 0, 0.009477845141018355, -0.009477845141018355
item had no query dependencies
promotion: 7.638614624738693e-05, 0, 0.0004572068920933105, -0.0004572068920933105
promotion had no query dependencies
reason: 1.4491379261016846e-06, 0, 0.0003484830073027898, -0.0003484830073027898
reason had no query dependencies
ship_mode: 1.3029202818870544e-06, 0, 0.0003389390553319328, -0.0003389390553319328
ship_mode had no query dependencies
store: 9.930133819580078e-05, 0, 0.00046694287966974593, -0.00046694287966974593
store had no query dependencies
store_returns: 20.850121902301908, 0, 5.2149697901401115, -5.2149697901401115
store_returns had no query dependencies
time_dim: 0.0012146271765232086, 0, 0.0009443751728904723, -0.0009443751728904723
time_dim had no query dependencies
warehouse: 2.907589077949524e-06, 0, 0.000309735816670103, -0.000309735816670103
warehouse had no query dependencies
web_page: 7.394980639219284e-05, 0, 0.0003490548251654009, -0.0003490548251654009
web_page had no query dependencies
web_site: 1.0454095900058746e-05, 0, 0.0003214818142083827, -0.0003214818142083827
web_site had no query dependencies

Round 3
store_returns: 20.850121902301908, 0, 5.214964301677145, -5.214964301677145
store_returns had no query dependencies
Function: 79.512121994826, 0, 74.27536487579346, 5.024010623375497, 0.21080752760291102, 0.00012751752177678812, 0.0018114505323588849
hiya: 0b10000000000000000, 79.512121994826

Round 0
call_center: 9.615905582904816e-06, 1.1653388538285094, 0.0003892468373850126, 1.1649496069911245
catalog_page: 0.0017016949132084846, 0, 0.001674321793186747, -0.001674321793186747
catalog_page had no query dependencies
catalog_returns: 13.009788101539016, 1.0529404355510075, 3.270939215599011, -2.2179987800480037
catalog_sales: 132.3057429259643, 5.804940214362939, 33.42671301824401, -27.62177280388107
customer_address: 0.2449320713058114, 1.9848749506453673, 0.06356229882331174, 1.9213126518220556
customer_demographics: 0.011580578982830048, 5.603153228180011, 0.003931565151730371, 5.59922166302828
date_dim: 0.001992875710129738, 24.55066367429575, 0.0010033965068164013, 24.54966027778893
household_demographics: 3.5176053643226624e-05, 3.9710213139522073, 0.0003367022363263756, 3.970684611715881
inventory: 5.1357166497036815, 1.5478934733013312, 1.3919754297754272, 0.155918043525904
item: 0.03489831369370222, 19.8855650795873, 0.009529536707137786, 19.87603554288016
promotion: 7.638614624738693e-05, 1.5903340055747828, 0.0004573200356556044, 1.589876685539127
reason: 1.4491379261016846e-06, 2.9035152955969172, 0.0003484851537735213, 2.903166810443144
ship_mode: 1.3029202818870544e-06, 0.25440273929039636, 0.0003389409852243193, 0.25406379830517206
store: 9.930133819580078e-05, 20.58165543154995, 0.00046708996533509204, 20.581188341584618
store_returns: 20.850121902301908, 3.6981299477259317, 5.245853100559363, -1.5477231528334312
store_sales: 174.69669486396015, 29.727847477462298, 44.30834805071473, -14.58050057325243
time_dim: 0.0012146271765232086, 2.6382384121402103, 0.0009462486584493106, 2.637292163481761
warehouse: 2.907589077949524e-06, 1.7449539286804199, 0.0003097403014422651, 1.7446441883789776
web_page: 7.394980639219284e-05, 0, 0.00034916888806225726, -0.00034916888806225726
web_page had no query dependencies
web_returns: 6.285572262480855, 0.047536737702687584, 1.5740252555307614, -1.5264885178280738
web_site: 1.0454095900058746e-05, 0, 0.00032149795589600435, -0.00032149795589600435
web_site had no query dependencies

Round 1
call_center: 9.615905582904816e-06, 0, 0.0003892332891597807, -0.0003892332891597807
call_center had no query dependencies
customer_address: 0.2449320713058114, 0, 0.06320576999348622, -0.06320576999348622
customer_address had no query dependencies
customer_demographics: 0.011580578982830048, 0, 0.003914708191139467, -0.003914708191139467
customer_demographics had no query dependencies
date_dim: 0.001992875710129738, 0.8484502824366092, 0.0010004956304994197, 0.8474497868061098
household_demographics: 3.5176053643226624e-05, 0, 0.0003366510332431026, -0.0003366510332431026
household_demographics had no query dependencies
inventory: 5.1357166497036815, 0.8484502824366092, 1.3844997609596918, -0.5360494785230826
item: 0.03489831369370222, 0.8484502824366092, 0.009478737908606559, 0.8389715445280027
promotion: 7.638614624738693e-05, 0, 0.00045720884620135586, -0.00045720884620135586
promotion had no query dependencies
reason: 1.4491379261016846e-06, 0, 0.00034848304437459164, -0.00034848304437459164
reason had no query dependencies
ship_mode: 1.3029202818870544e-06, 0, 0.0003389390886631994, -0.0003389390886631994
ship_mode had no query dependencies
store: 9.930133819580078e-05, 0, 0.0004669454199935273, -0.0004669454199935273
store had no query dependencies
store_returns: 20.850121902301908, 0, 5.215503177317723, -5.215503177317723
store_returns had no query dependencies
time_dim: 0.0012146271765232086, 0, 0.0009444062454455669, -0.0009444062454455669
time_dim had no query dependencies
warehouse: 2.907589077949524e-06, 0.8484502824366092, 0.0003097358910519575, 0.8481405465455573

Round 2
date_dim: 0.001992875710129738, 0, 0.0010004531041683034, -0.0010004531041683034
date_dim had no query dependencies
item: 0.03489831369370222, 0, 0.009477839187543259, -0.009477839187543259
item had no query dependencies
store_returns: 20.850121902301908, 0, 5.214965284280199, -5.214965284280199
store_returns had no query dependencies
warehouse: 2.907589077949524e-06, 0, 0.0003097358159866809, -0.0003097358159866809
warehouse had no query dependencies

Round 3
store_returns: 20.850121902301908, 0, 5.214964301677145, -5.214964301677145
store_returns had no query dependencies
Function: 79.512121994826, 0, 74.27536487579346, 5.024010623375497, 0.21080752760291102, 0.00012751752177678812, 0.0018114505323588849
hiya: 0b10000000000000000, 79.512121994826

Round 0
call_center: 9.615905582904816e-06, 1.1653388538285094, 0.0003892516714775392, 1.1649496021570318
catalog_page: 0.0017016949132084846, 0, 0.0016751772665055706, -0.0016751772665055706
catalog_page had no query dependencies
catalog_returns: 13.009788101539016, 7.46149970788916, 3.2774794752648457, 4.184020232624314
catalog_sales: 132.3057429259643, 33.92115948795517, 33.49322554767672, 0.4279339402784501
customer_address: 0.2449320713058114, 5.434358037758271, 0.06368543067867542, 5.370672607079595
customer_demographics: 0.011580578982830048, 5.779220876841942, 0.003937386921695976, 5.775283489920246
date_dim: 0.001992875710129738, 54.72643911867618, 0.0010043983620752462, 54.725434720314105
household_demographics: 3.5176053643226624e-05, 4.125529659926096, 0.00033671991997525984, 4.125192940006121
inventory: 5.1357166497036815, 1.5478934733013312, 1.394557248956267, 0.15333622434506422
item: 0.03489831369370222, 43.08324872123201, 0.009547080731043107, 43.073701640500964
promotion: 7.638614624738693e-05, 1.5903340055747828, 0.0004573584363756954, 1.5898766471384072
reason: 1.4491379261016846e-06, 3.0795829442588487, 0.00034848588228179937, 3.079234458376567
ship_mode: 1.3029202818870544e-06, 0.7938775803506374, 0.00033894164022629943, 0.7935386387104111
store: 9.930133819580078e-05, 22.90941439630986, 0.00046713988594347525, 22.908947256423914
store_returns: 20.850121902301908, 10.106689220064082, 5.256334840172727, 4.850354379891355
store_sales: 174.69669486396015, 58.44462532440304, 44.39617129105161, 14.048454033351433
time_dim: 0.0012146271765232086, 4.047074647287925, 0.0009468592738620783, 4.046127788014063
warehouse: 2.907589077949524e-06, 2.2844287697406607, 0.0003097417631407511, 2.28411902797752
web_page: 7.394980639219284e-05, 2.6583349593957264, 0.00034920606398951054, 2.657985753331737
web_returns: 6.285572262480855, 6.632163658702771, 1.5771851282684373, 5.054978530434333
web_sales: 67.01082486007363, 30.330283790354333, 16.96703537727573, 13.363248413078601

Round 1
call_center: 9.615905582904816e-06, 1.1653388538285094, 0.00038925078643675437, 1.1649496030420727
catalog_returns: 13.009788101539016, 7.46149970788916, 3.2762815871762405, 4.1852181207129195
catalog_sales: 132.3057429259643, 33.92115948795517, 33.48104337589436, 0.4401161120608137
customer_address: 0.2449320713058114, 5.434358037758271, 0.06366287833512879, 5.370695159423142
customer_demographics: 0.011580578982830048, 5.779220876841942, 0.003936320629338682, 5.775284556212603
date_dim: 0.001992875710129738, 54.72643911867618, 0.001004214866229149, 54.725434903809955
household_demographics: 3.5176053643226624e-05, 4.125529659926096, 0.00033671668110808273, 4.125192943244988
inventory: 5.1357166497036815, 1.5478934733013312, 1.3940843731681976, 0.15380910013313365
item: 0.03489831369370222, 43.08324872123201, 0.009543867437024803, 43.073704853794986
promotion: 7.638614624738693e-05, 1.5903340055747828, 0.0004573514030517081, 1.589876654171731
reason: 1.4491379261016846e-06, 3.0795829442588487, 0.000348485748851105, 3.0792344585099976
ship_mode: 1.3029202818870544e-06, 0.7938775803506374, 0.00033894152025872775, 0.7935386388303787
store: 9.930133819580078e-05, 22.90941439630986, 0.00046713074268231843, 22.90894726556718
store_returns: 20.850121902301908, 10.106689220064082, 5.2544150462085355, 4.852274173855546
store_sales: 174.69669486396015, 58.44462532440304, 44.3800859337604, 14.064539390642643
time_dim: 0.0012146271765232086, 4.047074647287925, 0.0009467474359585324, 4.0461278998519665
warehouse: 2.907589077949524e-06, 2.2844287697406607, 0.0003097414954218386, 2.284119028245239
web_page: 7.394980639219284e-05, 2.6583349593957264, 0.00034919925499373437, 2.6579857601407326
web_returns: 6.285572262480855, 6.632163658702771, 1.576606378477547, 5.055557280225224
web_sales: 67.01082486007363, 30.330283790354333, 16.9608652945441, 13.369418495810233
Function: 116.63466104243068, 3.172473064512412, 7.331047058105469, 101.10355771851295, 4.892949830154975, 0.0981808487023542, 0.03645252244252265
hiya: 0b11111111111110111101101, 116.63466104243068
{110.657314197829: [1, 2, 3, 5, 6, 7, 8, 10, 11, 12, 13, 14, 15, 16, 17, 18, 19, 20, 21, 22, 23], 115.96933648972814: [0, 2, 3, 5, 6, 7, 8, 10, 11, 12, 13, 14, 15, 16, 17, 18, 19, 20, 21, 22, 23], 79.512121994826: [16], 115.40030152283164: [0, 1, 2, 3, 6, 7, 8, 10, 11, 12, 13, 14, 15, 16, 17, 18, 19, 20, 21, 22, 23], 115.03868036891238: [0, 1, 2, 3, 5, 7, 8, 11, 12, 13, 14, 15, 16, 17, 18, 19, 20, 21, 22, 23], 113.3889858887386: [0, 1, 2, 3, 5, 6, 7, 11, 12, 13, 14, 15, 16, 17, 18, 19, 20, 21, 22, 23], 109.64724120908058: [0, 1, 2, 3, 5, 6, 7, 8, 11, 12, 13, 14, 15, 16, 17, 18, 19, 20, 21, 22, 23], 114.77162878425877: [0, 1, 2, 3, 5, 6, 7, 8, 11, 13, 14, 15, 16, 17, 18, 19, 20, 21, 22, 23], 112.57183954551905: [0, 1, 2, 3, 5, 6, 7, 8, 10, 11, 12, 14, 15, 16, 17, 18, 19, 20, 21, 22, 23], 110.4160150268958: [0, 1, 2, 3, 5, 6, 7, 8, 10, 11, 12, 13, 15, 16, 17, 18, 19, 20, 21, 22, 23], 74.27536487579346: [], 113.53993488365857: [0, 1, 2, 3, 5, 6, 7, 8, 10, 11, 12, 13, 14, 15, 16, 17, 19, 20, 21, 22, 23], 110.82802583479874: [0, 1, 2, 3, 5, 6, 7, 8, 11, 12, 13, 15, 16, 17, 18, 20, 21, 22, 23], 112.15204427401312: [0, 1, 2, 3, 5, 6, 7, 8, 10, 11, 12, 13, 14, 15, 16, 17, 18, 19, 21, 22, 23], 116.63466104243068: [0, 2, 3, 5, 6, 7, 8, 10, 11, 12, 13, 14, 15, 16, 17, 18, 19, 20, 21, 22]}
NEW ENTRY: 74.27536487579346, 0b11111111111110111101101
{109.49477988776489: [0, 1, 2, 3, 5, 6, 7, 8, 10, 11, 12, 13, 14, 15, 16, 17, 18, 19, 20, 21, 22, 23], 74.27536487579346: []}
[0, 1, 2, 3, 5, 6, 7, 8, 10, 11, 12, 13, 14, 15, 16, 17, 18, 19, 20, 21, 22, 23]
----
Best Cost: $74.27536487579346;
[]
[]
0
Optimal Subset: 0b0
Function: 74.27536487579346, 0, 74.27536487579346, 0.0, 0, 0.0, 0
74.27536487579346
Real: 74.27536487579346, 0, 74.27536487579346, 0.0, 0, 0.0, 0
Num Redshift Qs: 0; Num GCP Qs: 70
Redshift Qs: $0; GCP Qs: $74.27536487579346; Movement Cost: $0.0
Load Cost: $0, Storage Cost: $0.0, API Cost: $0
Final cost: $74.27536487579346, BQ Baseline: $74.27536487579346, Diff: $0.0, %: 0.0%
