Egress: $0.24/GB
Benchmark: tpcds
Data Path: parquet_1000/real_data_rs1
BigQuery Cost: $5.0/TB; DuckDB Cost: $1.48/hr; Redshift Cost: $1.086/hr
Use Duck: False
Excluded Table: income_band
Excluded Query: None

Starting analysis without using DuckDB
Redshift Total: $6.545120865504346, Redshift-Calcite Total: $5.660875758498114, BigQuery Total: $92.41918087005615
Excluding table income_band and any queries that depend on it
Total Keys: 97, Keys Considered: 96

Round 0
call_center: 9.615905582904816e-06, 1.187128373010953, 0.0003892680456334228, 1.1867391049653195
catalog_page: 0.0017016949132084846, 6.477644765232801, 0.0016780749465560786, 6.475966690286246
catalog_returns: 13.009788101539016, 13.987507691287593, 3.2996328020160495, 10.687874889271544
catalog_sales: 132.3057429259643, 47.977790460266256, 33.718518406501445, 14.25927205376481
customer: 0.8535048151388764, 16.054509608677623, 0.2179499351510405, 15.836559673526583
customer_address: 0.2449320713058114, 14.980279372385738, 0.0641025767116981, 14.916176795674039
customer_demographics: 0.011580578982830048, 9.14037671368758, 0.003957109910837572, 9.136419603776742
date_dim: 0.001992875710129738, 76.97586014428178, 0.0010077924467794494, 76.974852351835
household_demographics: 3.5176053643226624e-05, 7.6029979141497614, 0.0003367798286313882, 7.60266113432113
inventory: 5.1357166497036815, 1.5478934733013312, 1.4033039345811054, 0.14458953872022584
item: 0.03489831369370222, 53.82171246415415, 0.009606516365743363, 53.81210594778841
promotion: 7.638614624738693e-05, 6.617056806000074, 0.00045748853031445607, 6.616599317469759
reason: 1.4491379261016846e-06, 3.0795829442588487, 0.00034848835032175006, 3.079234455908527
ship_mode: 1.3029202818870544e-06, 0.9218070380679766, 0.0003389438592416535, 0.921468094208735
store: 9.930133819580078e-05, 36.296195065356486, 0.0004673090069535634, 36.295727756349535
store_returns: 20.850121902301908, 17.59803960950931, 5.291844871967318, 12.306194737541993
store_sales: 174.69669486396015, 78.27399789150678, 44.69369881717818, 33.5802990743286
time_dim: 0.0012146271765232086, 4.047074647287925, 0.000948927916427288, 4.0461257193714975
warehouse: 2.907589077949524e-06, 2.4123582274579998, 0.0003097467150820917, 2.412048480742918
web_page: 7.394980639219284e-05, 2.6583349593957264, 0.0003493320085757578, 2.6579856273871507
web_returns: 6.285572262480855, 13.662395008337098, 1.5878901434205672, 12.07450486491653
web_sales: 67.01082486007363, 44.3071021792054, 17.081162121115074, 27.225940058090327
web_site: 1.0454095900058746e-05, 7.144189167073567, 0.00032152124190272714, 7.143867645831665
STARTING PHASE 2: 0b111111111111110111111111
----
[0, 1, 2, 3, 4, 5, 6, 7, 8, 10, 11, 12, 13, 14, 15, 16, 17, 18, 19, 20, 21, 22, 23]
Function: 111.82560577189324, 5.448518131839834, 0.00011920928955078125, 101.30962937283243, 4.904497922297319, 0.12628472244586975, 0.036556413188225036

Round 0
catalog_page: 0.0017016949132084846, 6.477644765232801, 0.0016775904424444392, 6.475967174790357
catalog_returns: 13.009788101539016, 13.602415381210246, 3.2959286739859146, 10.306486707224332
catalog_sales: 132.3057429259643, 46.81245160643774, 33.6808485069539, 13.13160309948384
customer: 0.8535048151388764, 16.03272008949518, 0.21770692649594664, 15.815013162999232
customer_address: 0.2449320713058114, 14.595187062308389, 0.06403284000701684, 14.531154222301373
customer_demographics: 0.011580578982830048, 9.118587194505135, 0.003953812705158226, 9.114633381799978
date_dim: 0.001992875710129738, 75.78873177127083, 0.0010072250380929394, 75.78772454623274
household_demographics: 3.5176053643226624e-05, 7.581208394967319, 0.0003367698133563297, 7.5808716251539625
inventory: 5.1357166497036815, 1.5478934733013312, 1.4018417007731045, 0.14605177252822665
item: 0.03489831369370222, 53.27407914051095, 0.00959658016840115, 53.26448256034255
promotion: 7.638614624738693e-05, 6.617056806000074, 0.0004574667817615034, 6.616599339218312
reason: 1.4491379261016846e-06, 3.0795829442588487, 0.00034848793772529805, 3.0792344563211236
ship_mode: 1.3029202818870544e-06, 0.6674042987775802, 0.00033894348827607747, 0.6670653552893041
store: 9.930133819580078e-05, 36.296195065356486, 0.0004672807340203403, 36.295727784622464
store_returns: 20.850121902301908, 17.59803960950931, 5.285908455450211, 12.312131154059099
store_sales: 174.69669486396015, 78.27399789150678, 44.643959427176824, 33.63003846432996
time_dim: 0.0012146271765232086, 4.047074647287925, 0.000948582089536365, 4.046126065198388
warehouse: 2.907589077949524e-06, 2.1579554881676035, 0.00030974588723753956, 2.157645742280366
web_page: 7.394980639219284e-05, 2.6583349593957264, 0.0003493109536939609, 2.6579856484420326
web_returns: 6.285572262480855, 13.662395008337098, 1.5861005243874842, 12.076294483949614
web_sales: 67.01082486007363, 44.3071021792054, 17.06208289609239, 27.24501928311301
web_site: 1.0454095900058746e-05, 7.144189167073567, 0.00032151826542767996, 7.14386764880814
Function: 113.00991002688282, 5.250110311003131, 1.385655403137207, 101.30962705579985, 4.904110997029146, 0.12385984755607603, 0.03654641235741079
hiya: 0b111111111111110111111110, 113.00991002688282

Round 0
call_center: 9.615905582904816e-06, 1.187128373010953, 0.00038926582546891536, 1.186739107185484
catalog_returns: 13.009788101539016, 7.5098629260547956, 3.296628565417636, 4.213234360637159
catalog_sales: 132.3057429259643, 41.50014569503345, 33.6879661982736, 7.812179496759853
customer: 0.8535048151388764, 16.054509608677623, 0.21775284274780152, 15.836756765929822
customer_address: 0.2449320713058114, 14.980279372385738, 0.06404601669035118, 14.916233355695386
customer_demographics: 0.011580578982830048, 9.14037671368758, 0.003954435709002808, 9.136422277978577
date_dim: 0.001992875710129738, 70.49821537904897, 0.0010073322494189903, 70.49720804679956
household_demographics: 3.5176053643226624e-05, 7.6029979141497614, 0.0003367717057329276, 7.6026611424440285
inventory: 5.1357166497036815, 1.5478934733013312, 1.402117988445957, 0.14577548485537428
item: 0.03489831369370222, 49.904071719864994, 0.009598457603340528, 49.894473262261656
promotion: 7.638614624738693e-05, 2.699416061710914, 0.00045747089112968406, 2.6989585908197844
reason: 1.4491379261016846e-06, 3.0795829442588487, 0.0003484880156850012, 3.0792344562431637
ship_mode: 1.3029202818870544e-06, 0.9218070380679766, 0.00033894355836966655, 0.9214680945096069
store: 9.930133819580078e-05, 29.818550300123693, 0.0004672860761639033, 29.81808301404753
store_returns: 20.850121902301908, 11.12039484427651, 5.287030135646374, 5.8333647086301355
store_sales: 174.69669486396015, 71.79635312627396, 44.65335763711929, 27.142995489154664
time_dim: 0.0012146271765232086, 4.047074647287925, 0.000948647433195074, 4.04612599985473
warehouse: 2.907589077949524e-06, 2.4123582274579998, 0.00030974604365797216, 2.4120484814143417
web_page: 7.394980639219284e-05, 2.6583349593957264, 0.0003493149319936432, 2.6579856444637326
web_returns: 6.285572262480855, 7.184750243104298, 1.5864386711840068, 5.598311571920291
web_sales: 67.01082486007363, 37.82945741397261, 17.06568789732578, 20.763769516646832
web_site: 1.0454095900058746e-05, 0.6665444018407662, 0.0003215188278297798, 0.6662228830129364
Function: 118.30015941409734, 5.334437547646366, 6.59184455871582, 101.30921933526231, 4.9032344409688315, 0.12487726534222625, 0.03654626616178453
hiya: 0b111111111111110111111101, 118.30015941409734

Round 0
call_center: 9.615905582904816e-06, 0.8020360629336039, 0.0003892617806758687, 0.801646801152928
catalog_page: 0.0017016949132084846, 0, 0.0016769662577997976, -0.0016769662577997976
catalog_page had no query dependencies
catalog_sales: 132.3057429259643, 34.086182724847, 33.63181978427811, 0.4543629405688918
customer: 0.8535048151388764, 16.006146390511987, 0.21739064203271427, 15.788755748479272
customer_address: 0.2449320713058114, 14.568613363325197, 0.06394207518961069, 14.504671288135587
customer_demographics: 0.011580578982830048, 8.736557751389743, 0.003949521273941275, 8.732608230115801
date_dim: 0.001992875710129738, 62.98835245299418, 0.0010064865353767425, 62.987345966458804
household_demographics: 3.5176053643226624e-05, 7.199178951851924, 0.00033675677811733886, 7.198842195073807
inventory: 5.1357166497036815, 1.165864030185938, 1.3999385511305324, -0.23407452094459447
item: 0.03489831369370222, 47.33372418642163, 0.009583647851888638, 47.324140538569736
promotion: 7.638614624738693e-05, 2.3173866185955205, 0.00045743847524133425, 2.316929180120279
reason: 1.4491379261016846e-06, 3.0795829442588487, 0.0003484874007162467, 3.0792344568581322
ship_mode: 1.3029202818870544e-06, 0.9218070380679766, 0.00033894300545110135, 0.9214680950625255
store: 9.930133819580078e-05, 27.490791335363784, 0.00046724393578570543, 27.490324091428
store_returns: 20.850121902301908, 4.664298834235669, 5.278181996855919, -0.6138831626202501
store_sales: 174.69669486396015, 65.3877938539358, 44.57922183064138, 20.808572023294424
time_dim: 0.0012146271765232086, 4.047074647287925, 0.0009481319834587659, 4.046126515304466
warehouse: 2.907589077949524e-06, 1.7702573205045857, 0.0003097448097682219, 1.7699475756948175
web_page: 7.394980639219284e-05, 0.33057599463582044, 0.0003492835500116313, 0.3302267110858088
web_returns: 6.285572262480855, 0.7286542330634593, 1.583771271155534, -0.8551170380920747
web_sales: 67.01082486007363, 31.42089814163446, 17.037250601774076, 14.383647539860384
web_site: 1.0454095900058746e-05, 0.6665444018407662, 0.00032151439143886153, 0.6662228874493273

Round 1
call_center: 9.615905582904816e-06, 0.8020360629336039, 0.00038925695304835057, 0.8016468059805555
catalog_sales: 132.3057429259643, 33.95283390136997, 33.565391357444526, 0.3874425439254452
customer: 0.8535048151388764, 15.992174750233888, 0.21696211201647542, 15.775212638217413
customer_address: 0.2449320713058114, 13.83995913026174, 0.06381909902986047, 13.77614003123188
customer_demographics: 0.011580578982830048, 8.560490102727812, 0.003943706865385466, 8.556546395862426
date_dim: 0.001992875710129738, 61.09383418974478, 0.0010054859469263012, 61.092828703797856
household_demographics: 3.5176053643226624e-05, 7.199178951851924, 0.0003367391168287655, 7.198842212735095
item: 0.03489831369370222, 46.16786015623568, 0.009565972324335061, 46.15829418391135
promotion: 7.638614624738693e-05, 2.3173866185955205, 0.0004573997866833553, 2.3169292188088373
reason: 1.4491379261016846e-06, 2.9035152955969172, 0.00034848666674733444, 2.90316680893017
ship_mode: 1.3029202818870544e-06, 0.9218070380679766, 0.00033894234553946364, 0.9214680957224372
store: 9.930133819580078e-05, 27.490791335363784, 0.0004671936409905244, 27.490324141722795
store_returns: 20.850121902301908, 4.664298834235669, 5.267621689919195, -0.6033228556835262
store_sales: 174.69669486396015, 65.2037289296635, 44.490740299106974, 20.712988630556524
time_dim: 0.0012146271765232086, 4.047074647287925, 0.0009475167910940462, 4.0461271304968305
warehouse: 2.907589077949524e-06, 0.9218070380679766, 0.0003097433371133735, 0.9214972947308632
web_page: 7.394980639219284e-05, 0.15450834597388904, 0.00034924609542709347, 0.15415909987846196
web_sales: 67.01082486007363, 30.7062155488491, 17.003202149244082, 13.70301339960502
web_site: 1.0454095900058746e-05, 0.12792945771733918, 0.0003215090796733559, 0.12760794863766584
Function: 121.45736755559892, 4.502841564098994, 16.827821731567383, 95.42234773649717, 4.565761663580735, 0.10418943874684194, 0.03440542110779882
hiya: 0b110111111111100111111001, 121.45736755559892

Round 0
call_center: 9.615905582904816e-06, 0.02178951918244362, 0.00038924860472456185, 0.02140027057771906
catalog_page: 0.0017016949132084846, 0, 0.0016746345534041716, -0.0016746345534041716
catalog_page had no query dependencies
catalog_returns: 13.009788101539016, 0.09589995586832364, 3.2733303282030985, -3.1774303723347748
customer: 0.8535048151388764, 8.475523401599327, 0.21618776957663008, 8.259335632022697
customer_address: 0.2449320713058114, 8.45626061378757, 0.06359688435183261, 8.392663729435737
customer_demographics: 0.011580578982830048, 5.007586905533075, 0.0039332003824397, 5.003653705150636
date_dim: 0.001992875710129738, 28.998069684015512, 0.0010036779099799142, 28.99706600610553
household_demographics: 3.5176053643226624e-05, 7.220968471034369, 0.00033670720334600697, 7.2206317638310225
inventory: 5.1357166497036815, 1.032515206708908, 1.392700616451539, -0.3601854097426309
item: 0.03489831369370222, 18.50428611550013, 0.009534464508618208, 18.49475165099151
promotion: 7.638614624738693e-05, 1.905992571219603, 0.0004573308217287616, 1.9055352403978743
reason: 1.4491379261016846e-06, 3.0795829442588487, 0.00034848535839842324, 3.07923445890045
ship_mode: 1.3029202818870544e-06, 0.12792945771733918, 0.00033894116920262125, 0.12759051654813655
store: 9.930133819580078e-05, 24.376618222862877, 0.00046710398713814143, 24.37615111887574
store_returns: 20.850121902301908, 2.126955122654438, 5.248797233117713, -3.1218421104632754
store_sales: 174.69669486396015, 36.43029624798775, 44.333016022901894, -7.9027197749141465
time_dim: 0.0012146271765232086, 2.7927467581140992, 0.0009464201693610173, 2.7918003379447383
warehouse: 2.907589077949524e-06, 0.9763797401539485, 0.0003097407120071391, 0.9760699994419413
web_page: 7.394980639219284e-05, 0.33057599463582044, 0.0003491793301130857, 0.33022681530570736
web_returns: 6.285572262480855, 0.776190970766147, 1.5749128070775842, -0.7987218363114372
web_sales: 67.01082486007363, 4.613806186242502, 16.942810038517795, -12.329003852275292
web_site: 1.0454095900058746e-05, 0.6665444018407662, 0.0003214996581370823, 0.6662229021826291

Round 1
call_center: 9.615905582904816e-06, 0, 0.00038923316546828567, -0.00038923316546828567
call_center had no query dependencies
customer: 0.8535048151388764, 0.06442787406682968, 0.2148141372459992, -0.15038626317916953
customer_address: 0.2449320713058114, 0, 0.06320269019383093, -0.06320269019383093
customer_address had no query dependencies
customer_demographics: 0.011580578982830048, 0, 0.003914562575814495, -0.003914562575814495
customer_demographics had no query dependencies
date_dim: 0.001992875710129738, 0.06442787406682968, 0.001000470571886669, 0.06342740349494301
household_demographics: 3.5176053643226624e-05, 0, 0.0003366505909359874, -0.0003366505909359874
household_demographics had no query dependencies
item: 0.03489831369370222, 0, 0.009478145406411887, -0.009478145406411887
item had no query dependencies
promotion: 7.638614624738693e-05, 0, 0.00045720754932037494, -0.00045720754932037494
promotion had no query dependencies
reason: 1.4491379261016846e-06, 0, 0.00034848301977118503, -0.00034848301977118503
reason had no query dependencies
ship_mode: 1.3029202818870544e-06, 0, 0.0003389390665422702, -0.0003389390665422702
ship_mode had no query dependencies
store: 9.930133819580078e-05, 0.06442787406682968, 0.00046694373405932054, 0.06396093033277035
store_returns: 20.850121902301908, 0.06442787406682968, 5.215149184769695, -5.150721310702865
time_dim: 0.0012146271765232086, 0, 0.000944385623553228, -0.000944385623553228
time_dim had no query dependencies
warehouse: 2.907589077949524e-06, 0, 0.00030973584168702466, -0.00030973584168702466
warehouse had no query dependencies
web_page: 7.394980639219284e-05, 0, 0.00034905546143017616, -0.00034905546143017616
web_page had no query dependencies
web_site: 1.0454095900058746e-05, 0, 0.00032148190415551444, -0.00032148190415551444
web_site had no query dependencies

Round 2
date_dim: 0.001992875710129738, 0, 0.0010004531041683034, -0.0010004531041683034
date_dim had no query dependencies
store: 9.930133819580078e-05, 0, 0.00046694285631111753, -0.00046694285631111753
store had no query dependencies
store_returns: 20.850121902301908, 0, 5.214964885571268, -5.214964885571268
store_returns had no query dependencies

Round 3
store_returns: 20.850121902301908, 0, 5.214964301677145, -5.214964301677145
store_returns had no query dependencies
Function: 97.6559379890887, 0, 92.41918087005615, 5.024010623375497, 0.21080752760291102, 0.00012751752177678812, 0.0018114505323588849
hiya: 0b10000000000000000, 97.6559379890887

Round 0
call_center: 9.615905582904816e-06, 1.1653388538285094, 0.00038925370261779093, 1.1649496001258917
catalog_page: 0.0017016949132084846, 6.477644765232801, 0.001675536710658237, 6.475969228522143
catalog_returns: 13.009788101539016, 13.939144473121958, 3.2802274956204522, 10.658916977501505
catalog_sales: 132.3057429259643, 40.39880425318796, 33.521172111593565, 6.877632141594397
customer_address: 0.2449320713058114, 5.972972981881698, 0.06373716698002299, 5.909235814901675
customer_demographics: 0.011580578982830048, 5.779220876841943, 0.003939833054294458, 5.775281043787648
date_dim: 0.001992875710129738, 61.87062828574974, 0.0010048193115153822, 61.86962346643822
household_demographics: 3.5176053643226624e-05, 4.125529659926097, 0.00033672735011252934, 4.125192932575985
inventory: 5.1357166497036815, 1.5478934733013312, 1.3956420517050792, 0.15225142159625205
item: 0.03489831369370222, 47.00088946552116, 0.009554452202096914, 46.991335013319066
promotion: 7.638614624738693e-05, 5.507974749863942, 0.00045737457120303737, 5.507517375292739
reason: 1.4491379261016846e-06, 3.0795829442588487, 0.00034848618837906155, 3.0792344580704696
ship_mode: 1.3029202818870544e-06, 0.9218070380679766, 0.0003389419154384265, 0.9214680961525382
store: 9.930133819580078e-05, 29.387059161542656, 0.0004671608610813154, 29.386592000681574
store_returns: 20.850121902301908, 16.584333985296883, 5.260738951827522, 11.323595033469362
store_sales: 174.69669486396015, 64.92227008963584, 44.433071974582845, 20.489198115053
time_dim: 0.0012146271765232086, 4.047074647287925, 0.0009471158360888807, 4.046127531451836
warehouse: 2.907589077949524e-06, 2.4123582274579998, 0.00030974237730248147, 2.4120484850806974
web_page: 7.394980639219284e-05, 2.6583349593957264, 0.00034922168419574854, 2.6579857377115306
web_returns: 6.285572262480855, 13.648423368058998, 1.5785128117317744, 12.069910556327223
web_sales: 67.01082486007363, 37.474472957427885, 16.981189882277985, 20.4932830751499
web_site: 1.0454095900058746e-05, 7.144189167073567, 0.0003215056456259416, 7.143867661427941
Function: 127.63859588202759, 3.359211746254762, 18.143935203552246, 101.1039702750846, 4.894532284247478, 0.10047370251631788, 0.036472670372197036
hiya: 0b111111111111110111101111, 127.63859588202759

Round 0
call_center: 9.615905582904816e-06, 0.8020360629336039, 0.0003892624621062877, 0.8016468004714976
catalog_page: 0.0017016949132084846, 6.477644765232801, 0.0016770868482806106, 6.475967678384521
catalog_returns: 13.009788101539016, 13.575841682227054, 3.292078598799271, 10.283763083427782
catalog_sales: 132.3057429259643, 41.453771701668096, 33.64169436747722, 7.8120773341908745
customer: 0.8535048151388764, 7.047203218173584, 0.21745434300382518, 6.829748875169758
customer_demographics: 0.011580578982830048, 3.9815810684295494, 0.0039503841016113135, 3.977630684327938
date_dim: 0.001992875710129738, 62.944858522041635, 0.0010066350174438479, 62.94385188702419
household_demographics: 3.5176053643226624e-05, 4.959670697705349, 0.00033675939895973814, 4.959333938306389
inventory: 5.1357166497036815, 1.5478934733013312, 1.4003211950758319, 0.14757227822549934
item: 0.03489831369370222, 45.861665640835355, 0.009586248000874042, 45.85207939283448
promotion: 7.638614624738693e-05, 5.507974749863942, 0.0004574441665008721, 5.507517305697442
reason: 1.4491379261016846e-06, 2.9035152955969172, 0.00034848750868634925, 2.9031668080882307
ship_mode: 1.3029202818870544e-06, 0.9218070380679766, 0.0003389431025270483, 0.9214680949654496
store: 9.930133819580078e-05, 29.61480937233488, 0.00046725133437453193, 29.614342121000504
store_returns: 20.850121902301908, 16.648761859363713, 5.279735465134807, 11.369026394228907
store_sales: 174.69669486396015, 67.01005783554118, 44.59223785880511, 22.417819976736062
time_dim: 0.0012146271765232086, 4.047074647287925, 0.0009482224810010942, 4.046126424806924
warehouse: 2.907589077949524e-06, 2.4123582274579998, 0.0003097450264023222, 2.4120484824315973
web_page: 7.394980639219284e-05, 2.482267310733795, 0.00034928905974816895, 2.481918021674047
web_returns: 6.285572262480855, 12.933740775273641, 1.584239586744775, 11.349501188528865
web_sales: 67.01082486007363, 38.68425577382246, 17.042243339526404, 21.642012434296053
web_site: 1.0454095900058746e-05, 6.605574222950141, 0.00032151517033629154, 6.605252707779805
Function: 126.73421994607486, 4.786431094923815, 15.642485618591309, 101.25061094915071, 4.900081068000396, 0.11808596435137236, 0.036525251057264216
hiya: 0b111111111111110111011111, 126.73421994607486

Round 0
call_center: 9.615905582904816e-06, 1.1653388538285094, 0.0003892640031955715, 1.164949589825314
catalog_page: 0.0017016949132084846, 6.477644765232801, 0.0016773595697390767, 6.475967405663062
catalog_returns: 13.009788101539016, 13.583688728989758, 3.294163607315101, 10.289525121674657
catalog_sales: 132.3057429259643, 43.84500065211176, 33.662898294746505, 10.182102357365252
customer: 0.8535048151388764, 12.693353771831987, 0.2175911296135668, 12.47576264221842
customer_address: 0.2449320713058114, 9.821483727127712, 0.06399960953221578, 9.757484117595496
date_dim: 0.001992875710129738, 67.8354834305942, 0.0010069545946167508, 67.83447647599958
household_demographics: 3.5176053643226624e-05, 6.24842549315532, 0.00033676503978506407, 6.248088728115535
inventory: 5.1357166497036815, 1.165864030185938, 1.4011447576288802, -0.23528072744294226
item: 0.03489831369370222, 47.5097559676353, 0.009591844287874091, 47.500164123347425
promotion: 7.638614624738693e-05, 5.026722800425291, 0.0004574564157688734, 5.026265344009522
reason: 1.4491379261016846e-06, 2.9035152955969172, 0.00034848774106983367, 2.9031668078558472
ship_mode: 1.3029202818870544e-06, 0.9218070380679766, 0.0003389433114630989, 0.9214680947565135
store: 9.930133819580078e-05, 32.28337584275126, 0.000467267258318391, 32.28290857549295
store_returns: 20.850121902301908, 17.59803960950931, 5.2830789867495005, 12.31496062275981
store_sales: 174.69669486396015, 72.45527726424416, 44.620252187835426, 27.835025076408733
time_dim: 0.0012146271765232086, 4.047074647287925, 0.0009484172583859714, 4.046126230029539
warehouse: 2.907589077949524e-06, 2.0303287843426063, 0.00030974549266275824, 2.0300190388499435
web_page: 7.394980639219284e-05, 2.482267310733795, 0.0003493009183251707, 2.4819180098154696
web_returns: 6.285572262480855, 13.486327359675167, 1.5852475399269579, 11.90107981974821
web_sales: 67.01082486007363, 43.122043640969586, 17.052989182758783, 26.069054458210804
web_site: 1.0454095900058746e-05, 7.144189167073567, 0.0003215168467531378, 7.143867650226814

Round 1
call_center: 9.615905582904816e-06, 1.1653388538285094, 0.00038926224439620046, 1.1649495915841133
catalog_page: 0.0017016949132084846, 6.477644765232801, 0.0016770483208486619, 6.475967716911953
catalog_returns: 13.009788101539016, 13.583688728989758, 3.291784049099522, 10.291904679890235
catalog_sales: 132.3057429259643, 43.71165182863472, 33.63869888311193, 10.072952945522793
customer: 0.8535048151388764, 12.693353771831987, 0.21743501912359967, 12.475918752708386
customer_address: 0.2449320713058114, 9.821483727127712, 0.0639548101766855, 9.757528916951026
date_dim: 0.001992875710129738, 66.66961940040825, 0.0010065900872372566, 66.66861281032101
household_demographics: 3.5176053643226624e-05, 6.24842549315532, 0.0003367586059010696, 6.24808873454942
item: 0.03489831369370222, 46.343891937449364, 0.009585307516558901, 46.334306629932804
promotion: 7.638614624738693e-05, 5.026722800425291, 0.00045744210794947414, 5.026265358317342
reason: 1.4491379261016846e-06, 2.9035152955969172, 0.0003484874696331302, 2.903166808127284
ship_mode: 1.3029202818870544e-06, 0.9218070380679766, 0.00033894306741428896, 0.9214680950005623
store: 9.930133819580078e-05, 32.28337584275126, 0.00046724865827528354, 32.28290859409299
store_returns: 20.850121902301908, 17.59803960950931, 5.279173569428612, 12.3188660400807
store_sales: 174.69669486396015, 72.27121233997187, 44.587529909221395, 27.683682430750473
time_dim: 0.0012146271765232086, 4.047074647287925, 0.0009481897476771206, 4.046126457540248
warehouse: 2.907589077949524e-06, 1.1818785019059974, 0.0003097449480448994, 1.1815687569579525
web_page: 7.394980639219284e-05, 2.482267310733795, 0.0003492870668543681, 2.4819180236669407
web_returns: 6.285572262480855, 13.486327359675167, 1.5840701951181066, 11.90225716455706
web_sales: 67.01082486007363, 43.122043640969586, 17.040437446259503, 26.081606194710083
web_site: 1.0454095900058746e-05, 7.144189167073567, 0.0003215148886059676, 7.143867652184961
Function: 120.72909968973812, 4.97719482694626, 10.77768325805664, 100.06934521143684, 4.751567370824416, 0.11721733576630537, 0.03609168670766652
hiya: 0b111111111111100110111111, 120.72909968973812

Round 0
call_center: 9.615905582904816e-06, 0, 0.00038923674265543384, -0.00038923674265543384
call_center had no query dependencies
catalog_page: 0.0017016949132084846, 0, 0.0016725353623793418, -0.0016725353623793418
catalog_page had no query dependencies
catalog_returns: 13.009788101539016, 0, 3.2572816051295863, -3.2572816051295863
catalog_returns had no query dependencies
catalog_sales: 132.3057429259643, 0, 33.28781911116055, -33.28781911116055
catalog_sales had no query dependencies
customer: 0.8535048151388764, 0.9492777501455942, 0.2151714924748516, 0.7341062576707427
customer_address: 0.2449320713058114, 0.9492777501455942, 0.0633052411751989, 0.8859725089703954
customer_demographics: 0.011580578982830048, 0, 0.0039194112660377355, -0.0039194112660377355
customer_demographics had no query dependencies
household_demographics: 3.5176053643226624e-05, 2.7927467581140992, 0.00033666531831849585, 2.7924100927957807
inventory: 5.1357166497036815, 0, 1.3865853871724367, -1.3865853871724367
inventory had no query dependencies
item: 0.03489831369370222, 2.0933493640144665, 0.009492910193174553, 2.083856453821292
promotion: 7.638614624738693e-05, 0, 0.0004572398667890889, -0.0004572398667890889
promotion had no query dependencies
reason: 1.4491379261016846e-06, 2.9035152955969172, 0.00034848363287279954, 2.9031668119640446
ship_mode: 1.3029202818870544e-06, 0, 0.0003389396177820894, -0.0003389396177820894
ship_mode had no query dependencies
store: 9.930133819580078e-05, 3.5875161622858047, 0.0004669857464928317, 3.587049176539312
store_returns: 20.850121902301908, 1.477894659579595, 5.223970459246307, -3.7460757996667122
store_sales: 174.69669486396015, 9.840175038671097, 44.12500019643372, -34.28482515776262
time_dim: 0.0012146271765232086, 2.7927467581140992, 0.0009449738816898513, 2.791801784232409
warehouse: 2.907589077949524e-06, 0, 0.00030973724986639535, -0.00030973724986639535
warehouse had no query dependencies
web_page: 7.394980639219284e-05, 0.15450834597388904, 0.0003490912761856441, 0.1541592546977034
web_returns: 6.285572262480855, 0, 1.5674284152862936, -1.5674284152862936
web_returns had no query dependencies
web_sales: 67.01082486007363, 0.15450834597388904, 16.86301853401087, -16.708510188036982
web_site: 1.0454095900058746e-05, 0, 0.00032148721017748974, -0.00032148721017748974
web_site had no query dependencies

Round 1
customer: 0.8535048151388764, 0, 0.21480704044969087, -0.21480704044969087
customer had no query dependencies
customer_address: 0.2449320713058114, 0, 0.06320065361127322, -0.06320065361127322
customer_address had no query dependencies
household_demographics: 3.5176053643226624e-05, 0, 0.0003366502967597719, -0.0003366502967597719
household_demographics had no query dependencies
item: 0.03489831369370222, 0, 0.009477853552926751, -0.009477853552926751
item had no query dependencies
reason: 1.4491379261016846e-06, 0, 0.00034848300763363956, -0.00034848300763363956
reason had no query dependencies
store: 9.930133819580078e-05, 0, 0.0004669429013654821, -0.0004669429013654821
store had no query dependencies
store_returns: 20.850121902301908, 0, 5.214974345554502, -5.214974345554502
store_returns had no query dependencies
time_dim: 0.0012146271765232086, 0, 0.0009443754382668642, -0.0009443754382668642
time_dim had no query dependencies
web_page: 7.394980639219284e-05, 0, 0.00034905484065922144, -0.00034905484065922144
web_page had no query dependencies

Round 2
store_returns: 20.850121902301908, 0, 5.214964301677145, -5.214964301677145
store_returns had no query dependencies
Function: 97.6559379890887, 0, 92.41918087005615, 5.024010623375497, 0.21080752760291102, 0.00012751752177678812, 0.0018114505323588849
hiya: 0b10000000000000000, 97.6559379890887

Round 0
call_center: 9.615905582904816e-06, 1.1653388538285094, 0.00038926433478404793, 1.1649495894937254
catalog_page: 0.0017016949132084846, 6.477644765232801, 0.0016774182498518076, 6.47596734698295
catalog_returns: 13.009788101539016, 13.583688728989758, 3.294612228173328, 10.28907650081643
catalog_sales: 132.3057429259643, 47.59576101715086, 33.667460637766744, 13.928300379384119
customer: 0.8535048151388764, 12.577041354453959, 0.21762056130451216, 12.359420793149447
customer_address: 0.2449320713058114, 12.336952155941328, 0.0640080556064469, 12.27294410033488
customer_demographics: 0.011580578982830048, 7.785804292693138, 0.003952640879407469, 7.781851651813731
date_dim: 0.001992875710129738, 72.16560898824612, 0.001007023381243256, 72.16460196486487
inventory: 5.1357166497036815, 1.165864030185938, 1.4013219744848486, -0.23545794429891065
item: 0.03489831369370222, 53.43968302103877, 0.009593048515025477, 53.430089972523746
promotion: 7.638614624738693e-05, 6.235027362884679, 0.0004574590516060118, 6.234569903833073
reason: 1.4491379261016846e-06, 3.0795829442588487, 0.00034848779107486406, 3.079234456467774
ship_mode: 1.3029202818870544e-06, 0.9218070380679766, 0.00033894335642263454, 0.921468094711554
store: 9.930133819580078e-05, 29.25152445947846, 0.000467270684884175, 29.251057188793578
store_returns: 20.850121902301908, 17.59803960950931, 5.283798456553252, 12.314241152956058
store_sales: 174.69669486396015, 71.22932728562873, 44.626280401836226, 26.6030468837925
time_dim: 0.0012146271765232086, 1.2543278891738256, 0.0009484591712141274, 1.2533794300026115
warehouse: 2.907589077949524e-06, 2.0303287843426063, 0.0003097455929941881, 2.030019038749612
web_page: 7.394980639219284e-05, 2.5038266134218374, 0.00034930347009215517, 2.5034773099517453
web_returns: 6.285572262480855, 13.662395008337098, 1.5854644345553606, 12.076930573781738
web_sales: 67.01082486007363, 44.15259383323151, 17.055301508088927, 27.097292325142586
web_site: 1.0454095900058746e-05, 7.144189167073567, 0.00032151720748994125, 7.143867649866078

Round 1
call_center: 9.615905582904816e-06, 1.1653388538285094, 0.00038926256091247345, 1.164949591267597
catalog_page: 0.0017016949132084846, 6.477644765232801, 0.0016771043336835415, 6.4759676608991175
catalog_returns: 13.009788101539016, 13.583688728989758, 3.2922122781005574, 10.291476450889201
catalog_sales: 132.3057429259643, 47.462412193673835, 33.64305384690398, 13.819358346769853
customer: 0.8535048151388764, 12.577041354453959, 0.21746311301041113, 12.359578241443549
customer_address: 0.2449320713058114, 12.336952155941328, 0.06396287233845156, 12.272989283602875
customer_demographics: 0.011580578982830048, 7.785804292693138, 0.003950504579326664, 7.7818537881138115
date_dim: 0.001992875710129738, 70.99974495806018, 0.001006655750182072, 70.99873830230999
item: 0.03489831369370222, 52.273818990852824, 0.009586457043247563, 52.264232533809576
promotion: 7.638614624738693e-05, 6.235027362884679, 0.0004574446240571155, 6.234569918260622
reason: 1.4491379261016846e-06, 3.0795829442588487, 0.00034848751736674664, 3.079234456741482
ship_mode: 1.3029202818870544e-06, 0.9218070380679766, 0.0003389431103315958, 0.921468094957645
store: 9.930133819580078e-05, 29.25152445947846, 0.00046725192919374334, 29.251057207549266
store_returns: 20.850121902301908, 17.59803960950931, 5.279860358245943, 12.318179251263366
store_sales: 174.69669486396015, 71.04526236135644, 44.593284299388486, 26.45197806196795
time_dim: 0.0012146271765232086, 1.2543278891738256, 0.000948229756669201, 1.2533796594171565
warehouse: 2.907589077949524e-06, 1.1818785019059974, 0.0003097450438189037, 1.1815687568621784
web_page: 7.394980639219284e-05, 2.5038266134218374, 0.00034928950271063367, 2.503477323919127
web_returns: 6.285572262480855, 13.662395008337098, 1.5842772375882002, 12.078117770748898
web_sales: 67.01082486007363, 44.15259383323151, 17.0426447371986, 27.109949096032913
web_site: 1.0454095900058746e-05, 7.144189167073567, 0.0003215152329567677, 7.14386765184061
Function: 119.19597470909108, 5.0312218959387165, 9.186277389526367, 100.07212717248433, 4.752374284910759, 0.11788128200041835, 0.0360926842304796
hiya: 0b111111111111100011111111, 119.19597470909108

Round 0
call_center: 9.615905582904816e-06, 1.187128373010953, 0.0003892651810166208, 1.1867391078299363
catalog_page: 0.0017016949132084846, 6.477644765232801, 0.0016775680048231206, 6.475967197227978
catalog_returns: 13.009788101539016, 13.6054782481722, 3.2957571340132716, 10.309721114158929
catalog_sales: 132.3057429259643, 47.462412193673835, 33.6791039955641, 13.783308198109737
customer: 0.8535048151388764, 16.054509608677623, 0.21769567264680653, 15.836813936030817
customer_address: 0.2449320713058114, 14.980279372385738, 0.06402961046626773, 14.91624976191947
customer_demographics: 0.011580578982830048, 8.758347270572187, 0.0039536600099577815, 8.75439361056223
date_dim: 0.001992875710129738, 75.42796667098044, 0.0010071987611203917, 75.42695947221932
household_demographics: 3.5176053643226624e-05, 7.220968471034369, 0.00033676934954406524, 7.220631701684825
item: 0.03489831369370222, 52.273818990852824, 0.009595966330855668, 52.26422302452197
promotion: 7.638614624738693e-05, 6.235027362884679, 0.00045746543818126823, 6.234569897446498
reason: 1.4491379261016846e-06, 3.0795829442588487, 0.0003484879122359499, 3.079234456346613
ship_mode: 1.3029202818870544e-06, 0.9218070380679766, 0.000338943465358598, 0.921468094602618
store: 9.930133819580078e-05, 36.296195065356486, 0.0004672789873775015, 36.295727786369106
store_returns: 20.850121902301908, 17.59803960950931, 5.285541716020799, 12.312497893488512
store_sales: 174.69669486396015, 78.08993296723449, 44.640886631415974, 33.449046335818515
time_dim: 0.0012146271765232086, 4.047074647287925, 0.0009485607250724183, 4.046126086562852
warehouse: 2.907589077949524e-06, 1.1818785019059974, 0.00030974583609503, 1.1815687560699024
web_page: 7.394980639219284e-05, 2.6583349593957264, 0.00034930965296728274, 2.657985649742759
web_returns: 6.285572262480855, 13.662395008337098, 1.58598996545666, 12.076405042880438
web_sales: 67.01082486007363, 44.3071021792054, 17.06090422136863, 27.24619795783677
web_site: 1.0454095900058746e-05, 7.144189167073567, 0.0003215180815472603, 7.14386764899202
Function: 111.97774512530984, 5.229434294960502, 1.7670965194702148, 100.0721356484476, 4.7527024929396315, 0.12027348222219965, 0.03610268726969064
hiya: 0b111111111111100111111111, 111.97774512530984

Round 0
call_center: 9.615905582904816e-06, 0.6394950493677457, 0.0003892452574157407, 0.6391058041103299
catalog_page: 0.0017016949132084846, 2.5600040209436417, 0.00167404219126576, 2.558329978752376
catalog_returns: 13.009788101539016, 7.499519413555065, 3.2688016046109367, 4.230717808944128
catalog_sales: 132.3057429259643, 12.66036411161224, 33.404974139204896, -20.744610027592657
customer: 0.8535048151388764, 9.233686610044638, 0.21592725997475165, 9.017759350069886
customer_address: 0.2449320713058114, 7.020232549066941, 0.0635221253636566, 6.956710423703285
customer_demographics: 0.011580578982830048, 2.8284202171687287, 0.0039296657192874505, 2.824490551449441
date_dim: 0.001992875710129738, 25.247497044142087, 0.0010030696377726221, 25.246493974504315
household_demographics: 3.5176053643226624e-05, 7.220968471034369, 0.0003366964667929522, 7.220631774567576
inventory: 5.1357166497036815, 0, 1.3911330757932512, -1.3911330757932512
inventory had no query dependencies
promotion: 7.638614624738693e-05, 0, 0.0004573075044503641, -0.0004573075044503641
promotion had no query dependencies
reason: 1.4491379261016846e-06, 3.0795829442588487, 0.0003484849160413452, 3.0792344593428074
ship_mode: 1.3029202818870544e-06, 0.9218070380679766, 0.0003389407714792586, 0.9214680972964974
store: 9.930133819580078e-05, 16.134088303207555, 0.00046707367487522854, 16.13362122953268
store_returns: 20.850121902301908, 8.21799403930068, 5.242432622243867, 2.975561417056812
store_sales: 174.69669486396015, 30.421255482161836, 44.27968892539301, -13.858433443231174
time_dim: 0.0012146271765232086, 3.33222159917434, 0.0009460493979395554, 3.3312755497764006
warehouse: 2.907589077949524e-06, 0.9218070380679766, 0.0003097398244500711, 0.9214972982435266
web_page: 7.394980639219284e-05, 2.6583349593957264, 0.00034915675654041846, 2.657985802639186
web_returns: 6.285572262480855, 7.816507637557983, 1.572994102632709, 6.243513534925274
web_sales: 67.01082486007363, 15.562365971412659, 16.922354626958654, -1.3599886555459957
web_site: 1.0454095900058746e-05, 3.2265484227844077, 0.0003214964669685724, 3.2262269263174392

Round 1
call_center: 9.615905582904816e-06, 0.02178951918244362, 0.00038923334337793986, 0.02140028583906568
catalog_page: 0.0017016949132084846, 0, 0.0016719338035172829, -0.0016719338035172829
catalog_page had no query dependencies
catalog_returns: 13.009788101539016, 0.04836321816563606, 3.252682570799023, -3.204319352633387
customer: 0.8535048151388764, 0.12676273251056672, 0.2148331771552429, -0.08807044464467617
customer_address: 0.2449320713058114, 0.062334858443737026, 0.06320815411661826, -0.000873295672881233
customer_demographics: 0.011580578982830048, 0.02178951918244362, 0.003914820914336916, 0.017874698268106705
date_dim: 0.001992875710129738, 0.12676273251056672, 0.0010005150287801532, 0.12576221748178656
household_demographics: 3.5176053643226624e-05, 0.02178951918244362, 0.0003366513756402527, 0.021452867806803368
reason: 1.4491379261016846e-06, 0, 0.00034848305203363274, -0.00034848305203363274
reason had no query dependencies
ship_mode: 1.3029202818870544e-06, 0, 0.00033893909554944516, -0.00033893909554944516
ship_mode had no query dependencies
store: 9.930133819580078e-05, 0.06442787406682968, 0.00046694594482488713, 0.0639609281220048
store_returns: 20.850121902301908, 0.06442787406682968, 5.2156133752065905, -5.151185501139761
time_dim: 0.0012146271765232086, 0, 0.0009444126650411569, -0.0009444126650411569
time_dim had no query dependencies
warehouse: 2.907589077949524e-06, 0, 0.00030973590641926224, -0.00030973590641926224
warehouse had no query dependencies
web_page: 7.394980639219284e-05, 0, 0.0003490571077895163, -0.0003490571077895163
web_page had no query dependencies
web_returns: 6.285572262480855, 0.013971640278100966, 1.5645241761350064, -1.5505525358569054
web_site: 1.0454095900058746e-05, 0, 0.00032148215380336907, -0.00032148215380336907
web_site had no query dependencies

Round 2
call_center: 9.615905582904816e-06, 0, 0.0003892330856210574, -0.0003892330856210574
call_center had no query dependencies
customer_demographics: 0.011580578982830048, 0, 0.003914461582461935, -0.003914461582461935
customer_demographics had no query dependencies
date_dim: 0.001992875710129738, 0, 0.0010004531921684787, -0.0010004531921684787
date_dim had no query dependencies
household_demographics: 3.5176053643226624e-05, 0, 0.0003366502841682867, -0.0003366502841682867
household_demographics had no query dependencies
store: 9.930133819580078e-05, 0, 0.00046694286164154373, -0.00046694286164154373
store had no query dependencies
store_returns: 20.850121902301908, 0, 5.214966004791191, -5.214966004791191
store_returns had no query dependencies

Round 3
store_returns: 20.850121902301908, 0, 5.214964301677145, -5.214964301677145
store_returns had no query dependencies
Function: 97.6559379890887, 0, 92.41918087005615, 5.024010623375497, 0.21080752760291102, 0.00012751752177678812, 0.0018114505323588849
hiya: 0b10000000000000000, 97.6559379890887

Round 0
call_center: 9.615905582904816e-06, 1.187128373010953, 0.00038926497491629933, 1.1867391080360368
catalog_page: 0.0017016949132084846, 2.5600040209436417, 0.001677531531932901, 2.5583264894117086
catalog_returns: 13.009788101539016, 9.687837503883042, 3.29547829168406, 6.392359212198982
catalog_sales: 132.3057429259643, 43.26672622548579, 33.67626825056675, 9.59045797491904
customer: 0.8535048151388764, 14.945427552541492, 0.21767737924580807, 14.727750173295684
customer_address: 0.2449320713058114, 13.871197316249607, 0.06402436077052108, 13.807172955479086
customer_demographics: 0.011580578982830048, 7.550042708112796, 0.003953411800256595, 7.54608929631254
date_dim: 0.001992875710129738, 70.3588033382817, 0.0010071560472729021, 70.35779618223442
household_demographics: 3.5176053643226624e-05, 7.220968471034369, 0.0003367685956061338, 7.220631702438763
inventory: 5.1357166497036815, 1.165864030185938, 1.4016639088007594, -0.23579987861482143
item: 0.03489831369370222, 47.20465565815408, 0.009595372033208666, 47.19506028612087
reason: 1.4491379261016846e-06, 3.0795829442588487, 0.0003484878875395367, 3.079234456371309
ship_mode: 1.3029202818870544e-06, 0.9218070380679766, 0.0003389434431540465, 0.9214680946248226
store: 9.930133819580078e-05, 31.269472264931203, 0.0004672772950700697, 31.269004987636134
store_returns: 20.850121902301908, 13.68039886522015, 5.285186385298274, 8.395212479921877
store_sales: 174.69669486396015, 72.45036457599798, 44.6379094256663, 27.81245515033168
time_dim: 0.0012146271765232086, 4.047074647287925, 0.0009485400252245106, 4.0461261072627
warehouse: 2.907589077949524e-06, 2.0303287843426063, 0.0003097457865434862, 2.030019038556063
web_page: 7.394980639219284e-05, 2.6583349593957264, 0.00034930839270423686, 2.657985651003022
web_returns: 6.285572262480855, 9.74475426404794, 1.5858828458463297, 8.15887141820161
web_sales: 67.01082486007363, 40.38946143491624, 17.05976221342613, 23.329699221490113
web_site: 1.0454095900058746e-05, 3.2265484227844077, 0.00032151790338708135, 3.2262269048810204

Round 1
call_center: 9.615905582904816e-06, 1.187128373010953, 0.00038926317194780435, 1.1867391098390052
catalog_page: 0.0017016949132084846, 2.5600040209436417, 0.0016772124665791308, 2.5583268084770627
catalog_returns: 13.009788101539016, 9.687837503883042, 3.293038975088074, 6.3947985287949685
catalog_sales: 132.3057429259643, 43.133377402008755, 33.651461113667615, 9.48191628834114
customer: 0.8535048151388764, 14.945427552541492, 0.21751734831801178, 14.72791020422348
customer_address: 0.2449320713058114, 13.871197316249607, 0.06397843635870419, 13.807218879890902
customer_demographics: 0.011580578982830048, 7.550042708112796, 0.003951240458319011, 7.5460914676544775
date_dim: 0.001992875710129738, 69.19293930809576, 0.001006782385937643, 69.19193252570982
household_demographics: 3.5176053643226624e-05, 7.220968471034369, 0.00033676200014656413, 7.2206317090342225
item: 0.03489831369370222, 46.03879162796814, 0.009588674962072372, 46.02920295300606
reason: 1.4491379261016846e-06, 3.0795829442588487, 0.00034848760944644993, 3.0792344566494023
ship_mode: 1.3029202818870544e-06, 0.9218070380679766, 0.00033894319312048073, 0.9214680948748561
store: 9.930133819580078e-05, 31.269472264931203, 0.000467258238902151, 31.2690050066923
store_returns: 20.850121902301908, 13.68039886522015, 5.281185196277919, 8.399213668942231
store_sales: 174.69669486396015, 72.26629965172569, 44.60438470573146, 27.661914945994226
time_dim: 0.0012146271765232086, 4.047074647287925, 0.0009483069353200342, 4.046126340352605
warehouse: 2.907589077949524e-06, 1.1818785019059974, 0.0003097452285700821, 1.1815687566774273
web_page: 7.394980639219284e-05, 2.6583349593957264, 0.0003492942015568287, 2.6579856651941696
web_returns: 6.285572262480855, 9.74475426404794, 1.5846766292668235, 8.160077634781116
web_sales: 67.01082486007363, 40.38946143491624, 17.046902673422892, 23.34255876149335
web_site: 1.0454095900058746e-05, 3.2265484227844077, 0.000321515897220694, 3.226226906887187
Function: 118.21116834566287, 5.135521266304654, 8.096036911010742, 100.0721172425691, 4.7522636187402405, 0.11913662636820835, 0.0360926806699276
hiya: 0b111111111110100111111111, 118.21116834566287

Round 0
call_center: 9.615905582904816e-06, 1.187128373010953, 0.0003892654363173479, 1.1867391075746356
catalog_page: 0.0017016949132084846, 6.477644765232801, 0.0016776131845459025, 6.475967152048256
catalog_returns: 13.009788101539016, 13.987507691287593, 3.2961025417683976, 10.691405149519195
catalog_sales: 132.3057429259643, 47.977790460266256, 33.68261669148948, 14.295173768776777
customer: 0.8535048151388764, 16.054509608677623, 0.21771833306063382, 15.836791275616989
customer_address: 0.2449320713058114, 14.804211723723807, 0.06403611337286758, 14.740175610350938
customer_demographics: 0.011580578982830048, 8.964309065025649, 0.003953967472443588, 8.960355097553204
date_dim: 0.001992875710129738, 76.79979249561985, 0.001007251671645906, 76.7987852439482
household_demographics: 3.5176053643226624e-05, 7.6029979141497614, 0.0003367702834625602, 7.602661143866299
inventory: 5.1357166497036815, 1.5478934733013312, 1.401910336454053, 0.14598313684727815
item: 0.03489831369370222, 53.82171246415415, 0.009597046562808726, 53.81211541759134
promotion: 7.638614624738693e-05, 6.617056806000074, 0.00045746780261516815, 6.616599338197458
ship_mode: 1.3029202818870544e-06, 0.9218070380679766, 0.0003389435056756427, 0.9214680945623009
store: 9.930133819580078e-05, 36.296195065356486, 0.00046728206011844436, 36.295727783296364
store_returns: 20.850121902301908, 17.069422700075307, 5.286186893864289, 11.783235806211017
store_sales: 174.69669486396015, 75.37048259590985, 44.646292376158634, 30.724190219751215
time_dim: 0.0012146271765232086, 4.047074647287925, 0.0009485983100105815, 4.046126048977914
warehouse: 2.907589077949524e-06, 2.4123582274579998, 0.00030974592606630496, 2.4120484815319334
web_page: 7.394980639219284e-05, 2.482267310733795, 0.00034931194124055223, 2.481917998792554
web_returns: 6.285572262480855, 13.486327359675167, 1.5861844636939562, 11.900142895981212
web_sales: 67.01082486007363, 44.13103453054347, 17.06297777756539, 27.068056752978077
web_site: 1.0454095900058746e-05, 7.144189167073567, 0.00032151840503462793, 7.143867648668532
Function: 114.90266102606091, 5.271031488391163, 3.2571887969970703, 101.30962902365057, 4.904149787083466, 0.12411551687562193, 0.03654641306301952
hiya: 0b111111111101110111111111, 114.90266102606091

Round 0
call_center: 9.615905582904816e-06, 0.9327256337205568, 0.0003892664152998594, 0.9323363673052569
catalog_page: 0.0017016949132084846, 6.477644765232801, 0.0016777864318335003, 6.475966978800968
catalog_returns: 13.009788101539016, 13.987507691287593, 3.2974270509288335, 10.69008064035876
catalog_sales: 132.3057429259643, 47.18391287991562, 33.69608656256778, 13.487826317347839
customer: 0.8535048151388764, 16.054509608677623, 0.21780522724655788, 15.836704381431066
customer_address: 0.2449320713058114, 14.980279372385738, 0.06406104958009841, 14.916218322805639
customer_demographics: 0.011580578982830048, 9.14037671368758, 0.003955146475731436, 9.13642156721185
date_dim: 0.001992875710129738, 76.0540531062138, 0.001007454563661754, 76.05304565165014
household_demographics: 3.5176053643226624e-05, 7.6029979141497614, 0.00033677386468962666, 7.602661140285072
inventory: 5.1357166497036815, 1.5478934733013312, 1.402433196910722, 0.1454602763906092
item: 0.03489831369370222, 53.82171246415415, 0.009600599513541691, 53.81211186464061
promotion: 7.638614624738693e-05, 6.617056806000074, 0.00045747557938675314, 6.616599330420687
reason: 1.4491379261016846e-06, 3.0795829442588487, 0.00034848810462692923, 3.079234456154222
store: 9.930133819580078e-05, 36.296195065356486, 0.0004672921698825274, 36.295727773186606
store_returns: 20.850121902301908, 17.59803960950931, 5.288309622695183, 12.309729986814126
store_sales: 174.69669486396015, 78.27399789150678, 44.66407806166144, 33.60991982984534
time_dim: 0.0012146271765232086, 3.5075998062276836, 0.0009487219699171506, 3.5066510842577663
warehouse: 2.907589077949524e-06, 1.4905511893900236, 0.00030974622208486993, 1.4902414431679387
web_page: 7.394980639219284e-05, 2.6583349593957264, 0.00034931946999202924, 2.6579856399257342
web_returns: 6.285572262480855, 13.662395008337098, 1.5868243911496687, 12.075570617187429
web_sales: 67.01082486007363, 43.639697880427825, 17.069800078680892, 26.569897801746933
web_site: 1.0454095900058746e-05, 7.016259709356229, 0.00032151946935506077, 7.015938189886874
Function: 112.74684045741775, 5.430541119920019, 0.9399032592773438, 101.30962905888295, 4.90415929594318, 0.1260613103186032, 0.03654641307565272
hiya: 0b111111111011110111111111, 112.74684045741775

Round 0
call_center: 9.615905582904816e-06, 1.187128373010953, 0.00038925561056563996, 1.1867391174003874
catalog_page: 0.0017016949132084846, 0, 0.0016758743538600517, -0.0016758743538600517
catalog_page had no query dependencies
catalog_returns: 13.009788101539016, 5.18210396129489, 3.2828088434727825, 1.8992951178221071
catalog_sales: 132.3057429259643, 36.05821361777266, 33.547423664861554, 2.5107899529111037
customer: 0.8535048151388764, 9.145373704863786, 0.21684620236813096, 8.928527502495655
customer_address: 0.2449320713058114, 8.298893679364125, 0.06378583619437346, 8.235107843169752
customer_demographics: 0.011580578982830048, 5.127557491082351, 0.003942134172632343, 5.123615356909719
date_dim: 0.001992875710129738, 44.26718124121108, 0.0010052153057785794, 44.266176025905295
household_demographics: 3.5176053643226624e-05, 0.5583273082717259, 0.000336734339768419, 0.5579905739319575
inventory: 5.1357166497036815, 1.5478934733013312, 1.3966625440119262, 0.15123092928940496
item: 0.03489831369370222, 33.65960570200523, 0.009561386669684492, 33.65004431533554
promotion: 7.638614624738693e-05, 1.5903340055747828, 0.00045738974950821113, 1.5898766158252746
reason: 1.4491379261016846e-06, 3.0795829442588487, 0.00034848647632993693, 3.0792344577825186
ship_mode: 1.3029202818870544e-06, 0.9218070380679766, 0.0003389421743351326, 0.9214680958936414
store_returns: 20.850121902301908, 4.6569539547149335, 5.264881706166172, -0.6079277514512382
store_sales: 174.69669486396015, 42.04223070021708, 44.467782826346046, -2.425552126128963
time_dim: 0.0012146271765232086, 1.4088362351477146, 0.0009473571729035508, 1.407888877974811
warehouse: 2.907589077949524e-06, 2.4123582274579998, 0.00030974295501743796, 2.412048484502982
web_page: 7.394980639219284e-05, 0.33057599463582044, 0.00034923637743748155, 0.33022675825838294
web_returns: 6.285572262480855, 4.856991278344393, 1.579761705233851, 3.2772295731105414
web_sales: 67.01082486007363, 34.97240578599571, 16.994504403254233, 17.97790138274148
web_site: 1.0454095900058746e-05, 0.6665444018407662, 0.00032150772277212563, 0.6662228941179941

Round 1
call_center: 9.615905582904816e-06, 1.187128373010953, 0.0003892369255583848, 1.1867391360853945
catalog_returns: 13.009788101539016, 1.1013036537166436, 3.257528585814661, -2.1562249320980174
catalog_sales: 132.3057429259643, 6.134088816747269, 33.290330832548484, -27.156242015801215
customer: 0.8535048151388764, 2.638353932739894, 0.21518769559840073, 2.4231662371414933
customer_address: 0.2449320713058114, 3.716339316420158, 0.06330989101963108, 3.653029425400527
customer_demographics: 0.011580578982830048, 3.321656086424987, 0.003919631114301859, 3.317736455310685
date_dim: 0.001992875710129738, 8.477609417379302, 0.0010013428052397942, 8.476608074574061
household_demographics: 3.5176053643226624e-05, 0.5583273082717259, 0.0003366659866413307, 0.5579906422850847
inventory: 5.1357166497036815, 1.3638285490290323, 1.3866829625498533, -0.02285441352082107
item: 0.03489831369370222, 5.968970054809253, 0.009493573239125513, 5.959476481570127
promotion: 7.638614624738693e-05, 0.7934234904913108, 0.00045724131807769336, 0.7929662491732331
reason: 1.4491379261016846e-06, 0.17606764866193136, 0.00034848366040550623, 0.17571916500152585
ship_mode: 1.3029202818870544e-06, 0.9218070380679766, 0.00033893964253675304, 0.9214680984254399
store_returns: 20.850121902301908, 0.047536737702687584, 5.224366330375302, -5.176829592672615
time_dim: 0.0012146271765232086, 0.6939831870341301, 0.0009449225698404008, 0.6930382644642897
warehouse: 2.907589077949524e-06, 2.4123582274579998, 0.00030973712703547576, 2.4120484903309642
web_page: 7.394980639219284e-05, 0.33057599463582044, 0.00034908815218067713, 0.3302269064836398
web_returns: 6.285572262480855, 0.776190970766147, 1.5671628816774001, -0.7909719109112532
web_sales: 67.01082486007363, 2.3765151666100817, 16.8601876658867, -14.483672499276617
web_site: 1.0454095900058746e-05, 0.6665444018407662, 0.00032148676854485927, 0.6662229150722214

Round 2
call_center: 9.615905582904816e-06, 0, 0.0003892330856210574, -0.0003892330856210574
call_center had no query dependencies
customer: 0.8535048151388764, 0, 0.21480705003063302, -0.21480705003063302
customer had no query dependencies
customer_address: 0.2449320713058114, 0, 0.06320065636073634, -0.06320065636073634
customer_address had no query dependencies
customer_demographics: 0.011580578982830048, 0, 0.003914466414602677, -0.003914466414602677
customer_demographics had no query dependencies
date_dim: 0.001992875710129738, 0, 0.0010004540237206773, -0.0010004540237206773
date_dim had no query dependencies
household_demographics: 3.5176053643226624e-05, 0, 0.00033665029884593294, -0.00033665029884593294
household_demographics had no query dependencies
item: 0.03489831369370222, 0, 0.009477855622616087, -0.009477855622616087
item had no query dependencies
promotion: 7.638614624738693e-05, 0, 0.000457206915035647, -0.000457206915035647
promotion had no query dependencies
reason: 1.4491379261016846e-06, 0, 0.00034848300773803376, -0.00034848300773803376
reason had no query dependencies
ship_mode: 1.3029202818870544e-06, 0, 0.00033893905572326077, -0.00033893905572326077
ship_mode had no query dependencies
store_returns: 20.850121902301908, 0, 5.214975784370373, -5.214975784370373
store_returns had no query dependencies
time_dim: 0.0012146271765232086, 0, 0.0009443755220853123, -0.0009443755220853123
time_dim had no query dependencies
warehouse: 2.907589077949524e-06, 0, 0.00030973581750600983, -0.00030973581750600983
warehouse had no query dependencies
web_page: 7.394980639219284e-05, 0, 0.0003490548464253326, -0.0003490548464253326
web_page had no query dependencies
web_site: 1.0454095900058746e-05, 0, 0.00032148181721384513, -0.00032148181721384513
web_site had no query dependencies

Round 3
store_returns: 20.850121902301908, 0, 5.214964301677145, -5.214964301677145
store_returns had no query dependencies
Function: 97.6559379890887, 0, 92.41918087005615, 5.024010623375497, 0.21080752760291102, 0.00012751752177678812, 0.0018114505323588849
hiya: 0b10000000000000000, 97.6559379890887

Round 0
call_center: 9.615905582904816e-06, 1.187128373010953, 0.00038926246986495226, 1.186739110541088
catalog_page: 0.0017016949132084846, 0, 0.0016770882213057395, -0.0016770882213057395
catalog_page had no query dependencies
catalog_returns: 13.009788101539016, 1.053766916013956, 3.292089095843039, -2.2383221798290833
catalog_sales: 132.3057429259643, 32.5067059734114, 33.64180111934462, -1.1350951459332208
customer: 0.8535048151388764, 15.0408039844652, 0.21745503166049898, 14.8233489528047
customer_address: 0.2449320713058114, 14.031001622240144, 0.06396055321647613, 13.967041069023667
customer_demographics: 0.011580578982830048, 9.14037671368758, 0.003950394929434496, 9.136426318758145
date_dim: 0.001992875710129738, 60.855715194352065, 0.0010066368807795105, 60.854708557471284
household_demographics: 3.5176053643226624e-05, 7.6029979141497614, 0.0003367594318492931, 7.602661154717913
inventory: 5.1357166497036815, 1.5478934733013312, 1.4003259969628425, 0.14756747633848866
item: 0.03489831369370222, 44.44166689394553, 0.0095862806307426, 44.43208061331479
promotion: 7.638614624738693e-05, 2.699416061710914, 0.000457444237921799, 2.698958617472992
reason: 1.4491379261016846e-06, 2.550966034824848, 0.00034848751004129097, 2.5506175473148067
ship_mode: 1.3029202818870544e-06, 0.9218070380679766, 0.0003389431037452767, 0.9214680949642313
store: 9.930133819580078e-05, 23.355109410562115, 0.00046725142722112736, 23.354642159134894
store_sales: 174.69669486396015, 60.78792289376697, 44.59133277023584, 16.19659012353113
time_dim: 0.0012146271765232086, 4.047074647287925, 0.0009482161881220316, 4.046126431099803
warehouse: 2.907589077949524e-06, 2.4123582274579998, 0.000309745011338353, 2.4120484824466613
web_page: 7.394980639219284e-05, 0.33057599463582044, 0.00034928867662057446, 0.33022670595919984
web_returns: 6.285572262480855, 0.7286542330634593, 1.584207021734827, -0.8555527886713676
web_sales: 67.01082486007363, 31.42089814163446, 17.041896162199173, 14.379001979435287
web_site: 1.0454095900058746e-05, 0.6665444018407662, 0.0003215151161745187, 0.6662228867245917

Round 1
call_center: 9.615905582904816e-06, 0, 0.00038924420782923534, -0.00038924420782923534
call_center had no query dependencies
customer: 0.8535048151388764, 7.399482918943168, 0.21579425379973946, 7.183688665143428
customer_address: 0.2449320713058114, 6.729965412412883, 0.06348395630196607, 6.666481456110917
customer_demographics: 0.011580578982830048, 4.8097297376887, 0.003927861056340492, 4.805801876632359
date_dim: 0.001992875710129738, 27.57199176971157, 0.0010027590773975924, 27.57098901063417
household_demographics: 3.5176053643226624e-05, 7.199178951851924, 0.0003366909851222409, 7.198842260866802
inventory: 5.1357166497036815, 1.032515206708908, 1.3903327498719353, -0.3578175431630273
item: 0.03489831369370222, 17.507471627651846, 0.009518374339257986, 17.497953253312588
promotion: 7.638614624738693e-05, 1.905992571219603, 0.0004572956032353787, 1.9055352756163677
reason: 1.4491379261016846e-06, 2.3748983861629167, 0.000348484690260849, 2.3745499014726557
ship_mode: 1.3029202818870544e-06, 0.12792945771733918, 0.00033894056847995645, 0.12759051714885922
store: 9.930133819580078e-05, 22.82581674734513, 0.0004670582033973197, 22.82534968914173
store_sales: 174.69669486396015, 34.41530573710282, 44.251402171097126, -9.836096433994307
time_dim: 0.0012146271765232086, 2.7927467581140992, 0.000945852726442535, 2.7918009053876567
warehouse: 2.907589077949524e-06, 0.9763797401539485, 0.0003097393536554868, 0.9760700008002929
web_page: 7.394980639219284e-05, 0.15450834597388904, 0.0003491447826447172, 0.15415920119124432
web_sales: 67.01082486007363, 3.8991235934571424, 16.91139591678562, -13.012272323328476
web_site: 1.0454095900058746e-05, 0.12792945771733918, 0.00032149475734318987, 0.127607962959996

Round 2
customer: 0.8535048151388764, 0, 0.21480704044969087, -0.21480704044969087
customer had no query dependencies
customer_address: 0.2449320713058114, 0, 0.06320065361127322, -0.06320065361127322
customer_address had no query dependencies
customer_demographics: 0.011580578982830048, 0, 0.0039144662846059206, -0.0039144662846059206
customer_demographics had no query dependencies
date_dim: 0.001992875710129738, 0, 0.0010004540013498287, -0.0010004540013498287
date_dim had no query dependencies
household_demographics: 3.5176053643226624e-05, 0, 0.0003366502984510673, -0.0003366502984510673
household_demographics had no query dependencies
item: 0.03489831369370222, 0, 0.00947785523086818, -0.00947785523086818
item had no query dependencies
promotion: 7.638614624738693e-05, 0, 0.00045720691417818117, -0.00045720691417818117
promotion had no query dependencies
reason: 1.4491379261016846e-06, 0, 0.00034848300772176655, -0.00034848300772176655
reason had no query dependencies
ship_mode: 1.3029202818870544e-06, 0, 0.00033893905570863493, -0.00033893905570863493
ship_mode had no query dependencies
store: 9.930133819580078e-05, 0, 0.0004669429083798893, -0.0004669429083798893
store had no query dependencies
time_dim: 0.0012146271765232086, 0, 0.0009443680955116329, -0.0009443680955116329
time_dim had no query dependencies
warehouse: 2.907589077949524e-06, 0, 0.00030973579972818884, -0.00030973579972818884
warehouse had no query dependencies
web_page: 7.394980639219284e-05, 0, 0.00034905439427532616, -0.00034905439427532616
web_page had no query dependencies
web_site: 1.0454095900058746e-05, 0, 0.0003214817532945496, -0.0003214817532945496
web_site had no query dependencies
Function: 92.41918087005615, 0, 92.41918087005615, 0.0, 0, 0.0, 0
hiya: 0b0, 92.41918087005615

Round 0
call_center: 9.615905582904816e-06, 1.187128373010953, 0.00038923741934205643, 1.1867391355916108
catalog_page: 0.0017016949132084846, 0, 0.0016726551133662425, -0.0016726551133662425
catalog_page had no query dependencies
catalog_returns: 13.009788101539016, 1.1013036537166436, 3.2581971246815544, -2.156893470964911
catalog_sales: 132.3057429259643, 6.134088816747269, 33.29712967744656, -27.163040860699294
customer: 0.8535048151388764, 2.702781806806724, 0.21523155497086302, 2.4875502518358608
customer_address: 0.2449320713058114, 3.716339316420158, 0.0633224774359615, 3.653016838984197
customer_demographics: 0.011580578982830048, 3.321656086424987, 0.003920226209863042, 3.317735860215124
date_dim: 0.001992875710129738, 8.54203729144613, 0.001001445213892319, 8.541035846232237
household_demographics: 3.5176053643226624e-05, 0.5583273082717259, 0.00033666779424640933, 0.5579906404774795
inventory: 5.1357166497036815, 1.3638285490290323, 1.3869468735500081, -0.02311832452097584
item: 0.03489831369370222, 5.968970054809253, 0.009495366571877068, 5.959474688237376
promotion: 7.638614624738693e-05, 0.7934234904913108, 0.0004572452433612767, 0.7929662452479495
reason: 1.4491379261016846e-06, 0.17606764866193136, 0.00034848373487290105, 0.17571916492705847
ship_mode: 1.3029202818870544e-06, 0.9218070380679766, 0.00033893970949040687, 0.9214680983584862
store: 9.930133819580078e-05, 0.06442787406682968, 0.000466992735990789, 0.06396088133083888
store_returns: 20.850121902301908, 0.11196461176951726, 5.2254380314572515, -5.113473419687734
time_dim: 0.0012146271765232086, 0.6939831870341301, 0.000944985001957841, 0.6930382020321723
warehouse: 2.907589077949524e-06, 2.4123582274579998, 0.00030973727648622604, 2.4120484901815136
web_page: 7.394980639219284e-05, 0.33057599463582044, 0.00034909195321780736, 0.33022690268260263
web_returns: 6.285572262480855, 0.776190970766147, 1.5674859615435963, -0.7912949907774494
web_sales: 67.01082486007363, 2.3765151666100817, 16.86363203776334, -14.48711687115326
web_site: 1.0454095900058746e-05, 0.6665444018407662, 0.00032148730588780333, 0.6662229145348785

Round 1
call_center: 9.615905582904816e-06, 0, 0.00038923316546828567, -0.00038923316546828567
call_center had no query dependencies
customer: 0.8535048151388764, 0.06442787406682968, 0.2148141372459992, -0.15038626317916953
customer_address: 0.2449320713058114, 0, 0.06320269019383093, -0.06320269019383093
customer_address had no query dependencies
customer_demographics: 0.011580578982830048, 0, 0.003914562575814495, -0.003914562575814495
customer_demographics had no query dependencies
date_dim: 0.001992875710129738, 0.06442787406682968, 0.001000470571886669, 0.06342740349494301
household_demographics: 3.5176053643226624e-05, 0, 0.0003366505909359874, -0.0003366505909359874
household_demographics had no query dependencies
item: 0.03489831369370222, 0, 0.009478145406411887, -0.009478145406411887
item had no query dependencies
promotion: 7.638614624738693e-05, 0, 0.00045720754932037494, -0.00045720754932037494
promotion had no query dependencies
reason: 1.4491379261016846e-06, 0, 0.00034848301977118503, -0.00034848301977118503
reason had no query dependencies
ship_mode: 1.3029202818870544e-06, 0, 0.0003389390665422702, -0.0003389390665422702
ship_mode had no query dependencies
store: 9.930133819580078e-05, 0.06442787406682968, 0.00046694373405932054, 0.06396093033277035
store_returns: 20.850121902301908, 0.06442787406682968, 5.215149184769695, -5.150721310702865
time_dim: 0.0012146271765232086, 0, 0.000944385623553228, -0.000944385623553228
time_dim had no query dependencies
warehouse: 2.907589077949524e-06, 0, 0.00030973584168702466, -0.00030973584168702466
warehouse had no query dependencies
web_page: 7.394980639219284e-05, 0, 0.00034905546143017616, -0.00034905546143017616
web_page had no query dependencies
web_site: 1.0454095900058746e-05, 0, 0.00032148190415551444, -0.00032148190415551444
web_site had no query dependencies

Round 2
date_dim: 0.001992875710129738, 0, 0.0010004531041683034, -0.0010004531041683034
date_dim had no query dependencies
store: 9.930133819580078e-05, 0, 0.00046694285631111753, -0.00046694285631111753
store had no query dependencies
store_returns: 20.850121902301908, 0, 5.214964885571268, -5.214964885571268
store_returns had no query dependencies

Round 3
store_returns: 20.850121902301908, 0, 5.214964301677145, -5.214964301677145
store_returns had no query dependencies
Function: 97.6559379890887, 0, 92.41918087005615, 5.024010623375497, 0.21080752760291102, 0.00012751752177678812, 0.0018114505323588849
hiya: 0b10000000000000000, 97.6559379890887

Round 0
call_center: 9.615905582904816e-06, 1.187128373010953, 0.00038926604374678184, 1.1867391069672062
catalog_page: 0.0017016949132084846, 6.477644765232801, 0.0016777206793178738, 6.475967044553483
catalog_returns: 13.009788101539016, 13.987507691287593, 3.296924360176923, 10.69058333111067
catalog_sales: 132.3057429259643, 46.72346257109243, 33.690974344530524, 13.03248822656191
customer: 0.8535048151388764, 16.054509608677623, 0.21777224830993475, 15.836737360367689
customer_address: 0.2449320713058114, 14.980279372385738, 0.064051585545317, 14.916227786840421
customer_demographics: 0.011580578982830048, 9.14037671368758, 0.003954699008800307, 9.13642201467878
date_dim: 0.001992875710129738, 75.72153225510796, 0.0010073775600871093, 75.72052487754787
household_demographics: 3.5176053643226624e-05, 4.810251156035662, 0.00033677250550708524, 4.809914383530154
inventory: 5.1357166497036815, 1.5478934733013312, 1.4022347557644028, 0.14565871753692838
item: 0.03489831369370222, 53.10685941604057, 0.009599251062712656, 53.09726016497786
promotion: 7.638614624738693e-05, 6.617056806000074, 0.00045747262786986504, 6.6165993333722035
reason: 1.4491379261016846e-06, 3.0795829442588487, 0.0003484880486330708, 3.079234456210216
ship_mode: 1.3029202818870544e-06, 0.3823321970077356, 0.0003389435879932844, 0.3819932534197423
store: 9.930133819580078e-05, 33.65795665321628, 0.00046728833391131613, 33.65748936488237
store_returns: 20.850121902301908, 17.59803960950931, 5.287504190776332, 12.310535418732979
store_sales: 174.69669486396015, 74.92090643125297, 44.65732959780015, 30.263576833452824
warehouse: 2.907589077949524e-06, 1.872883386397759, 0.0003097461097107885, 1.8725736402880482
web_page: 7.394980639219284e-05, 2.5038266134218374, 0.0003493166119397598, 2.5034772968098977
web_returns: 6.285572262480855, 13.662395008337098, 1.5865814629400345, 12.075813545397065
web_sales: 67.01082486007363, 42.89826594405769, 17.067210207937293, 25.831055736120398
web_site: 1.0454095900058746e-05, 7.144189167073567, 0.00032151906531948624, 7.143867648008248
Function: 115.87075873346109, 5.370002454725904, 4.125709533691406, 101.30933669829237, 4.903845065418085, 0.12531867308888037, 0.036546308244436984
hiya: 0b111110111111110111111111, 115.87075873346109

Round 0
call_center: 9.615905582904816e-06, 0.9327256337205568, 0.00038926501839909824, 0.9323363687021577
catalog_page: 0.0017016949132084846, 6.477644765232801, 0.0016775392269395833, 6.475967226005862
catalog_returns: 13.009788101539016, 13.34540678433418, 3.29553712150461, 10.04986966282957
catalog_sales: 132.3057429259643, 46.5418119729622, 33.67686653264892, 12.864945440313278
customer: 0.8535048151388764, 16.054509608677623, 0.2176812387656343, 15.83682836991199
customer_address: 0.2449320713058114, 14.980279372385738, 0.0640254683450403, 14.916253904040698
customer_demographics: 0.011580578982830048, 8.758347270572187, 0.003953464167241984, 8.754393806404945
date_dim: 0.001992875710129738, 74.56350191682377, 0.0010071650589892722, 74.56249475176477
household_demographics: 3.5176053643226624e-05, 7.220968471034369, 0.0003367687546710553, 7.2206317022796975
inventory: 5.1357166497036815, 0.3174137477493286, 1.4016871323372642, -1.0842733845879355
item: 0.03489831369370222, 52.331161274764135, 0.009595529842199564, 52.321565744921934
promotion: 7.638614624738693e-05, 6.235027362884679, 0.000457464482785927, 6.234569898401894
reason: 1.4491379261016846e-06, 3.0795829442588487, 0.0003484878941109405, 3.0792344563647376
ship_mode: 1.3029202818870544e-06, 0, 0.0003389434490623973, -0.0003389434490623973
ship_mode had no query dependencies
store: 9.930133819580078e-05, 36.296195065356486, 0.00046727774537171177, 36.29572778761111
store_returns: 20.850121902301908, 17.59803960950931, 5.285280934317458, 12.312758675191851
store_sales: 174.69669486396015, 78.27399789150678, 44.63870162252883, 33.63529626897795
time_dim: 0.0012146271765232086, 3.5075998062276836, 0.0009485455331927017, 3.506651260694491
web_page: 7.394980639219284e-05, 2.6583349593957264, 0.0003493087273813064, 2.657985650668345
web_returns: 6.285572262480855, 13.662395008337098, 1.5859112926673264, 12.076483715669772
web_sales: 67.01082486007363, 43.639697880427825, 17.06006548651886, 26.579632393908966
web_site: 1.0454095900058746e-05, 7.016259709356229, 0.0003215179506995268, 7.015938191405529

Round 1
call_center: 9.615905582904816e-06, 0.9327256337205568, 0.0003892620695650002, 0.9323363716509918
catalog_page: 0.0017016949132084846, 6.477644765232801, 0.001677017381551099, 6.47596774785125
catalog_returns: 13.009788101539016, 13.34540678433418, 3.2915475121608613, 10.05385927217332
catalog_sales: 132.3057429259643, 46.40846314948518, 33.636293371572876, 12.772169777912303
customer: 0.8535048151388764, 16.054509608677623, 0.21741950116016096, 15.837090107517461
customer_address: 0.2449320713058114, 14.980279372385738, 0.06395035695409076, 14.916329015431646
customer_demographics: 0.011580578982830048, 8.758347270572187, 0.003949912842212296, 8.754397357729975
date_dim: 0.001992875710129738, 74.24608816907447, 0.0010065539194770827, 74.24508161515499
household_demographics: 3.5176053643226624e-05, 7.220968471034369, 0.00033675796750748307, 7.220631713066862
item: 0.03489831369370222, 52.01374752701481, 0.00958467416354359, 52.004162852851266
promotion: 7.638614624738693e-05, 6.235027362884679, 0.0004574407216533775, 6.2345699221630255
reason: 1.4491379261016846e-06, 3.0795829442588487, 0.00034848744333341027, 3.079234456815515
store: 9.930133819580078e-05, 36.296195065356486, 0.0004672468551266361, 36.29572781850136
store_returns: 20.850121902301908, 17.59803960950931, 5.278794965577033, 12.319244643932278
store_sales: 174.69669486396015, 78.08993296723449, 44.584357705152584, 33.505575262081905
time_dim: 0.0012146271765232086, 3.5075998062276836, 0.0009481676920493685, 3.5066516385356343
web_page: 7.394980639219284e-05, 2.6583349593957264, 0.0003492857233847414, 2.6579856736723415
web_returns: 6.285572262480855, 13.662395008337098, 1.583956003129876, 12.078439005207223
web_sales: 67.01082486007363, 43.639697880427825, 17.039220039314802, 26.600477841113022
web_site: 1.0454095900058746e-05, 7.016259709356229, 0.00032151469868308606, 7.015938194657545
Function: 113.15852887514818, 5.19472000817021, 2.983689308166504, 100.07213463389027, 4.752054828608831, 0.1198474094064677, 0.036082686905902626
hiya: 0b111101111011100111111111, 113.15852887514818

Round 0
call_center: 9.615905582904816e-06, 1.187128373010953, 0.0003892661689797075, 1.1867391068419733
catalog_page: 0.0017016949132084846, 6.477644765232801, 0.0016777428413733034, 6.475967022391428
catalog_returns: 13.009788101539016, 11.659748726527688, 3.297093793394825, 8.362654933132863
catalog_sales: 132.3057429259643, 45.65003149550635, 33.6926974308403, 11.95733406466605
customer: 0.8535048151388764, 16.054509608677623, 0.21778336394580788, 15.836726244731816
customer_address: 0.2449320713058114, 14.804211723723807, 0.06405477542271429, 14.740156948301092
customer_demographics: 0.011580578982830048, 8.964309065025649, 0.003954849828686604, 8.960354215196963
date_dim: 0.001992875710129738, 74.47203353085997, 0.0010074035143410763, 74.47102612734564
household_demographics: 3.5176053643226624e-05, 7.448489568175872, 0.0003367729636230757, 7.448152795212249
inventory: 5.1357166497036815, 1.5478934733013312, 1.4023016408659432, 0.14559183243538798
item: 0.03489831369370222, 53.82171246415415, 0.009599705561551708, 53.812112758592605
promotion: 7.638614624738693e-05, 6.617056806000074, 0.00045747362268626487, 6.616599332377388
reason: 1.4491379261016846e-06, 2.9035152955969172, 0.0003484880675059456, 2.9031668075294115
ship_mode: 1.3029202818870544e-06, 0.9218070380679766, 0.000338943604961891, 0.9214680944630147
store: 9.930133819580078e-05, 33.968436100596584, 0.00046728962716414556, 33.96796881096942
store_returns: 20.850121902301908, 15.270280644749404, 5.287775732727667, 9.982504912021737
store_sales: 174.69669486396015, 75.94623892674684, 44.659604763462845, 31.286634163284
time_dim: 0.0012146271765232086, 3.8925663013140355, 0.00094869086807195, 3.8916176104459637
warehouse: 2.907589077949524e-06, 2.4123582274579998, 0.0003097461476329005, 2.412048481310367
web_returns: 6.285572262480855, 11.158568394915262, 1.5866633818442348, 9.571905013071028
web_sales: 67.01082486007363, 41.64876721980968, 17.068083549792718, 24.58068367001696
web_site: 1.0454095900058746e-05, 7.144189167073567, 0.00032151920156612293, 7.143867647872002
Function: 114.48286870650546, 5.390407168383998, 2.7165651321411133, 101.30961155401035, 4.904166615900198, 0.12557182927083305, 0.03654640679896176
hiya: 0b111011111111110111111111, 114.48286870650546

Round 0
call_center: 9.615905582904816e-06, 1.187128373010953, 0.00038926299549074087, 1.1867391100154623
catalog_page: 0.0017016949132084846, 0, 0.00167718123955795, -0.00167718123955795
catalog_page had no query dependencies
catalog_returns: 13.009788101539016, 1.053766916013956, 3.2928002384464747, -2.239033322432519
catalog_sales: 132.3057429259643, 35.091586422695315, 33.64903323179253, 1.4425531909027853
customer: 0.8535048151388764, 16.040537968399523, 0.2175016860434563, 15.823036282356066
customer_address: 0.2449320713058114, 14.25162513932228, 0.06397394172284486, 14.187651197599436
customer_demographics: 0.011580578982830048, 8.964309065025649, 0.003951027948437024, 8.960358037077212
date_dim: 0.001992875710129738, 63.313465135944675, 0.001006745815591497, 63.31245839012908
household_demographics: 3.5176053643226624e-05, 7.6029979141497614, 0.00033676135464697215, 7.602661152795115
inventory: 5.1357166497036815, 1.5478934733013312, 1.40060672612463, 0.1472867471767012
item: 0.03489831369370222, 47.97582509337504, 0.009588188246567082, 47.966236905128476
promotion: 7.638614624738693e-05, 2.699416061710914, 0.0004574484133505212, 2.6989586132975636
reason: 1.4491379261016846e-06, 2.9035152955969172, 0.0003484875892542427, 2.903166808007663
ship_mode: 1.3029202818870544e-06, 0.9218070380679766, 0.000338943174965662, 0.921468094893011
store: 9.930133819580078e-05, 27.490791335363784, 0.0004672568552428306, 27.490324078508543
store_returns: 20.850121902301908, 4.664298834235669, 5.280894671839616, -0.6165958376039473
store_sales: 174.69669486396015, 65.3877938539358, 44.60195049170689, 20.785843362228917
time_dim: 0.0012146271765232086, 4.047074647287925, 0.000948290010772549, 4.046126357277152
warehouse: 2.907589077949524e-06, 2.4123582274579998, 0.0003097451880558977, 2.412048482269944
web_page: 7.394980639219284e-05, 0.15450834597388904, 0.0003492931711443416, 0.1541590528027447
web_sales: 67.01082486007363, 30.7062155488491, 17.045860579300648, 13.660354969548454
web_site: 1.0454095900058746e-05, 0.12792945771733918, 0.0003215157346476781, 0.12760794198269151

Round 1
call_center: 9.615905582904816e-06, 0.8020360629336039, 0.0003892585458526153, 0.8016468043877513
catalog_sales: 132.3057429259643, 34.086182724847, 33.58730683381474, 0.49887589103225594
customer: 0.8535048151388764, 15.992174750233888, 0.2171034888319815, 15.775071261401907
customer_address: 0.2449320713058114, 13.83995913026174, 0.06385967023185292, 13.776099460029887
customer_demographics: 0.011580578982830048, 8.560490102727812, 0.003945625103395692, 8.556544477624415
date_dim: 0.001992875710129738, 62.259698219930726, 0.0010058160521777308, 62.25869240387855
household_demographics: 3.5176053643226624e-05, 7.199178951851924, 0.0003367449434841726, 7.19884220690844
inventory: 5.1357166497036815, 1.165864030185938, 1.3982106903758404, -0.23234666018990247
item: 0.03489831369370222, 47.33372418642163, 0.009571906661564255, 47.324152279760064
promotion: 7.638614624738693e-05, 2.3173866185955205, 0.00045741277588264576, 2.316929205819638
reason: 1.4491379261016846e-06, 2.9035152955969172, 0.0003484869131682137, 2.903166808683749
ship_mode: 1.3029202818870544e-06, 0.9218070380679766, 0.0003389425670965395, 0.92146809550088
store: 9.930133819580078e-05, 27.490791335363784, 0.00046721052683874436, 27.490324124836945
store_returns: 20.850121902301908, 4.664298834235669, 5.271167180848185, -0.606868346612516
store_sales: 174.69669486396015, 65.3877938539358, 44.52044686628519, 20.867346987650613
time_dim: 0.0012146271765232086, 4.047074647287925, 0.0009477233342335369, 4.0461269239536914
warehouse: 2.907589077949524e-06, 1.7702573205045857, 0.00030974383153881374, 1.7699475766730468
web_page: 7.394980639219284e-05, 0.15450834597388904, 0.0003492586703352399, 0.1541590873035538
web_sales: 67.01082486007363, 30.7062155488491, 17.014597107642828, 13.691618441206273
web_site: 1.0454095900058746e-05, 0.12792945771733918, 0.00032151085735611276, 0.12760794685998308

Round 2
call_center: 9.615905582904816e-06, 0.8020360629336039, 0.00038925695304835057, 0.8016468059805555
catalog_sales: 132.3057429259643, 33.95283390136997, 33.565391357444526, 0.3874425439254452
customer: 0.8535048151388764, 15.992174750233888, 0.21696211201647542, 15.775212638217413
customer_address: 0.2449320713058114, 13.83995913026174, 0.06381909902986047, 13.77614003123188
customer_demographics: 0.011580578982830048, 8.560490102727812, 0.003943706865385466, 8.556546395862426
date_dim: 0.001992875710129738, 61.09383418974478, 0.0010054859469263012, 61.092828703797856
household_demographics: 3.5176053643226624e-05, 7.199178951851924, 0.0003367391168287655, 7.198842212735095
item: 0.03489831369370222, 46.16786015623568, 0.009565972324335061, 46.15829418391135
promotion: 7.638614624738693e-05, 2.3173866185955205, 0.0004573997866833553, 2.3169292188088373
reason: 1.4491379261016846e-06, 2.9035152955969172, 0.00034848666674733444, 2.90316680893017
ship_mode: 1.3029202818870544e-06, 0.9218070380679766, 0.00033894234553946364, 0.9214680957224372
store: 9.930133819580078e-05, 27.490791335363784, 0.0004671936409905244, 27.490324141722795
store_returns: 20.850121902301908, 4.664298834235669, 5.267621689919195, -0.6033228556835262
store_sales: 174.69669486396015, 65.2037289296635, 44.490740299106974, 20.712988630556524
time_dim: 0.0012146271765232086, 4.047074647287925, 0.0009475167910940462, 4.0461271304968305
warehouse: 2.907589077949524e-06, 0.9218070380679766, 0.0003097433371133735, 0.9214972947308632
web_page: 7.394980639219284e-05, 0.15450834597388904, 0.00034924609542709347, 0.15415909987846196
web_sales: 67.01082486007363, 30.7062155488491, 17.003202149244082, 13.70301339960502
web_site: 1.0454095900058746e-05, 0.12792945771733918, 0.0003215090796733559, 0.12760794863766584
Function: 121.45736755559892, 4.502841564098994, 16.827821731567383, 95.42234773649717, 4.565761663580735, 0.10418943874684194, 0.03440542110779882
hiya: 0b110111111111100111111001, 121.45736755559892

Round 0
call_center: 9.615905582904816e-06, 1.187128373010953, 0.0003892494021804291, 1.1867391236087725
catalog_page: 0.0017016949132084846, 0, 0.0016747756765236872, -0.0016747756765236872
catalog_page had no query dependencies
catalog_returns: 13.009788101539016, 1.1013036537166436, 3.27440924185964, -2.1731055881429966
catalog_sales: 132.3057429259643, 8.284494467303357, 33.46200217121114, -25.177507703907782
customer: 0.8535048151388764, 9.221880386900105, 0.2162951480107416, 9.005585238889363
customer_address: 0.2449320713058114, 9.357432967002786, 0.0636276989668342, 9.293805268035952
customer_demographics: 0.011580578982830048, 7.9553181754517555, 0.0039346573214226145, 7.951383518130333
date_dim: 0.001992875710129738, 32.823266311050254, 0.0010039286313224738, 32.822262382418934
household_demographics: 3.5176053643226624e-05, 7.448489568175872, 0.00033671162880382683, 7.448152856547068
inventory: 5.1357166497036815, 1.5478934733013312, 1.393346734905828, 0.15454673839550326
item: 0.03489831369370222, 25.07697625636141, 0.00953885502430259, 25.067437401337106
promotion: 7.638614624738693e-05, 2.699416061710914, 0.00045734043177972594, 2.6989587212791344
reason: 1.4491379261016846e-06, 2.9035152955969172, 0.0003484855407127565, 2.9031668100562045
ship_mode: 1.3029202818870544e-06, 0.25440273929039636, 0.00033894133312148514, 0.25406379795727485
store: 9.930133819580078e-05, 26.961498672146796, 0.00046711648012237714, 26.961031555666672
store_returns: 20.850121902301908, 4.711835571938356, 5.251420362362203, -0.5395847904238469
store_sales: 174.69669486396015, 36.34341087891141, 44.354994408033676, -8.011583529122262
time_dim: 0.0012146271765232086, 2.6382384121402103, 0.0009465729801734824, 2.637291839160037
warehouse: 2.907589077949524e-06, 1.7449539286804199, 0.00030974107780749156, 1.7446441876026124
web_page: 7.394980639219284e-05, 0, 0.0003491886336510065, -0.0003491886336510065
web_page had no query dependencies
web_returns: 6.285572262480855, 0.06150837798078855, 1.5757035875102994, -1.5141952095295108
web_site: 1.0454095900058746e-05, 0, 0.000321500747279626, -0.000321500747279626
web_site had no query dependencies

Round 1
call_center: 9.615905582904816e-06, 0, 0.0003892333785550375, -0.0003892333785550375
call_center had no query dependencies
customer: 0.8535048151388764, 0.06442787406682968, 0.2148330507603964, -0.15040517669356673
customer_address: 0.2449320713058114, 0, 0.06320811784482341, -0.06320811784482341
customer_address had no query dependencies
customer_demographics: 0.011580578982830048, 0, 0.003914819199378223, -0.003914819199378223
customer_demographics had no query dependencies
date_dim: 0.001992875710129738, 0.912878156503439, 0.0010005147336567808, 0.9118776417697821
household_demographics: 3.5176053643226624e-05, 0, 0.000336651370431059, -0.000336651370431059
household_demographics had no query dependencies
inventory: 5.1357166497036815, 0.8484502824366091, 1.384548990524196, -0.536098708087587
item: 0.03489831369370222, 0.8484502824366091, 0.009479072434224358, 0.8389712100023847
promotion: 7.638614624738693e-05, 0, 0.0004572095784179033, -0.0004572095784179033
promotion had no query dependencies
reason: 1.4491379261016846e-06, 0, 0.00034848305826562845, -0.00034848305826562845
reason had no query dependencies
ship_mode: 1.3029202818870544e-06, 0, 0.00033893910115263414, -0.00033893910115263414
ship_mode had no query dependencies
store: 9.930133819580078e-05, 0.06442787406682968, 0.0004669463718687898, 0.06396092769496088
store_returns: 20.850121902301908, 0.06442787406682968, 5.215703040840406, -5.151275166773576
time_dim: 0.0012146271765232086, 0, 0.0009444178885269543, -0.0009444178885269543
time_dim had no query dependencies
warehouse: 2.907589077949524e-06, 0.8484502824366091, 0.00030973591892330507, 0.8481405465176858

Round 2
date_dim: 0.001992875710129738, 0, 0.0010004531041683034, -0.0010004531041683034
date_dim had no query dependencies
item: 0.03489831369370222, 0, 0.009477839187543259, -0.009477839187543259
item had no query dependencies
store: 9.930133819580078e-05, 0, 0.00046694285948658236, -0.00046694285948658236
store had no query dependencies
store_returns: 20.850121902301908, 0, 5.214965552317861, -5.214965552317861
store_returns had no query dependencies
warehouse: 2.907589077949524e-06, 0, 0.00030973581602405925, -0.00030973581602405925
warehouse had no query dependencies

Round 3
store_returns: 20.850121902301908, 0, 5.214964301677145, -5.214964301677145
store_returns had no query dependencies
Function: 97.6559379890887, 0, 92.41918087005615, 5.024010623375497, 0.21080752760291102, 0.00012751752177678812, 0.0018114505323588849
hiya: 0b10000000000000000, 97.6559379890887

Round 0
call_center: 9.615905582904816e-06, 1.187128373010953, 0.0003892653795334183, 1.1867391076314195
catalog_page: 0.0017016949132084846, 0, 0.0016776031356822462, -0.0016776031356822462
catalog_page had no query dependencies
catalog_returns: 13.009788101539016, 7.5098629260547956, 3.296025716254131, 4.213837209800665
catalog_sales: 132.3057429259643, 41.50014569503345, 33.68183539846138, 7.818310296572072
customer: 0.8535048151388764, 16.054509608677623, 0.21771329293654876, 15.836796315741074
customer_address: 0.2449320713058114, 14.441664428262312, 0.06403466699786195, 14.37762976126445
customer_demographics: 0.011580578982830048, 9.14037671368758, 0.003953899086707486, 9.136422814600872
date_dim: 0.001992875710129738, 69.83167097720822, 0.0010072399032988657, 69.83066373730492
household_demographics: 3.5176053643226624e-05, 7.6029979141497614, 0.00033677007574062115, 7.602661144074021
inventory: 5.1357166497036815, 1.5478934733013312, 1.4018800089752608, 0.14601346432607043
item: 0.03489831369370222, 49.904071719864994, 0.009596840480982055, 49.89447487938401
promotion: 7.638614624738693e-05, 2.699416061710914, 0.0004574673515390305, 2.698958594359375
reason: 1.4491379261016846e-06, 3.0795829442588487, 0.00034848794853466946, 3.079234456310314
ship_mode: 1.3029202818870544e-06, 0.7938775803506374, 0.00033894349799478606, 0.7935386368526426
store: 9.930133819580078e-05, 29.818550300123693, 0.0004672814747262627, 29.818083018648966
store_returns: 20.850121902301908, 11.12039484427651, 5.28606398012949, 5.834330864147019
store_sales: 174.69669486396015, 71.79635312627396, 44.64526252015475, 27.151090606119205
time_dim: 0.0012146271765232086, 4.047074647287925, 0.0009485911496513589, 4.046126056138274
warehouse: 2.907589077949524e-06, 2.284428769740661, 0.00030974590892575134, 2.2841190238317353
web_page: 7.394980639219284e-05, 2.6583349593957264, 0.00034931150529840597, 2.657985647890428
web_returns: 6.285572262480855, 6.646135298980871, 1.5861474095622947, 5.059987889418577
web_sales: 67.01082486007363, 37.162913012131845, 17.06258274146948, 20.100330270662365

Round 1
call_center: 9.615905582904816e-06, 1.187128373010953, 0.00038926391162831097, 1.1867391090993247
catalog_returns: 13.009788101539016, 7.5098629260547956, 3.294039244993422, 4.215823681061373
catalog_sales: 132.3057429259643, 41.50014569503345, 33.661633566279505, 7.838512128753948
customer: 0.8535048151388764, 16.054509608677623, 0.21758297084575703, 15.836926637831866
customer_address: 0.2449320713058114, 14.441664428262312, 0.0639972681934635, 14.37766716006885
customer_demographics: 0.011580578982830048, 9.14037671368758, 0.003952130842124852, 9.136424582845455
date_dim: 0.001992875710129738, 69.83167097720822, 0.0010069356100779892, 69.83066404159814
household_demographics: 3.5176053643226624e-05, 7.6029979141497614, 0.00033676470469083295, 7.602661149445071
inventory: 5.1357166497036815, 1.5478934733013312, 1.401095833749027, 0.1467976395523043
item: 0.03489831369370222, 49.904071719864994, 0.009591511839450105, 49.89448020802554
promotion: 7.638614624738693e-05, 2.699416061710914, 0.00045745568809893043, 2.6989586060228152
reason: 1.4491379261016846e-06, 3.0795829442588487, 0.0003484877272650515, 3.0792344565315837
ship_mode: 1.3029202818870544e-06, 0.7938775803506374, 0.00033894329905121567, 0.7935386370515861
store: 9.930133819580078e-05, 29.818550300123693, 0.0004672663123536755, 29.81808303381134
store_returns: 20.850121902301908, 11.12039484427651, 5.282880364253664, 5.837514480022845
store_sales: 174.69669486396015, 71.79635312627396, 44.61858799163979, 27.177765134634164
time_dim: 0.0012146271765232086, 4.047074647287925, 0.0009484056876008008, 4.046126241600324
warehouse: 2.907589077949524e-06, 2.284428769740661, 0.00030974546496447415, 2.2841190242756966
web_page: 7.394980639219284e-05, 2.6583349593957264, 0.00034930021386429604, 2.657985659181862
web_returns: 6.285572262480855, 6.646135298980871, 1.585187662289005, 5.060947636691866
web_sales: 67.01082486007363, 37.162913012131845, 17.052350824031475, 20.11056218810037
Function: 118.9654821591241, 5.2617794500974835, 7.331047058105469, 101.30921681626079, 4.902915468204816, 0.12398710119700224, 0.036536265258550644
hiya: 0b11111111111110111111101, 118.9654821591241
{113.00991002688282: [1, 2, 3, 4, 5, 6, 7, 8, 10, 11, 12, 13, 14, 15, 16, 17, 18, 19, 20, 21, 22, 23], 118.30015941409734: [0, 2, 3, 4, 5, 6, 7, 8, 10, 11, 12, 13, 14, 15, 16, 17, 18, 19, 20, 21, 22, 23], 121.45736755559892: [0, 3, 4, 5, 6, 7, 8, 11, 12, 13, 14, 15, 16, 17, 18, 19, 20, 22, 23], 97.6559379890887: [16], 127.63859588202759: [0, 1, 2, 3, 5, 6, 7, 8, 10, 11, 12, 13, 14, 15, 16, 17, 18, 19, 20, 21, 22, 23], 126.73421994607486: [0, 1, 2, 3, 4, 6, 7, 8, 10, 11, 12, 13, 14, 15, 16, 17, 18, 19, 20, 21, 22, 23], 120.72909968973812: [0, 1, 2, 3, 4, 5, 7, 8, 11, 12, 13, 14, 15, 16, 17, 18, 19, 20, 21, 22, 23], 119.19597470909108: [0, 1, 2, 3, 4, 5, 6, 7, 11, 12, 13, 14, 15, 16, 17, 18, 19, 20, 21, 22, 23], 111.97774512530984: [0, 1, 2, 3, 4, 5, 6, 7, 8, 11, 12, 13, 14, 15, 16, 17, 18, 19, 20, 21, 22, 23], 118.21116834566287: [0, 1, 2, 3, 4, 5, 6, 7, 8, 11, 13, 14, 15, 16, 17, 18, 19, 20, 21, 22, 23], 114.90266102606091: [0, 1, 2, 3, 4, 5, 6, 7, 8, 10, 11, 12, 14, 15, 16, 17, 18, 19, 20, 21, 22, 23], 112.74684045741775: [0, 1, 2, 3, 4, 5, 6, 7, 8, 10, 11, 12, 13, 15, 16, 17, 18, 19, 20, 21, 22, 23], 92.41918087005615: [], 115.87075873346109: [0, 1, 2, 3, 4, 5, 6, 7, 8, 10, 11, 12, 13, 14, 15, 16, 17, 19, 20, 21, 22, 23], 113.15852887514818: [0, 1, 2, 3, 4, 5, 6, 7, 8, 11, 12, 13, 15, 16, 17, 18, 20, 21, 22, 23], 114.48286870650546: [0, 1, 2, 3, 4, 5, 6, 7, 8, 10, 11, 12, 13, 14, 15, 16, 17, 18, 19, 21, 22, 23], 118.9654821591241: [0, 2, 3, 4, 5, 6, 7, 8, 10, 11, 12, 13, 14, 15, 16, 17, 18, 19, 20, 21, 22]}
NEW ENTRY: 92.41918087005615, 0b11111111111110111111101
{111.82560577189324: [0, 1, 2, 3, 4, 5, 6, 7, 8, 10, 11, 12, 13, 14, 15, 16, 17, 18, 19, 20, 21, 22, 23], 92.41918087005615: []}
[0, 1, 2, 3, 4, 5, 6, 7, 8, 10, 11, 12, 13, 14, 15, 16, 17, 18, 19, 20, 21, 22, 23]
----
Best Cost: $92.41918087005615;
[]
[]
0
Optimal Subset: 0b0
Function: 92.41918087005615, 0, 92.41918087005615, 0.0, 0, 0.0, 0
92.41918087005615
Real: 92.41918087005615, 0, 92.41918087005615, 0.0, 0, 0.0, 0
Num Redshift Qs: 0; Num GCP Qs: 97
Redshift Qs: $0; GCP Qs: $92.41918087005615; Movement Cost: $0.0
Load Cost: $0, Storage Cost: $0.0, API Cost: $0
Final cost: $92.41918087005615, BQ Baseline: $92.41918087005615, Diff: $0.0, %: 0.0%
