Egress: $0.24/GB
Benchmark: tpcds
Data Path: parquet_1000/real_data_rs1
BigQuery Cost: $5.0/TB; DuckDB Cost: $1.48/hr; Redshift Cost: $1.086/hr
Use Duck: False
Excluded Table: store_sales
Excluded Query: None

Starting analysis without using DuckDB
Redshift Total: $1.0543486436589562, Redshift-Calcite Total: $0.7932511291917168, BigQuery Total: $9.416570663452148
Excluding table store_sales and any queries that depend on it
Total Keys: 32, Keys Considered: 31

Round 0
call_center: 9.615905582904816e-06, 1.1871283730109532, 0.0003892376202848527, 1.1867391353906684
catalog_page: 0.0017016949132084846, 0, 0.001672690673546325, -0.001672690673546325
catalog_page had no query dependencies
catalog_returns: 13.009788101539016, 1.1013036537166434, 3.2584689891645082, -2.157165335447865
catalog_sales: 132.3057429259643, 6.134088816747267, 33.29989445978673, -27.165805643039462
customer: 0.8535048151388764, 2.7159602445101747, 0.21524939059150924, 2.5007108539186653
customer_address: 0.2449320713058114, 3.729517754123609, 0.06332759576151799, 3.666190158362091
customer_demographics: 0.011580578982830048, 3.3348345241284374, 0.003920468208279381, 3.330914055920158
date_dim: 0.001992875710129738, 8.54203729144613, 0.0010014868588538123, 8.541035804587276
household_demographics: 3.5176053643226624e-05, 0.5715057459751764, 0.00033666852931753895, 0.5711690774458589
income_band: 5.122274160385132e-07, 0.013178437703450521, 0.0003379404213879632, 0.012840497282062558
inventory: 5.1357166497036815, 1.3638285490290323, 1.3870542445363865, -0.023225695507354205
item: 0.03489831369370222, 5.968970054809252, 0.009496096181125362, 5.959473958628126
promotion: 7.638614624738693e-05, 0.7934234904913108, 0.0004572468403449944, 0.7929662436509658
reason: 1.4491379261016846e-06, 0.17606764866193136, 0.0003484837651696209, 0.17571916489676173
ship_mode: 1.3029202818870544e-06, 0.9218070380679766, 0.0003389397367301955, 0.9214680983312464
store: 9.930133819580078e-05, 0.06442787406682968, 0.00046699481205599236, 0.06396087925477369
store_returns: 20.850121902301908, 0.12514304947296778, 5.225873939103147, -5.10073088963018
time_dim: 0.0012146271765232086, 0.6939831870341301, 0.0009450103958272696, 0.6930381766383028
warehouse: 2.907589077949524e-06, 2.4123582274579998, 0.0003097373372743747, 2.4120484901207253
web_page: 7.394980639219284e-05, 0.33057599463582044, 0.0003490934992656516, 0.3302269011365548
web_returns: 6.285572262480855, 0.776190970766147, 1.5676173722385018, -0.7914264014723549
web_sales: 67.01082486007363, 2.3765151666100817, 16.865033014268477, -14.488517847658395
web_site: 1.0454095900058746e-05, 0.6665444018407662, 0.00032148752444865184, 0.6662229143163176

Round 1
call_center: 9.615905582904816e-06, 0, 0.0003892331733823517, -0.0003892331733823517
call_center had no query dependencies
customer: 0.8535048151388764, 0.0776063117702802, 0.21481483969605822, -0.13720852792577803
customer_address: 0.2449320713058114, 0.013178437703450521, 0.06320289177740128, -0.05002445407395076
customer_demographics: 0.011580578982830048, 0.013178437703450521, 0.003914572106842611, 0.00926386559660791
date_dim: 0.001992875710129738, 0.06442787406682968, 0.0010004722120597945, 0.06342740185476989
household_demographics: 3.5176053643226624e-05, 0.013178437703450521, 0.0003366506198865223, 0.012841787083564
income_band: 5.122274160385132e-07, 0.013178437703450521, 0.00033794016059402463, 0.012840497542856497
item: 0.03489831369370222, 0, 0.009478174470389534, -0.009478174470389534
item had no query dependencies
promotion: 7.638614624738693e-05, 0, 0.00045720761293620657, -0.00045720761293620657
promotion had no query dependencies
reason: 1.4491379261016846e-06, 0, 0.0003484830209780546, -0.0003484830209780546
reason had no query dependencies
ship_mode: 1.3029202818870544e-06, 0, 0.0003389390676273669, -0.0003389390676273669
ship_mode had no query dependencies
store: 9.930133819580078e-05, 0.06442787406682968, 0.00046694381675935865, 0.06396093025007032
store_returns: 20.850121902301908, 0.0776063117702802, 5.215166549146732, -5.1375602373764515
time_dim: 0.0012146271765232086, 0, 0.0009443866351177815, -0.0009443866351177815
time_dim had no query dependencies
warehouse: 2.907589077949524e-06, 0, 0.00030973584410852, -0.00030973584410852
warehouse had no query dependencies
web_page: 7.394980639219284e-05, 0, 0.0003490555230169777, -0.0003490555230169777
web_page had no query dependencies
web_site: 1.0454095900058746e-05, 0, 0.00032148191286188383, -0.00032148191286188383
web_site had no query dependencies

Round 2
customer_demographics: 0.011580578982830048, 0, 0.003914461452465178, -0.003914461452465178
customer_demographics had no query dependencies
date_dim: 0.001992875710129738, 0, 0.0010004531697976303, -0.0010004531697976303
date_dim had no query dependencies
household_demographics: 3.5176053643226624e-05, 0, 0.000336650283773421, -0.000336650283773421
household_demographics had no query dependencies
income_band: 5.122274160385132e-07, 0, 0.00033794015569960567, -0.00033794015569960567
income_band had no query dependencies
store: 9.930133819580078e-05, 0, 0.00046694286150006766, -0.00046694286150006766
store had no query dependencies
store_returns: 20.850121902301908, 0, 5.214965975085722, -5.214965975085722
store_returns had no query dependencies

Round 3
store_returns: 20.850121902301908, 0, 5.214964301677145, -5.214964301677145
store_returns had no query dependencies
STARTING PHASE 2: 0b10000000000000000
----
[16]
Function: 14.653327782484691, 0, 9.416570663452148, 5.024010623375497, 0.21080752760291102, 0.00012751752177678812, 0.0018114505323588849
Function: 9.416570663452148, 0, 9.416570663452148, 0.0, 0, 0.0, 0
hiya: 0b0, 9.416570663452148
{9.416570663452148: []}
NEW ENTRY: 9.416570663452148, 0b0
{14.653327782484691: [16], 9.416570663452148: []}
[16]
----
Best Cost: $9.416570663452148;
[]
[]
0
Optimal Subset: 0b0
Function: 9.416570663452148, 0, 9.416570663452148, 0.0, 0, 0.0, 0
9.416570663452148
Real: 9.416570663452148, 0, 9.416570663452148, 0.0, 0, 0.0, 0
Num Redshift Qs: 0; Num GCP Qs: 32
Redshift Qs: $0; GCP Qs: $9.416570663452148; Movement Cost: $0.0
Load Cost: $0, Storage Cost: $0.0, API Cost: $0
Final cost: $9.416570663452148, BQ Baseline: $9.416570663452148, Diff: $0.0, %: 0.0%
