Data Starting In: aws
Egress: $0.115/GB
Benchmark: tpcds
Data Path: parquet_1000/internal_rs1
BigQuery Cost: $5.0/TB; DuckDB Cost: $1.48/hr; Redshift Cost: $1.086/hr
Use Duck: False
Excluded Table: date_dim
Excluded Query: None

Starting analysis without using DuckDB
Redshift Total: $0.5998556992510955, BigQuery Total: $2.8830814361572266
!!!!!!: 0.003278739861249924
Excluding table date_dim and any queries that depend on it
Total Keys: 10, Keys Considered: 1
call_center: 0.00039803329641145165, -0.00039803329641145165
call_center had no query dependencies
catalog_page: 0.0014695654102660353, -0.0014695654102660353
catalog_page had no query dependencies
catalog_returns: 1.629045917452091, -1.629045917452091
catalog_returns had no query dependencies
catalog_sales: 16.723373323901125, -16.723373323901125
catalog_sales had no query dependencies
customer: 0.1083238828915704, -0.1083238828915704
customer had no query dependencies
customer_address: 0.03265005689766764, -0.03265005689766764
customer_address had no query dependencies
customer_demographics: 0.0024795371027001643, -0.0024795371027001643
customer_demographics had no query dependencies
household_demographics: 0.00034226131958061355, -0.00034226131958061355
household_demographics had no query dependencies
income_band: 0.0003478762443812139, -0.0003478762443812139
income_band had no query dependencies
inventory: 0.7435873496748212, -0.7435873496748212
inventory had no query dependencies
item: 0.005133529352660586, -0.001854789491410662
promotion: 0.0004576760752327074, -0.0004576760752327074
promotion had no query dependencies
reason: 0.00035830219612202, -0.00035830219612202
reason had no query dependencies
ship_mode: 0.0003487764879400215, -0.0003487764879400215
ship_mode had no query dependencies
store: 0.0004645528958376821, -0.0004645528958376821
store had no query dependencies
store_returns: 2.6133498360982528, -2.6133498360982528
store_returns had no query dependencies
store_sales: 22.24065019827889, -22.24065019827889
store_sales had no query dependencies
time_dim: 0.0008028167820131706, -0.0008028167820131706
time_dim had no query dependencies
warehouse: 0.00031937301435333646, -0.00031937301435333646
warehouse had no query dependencies
web_page: 0.0003498275367037401, -0.0003498275367037401
web_page had no query dependencies
web_returns: 0.7800305981360935, -0.7800305981360935
web_returns had no query dependencies
web_sales: 8.46698219003917, -8.46698219003917
web_sales had no query dependencies
web_site: 0.00033017737582867723, -0.00033017737582867723
web_site had no query dependencies
{}
{}
STARTING PHASE 2: 0b0
----
[]
Function: 0.5998556992510955, 0, 0.5998556992510955, 0.0, 0, 0.0, 0
{0.5998556992510955: []}
[]
{}
Best Cost: $0.5998556992510955;
[]
{}
{}
{}
[]
0
Optimal Subset: 0b0
Function: 0.5998556992510955, 0, 0.5998556992510955, 0.0, 0, 0.0, 0
0.5998556992510955
Real: 0.5998556992510955, 0, 0.5998556992510955, 0.0, 0, 0.0, 0
Num Redshift Qs: 0; Num GCP Qs: 10
Moved Qs: $0; Stayed Qs: $0.5998556992510955; Movement Cost: $0.0
Load Cost: $0, Storage Cost: $0.0, API Cost: $0
Final cost: $0.5998556992510955, Baseline: $0.5998556992510955, Diff: $0.0, %: 0.0%
