Data Starting In: aws
Egress: $0.115/GB
Benchmark: tpcds
Data Path: parquet_1000/internal_rs1
BigQuery Cost: $5.0/TB; DuckDB Cost: $1.48/hr; Redshift Cost: $1.086/hr
Use Duck: False
Excluded Table: web_site
Excluded Query: None

Starting analysis without using DuckDB
Redshift Total: $5.42451950707674, BigQuery Total: $42.06637382507324
!!!!!!: 0.7195568058017892
Excluding table web_site and any queries that depend on it
Total Keys: 94, Keys Considered: 3
call_center: 0.0003980333583143665, -0.0003980333583143665
call_center had no query dependencies
catalog_page: 0.0014695763650195348, -0.0014695763650195348
catalog_page had no query dependencies
catalog_returns: 1.6291296686701415, -1.6291296686701415
catalog_returns had no query dependencies
catalog_sales: 16.72422504931269, -16.419195037538785
customer: 0.10832937737521009, 0.19670063439869412
customer_address: 0.03265163366118995, -0.03265163366118995
customer_address had no query dependencies
customer_demographics: 0.0024796116533068284, -0.0024796116533068284
customer_demographics had no query dependencies
date_dim: 0.0007618121974063584, 0.7155162537431329
household_demographics: 0.00034226154602837086, -0.00034226154602837086
household_demographics had no query dependencies
income_band: 0.0003478762476787057, -0.0003478762476787057
income_band had no query dependencies
inventory: 0.7436204111299054, -0.7436204111299054
inventory had no query dependencies
item: 0.005133754012451887, 0.7144230517893373
promotion: 0.00045767656697267585, -0.00045767656697267585
promotion had no query dependencies
reason: 0.00035830220545092414, -0.00035830220545092414
reason had no query dependencies
ship_mode: 0.00034877649632764166, -0.00034877649632764166
ship_mode had no query dependencies
store: 0.0004645535350954443, 0.41078350063153957
store_returns: 2.613484059891307, -2.613484059891307
store_returns had no query dependencies
store_sales: 22.24177481774771, -21.52549675180717
time_dim: 0.0008028246012416405, -0.0008028246012416405
time_dim had no query dependencies
warehouse: 0.0003193730330710992, -0.0003193730330710992
warehouse had no query dependencies
web_page: 0.00034982801275963823, -0.00034982801275963823
web_page had no query dependencies
web_returns: 0.7800710618491855, -0.7800710618491855
web_returns had no query dependencies
web_sales: 8.46741357586658, -8.162383564092675
customer: 0.10820274152492086, -0.10820274152492086
customer had no query dependencies
date_dim: 0.000761516511306413, -0.000761516511306413
date_dim had no query dependencies
item: 0.0051285760948234504, -0.0018498362335735265
store: 0.0004645388015998925, -0.0004645388015998925
store had no query dependencies
{}
{}
STARTING PHASE 2: 0b0
----
[]
Function: 5.42451950707674, 0, 5.42451950707674, 0.0, 0, 0.0, 0
{5.42451950707674: []}
[]
{}
Best Cost: $5.42451950707674;
[]
{}
{}
{}
[]
0
Optimal Subset: 0b0
Function: 5.42451950707674, 0, 5.42451950707674, 0.0, 0, 0.0, 0
5.42451950707674
Real: 5.42451950707674, 0, 5.42451950707674, 0.0, 0, 0.0, 0
Num Redshift Qs: 0; Num GCP Qs: 94
Moved Qs: $0; Stayed Qs: $5.42451950707674; Movement Cost: $0.0
Load Cost: $0, Storage Cost: $0.0, API Cost: $0
Final cost: $5.42451950707674, Baseline: $5.42451950707674, Diff: $0.0, %: 0.0%
