Data Starting In: aws
Egress: $0.115/GB
Benchmark: tpcds
Data Path: parquet_1000/internal_rs1
BigQuery Cost: $5.0/TB; DuckDB Cost: $1.48/hr; Redshift Cost: $1.086/hr
Use Duck: False
Excluded Table: call_center
Excluded Query: None

Starting analysis without using DuckDB
Redshift Total: $5.412850367982388, BigQuery Total: $43.87744903564453
!!!!!!: 0.7195568058017892
Excluding table call_center and any queries that depend on it
Total Keys: 95, Keys Considered: 3
catalog_page: 0.001469576361664768, -0.001469576361664768
catalog_page had no query dependencies
catalog_returns: 1.629129643022299, -1.629129643022299
catalog_returns had no query dependencies
catalog_sales: 16.724224788481624, -16.41919477670772
customer: 0.10832937569258798, 0.19670063608131622
customer_address: 0.03265163317832435, -0.03265163317832435
customer_address had no query dependencies
customer_demographics: 0.002479611630476567, -0.002479611630476567
customer_demographics had no query dependencies
date_dim: 0.0007618121934775501, 0.7155162537470616
household_demographics: 0.0003422615459590239, -0.0003422615459590239
household_demographics had no query dependencies
income_band: 0.0003478762476776959, -0.0003478762476776959
income_band had no query dependencies
inventory: 0.7436204010052169, -0.7436204010052169
inventory had no query dependencies
item: 0.005133753943652422, 0.7144230518581367
promotion: 0.0004576765668220862, -0.0004576765668220862
promotion had no query dependencies
reason: 0.00035830220544806726, -0.00035830220544806726
reason had no query dependencies
ship_mode: 0.000348776496325073, -0.000348776496325073
ship_mode had no query dependencies
store: 0.00046455353489967895, 0.41078350063173535
store_returns: 2.6134840187868216, -2.6134840187868216
store_returns had no query dependencies
store_sales: 22.241774473345995, -21.525496407405456
time_dim: 0.0008028245988470922, -0.0008028245988470922
time_dim had no query dependencies
warehouse: 0.0003193730330653671, -0.0003193730330653671
warehouse had no query dependencies
web_page: 0.00034982801261385164, -0.00034982801261385164
web_page had no query dependencies
web_returns: 0.780071049457641, -0.780071049457641
web_returns had no query dependencies
web_sales: 8.467413443759655, -8.16238343198575
web_site: 0.00033017744310687836, -0.00033017744310687836
web_site had no query dependencies
customer: 0.10820274152492086, -0.10820274152492086
customer had no query dependencies
date_dim: 0.000761516511306413, -0.000761516511306413
date_dim had no query dependencies
item: 0.0051285760948234504, -0.0018498362335735265
store: 0.0004645388015998925, -0.0004645388015998925
store had no query dependencies
{}
{}
STARTING PHASE 2: 0b0
----
[]
Function: 5.412850367982388, 0, 5.412850367982388, 0.0, 0, 0.0, 0
{5.412850367982388: []}
[]
{}
Best Cost: $5.412850367982388;
[]
{}
{}
{}
[]
0
Optimal Subset: 0b0
Function: 5.412850367982388, 0, 5.412850367982388, 0.0, 0, 0.0, 0
5.412850367982388
Real: 5.412850367982388, 0, 5.412850367982388, 0.0, 0, 0.0, 0
Num Redshift Qs: 0; Num GCP Qs: 95
Moved Qs: $0; Stayed Qs: $5.412850367982388; Movement Cost: $0.0
Load Cost: $0, Storage Cost: $0.0, API Cost: $0
Final cost: $5.412850367982388, Baseline: $5.412850367982388, Diff: $0.0, %: 0.0%
