Data Starting In: aws
Egress: $0.115/GB
Benchmark: tpcds
Data Path: parquet_1000/internal_rs1
BigQuery Cost: $5.0/TB; DuckDB Cost: $1.48/hr; Redshift Cost: $1.086/hr
Use Duck: False
Excluded Table: time_dim
Excluded Query: None

Starting analysis without using DuckDB
Redshift Total: $5.53274251170516, BigQuery Total: $42.7951717376709
!!!!!!: 0.7195568058017892
Excluding table time_dim and any queries that depend on it
Total Keys: 94, Keys Considered: 3
call_center: 0.0003980333582212212, -0.0003980333582212212
call_center had no query dependencies
catalog_page: 0.001469576348535914, -0.001469576348535914
catalog_page had no query dependencies
catalog_returns: 1.629129542649661, -1.629129542649661
catalog_returns had no query dependencies
catalog_sales: 16.72422376772123, -16.419193755947326
customer: 0.10832936910765907, 0.19670064266624515
customer_address: 0.03265163128863345, -0.03265163128863345
customer_address had no query dependencies
customer_demographics: 0.0024796115411305102, -0.0024796115411305102
customer_demographics had no query dependencies
date_dim: 0.0007618121781021889, 0.715516253762437
household_demographics: 0.00034226154568763484, -0.00034226154568763484
household_demographics had no query dependencies
income_band: 0.000347876247673744, -0.000347876247673744
income_band had no query dependencies
inventory: 0.743620361382325, -0.743620361382325
inventory had no query dependencies
item: 0.005133753674406238, 0.7144230521273829
promotion: 0.0004576765662327546, -0.0004576765662327546
promotion had no query dependencies
reason: 0.00035830220543688697, -0.00035830220543688697
reason had no query dependencies
ship_mode: 0.0003487764963150208, -0.0003487764963150208
ship_mode had no query dependencies
store: 0.00046455353413355296, 0.41078350063250146
store_returns: 2.613483857924729, -2.613483857924729
store_returns had no query dependencies
store_sales: 22.24177312553249, -21.52549505959195
warehouse: 0.00031937303304293457, -0.00031937303304293457
warehouse had no query dependencies
web_page: 0.0003498280120433168, -0.0003498280120433168
web_page had no query dependencies
web_returns: 0.7800710009634254, -0.7800710009634254
web_returns had no query dependencies
web_sales: 8.467412926760208, -8.162382914986303
web_site: 0.0003301774430262233, -0.0003301774430262233
web_site had no query dependencies
customer: 0.10820274152492086, -0.10820274152492086
customer had no query dependencies
date_dim: 0.000761516511306413, -0.000761516511306413
date_dim had no query dependencies
item: 0.0051285760948234504, -0.0018498362335735265
store: 0.0004645388015998925, -0.0004645388015998925
store had no query dependencies
{}
{}
STARTING PHASE 2: 0b0
----
[]
Function: 5.53274251170516, 0, 5.53274251170516, 0.0, 0, 0.0, 0
{5.53274251170516: []}
[]
{}
Best Cost: $5.53274251170516;
[]
{}
{}
{}
[]
0
Optimal Subset: 0b0
Function: 5.53274251170516, 0, 5.53274251170516, 0.0, 0, 0.0, 0
5.53274251170516
Real: 5.53274251170516, 0, 5.53274251170516, 0.0, 0, 0.0, 0
Num Redshift Qs: 0; Num GCP Qs: 94
Moved Qs: $0; Stayed Qs: $5.53274251170516; Movement Cost: $0.0
Load Cost: $0, Storage Cost: $0.0, API Cost: $0
Final cost: $5.53274251170516, Baseline: $5.53274251170516, Diff: $0.0, %: 0.0%
