Data Starting In: aws
Egress: $0.115/GB
Benchmark: tpcds
Data Path: parquet_1000/internal_rs1
BigQuery Cost: $5.0/TB; DuckDB Cost: $1.48/hr; Redshift Cost: $1.086/hr
Use Duck: False
Excluded Table: household_demographics
Excluded Query: None

Starting analysis without using DuckDB
Redshift Total: $5.094937798851332, BigQuery Total: $37.53030300140381
!!!!!!: 0.7195568058017892
Excluding table household_demographics and any queries that depend on it
Total Keys: 86, Keys Considered: 3
call_center: 0.0003980333583117901, -0.0003980333583117901
call_center had no query dependencies
catalog_page: 0.0014695763645635963, -0.0014695763645635963
catalog_page had no query dependencies
catalog_returns: 1.6291296651844036, -1.6291296651844036
catalog_returns had no query dependencies
catalog_sales: 16.72422501386375, -16.419195002089847
customer: 0.10832937714652888, 0.19670063462737533
customer_address: 0.032651633595564826, -0.032651633595564826
customer_address had no query dependencies
customer_demographics: 0.0024796116502040213, -0.0024796116502040213
customer_demographics had no query dependencies
date_dim: 0.0007618121968724033, 0.7155162537436668
income_band: 0.00034787624767856847, -0.00034787624767856847
income_band had no query dependencies
inventory: 0.7436204097538829, -0.7436204097538829
inventory had no query dependencies
item: 0.005133754003101514, 0.7144230517986876
promotion: 0.0004576765669522096, -0.0004576765669522096
promotion had no query dependencies
reason: 0.0003583022054505359, -0.0003583022054505359
reason had no query dependencies
ship_mode: 0.00034877649632729255, -0.00034877649632729255
ship_mode had no query dependencies
store: 0.0004645535350688383, 0.41078350063156616
store_returns: 2.613484054304893, -2.613484054304893
store_returns had no query dependencies
store_sales: 22.241774770940886, -21.525496705000347
time_dim: 0.0008028246009162031, -0.0008028246009162031
time_dim had no query dependencies
warehouse: 0.00031937303307032016, -0.00031937303307032016
warehouse had no query dependencies
web_page: 0.0003498280127398247, -0.0003498280127398247
web_page had no query dependencies
web_returns: 0.7800710601650799, -0.7800710601650799
web_returns had no query dependencies
web_sales: 8.467413557912238, -8.162383546138333
web_site: 0.00033017744312468687, -0.00033017744312468687
web_site had no query dependencies
customer: 0.10820274152492086, -0.10820274152492086
customer had no query dependencies
date_dim: 0.000761516511306413, -0.000761516511306413
date_dim had no query dependencies
item: 0.0051285760948234504, -0.0018498362335735265
store: 0.0004645388015998925, -0.0004645388015998925
store had no query dependencies
{}
{}
STARTING PHASE 2: 0b0
----
[]
Function: 5.094937798851332, 0, 5.094937798851332, 0.0, 0, 0.0, 0
{5.094937798851332: []}
[]
{}
Best Cost: $5.094937798851332;
[]
{}
{}
{}
[]
0
Optimal Subset: 0b0
Function: 5.094937798851332, 0, 5.094937798851332, 0.0, 0, 0.0, 0
5.094937798851332
Real: 5.094937798851332, 0, 5.094937798851332, 0.0, 0, 0.0, 0
Num Redshift Qs: 0; Num GCP Qs: 86
Moved Qs: $0; Stayed Qs: $5.094937798851332; Movement Cost: $0.0
Load Cost: $0, Storage Cost: $0.0, API Cost: $0
Final cost: $5.094937798851332, Baseline: $5.094937798851332, Diff: $0.0, %: 0.0%
