Data Starting In: aws
Egress: $0.115/GB
Benchmark: tpcds
Data Path: parquet_1000/internal_rs1
BigQuery Cost: $5.0/TB; DuckDB Cost: $1.48/hr; Redshift Cost: $1.086/hr
Use Duck: False
Excluded Table: web_returns
Excluded Query: None

Starting analysis without using DuckDB
Redshift Total: $5.036077666150331, BigQuery Total: $37.71481990814209
!!!!!!: 0.7195568058017892
Excluding table web_returns and any queries that depend on it
Total Keys: 88, Keys Considered: 3
call_center: 0.0003980333428526369, -0.0003980333428526369
call_center had no query dependencies
catalog_page: 0.0014695736288085355, -0.0014695736288085355
catalog_page had no query dependencies
catalog_returns: 1.6291087498056462, -1.6291087498056462
catalog_returns had no query dependencies
catalog_sales: 16.72401231057424, -16.418982298800334
customer: 0.10832800499685662, 0.19670200677704758
customer_address: 0.03265123982688841, -0.03265123982688841
customer_address had no query dependencies
customer_demographics: 0.0024795930325144967, -0.0024795930325144967
customer_demographics had no query dependencies
date_dim: 0.0007618089929962165, 0.715516256947543
household_demographics: 0.00034226148946764183, -0.00034226148946764183
household_demographics had no query dependencies
income_band: 0.0003478762468550785, -0.0003478762468550785
income_band had no query dependencies
inventory: 0.7436121532428559, -0.7436121532428559
inventory had no query dependencies
item: 0.005133697898310014, 0.7144231079034792
promotion: 0.00045767644414888885, -0.00045767644414888885
promotion had no query dependencies
reason: 0.0003583022031208078, -0.0003583022031208078
reason had no query dependencies
ship_mode: 0.00034877649423263347, -0.00034877649423263347
ship_mode had no query dependencies
store: 0.0004645533754255694, 0.41078350079120945
store_returns: 2.6134505342972405, -2.6134505342972405
store_returns had no query dependencies
store_sales: 22.241493917208892, -21.525215851268353
time_dim: 0.0008028226482028116, -0.0008028226482028116
time_dim had no query dependencies
warehouse: 0.00031937302839589145, -0.00031937302839589145
warehouse had no query dependencies
web_page: 0.0003498278938533219, -0.0003498278938533219
web_page had no query dependencies
web_sales: 8.46730582696598, -8.162275815192075
web_site: 0.0003301774263180046, -0.0003301774263180046
web_site had no query dependencies
customer: 0.10820274152492086, -0.10820274152492086
customer had no query dependencies
date_dim: 0.000761516511306413, -0.000761516511306413
date_dim had no query dependencies
item: 0.0051285760948234504, -0.0018498362335735265
store: 0.0004645388015998925, -0.0004645388015998925
store had no query dependencies
{}
{}
STARTING PHASE 2: 0b0
----
[]
Function: 5.036077666150331, 0, 5.036077666150331, 0.0, 0, 0.0, 0
{5.036077666150331: []}
[]
{}
Best Cost: $5.036077666150331;
[]
{}
{}
{}
[]
0
Optimal Subset: 0b0
Function: 5.036077666150331, 0, 5.036077666150331, 0.0, 0, 0.0, 0
5.036077666150331
Real: 5.036077666150331, 0, 5.036077666150331, 0.0, 0, 0.0, 0
Num Redshift Qs: 0; Num GCP Qs: 88
Moved Qs: $0; Stayed Qs: $5.036077666150331; Movement Cost: $0.0
Load Cost: $0, Storage Cost: $0.0, API Cost: $0
Final cost: $5.036077666150331, Baseline: $5.036077666150331, Diff: $0.0, %: 0.0%
