Data Starting In: aws
Egress: $0.115/GB
Benchmark: tpcds
Data Path: parquet_1000/internal_rs1
BigQuery Cost: $5.0/TB; DuckDB Cost: $1.48/hr; Redshift Cost: $1.086/hr
Use Duck: False
Excluded Table: customer_address
Excluded Query: None

Starting analysis without using DuckDB
Redshift Total: $4.789814738959869, BigQuery Total: $31.73539161682129
!!!!!!: 0.7195568058017892
Excluding table customer_address and any queries that depend on it
Total Keys: 70, Keys Considered: 3
call_center: 0.0003980333571711599, -0.0003980333571711599
call_center had no query dependencies
catalog_page: 0.001469576162710047, -0.001469576162710047
catalog_page had no query dependencies
catalog_returns: 1.629128121974817, -1.629128121974817
catalog_returns had no query dependencies
catalog_sales: 16.724209319873253, -16.41917930809935
customer: 0.10832927590454072, 0.19670073586936349
customer_demographics: 0.0024796102765259594, -0.0024796102765259594
customer_demographics had no query dependencies
date_dim: 0.0007618119604792448, 0.71551625398006
household_demographics: 0.0003422615418463936, -0.0003422615418463936
household_demographics had no query dependencies
income_band: 0.00034787624761780853, -0.00034787624761780853
income_band had no query dependencies
inventory: 0.7436198005597049, -0.7436198005597049
inventory had no query dependencies
item: 0.005133749863494332, 0.7144230559382948
promotion: 0.00045767655789135227, -0.00045767655789135227
promotion had no query dependencies
reason: 0.0003583022052786404, -0.0003583022052786404
reason had no query dependencies
ship_mode: 0.0003487764961727413, -0.0003487764961727413
ship_mode had no query dependencies
store: 0.0004645535232898011, 0.41078350064334523
store_returns: 2.613481581081828, -2.613481581081828
store_returns had no query dependencies
store_sales: 22.241754048573068, -21.52547598263253
time_dim: 0.000802824456838199, -0.000802824456838199
time_dim had no query dependencies
warehouse: 0.0003193730327254245, -0.0003193730327254245
warehouse had no query dependencies
web_page: 0.0003498280039679639, -0.0003498280039679639
web_page had no query dependencies
web_returns: 0.7800703145760436, -0.7800703145760436
web_returns had no query dependencies
web_sales: 8.467405609147313, -8.162375597373408
web_site: 0.00033017744188463123, -0.00033017744188463123
web_site had no query dependencies
customer: 0.10820274152492086, -0.10820274152492086
customer had no query dependencies
date_dim: 0.000761516511306413, -0.000761516511306413
date_dim had no query dependencies
item: 0.0051285760948234504, -0.0018498362335735265
store: 0.0004645388015998925, -0.0004645388015998925
store had no query dependencies
{}
{}
STARTING PHASE 2: 0b0
----
[]
Function: 4.789814738959869, 0, 4.789814738959869, 0.0, 0, 0.0, 0
{4.789814738959869: []}
[]
{}
Best Cost: $4.789814738959869;
[]
{}
{}
{}
[]
0
Optimal Subset: 0b0
Function: 4.789814738959869, 0, 4.789814738959869, 0.0, 0, 0.0, 0
4.789814738959869
Real: 4.789814738959869, 0, 4.789814738959869, 0.0, 0, 0.0, 0
Num Redshift Qs: 0; Num GCP Qs: 70
Moved Qs: $0; Stayed Qs: $4.789814738959869; Movement Cost: $0.0
Load Cost: $0, Storage Cost: $0.0, API Cost: $0
Final cost: $4.789814738959869, Baseline: $4.789814738959869, Diff: $0.0, %: 0.0%
