Data Starting In: aws
Egress: $0.115/GB
Benchmark: tpcds
Data Path: parquet_1000/internal_rs1
BigQuery Cost: $5.0/TB; DuckDB Cost: $1.48/hr; Redshift Cost: $1.086/hr
Use Duck: False
Excluded Table: income_band
Excluded Query: None

Starting analysis without using DuckDB
Redshift Total: $5.4519017758758865, BigQuery Total: $43.309359550476074
!!!!!!: 0.7195568058017892
Excluding table income_band and any queries that depend on it
Total Keys: 97, Keys Considered: 3
call_center: 0.0003980333583091094, -0.0003980333583091094
call_center had no query dependencies
catalog_page: 0.0014695763640891974, -0.0014695763640891974
catalog_page had no query dependencies
catalog_returns: 1.6291296615575315, -1.6291296615575315
catalog_returns had no query dependencies
catalog_sales: 16.72422497697952, -16.419194965205616
customer: 0.10832937690858858, 0.19670063486531564
customer_address: 0.03265163352728259, -0.03265163352728259
customer_address had no query dependencies
customer_demographics: 0.0024796116469755843, -0.0024796116469755843
customer_demographics had no query dependencies
date_dim: 0.0007618121963168288, 0.7155162537442223
household_demographics: 0.0003422615460091397, -0.0003422615460091397
household_demographics had no query dependencies
inventory: 0.7436204083221464, -0.7436204083221464
inventory had no query dependencies
item: 0.005133753993372552, 0.7144230518084166
promotion: 0.0004576765669309146, -0.0004576765669309146
promotion had no query dependencies
reason: 0.0003583022054501319, -0.0003583022054501319
reason had no query dependencies
ship_mode: 0.00034877649632692934, -0.00034877649632692934
ship_mode had no query dependencies
store: 0.000464553535041155, 0.41078350063159386
store_returns: 2.6134840484922908, -2.6134840484922908
store_returns had no query dependencies
store_sales: 22.241774722238894, -21.525496656298355
time_dim: 0.000802824600577589, -0.000802824600577589
time_dim had no query dependencies
warehouse: 0.0003193730330695096, -0.0003193730330695096
warehouse had no query dependencies
web_page: 0.000349828012719209, -0.000349828012719209
web_page had no query dependencies
web_returns: 0.7800710584127863, -0.7800710584127863
web_returns had no query dependencies
web_sales: 8.467413539230943, -8.162383527457038
web_site: 0.0003301774431217725, -0.0003301774431217725
web_site had no query dependencies
customer: 0.10820274152492086, -0.10820274152492086
customer had no query dependencies
date_dim: 0.000761516511306413, -0.000761516511306413
date_dim had no query dependencies
item: 0.0051285760948234504, -0.0018498362335735265
store: 0.0004645388015998925, -0.0004645388015998925
store had no query dependencies
{}
{}
STARTING PHASE 2: 0b0
----
[]
Function: 5.4519017758758865, 0, 5.4519017758758865, 0.0, 0, 0.0, 0
{5.4519017758758865: []}
[]
{}
Best Cost: $5.4519017758758865;
[]
{}
{}
{}
[]
0
Optimal Subset: 0b0
Function: 5.4519017758758865, 0, 5.4519017758758865, 0.0, 0, 0.0, 0
5.4519017758758865
Real: 5.4519017758758865, 0, 5.4519017758758865, 0.0, 0, 0.0, 0
Num Redshift Qs: 0; Num GCP Qs: 97
Moved Qs: $0; Stayed Qs: $5.4519017758758865; Movement Cost: $0.0
Load Cost: $0, Storage Cost: $0.0, API Cost: $0
Final cost: $5.4519017758758865, Baseline: $5.4519017758758865, Diff: $0.0, %: 0.0%
