Data Starting In: aws
Egress: $0.115/GB
Benchmark: tpcds
Data Path: parquet_1000/internal_rs1
BigQuery Cost: $5.0/TB; DuckDB Cost: $1.48/hr; Redshift Cost: $1.086/hr
Use Duck: False
Excluded Table: promotion
Excluded Query: None

Starting analysis without using DuckDB
Redshift Total: $5.199853630500632, BigQuery Total: $39.62198734283447
!!!!!!: 0.7195568058017892
Excluding table promotion and any queries that depend on it
Total Keys: 93, Keys Considered: 3
call_center: 0.00039803335828091704, -0.00039803335828091704
call_center had no query dependencies
catalog_page: 0.0014695763591000865, -0.0014695763591000865
catalog_page had no query dependencies
catalog_returns: 1.6291296234148096, -1.6291296234148096
catalog_returns had no query dependencies
catalog_sales: 16.72422458907919, -16.419194577305284
customer: 0.10832937440624216, 0.19670063736766205
customer_address: 0.03265163280917898, -0.03265163280917898
customer_address had no query dependencies
customer_demographics: 0.0024796116130230863, -0.0024796116130230863
customer_demographics had no query dependencies
date_dim: 0.0007618121904740201, 0.7155162537500652
household_demographics: 0.00034226154590600883, -0.00034226154590600883
household_demographics had no query dependencies
income_band: 0.0003478762476769239, -0.0003478762476769239
income_band had no query dependencies
inventory: 0.7436203932650055, -0.7436203932650055
inventory had no query dependencies
item: 0.005133753891055999, 0.7144230519107332
reason: 0.00035830220544588325, -0.00035830220544588325
reason had no query dependencies
ship_mode: 0.00034877649632310937, -0.00034877649632310937
ship_mode had no query dependencies
store: 0.00046455353475001855, 0.410783500631885
store_returns: 2.613483987362901, -2.613483987362901
store_returns had no query dependencies
store_sales: 22.24177421005473, -21.52549614411419
time_dim: 0.0008028245970164868, -0.0008028245970164868
time_dim had no query dependencies
warehouse: 0.00031937303306098496, -0.00031937303306098496
warehouse had no query dependencies
web_page: 0.0003498280125023994, -0.0003498280125023994
web_page had no query dependencies
web_returns: 0.7800710399844435, -0.7800710399844435
web_returns had no query dependencies
web_sales: 8.467413342765386, -8.162383330991482
web_site: 0.0003301774430911226, -0.0003301774430911226
web_site had no query dependencies
customer: 0.10820274152492086, -0.10820274152492086
customer had no query dependencies
date_dim: 0.000761516511306413, -0.000761516511306413
date_dim had no query dependencies
item: 0.0051285760948234504, -0.0018498362335735265
store: 0.0004645388015998925, -0.0004645388015998925
store had no query dependencies
{}
{}
STARTING PHASE 2: 0b0
----
[]
Function: 5.199853630500632, 0, 5.199853630500632, 0.0, 0, 0.0, 0
{5.199853630500632: []}
[]
{}
Best Cost: $5.199853630500632;
[]
{}
{}
{}
[]
0
Optimal Subset: 0b0
Function: 5.199853630500632, 0, 5.199853630500632, 0.0, 0, 0.0, 0
5.199853630500632
Real: 5.199853630500632, 0, 5.199853630500632, 0.0, 0, 0.0, 0
Num Redshift Qs: 0; Num GCP Qs: 93
Moved Qs: $0; Stayed Qs: $5.199853630500632; Movement Cost: $0.0
Load Cost: $0, Storage Cost: $0.0, API Cost: $0
Final cost: $5.199853630500632, Baseline: $5.199853630500632, Diff: $0.0, %: 0.0%
