Egress: $0.12/GB
Benchmark: tpcds
Data Path: parquet_1000/real_data_rs4
BigQuery Cost: $5/TB; DuckDB Cost: $1.48/hr; Redshift Cost: $4.344/hr
Use Duck: False
Excluded Table: web_sales
Excluded Query: None

Starting analysis without using DuckDB
Redshift Total: $4.572590499275527, Redshift-Calcite Total: $4.055330068308512, BigQuery Total: $48.173699378967285
Excluding table web_sales and any queries that depend on it
Total Keys: 63, Keys Considered: 60

Round 0
call_center: 9.615905582904816e-06, 0.0012266267032321927, 1.2291970620978974
catalog_page: 0.0017016949132084846, 0.004863463090142261, -0.004863463090142261
catalog_page had no query dependencies
catalog_returns: 13.009788101539016, 1.7081274301254505, 1.8760900997849546
catalog_sales: 132.3057429259643, 17.562540311963197, -7.062588303154744
customer: 0.8535048151388764, 0.11711080167173664, 11.244260904132133
customer_address: 0.2449320713058114, 0.049881795949090826, 11.483738047847003
customer_demographics: 0.011580578982830048, 0.005954601786252343, 10.062400633887334
date_dim: 0.001992875710129738, 0.0019335660929561008, 34.20969971611389
household_demographics: 3.5176053643226624e-05, 0.0012720076560953277, 9.893963419124288
income_band: 5.122274160385132e-07, 0.0011115781710176436, 2.582419428370234
inventory: 5.1357166497036815, 0.833699824920135, 0.7034919173236317
item: 0.03489831369370222, 0.008303082075771772, 26.730657050140035
promotion: 7.638614624738693e-05, 0.004882623991712582, 5.141945836328124
reason: 1.4491379261016846e-06, 0.0013572044963290155, 2.927674042656953
ship_mode: 1.3029202818870544e-06, 0.0013198838761123571, 0.24911726756705116
store: 9.930133819580078e-05, 0.001410088992824613, 28.852392049653616
store_returns: 20.850121902301908, 2.849881885300819, 4.353324499884105
store_sales: 174.69669486396015, 23.61784733619041, 14.566764418158659
time_dim: 0.0012146271765232086, 0.0017835118587985427, 2.657522336272381
warehouse: 2.907589077949524e-06, 0.0014393321379249768, 1.6804511306230003
web_page: 7.394980639219284e-05, 0.0014204466318776187, -0.0014204466318776187
web_page had no query dependencies
web_returns: 6.285572262480855, 0.8177875277846596, -0.7972073861370028
web_site: 1.0454095900058746e-05, 0.00176447012839407, -0.00176447012839407
web_site had no query dependencies

Round 1
call_center: 9.615905582904816e-06, 0.0012266238579699401, 0.01689454333131025
catalog_returns: 13.009788101539016, 1.7042775082174566, -1.6861563410281764
customer: 0.8535048151388764, 0.1168483419987064, 6.413241419363369
customer_address: 0.2449320713058114, 0.04980647734489633, 6.24273731032206
customer_demographics: 0.011580578982830048, 0.005951040664019143, 4.624579761945107
date_dim: 0.001992875710129738, 0.0019329532674652622, 23.689168178483268
household_demographics: 3.5176053643226624e-05, 0.0012719968391727116, 6.972439836451881
income_band: 5.122274160385132e-07, 0.0011115780135035466, 0.006537115521029636
inventory: 5.1357166497036815, 0.8321205502766311, 0.2250287083417235
item: 0.03489831369370222, 0.00829235056044943, 17.42011932215887
promotion: 7.638614624738693e-05, 0.004882600502351289, 1.8228025104369925
reason: 1.4491379261016846e-06, 0.001357204050707316, 2.9276740431025745
ship_mode: 1.3029202818870544e-06, 0.0013198834754537725, -0.0013198834754537725
ship_mode had no query dependencies
store: 9.930133819580078e-05, 0.0014100584568554045, 23.772355747250117
store_returns: 20.850121902301908, 2.843470303221779, -0.740880392623978
store_sales: 174.69669486396015, 23.56412668154361, 9.127414859787994
time_dim: 0.0012146271765232086, 0.0017831383510620315, 2.6575227097801175
warehouse: 2.907589077949524e-06, 0.001439331243817685, 0.8701741836945367

Round 2
call_center: 9.615905582904816e-06, 0.0012266231007092268, -0.0012266231007092268
call_center had no query dependencies
customer: 0.8535048151388764, 0.11678027121011507, 5.354994087777693
customer_address: 0.2449320713058114, 0.049786942927574525, 5.223594538597529
customer_demographics: 0.011580578982830048, 0.005950117061562867, 4.59881082482375
date_dim: 0.001992875710129738, 0.0019327943268023077, 23.099329621536864
household_demographics: 3.5176053643226624e-05, 0.0012719940337266632, 6.946669978533515
income_band: 5.122274160385132e-07, 0.001111577972651142, -0.001111577972651142
income_band had no query dependencies
inventory: 5.1357166497036815, 0.8317109541312713, 0.22543830448708335
item: 0.03489831369370222, 0.008289567265391802, 16.42672966003589
promotion: 7.638614624738693e-05, 0.0048825944102178645, 1.822802516529126
reason: 1.4491379261016846e-06, 0.0013572039351321492, 2.3978428202707116
store: 9.930133819580078e-05, 0.0014100505361834415, 22.20724576105496
store_sales: 174.69669486396015, 23.549769256609757, 7.085984163890991
time_dim: 0.0012146271765232086, 0.0017830385270869809, 2.657522809604093
warehouse: 2.907589077949524e-06, 0.0014393310048578583, 0.8701741839334965

Round 3
customer: 0.8535048151388764, 0.11674792714719999, 5.355026431840608
customer_address: 0.2449320713058114, 0.04977766108383595, 5.223603820441267
customer_demographics: 0.011580578982830048, 0.005949678208766058, 4.598811263676547
date_dim: 0.001992875710129738, 0.0019327188056146038, 23.09932969705805
household_demographics: 3.5176053643226624e-05, 0.0012719927007095882, 6.946669979866532
inventory: 5.1357166497036815, 0.8315162917495644, 0.2256329668687902
item: 0.03489831369370222, 0.00828824449209169, 16.42673098280919
promotion: 7.638614624738693e-05, 0.00488259151490448, 1.8228025194244393
reason: 1.4491379261016846e-06, 0.0013572038802045394, 2.3978428203256392
store: 9.930133819580078e-05, 0.0014100467723007514, 22.207245764818843
store_sales: 174.69669486396015, 23.543147615071085, 7.092605805429663
time_dim: 0.0012146271765232086, 0.001782992488289439, 2.6575228556428905
warehouse: 2.907589077949524e-06, 0.0014393308946496336, 0.8701741840437047
----
[4, 5, 6, 7, 8, 10, 11, 12, 13, 15, 17, 18, 19]
Function: 41.368257956496095, 2.611809929184914, 14.054522514343262, 21.891129887344352, 2.803686996498108, 0.007108629125463433

Round 0
customer_address: 0.2449320713058114, 0.04976679842736883, 1.5062838451343123
customer_demographics: 0.011580578982830048, 0.005949164613912962, 4.5988117772714
date_dim: 0.001992875710129738, 0.0019326304222350593, 17.627555426453632
household_demographics: 3.5176053643226624e-05, 0.001271991140663227, 3.5595285012191336
inventory: 5.1357166497036815, 0.8312885244123562, 0.2258607342059984
item: 0.03489831369370222, 0.008286696763405465, 14.619897025222414
promotion: 7.638614624738693e-05, 0.004882588127204122, 0.7575182125205315
reason: 1.4491379261016846e-06, 0.001357203815935751, 2.397842820389908
store: 9.930133819580078e-05, 0.0014100423683191994, 17.00930359875863
store_sales: 174.69669486396015, 23.535399874352066, 1.6285791871608772
time_dim: 0.0012146271765232086, 0.0017829386199753228, 2.6575229095112043
warehouse: 2.907589077949524e-06, 0.0014393307656990182, 0.8701741841726554
Function: 46.72224492581406, 2.321078756861687, 19.817028045654297, 21.78789136741318, 2.7895699216572445, 0.006676834227643988
hiya: 0b11101011110111100000, 46.72224492581406

Round 0
customer: 0.8535048151388764, 0.11670412172966713, 1.637739399294719
customer_demographics: 0.011580578982830048, 0.005949082138076292, 3.0427612161855553
date_dim: 0.001992875710129738, 0.0019326162291544012, 17.82594831810942
household_demographics: 3.5176053643226624e-05, 0.0012719908901425527, 4.412477378265423
inventory: 5.1357166497036815, 0.8312519483026287, 0.2258973103157259
item: 0.03489831369370222, 0.008286448220770029, 14.61989727376505
promotion: 7.638614624738693e-05, 0.004882587583188893, 0.7575182130645467
reason: 1.4491379261016846e-06, 0.0013572038056151217, 2.3978428204002284
store: 9.930133819580078e-05, 0.001410041661104045, 17.207696476928554
store_sales: 174.69669486396015, 23.534155700283247, 1.8282162386924021
time_dim: 0.0012146271765232086, 0.00178292996951037, 2.6575229181616695
warehouse: 2.907589077949524e-06, 0.0014393307449914318, 0.8701741841933629
Function: 46.591163467154395, 2.239768475224177, 19.6999454498291, 21.861503312219323, 2.7833615629911423, 0.006584666890650337
hiya: 0b11101011110111010000, 46.591163467154395

Round 0
customer: 0.8535048151388764, 0.1167079976383876, 5.3550663613494205
customer_address: 0.2449320713058114, 0.049766202428739734, 3.6675646355346823
date_dim: 0.001992875710129738, 0.001932625507056286, 18.494568848471303
household_demographics: 3.5176053643226624e-05, 0.0012719910539058887, 6.045175337284718
inventory: 5.1357166497036815, 0.831275857809349, 0.22587340080900564
item: 0.03489831369370222, 0.008286610691078012, 13.378022318286572
promotion: 7.638614624738693e-05, 0.004882587938807243, 1.0604017223528008
reason: 1.4491379261016846e-06, 0.0013572038123616334, 2.397842820393482
store: 9.930133819580078e-05, 0.001410042123404864, 18.36488562823017
store_sales: 174.69669486396015, 23.534969006796196, 2.496023471819239
time_dim: 0.0012146271765232086, 0.0017829356242492545, 2.6575229125069306
warehouse: 2.907589077949524e-06, 0.0014393307585278134, 0.8701741841798265
Function: 45.966634697747274, 2.291944520667394, 18.979148864746094, 21.889729119811555, 2.7991298429171243, 0.006682349605108656
hiya: 0b11101011110110110000, 45.966634697747274

Round 0
customer: 0.8535048151388764, 0.11656810024091382, -0.11656810024091382
customer had no query dependencies
customer_address: 0.2449320713058114, 0.04972605577845051, -0.04972605577845051
customer_address had no query dependencies
customer_demographics: 0.011580578982830048, 0.00594723826975863, -0.00594723826975863
customer_demographics had no query dependencies
household_demographics: 3.5176053643226624e-05, 0.0012719852889534187, 2.658033862842226
inventory: 5.1357166497036815, 0.8304341726480564, -0.8304341726480564
inventory had no query dependencies
item: 0.03489831369370222, 0.008280891257006076, 1.1354846411714175
promotion: 7.638614624738693e-05, 0.0048825754199923995, -0.0048825754199923995
promotion had no query dependencies
reason: 1.4491379261016846e-06, 0.0013572035748645182, 2.397842820630979
store: 9.930133819580078e-05, 0.0014100258490524111, 2.657895822282127
store_sales: 174.69669486396015, 23.506338218568743, -15.100233698993307
time_dim: 0.0012146271765232086, 0.001782736560760999, 2.657523111570419
warehouse: 2.907589077949524e-06, 0.0014393302820072517, -0.0014393302820072517
warehouse had no query dependencies

Round 1
household_demographics: 3.5176053643226624e-05, 0.001271984027748893, -0.001271984027748893
household_demographics had no query dependencies
item: 0.03489831369370222, 0.008279585854893919, -0.008279585854893919
item had no query dependencies
reason: 1.4491379261016846e-06, 0.0013572035206070175, -0.0013572035206070175
reason had no query dependencies
store: 9.930133819580078e-05, 0.0014100221310885679, -0.0014100221310885679
store had no query dependencies
time_dim: 0.0012146271765232086, 0.001782668769039609, -0.001782668769039609
time_dim had no query dependencies
Function: 48.173699378967285, 0, 48.173699378967285, 0.0, 0, 0.0
hiya: 0b0, 48.173699378967285

Round 0
customer: 0.8535048151388764, 0.11671013382233648, 1.9679227449580285
customer_address: 0.2449320713058114, 0.0497668154539389, 2.6894220626594896
customer_demographics: 0.011580578982830048, 0.005949165418942448, 3.6973171322377527
date_dim: 0.001992875710129738, 0.0019326305607707673, 18.810693660866843
inventory: 5.1357166497036815, 0.8312888342010812, 0.2258604244172734
item: 0.03489831369370222, 0.008286698868487354, 16.426732528432794
promotion: 7.638614624738693e-05, 0.004882588131811768, 1.822802522807532
reason: 1.4491379261016846e-06, 0.0013572038160231635, 2.3978428203898203
store: 9.930133819580078e-05, 0.0014100423743091004, 15.259303796649599
store_sales: 174.69669486396015, 23.535410412134826, 0.15240103579868602
time_dim: 0.0012146271765232086, 0.0017829386932421774, -0.0017829386932421774
time_dim had no query dependencies
warehouse: 2.907589077949524e-06, 0.0014393307658744053, 0.8701741841724799

Round 1
customer: 0.8535048151388764, 0.1166957676745048, 1.9679371111058601
customer_address: 0.2449320713058114, 0.04976269277029062, 2.689426185343138
customer_demographics: 0.011580578982830048, 0.005948970495250522, 3.6973173271614446
date_dim: 0.001992875710129738, 0.0019325970167923924, 18.81069369441082
inventory: 5.1357166497036815, 0.8312023900905119, 0.22594686852784274
item: 0.03489831369370222, 0.008286111461920095, 16.42673311583936
promotion: 7.638614624738693e-05, 0.004882586846084201, 1.8228025240932595
reason: 1.4491379261016846e-06, 0.0013572037916313507, 2.3978428204142124
store: 9.930133819580078e-05, 0.0014100407028742367, 15.259303798321033
store_sales: 174.69669486396015, 23.532469926621907, 0.1553415213116054
warehouse: 2.907589077949524e-06, 0.0014393307168994998, 0.8701741842214549
Function: 48.31275809653239, 2.3207010365788148, 21.2935733795166, 21.890978713228638, 2.800782320175171, 0.006722647033168004
hiya: 0b10101011110011110000, 48.31275809653239

Round 0
customer: 0.8535048151388764, 0.11672935031119444, 5.355045008676614
customer_address: 0.2449320713058114, 0.04977233005014939, 5.223609151474953
customer_demographics: 0.011580578982830048, 0.00594942615334376, 4.598811515731969
date_dim: 0.001992875710129738, 0.0019326754299656445, 22.042180481815347
household_demographics: 3.5176053643226624e-05, 0.001271991935090264, 6.946669980632151
item: 0.03489831369370222, 0.008287430762183553, 15.36958253792074
promotion: 7.638614624738693e-05, 0.004882589733795732, 1.822802521205548
reason: 1.4491379261016846e-06, 0.0013572038464147443, 2.3978428203594286
store: 9.930133819580078e-05, 0.0014100444568745816, 22.207245767134268
store_sales: 174.69669486396015, 23.53907418256339, 6.9111434942573595
time_dim: 0.0012146271765232086, 0.0017829641666212504, 2.6575228839645586
warehouse: 2.907589077949524e-06, 0.0014393308268528852, -0.0014393308268528852
warehouse had no query dependencies

Round 1
customer: 0.8535048151388764, 0.11671338278929126, 5.355060976198517
customer_address: 0.2449320713058114, 0.04976774781681691, 5.223613733708286
customer_demographics: 0.011580578982830048, 0.0059492095017850575, 4.598811732383528
date_dim: 0.001992875710129738, 0.0019326381468876964, 22.042180519098427
household_demographics: 3.5176053643226624e-05, 0.0012719912770103128, 6.94666998129023
item: 0.03489831369370222, 0.008286777878241476, 15.369583190804683
promotion: 7.638614624738693e-05, 0.004882588304749942, 1.8228025226345939
reason: 1.4491379261016846e-06, 0.0013572038193040107, 2.3978428203865394
store: 9.930133819580078e-05, 0.0014100425991272502, 22.207245768992017
store_sales: 174.69669486396015, 23.53580592531144, 6.914411751509309
time_dim: 0.0012146271765232086, 0.0017829414431571277, 2.6575229066880226
Function: 41.588286344557574, 2.579386281309129, 15.144095420837402, 21.26992180922682, 2.5882919938262305, 0.00659083935798959
hiya: 0b1101011100111110000, 41.588286344557574

Round 0
customer: 0.8535048151388764, 0.11659523433221908, 3.5483436193401263
customer_address: 0.2449320713058114, 0.04973384250568217, 3.416812133703958
customer_demographics: 0.011580578982830048, 0.005947606432283216, 1.550103037129398
date_dim: 0.001992875710129738, 0.0019323622782738208, 7.808076358712543
household_demographics: 3.5176053643226624e-05, 0.0012719864076804741, 6.94666998615956
inventory: 5.1357166497036815, 0.8305975072057888, -0.8305975072057888
inventory had no query dependencies
promotion: 7.638614624738693e-05, 0.004882577847084046, -0.004882577847084046
promotion had no query dependencies
reason: 1.4491379261016846e-06, 0.001357203620909393, 2.397842820584934
store: 9.930133819580078e-05, 0.0014100290042508372, 10.467904540117745
store_sales: 174.69669486396015, 23.511889027316236, -8.439541319178407
time_dim: 0.0012146271765232086, 0.0017827751542968506, 2.657523072976883
warehouse: 2.907589077949524e-06, 0.00143933037439292, -0.00143933037439292
warehouse had no query dependencies

Round 1
customer: 0.8535048151388764, 0.11653774004835628, -0.11653774004835628
customer had no query dependencies
customer_address: 0.2449320713058114, 0.04971734325015956, -0.04971734325015956
customer_address had no query dependencies
customer_demographics: 0.011580578982830048, 0.0059468263346393315, -0.0059468263346393315
customer_demographics had no query dependencies
date_dim: 0.001992875710129738, 0.0019322280330302684, -0.0019322280330302684
date_dim had no query dependencies
household_demographics: 3.5176053643226624e-05, 0.0012719840381308506, -0.0012719840381308506
household_demographics had no query dependencies
reason: 1.4491379261016846e-06, 0.0013572035209917133, -0.0013572035209917133
reason had no query dependencies
store: 9.930133819580078e-05, 0.001410022157449618, -0.001410022157449618
store had no query dependencies
time_dim: 0.0012146271765232086, 0.0017826690914808613, -0.0017826690914808613
time_dim had no query dependencies
Function: 48.173699378967285, 0, 48.173699378967285, 0.0, 0, 0.0
hiya: 0b0, 48.173699378967285

Round 0
customer: 0.8535048151388764, 0.11672503523765375, 4.289765013458547
customer_address: 0.2449320713058114, 0.049771091744422916, 4.158326079489073
customer_demographics: 0.011580578982830048, 0.005949367605285133, 3.8364107736322914
date_dim: 0.001992875710129738, 0.0019326653545623262, 21.271644639569757
household_demographics: 3.5176053643226624e-05, 0.0012719917572503083, 6.9466699808099905
inventory: 5.1357166497036815, 0.8313785463509271, 0.2257707122674275
item: 0.03489831369370222, 0.008287308482093594, 14.599046807879844
reason: 1.4491379261016846e-06, 0.0013572038412858923, 2.397842820364558
store: 9.930133819580078e-05, 0.001410044105422974, 21.14196145719411
store_sales: 174.69669486396015, 23.538455888435873, 5.2696124211255295
time_dim: 0.0012146271765232086, 0.00178295986776001, 2.65752288826342
warehouse: 2.907589077949524e-06, 0.0014393308165622197, 0.8701741841217921
Function: 43.190935212045744, 2.5212983619626366, 15.972719192504883, 21.89112064780341, 2.7988135902786255, 0.006983419496190003
hiya: 0b11101010110111110000, 43.190935212045744

Round 0
customer: 0.8535048151388764, 0.11672416150719042, 5.355050197480618
customer_address: 0.2449320713058114, 0.04977084100815483, 5.223610640516948
customer_demographics: 0.011580578982830048, 0.0059493557502792085, 4.598811586135033
date_dim: 0.001992875710129738, 0.0019326633144611026, 23.099329752549206
household_demographics: 3.5176053643226624e-05, 0.0012719917212406819, 6.946669980846001
inventory: 5.1357166497036815, 0.8313732889323299, 0.22577596968602476
item: 0.03489831369370222, 0.00828727275678865, 16.426731954544493
promotion: 7.638614624738693e-05, 0.004882589387950277, 1.8228025215513934
store: 9.930133819580078e-05, 0.0014100440063010695, 22.20724576758484
store_sales: 174.69669486396015, 23.538281507411327, 4.698271888883578
time_dim: 0.0012146271765232086, 0.0017829586553276188, 2.6575228894758522
warehouse: 2.907589077949524e-06, 0.0014393308136598844, 0.8701741841246945
Function: 43.765964745688436, 2.5095365265719103, 16.55599594116211, 21.891129712059048, 2.8023299668741224, 0.0069725990212377575
hiya: 0b11101001110111110000, 43.765964745688436

Round 0
customer: 0.8535048151388764, 0.11657789186957881, 0.1572542966540316
customer_address: 0.2449320713058114, 0.049728865702715536, 0.22410332282089487
customer_demographics: 0.011580578982830048, 0.005947371125165084, 0.7564534295225706
date_dim: 0.001992875710129738, 0.0019323217848027396, 3.549980130618902
household_demographics: 3.5176053643226624e-05, 0.0012719856929341888, -0.0012719856929341888
household_demographics had no query dependencies
inventory: 5.1357166497036815, 0.8304931539876831, 0.22665610463067154
item: 0.03489831369370222, 0.008281292048060716, 4.687396692784068
promotion: 7.638614624738693e-05, 0.004882576297252097, 0.7575182243504835
reason: 1.4491379261016846e-06, 0.0013572035915071995, 2.3978428206143363
store_sales: 174.69669486396015, 23.50834275812907, -15.081245149219466
time_dim: 0.0012146271765232086, 0.0017827504978777159, -0.0017827504978777159
time_dim had no query dependencies
warehouse: 2.907589077949524e-06, 0.0014393303153700887, 0.8701741846229842

Round 1
customer: 0.8535048151388764, 0.11653935300389108, -0.11653935300389108
customer had no query dependencies
customer_address: 0.2449320713058114, 0.04971780612340064, -0.04971780612340064
customer_address had no query dependencies
customer_demographics: 0.011580578982830048, 0.005946848219646464, -0.005946848219646464
customer_demographics had no query dependencies
date_dim: 0.001992875710129738, 0.0019322317991717708, 0.8696812831391826
inventory: 5.1357166497036815, 0.830261210364422, 0.04135230457393235
item: 0.03489831369370222, 0.00827971594060076, 0.8633337989977536
promotion: 7.638614624738693e-05, 0.004882572847435696, -0.004882572847435696
promotion had no query dependencies
reason: 1.4491379261016846e-06, 0.0013572035260599944, -0.0013572035260599944
reason had no query dependencies
warehouse: 2.907589077949524e-06, 0.0014393301306036116, 0.8701741848077508

Round 2
date_dim: 0.001992875710129738, 0.001932229143160318, 0.8696812857951941
inventory: 5.1357166497036815, 0.830254365721692, 0.041359149216662394
item: 0.03489831369370222, 0.00827966942976198, 0.8633338455085924
warehouse: 2.907589077949524e-06, 0.0014393301265971216, 0.8701741848117572
Function: 48.148945494897895, 0.02895067878723145, 47.2731351852417, 0.6256703749025085, 0.22117987188657123, 9.384079887650516e-06
hiya: 0b10000000110010000000, 48.148945494897895

Round 0
customer: 0.8535048151388764, 0.11653989065573601, -0.11653989065573601
customer had no query dependencies
customer_address: 0.2449320713058114, 0.049717960414481004, -0.049717960414481004
customer_address had no query dependencies
customer_demographics: 0.011580578982830048, 0.005946855514648841, -0.005946855514648841
customer_demographics had no query dependencies
date_dim: 0.001992875710129738, 0.0019322330545522718, 0.8696812818838021
household_demographics: 3.5176053643226624e-05, 0.001271984126765243, -0.001271984126765243
household_demographics had no query dependencies
inventory: 5.1357166497036815, 0.8302644927508867, 0.04134902218746772
item: 0.03489831369370222, 0.00827973824513201, 0.8633337766932223
promotion: 7.638614624738693e-05, 0.004882572896256312, -0.004882572896256312
promotion had no query dependencies
reason: 1.4491379261016846e-06, 0.0013572035269861808, -0.0013572035269861808
reason had no query dependencies
store: 9.930133819580078e-05, 0.0014100225682170374, -0.0014100225682170374
store had no query dependencies
time_dim: 0.0012146271765232086, 0.0017826741158771078, -0.0017826741158771078
time_dim had no query dependencies
warehouse: 2.907589077949524e-06, 0.0014393301325259411, 0.8701741848058284

Round 1
date_dim: 0.001992875710129738, 0.001932229143160318, 0.8696812857951941
inventory: 5.1357166497036815, 0.830254365721692, 0.041359149216662394
item: 0.03489831369370222, 0.00827966942976198, 0.8633338455085924
warehouse: 2.907589077949524e-06, 0.0014393301265971216, 0.8701741848117572
Function: 48.148945494897895, 0.02895067878723145, 47.2731351852417, 0.6256703749025085, 0.22117987188657123, 9.384079887650516e-06
hiya: 0b10000000110010000000, 48.148945494897895

Round 0
customer: 0.8535048151388764, 0.11672861055549637, 5.355045748432312
customer_address: 0.2449320713058114, 0.04977211776090137, 5.223609363764202
customer_demographics: 0.011580578982830048, 0.00594941611614287, 4.59881152576917
date_dim: 0.001992875710129738, 0.0019326737026863884, 23.09932974216098
household_demographics: 3.5176053643226624e-05, 0.0012719919046022272, 4.287364132531459
inventory: 5.1357166497036815, 0.8314000597847667, 0.2257491988335879
item: 0.03489831369370222, 0.008287454670564255, 16.426731772630717
promotion: 7.638614624738693e-05, 0.004882589786126887, 1.8228025211532168
reason: 1.4491379261016846e-06, 0.0013572038474075297, 2.397842820358436
store: 9.930133819580078e-05, 0.0014100445249046365, 19.54793991893506
store_sales: 174.69669486396015, 23.539193864996328, 4.437253707373241
warehouse: 2.907589077949524e-06, 0.0014393308288103163, 0.8701741841095441
Function: 44.02572214341158, 2.5694279645109184, 16.756210327148438, 21.89098296806546, 2.802050083076159, 0.0070508006105963784
hiya: 0b10101011110111110000, 44.02572214341158

Round 0
customer: 0.8535048151388764, 0.11672960830144767, 5.3550447506863605
customer_address: 0.2449320713058114, 0.04977240408615479, 5.223609077438948
customer_demographics: 0.011580578982830048, 0.0059494296538237235, 4.598811512231489
date_dim: 0.001992875710129738, 0.001932676032355344, 22.227716224892962
household_demographics: 3.5176053643226624e-05, 0.0012719919457229855, 6.946669980621518
inventory: 5.1357166497036815, 0.8314060634304444, -0.6458703197504441
item: 0.03489831369370222, 0.008287495466644812, 15.55511821689628
promotion: 7.638614624738693e-05, 0.004882589875422187, 1.8228025210639216
reason: 1.4491379261016846e-06, 0.0013572038491015698, 2.397842820356742
store: 9.930133819580078e-05, 0.0014100446409877638, 22.207245766950155
store_sales: 174.69669486396015, 23.53939808519159, 7.096355335309159
time_dim: 0.0012146271765232086, 0.001782966418644021, 2.6575228817125356

Round 1
customer: 0.8535048151388764, 0.11671338278929126, 5.355060976198517
customer_address: 0.2449320713058114, 0.04976774781681691, 5.223613733708286
customer_demographics: 0.011580578982830048, 0.0059492095017850575, 4.598811732383528
date_dim: 0.001992875710129738, 0.0019326381468876964, 22.042180519098427
household_demographics: 3.5176053643226624e-05, 0.0012719912770103128, 6.94666998129023
item: 0.03489831369370222, 0.008286777878241476, 15.369583190804683
promotion: 7.638614624738693e-05, 0.004882588304749942, 1.8228025226345939
reason: 1.4491379261016846e-06, 0.0013572038193040107, 2.3978428203865394
store: 9.930133819580078e-05, 0.0014100425991272502, 22.207245768992017
store_sales: 174.69669486396015, 23.53580592531144, 6.914411751509309
time_dim: 0.0012146271765232086, 0.0017829414431571277, 2.6575229066880226
Function: 41.588286344557574, 2.579386281309129, 15.144095420837402, 21.26992180922682, 2.5882919938262305, 0.00659083935798959
hiya: 0b1101011100111110000, 41.588286344557574
{46.72224492581406: [5, 6, 7, 8, 10, 11, 12, 13, 15, 17, 18, 19], 46.591163467154395: [4, 6, 7, 8, 10, 11, 12, 13, 15, 17, 18, 19], 45.966634697747274: [4, 5, 7, 8, 10, 11, 12, 13, 15, 17, 18, 19], 48.173699378967285: [], 48.31275809653239: [4, 5, 6, 7, 10, 11, 12, 13, 15, 17, 19], 41.588286344557574: [4, 5, 6, 7, 8, 11, 12, 13, 15, 17, 18], 43.190935212045744: [4, 5, 6, 7, 8, 10, 11, 13, 15, 17, 18, 19], 43.765964745688436: [4, 5, 6, 7, 8, 10, 11, 12, 15, 17, 18, 19], 48.148945494897895: [7, 10, 11, 19], 44.02572214341158: [4, 5, 6, 7, 8, 10, 11, 12, 13, 15, 17, 19]}
NEW ENTRY: 41.588286344557574

Round 0
customer_address: 0.2449320713058114, 0.04975797571777333, 1.506292667843908
customer_demographics: 0.011580578982830048, 0.005948747469335821, 4.598812194415977
date_dim: 0.001992875710129738, 0.001932558636765902, 16.570406239620745
household_demographics: 3.5176053643226624e-05, 0.0012719898735849536, 3.559528502486212
item: 0.03489831369370222, 0.00828538553392311, 13.562749077833539
promotion: 7.638614624738693e-05, 0.004882585257158082, 0.7575182153905775
reason: 1.4491379261016846e-06, 0.0013572037614874933, 2.3978428204443563
store: 9.930133819580078e-05, 0.0014100386372838426, 17.009303602489666
store_sales: 174.69669486396015, 23.52883601975479, 1.4496072980781527
time_dim: 0.0012146271765232086, 0.0017828929829575028, 2.6575229551482225
Function: 46.94228620332116, 2.2886551089859015, 20.906600952148438, 21.166683289295644, 2.574174918985367, 0.006171933905816885
hiya: 0b1101011100111100000, 46.94228620332116

Round 0
customer: 0.8535048151388764, 0.11667438428475452, 1.6377691367396316
customer_demographics: 0.011580578982830048, 0.005948678652561682, 3.0427616196710696
date_dim: 0.001992875710129738, 0.0019325467942424984, 16.768799128925973
household_demographics: 3.5176053643226624e-05, 0.0012719896645537348, 4.412477379491012
item: 0.03489831369370222, 0.008285178153154427, 13.562749285214307
promotion: 7.638614624738693e-05, 0.004882584803238794, 0.7575182158444969
reason: 1.4491379261016846e-06, 0.0013572037528760935, 2.3978428204529676
store: 9.930133819580078e-05, 0.0014100380471926415, 17.207696480542463
store_sales: 174.69669486396015, 23.527797896962234, 1.6490382983334158
time_dim: 0.0012146271765232086, 0.0017828857651211415, 2.6575229623660586
Function: 46.8112069107974, 2.2073448273483915, 20.789518356323242, 21.240295234101783, 2.567966560319265, 0.006081932704724575
hiya: 0b1101011100111010000, 46.8112069107974

Round 0
customer: 0.8535048151388764, 0.11667761420868825, 5.35509674477912
customer_address: 0.2449320713058114, 0.04975748323203734, 3.6675733547313842
date_dim: 0.001992875710129738, 0.0019325545638138293, 17.437419660796188
household_demographics: 3.5176053643226624e-05, 0.0012719898016936761, 6.04517533853693
item: 0.03489831369370222, 0.008285314210278406, 12.320874356149014
promotion: 7.638614624738693e-05, 0.004882585101043423, 1.0604017251905646
reason: 1.4491379261016846e-06, 0.0013572037585258088, 2.397842820447318
store: 9.930133819580078e-05, 0.0014100384343361178, 18.364885631919236
store_sales: 174.69669486396015, 23.528478982302932, 2.3169777526325035
time_dim: 0.0012146271765232086, 0.0017828905005556899, 2.657522957630624
Function: 46.186675191091155, 2.259520872791609, 20.068721771240234, 21.26852104169402, 2.583734840245247, 0.00617666512004305
hiya: 0b1101011100110110000, 46.186675191091155

Round 0
customer: 0.8535048151388764, 0.1165630402088209, -0.1165630402088209
customer had no query dependencies
customer_address: 0.2449320713058114, 0.04972460369040202, -0.04972460369040202
customer_address had no query dependencies
customer_demographics: 0.011580578982830048, 0.005947169613905414, -0.005947169613905414
customer_demographics had no query dependencies
household_demographics: 3.5176053643226624e-05, 0.001271985080410998, 2.6580338630507687
item: 0.03489831369370222, 0.00828063020548324, 1.1354849022229403
promotion: 7.638614624738693e-05, 0.004882574848597461, -0.004882574848597461
promotion had no query dependencies
reason: 1.4491379261016846e-06, 0.0013572035640244625, 2.397842820641819
store: 9.930133819580078e-05, 0.001410025106243868, 2.657895823024936
store_sales: 174.69669486396015, 23.505031426537798, -15.098926906962362
time_dim: 0.0012146271765232086, 0.001782727474927314, 2.6575231206562524

Round 1
household_demographics: 3.5176053643226624e-05, 0.001271984027748893, -0.001271984027748893
household_demographics had no query dependencies
item: 0.03489831369370222, 0.008279585854893919, -0.008279585854893919
item had no query dependencies
reason: 1.4491379261016846e-06, 0.0013572035206070175, -0.0013572035206070175
reason had no query dependencies
store: 9.930133819580078e-05, 0.0014100221310885679, -0.0014100221310885679
store had no query dependencies
time_dim: 0.0012146271765232086, 0.001782668769039609, -0.001782668769039609
time_dim had no query dependencies
Function: 48.173699378967285, 0, 48.173699378967285, 0.0, 0, 0.0
hiya: 0b0, 48.173699378967285

Round 0
customer: 0.8535048151388764, 0.11667939436197898, 1.967953484418386
customer_address: 0.2449320713058114, 0.049757994086369974, 2.6894308840270584
customer_demographics: 0.011580578982830048, 0.005948748337817368, 3.6973175493188775
date_dim: 0.001992875710129738, 0.001932558786220932, 17.753544474023034
item: 0.03489831369370222, 0.008285387830219093, 15.369584580852706
promotion: 7.638614624738693e-05, 0.004882585262184262, 1.8228025256771594
reason: 1.4491379261016846e-06, 0.001357203761582846, 2.397842820444261
store: 9.930133819580078e-05, 0.0014100386438178334, 15.25930380038009
store_sales: 174.69669486396015, 23.528847514731954, -0.026571810478440483
time_dim: 0.0012146271765232086, 0.0017828930628795167, -0.0017828930628795167
time_dim had no query dependencies

Round 1
customer: 0.8535048151388764, 0.11653774004835628, -0.11653774004835628
customer had no query dependencies
customer_address: 0.2449320713058114, 0.04971734325015956, -0.04971734325015956
customer_address had no query dependencies
customer_demographics: 0.011580578982830048, 0.0059468263346393315, -0.0059468263346393315
customer_demographics had no query dependencies
date_dim: 0.001992875710129738, 0.0019322280330302684, -0.0019322280330302684
date_dim had no query dependencies
item: 0.03489831369370222, 0.00827959583398757, -0.00827959583398757
item had no query dependencies
promotion: 7.638614624738693e-05, 0.0048825725845438725, -0.0048825725845438725
promotion had no query dependencies
reason: 1.4491379261016846e-06, 0.0013572035210726173, -0.0013572035210726173
reason had no query dependencies
store: 9.930133819580078e-05, 0.001410022162993526, -0.001410022162993526
store had no query dependencies
Function: 48.173699378967285, 0, 48.173699378967285, 0.0, 0, 0.0
hiya: 0b0, 48.173699378967285

Round 0
customer: 0.8535048151388764, 0.11658565195157528, 3.5483532017207704
customer_address: 0.2449320713058114, 0.04973109262976173, 3.4168148835798786
customer_demographics: 0.011580578982830048, 0.005947476416009235, 1.550103167145672
date_dim: 0.001992875710129738, 0.0019323399040665622, 7.80807638108675
household_demographics: 3.5176053643226624e-05, 0.0012719860127555368, 6.946669986554485
promotion: 7.638614624738693e-05, 0.004882576870952343, -0.004882576870952343
promotion had no query dependencies
reason: 1.4491379261016846e-06, 0.0013572036023909897, 2.3978428206034526
store: 9.930133819580078e-05, 0.001410027735287954, 10.467904541386709
store_sales: 174.69669486396015, 23.509656593940512, -8.437308885802683
time_dim: 0.0012146271765232086, 0.0017827596326852365, 2.6575230884984946

Round 1
customer: 0.8535048151388764, 0.11653774004835628, -0.11653774004835628
customer had no query dependencies
customer_address: 0.2449320713058114, 0.04971734325015956, -0.04971734325015956
customer_address had no query dependencies
customer_demographics: 0.011580578982830048, 0.0059468263346393315, -0.0059468263346393315
customer_demographics had no query dependencies
date_dim: 0.001992875710129738, 0.0019322280330302684, -0.0019322280330302684
date_dim had no query dependencies
household_demographics: 3.5176053643226624e-05, 0.0012719840381308506, -0.0012719840381308506
household_demographics had no query dependencies
reason: 1.4491379261016846e-06, 0.0013572035209917133, -0.0013572035209917133
reason had no query dependencies
store: 9.930133819580078e-05, 0.001410022157449618, -0.001410022157449618
store had no query dependencies
time_dim: 0.0012146271765232086, 0.0017826690914808613, -0.0017826690914808613
time_dim had no query dependencies
Function: 48.173699378967285, 0, 48.173699378967285, 0.0, 0, 0.0
hiya: 0b0, 48.173699378967285

Round 0
customer: 0.8535048151388764, 0.1166918122080767, 4.2897982364881235
customer_address: 0.2449320713058114, 0.04976155766177333, 4.158335613571722
customer_demographics: 0.011580578982830048, 0.005948916826436272, 3.8364112244111404
date_dim: 0.001992875710129738, 0.001932587781047231, 20.21449545852492
household_demographics: 3.5176053643226624e-05, 0.001271990388007804, 6.946669982179233
item: 0.03489831369370222, 0.008285895895039475, 13.541898961848542
reason: 1.4491379261016846e-06, 0.0013572037826288037, 2.397842820423215
store: 9.930133819580078e-05, 0.0014100400859799137, 21.141961461213555
store_sales: 174.69669486396015, 23.531384650217078, 5.091147915664326
time_dim: 0.0012146271765232086, 0.001782910703016974, 2.657522937428163
Function: 43.41096715325446, 2.4888747140868515, 17.062292098999023, 21.269912569685875, 2.583418587606748, 0.006469182875957587
hiya: 0b1101010100111110000, 43.41096715325446

Round 0
customer: 0.8535048151388764, 0.11669108409935726, 5.355083274888451
customer_address: 0.2449320713058114, 0.04976134871488325, 5.22362013281022
customer_demographics: 0.011580578982830048, 0.005948906947264668, 4.598812034938048
date_dim: 0.001992875710129738, 0.001932586080962878, 22.04218057116435
household_demographics: 3.5176053643226624e-05, 0.001271990357999782, 6.946669982209241
item: 0.03489831369370222, 0.00828586612395202, 15.369584102558973
promotion: 7.638614624738693e-05, 0.004882586309083415, 1.8228025246302604
store: 9.930133819580078e-05, 0.0014100400038004257, 22.207245771587342
store_sales: 174.69669486396015, 23.53124007527787, 4.519777577337035
time_dim: 0.0012146271765232086, 0.00178290969781965, 2.65752293843336
Function: 43.98599699389884, 2.4771128786961247, 17.64556884765625, 21.269921633941507, 2.586934964202245, 0.006458669402709384
hiya: 0b1101001100111110000, 43.98599699389884

Round 0
customer: 0.8535048151388764, 0.11656919273468093, 0.1572629957889295
customer_address: 0.2449320713058114, 0.04972636929368384, 0.22410581922992656
customer_demographics: 0.011580578982830048, 0.0059472530930028975, 0.7564535475547327
date_dim: 0.001992875710129738, 0.001932301472914242, 2.4928308923124356
household_demographics: 3.5176053643226624e-05, 0.0012719853344110377, -0.0012719853344110377
household_demographics had no query dependencies
item: 0.03489831369370222, 0.008280882200012076, 3.630247844013761
promotion: 7.638614624738693e-05, 0.004882575400168265, 0.7575182252475674
reason: 1.4491379261016846e-06, 0.0013572035744884303, 2.397842820631355
store_sales: 174.69669486396015, 23.50629110886824, -15.264729243638634
time_dim: 0.0012146271765232086, 0.0017827362332177529, -0.0017827362332177529
time_dim had no query dependencies

Round 1
customer: 0.8535048151388764, 0.11653774004835628, -0.11653774004835628
customer had no query dependencies
customer_address: 0.2449320713058114, 0.04971734325015956, -0.04971734325015956
customer_address had no query dependencies
customer_demographics: 0.011580578982830048, 0.0059468263346393315, -0.0059468263346393315
customer_demographics had no query dependencies
date_dim: 0.001992875710129738, 0.0019322280330302684, -0.0019322280330302684
date_dim had no query dependencies
item: 0.03489831369370222, 0.00827959583398757, -0.00827959583398757
item had no query dependencies
promotion: 7.638614624738693e-05, 0.0048825725845438725, -0.0048825725845438725
promotion had no query dependencies
reason: 1.4491379261016846e-06, 0.0013572035210726173, -0.0013572035210726173
reason had no query dependencies
Function: 48.173699378967285, 0, 48.173699378967285, 0.0, 0, 0.0
hiya: 0b0, 48.173699378967285

Round 0
customer: 0.8535048151388764, 0.11653774004835628, -0.11653774004835628
customer had no query dependencies
customer_address: 0.2449320713058114, 0.04971734325015956, -0.04971734325015956
customer_address had no query dependencies
customer_demographics: 0.011580578982830048, 0.0059468263346393315, -0.0059468263346393315
customer_demographics had no query dependencies
date_dim: 0.001992875710129738, 0.0019322280330302684, -0.0019322280330302684
date_dim had no query dependencies
household_demographics: 3.5176053643226624e-05, 0.0012719840381308506, -0.0012719840381308506
household_demographics had no query dependencies
item: 0.03489831369370222, 0.008279596154878647, -0.008279596154878647
item had no query dependencies
promotion: 7.638614624738693e-05, 0.0048825725852462455, -0.0048825725852462455
promotion had no query dependencies
reason: 1.4491379261016846e-06, 0.0013572035210859424, -0.0013572035210859424
reason had no query dependencies
store: 9.930133819580078e-05, 0.0014100221639066048, -0.0014100221639066048
store had no query dependencies
time_dim: 0.0012146271765232086, 0.0017826691704609834, -0.0017826691704609834
time_dim had no query dependencies
Function: 48.173699378967285, 0, 48.173699378967285, 0.0, 0, 0.0
hiya: 0b0, 48.173699378967285

Round 0
customer: 0.8535048151388764, 0.11669479163961222, 5.355079567348196
customer_address: 0.2449320713058114, 0.049762412675505366, 5.223619068849597
customer_demographics: 0.011580578982830048, 0.005948957252151053, 4.598811984633161
date_dim: 0.001992875710129738, 0.001932594737817283, 22.042180562507497
household_demographics: 3.5176053643226624e-05, 0.0012719905108010696, 4.2873641339252595
item: 0.03489831369370222, 0.008286017718765025, 15.36958395096416
promotion: 7.638614624738693e-05, 0.004882586640897257, 1.8228025242984465
reason: 1.4491379261016846e-06, 0.0013572037877387054, 2.397842820418105
store: 9.930133819580078e-05, 0.00141004043613296, 19.547939923023833
store_sales: 174.69669486396015, 23.532000659840122, 4.258911168849448
Function: 44.24575217332238, 2.537004316635133, 17.845783233642578, 21.269774889947925, 2.586655080404282, 0.006534652692459393
hiya: 0b101011100111110000, 44.24575217332238
{46.94228620332116: [5, 6, 7, 8, 11, 12, 13, 15, 17, 18], 46.8112069107974: [4, 6, 7, 8, 11, 12, 13, 15, 17, 18], 46.186675191091155: [4, 5, 7, 8, 11, 12, 13, 15, 17, 18], 48.173699378967285: [], 43.41096715325446: [4, 5, 6, 7, 8, 11, 13, 15, 17, 18], 43.98599699389884: [4, 5, 6, 7, 8, 11, 12, 15, 17, 18], 44.24575217332238: [4, 5, 6, 7, 8, 11, 12, 13, 15, 17]}
NEW ENTRY: 43.41096715325446

Round 0
customer_address: 0.2449320713058114, 0.04975322168620576, 1.5062974218754754
customer_demographics: 0.011580578982830048, 0.005948522695022838, 3.8364116185425536
date_dim: 0.001992875710129738, 0.0019325199558614956, 15.808005477653913
household_demographics: 3.5176053643226624e-05, 0.0012719891908321047, 3.559528503168965
item: 0.03489831369370222, 0.008284708171893423, 12.800348954547832
reason: 1.4491379261016846e-06, 0.0013572037333090953, 2.3978428204725346
store: 9.930133819580078e-05, 0.0014100367063754192, 17.009303604420577
store_sales: 174.69669486396015, 23.525439053250718, 0.6906034639344902
time_dim: 0.0012146271765232086, 0.0017828693646066416, 2.6575229787665733
Function: 47.69974353252657, 2.2456064238548286, 21.712050437927246, 21.166674049754704, 2.5693015127658847, 0.006111108223911557
hiya: 0b1101010100111100000, 47.69974353252657

Round 0
customer: 0.8535048151388764, 0.11665832145051236, 1.6377851995738737
customer_demographics: 0.011580578982830048, 0.005948460707779967, 2.2803610369681158
date_dim: 0.001992875710129738, 0.0019325092886167197, 16.006398365783863
household_demographics: 3.5176053643226624e-05, 0.0012719890025456137, 4.41247738015302
item: 0.03489831369370222, 0.008284521372058117, 12.800349141347668
reason: 1.4491379261016846e-06, 0.00135720372555231, 2.397842820480291
store: 9.930133819580078e-05, 0.0014100361748461945, 17.20769648241481
store_sales: 174.69669486396015, 23.524503956096293, 0.8899314385516206
time_dim: 0.0012146271765232086, 0.001782862863084576, 2.6575229852680953
Function: 47.56866402852546, 2.1642961422173186, 21.59496784210205, 21.240285994560846, 2.5630931540997826, 0.00602089554547103
hiya: 0b1101010100111010000, 47.56866402852546

Round 0
customer: 0.8535048151388764, 0.11666098244987715, 4.289829066246323
customer_address: 0.2449320713058114, 0.049752710381242814, 2.6022938172905707
date_dim: 0.001992875710129738, 0.0019325157297878654, 16.37213538933861
household_demographics: 3.5176053643226624e-05, 0.0012719891162380936, 6.045175339222386
item: 0.03489831369370222, 0.008284634166855133, 11.255590725900829
reason: 1.4491379261016846e-06, 0.0013572037302360671, 2.3978428204756077
store: 9.930133819580078e-05, 0.0014100364957979282, 17.29960132356617
store_sales: 174.69669486396015, 23.525068593070138, 1.2551038315736882
time_dim: 0.0012146271765232086, 0.001782866788879588, 2.6575229813423
Function: 47.24701010783922, 2.2120579907004045, 21.181468963623047, 21.26851180215308, 2.5788614340257645, 0.0061099173369219325
hiya: 0b1101010100110110000, 47.24701010783922

Round 0
customer: 0.8535048151388764, 0.11656051019277444, -0.11656051019277444
customer had no query dependencies
customer_address: 0.2449320713058114, 0.04972387764637777, -0.04972387764637777
customer_address had no query dependencies
customer_demographics: 0.011580578982830048, 0.005947135285978806, -0.005947135285978806
customer_demographics had no query dependencies
household_demographics: 3.5176053643226624e-05, 0.0012719849761397876, 2.65803386315504
item: 0.03489831369370222, 0.008280526757568157, 1.1354850056708554
reason: 1.4491379261016846e-06, 0.001357203559677609, 2.397842820646166
store: 9.930133819580078e-05, 0.0014100248083782352, 2.6578958233228014
store_sales: 174.69669486396015, 23.504507403976998, -15.098402884401562
time_dim: 0.0012146271765232086, 0.0017827238315152624, 2.6575231242996646

Round 1
household_demographics: 3.5176053643226624e-05, 0.001271984027748893, -0.001271984027748893
household_demographics had no query dependencies
item: 0.03489831369370222, 0.008279585854893919, -0.008279585854893919
item had no query dependencies
reason: 1.4491379261016846e-06, 0.0013572035206070175, -0.0013572035206070175
reason had no query dependencies
store: 9.930133819580078e-05, 0.0014100221310885679, -0.0014100221310885679
store had no query dependencies
time_dim: 0.0012146271765232086, 0.001782668769039609, -0.001782668769039609
time_dim had no query dependencies
Function: 48.173699378967285, 0, 48.173699378967285, 0.0, 0, 0.0
hiya: 0b0, 48.173699378967285

Round 0
customer: 0.8535048151388764, 0.11666018617723647, 0.9026883823115204
customer_address: 0.2449320713058114, 0.04975248187320895, 1.6241520859486116
customer_demographics: 0.011580578982830048, 0.005948487716088489, 2.934917009292871
date_dim: 0.001992875710129738, 0.0019325139364155999, 15.9258594079335
item: 0.03489831369370222, 0.008284602441262006, 13.541900255302318
reason: 1.4491379261016846e-06, 0.001357203728918675, 2.397842820476925
store: 9.930133819580078e-05, 0.0014100364055244015, 14.194019492326776
store_sales: 174.69669486396015, 23.52490977862683, -1.8503191853126637
time_dim: 0.0012146271765232086, 0.0017828656846781662, -0.0017828656846781662
time_dim had no query dependencies

Round 1
customer: 0.8535048151388764, 0.11653774004835628, -0.11653774004835628
customer had no query dependencies
customer_address: 0.2449320713058114, 0.04971734325015956, -0.04971734325015956
customer_address had no query dependencies
customer_demographics: 0.011580578982830048, 0.0059468263346393315, -0.0059468263346393315
customer_demographics had no query dependencies
date_dim: 0.001992875710129738, 0.0019322280330302684, -0.0019322280330302684
date_dim had no query dependencies
item: 0.03489831369370222, 0.00827959583398757, -0.00827959583398757
item had no query dependencies
reason: 1.4491379261016846e-06, 0.0013572035210213953, -0.0013572035210213953
reason had no query dependencies
store: 9.930133819580078e-05, 0.0014100221594835602, -0.0014100221594835602
store had no query dependencies
Function: 48.173699378967285, 0, 48.173699378967285, 0.0, 0, 0.0
hiya: 0b0, 48.173699378967285

Round 0
customer: 0.8535048151388764, 0.11658086076125337, 3.548357992911092
customer_address: 0.2449320713058114, 0.04972971769180152, 3.4168162585178385
customer_demographics: 0.011580578982830048, 0.005947411407872245, 1.550103232153809
date_dim: 0.001992875710129738, 0.001932328716962933, 7.808076392273854
household_demographics: 3.5176053643226624e-05, 0.0012719858152930683, 6.946669986751948
reason: 1.4491379261016846e-06, 0.0013572035942049621, 2.3978428206116384
store: 9.930133819580078e-05, 0.001410027174345151, 10.467904541947652
store_sales: 174.69669486396015, 23.508669750707323, -8.436322042569493
time_dim: 0.0012146271765232086, 0.0017827527713842202, 2.6575230953597955

Round 1
customer: 0.8535048151388764, 0.11653774004835628, -0.11653774004835628
customer had no query dependencies
customer_address: 0.2449320713058114, 0.04971734325015956, -0.04971734325015956
customer_address had no query dependencies
customer_demographics: 0.011580578982830048, 0.0059468263346393315, -0.0059468263346393315
customer_demographics had no query dependencies
date_dim: 0.001992875710129738, 0.0019322280330302684, -0.0019322280330302684
date_dim had no query dependencies
household_demographics: 3.5176053643226624e-05, 0.0012719840381308506, -0.0012719840381308506
household_demographics had no query dependencies
reason: 1.4491379261016846e-06, 0.0013572035209917133, -0.0013572035209917133
reason had no query dependencies
store: 9.930133819580078e-05, 0.001410022157449618, -0.001410022157449618
store had no query dependencies
time_dim: 0.0012146271765232086, 0.0017826690914808613, -0.0017826690914808613
time_dim had no query dependencies
Function: 48.173699378967285, 0, 48.173699378967285, 0.0, 0, 0.0
hiya: 0b0, 48.173699378967285

Round 0
customer: 0.8535048151388764, 0.11667070694087692, 4.289819341755324
customer_address: 0.2449320713058114, 0.04975550103887089, 4.158341670194624
customer_demographics: 0.011580578982830048, 0.00594863046459106, 3.8364115107729853
date_dim: 0.001992875710129738, 0.0019325385016833512, 20.214495507804283
household_demographics: 3.5176053643226624e-05, 0.001271989518182587, 6.946669983049058
item: 0.03489831369370222, 0.008285032937710747, 13.54189982480587
store: 9.930133819580078e-05, 0.0014100376295023052, 21.141961463670032
store_sales: 174.69669486396015, 23.52706307180746, 2.696269469868099
time_dim: 0.0012146271765232086, 0.0017828806560456453, 2.657522967475134
Function: 45.808677802654145, 2.3866013114738474, 19.56376552581787, 21.26991239440057, 2.5820615579827626, 0.006337012979093831
hiya: 0b1101000100111110000, 45.808677802654145

Round 0
customer: 0.8535048151388764, 0.11656364905544613, 0.15726853946816427
customer_address: 0.2449320713058114, 0.04972477841239817, 0.22410741011121224
customer_demographics: 0.011580578982830048, 0.005947177874897393, -0.005947177874897393
customer_demographics had no query dependencies
date_dim: 0.001992875710129738, 0.0019322885288001659, 1.730430104608814
household_demographics: 3.5176053643226624e-05, 0.00127198510593575, -0.00127198510593575
household_demographics had no query dependencies
item: 0.03489831369370222, 0.008280655528699247, 2.867847270037338
reason: 1.4491379261016846e-06, 0.0013572035650247763, 2.3978428206408187
store_sales: 174.69669486396015, 23.505150245032386, -16.025989180450516
time_dim: 0.0012146271765232086, 0.0017827283010458201, -0.0017827283010458201
time_dim had no query dependencies

Round 1
customer: 0.8535048151388764, 0.11653774004835628, -0.11653774004835628
customer had no query dependencies
customer_address: 0.2449320713058114, 0.04971734325015956, -0.04971734325015956
customer_address had no query dependencies
date_dim: 0.001992875710129738, 0.00193222796716006, -0.00193222796716006
date_dim had no query dependencies
item: 0.03489831369370222, 0.008279594680499078, -0.008279594680499078
item had no query dependencies
reason: 1.4491379261016846e-06, 0.0013572035209734972, -0.0013572035209734972
reason had no query dependencies
Function: 48.173699378967285, 0, 48.173699378967285, 0.0, 0, 0.0
hiya: 0b0, 48.173699378967285

Round 0
customer: 0.8535048151388764, 0.11653774004835628, -0.11653774004835628
customer had no query dependencies
customer_address: 0.2449320713058114, 0.04971734325015956, -0.04971734325015956
customer_address had no query dependencies
customer_demographics: 0.011580578982830048, 0.0059468263346393315, -0.0059468263346393315
customer_demographics had no query dependencies
date_dim: 0.001992875710129738, 0.0019322280330302684, -0.0019322280330302684
date_dim had no query dependencies
household_demographics: 3.5176053643226624e-05, 0.0012719840381308506, -0.0012719840381308506
household_demographics had no query dependencies
item: 0.03489831369370222, 0.008279596154878647, -0.008279596154878647
item had no query dependencies
reason: 1.4491379261016846e-06, 0.0013572035210347201, -0.0013572035210347201
reason had no query dependencies
store: 9.930133819580078e-05, 0.001410022160396639, -0.001410022160396639
store had no query dependencies
time_dim: 0.0012146271765232086, 0.0017826691275280298, -0.0017826691275280298
time_dim had no query dependencies
Function: 48.173699378967285, 0, 48.173699378967285, 0.0, 0, 0.0
hiya: 0b0, 48.173699378967285

Round 0
customer: 0.8535048151388764, 0.11667404372710638, 4.2898160049690945
customer_address: 0.2449320713058114, 0.0497564586034308, 4.158340712630064
customer_demographics: 0.011580578982830048, 0.005948675738988806, 3.8364114654985877
date_dim: 0.001992875710129738, 0.0019325462928523156, 20.214495500013115
household_demographics: 3.5176053643226624e-05, 0.001271989655703746, 4.287364134780357
item: 0.03489831369370222, 0.008285169373042451, 13.541899688370538
reason: 1.4491379261016846e-06, 0.001357203752460281, 2.3978428204533833
store: 9.930133819580078e-05, 0.0014100380186993233, 18.482655615149657
store_sales: 174.69669486396015, 23.52774776985834, 2.435478947891884
Function: 46.068432982883955, 2.4464927494128554, 19.7639799118042, 21.26976565040698, 2.5817816741847994, 0.006412997075122233
hiya: 0b101010100111110000, 46.068432982883955
{47.69974353252657: [5, 6, 7, 8, 11, 13, 15, 17, 18], 47.56866402852546: [4, 6, 7, 8, 11, 13, 15, 17, 18], 47.24701010783922: [4, 5, 7, 8, 11, 13, 15, 17, 18], 48.173699378967285: [], 45.808677802654145: [4, 5, 6, 7, 8, 11, 15, 17, 18], 46.068432982883955: [4, 5, 6, 7, 8, 11, 13, 15, 17]}
NEW ENTRY: 45.808677802654145

Round 0
customer_address: 0.2449320713058114, 0.0497477789119053, 1.5063028646497758
customer_demographics: 0.011580578982830048, 0.005948265356417338, 3.836411875881159
date_dim: 0.001992875710129738, 0.0019324756710414584, 15.808005521938732
household_demographics: 3.5176053643226624e-05, 0.001271988409165091, 3.5595285039506317
item: 0.03489831369370222, 0.008283932676696372, 12.80034973004303
store: 9.930133819580078e-05, 0.0014100344987667617, 17.009303606628183
store_sales: 174.69669486396015, 23.521555299587114, -1.7047128066077484
time_dim: 0.0012146271765232086, 0.0017828423617331733, 2.6575230057694466

Round 1
customer_address: 0.2449320713058114, 0.04971731817143003, -0.04971731817143003
customer_address had no query dependencies
customer_demographics: 0.011580578982830048, 0.005946825148897479, -0.005946825148897479
customer_demographics had no query dependencies
date_dim: 0.001992875710129738, 0.0019322278289786283, -0.0019322278289786283
date_dim had no query dependencies
household_demographics: 3.5176053643226624e-05, 0.0012719840345291552, -0.0012719840345291552
household_demographics had no query dependencies
item: 0.03489831369370222, 0.00827959258162111, -0.00827959258162111
item had no query dependencies
store: 9.930133819580078e-05, 0.0014100221492517491, -0.0014100221492517491
store had no query dependencies
time_dim: 0.0012146271765232086, 0.0017826689912067428, -0.0017826689912067428
time_dim had no query dependencies
Function: 48.173699378967285, 0, 48.173699378967285, 0.0, 0, 0.0
hiya: 0b0, 48.173699378967285

Round 0
customer: 0.8535048151388764, 0.1166398585825148, 1.6378036624418713
customer_demographics: 0.011580578982830048, 0.005948210198705731, 2.28036128747719
date_dim: 0.001992875710129738, 0.00193246617907531, 16.006398408893407
household_demographics: 3.5176053643226624e-05, 0.0012719882416233276, 4.412477380913942
item: 0.03489831369370222, 0.008283766457794441, 12.800349896261933
store: 9.930133819580078e-05, 0.0014100340257995135, 17.207696484563858
store_sales: 174.69669486396015, 23.52072322807082, -1.5054878576287507
time_dim: 0.0012146271765232086, 0.0017828365765254035, 2.6575230115546544

Round 1
customer: 0.8535048151388764, 0.11653774004835628, -0.11653774004835628
customer had no query dependencies
customer_demographics: 0.011580578982830048, 0.005946824627436001, -0.005946824627436001
customer_demographics had no query dependencies
date_dim: 0.001992875710129738, 0.0019322277392414989, -0.0019322277392414989
date_dim had no query dependencies
household_demographics: 3.5176053643226624e-05, 0.001271984032945214, -0.001271984032945214
household_demographics had no query dependencies
item: 0.03489831369370222, 0.008279591010186188, -0.008279591010186188
item had no query dependencies
store: 9.930133819580078e-05, 0.0014100221447803127, -0.0014100221447803127
store had no query dependencies
time_dim: 0.0012146271765232086, 0.001782668936513339, -0.001782668936513339
time_dim had no query dependencies
Function: 48.173699378967285, 0, 48.173699378967285, 0.0, 0, 0.0
hiya: 0b0, 48.173699378967285

Round 0
customer: 0.8535048151388764, 0.1166422239152835, 4.289847824780917
customer_address: 0.2449320713058114, 0.04974732720513041, 2.602299200466683
date_dim: 0.001992875710129738, 0.0019324719298850575, 16.372135433138514
household_demographics: 3.5176053643226624e-05, 0.0012719883431303064, 6.0451753399954935
item: 0.03489831369370222, 0.00828386716330334, 11.255591492904381
store: 9.930133819580078e-05, 0.001410034312351806, 17.299601325749617
store_sales: 174.69669486396015, 23.52122734754529, -1.1402549471073087
time_dim: 0.0012146271765232086, 0.0017828400815557328, 2.657523008049624

Round 1
customer: 0.8535048151388764, 0.11653774004835628, -0.11653774004835628
customer had no query dependencies
customer_address: 0.2449320713058114, 0.04971734325015956, -0.04971734325015956
customer_address had no query dependencies
date_dim: 0.001992875710129738, 0.00193222796716006, -0.00193222796716006
date_dim had no query dependencies
household_demographics: 3.5176053643226624e-05, 0.001271984036968182, -0.001271984036968182
household_demographics had no query dependencies
item: 0.03489831369370222, 0.008279595001390154, -0.008279595001390154
item had no query dependencies
store: 9.930133819580078e-05, 0.0014100221561370763, -0.0014100221561370763
store had no query dependencies
time_dim: 0.0012146271765232086, 0.0017826690754262058, -0.0017826690754262058
time_dim had no query dependencies
Function: 48.173699378967285, 0, 48.173699378967285, 0.0, 0, 0.0
hiya: 0b0, 48.173699378967285

Round 0
customer: 0.8535048151388764, 0.11655291524230332, -0.11655291524230332
customer had no query dependencies
customer_address: 0.2449320713058114, 0.04972169810747259, -0.04972169810747259
customer_address had no query dependencies
customer_demographics: 0.011580578982830048, 0.005947032235682848, -0.005947032235682848
customer_demographics had no query dependencies
household_demographics: 3.5176053643226624e-05, 0.0012719846631241132, 2.658033863468056
item: 0.03489831369370222, 0.00828021621337517, 1.1354853162150482
store: 9.930133819580078e-05, 0.0014100239237634996, 2.6578958242074164
store_sales: 174.69669486396015, 23.50295113823721, -17.49604664286762
time_dim: 0.0012146271765232086, 0.0017827130111464917, 2.6575231351200332

Round 1
household_demographics: 3.5176053643226624e-05, 0.001271984027748893, -0.001271984027748893
household_demographics had no query dependencies
item: 0.03489831369370222, 0.008279585854893919, -0.008279585854893919
item had no query dependencies
store: 9.930133819580078e-05, 0.0014100221301111965, -0.0014100221301111965
store had no query dependencies
time_dim: 0.0012146271765232086, 0.0017826687570846667, -0.0017826687570846667
time_dim had no query dependencies
Function: 48.173699378967285, 0, 48.173699378967285, 0.0, 0, 0.0
hiya: 0b0, 48.173699378967285

Round 0
customer: 0.8535048151388764, 0.11664151611738069, 0.9027070523713762
customer_address: 0.2449320713058114, 0.04974712408687808, 1.6241574437349424
customer_demographics: 0.011580578982830048, 0.005948234395780344, 2.934917262613179
date_dim: 0.001992875710129738, 0.0019324703430952889, 15.925859451526819
item: 0.03489831369370222, 0.008283839055286941, 13.541901018688295
store: 9.930133819580078e-05, 0.001410034232371906, 14.194019494499928
store_sales: 174.69669486396015, 23.521086642249127, -4.245696073140802
time_dim: 0.0012146271765232086, 0.001782839103263174, -0.001782839103263174
time_dim had no query dependencies

Round 1
customer: 0.8535048151388764, 0.11653774004835628, -0.11653774004835628
customer had no query dependencies
customer_address: 0.2449320713058114, 0.04971734325015956, -0.04971734325015956
customer_address had no query dependencies
customer_demographics: 0.011580578982830048, 0.0059468263346393315, -0.0059468263346393315
customer_demographics had no query dependencies
date_dim: 0.001992875710129738, 0.0019322280330302684, -0.0019322280330302684
date_dim had no query dependencies
item: 0.03489831369370222, 0.00827959583398757, -0.00827959583398757
item had no query dependencies
store: 9.930133819580078e-05, 0.001410022158506189, -0.001410022158506189
store had no query dependencies
Function: 48.173699378967285, 0, 48.173699378967285, 0.0, 0, 0.0
hiya: 0b0, 48.173699378967285

Round 0
customer: 0.8535048151388764, 0.11657100463650683, 3.548367849035839
customer_address: 0.2449320713058114, 0.04972688925896036, 3.41681908695068
customer_demographics: 0.011580578982830048, 0.005947277677365905, 1.5501033658843153
date_dim: 0.001992875710129738, 0.001932305703581807, 7.8080764152872355
household_demographics: 3.5176053643226624e-05, 0.0012719854090861358, 6.946669987158155
store: 9.930133819580078e-05, 0.0014100260266532454, 10.467904543095344
store_sales: 174.69669486396015, 23.506650664295144, -10.833502980363157
time_dim: 0.0012146271765232086, 0.0017827387331264852, 2.657523109398053

Round 1
customer: 0.8535048151388764, 0.11653774004835628, -0.11653774004835628
customer had no query dependencies
customer_address: 0.2449320713058114, 0.04971734325015956, -0.04971734325015956
customer_address had no query dependencies
customer_demographics: 0.011580578982830048, 0.0059468263346393315, -0.0059468263346393315
customer_demographics had no query dependencies
date_dim: 0.001992875710129738, 0.0019322280330302684, -0.0019322280330302684
date_dim had no query dependencies
household_demographics: 3.5176053643226624e-05, 0.0012719840381308506, -0.0012719840381308506
household_demographics had no query dependencies
store: 9.930133819580078e-05, 0.0014100221564722465, -0.0014100221564722465
store had no query dependencies
time_dim: 0.0012146271765232086, 0.001782669079525919, -0.001782669079525919
time_dim had no query dependencies
Function: 48.173699378967285, 0, 48.173699378967285, 0.0, 0, 0.0
hiya: 0b0, 48.173699378967285

Round 0
customer: 0.8535048151388764, 0.11655570534245593, 0.15727648318115448
customer_address: 0.2449320713058114, 0.04972249878837961, 0.2241096897352308
customer_demographics: 0.011580578982830048, 0.00594707009249937, -0.00594707009249937
customer_demographics had no query dependencies
date_dim: 0.001992875710129738, 0.0019322699807704587, 1.7304301231568437
household_demographics: 3.5176053643226624e-05, 0.0012719847785462974, -0.0012719847785462974
household_demographics had no query dependencies
item: 0.03489831369370222, 0.008280330724219052, 2.8678475948418183
store_sales: 174.69669486396015, 23.50352259403701, -18.42356155366098
time_dim: 0.0012146271765232086, 0.0017827169843512806, -0.0017827169843512806
time_dim had no query dependencies

Round 1
customer: 0.8535048151388764, 0.11653774004835628, -0.11653774004835628
customer had no query dependencies
customer_address: 0.2449320713058114, 0.04971734325015956, -0.04971734325015956
customer_address had no query dependencies
date_dim: 0.001992875710129738, 0.00193222796716006, -0.00193222796716006
date_dim had no query dependencies
item: 0.03489831369370222, 0.008279594680499078, -0.008279594680499078
item had no query dependencies
Function: 48.173699378967285, 0, 48.173699378967285, 0.0, 0, 0.0
hiya: 0b0, 48.173699378967285

Round 0
customer: 0.8535048151388764, 0.11653774004835628, -0.11653774004835628
customer had no query dependencies
customer_address: 0.2449320713058114, 0.04971734325015956, -0.04971734325015956
customer_address had no query dependencies
customer_demographics: 0.011580578982830048, 0.0059468263346393315, -0.0059468263346393315
customer_demographics had no query dependencies
date_dim: 0.001992875710129738, 0.0019322280330302684, -0.0019322280330302684
date_dim had no query dependencies
household_demographics: 3.5176053643226624e-05, 0.0012719840381308506, -0.0012719840381308506
household_demographics had no query dependencies
item: 0.03489831369370222, 0.008279596154878647, -0.008279596154878647
item had no query dependencies
store: 9.930133819580078e-05, 0.0014100221594192679, -0.0014100221594192679
store had no query dependencies
time_dim: 0.0012146271765232086, 0.0017826691155730875, -0.0017826691155730875
time_dim had no query dependencies
Function: 48.173699378967285, 0, 48.173699378967285, 0.0, 0, 0.0
hiya: 0b0, 48.173699378967285

Round 0
customer: 0.8535048151388764, 0.11665383393948728, 4.289836214756713
customer_address: 0.2449320713058114, 0.049750658958186394, 4.158346512275309
customer_demographics: 0.011580578982830048, 0.005948401527247293, 3.8364117397103294
date_dim: 0.001992875710129738, 0.0019324991043723695, 20.214495547201594
household_demographics: 3.5176053643226624e-05, 0.0012719888227845158, 4.287364135613276
item: 0.03489831369370222, 0.008284343030301901, 13.541900514713278
store: 9.930133819580078e-05, 0.001410035666406623, 18.48265561750195
store_sales: 174.69669486396015, 23.52360947960397, 0.040417213940411756
Function: 48.466143633197056, 2.3442193467998513, 22.265453338623047, 21.269765475121677, 2.580424644560814, 0.00628082809166792
hiya: 0b101000100111110000, 48.466143633197056
{48.173699378967285: [], 48.466143633197056: [4, 5, 6, 7, 8, 11, 15, 17]}
NEW ENTRY: 48.173699378967285
{41.368257956496095: [4, 5, 6, 7, 8, 10, 11, 12, 13, 15, 17, 18, 19], 41.588286344557574: [4, 5, 6, 7, 8, 11, 12, 13, 15, 17, 18], 43.41096715325446: [4, 5, 6, 7, 8, 11, 13, 15, 17, 18], 45.808677802654145: [4, 5, 6, 7, 8, 11, 15, 17, 18], 48.173699378967285: []}
[4, 5, 6, 7, 8, 10, 11, 12, 13, 15, 17, 18, 19]
----
Best Cost: $41.368257956496095;
[4, 5, 6, 7, 8, 10, 11, 12, 13, 15, 17, 18, 19]
[4, 5, 6, 7, 8, 10, 11, 12, 13, 15, 17, 18, 19]
13
Optimal Subset: 0b11101011110111110000
Function: 41.368257956496095, 2.611809929184914, 14.054522514343262, 21.891129887344352, 2.803686996498108, 0.007108629125463433
41.368257956496095
Real: 41.38402469329747, 2.611809929184914, 14.054522514343262, 21.891129887344352, 2.803686996498108, 0.007108629125463433, 0.01576673680137694
Num Redshift Qs: 37; Num GCP Qs: 26
Redshift Qs: $2.611809929184914; GCP Qs: $14.054522514343262; Movement Cost: $21.891129887344352
Load Cost: $2.803686996498108, Storage Cost: $0.007108629125463433, API Cost: $0.01576673680137694
Final cost: $41.38402469329747, BQ Baseline: $48.173699378967285, Diff: $6.789674685669816, %: 14.09415256291112%
