Egress: $0.12/GB
Benchmark: tpcds
Data Path: parquet_1000/real_data_rs4
BigQuery Cost: $5/TB; DuckDB Cost: $1.48/hr; Redshift Cost: $4.344/hr
Use Duck: False
Excluded Table: web_sales
Excluded Query: None

Starting analysis without using DuckDB
Redshift Total: $4.558623175471623, Redshift-Calcite Total: $4.041362744504611, BigQuery Total: $47.86039352416992
Excluding table web_sales and any queries that depend on it
Total Keys: 62, Keys Considered: 59

Round 0
call_center: 9.615905582904816e-06, 0.0012266203682621323, 1.2291970684328675
catalog_page: 0.0017016949132084846, 0.004862341954012712, -0.004862341954012712
catalog_page had no query dependencies
catalog_returns: 13.009788101539016, 1.6995430703018108, 1.8846744596085943
catalog_sales: 132.3057429259643, 17.473707369865078, -7.273093892050085
customer: 0.8535048151388764, 0.11653765265752872, 11.244834053146342
customer_address: 0.2449320713058114, 0.04971728206366301, 11.48390256173243
customer_demographics: 0.011580578982830048, 0.0059468230589230855, 10.062408412614662
date_dim: 0.001992875710129738, 0.001932227444847425, 33.91036252376853
household_demographics: 3.5176053643226624e-05, 0.001271984027425448, 9.893963442752957
income_band: 5.122274160385132e-07, 0.0011115778269370398, 2.582419428714315
inventory: 5.1357166497036815, 0.830242019427518, 0.7069497228162487
item: 0.03489831369370222, 0.008279584498306115, 26.43134201672404
promotion: 7.638614624738693e-05, 0.004882572557032109, 5.141945887762805
reason: 1.4491379261016846e-06, 0.0013572035205364227, 2.9276740436327455
ship_mode: 1.3029202818870544e-06, 0.0013198829987645148, 0.24911726844439902
store: 9.930133819580078e-05, 0.0014100221252441407, 28.852392116521195
store_returns: 20.850121902301908, 2.8357913452873627, 4.367415039897561
store_sales: 174.69669486396015, 23.496577628226877, 14.688034126122187
time_dim: 0.0012146271765232086, 0.001782668683131536, 2.6575231794480483
warehouse: 2.907589077949524e-06, 0.0014393301194906235, 1.6804511326414346
web_page: 7.394980639219284e-05, 0.0014203952955206237, -0.0014203952955206237
web_page had no query dependencies
web_returns: 6.285572262480855, 0.8134213526910543, -0.7928412110433976
web_site: 1.0454095900058746e-05, 0.001764462866485119, -0.001764462866485119
web_site had no query dependencies

Round 1
call_center: 9.615905582904816e-06, 0.0012266203682621323, 0.01689454682101806
catalog_returns: 13.009788101539016, 1.6995430703018108, -1.6814219031125306
customer: 0.8535048151388764, 0.11653765265752872, 6.413552108704547
customer_address: 0.2449320713058114, 0.04971728206366301, 6.242826505603294
customer_demographics: 0.011580578982830048, 0.0059468230589230855, 4.624583979550203
date_dim: 0.001992875710129738, 0.001932227444847425, 23.68916890430589
household_demographics: 3.5176053643226624e-05, 0.001271984027425448, 6.972439849263628
income_band: 5.122274160385132e-07, 0.0011115778269370398, 0.006537115707596143
inventory: 5.1357166497036815, 0.830242019427518, 0.22690723919083666
item: 0.03489831369370222, 0.008279584498306115, 17.420132088221013
promotion: 7.638614624738693e-05, 0.004882572557032109, 1.8228025383823117
reason: 1.4491379261016846e-06, 0.0013572035205364227, 2.9276740436327455
ship_mode: 1.3029202818870544e-06, 0.0013198829987645148, -0.0013198829987645148
ship_mode had no query dependencies
store: 9.930133819580078e-05, 0.0014100221252441407, 23.77235578358173
store_returns: 20.850121902301908, 2.8357913452873627, -0.7332014346895614
store_sales: 174.69669486396015, 23.496577628226877, 9.194963913104726
time_dim: 0.0012146271765232086, 0.001782668683131536, 2.6575231794480483
warehouse: 2.907589077949524e-06, 0.0014393301194906235, 0.8701741848188639

Round 2
call_center: 9.615905582904816e-06, 0.0012266203682621323, -0.0012266203682621323
call_center had no query dependencies
customer: 0.8535048151388764, 0.11653765265752872, 5.355236706330278
customer_address: 0.2449320713058114, 0.04971728206366301, 5.22366419946144
customer_demographics: 0.011580578982830048, 0.0059468230589230855, 4.59881411882639
date_dim: 0.001992875710129738, 0.001932227444847425, 23.099330188418822
household_demographics: 3.5176053643226624e-05, 0.001271984027425448, 6.946669988539814
income_band: 5.122274160385132e-07, 0.0011115778269370398, -0.0011115778269370398
income_band had no query dependencies
inventory: 5.1357166497036815, 0.830242019427518, 0.22690723919083666
item: 0.03489831369370222, 0.008279584498306115, 16.42673964280297
promotion: 7.638614624738693e-05, 0.004882572557032109, 1.8228025383823117
reason: 1.4491379261016846e-06, 0.0013572035205364227, 2.397842820685307
store: 9.930133819580078e-05, 0.0014100221252441407, 22.2072457894659
store_sales: 174.69669486396015, 23.496577628226877, 7.139175792273871
time_dim: 0.0012146271765232086, 0.001782668683131536, 2.6575231794480483
warehouse: 2.907589077949524e-06, 0.0014393301194906235, 0.8701741848188639

Round 3
customer: 0.8535048151388764, 0.11653765265752872, 5.355236706330278
customer_address: 0.2449320713058114, 0.04971728206366301, 5.22366419946144
customer_demographics: 0.011580578982830048, 0.0059468230589230855, 4.59881411882639
date_dim: 0.001992875710129738, 0.001932227444847425, 23.099330188418822
household_demographics: 3.5176053643226624e-05, 0.001271984027425448, 6.946669988539814
inventory: 5.1357166497036815, 0.830242019427518, 0.22690723919083666
item: 0.03489831369370222, 0.008279584498306115, 16.42673964280297
promotion: 7.638614624738693e-05, 0.004882572557032109, 1.8228025383823117
reason: 1.4491379261016846e-06, 0.0013572035205364227, 2.397842820685307
store: 9.930133819580078e-05, 0.0014100221252441407, 22.2072457894659
store_sales: 174.69669486396015, 23.496577628226877, 7.139175792273871
time_dim: 0.0012146271765232086, 0.001782668683131536, 2.6575231794480483
warehouse: 2.907589077949524e-06, 0.0014393301194906235, 0.8701741848188639
----
[4, 5, 6, 7, 8, 10, 11, 12, 13, 15, 17, 18, 19]
Function: 40.8815122162668, 2.611809929184914, 13.741216659545898, 21.717690001912413, 2.803686996498108, 0.007108629125463433

Round 0
customer_address: 0.2449320713058114, 0.04971728206366301, 1.506333361498018
customer_demographics: 0.011580578982830048, 0.0059468230589230855, 4.59881411882639
date_dim: 0.001992875710129738, 0.001932227444847425, 17.627555829431017
household_demographics: 3.5176053643226624e-05, 0.001271984027425448, 3.5595285083323716
inventory: 5.1357166497036815, 0.830242019427518, 0.22690723919083666
item: 0.03489831369370222, 0.008279584498306115, 14.619904137487513
promotion: 7.638614624738693e-05, 0.004882572557032109, 0.7575182280907036
reason: 1.4491379261016846e-06, 0.0013572035205364227, 2.397842820685307
store: 9.930133819580078e-05, 0.0014100221252441407, 17.009303619001706
store_sales: 174.69669486396015, 23.496577628226877, 1.66740143328607
time_dim: 0.0012146271765232086, 0.001782668683131536, 2.6575231794480483
warehouse: 2.907589077949524e-06, 0.0014393301194906235, 0.8701741848188639
Function: 46.236317127699266, 2.321078756861687, 19.503722190856934, 21.61526942409575, 2.7895699216572445, 0.006676834227643988
hiya: 0b11101011110111100000, 46.236317127699266

Round 0
customer: 0.8535048151388764, 0.11653765265752872, 1.6379058683668573
customer_demographics: 0.011580578982830048, 0.0059468230589230855, 3.0427634752647084
date_dim: 0.001992875710129738, 0.001932227444847425, 17.82594870689372
household_demographics: 3.5176053643226624e-05, 0.001271984027425448, 4.41247738512814
inventory: 5.1357166497036815, 0.830242019427518, 0.22690723919083666
item: 0.03489831369370222, 0.008279584498306115, 14.619904137487513
promotion: 7.638614624738693e-05, 0.004882572557032109, 0.7575182280907036
reason: 1.4491379261016846e-06, 0.0013572035205364227, 2.397842820685307
store: 9.930133819580078e-05, 0.0014100221252441407, 17.207696496464408
store_sales: 174.69669486396015, 23.496577628226877, 1.8657943107487718
time_dim: 0.0012146271765232086, 0.001782668683131536, 2.6575231794480483
warehouse: 2.907589077949524e-06, 0.0014393301194906235, 0.8701741848188639
Function: 46.10465245349343, 2.239768475224177, 19.38663959503174, 21.688298153355717, 2.7833615629911423, 0.006584666890650337
hiya: 0b11101011110111010000, 46.10465245349343

Round 0
customer: 0.8535048151388764, 0.11653765265752872, 5.355236706330278
customer_address: 0.2449320713058114, 0.04971728206366301, 3.667613555899759
date_dim: 0.001992875710129738, 0.001932227444847425, 18.494569246533512
household_demographics: 3.5176053643226624e-05, 0.001271984027425448, 6.045175344311197
inventory: 5.1357166497036815, 0.830242019427518, 0.22690723919083666
item: 0.03489831369370222, 0.008279584498306115, 13.378029344479343
promotion: 7.638614624738693e-05, 0.004882572557032109, 1.060401737734576
reason: 1.4491379261016846e-06, 0.0013572035205364227, 2.397842820685307
store: 9.930133819580078e-05, 0.0014100221252441407, 18.364885648228324
store_sales: 174.69669486396015, 23.496577628226877, 2.5344148503885613
time_dim: 0.0012146271765232086, 0.001782668683131536, 2.6575231794480483
warehouse: 2.907589077949524e-06, 0.0014393301194906235, 0.8701741848188639
Function: 45.479900055572834, 2.291944520667394, 18.66584300994873, 21.716300332434475, 2.7991298429171243, 0.006682349605108656
hiya: 0b11101011110110110000, 45.479900055572834

Round 0
customer: 0.8535048151388764, 0.11653765265752872, -0.11653765265752872
customer had no query dependencies
customer_address: 0.2449320713058114, 0.04971728206366301, -0.04971728206366301
customer_address had no query dependencies
customer_demographics: 0.011580578982830048, 0.0059468230589230855, -0.0059468230589230855
customer_demographics had no query dependencies
household_demographics: 3.5176053643226624e-05, 0.001271984027425448, 2.6580338641037544
inventory: 5.1357166497036815, 0.830242019427518, -0.830242019427518
inventory had no query dependencies
item: 0.03489831369370222, 0.008279584498306115, 1.1354859479301174
promotion: 7.638614624738693e-05, 0.004882572557032109, -0.004882572557032109
promotion had no query dependencies
reason: 1.4491379261016846e-06, 0.0013572035205364227, 2.397842820685307
store: 9.930133819580078e-05, 0.0014100221252441407, 2.6578958260059355
store_sales: 174.69669486396015, 23.496577628226877, -15.09047310865144
time_dim: 0.0012146271765232086, 0.001782668683131536, 2.6575231794480483
warehouse: 2.907589077949524e-06, 0.0014393301194906235, -0.0014393301194906235
warehouse had no query dependencies

Round 1
household_demographics: 3.5176053643226624e-05, 0.001271984027425448, -0.001271984027425448
household_demographics had no query dependencies
item: 0.03489831369370222, 0.008279584498306115, -0.008279584498306115
item had no query dependencies
reason: 1.4491379261016846e-06, 0.0013572035205364227, -0.0013572035205364227
reason had no query dependencies
store: 9.930133819580078e-05, 0.0014100221252441407, -0.0014100221252441407
store had no query dependencies
time_dim: 0.0012146271765232086, 0.001782668683131536, -0.001782668683131536
time_dim had no query dependencies
Function: 47.86039352416992, 0, 47.86039352416992, 0.0, 0, 0.0
hiya: 0b0, 47.86039352416992

Round 0
customer: 0.8535048151388764, 0.11653765265752872, 1.9680952261228362
customer_address: 0.2449320713058114, 0.04971728206366301, 2.6894715960497657
customer_demographics: 0.011580578982830048, 0.0059468230589230855, 3.697319474597772
date_dim: 0.001992875710129738, 0.001932227444847425, 18.810694063982766
inventory: 5.1357166497036815, 0.830242019427518, 0.22690723919083666
item: 0.03489831369370222, 0.008279584498306115, 16.42673964280297
promotion: 7.638614624738693e-05, 0.004882572557032109, 1.8228025383823117
reason: 1.4491379261016846e-06, 0.0013572035205364227, 2.397842820685307
store: 9.930133819580078e-05, 0.0014100221252441407, 15.259303816898665
store_sales: 174.69669486396015, 23.496577628226877, 0.19123381970663544
time_dim: 0.0012146271765232086, 0.001782668683131536, -0.001782668683131536
time_dim had no query dependencies
warehouse: 2.907589077949524e-06, 0.0014393301194906235, 0.8701741848188639

Round 1
customer: 0.8535048151388764, 0.11653765265752872, 1.9680952261228362
customer_address: 0.2449320713058114, 0.04971728206366301, 2.6894715960497657
customer_demographics: 0.011580578982830048, 0.0059468230589230855, 3.697319474597772
date_dim: 0.001992875710129738, 0.001932227444847425, 18.810694063982766
inventory: 5.1357166497036815, 0.830242019427518, 0.22690723919083666
item: 0.03489831369370222, 0.008279584498306115, 16.42673964280297
promotion: 7.638614624738693e-05, 0.004882572557032109, 1.8228025383823117
reason: 1.4491379261016846e-06, 0.0013572035205364227, 2.397842820685307
store: 9.930133819580078e-05, 0.0014100221252441407, 15.259303816898665
store_sales: 174.69669486396015, 23.496577628226877, 0.19123381970663544
warehouse: 2.907589077949524e-06, 0.0014393301194906235, 0.8701741848188639
Function: 47.826013554031185, 2.3207010365788143, 20.98026752471924, 21.717540025524794, 2.800782320175171, 0.006722647033168004
hiya: 0b10101011110011110000, 47.826013554031185

Round 0
customer: 0.8535048151388764, 0.11653765265752872, 5.355236706330278
customer_address: 0.2449320713058114, 0.04971728206366301, 5.22366419946144
customer_demographics: 0.011580578982830048, 0.0059468230589230855, 4.59881411882639
date_dim: 0.001992875710129738, 0.001932227444847425, 22.042180929800466
household_demographics: 3.5176053643226624e-05, 0.001271984027425448, 6.946669988539814
item: 0.03489831369370222, 0.008279584498306115, 15.36959038418462
promotion: 7.638614624738693e-05, 0.004882572557032109, 1.8228025383823117
reason: 1.4491379261016846e-06, 0.0013572035205364227, 2.397842820685307
store: 9.930133819580078e-05, 0.0014100221252441407, 22.2072457894659
store_sales: 174.69669486396015, 23.496577628226877, 6.953640048593872
time_dim: 0.0012146271765232086, 0.001782668683131536, 2.6575231794480483
warehouse: 2.907589077949524e-06, 0.0014393301194906235, -0.0014393301194906235
warehouse had no query dependencies

Round 1
customer: 0.8535048151388764, 0.11653765265752872, 5.355236706330278
customer_address: 0.2449320713058114, 0.04971728206366301, 5.22366419946144
customer_demographics: 0.011580578982830048, 0.0059468230589230855, 4.59881411882639
date_dim: 0.001992875710129738, 0.001932227444847425, 22.042180929800466
household_demographics: 3.5176053643226624e-05, 0.001271984027425448, 6.946669988539814
item: 0.03489831369370222, 0.008279584498306115, 15.36959038418462
promotion: 7.638614624738693e-05, 0.004882572557032109, 1.8228025383823117
reason: 1.4491379261016846e-06, 0.0013572035205364227, 2.397842820685307
store: 9.930133819580078e-05, 0.0014100221252441407, 22.2072457894659
store_sales: 174.69669486396015, 23.496577628226877, 6.953640048593872
time_dim: 0.0012146271765232086, 0.001782668683131536, 2.6575231794480483
Function: 41.106462335570676, 2.579386281309128, 14.830789566040039, 21.101403655037284, 2.5882919938262305, 0.00659083935798959
hiya: 0b1101011100111110000, 41.106462335570676

Round 0
customer: 0.8535048151388764, 0.11653765265752872, 3.548401201014817
customer_address: 0.2449320713058114, 0.04971728206366301, 3.4168286941459782
customer_demographics: 0.011580578982830048, 0.0059468230589230855, 1.5501038205027582
date_dim: 0.001992875710129738, 0.001932227444847425, 7.80807649354597
household_demographics: 3.5176053643226624e-05, 0.001271984027425448, 6.946669988539814
inventory: 5.1357166497036815, 0.830242019427518, -0.830242019427518
inventory had no query dependencies
promotion: 7.638614624738693e-05, 0.004882572557032109, -0.004882572557032109
promotion had no query dependencies
reason: 1.4491379261016846e-06, 0.0013572035205364227, 2.397842820685307
store: 9.930133819580078e-05, 0.0014100221252441407, 10.467904546996753
store_sales: 174.69669486396015, 23.496577628226877, -8.424229920089047
time_dim: 0.0012146271765232086, 0.001782668683131536, 2.6575231794480483
warehouse: 2.907589077949524e-06, 0.0014393301194906235, -0.0014393301194906235
warehouse had no query dependencies

Round 1
customer: 0.8535048151388764, 0.11653765265752872, -0.11653765265752872
customer had no query dependencies
customer_address: 0.2449320713058114, 0.04971728206366301, -0.04971728206366301
customer_address had no query dependencies
customer_demographics: 0.011580578982830048, 0.0059468230589230855, -0.0059468230589230855
customer_demographics had no query dependencies
date_dim: 0.001992875710129738, 0.001932227444847425, -0.001932227444847425
date_dim had no query dependencies
household_demographics: 3.5176053643226624e-05, 0.001271984027425448, -0.001271984027425448
household_demographics had no query dependencies
reason: 1.4491379261016846e-06, 0.0013572035205364227, -0.0013572035205364227
reason had no query dependencies
store: 9.930133819580078e-05, 0.0014100221252441407, -0.0014100221252441407
store had no query dependencies
time_dim: 0.0012146271765232086, 0.001782668683131536, -0.001782668683131536
time_dim had no query dependencies
Function: 47.86039352416992, 0, 47.86039352416992, 0.0, 0, 0.0
hiya: 0b0, 47.86039352416992

Round 0
customer: 0.8535048151388764, 0.11653765265752872, 4.289952396038671
customer_address: 0.2449320713058114, 0.04971728206366301, 4.158379889169832
customer_demographics: 0.011580578982830048, 0.0059468230589230855, 3.8364133181786535
date_dim: 0.001992875710129738, 0.001932227444847425, 21.271645077479477
household_demographics: 3.5176053643226624e-05, 0.001271984027425448, 6.946669988539814
inventory: 5.1357166497036815, 0.830242019427518, 0.22690723919083666
item: 0.03489831369370222, 0.008279584498306115, 14.599054531863631
reason: 1.4491379261016846e-06, 0.0013572035205364227, 2.397842820685307
store: 9.930133819580078e-05, 0.0014100221252441407, 21.14196147917429
store_sales: 174.69669486396015, 23.496577628226877, 5.311490681334529
time_dim: 0.0012146271765232086, 0.001782668683131536, 2.6575231794480483
warehouse: 2.907589077949524e-06, 0.0014393301194906235, 0.8701741848188639
Function: 42.70418954501984, 2.5212983619626366, 15.65941333770752, 21.717680835574864, 2.7988135902786255, 0.006983419496190003
hiya: 0b11101010110111110000, 42.70418954501984

Round 0
customer: 0.8535048151388764, 0.11653765265752872, 5.355236706330278
customer_address: 0.2449320713058114, 0.04971728206366301, 5.22366419946144
customer_demographics: 0.011580578982830048, 0.0059468230589230855, 4.59881411882639
date_dim: 0.001992875710129738, 0.001932227444847425, 23.099330188418822
household_demographics: 3.5176053643226624e-05, 0.001271984027425448, 6.946669988539814
inventory: 5.1357166497036815, 0.830242019427518, 0.22690723919083666
item: 0.03489831369370222, 0.008279584498306115, 16.42673964280297
promotion: 7.638614624738693e-05, 0.004882572557032109, 1.8228025383823117
store: 9.930133819580078e-05, 0.0014100221252441407, 22.2072457894659
store_sales: 174.69669486396015, 23.496577628226877, 4.739975768068032
time_dim: 0.0012146271765232086, 0.001782668683131536, 2.6575231794480483
warehouse: 2.907589077949524e-06, 0.0014393301194906235, 0.8701741848188639
Function: 43.27921900684788, 2.50953652657191, 16.242690086364746, 21.717689828015864, 2.8023299668741224, 0.0069725990212377575
hiya: 0b11101001110111110000, 43.27921900684788

Round 0
customer: 0.8535048151388764, 0.11653765265752872, 0.1572945358660817
customer_address: 0.2449320713058114, 0.04971728206366301, 0.22411490645994742
customer_demographics: 0.011580578982830048, 0.0059468230589230855, 0.7564539775888125
date_dim: 0.001992875710129738, 0.001932227444847425, 3.549980224958857
household_demographics: 3.5176053643226624e-05, 0.001271984027425448, -0.001271984027425448
household_demographics had no query dependencies
inventory: 5.1357166497036815, 0.830242019427518, 0.22690723919083666
item: 0.03489831369370222, 0.008279584498306115, 4.687398400333822
promotion: 7.638614624738693e-05, 0.004882572557032109, 0.7575182280907036
reason: 1.4491379261016846e-06, 0.0013572035205364227, 2.397842820685307
store_sales: 174.69669486396015, 23.496577628226877, -15.06948001931727
time_dim: 0.0012146271765232086, 0.001782668683131536, -0.001782668683131536
time_dim had no query dependencies
warehouse: 2.907589077949524e-06, 0.0014393301194906235, 0.8701741848188639

Round 1
customer: 0.8535048151388764, 0.11653765265752872, -0.11653765265752872
customer had no query dependencies
customer_address: 0.2449320713058114, 0.04971728206366301, -0.04971728206366301
customer_address had no query dependencies
customer_demographics: 0.011580578982830048, 0.0059468230589230855, -0.0059468230589230855
customer_demographics had no query dependencies
date_dim: 0.001992875710129738, 0.001932227444847425, 0.869681287493507
inventory: 5.1357166497036815, 0.830242019427518, 0.04137149551083652
item: 0.03489831369370222, 0.008279584498306115, 0.8633339304400484
promotion: 7.638614624738693e-05, 0.004882572557032109, -0.004882572557032109
promotion had no query dependencies
reason: 1.4491379261016846e-06, 0.0013572035205364227, -0.0013572035205364227
reason had no query dependencies
warehouse: 2.907589077949524e-06, 0.0014393301194906235, 0.8701741848188639

Round 2
date_dim: 0.001992875710129738, 0.001932227444847425, 0.869681287493507
inventory: 5.1357166497036815, 0.830242019427518, 0.04137149551083652
item: 0.03489831369370222, 0.008279584498306115, 0.8633339304400484
warehouse: 2.907589077949524e-06, 0.0014393301194906235, 0.8701741848188639
Function: 47.83068255480162, 0.02895067878723145, 46.959829330444336, 0.620713289603591, 0.22117987188657123, 9.384079887650516e-06
hiya: 0b10000000110010000000, 47.83068255480162

Round 0
customer: 0.8535048151388764, 0.11653765265752872, -0.11653765265752872
customer had no query dependencies
customer_address: 0.2449320713058114, 0.04971728206366301, -0.04971728206366301
customer_address had no query dependencies
customer_demographics: 0.011580578982830048, 0.0059468230589230855, -0.0059468230589230855
customer_demographics had no query dependencies
date_dim: 0.001992875710129738, 0.001932227444847425, 0.869681287493507
household_demographics: 3.5176053643226624e-05, 0.001271984027425448, -0.001271984027425448
household_demographics had no query dependencies
inventory: 5.1357166497036815, 0.830242019427518, 0.04137149551083652
item: 0.03489831369370222, 0.008279584498306115, 0.8633339304400484
promotion: 7.638614624738693e-05, 0.004882572557032109, -0.004882572557032109
promotion had no query dependencies
reason: 1.4491379261016846e-06, 0.0013572035205364227, -0.0013572035205364227
reason had no query dependencies
store: 9.930133819580078e-05, 0.0014100221252441407, -0.0014100221252441407
store had no query dependencies
time_dim: 0.0012146271765232086, 0.001782668683131536, -0.001782668683131536
time_dim had no query dependencies
warehouse: 2.907589077949524e-06, 0.0014393301194906235, 0.8701741848188639

Round 1
date_dim: 0.001992875710129738, 0.001932227444847425, 0.869681287493507
inventory: 5.1357166497036815, 0.830242019427518, 0.04137149551083652
item: 0.03489831369370222, 0.008279584498306115, 0.8633339304400484
warehouse: 2.907589077949524e-06, 0.0014393301194906235, 0.8701741848188639
Function: 47.83068255480162, 0.02895067878723145, 46.959829330444336, 0.620713289603591, 0.22117987188657123, 9.384079887650516e-06
hiya: 0b10000000110010000000, 47.83068255480162

Round 0
customer: 0.8535048151388764, 0.11653765265752872, 5.355236706330278
customer_address: 0.2449320713058114, 0.04971728206366301, 5.22366419946144
customer_demographics: 0.011580578982830048, 0.0059468230589230855, 4.59881411882639
date_dim: 0.001992875710129738, 0.001932227444847425, 23.099330188418822
household_demographics: 3.5176053643226624e-05, 0.001271984027425448, 4.287364140408635
inventory: 5.1357166497036815, 0.830242019427518, 0.22690723919083666
item: 0.03489831369370222, 0.008279584498306115, 16.42673964280297
promotion: 7.638614624738693e-05, 0.004882572557032109, 1.8228025383823117
reason: 1.4491379261016846e-06, 0.0013572035205364227, 2.397842820685307
store: 9.930133819580078e-05, 0.0014100221252441407, 19.54793994133472
store_sales: 174.69669486396015, 23.496577628226877, 4.4798699441426955
warehouse: 2.907589077949524e-06, 0.0014393301194906235, 0.8701741848188639
Function: 43.538977567199986, 2.569427964510918, 16.442904472351074, 21.717544246651233, 2.802050083076159, 0.0070508006105963784
hiya: 0b10101011110111110000, 43.538977567199986

Round 0
customer: 0.8535048151388764, 0.11653765265752872, 5.355236706330278
customer_address: 0.2449320713058114, 0.04971728206366301, 5.22366419946144
customer_demographics: 0.011580578982830048, 0.0059468230589230855, 4.59881411882639
date_dim: 0.001992875710129738, 0.001932227444847425, 22.227716673480465
household_demographics: 3.5176053643226624e-05, 0.001271984027425448, 6.946669988539814
inventory: 5.1357166497036815, 0.830242019427518, -0.6447062757475177
item: 0.03489831369370222, 0.008279584498306115, 15.55512612786462
promotion: 7.638614624738693e-05, 0.004882572557032109, 1.8228025383823117
reason: 1.4491379261016846e-06, 0.0013572035205364227, 2.397842820685307
store: 9.930133819580078e-05, 0.0014100221252441407, 22.2072457894659
store_sales: 174.69669486396015, 23.496577628226877, 7.139175792273871
time_dim: 0.0012146271765232086, 0.001782668683131536, 2.6575231794480483

Round 1
customer: 0.8535048151388764, 0.11653765265752872, 5.355236706330278
customer_address: 0.2449320713058114, 0.04971728206366301, 5.22366419946144
customer_demographics: 0.011580578982830048, 0.0059468230589230855, 4.59881411882639
date_dim: 0.001992875710129738, 0.001932227444847425, 22.042180929800466
household_demographics: 3.5176053643226624e-05, 0.001271984027425448, 6.946669988539814
item: 0.03489831369370222, 0.008279584498306115, 15.36959038418462
promotion: 7.638614624738693e-05, 0.004882572557032109, 1.8228025383823117
reason: 1.4491379261016846e-06, 0.0013572035205364227, 2.397842820685307
store: 9.930133819580078e-05, 0.0014100221252441407, 22.2072457894659
store_sales: 174.69669486396015, 23.496577628226877, 6.953640048593872
time_dim: 0.0012146271765232086, 0.001782668683131536, 2.6575231794480483
Function: 41.106462335570676, 2.579386281309128, 14.830789566040039, 21.101403655037284, 2.5882919938262305, 0.00659083935798959
hiya: 0b1101011100111110000, 41.106462335570676
{46.236317127699266: [5, 6, 7, 8, 10, 11, 12, 13, 15, 17, 18, 19], 46.10465245349343: [4, 6, 7, 8, 10, 11, 12, 13, 15, 17, 18, 19], 45.479900055572834: [4, 5, 7, 8, 10, 11, 12, 13, 15, 17, 18, 19], 47.86039352416992: [], 47.826013554031185: [4, 5, 6, 7, 10, 11, 12, 13, 15, 17, 19], 41.106462335570676: [4, 5, 6, 7, 8, 11, 12, 13, 15, 17, 18], 42.70418954501984: [4, 5, 6, 7, 8, 10, 11, 13, 15, 17, 18, 19], 43.27921900684788: [4, 5, 6, 7, 8, 10, 11, 12, 15, 17, 18, 19], 47.83068255480162: [7, 10, 11, 19], 43.538977567199986: [4, 5, 6, 7, 8, 10, 11, 12, 13, 15, 17, 19]}
NEW ENTRY: 41.106462335570676

Round 0
customer_address: 0.2449320713058114, 0.04971728206366301, 1.506333361498018
customer_demographics: 0.011580578982830048, 0.0059468230589230855, 4.59881411882639
date_dim: 0.001992875710129738, 0.001932227444847425, 16.57040657081266
household_demographics: 3.5176053643226624e-05, 0.001271984027425448, 3.5595285083323716
item: 0.03489831369370222, 0.008279584498306115, 13.562754878869159
promotion: 7.638614624738693e-05, 0.004882572557032109, 0.7575182280907036
reason: 1.4491379261016846e-06, 0.0013572035205364227, 2.397842820685307
store: 9.930133819580078e-05, 0.0014100221252441407, 17.009303619001706
store_sales: 174.69669486396015, 23.496577628226877, 1.4818656896060673
time_dim: 0.0012146271765232086, 0.001782668683131536, 2.6575231794480483
Function: 46.46128013644878, 2.288655108985901, 20.593295097351074, 20.99898307722062, 2.574174918985367, 0.006171933905816885
hiya: 0b1101011100111100000, 46.46128013644878

Round 0
customer: 0.8535048151388764, 0.11653765265752872, 1.6379058683668573
customer_demographics: 0.011580578982830048, 0.0059468230589230855, 3.0427634752647084
date_dim: 0.001992875710129738, 0.001932227444847425, 16.76879944827537
household_demographics: 3.5176053643226624e-05, 0.001271984027425448, 4.41247738512814
item: 0.03489831369370222, 0.008279584498306115, 13.562754878869159
promotion: 7.638614624738693e-05, 0.004882572557032109, 0.7575182280907036
reason: 1.4491379261016846e-06, 0.0013572035205364227, 2.397842820685307
store: 9.930133819580078e-05, 0.0014100221252441407, 17.207696496464408
store_sales: 174.69669486396015, 23.496577628226877, 1.6802585670687726
time_dim: 0.0012146271765232086, 0.001782668683131536, 2.6575231794480483
Function: 46.32961762837884, 2.2073448273483907, 20.47621250152588, 21.072011806480585, 2.567966560319265, 0.006081932704724575
hiya: 0b1101011100111010000, 46.32961762837884

Round 0
customer: 0.8535048151388764, 0.11653765265752872, 5.355236706330278
customer_address: 0.2449320713058114, 0.04971728206366301, 3.667613555899759
date_dim: 0.001992875710129738, 0.001932227444847425, 17.437419987915156
household_demographics: 3.5176053643226624e-05, 0.001271984027425448, 6.045175344311197
item: 0.03489831369370222, 0.008279584498306115, 12.32088008586099
promotion: 7.638614624738693e-05, 0.004882572557032109, 1.060401737734576
reason: 1.4491379261016846e-06, 0.0013572035205364227, 2.397842820685307
store: 9.930133819580078e-05, 0.0014100221252441407, 18.364885648228324
store_sales: 174.69669486396015, 23.496577628226877, 2.348879106708562
time_dim: 0.0012146271765232086, 0.001782668683131536, 2.6575231794480483
Function: 45.70486228015912, 2.259520872791608, 19.75541591644287, 21.100013985559343, 2.583734840245247, 0.00617666512004305
hiya: 0b1101011100110110000, 45.70486228015912

Round 0
customer: 0.8535048151388764, 0.11653765265752872, -0.11653765265752872
customer had no query dependencies
customer_address: 0.2449320713058114, 0.04971728206366301, -0.04971728206366301
customer_address had no query dependencies
customer_demographics: 0.011580578982830048, 0.0059468230589230855, -0.0059468230589230855
customer_demographics had no query dependencies
household_demographics: 3.5176053643226624e-05, 0.001271984027425448, 2.6580338641037544
item: 0.03489831369370222, 0.008279584498306115, 1.1354859479301174
promotion: 7.638614624738693e-05, 0.004882572557032109, -0.004882572557032109
promotion had no query dependencies
reason: 1.4491379261016846e-06, 0.0013572035205364227, 2.397842820685307
store: 9.930133819580078e-05, 0.0014100221252441407, 2.6578958260059355
store_sales: 174.69669486396015, 23.496577628226877, -15.09047310865144
time_dim: 0.0012146271765232086, 0.001782668683131536, 2.6575231794480483

Round 1
household_demographics: 3.5176053643226624e-05, 0.001271984027425448, -0.001271984027425448
household_demographics had no query dependencies
item: 0.03489831369370222, 0.008279584498306115, -0.008279584498306115
item had no query dependencies
reason: 1.4491379261016846e-06, 0.0013572035205364227, -0.0013572035205364227
reason had no query dependencies
store: 9.930133819580078e-05, 0.0014100221252441407, -0.0014100221252441407
store had no query dependencies
time_dim: 0.0012146271765232086, 0.001782668683131536, -0.001782668683131536
time_dim had no query dependencies
Function: 47.86039352416992, 0, 47.86039352416992, 0.0, 0, 0.0
hiya: 0b0, 47.86039352416992

Round 0
customer: 0.8535048151388764, 0.11653765265752872, 1.9680952261228362
customer_address: 0.2449320713058114, 0.04971728206366301, 2.6894715960497657
customer_demographics: 0.011580578982830048, 0.0059468230589230855, 3.697319474597772
date_dim: 0.001992875710129738, 0.001932227444847425, 17.75354480536441
item: 0.03489831369370222, 0.008279584498306115, 15.36959038418462
promotion: 7.638614624738693e-05, 0.004882572557032109, 1.8228025383823117
reason: 1.4491379261016846e-06, 0.0013572035205364227, 2.397842820685307
store: 9.930133819580078e-05, 0.0014100221252441407, 15.259303816898665
store_sales: 174.69669486396015, 23.496577628226877, 0.005698076026636301
time_dim: 0.0012146271765232086, 0.001782668683131536, -0.001782668683131536
time_dim had no query dependencies

Round 1
customer: 0.8535048151388764, 0.11653765265752872, 1.9680952261228362
customer_address: 0.2449320713058114, 0.04971728206366301, 2.6894715960497657
customer_demographics: 0.011580578982830048, 0.0059468230589230855, 3.697319474597772
date_dim: 0.001992875710129738, 0.001932227444847425, 17.75354480536441
item: 0.03489831369370222, 0.008279584498306115, 15.36959038418462
promotion: 7.638614624738693e-05, 0.004882572557032109, 1.8228025383823117
reason: 1.4491379261016846e-06, 0.0013572035205364227, 2.397842820685307
store: 9.930133819580078e-05, 0.0014100221252441407, 15.259303816898665
store_sales: 174.69669486396015, 23.496577628226877, 0.005698076026636301
Function: 48.05097462733935, 2.2882773887030288, 22.06984043121338, 21.101253678649663, 2.5853873175032933, 0.00621581126998728
hiya: 0b101011100011110000, 48.05097462733935

Round 0
customer: 0.8535048151388764, 0.11653765265752872, 3.548401201014817
customer_address: 0.2449320713058114, 0.04971728206366301, 3.4168286941459782
customer_demographics: 0.011580578982830048, 0.0059468230589230855, 1.5501038205027582
date_dim: 0.001992875710129738, 0.001932227444847425, 7.80807649354597
household_demographics: 3.5176053643226624e-05, 0.001271984027425448, 6.946669988539814
promotion: 7.638614624738693e-05, 0.004882572557032109, -0.004882572557032109
promotion had no query dependencies
reason: 1.4491379261016846e-06, 0.0013572035205364227, 2.397842820685307
store: 9.930133819580078e-05, 0.0014100221252441407, 10.467904546996753
store_sales: 174.69669486396015, 23.496577628226877, -8.424229920089047
time_dim: 0.0012146271765232086, 0.001782668683131536, 2.6575231794480483

Round 1
customer: 0.8535048151388764, 0.11653765265752872, -0.11653765265752872
customer had no query dependencies
customer_address: 0.2449320713058114, 0.04971728206366301, -0.04971728206366301
customer_address had no query dependencies
customer_demographics: 0.011580578982830048, 0.0059468230589230855, -0.0059468230589230855
customer_demographics had no query dependencies
date_dim: 0.001992875710129738, 0.001932227444847425, -0.001932227444847425
date_dim had no query dependencies
household_demographics: 3.5176053643226624e-05, 0.001271984027425448, -0.001271984027425448
household_demographics had no query dependencies
reason: 1.4491379261016846e-06, 0.0013572035205364227, -0.0013572035205364227
reason had no query dependencies
store: 9.930133819580078e-05, 0.0014100221252441407, -0.0014100221252441407
store had no query dependencies
time_dim: 0.0012146271765232086, 0.001782668683131536, -0.001782668683131536
time_dim had no query dependencies
Function: 47.86039352416992, 0, 47.86039352416992, 0.0, 0, 0.0
hiya: 0b0, 47.86039352416992

Round 0
customer: 0.8535048151388764, 0.11653765265752872, 4.289952396038671
customer_address: 0.2449320713058114, 0.04971728206366301, 4.158379889169832
customer_demographics: 0.011580578982830048, 0.0059468230589230855, 3.8364133181786535
date_dim: 0.001992875710129738, 0.001932227444847425, 20.214495818861124
household_demographics: 3.5176053643226624e-05, 0.001271984027425448, 6.946669988539814
item: 0.03489831369370222, 0.008279584498306115, 13.541905273245275
reason: 1.4491379261016846e-06, 0.0013572035205364227, 2.397842820685307
store: 9.930133819580078e-05, 0.0014100221252441407, 21.14196147917429
store_sales: 174.69669486396015, 23.496577628226877, 5.125954937654527
time_dim: 0.0012146271765232086, 0.001782668683131536, 2.6575231794480483
Function: 42.92914321747096, 2.4888747140868506, 16.74898624420166, 21.101394488699732, 2.583418587606748, 0.006469182875957587
hiya: 0b1101010100111110000, 42.92914321747096

Round 0
customer: 0.8535048151388764, 0.11653765265752872, 5.355236706330278
customer_address: 0.2449320713058114, 0.04971728206366301, 5.22366419946144
customer_demographics: 0.011580578982830048, 0.0059468230589230855, 4.59881411882639
date_dim: 0.001992875710129738, 0.001932227444847425, 22.042180929800466
household_demographics: 3.5176053643226624e-05, 0.001271984027425448, 6.946669988539814
item: 0.03489831369370222, 0.008279584498306115, 15.36959038418462
promotion: 7.638614624738693e-05, 0.004882572557032109, 1.8228025383823117
store: 9.930133819580078e-05, 0.0014100221252441407, 22.2072457894659
store_sales: 174.69669486396015, 23.496577628226877, 4.5544400243880325
time_dim: 0.0012146271765232086, 0.001782668683131536, 2.6575231794480483
Function: 43.504172986300695, 2.477112878696124, 17.332262992858887, 21.101403481140732, 2.586934964202245, 0.006458669402709384
hiya: 0b1101001100111110000, 43.504172986300695

Round 0
customer: 0.8535048151388764, 0.11653765265752872, 0.1572945358660817
customer_address: 0.2449320713058114, 0.04971728206366301, 0.22411490645994742
customer_demographics: 0.011580578982830048, 0.0059468230589230855, 0.7564539775888125
date_dim: 0.001992875710129738, 0.001932227444847425, 2.4928309663405024
household_demographics: 3.5176053643226624e-05, 0.001271984027425448, -0.001271984027425448
household_demographics had no query dependencies
item: 0.03489831369370222, 0.008279584498306115, 3.6302491417154674
promotion: 7.638614624738693e-05, 0.004882572557032109, 0.7575182280907036
reason: 1.4491379261016846e-06, 0.0013572035205364227, 2.397842820685307
store_sales: 174.69669486396015, 23.496577628226877, -15.255015762997271
time_dim: 0.0012146271765232086, 0.001782668683131536, -0.001782668683131536
time_dim had no query dependencies

Round 1
customer: 0.8535048151388764, 0.11653765265752872, -0.11653765265752872
customer had no query dependencies
customer_address: 0.2449320713058114, 0.04971728206366301, -0.04971728206366301
customer_address had no query dependencies
customer_demographics: 0.011580578982830048, 0.0059468230589230855, -0.0059468230589230855
customer_demographics had no query dependencies
date_dim: 0.001992875710129738, 0.001932227444847425, -0.001932227444847425
date_dim had no query dependencies
item: 0.03489831369370222, 0.008279584498306115, -0.008279584498306115
item had no query dependencies
promotion: 7.638614624738693e-05, 0.004882572557032109, -0.004882572557032109
promotion had no query dependencies
reason: 1.4491379261016846e-06, 0.0013572035205364227, -0.0013572035205364227
reason had no query dependencies
Function: 47.86039352416992, 0, 47.86039352416992, 0.0, 0, 0.0
hiya: 0b0, 47.86039352416992

Round 0
customer: 0.8535048151388764, 0.11653765265752872, -0.11653765265752872
customer had no query dependencies
customer_address: 0.2449320713058114, 0.04971728206366301, -0.04971728206366301
customer_address had no query dependencies
customer_demographics: 0.011580578982830048, 0.0059468230589230855, -0.0059468230589230855
customer_demographics had no query dependencies
date_dim: 0.001992875710129738, 0.001932227444847425, -0.001932227444847425
date_dim had no query dependencies
household_demographics: 3.5176053643226624e-05, 0.001271984027425448, -0.001271984027425448
household_demographics had no query dependencies
item: 0.03489831369370222, 0.008279584498306115, -0.008279584498306115
item had no query dependencies
promotion: 7.638614624738693e-05, 0.004882572557032109, -0.004882572557032109
promotion had no query dependencies
reason: 1.4491379261016846e-06, 0.0013572035205364227, -0.0013572035205364227
reason had no query dependencies
store: 9.930133819580078e-05, 0.0014100221252441407, -0.0014100221252441407
store had no query dependencies
time_dim: 0.0012146271765232086, 0.001782668683131536, -0.001782668683131536
time_dim had no query dependencies
Function: 47.86039352416992, 0, 47.86039352416992, 0.0, 0, 0.0
hiya: 0b0, 47.86039352416992

Round 0
customer: 0.8535048151388764, 0.11653765265752872, 5.355236706330278
customer_address: 0.2449320713058114, 0.04971728206366301, 5.22366419946144
customer_demographics: 0.011580578982830048, 0.0059468230589230855, 4.59881411882639
date_dim: 0.001992875710129738, 0.001932227444847425, 22.042180929800466
household_demographics: 3.5176053643226624e-05, 0.001271984027425448, 4.287364140408635
item: 0.03489831369370222, 0.008279584498306115, 15.36959038418462
promotion: 7.638614624738693e-05, 0.004882572557032109, 1.8228025383823117
reason: 1.4491379261016846e-06, 0.0013572035205364227, 2.397842820685307
store: 9.930133819580078e-05, 0.0014100221252441407, 19.54793994133472
store_sales: 174.69669486396015, 23.496577628226877, 4.294334200462696
Function: 43.76392932835319, 2.537004316635132, 17.532477378845215, 21.1012578997761, 2.586655080404282, 0.006534652692459393
hiya: 0b101011100111110000, 43.76392932835319
{46.46128013644878: [5, 6, 7, 8, 11, 12, 13, 15, 17, 18], 46.32961762837884: [4, 6, 7, 8, 11, 12, 13, 15, 17, 18], 45.70486228015912: [4, 5, 7, 8, 11, 12, 13, 15, 17, 18], 47.86039352416992: [], 48.05097462733935: [4, 5, 6, 7, 11, 12, 13, 15, 17], 42.92914321747096: [4, 5, 6, 7, 8, 11, 13, 15, 17, 18], 43.504172986300695: [4, 5, 6, 7, 8, 11, 12, 15, 17, 18], 43.76392932835319: [4, 5, 6, 7, 8, 11, 12, 13, 15, 17]}
NEW ENTRY: 42.92914321747096

Round 0
customer_address: 0.2449320713058114, 0.04971728206366301, 1.506333361498018
customer_demographics: 0.011580578982830048, 0.0059468230589230855, 3.8364133181786535
date_dim: 0.001992875710129738, 0.001932227444847425, 15.808005770164927
household_demographics: 3.5176053643226624e-05, 0.001271984027425448, 3.5595285083323716
item: 0.03489831369370222, 0.008279584498306115, 12.800354078221423
reason: 1.4491379261016846e-06, 0.0013572035205364227, 2.397842820685307
store: 9.930133819580078e-05, 0.0014100221252441407, 17.009303619001706
store_sales: 174.69669486396015, 23.496577628226877, 0.7194648889583313
time_dim: 0.0012146271765232086, 0.001782668683131536, 2.6575231794480483
Function: 47.218737538857575, 2.245606423854828, 21.398744583129883, 20.99897391088307, 2.5693015127658847, 0.006111108223911557
hiya: 0b1101010100111100000, 47.218737538857575

Round 0
customer: 0.8535048151388764, 0.11653765265752872, 1.6379058683668573
customer_demographics: 0.011580578982830048, 0.0059468230589230855, 2.2803626746169727
date_dim: 0.001992875710129738, 0.001932227444847425, 16.006398647627634
household_demographics: 3.5176053643226624e-05, 0.001271984027425448, 4.41247738512814
item: 0.03489831369370222, 0.008279584498306115, 12.800354078221423
reason: 1.4491379261016846e-06, 0.0013572035205364227, 2.397842820685307
store: 9.930133819580078e-05, 0.0014100221252441407, 17.207696496464408
store_sales: 174.69669486396015, 23.496577628226877, 0.9178577664210366
time_dim: 0.0012146271765232086, 0.001782668683131536, 2.6575231794480483
Function: 47.08707481931029, 2.164296142217318, 21.281661987304688, 21.072002640143037, 2.5630931540997826, 0.00602089554547103
hiya: 0b1101010100111010000, 47.08707481931029

Round 0
customer: 0.8535048151388764, 0.11653765265752872, 4.289952396038671
customer_address: 0.2449320713058114, 0.04971728206366301, 2.6023292456081513
date_dim: 0.001992875710129738, 0.001932227444847425, 16.37213567762355
household_demographics: 3.5176053643226624e-05, 0.001271984027425448, 6.045175344311197
item: 0.03489831369370222, 0.008279584498306115, 11.25559577556938
reason: 1.4491379261016846e-06, 0.0013572035205364227, 2.397842820685307
store: 9.930133819580078e-05, 0.0014100221252441407, 17.299601337936718
store_sales: 174.69669486396015, 23.496577628226877, 1.2835947964169527
time_dim: 0.0012146271765232086, 0.001782668683131536, 2.6575231794480483
Function: 46.76519727011057, 2.2120579907004037, 20.868163108825684, 21.100004819221795, 2.5788614340257645, 0.0061099173369219325
hiya: 0b1101010100110110000, 46.76519727011057

Round 0
customer: 0.8535048151388764, 0.11653765265752872, -0.11653765265752872
customer had no query dependencies
customer_address: 0.2449320713058114, 0.04971728206366301, -0.04971728206366301
customer_address had no query dependencies
customer_demographics: 0.011580578982830048, 0.0059468230589230855, -0.0059468230589230855
customer_demographics had no query dependencies
household_demographics: 3.5176053643226624e-05, 0.001271984027425448, 2.6580338641037544
item: 0.03489831369370222, 0.008279584498306115, 1.1354859479301174
reason: 1.4491379261016846e-06, 0.0013572035205364227, 2.397842820685307
store: 9.930133819580078e-05, 0.0014100221252441407, 2.6578958260059355
store_sales: 174.69669486396015, 23.496577628226877, -15.09047310865144
time_dim: 0.0012146271765232086, 0.001782668683131536, 2.6575231794480483

Round 1
household_demographics: 3.5176053643226624e-05, 0.001271984027425448, -0.001271984027425448
household_demographics had no query dependencies
item: 0.03489831369370222, 0.008279584498306115, -0.008279584498306115
item had no query dependencies
reason: 1.4491379261016846e-06, 0.0013572035205364227, -0.0013572035205364227
reason had no query dependencies
store: 9.930133819580078e-05, 0.0014100221252441407, -0.0014100221252441407
store had no query dependencies
time_dim: 0.0012146271765232086, 0.001782668683131536, -0.001782668683131536
time_dim had no query dependencies
Function: 47.86039352416992, 0, 47.86039352416992, 0.0, 0, 0.0
hiya: 0b0, 47.86039352416992

Round 0
customer: 0.8535048151388764, 0.11653765265752872, 0.902810915831228
customer_address: 0.2449320713058114, 0.04971728206366301, 1.6241872857581572
customer_demographics: 0.011580578982830048, 0.0059468230589230855, 2.9349186739500364
date_dim: 0.001992875710129738, 0.001932227444847425, 15.925859694425068
item: 0.03489831369370222, 0.008279584498306115, 13.541905273245275
reason: 1.4491379261016846e-06, 0.0013572035205364227, 2.397842820685307
store: 9.930133819580078e-05, 0.0014100221252441407, 14.194019506607058
store_sales: 174.69669486396015, 23.496577628226877, -1.8219870349127056
time_dim: 0.0012146271765232086, 0.001782668683131536, -0.001782668683131536
time_dim had no query dependencies

Round 1
customer: 0.8535048151388764, 0.11653765265752872, -0.11653765265752872
customer had no query dependencies
customer_address: 0.2449320713058114, 0.04971728206366301, -0.04971728206366301
customer_address had no query dependencies
customer_demographics: 0.011580578982830048, 0.0059468230589230855, -0.0059468230589230855
customer_demographics had no query dependencies
date_dim: 0.001992875710129738, 0.001932227444847425, -0.001932227444847425
date_dim had no query dependencies
item: 0.03489831369370222, 0.008279584498306115, -0.008279584498306115
item had no query dependencies
reason: 1.4491379261016846e-06, 0.0013572035205364227, -0.0013572035205364227
reason had no query dependencies
store: 9.930133819580078e-05, 0.0014100221252441407, -0.0014100221252441407
store had no query dependencies
Function: 47.86039352416992, 0, 47.86039352416992, 0.0, 0, 0.0
hiya: 0b0, 47.86039352416992

Round 0
customer: 0.8535048151388764, 0.11653765265752872, 3.548401201014817
customer_address: 0.2449320713058114, 0.04971728206366301, 3.4168286941459782
customer_demographics: 0.011580578982830048, 0.0059468230589230855, 1.5501038205027582
date_dim: 0.001992875710129738, 0.001932227444847425, 7.80807649354597
household_demographics: 3.5176053643226624e-05, 0.001271984027425448, 6.946669988539814
reason: 1.4491379261016846e-06, 0.0013572035205364227, 2.397842820685307
store: 9.930133819580078e-05, 0.0014100221252441407, 10.467904546996753
store_sales: 174.69669486396015, 23.496577628226877, -8.424229920089047
time_dim: 0.0012146271765232086, 0.001782668683131536, 2.6575231794480483

Round 1
customer: 0.8535048151388764, 0.11653765265752872, -0.11653765265752872
customer had no query dependencies
customer_address: 0.2449320713058114, 0.04971728206366301, -0.04971728206366301
customer_address had no query dependencies
customer_demographics: 0.011580578982830048, 0.0059468230589230855, -0.0059468230589230855
customer_demographics had no query dependencies
date_dim: 0.001992875710129738, 0.001932227444847425, -0.001932227444847425
date_dim had no query dependencies
household_demographics: 3.5176053643226624e-05, 0.001271984027425448, -0.001271984027425448
household_demographics had no query dependencies
reason: 1.4491379261016846e-06, 0.0013572035205364227, -0.0013572035205364227
reason had no query dependencies
store: 9.930133819580078e-05, 0.0014100221252441407, -0.0014100221252441407
store had no query dependencies
time_dim: 0.0012146271765232086, 0.001782668683131536, -0.001782668683131536
time_dim had no query dependencies
Function: 47.86039352416992, 0, 47.86039352416992, 0.0, 0, 0.0
hiya: 0b0, 47.86039352416992

Round 0
customer: 0.8535048151388764, 0.11653765265752872, 4.289952396038671
customer_address: 0.2449320713058114, 0.04971728206366301, 4.158379889169832
customer_demographics: 0.011580578982830048, 0.0059468230589230855, 3.8364133181786535
date_dim: 0.001992875710129738, 0.001932227444847425, 20.214495818861124
household_demographics: 3.5176053643226624e-05, 0.001271984027425448, 6.946669988539814
item: 0.03489831369370222, 0.008279584498306115, 13.541905273245275
store: 9.930133819580078e-05, 0.0014100221252441407, 21.14196147917429
store_sales: 174.69669486396015, 23.496577628226877, 2.726754913448687
time_dim: 0.0012146271765232086, 0.001782668683131536, 2.6575231794480483
Function: 45.32685386825939, 2.3866013114738465, 19.250459671020508, 21.101394314803184, 2.5820615579827626, 0.006337012979093831
hiya: 0b1101000100111110000, 45.32685386825939

Round 0
customer: 0.8535048151388764, 0.11653765265752872, 0.1572945358660817
customer_address: 0.2449320713058114, 0.04971728206366301, 0.22411490645994742
customer_demographics: 0.011580578982830048, 0.0059468230589230855, -0.0059468230589230855
customer_demographics had no query dependencies
date_dim: 0.001992875710129738, 0.001932227444847425, 1.7304301656927665
household_demographics: 3.5176053643226624e-05, 0.001271984027425448, -0.001271984027425448
household_demographics had no query dependencies
item: 0.03489831369370222, 0.008279584498306115, 2.8678483410677313
reason: 1.4491379261016846e-06, 0.0013572035205364227, 2.397842820685307
store_sales: 174.69669486396015, 23.496577628226877, -16.017416563645007
time_dim: 0.0012146271765232086, 0.001782668683131536, -0.001782668683131536
time_dim had no query dependencies

Round 1
customer: 0.8535048151388764, 0.11653765265752872, -0.11653765265752872
customer had no query dependencies
customer_address: 0.2449320713058114, 0.04971728206366301, -0.04971728206366301
customer_address had no query dependencies
date_dim: 0.001992875710129738, 0.001932227444847425, -0.001932227444847425
date_dim had no query dependencies
item: 0.03489831369370222, 0.008279584498306115, -0.008279584498306115
item had no query dependencies
reason: 1.4491379261016846e-06, 0.0013572035205364227, -0.0013572035205364227
reason had no query dependencies
Function: 47.86039352416992, 0, 47.86039352416992, 0.0, 0, 0.0
hiya: 0b0, 47.86039352416992

Round 0
customer: 0.8535048151388764, 0.11653765265752872, -0.11653765265752872
customer had no query dependencies
customer_address: 0.2449320713058114, 0.04971728206366301, -0.04971728206366301
customer_address had no query dependencies
customer_demographics: 0.011580578982830048, 0.0059468230589230855, -0.0059468230589230855
customer_demographics had no query dependencies
date_dim: 0.001992875710129738, 0.001932227444847425, -0.001932227444847425
date_dim had no query dependencies
household_demographics: 3.5176053643226624e-05, 0.001271984027425448, -0.001271984027425448
household_demographics had no query dependencies
item: 0.03489831369370222, 0.008279584498306115, -0.008279584498306115
item had no query dependencies
reason: 1.4491379261016846e-06, 0.0013572035205364227, -0.0013572035205364227
reason had no query dependencies
store: 9.930133819580078e-05, 0.0014100221252441407, -0.0014100221252441407
store had no query dependencies
time_dim: 0.0012146271765232086, 0.001782668683131536, -0.001782668683131536
time_dim had no query dependencies
Function: 47.86039352416992, 0, 47.86039352416992, 0.0, 0, 0.0
hiya: 0b0, 47.86039352416992

Round 0
customer: 0.8535048151388764, 0.11653765265752872, 4.289952396038671
customer_address: 0.2449320713058114, 0.04971728206366301, 4.158379889169832
customer_demographics: 0.011580578982830048, 0.0059468230589230855, 3.8364133181786535
date_dim: 0.001992875710129738, 0.001932227444847425, 20.214495818861124
household_demographics: 3.5176053643226624e-05, 0.001271984027425448, 4.287364140408635
item: 0.03489831369370222, 0.008279584498306115, 13.541905273245275
reason: 1.4491379261016846e-06, 0.0013572035205364227, 2.397842820685307
store: 9.930133819580078e-05, 0.0014100221252441407, 18.482655631043112
store_sales: 174.69669486396015, 23.496577628226877, 2.466649089523351
Function: 45.58661021111816, 2.4464927494128546, 19.450674057006836, 21.10124873343855, 2.5817816741847994, 0.006412997075122233
hiya: 0b101010100111110000, 45.58661021111816
{47.218737538857575: [5, 6, 7, 8, 11, 13, 15, 17, 18], 47.08707481931029: [4, 6, 7, 8, 11, 13, 15, 17, 18], 46.76519727011057: [4, 5, 7, 8, 11, 13, 15, 17, 18], 47.86039352416992: [], 45.32685386825939: [4, 5, 6, 7, 8, 11, 15, 17, 18], 45.58661021111816: [4, 5, 6, 7, 8, 11, 13, 15, 17]}
NEW ENTRY: 45.32685386825939

Round 0
customer_address: 0.2449320713058114, 0.04971728206366301, 1.506333361498018
customer_demographics: 0.011580578982830048, 0.0059468230589230855, 3.8364133181786535
date_dim: 0.001992875710129738, 0.001932227444847425, 15.808005770164927
household_demographics: 3.5176053643226624e-05, 0.001271984027425448, 3.5595285083323716
item: 0.03489831369370222, 0.008279584498306115, 12.800354078221423
store: 9.930133819580078e-05, 0.0014100221252441407, 17.009303619001706
store_sales: 174.69669486396015, 23.496577628226877, -1.6797351352475083
time_dim: 0.0012146271765232086, 0.001782668683131536, 2.6575231794480483

Round 1
customer_address: 0.2449320713058114, 0.04971728206366301, -0.04971728206366301
customer_address had no query dependencies
customer_demographics: 0.011580578982830048, 0.0059468230589230855, -0.0059468230589230855
customer_demographics had no query dependencies
date_dim: 0.001992875710129738, 0.001932227444847425, -0.001932227444847425
date_dim had no query dependencies
household_demographics: 3.5176053643226624e-05, 0.001271984027425448, -0.001271984027425448
household_demographics had no query dependencies
item: 0.03489831369370222, 0.008279584498306115, -0.008279584498306115
item had no query dependencies
store: 9.930133819580078e-05, 0.0014100221252441407, -0.0014100221252441407
store had no query dependencies
time_dim: 0.0012146271765232086, 0.001782668683131536, -0.001782668683131536
time_dim had no query dependencies
Function: 47.86039352416992, 0, 47.86039352416992, 0.0, 0, 0.0
hiya: 0b0, 47.86039352416992

Round 0
customer: 0.8535048151388764, 0.11653765265752872, 1.6379058683668573
customer_demographics: 0.011580578982830048, 0.0059468230589230855, 2.2803626746169727
date_dim: 0.001992875710129738, 0.001932227444847425, 16.006398647627634
household_demographics: 3.5176053643226624e-05, 0.001271984027425448, 4.41247738512814
item: 0.03489831369370222, 0.008279584498306115, 12.800354078221423
store: 9.930133819580078e-05, 0.0014100221252441407, 17.207696496464408
store_sales: 174.69669486396015, 23.496577628226877, -1.481342257784803
time_dim: 0.0012146271765232086, 0.001782668683131536, 2.6575231794480483

Round 1
customer: 0.8535048151388764, 0.11653765265752872, -0.11653765265752872
customer had no query dependencies
customer_demographics: 0.011580578982830048, 0.0059468230589230855, -0.0059468230589230855
customer_demographics had no query dependencies
date_dim: 0.001992875710129738, 0.001932227444847425, -0.001932227444847425
date_dim had no query dependencies
household_demographics: 3.5176053643226624e-05, 0.001271984027425448, -0.001271984027425448
household_demographics had no query dependencies
item: 0.03489831369370222, 0.008279584498306115, -0.008279584498306115
item had no query dependencies
store: 9.930133819580078e-05, 0.0014100221252441407, -0.0014100221252441407
store had no query dependencies
time_dim: 0.0012146271765232086, 0.001782668683131536, -0.001782668683131536
time_dim had no query dependencies
Function: 47.86039352416992, 0, 47.86039352416992, 0.0, 0, 0.0
hiya: 0b0, 47.86039352416992

Round 0
customer: 0.8535048151388764, 0.11653765265752872, 4.289952396038671
customer_address: 0.2449320713058114, 0.04971728206366301, 2.6023292456081513
date_dim: 0.001992875710129738, 0.001932227444847425, 16.37213567762355
household_demographics: 3.5176053643226624e-05, 0.001271984027425448, 6.045175344311197
item: 0.03489831369370222, 0.008279584498306115, 11.25559577556938
store: 9.930133819580078e-05, 0.0014100221252441407, 17.299601337936718
store_sales: 174.69669486396015, 23.496577628226877, -1.1156052277888904
time_dim: 0.0012146271765232086, 0.001782668683131536, 2.6575231794480483

Round 1
customer: 0.8535048151388764, 0.11653765265752872, -0.11653765265752872
customer had no query dependencies
customer_address: 0.2449320713058114, 0.04971728206366301, -0.04971728206366301
customer_address had no query dependencies
date_dim: 0.001992875710129738, 0.001932227444847425, -0.001932227444847425
date_dim had no query dependencies
household_demographics: 3.5176053643226624e-05, 0.001271984027425448, -0.001271984027425448
household_demographics had no query dependencies
item: 0.03489831369370222, 0.008279584498306115, -0.008279584498306115
item had no query dependencies
store: 9.930133819580078e-05, 0.0014100221252441407, -0.0014100221252441407
store had no query dependencies
time_dim: 0.0012146271765232086, 0.001782668683131536, -0.001782668683131536
time_dim had no query dependencies
Function: 47.86039352416992, 0, 47.86039352416992, 0.0, 0, 0.0
hiya: 0b0, 47.86039352416992

Round 0
customer: 0.8535048151388764, 0.11653765265752872, -0.11653765265752872
customer had no query dependencies
customer_address: 0.2449320713058114, 0.04971728206366301, -0.04971728206366301
customer_address had no query dependencies
customer_demographics: 0.011580578982830048, 0.0059468230589230855, -0.0059468230589230855
customer_demographics had no query dependencies
household_demographics: 3.5176053643226624e-05, 0.001271984027425448, 2.6580338641037544
item: 0.03489831369370222, 0.008279584498306115, 1.1354859479301174
store: 9.930133819580078e-05, 0.0014100221252441407, 2.6578958260059355
store_sales: 174.69669486396015, 23.496577628226877, -17.489673132857284
time_dim: 0.0012146271765232086, 0.001782668683131536, 2.6575231794480483

Round 1
household_demographics: 3.5176053643226624e-05, 0.001271984027425448, -0.001271984027425448
household_demographics had no query dependencies
item: 0.03489831369370222, 0.008279584498306115, -0.008279584498306115
item had no query dependencies
store: 9.930133819580078e-05, 0.0014100221252441407, -0.0014100221252441407
store had no query dependencies
time_dim: 0.0012146271765232086, 0.001782668683131536, -0.001782668683131536
time_dim had no query dependencies
Function: 47.86039352416992, 0, 47.86039352416992, 0.0, 0, 0.0
hiya: 0b0, 47.86039352416992

Round 0
customer: 0.8535048151388764, 0.11653765265752872, 0.902810915831228
customer_address: 0.2449320713058114, 0.04971728206366301, 1.6241872857581572
customer_demographics: 0.011580578982830048, 0.0059468230589230855, 2.9349186739500364
date_dim: 0.001992875710129738, 0.001932227444847425, 15.925859694425068
item: 0.03489831369370222, 0.008279584498306115, 13.541905273245275
store: 9.930133819580078e-05, 0.0014100221252441407, 14.194019506607058
store_sales: 174.69669486396015, 23.496577628226877, -4.221187059118549
time_dim: 0.0012146271765232086, 0.001782668683131536, -0.001782668683131536
time_dim had no query dependencies

Round 1
customer: 0.8535048151388764, 0.11653765265752872, -0.11653765265752872
customer had no query dependencies
customer_address: 0.2449320713058114, 0.04971728206366301, -0.04971728206366301
customer_address had no query dependencies
customer_demographics: 0.011580578982830048, 0.0059468230589230855, -0.0059468230589230855
customer_demographics had no query dependencies
date_dim: 0.001992875710129738, 0.001932227444847425, -0.001932227444847425
date_dim had no query dependencies
item: 0.03489831369370222, 0.008279584498306115, -0.008279584498306115
item had no query dependencies
store: 9.930133819580078e-05, 0.0014100221252441407, -0.0014100221252441407
store had no query dependencies
Function: 47.86039352416992, 0, 47.86039352416992, 0.0, 0, 0.0
hiya: 0b0, 47.86039352416992

Round 0
customer: 0.8535048151388764, 0.11653765265752872, 3.548401201014817
customer_address: 0.2449320713058114, 0.04971728206366301, 3.4168286941459782
customer_demographics: 0.011580578982830048, 0.0059468230589230855, 1.5501038205027582
date_dim: 0.001992875710129738, 0.001932227444847425, 7.80807649354597
household_demographics: 3.5176053643226624e-05, 0.001271984027425448, 6.946669988539814
store: 9.930133819580078e-05, 0.0014100221252441407, 10.467904546996753
store_sales: 174.69669486396015, 23.496577628226877, -10.823429944294892
time_dim: 0.0012146271765232086, 0.001782668683131536, 2.6575231794480483

Round 1
customer: 0.8535048151388764, 0.11653765265752872, -0.11653765265752872
customer had no query dependencies
customer_address: 0.2449320713058114, 0.04971728206366301, -0.04971728206366301
customer_address had no query dependencies
customer_demographics: 0.011580578982830048, 0.0059468230589230855, -0.0059468230589230855
customer_demographics had no query dependencies
date_dim: 0.001992875710129738, 0.001932227444847425, -0.001932227444847425
date_dim had no query dependencies
household_demographics: 3.5176053643226624e-05, 0.001271984027425448, -0.001271984027425448
household_demographics had no query dependencies
store: 9.930133819580078e-05, 0.0014100221252441407, -0.0014100221252441407
store had no query dependencies
time_dim: 0.0012146271765232086, 0.001782668683131536, -0.001782668683131536
time_dim had no query dependencies
Function: 47.86039352416992, 0, 47.86039352416992, 0.0, 0, 0.0
hiya: 0b0, 47.86039352416992

Round 0
customer: 0.8535048151388764, 0.11653765265752872, 0.1572945358660817
customer_address: 0.2449320713058114, 0.04971728206366301, 0.22411490645994742
customer_demographics: 0.011580578982830048, 0.0059468230589230855, -0.0059468230589230855
customer_demographics had no query dependencies
date_dim: 0.001992875710129738, 0.001932227444847425, 1.7304301656927665
household_demographics: 3.5176053643226624e-05, 0.001271984027425448, -0.001271984027425448
household_demographics had no query dependencies
item: 0.03489831369370222, 0.008279584498306115, 2.8678483410677313
store_sales: 174.69669486396015, 23.496577628226877, -18.41661658785085
time_dim: 0.0012146271765232086, 0.001782668683131536, -0.001782668683131536
time_dim had no query dependencies

Round 1
customer: 0.8535048151388764, 0.11653765265752872, -0.11653765265752872
customer had no query dependencies
customer_address: 0.2449320713058114, 0.04971728206366301, -0.04971728206366301
customer_address had no query dependencies
date_dim: 0.001992875710129738, 0.001932227444847425, -0.001932227444847425
date_dim had no query dependencies
item: 0.03489831369370222, 0.008279584498306115, -0.008279584498306115
item had no query dependencies
Function: 47.86039352416992, 0, 47.86039352416992, 0.0, 0, 0.0
hiya: 0b0, 47.86039352416992

Round 0
customer: 0.8535048151388764, 0.11653765265752872, -0.11653765265752872
customer had no query dependencies
customer_address: 0.2449320713058114, 0.04971728206366301, -0.04971728206366301
customer_address had no query dependencies
customer_demographics: 0.011580578982830048, 0.0059468230589230855, -0.0059468230589230855
customer_demographics had no query dependencies
date_dim: 0.001992875710129738, 0.001932227444847425, -0.001932227444847425
date_dim had no query dependencies
household_demographics: 3.5176053643226624e-05, 0.001271984027425448, -0.001271984027425448
household_demographics had no query dependencies
item: 0.03489831369370222, 0.008279584498306115, -0.008279584498306115
item had no query dependencies
store: 9.930133819580078e-05, 0.0014100221252441407, -0.0014100221252441407
store had no query dependencies
time_dim: 0.0012146271765232086, 0.001782668683131536, -0.001782668683131536
time_dim had no query dependencies
Function: 47.86039352416992, 0, 47.86039352416992, 0.0, 0, 0.0
hiya: 0b0, 47.86039352416992

Round 0
customer: 0.8535048151388764, 0.11653765265752872, 4.289952396038671
customer_address: 0.2449320713058114, 0.04971728206366301, 4.158379889169832
customer_demographics: 0.011580578982830048, 0.0059468230589230855, 3.8364133181786535
date_dim: 0.001992875710129738, 0.001932227444847425, 20.214495818861124
household_demographics: 3.5176053643226624e-05, 0.001271984027425448, 4.287364140408635
item: 0.03489831369370222, 0.008279584498306115, 13.541905273245275
store: 9.930133819580078e-05, 0.0014100221252441407, 18.482655631043112
store_sales: 174.69669486396015, 23.496577628226877, 0.06744906531750772
Function: 47.98432086282001, 2.3442193467998504, 21.952147483825684, 21.101248559542, 2.580424644560814, 0.00628082809166792
hiya: 0b101000100111110000, 47.98432086282001
{47.86039352416992: [], 47.98432086282001: [4, 5, 6, 7, 8, 11, 15, 17]}
NEW ENTRY: 47.86039352416992
{40.8815122162668: [4, 5, 6, 7, 8, 10, 11, 12, 13, 15, 17, 18, 19], 41.106462335570676: [4, 5, 6, 7, 8, 11, 12, 13, 15, 17, 18], 42.92914321747096: [4, 5, 6, 7, 8, 11, 13, 15, 17, 18], 45.32685386825939: [4, 5, 6, 7, 8, 11, 15, 17, 18], 47.86039352416992: []}
[4, 5, 6, 7, 8, 10, 11, 12, 13, 15, 17, 18, 19]
----
Best Cost: $40.8815122162668;
[4, 5, 6, 7, 8, 10, 11, 12, 13, 15, 17, 18, 19]
[4, 5, 6, 7, 8, 10, 11, 12, 13, 15, 17, 18, 19]
13
Optimal Subset: 0b11101011110111110000
Function: 40.8815122162668, 2.611809929184914, 13.741216659545898, 21.717690001912413, 2.803686996498108, 0.007108629125463433
40.8815122162668
Real: 40.8815122162668, 2.611809929184914, 13.741216659545898, 21.717690001912413, 2.803686996498108, 0.007108629125463433
Num Redshift Qs: 37; Num GCP Qs: 25
Redshift Qs: $2.611809929184914; GCP Qs: $13.741216659545898; Movement Cost: $21.717690001912413
Final cost: $40.8815122162668, BQ Baseline: $47.86039352416992, Diff: $6.978881307903123, %: 14.581746605110396%
