Egress: $0.12/GB
Benchmark: tpcds
Data Path: parquet_2000/batch_rs4
BigQuery Cost: $6.25/TB; DuckDB Cost: $1.48/hr; Redshift Cost: $4.344/hr
Use Duck: False
Using calcite profiles: False
Excluded Table: item
Excluded Query: None

Starting analysis without using DuckDB
Excluding table item and any queries that depend on it
47
23
Total Keys: 47, Keys Considered: 47
87.35401999470017
94.41446830920376
7.060448314503589
['000', '001', '002', '003', '009', '0010', '0012', '0014', '0016', '0019', '0020', '0021', '0022', '0023']
['source', '01', '02', '04', '05', '10', '11', '15', '16', '30', '31', '35', '38', '49', '50', '51', '62', '66', '69', '74', '77', '78', '81', '84', '85', '87', '90', '91', '93', '94', '95', '97', '99']
['customer', 'customer_address', 'customer_demographics', 'date_dim', 'household_demographics', 'reason', 'store', 'store_sales', 'time_dim']
Costs: 93.24404377457051, 1.5840664868195853, 50.97687840461731, 35.01743678973401, 5.625421306854884, 0.015137987052050605, 0.02510279949266016
Runtime: 9579.245999999996
Optimal Subset: 0b1101010000111110000
87.3540199947001
