Egress: $0.12/GB
Benchmark: tpcds
Data Path: parquet_2000/batch_rs4
BigQuery Cost: $6.25/TB; DuckDB Cost: $1.48/hr; Redshift Cost: $4.344/hr
Use Duck: False
Using calcite profiles: False
Excluded Table: customer_demographics
Excluded Query: None

Starting analysis without using DuckDB
Excluding table customer_demographics and any queries that depend on it
84
23
Total Keys: 85, Keys Considered: 84
95.56215848549182
194.51676723350997
98.95460874801815
['009']
['source']
['call_center', 'catalog_page', 'catalog_returns', 'catalog_sales', 'customer', 'customer_address', 'date_dim', 'household_demographics', 'inventory', 'item', 'promotion', 'reason', 'ship_mode', 'store', 'store_returns', 'store_sales', 'time_dim', 'warehouse', 'web_page', 'web_returns', 'web_sales', 'web_site']
Costs: 106.08352470742308, 10.521315366129869, 5.9604644775390625e-05, 83.17797981578029, 12.21115679503123, 0.11337946447074564, 0.059633661366173624
Runtime: 20558.21062108921
Optimal Subset: 0b111111111111110110111111
95.56215848549182
