Egress: $0.12/GB
Benchmark: tpcds
Data Path: parquet_2000
BigQuery Cost: $5/TB; DuckDB Cost: $1.48/hr; Redshift Cost: $1.086/hr
Use Duck: False
Excluded Table: date_dim
Excluded Query: None

Starting analysis without using DuckDB
Redshift Total: $6.360211262328228, Redshift-Calcite Total: $6.360211262328228, BigQuery Total: $21.91499294489404
Excluding table date_dim and any queries that depend on it
Total Keys: 6, Keys Considered: 6

Round 0
call_center: 5.735084414482117e-06, 6.882101297378539e-07, -6.882101297378539e-07
call_center had no query dependencies
catalog_page: 0.0006659524515271187, 7.991429418325423e-05, -7.991429418325423e-05
catalog_page had no query dependencies
catalog_returns: 23.366260116919875, 2.803951214030385, -2.803951214030385
catalog_returns had no query dependencies
catalog_sales: 217.0907397372648, 26.050888768471776, -26.050888768471776
catalog_sales had no query dependencies
customer: 0.6484093563631177, 0.07780912276357412, 0.296107920146167
customer_address: 0.18544994108378887, 0.022253992930054665, 0.35166304997968645
customer_demographics: 0.012168197892606258, 0.0014601837471127509, 0.37245685916262833
household_demographics: 3.512948751449585e-05, 4.215538501739502e-06, 10.406401249115275
income_band: 6.137415766716003e-07, 7.364898920059204e-08, 0.3739169692607519
inventory: 0.24701470416039228, 0.029641764499247072, -0.029641764499247072
inventory had no query dependencies
item: 0.005464168265461922, 0.0006557001918554306, -0.0006557001918554306
item had no query dependencies
promotion: 2.6027671992778778e-05, 3.1233206391334533e-06, -3.1233206391334533e-06
promotion had no query dependencies
reason: 1.2423843145370483e-06, 1.4908611774444579e-07, 4.183189174527087
ship_mode: 1.5795230865478516e-06, 1.8954277038574217e-07, -1.8954277038574217e-07
ship_mode had no query dependencies
store: 2.3781321942806244e-05, 2.853758633136749e-06, 8.38951555267165
store_returns: 36.877127600833774, 4.425255312100052, 0.13185105442289302
store_sales: 288.85508783441037, 34.66261054012924, -21.124715915786922
time_dim: 0.0012104213237762451, 0.00014525055885314942, 10.03234317118518
warehouse: 2.3292377591133118e-06, 2.795085310935974e-07, -2.795085310935974e-07
warehouse had no query dependencies
web_page: 1.0661780834197998e-05, 1.2794137001037598e-06, 1.6429687359000502
web_returns: 11.326140539720654, 1.3591368647664785, -1.3591368647664785
web_returns had no query dependencies
web_sales: 109.34904180746526, 13.12188501689583, -11.47891500158208
web_site: 8.863396942615509e-06, 1.063607633113861e-06, -1.063607633113861e-06
web_site had no query dependencies

Round 1
customer: 0.6484093563631177, 0.07780912276357412, 0.296107920146167
customer_address: 0.18544994108378887, 0.022253992930054665, 0.35166304997968645
customer_demographics: 0.012168197892606258, 0.0014601837471127509, 0.37245685916262833
household_demographics: 3.512948751449585e-05, 4.215538501739502e-06, 0.3739128273712394
income_band: 6.137415766716003e-07, 7.364898920059204e-08, 0.3739169692607519
reason: 1.2423843145370483e-06, 1.4908611774444579e-07, -1.4908611774444579e-07
reason had no query dependencies
store: 2.3781321942806244e-05, 2.853758633136749e-06, -2.853758633136749e-06
store had no query dependencies
store_returns: 36.877127600833774, 4.425255312100052, -4.051338269190311
time_dim: 0.0012104213237762451, 0.00014525055885314942, -0.00014525055885314942
time_dim had no query dependencies
web_page: 1.0661780834197998e-05, 1.2794137001037598e-06, -1.2794137001037598e-06
web_page had no query dependencies

Round 2
customer: 0.6484093563631177, 0.07780912276357412, -0.07780912276357412
customer had no query dependencies
customer_address: 0.18544994108378887, 0.022253992930054665, -0.022253992930054665
customer_address had no query dependencies
customer_demographics: 0.012168197892606258, 0.0014601837471127509, -0.0014601837471127509
customer_demographics had no query dependencies
household_demographics: 3.512948751449585e-05, 4.215538501739502e-06, -4.215538501739502e-06
household_demographics had no query dependencies
income_band: 6.137415766716003e-07, 7.364898920059204e-08, -7.364898920059204e-08
income_band had no query dependencies
[]
0
Optimal Subset: 0b0
Num Redshift Qs: 0; Num GCP Qs: 6
Redshift Qs: $0; GCP Qs: $21.91499294489404; Movement Cost: $0.0
Final cost: $21.91499294489404, BQ Baseline: $21.91499294489404, Diff: $0.0, %: 0.0%
