Egress: $0.12/GB
Benchmark: tpcds
Data Path: parquet_2000
BigQuery Cost: $5/TB; DuckDB Cost: $1.48/hr; Redshift Cost: $1.086/hr
Use Duck: False
Excluded Table: household_demographics
Excluded Query: None

Starting analysis without using DuckDB
Redshift Total: $38.928529941070465, Redshift-Calcite Total: $38.928529941070465, BigQuery Total: $299.04434462736845
Excluding table household_demographics and any queries that depend on it
Total Keys: 55, Keys Considered: 54

Round 0
call_center: 5.735084414482117e-06, 6.882101297378539e-07, 6.2614839973513385
catalog_page: 0.0006659524515271187, 7.991429418325423e-05, 8.7165565210191
catalog_returns: 23.366260116919875, 2.803951214030385, 28.80326364729494
catalog_sales: 217.0907397372648, 26.050888768471776, 115.73044395780825
customer: 0.6484093563631177, 0.07780912276357412, 58.432839024625714
customer_address: 0.18544994108378887, 0.022253992930054665, 61.841422559902476
customer_demographics: 0.012168197892606258, 0.0014601837471127509, 24.584465721395325
date_dim: 0.0019952356815338135, 0.00023942828178405762, 254.9698674468041
income_band: 6.137415766716003e-07, 7.364898920059204e-08, -7.364898920059204e-08
income_band had no query dependencies
inventory: 0.24701470416039228, 0.029641764499247072, 6.542075075183431
item: 0.005464168265461922, 0.0006557001918554306, 134.79392410608025
promotion: 2.6027671992778778e-05, 3.1233206391334533e-06, 15.515884370125283
reason: 1.2423843145370483e-06, 1.4908611774444579e-07, 4.183189174527087
ship_mode: 1.5795230865478516e-06, 1.8954277038574217e-07, 8.97610767085698
store: 2.3781321942806244e-05, 2.853758633136749e-06, 82.69769266954806
store_returns: 36.877127600833774, 4.425255312100052, 40.2552102815101
store_sales: 288.85508783441037, 34.66261054012924, 188.2507154047606
time_dim: 0.0012104213237762451, 0.00014525055885314942, 4.422512588608608
warehouse: 2.3292377591133118e-06, 2.795085310935974e-07, 12.766479454329417
web_page: 1.0661780834197998e-05, 1.2794137001037598e-06, 9.842256455640507
web_returns: 11.326140539720654, 1.3591368647664785, 26.467704551130808
web_sales: 109.34904180746526, 13.12188501689583, 125.23390667449279
web_site: 8.863396942615509e-06, 1.063607633113861e-06, 10.145032807027242

Round 1
call_center: 5.735084414482117e-06, 6.882101297378539e-07, 6.2614839973513385
catalog_page: 0.0006659524515271187, 7.991429418325423e-05, 8.7165565210191
catalog_returns: 23.366260116919875, 2.803951214030385, 28.80326364729494
catalog_sales: 217.0907397372648, 26.050888768471776, 115.73044395780825
customer: 0.6484093563631177, 0.07780912276357412, 58.432839024625714
customer_address: 0.18544994108378887, 0.022253992930054665, 61.841422559902476
customer_demographics: 0.012168197892606258, 0.0014601837471127509, 24.584465721395325
date_dim: 0.0019952356815338135, 0.00023942828178405762, 254.9698674468041
inventory: 0.24701470416039228, 0.029641764499247072, 6.542075075183431
item: 0.005464168265461922, 0.0006557001918554306, 134.79392410608025
promotion: 2.6027671992778778e-05, 3.1233206391334533e-06, 15.515884370125283
reason: 1.2423843145370483e-06, 1.4908611774444579e-07, 4.183189174527087
ship_mode: 1.5795230865478516e-06, 1.8954277038574217e-07, 8.97610767085698
store: 2.3781321942806244e-05, 2.853758633136749e-06, 82.69769266954806
store_returns: 36.877127600833774, 4.425255312100052, 40.2552102815101
store_sales: 288.85508783441037, 34.66261054012924, 188.2507154047606
time_dim: 0.0012104213237762451, 0.00014525055885314942, 4.422512588608608
warehouse: 2.3292377591133118e-06, 2.795085310935974e-07, 12.766479454329417
web_page: 1.0661780834197998e-05, 1.2794137001037598e-06, 9.842256455640507
web_returns: 11.326140539720654, 1.3591368647664785, 26.467704551130808
web_sales: 109.34904180746526, 13.12188501689583, 125.23390667449279
web_site: 8.863396942615509e-06, 1.063607633113861e-06, 10.145032807027242
[0, 1, 2, 3, 4, 5, 6, 7, 10, 11, 12, 13, 14, 15, 16, 17, 18, 19, 20, 21, 22, 23]
22
Optimal Subset: 0b111111111111110011111111
Num Redshift Qs: 54; Num GCP Qs: 1
Redshift Qs: $38.920187669613355; GCP Qs: $0.00567386475722742; Movement Cost: $82.55602270010858
Final cost: $121.48188423447917, BQ Baseline: $299.04434462736845, Diff: $177.56246039288928, %: 59.37663212261892%
