Egress: $0.12/GB
Benchmark: tpcds
Data Path: parquet_2000
BigQuery Cost: $5/TB; DuckDB Cost: $1.48/hr; Redshift Cost: $1.086/hr
Use Duck: False
Excluded Table: call_center
Excluded Query: None

Starting analysis without using DuckDB
Redshift Total: $44.10954217928132, Redshift-Calcite Total: $44.10954217928132, BigQuery Total: $332.76556294896636
Excluding table call_center and any queries that depend on it
Total Keys: 63, Keys Considered: 62

Round 0
catalog_page: 0.0006659524515271187, 7.991429418325423e-05, 8.7165565210191
catalog_returns: 23.366260116919875, 2.803951214030385, 28.80326364729494
catalog_sales: 217.0907397372648, 26.050888768471776, 109.46895927224678
customer: 0.6484093563631177, 0.07780912276357412, 79.5187903653114
customer_address: 0.18544994108378887, 0.022253992930054665, 73.86585703048988
customer_demographics: 0.012168197892606258, 0.0014601837471127509, 28.64163377082388
date_dim: 0.0019952356815338135, 0.00023942828178405762, 273.1036680655373
household_demographics: 3.512948751449585e-05, 4.215538501739502e-06, 34.80168655341004
income_band: 6.137415766716003e-07, 7.364898920059204e-08, 0.3739169692607519
inventory: 0.24701470416039228, 0.029641764499247072, 6.542075075183431
item: 0.005464168265461922, 0.0006557001918554306, 131.6574920064295
promotion: 2.6027671992778778e-05, 3.1233206391334533e-06, 15.515884370125283
reason: 1.2423843145370483e-06, 1.4908611774444579e-07, 4.183189174527087
ship_mode: 1.5795230865478516e-06, 1.8954277038574217e-07, 5.8510550849462835
store: 2.3781321942806244e-05, 2.853758633136749e-06, 115.4824963802731
store_returns: 36.877127600833774, 4.425255312100052, 40.62912732441984
store_sales: 288.85508783441037, 34.66261054012924, 221.0355191154857
time_dim: 0.0012104213237762451, 0.00014525055885314942, 14.455001010352643
warehouse: 2.3292377591133118e-06, 2.795085310935974e-07, 9.641426868418721
web_page: 1.0661780834197998e-05, 1.2794137001037598e-06, 11.485226470954258
web_returns: 11.326140539720654, 1.3591368647664785, 26.467704551130808
web_sales: 109.34904180746526, 13.12188501689583, 126.87687668980656
web_site: 8.863396942615509e-06, 1.063607633113861e-06, 10.145032807027242
[1, 2, 3, 4, 5, 6, 7, 8, 9, 10, 11, 12, 13, 14, 15, 16, 17, 18, 19, 20, 21, 22, 23]
23
Optimal Subset: 0b111111111111111111111110
Num Redshift Qs: 62; Num GCP Qs: 1
Redshift Qs: $44.101199907824196; GCP Qs: $0.00567386475722742; Movement Cost: $82.55602630108595
Final cost: $126.66290007366737, BQ Baseline: $332.76556294896636, Diff: $206.102662875299, %: 61.936295645744856%
