Egress: $0.12/GB
Benchmark: tpcds
Data Path: parquet_2000
BigQuery Cost: $5/TB; DuckDB Cost: $1.48/hr; Redshift Cost: $1.086/hr
Use Duck: False
Excluded Table: web_page
Excluded Query: None

Starting analysis without using DuckDB
Redshift Total: $43.688197908255255, Redshift-Calcite Total: $43.688197908255255, BigQuery Total: $327.4188709518103
Excluding table web_page and any queries that depend on it
Total Keys: 64, Keys Considered: 63

Round 0
call_center: 5.735084414482117e-06, 6.882101297378539e-07, 6.559879336027798
catalog_page: 0.0006659524515271187, 7.991429418325423e-05, 8.7165565210191
catalog_returns: 23.366260116919875, 2.803951214030385, 19.259401250917193
catalog_sales: 217.0907397372648, 26.050888768471776, 105.88818622275404
customer: 0.6484093563631177, 0.07780912276357412, 79.81718570398787
customer_address: 0.18544994108378887, 0.022253992930054665, 74.16425236916633
customer_demographics: 0.012168197892606258, 0.0014601837471127509, 28.940029109500344
date_dim: 0.0019952356815338135, 0.00023942828178405762, 269.8212903547211
household_demographics: 3.512948751449585e-05, 4.215538501739502e-06, 33.45711187677276
income_band: 6.137415766716003e-07, 7.364898920059204e-08, 0.3739169692607519
inventory: 0.24701470416039228, 0.029641764499247072, 6.542075075183431
item: 0.005464168265461922, 0.0006557001918554306, 134.79392410608025
promotion: 2.6027671992778778e-05, 3.1233206391334533e-06, 15.515884370125283
reason: 1.2423843145370483e-06, 1.4908611774444579e-07, 4.183189174527087
ship_mode: 1.5795230865478516e-06, 1.8954277038574217e-07, 8.97610767085698
store: 2.3781321942806244e-05, 2.853758633136749e-06, 105.64023864521889
store_returns: 36.877127600833774, 4.425255312100052, 30.786869589365633
store_sales: 288.85508783441037, 34.66261054012924, 211.1932613804315
time_dim: 0.0012104213237762451, 0.00014525055885314942, 12.812030995038892
warehouse: 2.3292377591133118e-06, 2.795085310935974e-07, 12.766479454329417
web_returns: 11.326140539720654, 1.3591368647664785, 16.6254468160766
web_sales: 109.34904180746526, 13.12188501689583, 115.39164893943858
web_site: 8.863396942615509e-06, 1.063607633113861e-06, 10.145032807027242
[0, 1, 2, 3, 4, 5, 6, 7, 8, 9, 10, 11, 12, 13, 14, 15, 16, 17, 18, 19, 21, 22, 23]
23
Optimal Subset: 0b111011111111111111111111
Num Redshift Qs: 63; Num GCP Qs: 1
Redshift Qs: $43.679855636798145; GCP Qs: $0.00567386475722742; Movement Cost: $82.55602570988238
Final cost: $126.24155521143774, BQ Baseline: $327.4188709518103, Diff: $201.17731574037253, %: 61.44340891395412%
