Egress: $0.12/GB
Benchmark: tpcds
Data Path: parquet_2000
BigQuery Cost: $5/TB; DuckDB Cost: $1.48/hr; Redshift Cost: $1.086/hr
Use Duck: False
Excluded Table: store_returns
Excluded Query: None

Starting analysis without using DuckDB
Redshift Total: $36.084011555443205, Redshift-Calcite Total: $36.084011555443205, BigQuery Total: $286.2455297128463
Excluding table store_returns and any queries that depend on it
Total Keys: 57, Keys Considered: 56

Round 0
call_center: 5.735084414482117e-06, 6.882101297378539e-07, 6.559879336027798
catalog_page: 0.0006659524515271187, 7.991429418325423e-05, -7.991429418325423e-05
catalog_page had no query dependencies
catalog_returns: 23.366260116919875, 2.803951214030385, 1.274817570074112
catalog_sales: 217.0907397372648, 26.050888768471776, 80.83131883839661
customer: 0.6484093563631177, 0.07780912276357412, 79.12617921998662
customer_address: 0.18544994108378887, 0.022253992930054665, 73.7903353262566
customer_demographics: 0.012168197892606258, 0.0014601837471127509, 28.5661120665906
date_dim: 0.0019952356815338135, 0.00023942828178405762, 239.1662718197784
household_demographics: 3.512948751449585e-05, 4.215538501739502e-06, 34.72616484917676
income_band: 6.137415766716003e-07, 7.364898920059204e-08, -7.364898920059204e-08
income_band had no query dependencies
inventory: 0.24701470416039228, 0.029641764499247072, 6.542075075183432
item: 0.005464168265461922, 0.0006557001918554306, 117.58646053060764
promotion: 2.6027671992778778e-05, 3.1233206391334533e-06, 6.799247934811999
reason: 1.2423843145370483e-06, 1.4908611774444579e-07, -1.4908611774444579e-07
reason had no query dependencies
ship_mode: 1.5795230865478516e-06, 1.8954277038574217e-07, 8.97610767085698
store: 2.3781321942806244e-05, 2.853758633136749e-06, 84.25316735580597
store_sales: 288.85508783441037, 34.66261054012924, 177.38141468128956
time_dim: 0.0012104213237762451, 0.00014525055885314942, 14.455001010352643
warehouse: 2.3292377591133118e-06, 2.795085310935974e-07, 12.766479454329417
web_page: 1.0661780834197998e-05, 1.2794137001037598e-06, 1.6429687359000502
web_returns: 11.326140539720654, 1.3591368647664785, -1.3591368647664785
web_returns had no query dependencies
web_sales: 109.34904180746526, 13.12188501689583, 99.75930699223177
web_site: 8.863396942615509e-06, 1.063607633113861e-06, 1.4283963717139598

Round 1
call_center: 5.735084414482117e-06, 6.882101297378539e-07, 6.559879336027798
catalog_returns: 23.366260116919875, 2.803951214030385, 1.274817570074112
catalog_sales: 217.0907397372648, 26.050888768471776, 80.83131883839661
customer: 0.6484093563631177, 0.07780912276357412, 79.12617921998662
customer_address: 0.18544994108378887, 0.022253992930054665, 73.7903353262566
customer_demographics: 0.012168197892606258, 0.0014601837471127509, 28.5661120665906
date_dim: 0.0019952356815338135, 0.00023942828178405762, 239.1662718197784
household_demographics: 3.512948751449585e-05, 4.215538501739502e-06, 34.72616484917676
inventory: 0.24701470416039228, 0.029641764499247072, 6.542075075183432
item: 0.005464168265461922, 0.0006557001918554306, 117.58646053060764
promotion: 2.6027671992778778e-05, 3.1233206391334533e-06, 6.799247934811999
ship_mode: 1.5795230865478516e-06, 1.8954277038574217e-07, 8.97610767085698
store: 2.3781321942806244e-05, 2.853758633136749e-06, 84.25316735580597
store_sales: 288.85508783441037, 34.66261054012924, 177.38141468128956
time_dim: 0.0012104213237762451, 0.00014525055885314942, 14.455001010352643
warehouse: 2.3292377591133118e-06, 2.795085310935974e-07, 12.766479454329417
web_page: 1.0661780834197998e-05, 1.2794137001037598e-06, 1.6429687359000502
web_sales: 109.34904180746526, 13.12188501689583, 99.75930699223177
web_site: 8.863396942615509e-06, 1.063607633113861e-06, 1.4283963717139598
[0, 2, 3, 4, 5, 6, 7, 8, 10, 11, 12, 14, 15, 17, 18, 19, 20, 22, 23]
19
Optimal Subset: 0b110111101101110111111101
Num Redshift Qs: 56; Num GCP Qs: 1
Redshift Qs: $36.075669283986095; GCP Qs: $0.00567386475722742; Movement Cost: $76.77155467540025
Final cost: $112.85289782414358, BQ Baseline: $286.2455297128463, Diff: $173.3926318887027, %: 60.57479118106943%
