Egress: $0.12/GB
Benchmark: tpcds
Data Path: parquet_2000
BigQuery Cost: $5/TB; DuckDB Cost: $1.48/hr; Redshift Cost: $1.086/hr
Use Duck: False
Excluded Table: promotion
Excluded Query: None

Starting analysis without using DuckDB
Redshift Total: $41.11611691607196, Redshift-Calcite Total: $41.11611691607196, BigQuery Total: $320.816130216549
Excluding table promotion and any queries that depend on it
Total Keys: 63, Keys Considered: 62

Round 0
call_center: 5.735084414482117e-06, 6.882101297378539e-07, 6.559879336027798
catalog_page: 0.0006659524515271187, 7.991429418325423e-05, -7.991429418325423e-05
catalog_page had no query dependencies
catalog_returns: 23.366260116919875, 2.803951214030385, 20.385022550658118
catalog_sales: 217.0907397372648, 26.050888768471776, 104.04425359965676
customer: 0.6484093563631177, 0.07780912276357412, 79.81718570398787
customer_address: 0.18544994108378887, 0.022253992930054665, 74.16425236916632
customer_demographics: 0.012168197892606258, 0.0014601837471127509, 22.140778051367704
date_dim: 0.0019952356815338135, 0.00023942828178405762, 264.1476605963294
household_demographics: 3.512948751449585e-05, 4.215538501739502e-06, 35.100081892086514
income_band: 6.137415766716003e-07, 7.364898920059204e-08, 0.3739169692607519
inventory: 0.24701470416039228, 0.029641764499247072, 6.542075075183431
item: 0.005464168265461922, 0.0006557001918554306, 119.27803661263435
reason: 1.2423843145370483e-06, 1.4908611774444579e-07, 4.183189174527087
ship_mode: 1.5795230865478516e-06, 1.8954277038574217e-07, 8.97610767085698
store: 2.3781321942806244e-05, 2.853758633136749e-06, 106.76585994495981
store_returns: 36.877127600833774, 4.425255312100052, 31.91249088910656
store_sales: 288.85508783441037, 34.66261054012924, 208.489185544878
time_dim: 0.0012104213237762451, 0.00014525055885314942, 14.455001010352643
warehouse: 2.3292377591133118e-06, 2.795085310935974e-07, 12.766479454329417
web_page: 1.0661780834197998e-05, 1.2794137001037598e-06, 11.485226470954258
web_returns: 11.326140539720654, 1.3591368647664785, 17.751068115817525
web_sales: 109.34904180746526, 13.12188501689583, 118.16024025449327
web_site: 8.863396942615509e-06, 1.063607633113861e-06, 1.4283963717139598

Round 1
call_center: 5.735084414482117e-06, 6.882101297378539e-07, 6.559879336027798
catalog_returns: 23.366260116919875, 2.803951214030385, 20.385022550658118
catalog_sales: 217.0907397372648, 26.050888768471776, 104.04425359965676
customer: 0.6484093563631177, 0.07780912276357412, 79.81718570398787
customer_address: 0.18544994108378887, 0.022253992930054665, 74.16425236916632
customer_demographics: 0.012168197892606258, 0.0014601837471127509, 22.140778051367704
date_dim: 0.0019952356815338135, 0.00023942828178405762, 264.1476605963294
household_demographics: 3.512948751449585e-05, 4.215538501739502e-06, 35.100081892086514
income_band: 6.137415766716003e-07, 7.364898920059204e-08, 0.3739169692607519
inventory: 0.24701470416039228, 0.029641764499247072, 6.542075075183431
item: 0.005464168265461922, 0.0006557001918554306, 119.27803661263435
reason: 1.2423843145370483e-06, 1.4908611774444579e-07, 4.183189174527087
ship_mode: 1.5795230865478516e-06, 1.8954277038574217e-07, 8.97610767085698
store: 2.3781321942806244e-05, 2.853758633136749e-06, 106.76585994495981
store_returns: 36.877127600833774, 4.425255312100052, 31.91249088910656
store_sales: 288.85508783441037, 34.66261054012924, 208.489185544878
time_dim: 0.0012104213237762451, 0.00014525055885314942, 14.455001010352643
warehouse: 2.3292377591133118e-06, 2.795085310935974e-07, 12.766479454329417
web_page: 1.0661780834197998e-05, 1.2794137001037598e-06, 11.485226470954258
web_returns: 11.326140539720654, 1.3591368647664785, 17.751068115817525
web_sales: 109.34904180746526, 13.12188501689583, 118.16024025449327
web_site: 8.863396942615509e-06, 1.063607633113861e-06, 1.4283963717139598
[0, 2, 3, 4, 5, 6, 7, 8, 9, 10, 11, 13, 14, 15, 16, 17, 18, 19, 20, 21, 22, 23]
22
Optimal Subset: 0b111111111110111111111101
Num Redshift Qs: 62; Num GCP Qs: 1
Redshift Qs: $41.10777464461485; GCP Qs: $0.00567386475722742; Movement Cost: $82.55594395168126
Final cost: $123.66939246105333, BQ Baseline: $320.816130216549, Diff: $197.14673775549568, %: 61.4516288886169%
