Egress: $0.12/GB
Benchmark: tpcds
Data Path: parquet_2000
BigQuery Cost: $5/TB; DuckDB Cost: $1.48/hr; Redshift Cost: $1.086/hr
Use Duck: False
Excluded Table: time_dim
Excluded Query: None

Starting analysis without using DuckDB
Redshift Total: $42.666127790467336, Redshift-Calcite Total: $42.666127790467336, BigQuery Total: $323.4268823234788
Number of keys: 62
Excluding table time_dim and any queries that depend on it
time_dim; 18
Optimal Subset: 0b111110111111111111111111
Cost of new plan by subset (16515071, 0b111110111111111111111111): $125.21934112250469
found 711988 plans cheaper than baseline over 8388608 total plans considered
call_center
catalog_page
catalog_returns
catalog_sales
customer
customer_address
customer_demographics
date_dim
household_demographics
income_band
inventory
item
promotion
reason
ship_mode
store
store_returns
store_sales
warehouse
web_page
web_returns
web_sales
web_site
Num Redshift Qs: 61; Num GCP Qs: 1
Redshift Qs: $42.657785519010226; GCP Qs: $0.00567386475722742; Movement Cost: $82.55588173873723
Final cost: $125.21934112250469, BQ Baseline: $323.4268823234788, Diff: $198.20754120097413, %: 61.28357042465468%
Cost of Second Cheapest plan by subset (16514559, 0b111110111111110111111111): $125.59325809176542
Cost of Third Cheapest plan by subset (16506879, 0b111110111101111111111111): $129.40253029703175
