Egress: $0.12/GB
Benchmark: tpcds
Data Path: parquet_2000
BigQuery Cost: $5/TB; DuckDB Cost: $1.48/hr; Redshift Cost: $1.086/hr
Use Duck: False
Excluded Table: call_center
Excluded Query: None

Starting analysis without using DuckDB
Redshift Total: $44.109542179281306, Redshift-Calcite Total: $44.109542179281306, BigQuery Total: $332.76556294896636
Number of keys: 63
Excluding table call_center and any queries that depend on it
call_center; 0
Optimal Subset: 0b111111111111111111111110
Cost of new plan by subset (16777214, 0b111111111111111111111110): $126.66290007366737
found 726064 plans cheaper than baseline over 8388608 total plans considered
catalog_page
catalog_returns
catalog_sales
customer
customer_address
customer_demographics
date_dim
household_demographics
income_band
inventory
item
promotion
reason
ship_mode
store
store_returns
store_sales
time_dim
warehouse
web_page
web_returns
web_sales
web_site
Num Redshift Qs: 62; Num GCP Qs: 1
Redshift Qs: $44.10119990782419; GCP Qs: $0.00567386475722742; Movement Cost: $82.55602630108595
Final cost: $126.66290007366737, BQ Baseline: $332.76556294896636, Diff: $206.102662875299, %: 61.936295645744856%
Cost of Second Cheapest plan by subset (16776702, 0b111111111111110111111110): $127.03681704292812
Cost of Third Cheapest plan by subset (16769022, 0b111111111101111111111110): $130.84608924819446
