Egress: $0.12/GB
Benchmark: tpcds
Data Path: parquet_2000
BigQuery Cost: $5/TB; DuckDB Cost: $1.48/hr; Redshift Cost: $1.086/hr
Use Duck: False
Excluded Table: web_sales
Excluded Query: None

Starting analysis without using DuckDB
Redshift Total: $26.38615583533129, Redshift-Calcite Total: $26.38615583533129, BigQuery Total: $181.60329492255187
Number of keys: 45
Excluding table web_sales and any queries that depend on it
web_sales; 22
Optimal Subset: 0b11111111111111111101
Cost of new plan by subset (1048573, 0b11111111111111111101): $95.16768199727215
found 558144 plans cheaper than baseline over 8388608 total plans considered
call_center
catalog_returns
catalog_sales
customer
customer_address
customer_demographics
date_dim
household_demographics
income_band
inventory
item
promotion
reason
ship_mode
store
store_returns
store_sales
time_dim
warehouse
Num Redshift Qs: 43; Num GCP Qs: 2
Redshift Qs: $26.259158314015078; GCP Qs: $0.8336008329388278; Movement Cost: $68.07492285031825
Final cost: $95.16768199727215, BQ Baseline: $181.60329492255187, Diff: $86.43561292527971, %: 47.59583958107247%
Cost of Second Cheapest plan by subset (9437181, 0b100011111111111111111101): $95.1676830608798
Cost of Third Cheapest plan by subset (2097149, 0b111111111111111111101): $95.16768327668586
