Egress: $0.12/GB
Benchmark: tpcds
Data Path: parquet_2000
BigQuery Cost: $5/TB; DuckDB Cost: $1.48/hr; Redshift Cost: $1.086/hr
Use Duck: False
Excluded Table: customer_demographics
Excluded Query: None

Starting analysis without using DuckDB
Redshift Total: $40.14246093905131, Redshift-Calcite Total: $40.14246093905131, BigQuery Total: $306.41687243972683
Number of keys: 58
Excluding table customer_demographics and any queries that depend on it
customer_demographics; 6
Optimal Subset: 0b111111111111110110111111
Cost of new plan by subset (16776639, 0b111111111111110110111111): $122.69435926425139
found 715528 plans cheaper than baseline over 8388608 total plans considered
call_center
catalog_page
catalog_returns
catalog_sales
customer
customer_address
date_dim
household_demographics
inventory
item
promotion
reason
ship_mode
store
store_returns
store_sales
time_dim
warehouse
web_page
web_returns
web_sales
web_site
Num Redshift Qs: 57; Num GCP Qs: 1
Redshift Qs: $40.134118667594194; GCP Qs: $0.00567386475722742; Movement Cost: $82.55456673189997
Final cost: $122.69435926425139, BQ Baseline: $306.41687243972683, Diff: $183.72251317547546, %: 59.95835402687045%
Cost of Second Cheapest plan by subset (16777151, 0b111111111111111110111111): $122.69435933790038
Cost of Third Cheapest plan by subset (16768447, 0b111111111101110110111111): $126.87754843877849
