Egress: $0.12/GB
Benchmark: tpcds
Data Path: parquet_2000/real_data_rs1
BigQuery Cost: $5/TB; DuckDB Cost: $1.48/hr; Redshift Cost: $1.086/hr
Use Duck: False
Excluded Table: catalog_page
Excluded Query: None

Starting analysis without using DuckDB
Redshift Total: $14.785082857989869, Redshift-Calcite Total: $13.895038131597039, BigQuery Total: $221.7094898223877
Excluding table catalog_page and any queries that depend on it
Total Keys: 97, Keys Considered: 96
-0.02367922099897742
call_center: 5.735084414482117e-06, 0.0053766893942187735, 3.1445420717649633
catalog_returns: 23.366260116919875, 3.060321936414188, 23.16974782254542
catalog_sales: 217.0907397372648, 29.370021103585763, 81.31009507902323
customer: 0.6484093563631177, 0.09156103469563479, 48.64407182530489
customer_address: 0.18544994108378887, 0.031271042768815815, 44.12690505726867
customer_demographics: 0.012168197892606258, 0.0070967388819663055, 30.534231606187912
date_dim: 0.0019952356815338135, 0.005568158546797355, 181.83219783618125
household_demographics: 3.512948751449585e-05, 0.004389724176025888, 23.960420696995953
income_band: 6.137415766716003e-07, 0.0034144215897365634, 6.689584641495581
inventory: 0.24701470416039228, 0.037686781854451866, 1.124706909481862
item: 0.005464168265461922, 0.006179198225660259, 128.67527028758184
promotion: 2.6027671992778778e-05, 0.004807678304660571, 13.31453669810956
reason: 1.2423843145370483e-06, 0.004734816930552322, 8.48890963619564
ship_mode: 1.5795230865478516e-06, 0.004709164318544036, 2.126396293810305
store: 2.3781321942806244e-05, 0.00528236623577945, 79.73108133437144
store_returns: 36.877127600833774, 4.826214279135367, 28.37390982202818
store_sales: 288.85508783441037, 39.298933997401456, 149.39895449223636
time_dim: 0.0012104213237762451, 0.0019428074897050395, 8.705261080525247
warehouse: 2.3292377591133118e-06, 0.00044575837218619607, 3.6467236490702244
web_page: 1.0661780834197998e-05, 0.0015543754767785207, 7.773221314498245
web_returns: 11.326140539720654, 1.4916618422262748, 16.87194208327841
web_sales: 109.34904180746526, 14.647551194801544, 81.71207059446152
web_site: 8.863396942615509e-06, 0.0006161862721540302, 1.2084126402900122
{}
{}
STARTING PHASE 2: 0b111111111111111111111101
----
[0, 2, 3, 4, 5, 6, 7, 8, 9, 10, 11, 12, 13, 14, 15, 16, 17, 18, 19, 20, 21, 22, 23]
Function: 106.32637919181103, 12.755689244772986, 4.76837158203125e-05, 83.21524804122586, 9.844640336778559, 0.45108360342381554, 0.059670281894001385
-0.02367922099897742
call_center: 5.735084414482117e-06, 0.0053766893942187735, 3.1445420717649633
catalog_returns: 23.366260116919875, 3.060321936414188, 23.16974782254542
catalog_sales: 217.0907397372648, 29.370021103585763, 81.31009507902323
customer: 0.6484093563631177, 0.09156103469563479, 48.64407182530489
customer_address: 0.18544994108378887, 0.031271042768815815, 44.12690505726867
customer_demographics: 0.012168197892606258, 0.0070967388819663055, 30.534231606187912
date_dim: 0.0019952356815338135, 0.005568158546797355, 181.83219783618125
household_demographics: 3.512948751449585e-05, 0.004389724176025888, 23.960420696995953
income_band: 6.137415766716003e-07, 0.0034144215897365634, 6.689584641495581
inventory: 0.24701470416039228, 0.037686781854451866, 1.124706909481862
item: 0.005464168265461922, 0.006179198225660259, 128.67527028758184
promotion: 2.6027671992778778e-05, 0.004807678304660571, 13.31453669810956
reason: 1.2423843145370483e-06, 0.004734816930552322, 8.48890963619564
ship_mode: 1.5795230865478516e-06, 0.004709164318544036, 2.126396293810305
store: 2.3781321942806244e-05, 0.00528236623577945, 79.73108133437144
store_returns: 36.877127600833774, 4.826214279135367, 28.37390982202818
store_sales: 288.85508783441037, 39.298933997401456, 149.39895449223636
time_dim: 0.0012104213237762451, 0.0019428074897050395, 8.705261080525247
warehouse: 2.3292377591133118e-06, 0.00044575837218619607, 3.6467236490702244
web_page: 1.0661780834197998e-05, 0.0015543754767785207, 7.773221314498245
web_returns: 11.326140539720654, 1.4916618422262748, 16.87194208327841
web_sales: 109.34904180746526, 14.647551194801544, 81.71207059446152
web_site: 8.863396942615509e-06, 0.0006161862721540302, 1.2084126402900122
call_center: 5.735084414482117e-06, 0.005376689382103755, 3.144542071777078
catalog_returns: 23.366260116919875, 3.060272576609284, 22.36384302985565
catalog_sales: 217.0907397372648, 29.369562512587194, 80.39838762399528
customer: 0.6484093563631177, 0.09155966497026291, 48.644073195030266
customer_address: 0.18544994108378887, 0.031270651017082096, 44.126905449020406
customer_demographics: 0.012168197892606258, 0.007096713177387524, 29.72827747939782
date_dim: 0.0019952356815338135, 0.005568154331983197, 180.66980414905973
household_demographics: 3.512948751449585e-05, 0.0043897241018169796, 23.154466544575495
income_band: 6.137415766716003e-07, 0.003414421588440072, 6.689584641496878
item: 0.005464168265461922, 0.006179186682936768, 127.5128766077882
promotion: 2.6027671992778778e-05, 0.004807678249678695, 12.508582545669872
reason: 1.2423843145370483e-06, 0.004734816927927861, 8.488909636198265
ship_mode: 1.5795230865478516e-06, 0.00470916431520739, 2.126396293813642
store: 2.3781321942806244e-05, 0.005282366185542852, 79.73108133442167
store_returns: 36.877127600833774, 4.826136378443742, 28.373987722719804
store_sales: 288.85508783441037, 39.2983238085775, 149.19146802295808
time_dim: 0.0012104213237762451, 0.001942804932763531, 8.705261083082188
warehouse: 2.3292377591133118e-06, 0.0004457583672658228, 2.7986385093729833
web_page: 1.0661780834197998e-05, 0.0015543754542561563, 7.773221314520767
web_returns: 11.326140539720654, 1.4916379164424929, 16.87196600906219
web_sales: 109.34904180746526, 14.647320201594114, 81.71230158766895
web_site: 8.863396942615509e-06, 0.0006161862534306427, 1.2084126403087356
Function: 107.44939661381669, 12.690727932752367, 1.227402687072754, 83.1853695543018, 9.836788623344102, 0.4494688765221108, 0.05963893982356192
hiya: 0b111111111111101111111101, 107.44939661381669
call_center: 5.735084414482117e-06, 0.005376689382103755, 3.144542071777078
catalog_returns: 23.366260116919875, 3.060272576609284, 22.36384302985565
catalog_sales: 217.0907397372648, 29.369562512587194, 80.39838762399528
customer: 0.6484093563631177, 0.09155966497026291, 48.644073195030266
customer_address: 0.18544994108378887, 0.031270651017082096, 44.126905449020406
customer_demographics: 0.012168197892606258, 0.007096713177387524, 29.72827747939782
date_dim: 0.0019952356815338135, 0.005568154331983197, 180.66980414905973
household_demographics: 3.512948751449585e-05, 0.0043897241018169796, 23.154466544575495
income_band: 6.137415766716003e-07, 0.003414421588440072, 6.689584641496878
item: 0.005464168265461922, 0.006179186682936768, 127.5128766077882
promotion: 2.6027671992778778e-05, 0.004807678249678695, 12.508582545669872
reason: 1.2423843145370483e-06, 0.004734816927927861, 8.488909636198265
ship_mode: 1.5795230865478516e-06, 0.00470916431520739, 2.126396293813642
store: 2.3781321942806244e-05, 0.005282366185542852, 79.73108133442167
store_returns: 36.877127600833774, 4.826136378443742, 28.373987722719804
store_sales: 288.85508783441037, 39.2983238085775, 149.19146802295808
time_dim: 0.0012104213237762451, 0.001942804932763531, 8.705261083082188
warehouse: 2.3292377591133118e-06, 0.0004457583672658228, 2.7986385093729833
web_page: 1.0661780834197998e-05, 0.0015543754542561563, 7.773221314520767
web_returns: 11.326140539720654, 1.4916379164424929, 16.87196600906219
web_sales: 109.34904180746526, 14.647320201594114, 81.71230158766895
web_site: 8.863396942615509e-06, 0.0006161862534306427, 1.2084126403087356
call_center: 5.735084414482117e-06, 0.005376689354757151, 3.1445420718044246
catalog_returns: 23.366260116919875, 3.060161159265805, 22.363954447199134
catalog_sales: 217.0907397372648, 29.368527358763068, 80.39942277781941
customer: 0.6484093563631177, 0.09155657315978012, 48.64407628684075
customer_address: 0.18544994108378887, 0.03126976673608546, 43.16901299517625
customer_demographics: 0.012168197892606258, 0.007096655155766719, 29.72827753741944
date_dim: 0.0019952356815338135, 0.005568144818100439, 179.46077533201145
household_demographics: 3.512948751449585e-05, 0.004389723934309036, 23.154466544743002
income_band: 6.137415766716003e-07, 0.0034144215855135677, 6.689584641499804
item: 0.005464168265461922, 0.006179160628141974, 127.512876633843
promotion: 2.6027671992778778e-05, 0.004807678125570941, 12.50858254579398
reason: 1.2423843145370483e-06, 0.004734816922003799, 8.48890963620419
ship_mode: 1.5795230865478516e-06, 0.0047091643076757495, 1.8752608053841568
store: 2.3781321942806244e-05, 0.00528236607214637, 79.73108133453506
store_returns: 36.877127600833774, 4.825960537227738, 28.37416356393581
store_sales: 288.85508783441037, 39.29694646079587, 149.1928453707397
time_dim: 0.0012104213237762451, 0.001942799161111255, 8.70526108885384
warehouse: 2.3292377591133118e-06, 0.0004457583561593179, 2.5475030209470733
web_page: 1.0661780834197998e-05, 0.0015543754034175845, 7.773221314571606
web_returns: 11.326140539720654, 1.4915839100039572, 15.914126677375577
web_sales: 109.34904180746526, 14.646798792532962, 80.50379417016795
Function: 108.6545299940023, 12.526975959448812, 2.6001834869384766, 83.18536848220008, 9.836183507256903, 0.44618961910026844, 0.059628939057764424
hiya: 0b11111111111101111111101, 108.6545299940023
call_center: 5.735084414482117e-06, 0.005376689354757151, 3.1445420718044246
catalog_returns: 23.366260116919875, 3.060161159265805, 22.363954447199134
catalog_sales: 217.0907397372648, 29.368527358763068, 80.39942277781941
customer: 0.6484093563631177, 0.09155657315978012, 48.64407628684075
customer_address: 0.18544994108378887, 0.03126976673608546, 43.16901299517625
customer_demographics: 0.012168197892606258, 0.007096655155766719, 29.72827753741944
date_dim: 0.0019952356815338135, 0.005568144818100439, 179.46077533201145
household_demographics: 3.512948751449585e-05, 0.004389723934309036, 23.154466544743002
income_band: 6.137415766716003e-07, 0.0034144215855135677, 6.689584641499804
item: 0.005464168265461922, 0.006179160628141974, 127.512876633843
promotion: 2.6027671992778778e-05, 0.004807678125570941, 12.50858254579398
reason: 1.2423843145370483e-06, 0.004734816922003799, 8.48890963620419
ship_mode: 1.5795230865478516e-06, 0.0047091643076757495, 1.8752608053841568
store: 2.3781321942806244e-05, 0.00528236607214637, 79.73108133453506
store_returns: 36.877127600833774, 4.825960537227738, 28.37416356393581
store_sales: 288.85508783441037, 39.29694646079587, 149.1928453707397
time_dim: 0.0012104213237762451, 0.001942799161111255, 8.70526108885384
warehouse: 2.3292377591133118e-06, 0.0004457583561593179, 2.5475030209470733
web_page: 1.0661780834197998e-05, 0.0015543754034175845, 7.773221314571606
web_returns: 11.326140539720654, 1.4915839100039572, 15.914126677375577
web_sales: 109.34904180746526, 14.646798792532962, 80.50379417016795
call_center: 5.735084414482117e-06, 0.005376689345497399, 2.639859831795634
catalog_returns: 23.366260116919875, 3.0601234325700877, 22.36399217389485
catalog_sales: 217.0907397372648, 29.368176848401543, 78.51980331848908
customer: 0.6484093563631177, 0.09155552625101657, 48.644077333749514
customer_address: 0.18544994108378887, 0.03126946731232389, 43.16901329460002
customer_demographics: 0.012168197892606258, 0.007096635509238048, 29.72827755706597
date_dim: 0.0019952356815338135, 0.005568141596632858, 177.58080536554107
household_demographics: 3.512948751449585e-05, 0.004389723877589669, 23.15446654479972
income_band: 6.137415766716003e-07, 0.003414421584522633, 6.689584641500796
item: 0.005464168265461922, 0.006179151805805303, 127.51287664266533
promotion: 2.6027671992778778e-05, 0.004807678083547182, 12.508582545836003
reason: 1.2423843145370483e-06, 0.004734816919997871, 8.488909636206195
store: 2.3781321942806244e-05, 0.005282366033749523, 79.73108133457346
store_returns: 36.877127600833774, 4.825900996155912, 28.374223105007633
store_sales: 288.85508783441037, 39.29648008115486, 149.1933117503807
time_dim: 0.0012104213237762451, 0.001942797206789222, 7.32997336113438
warehouse: 2.3292377591133118e-06, 0.00044575835239857726, 0.6675330512590014
web_page: 1.0661780834197998e-05, 0.0015543753862032866, 7.773221314588819
web_returns: 11.326140539720654, 1.4915656230442276, 15.914144964335307
web_sales: 109.34904180746526, 14.64662223975958, 79.12868299326753
Function: 110.528680420222, 12.476022467226583, 4.531106948852539, 83.1853682911436, 9.831484533653256, 0.44507924042473795, 0.059618938921293635
hiya: 0b11111111011101111111101, 110.528680420222
call_center: 5.735084414482117e-06, 0.005376689345497399, 2.639859831795634
catalog_returns: 23.366260116919875, 3.0601234325700877, 22.36399217389485
catalog_sales: 217.0907397372648, 29.368176848401543, 78.51980331848908
customer: 0.6484093563631177, 0.09155552625101657, 48.644077333749514
customer_address: 0.18544994108378887, 0.03126946731232389, 43.16901329460002
customer_demographics: 0.012168197892606258, 0.007096635509238048, 29.72827755706597
date_dim: 0.0019952356815338135, 0.005568141596632858, 177.58080536554107
household_demographics: 3.512948751449585e-05, 0.004389723877589669, 23.15446654479972
income_band: 6.137415766716003e-07, 0.003414421584522633, 6.689584641500796
item: 0.005464168265461922, 0.006179151805805303, 127.51287664266533
promotion: 2.6027671992778778e-05, 0.004807678083547182, 12.508582545836003
reason: 1.2423843145370483e-06, 0.004734816919997871, 8.488909636206195
store: 2.3781321942806244e-05, 0.005282366033749523, 79.73108133457346
store_returns: 36.877127600833774, 4.825900996155912, 28.374223105007633
store_sales: 288.85508783441037, 39.29648008115486, 149.1933117503807
time_dim: 0.0012104213237762451, 0.001942797206789222, 7.32997336113438
warehouse: 2.3292377591133118e-06, 0.00044575835239857726, 0.6675330512590014
web_page: 1.0661780834197998e-05, 0.0015543753862032866, 7.773221314588819
web_returns: 11.326140539720654, 1.4915656230442276, 15.914144964335307
web_sales: 109.34904180746526, 14.64662223975958, 79.12868299326753
call_center: 5.735084414482117e-06, 0.005376689345410113, 2.6398598317957216
catalog_returns: 23.366260116919875, 3.060123076945028, 21.69601371990851
catalog_sales: 217.0907397372648, 29.368173544368, 77.85182781291121
customer: 0.6484093563631177, 0.09155551638248756, 48.644077343618044
customer_address: 0.18544994108378887, 0.031269464489850546, 43.16901329742249
customer_demographics: 0.012168197892606258, 0.007096635324042981, 29.728277557251165
date_dim: 0.0019952356815338135, 0.005568141566266175, 176.91282655596
household_demographics: 3.512948751449585e-05, 0.004389723877055012, 23.154466544800258
income_band: 6.137415766716003e-07, 0.003414421584513292, 6.6895846415008045
item: 0.005464168265461922, 0.006179151722642864, 126.8448978331371
promotion: 2.6027671992778778e-05, 0.004807678083151052, 12.508582545836399
reason: 1.2423843145370483e-06, 0.004734816919978962, 8.488909636206213
store: 2.3781321942806244e-05, 0.005282366033387581, 79.73108133457383
store_returns: 36.877127600833774, 4.8259004349008965, 28.37422366626265
store_sales: 288.85508783441037, 39.29647568489687, 149.1933161466387
time_dim: 0.0012104213237762451, 0.0019427971883670975, 7.329973361152802
web_page: 1.0661780834197998e-05, 0.0015543753860410186, 7.773221314588982
web_returns: 11.326140539720654, 1.4915654506649343, 15.9141451367146
web_sales: 109.34904180746526, 14.646620575511244, 79.12868465751586
Function: 111.19620300243986, 12.475933344709077, 5.199174880981445, 83.18536800940288, 9.831049056518076, 0.4450687721083379, 0.059608938720047494
hiya: 0b11101111011101111111101, 111.19620300243986
call_center: 5.735084414482117e-06, 0.005376689345410113, 2.6398598317957216
catalog_returns: 23.366260116919875, 3.060123076945028, 21.69601371990851
catalog_sales: 217.0907397372648, 29.368173544368, 77.85182781291121
customer: 0.6484093563631177, 0.09155551638248756, 48.644077343618044
customer_address: 0.18544994108378887, 0.031269464489850546, 43.16901329742249
customer_demographics: 0.012168197892606258, 0.007096635324042981, 29.728277557251165
date_dim: 0.0019952356815338135, 0.005568141566266175, 176.91282655596
household_demographics: 3.512948751449585e-05, 0.004389723877055012, 23.154466544800258
income_band: 6.137415766716003e-07, 0.003414421584513292, 6.6895846415008045
item: 0.005464168265461922, 0.006179151722642864, 126.8448978331371
promotion: 2.6027671992778778e-05, 0.004807678083151052, 12.508582545836399
reason: 1.2423843145370483e-06, 0.004734816919978962, 8.488909636206213
store: 2.3781321942806244e-05, 0.005282366033387581, 79.73108133457383
store_returns: 36.877127600833774, 4.8259004349008965, 28.37422366626265
store_sales: 288.85508783441037, 39.29647568489687, 149.1933161466387
time_dim: 0.0012104213237762451, 0.0019427971883670975, 7.329973361152802
web_page: 1.0661780834197998e-05, 0.0015543753860410186, 7.773221314588982
web_returns: 11.326140539720654, 1.4915654506649343, 15.9141451367146
web_sales: 109.34904180746526, 14.646620575511244, 79.12868465751586
catalog_returns: 23.366260116919875, 3.0600884926718743, 20.57273160241263
catalog_sales: 217.0907397372648, 29.36785222955747, 75.26031109623825
customer: 0.6484093563631177, 0.09155455667536354, 48.59067981366753
customer_address: 0.18544994108378887, 0.03126919000641217, 42.045696870136894
customer_demographics: 0.012168197892606258, 0.00709661731396017, 29.67487908560361
date_dim: 0.0019952356815338135, 0.005568138613128811, 174.267590037772
household_demographics: 3.512948751449585e-05, 0.0043897238250600506, 23.101068055194613
income_band: 6.137415766716003e-07, 0.0034144215836048966, 6.689584641501713
item: 0.005464168265461922, 0.006179143635157451, 125.32297802185249
promotion: 2.6027671992778778e-05, 0.004807678044627638, 12.508582545874923
reason: 1.2423843145370483e-06, 0.004734816918140115, 8.488909636208053
store: 2.3781321942806244e-05, 0.0052823659981889775, 79.73108133460903
store_returns: 36.877127600833774, 4.825845853267049, 28.3742782478965
store_sales: 288.85508783441037, 39.29604815206921, 149.19374367946637
time_dim: 0.0012104213237762451, 0.0019427953968291498, 7.32997336294434
web_page: 1.0661780834197998e-05, 0.0015543753702605754, 7.773221314604762
web_returns: 11.326140539720654, 1.4915486869065817, 15.914161900472953
web_sales: 109.34904180746526, 14.646458728595562, 79.12884650443155
Function: 113.8350449393432, 12.43028241467833, 7.89006233215332, 83.18536731569664, 9.825683059589862, 0.4440508790005129, 0.0595989382245362
hiya: 0b11101111011101111111100, 113.8350449393432
catalog_returns: 23.366260116919875, 3.0600884926718743, 20.57273160241263
catalog_sales: 217.0907397372648, 29.36785222955747, 75.26031109623825
customer: 0.6484093563631177, 0.09155455667536354, 48.59067981366753
customer_address: 0.18544994108378887, 0.03126919000641217, 42.045696870136894
customer_demographics: 0.012168197892606258, 0.00709661731396017, 29.67487908560361
date_dim: 0.0019952356815338135, 0.005568138613128811, 174.267590037772
household_demographics: 3.512948751449585e-05, 0.0043897238250600506, 23.101068055194613
income_band: 6.137415766716003e-07, 0.0034144215836048966, 6.689584641501713
item: 0.005464168265461922, 0.006179143635157451, 125.32297802185249
promotion: 2.6027671992778778e-05, 0.004807678044627638, 12.508582545874923
reason: 1.2423843145370483e-06, 0.004734816918140115, 8.488909636208053
store: 2.3781321942806244e-05, 0.0052823659981889775, 79.73108133460903
store_returns: 36.877127600833774, 4.825845853267049, 28.3742782478965
store_sales: 288.85508783441037, 39.29604815206921, 149.19374367946637
time_dim: 0.0012104213237762451, 0.0019427953968291498, 7.32997336294434
web_page: 1.0661780834197998e-05, 0.0015543753702605754, 7.773221314604762
web_returns: 11.326140539720654, 1.4915486869065817, 15.914161900472953
web_sales: 109.34904180746526, 14.646458728595562, 79.12884650443155
catalog_returns: 23.366260116919875, 3.059771654709351, 13.902071429281857
catalog_sales: 217.0907397372648, 29.364908558327382, 68.59227775637504
customer: 0.6484093563631177, 0.09154576448104905, 41.89768954277652
customer_address: 0.18544994108378887, 0.031266675372868376, 35.35270032168513
customer_demographics: 0.012168197892606258, 0.007096452317636044, 22.981880187514623
date_dim: 0.0019952356815338135, 0.005568111558460887, 167.59661305373336
household_demographics: 3.512948751449585e-05, 0.004389723348717016, 16.40806899258564
item: 0.005464168265461922, 0.006179069543029252, 118.65200108485132
promotion: 2.6027671992778778e-05, 0.004807677691701901, 5.83760553513455
reason: 1.2423843145370483e-06, 0.0047348169012938375, 8.488909636224898
store: 2.3781321942806244e-05, 0.005282365675722928, 73.06010432383819
store_returns: 36.877127600833774, 4.825345812870585, 21.681779225207638
store_sales: 288.85508783441037, 39.29213138246056, 142.52668343798172
time_dim: 0.0012104213237762451, 0.001942778983957595, 7.329973379357211
web_page: 1.0661780834197998e-05, 0.001554375225690717, 7.773221314749332
web_returns: 11.326140539720654, 1.4913951085729547, 15.91431547880658
web_sales: 109.34904180746526, 14.644975995482227, 79.13032923754488
Function: 120.51530435891506, 11.96630382426023, 15.047039985656738, 83.18536724145947, 9.822278712104557, 0.43472565726253515, 0.059588938171508926
hiya: 0b11101111011100111111100, 120.51530435891506
catalog_returns: 23.366260116919875, 3.059771654709351, 13.902071429281857
catalog_sales: 217.0907397372648, 29.364908558327382, 68.59227775637504
customer: 0.6484093563631177, 0.09154576448104905, 41.89768954277652
customer_address: 0.18544994108378887, 0.031266675372868376, 35.35270032168513
customer_demographics: 0.012168197892606258, 0.007096452317636044, 22.981880187514623
date_dim: 0.0019952356815338135, 0.005568111558460887, 167.59661305373336
household_demographics: 3.512948751449585e-05, 0.004389723348717016, 16.40806899258564
item: 0.005464168265461922, 0.006179069543029252, 118.65200108485132
promotion: 2.6027671992778778e-05, 0.004807677691701901, 5.83760553513455
reason: 1.2423843145370483e-06, 0.0047348169012938375, 8.488909636224898
store: 2.3781321942806244e-05, 0.005282365675722928, 73.06010432383819
store_returns: 36.877127600833774, 4.825345812870585, 21.681779225207638
store_sales: 288.85508783441037, 39.29213138246056, 142.52668343798172
time_dim: 0.0012104213237762451, 0.001942778983957595, 7.329973379357211
web_page: 1.0661780834197998e-05, 0.001554375225690717, 7.773221314749332
web_returns: 11.326140539720654, 1.4913951085729547, 15.91431547880658
web_sales: 109.34904180746526, 14.644975995482227, 79.13032923754488
catalog_returns: 23.366260116919875, 3.0596743391705385, 13.90216874482067
catalog_sales: 217.0907397372648, 29.36400442124241, 67.48419873015249
customer: 0.6484093563631177, 0.0915430639930133, 39.27639665831371
customer_address: 0.18544994108378887, 0.03126590301302778, 32.73140550909412
customer_demographics: 0.012168197892606258, 0.007096401639661546, 19.76076261031719
date_dim: 0.0019952356815338135, 0.005568103248725634, 161.75419984921686
household_demographics: 3.512948751449585e-05, 0.00438972320241012, 16.408068992731945
item: 0.005464168265461922, 0.00617904678592237, 112.80958789478217
reason: 1.2423843145370483e-06, 0.004734816896119569, 8.488909636230073
store: 2.3781321942806244e-05, 0.005282365576678744, 70.4388087389864
store_returns: 36.877127600833774, 4.825192227421978, 21.681932810656242
store_sales: 288.85508783441037, 39.290928362021226, 137.79445640890228
time_dim: 0.0012104213237762451, 0.0019427739428084026, 7.329973384398361
web_page: 1.0661780834197998e-05, 0.0015543751812866515, 7.773221314793736
web_returns: 11.326140539720654, 1.4913479375895036, 15.91436264979003
web_sales: 109.34904180746526, 14.64452057981584, 79.13078465321126
Function: 126.35004566401606, 11.827543521766659, 21.028213500976562, 83.18536409319564, 9.817484176435071, 0.431861435719417, 0.059578935922718054
hiya: 0b11101111010100111111100, 126.35004566401606
catalog_returns: 23.366260116919875, 3.0596743391705385, 13.90216874482067
catalog_sales: 217.0907397372648, 29.36400442124241, 67.48419873015249
customer: 0.6484093563631177, 0.0915430639930133, 39.27639665831371
customer_address: 0.18544994108378887, 0.03126590301302778, 32.73140550909412
customer_demographics: 0.012168197892606258, 0.007096401639661546, 19.76076261031719
date_dim: 0.0019952356815338135, 0.005568103248725634, 161.75419984921686
household_demographics: 3.512948751449585e-05, 0.00438972320241012, 16.408068992731945
item: 0.005464168265461922, 0.00617904678592237, 112.80958789478217
reason: 1.2423843145370483e-06, 0.004734816896119569, 8.488909636230073
store: 2.3781321942806244e-05, 0.005282365576678744, 70.4388087389864
store_returns: 36.877127600833774, 4.825192227421978, 21.681932810656242
store_sales: 288.85508783441037, 39.290928362021226, 137.79445640890228
time_dim: 0.0012104213237762451, 0.0019427739428084026, 7.329973384398361
web_page: 1.0661780834197998e-05, 0.0015543751812866515, 7.773221314793736
web_returns: 11.326140539720654, 1.4913479375895036, 15.91436264979003
web_sales: 109.34904180746526, 14.64452057981584, 79.13078465321126
catalog_returns: 23.366260116919875, 3.059551578295784, 13.902291505695425
catalog_sales: 217.0907397372648, 29.362863877185383, 65.744172660678
customer: 0.6484093563631177, 0.09153965740165516, 39.27640006490507
customer_address: 0.18544994108378887, 0.031264928702338914, 32.731406483404804
customer_demographics: 0.012168197892606258, 0.007096337710791029, 19.76076267424606
date_dim: 0.0019952356815338135, 0.00556809276622324, 160.01303324616785
household_demographics: 3.512948751449585e-05, 0.004389723017847995, 10.817319448106849
item: 0.005464168265461922, 0.006179018078458158, 111.06842130995813
reason: 1.2423843145370483e-06, 0.004734816889592372, 8.4889096362366
store: 2.3781321942806244e-05, 0.005282365451737232, 65.15600171992374
store_returns: 36.877127600833774, 4.824998483604179, 21.682126554474042
store_sales: 288.85508783441037, 39.289410784835894, 130.77200035336847
web_page: 1.0661780834197998e-05, 0.0015543751252721444, 7.4652787892277015
web_returns: 11.326140539720654, 1.4912884326917024, 15.914422154687832
web_sales: 109.34904180746526, 14.643946085482613, 77.08225000839094
Function: 133.6764047788685, 11.64823970177531, 28.539433479309082, 83.1852176826497, 9.815697517729996, 0.42824756606207065, 0.05956883134231568
hiya: 0b11100111010100111111100, 133.6764047788685
catalog_returns: 23.366260116919875, 3.059551578295784, 13.902291505695425
catalog_sales: 217.0907397372648, 29.362863877185383, 65.744172660678
customer: 0.6484093563631177, 0.09153965740165516, 39.27640006490507
customer_address: 0.18544994108378887, 0.031264928702338914, 32.731406483404804
customer_demographics: 0.012168197892606258, 0.007096337710791029, 19.76076267424606
date_dim: 0.0019952356815338135, 0.00556809276622324, 160.01303324616785
household_demographics: 3.512948751449585e-05, 0.004389723017847995, 10.817319448106849
item: 0.005464168265461922, 0.006179018078458158, 111.06842130995813
reason: 1.2423843145370483e-06, 0.004734816889592372, 8.4889096362366
store: 2.3781321942806244e-05, 0.005282365451737232, 65.15600171992374
store_returns: 36.877127600833774, 4.824998483604179, 21.682126554474042
store_sales: 288.85508783441037, 39.289410784835894, 130.77200035336847
web_page: 1.0661780834197998e-05, 0.0015543751252721444, 7.4652787892277015
web_returns: 11.326140539720654, 1.4912884326917024, 15.914422154687832
web_sales: 109.34904180746526, 14.643946085482613, 77.08225000839094
catalog_returns: 23.366260116919875, 3.0594690591699245, 6.9128966784868275
catalog_sales: 217.0907397372648, 29.36209721029108, 58.75546198123787
customer: 0.6484093563631177, 0.09153736751131678, 39.27640235479541
customer_address: 0.18544994108378887, 0.03126427377652056, 32.25405132031211
customer_demographics: 0.012168197892606258, 0.007096294738186583, 19.28340689920015
date_dim: 0.0019952356815338135, 0.0055680857199478205, 152.54620008886118
household_demographics: 3.512948751449585e-05, 0.0043897228937864385, 10.81731944823091
item: 0.005464168265461922, 0.006178998781472394, 111.0684213292551
reason: 1.2423843145370483e-06, 0.004734816885204829, 8.01155381822247
store: 2.3781321942806244e-05, 0.005282365367752294, 58.16652437367325
store_returns: 36.877127600833774, 4.824868250168507, 14.692779441575262
store_sales: 288.85508783441037, 39.288390678527534, 123.78354311334236
web_returns: 11.326140539720654, 1.4912484338552594, 8.447628989171301
web_sales: 109.34904180746526, 14.643559913827483, 69.61580301569309
Function: 141.1392548472784, 11.528054853127795, 36.12645149230957, 83.18521639301845, 9.81415442957878, 0.42581884882266496, 0.05955883042113781
hiya: 0b11000111010100111111100, 141.1392548472784
catalog_returns: 23.366260116919875, 3.0594690591699245, 6.9128966784868275
catalog_sales: 217.0907397372648, 29.36209721029108, 58.75546198123787
customer: 0.6484093563631177, 0.09153736751131678, 39.27640235479541
customer_address: 0.18544994108378887, 0.03126427377652056, 32.25405132031211
customer_demographics: 0.012168197892606258, 0.007096294738186583, 19.28340689920015
date_dim: 0.0019952356815338135, 0.0055680857199478205, 152.54620008886118
household_demographics: 3.512948751449585e-05, 0.0043897228937864385, 10.81731944823091
item: 0.005464168265461922, 0.006178998781472394, 111.0684213292551
reason: 1.2423843145370483e-06, 0.004734816885204829, 8.01155381822247
store: 2.3781321942806244e-05, 0.005282365367752294, 58.16652437367325
store_returns: 36.877127600833774, 4.824868250168507, 14.692779441575262
store_sales: 288.85508783441037, 39.288390678527534, 123.78354311334236
web_returns: 11.326140539720654, 1.4912484338552594, 8.447628989171301
web_sales: 109.34904180746526, 14.643559913827483, 69.61580301569309
catalog_sales: 217.0907397372648, 29.352510774421212, 48.973523529368315
customer: 0.6484093563631177, 0.09150873462389043, 39.194548494889034
customer_address: 0.18544994108378887, 0.031256084555877514, 32.17217701673896
customer_demographics: 0.012168197892606258, 0.007095757406889585, 19.283407436531444
date_dim: 0.0019952356815338135, 0.005567997613016454, 142.5738344393114
household_demographics: 3.512948751449585e-05, 0.004389721342515391, 10.81731944978218
item: 0.005464168265461922, 0.006178757491131211, 106.50388414626322
reason: 1.2423843145370483e-06, 0.004734816830342804, 8.011553818277333
store: 2.3781321942806244e-05, 0.005282364317601016, 58.1665243747234
store_returns: 36.877127600833774, 4.823239805679174, 4.803924641201643
store_sales: 288.85508783441037, 39.275635225307546, 114.00477367882291
web_returns: 11.326140539720654, 1.490748286681462, -1.4423541085178542
web_sales: 109.34904180746526, 14.638731206817743, 59.82910683496343
catalog_sales: 217.0907397372648, 29.351680962419746, 48.97435334136978
customer: 0.6484093563631177, 0.09150625613095045, 39.14615679521837
customer_address: 0.18544994108378887, 0.03125537568829998, 32.123783547442926
customer_demographics: 0.012168197892606258, 0.007095710894925695, 19.28340748304341
date_dim: 0.0019952356815338135, 0.005567989986387533, 142.52544026877445
household_demographics: 3.512948751449585e-05, 0.0043897212082357326, 10.81731944991646
item: 0.005464168265461922, 0.0061787366047847455, 106.50388416714956
reason: 1.2423843145370483e-06, 0.0047348168255938895, 8.011553818282081
store: 2.3781321942806244e-05, 0.005282364226698814, 58.1665243748143
store_returns: 36.877127600833774, 4.823098845806359, 4.804065601074458
store_sales: 288.85508783441037, 39.27453109982132, 114.00587780430915
web_sales: 109.34904180746526, 14.63831322884526, 59.829524812935915
Function: 146.5447175160807, 10.23734092251261, 47.43792533874512, 78.98888143025897, 9.45102316095074, 0.3730052566088851, 0.05654140700440407
hiya: 0b10000111010100111111000, 146.5447175160807
catalog_sales: 217.0907397372648, 29.351680962419746, 48.97435334136978
customer: 0.6484093563631177, 0.09150625613095045, 39.14615679521837
customer_address: 0.18544994108378887, 0.03125537568829998, 32.123783547442926
customer_demographics: 0.012168197892606258, 0.007095710894925695, 19.28340748304341
date_dim: 0.0019952356815338135, 0.005567989986387533, 142.52544026877445
household_demographics: 3.512948751449585e-05, 0.0043897212082357326, 10.81731944991646
item: 0.005464168265461922, 0.0061787366047847455, 106.50388416714956
reason: 1.2423843145370483e-06, 0.0047348168255938895, 8.011553818282081
store: 2.3781321942806244e-05, 0.005282364226698814, 58.1665243748143
store_returns: 36.877127600833774, 4.823098845806359, 4.804065601074458
store_sales: 288.85508783441037, 39.27453109982132, 114.00587780430915
web_sales: 109.34904180746526, 14.63831322884526, 59.829524812935915
catalog_sales: 217.0907397372648, 29.342700314696604, 44.18052804240665
customer: 0.6484093563631177, 0.09147943261919249, 36.587922608053105
customer_address: 0.18544994108378887, 0.03124770396267425, 29.752806918492762
customer_demographics: 0.012168197892606258, 0.007095207518785233, 19.28340798641955
date_dim: 0.0019952356815338135, 0.005567907447128593, 136.53106743206573
household_demographics: 3.512948751449585e-05, 0.004389719754992943, 10.817319451369704
item: 0.005464168265461922, 0.006178510562115438, 99.33009414583017
reason: 1.2423843145370483e-06, 0.0047348167741987175, 6.749746591376395
store: 2.3781321942806244e-05, 0.005282363242908925, 49.80116715587436
store_sales: 288.85508783441037, 39.262581691983755, 104.57793947526714
web_sales: 109.34904180746526, 14.63378965854224, 59.83404838323894
Function: 151.2879536009901, 9.185017187325554, 58.11741352081299, 74.52828553754145, 9.077439860660235, 0.3264522714701929, 0.053345223179692036
hiya: 0b10000101010100111111000, 151.2879536009901
catalog_sales: 217.0907397372648, 29.342700314696604, 44.18052804240665
customer: 0.6484093563631177, 0.09147943261919249, 36.587922608053105
customer_address: 0.18544994108378887, 0.03124770396267425, 29.752806918492762
customer_demographics: 0.012168197892606258, 0.007095207518785233, 19.28340798641955
date_dim: 0.0019952356815338135, 0.005567907447128593, 136.53106743206573
household_demographics: 3.512948751449585e-05, 0.004389719754992943, 10.817319451369704
item: 0.005464168265461922, 0.006178510562115438, 99.33009414583017
reason: 1.2423843145370483e-06, 0.0047348167741987175, 6.749746591376395
store: 2.3781321942806244e-05, 0.005282363242908925, 49.80116715587436
store_sales: 288.85508783441037, 39.262581691983755, 104.57793947526714
web_sales: 109.34904180746526, 14.63378965854224, 59.83404838323894
catalog_sales: 217.0907397372648, 29.34109865721278, 44.18212969989047
customer: 0.6484093563631177, 0.09147464876844208, 36.58792739190386
customer_address: 0.18544994108378887, 0.031246335745465304, 29.75280828670997
customer_demographics: 0.012168197892606258, 0.007095117743950789, 19.283408076194384
date_dim: 0.0019952356815338135, 0.005567892726628929, 136.53106744678624
household_demographics: 3.512948751449585e-05, 0.004389719495813733, 10.817319451628883
item: 0.005464168265461922, 0.006178470248438282, 99.33009418614384
store: 2.3781321942806244e-05, 0.005282363067454493, 49.80116715604982
store_sales: 288.85508783441037, 39.26045056969945, 97.82558918940086
web_sales: 109.34904180746526, 14.632982900449417, 59.83485514133176
Function: 158.0331543560033, 8.935437850236891, 65.12147426605225, 74.52828538726472, 9.072715193737745, 0.32190643563938864, 0.05333522307235003
hiya: 0b10000101000100111111000, 158.0331543560033
catalog_sales: 217.0907397372648, 29.34109865721278, 44.18212969989047
customer: 0.6484093563631177, 0.09147464876844208, 36.58792739190386
customer_address: 0.18544994108378887, 0.031246335745465304, 29.75280828670997
customer_demographics: 0.012168197892606258, 0.007095117743950789, 19.283408076194384
date_dim: 0.0019952356815338135, 0.005567892726628929, 136.53106744678624
household_demographics: 3.512948751449585e-05, 0.004389719495813733, 10.817319451628883
item: 0.005464168265461922, 0.006178470248438282, 99.33009418614384
store: 2.3781321942806244e-05, 0.005282363067454493, 49.80116715604982
store_sales: 288.85508783441037, 39.26045056969945, 97.82558918940086
web_sales: 109.34904180746526, 14.632982900449417, 59.83485514133176
catalog_sales: 217.0907397372648, 29.338296815980062, 44.18493154112319
customer: 0.6484093563631177, 0.09146628019375053, 28.40797210850236
customer_address: 0.18544994108378887, 0.031243942270312186, 22.84920021183408
customer_demographics: 0.012168197892606258, 0.00709496069736914, 16.641662714092455
date_dim: 0.0019952356815338135, 0.0055678669754909114, 125.70935830141266
item: 0.005464168265461922, 0.006178399726167423, 99.33009425666611
store: 2.3781321942806244e-05, 0.005282362760525287, 38.97945798523205
store_sales: 288.85508783441037, 39.25672251526307, 87.00760807271254
web_sales: 109.34904180746526, 14.63157160739074, 59.83626643439044
Function: 168.84252156956194, 8.494949526854754, 76.38367176055908, 74.52828113806045, 9.068339711169005, 0.31395421288146863, 0.05332522003716231
hiya: 0b10000101000100011111000, 168.84252156956194
catalog_sales: 217.0907397372648, 29.338296815980062, 44.18493154112319
customer: 0.6484093563631177, 0.09146628019375053, 28.40797210850236
customer_address: 0.18544994108378887, 0.031243942270312186, 22.84920021183408
customer_demographics: 0.012168197892606258, 0.00709496069736914, 16.641662714092455
date_dim: 0.0019952356815338135, 0.0055678669754909114, 125.70935830141266
item: 0.005464168265461922, 0.006178399726167423, 99.33009425666611
store: 2.3781321942806244e-05, 0.005282362760525287, 38.97945798523205
store_sales: 288.85508783441037, 39.25672251526307, 87.00760807271254
web_sales: 109.34904180746526, 14.63157160739074, 59.83626643439044
catalog_sales: 217.0907397372648, 29.333675541537126, 35.59463296394912
customer: 0.6484093563631177, 0.0914524773130254, 19.813066059766072
customer_address: 0.18544994108378887, 0.031239994542858623, 12.579427699713847
date_dim: 0.0019952356815338135, 0.005567824502321978, 109.060600669096
item: 0.005464168265461922, 0.006178283408810047, 86.36395104904581
store: 2.3781321942806244e-05, 0.005282362254285291, 30.925620162565487
store_sales: 288.85508783441037, 39.25057357202976, 76.95216145015155
web_sales: 109.34904180746526, 14.629243862168277, 57.830836436991405
Function: 185.47105674966107, 7.766821787521045, 93.76055717468262, 74.52680929312369, 9.06272218577345, 0.3008321398554059, 0.05331416870486439
hiya: 0b10000101000100010111000, 185.47105674966107
catalog_sales: 217.0907397372648, 29.333675541537126, 35.59463296394912
customer: 0.6484093563631177, 0.0914524773130254, 19.813066059766072
customer_address: 0.18544994108378887, 0.031239994542858623, 12.579427699713847
date_dim: 0.0019952356815338135, 0.005567824502321978, 109.060600669096
item: 0.005464168265461922, 0.006178283408810047, 86.36395104904581
store: 2.3781321942806244e-05, 0.005282362254285291, 30.925620162565487
store_sales: 288.85508783441037, 39.25057357202976, 76.95216145015155
web_sales: 109.34904180746526, 14.629243862168277, 57.830836436991405
catalog_sales: 217.0907397372648, 29.331199619645005, 28.580252910361565
customer: 0.6484093563631177, 0.09144508219832627, 15.42242538924461
date_dim: 0.0019952356815338135, 0.005567801746640599, 96.44993299759498
item: 0.005464168265461922, 0.006178221089920504, 77.75309315299543
store: 2.3781321942806244e-05, 0.005282361983059094, 27.772316936762333
store_sales: 288.85508783441037, 39.24727917708466, 64.98947046814297
web_sales: 109.34904180746526, 14.62799673533633, 48.12208923313503
Function: 198.04328180238505, 7.3825754269071435, 106.75547122955322, 74.50437757733343, 9.053852754063207, 0.2937166686980866, 0.053288145829954746
hiya: 0b10000101000100010011000, 198.04328180238505
catalog_sales: 217.0907397372648, 29.331199619645005, 28.580252910361565
customer: 0.6484093563631177, 0.09144508219832627, 15.42242538924461
date_dim: 0.0019952356815338135, 0.005567801746640599, 96.44993299759498
item: 0.005464168265461922, 0.006178221089920504, 77.75309315299543
store: 2.3781321942806244e-05, 0.005282361983059094, 27.772316936762333
store_sales: 288.85508783441037, 39.24727917708466, 64.98947046814297
web_sales: 109.34904180746526, 14.62799673533633, 48.12208923313503
catalog_sales: 217.0907397372648, 29.309009983383497, 17.79181165913335
date_dim: 0.0019952356815338135, 0.005567597806324753, 80.93606273009236
item: 0.005464168265461922, 0.006177662577353689, 74.47167173223245
store: 2.3781321942806244e-05, 0.005282359552283446, 27.77231693919311
store_sales: 288.85508783441037, 39.217754245071944, 49.50512492871272
web_sales: 109.34904180746526, 14.61681977096563, 32.619395726062805
Function: 213.40219350180124, 3.8726650755961742, 125.77925205230713, 74.42594706227001, 9.040592011775175, 0.2305151765911834, 0.05322212326156498
hiya: 0b10000101000100010001000, 213.40219350180124
catalog_sales: 217.0907397372648, 29.309009983383497, 17.79181165913335
date_dim: 0.0019952356815338135, 0.005567597806324753, 80.93606273009236
item: 0.005464168265461922, 0.006177662577353689, 74.47167173223245
store: 2.3781321942806244e-05, 0.005282359552283446, 27.77231693919311
store_sales: 288.85508783441037, 39.217754245071944, 49.50512492871272
web_sales: 109.34904180746526, 14.61681977096563, 32.619395726062805
date_dim: 0.0019952356815338135, 0.005567387737018095, 33.83524129764479
item: 0.005464168265461922, 0.006177087279884016, 29.059161331051655
store: 2.3781321942806244e-05, 0.0052823570484560245, 27.772316941696936
store_sales: 288.85508783441037, 39.187342004258696, 4.570019232204281
web_sales: 109.34904180746526, 14.605306906791837, -12.440419168430477
date_dim: 0.0019952356815338135, 0.0055672976586725416, 31.67035364936178
item: 0.005464168265461922, 0.0061768405906123015, 27.859771762236377
store: 2.3781321942806244e-05, 0.0052823559748073545, 27.772316942770587
store_sales: 288.85508783441037, 39.174301144646215, 3.6175621689599566
Function: 218.38578077821236, 3.2899991360398135, 175.6276273727417, 34.940335152922046, 4.438056939478318, 0.06476445089437632, 0.024997726136100296
hiya: 0b101000100010000000, 218.38578077821236
date_dim: 0.0019952356815338135, 0.0055672976586725416, 31.67035364936178
item: 0.005464168265461922, 0.0061768405906123015, 27.859771762236377
store: 2.3781321942806244e-05, 0.0052823559748073545, 27.772316942770587
store_sales: 288.85508783441037, 39.174301144646215, 3.6175621689599566
date_dim: 0.0019952356815338135, 0.0055668512484660735, -0.0055668512484660735
date_dim had no query dependencies
item: 0.005464168265461922, 0.0061756180480795385, -0.0061756180480795385
item had no query dependencies
store: 2.3781321942806244e-05, 0.005282350654019972, -0.005282350654019972
store had no query dependencies
Function: 221.7094898223877, 0, 221.7094898223877, 0.0, 0, 0.0, 0
hiya: 0b0, 221.7094898223877
{106.32637919181103: [0, 2, 3, 4, 5, 6, 7, 8, 9, 10, 11, 12, 13, 14, 15, 16, 17, 18, 19, 20, 21, 22, 23], 107.44939661381669: [0, 2, 3, 4, 5, 6, 7, 8, 9, 11, 12, 13, 14, 15, 16, 17, 18, 19, 20, 21, 22, 23], 108.6545299940023: [0, 2, 3, 4, 5, 6, 7, 8, 9, 11, 12, 13, 14, 15, 16, 17, 18, 19, 20, 21, 22], 110.528680420222: [0, 2, 3, 4, 5, 6, 7, 8, 9, 11, 12, 13, 15, 16, 17, 18, 19, 20, 21, 22], 111.19620300243986: [0, 2, 3, 4, 5, 6, 7, 8, 9, 11, 12, 13, 15, 16, 17, 18, 20, 21, 22], 113.8350449393432: [2, 3, 4, 5, 6, 7, 8, 9, 11, 12, 13, 15, 16, 17, 18, 20, 21, 22], 120.51530435891506: [2, 3, 4, 5, 6, 7, 8, 11, 12, 13, 15, 16, 17, 18, 20, 21, 22], 126.35004566401606: [2, 3, 4, 5, 6, 7, 8, 11, 13, 15, 16, 17, 18, 20, 21, 22], 133.6764047788685: [2, 3, 4, 5, 6, 7, 8, 11, 13, 15, 16, 17, 20, 21, 22], 141.1392548472784: [2, 3, 4, 5, 6, 7, 8, 11, 13, 15, 16, 17, 21, 22], 146.5447175160807: [3, 4, 5, 6, 7, 8, 11, 13, 15, 16, 17, 22], 151.2879536009901: [3, 4, 5, 6, 7, 8, 11, 13, 15, 17, 22], 158.0331543560033: [3, 4, 5, 6, 7, 8, 11, 15, 17, 22], 168.84252156956194: [3, 4, 5, 6, 7, 11, 15, 17, 22], 185.47105674966107: [3, 4, 5, 7, 11, 15, 17, 22], 198.04328180238505: [3, 4, 7, 11, 15, 17, 22], 213.40219350180124: [3, 7, 11, 15, 17, 22], 218.38578077821236: [7, 11, 15, 17], 221.7094898223877: []}
[0, 2, 3, 4, 5, 6, 7, 8, 9, 10, 11, 12, 13, 14, 15, 16, 17, 18, 19, 20, 21, 22, 23]
{'39': 527488, '10': 4325624, '28': 131072, '30': 2097328, '94': 14680224, '18': 2296, '64': 236540, '44': 133120, '13': 164320, '12': 4196480, '19': 166064, '38': 4325528, '73': 164240, '11': 4325520, '29': 231560, '52': 133248, '82': 134272, '65': 166016, '31': 4325536, '90': 5505280, '81': 180, '14': 4327560, '20': 2184, '67': 166016, '06': 133296, '35': 4325624, '17': 231560, '55': 133248, '74': 4325520, '48': 164064, '34': 164240, '01': 98448, '92': 4196480, '78': 6488204, '76': 4327560, '85': 7348448, '25': 231560, '27': 166080, '46': 164272, '62': 13123712, '36': 166016, '70': 163968, '89': 166016, '69': 4325624, '43': 163968, '84': 66416, '08': 164016, '37': 3208, '91': 501, '79': 164240, '33': 4327592, '23': 4327576, '66': 4997256, '99': 540809, '93': 204800, '26': 6344, '61': 170160, '87': 4325528, '72': 531916, '22': 527488, '75': 6490252, '24': 231472, '54': 4360376, '57': 2185, '58': 4327560, '07': 137408, '77': 7569548, '98': 133248, '47': 166016, '53': 166016, '15': 184, '83': 2164868, '97': 131208, '09': 139264, '42': 133248, '71': 4589704, '50': 229504, '40': 526476, '60': 4327592, '68': 164272, '96': 426240, '16': 173, '45': 4196528, '03': 133248, '63': 166016, '88': 426240, '04': 4325528, '02': 4194440, '32': 2184, '51': 4325504, '21': 527488, '49': 6488204, '95': 14680224, '56': 4327592, '59': 163968, '86': 4196480}
Best Cost: $106.32637919181103;
[0, 2, 3, 4, 5, 6, 7, 8, 9, 10, 11, 12, 13, 14, 15, 16, 17, 18, 19, 20, 21, 22, 23]
{}
{'39': 527488, '10': 4325624, '28': 131072, '30': 2097328, '94': 14680224, '18': 2296, '64': 236540, '44': 133120, '13': 164320, '12': 4196480, '19': 166064, '38': 4325528, '73': 164240, '11': 4325520, '29': 231560, '52': 133248, '82': 134272, '65': 166016, '31': 4325536, '90': 5505280, '81': 180, '14': 4327560, '20': 2184, '67': 166016, '06': 133296, '35': 4325624, '17': 231560, '55': 133248, '74': 4325520, '48': 164064, '34': 164240, '01': 98448, '92': 4196480, '78': 6488204, '76': 4327560, '85': 7348448, '25': 231560, '27': 166080, '46': 164272, '62': 13123712, '36': 166016, '70': 163968, '89': 166016, '69': 4325624, '43': 163968, '84': 66416, '08': 164016, '37': 3208, '91': 501, '79': 164240, '33': 4327592, '23': 4327576, '66': 4997256, '99': 540809, '93': 204800, '26': 6344, '61': 170160, '87': 4325528, '72': 531916, '22': 527488, '75': 6490252, '24': 231472, '54': 4360376, '57': 2185, '58': 4327560, '07': 137408, '77': 7569548, '98': 133248, '47': 166016, '53': 166016, '15': 184, '83': 2164868, '97': 131208, '09': 139264, '42': 133248, '71': 4589704, '50': 229504, '40': 526476, '60': 4327592, '68': 164272, '96': 426240, '16': 173, '45': 4196528, '03': 133248, '63': 166016, '88': 426240, '04': 4325528, '02': 4194440, '32': 2184, '51': 4325504, '21': 527488, '49': 6488204, '95': 14680224, '56': 4327592, '59': 163968, '86': 4196480}
{'39': 527488, '10': 4325624, '28': 131072, '30': 2097328, '94': 14680224, '18': 2296, '64': 236540, '44': 133120, '13': 164320, '12': 4196480, '19': 166064, '38': 4325528, '73': 164240, '11': 4325520, '29': 231560, '52': 133248, '82': 134272, '65': 166016, '31': 4325536, '90': 5505280, '81': 180, '14': 4327560, '20': 2184, '67': 166016, '06': 133296, '35': 4325624, '17': 231560, '55': 133248, '74': 4325520, '48': 164064, '34': 164240, '01': 98448, '92': 4196480, '78': 6488204, '76': 4327560, '85': 7348448, '25': 231560, '27': 166080, '46': 164272, '62': 13123712, '36': 166016, '70': 163968, '89': 166016, '69': 4325624, '43': 163968, '84': 66416, '08': 164016, '37': 3208, '91': 501, '79': 164240, '33': 4327592, '23': 4327576, '66': 4997256, '99': 540809, '93': 204800, '26': 6344, '61': 170160, '87': 4325528, '72': 531916, '22': 527488, '75': 6490252, '24': 231472, '54': 4360376, '57': 2185, '58': 4327560, '07': 137408, '77': 7569548, '98': 133248, '47': 166016, '53': 166016, '15': 184, '83': 2164868, '97': 131208, '09': 139264, '42': 133248, '71': 4589704, '50': 229504, '40': 526476, '60': 4327592, '68': 164272, '96': 426240, '16': 173, '45': 4196528, '03': 133248, '63': 166016, '88': 426240, '04': 4325528, '02': 4194440, '32': 2184, '51': 4325504, '21': 527488, '49': 6488204, '95': 14680224, '56': 4327592, '59': 163968, '86': 4196480}
[0, 2, 3, 4, 5, 6, 7, 8, 9, 10, 11, 12, 13, 14, 15, 16, 17, 18, 19, 20, 21, 22, 23]
23
Optimal Subset: 0b111111111111111111111101
Function: 106.32637919181103, 12.755689244772986, 4.76837158203125e-05, 83.21524804122586, 9.844640336778559, 0.45108360342381554, 0.059670281894001385
106.32637919181103
Real: 106.32637919181103, 12.755689244772986, 4.76837158203125e-05, 83.21524804122586, 9.844640336778559, 0.45108360342381554, 0.059670281894001385
Num Redshift Qs: 96; Num GCP Qs: 1
Redshift Qs: $12.755689244772986; GCP Qs: $4.76837158203125e-05; Movement Cost: $83.21524804122586
Load Cost: $9.844640336778559, Storage Cost: $0.45108360342381554, API Cost: $0.059670281894001385
Final cost: $106.32637919181103, BQ Baseline: $221.7094898223877, Diff: $115.38311063057667, %: 52.04247717272297%
