Egress: $0.12/GB
Benchmark: tpcds
Data Path: parquet_2000/real_data_rs1
BigQuery Cost: $5/TB; DuckDB Cost: $1.48/hr; Redshift Cost: $1.086/hr
Use Duck: False
Excluded Table: store
Excluded Query: None

Starting analysis without using DuckDB
Redshift Total: $8.562529262408415, Redshift-Calcite Total: $7.77019944030444, BigQuery Total: $136.7197608947754
Excluding table store and any queries that depend on it
Total Keys: 65, Keys Considered: 64
-0.023640434179902966
call_center: 5.735084414482117e-06, 0.005376688520088014, 3.1445420726390934
catalog_page: 0.0006659524515271187, 0.005071386295870142, -0.005071386295870142
catalog_page had no query dependencies
catalog_returns: 23.366260116919875, 3.05676049507582, 9.512854906456035
catalog_sales: 217.0907397372648, 29.336932542095457, 61.64124620324506
customer: 0.6484093563631177, 0.09146220536332482, 25.46037016986548
customer_address: 0.18544994108378887, 0.031242776838236046, 20.73190612382323
customer_demographics: 0.012168197892606258, 0.007094884228171846, 13.167673107427099
date_dim: 0.0019952356815338135, 0.005567854436734365, 109.74962575954743
household_demographics: 3.512948751449585e-05, 0.004389718821655594, 1.1849275009447229
income_band: 6.137415766716003e-07, 0.003414421496191229, 0.01860763049582779
inventory: 0.24701470416039228, 0.03764913233868941, 1.1247445589976244
item: 0.005464168265461922, 0.006178365387429278, 82.57928409440647
promotion: 2.6027671992778778e-05, 0.0048076743375718494, 4.022264106032505
reason: 1.2423843145370483e-06, 0.004734816741190446, 8.488909636385001
ship_mode: 1.5795230865478516e-06, 0.004709164077796104, 2.126396294051053
store_returns: 36.877127600833774, 4.820593536833402, 6.353718986978653
store_sales: 288.85508783441037, 39.254907249198546, 69.89389424983324
time_dim: 0.0012104213237762451, 0.0019426229995676463, 3.4224542458277756
warehouse: 2.3292377591133118e-06, 0.0004457580171681658, 3.646723649425242
web_page: 1.0661780834197998e-05, 0.0015543738517299758, 0.7837439697888359
web_returns: 11.326140539720654, 1.4899355332268678, 9.884191045943359
web_sales: 109.34904180746526, 14.630884419893821, 73.50058288988033
web_site: 8.863396942615509e-06, 0.0006161849212117694, 1.2084126416409544
-0.023640397405453144
call_center: 5.735084414482117e-06, 0.005376688519259235, 3.144542072639922
catalog_returns: 23.366260116919875, 3.056757118412074, 9.512858283119781
catalog_sales: 217.0907397372648, 29.33690117026159, 61.641277575078924
customer: 0.6484093563631177, 0.0914621116615362, 25.46037026356727
customer_address: 0.18544994108378887, 0.031242750038821435, 20.731906150622645
customer_demographics: 0.012168197892606258, 0.007094882469742706, 13.167673109185529
date_dim: 0.0019952356815338135, 0.005567854148402387, 109.74962575983577
household_demographics: 3.512948751449585e-05, 0.004389718816579024, 1.1849275009497993
income_band: 6.137415766716003e-07, 0.003414421496102537, 0.018607630495916478
inventory: 0.24701470416039228, 0.037649096642536406, 1.1247445946937773
item: 0.005464168265461922, 0.0061783645978010365, 82.5792840951961
promotion: 2.6027671992778778e-05, 0.004807674333810584, 4.022264106036267
reason: 1.2423843145370483e-06, 0.004734816741010908, 8.48890963638518
ship_mode: 1.5795230865478516e-06, 0.004709164077567846, 2.1263962940512813
store_returns: 36.877127600833774, 4.820588207711018, 6.3537243161010375
store_sales: 288.85508783441037, 39.25486550668185, 69.89393599234994
time_dim: 0.0012104213237762451, 0.001942622824649376, 3.422454246002694
warehouse: 2.3292377591133118e-06, 0.0004457580168315671, 3.646723649425579
web_page: 1.0661780834197998e-05, 0.0015543738501892393, 0.7837439697903766
web_returns: 11.326140539720654, 1.4899338964836342, 9.884192682686592
web_sales: 109.34904180746526, 14.630868617838066, 73.50059869193609
web_site: 8.863396942615509e-06, 0.0006161849199309178, 1.2084126416422354
{}
{}
STARTING PHASE 2: 0b111111110111111111111101
----
[0, 2, 3, 4, 5, 6, 7, 8, 9, 10, 11, 12, 13, 14, 16, 17, 18, 19, 20, 21, 22, 23]
Function: 100.96277364546029, 7.50232401776791, 4.76837158203125e-05, 83.2152451646768, 9.839370841948984, 0.3461256575114786, 0.059660279839295165
-0.023640397405453144
call_center: 5.735084414482117e-06, 0.005376688519259235, 3.144542072639922
catalog_returns: 23.366260116919875, 3.056757118412074, 9.512858283119781
catalog_sales: 217.0907397372648, 29.33690117026159, 61.641277575078924
customer: 0.6484093563631177, 0.0914621116615362, 25.46037026356727
customer_address: 0.18544994108378887, 0.031242750038821435, 20.731906150622645
customer_demographics: 0.012168197892606258, 0.007094882469742706, 13.167673109185529
date_dim: 0.0019952356815338135, 0.005567854148402387, 109.74962575983577
household_demographics: 3.512948751449585e-05, 0.004389718816579024, 1.1849275009497993
income_band: 6.137415766716003e-07, 0.003414421496102537, 0.018607630495916478
inventory: 0.24701470416039228, 0.037649096642536406, 1.1247445946937773
item: 0.005464168265461922, 0.0061783645978010365, 82.5792840951961
promotion: 2.6027671992778778e-05, 0.004807674333810584, 4.022264106036267
reason: 1.2423843145370483e-06, 0.004734816741010908, 8.48890963638518
ship_mode: 1.5795230865478516e-06, 0.004709164077567846, 2.1263962940512813
store_returns: 36.877127600833774, 4.820588207711018, 6.3537243161010375
store_sales: 288.85508783441037, 39.25486550668185, 69.89393599234994
time_dim: 0.0012104213237762451, 0.001942622824649376, 3.422454246002694
warehouse: 2.3292377591133118e-06, 0.0004457580168315671, 3.646723649425579
web_page: 1.0661780834197998e-05, 0.0015543738501892393, 0.7837439697903766
web_returns: 11.326140539720654, 1.4899338964836342, 9.884192682686592
web_sales: 109.34904180746526, 14.630868617838066, 73.50059869193609
web_site: 8.863396942615509e-06, 0.0006161849199309178, 1.2084126416422354
-0.023640364821120353
call_center: 5.735084414482117e-06, 0.005376688518524888, 3.1445420726406565
catalog_returns: 23.366260116919875, 3.0567541264887206, 9.512861275043136
catalog_sales: 217.0907397372648, 29.336873372965368, 61.64130537237514
customer: 0.6484093563631177, 0.09146202863622166, 25.43834829460056
customer_address: 0.18544994108378887, 0.031242726292958517, 20.70988412237649
customer_demographics: 0.012168197892606258, 0.007094880911670714, 13.14565105875158
date_dim: 0.0019952356815338135, 0.005567853892923239, 109.74962576009123
household_demographics: 3.512948751449585e-05, 0.0043897188120808825, 1.1629054489622785
inventory: 0.24701470416039228, 0.03764906501363823, 1.1247446263226755
item: 0.005464168265461922, 0.006178363898143815, 82.57928409589576
promotion: 2.6027671992778778e-05, 0.004807674330477882, 4.022264106039599
reason: 1.2423843145370483e-06, 0.004734816740851828, 8.48890963638534
ship_mode: 1.5795230865478516e-06, 0.004709164077365597, 2.126396294051484
store_returns: 36.877127600833774, 4.820583485794086, 6.33170698602595
store_sales: 288.85508783441037, 39.25482852034862, 69.89397297868317
time_dim: 0.0012104213237762451, 0.0019426226696614658, 3.422454246157682
warehouse: 2.3292377591133118e-06, 0.00044575801653332076, 3.6467236494258772
web_page: 1.0661780834197998e-05, 0.001554373848824056, 0.7837439697917418
web_returns: 11.326140539720654, 1.4899324462325363, 9.88419413293769
web_sales: 109.34904180746526, 14.630854616284106, 73.50061269349004
web_site: 8.863396942615509e-06, 0.0006161849187960077, 1.2084126416433703
Function: 100.98129318501324, 7.501314835018718, 0.02307891845703125, 83.21524509043965, 9.83596649446368, 0.346037566847898, 0.05965027978626789
hiya: 0b111111110111110111111101, 100.98129318501324
-0.023640364821120353
call_center: 5.735084414482117e-06, 0.005376688518524888, 3.1445420726406565
catalog_returns: 23.366260116919875, 3.0567541264887206, 9.512861275043136
catalog_sales: 217.0907397372648, 29.336873372965368, 61.64130537237514
customer: 0.6484093563631177, 0.09146202863622166, 25.43834829460056
customer_address: 0.18544994108378887, 0.031242726292958517, 20.70988412237649
customer_demographics: 0.012168197892606258, 0.007094880911670714, 13.14565105875158
date_dim: 0.0019952356815338135, 0.005567853892923239, 109.74962576009123
household_demographics: 3.512948751449585e-05, 0.0043897188120808825, 1.1629054489622785
inventory: 0.24701470416039228, 0.03764906501363823, 1.1247446263226755
item: 0.005464168265461922, 0.006178363898143815, 82.57928409589576
promotion: 2.6027671992778778e-05, 0.004807674330477882, 4.022264106039599
reason: 1.2423843145370483e-06, 0.004734816740851828, 8.48890963638534
ship_mode: 1.5795230865478516e-06, 0.004709164077365597, 2.126396294051484
store_returns: 36.877127600833774, 4.820583485794086, 6.33170698602595
store_sales: 288.85508783441037, 39.25482852034862, 69.89397297868317
time_dim: 0.0012104213237762451, 0.0019426226696614658, 3.422454246157682
warehouse: 2.3292377591133118e-06, 0.00044575801653332076, 3.6467236494258772
web_page: 1.0661780834197998e-05, 0.001554373848824056, 0.7837439697917418
web_returns: 11.326140539720654, 1.4899324462325363, 9.88419413293769
web_sales: 109.34904180746526, 14.630854616284106, 73.50061269349004
web_site: 8.863396942615509e-06, 0.0006161849187960077, 1.2084126416433703
-0.023639970936568923
call_center: 5.735084414482117e-06, 0.0053766885096479915, 3.1445420726495334
catalog_returns: 23.366260116919875, 3.0567179596475746, 9.51289744188428
catalog_sales: 217.0907397372648, 29.336537354866667, 61.64164139047385
customer: 0.6484093563631177, 0.09146102501313129, 25.43834929822365
customer_address: 0.18544994108378887, 0.03124243924922426, 20.23252859140171
customer_demographics: 0.012168197892606258, 0.00709486207745086, 12.668295259567286
date_dim: 0.0019952356815338135, 0.005567850804651022, 109.272269945161
household_demographics: 3.512948751449585e-05, 0.004389718757706645, 0.8549629233946028
inventory: 0.24701470416039228, 0.03764868267853106, 1.1247450086577826
item: 0.005464168265461922, 0.006178355440577021, 82.57928410435332
promotion: 2.6027671992778778e-05, 0.004807674290191645, 4.022264106079886
reason: 1.2423843145370483e-06, 0.004734816738928837, 8.011553818368748
ship_mode: 1.5795230865478516e-06, 0.0047091640749207745, 2.1263962940539285
store_returns: 36.877127600833774, 4.820526406517849, 6.331764065302187
store_sales: 288.85508783441037, 39.254381423721966, 69.89442007530982
time_dim: 0.0012104213237762451, 0.0019426207961431741, 3.1145117224091496
warehouse: 2.3292377591133118e-06, 0.0004457580129280724, 3.6467236494294824
web_returns: 11.326140539720654, 1.4899149153686477, 9.406855845783063
web_sales: 109.34904180746526, 14.630685363292626, 72.71548360284096
web_site: 8.863396942615509e-06, 0.0006161849050770357, 1.2084126416570893
Function: 101.76397229450859, 7.449506473947368, 0.8601856231689453, 83.2152438008084, 9.834423406312464, 0.3449727114063223, 0.059640278865090025
hiya: 0b111011110111110111111101, 101.76397229450859
-0.023639970936568923
call_center: 5.735084414482117e-06, 0.0053766885096479915, 3.1445420726495334
catalog_returns: 23.366260116919875, 3.0567179596475746, 9.51289744188428
catalog_sales: 217.0907397372648, 29.336537354866667, 61.64164139047385
customer: 0.6484093563631177, 0.09146102501313129, 25.43834929822365
customer_address: 0.18544994108378887, 0.03124243924922426, 20.23252859140171
customer_demographics: 0.012168197892606258, 0.00709486207745086, 12.668295259567286
date_dim: 0.0019952356815338135, 0.005567850804651022, 109.272269945161
household_demographics: 3.512948751449585e-05, 0.004389718757706645, 0.8549629233946028
inventory: 0.24701470416039228, 0.03764868267853106, 1.1247450086577826
item: 0.005464168265461922, 0.006178355440577021, 82.57928410435332
promotion: 2.6027671992778778e-05, 0.004807674290191645, 4.022264106079886
reason: 1.2423843145370483e-06, 0.004734816738928837, 8.011553818368748
ship_mode: 1.5795230865478516e-06, 0.0047091640749207745, 2.1263962940539285
store_returns: 36.877127600833774, 4.820526406517849, 6.331764065302187
store_sales: 288.85508783441037, 39.254381423721966, 69.89442007530982
time_dim: 0.0012104213237762451, 0.0019426207961431741, 3.1145117224091496
warehouse: 2.3292377591133118e-06, 0.0004457580129280724, 3.6467236494294824
web_returns: 11.326140539720654, 1.4899149153686477, 9.406855845783063
web_sales: 109.34904180746526, 14.630685363292626, 72.71548360284096
web_site: 8.863396942615509e-06, 0.0006161849050770357, 1.2084126416570893
-0.023639527002956257
call_center: 5.735084414482117e-06, 0.005376688499643148, 3.091143583001898
catalog_returns: 23.366260116919875, 3.056677197255676, 8.65358556212387
catalog_sales: 217.0907397372648, 29.336158640525284, 60.83606595232057
customer: 0.6484093563631177, 0.09145989386436539, 25.384951939714778
customer_address: 0.18544994108378887, 0.03124211573218994, 20.1791304252611
customer_demographics: 0.012168197892606258, 0.007094840850055089, 11.808942638642373
date_dim: 0.0019952356815338135, 0.005567847323966549, 108.41291730648939
inventory: 0.24701470416039228, 0.03764825176189633, 0.3187912870797486
item: 0.005464168265461922, 0.006178345908346912, 81.77332996139087
promotion: 2.6027671992778778e-05, 0.004807674244786426, 3.2163099536306214
reason: 1.2423843145370483e-06, 0.0047348167367615, 8.011553818370915
ship_mode: 1.5795230865478516e-06, 0.0047091640721653, 2.126396294056684
store_returns: 36.877127600833774, 4.820462074445885, 6.331828397374151
store_sales: 288.85508783441037, 39.25387751662544, 69.89492398240635
time_dim: 0.0012104213237762451, 0.0019426186845657065, 3.1145117245207268
warehouse: 2.3292377591133118e-06, 0.000445758008864722, 2.840769496938877
web_returns: 11.326140539720654, 1.489895156940167, 9.406875604211544
web_sales: 109.34904180746526, 14.630494604117917, 72.71567436201568
web_site: 8.863396942615509e-06, 0.0006161848896148582, 1.2084126416725514
Function: 102.61773502871829, 7.393751389048896, 1.7752933502197266, 83.21523955160414, 9.830047923743724, 0.3437725382718987, 0.0596302758299023
hiya: 0b111011110111110011111101, 102.61773502871829
-0.023639527002956257
call_center: 5.735084414482117e-06, 0.005376688499643148, 3.091143583001898
catalog_returns: 23.366260116919875, 3.056677197255676, 8.65358556212387
catalog_sales: 217.0907397372648, 29.336158640525284, 60.83606595232057
customer: 0.6484093563631177, 0.09145989386436539, 25.384951939714778
customer_address: 0.18544994108378887, 0.03124211573218994, 20.1791304252611
customer_demographics: 0.012168197892606258, 0.007094840850055089, 11.808942638642373
date_dim: 0.0019952356815338135, 0.005567847323966549, 108.41291730648939
inventory: 0.24701470416039228, 0.03764825176189633, 0.3187912870797486
item: 0.005464168265461922, 0.006178345908346912, 81.77332996139087
promotion: 2.6027671992778778e-05, 0.004807674244786426, 3.2163099536306214
reason: 1.2423843145370483e-06, 0.0047348167367615, 8.011553818370915
ship_mode: 1.5795230865478516e-06, 0.0047091640721653, 2.126396294056684
store_returns: 36.877127600833774, 4.820462074445885, 6.331828397374151
store_sales: 288.85508783441037, 39.25387751662544, 69.89492398240635
time_dim: 0.0012104213237762451, 0.0019426186845657065, 3.1145117245207268
warehouse: 2.3292377591133118e-06, 0.000445758008864722, 2.840769496938877
web_returns: 11.326140539720654, 1.489895156940167, 9.406875604211544
web_sales: 109.34904180746526, 14.630494604117917, 72.71567436201568
web_site: 8.863396942615509e-06, 0.0006161848896148582, 1.2084126416725514
call_center: 5.735084414482117e-06, 0.00537668849678074, 3.0911435830047607
catalog_returns: 23.366260116919875, 3.05666553504042, 8.653597224339126
catalog_sales: 217.0907397372648, 29.336050289470204, 60.72996240984375
customer: 0.6484093563631177, 0.09145957024006907, 25.384952263339073
customer_address: 0.18544994108378887, 0.03124202317321297, 20.179130517820077
customer_demographics: 0.012168197892606258, 0.007094834776847721, 11.80894264471558
date_dim: 0.0019952356815338135, 0.0055678463281346145, 108.05647776864357
item: 0.005464168265461922, 0.006178343181153677, 81.41689042527643
promotion: 2.6027671992778778e-05, 0.004807674231795887, 3.216309953643612
reason: 1.2423843145370483e-06, 0.00473481673614142, 8.011553818371535
ship_mode: 1.5795230865478516e-06, 0.004709164071376952, 2.1263962940574723
store_returns: 36.877127600833774, 4.820443668890269, 6.331846802929767
store_sales: 288.85508783441037, 39.25373334763154, 69.68697149329797
time_dim: 0.0012104213237762451, 0.0019426180804384754, 3.114511725124854
warehouse: 2.3292377591133118e-06, 0.00044575800770218794, 2.7986385097325472
web_returns: 11.326140539720654, 1.4898895040077622, 9.406881257143949
web_sales: 109.34904180746526, 14.630440027473764, 72.71572893865982
web_site: 8.863396942615509e-06, 0.0006161848851910933, 1.2084126416769752
Function: 102.93594634937035, 7.38439960708976, 2.141084671020508, 83.18536106468008, 9.822196210309265, 0.34330586251126644, 0.05959893375946284
hiya: 0b111011110111100011111101, 102.93594634937035
call_center: 5.735084414482117e-06, 0.00537668849678074, 3.0911435830047607
catalog_returns: 23.366260116919875, 3.05666553504042, 8.653597224339126
catalog_sales: 217.0907397372648, 29.336050289470204, 60.72996240984375
customer: 0.6484093563631177, 0.09145957024006907, 25.384952263339073
customer_address: 0.18544994108378887, 0.03124202317321297, 20.179130517820077
customer_demographics: 0.012168197892606258, 0.007094834776847721, 11.80894264471558
date_dim: 0.0019952356815338135, 0.0055678463281346145, 108.05647776864357
item: 0.005464168265461922, 0.006178343181153677, 81.41689042527643
promotion: 2.6027671992778778e-05, 0.004807674231795887, 3.216309953643612
reason: 1.2423843145370483e-06, 0.00473481673614142, 8.011553818371535
ship_mode: 1.5795230865478516e-06, 0.004709164071376952, 2.1263962940574723
store_returns: 36.877127600833774, 4.820443668890269, 6.331846802929767
store_sales: 288.85508783441037, 39.25373334763154, 69.68697149329797
time_dim: 0.0012104213237762451, 0.0019426180804384754, 3.114511725124854
warehouse: 2.3292377591133118e-06, 0.00044575800770218794, 2.7986385097325472
web_returns: 11.326140539720654, 1.4898895040077622, 9.406881257143949
web_sales: 109.34904180746526, 14.630440027473764, 72.71572893865982
web_site: 8.863396942615509e-06, 0.0006161848851910933, 1.2084126416769752
call_center: 5.735084414482117e-06, 0.005376688469434135, 3.0911435830321072
catalog_returns: 23.366260116919875, 3.0565541176969404, 8.653708641682606
catalog_sales: 217.0907397372648, 29.33501513564608, 60.73099756366788
customer: 0.6484093563631177, 0.09145647842958628, 25.384955355149557
customer_address: 0.18544994108378887, 0.031241138892216327, 19.221238063975928
customer_demographics: 0.012168197892606258, 0.007094776755226916, 11.8089427027372
date_dim: 0.0019952356815338135, 0.0055678368142518565, 106.84744895159528
item: 0.005464168265461922, 0.006178317126358883, 81.41689045133123
promotion: 2.6027671992778778e-05, 0.004807674107688132, 3.2163099537677193
reason: 1.2423843145370483e-06, 0.004734816730217358, 8.01155381837746
ship_mode: 1.5795230865478516e-06, 0.004709164063845312, 1.8752608056279874
store_returns: 36.877127600833774, 4.820267827674265, 6.332022644145771
store_sales: 288.85508783441037, 39.25235599984991, 69.6883488410796
time_dim: 0.0012104213237762451, 0.0019426123087861993, 3.1145117308965067
warehouse: 2.3292377591133118e-06, 0.000445757996595683, 2.5475030213066368
web_returns: 11.326140539720654, 1.4898354975692267, 8.449041925457337
web_sales: 109.34904180746526, 14.629918618412612, 71.50722152115881
Function: 104.14107973125884, 7.220647633786205, 3.5138654708862305, 83.18535999257834, 9.821591094222066, 0.3400266067923331, 0.05958893299366534
hiya: 0b11011110111100011111101, 104.14107973125884
call_center: 5.735084414482117e-06, 0.005376688469434135, 3.0911435830321072
catalog_returns: 23.366260116919875, 3.0565541176969404, 8.653708641682606
catalog_sales: 217.0907397372648, 29.33501513564608, 60.73099756366788
customer: 0.6484093563631177, 0.09145647842958628, 25.384955355149557
customer_address: 0.18544994108378887, 0.031241138892216327, 19.221238063975928
customer_demographics: 0.012168197892606258, 0.007094776755226916, 11.8089427027372
date_dim: 0.0019952356815338135, 0.0055678368142518565, 106.84744895159528
item: 0.005464168265461922, 0.006178317126358883, 81.41689045133123
promotion: 2.6027671992778778e-05, 0.004807674107688132, 3.2163099537677193
reason: 1.2423843145370483e-06, 0.004734816730217358, 8.01155381837746
ship_mode: 1.5795230865478516e-06, 0.004709164063845312, 1.8752608056279874
store_returns: 36.877127600833774, 4.820267827674265, 6.332022644145771
store_sales: 288.85508783441037, 39.25235599984991, 69.6883488410796
time_dim: 0.0012104213237762451, 0.0019426123087861993, 3.1145117308965067
warehouse: 2.3292377591133118e-06, 0.000445757996595683, 2.5475030213066368
web_returns: 11.326140539720654, 1.4898354975692267, 8.449041925457337
web_sales: 109.34904180746526, 14.629918618412612, 71.50722152115881
call_center: 5.735084414482117e-06, 0.005376688460174383, 2.586461343023317
catalog_returns: 23.366260116919875, 3.0565163910012236, 8.653746368378322
catalog_sales: 217.0907397372648, 29.334664625284557, 58.851378104337584
customer: 0.6484093563631177, 0.09145543152082274, 25.384956402058318
customer_address: 0.18544994108378887, 0.031240839468454757, 19.22123836339969
customer_demographics: 0.012168197892606258, 0.007094757108698245, 11.80894272238373
date_dim: 0.0019952356815338135, 0.005567833592784276, 104.96747898512493
item: 0.005464168265461922, 0.0061783083040222115, 81.41689046015357
promotion: 2.6027671992778778e-05, 0.004807674065664375, 3.2163099538097435
reason: 1.2423843145370483e-06, 0.00473481672821143, 8.011553818379465
store_returns: 36.877127600833774, 4.82020828660244, 6.332082185217597
store_sales: 288.85508783441037, 39.2518896202089, 69.68881522072061
time_dim: 0.0012104213237762451, 0.0019426103544641666, 1.7392240031770458
warehouse: 2.3292377591133118e-06, 0.0004457579928349424, 0.667533051618565
web_returns: 11.326140539720654, 1.4898172106094971, 8.449060212417066
web_sales: 109.34904180746526, 14.62974206563923, 70.13211034425842
Function: 106.0152301578357, 7.1696941415639746, 5.444788932800293, 83.18535980152187, 9.816892120618421, 0.33891622847395453, 0.05957893285719455
hiya: 0b11011110011100011111101, 106.0152301578357
call_center: 5.735084414482117e-06, 0.005376688460174383, 2.586461343023317
catalog_returns: 23.366260116919875, 3.0565163910012236, 8.653746368378322
catalog_sales: 217.0907397372648, 29.334664625284557, 58.851378104337584
customer: 0.6484093563631177, 0.09145543152082274, 25.384956402058318
customer_address: 0.18544994108378887, 0.031240839468454757, 19.22123836339969
customer_demographics: 0.012168197892606258, 0.007094757108698245, 11.80894272238373
date_dim: 0.0019952356815338135, 0.005567833592784276, 104.96747898512493
item: 0.005464168265461922, 0.0061783083040222115, 81.41689046015357
promotion: 2.6027671992778778e-05, 0.004807674065664375, 3.2163099538097435
reason: 1.2423843145370483e-06, 0.00473481672821143, 8.011553818379465
store_returns: 36.877127600833774, 4.82020828660244, 6.332082185217597
store_sales: 288.85508783441037, 39.2518896202089, 69.68881522072061
time_dim: 0.0012104213237762451, 0.0019426103544641666, 1.7392240031770458
warehouse: 2.3292377591133118e-06, 0.0004457579928349424, 0.667533051618565
web_returns: 11.326140539720654, 1.4898172106094971, 8.449060212417066
web_sales: 109.34904180746526, 14.62974206563923, 70.13211034425842
call_center: 5.735084414482117e-06, 0.005376688460087097, 2.5864613430234042
catalog_returns: 23.366260116919875, 3.056516035376164, 7.9857679143919835
catalog_sales: 217.0907397372648, 29.334661321251012, 58.183402598759734
customer: 0.6484093563631177, 0.09145542165229371, 25.384956411926847
customer_address: 0.18544994108378887, 0.031240836645981415, 19.221238366222163
customer_demographics: 0.012168197892606258, 0.007094756923503178, 11.808942722568924
date_dim: 0.0019952356815338135, 0.005567833562417594, 104.29950017554388
item: 0.005464168265461922, 0.006178308220859773, 80.74891165062533
promotion: 2.6027671992778778e-05, 0.0048076740652682436, 3.2163099538101396
reason: 1.2423843145370483e-06, 0.00473481672819252, 8.011553818379484
store_returns: 36.877127600833774, 4.820207725347424, 6.332082746472612
store_sales: 288.85508783441037, 39.25188522395091, 69.6888196169786
time_dim: 0.0012104213237762451, 0.0019426103360420418, 1.739224003195468
web_returns: 11.326140539720654, 1.4898170382302038, 8.44906038479636
web_sales: 109.34904180746526, 14.629740401390894, 70.13211200850677
Function: 106.68275274041419, 7.169605019046468, 6.112856864929199, 83.18535951978114, 9.81645664348324, 0.3389057605181863, 0.05956893265594841
hiya: 0b11001110011100011111101, 106.68275274041419
call_center: 5.735084414482117e-06, 0.005376688460087097, 2.5864613430234042
catalog_returns: 23.366260116919875, 3.056516035376164, 7.9857679143919835
catalog_sales: 217.0907397372648, 29.334661321251012, 58.183402598759734
customer: 0.6484093563631177, 0.09145542165229371, 25.384956411926847
customer_address: 0.18544994108378887, 0.031240836645981415, 19.221238366222163
customer_demographics: 0.012168197892606258, 0.007094756923503178, 11.808942722568924
date_dim: 0.0019952356815338135, 0.005567833562417594, 104.29950017554388
item: 0.005464168265461922, 0.006178308220859773, 80.74891165062533
promotion: 2.6027671992778778e-05, 0.0048076740652682436, 3.2163099538101396
reason: 1.2423843145370483e-06, 0.00473481672819252, 8.011553818379484
store_returns: 36.877127600833774, 4.820207725347424, 6.332082746472612
store_sales: 288.85508783441037, 39.25188522395091, 69.6888196169786
time_dim: 0.0012104213237762451, 0.0019426103360420418, 1.739224003195468
web_returns: 11.326140539720654, 1.4898170382302038, 8.44906038479636
web_sales: 109.34904180746526, 14.629740401390894, 70.13211200850677
call_center: 5.735084414482117e-06, 0.005376688451045989, 2.5864613430324455
catalog_returns: 23.366260116919875, 3.0564791994944502, 7.985804750273697
catalog_sales: 217.0907397372648, 29.334319087244797, 56.44257821923445
customer: 0.6484093563631177, 0.09145439946345248, 25.38495743411569
customer_address: 0.18544994108378887, 0.031240544292303104, 19.221238658575842
customer_demographics: 0.012168197892606258, 0.007094737740874209, 11.808942741751553
date_dim: 0.0019952356815338135, 0.005567830417016267, 102.55833356515778
item: 0.005464168265461922, 0.006178299606838749, 79.00774504570784
promotion: 2.6027671992778778e-05, 0.004807674024236763, 3.216309953851171
reason: 1.2423843145370483e-06, 0.004734816726233957, 8.011553818381442
store_returns: 36.877127600833774, 4.820149590177164, 6.332140881642872
store_sales: 288.85508783441037, 39.251429856605235, 67.94810837079277
web_returns: 11.326140539720654, 1.4897991830676274, 8.449078239958936
web_sales: 109.34904180746526, 14.62956801743431, 68.39111777893184
Function: 108.42089142656295, 7.117053294565283, 7.9065752029418945, 83.1852131092352, 9.814669984778165, 0.33782100696684947, 0.059558828075546036
hiya: 0b11000110011100011111101, 108.42089142656295
call_center: 5.735084414482117e-06, 0.005376688451045989, 2.5864613430324455
catalog_returns: 23.366260116919875, 3.0564791994944502, 7.985804750273697
catalog_sales: 217.0907397372648, 29.334319087244797, 56.44257821923445
customer: 0.6484093563631177, 0.09145439946345248, 25.38495743411569
customer_address: 0.18544994108378887, 0.031240544292303104, 19.221238658575842
customer_demographics: 0.012168197892606258, 0.007094737740874209, 11.808942741751553
date_dim: 0.0019952356815338135, 0.005567830417016267, 102.55833356515778
item: 0.005464168265461922, 0.006178299606838749, 79.00774504570784
promotion: 2.6027671992778778e-05, 0.004807674024236763, 3.216309953851171
reason: 1.2423843145370483e-06, 0.004734816726233957, 8.011553818381442
store_returns: 36.877127600833774, 4.820149590177164, 6.332140881642872
store_sales: 288.85508783441037, 39.251429856605235, 67.94810837079277
web_returns: 11.326140539720654, 1.4897991830676274, 8.449078239958936
web_sales: 109.34904180746526, 14.62956801743431, 68.39111777893184
catalog_returns: 23.366260116919875, 3.0564447138926307, 6.915921023764122
catalog_sales: 217.0907397372648, 29.333998689167746, 53.85106058582801
customer: 0.6484093563631177, 0.09145344249443955, 25.3849583910847
customer_address: 0.18544994108378887, 0.031240270591985052, 18.151320720164765
customer_demographics: 0.012168197892606258, 0.007094719782175414, 11.808942759710252
date_dim: 0.0019952356815338135, 0.005567827472304409, 99.96649553661902
item: 0.005464168265461922, 0.006178291542427494, 77.48582523440015
promotion: 2.6027671992778778e-05, 0.004807673985823259, 3.2163099538895845
reason: 1.2423843145370483e-06, 0.004734816724400357, 8.011553818383275
store_returns: 36.877127600833774, 4.82009516426851, 6.332195307551526
store_sales: 288.85508783441037, 39.25100354355844, 67.94853468383957
web_returns: 11.326140539720654, 1.489782467137442, 8.449094955889121
web_sales: 109.34904180746526, 14.629406632279123, 68.39127916408702
Function: 111.00633778070214, 7.071547919371527, 10.54391860961914, 83.18521241552894, 9.80930398784995, 0.33680602075256605, 0.05954882758003474
hiya: 0b11000110011100011111100, 111.00633778070214
catalog_returns: 23.366260116919875, 3.0564447138926307, 6.915921023764122
catalog_sales: 217.0907397372648, 29.333998689167746, 53.85106058582801
customer: 0.6484093563631177, 0.09145344249443955, 25.3849583910847
customer_address: 0.18544994108378887, 0.031240270591985052, 18.151320720164765
customer_demographics: 0.012168197892606258, 0.007094719782175414, 11.808942759710252
date_dim: 0.0019952356815338135, 0.005567827472304409, 99.96649553661902
item: 0.005464168265461922, 0.006178291542427494, 77.48582523440015
promotion: 2.6027671992778778e-05, 0.004807673985823259, 3.2163099538895845
reason: 1.2423843145370483e-06, 0.004734816724400357, 8.011553818383275
store_returns: 36.877127600833774, 4.82009516426851, 6.332195307551526
store_sales: 288.85508783441037, 39.25100354355844, 67.94853468383957
web_returns: 11.326140539720654, 1.489782467137442, 8.449094955889121
web_sales: 109.34904180746526, 14.629406632279123, 68.39127916408702
catalog_returns: 23.366260116919875, 3.056348350226067, 6.916017387430687
catalog_sales: 217.0907397372648, 29.3331033957167, 52.74297271597153
customer: 0.6484093563631177, 0.09145076842068105, 25.38496106515846
customer_address: 0.18544994108378887, 0.031239505786825925, 18.151321484969927
customer_demographics: 0.012168197892606258, 0.007094669599897269, 8.58782518201712
date_dim: 0.0019952356815338135, 0.005567819243849151, 96.74537791697206
item: 0.005464168265461922, 0.006178269007914647, 74.26470762905925
reason: 1.2423843145370483e-06, 0.004734816719276699, 8.0115538183884
store_returns: 36.877127600833774, 4.819943081084887, 6.3323473907351495
store_sales: 288.85508783441037, 39.24981229022008, 65.83759147261004
web_returns: 11.326140539720654, 1.4897357575474195, 8.449141665479143
web_sales: 109.34904180746526, 14.628955671168912, 68.39173012519724
Function: 114.21981152547946, 6.934191769475941, 13.902392387390137, 83.18520926726512, 9.804509452180463, 0.3339698238365433, 0.05953882533124388
hiya: 0b11000110010100011111100, 114.21981152547946
catalog_returns: 23.366260116919875, 3.056348350226067, 6.916017387430687
catalog_sales: 217.0907397372648, 29.3331033957167, 52.74297271597153
customer: 0.6484093563631177, 0.09145076842068105, 25.38496106515846
customer_address: 0.18544994108378887, 0.031239505786825925, 18.151321484969927
customer_demographics: 0.012168197892606258, 0.007094669599897269, 8.58782518201712
date_dim: 0.0019952356815338135, 0.005567819243849151, 96.74537791697206
item: 0.005464168265461922, 0.006178269007914647, 74.26470762905925
reason: 1.2423843145370483e-06, 0.004734816719276699, 8.0115538183884
store_returns: 36.877127600833774, 4.819943081084887, 6.3323473907351495
store_sales: 288.85508783441037, 39.24981229022008, 65.83759147261004
web_returns: 11.326140539720654, 1.4897357575474195, 8.449141665479143
web_sales: 109.34904180746526, 14.628955671168912, 68.39173012519724
catalog_returns: 23.366260116919875, 3.055216008789483, -2.9733335159956846
catalog_sales: 217.0907397372648, 29.322583062600785, 42.96196816134801
customer: 0.6484093563631177, 0.09141934615719494, 25.384992487421947
customer_address: 0.18544994108378887, 0.03123051878370046, 18.15133047197305
customer_demographics: 0.012168197892606258, 0.007094079922532838, 8.587825771694485
date_dim: 0.0019952356815338135, 0.005567722553663103, 86.8548947687993
item: 0.005464168265461922, 0.0061780042114041025, 69.70017046957352
reason: 1.2423843145370483e-06, 0.004734816659070092, 6.749746591491523
store_sales: 288.85508783441037, 39.23581421849245, 54.79825742964118
web_returns: 11.326140539720654, 1.4891868867317424, -1.4407927085681345
web_sales: 109.34904180746526, 14.623656558239853, 58.60550435038689
catalog_sales: 217.0907397372648, 29.32008167970005, 42.96446954424874
customer: 0.6484093563631177, 0.09141187499523452, 25.2547232876265
customer_address: 0.18544994108378887, 0.031228381975321944, 18.021055937824023
customer_demographics: 0.012168197892606258, 0.007093939717003214, 8.587825911900014
date_dim: 0.0019952356815338135, 0.005567699563974907, 86.7246181208316
item: 0.005464168265461922, 0.006177941251661635, 69.70017053253326
reason: 1.2423843145370483e-06, 0.004734816644754978, 6.749746591505838
store_sales: 288.85508783441037, 39.23248594581544, 54.80158570231819
web_sales: 109.34904180746526, 14.622396606646708, 58.60676430198003
Function: 116.03080569524448, 5.603376572775842, 26.515774726867676, 74.52827841178814, 9.067794883261918, 0.26225588246109777, 0.0533252180897981
hiya: 0b10000100010100011111000, 116.03080569524448
catalog_sales: 217.0907397372648, 29.32008167970005, 42.96446954424874
customer: 0.6484093563631177, 0.09141187499523452, 25.2547232876265
customer_address: 0.18544994108378887, 0.031228381975321944, 18.021055937824023
customer_demographics: 0.012168197892606258, 0.007093939717003214, 8.587825911900014
date_dim: 0.0019952356815338135, 0.005567699563974907, 86.7246181208316
item: 0.005464168265461922, 0.006177941251661635, 69.70017053253326
reason: 1.2423843145370483e-06, 0.004734816644754978, 6.749746591505838
store_sales: 288.85508783441037, 39.23248594581544, 54.80158570231819
web_sales: 109.34904180746526, 14.622396606646708, 58.60676430198003
catalog_sales: 217.0907397372648, 29.318480022216228, 42.96607120173257
customer: 0.6484093563631177, 0.09140709114448411, 25.254728071477253
customer_address: 0.18544994108378887, 0.031227013758112997, 18.021057306041232
customer_demographics: 0.012168197892606258, 0.00709384994216877, 8.587826001674848
date_dim: 0.0019952356815338135, 0.0055676848434752435, 86.72461813555209
item: 0.005464168265461922, 0.006177900937984479, 69.70017057284694
store_sales: 288.85508783441037, 39.23035482353114, 48.0492354164519
web_sales: 109.34904180746526, 14.621589848553887, 58.60757106007285
Function: 122.77600645082175, 5.353797235687177, 33.519835472106934, 74.52827826151139, 9.063070216339428, 0.2577100471943709, 0.053315217982456094
hiya: 0b10000100000100011111000, 122.77600645082175
catalog_sales: 217.0907397372648, 29.318480022216228, 42.96607120173257
customer: 0.6484093563631177, 0.09140709114448411, 25.254728071477253
customer_address: 0.18544994108378887, 0.031227013758112997, 18.021057306041232
customer_demographics: 0.012168197892606258, 0.00709384994216877, 8.587826001674848
date_dim: 0.0019952356815338135, 0.0055676848434752435, 86.72461813555209
item: 0.005464168265461922, 0.006177900937984479, 69.70017057284694
store_sales: 288.85508783441037, 39.23035482353114, 48.0492354164519
web_sales: 109.34904180746526, 14.621589848553887, 58.60757106007285
catalog_sales: 217.0907397372648, 29.31625698948064, 34.37337438285114
customer: 0.6484093563631177, 0.09140045136230363, 16.659814859642413
customer_address: 0.18544994108378887, 0.031225114730589566, 9.426139353451735
date_dim: 0.0019952356815338135, 0.005567664412045323, 78.1296983043665
item: 0.005464168265461922, 0.0061778449843084195, 63.11300851980509
store_sales: 288.85508783441037, 39.227396916082505, 46.04443558127901
web_sales: 109.34904180746526, 14.620470102498215, 56.600933063507014
Function: 131.35751148987225, 5.006451576745114, 42.462100982666016, 74.52680641657463, 9.057452690943876, 0.25139565629246374, 0.05330416665015817
hiya: 0b10000100000100010111000, 131.35751148987225
catalog_sales: 217.0907397372648, 29.31625698948064, 34.37337438285114
customer: 0.6484093563631177, 0.09140045136230363, 16.659814859642413
customer_address: 0.18544994108378887, 0.031225114730589566, 9.426139353451735
date_dim: 0.0019952356815338135, 0.005567664412045323, 78.1296983043665
item: 0.005464168265461922, 0.0061778449843084195, 63.11300851980509
store_sales: 288.85508783441037, 39.227396916082505, 46.04443558127901
web_sales: 109.34904180746526, 14.620470102498215, 56.600933063507014
catalog_sales: 217.0907397372648, 29.314608284859453, 28.59684424514711
customer: 0.6484093563631177, 0.09139552699057063, 15.422474944452366
date_dim: 0.0019952356815338135, 0.005567649259145238, 68.67233385133706
item: 0.005464168265461922, 0.006177803486456041, 56.88425437619539
store_sales: 288.85508783441037, 39.225203194145124, 37.23394715233708
web_sales: 109.34904180746526, 14.619639646667773, 48.1304463218036
Function: 140.77879525705228, 4.75354707062324, 52.172369956970215, 74.50437470078437, 9.048583259233633, 0.24664212566558374, 0.05327814377524853
hiya: 0b10000100000100010011000, 140.77879525705228
catalog_sales: 217.0907397372648, 29.314608284859453, 28.59684424514711
customer: 0.6484093563631177, 0.09139552699057063, 15.422474944452366
date_dim: 0.0019952356815338135, 0.005567649259145238, 68.67233385133706
item: 0.005464168265461922, 0.006177803486456041, 56.88425437619539
store_sales: 288.85508783441037, 39.225203194145124, 37.23394715233708
web_sales: 109.34904180746526, 14.619639646667773, 48.1304463218036
catalog_sales: 217.0907397372648, 29.292418648597945, 17.808402993918904
date_dim: 0.0019952356815338135, 0.0055674453188293924, 53.15846358383444
item: 0.005464168265461922, 0.006177244973889227, 53.60283295543242
store_sales: 288.85508783441037, 39.19567826213241, 21.74960161290685
web_sales: 109.34904180746526, 14.608462682297073, 32.62775281473136
Function: 156.13775651410702, 1.2436367193122704, 71.19615077972412, 74.42594418572095, 9.0353225169456, 0.18349019119721177, 0.05321212120685876
hiya: 0b10000100000100010001000, 156.13775651410702
catalog_sales: 217.0907397372648, 29.292418648597945, 17.808402993918904
date_dim: 0.0019952356815338135, 0.0055674453188293924, 53.15846358383444
item: 0.005464168265461922, 0.006177244973889227, 53.60283295543242
store_sales: 288.85508783441037, 39.19567826213241, 21.74960161290685
web_sales: 109.34904180746526, 14.608462682297073, 32.62775281473136
date_dim: 0.0019952356815338135, 0.005567235249522734, 6.057642151386892
item: 0.005464168265461922, 0.006176669676419554, 8.190322554251635
store_sales: 288.85508783441037, 39.16526602131916, -23.185504083601565
web_sales: 109.34904180746526, 14.59694981812328, -12.43206207976192
date_dim: 0.0019952356815338135, 0.005566850943439036, -0.005566850943439036
date_dim had no query dependencies
item: 0.005464168265461922, 0.0061756172127300744, -0.0061756172127300744
item had no query dependencies
Function: 136.7197608947754, 0, 136.7197608947754, 0.0, 0, 0.0, 0
hiya: 0b0, 136.7197608947754
{100.96277364546029: [0, 2, 3, 4, 5, 6, 7, 8, 9, 10, 11, 12, 13, 14, 16, 17, 18, 19, 20, 21, 22, 23], 100.98129318501324: [0, 2, 3, 4, 5, 6, 7, 8, 10, 11, 12, 13, 14, 16, 17, 18, 19, 20, 21, 22, 23], 101.76397229450859: [0, 2, 3, 4, 5, 6, 7, 8, 10, 11, 12, 13, 14, 16, 17, 18, 19, 21, 22, 23], 102.61773502871829: [0, 2, 3, 4, 5, 6, 7, 10, 11, 12, 13, 14, 16, 17, 18, 19, 21, 22, 23], 102.93594634937035: [0, 2, 3, 4, 5, 6, 7, 11, 12, 13, 14, 16, 17, 18, 19, 21, 22, 23], 104.14107973125884: [0, 2, 3, 4, 5, 6, 7, 11, 12, 13, 14, 16, 17, 18, 19, 21, 22], 106.0152301578357: [0, 2, 3, 4, 5, 6, 7, 11, 12, 13, 16, 17, 18, 19, 21, 22], 106.68275274041419: [0, 2, 3, 4, 5, 6, 7, 11, 12, 13, 16, 17, 18, 21, 22], 108.42089142656295: [0, 2, 3, 4, 5, 6, 7, 11, 12, 13, 16, 17, 21, 22], 111.00633778070214: [2, 3, 4, 5, 6, 7, 11, 12, 13, 16, 17, 21, 22], 114.21981152547946: [2, 3, 4, 5, 6, 7, 11, 13, 16, 17, 21, 22], 116.03080569524448: [3, 4, 5, 6, 7, 11, 13, 17, 22], 122.77600645082175: [3, 4, 5, 6, 7, 11, 17, 22], 131.35751148987225: [3, 4, 5, 7, 11, 17, 22], 140.77879525705228: [3, 4, 7, 11, 17, 22], 156.13775651410702: [3, 7, 11, 17, 22], 136.7197608947754: []}
[0, 2, 3, 4, 5, 6, 7, 8, 9, 10, 11, 12, 13, 14, 16, 17, 18, 19, 20, 21, 22, 23]
{'45': 4196528, '10': 4325624, '37': 3208, '22': 527488, '75': 6490252, '38': 4325528, '32': 2184, '66': 4997256, '03': 133248, '99': 540809, '95': 14680224, '74': 4325520, '57': 2185, '51': 4325504, '44': 133120, '04': 4325528, '14': 4327560, '55': 133248, '97': 131208, '07': 137408, '35': 4325624, '87': 4325528, '91': 501, '02': 4194440, '21': 527488, '58': 4327560, '78': 6488204, '11': 4325520, '28': 131072, '06': 133296, '85': 7348448, '76': 4327560, '93': 204800, '49': 6488204, '09': 139264, '84': 66416, '40': 526476, '20': 2184, '83': 2164868, '31': 4325536, '62': 13123712, '39': 527488, '98': 133248, '56': 4327592, '72': 531916, '42': 133248, '16': 173, '69': 4325624, '60': 4327592, '15': 184, '82': 134272, '52': 133248, '12': 4196480, '33': 4327592, '18': 2296, '23': 4327576, '92': 4196480, '94': 14680224, '90': 5505280, '30': 2097328, '26': 6344, '86': 4196480, '81': 180, '71': 4589704}
Best Cost: $100.96277364546029;
[0, 2, 3, 4, 5, 6, 7, 8, 9, 10, 11, 12, 13, 14, 16, 17, 18, 19, 20, 21, 22, 23]
{}
{'45': 4196528, '10': 4325624, '37': 3208, '22': 527488, '75': 6490252, '38': 4325528, '32': 2184, '66': 4997256, '03': 133248, '99': 540809, '95': 14680224, '74': 4325520, '57': 2185, '51': 4325504, '44': 133120, '04': 4325528, '14': 4327560, '55': 133248, '97': 131208, '07': 137408, '35': 4325624, '87': 4325528, '91': 501, '02': 4194440, '21': 527488, '58': 4327560, '78': 6488204, '11': 4325520, '28': 131072, '06': 133296, '85': 7348448, '76': 4327560, '93': 204800, '49': 6488204, '09': 139264, '84': 66416, '40': 526476, '20': 2184, '83': 2164868, '31': 4325536, '62': 13123712, '39': 527488, '98': 133248, '56': 4327592, '72': 531916, '42': 133248, '16': 173, '69': 4325624, '60': 4327592, '15': 184, '82': 134272, '52': 133248, '12': 4196480, '33': 4327592, '18': 2296, '23': 4327576, '92': 4196480, '94': 14680224, '90': 5505280, '30': 2097328, '26': 6344, '86': 4196480, '81': 180, '71': 4589704}
{'45': 4196528, '10': 4325624, '37': 3208, '22': 527488, '75': 6490252, '38': 4325528, '32': 2184, '66': 4997256, '03': 133248, '99': 540809, '95': 14680224, '74': 4325520, '57': 2185, '51': 4325504, '44': 133120, '04': 4325528, '14': 4327560, '55': 133248, '97': 131208, '07': 137408, '35': 4325624, '87': 4325528, '91': 501, '02': 4194440, '21': 527488, '58': 4327560, '78': 6488204, '11': 4325520, '28': 131072, '06': 133296, '85': 7348448, '76': 4327560, '93': 204800, '49': 6488204, '09': 139264, '84': 66416, '40': 526476, '20': 2184, '83': 2164868, '31': 4325536, '62': 13123712, '39': 527488, '98': 133248, '56': 4327592, '72': 531916, '42': 133248, '16': 173, '69': 4325624, '60': 4327592, '15': 184, '82': 134272, '52': 133248, '12': 4196480, '33': 4327592, '18': 2296, '23': 4327576, '92': 4196480, '94': 14680224, '90': 5505280, '30': 2097328, '26': 6344, '86': 4196480, '81': 180, '71': 4589704}
[0, 2, 3, 4, 5, 6, 7, 8, 9, 10, 11, 12, 13, 14, 16, 17, 18, 19, 20, 21, 22, 23]
22
Optimal Subset: 0b111111110111111111111101
Function: 100.96277364546029, 7.50232401776791, 4.76837158203125e-05, 83.2152451646768, 9.839370841948984, 0.3461256575114786, 0.059660279839295165
100.96277364546029
Real: 100.96277364546029, 7.50232401776791, 4.76837158203125e-05, 83.2152451646768, 9.839370841948984, 0.3461256575114786, 0.059660279839295165
Num Redshift Qs: 64; Num GCP Qs: 1
Redshift Qs: $7.50232401776791; GCP Qs: $4.76837158203125e-05; Movement Cost: $83.2152451646768
Load Cost: $9.839370841948984, Storage Cost: $0.3461256575114786, API Cost: $0.059660279839295165
Final cost: $100.96277364546029, BQ Baseline: $136.7197608947754, Diff: $35.7569872493151, %: 26.1534887241611%
