Egress: $0.12/GB
Benchmark: tpcds
Data Path: parquet_2000/real_data_rs1
BigQuery Cost: $5/TB; DuckDB Cost: $1.48/hr; Redshift Cost: $1.086/hr
Use Duck: False
Excluded Table: item
Excluded Query: None

Starting analysis without using DuckDB
Redshift Total: $7.021961188234488, Redshift-Calcite Total: $5.6056170575960484, BigQuery Total: $93.05500507354736
Excluding table item and any queries that depend on it
Total Keys: 47, Keys Considered: 47
call_center: 5.735084414482117e-06, 0.005376688165430052, 1.6226222536216541
catalog_page: 0.0006659524515271187, 0.005071345113330881, 7.406612546042786
catalog_returns: 23.366260116919875, 3.055315524158663, 17.876990728475466
catalog_sales: 217.0907397372648, 29.323507637821738, 4.972149667316774
customer: 0.6484093563631177, 0.0914221076901127, 23.886305902885653
customer_address: 0.18544994108378887, 0.031231308602835357, 17.265667827349954
customer_demographics: 0.012168197892606258, 0.007094131746089517, 6.870042097922767
date_dim: 0.0019952356815338135, 0.005567731051240997, 66.03220472984971
household_demographics: 3.512948751449585e-05, 0.004389716649245995, 16.48348954093477
income_band: 6.137415766716003e-07, 0.0034144214582374132, 0.018607630533781602
inventory: 0.24701470416039228, 0.03763385693467371, -0.03763385693467371
inventory had no query dependencies
promotion: 2.6027671992778778e-05, 0.004807672728019063, -0.004807672728019063
promotion had no query dependencies
reason: 1.2423843145370483e-06, 0.004734816664361326, 8.48890963646183
ship_mode: 1.5795230865478516e-06, 0.004709163980118302, 2.126396294148731
store: 2.3781321942806244e-05, 0.005282361140436805, 41.046778204609375
store_returns: 36.877127600833774, 4.818313053066429, 17.384190256515645
store_sales: 288.85508783441037, 39.23704443336472, 41.81930859918689
time_dim: 0.0012104213237762451, 0.0019425481470409, 6.964094726336401
warehouse: 2.3292377591133118e-06, 0.00044575787312796405, 2.1306597002557215
web_page: 1.0661780834197998e-05, 0.001554373192404814, 7.773221316782618
web_returns: 11.326140539720654, 1.4892351240213877, 19.72151526835718
web_sales: 109.34904180746526, 14.624122268636402, 27.410589625334165
web_site: 8.863396942615509e-06, 0.0006161843730987746, 8.620096533345185
call_center: 5.735084414482117e-06, 0.0053766881633259015, 1.6226222536237582
catalog_page: 0.0006659524515271187, 0.005071344868999018, 7.406612546287118
catalog_returns: 23.366260116919875, 3.055306951291588, 17.87699930134254
catalog_sales: 217.0907397372648, 29.323427989215343, 4.972229315923169
customer: 0.6484093563631177, 0.09142186979465172, 23.886306140781116
customer_address: 0.18544994108378887, 0.03123124056294853, 17.26566789538984
customer_demographics: 0.012168197892606258, 0.007094127281689028, 6.870042102387168
date_dim: 0.0019952356815338135, 0.005567730319207279, 66.03220473058174
household_demographics: 3.512948751449585e-05, 0.004389716636357307, 16.48348954094766
income_band: 6.137415766716003e-07, 0.003414421458012237, 0.01860763053400678
reason: 1.2423843145370483e-06, 0.004734816663905506, 8.488909636462287
ship_mode: 1.5795230865478516e-06, 0.004709163979538789, 2.1263962941493104
store: 2.3781321942806244e-05, 0.005282361131711656, 41.0467782046181
store_returns: 36.877127600833774, 4.818299523185677, 17.384203786396398
store_sales: 288.85508783441037, 39.23693845507554, 41.819414577476074
time_dim: 0.0012104213237762451, 0.0019425477029483896, 6.964094726780494
warehouse: 2.3292377591133118e-06, 0.00044575787227338804, 2.130659700256576
web_page: 1.0661780834197998e-05, 0.001554373188493104, 7.77322131678653
web_returns: 11.326140539720654, 1.489230968564039, 19.721519423814527
web_sales: 109.34904180746526, 14.624082149473322, 27.410629744497243
web_site: 8.863396942615509e-06, 0.0006161843698468753, 8.620096533348438
{}
{}
STARTING PHASE 2: 0b111111111110001111111111
----
[0, 1, 2, 3, 4, 5, 6, 7, 8, 9, 13, 14, 15, 16, 17, 18, 19, 20, 21, 22, 23]
Function: 98.75021577566501, 5.371017774299783, 0, 83.18478602185014, 9.83146572379112, 0.30331773271504775, 0.05962852300892473
call_center: 5.735084414482117e-06, 0.0053766881633259015, 1.6226222536237582
catalog_page: 0.0006659524515271187, 0.005071344868999018, 7.406612546287118
catalog_returns: 23.366260116919875, 3.055306951291588, 17.87699930134254
catalog_sales: 217.0907397372648, 29.323427989215343, 4.972229315923169
customer: 0.6484093563631177, 0.09142186979465172, 23.886306140781116
customer_address: 0.18544994108378887, 0.03123124056294853, 17.26566789538984
customer_demographics: 0.012168197892606258, 0.007094127281689028, 6.870042102387168
date_dim: 0.0019952356815338135, 0.005567730319207279, 66.03220473058174
household_demographics: 3.512948751449585e-05, 0.004389716636357307, 16.48348954094766
income_band: 6.137415766716003e-07, 0.003414421458012237, 0.01860763053400678
reason: 1.2423843145370483e-06, 0.004734816663905506, 8.488909636462287
ship_mode: 1.5795230865478516e-06, 0.004709163979538789, 2.1263962941493104
store: 2.3781321942806244e-05, 0.005282361131711656, 41.0467782046181
store_returns: 36.877127600833774, 4.818299523185677, 17.384203786396398
store_sales: 288.85508783441037, 39.23693845507554, 41.819414577476074
time_dim: 0.0012104213237762451, 0.0019425477029483896, 6.964094726780494
warehouse: 2.3292377591133118e-06, 0.00044575787227338804, 2.130659700256576
web_page: 1.0661780834197998e-05, 0.001554373188493104, 7.77322131678653
web_returns: 11.326140539720654, 1.489230968564039, 19.721519423814527
web_sales: 109.34904180746526, 14.624082149473322, 27.410629744497243
web_site: 8.863396942615509e-06, 0.0006161843698468753, 8.620096533348438
call_center: 5.735084414482117e-06, 0.005376688162591555, 1.6226222536244925
catalog_page: 0.0006659524515271187, 0.005071344783727405, 7.406612546372389
catalog_returns: 23.366260116919875, 3.0553039593682345, 17.877002293265893
catalog_sales: 217.0907397372648, 29.32340019191912, 4.972257113219392
customer: 0.6484093563631177, 0.09142178676933717, 23.86428417181441
customer_address: 0.18544994108378887, 0.03123121681708561, 17.243645867143684
customer_demographics: 0.012168197892606258, 0.007094125723617037, 6.848020051953221
date_dim: 0.0019952356815338135, 0.00556773006372813, 66.03220473083722
household_demographics: 3.512948751449585e-05, 0.004389716631859166, 16.461467488960135
reason: 1.2423843145370483e-06, 0.004734816663746426, 8.488909636462445
ship_mode: 1.5795230865478516e-06, 0.0047091639793365395, 2.126396294149513
store: 2.3781321942806244e-05, 0.005282361128666586, 41.04677820462115
store_returns: 36.877127600833774, 4.8182948012687445, 17.362186456321307
store_sales: 288.85508783441037, 39.2369014687423, 41.81945156380931
time_dim: 0.0012104213237762451, 0.0019425475479604793, 6.964094726935482
warehouse: 2.3292377591133118e-06, 0.0004457578719751417, 2.1306597002568743
web_page: 1.0661780834197998e-05, 0.0015543731871279208, 7.773221316787895
web_returns: 11.326140539720654, 1.4892295183129411, 19.721520874065625
web_sales: 109.34904180746526, 14.624068147919361, 27.410643746051207
web_site: 8.863396942615509e-06, 0.0006161843687119652, 8.620096533349573
Function: 98.76873534749961, 5.370008591550591, 0.023031234741210938, 83.18478594761298, 9.828061376305817, 0.3032296743331288, 0.05961852295589746
hiya: 0b111111111110000111111111, 98.76873534749961
call_center: 5.735084414482117e-06, 0.005376688162591555, 1.6226222536244925
catalog_page: 0.0006659524515271187, 0.005071344783727405, 7.406612546372389
catalog_returns: 23.366260116919875, 3.0553039593682345, 17.877002293265893
catalog_sales: 217.0907397372648, 29.32340019191912, 4.972257113219392
customer: 0.6484093563631177, 0.09142178676933717, 23.86428417181441
customer_address: 0.18544994108378887, 0.03123121681708561, 17.243645867143684
customer_demographics: 0.012168197892606258, 0.007094125723617037, 6.848020051953221
date_dim: 0.0019952356815338135, 0.00556773006372813, 66.03220473083722
household_demographics: 3.512948751449585e-05, 0.004389716631859166, 16.461467488960135
reason: 1.2423843145370483e-06, 0.004734816663746426, 8.488909636462445
ship_mode: 1.5795230865478516e-06, 0.0047091639793365395, 2.126396294149513
store: 2.3781321942806244e-05, 0.005282361128666586, 41.04677820462115
store_returns: 36.877127600833774, 4.8182948012687445, 17.362186456321307
store_sales: 288.85508783441037, 39.2369014687423, 41.81945156380931
time_dim: 0.0012104213237762451, 0.0019425475479604793, 6.964094726935482
warehouse: 2.3292377591133118e-06, 0.0004457578719751417, 2.1306597002568743
web_page: 1.0661780834197998e-05, 0.0015543731871279208, 7.773221316787895
web_returns: 11.326140539720654, 1.4892295183129411, 19.721520874065625
web_sales: 109.34904180746526, 14.624068147919361, 27.410643746051207
web_site: 8.863396942615509e-06, 0.0006161843687119652, 8.620096533349573
catalog_page: 0.0006659524515271187, 0.0050713443176361546, 7.406612546838481
catalog_returns: 23.366260116919875, 3.0552876056339957, 16.753701945231096
catalog_sales: 217.0907397372648, 29.32324825300183, 3.397808600007238
customer: 0.6484093563631177, 0.09142133295626487, 23.81088613596984
customer_address: 0.18544994108378887, 0.031231087023141868, 16.120329295168595
customer_demographics: 0.012168197892606258, 0.007094117207257401, 6.794621570811939
date_dim: 0.0019952356815338135, 0.005567728667289252, 64.40420579044657
household_demographics: 3.512948751449585e-05, 0.004389716607272506, 16.408068999327085
reason: 1.2423843145370483e-06, 0.004734816662876898, 8.488909636463315
ship_mode: 1.5795230865478516e-06, 0.004709163978231053, 1.6217140541325685
store: 2.3781321942806244e-05, 0.005282361112022355, 41.04677820463779
store_returns: 36.877127600833774, 4.818268991458306, 17.362212266131746
store_sales: 288.85508783441037, 39.236699302913614, 41.819653729638
time_dim: 0.0012104213237762451, 0.0019425467008027165, 6.96409472778264
warehouse: 2.3292377591133118e-06, 0.0004457578703449392, 1.6259774602404546
web_page: 1.0661780834197998e-05, 0.0015543731796658824, 7.773221316795357
web_returns: 11.326140539720654, 1.489221591298031, 19.721528801080538
web_sales: 109.34904180746526, 14.62399161598143, 27.410720277989135
web_site: 8.863396942615509e-06, 0.0006161843625085918, 8.620096533355776
Function: 100.39087627349294, 5.351250407483183, 1.6697883605957031, 83.18478525390674, 9.822695379377603, 0.3027483496693246, 0.05960852246038618
hiya: 0b111111111110000111111110, 100.39087627349294
catalog_page: 0.0006659524515271187, 0.0050713443176361546, 7.406612546838481
catalog_returns: 23.366260116919875, 3.0552876056339957, 16.753701945231096
catalog_sales: 217.0907397372648, 29.32324825300183, 3.397808600007238
customer: 0.6484093563631177, 0.09142133295626487, 23.81088613596984
customer_address: 0.18544994108378887, 0.031231087023141868, 16.120329295168595
customer_demographics: 0.012168197892606258, 0.007094117207257401, 6.794621570811939
date_dim: 0.0019952356815338135, 0.005567728667289252, 64.40420579044657
household_demographics: 3.512948751449585e-05, 0.004389716607272506, 16.408068999327085
reason: 1.2423843145370483e-06, 0.004734816662876898, 8.488909636463315
ship_mode: 1.5795230865478516e-06, 0.004709163978231053, 1.6217140541325685
store: 2.3781321942806244e-05, 0.005282361112022355, 41.04677820463779
store_returns: 36.877127600833774, 4.818268991458306, 17.362212266131746
store_sales: 288.85508783441037, 39.236699302913614, 41.819653729638
time_dim: 0.0012104213237762451, 0.0019425467008027165, 6.96409472778264
warehouse: 2.3292377591133118e-06, 0.0004457578703449392, 1.6259774602404546
web_page: 1.0661780834197998e-05, 0.0015543731796658824, 7.773221316795357
web_returns: 11.326140539720654, 1.489221591298031, 19.721528801080538
web_sales: 109.34904180746526, 14.62399161598143, 27.410720277989135
web_site: 8.863396942615509e-06, 0.0006161843625085918, 8.620096533355776
catalog_page: 0.0006659524515271187, 0.005071343355479029, 7.406612547800638
catalog_returns: 23.366260116919875, 3.0552538464465155, 16.753735704418578
catalog_sales: 217.0907397372648, 29.322934603879276, 2.022834519456005
customer: 0.6484093563631177, 0.09142039614511427, 23.810887072780993
customer_address: 0.18544994108378887, 0.03123081908812369, 16.120329563103613
customer_demographics: 0.012168197892606258, 0.007094099626845649, 6.794621588392351
date_dim: 0.0019952356815338135, 0.005567725784605626, 62.777782575218446
household_demographics: 3.512948751449585e-05, 0.004389716556518001, 16.40806899937784
reason: 1.2423843145370483e-06, 0.004734816661081921, 8.48890963646511
store: 2.3781321942806244e-05, 0.005282361077663493, 41.04677820467215
store_returns: 36.877127600833774, 4.818215711992179, 17.36226554559787
store_sales: 288.85508783441037, 39.236281969843795, 41.82007106270782
time_dim: 0.0012104213237762451, 0.0019425449520059387, 5.5888069998576535
warehouse: 2.3292377591133118e-06, 0.0004457578669796949, -0.0004457578669796949
warehouse had no query dependencies
web_page: 1.0661780834197998e-05, 0.0015543731642619172, 7.773221316810761
web_returns: 11.326140539720654, 1.4892052274768637, 19.721545164901706
web_sales: 109.34904180746526, 14.623833630288184, 25.784455045571583
web_site: 8.863396942615509e-06, 0.000616184349702902, 8.368961044931565
catalog_page: 0.0006659524515271187, 0.005071343347065393, 7.406612547809051
catalog_returns: 23.366260116919875, 3.055253551237433, 16.753735999627658
catalog_sales: 217.0907397372648, 29.322931861157173, 2.0228372621781077
customer: 0.6484093563631177, 0.09142038795311734, 23.81088708097299
customer_address: 0.18544994108378887, 0.0312308167451511, 16.120329565446585
customer_demographics: 0.012168197892606258, 0.0070940994731127655, 6.794621588546084
date_dim: 0.0019952356815338135, 0.005567725759397839, 62.777782575243656
household_demographics: 3.512948751449585e-05, 0.0043897165560741755, 16.408068999378283
reason: 1.2423843145370483e-06, 0.0047348166610662245, 8.488909636465126
store: 2.3781321942806244e-05, 0.005282361077363041, 41.04677820467245
store_returns: 36.877127600833774, 4.8182152460869405, 17.362266011503113
store_sales: 288.85508783441037, 39.23627832045168, 41.82007471209993
time_dim: 0.0012104213237762451, 0.0019425449367134885, 5.588806999872946
web_page: 1.0661780834197998e-05, 0.0015543731641272163, 7.773221316810895
web_returns: 11.326140539720654, 1.4892050843825242, 19.721545307996045
web_sales: 109.34904180746526, 14.62383224877355, 25.784456427086216
web_site: 8.863396942615509e-06, 0.000616184349590922, 8.368961044931677
Function: 102.01114227903739, 5.30614957774242, 3.3413124084472656, 83.18478478110954, 9.817560928638775, 0.3017460609767312, 0.059588522122669234
hiya: 0b111101111010000111111110, 102.01114227903739
catalog_page: 0.0006659524515271187, 0.005071343347065393, 7.406612547809051
catalog_returns: 23.366260116919875, 3.055253551237433, 16.753735999627658
catalog_sales: 217.0907397372648, 29.322931861157173, 2.0228372621781077
customer: 0.6484093563631177, 0.09142038795311734, 23.81088708097299
customer_address: 0.18544994108378887, 0.0312308167451511, 16.120329565446585
customer_demographics: 0.012168197892606258, 0.0070940994731127655, 6.794621588546084
date_dim: 0.0019952356815338135, 0.005567725759397839, 62.777782575243656
household_demographics: 3.512948751449585e-05, 0.0043897165560741755, 16.408068999378283
reason: 1.2423843145370483e-06, 0.0047348166610662245, 8.488909636465126
store: 2.3781321942806244e-05, 0.005282361077363041, 41.04677820467245
store_returns: 36.877127600833774, 4.8182152460869405, 17.362266011503113
store_sales: 288.85508783441037, 39.23627832045168, 41.82007471209993
time_dim: 0.0012104213237762451, 0.0019425449367134885, 5.588806999872946
web_page: 1.0661780834197998e-05, 0.0015543731641272163, 7.773221316810895
web_returns: 11.326140539720654, 1.4892050843825242, 19.721545307996045
web_sales: 109.34904180746526, 14.62383224877355, 25.784456427086216
web_site: 8.863396942615509e-06, 0.000616184349590922, 8.368961044931677
catalog_page: 0.0006659524515271187, 0.005071231247875536, -0.005071231247875536
catalog_page had no query dependencies
catalog_returns: 23.366260116919875, 3.051320329243755, -2.9694378364499565
customer: 0.6484093563631177, 0.09131124177702443, 13.880644827923692
customer_address: 0.18544994108378887, 0.031199600119839768, 13.719218291060676
customer_demographics: 0.012168197892606258, 0.007092051211074462, 4.7868658941866205
date_dim: 0.0019952356815338135, 0.005567389903132184, 31.43201378776465
household_demographics: 3.512948751449585e-05, 0.00438971064275847, 16.408069005291598
reason: 1.2423843145370483e-06, 0.004734816451936767, 8.488909636674256
store: 2.3781321942806244e-05, 0.005282357074274055, 26.645616971184957
store_returns: 36.877127600833774, 4.812007751664749, -2.3586335521459887
store_sales: 288.85508783441037, 39.18765559782636, 11.813373303471678
time_dim: 0.0012104213237762451, 0.00194234118755772, 5.5888072036221015
web_page: 1.0661780834197998e-05, 0.0015543713694390353, 0.7837439722711268
web_returns: 11.326140539720654, 1.4872985651170787, -0.0036552308098054542
web_sales: 109.34904180746526, 14.605425620837687, -4.3582708975768885
web_site: 8.863396942615509e-06, 0.000616182857623118, 0.9572771552675263
customer: 0.6484093563631177, 0.09125109353582635, 8.859912011253034
customer_address: 0.18544994108378887, 0.03118239727155108, 9.318484132122837
customer_demographics: 0.012168197892606258, 0.007090922455459497, 4.309511204923719
date_dim: 0.0019952356815338135, 0.005567204819564463, 20.170958131690377
household_demographics: 3.512948751449585e-05, 0.004389707384050268, 16.100126482928257
reason: 1.2423843145370483e-06, 0.004734816336689769, 6.749746591813904
store: 2.3781321942806244e-05, 0.005282354868253006, 25.454050000829298
store_sales: 288.85508783441037, 39.160860602776, 1.070107767509434
time_dim: 0.0012104213237762451, 0.0019422289055355385, 5.280864790282074
web_page: 1.0661780834197998e-05, 0.0015543703804228235, -0.0015543703804228235
web_page had no query dependencies
web_site: 8.863396942615509e-06, 0.0006161820354299588, -0.0006161820354299588
web_site had no query dependencies
customer: 0.6484093563631177, 0.09125105312478957, 8.85991205166407
customer_address: 0.18544994108378887, 0.03118238571369135, 9.318484143680697
customer_demographics: 0.012168197892606258, 0.007090921697096762, 4.309511205682082
date_dim: 0.0019952356815338135, 0.005567204695214711, 20.170958131814725
household_demographics: 3.512948751449585e-05, 0.004389707381860881, 16.100126482930445
reason: 1.2423843145370483e-06, 0.00473481633661234, 6.749746591813981
store: 2.3781321942806244e-05, 0.005282354866770875, 25.45405000083078
store_sales: 288.85508783441037, 39.160842600362145, 1.070125769923287
time_dim: 0.0012104213237762451, 0.0019422288300980388, 5.280864790357512
Function: 92.41395334152935, 1.650883779677947, 51.173152923583984, 35.04215910205299, 4.471182003868023, 0.05145507381589542, 0.025120458530491593
hiya: 0b1101010000111110000, 92.41395334152935
customer: 0.6484093563631177, 0.09125105312478957, 8.85991205166407
customer_address: 0.18544994108378887, 0.03118238571369135, 9.318484143680697
customer_demographics: 0.012168197892606258, 0.007090921697096762, 4.309511205682082
date_dim: 0.0019952356815338135, 0.005567204695214711, 20.170958131814725
household_demographics: 3.512948751449585e-05, 0.004389707381860881, 16.100126482930445
reason: 1.2423843145370483e-06, 0.00473481633661234, 6.749746591813981
store: 2.3781321942806244e-05, 0.005282354866770875, 25.45405000083078
store_sales: 288.85508783441037, 39.160842600362145, 1.070125769923287
time_dim: 0.0012104213237762451, 0.0019422288300980388, 5.280864790357512
customer: 0.6484093563631177, 0.09113681354770532, -0.09113681354770532
customer had no query dependencies
customer_address: 0.18544994108378887, 0.031149712337479537, -0.031149712337479537
customer_address had no query dependencies
customer_demographics: 0.012168197892606258, 0.00708877785113358, -0.00708877785113358
customer_demographics had no query dependencies
date_dim: 0.0019952356815338135, 0.005566853165925065, -0.005566853165925065
date_dim had no query dependencies
household_demographics: 3.512948751449585e-05, 0.004389701192595168, -0.004389701192595168
household_demographics had no query dependencies
reason: 1.2423843145370483e-06, 0.004734816117723675, -0.004734816117723675
reason had no query dependencies
store: 2.3781321942806244e-05, 0.005282350676874269, -0.005282350676874269
store had no query dependencies
time_dim: 0.0012104213237762451, 0.0019420155728111644, -0.0019420155728111644
time_dim had no query dependencies
Function: 93.05500507354736, 0, 93.05500507354736, 0.0, 0, 0.0, 0
hiya: 0b0, 93.05500507354736
{98.75021577566501: [0, 1, 2, 3, 4, 5, 6, 7, 8, 9, 13, 14, 15, 16, 17, 18, 19, 20, 21, 22, 23], 98.76873534749961: [0, 1, 2, 3, 4, 5, 6, 7, 8, 13, 14, 15, 16, 17, 18, 19, 20, 21, 22, 23], 100.39087627349294: [1, 2, 3, 4, 5, 6, 7, 8, 13, 14, 15, 16, 17, 18, 19, 20, 21, 22, 23], 102.01114227903739: [1, 2, 3, 4, 5, 6, 7, 8, 13, 15, 16, 17, 18, 20, 21, 22, 23], 92.41395334152935: [4, 5, 6, 7, 8, 13, 15, 17, 18], 93.05500507354736: []}
[4, 5, 6, 7, 8, 13, 15, 17, 18]
{'28': 131072, '88': 426240, '08': 164016, '96': 426240, '46': 164272, '59': 163968, '09': 139264, '13': 164320, '73': 164240, '43': 163968, '79': 164240, '34': 164240, '70': 163968, '48': 164064, '68': 164272}
Best Cost: $92.41395334152935;
[4, 5, 6, 7, 8, 13, 15, 17, 18]
{}
{'28': 131072, '88': 426240, '08': 164016, '96': 426240, '46': 164272, '59': 163968, '09': 139264, '13': 164320, '73': 164240, '43': 163968, '79': 164240, '34': 164240, '70': 163968, '48': 164064, '68': 164272}
{'28': 131072, '88': 426240, '08': 164016, '96': 426240, '46': 164272, '59': 163968, '09': 139264, '13': 164320, '73': 164240, '43': 163968, '79': 164240, '34': 164240, '70': 163968, '48': 164064, '68': 164272}
[4, 5, 6, 7, 8, 13, 15, 17, 18]
9
Optimal Subset: 0b1101010000111110000
Function: 92.41395334152935, 1.650883779677947, 51.173152923583984, 35.04215910205299, 4.471182003868023, 0.05145507381589542, 0.025120458530491593
92.41395334152935
Real: 92.41395334152935, 1.650883779677947, 51.173152923583984, 35.04215910205299, 4.471182003868023, 0.05145507381589542, 0.025120458530491593
Num Redshift Qs: 15; Num GCP Qs: 32
Redshift Qs: $1.650883779677947; GCP Qs: $51.173152923583984; Movement Cost: $35.04215910205299
Load Cost: $4.471182003868023, Storage Cost: $0.05145507381589542, API Cost: $0.025120458530491593
Final cost: $92.41395334152935, BQ Baseline: $93.05500507354736, Diff: $0.6410517320180134, %: 0.6888954887610278%
