Egress: $0.12/GB
Benchmark: tpcds
Data Path: parquet_2000/real_data_rs1
BigQuery Cost: $5/TB; DuckDB Cost: $1.48/hr; Redshift Cost: $1.086/hr
Use Duck: False
Excluded Table: store_returns
Excluded Query: None

Starting analysis without using DuckDB
Redshift Total: $11.7615904857866, Redshift-Calcite Total: $10.190614860570033, BigQuery Total: $185.66169261932373
Excluding table store_returns and any queries that depend on it
Total Keys: 83, Keys Considered: 82
-0.023655475792777995
call_center: 5.735084414482117e-06, 0.005376688859077825, 3.1445420723001036
catalog_page: 0.0006659524515271187, 0.005071425659038982, -0.005071425659038982
catalog_page had no query dependencies
catalog_returns: 23.366260116919875, 3.05814162978001, -0.379009473111108
catalog_sales: 217.0907397372648, 29.34976435827439, 53.07556663248117
customer: 0.6484093563631177, 0.09150053159354365, 39.39287225464464
customer_address: 0.18544994108378887, 0.03125373842764912, 35.06293899784873
customer_demographics: 0.012168197892606258, 0.007095603466950874, 23.841233678517614
date_dim: 0.0019952356815338135, 0.005567972371278833, 152.28688750081804
household_demographics: 3.512948751449585e-05, 0.00438972089809205, 17.267421637188573
income_band: 6.137415766716003e-07, 0.0034144215324683133, -0.0034144215324683133
income_band had no query dependencies
inventory: 0.24701470416039228, 0.037663732902864164, 1.1247299584334498
item: 0.005464168265461922, 0.006178688363908321, 110.26596611470592
promotion: 2.6027671992778778e-05, 0.004807675876017492, 6.643559689444903
reason: 1.2423843145370483e-06, 0.004734816814625393, 7.227102409354484
ship_mode: 1.5795230865478516e-06, 0.004709164171158676, 2.126396293957691
store: 2.3781321942806244e-05, 0.005282364016743381, 57.70526975923899
store_sales: 288.85508783441037, 39.271980917996785, 116.53404058959424
time_dim: 0.0012104213237762451, 0.0019426945452445579, 8.705261193469708
warehouse: 2.3292377591133118e-06, 0.0004457581548449308, 3.646723649287566
web_page: 1.0661780834197998e-05, 0.0015543744819273393, 0.7837439691586385
web_returns: 11.326140539720654, 1.4906049996149704, -0.006961665307697151
web_sales: 109.34904180746526, 14.637347831486197, 64.94127172370304
web_site: 8.863396942615509e-06, 0.0006161854451101191, 1.2084126411170562
-0.023650588855844163
call_center: 5.735084414482117e-06, 0.005376688748941908, 2.0212253706412056
catalog_sales: 217.0907397372648, 29.34559537208029, 50.535884444457814
customer: 0.6484093563631177, 0.09148807961305812, 39.20920954601008
customer_address: 0.18544994108378887, 0.03125017706780019, 32.37410003033848
customer_demographics: 0.012168197892606258, 0.0070953697902446135, 22.504525452023493
date_dim: 0.0019952356815338135, 0.005567934054996801, 148.12411204815814
household_demographics: 3.512948751449585e-05, 0.004389720223469316, 16.408068995710888
inventory: 0.24701470416039228, 0.03765898926021672, 0.3187805495814282
item: 0.005464168265461922, 0.006178583430634389, 108.79203325753312
promotion: 2.6027671992778778e-05, 0.004807675376185001, 5.8376055374500675
reason: 1.2423843145370483e-06, 0.004734816790766785, 6.749746591359827
ship_mode: 1.5795230865478516e-06, 0.004709164140825692, 2.1263962939880234
store: 2.3781321942806244e-05, 0.005282363560049544, 57.70526975969568
store_sales: 288.85508783441037, 39.2664337773185, 116.53958773027253
time_dim: 0.0012104213237762451, 0.0019426713004493446, 8.705261216714502
warehouse: 2.3292377591133118e-06, 0.0004457581101145104, 2.172790687226227
web_page: 1.0661780834197998e-05, 0.001554374277179697, 0.3063881513448703
web_sales: 109.34904180746526, 14.63524790476346, 63.508122494282105
web_site: 8.863396942615509e-06, 0.0006161852748984393, 0.2505193031621184
{}
{}
STARTING PHASE 2: 0b110111101111110111111001
----
[0, 3, 4, 5, 6, 7, 8, 10, 11, 12, 13, 14, 15, 17, 18, 19, 20, 22, 23]
Function: 98.12192842380239, 9.6175998766466, 4.453239440917969, 74.55831711151171, 9.104521420374711, 0.3348038997518628, 0.05344667459952833
-0.023650588855844163
call_center: 5.735084414482117e-06, 0.005376688748941908, 2.0212253706412056
catalog_sales: 217.0907397372648, 29.34559537208029, 50.535884444457814
customer: 0.6484093563631177, 0.09148807961305812, 39.20920954601008
customer_address: 0.18544994108378887, 0.03125017706780019, 32.37410003033848
customer_demographics: 0.012168197892606258, 0.0070953697902446135, 22.504525452023493
date_dim: 0.0019952356815338135, 0.005567934054996801, 148.12411204815814
household_demographics: 3.512948751449585e-05, 0.004389720223469316, 16.408068995710888
inventory: 0.24701470416039228, 0.03765898926021672, 0.3187805495814282
item: 0.005464168265461922, 0.006178583430634389, 108.79203325753312
promotion: 2.6027671992778778e-05, 0.004807675376185001, 5.8376055374500675
reason: 1.2423843145370483e-06, 0.004734816790766785, 6.749746591359827
ship_mode: 1.5795230865478516e-06, 0.004709164140825692, 2.1263962939880234
store: 2.3781321942806244e-05, 0.005282363560049544, 57.70526975969568
store_sales: 288.85508783441037, 39.2664337773185, 116.53958773027253
time_dim: 0.0012104213237762451, 0.0019426713004493446, 8.705261216714502
warehouse: 2.3292377591133118e-06, 0.0004457581101145104, 2.172790687226227
web_page: 1.0661780834197998e-05, 0.001554374277179697, 0.3063881513448703
web_sales: 109.34904180746526, 14.63524790476346, 63.508122494282105
web_site: 8.863396942615509e-06, 0.0006161852748984393, 0.2505193031621184
-0.02365050514153247
call_center: 5.735084414482117e-06, 0.005376688747055255, 2.021225370643092
catalog_sales: 217.0907397372648, 29.345523956423726, 50.53595586011438
customer: 0.6484093563631177, 0.09148786630787539, 39.209209759315264
customer_address: 0.18544994108378887, 0.03125011606091746, 32.37410009134536
customer_demographics: 0.012168197892606258, 0.007095365787310897, 22.50452545602643
date_dim: 0.0019952356815338135, 0.005567933398630406, 147.8729765603775
household_demographics: 3.512948751449585e-05, 0.004389720211912879, 16.408068995722445
inventory: 0.24701470416039228, 0.03765890800056788, 0.31878063084107705
item: 0.005464168265461922, 0.006178581633104173, 108.79203325933065
promotion: 2.6027671992778778e-05, 0.0048076753676227595, 5.8376055374586295
reason: 1.2423843145370483e-06, 0.004734816790358081, 6.7497465913602355
ship_mode: 1.5795230865478516e-06, 0.004709164140306081, 1.8752608055515265
store: 2.3781321942806244e-05, 0.005282363552226278, 57.705269759703505
store_sales: 288.85508783441037, 39.26633875357049, 116.53968275402053
time_dim: 0.0012104213237762451, 0.0019426709022608562, 8.70526121711269
warehouse: 2.3292377591133118e-06, 0.0004457581093482684, 1.9216551987899768
web_page: 1.0661780834197998e-05, 0.0015543742736723245, 0.30638815134837766
web_sales: 109.34904180746526, 14.635211932553753, 63.2570229780548
Function: 98.37224494439437, 9.606865934541625, 4.715108871459961, 74.55831603940999, 9.103916304287512, 0.3346011208615451, 0.05343667383373083
hiya: 0b10111101111110111111001, 98.37224494439437
-0.02365050514153247
call_center: 5.735084414482117e-06, 0.005376688747055255, 2.021225370643092
catalog_sales: 217.0907397372648, 29.345523956423726, 50.53595586011438
customer: 0.6484093563631177, 0.09148786630787539, 39.209209759315264
customer_address: 0.18544994108378887, 0.03125011606091746, 32.37410009134536
customer_demographics: 0.012168197892606258, 0.007095365787310897, 22.50452545602643
date_dim: 0.0019952356815338135, 0.005567933398630406, 147.8729765603775
household_demographics: 3.512948751449585e-05, 0.004389720211912879, 16.408068995722445
inventory: 0.24701470416039228, 0.03765890800056788, 0.31878063084107705
item: 0.005464168265461922, 0.006178581633104173, 108.79203325933065
promotion: 2.6027671992778778e-05, 0.0048076753676227595, 5.8376055374586295
reason: 1.2423843145370483e-06, 0.004734816790358081, 6.7497465913602355
ship_mode: 1.5795230865478516e-06, 0.004709164140306081, 1.8752608055515265
store: 2.3781321942806244e-05, 0.005282363552226278, 57.705269759703505
store_sales: 288.85508783441037, 39.26633875357049, 116.53968275402053
time_dim: 0.0012104213237762451, 0.0019426709022608562, 8.70526121711269
warehouse: 2.3292377591133118e-06, 0.0004457581093482684, 1.9216551987899768
web_page: 1.0661780834197998e-05, 0.0015543742736723245, 0.30638815134837766
web_sales: 109.34904180746526, 14.635211932553753, 63.2570229780548
-0.02365044718223913
call_center: 5.735084414482117e-06, 0.005376688745749038, 2.0212253706443986
catalog_sales: 217.0907397372648, 29.34547451205868, 50.536005304479424
customer: 0.6484093563631177, 0.09148771862682296, 39.209209906996314
customer_address: 0.18544994108378887, 0.03125007382302838, 32.37410013358325
customer_demographics: 0.012168197892606258, 0.0070953630158945786, 22.504525458797843
date_dim: 0.0019952356815338135, 0.005567932944197566, 147.87297656083194
household_demographics: 3.512948751449585e-05, 0.004389720203911823, 16.100126470108396
inventory: 0.24701470416039228, 0.037658851740751266, 0.31878068710089363
item: 0.005464168265461922, 0.006178580388590793, 108.79203326057517
promotion: 2.6027671992778778e-05, 0.004807675361694724, 5.837605537464557
reason: 1.2423843145370483e-06, 0.0047348167900751175, 6.749746591360519
ship_mode: 1.5795230865478516e-06, 0.004709164139946331, 1.8752608055518862
store: 2.3781321942806244e-05, 0.005282363546809868, 57.70526975970892
store_sales: 288.85508783441037, 39.26627296423084, 116.53974854336019
time_dim: 0.0012104213237762451, 0.0019426706265765323, 8.397318691766326
warehouse: 2.3292377591133118e-06, 0.00044575810881776354, 1.9216551987905073
web_sales: 109.34904180746526, 14.63518702732773, 62.949105357658766
Function: 98.67849269564788, 9.60055846779307, 5.029358863830566, 74.55831474977876, 9.102373216136296, 0.33446072519662895, 0.053426672912552965
hiya: 0b10011101111110111111001, 98.67849269564788
-0.02365044718223913
call_center: 5.735084414482117e-06, 0.005376688745749038, 2.0212253706443986
catalog_sales: 217.0907397372648, 29.34547451205868, 50.536005304479424
customer: 0.6484093563631177, 0.09148771862682296, 39.209209906996314
customer_address: 0.18544994108378887, 0.03125007382302838, 32.37410013358325
customer_demographics: 0.012168197892606258, 0.0070953630158945786, 22.504525458797843
date_dim: 0.0019952356815338135, 0.005567932944197566, 147.87297656083194
household_demographics: 3.512948751449585e-05, 0.004389720203911823, 16.100126470108396
inventory: 0.24701470416039228, 0.037658851740751266, 0.31878068710089363
item: 0.005464168265461922, 0.006178580388590793, 108.79203326057517
promotion: 2.6027671992778778e-05, 0.004807675361694724, 5.837605537464557
reason: 1.2423843145370483e-06, 0.0047348167900751175, 6.749746591360519
ship_mode: 1.5795230865478516e-06, 0.004709164139946331, 1.8752608055518862
store: 2.3781321942806244e-05, 0.005282363546809868, 57.70526975970892
store_sales: 288.85508783441037, 39.26627296423084, 116.53974854336019
time_dim: 0.0012104213237762451, 0.0019426706265765323, 8.397318691766326
warehouse: 2.3292377591133118e-06, 0.00044575810881776354, 1.9216551987905073
web_sales: 109.34904180746526, 14.63518702732773, 62.949105357658766
call_center: 5.735084414482117e-06, 0.005376688742886629, 2.0212253706472607
catalog_sales: 217.0907397372648, 29.345366161003604, 50.42990176200262
customer: 0.6484093563631177, 0.09148739500252666, 39.20921023062061
customer_address: 0.18544994108378887, 0.031249981264051405, 32.374100226142225
customer_demographics: 0.012168197892606258, 0.007095356942687211, 22.50452546487105
date_dim: 0.0019952356815338135, 0.0055679319483656325, 147.51653702298614
household_demographics: 3.512948751449585e-05, 0.0043897201863785235, 16.10012647012593
item: 0.005464168265461922, 0.0061785776613975585, 108.43559372446072
promotion: 2.6027671992778778e-05, 0.004807675348704184, 5.837605537477548
reason: 1.2423843145370483e-06, 0.004734816789455037, 6.749746591361139
ship_mode: 1.5795230865478516e-06, 0.004709164139157983, 1.8752608055526747
store: 2.3781321942806244e-05, 0.005282363534940493, 57.70526975972079
store_sales: 288.85508783441037, 39.26612879523695, 116.3317960542518
time_dim: 0.0012104213237762451, 0.001942670022449301, 8.397318692370453
warehouse: 2.3292377591133118e-06, 0.00044575810765522955, 1.8795242115841775
web_sales: 109.34904180746526, 14.635132450683576, 62.94915993430292
Function: 98.99672913699935, 9.591206685833933, 5.395150184631348, 74.52843626285468, 9.094521502701838, 0.33401917013543875, 0.0533953308421135
hiya: 0b10011101111100111111001, 98.99672913699935
call_center: 5.735084414482117e-06, 0.005376688742886629, 2.0212253706472607
catalog_sales: 217.0907397372648, 29.345366161003604, 50.42990176200262
customer: 0.6484093563631177, 0.09148739500252666, 39.20921023062061
customer_address: 0.18544994108378887, 0.031249981264051405, 32.374100226142225
customer_demographics: 0.012168197892606258, 0.007095356942687211, 22.50452546487105
date_dim: 0.0019952356815338135, 0.0055679319483656325, 147.51653702298614
household_demographics: 3.512948751449585e-05, 0.0043897201863785235, 16.10012647012593
item: 0.005464168265461922, 0.0061785776613975585, 108.43559372446072
promotion: 2.6027671992778778e-05, 0.004807675348704184, 5.837605537477548
reason: 1.2423843145370483e-06, 0.004734816789455037, 6.749746591361139
ship_mode: 1.5795230865478516e-06, 0.004709164139157983, 1.8752608055526747
store: 2.3781321942806244e-05, 0.005282363534940493, 57.70526975972079
store_sales: 288.85508783441037, 39.26612879523695, 116.3317960542518
time_dim: 0.0012104213237762451, 0.001942670022449301, 8.397318692370453
warehouse: 2.3292377591133118e-06, 0.00044575810765522955, 1.8795242115841775
web_sales: 109.34904180746526, 14.635132450683576, 62.94915993430292
call_center: 5.735084414482117e-06, 0.005376688733626876, 1.516543130638471
catalog_sales: 217.0907397372648, 29.34501565064208, 48.5502823026723
customer: 0.6484093563631177, 0.09148634809376312, 39.20921127752938
customer_address: 0.18544994108378887, 0.031249681840289836, 32.37410052556599
customer_demographics: 0.012168197892606258, 0.007095337296158541, 22.504525484517583
date_dim: 0.0019952356815338135, 0.005567928726898052, 145.63656705651582
household_demographics: 3.512948751449585e-05, 0.004389720129659156, 16.100126470182648
item: 0.005464168265461922, 0.0061785688390608865, 108.43559373328306
promotion: 2.6027671992778778e-05, 0.004807675306680427, 5.837605537519572
reason: 1.2423843145370483e-06, 0.004734816787449108, 6.749746591363144
store: 2.3781321942806244e-05, 0.005282363496543647, 57.70526975975919
store_sales: 288.85508783441037, 39.26566241559594, 116.33226243389281
time_dim: 0.0012104213237762451, 0.0019426680681272682, 7.022030964650992
warehouse: 2.3292377591133118e-06, 0.0004457581038944889, -0.0004457581038944889
warehouse had no query dependencies
web_sales: 109.34904180746526, 14.634955897910194, 61.574048757402515
call_center: 5.735084414482117e-06, 0.00537668873355442, 1.5165431306385433
catalog_sales: 217.0907397372648, 29.345012907919976, 48.5502850453944
customer: 0.6484093563631177, 0.09148633990176618, 39.20921128572137
customer_address: 0.18544994108378887, 0.03124967949731725, 32.374100527908965
customer_demographics: 0.012168197892606258, 0.007095337142425657, 22.504525484671312
date_dim: 0.0019952356815338135, 0.0055679287016902656, 145.63656705654103
household_demographics: 3.512948751449585e-05, 0.004389720129215331, 16.100126470183092
item: 0.005464168265461922, 0.006178568770026643, 108.43559373335209
promotion: 2.6027671992778778e-05, 0.004807675306351593, 5.8376055375199005
reason: 1.2423843145370483e-06, 0.004734816787433412, 6.74974659136316
store: 2.3781321942806244e-05, 0.005282363496243194, 57.70526975975949
store_sales: 288.85508783441037, 39.26565876620383, 116.33226608328492
time_dim: 0.0012104213237762451, 0.001942668052834818, 7.022030964666285
web_sales: 109.34904180746526, 14.63495451639556, 61.57405013891715
Function: 100.87054157336871, 9.540253193611703, 7.32607364654541, 74.52843579005747, 9.08938705196301, 0.3330165606867178, 0.05337533050439657
hiya: 0b10001101011100111111001, 100.87054157336871
call_center: 5.735084414482117e-06, 0.00537668873355442, 1.5165431306385433
catalog_sales: 217.0907397372648, 29.345012907919976, 48.5502850453944
customer: 0.6484093563631177, 0.09148633990176618, 39.20921128572137
customer_address: 0.18544994108378887, 0.03124967949731725, 32.374100527908965
customer_demographics: 0.012168197892606258, 0.007095337142425657, 22.504525484671312
date_dim: 0.0019952356815338135, 0.0055679287016902656, 145.63656705654103
household_demographics: 3.512948751449585e-05, 0.004389720129215331, 16.100126470183092
item: 0.005464168265461922, 0.006178568770026643, 108.43559373335209
promotion: 2.6027671992778778e-05, 0.004807675306351593, 5.8376055375199005
reason: 1.2423843145370483e-06, 0.004734816787433412, 6.74974659136316
store: 2.3781321942806244e-05, 0.005282363496243194, 57.70526975975949
store_sales: 288.85508783441037, 39.26565876620383, 116.33226608328492
time_dim: 0.0012104213237762451, 0.001942668052834818, 7.022030964666285
web_sales: 109.34904180746526, 14.63495451639556, 61.57405013891715
catalog_sales: 217.0907397372648, 29.344705270151383, 47.0286728637909
customer: 0.6484093563631177, 0.09148542104540332, 39.20921220457773
customer_address: 0.18544994108378887, 0.031249416697503078, 32.37410079070877
customer_demographics: 0.012168197892606258, 0.007095319898957547, 22.50452550191478
date_dim: 0.0019952356815338135, 0.005567925874255739, 144.11464723999634
household_demographics: 3.512948751449585e-05, 0.004389720079433579, 16.100126470232873
item: 0.005464168265461922, 0.006178561026792019, 106.91367392172323
promotion: 2.6027671992778778e-05, 0.004807675269467961, 5.837605537556784
reason: 1.2423843145370483e-06, 0.004734816785672838, 6.749746591364921
store: 2.3781321942806244e-05, 0.0052823634625428495, 57.70526975979319
store_sales: 288.85508783441037, 39.265249431679585, 116.33267541780916
time_dim: 0.0012104213237762451, 0.0019426663375552277, 7.022030966381564
web_sales: 109.34904180746526, 14.63479955863338, 61.57420509667933
Function: 102.3862115571484, 9.496773843061925, 8.891472816467285, 74.52843509635123, 9.084021055034796, 0.3321434162242856, 0.05336533000888528
hiya: 0b10001101011100111111000, 102.3862115571484
catalog_sales: 217.0907397372648, 29.344705270151383, 47.0286728637909
customer: 0.6484093563631177, 0.09148542104540332, 39.20921220457773
customer_address: 0.18544994108378887, 0.031249416697503078, 32.37410079070877
customer_demographics: 0.012168197892606258, 0.007095319898957547, 22.50452550191478
date_dim: 0.0019952356815338135, 0.005567925874255739, 144.11464723999634
household_demographics: 3.512948751449585e-05, 0.004389720079433579, 16.100126470232873
item: 0.005464168265461922, 0.006178561026792019, 106.91367392172323
promotion: 2.6027671992778778e-05, 0.004807675269467961, 5.837605537556784
reason: 1.2423843145370483e-06, 0.004734816785672838, 6.749746591364921
store: 2.3781321942806244e-05, 0.0052823634625428495, 57.70526975979319
store_sales: 288.85508783441037, 39.265249431679585, 116.33267541780916
time_dim: 0.0012104213237762451, 0.0019426663375552277, 7.022030966381564
web_sales: 109.34904180746526, 14.63479955863338, 61.57420509667933
catalog_sales: 217.0907397372648, 29.343801133066414, 45.92059383756837
customer: 0.6484093563631177, 0.09148272055736759, 36.58791932011493
customer_address: 0.18544994108378887, 0.03124864433766248, 29.75280597811777
customer_demographics: 0.012168197892606258, 0.007095269220983051, 19.28340792471735
date_dim: 0.0019952356815338135, 0.005567917564520487, 138.27223403547984
household_demographics: 3.512948751449585e-05, 0.004389719933126683, 16.10012647037918
item: 0.005464168265461922, 0.006178538269685137, 101.07126073165409
reason: 1.2423843145370483e-06, 0.00473481678049857, 6.749746591370095
store: 2.3781321942806244e-05, 0.005282363363498665, 55.08397417494139
store_sales: 288.85508783441037, 39.26404641124025, 111.60044838872975
time_dim: 0.0012104213237762451, 0.0019426612964060356, 7.022030971422714
web_sales: 109.34904180746526, 14.634344142966993, 61.574660512345716
Function: 108.22125093668694, 9.358013540568354, 14.87264633178711, 74.52843194808742, 9.07922651936531, 0.32957726911867674, 0.05335532776009441
hiya: 0b10001101010100111111000, 108.22125093668694
catalog_sales: 217.0907397372648, 29.343801133066414, 45.92059383756837
customer: 0.6484093563631177, 0.09148272055736759, 36.58791932011493
customer_address: 0.18544994108378887, 0.03124864433766248, 29.75280597811777
customer_demographics: 0.012168197892606258, 0.007095269220983051, 19.28340792471735
date_dim: 0.0019952356815338135, 0.005567917564520487, 138.27223403547984
household_demographics: 3.512948751449585e-05, 0.004389719933126683, 16.10012647037918
item: 0.005464168265461922, 0.006178538269685137, 101.07126073165409
reason: 1.2423843145370483e-06, 0.00473481678049857, 6.749746591370095
store: 2.3781321942806244e-05, 0.005282363363498665, 55.08397417494139
store_sales: 288.85508783441037, 39.26404641124025, 111.60044838872975
time_dim: 0.0012104213237762451, 0.0019426612964060356, 7.022030971422714
web_sales: 109.34904180746526, 14.634344142966993, 61.574660512345716
catalog_sales: 217.0907397372648, 29.34219947558259, 45.92219549505219
customer: 0.6484093563631177, 0.09147793670661718, 36.587924103965676
customer_address: 0.18544994108378887, 0.031247276120453533, 29.75280734633498
customer_demographics: 0.012168197892606258, 0.007095179446148606, 19.28340801449218
date_dim: 0.0019952356815338135, 0.005567902844020823, 138.27223405020035
household_demographics: 3.512948751449585e-05, 0.004389719673947472, 16.100126470638358
item: 0.005464168265461922, 0.006178497956007982, 101.07126077196776
store: 2.3781321942806244e-05, 0.005282363188044235, 55.08397417511684
store_sales: 288.85508783441037, 39.26191528895595, 104.84809810286347
time_dim: 0.0012104213237762451, 0.0019426523661293497, 7.02203098035299
web_sales: 109.34904180746526, 14.63353738487417, 61.57546727043854
Function: 114.96645168276359, 9.108434203479689, 21.876707077026367, 74.52843179781067, 9.07450185244282, 0.32503142435129595, 0.053345327652752406
hiya: 0b10001101000100111111000, 114.96645168276359
catalog_sales: 217.0907397372648, 29.34219947558259, 45.92219549505219
customer: 0.6484093563631177, 0.09147793670661718, 36.587924103965676
customer_address: 0.18544994108378887, 0.031247276120453533, 29.75280734633498
customer_demographics: 0.012168197892606258, 0.007095179446148606, 19.28340801449218
date_dim: 0.0019952356815338135, 0.005567902844020823, 138.27223405020035
household_demographics: 3.512948751449585e-05, 0.004389719673947472, 16.100126470638358
item: 0.005464168265461922, 0.006178497956007982, 101.07126077196776
store: 2.3781321942806244e-05, 0.005282363188044235, 55.08397417511684
store_sales: 288.85508783441037, 39.26191528895595, 104.84809810286347
time_dim: 0.0012104213237762451, 0.0019426523661293497, 7.02203098035299
web_sales: 109.34904180746526, 14.63353738487417, 61.57546727043854
catalog_sales: 217.0907397372648, 29.34109865721278, 44.182129699890496
customer: 0.6484093563631177, 0.09147464876844208, 36.587927391903854
customer_address: 0.18544994108378887, 0.031246335745465304, 29.752808286709968
customer_demographics: 0.012168197892606258, 0.007095117743950789, 19.28340807619438
date_dim: 0.0019952356815338135, 0.005567892726628929, 136.5310674467862
household_demographics: 3.512948751449585e-05, 0.004389719495813733, 10.817319451628881
item: 0.005464168265461922, 0.006178470248438282, 99.33009418614382
store: 2.3781321942806244e-05, 0.005282363067454493, 49.80116715604983
store_sales: 288.85508783441037, 39.26045056969945, 97.82558918940086
web_sales: 109.34904180746526, 14.632982900449417, 59.83485514133177
Function: 121.98535715293939, 8.935437850236895, 29.07367706298828, 74.52828538726472, 9.072715193737745, 0.32190643563938864, 0.05333522307235003
hiya: 0b10000101000100111111000, 121.98535715293939
catalog_sales: 217.0907397372648, 29.34109865721278, 44.182129699890496
customer: 0.6484093563631177, 0.09147464876844208, 36.587927391903854
customer_address: 0.18544994108378887, 0.031246335745465304, 29.752808286709968
customer_demographics: 0.012168197892606258, 0.007095117743950789, 19.28340807619438
date_dim: 0.0019952356815338135, 0.005567892726628929, 136.5310674467862
household_demographics: 3.512948751449585e-05, 0.004389719495813733, 10.817319451628881
item: 0.005464168265461922, 0.006178470248438282, 99.33009418614382
store: 2.3781321942806244e-05, 0.005282363067454493, 49.80116715604983
store_sales: 288.85508783441037, 39.26045056969945, 97.82558918940086
web_sales: 109.34904180746526, 14.632982900449417, 59.83485514133177
catalog_sales: 217.0907397372648, 29.338296815980062, 44.18493154112322
customer: 0.6484093563631177, 0.09146628019375053, 28.407972108502364
customer_address: 0.18544994108378887, 0.031243942270312186, 22.849200211834077
customer_demographics: 0.012168197892606258, 0.00709496069736914, 16.641662714092455
date_dim: 0.0019952356815338135, 0.0055678669754909114, 125.70935830141262
item: 0.005464168265461922, 0.006178399726167423, 99.3300942566661
store: 2.3781321942806244e-05, 0.005282362760525287, 38.97945798523206
store_sales: 288.85508783441037, 39.25672251526307, 87.00760807271254
web_sales: 109.34904180746526, 14.63157160739074, 59.83626643439045
Function: 132.79472436649795, 8.494949526854755, 40.33587455749512, 74.52828113806045, 9.068339711169005, 0.31395421288146863, 0.05332522003716231
hiya: 0b10000101000100011111000, 132.79472436649795
catalog_sales: 217.0907397372648, 29.338296815980062, 44.18493154112322
customer: 0.6484093563631177, 0.09146628019375053, 28.407972108502364
customer_address: 0.18544994108378887, 0.031243942270312186, 22.849200211834077
customer_demographics: 0.012168197892606258, 0.00709496069736914, 16.641662714092455
date_dim: 0.0019952356815338135, 0.0055678669754909114, 125.70935830141262
item: 0.005464168265461922, 0.006178399726167423, 99.3300942566661
store: 2.3781321942806244e-05, 0.005282362760525287, 38.97945798523206
store_sales: 288.85508783441037, 39.25672251526307, 87.00760807271254
web_sales: 109.34904180746526, 14.63157160739074, 59.83626643439045
catalog_sales: 217.0907397372648, 29.333675541537126, 35.59463296394913
customer: 0.6484093563631177, 0.0914524773130254, 19.81306605976607
customer_address: 0.18544994108378887, 0.031239994542858623, 12.579427699713845
date_dim: 0.0019952356815338135, 0.005567824502321978, 109.06060066909596
item: 0.005464168265461922, 0.006178283408810047, 86.36395104904578
store: 2.3781321942806244e-05, 0.005282362254285291, 30.925620162565487
store_sales: 288.85508783441037, 39.25057357202976, 76.95216145015152
web_sales: 109.34904180746526, 14.629243862168277, 57.830836436991405
Function: 149.4232595465971, 7.766821787521046, 57.71275997161865, 74.52680929312369, 9.06272218577345, 0.3008321398554059, 0.05331416870486439
hiya: 0b10000101000100010111000, 149.4232595465971
catalog_sales: 217.0907397372648, 29.333675541537126, 35.59463296394913
customer: 0.6484093563631177, 0.0914524773130254, 19.81306605976607
customer_address: 0.18544994108378887, 0.031239994542858623, 12.579427699713845
date_dim: 0.0019952356815338135, 0.005567824502321978, 109.06060066909596
item: 0.005464168265461922, 0.006178283408810047, 86.36395104904578
store: 2.3781321942806244e-05, 0.005282362254285291, 30.925620162565487
store_sales: 288.85508783441037, 39.25057357202976, 76.95216145015152
web_sales: 109.34904180746526, 14.629243862168277, 57.830836436991405
catalog_sales: 217.0907397372648, 29.331199619645005, 28.580252910361565
customer: 0.6484093563631177, 0.09144508219832627, 15.42242538924461
date_dim: 0.0019952356815338135, 0.005567801746640599, 96.44993299759497
item: 0.005464168265461922, 0.006178221089920504, 77.75309315299542
store: 2.3781321942806244e-05, 0.005282361983059094, 27.772316936762333
store_sales: 288.85508783441037, 39.24727917708466, 64.98947046814297
web_sales: 109.34904180746526, 14.62799673533633, 48.122089233135036
Function: 161.9954845993211, 7.382575426907142, 70.70767402648926, 74.50437757733343, 9.053852754063207, 0.2937166686980866, 0.053288145829954746
hiya: 0b10000101000100010011000, 161.9954845993211
catalog_sales: 217.0907397372648, 29.331199619645005, 28.580252910361565
customer: 0.6484093563631177, 0.09144508219832627, 15.42242538924461
date_dim: 0.0019952356815338135, 0.005567801746640599, 96.44993299759497
item: 0.005464168265461922, 0.006178221089920504, 77.75309315299542
store: 2.3781321942806244e-05, 0.005282361983059094, 27.772316936762333
store_sales: 288.85508783441037, 39.24727917708466, 64.98947046814297
web_sales: 109.34904180746526, 14.62799673533633, 48.122089233135036
catalog_sales: 217.0907397372648, 29.309009983383497, 17.79181165913335
date_dim: 0.0019952356815338135, 0.005567597806324753, 80.93606273009235
item: 0.005464168265461922, 0.006177662577353689, 74.47167173223244
store: 2.3781321942806244e-05, 0.005282359552283446, 27.77231693919311
store_sales: 288.85508783441037, 39.217754245071944, 49.5051249287127
web_sales: 109.34904180746526, 14.61681977096563, 32.619395726062805
Function: 177.3543962987373, 3.872665075596174, 89.73145484924316, 74.42594706227001, 9.040592011775175, 0.2305151765911834, 0.05322212326156498
hiya: 0b10000101000100010001000, 177.3543962987373
catalog_sales: 217.0907397372648, 29.309009983383497, 17.79181165913335
date_dim: 0.0019952356815338135, 0.005567597806324753, 80.93606273009235
item: 0.005464168265461922, 0.006177662577353689, 74.47167173223244
store: 2.3781321942806244e-05, 0.005282359552283446, 27.77231693919311
store_sales: 288.85508783441037, 39.217754245071944, 49.5051249287127
web_sales: 109.34904180746526, 14.61681977096563, 32.619395726062805
date_dim: 0.0019952356815338135, 0.005567387737018095, 33.8352412976448
item: 0.005464168265461922, 0.006177087279884016, 29.059161331051662
store: 2.3781321942806244e-05, 0.0052823570484560245, 27.772316941696936
store_sales: 288.85508783441037, 39.187342004258696, 4.570019232204295
web_sales: 109.34904180746526, 14.605306906791837, -12.440419168430477
date_dim: 0.0019952356815338135, 0.0055672976586725416, 31.67035364936178
item: 0.005464168265461922, 0.0061768405906123015, 27.85977176223638
store: 2.3781321942806244e-05, 0.0052823559748073545, 27.772316942770587
store_sales: 288.85508783441037, 39.174301144646215, 3.617562168959971
Function: 182.3379835751484, 3.289999136039813, 139.57983016967773, 34.940335152922046, 4.438056939478318, 0.06476445089437632, 0.024997726136100296
hiya: 0b101000100010000000, 182.3379835751484
date_dim: 0.0019952356815338135, 0.0055672976586725416, 31.67035364936178
item: 0.005464168265461922, 0.0061768405906123015, 27.85977176223638
store: 2.3781321942806244e-05, 0.0052823559748073545, 27.772316942770587
store_sales: 288.85508783441037, 39.174301144646215, 3.617562168959971
date_dim: 0.0019952356815338135, 0.0055668512484660735, -0.0055668512484660735
date_dim had no query dependencies
item: 0.005464168265461922, 0.0061756180480795385, -0.0061756180480795385
item had no query dependencies
store: 2.3781321942806244e-05, 0.005282350654019972, -0.005282350654019972
store had no query dependencies
Function: 185.66169261932373, 0, 185.66169261932373, 0.0, 0, 0.0, 0
hiya: 0b0, 185.66169261932373
{98.12192842380239: [0, 3, 4, 5, 6, 7, 8, 10, 11, 12, 13, 14, 15, 17, 18, 19, 20, 22, 23], 98.37224494439437: [0, 3, 4, 5, 6, 7, 8, 10, 11, 12, 13, 14, 15, 17, 18, 19, 20, 22], 98.67849269564788: [0, 3, 4, 5, 6, 7, 8, 10, 11, 12, 13, 14, 15, 17, 18, 19, 22], 98.99672913699935: [0, 3, 4, 5, 6, 7, 8, 11, 12, 13, 14, 15, 17, 18, 19, 22], 100.87054157336871: [0, 3, 4, 5, 6, 7, 8, 11, 12, 13, 15, 17, 18, 22], 102.3862115571484: [3, 4, 5, 6, 7, 8, 11, 12, 13, 15, 17, 18, 22], 108.22125093668694: [3, 4, 5, 6, 7, 8, 11, 13, 15, 17, 18, 22], 114.96645168276359: [3, 4, 5, 6, 7, 8, 11, 15, 17, 18, 22], 121.98535715293939: [3, 4, 5, 6, 7, 8, 11, 15, 17, 22], 132.79472436649795: [3, 4, 5, 6, 7, 11, 15, 17, 22], 149.4232595465971: [3, 4, 5, 7, 11, 15, 17, 22], 161.9954845993211: [3, 4, 7, 11, 15, 17, 22], 177.3543962987373: [3, 7, 11, 15, 17, 22], 182.3379835751484: [7, 11, 15, 17], 185.66169261932373: []}
[0, 3, 4, 5, 6, 7, 8, 10, 11, 12, 13, 14, 15, 17, 18, 19, 20, 22, 23]
{'63': 166016, '62': 13123712, '82': 134272, '36': 166016, '39': 527488, '52': 133248, '04': 4325528, '51': 4325504, '99': 540809, '13': 164320, '32': 2184, '71': 4589704, '12': 4196480, '73': 164240, '31': 4325536, '14': 4327560, '42': 133248, '96': 426240, '53': 166016, '55': 133248, '06': 133296, '87': 4325528, '09': 139264, '79': 164240, '22': 527488, '97': 131208, '11': 4325520, '34': 164240, '60': 4327592, '38': 4325528, '65': 166016, '92': 4196480, '59': 163968, '19': 166064, '56': 4327592, '23': 4327576, '27': 166080, '08': 164016, '28': 131072, '86': 4196480, '76': 4327560, '07': 137408, '89': 166016, '54': 4360376, '10': 4325624, '37': 3208, '26': 6344, '57': 2185, '68': 164272, '03': 133248, '15': 184, '44': 133120, '43': 163968, '45': 4196528, '20': 2184, '90': 5505280, '35': 4325624, '02': 4194440, '70': 163968, '61': 170160, '46': 164272, '18': 2296, '33': 4327592, '98': 133248, '69': 4325624, '21': 527488, '47': 166016, '74': 4325520, '88': 426240, '67': 166016, '58': 4327560, '48': 164064, '66': 4997256}
Best Cost: $98.12192842380239;
[0, 3, 4, 5, 6, 7, 8, 10, 11, 12, 13, 14, 15, 17, 18, 19, 20, 22, 23]
{}
{'63': 166016, '62': 13123712, '82': 134272, '36': 166016, '39': 527488, '52': 133248, '04': 4325528, '51': 4325504, '99': 540809, '13': 164320, '32': 2184, '71': 4589704, '12': 4196480, '73': 164240, '31': 4325536, '14': 4327560, '42': 133248, '96': 426240, '53': 166016, '55': 133248, '06': 133296, '87': 4325528, '09': 139264, '79': 164240, '22': 527488, '97': 131208, '11': 4325520, '34': 164240, '60': 4327592, '38': 4325528, '65': 166016, '92': 4196480, '59': 163968, '19': 166064, '56': 4327592, '23': 4327576, '27': 166080, '08': 164016, '28': 131072, '86': 4196480, '76': 4327560, '07': 137408, '89': 166016, '54': 4360376, '10': 4325624, '37': 3208, '26': 6344, '57': 2185, '68': 164272, '03': 133248, '15': 184, '44': 133120, '43': 163968, '45': 4196528, '20': 2184, '90': 5505280, '35': 4325624, '02': 4194440, '70': 163968, '61': 170160, '46': 164272, '18': 2296, '33': 4327592, '98': 133248, '69': 4325624, '21': 527488, '47': 166016, '74': 4325520, '88': 426240, '67': 166016, '58': 4327560, '48': 164064, '66': 4997256}
{'63': 166016, '62': 13123712, '82': 134272, '36': 166016, '39': 527488, '52': 133248, '04': 4325528, '51': 4325504, '99': 540809, '13': 164320, '32': 2184, '71': 4589704, '12': 4196480, '73': 164240, '31': 4325536, '14': 4327560, '42': 133248, '96': 426240, '53': 166016, '55': 133248, '06': 133296, '87': 4325528, '09': 139264, '79': 164240, '22': 527488, '97': 131208, '11': 4325520, '34': 164240, '60': 4327592, '38': 4325528, '65': 166016, '92': 4196480, '59': 163968, '19': 166064, '56': 4327592, '23': 4327576, '27': 166080, '08': 164016, '28': 131072, '86': 4196480, '76': 4327560, '07': 137408, '89': 166016, '54': 4360376, '10': 4325624, '37': 3208, '26': 6344, '57': 2185, '68': 164272, '03': 133248, '15': 184, '44': 133120, '43': 163968, '45': 4196528, '20': 2184, '90': 5505280, '35': 4325624, '02': 4194440, '70': 163968, '61': 170160, '46': 164272, '18': 2296, '33': 4327592, '98': 133248, '69': 4325624, '21': 527488, '47': 166016, '74': 4325520, '88': 426240, '67': 166016, '58': 4327560, '48': 164064, '66': 4997256}
[0, 3, 4, 5, 6, 7, 8, 10, 11, 12, 13, 14, 15, 17, 18, 19, 20, 22, 23]
19
Optimal Subset: 0b110111101111110111111001
Function: 98.12192842380239, 9.6175998766466, 4.453239440917969, 74.55831711151171, 9.104521420374711, 0.3348038997518628, 0.05344667459952833
98.12192842380239
Real: 98.12192842380239, 9.6175998766466, 4.453239440917969, 74.55831711151171, 9.104521420374711, 0.3348038997518628, 0.05344667459952833
Num Redshift Qs: 73; Num GCP Qs: 10
Redshift Qs: $9.6175998766466; GCP Qs: $4.453239440917969; Movement Cost: $74.55831711151171
Load Cost: $9.104521420374711, Storage Cost: $0.3348038997518628, API Cost: $0.05344667459952833
Final cost: $98.12192842380239, BQ Baseline: $185.66169261932373, Diff: $87.53976419552134, %: 47.150148725085025%
